2025-04-26 19:19:18,101 - INFO - Namespace(log_file='outputs/dnn1/img[3]/max/DNN1img3_label3.log', image_path='img[3].png', model_path='network/SimpleNN14.pth', label=3, init_epsilon=0.05, epsilon=0.01, ep=1, min=0)
2025-04-26 19:19:18,110 - INFO - Model output max(1): torch.return_types.max(
values=tensor([3.4357], grad_fn=<MaxBackward0>),
indices=tensor([3]))
2025-04-26 19:19:21,594 - INFO - cur_node_number 1,f_best -8.271723747253418,f_min -12.619552553151152,k 498.4519461083432
2025-04-26 19:19:21,595 - INFO - f_best_current -8.271723747253418,f_min -12.619552553151152
2025-04-26 19:19:26,762 - INFO - tree_node.f_best*ep:-8.271723747253418,left_f_best-7.435873031616211,right_f_best-8.290812492370605,i:1
2025-04-26 19:19:41,860 - INFO - 添加左子节点，右子节点，len(queue):2
2025-04-26 19:19:41,861 - INFO - Node 1: k=498.4519461083432, f_best=-8.271723747253418, f_min=-12.619552553151152
2025-04-26 19:19:41,861 - INFO - Node 2: k=140.3560843453305, f_best=-7.435873031616211, f_min=-8.664419491987701
2025-04-26 19:19:41,861 - INFO - Node 3: k=84.49697877552256, f_best=-8.290812492370605, f_min=-8.525203258997635
2025-04-26 19:19:41,861 - INFO - cur_node_number 2,f_best -8.290812492370605,f_min -8.525203258997635,k 84.49697877552256
2025-04-26 19:19:41,861 - INFO - f_best_current -8.290812492370605,f_min -8.525203258997635
2025-04-26 19:19:47,188 - INFO - tree_node.f_best*ep:-8.290812492370605,left_f_best-7.428304195404053,right_f_best-8.305059432983398,i:1
2025-04-26 19:20:04,018 - INFO - 添加左子节点，右子节点，len(queue):3
2025-04-26 19:20:04,019 - INFO - Node 1: k=498.4519461083432, f_best=-8.271723747253418, f_min=-12.619552553151152
2025-04-26 19:20:04,019 - INFO - Node 2: k=140.3560843453305, f_best=-7.435873031616211, f_min=-8.664419491987701
2025-04-26 19:20:04,019 - INFO - Node 3: k=84.49697877552256, f_best=-8.290812492370605, f_min=-8.525203258997635
2025-04-26 19:20:04,019 - INFO - Node 4: k=125.2780773106453, f_best=-7.428304195404053, f_min=-8.609839626237317
2025-04-26 19:20:04,019 - INFO - Node 5: k=185.45122639469423, f_best=-8.305059432983398, f_min=-8.435271635961271
2025-04-26 19:20:04,019 - INFO - cur_node_number 3,f_best -8.305059432983398,f_min -8.435271635961271,k 185.45122639469423
2025-04-26 19:20:04,019 - INFO - f_best_current -8.305059432983398,f_min -8.435271635961271
2025-04-26 19:20:04,019 - INFO - 回退,len(queue)=1
2025-04-26 19:20:09,504 - INFO - tree_node.f_best*ep:-8.290812492370605,left_f_best-7.43184232711792,right_f_best-8.28820514678955,i:1
2025-04-26 19:20:15,214 - INFO - tree_node.f_best*ep:-8.290812492370605,left_f_best-7.4482598304748535,right_f_best-8.299006462097168,i:2
2025-04-26 19:20:32,552 - INFO - 添加左子节点，右子节点，len(queue):3
2025-04-26 19:20:32,552 - INFO - Node 1: k=498.4519461083432, f_best=-8.271723747253418, f_min=-12.619552553151152
2025-04-26 19:20:32,552 - INFO - Node 2: k=140.3560843453305, f_best=-7.435873031616211, f_min=-8.664419491987701
2025-04-26 19:20:32,553 - INFO - Node 3: k=185.45122639469423, f_best=-8.290812492370605, f_min=-8.525203258997635
2025-04-26 19:20:32,553 - INFO - Node 4: k=167.1840798199457, f_best=-7.4482598304748535, f_min=-13.06039464962123
2025-04-26 19:20:32,553 - INFO - Node 5: k=146.05510419764914, f_best=-8.299006462097168, f_min=-8.553176596997673
2025-04-26 19:20:32,553 - INFO - cur_node_number 4,f_best -8.299006462097168,f_min -8.553176596997673,k 146.05510419764914
2025-04-26 19:20:32,553 - INFO - f_best_current -8.299006462097168,f_min -8.553176596997673
2025-04-26 19:20:38,136 - INFO - tree_node.f_best*ep:-8.299006462097168,left_f_best-7.433847427368164,right_f_best-8.286850929260254,i:1
2025-04-26 19:20:43,906 - INFO - tree_node.f_best*ep:-8.299006462097168,left_f_best-7.447383403778076,right_f_best-8.298619270324707,i:2
2025-04-26 19:20:49,691 - INFO - tree_node.f_best*ep:-8.299006462097168,left_f_best-7.466609954833984,right_f_best-8.304454803466797,i:3
2025-04-26 19:21:05,536 - INFO - 添加左子节点，右子节点，len(queue):4
2025-04-26 19:21:05,537 - INFO - Node 1: k=498.4519461083432, f_best=-8.271723747253418, f_min=-12.619552553151152
2025-04-26 19:21:05,537 - INFO - Node 2: k=140.3560843453305, f_best=-7.435873031616211, f_min=-8.664419491987701
2025-04-26 19:21:05,537 - INFO - Node 3: k=185.45122639469423, f_best=-8.290812492370605, f_min=-8.525203258997635
2025-04-26 19:21:05,537 - INFO - Node 4: k=167.1840798199457, f_best=-7.4482598304748535, f_min=-13.06039464962123
2025-04-26 19:21:05,537 - INFO - Node 5: k=146.05510419764914, f_best=-8.299006462097168, f_min=-8.553176596997673
2025-04-26 19:21:05,537 - INFO - Node 6: k=154.39169277986358, f_best=-7.466609954833984, f_min=-8.759685178208656
2025-04-26 19:21:05,538 - INFO - Node 7: k=112.76154573415418, f_best=-8.304454803466797, f_min=-8.581178709109281
2025-04-26 19:21:05,538 - INFO - cur_node_number 5,f_best -8.304454803466797,f_min -8.581178709109281,k 112.76154573415418
2025-04-26 19:21:05,538 - INFO - f_best_current -8.304454803466797,f_min -8.581178709109281
2025-04-26 19:21:10,989 - INFO - tree_node.f_best*ep:-8.304454803466797,left_f_best-7.416327476501465,right_f_best-8.284947395324707,i:1
2025-04-26 19:21:16,620 - INFO - tree_node.f_best*ep:-8.304454803466797,left_f_best-7.434585094451904,right_f_best-8.301315307617188,i:2
2025-04-26 19:21:22,473 - INFO - tree_node.f_best*ep:-8.304454803466797,left_f_best-7.465061187744141,right_f_best-8.314590454101562,i:3
2025-04-26 19:21:39,589 - INFO - 添加左子节点，右子节点，len(queue):5
2025-04-26 19:21:39,589 - INFO - Node 1: k=498.4519461083432, f_best=-8.271723747253418, f_min=-12.619552553151152
2025-04-26 19:21:39,589 - INFO - Node 2: k=140.3560843453305, f_best=-7.435873031616211, f_min=-8.664419491987701
2025-04-26 19:21:39,589 - INFO - Node 3: k=185.45122639469423, f_best=-8.290812492370605, f_min=-8.525203258997635
2025-04-26 19:21:39,589 - INFO - Node 4: k=167.1840798199457, f_best=-7.4482598304748535, f_min=-13.06039464962123
2025-04-26 19:21:39,589 - INFO - Node 5: k=146.05510419764914, f_best=-8.299006462097168, f_min=-8.553176596997673
2025-04-26 19:21:39,589 - INFO - Node 6: k=154.39169277986358, f_best=-7.466609954833984, f_min=-8.759685178208656
2025-04-26 19:21:39,589 - INFO - Node 7: k=112.76154573415418, f_best=-8.304454803466797, f_min=-8.581178709109281
2025-04-26 19:21:39,589 - INFO - Node 8: k=144.00391935257602, f_best=-7.465061187744141, f_min=-7.5867845215370835
2025-04-26 19:21:39,589 - INFO - Node 9: k=148.9908117920219, f_best=-8.314590454101562, f_min=-8.778872799523015
2025-04-26 19:21:39,590 - INFO - cur_node_number 6,f_best -8.314590454101562,f_min -8.778872799523015,k 148.9908117920219
2025-04-26 19:21:39,590 - INFO - f_best_current -8.314590454101562,f_min -8.778872799523015
2025-04-26 19:21:39,590 - INFO - 回退,len(queue)=3
2025-04-26 19:21:39,590 - INFO - 回退,len(queue)=2
2025-04-26 19:21:44,824 - INFO - tree_node.f_best*ep:-8.299006462097168,left_f_best-7.4294843673706055,right_f_best-8.294543266296387,i:1
2025-04-26 19:21:50,480 - INFO - tree_node.f_best*ep:-8.299006462097168,left_f_best-7.444343566894531,right_f_best-8.295442581176758,i:2
2025-04-26 19:21:56,698 - INFO - tree_node.f_best*ep:-8.299006462097168,left_f_best-7.452894687652588,right_f_best-8.321414947509766,i:3
2025-04-26 19:22:17,352 - INFO - 添加左子节点，右子节点，len(queue):4
2025-04-26 19:22:17,352 - INFO - Node 1: k=498.4519461083432, f_best=-8.271723747253418, f_min=-12.619552553151152
2025-04-26 19:22:17,352 - INFO - Node 2: k=140.3560843453305, f_best=-7.435873031616211, f_min=-8.664419491987701
2025-04-26 19:22:17,352 - INFO - Node 3: k=185.45122639469423, f_best=-8.290812492370605, f_min=-8.525203258997635
2025-04-26 19:22:17,352 - INFO - Node 4: k=167.1840798199457, f_best=-7.4482598304748535, f_min=-13.06039464962123
2025-04-26 19:22:17,352 - INFO - Node 5: k=148.9908117920219, f_best=-8.299006462097168, f_min=-8.553176596997673
2025-04-26 19:22:17,352 - INFO - Node 6: k=215.3031165795333, f_best=-7.452894687652588, f_min=-8.346470556574786
2025-04-26 19:22:17,353 - INFO - Node 7: k=151.98552710904153, f_best=-8.321414947509766, f_min=-8.772367130227849
2025-04-26 19:22:17,353 - INFO - cur_node_number 7,f_best -8.321414947509766,f_min -8.772367130227849,k 151.98552710904153
2025-04-26 19:22:17,353 - INFO - f_best_current -8.321414947509766,f_min -8.772367130227849
2025-04-26 19:22:17,353 - INFO - 回退,len(queue)=2
2025-04-26 19:22:23,420 - INFO - tree_node.f_best*ep:-8.299006462097168,left_f_best-7.443213939666748,right_f_best-8.304083824157715,i:1
2025-04-26 19:22:45,328 - INFO - 添加左子节点，右子节点，len(queue):4
2025-04-26 19:22:45,329 - INFO - Node 1: k=498.4519461083432, f_best=-8.271723747253418, f_min=-12.619552553151152
2025-04-26 19:22:45,329 - INFO - Node 2: k=140.3560843453305, f_best=-7.435873031616211, f_min=-8.664419491987701
2025-04-26 19:22:45,329 - INFO - Node 3: k=185.45122639469423, f_best=-8.290812492370605, f_min=-8.525203258997635
2025-04-26 19:22:45,329 - INFO - Node 4: k=167.1840798199457, f_best=-7.4482598304748535, f_min=-13.06039464962123
2025-04-26 19:22:45,329 - INFO - Node 5: k=151.98552710904153, f_best=-8.299006462097168, f_min=-8.553176596997673
2025-04-26 19:22:45,329 - INFO - Node 6: k=185.45122639469423, f_best=-7.443213939666748, f_min=-8.645068382691989
2025-04-26 19:22:45,329 - INFO - Node 7: k=148.9908117920219, f_best=-8.304083824157715, f_min=-8.681990018501892
2025-04-26 19:22:45,329 - INFO - cur_node_number 8,f_best -8.304083824157715,f_min -8.681990018501892,k 148.9908117920219
2025-04-26 19:22:45,329 - INFO - f_best_current -8.304083824157715,f_min -8.681990018501892
2025-04-26 19:22:51,949 - INFO - tree_node.f_best*ep:-8.304083824157715,left_f_best-7.4446892738342285,right_f_best-8.28079891204834,i:1
2025-04-26 19:22:58,766 - INFO - tree_node.f_best*ep:-8.304083824157715,left_f_best-7.450227737426758,right_f_best-8.296292304992676,i:2
2025-04-26 19:23:07,265 - INFO - tree_node.f_best*ep:-8.304083824157715,left_f_best-7.438344955444336,right_f_best-8.316314697265625,i:3
2025-04-26 19:23:28,442 - INFO - 添加左子节点，右子节点，len(queue):5
2025-04-26 19:23:28,442 - INFO - Node 1: k=498.4519461083432, f_best=-8.271723747253418, f_min=-12.619552553151152
2025-04-26 19:23:28,442 - INFO - Node 2: k=140.3560843453305, f_best=-7.435873031616211, f_min=-8.664419491987701
2025-04-26 19:23:28,443 - INFO - Node 3: k=185.45122639469423, f_best=-8.290812492370605, f_min=-8.525203258997635
2025-04-26 19:23:28,443 - INFO - Node 4: k=167.1840798199457, f_best=-7.4482598304748535, f_min=-13.06039464962123
2025-04-26 19:23:28,443 - INFO - Node 5: k=151.98552710904153, f_best=-8.299006462097168, f_min=-8.553176596997673
2025-04-26 19:23:28,443 - INFO - Node 6: k=185.45122639469423, f_best=-7.443213939666748, f_min=-8.645068382691989
2025-04-26 19:23:28,443 - INFO - Node 7: k=148.9908117920219, f_best=-8.304083824157715, f_min=-8.681990018501892
2025-04-26 19:23:28,443 - INFO - Node 8: k=208.09667564975044, f_best=-7.438344955444336, f_min=-8.16791859294608
2025-04-26 19:23:28,443 - INFO - Node 9: k=125.80448729664927, f_best=-8.316314697265625, f_min=-9.173395947737845
2025-04-26 19:23:28,443 - INFO - cur_node_number 9,f_best -8.316314697265625,f_min -9.173395947737845,k 125.80448729664927
2025-04-26 19:23:28,443 - INFO - f_best_current -8.316314697265625,f_min -9.173395947737845
2025-04-26 19:23:35,130 - INFO - tree_node.f_best*ep:-8.316314697265625,left_f_best-7.442091464996338,right_f_best-8.289972305297852,i:1
2025-04-26 19:23:42,095 - INFO - tree_node.f_best*ep:-8.316314697265625,left_f_best-7.440711498260498,right_f_best-8.30664348602295,i:2
2025-04-26 19:23:49,802 - INFO - tree_node.f_best*ep:-8.316314697265625,left_f_best-7.465792655944824,right_f_best-8.306167602539062,i:3
2025-04-26 19:24:00,541 - INFO - tree_node.f_best*ep:-8.316314697265625,left_f_best-7.451842784881592,right_f_best-8.320638656616211,i:4
2025-04-26 19:24:28,844 - INFO - 添加左子节点，右子节点，len(queue):6
2025-04-26 19:24:28,844 - INFO - Node 1: k=498.4519461083432, f_best=-8.271723747253418, f_min=-12.619552553151152
2025-04-26 19:24:28,844 - INFO - Node 2: k=140.3560843453305, f_best=-7.435873031616211, f_min=-8.664419491987701
2025-04-26 19:24:28,844 - INFO - Node 3: k=185.45122639469423, f_best=-8.290812492370605, f_min=-8.525203258997635
2025-04-26 19:24:28,844 - INFO - Node 4: k=167.1840798199457, f_best=-7.4482598304748535, f_min=-13.06039464962123
2025-04-26 19:24:28,844 - INFO - Node 5: k=151.98552710904153, f_best=-8.299006462097168, f_min=-8.553176596997673
2025-04-26 19:24:28,845 - INFO - Node 6: k=185.45122639469423, f_best=-7.443213939666748, f_min=-8.645068382691989
2025-04-26 19:24:28,845 - INFO - Node 7: k=148.9908117920219, f_best=-8.304083824157715, f_min=-8.681990018501892
2025-04-26 19:24:28,845 - INFO - Node 8: k=208.09667564975044, f_best=-7.438344955444336, f_min=-8.16791859294608
2025-04-26 19:24:28,845 - INFO - Node 9: k=125.80448729664927, f_best=-8.316314697265625, f_min=-9.173395947737845
2025-04-26 19:24:28,845 - INFO - Node 10: k=111.64509478629127, f_best=-7.451842784881592, f_min=-7.609263775560976
2025-04-26 19:24:28,845 - INFO - Node 11: k=162.94905662222178, f_best=-8.320638656616211, f_min=-9.09062803942652
2025-04-26 19:24:28,845 - INFO - cur_node_number 10,f_best -8.320638656616211,f_min -9.09062803942652,k 162.94905662222178
2025-04-26 19:24:28,846 - INFO - f_best_current -8.320638656616211,f_min -9.09062803942652
2025-04-26 19:24:28,846 - INFO - 回退,len(queue)=4
2025-04-26 19:24:28,846 - INFO - 回退,len(queue)=3
2025-04-26 19:24:28,846 - INFO - 回退,len(queue)=2
2025-04-26 19:24:38,941 - INFO - tree_node.f_best*ep:-8.299006462097168,left_f_best-7.445616245269775,right_f_best-8.291474342346191,i:1
2025-04-26 19:24:48,524 - INFO - tree_node.f_best*ep:-8.299006462097168,left_f_best-7.442197799682617,right_f_best-8.300322532653809,i:2
2025-04-26 19:25:09,299 - INFO - 添加左子节点，右子节点，len(queue):4
2025-04-26 19:25:09,299 - INFO - Node 1: k=498.4519461083432, f_best=-8.271723747253418, f_min=-12.619552553151152
2025-04-26 19:25:09,299 - INFO - Node 2: k=140.3560843453305, f_best=-7.435873031616211, f_min=-8.664419491987701
2025-04-26 19:25:09,299 - INFO - Node 3: k=185.45122639469423, f_best=-8.290812492370605, f_min=-8.525203258997635
2025-04-26 19:25:09,299 - INFO - Node 4: k=167.1840798199457, f_best=-7.4482598304748535, f_min=-13.06039464962123
2025-04-26 19:25:09,299 - INFO - Node 5: k=162.94905662222178, f_best=-8.299006462097168, f_min=-8.553176596997673
2025-04-26 19:25:09,300 - INFO - Node 6: k=151.34956649334728, f_best=-7.442197799682617, f_min=-7.705739371767322
2025-04-26 19:25:09,300 - INFO - Node 7: k=97.12709819894991, f_best=-8.300322532653809, f_min=-8.343955595049238
2025-04-26 19:25:09,300 - INFO - cur_node_number 11,f_best -8.300322532653809,f_min -8.343955595049238,k 97.12709819894991
2025-04-26 19:25:09,300 - INFO - f_best_current -8.300322532653809,f_min -8.343955595049238
2025-04-26 19:25:09,300 - INFO - 结束,fmin= -8.343955595049238, fbestmin=-8.300322532653809
