2025-04-26 14:12:18,720 - INFO - Namespace(log_file='outputs/dnn1/img[3]/max/DNN1img3_label0.log', image_path='img[3].png', model_path='network/SimpleNN14.pth', label=0, init_epsilon=0.05, epsilon=0.01, ep=1, min=0)
2025-04-26 14:12:18,732 - INFO - Model output max(1): torch.return_types.max(
values=tensor([3.4357], grad_fn=<MaxBackward0>),
indices=tensor([3]))
2025-04-26 14:12:23,393 - INFO - cur_node_number 1,f_best 4.21047306060791,f_min 2.8515339242121627,k 377.61511068813894
2025-04-26 14:12:23,393 - INFO - f_best_current 4.21047306060791,f_min 2.8515339242121627
2025-04-26 14:12:30,753 - INFO - tree_node.f_best*ep:4.21047306060791,left_f_best4.740795612335205,right_f_best4.163909912109375,i:1
2025-04-26 14:12:54,710 - INFO - 添加左子节点，右子节点，len(queue):2
2025-04-26 14:12:54,711 - INFO - Node 1: k=377.61511068813894, f_best=4.21047306060791, f_min=2.8515339242121627
2025-04-26 14:12:54,711 - INFO - Node 2: k=143.17724164067164, f_best=4.740795612335205, f_min=4.372840841973812
2025-04-26 14:12:54,711 - INFO - Node 3: k=126.33310922171972, f_best=4.163909912109375, f_min=2.612118899572124
2025-04-26 14:12:54,711 - INFO - cur_node_number 2,f_best 4.163909912109375,f_min 2.612118899572124,k 126.33310922171972
2025-04-26 14:12:54,711 - INFO - f_best_current 4.163909912109375,f_min 2.612118899572124
2025-04-26 14:13:02,411 - INFO - tree_node.f_best*ep:4.163909912109375,left_f_best4.7504353523254395,right_f_best4.179662704467773,i:1
2025-04-26 14:13:10,419 - INFO - tree_node.f_best*ep:4.163909912109375,left_f_best4.710203647613525,right_f_best4.173414707183838,i:2
2025-04-26 14:13:18,840 - INFO - tree_node.f_best*ep:4.163909912109375,left_f_best4.71880578994751,right_f_best4.143519401550293,i:3
2025-04-26 14:13:41,050 - INFO - 添加左子节点，右子节点，len(queue):3
2025-04-26 14:13:41,050 - INFO - Node 1: k=377.61511068813894, f_best=4.21047306060791, f_min=2.8515339242121627
2025-04-26 14:13:41,050 - INFO - Node 2: k=143.17724164067164, f_best=4.740795612335205, f_min=4.372840841973812
2025-04-26 14:13:41,050 - INFO - Node 3: k=126.33310922171972, f_best=4.163909912109375, f_min=2.612118899572124
2025-04-26 14:13:41,050 - INFO - Node 4: k=119.01150359717033, f_best=4.71880578994751, f_min=1.157611850266676
2025-04-26 14:13:41,051 - INFO - Node 5: k=100.49063437109928, f_best=4.143519401550293, f_min=3.7780025735678464
2025-04-26 14:13:41,051 - INFO - cur_node_number 3,f_best 4.143519401550293,f_min 3.7780025735678464,k 100.49063437109928
2025-04-26 14:13:41,051 - INFO - f_best_current 4.143519401550293,f_min 3.7780025735678464
2025-04-26 14:13:48,555 - INFO - tree_node.f_best*ep:4.143519401550293,left_f_best4.747378349304199,right_f_best4.1782708168029785,i:1
2025-04-26 14:13:56,517 - INFO - tree_node.f_best*ep:4.143519401550293,left_f_best4.72800874710083,right_f_best4.157726764678955,i:2
2025-04-26 14:14:04,986 - INFO - tree_node.f_best*ep:4.143519401550293,left_f_best4.718753337860107,right_f_best4.136720180511475,i:3
2025-04-26 14:14:26,931 - INFO - 添加左子节点，右子节点，len(queue):4
2025-04-26 14:14:26,931 - INFO - Node 1: k=377.61511068813894, f_best=4.21047306060791, f_min=2.8515339242121627
2025-04-26 14:14:26,931 - INFO - Node 2: k=143.17724164067164, f_best=4.740795612335205, f_min=4.372840841973812
2025-04-26 14:14:26,931 - INFO - Node 3: k=126.33310922171972, f_best=4.163909912109375, f_min=2.612118899572124
2025-04-26 14:14:26,931 - INFO - Node 4: k=119.01150359717033, f_best=4.71880578994751, f_min=1.157611850266676
2025-04-26 14:14:26,931 - INFO - Node 5: k=100.49063437109928, f_best=4.143519401550293, f_min=3.7780025735678464
2025-04-26 14:14:26,931 - INFO - Node 6: k=170.2779442351285, f_best=4.718753337860107, f_min=3.988199762446129
2025-04-26 14:14:26,931 - INFO - Node 7: k=76.81543525047509, f_best=4.136720180511475, f_min=4.090998013524086
2025-04-26 14:14:26,932 - INFO - cur_node_number 4,f_best 4.136720180511475,f_min 4.090998013524086,k 76.81543525047509
2025-04-26 14:14:26,932 - INFO - f_best_current 4.136720180511475,f_min 4.090998013524086
2025-04-26 14:14:34,328 - INFO - tree_node.f_best*ep:4.136720180511475,left_f_best4.740606307983398,right_f_best4.159080982208252,i:1
2025-04-26 14:14:42,105 - INFO - tree_node.f_best*ep:4.136720180511475,left_f_best4.731526851654053,right_f_best4.141416072845459,i:2
2025-04-26 14:14:50,169 - INFO - tree_node.f_best*ep:4.136720180511475,left_f_best4.705257892608643,right_f_best4.15514612197876,i:3
2025-04-26 14:14:58,568 - INFO - tree_node.f_best*ep:4.136720180511475,left_f_best4.705212116241455,right_f_best4.140976428985596,i:4
2025-04-26 14:15:07,326 - INFO - tree_node.f_best*ep:4.136720180511475,left_f_best4.70651388168335,right_f_best4.113865375518799,i:5
2025-04-26 14:15:30,636 - INFO - 添加左子节点，右子节点，len(queue):5
2025-04-26 14:15:30,637 - INFO - Node 1: k=377.61511068813894, f_best=4.21047306060791, f_min=2.8515339242121627
2025-04-26 14:15:30,637 - INFO - Node 2: k=143.17724164067164, f_best=4.740795612335205, f_min=4.372840841973812
2025-04-26 14:15:30,637 - INFO - Node 3: k=126.33310922171972, f_best=4.163909912109375, f_min=2.612118899572124
2025-04-26 14:15:30,637 - INFO - Node 4: k=119.01150359717033, f_best=4.71880578994751, f_min=1.157611850266676
2025-04-26 14:15:30,637 - INFO - Node 5: k=100.49063437109928, f_best=4.143519401550293, f_min=3.7780025735678464
2025-04-26 14:15:30,637 - INFO - Node 6: k=170.2779442351285, f_best=4.718753337860107, f_min=3.988199762446129
2025-04-26 14:15:30,637 - INFO - Node 7: k=76.81543525047509, f_best=4.136720180511475, f_min=4.090998013524086
2025-04-26 14:15:30,638 - INFO - Node 8: k=127.59644031393692, f_best=4.70651388168335, f_min=3.528232367532837
2025-04-26 14:15:30,638 - INFO - Node 9: k=138.16866100821971, f_best=4.113865375518799, f_min=3.8621640351893802
2025-04-26 14:15:30,638 - INFO - cur_node_number 5,f_best 4.113865375518799,f_min 3.8621640351893802,k 138.16866100821971
2025-04-26 14:15:30,638 - INFO - f_best_current 4.113865375518799,f_min 3.8621640351893802
2025-04-26 14:15:30,638 - INFO - 回退,len(queue)=3
2025-04-26 14:15:30,638 - INFO - 回退,len(queue)=2
2025-04-26 14:15:30,638 - INFO - 回退,len(queue)=1
2025-04-26 14:15:38,112 - INFO - tree_node.f_best*ep:4.163909912109375,left_f_best4.744689464569092,right_f_best4.153191089630127,i:1
2025-04-26 14:15:59,475 - INFO - 添加左子节点，右子节点，len(queue):3
2025-04-26 14:15:59,475 - INFO - Node 1: k=377.61511068813894, f_best=4.21047306060791, f_min=2.8515339242121627
2025-04-26 14:15:59,475 - INFO - Node 2: k=143.17724164067164, f_best=4.740795612335205, f_min=4.372840841973812
2025-04-26 14:15:59,476 - INFO - Node 3: k=138.16866100821971, f_best=4.163909912109375, f_min=2.612118899572124
2025-04-26 14:15:59,476 - INFO - Node 4: k=100.49063437109928, f_best=4.744689464569092, f_min=4.483299416939872
2025-04-26 14:15:59,476 - INFO - Node 5: k=123.84384787934488, f_best=4.153191089630127, f_min=3.994767507660981
2025-04-26 14:15:59,476 - INFO - cur_node_number 6,f_best 4.153191089630127,f_min 3.994767507660981,k 123.84384787934488
2025-04-26 14:15:59,476 - INFO - f_best_current 4.153191089630127,f_min 3.994767507660981
2025-04-26 14:16:06,849 - INFO - tree_node.f_best*ep:4.153191089630127,left_f_best4.743773937225342,right_f_best4.18268346786499,i:1
2025-04-26 14:16:14,847 - INFO - tree_node.f_best*ep:4.153191089630127,left_f_best4.737475395202637,right_f_best4.139622211456299,i:2
2025-04-26 14:16:38,421 - INFO - 添加左子节点，右子节点，len(queue):4
2025-04-26 14:16:38,421 - INFO - Node 1: k=377.61511068813894, f_best=4.21047306060791, f_min=2.8515339242121627
2025-04-26 14:16:38,421 - INFO - Node 2: k=143.17724164067164, f_best=4.740795612335205, f_min=4.372840841973812
2025-04-26 14:16:38,421 - INFO - Node 3: k=138.16866100821971, f_best=4.163909912109375, f_min=2.612118899572124
2025-04-26 14:16:38,421 - INFO - Node 4: k=100.49063437109928, f_best=4.744689464569092, f_min=4.483299416939872
2025-04-26 14:16:38,421 - INFO - Node 5: k=123.84384787934488, f_best=4.153191089630127, f_min=3.994767507660981
2025-04-26 14:16:38,421 - INFO - Node 6: k=170.2779442351285, f_best=4.737475395202637, f_min=4.316599875292468
2025-04-26 14:16:38,422 - INFO - Node 7: k=98.51057187638395, f_best=4.139622211456299, f_min=4.089493293345868
2025-04-26 14:16:38,422 - INFO - cur_node_number 7,f_best 4.139622211456299,f_min 4.089493293345868,k 98.51057187638395
2025-04-26 14:16:38,422 - INFO - f_best_current 4.139622211456299,f_min 4.089493293345868
2025-04-26 14:16:45,920 - INFO - tree_node.f_best*ep:4.139622211456299,left_f_best4.716123104095459,right_f_best4.172423839569092,i:1
2025-04-26 14:16:53,822 - INFO - tree_node.f_best*ep:4.139622211456299,left_f_best4.710304260253906,right_f_best4.143820285797119,i:2
2025-04-26 14:17:02,025 - INFO - tree_node.f_best*ep:4.139622211456299,left_f_best4.725564956665039,right_f_best4.1314616203308105,i:3
2025-04-26 14:17:26,142 - INFO - 添加左子节点，右子节点，len(queue):5
2025-04-26 14:17:26,142 - INFO - Node 1: k=377.61511068813894, f_best=4.21047306060791, f_min=2.8515339242121627
2025-04-26 14:17:26,142 - INFO - Node 2: k=143.17724164067164, f_best=4.740795612335205, f_min=4.372840841973812
2025-04-26 14:17:26,142 - INFO - Node 3: k=138.16866100821971, f_best=4.163909912109375, f_min=2.612118899572124
2025-04-26 14:17:26,142 - INFO - Node 4: k=100.49063437109928, f_best=4.744689464569092, f_min=4.483299416939872
2025-04-26 14:17:26,142 - INFO - Node 5: k=123.84384787934488, f_best=4.153191089630127, f_min=3.994767507660981
2025-04-26 14:17:26,142 - INFO - Node 6: k=170.2779442351285, f_best=4.737475395202637, f_min=4.316599875292468
2025-04-26 14:17:26,143 - INFO - Node 7: k=98.51057187638395, f_best=4.139622211456299, f_min=4.089493293345868
2025-04-26 14:17:26,143 - INFO - Node 8: k=220.55358257021814, f_best=4.725564956665039, f_min=3.695092843837301
2025-04-26 14:17:26,143 - INFO - Node 9: k=99.4956775951478, f_best=4.1314616203308105, f_min=2.924399381895455
2025-04-26 14:17:26,143 - INFO - cur_node_number 8,f_best 4.1314616203308105,f_min 2.924399381895455,k 99.4956775951478
2025-04-26 14:17:26,143 - INFO - f_best_current 4.1314616203308105,f_min 2.924399381895455
2025-04-26 14:17:26,143 - INFO - 回退,len(queue)=3
2025-04-26 14:17:33,391 - INFO - tree_node.f_best*ep:4.139622211456299,left_f_best4.742067813873291,right_f_best4.156736850738525,i:1
2025-04-26 14:17:40,933 - INFO - tree_node.f_best*ep:4.139622211456299,left_f_best4.738236904144287,right_f_best4.156150817871094,i:2
2025-04-26 14:17:48,890 - INFO - tree_node.f_best*ep:4.139622211456299,left_f_best4.706854343414307,right_f_best4.142298698425293,i:3
2025-04-26 14:17:57,366 - INFO - tree_node.f_best*ep:4.139622211456299,left_f_best4.701366901397705,right_f_best4.138664245605469,i:4
2025-04-26 14:18:22,221 - INFO - 添加左子节点，右子节点，len(queue):5
2025-04-26 14:18:22,221 - INFO - Node 1: k=377.61511068813894, f_best=4.21047306060791, f_min=2.8515339242121627
2025-04-26 14:18:22,222 - INFO - Node 2: k=143.17724164067164, f_best=4.740795612335205, f_min=4.372840841973812
2025-04-26 14:18:22,222 - INFO - Node 3: k=138.16866100821971, f_best=4.163909912109375, f_min=2.612118899572124
2025-04-26 14:18:22,222 - INFO - Node 4: k=100.49063437109928, f_best=4.744689464569092, f_min=4.483299416939872
2025-04-26 14:18:22,222 - INFO - Node 5: k=123.84384787934488, f_best=4.153191089630127, f_min=3.994767507660981
2025-04-26 14:18:22,222 - INFO - Node 6: k=170.2779442351285, f_best=4.737475395202637, f_min=4.316599875292468
2025-04-26 14:18:22,222 - INFO - Node 7: k=99.4956775951478, f_best=4.139622211456299, f_min=4.089493293345868
2025-04-26 14:18:22,222 - INFO - Node 8: k=163.63375750889958, f_best=4.701366901397705, f_min=4.486964006882317
2025-04-26 14:18:22,222 - INFO - Node 9: k=186.23047987292898, f_best=4.138664245605469, f_min=3.365455636140723
2025-04-26 14:18:22,222 - INFO - cur_node_number 9,f_best 4.138664245605469,f_min 3.365455636140723,k 186.23047987292898
2025-04-26 14:18:22,223 - INFO - f_best_current 4.138664245605469,f_min 3.365455636140723
2025-04-26 14:18:22,223 - INFO - 回退,len(queue)=3
2025-04-26 14:18:22,223 - INFO - 回退,len(queue)=2
2025-04-26 14:18:22,223 - INFO - 回退,len(queue)=1
2025-04-26 14:18:29,308 - INFO - tree_node.f_best*ep:4.163909912109375,left_f_best4.723740100860596,right_f_best4.160922527313232,i:1
2025-04-26 14:18:51,663 - INFO - 添加左子节点，右子节点，len(queue):3
2025-04-26 14:18:51,663 - INFO - Node 1: k=377.61511068813894, f_best=4.21047306060791, f_min=2.8515339242121627
2025-04-26 14:18:51,663 - INFO - Node 2: k=143.17724164067164, f_best=4.740795612335205, f_min=4.372840841973812
2025-04-26 14:18:51,663 - INFO - Node 3: k=186.23047987292898, f_best=4.163909912109375, f_min=2.612118899572124
2025-04-26 14:18:51,663 - INFO - Node 4: k=168.59202399517673, f_best=4.723740100860596, f_min=3.113519726004597
2025-04-26 14:18:51,663 - INFO - Node 5: k=140.94585109448494, f_best=4.160922527313232, f_min=1.885957647784835
2025-04-26 14:18:51,664 - INFO - cur_node_number 10,f_best 4.160922527313232,f_min 1.885957647784835,k 140.94585109448494
2025-04-26 14:18:51,664 - INFO - f_best_current 4.160922527313232,f_min 1.885957647784835
2025-04-26 14:18:58,795 - INFO - tree_node.f_best*ep:4.160922527313232,left_f_best4.717123985290527,right_f_best4.1697998046875,i:1
2025-04-26 14:19:06,300 - INFO - tree_node.f_best*ep:4.160922527313232,left_f_best4.734104633331299,right_f_best4.150502681732178,i:2
2025-04-26 14:19:28,289 - INFO - 添加左子节点，右子节点，len(queue):4
2025-04-26 14:19:28,289 - INFO - Node 1: k=377.61511068813894, f_best=4.21047306060791, f_min=2.8515339242121627
2025-04-26 14:19:28,289 - INFO - Node 2: k=143.17724164067164, f_best=4.740795612335205, f_min=4.372840841973812
2025-04-26 14:19:28,289 - INFO - Node 3: k=186.23047987292898, f_best=4.163909912109375, f_min=2.612118899572124
2025-04-26 14:19:28,290 - INFO - Node 4: k=168.59202399517673, f_best=4.723740100860596, f_min=3.113519726004597
2025-04-26 14:19:28,290 - INFO - Node 5: k=140.94585109448494, f_best=4.160922527313232, f_min=1.885957647784835
2025-04-26 14:19:28,290 - INFO - Node 6: k=167.88657598693172, f_best=4.734104633331299, f_min=4.423255934325425
2025-04-26 14:19:28,290 - INFO - Node 7: k=117.83317187838647, f_best=4.150502681732178, f_min=3.4683751381217007
2025-04-26 14:19:28,290 - INFO - cur_node_number 11,f_best 4.150502681732178,f_min 3.4683751381217007,k 117.83317187838647
2025-04-26 14:19:28,290 - INFO - f_best_current 4.150502681732178,f_min 3.4683751381217007
2025-04-26 14:19:35,051 - INFO - tree_node.f_best*ep:4.150502681732178,left_f_best4.7422919273376465,right_f_best4.16810417175293,i:1
2025-04-26 14:19:42,402 - INFO - tree_node.f_best*ep:4.150502681732178,left_f_best4.743016719818115,right_f_best4.138041019439697,i:2
2025-04-26 14:20:03,004 - INFO - 添加左子节点，右子节点，len(queue):5
2025-04-26 14:20:03,004 - INFO - Node 1: k=377.61511068813894, f_best=4.21047306060791, f_min=2.8515339242121627
2025-04-26 14:20:03,004 - INFO - Node 2: k=143.17724164067164, f_best=4.740795612335205, f_min=4.372840841973812
2025-04-26 14:20:03,004 - INFO - Node 3: k=186.23047987292898, f_best=4.163909912109375, f_min=2.612118899572124
2025-04-26 14:20:03,004 - INFO - Node 4: k=168.59202399517673, f_best=4.723740100860596, f_min=3.113519726004597
2025-04-26 14:20:03,004 - INFO - Node 5: k=140.94585109448494, f_best=4.160922527313232, f_min=1.885957647784835
2025-04-26 14:20:03,004 - INFO - Node 6: k=167.88657598693172, f_best=4.734104633331299, f_min=4.423255934325425
2025-04-26 14:20:03,004 - INFO - Node 7: k=117.83317187838647, f_best=4.150502681732178, f_min=3.4683751381217007
2025-04-26 14:20:03,005 - INFO - Node 8: k=96.5695244352357, f_best=4.743016719818115, f_min=4.585493212356596
2025-04-26 14:20:03,005 - INFO - Node 9: k=123.84384787934488, f_best=4.138041019439697, f_min=3.0066421477499716
2025-04-26 14:20:03,005 - INFO - cur_node_number 12,f_best 4.138041019439697,f_min 3.0066421477499716,k 123.84384787934488
2025-04-26 14:20:03,005 - INFO - f_best_current 4.138041019439697,f_min 3.0066421477499716
2025-04-26 14:20:03,005 - INFO - 回退,len(queue)=3
2025-04-26 14:20:09,777 - INFO - tree_node.f_best*ep:4.150502681732178,left_f_best4.7360382080078125,right_f_best4.139126777648926,i:1
2025-04-26 14:20:35,388 - INFO - 添加左子节点，右子节点，len(queue):5
2025-04-26 14:20:35,388 - INFO - Node 1: k=377.61511068813894, f_best=4.21047306060791, f_min=2.8515339242121627
2025-04-26 14:20:35,388 - INFO - Node 2: k=143.17724164067164, f_best=4.740795612335205, f_min=4.372840841973812
2025-04-26 14:20:35,389 - INFO - Node 3: k=186.23047987292898, f_best=4.163909912109375, f_min=2.612118899572124
2025-04-26 14:20:35,389 - INFO - Node 4: k=168.59202399517673, f_best=4.723740100860596, f_min=3.113519726004597
2025-04-26 14:20:35,389 - INFO - Node 5: k=140.94585109448494, f_best=4.160922527313232, f_min=1.885957647784835
2025-04-26 14:20:35,389 - INFO - Node 6: k=167.88657598693172, f_best=4.734104633331299, f_min=4.423255934325425
2025-04-26 14:20:35,389 - INFO - Node 7: k=123.84384787934488, f_best=4.150502681732178, f_min=3.4683751381217007
2025-04-26 14:20:35,389 - INFO - Node 8: k=201.66092392273637, f_best=4.7360382080078125, f_min=4.006368514452788
2025-04-26 14:20:35,389 - INFO - Node 9: k=191.87344964355862, f_best=4.139126777648926, f_min=4.073756014947776
2025-04-26 14:20:35,389 - INFO - cur_node_number 13,f_best 4.139126777648926,f_min 4.073756014947776,k 191.87344964355862
2025-04-26 14:20:35,390 - INFO - f_best_current 4.139126777648926,f_min 4.073756014947776
2025-04-26 14:20:35,390 - INFO - 回退,len(queue)=3
2025-04-26 14:20:35,390 - INFO - 回退,len(queue)=2
2025-04-26 14:20:35,390 - INFO - 回退,len(queue)=1
2025-04-26 14:20:42,478 - INFO - tree_node.f_best*ep:4.163909912109375,left_f_best4.726717472076416,right_f_best4.152032375335693,i:1
2025-04-26 14:21:05,286 - INFO - 添加左子节点，右子节点，len(queue):3
2025-04-26 14:21:05,286 - INFO - Node 1: k=377.61511068813894, f_best=4.21047306060791, f_min=2.8515339242121627
2025-04-26 14:21:05,286 - INFO - Node 2: k=143.17724164067164, f_best=4.740795612335205, f_min=4.372840841973812
2025-04-26 14:21:05,286 - INFO - Node 3: k=191.87344964355862, f_best=4.163909912109375, f_min=2.612118899572124
2025-04-26 14:21:05,286 - INFO - Node 4: k=115.51139288146894, f_best=4.726717472076416, f_min=2.8957955773676076
2025-04-26 14:21:05,286 - INFO - Node 5: k=195.73010598139413, f_best=4.152032375335693, f_min=3.6708160626726567
2025-04-26 14:21:05,287 - INFO - cur_node_number 14,f_best 4.152032375335693,f_min 3.6708160626726567,k 195.73010598139413
2025-04-26 14:21:05,287 - INFO - f_best_current 4.152032375335693,f_min 3.6708160626726567
2025-04-26 14:21:05,287 - INFO - 回退,len(queue)=1
2025-04-26 14:21:12,258 - INFO - tree_node.f_best*ep:4.163909912109375,left_f_best4.751750946044922,right_f_best4.158013820648193,i:1
2025-04-26 14:21:33,737 - INFO - 添加左子节点，右子节点，len(queue):3
2025-04-26 14:21:33,738 - INFO - Node 1: k=377.61511068813894, f_best=4.21047306060791, f_min=2.8515339242121627
2025-04-26 14:21:33,738 - INFO - Node 2: k=143.17724164067164, f_best=4.740795612335205, f_min=4.372840841973812
2025-04-26 14:21:33,738 - INFO - Node 3: k=195.73010598139413, f_best=4.163909912109375, f_min=2.612118899572124
2025-04-26 14:21:33,738 - INFO - Node 4: k=112.11421990415319, f_best=4.751750946044922, f_min=3.9693771904430832
2025-04-26 14:21:33,738 - INFO - Node 5: k=148.13550602020177, f_best=4.158013820648193, f_min=4.010628384292886
2025-04-26 14:21:33,738 - INFO - cur_node_number 15,f_best 4.158013820648193,f_min 4.010628384292886,k 148.13550602020177
2025-04-26 14:21:33,738 - INFO - f_best_current 4.158013820648193,f_min 4.010628384292886
2025-04-26 14:21:40,679 - INFO - tree_node.f_best*ep:4.158013820648193,left_f_best4.730554103851318,right_f_best4.161571979522705,i:1
2025-04-26 14:21:47,907 - INFO - tree_node.f_best*ep:4.158013820648193,left_f_best4.726302146911621,right_f_best4.163086414337158,i:2
2025-04-26 14:21:55,762 - INFO - tree_node.f_best*ep:4.158013820648193,left_f_best4.720548629760742,right_f_best4.137935638427734,i:3
2025-04-26 14:22:17,715 - INFO - 添加左子节点，右子节点，len(queue):4
2025-04-26 14:22:17,715 - INFO - Node 1: k=377.61511068813894, f_best=4.21047306060791, f_min=2.8515339242121627
2025-04-26 14:22:17,715 - INFO - Node 2: k=143.17724164067164, f_best=4.740795612335205, f_min=4.372840841973812
2025-04-26 14:22:17,715 - INFO - Node 3: k=195.73010598139413, f_best=4.163909912109375, f_min=2.612118899572124
2025-04-26 14:22:17,716 - INFO - Node 4: k=112.11421990415319, f_best=4.751750946044922, f_min=3.9693771904430832
2025-04-26 14:22:17,716 - INFO - Node 5: k=148.13550602020177, f_best=4.158013820648193, f_min=4.010628384292886
2025-04-26 14:22:17,716 - INFO - Node 6: k=151.11302969120783, f_best=4.720548629760742, f_min=4.719495557626942
2025-04-26 14:22:17,716 - INFO - Node 7: k=109.90512685438014, f_best=4.137935638427734, f_min=3.2216270717212865
2025-04-26 14:22:17,716 - INFO - cur_node_number 16,f_best 4.137935638427734,f_min 3.2216270717212865,k 109.90512685438014
2025-04-26 14:22:17,716 - INFO - f_best_current 4.137935638427734,f_min 3.2216270717212865
2025-04-26 14:22:24,728 - INFO - tree_node.f_best*ep:4.137935638427734,left_f_best4.723224639892578,right_f_best4.163765907287598,i:1
2025-04-26 14:22:32,092 - INFO - tree_node.f_best*ep:4.137935638427734,left_f_best4.7163166999816895,right_f_best4.129988670349121,i:2
2025-04-26 14:22:55,105 - INFO - 添加左子节点，右子节点，len(queue):5
2025-04-26 14:22:55,105 - INFO - Node 1: k=377.61511068813894, f_best=4.21047306060791, f_min=2.8515339242121627
2025-04-26 14:22:55,105 - INFO - Node 2: k=143.17724164067164, f_best=4.740795612335205, f_min=4.372840841973812
2025-04-26 14:22:55,105 - INFO - Node 3: k=195.73010598139413, f_best=4.163909912109375, f_min=2.612118899572124
2025-04-26 14:22:55,105 - INFO - Node 4: k=112.11421990415319, f_best=4.751750946044922, f_min=3.9693771904430832
2025-04-26 14:22:55,105 - INFO - Node 5: k=148.13550602020177, f_best=4.158013820648193, f_min=4.010628384292886
2025-04-26 14:22:55,105 - INFO - Node 6: k=151.11302969120783, f_best=4.720548629760742, f_min=4.719495557626942
2025-04-26 14:22:55,105 - INFO - Node 7: k=109.90512685438014, f_best=4.137935638427734, f_min=3.2216270717212865
2025-04-26 14:22:55,106 - INFO - Node 8: k=136.80065446358387, f_best=4.7163166999816895, f_min=3.9067912195814642
2025-04-26 14:22:55,106 - INFO - Node 9: k=170.2779442351285, f_best=4.129988670349121, f_min=3.7904741807801656
2025-04-26 14:22:55,106 - INFO - cur_node_number 17,f_best 4.129988670349121,f_min 3.7904741807801656,k 170.2779442351285
2025-04-26 14:22:55,106 - INFO - f_best_current 4.129988670349121,f_min 3.7904741807801656
2025-04-26 14:22:55,106 - INFO - 回退,len(queue)=3
2025-04-26 14:22:55,106 - INFO - 回退,len(queue)=2
2025-04-26 14:23:02,287 - INFO - tree_node.f_best*ep:4.158013820648193,left_f_best4.749873638153076,right_f_best4.179811000823975,i:1
2025-04-26 14:23:09,622 - INFO - tree_node.f_best*ep:4.158013820648193,left_f_best4.733545303344727,right_f_best4.169693470001221,i:2
2025-04-26 14:23:17,157 - INFO - tree_node.f_best*ep:4.158013820648193,left_f_best4.718821048736572,right_f_best4.148370265960693,i:3
2025-04-26 14:23:38,868 - INFO - 添加左子节点，右子节点，len(queue):4
2025-04-26 14:23:38,868 - INFO - Node 1: k=377.61511068813894, f_best=4.21047306060791, f_min=2.8515339242121627
2025-04-26 14:23:38,868 - INFO - Node 2: k=143.17724164067164, f_best=4.740795612335205, f_min=4.372840841973812
2025-04-26 14:23:38,868 - INFO - Node 3: k=195.73010598139413, f_best=4.163909912109375, f_min=2.612118899572124
2025-04-26 14:23:38,868 - INFO - Node 4: k=112.11421990415319, f_best=4.751750946044922, f_min=3.9693771904430832
2025-04-26 14:23:38,869 - INFO - Node 5: k=170.2779442351285, f_best=4.158013820648193, f_min=4.010628384292886
2025-04-26 14:23:38,869 - INFO - Node 6: k=90.97286036497847, f_best=4.718821048736572, f_min=4.2165882201884415
2025-04-26 14:23:38,869 - INFO - Node 7: k=163.63375750889958, f_best=4.148370265960693, f_min=4.076648564887819
2025-04-26 14:23:38,869 - INFO - cur_node_number 18,f_best 4.148370265960693,f_min 4.076648564887819,k 163.63375750889958
2025-04-26 14:23:38,869 - INFO - f_best_current 4.148370265960693,f_min 4.076648564887819
2025-04-26 14:23:45,863 - INFO - tree_node.f_best*ep:4.148370265960693,left_f_best4.732362270355225,right_f_best4.169950485229492,i:1
2025-04-26 14:23:53,090 - INFO - tree_node.f_best*ep:4.148370265960693,left_f_best4.720025062561035,right_f_best4.155373573303223,i:2
2025-04-26 14:24:00,904 - INFO - tree_node.f_best*ep:4.148370265960693,left_f_best4.697281360626221,right_f_best4.157506465911865,i:3
2025-04-26 14:24:09,168 - INFO - tree_node.f_best*ep:4.148370265960693,left_f_best4.707092761993408,right_f_best4.125182151794434,i:4
2025-04-26 14:24:31,836 - INFO - 添加左子节点，右子节点，len(queue):5
2025-04-26 14:24:31,837 - INFO - Node 1: k=377.61511068813894, f_best=4.21047306060791, f_min=2.8515339242121627
2025-04-26 14:24:31,837 - INFO - Node 2: k=143.17724164067164, f_best=4.740795612335205, f_min=4.372840841973812
2025-04-26 14:24:31,837 - INFO - Node 3: k=195.73010598139413, f_best=4.163909912109375, f_min=2.612118899572124
2025-04-26 14:24:31,837 - INFO - Node 4: k=112.11421990415319, f_best=4.751750946044922, f_min=3.9693771904430832
2025-04-26 14:24:31,837 - INFO - Node 5: k=170.2779442351285, f_best=4.158013820648193, f_min=4.010628384292886
2025-04-26 14:24:31,837 - INFO - Node 6: k=90.97286036497847, f_best=4.718821048736572, f_min=4.2165882201884415
2025-04-26 14:24:31,837 - INFO - Node 7: k=163.63375750889958, f_best=4.148370265960693, f_min=4.076648564887819
2025-04-26 14:24:31,837 - INFO - Node 8: k=99.4956775951478, f_best=4.707092761993408, f_min=3.459192791589203
2025-04-26 14:24:31,837 - INFO - Node 9: k=229.5089424424351, f_best=4.125182151794434, f_min=2.410365789412026
2025-04-26 14:24:31,838 - INFO - cur_node_number 19,f_best 4.125182151794434,f_min 2.410365789412026,k 229.5089424424351
2025-04-26 14:24:31,838 - INFO - f_best_current 4.125182151794434,f_min 2.410365789412026
2025-04-26 14:24:31,838 - INFO - 回退,len(queue)=3
2025-04-26 14:24:31,838 - INFO - 回退,len(queue)=2
2025-04-26 14:24:31,838 - INFO - 回退,len(queue)=1
2025-04-26 14:24:39,057 - INFO - tree_node.f_best*ep:4.163909912109375,left_f_best4.751397132873535,right_f_best4.16109037399292,i:1
2025-04-26 14:24:57,596 - INFO - 添加左子节点，右子节点，len(queue):3
2025-04-26 14:24:57,596 - INFO - Node 1: k=377.61511068813894, f_best=4.21047306060791, f_min=2.8515339242121627
2025-04-26 14:24:57,597 - INFO - Node 2: k=143.17724164067164, f_best=4.740795612335205, f_min=4.372840841973812
2025-04-26 14:24:57,597 - INFO - Node 3: k=229.5089424424351, f_best=4.163909912109375, f_min=2.612118899572124
2025-04-26 14:24:57,597 - INFO - Node 4: k=112.76154573415418, f_best=4.751397132873535, f_min=3.147246657523283
2025-04-26 14:24:57,597 - INFO - Node 5: k=73.81812342859902, f_best=4.16109037399292, f_min=3.829040902820225
2025-04-26 14:24:57,597 - INFO - cur_node_number 20,f_best 4.16109037399292,f_min 3.829040902820225,k 73.81812342859902
2025-04-26 14:24:57,597 - INFO - f_best_current 4.16109037399292,f_min 3.829040902820225
2025-04-26 14:25:04,753 - INFO - tree_node.f_best*ep:4.16109037399292,left_f_best4.741412162780762,right_f_best4.154239177703857,i:1
2025-04-26 14:25:27,985 - INFO - 添加左子节点，右子节点，len(queue):4
2025-04-26 14:25:27,985 - INFO - Node 1: k=377.61511068813894, f_best=4.21047306060791, f_min=2.8515339242121627
2025-04-26 14:25:27,985 - INFO - Node 2: k=143.17724164067164, f_best=4.740795612335205, f_min=4.372840841973812
2025-04-26 14:25:27,985 - INFO - Node 3: k=229.5089424424351, f_best=4.163909912109375, f_min=2.612118899572124
2025-04-26 14:25:27,986 - INFO - Node 4: k=112.76154573415418, f_best=4.751397132873535, f_min=3.147246657523283
2025-04-26 14:25:27,986 - INFO - Node 5: k=73.81812342859902, f_best=4.16109037399292, f_min=3.829040902820225
2025-04-26 14:25:27,986 - INFO - Node 6: k=142.3553096054298, f_best=4.741412162780762, f_min=1.5765546253164757
2025-04-26 14:25:27,986 - INFO - Node 7: k=120.20161863314203, f_best=4.154239177703857, f_min=2.502772585326511
2025-04-26 14:25:27,986 - INFO - cur_node_number 21,f_best 4.154239177703857,f_min 2.502772585326511,k 120.20161863314203
2025-04-26 14:25:27,986 - INFO - f_best_current 4.154239177703857,f_min 2.502772585326511
2025-04-26 14:25:27,986 - INFO - 回退,len(queue)=2
2025-04-26 14:25:35,105 - INFO - tree_node.f_best*ep:4.16109037399292,left_f_best4.757396697998047,right_f_best4.165738582611084,i:1
2025-04-26 14:25:42,506 - INFO - tree_node.f_best*ep:4.16109037399292,left_f_best4.712994575500488,right_f_best4.148512363433838,i:2
2025-04-26 14:26:06,222 - INFO - 添加左子节点，右子节点，len(queue):4
2025-04-26 14:26:06,223 - INFO - Node 1: k=377.61511068813894, f_best=4.21047306060791, f_min=2.8515339242121627
2025-04-26 14:26:06,223 - INFO - Node 2: k=143.17724164067164, f_best=4.740795612335205, f_min=4.372840841973812
2025-04-26 14:26:06,223 - INFO - Node 3: k=229.5089424424351, f_best=4.163909912109375, f_min=2.612118899572124
2025-04-26 14:26:06,223 - INFO - Node 4: k=112.76154573415418, f_best=4.751397132873535, f_min=3.147246657523283
2025-04-26 14:26:06,223 - INFO - Node 5: k=120.20161863314203, f_best=4.16109037399292, f_min=3.829040902820225
2025-04-26 14:26:06,223 - INFO - Node 6: k=130.16112876424708, f_best=4.712994575500488, f_min=4.224989511245894
2025-04-26 14:26:06,223 - INFO - Node 7: k=199.66428111162017, f_best=4.148512363433838, f_min=3.357285148437313
2025-04-26 14:26:06,224 - INFO - cur_node_number 22,f_best 4.148512363433838,f_min 3.357285148437313,k 199.66428111162017
2025-04-26 14:26:06,224 - INFO - f_best_current 4.148512363433838,f_min 3.357285148437313
2025-04-26 14:26:06,224 - INFO - 回退,len(queue)=2
2025-04-26 14:26:13,226 - INFO - tree_node.f_best*ep:4.16109037399292,left_f_best4.734837055206299,right_f_best4.170821666717529,i:1
2025-04-26 14:26:20,676 - INFO - tree_node.f_best*ep:4.16109037399292,left_f_best4.735685348510742,right_f_best4.1595377922058105,i:2
2025-04-26 14:26:46,635 - INFO - 添加左子节点，右子节点，len(queue):4
2025-04-26 14:26:46,635 - INFO - Node 1: k=377.61511068813894, f_best=4.21047306060791, f_min=2.8515339242121627
2025-04-26 14:26:46,635 - INFO - Node 2: k=143.17724164067164, f_best=4.740795612335205, f_min=4.372840841973812
2025-04-26 14:26:46,635 - INFO - Node 3: k=229.5089424424351, f_best=4.163909912109375, f_min=2.612118899572124
2025-04-26 14:26:46,636 - INFO - Node 4: k=112.76154573415418, f_best=4.751397132873535, f_min=3.147246657523283
2025-04-26 14:26:46,636 - INFO - Node 5: k=199.66428111162017, f_best=4.16109037399292, f_min=3.829040902820225
2025-04-26 14:26:46,636 - INFO - Node 6: k=173.7005309142546, f_best=4.735685348510742, f_min=1.3516436936192804
2025-04-26 14:26:46,636 - INFO - Node 7: k=227.23657667567832, f_best=4.1595377922058105, f_min=3.439251509757014
2025-04-26 14:26:46,636 - INFO - cur_node_number 23,f_best 4.1595377922058105,f_min 3.439251509757014,k 227.23657667567832
2025-04-26 14:26:46,636 - INFO - f_best_current 4.1595377922058105,f_min 3.439251509757014
2025-04-26 14:26:46,636 - INFO - 回退,len(queue)=2
2025-04-26 14:26:53,691 - INFO - tree_node.f_best*ep:4.16109037399292,left_f_best4.737295627593994,right_f_best4.1603007316589355,i:1
2025-04-26 14:27:17,720 - INFO - 添加左子节点，右子节点，len(queue):4
2025-04-26 14:27:17,720 - INFO - Node 1: k=377.61511068813894, f_best=4.21047306060791, f_min=2.8515339242121627
2025-04-26 14:27:17,720 - INFO - Node 2: k=143.17724164067164, f_best=4.740795612335205, f_min=4.372840841973812
2025-04-26 14:27:17,720 - INFO - Node 3: k=229.5089424424351, f_best=4.163909912109375, f_min=2.612118899572124
2025-04-26 14:27:17,720 - INFO - Node 4: k=112.76154573415418, f_best=4.751397132873535, f_min=3.147246657523283
2025-04-26 14:27:17,720 - INFO - Node 5: k=227.23657667567832, f_best=4.16109037399292, f_min=3.829040902820225
2025-04-26 14:27:17,720 - INFO - Node 6: k=188.09278467165828, f_best=4.737295627593994, f_min=4.218276973147113
2025-04-26 14:27:17,721 - INFO - Node 7: k=152.6241599881199, f_best=4.1603007316589355, f_min=1.50435060032396
2025-04-26 14:27:17,721 - INFO - cur_node_number 24,f_best 4.1603007316589355,f_min 1.50435060032396,k 152.6241599881199
2025-04-26 14:27:17,721 - INFO - f_best_current 4.1603007316589355,f_min 1.50435060032396
2025-04-26 14:27:24,695 - INFO - tree_node.f_best*ep:4.1603007316589355,left_f_best4.7153849601745605,right_f_best4.160202503204346,i:1
2025-04-26 14:27:46,996 - INFO - 添加左子节点，右子节点，len(queue):5
2025-04-26 14:27:46,996 - INFO - Node 1: k=377.61511068813894, f_best=4.21047306060791, f_min=2.8515339242121627
2025-04-26 14:27:46,996 - INFO - Node 2: k=143.17724164067164, f_best=4.740795612335205, f_min=4.372840841973812
2025-04-26 14:27:46,996 - INFO - Node 3: k=229.5089424424351, f_best=4.163909912109375, f_min=2.612118899572124
2025-04-26 14:27:46,996 - INFO - Node 4: k=112.76154573415418, f_best=4.751397132873535, f_min=3.147246657523283
2025-04-26 14:27:46,997 - INFO - Node 5: k=227.23657667567832, f_best=4.16109037399292, f_min=3.829040902820225
2025-04-26 14:27:46,997 - INFO - Node 6: k=188.09278467165828, f_best=4.737295627593994, f_min=4.218276973147113
2025-04-26 14:27:46,997 - INFO - Node 7: k=152.6241599881199, f_best=4.1603007316589355, f_min=1.50435060032396
2025-04-26 14:27:46,997 - INFO - Node 8: k=140.94585109448494, f_best=4.7153849601745605, f_min=3.089770933982436
2025-04-26 14:27:46,997 - INFO - Node 9: k=114.36771572422667, f_best=4.160202503204346, f_min=3.827232895070665
2025-04-26 14:27:46,997 - INFO - cur_node_number 25,f_best 4.160202503204346,f_min 3.827232895070665,k 114.36771572422667
2025-04-26 14:27:46,998 - INFO - f_best_current 4.160202503204346,f_min 3.827232895070665
2025-04-26 14:27:54,004 - INFO - tree_node.f_best*ep:4.160202503204346,left_f_best4.723883628845215,right_f_best4.1653313636779785,i:1
2025-04-26 14:28:01,008 - INFO - tree_node.f_best*ep:4.160202503204346,left_f_best4.737890720367432,right_f_best4.157199859619141,i:2
2025-04-26 14:28:21,454 - INFO - 添加左子节点，右子节点，len(queue):6
2025-04-26 14:28:21,455 - INFO - Node 1: k=377.61511068813894, f_best=4.21047306060791, f_min=2.8515339242121627
2025-04-26 14:28:21,455 - INFO - Node 2: k=143.17724164067164, f_best=4.740795612335205, f_min=4.372840841973812
2025-04-26 14:28:21,455 - INFO - Node 3: k=229.5089424424351, f_best=4.163909912109375, f_min=2.612118899572124
2025-04-26 14:28:21,455 - INFO - Node 4: k=112.76154573415418, f_best=4.751397132873535, f_min=3.147246657523283
2025-04-26 14:28:21,455 - INFO - Node 5: k=227.23657667567832, f_best=4.16109037399292, f_min=3.829040902820225
2025-04-26 14:28:21,455 - INFO - Node 6: k=188.09278467165828, f_best=4.737295627593994, f_min=4.218276973147113
2025-04-26 14:28:21,455 - INFO - Node 7: k=152.6241599881199, f_best=4.1603007316589355, f_min=1.50435060032396
2025-04-26 14:28:21,456 - INFO - Node 8: k=140.94585109448494, f_best=4.7153849601745605, f_min=3.089770933982436
2025-04-26 14:28:21,456 - INFO - Node 9: k=114.36771572422667, f_best=4.160202503204346, f_min=3.827232895070665
2025-04-26 14:28:21,456 - INFO - Node 10: k=109.90512685438014, f_best=4.737890720367432, f_min=4.40736994985491
2025-04-26 14:28:21,456 - INFO - Node 11: k=105.61666666494985, f_best=4.157199859619141, f_min=4.127813631259414
2025-04-26 14:28:21,456 - INFO - cur_node_number 26,f_best 4.157199859619141,f_min 4.127813631259414,k 105.61666666494985
2025-04-26 14:28:21,456 - INFO - f_best_current 4.157199859619141,f_min 4.127813631259414
2025-04-26 14:28:21,456 - INFO - 结束,fmin= 4.127813631259414, fbestmin=4.157199859619141
