2025-04-26 17:46:21,443 - INFO - Namespace(log_file='outputs/dnn1/img[3]/max/DNN1img3_label8.log', image_path='img[3].png', model_path='network/SimpleNN14.pth', label=8, init_epsilon=0.05, epsilon=0.01, ep=1, min=0)
2025-04-26 17:46:21,454 - INFO - Model output max(1): torch.return_types.max(
values=tensor([3.4357], grad_fn=<MaxBackward0>),
indices=tensor([3]))
2025-04-26 17:46:25,037 - INFO - cur_node_number 1,f_best -2.9778940677642822,f_min -5.315129687212902,k 494.33250853719994
2025-04-26 17:46:25,037 - INFO - f_best_current -2.9778940677642822,f_min -5.315129687212902
2025-04-26 17:46:30,597 - INFO - tree_node.f_best*ep:-2.9778940677642822,left_f_best-2.2926859855651855,right_f_best-2.9989094734191895,i:1
2025-04-26 17:46:47,648 - INFO - 添加左子节点，右子节点，len(queue):2
2025-04-26 17:46:47,648 - INFO - Node 1: k=494.33250853719994, f_best=-2.9778940677642822, f_min=-5.315129687212902
2025-04-26 17:46:47,649 - INFO - Node 2: k=111.00417812292395, f_best=-2.2926859855651855, f_min=-2.5957280134980465
2025-04-26 17:46:47,649 - INFO - Node 3: k=107.73956166491534, f_best=-2.9989094734191895, f_min=-3.5028159565567876
2025-04-26 17:46:47,649 - INFO - cur_node_number 2,f_best -2.9989094734191895,f_min -3.5028159565567876,k 107.73956166491534
2025-04-26 17:46:47,649 - INFO - f_best_current -2.9989094734191895,f_min -3.5028159565567876
2025-04-26 17:46:53,370 - INFO - tree_node.f_best*ep:-2.9989094734191895,left_f_best-2.3416852951049805,right_f_best-2.9887070655822754,i:1
2025-04-26 17:46:59,271 - INFO - tree_node.f_best*ep:-2.9989094734191895,left_f_best-2.3402020931243896,right_f_best-3.0044400691986084,i:2
2025-04-26 17:47:16,618 - INFO - 添加左子节点，右子节点，len(queue):3
2025-04-26 17:47:16,618 - INFO - Node 1: k=494.33250853719994, f_best=-2.9778940677642822, f_min=-5.315129687212902
2025-04-26 17:47:16,618 - INFO - Node 2: k=111.00417812292395, f_best=-2.2926859855651855, f_min=-2.5957280134980465
2025-04-26 17:47:16,618 - INFO - Node 3: k=107.73956166491534, f_best=-2.9989094734191895, f_min=-3.5028159565567876
2025-04-26 17:47:16,619 - INFO - Node 4: k=117.83317187838647, f_best=-2.3402020931243896, f_min=-2.795634530784355
2025-04-26 17:47:16,619 - INFO - Node 5: k=116.66650681028362, f_best=-3.0044400691986084, f_min=-3.8291139847337945
2025-04-26 17:47:16,619 - INFO - cur_node_number 3,f_best -3.0044400691986084,f_min -3.8291139847337945,k 116.66650681028362
2025-04-26 17:47:16,619 - INFO - f_best_current -3.0044400691986084,f_min -3.8291139847337945
2025-04-26 17:47:16,619 - INFO - 回退,len(queue)=1
2025-04-26 17:47:22,180 - INFO - tree_node.f_best*ep:-2.9989094734191895,left_f_best-2.340932846069336,right_f_best-2.959287166595459,i:1
2025-04-26 17:47:28,007 - INFO - tree_node.f_best*ep:-2.9989094734191895,left_f_best-2.3425943851470947,right_f_best-2.998528003692627,i:2
2025-04-26 17:47:34,223 - INFO - tree_node.f_best*ep:-2.9989094734191895,left_f_best-2.335888385772705,right_f_best-3.019810914993286,i:3
2025-04-26 17:47:54,095 - INFO - 添加左子节点，右子节点，len(queue):3
2025-04-26 17:47:54,095 - INFO - Node 1: k=494.33250853719994, f_best=-2.9778940677642822, f_min=-5.315129687212902
2025-04-26 17:47:54,096 - INFO - Node 2: k=111.00417812292395, f_best=-2.2926859855651855, f_min=-2.5957280134980465
2025-04-26 17:47:54,096 - INFO - Node 3: k=116.66650681028362, f_best=-2.9989094734191895, f_min=-3.5028159565567876
2025-04-26 17:47:54,096 - INFO - Node 4: k=157.24882465991993, f_best=-2.335888385772705, f_min=-4.598193643552349
2025-04-26 17:47:54,096 - INFO - Node 5: k=133.33528894707624, f_best=-3.019810914993286, f_min=-3.578031384332917
2025-04-26 17:47:54,096 - INFO - cur_node_number 4,f_best -3.019810914993286,f_min -3.578031384332917,k 133.33528894707624
2025-04-26 17:47:54,096 - INFO - f_best_current -3.019810914993286,f_min -3.578031384332917
2025-04-26 17:47:54,096 - INFO - 回退,len(queue)=1
2025-04-26 17:47:59,791 - INFO - tree_node.f_best*ep:-2.9989094734191895,left_f_best-2.33941912651062,right_f_best-2.9828853607177734,i:1
2025-04-26 17:48:05,744 - INFO - tree_node.f_best*ep:-2.9989094734191895,left_f_best-2.3606603145599365,right_f_best-2.9844038486480713,i:2
2025-04-26 17:48:12,032 - INFO - tree_node.f_best*ep:-2.9989094734191895,left_f_best-2.341123580932617,right_f_best-3.011307716369629,i:3
2025-04-26 17:48:27,312 - INFO - 添加左子节点，右子节点，len(queue):3
2025-04-26 17:48:27,313 - INFO - Node 1: k=494.33250853719994, f_best=-2.9778940677642822, f_min=-5.315129687212902
2025-04-26 17:48:27,313 - INFO - Node 2: k=111.00417812292395, f_best=-2.2926859855651855, f_min=-2.5957280134980465
2025-04-26 17:48:27,313 - INFO - Node 3: k=133.33528894707624, f_best=-2.9989094734191895, f_min=-3.5028159565567876
2025-04-26 17:48:27,313 - INFO - Node 4: k=74.55630466288501, f_best=-2.341123580932617, f_min=-3.2231130944026063
2025-04-26 17:48:27,313 - INFO - Node 5: k=111.00417812292395, f_best=-3.011307716369629, f_min=-3.8413218122868784
2025-04-26 17:48:27,313 - INFO - cur_node_number 5,f_best -3.011307716369629,f_min -3.8413218122868784,k 111.00417812292395
2025-04-26 17:48:27,313 - INFO - f_best_current -3.011307716369629,f_min -3.8413218122868784
2025-04-26 17:48:32,908 - INFO - tree_node.f_best*ep:-3.011307716369629,left_f_best-2.33695125579834,right_f_best-2.9849071502685547,i:1
2025-04-26 17:48:38,885 - INFO - tree_node.f_best*ep:-3.011307716369629,left_f_best-2.3564281463623047,right_f_best-3.003415822982788,i:2
2025-04-26 17:48:45,231 - INFO - tree_node.f_best*ep:-3.011307716369629,left_f_best-2.366847515106201,right_f_best-3.013437032699585,i:3
2025-04-26 17:49:05,362 - INFO - 添加左子节点，右子节点，len(queue):4
2025-04-26 17:49:05,362 - INFO - Node 1: k=494.33250853719994, f_best=-2.9778940677642822, f_min=-5.315129687212902
2025-04-26 17:49:05,362 - INFO - Node 2: k=111.00417812292395, f_best=-2.2926859855651855, f_min=-2.5957280134980465
2025-04-26 17:49:05,362 - INFO - Node 3: k=133.33528894707624, f_best=-2.9989094734191895, f_min=-3.5028159565567876
2025-04-26 17:49:05,362 - INFO - Node 4: k=74.55630466288501, f_best=-2.341123580932617, f_min=-3.2231130944026063
2025-04-26 17:49:05,362 - INFO - Node 5: k=111.00417812292395, f_best=-3.011307716369629, f_min=-3.8413218122868784
2025-04-26 17:49:05,362 - INFO - Node 6: k=207.77145157851922, f_best=-2.366847515106201, f_min=-2.8749507178777094
2025-04-26 17:49:05,362 - INFO - Node 7: k=157.24882465991993, f_best=-3.013437032699585, f_min=-4.34687128042151
2025-04-26 17:49:05,363 - INFO - cur_node_number 6,f_best -3.013437032699585,f_min -4.34687128042151,k 157.24882465991993
2025-04-26 17:49:05,363 - INFO - f_best_current -3.013437032699585,f_min -4.34687128042151
2025-04-26 17:49:05,363 - INFO - 回退,len(queue)=2
2025-04-26 17:49:05,363 - INFO - 回退,len(queue)=1
2025-04-26 17:49:10,934 - INFO - tree_node.f_best*ep:-2.9989094734191895,left_f_best-2.33736252784729,right_f_best-2.978823184967041,i:1
2025-04-26 17:49:16,932 - INFO - tree_node.f_best*ep:-2.9989094734191895,left_f_best-2.3657569885253906,right_f_best-2.9984002113342285,i:2
2025-04-26 17:49:23,316 - INFO - tree_node.f_best*ep:-2.9989094734191895,left_f_best-2.3556079864501953,right_f_best-3.0085999965667725,i:3
2025-04-26 17:49:40,965 - INFO - 添加左子节点，右子节点，len(queue):3
2025-04-26 17:49:40,966 - INFO - Node 1: k=494.33250853719994, f_best=-2.9778940677642822, f_min=-5.315129687212902
2025-04-26 17:49:40,966 - INFO - Node 2: k=111.00417812292395, f_best=-2.2926859855651855, f_min=-2.5957280134980465
2025-04-26 17:49:40,966 - INFO - Node 3: k=157.24882465991993, f_best=-2.9989094734191895, f_min=-3.5028159565567876
2025-04-26 17:49:40,966 - INFO - Node 4: k=107.73956166491534, f_best=-2.3556079864501953, f_min=-2.8283325000788864
2025-04-26 17:49:40,966 - INFO - Node 5: k=131.46274005188954, f_best=-3.0085999965667725, f_min=-6.230477049775345
2025-04-26 17:49:40,966 - INFO - cur_node_number 7,f_best -3.0085999965667725,f_min -6.230477049775345,k 131.46274005188954
2025-04-26 17:49:40,966 - INFO - f_best_current -3.0085999965667725,f_min -6.230477049775345
2025-04-26 17:49:46,605 - INFO - tree_node.f_best*ep:-3.0085999965667725,left_f_best-2.330430030822754,right_f_best-2.9832444190979004,i:1
2025-04-26 17:49:52,495 - INFO - tree_node.f_best*ep:-3.0085999965667725,left_f_best-2.352571487426758,right_f_best-2.9978606700897217,i:2
2025-04-26 17:49:58,660 - INFO - tree_node.f_best*ep:-3.0085999965667725,left_f_best-2.353689432144165,right_f_best-3.005959987640381,i:3
2025-04-26 17:50:05,113 - INFO - tree_node.f_best*ep:-3.0085999965667725,left_f_best-2.380098819732666,right_f_best-3.0221736431121826,i:4
2025-04-26 17:50:22,822 - INFO - 添加左子节点，右子节点，len(queue):4
2025-04-26 17:50:22,822 - INFO - Node 1: k=494.33250853719994, f_best=-2.9778940677642822, f_min=-5.315129687212902
2025-04-26 17:50:22,823 - INFO - Node 2: k=111.00417812292395, f_best=-2.2926859855651855, f_min=-2.5957280134980465
2025-04-26 17:50:22,823 - INFO - Node 3: k=157.24882465991993, f_best=-2.9989094734191895, f_min=-3.5028159565567876
2025-04-26 17:50:22,823 - INFO - Node 4: k=107.73956166491534, f_best=-2.3556079864501953, f_min=-2.8283325000788864
2025-04-26 17:50:22,823 - INFO - Node 5: k=131.46274005188954, f_best=-3.0085999965667725, f_min=-6.230477049775345
2025-04-26 17:50:22,823 - INFO - Node 6: k=102.51049612195838, f_best=-2.380098819732666, f_min=-3.5724921256407924
2025-04-26 17:50:22,823 - INFO - Node 7: k=145.21665132849893, f_best=-3.0221736431121826, f_min=-3.701980364766314
2025-04-26 17:50:22,823 - INFO - cur_node_number 8,f_best -3.0221736431121826,f_min -3.701980364766314,k 145.21665132849893
2025-04-26 17:50:22,823 - INFO - f_best_current -3.0221736431121826,f_min -3.701980364766314
2025-04-26 17:50:22,823 - INFO - 回退,len(queue)=2
2025-04-26 17:50:28,505 - INFO - tree_node.f_best*ep:-3.0085999965667725,left_f_best-2.353064775466919,right_f_best-2.971982955932617,i:1
2025-04-26 17:50:34,416 - INFO - tree_node.f_best*ep:-3.0085999965667725,left_f_best-2.3413729667663574,right_f_best-3.004732608795166,i:2
2025-04-26 17:50:40,759 - INFO - tree_node.f_best*ep:-3.0085999965667725,left_f_best-2.3595054149627686,right_f_best-3.0167622566223145,i:3
2025-04-26 17:50:59,686 - INFO - 添加左子节点，右子节点，len(queue):4
2025-04-26 17:50:59,686 - INFO - Node 1: k=494.33250853719994, f_best=-2.9778940677642822, f_min=-5.315129687212902
2025-04-26 17:50:59,686 - INFO - Node 2: k=111.00417812292395, f_best=-2.2926859855651855, f_min=-2.5957280134980465
2025-04-26 17:50:59,686 - INFO - Node 3: k=157.24882465991993, f_best=-2.9989094734191895, f_min=-3.5028159565567876
2025-04-26 17:50:59,686 - INFO - Node 4: k=107.73956166491534, f_best=-2.3556079864501953, f_min=-2.8283325000788864
2025-04-26 17:50:59,687 - INFO - Node 5: k=145.21665132849893, f_best=-3.0085999965667725, f_min=-6.230477049775345
2025-04-26 17:50:59,687 - INFO - Node 6: k=184.38661373557323, f_best=-2.3595054149627686, f_min=-6.227933470106109
2025-04-26 17:50:59,687 - INFO - Node 7: k=119.01150359717033, f_best=-3.0167622566223145, f_min=-3.2594901782090346
2025-04-26 17:50:59,687 - INFO - cur_node_number 9,f_best -3.0167622566223145,f_min -3.2594901782090346,k 119.01150359717033
2025-04-26 17:50:59,687 - INFO - f_best_current -3.0167622566223145,f_min -3.2594901782090346
2025-04-26 17:51:05,353 - INFO - tree_node.f_best*ep:-3.0167622566223145,left_f_best-2.3267388343811035,right_f_best-2.9770402908325195,i:1
2025-04-26 17:51:11,273 - INFO - tree_node.f_best*ep:-3.0167622566223145,left_f_best-2.3446877002716064,right_f_best-2.99452805519104,i:2
2025-04-26 17:51:17,487 - INFO - tree_node.f_best*ep:-3.0167622566223145,left_f_best-2.342806100845337,right_f_best-3.014214277267456,i:3
2025-04-26 17:51:24,132 - INFO - tree_node.f_best*ep:-3.0167622566223145,left_f_best-2.3637051582336426,right_f_best-3.0204060077667236,i:4
2025-04-26 17:51:42,497 - INFO - 添加左子节点，右子节点，len(queue):5
2025-04-26 17:51:42,498 - INFO - Node 1: k=494.33250853719994, f_best=-2.9778940677642822, f_min=-5.315129687212902
2025-04-26 17:51:42,498 - INFO - Node 2: k=111.00417812292395, f_best=-2.2926859855651855, f_min=-2.5957280134980465
2025-04-26 17:51:42,498 - INFO - Node 3: k=157.24882465991993, f_best=-2.9989094734191895, f_min=-3.5028159565567876
2025-04-26 17:51:42,498 - INFO - Node 4: k=107.73956166491534, f_best=-2.3556079864501953, f_min=-2.8283325000788864
2025-04-26 17:51:42,498 - INFO - Node 5: k=145.21665132849893, f_best=-3.0085999965667725, f_min=-6.230477049775345
2025-04-26 17:51:42,498 - INFO - Node 6: k=184.38661373557323, f_best=-2.3595054149627686, f_min=-6.227933470106109
2025-04-26 17:51:42,498 - INFO - Node 7: k=119.01150359717033, f_best=-3.0167622566223145, f_min=-3.2594901782090346
2025-04-26 17:51:42,498 - INFO - Node 8: k=160.40952603558432, f_best=-2.3637051582336426, f_min=-2.890766027554946
2025-04-26 17:51:42,498 - INFO - Node 9: k=97.53521967958807, f_best=-3.0204060077667236, f_min=-3.2937975911245303
2025-04-26 17:51:42,498 - INFO - cur_node_number 10,f_best -3.0204060077667236,f_min -3.2937975911245303,k 97.53521967958807
2025-04-26 17:51:42,498 - INFO - f_best_current -3.0204060077667236,f_min -3.2937975911245303
2025-04-26 17:51:48,091 - INFO - tree_node.f_best*ep:-3.0204060077667236,left_f_best-2.344482898712158,right_f_best-2.9637327194213867,i:1
2025-04-26 17:51:53,825 - INFO - tree_node.f_best*ep:-3.0204060077667236,left_f_best-2.3558382987976074,right_f_best-2.994387149810791,i:2
2025-04-26 17:51:59,852 - INFO - tree_node.f_best*ep:-3.0204060077667236,left_f_best-2.341327667236328,right_f_best-2.9943959712982178,i:3
2025-04-26 17:52:06,346 - INFO - tree_node.f_best*ep:-3.0204060077667236,left_f_best-2.3742904663085938,right_f_best-3.016662120819092,i:4
2025-04-26 17:52:13,283 - INFO - tree_node.f_best*ep:-3.0204060077667236,left_f_best-2.378962755203247,right_f_best-3.022655963897705,i:5
2025-04-26 17:52:30,481 - INFO - 添加左子节点，右子节点，len(queue):6
2025-04-26 17:52:30,481 - INFO - Node 1: k=494.33250853719994, f_best=-2.9778940677642822, f_min=-5.315129687212902
2025-04-26 17:52:30,481 - INFO - Node 2: k=111.00417812292395, f_best=-2.2926859855651855, f_min=-2.5957280134980465
2025-04-26 17:52:30,481 - INFO - Node 3: k=157.24882465991993, f_best=-2.9989094734191895, f_min=-3.5028159565567876
2025-04-26 17:52:30,481 - INFO - Node 4: k=107.73956166491534, f_best=-2.3556079864501953, f_min=-2.8283325000788864
2025-04-26 17:52:30,481 - INFO - Node 5: k=145.21665132849893, f_best=-3.0085999965667725, f_min=-6.230477049775345
2025-04-26 17:52:30,481 - INFO - Node 6: k=184.38661373557323, f_best=-2.3595054149627686, f_min=-6.227933470106109
2025-04-26 17:52:30,481 - INFO - Node 7: k=119.01150359717033, f_best=-3.0167622566223145, f_min=-3.2594901782090346
2025-04-26 17:52:30,481 - INFO - Node 8: k=160.40952603558432, f_best=-2.3637051582336426, f_min=-2.890766027554946
2025-04-26 17:52:30,482 - INFO - Node 9: k=97.53521967958807, f_best=-3.0204060077667236, f_min=-3.2937975911245303
2025-04-26 17:52:30,482 - INFO - Node 10: k=111.00417812292395, f_best=-2.378962755203247, f_min=-2.8290616260997012
2025-04-26 17:52:30,482 - INFO - Node 11: k=100.49063437109928, f_best=-3.022655963897705, f_min=-3.6431482868788407
2025-04-26 17:52:30,482 - INFO - cur_node_number 11,f_best -3.022655963897705,f_min -3.6431482868788407,k 100.49063437109928
2025-04-26 17:52:30,482 - INFO - f_best_current -3.022655963897705,f_min -3.6431482868788407
2025-04-26 17:52:30,482 - INFO - 回退,len(queue)=4
2025-04-26 17:52:36,169 - INFO - tree_node.f_best*ep:-3.0204060077667236,left_f_best-2.32045841217041,right_f_best-2.988584518432617,i:1
2025-04-26 17:52:42,151 - INFO - tree_node.f_best*ep:-3.0204060077667236,left_f_best-2.3405659198760986,right_f_best-3.000772476196289,i:2
2025-04-26 17:52:48,446 - INFO - tree_node.f_best*ep:-3.0204060077667236,left_f_best-2.370128870010376,right_f_best-2.990452289581299,i:3
2025-04-26 17:52:54,998 - INFO - tree_node.f_best*ep:-3.0204060077667236,left_f_best-2.3740932941436768,right_f_best-3.015413761138916,i:4
2025-04-26 17:53:01,850 - INFO - tree_node.f_best*ep:-3.0204060077667236,left_f_best-2.3730039596557617,right_f_best-3.0227408409118652,i:5
2025-04-26 17:53:18,776 - INFO - 添加左子节点，右子节点，len(queue):6
2025-04-26 17:53:18,776 - INFO - Node 1: k=494.33250853719994, f_best=-2.9778940677642822, f_min=-5.315129687212902
2025-04-26 17:53:18,776 - INFO - Node 2: k=111.00417812292395, f_best=-2.2926859855651855, f_min=-2.5957280134980465
2025-04-26 17:53:18,776 - INFO - Node 3: k=157.24882465991993, f_best=-2.9989094734191895, f_min=-3.5028159565567876
2025-04-26 17:53:18,776 - INFO - Node 4: k=107.73956166491534, f_best=-2.3556079864501953, f_min=-2.8283325000788864
2025-04-26 17:53:18,776 - INFO - Node 5: k=145.21665132849893, f_best=-3.0085999965667725, f_min=-6.230477049775345
2025-04-26 17:53:18,776 - INFO - Node 6: k=184.38661373557323, f_best=-2.3595054149627686, f_min=-6.227933470106109
2025-04-26 17:53:18,776 - INFO - Node 7: k=119.01150359717033, f_best=-3.0167622566223145, f_min=-3.2594901782090346
2025-04-26 17:53:18,776 - INFO - Node 8: k=160.40952603558432, f_best=-2.3637051582336426, f_min=-2.890766027554946
2025-04-26 17:53:18,776 - INFO - Node 9: k=100.49063437109928, f_best=-3.0204060077667236, f_min=-3.2937975911245303
2025-04-26 17:53:18,776 - INFO - Node 10: k=120.20161863314203, f_best=-2.3730039596557617, f_min=-2.945550032315168
2025-04-26 17:53:18,776 - INFO - Node 11: k=104.57095709400974, f_best=-3.0227408409118652, f_min=-4.513289959727899
2025-04-26 17:53:18,776 - INFO - cur_node_number 12,f_best -3.0227408409118652,f_min -4.513289959727899,k 104.57095709400974
2025-04-26 17:53:18,776 - INFO - f_best_current -3.0227408409118652,f_min -4.513289959727899
2025-04-26 17:53:18,776 - INFO - 回退,len(queue)=4
2025-04-26 17:53:24,433 - INFO - tree_node.f_best*ep:-3.0204060077667236,left_f_best-2.3381893634796143,right_f_best-2.9915261268615723,i:1
2025-04-26 17:53:30,416 - INFO - tree_node.f_best*ep:-3.0204060077667236,left_f_best-2.3584651947021484,right_f_best-3.007805347442627,i:2
2025-04-26 17:53:36,582 - INFO - tree_node.f_best*ep:-3.0204060077667236,left_f_best-2.355104923248291,right_f_best-3.0205447673797607,i:3
2025-04-26 17:53:55,463 - INFO - 添加左子节点，右子节点，len(queue):6
2025-04-26 17:53:55,463 - INFO - Node 1: k=494.33250853719994, f_best=-2.9778940677642822, f_min=-5.315129687212902
2025-04-26 17:53:55,463 - INFO - Node 2: k=111.00417812292395, f_best=-2.2926859855651855, f_min=-2.5957280134980465
2025-04-26 17:53:55,464 - INFO - Node 3: k=157.24882465991993, f_best=-2.9989094734191895, f_min=-3.5028159565567876
2025-04-26 17:53:55,464 - INFO - Node 4: k=107.73956166491534, f_best=-2.3556079864501953, f_min=-2.8283325000788864
2025-04-26 17:53:55,464 - INFO - Node 5: k=145.21665132849893, f_best=-3.0085999965667725, f_min=-6.230477049775345
2025-04-26 17:53:55,464 - INFO - Node 6: k=184.38661373557323, f_best=-2.3595054149627686, f_min=-6.227933470106109
2025-04-26 17:53:55,464 - INFO - Node 7: k=119.01150359717033, f_best=-3.0167622566223145, f_min=-3.2594901782090346
2025-04-26 17:53:55,464 - INFO - Node 8: k=160.40952603558432, f_best=-2.3637051582336426, f_min=-2.890766027554946
2025-04-26 17:53:55,464 - INFO - Node 9: k=104.57095709400974, f_best=-3.0204060077667236, f_min=-3.2937975911245303
2025-04-26 17:53:55,464 - INFO - Node 10: k=121.40363481947345, f_best=-2.355104923248291, f_min=-2.843241362757908
2025-04-26 17:53:55,464 - INFO - Node 11: k=162.6943915468067, f_best=-3.0205447673797607, f_min=-3.035241888240307
2025-04-26 17:53:55,464 - INFO - cur_node_number 13,f_best -3.0205447673797607,f_min -3.035241888240307,k 162.6943915468067
2025-04-26 17:53:55,465 - INFO - f_best_current -3.0205447673797607,f_min -3.035241888240307
2025-04-26 17:53:55,465 - INFO - 结束,fmin= -3.035241888240307, fbestmin=-3.0205447673797607
