2025-04-29 20:04:19,289 - INFO - Namespace(log_file='outputs/dnn1/img[3]/max/DNN1img3_label4.log', image_path='img[3].png', model_path='network/DNN1.pth', label=4, init_epsilon=0.05, epsilon=0.01, ep=1, min=0)
2025-04-29 20:04:19,307 - INFO - Model output max(1): torch.return_types.max(
values=tensor([3.4357], grad_fn=<MaxBackward0>),
indices=tensor([3]))
2025-04-29 20:04:22,713 - INFO - cur_node_number 1,f_best -0.3019210398197174,f_min -0.3678401339893753,k 468.43259592477216
2025-04-29 20:04:22,713 - INFO - f_best_current -0.3019210398197174,f_min -0.3678401339893753
2025-04-29 20:04:28,017 - INFO - tree_node.f_best*ep:-0.3019210398197174,left_f_best1.0989961624145508,right_f_best-0.3189336955547333,i:1
2025-04-29 20:04:43,479 - INFO - 添加左子节点，右子节点，len(queue):2
2025-04-29 20:04:43,479 - INFO - Node 1: k=468.43259592477216, f_best=-0.3019210398197174, f_min=-0.3678401339893753
2025-04-29 20:04:43,479 - INFO - Node 2: k=200.91735518687534, f_best=1.0989961624145508, f_min=0.6560390150921194
2025-04-29 20:04:43,479 - INFO - Node 3: k=305.1512487142845, f_best=-0.3189336955547333, f_min=-0.4377341906310903
2025-04-29 20:04:43,479 - INFO - cur_node_number 2,f_best -0.3189336955547333,f_min -0.4377341906310903,k 305.1512487142845
2025-04-29 20:04:43,479 - INFO - f_best_current -0.3189336955547333,f_min -0.4377341906310903
2025-04-29 20:04:48,613 - INFO - tree_node.f_best*ep:-0.3189336955547333,left_f_best1.0608571767807007,right_f_best-0.36000093817710876,i:1
2025-04-29 20:05:05,981 - INFO - 添加左子节点，右子节点，len(queue):3
2025-04-29 20:05:05,981 - INFO - Node 1: k=468.43259592477216, f_best=-0.3019210398197174, f_min=-0.3678401339893753
2025-04-29 20:05:05,981 - INFO - Node 2: k=200.91735518687534, f_best=1.0989961624145508, f_min=0.6560390150921194
2025-04-29 20:05:05,981 - INFO - Node 3: k=305.1512487142845, f_best=-0.3189336955547333, f_min=-0.4377341906310903
2025-04-29 20:05:05,981 - INFO - Node 4: k=262.84186782327305, f_best=1.0608571767807007, f_min=0.17365398923629982
2025-04-29 20:05:05,981 - INFO - Node 5: k=317.5416130685918, f_best=-0.36000093817710876, f_min=-5.717533355055821
2025-04-29 20:05:05,981 - INFO - cur_node_number 3,f_best -0.36000093817710876,f_min -5.717533355055821,k 317.5416130685918
2025-04-29 20:05:05,981 - INFO - f_best_current -0.36000093817710876,f_min -5.717533355055821
2025-04-29 20:05:05,981 - INFO - 回退,len(queue)=1
2025-04-29 20:05:11,517 - INFO - tree_node.f_best*ep:-0.3189336955547333,left_f_best1.0672091245651245,right_f_best-0.30330541729927063,i:1
2025-04-29 20:05:17,205 - INFO - tree_node.f_best*ep:-0.3189336955547333,left_f_best1.0559462308883667,right_f_best-0.35319676995277405,i:2
2025-04-29 20:05:33,815 - INFO - 添加左子节点，右子节点，len(queue):3
2025-04-29 20:05:33,815 - INFO - Node 1: k=468.43259592477216, f_best=-0.3019210398197174, f_min=-0.3678401339893753
2025-04-29 20:05:33,815 - INFO - Node 2: k=200.91735518687534, f_best=1.0989961624145508, f_min=0.6560390150921194
2025-04-29 20:05:33,816 - INFO - Node 3: k=317.5416130685918, f_best=-0.3189336955547333, f_min=-0.4377341906310903
2025-04-29 20:05:33,816 - INFO - Node 4: k=245.15735565171326, f_best=1.0559462308883667, f_min=0.7229067024190954
2025-04-29 20:05:33,816 - INFO - Node 5: k=284.6200790922407, f_best=-0.35319676995277405, f_min=-2.588386493454891
2025-04-29 20:05:33,816 - INFO - cur_node_number 4,f_best -0.35319676995277405,f_min -2.588386493454891,k 284.6200790922407
2025-04-29 20:05:33,816 - INFO - f_best_current -0.35319676995277405,f_min -2.588386493454891
2025-04-29 20:05:39,190 - INFO - tree_node.f_best*ep:-0.35319676995277405,left_f_best1.098995327949524,right_f_best-0.32070598006248474,i:1
2025-04-29 20:05:44,792 - INFO - tree_node.f_best*ep:-0.35319676995277405,left_f_best1.1018012762069702,right_f_best-0.3726417124271393,i:2
2025-04-29 20:06:00,648 - INFO - 添加左子节点，右子节点，len(queue):4
2025-04-29 20:06:00,648 - INFO - Node 1: k=468.43259592477216, f_best=-0.3019210398197174, f_min=-0.3678401339893753
2025-04-29 20:06:00,648 - INFO - Node 2: k=200.91735518687534, f_best=1.0989961624145508, f_min=0.6560390150921194
2025-04-29 20:06:00,649 - INFO - Node 3: k=317.5416130685918, f_best=-0.3189336955547333, f_min=-0.4377341906310903
2025-04-29 20:06:00,649 - INFO - Node 4: k=245.15735565171326, f_best=1.0559462308883667, f_min=0.7229067024190954
2025-04-29 20:06:00,649 - INFO - Node 5: k=284.6200790922407, f_best=-0.35319676995277405, f_min=-2.588386493454891
2025-04-29 20:06:00,649 - INFO - Node 6: k=237.94731408754652, f_best=1.1018012762069702, f_min=0.6153775192824469
2025-04-29 20:06:00,649 - INFO - Node 7: k=245.15735565171326, f_best=-0.3726417124271393, f_min=-4.167044179219374
2025-04-29 20:06:00,649 - INFO - cur_node_number 5,f_best -0.3726417124271393,f_min -4.167044179219374,k 245.15735565171326
2025-04-29 20:06:00,649 - INFO - f_best_current -0.3726417124271393,f_min -4.167044179219374
2025-04-29 20:06:06,020 - INFO - tree_node.f_best*ep:-0.3726417124271393,left_f_best1.0451420545578003,right_f_best-0.3040788471698761,i:1
2025-04-29 20:06:11,704 - INFO - tree_node.f_best*ep:-0.3726417124271393,left_f_best1.0397056341171265,right_f_best-0.359002023935318,i:2
2025-04-29 20:06:17,621 - INFO - tree_node.f_best*ep:-0.3726417124271393,left_f_best0.9960521459579468,right_f_best-0.3770824372768402,i:3
2025-04-29 20:06:35,155 - INFO - 添加左子节点，右子节点，len(queue):5
2025-04-29 20:06:35,156 - INFO - Node 1: k=468.43259592477216, f_best=-0.3019210398197174, f_min=-0.3678401339893753
2025-04-29 20:06:35,156 - INFO - Node 2: k=200.91735518687534, f_best=1.0989961624145508, f_min=0.6560390150921194
2025-04-29 20:06:35,156 - INFO - Node 3: k=317.5416130685918, f_best=-0.3189336955547333, f_min=-0.4377341906310903
2025-04-29 20:06:35,156 - INFO - Node 4: k=245.15735565171326, f_best=1.0559462308883667, f_min=0.7229067024190954
2025-04-29 20:06:35,156 - INFO - Node 5: k=284.6200790922407, f_best=-0.35319676995277405, f_min=-2.588386493454891
2025-04-29 20:06:35,156 - INFO - Node 6: k=237.94731408754652, f_best=1.1018012762069702, f_min=0.6153775192824469
2025-04-29 20:06:35,156 - INFO - Node 7: k=245.15735565171326, f_best=-0.3726417124271393, f_min=-4.167044179219374
2025-04-29 20:06:35,156 - INFO - Node 8: k=281.802058507169, f_best=0.9960521459579468, f_min=0.7618032024693093
2025-04-29 20:06:35,156 - INFO - Node 9: k=347.29058567755465, f_best=-0.3770824372768402, f_min=-0.41825121765577933
2025-04-29 20:06:35,156 - INFO - cur_node_number 6,f_best -0.3770824372768402,f_min -0.41825121765577933,k 347.29058567755465
2025-04-29 20:06:35,157 - INFO - f_best_current -0.3770824372768402,f_min -0.41825121765577933
2025-04-29 20:06:35,157 - INFO - 回退,len(queue)=3
2025-04-29 20:06:35,157 - INFO - 回退,len(queue)=2
2025-04-29 20:06:35,157 - INFO - 回退,len(queue)=1
2025-04-29 20:06:40,394 - INFO - tree_node.f_best*ep:-0.3189336955547333,left_f_best1.066890001296997,right_f_best-0.36117926239967346,i:1
2025-04-29 20:06:55,743 - INFO - 添加左子节点，右子节点，len(queue):3
2025-04-29 20:06:55,744 - INFO - Node 1: k=468.43259592477216, f_best=-0.3019210398197174, f_min=-0.3678401339893753
2025-04-29 20:06:55,744 - INFO - Node 2: k=200.91735518687534, f_best=1.0989961624145508, f_min=0.6560390150921194
2025-04-29 20:06:55,744 - INFO - Node 3: k=347.29058567755465, f_best=-0.3189336955547333, f_min=-0.4377341906310903
2025-04-29 20:06:55,744 - INFO - Node 4: k=257.66284464589063, f_best=1.066890001296997, f_min=-1.1920173922626418
2025-04-29 20:06:55,744 - INFO - Node 5: k=217.56470534116667, f_best=-0.36117926239967346, f_min=-2.628778901581427
2025-04-29 20:06:55,744 - INFO - cur_node_number 7,f_best -0.36117926239967346,f_min -2.628778901581427,k 217.56470534116667
2025-04-29 20:06:55,744 - INFO - f_best_current -0.36117926239967346,f_min -2.628778901581427
2025-04-29 20:07:01,027 - INFO - tree_node.f_best*ep:-0.36117926239967346,left_f_best1.0747050046920776,right_f_best-0.34470102190971375,i:1
2025-04-29 20:07:06,776 - INFO - tree_node.f_best*ep:-0.36117926239967346,left_f_best1.0428255796432495,right_f_best-0.3867211639881134,i:2
2025-04-29 20:07:23,343 - INFO - 添加左子节点，右子节点，len(queue):4
2025-04-29 20:07:23,344 - INFO - Node 1: k=468.43259592477216, f_best=-0.3019210398197174, f_min=-0.3678401339893753
2025-04-29 20:07:23,344 - INFO - Node 2: k=200.91735518687534, f_best=1.0989961624145508, f_min=0.6560390150921194
2025-04-29 20:07:23,344 - INFO - Node 3: k=347.29058567755465, f_best=-0.3189336955547333, f_min=-0.4377341906310903
2025-04-29 20:07:23,344 - INFO - Node 4: k=257.66284464589063, f_best=1.066890001296997, f_min=-1.1920173922626418
2025-04-29 20:07:23,344 - INFO - Node 5: k=217.56470534116667, f_best=-0.36117926239967346, f_min=-2.628778901581427
2025-04-29 20:07:23,344 - INFO - Node 6: k=293.2443521088147, f_best=1.0428255796432495, f_min=0.40154730897666013
2025-04-29 20:07:23,344 - INFO - Node 7: k=257.66284464589063, f_best=-0.3867211639881134, f_min=-1.6510045239019746
2025-04-29 20:07:23,344 - INFO - cur_node_number 8,f_best -0.3867211639881134,f_min -1.6510045239019746,k 257.66284464589063
2025-04-29 20:07:23,344 - INFO - f_best_current -0.3867211639881134,f_min -1.6510045239019746
2025-04-29 20:07:23,344 - INFO - 回退,len(queue)=2
2025-04-29 20:07:28,613 - INFO - tree_node.f_best*ep:-0.36117926239967346,left_f_best1.1381525993347168,right_f_best-0.353134423494339,i:1
2025-04-29 20:07:34,048 - INFO - tree_node.f_best*ep:-0.36117926239967346,left_f_best1.0627973079681396,right_f_best-0.3726460635662079,i:2
2025-04-29 20:07:47,992 - INFO - 添加左子节点，右子节点，len(queue):4
2025-04-29 20:07:47,993 - INFO - Node 1: k=468.43259592477216, f_best=-0.3019210398197174, f_min=-0.3678401339893753
2025-04-29 20:07:47,993 - INFO - Node 2: k=200.91735518687534, f_best=1.0989961624145508, f_min=0.6560390150921194
2025-04-29 20:07:47,993 - INFO - Node 3: k=347.29058567755465, f_best=-0.3189336955547333, f_min=-0.4377341906310903
2025-04-29 20:07:47,993 - INFO - Node 4: k=257.66284464589063, f_best=1.066890001296997, f_min=-1.1920173922626418
2025-04-29 20:07:47,993 - INFO - Node 5: k=257.66284464589063, f_best=-0.36117926239967346, f_min=-2.628778901581427
2025-04-29 20:07:47,993 - INFO - Node 6: k=195.0084054920604, f_best=1.0627973079681396, f_min=0.16480155604722313
2025-04-29 20:07:47,993 - INFO - Node 7: k=161.4162409942143, f_best=-0.3726460635662079, f_min=-1.9526999946374417
2025-04-29 20:07:47,993 - INFO - cur_node_number 9,f_best -0.3726460635662079,f_min -1.9526999946374417,k 161.4162409942143
2025-04-29 20:07:47,993 - INFO - f_best_current -0.3726460635662079,f_min -1.9526999946374417
2025-04-29 20:07:53,224 - INFO - tree_node.f_best*ep:-0.3726460635662079,left_f_best1.0477817058563232,right_f_best-0.3442750871181488,i:1
2025-04-29 20:07:58,794 - INFO - tree_node.f_best*ep:-0.3726460635662079,left_f_best1.0532575845718384,right_f_best-0.34864357113838196,i:2
2025-04-29 20:08:04,697 - INFO - tree_node.f_best*ep:-0.3726460635662079,left_f_best1.0139857530593872,right_f_best-0.3608989417552948,i:3
2025-04-29 20:08:10,854 - INFO - tree_node.f_best*ep:-0.3726460635662079,left_f_best1.0041676759719849,right_f_best-0.4057818353176117,i:4
2025-04-29 20:08:28,880 - INFO - 添加左子节点，右子节点，len(queue):5
2025-04-29 20:08:28,880 - INFO - Node 1: k=468.43259592477216, f_best=-0.3019210398197174, f_min=-0.3678401339893753
2025-04-29 20:08:28,880 - INFO - Node 2: k=200.91735518687534, f_best=1.0989961624145508, f_min=0.6560390150921194
2025-04-29 20:08:28,880 - INFO - Node 3: k=347.29058567755465, f_best=-0.3189336955547333, f_min=-0.4377341906310903
2025-04-29 20:08:28,880 - INFO - Node 4: k=257.66284464589063, f_best=1.066890001296997, f_min=-1.1920173922626418
2025-04-29 20:08:28,880 - INFO - Node 5: k=257.66284464589063, f_best=-0.36117926239967346, f_min=-2.628778901581427
2025-04-29 20:08:28,880 - INFO - Node 6: k=195.0084054920604, f_best=1.0627973079681396, f_min=0.16480155604722313
2025-04-29 20:08:28,881 - INFO - Node 7: k=161.4162409942143, f_best=-0.3726460635662079, f_min=-1.9526999946374417
2025-04-29 20:08:28,881 - INFO - Node 8: k=317.5416130685918, f_best=1.0041676759719849, f_min=0.5330409273292389
2025-04-29 20:08:28,881 - INFO - Node 9: k=387.46111353530694, f_best=-0.4057818353176117, f_min=-1.1397522692395796
2025-04-29 20:08:28,881 - INFO - cur_node_number 10,f_best -0.4057818353176117,f_min -1.1397522692395796,k 387.46111353530694
2025-04-29 20:08:28,881 - INFO - f_best_current -0.4057818353176117,f_min -1.1397522692395796
2025-04-29 20:08:28,881 - INFO - 回退,len(queue)=3
2025-04-29 20:08:28,881 - INFO - 回退,len(queue)=2
2025-04-29 20:08:28,881 - INFO - 回退,len(queue)=1
2025-04-29 20:08:33,973 - INFO - tree_node.f_best*ep:-0.3189336955547333,left_f_best1.0785645246505737,right_f_best-0.3218839466571808,i:1
2025-04-29 20:08:50,302 - INFO - 添加左子节点，右子节点，len(queue):3
2025-04-29 20:08:50,303 - INFO - Node 1: k=468.43259592477216, f_best=-0.3019210398197174, f_min=-0.3678401339893753
2025-04-29 20:08:50,303 - INFO - Node 2: k=200.91735518687534, f_best=1.0989961624145508, f_min=0.6560390150921194
2025-04-29 20:08:50,303 - INFO - Node 3: k=387.46111353530694, f_best=-0.3189336955547333, f_min=-0.4377341906310903
2025-04-29 20:08:50,303 - INFO - Node 4: k=337.076820926656, f_best=1.0785645246505737, f_min=-4.676391100592809
2025-04-29 20:08:50,303 - INFO - Node 5: k=239.32117587528325, f_best=-0.3218839466571808, f_min=-0.46373874224900646
2025-04-29 20:08:50,303 - INFO - cur_node_number 11,f_best -0.3218839466571808,f_min -0.46373874224900646,k 239.32117587528325
2025-04-29 20:08:50,303 - INFO - f_best_current -0.3218839466571808,f_min -0.46373874224900646
2025-04-29 20:08:55,529 - INFO - tree_node.f_best*ep:-0.3218839466571808,left_f_best1.0498484373092651,right_f_best-0.33445265889167786,i:1
2025-04-29 20:09:12,804 - INFO - 添加左子节点，右子节点，len(queue):4
2025-04-29 20:09:12,804 - INFO - Node 1: k=468.43259592477216, f_best=-0.3019210398197174, f_min=-0.3678401339893753
2025-04-29 20:09:12,804 - INFO - Node 2: k=200.91735518687534, f_best=1.0989961624145508, f_min=0.6560390150921194
2025-04-29 20:09:12,804 - INFO - Node 3: k=387.46111353530694, f_best=-0.3189336955547333, f_min=-0.4377341906310903
2025-04-29 20:09:12,804 - INFO - Node 4: k=337.076820926656, f_best=1.0785645246505737, f_min=-4.676391100592809
2025-04-29 20:09:12,804 - INFO - Node 5: k=239.32117587528325, f_best=-0.3218839466571808, f_min=-0.46373874224900646
2025-04-29 20:09:12,805 - INFO - Node 6: k=281.802058507169, f_best=1.0498484373092651, f_min=-0.8824088633409701
2025-04-29 20:09:12,805 - INFO - Node 7: k=302.1299492220639, f_best=-0.33445265889167786, f_min=-3.3711290452292815
2025-04-29 20:09:12,805 - INFO - cur_node_number 12,f_best -0.33445265889167786,f_min -3.3711290452292815,k 302.1299492220639
2025-04-29 20:09:12,805 - INFO - f_best_current -0.33445265889167786,f_min -3.3711290452292815
2025-04-29 20:09:12,805 - INFO - 回退,len(queue)=2
2025-04-29 20:09:18,267 - INFO - tree_node.f_best*ep:-0.3218839466571808,left_f_best1.046777606010437,right_f_best-0.3056141436100006,i:1
2025-04-29 20:09:24,079 - INFO - tree_node.f_best*ep:-0.3218839466571808,left_f_best1.0652803182601929,right_f_best-0.3378978669643402,i:2
2025-04-29 20:09:43,425 - INFO - 添加左子节点，右子节点，len(queue):4
2025-04-29 20:09:43,426 - INFO - Node 1: k=468.43259592477216, f_best=-0.3019210398197174, f_min=-0.3678401339893753
2025-04-29 20:09:43,426 - INFO - Node 2: k=200.91735518687534, f_best=1.0989961624145508, f_min=0.6560390150921194
2025-04-29 20:09:43,426 - INFO - Node 3: k=387.46111353530694, f_best=-0.3189336955547333, f_min=-0.4377341906310903
2025-04-29 20:09:43,426 - INFO - Node 4: k=337.076820926656, f_best=1.0785645246505737, f_min=-4.676391100592809
2025-04-29 20:09:43,426 - INFO - Node 5: k=302.1299492220639, f_best=-0.3218839466571808, f_min=-0.46373874224900646
2025-04-29 20:09:43,426 - INFO - Node 6: k=383.6248648864425, f_best=1.0652803182601929, f_min=-5.449816660931901
2025-04-29 20:09:43,426 - INFO - Node 7: k=308.2027612014274, f_best=-0.3378978669643402, f_min=-1.8545829520871848
2025-04-29 20:09:43,426 - INFO - cur_node_number 13,f_best -0.3378978669643402,f_min -1.8545829520871848,k 308.2027612014274
2025-04-29 20:09:43,426 - INFO - f_best_current -0.3378978669643402,f_min -1.8545829520871848
2025-04-29 20:09:43,427 - INFO - 回退,len(queue)=2
2025-04-29 20:09:49,109 - INFO - tree_node.f_best*ep:-0.3218839466571808,left_f_best1.0492851734161377,right_f_best-0.32759544253349304,i:1
2025-04-29 20:10:05,021 - INFO - 添加左子节点，右子节点，len(queue):4
2025-04-29 20:10:05,021 - INFO - Node 1: k=468.43259592477216, f_best=-0.3019210398197174, f_min=-0.3678401339893753
2025-04-29 20:10:05,021 - INFO - Node 2: k=200.91735518687534, f_best=1.0989961624145508, f_min=0.6560390150921194
2025-04-29 20:10:05,021 - INFO - Node 3: k=387.46111353530694, f_best=-0.3189336955547333, f_min=-0.4377341906310903
2025-04-29 20:10:05,021 - INFO - Node 4: k=337.076820926656, f_best=1.0785645246505737, f_min=-4.676391100592809
2025-04-29 20:10:05,021 - INFO - Node 5: k=308.2027612014274, f_best=-0.3218839466571808, f_min=-0.46373874224900646
2025-04-29 20:10:05,021 - INFO - Node 6: k=233.25881196700962, f_best=1.0492851734161377, f_min=-1.440967889170679
2025-04-29 20:10:05,021 - INFO - Node 7: k=189.27323713367298, f_best=-0.32759544253349304, f_min=-2.0638455289918056
2025-04-29 20:10:05,022 - INFO - cur_node_number 14,f_best -0.32759544253349304,f_min -2.0638455289918056,k 189.27323713367298
2025-04-29 20:10:05,022 - INFO - f_best_current -0.32759544253349304,f_min -2.0638455289918056
2025-04-29 20:10:10,532 - INFO - tree_node.f_best*ep:-0.32759544253349304,left_f_best1.0730681419372559,right_f_best-0.28881731629371643,i:1
2025-04-29 20:10:16,291 - INFO - tree_node.f_best*ep:-0.32759544253349304,left_f_best1.046116828918457,right_f_best-0.35354289412498474,i:2
2025-04-29 20:10:34,017 - INFO - 添加左子节点，右子节点，len(queue):5
2025-04-29 20:10:34,017 - INFO - Node 1: k=468.43259592477216, f_best=-0.3019210398197174, f_min=-0.3678401339893753
2025-04-29 20:10:34,017 - INFO - Node 2: k=200.91735518687534, f_best=1.0989961624145508, f_min=0.6560390150921194
2025-04-29 20:10:34,017 - INFO - Node 3: k=387.46111353530694, f_best=-0.3189336955547333, f_min=-0.4377341906310903
2025-04-29 20:10:34,017 - INFO - Node 4: k=337.076820926656, f_best=1.0785645246505737, f_min=-4.676391100592809
2025-04-29 20:10:34,017 - INFO - Node 5: k=308.2027612014274, f_best=-0.3218839466571808, f_min=-0.46373874224900646
2025-04-29 20:10:34,017 - INFO - Node 6: k=233.25881196700962, f_best=1.0492851734161377, f_min=-1.440967889170679
2025-04-29 20:10:34,017 - INFO - Node 7: k=189.27323713367298, f_best=-0.32759544253349304, f_min=-2.0638455289918056
2025-04-29 20:10:34,017 - INFO - Node 8: k=323.9241994912705, f_best=1.046116828918457, f_min=1.0274838744580848
2025-04-29 20:10:34,018 - INFO - Node 9: k=260.23947309234956, f_best=-0.35354289412498474, f_min=-1.544729030034432
2025-04-29 20:10:34,018 - INFO - cur_node_number 15,f_best -0.35354289412498474,f_min -1.544729030034432,k 260.23947309234956
2025-04-29 20:10:34,018 - INFO - f_best_current -0.35354289412498474,f_min -1.544729030034432
2025-04-29 20:10:34,018 - INFO - 回退,len(queue)=3
2025-04-29 20:10:39,649 - INFO - tree_node.f_best*ep:-0.32759544253349304,left_f_best1.0586771965026855,right_f_best-0.34406039118766785,i:1
2025-04-29 20:10:56,386 - INFO - 添加左子节点，右子节点，len(queue):5
2025-04-29 20:10:56,386 - INFO - Node 1: k=468.43259592477216, f_best=-0.3019210398197174, f_min=-0.3678401339893753
2025-04-29 20:10:56,386 - INFO - Node 2: k=200.91735518687534, f_best=1.0989961624145508, f_min=0.6560390150921194
2025-04-29 20:10:56,386 - INFO - Node 3: k=387.46111353530694, f_best=-0.3189336955547333, f_min=-0.4377341906310903
2025-04-29 20:10:56,386 - INFO - Node 4: k=337.076820926656, f_best=1.0785645246505737, f_min=-4.676391100592809
2025-04-29 20:10:56,386 - INFO - Node 5: k=308.2027612014274, f_best=-0.3218839466571808, f_min=-0.46373874224900646
2025-04-29 20:10:56,386 - INFO - Node 6: k=233.25881196700962, f_best=1.0492851734161377, f_min=-1.440967889170679
2025-04-29 20:10:56,386 - INFO - Node 7: k=260.23947309234956, f_best=-0.32759544253349304, f_min=-2.0638455289918056
2025-04-29 20:10:56,386 - INFO - Node 8: k=215.41059934768978, f_best=1.0586771965026855, f_min=-3.6001968486725673
2025-04-29 20:10:56,387 - INFO - Node 9: k=279.01193911600893, f_best=-0.34406039118766785, f_min=-1.9430381086040143
2025-04-29 20:10:56,387 - INFO - cur_node_number 16,f_best -0.34406039118766785,f_min -1.9430381086040143,k 279.01193911600893
2025-04-29 20:10:56,387 - INFO - f_best_current -0.34406039118766785,f_min -1.9430381086040143
2025-04-29 20:10:56,387 - INFO - 回退,len(queue)=3
2025-04-29 20:11:02,136 - INFO - tree_node.f_best*ep:-0.32759544253349304,left_f_best1.0839152336120605,right_f_best-0.3734777867794037,i:1
2025-04-29 20:11:18,364 - INFO - 添加左子节点，右子节点，len(queue):5
2025-04-29 20:11:18,364 - INFO - Node 1: k=468.43259592477216, f_best=-0.3019210398197174, f_min=-0.3678401339893753
2025-04-29 20:11:18,364 - INFO - Node 2: k=200.91735518687534, f_best=1.0989961624145508, f_min=0.6560390150921194
2025-04-29 20:11:18,365 - INFO - Node 3: k=387.46111353530694, f_best=-0.3189336955547333, f_min=-0.4377341906310903
2025-04-29 20:11:18,365 - INFO - Node 4: k=337.076820926656, f_best=1.0785645246505737, f_min=-4.676391100592809
2025-04-29 20:11:18,365 - INFO - Node 5: k=308.2027612014274, f_best=-0.3218839466571808, f_min=-0.46373874224900646
2025-04-29 20:11:18,365 - INFO - Node 6: k=233.25881196700962, f_best=1.0492851734161377, f_min=-1.440967889170679
2025-04-29 20:11:18,365 - INFO - Node 7: k=279.01193911600893, f_best=-0.32759544253349304, f_min=-2.0638455289918056
2025-04-29 20:11:18,365 - INFO - Node 8: k=213.2778211363265, f_best=1.0839152336120605, f_min=0.9181751859377982
2025-04-29 20:11:18,365 - INFO - Node 9: k=242.7300551007062, f_best=-0.3734777867794037, f_min=-0.7719024847574474
2025-04-29 20:11:18,365 - INFO - cur_node_number 17,f_best -0.3734777867794037,f_min -0.7719024847574474,k 242.7300551007062
2025-04-29 20:11:18,365 - INFO - f_best_current -0.3734777867794037,f_min -0.7719024847574474
2025-04-29 20:11:23,948 - INFO - tree_node.f_best*ep:-0.3734777867794037,left_f_best1.0290786027908325,right_f_best-0.3398384749889374,i:1
2025-04-29 20:11:29,913 - INFO - tree_node.f_best*ep:-0.3734777867794037,left_f_best1.0432380437850952,right_f_best-0.3313876688480377,i:2
2025-04-29 20:11:36,158 - INFO - tree_node.f_best*ep:-0.3734777867794037,left_f_best0.9912779331207275,right_f_best-0.3616742193698883,i:3
2025-04-29 20:11:42,693 - INFO - tree_node.f_best*ep:-0.3734777867794037,left_f_best1.008845329284668,right_f_best-0.36051276326179504,i:4
2025-04-29 20:11:49,600 - INFO - tree_node.f_best*ep:-0.3734777867794037,left_f_best0.9790692329406738,right_f_best-0.3990340530872345,i:5
2025-04-29 20:12:07,913 - INFO - 添加左子节点，右子节点，len(queue):6
2025-04-29 20:12:07,913 - INFO - Node 1: k=468.43259592477216, f_best=-0.3019210398197174, f_min=-0.3678401339893753
2025-04-29 20:12:07,914 - INFO - Node 2: k=200.91735518687534, f_best=1.0989961624145508, f_min=0.6560390150921194
2025-04-29 20:12:07,914 - INFO - Node 3: k=387.46111353530694, f_best=-0.3189336955547333, f_min=-0.4377341906310903
2025-04-29 20:12:07,914 - INFO - Node 4: k=337.076820926656, f_best=1.0785645246505737, f_min=-4.676391100592809
2025-04-29 20:12:07,914 - INFO - Node 5: k=308.2027612014274, f_best=-0.3218839466571808, f_min=-0.46373874224900646
2025-04-29 20:12:07,914 - INFO - Node 6: k=233.25881196700962, f_best=1.0492851734161377, f_min=-1.440967889170679
2025-04-29 20:12:07,914 - INFO - Node 7: k=279.01193911600893, f_best=-0.32759544253349304, f_min=-2.0638455289918056
2025-04-29 20:12:07,914 - INFO - Node 8: k=213.2778211363265, f_best=1.0839152336120605, f_min=0.9181751859377982
2025-04-29 20:12:07,914 - INFO - Node 9: k=242.7300551007062, f_best=-0.3734777867794037, f_min=-0.7719024847574474
2025-04-29 20:12:07,914 - INFO - Node 10: k=296.17679562990287, f_best=0.9790692329406738, f_min=-0.8938482672938335
2025-04-29 20:12:07,914 - INFO - Node 11: k=247.6089292082304, f_best=-0.3990340530872345, f_min=-1.2273190275136585
2025-04-29 20:12:07,914 - INFO - cur_node_number 18,f_best -0.3990340530872345,f_min -1.2273190275136585,k 247.6089292082304
2025-04-29 20:12:07,914 - INFO - f_best_current -0.3990340530872345,f_min -1.2273190275136585
2025-04-29 20:12:07,915 - INFO - 回退,len(queue)=4
2025-04-29 20:12:14,339 - INFO - tree_node.f_best*ep:-0.3734777867794037,left_f_best1.065598726272583,right_f_best-0.30770424008369446,i:1
2025-04-29 20:12:21,645 - INFO - tree_node.f_best*ep:-0.3734777867794037,left_f_best1.0777121782302856,right_f_best-0.3398468792438507,i:2
2025-04-29 20:12:29,931 - INFO - tree_node.f_best*ep:-0.3734777867794037,left_f_best1.0844054222106934,right_f_best-0.36929354071617126,i:3
2025-04-29 20:12:38,592 - INFO - tree_node.f_best*ep:-0.3734777867794037,left_f_best0.9987713098526001,right_f_best-0.36829397082328796,i:4
2025-04-29 20:12:47,766 - INFO - tree_node.f_best*ep:-0.3734777867794037,left_f_best0.975622296333313,right_f_best-0.4099491536617279,i:5
2025-04-29 20:13:11,954 - INFO - 添加左子节点，右子节点，len(queue):6
2025-04-29 20:13:11,954 - INFO - Node 1: k=468.43259592477216, f_best=-0.3019210398197174, f_min=-0.3678401339893753
2025-04-29 20:13:11,954 - INFO - Node 2: k=200.91735518687534, f_best=1.0989961624145508, f_min=0.6560390150921194
2025-04-29 20:13:11,955 - INFO - Node 3: k=387.46111353530694, f_best=-0.3189336955547333, f_min=-0.4377341906310903
2025-04-29 20:13:11,955 - INFO - Node 4: k=337.076820926656, f_best=1.0785645246505737, f_min=-4.676391100592809
2025-04-29 20:13:11,955 - INFO - Node 5: k=308.2027612014274, f_best=-0.3218839466571808, f_min=-0.46373874224900646
2025-04-29 20:13:11,955 - INFO - Node 6: k=233.25881196700962, f_best=1.0492851734161377, f_min=-1.440967889170679
2025-04-29 20:13:11,955 - INFO - Node 7: k=279.01193911600893, f_best=-0.32759544253349304, f_min=-2.0638455289918056
2025-04-29 20:13:11,955 - INFO - Node 8: k=213.2778211363265, f_best=1.0839152336120605, f_min=0.9181751859377982
2025-04-29 20:13:11,955 - INFO - Node 9: k=247.6089292082304, f_best=-0.3734777867794037, f_min=-0.7719024847574474
2025-04-29 20:13:11,955 - INFO - Node 10: k=302.1299492220639, f_best=0.975622296333313, f_min=0.010047551265415677
2025-04-29 20:13:11,955 - INFO - Node 11: k=213.2778211363265, f_best=-0.4099491536617279, f_min=-0.5840356049529873
2025-04-29 20:13:11,956 - INFO - cur_node_number 19,f_best -0.4099491536617279,f_min -0.5840356049529873,k 213.2778211363265
2025-04-29 20:13:11,956 - INFO - f_best_current -0.4099491536617279,f_min -0.5840356049529873
2025-04-29 20:13:19,467 - INFO - tree_node.f_best*ep:-0.4099491536617279,left_f_best1.0693200826644897,right_f_best-0.3391668498516083,i:1
2025-04-29 20:13:27,284 - INFO - tree_node.f_best*ep:-0.4099491536617279,left_f_best1.0418881177902222,right_f_best-0.3737715780735016,i:2
2025-04-29 20:13:36,007 - INFO - tree_node.f_best*ep:-0.4099491536617279,left_f_best1.0187029838562012,right_f_best-0.30359289050102234,i:3
2025-04-29 20:13:44,805 - INFO - tree_node.f_best*ep:-0.4099491536617279,left_f_best0.9591950178146362,right_f_best-0.3883460462093353,i:4
2025-04-29 20:13:53,788 - INFO - tree_node.f_best*ep:-0.4099491536617279,left_f_best0.9754902124404907,right_f_best-0.39168497920036316,i:5
2025-04-29 20:14:03,274 - INFO - tree_node.f_best*ep:-0.4099491536617279,left_f_best0.959680438041687,right_f_best-0.41762444376945496,i:6
2025-04-29 20:14:25,133 - INFO - 添加左子节点，右子节点，len(queue):7
2025-04-29 20:14:25,133 - INFO - Node 1: k=468.43259592477216, f_best=-0.3019210398197174, f_min=-0.3678401339893753
2025-04-29 20:14:25,133 - INFO - Node 2: k=200.91735518687534, f_best=1.0989961624145508, f_min=0.6560390150921194
2025-04-29 20:14:25,133 - INFO - Node 3: k=387.46111353530694, f_best=-0.3189336955547333, f_min=-0.4377341906310903
2025-04-29 20:14:25,133 - INFO - Node 4: k=337.076820926656, f_best=1.0785645246505737, f_min=-4.676391100592809
2025-04-29 20:14:25,134 - INFO - Node 5: k=308.2027612014274, f_best=-0.3218839466571808, f_min=-0.46373874224900646
2025-04-29 20:14:25,134 - INFO - Node 6: k=233.25881196700962, f_best=1.0492851734161377, f_min=-1.440967889170679
2025-04-29 20:14:25,134 - INFO - Node 7: k=279.01193911600893, f_best=-0.32759544253349304, f_min=-2.0638455289918056
2025-04-29 20:14:25,134 - INFO - Node 8: k=213.2778211363265, f_best=1.0839152336120605, f_min=0.9181751859377982
2025-04-29 20:14:25,134 - INFO - Node 9: k=247.6089292082304, f_best=-0.3734777867794037, f_min=-0.7719024847574474
2025-04-29 20:14:25,134 - INFO - Node 10: k=302.1299492220639, f_best=0.975622296333313, f_min=0.010047551265415677
2025-04-29 20:14:25,134 - INFO - Node 11: k=213.2778211363265, f_best=-0.4099491536617279, f_min=-0.5840356049529873
2025-04-29 20:14:25,134 - INFO - Node 12: k=276.2494446693158, f_best=0.959680438041687, f_min=0.6308148060552412
2025-04-29 20:14:25,135 - INFO - Node 13: k=178.3039512029162, f_best=-0.41762444376945496, f_min=-0.73353713348979
2025-04-29 20:14:25,135 - INFO - cur_node_number 20,f_best -0.41762444376945496,f_min -0.73353713348979,k 178.3039512029162
2025-04-29 20:14:25,135 - INFO - f_best_current -0.41762444376945496,f_min -0.73353713348979
2025-04-29 20:14:32,503 - INFO - tree_node.f_best*ep:-0.41762444376945496,left_f_best1.050614356994629,right_f_best-0.3429943025112152,i:1
2025-04-29 20:14:40,178 - INFO - tree_node.f_best*ep:-0.41762444376945496,left_f_best1.0339616537094116,right_f_best-0.3455851376056671,i:2
2025-04-29 20:14:48,270 - INFO - tree_node.f_best*ep:-0.41762444376945496,left_f_best1.0065181255340576,right_f_best-0.37592801451683044,i:3
2025-04-29 20:14:56,665 - INFO - tree_node.f_best*ep:-0.41762444376945496,left_f_best0.9954462051391602,right_f_best-0.37870749831199646,i:4
2025-04-29 20:15:05,649 - INFO - tree_node.f_best*ep:-0.41762444376945496,left_f_best0.9994728565216064,right_f_best-0.42188355326652527,i:5
2025-04-29 20:15:28,644 - INFO - 添加左子节点，右子节点，len(queue):8
2025-04-29 20:15:28,644 - INFO - Node 1: k=468.43259592477216, f_best=-0.3019210398197174, f_min=-0.3678401339893753
2025-04-29 20:15:28,644 - INFO - Node 2: k=200.91735518687534, f_best=1.0989961624145508, f_min=0.6560390150921194
2025-04-29 20:15:28,644 - INFO - Node 3: k=387.46111353530694, f_best=-0.3189336955547333, f_min=-0.4377341906310903
2025-04-29 20:15:28,644 - INFO - Node 4: k=337.076820926656, f_best=1.0785645246505737, f_min=-4.676391100592809
2025-04-29 20:15:28,644 - INFO - Node 5: k=308.2027612014274, f_best=-0.3218839466571808, f_min=-0.46373874224900646
2025-04-29 20:15:28,644 - INFO - Node 6: k=233.25881196700962, f_best=1.0492851734161377, f_min=-1.440967889170679
2025-04-29 20:15:28,644 - INFO - Node 7: k=279.01193911600893, f_best=-0.32759544253349304, f_min=-2.0638455289918056
2025-04-29 20:15:28,645 - INFO - Node 8: k=213.2778211363265, f_best=1.0839152336120605, f_min=0.9181751859377982
2025-04-29 20:15:28,645 - INFO - Node 9: k=247.6089292082304, f_best=-0.3734777867794037, f_min=-0.7719024847574474
2025-04-29 20:15:28,645 - INFO - Node 10: k=302.1299492220639, f_best=0.975622296333313, f_min=0.010047551265415677
2025-04-29 20:15:28,645 - INFO - Node 11: k=213.2778211363265, f_best=-0.4099491536617279, f_min=-0.5840356049529873
2025-04-29 20:15:28,645 - INFO - Node 12: k=276.2494446693158, f_best=0.959680438041687, f_min=0.6308148060552412
2025-04-29 20:15:28,645 - INFO - Node 13: k=178.3039512029162, f_best=-0.41762444376945496, f_min=-0.73353713348979
2025-04-29 20:15:28,645 - INFO - Node 14: k=202.92652873874408, f_best=0.9994728565216064, f_min=-0.014730645159488631
2025-04-29 20:15:28,645 - INFO - Node 15: k=311.28478881344165, f_best=-0.42188355326652527, f_min=-0.544441747260862
2025-04-29 20:15:28,646 - INFO - cur_node_number 21,f_best -0.42188355326652527,f_min -0.544441747260862,k 311.28478881344165
2025-04-29 20:15:28,646 - INFO - f_best_current -0.42188355326652527,f_min -0.544441747260862
2025-04-29 20:15:28,646 - INFO - 回退,len(queue)=6
2025-04-29 20:15:28,646 - INFO - 回退,len(queue)=5
2025-04-29 20:15:28,646 - INFO - 回退,len(queue)=4
2025-04-29 20:15:28,646 - INFO - 回退,len(queue)=3
2025-04-29 20:15:28,646 - INFO - 回退,len(queue)=2
2025-04-29 20:15:36,164 - INFO - tree_node.f_best*ep:-0.3218839466571808,left_f_best1.0784567594528198,right_f_best-0.33870020508766174,i:1
2025-04-29 20:15:59,922 - INFO - 添加左子节点，右子节点，len(queue):4
2025-04-29 20:15:59,922 - INFO - Node 1: k=468.43259592477216, f_best=-0.3019210398197174, f_min=-0.3678401339893753
2025-04-29 20:15:59,922 - INFO - Node 2: k=200.91735518687534, f_best=1.0989961624145508, f_min=0.6560390150921194
2025-04-29 20:15:59,922 - INFO - Node 3: k=387.46111353530694, f_best=-0.3189336955547333, f_min=-0.4377341906310903
2025-04-29 20:15:59,922 - INFO - Node 4: k=337.076820926656, f_best=1.0785645246505737, f_min=-4.676391100592809
2025-04-29 20:15:59,922 - INFO - Node 5: k=311.28478881344165, f_best=-0.3218839466571808, f_min=-0.46373874224900646
2025-04-29 20:15:59,923 - INFO - Node 6: k=293.2443521088147, f_best=1.0784567594528198, f_min=-0.5496234245229061
2025-04-29 20:15:59,923 - INFO - Node 7: k=257.66284464589063, f_best=-0.33870020508766174, f_min=-1.4661528267452013
2025-04-29 20:15:59,923 - INFO - cur_node_number 22,f_best -0.33870020508766174,f_min -1.4661528267452013,k 257.66284464589063
2025-04-29 20:15:59,923 - INFO - f_best_current -0.33870020508766174,f_min -1.4661528267452013
2025-04-29 20:16:07,247 - INFO - tree_node.f_best*ep:-0.33870020508766174,left_f_best1.0481380224227905,right_f_best-0.31028756499290466,i:1
2025-04-29 20:16:14,919 - INFO - tree_node.f_best*ep:-0.33870020508766174,left_f_best1.0487977266311646,right_f_best-0.3333198130130768,i:2
2025-04-29 20:16:23,043 - INFO - tree_node.f_best*ep:-0.33870020508766174,left_f_best1.0528217554092407,right_f_best-0.34291836619377136,i:3
2025-04-29 20:16:49,147 - INFO - 添加左子节点，右子节点，len(queue):5
2025-04-29 20:16:49,147 - INFO - Node 1: k=468.43259592477216, f_best=-0.3019210398197174, f_min=-0.3678401339893753
2025-04-29 20:16:49,147 - INFO - Node 2: k=200.91735518687534, f_best=1.0989961624145508, f_min=0.6560390150921194
2025-04-29 20:16:49,148 - INFO - Node 3: k=387.46111353530694, f_best=-0.3189336955547333, f_min=-0.4377341906310903
2025-04-29 20:16:49,148 - INFO - Node 4: k=337.076820926656, f_best=1.0785645246505737, f_min=-4.676391100592809
2025-04-29 20:16:49,148 - INFO - Node 5: k=311.28478881344165, f_best=-0.3218839466571808, f_min=-0.46373874224900646
2025-04-29 20:16:49,148 - INFO - Node 6: k=293.2443521088147, f_best=1.0784567594528198, f_min=-0.5496234245229061
2025-04-29 20:16:49,148 - INFO - Node 7: k=257.66284464589063, f_best=-0.33870020508766174, f_min=-1.4661528267452013
2025-04-29 20:16:49,148 - INFO - Node 8: k=347.29058567755465, f_best=1.0528217554092407, f_min=0.2382049633160932
2025-04-29 20:16:49,148 - INFO - Node 9: k=361.39197609131196, f_best=-0.34291836619377136, f_min=-1.2831560333970629
2025-04-29 20:16:49,148 - INFO - cur_node_number 23,f_best -0.34291836619377136,f_min -1.2831560333970629,k 361.39197609131196
2025-04-29 20:16:49,149 - INFO - f_best_current -0.34291836619377136,f_min -1.2831560333970629
2025-04-29 20:16:49,149 - INFO - 回退,len(queue)=3
2025-04-29 20:16:49,149 - INFO - 回退,len(queue)=2
2025-04-29 20:16:56,608 - INFO - tree_node.f_best*ep:-0.3218839466571808,left_f_best1.0578423738479614,right_f_best-0.2942793071269989,i:1
2025-04-29 20:17:04,417 - INFO - tree_node.f_best*ep:-0.3218839466571808,left_f_best0.9972244501113892,right_f_best-0.33722880482673645,i:2
2025-04-29 20:17:26,961 - INFO - 添加左子节点，右子节点，len(queue):4
2025-04-29 20:17:26,961 - INFO - Node 1: k=468.43259592477216, f_best=-0.3019210398197174, f_min=-0.3678401339893753
2025-04-29 20:17:26,961 - INFO - Node 2: k=200.91735518687534, f_best=1.0989961624145508, f_min=0.6560390150921194
2025-04-29 20:17:26,961 - INFO - Node 3: k=387.46111353530694, f_best=-0.3189336955547333, f_min=-0.4377341906310903
2025-04-29 20:17:26,961 - INFO - Node 4: k=337.076820926656, f_best=1.0785645246505737, f_min=-4.676391100592809
2025-04-29 20:17:26,961 - INFO - Node 5: k=361.39197609131196, f_best=-0.3218839466571808, f_min=-0.46373874224900646
2025-04-29 20:17:26,962 - INFO - Node 6: k=250.08501850031269, f_best=0.9972244501113892, f_min=0.30731128840488964
2025-04-29 20:17:26,962 - INFO - Node 7: k=235.59140008667973, f_best=-0.33722880482673645, f_min=-0.38164613346089027
2025-04-29 20:17:26,962 - INFO - cur_node_number 24,f_best -0.33722880482673645,f_min -0.38164613346089027,k 235.59140008667973
2025-04-29 20:17:26,962 - INFO - f_best_current -0.33722880482673645,f_min -0.38164613346089027
2025-04-29 20:17:34,249 - INFO - tree_node.f_best*ep:-0.33722880482673645,left_f_best1.0825424194335938,right_f_best-0.355084627866745,i:1
2025-04-29 20:17:55,735 - INFO - 添加左子节点，右子节点，len(queue):5
2025-04-29 20:17:55,735 - INFO - Node 1: k=468.43259592477216, f_best=-0.3019210398197174, f_min=-0.3678401339893753
2025-04-29 20:17:55,735 - INFO - Node 2: k=200.91735518687534, f_best=1.0989961624145508, f_min=0.6560390150921194
2025-04-29 20:17:55,736 - INFO - Node 3: k=387.46111353530694, f_best=-0.3189336955547333, f_min=-0.4377341906310903
2025-04-29 20:17:55,736 - INFO - Node 4: k=337.076820926656, f_best=1.0785645246505737, f_min=-4.676391100592809
2025-04-29 20:17:55,736 - INFO - Node 5: k=361.39197609131196, f_best=-0.3218839466571808, f_min=-0.46373874224900646
2025-04-29 20:17:55,736 - INFO - Node 6: k=250.08501850031269, f_best=0.9972244501113892, f_min=0.30731128840488964
2025-04-29 20:17:55,736 - INFO - Node 7: k=235.59140008667973, f_best=-0.33722880482673645, f_min=-0.38164613346089027
2025-04-29 20:17:55,736 - INFO - Node 8: k=230.94931877921744, f_best=1.0825424194335938, f_min=0.15820806324882142
2025-04-29 20:17:55,736 - INFO - Node 9: k=196.958489546981, f_best=-0.355084627866745, f_min=-2.7830092907415747
2025-04-29 20:17:55,736 - INFO - cur_node_number 25,f_best -0.355084627866745,f_min -2.7830092907415747,k 196.958489546981
2025-04-29 20:17:55,737 - INFO - f_best_current -0.355084627866745,f_min -2.7830092907415747
2025-04-29 20:18:03,152 - INFO - tree_node.f_best*ep:-0.355084627866745,left_f_best1.090323567390442,right_f_best-0.33221694827079773,i:1
2025-04-29 20:18:10,998 - INFO - tree_node.f_best*ep:-0.355084627866745,left_f_best1.0222758054733276,right_f_best-0.3477303087711334,i:2
2025-04-29 20:18:19,242 - INFO - tree_node.f_best*ep:-0.355084627866745,left_f_best1.038793683052063,right_f_best-0.3799467384815216,i:3
2025-04-29 20:18:39,286 - INFO - 添加左子节点，右子节点，len(queue):6
2025-04-29 20:18:39,286 - INFO - Node 1: k=468.43259592477216, f_best=-0.3019210398197174, f_min=-0.3678401339893753
2025-04-29 20:18:39,286 - INFO - Node 2: k=200.91735518687534, f_best=1.0989961624145508, f_min=0.6560390150921194
2025-04-29 20:18:39,286 - INFO - Node 3: k=387.46111353530694, f_best=-0.3189336955547333, f_min=-0.4377341906310903
2025-04-29 20:18:39,286 - INFO - Node 4: k=337.076820926656, f_best=1.0785645246505737, f_min=-4.676391100592809
2025-04-29 20:18:39,287 - INFO - Node 5: k=361.39197609131196, f_best=-0.3218839466571808, f_min=-0.46373874224900646
2025-04-29 20:18:39,287 - INFO - Node 6: k=250.08501850031269, f_best=0.9972244501113892, f_min=0.30731128840488964
2025-04-29 20:18:39,287 - INFO - Node 7: k=235.59140008667973, f_best=-0.33722880482673645, f_min=-0.38164613346089027
2025-04-29 20:18:39,287 - INFO - Node 8: k=230.94931877921744, f_best=1.0825424194335938, f_min=0.15820806324882142
2025-04-29 20:18:39,287 - INFO - Node 9: k=196.958489546981, f_best=-0.355084627866745, f_min=-2.7830092907415747
2025-04-29 20:18:39,287 - INFO - Node 10: k=173.06005837412192, f_best=1.038793683052063, f_min=0.9144467705727948
2025-04-29 20:18:39,288 - INFO - Node 11: k=189.27323713367298, f_best=-0.3799467384815216, f_min=-0.7300056235085322
2025-04-29 20:18:39,288 - INFO - cur_node_number 26,f_best -0.3799467384815216,f_min -0.7300056235085322,k 189.27323713367298
2025-04-29 20:18:39,288 - INFO - f_best_current -0.3799467384815216,f_min -0.7300056235085322
2025-04-29 20:18:46,612 - INFO - tree_node.f_best*ep:-0.3799467384815216,left_f_best1.0597655773162842,right_f_best-0.2799626290798187,i:1
2025-04-29 20:18:54,132 - INFO - tree_node.f_best*ep:-0.3799467384815216,left_f_best1.0821480751037598,right_f_best-0.3641807734966278,i:2
2025-04-29 20:19:02,043 - INFO - tree_node.f_best*ep:-0.3799467384815216,left_f_best1.0250240564346313,right_f_best-0.35717567801475525,i:3
2025-04-29 20:19:10,393 - INFO - tree_node.f_best*ep:-0.3799467384815216,left_f_best1.0308977365493774,right_f_best-0.3609780967235565,i:4
2025-04-29 20:19:19,139 - INFO - tree_node.f_best*ep:-0.3799467384815216,left_f_best0.971197247505188,right_f_best-0.41334739327430725,i:5
2025-04-29 20:19:45,163 - INFO - 添加左子节点，右子节点，len(queue):7
2025-04-29 20:19:45,163 - INFO - Node 1: k=468.43259592477216, f_best=-0.3019210398197174, f_min=-0.3678401339893753
2025-04-29 20:19:45,163 - INFO - Node 2: k=200.91735518687534, f_best=1.0989961624145508, f_min=0.6560390150921194
2025-04-29 20:19:45,163 - INFO - Node 3: k=387.46111353530694, f_best=-0.3189336955547333, f_min=-0.4377341906310903
2025-04-29 20:19:45,163 - INFO - Node 4: k=337.076820926656, f_best=1.0785645246505737, f_min=-4.676391100592809
2025-04-29 20:19:45,163 - INFO - Node 5: k=361.39197609131196, f_best=-0.3218839466571808, f_min=-0.46373874224900646
2025-04-29 20:19:45,163 - INFO - Node 6: k=250.08501850031269, f_best=0.9972244501113892, f_min=0.30731128840488964
2025-04-29 20:19:45,163 - INFO - Node 7: k=235.59140008667973, f_best=-0.33722880482673645, f_min=-0.38164613346089027
2025-04-29 20:19:45,163 - INFO - Node 8: k=230.94931877921744, f_best=1.0825424194335938, f_min=0.15820806324882142
2025-04-29 20:19:45,164 - INFO - Node 9: k=196.958489546981, f_best=-0.355084627866745, f_min=-2.7830092907415747
2025-04-29 20:19:45,164 - INFO - Node 10: k=173.06005837412192, f_best=1.038793683052063, f_min=0.9144467705727948
2025-04-29 20:19:45,164 - INFO - Node 11: k=189.27323713367298, f_best=-0.3799467384815216, f_min=-0.7300056235085322
2025-04-29 20:19:45,164 - INFO - Node 12: k=323.9241994912705, f_best=0.971197247505188, f_min=0.0808306477356382
2025-04-29 20:19:45,164 - INFO - Node 13: k=379.8265988974678, f_best=-0.41334739327430725, f_min=-3.9169094182179833
2025-04-29 20:19:45,164 - INFO - cur_node_number 27,f_best -0.41334739327430725,f_min -3.9169094182179833,k 379.8265988974678
2025-04-29 20:19:45,164 - INFO - f_best_current -0.41334739327430725,f_min -3.9169094182179833
2025-04-29 20:19:45,164 - INFO - 回退,len(queue)=5
2025-04-29 20:19:45,164 - INFO - 回退,len(queue)=4
2025-04-29 20:19:45,165 - INFO - 回退,len(queue)=3
2025-04-29 20:19:45,165 - INFO - 回退,len(queue)=2
2025-04-29 20:19:52,618 - INFO - tree_node.f_best*ep:-0.3218839466571808,left_f_best1.0383059978485107,right_f_best-0.2875286042690277,i:1
2025-04-29 20:20:00,450 - INFO - tree_node.f_best*ep:-0.3218839466571808,left_f_best1.1026835441589355,right_f_best-0.38190940022468567,i:2
2025-04-29 20:20:24,966 - INFO - 添加左子节点，右子节点，len(queue):4
2025-04-29 20:20:24,966 - INFO - Node 1: k=468.43259592477216, f_best=-0.3019210398197174, f_min=-0.3678401339893753
2025-04-29 20:20:24,966 - INFO - Node 2: k=200.91735518687534, f_best=1.0989961624145508, f_min=0.6560390150921194
2025-04-29 20:20:24,966 - INFO - Node 3: k=387.46111353530694, f_best=-0.3189336955547333, f_min=-0.4377341906310903
2025-04-29 20:20:24,966 - INFO - Node 4: k=337.076820926656, f_best=1.0785645246505737, f_min=-4.676391100592809
2025-04-29 20:20:24,967 - INFO - Node 5: k=379.8265988974678, f_best=-0.3218839466571808, f_min=-0.46373874224900646
2025-04-29 20:20:24,967 - INFO - Node 6: k=290.34094268199476, f_best=1.1026835441589355, f_min=-1.430274835011005
2025-04-29 20:20:24,967 - INFO - Node 7: k=330.435075901045, f_best=-0.38190940022468567, f_min=-0.38546042041343753
2025-04-29 20:20:24,967 - INFO - cur_node_number 28,f_best -0.38190940022468567,f_min -0.38546042041343753,k 330.435075901045
2025-04-29 20:20:24,967 - INFO - f_best_current -0.38190940022468567,f_min -0.38546042041343753
2025-04-29 20:20:24,967 - INFO - 结束,fmin= -0.38546042041343753, fbestmin=-0.38190940022468567
