2025-04-29 00:46:12,827 - INFO - Namespace(log_file='outputs/DNN2/img[0]/max/DNN2img0_label2.log', image_path='img[0].png', model_path='network/DNN2.pth', label=2, init_epsilon=0.05, epsilon=0.01, ep=1, min=0)
2025-04-29 00:46:12,842 - INFO - Model output max(1): torch.return_types.max(
values=tensor([22.2606], grad_fn=<MaxBackward0>),
indices=tensor([0]))
2025-04-29 00:46:18,528 - INFO - cur_node_number 1,f_best -7.157201290130615,f_min -8.747217768863266,k 390.3604966039768
2025-04-29 00:46:18,529 - INFO - f_best_current -7.157201290130615,f_min -8.747217768863266
2025-04-29 00:46:27,366 - INFO - tree_node.f_best*ep:-7.157201290130615,left_f_best-5.788409233093262,right_f_best-6.947613716125488,i:1
2025-04-29 00:46:36,498 - INFO - tree_node.f_best*ep:-7.157201290130615,left_f_best-5.81328010559082,right_f_best-7.152003765106201,i:2
2025-04-29 00:46:46,011 - INFO - tree_node.f_best*ep:-7.157201290130615,left_f_best-5.898444175720215,right_f_best-7.185822010040283,i:3
2025-04-29 00:47:23,514 - INFO - 添加左子节点，右子节点，len(queue):2
2025-04-29 00:47:23,515 - INFO - Node 1: k=390.3604966039768, f_best=-7.157201290130615, f_min=-8.747217768863266
2025-04-29 00:47:23,515 - INFO - Node 2: k=206.13916915548535, f_best=-5.898444175720215, f_min=-8.45762839217059
2025-04-29 00:47:23,515 - INFO - Node 3: k=440.96688974373274, f_best=-7.185822010040283, f_min=-10.167904986663416
2025-04-29 00:47:23,515 - INFO - cur_node_number 2,f_best -7.185822010040283,f_min -10.167904986663416,k 440.96688974373274
2025-04-29 00:47:23,515 - INFO - f_best_current -7.185822010040283,f_min -10.167904986663416
2025-04-29 00:47:23,515 - INFO - 回退,len(queue)=0
2025-04-29 00:47:32,878 - INFO - tree_node.f_best*ep:-7.157201290130615,left_f_best-5.81416130065918,right_f_best-7.027924537658691,i:1
2025-04-29 00:47:44,278 - INFO - tree_node.f_best*ep:-7.157201290130615,left_f_best-5.910414218902588,right_f_best-7.048020839691162,i:2
2025-04-29 00:47:56,398 - INFO - tree_node.f_best*ep:-7.157201290130615,left_f_best-5.839446544647217,right_f_best-7.199801921844482,i:3
2025-04-29 00:48:33,203 - INFO - 添加左子节点，右子节点，len(queue):2
2025-04-29 00:48:33,203 - INFO - Node 1: k=440.96688974373274, f_best=-7.157201290130615, f_min=-8.747217768863266
2025-04-29 00:48:33,203 - INFO - Node 2: k=232.28277549500896, f_best=-5.839446544647217, f_min=-8.537522454660575
2025-04-29 00:48:33,203 - INFO - Node 3: k=181.88786062209485, f_best=-7.199801921844482, f_min=-9.214527632045247
2025-04-29 00:48:33,203 - INFO - cur_node_number 3,f_best -7.199801921844482,f_min -9.214527632045247,k 181.88786062209485
2025-04-29 00:48:33,203 - INFO - f_best_current -7.199801921844482,f_min -9.214527632045247
2025-04-29 00:48:44,427 - INFO - tree_node.f_best*ep:-7.199801921844482,left_f_best-5.813611030578613,right_f_best-7.1200103759765625,i:1
2025-04-29 00:48:56,191 - INFO - tree_node.f_best*ep:-7.199801921844482,left_f_best-5.881566047668457,right_f_best-7.131030082702637,i:2
2025-04-29 00:49:08,576 - INFO - tree_node.f_best*ep:-7.199801921844482,left_f_best-5.854129791259766,right_f_best-7.205636978149414,i:3
2025-04-29 00:49:50,412 - INFO - 添加左子节点，右子节点，len(queue):3
2025-04-29 00:49:50,412 - INFO - Node 1: k=440.96688974373274, f_best=-7.157201290130615, f_min=-8.747217768863266
2025-04-29 00:49:50,412 - INFO - Node 2: k=232.28277549500896, f_best=-5.839446544647217, f_min=-8.537522454660575
2025-04-29 00:49:50,412 - INFO - Node 3: k=181.88786062209485, f_best=-7.199801921844482, f_min=-9.214527632045247
2025-04-29 00:49:50,412 - INFO - Node 4: k=280.6229001093858, f_best=-5.854129791259766, f_min=-6.940433681646027
2025-04-29 00:49:50,412 - INFO - Node 5: k=299.1385635862019, f_best=-7.205636978149414, f_min=-7.439204086527752
2025-04-29 00:49:50,412 - INFO - cur_node_number 4,f_best -7.205636978149414,f_min -7.439204086527752,k 299.1385635862019
2025-04-29 00:49:50,412 - INFO - f_best_current -7.205636978149414,f_min -7.439204086527752
2025-04-29 00:49:50,412 - INFO - 回退,len(queue)=1
2025-04-29 00:50:01,589 - INFO - tree_node.f_best*ep:-7.199801921844482,left_f_best-5.775478839874268,right_f_best-6.985115051269531,i:1
2025-04-29 00:50:13,311 - INFO - tree_node.f_best*ep:-7.199801921844482,left_f_best-5.879772663116455,right_f_best-7.156135082244873,i:2
2025-04-29 00:50:25,531 - INFO - tree_node.f_best*ep:-7.199801921844482,left_f_best-5.878221035003662,right_f_best-7.12612247467041,i:3
2025-04-29 00:50:38,432 - INFO - tree_node.f_best*ep:-7.199801921844482,left_f_best-5.884089946746826,right_f_best-7.204885005950928,i:4
2025-04-29 00:51:14,312 - INFO - 添加左子节点，右子节点，len(queue):3
2025-04-29 00:51:14,312 - INFO - Node 1: k=440.96688974373274, f_best=-7.157201290130615, f_min=-8.747217768863266
2025-04-29 00:51:14,312 - INFO - Node 2: k=232.28277549500896, f_best=-5.839446544647217, f_min=-8.537522454660575
2025-04-29 00:51:14,312 - INFO - Node 3: k=299.1385635862019, f_best=-7.199801921844482, f_min=-9.214527632045247
2025-04-29 00:51:14,312 - INFO - Node 4: k=168.9402162013024, f_best=-5.884089946746826, f_min=-6.824248782661016
2025-04-29 00:51:14,312 - INFO - Node 5: k=228.66269186061132, f_best=-7.204885005950928, f_min=-12.220938366642258
2025-04-29 00:51:14,312 - INFO - cur_node_number 5,f_best -7.204885005950928,f_min -12.220938366642258,k 228.66269186061132
2025-04-29 00:51:14,312 - INFO - f_best_current -7.204885005950928,f_min -12.220938366642258
2025-04-29 00:51:25,465 - INFO - tree_node.f_best*ep:-7.204885005950928,left_f_best-5.728402614593506,right_f_best-7.115623950958252,i:1
2025-04-29 00:51:37,203 - INFO - tree_node.f_best*ep:-7.204885005950928,left_f_best-5.717031478881836,right_f_best-7.18674373626709,i:2
2025-04-29 00:51:49,708 - INFO - tree_node.f_best*ep:-7.204885005950928,left_f_best-5.768484115600586,right_f_best-7.166085720062256,i:3
2025-04-29 00:52:02,489 - INFO - tree_node.f_best*ep:-7.204885005950928,left_f_best-5.924914360046387,right_f_best-7.044839859008789,i:4
2025-04-29 00:52:15,790 - INFO - tree_node.f_best*ep:-7.204885005950928,left_f_best-5.972229480743408,right_f_best-7.1509904861450195,i:5
2025-04-29 00:52:29,501 - INFO - tree_node.f_best*ep:-7.204885005950928,left_f_best-5.954736709594727,right_f_best-7.182908535003662,i:6
2025-04-29 00:52:43,981 - INFO - tree_node.f_best*ep:-7.204885005950928,left_f_best-5.994569778442383,right_f_best-7.2032790184021,i:7
2025-04-29 00:52:59,408 - INFO - tree_node.f_best*ep:-7.204885005950928,left_f_best-5.877007007598877,right_f_best-7.2345685958862305,i:8
2025-04-29 00:53:43,021 - INFO - 添加左子节点，右子节点，len(queue):4
2025-04-29 00:53:43,021 - INFO - Node 1: k=440.96688974373274, f_best=-7.157201290130615, f_min=-8.747217768863266
2025-04-29 00:53:43,021 - INFO - Node 2: k=232.28277549500896, f_best=-5.839446544647217, f_min=-8.537522454660575
2025-04-29 00:53:43,021 - INFO - Node 3: k=299.1385635862019, f_best=-7.199801921844482, f_min=-9.214527632045247
2025-04-29 00:53:43,021 - INFO - Node 4: k=168.9402162013024, f_best=-5.884089946746826, f_min=-6.824248782661016
2025-04-29 00:53:43,021 - INFO - Node 5: k=228.66269186061132, f_best=-7.204885005950928, f_min=-12.220938366642258
2025-04-29 00:53:43,021 - INFO - Node 6: k=417.80925878721473, f_best=-5.877007007598877, f_min=-8.897665067299386
2025-04-29 00:53:43,021 - INFO - Node 7: k=281.802058507169, f_best=-7.2345685958862305, f_min=-7.721897893916321
2025-04-29 00:53:43,021 - INFO - cur_node_number 6,f_best -7.2345685958862305,f_min -7.721897893916321,k 281.802058507169
2025-04-29 00:53:43,021 - INFO - f_best_current -7.2345685958862305,f_min -7.721897893916321
2025-04-29 00:53:43,021 - INFO - 回退,len(queue)=2
2025-04-29 00:53:54,227 - INFO - tree_node.f_best*ep:-7.204885005950928,left_f_best-5.7942304611206055,right_f_best-7.07866907119751,i:1
2025-04-29 00:54:05,949 - INFO - tree_node.f_best*ep:-7.204885005950928,left_f_best-5.847361087799072,right_f_best-7.10869026184082,i:2
2025-04-29 00:54:18,321 - INFO - tree_node.f_best*ep:-7.204885005950928,left_f_best-5.902578353881836,right_f_best-7.1112060546875,i:3
2025-04-29 00:54:31,107 - INFO - tree_node.f_best*ep:-7.204885005950928,left_f_best-5.628331184387207,right_f_best-7.153164386749268,i:4
2025-04-29 00:54:44,806 - INFO - tree_node.f_best*ep:-7.204885005950928,left_f_best-5.739581108093262,right_f_best-7.212510108947754,i:5
2025-04-29 00:55:29,054 - INFO - 添加左子节点，右子节点，len(queue):4
2025-04-29 00:55:29,054 - INFO - Node 1: k=440.96688974373274, f_best=-7.157201290130615, f_min=-8.747217768863266
2025-04-29 00:55:29,054 - INFO - Node 2: k=232.28277549500896, f_best=-5.839446544647217, f_min=-8.537522454660575
2025-04-29 00:55:29,054 - INFO - Node 3: k=299.1385635862019, f_best=-7.199801921844482, f_min=-9.214527632045247
2025-04-29 00:55:29,054 - INFO - Node 4: k=168.9402162013024, f_best=-5.884089946746826, f_min=-6.824248782661016
2025-04-29 00:55:29,054 - INFO - Node 5: k=281.802058507169, f_best=-7.204885005950928, f_min=-12.220938366642258
2025-04-29 00:55:29,054 - INFO - Node 6: k=260.23947309234956, f_best=-5.739581108093262, f_min=-11.118817834061701
2025-04-29 00:55:29,054 - INFO - Node 7: k=350.76349153433017, f_best=-7.212510108947754, f_min=-9.209086642656985
2025-04-29 00:55:29,054 - INFO - cur_node_number 7,f_best -7.212510108947754,f_min -9.209086642656985,k 350.76349153433017
2025-04-29 00:55:29,054 - INFO - f_best_current -7.212510108947754,f_min -9.209086642656985
2025-04-29 00:55:29,054 - INFO - 回退,len(queue)=2
2025-04-29 00:55:29,054 - INFO - 回退,len(queue)=1
2025-04-29 00:55:40,128 - INFO - tree_node.f_best*ep:-7.199801921844482,left_f_best-5.755655765533447,right_f_best-7.076051235198975,i:1
2025-04-29 00:55:51,825 - INFO - tree_node.f_best*ep:-7.199801921844482,left_f_best-5.6717329025268555,right_f_best-7.136992454528809,i:2
2025-04-29 00:56:03,974 - INFO - tree_node.f_best*ep:-7.199801921844482,left_f_best-5.829754829406738,right_f_best-7.14569616317749,i:3
2025-04-29 00:56:16,867 - INFO - tree_node.f_best*ep:-7.199801921844482,left_f_best-5.916673183441162,right_f_best-7.18052339553833,i:4
2025-04-29 00:56:30,369 - INFO - tree_node.f_best*ep:-7.199801921844482,left_f_best-5.949344158172607,right_f_best-7.162034034729004,i:5
2025-04-29 00:56:44,606 - INFO - tree_node.f_best*ep:-7.199801921844482,left_f_best-5.913172721862793,right_f_best-7.206003665924072,i:6
2025-04-29 00:57:24,285 - INFO - 添加左子节点，右子节点，len(queue):3
2025-04-29 00:57:24,285 - INFO - Node 1: k=440.96688974373274, f_best=-7.157201290130615, f_min=-8.747217768863266
2025-04-29 00:57:24,285 - INFO - Node 2: k=232.28277549500896, f_best=-5.839446544647217, f_min=-8.537522454660575
2025-04-29 00:57:24,285 - INFO - Node 3: k=350.76349153433017, f_best=-7.199801921844482, f_min=-9.214527632045247
2025-04-29 00:57:24,285 - INFO - Node 4: k=342.4132676947859, f_best=-5.913172721862793, f_min=-12.323631740699057
2025-04-29 00:57:24,285 - INFO - Node 5: k=187.39924468680493, f_best=-7.206003665924072, f_min=-7.598135461978018
2025-04-29 00:57:24,285 - INFO - cur_node_number 8,f_best -7.206003665924072,f_min -7.598135461978018,k 187.39924468680493
2025-04-29 00:57:24,285 - INFO - f_best_current -7.206003665924072,f_min -7.598135461978018
2025-04-29 00:57:35,876 - INFO - tree_node.f_best*ep:-7.206003665924072,left_f_best-5.696207046508789,right_f_best-7.173263072967529,i:1
2025-04-29 00:57:47,822 - INFO - tree_node.f_best*ep:-7.206003665924072,left_f_best-5.849481105804443,right_f_best-7.1130194664001465,i:2
2025-04-29 00:58:00,141 - INFO - tree_node.f_best*ep:-7.206003665924072,left_f_best-5.9394426345825195,right_f_best-7.140368461608887,i:3
2025-04-29 00:58:12,898 - INFO - tree_node.f_best*ep:-7.206003665924072,left_f_best-5.903071403503418,right_f_best-7.16490364074707,i:4
2025-04-29 00:58:26,382 - INFO - tree_node.f_best*ep:-7.206003665924072,left_f_best-5.8743157386779785,right_f_best-7.161495208740234,i:5
2025-04-29 00:58:40,430 - INFO - tree_node.f_best*ep:-7.206003665924072,left_f_best-5.891758918762207,right_f_best-7.215353012084961,i:6
2025-04-29 00:59:18,969 - INFO - 添加左子节点，右子节点，len(queue):4
2025-04-29 00:59:18,969 - INFO - Node 1: k=440.96688974373274, f_best=-7.157201290130615, f_min=-8.747217768863266
2025-04-29 00:59:18,969 - INFO - Node 2: k=232.28277549500896, f_best=-5.839446544647217, f_min=-8.537522454660575
2025-04-29 00:59:18,969 - INFO - Node 3: k=350.76349153433017, f_best=-7.199801921844482, f_min=-9.214527632045247
2025-04-29 00:59:18,969 - INFO - Node 4: k=342.4132676947859, f_best=-5.913172721862793, f_min=-12.323631740699057
2025-04-29 00:59:18,969 - INFO - Node 5: k=187.39924468680493, f_best=-7.206003665924072, f_min=-7.598135461978018
2025-04-29 00:59:18,969 - INFO - Node 6: k=232.28277549500896, f_best=-5.891758918762207, f_min=-7.026968423499056
2025-04-29 00:59:18,969 - INFO - Node 7: k=214.17400007879988, f_best=-7.215353012084961, f_min=-9.768793821785948
2025-04-29 00:59:18,969 - INFO - cur_node_number 9,f_best -7.215353012084961,f_min -9.768793821785948,k 214.17400007879988
2025-04-29 00:59:18,969 - INFO - f_best_current -7.215353012084961,f_min -9.768793821785948
2025-04-29 00:59:18,969 - INFO - 回退,len(queue)=2
2025-04-29 00:59:30,506 - INFO - tree_node.f_best*ep:-7.206003665924072,left_f_best-5.816341876983643,right_f_best-7.067814826965332,i:1
2025-04-29 00:59:42,390 - INFO - tree_node.f_best*ep:-7.206003665924072,left_f_best-5.8528876304626465,right_f_best-7.115081787109375,i:2
2025-04-29 00:59:54,709 - INFO - tree_node.f_best*ep:-7.206003665924072,left_f_best-5.844013214111328,right_f_best-7.1457719802856445,i:3
2025-04-29 01:00:07,421 - INFO - tree_node.f_best*ep:-7.206003665924072,left_f_best-5.734084606170654,right_f_best-7.131889820098877,i:4
2025-04-29 01:00:20,758 - INFO - tree_node.f_best*ep:-7.206003665924072,left_f_best-5.917927265167236,right_f_best-7.1921706199646,i:5
2025-04-29 01:00:34,817 - INFO - tree_node.f_best*ep:-7.206003665924072,left_f_best-5.896847724914551,right_f_best-7.1697998046875,i:6
2025-04-29 01:00:49,551 - INFO - tree_node.f_best*ep:-7.206003665924072,left_f_best-5.781235694885254,right_f_best-7.1874213218688965,i:7
2025-04-29 01:01:04,266 - INFO - tree_node.f_best*ep:-7.206003665924072,left_f_best-5.94455623626709,right_f_best-7.147692680358887,i:8
2025-04-29 01:01:20,302 - INFO - tree_node.f_best*ep:-7.206003665924072,left_f_best-5.93675422668457,right_f_best-7.271295070648193,i:9
2025-04-29 01:02:00,828 - INFO - 添加左子节点，右子节点，len(queue):4
2025-04-29 01:02:00,828 - INFO - Node 1: k=440.96688974373274, f_best=-7.157201290130615, f_min=-8.747217768863266
2025-04-29 01:02:00,828 - INFO - Node 2: k=232.28277549500896, f_best=-5.839446544647217, f_min=-8.537522454660575
2025-04-29 01:02:00,828 - INFO - Node 3: k=350.76349153433017, f_best=-7.199801921844482, f_min=-9.214527632045247
2025-04-29 01:02:00,828 - INFO - Node 4: k=342.4132676947859, f_best=-5.913172721862793, f_min=-12.323631740699057
2025-04-29 01:02:00,828 - INFO - Node 5: k=214.17400007879988, f_best=-7.206003665924072, f_min=-7.598135461978018
2025-04-29 01:02:00,828 - INFO - Node 6: k=367.11336932606116, f_best=-5.93675422668457, f_min=-11.301851493648428
2025-04-29 01:02:00,828 - INFO - Node 7: k=198.92807444245082, f_best=-7.271295070648193, f_min=-9.036841316965365
2025-04-29 01:02:00,828 - INFO - cur_node_number 10,f_best -7.271295070648193,f_min -9.036841316965365,k 198.92807444245082
2025-04-29 01:02:00,828 - INFO - f_best_current -7.271295070648193,f_min -9.036841316965365
2025-04-29 01:02:12,409 - INFO - tree_node.f_best*ep:-7.271295070648193,left_f_best-5.8855791091918945,right_f_best-7.144931793212891,i:1
2025-04-29 01:02:24,255 - INFO - tree_node.f_best*ep:-7.271295070648193,left_f_best-5.8266072273254395,right_f_best-7.162861347198486,i:2
2025-04-29 01:02:36,216 - INFO - tree_node.f_best*ep:-7.271295070648193,left_f_best-5.859783172607422,right_f_best-7.130354881286621,i:3
2025-04-29 01:02:48,843 - INFO - tree_node.f_best*ep:-7.271295070648193,left_f_best-5.85636043548584,right_f_best-7.191046237945557,i:4
2025-04-29 01:03:02,448 - INFO - tree_node.f_best*ep:-7.271295070648193,left_f_best-5.934488296508789,right_f_best-7.178243160247803,i:5
2025-04-29 01:03:16,977 - INFO - tree_node.f_best*ep:-7.271295070648193,left_f_best-5.924943447113037,right_f_best-7.06727933883667,i:6
2025-04-29 01:03:31,684 - INFO - tree_node.f_best*ep:-7.271295070648193,left_f_best-5.978811264038086,right_f_best-7.205443382263184,i:7
2025-04-29 01:03:46,314 - INFO - tree_node.f_best*ep:-7.271295070648193,left_f_best-5.898110866546631,right_f_best-7.278436183929443,i:8
2025-04-29 01:04:25,354 - INFO - 添加左子节点，右子节点，len(queue):5
2025-04-29 01:04:25,354 - INFO - Node 1: k=440.96688974373274, f_best=-7.157201290130615, f_min=-8.747217768863266
2025-04-29 01:04:25,354 - INFO - Node 2: k=232.28277549500896, f_best=-5.839446544647217, f_min=-8.537522454660575
2025-04-29 01:04:25,354 - INFO - Node 3: k=350.76349153433017, f_best=-7.199801921844482, f_min=-9.214527632045247
2025-04-29 01:04:25,354 - INFO - Node 4: k=342.4132676947859, f_best=-5.913172721862793, f_min=-12.323631740699057
2025-04-29 01:04:25,354 - INFO - Node 5: k=214.17400007879988, f_best=-7.206003665924072, f_min=-7.598135461978018
2025-04-29 01:04:25,354 - INFO - Node 6: k=367.11336932606116, f_best=-5.93675422668457, f_min=-11.301851493648428
2025-04-29 01:04:25,354 - INFO - Node 7: k=198.92807444245082, f_best=-7.271295070648193, f_min=-9.036841316965365
2025-04-29 01:04:25,354 - INFO - Node 8: k=289.1260546056003, f_best=-5.898110866546631, f_min=-9.582017348040608
2025-04-29 01:04:25,354 - INFO - Node 9: k=207.00535196639282, f_best=-7.278436183929443, f_min=-9.277041225932408
2025-04-29 01:04:25,354 - INFO - cur_node_number 11,f_best -7.278436183929443,f_min -9.277041225932408,k 207.00535196639282
2025-04-29 01:04:25,354 - INFO - f_best_current -7.278436183929443,f_min -9.277041225932408
2025-04-29 01:04:25,354 - INFO - 回退,len(queue)=3
2025-04-29 01:04:36,647 - INFO - tree_node.f_best*ep:-7.271295070648193,left_f_best-5.8097381591796875,right_f_best-7.108449459075928,i:1
2025-04-29 01:04:48,487 - INFO - tree_node.f_best*ep:-7.271295070648193,left_f_best-5.876021385192871,right_f_best-7.144631385803223,i:2
2025-04-29 01:05:00,767 - INFO - tree_node.f_best*ep:-7.271295070648193,left_f_best-5.857052803039551,right_f_best-7.197410583496094,i:3
2025-04-29 01:05:13,571 - INFO - tree_node.f_best*ep:-7.271295070648193,left_f_best-5.784969806671143,right_f_best-7.199267387390137,i:4
2025-04-29 01:05:27,082 - INFO - tree_node.f_best*ep:-7.271295070648193,left_f_best-5.8673624992370605,right_f_best-7.200368404388428,i:5
2025-04-29 01:05:41,268 - INFO - tree_node.f_best*ep:-7.271295070648193,left_f_best-5.942060470581055,right_f_best-7.128824234008789,i:6
2025-04-29 01:05:55,653 - INFO - tree_node.f_best*ep:-7.271295070648193,left_f_best-5.983702659606934,right_f_best-7.211388111114502,i:7
2025-04-29 01:06:10,704 - INFO - tree_node.f_best*ep:-7.271295070648193,left_f_best-5.971424579620361,right_f_best-7.203824043273926,i:8
2025-04-29 01:06:26,730 - INFO - tree_node.f_best*ep:-7.271295070648193,left_f_best-6.000587463378906,right_f_best-7.195026397705078,i:9
2025-04-29 01:06:43,429 - INFO - tree_node.f_best*ep:-7.271295070648193,left_f_best-6.000669956207275,right_f_best-7.234734535217285,i:10
2025-04-29 01:07:00,730 - INFO - tree_node.f_best*ep:-7.271295070648193,left_f_best-5.856829643249512,right_f_best-7.266516208648682,i:11
2025-04-29 01:07:18,388 - INFO - tree_node.f_best*ep:-7.271295070648193,left_f_best-6.004480838775635,right_f_best-7.271295070648193,i:12
2025-04-29 01:07:58,927 - INFO - 添加左子节点，右子节点，len(queue):5
2025-04-29 01:07:58,927 - INFO - Node 1: k=440.96688974373274, f_best=-7.157201290130615, f_min=-8.747217768863266
2025-04-29 01:07:58,927 - INFO - Node 2: k=232.28277549500896, f_best=-5.839446544647217, f_min=-8.537522454660575
2025-04-29 01:07:58,927 - INFO - Node 3: k=350.76349153433017, f_best=-7.199801921844482, f_min=-9.214527632045247
2025-04-29 01:07:58,927 - INFO - Node 4: k=342.4132676947859, f_best=-5.913172721862793, f_min=-12.323631740699057
2025-04-29 01:07:58,927 - INFO - Node 5: k=214.17400007879988, f_best=-7.206003665924072, f_min=-7.598135461978018
2025-04-29 01:07:58,927 - INFO - Node 6: k=367.11336932606116, f_best=-5.93675422668457, f_min=-11.301851493648428
2025-04-29 01:07:58,927 - INFO - Node 7: k=207.00535196639282, f_best=-7.271295070648193, f_min=-9.036841316965365
2025-04-29 01:07:58,927 - INFO - Node 8: k=286.2634204015845, f_best=-6.004480838775635, f_min=-10.236283509968416
2025-04-29 01:07:58,927 - INFO - Node 9: k=247.6089292082304, f_best=-7.271295070648193, f_min=-9.61988997811386
2025-04-29 01:07:58,927 - INFO - cur_node_number 12,f_best -7.271295070648193,f_min -9.61988997811386,k 247.6089292082304
2025-04-29 01:07:58,927 - INFO - f_best_current -7.271295070648193,f_min -9.61988997811386
2025-04-29 01:07:58,927 - INFO - 回退,len(queue)=3
2025-04-29 01:07:58,927 - INFO - 回退,len(queue)=2
2025-04-29 01:08:10,174 - INFO - tree_node.f_best*ep:-7.206003665924072,left_f_best-5.703069686889648,right_f_best-7.070584774017334,i:1
2025-04-29 01:08:22,101 - INFO - tree_node.f_best*ep:-7.206003665924072,left_f_best-5.67155122756958,right_f_best-7.091787815093994,i:2
2025-04-29 01:08:34,407 - INFO - tree_node.f_best*ep:-7.206003665924072,left_f_best-5.645294666290283,right_f_best-7.199679374694824,i:3
2025-04-29 01:08:47,372 - INFO - tree_node.f_best*ep:-7.206003665924072,left_f_best-5.936151027679443,right_f_best-7.234747886657715,i:4
2025-04-29 01:09:26,934 - INFO - 添加左子节点，右子节点，len(queue):4
2025-04-29 01:09:26,934 - INFO - Node 1: k=440.96688974373274, f_best=-7.157201290130615, f_min=-8.747217768863266
2025-04-29 01:09:26,934 - INFO - Node 2: k=232.28277549500896, f_best=-5.839446544647217, f_min=-8.537522454660575
2025-04-29 01:09:26,934 - INFO - Node 3: k=350.76349153433017, f_best=-7.199801921844482, f_min=-9.214527632045247
2025-04-29 01:09:26,934 - INFO - Node 4: k=342.4132676947859, f_best=-5.913172721862793, f_min=-12.323631740699057
2025-04-29 01:09:26,934 - INFO - Node 5: k=247.6089292082304, f_best=-7.206003665924072, f_min=-7.598135461978018
2025-04-29 01:09:26,934 - INFO - Node 6: k=198.09568978643986, f_best=-5.936151027679443, f_min=-6.664355385444651
2025-04-29 01:09:26,934 - INFO - Node 7: k=276.2494446693158, f_best=-7.234747886657715, f_min=-8.160229942144724
2025-04-29 01:09:26,934 - INFO - cur_node_number 13,f_best -7.234747886657715,f_min -8.160229942144724,k 276.2494446693158
2025-04-29 01:09:26,934 - INFO - f_best_current -7.234747886657715,f_min -8.160229942144724
2025-04-29 01:09:26,934 - INFO - 回退,len(queue)=2
2025-04-29 01:09:38,454 - INFO - tree_node.f_best*ep:-7.206003665924072,left_f_best-5.786166191101074,right_f_best-7.0741286277771,i:1
2025-04-29 01:09:50,145 - INFO - tree_node.f_best*ep:-7.206003665924072,left_f_best-5.8720808029174805,right_f_best-7.150156021118164,i:2
2025-04-29 01:10:02,362 - INFO - tree_node.f_best*ep:-7.206003665924072,left_f_best-5.793575763702393,right_f_best-7.175439357757568,i:3
2025-04-29 01:10:15,165 - INFO - tree_node.f_best*ep:-7.206003665924072,left_f_best-5.737676620483398,right_f_best-7.259394645690918,i:4
2025-04-29 01:10:59,984 - INFO - 添加左子节点，右子节点，len(queue):4
2025-04-29 01:10:59,984 - INFO - Node 1: k=440.96688974373274, f_best=-7.157201290130615, f_min=-8.747217768863266
2025-04-29 01:10:59,984 - INFO - Node 2: k=232.28277549500896, f_best=-5.839446544647217, f_min=-8.537522454660575
2025-04-29 01:10:59,984 - INFO - Node 3: k=350.76349153433017, f_best=-7.199801921844482, f_min=-9.214527632045247
2025-04-29 01:10:59,984 - INFO - Node 4: k=342.4132676947859, f_best=-5.913172721862793, f_min=-12.323631740699057
2025-04-29 01:10:59,984 - INFO - Node 5: k=276.2494446693158, f_best=-7.206003665924072, f_min=-7.598135461978018
2025-04-29 01:10:59,984 - INFO - Node 6: k=311.28478881344165, f_best=-5.737676620483398, f_min=-14.063444299854382
2025-04-29 01:10:59,984 - INFO - Node 7: k=299.1385635862019, f_best=-7.259394645690918, f_min=-14.987051466076082
2025-04-29 01:10:59,984 - INFO - cur_node_number 14,f_best -7.259394645690918,f_min -14.987051466076082,k 299.1385635862019
2025-04-29 01:10:59,984 - INFO - f_best_current -7.259394645690918,f_min -14.987051466076082
2025-04-29 01:10:59,984 - INFO - 回退,len(queue)=2
2025-04-29 01:11:11,404 - INFO - tree_node.f_best*ep:-7.206003665924072,left_f_best-5.778261184692383,right_f_best-7.159939765930176,i:1
2025-04-29 01:11:23,021 - INFO - tree_node.f_best*ep:-7.206003665924072,left_f_best-5.7862467765808105,right_f_best-7.182796001434326,i:2
2025-04-29 01:11:35,397 - INFO - tree_node.f_best*ep:-7.206003665924072,left_f_best-5.690617561340332,right_f_best-7.114804267883301,i:3
2025-04-29 01:11:48,246 - INFO - tree_node.f_best*ep:-7.206003665924072,left_f_best-5.918702602386475,right_f_best-7.1940507888793945,i:4
2025-04-29 01:12:01,868 - INFO - tree_node.f_best*ep:-7.206003665924072,left_f_best-5.938609600067139,right_f_best-7.110999584197998,i:5
2025-04-29 01:12:16,119 - INFO - tree_node.f_best*ep:-7.206003665924072,left_f_best-5.984285831451416,right_f_best-7.095334529876709,i:6
2025-04-29 01:12:30,984 - INFO - tree_node.f_best*ep:-7.206003665924072,left_f_best-5.958198070526123,right_f_best-7.123687267303467,i:7
2025-04-29 01:12:46,195 - INFO - tree_node.f_best*ep:-7.206003665924072,left_f_best-6.000727653503418,right_f_best-7.264062881469727,i:8
2025-04-29 01:13:27,288 - INFO - 添加左子节点，右子节点，len(queue):4
2025-04-29 01:13:27,288 - INFO - Node 1: k=440.96688974373274, f_best=-7.157201290130615, f_min=-8.747217768863266
2025-04-29 01:13:27,288 - INFO - Node 2: k=232.28277549500896, f_best=-5.839446544647217, f_min=-8.537522454660575
2025-04-29 01:13:27,288 - INFO - Node 3: k=350.76349153433017, f_best=-7.199801921844482, f_min=-9.214527632045247
2025-04-29 01:13:27,288 - INFO - Node 4: k=342.4132676947859, f_best=-5.913172721862793, f_min=-12.323631740699057
2025-04-29 01:13:27,288 - INFO - Node 5: k=299.1385635862019, f_best=-7.206003665924072, f_min=-7.598135461978018
2025-04-29 01:13:27,288 - INFO - Node 6: k=272.3698221290533, f_best=-6.000727653503418, f_min=-6.522808893525507
2025-04-29 01:13:27,288 - INFO - Node 7: k=250.08501850031269, f_best=-7.264062881469727, f_min=-8.32479517138745
2025-04-29 01:13:27,288 - INFO - cur_node_number 15,f_best -7.264062881469727,f_min -8.32479517138745,k 250.08501850031269
2025-04-29 01:13:27,288 - INFO - f_best_current -7.264062881469727,f_min -8.32479517138745
2025-04-29 01:13:38,806 - INFO - tree_node.f_best*ep:-7.264062881469727,left_f_best-5.808152675628662,right_f_best-7.0412187576293945,i:1
2025-04-29 01:13:50,761 - INFO - tree_node.f_best*ep:-7.264062881469727,left_f_best-5.937815189361572,right_f_best-7.209893226623535,i:2
2025-04-29 01:14:02,913 - INFO - tree_node.f_best*ep:-7.264062881469727,left_f_best-5.892354965209961,right_f_best-7.220818996429443,i:3
2025-04-29 01:14:16,004 - INFO - tree_node.f_best*ep:-7.264062881469727,left_f_best-5.929014682769775,right_f_best-7.17138671875,i:4
2025-04-29 01:14:29,504 - INFO - tree_node.f_best*ep:-7.264062881469727,left_f_best-5.905492305755615,right_f_best-7.242648601531982,i:5
2025-04-29 01:14:43,580 - INFO - tree_node.f_best*ep:-7.264062881469727,left_f_best-5.881945610046387,right_f_best-7.208877086639404,i:6
2025-04-29 01:14:58,216 - INFO - tree_node.f_best*ep:-7.264062881469727,left_f_best-5.999939441680908,right_f_best-7.254446506500244,i:7
2025-04-29 01:15:13,292 - INFO - tree_node.f_best*ep:-7.264062881469727,left_f_best-5.950134754180908,right_f_best-7.256401062011719,i:8
2025-04-29 01:15:29,097 - INFO - tree_node.f_best*ep:-7.264062881469727,left_f_best-6.008866786956787,right_f_best-7.248710632324219,i:9
2025-04-29 01:15:45,651 - INFO - tree_node.f_best*ep:-7.264062881469727,left_f_best-5.996364593505859,right_f_best-7.1991167068481445,i:10
2025-04-29 01:16:02,975 - INFO - tree_node.f_best*ep:-7.264062881469727,left_f_best-5.9892964363098145,right_f_best-7.247832775115967,i:11
2025-04-29 01:16:20,728 - INFO - tree_node.f_best*ep:-7.264062881469727,left_f_best-6.0273284912109375,right_f_best-7.264062881469727,i:12
2025-04-29 01:17:02,468 - INFO - 添加左子节点，右子节点，len(queue):5
2025-04-29 01:17:02,468 - INFO - Node 1: k=440.96688974373274, f_best=-7.157201290130615, f_min=-8.747217768863266
2025-04-29 01:17:02,468 - INFO - Node 2: k=232.28277549500896, f_best=-5.839446544647217, f_min=-8.537522454660575
2025-04-29 01:17:02,468 - INFO - Node 3: k=350.76349153433017, f_best=-7.199801921844482, f_min=-9.214527632045247
2025-04-29 01:17:02,468 - INFO - Node 4: k=342.4132676947859, f_best=-5.913172721862793, f_min=-12.323631740699057
2025-04-29 01:17:02,468 - INFO - Node 5: k=299.1385635862019, f_best=-7.206003665924072, f_min=-7.598135461978018
2025-04-29 01:17:02,468 - INFO - Node 6: k=272.3698221290533, f_best=-6.000727653503418, f_min=-6.522808893525507
2025-04-29 01:17:02,468 - INFO - Node 7: k=250.08501850031269, f_best=-7.264062881469727, f_min=-8.32479517138745
2025-04-29 01:17:02,468 - INFO - Node 8: k=261.74204549630105, f_best=-6.0273284912109375, f_min=-6.291496752810417
2025-04-29 01:17:02,468 - INFO - Node 9: k=308.2027612014274, f_best=-7.264062881469727, f_min=-7.632400195603623
2025-04-29 01:17:02,468 - INFO - cur_node_number 16,f_best -7.264062881469727,f_min -7.632400195603623,k 308.2027612014274
2025-04-29 01:17:02,468 - INFO - f_best_current -7.264062881469727,f_min -7.632400195603623
2025-04-29 01:17:02,468 - INFO - 回退,len(queue)=3
2025-04-29 01:17:02,468 - INFO - 回退,len(queue)=2
2025-04-29 01:17:13,916 - INFO - tree_node.f_best*ep:-7.206003665924072,left_f_best-5.742766857147217,right_f_best-7.093515872955322,i:1
2025-04-29 01:17:25,986 - INFO - tree_node.f_best*ep:-7.206003665924072,left_f_best-5.8077712059021,right_f_best-7.13450288772583,i:2
2025-04-29 01:17:38,396 - INFO - tree_node.f_best*ep:-7.206003665924072,left_f_best-5.808690547943115,right_f_best-7.065484046936035,i:3
2025-04-29 01:17:51,316 - INFO - tree_node.f_best*ep:-7.206003665924072,left_f_best-5.952576160430908,right_f_best-7.1232781410217285,i:4
2025-04-29 01:18:04,864 - INFO - tree_node.f_best*ep:-7.206003665924072,left_f_best-5.9136247634887695,right_f_best-7.214745044708252,i:5
2025-04-29 01:18:47,597 - INFO - 添加左子节点，右子节点，len(queue):4
2025-04-29 01:18:47,597 - INFO - Node 1: k=440.96688974373274, f_best=-7.157201290130615, f_min=-8.747217768863266
2025-04-29 01:18:47,597 - INFO - Node 2: k=232.28277549500896, f_best=-5.839446544647217, f_min=-8.537522454660575
2025-04-29 01:18:47,597 - INFO - Node 3: k=350.76349153433017, f_best=-7.199801921844482, f_min=-9.214527632045247
2025-04-29 01:18:47,597 - INFO - Node 4: k=342.4132676947859, f_best=-5.913172721862793, f_min=-12.323631740699057
2025-04-29 01:18:47,597 - INFO - Node 5: k=308.2027612014274, f_best=-7.206003665924072, f_min=-7.598135461978018
2025-04-29 01:18:47,597 - INFO - Node 6: k=359.87978563480164, f_best=-5.9136247634887695, f_min=-11.030056404240895
2025-04-29 01:18:47,597 - INFO - Node 7: k=242.7300551007062, f_best=-7.214745044708252, f_min=-7.262520198119091
2025-04-29 01:18:47,598 - INFO - cur_node_number 17,f_best -7.214745044708252,f_min -7.262520198119091,k 242.7300551007062
2025-04-29 01:18:47,598 - INFO - f_best_current -7.214745044708252,f_min -7.262520198119091
2025-04-29 01:18:47,598 - INFO - 结束,fmin= -7.262520198119091, fbestmin=-7.214745044708252
