2025-04-29 23:05:58,263 - INFO - Namespace(log_file='outputs/DNN4/img[0]/min/DNN4img0_label5.log', image_path='img[0].png', model_path='network/DNN4.pth', label=5, init_epsilon=0.05, epsilon=0.01, ep=1, min=1)
2025-04-29 23:05:58,278 - INFO - Model output max(1): torch.return_types.max(
values=tensor([24.1257], grad_fn=<MaxBackward0>),
indices=tensor([0]))
2025-04-29 23:06:07,554 - INFO - cur_node_number 1,f_best -10.118626594543457,f_min -15.945654945546266,k 723.7522257493146
2025-04-29 23:06:07,554 - INFO - f_best_current -10.118626594543457,f_min -15.945654945546266
2025-04-29 23:06:20,753 - INFO - tree_node.f_best*ep:-10.118626594543457,left_f_best-8.421127319335938,right_f_best-10.084053039550781,i:1
2025-04-29 23:06:34,658 - INFO - tree_node.f_best*ep:-10.118626594543457,left_f_best-8.462653160095215,right_f_best-10.131706237792969,i:2
2025-04-29 23:07:44,697 - INFO - 添加左子节点，右子节点，len(queue):2
2025-04-29 23:07:44,697 - INFO - Node 1: k=723.7522257493146, f_best=-10.118626594543457, f_min=-15.945654945546266
2025-04-29 23:07:44,697 - INFO - Node 2: k=148.9908117920219, f_best=-8.462653160095215, f_min=-9.249652589614925
2025-04-29 23:07:44,697 - INFO - Node 3: k=260.5167710612352, f_best=-10.131706237792969, f_min=-10.737444333057283
2025-04-29 23:07:44,697 - INFO - cur_node_number 2,f_best -10.131706237792969,f_min -10.737444333057283,k 260.5167710612352
2025-04-29 23:07:44,698 - INFO - f_best_current -10.131706237792969,f_min -10.737444333057283
2025-04-29 23:07:57,977 - INFO - tree_node.f_best*ep:-10.131706237792969,left_f_best-8.442989349365234,right_f_best-10.089017868041992,i:1
2025-04-29 23:08:11,544 - INFO - tree_node.f_best*ep:-10.131706237792969,left_f_best-8.481134414672852,right_f_best-10.093292236328125,i:2
2025-04-29 23:08:26,000 - INFO - tree_node.f_best*ep:-10.131706237792969,left_f_best-8.453824996948242,right_f_best-10.128541946411133,i:3
2025-04-29 23:08:41,275 - INFO - tree_node.f_best*ep:-10.131706237792969,left_f_best-8.461088180541992,right_f_best-10.142849922180176,i:4
2025-04-29 23:09:42,276 - INFO - 添加左子节点，右子节点，len(queue):3
2025-04-29 23:09:42,277 - INFO - Node 1: k=723.7522257493146, f_best=-10.118626594543457, f_min=-15.945654945546266
2025-04-29 23:09:42,277 - INFO - Node 2: k=148.9908117920219, f_best=-8.462653160095215, f_min=-9.249652589614925
2025-04-29 23:09:42,277 - INFO - Node 3: k=260.5167710612352, f_best=-10.131706237792969, f_min=-10.737444333057283
2025-04-29 23:09:42,277 - INFO - Node 4: k=134.87943828443494, f_best=-8.461088180541992, f_min=-8.470678391322508
2025-04-29 23:09:42,277 - INFO - Node 5: k=144.83537014176224, f_best=-10.142849922180176, f_min=-11.138047946637016
2025-04-29 23:09:42,277 - INFO - cur_node_number 3,f_best -10.142849922180176,f_min -11.138047946637016,k 144.83537014176224
2025-04-29 23:09:42,277 - INFO - f_best_current -10.142849922180176,f_min -11.138047946637016
2025-04-29 23:09:55,286 - INFO - tree_node.f_best*ep:-10.142849922180176,left_f_best-8.430326461791992,right_f_best-10.091680526733398,i:1
2025-04-29 23:10:08,571 - INFO - tree_node.f_best*ep:-10.142849922180176,left_f_best-8.474003791809082,right_f_best-10.050498962402344,i:2
2025-04-29 23:10:22,840 - INFO - tree_node.f_best*ep:-10.142849922180176,left_f_best-8.462709426879883,right_f_best-10.107015609741211,i:3
2025-04-29 23:10:37,831 - INFO - tree_node.f_best*ep:-10.142849922180176,left_f_best-8.51298999786377,right_f_best-10.150115966796875,i:4
2025-04-29 23:11:47,079 - INFO - 添加左子节点，右子节点，len(queue):4
2025-04-29 23:11:47,079 - INFO - Node 1: k=723.7522257493146, f_best=-10.118626594543457, f_min=-15.945654945546266
2025-04-29 23:11:47,079 - INFO - Node 2: k=148.9908117920219, f_best=-8.462653160095215, f_min=-9.249652589614925
2025-04-29 23:11:47,079 - INFO - Node 3: k=260.5167710612352, f_best=-10.131706237792969, f_min=-10.737444333057283
2025-04-29 23:11:47,080 - INFO - Node 4: k=134.87943828443494, f_best=-8.461088180541992, f_min=-8.470678391322508
2025-04-29 23:11:47,080 - INFO - Node 5: k=144.83537014176224, f_best=-10.142849922180176, f_min=-11.138047946637016
2025-04-29 23:11:47,080 - INFO - Node 6: k=221.82701631500976, f_best=-8.51298999786377, f_min=-9.971919383910972
2025-04-29 23:11:47,080 - INFO - Node 7: k=187.59892780675926, f_best=-10.150115966796875, f_min=-10.314555891226519
2025-04-29 23:11:47,080 - INFO - cur_node_number 4,f_best -10.150115966796875,f_min -10.314555891226519,k 187.59892780675926
2025-04-29 23:11:47,080 - INFO - f_best_current -10.150115966796875,f_min -10.314555891226519
2025-04-29 23:11:47,080 - INFO - 回退,len(queue)=2
2025-04-29 23:12:00,268 - INFO - tree_node.f_best*ep:-10.142849922180176,left_f_best-8.44011116027832,right_f_best-10.150392532348633,i:1
2025-04-29 23:12:57,825 - INFO - 添加左子节点，右子节点，len(queue):4
2025-04-29 23:12:57,826 - INFO - Node 1: k=723.7522257493146, f_best=-10.118626594543457, f_min=-15.945654945546266
2025-04-29 23:12:57,826 - INFO - Node 2: k=148.9908117920219, f_best=-8.462653160095215, f_min=-9.249652589614925
2025-04-29 23:12:57,826 - INFO - Node 3: k=260.5167710612352, f_best=-10.131706237792969, f_min=-10.737444333057283
2025-04-29 23:12:57,826 - INFO - Node 4: k=134.87943828443494, f_best=-8.461088180541992, f_min=-8.470678391322508
2025-04-29 23:12:57,826 - INFO - Node 5: k=187.59892780675926, f_best=-10.142849922180176, f_min=-11.138047946637016
2025-04-29 23:12:57,826 - INFO - Node 6: k=102.08155634414598, f_best=-8.44011116027832, f_min=-8.441848960784228
2025-04-29 23:12:57,826 - INFO - Node 7: k=164.83616152740794, f_best=-10.150392532348633, f_min=-11.17797633367627
2025-04-29 23:12:57,826 - INFO - cur_node_number 5,f_best -10.150392532348633,f_min -11.17797633367627,k 164.83616152740794
2025-04-29 23:12:57,827 - INFO - f_best_current -10.150392532348633,f_min -11.17797633367627
2025-04-29 23:13:11,059 - INFO - tree_node.f_best*ep:-10.150392532348633,left_f_best-8.428236961364746,right_f_best-10.130248069763184,i:1
2025-04-29 23:13:24,778 - INFO - tree_node.f_best*ep:-10.150392532348633,left_f_best-8.424909591674805,right_f_best-10.140182495117188,i:2
2025-04-29 23:13:39,448 - INFO - tree_node.f_best*ep:-10.150392532348633,left_f_best-8.499472618103027,right_f_best-10.095396041870117,i:3
2025-04-29 23:13:54,431 - INFO - tree_node.f_best*ep:-10.150392532348633,left_f_best-8.47175121307373,right_f_best-10.174421310424805,i:4
2025-04-29 23:14:58,168 - INFO - 添加左子节点，右子节点，len(queue):5
2025-04-29 23:14:58,168 - INFO - Node 1: k=723.7522257493146, f_best=-10.118626594543457, f_min=-15.945654945546266
2025-04-29 23:14:58,168 - INFO - Node 2: k=148.9908117920219, f_best=-8.462653160095215, f_min=-9.249652589614925
2025-04-29 23:14:58,169 - INFO - Node 3: k=260.5167710612352, f_best=-10.131706237792969, f_min=-10.737444333057283
2025-04-29 23:14:58,169 - INFO - Node 4: k=134.87943828443494, f_best=-8.461088180541992, f_min=-8.470678391322508
2025-04-29 23:14:58,169 - INFO - Node 5: k=187.59892780675926, f_best=-10.142849922180176, f_min=-11.138047946637016
2025-04-29 23:14:58,169 - INFO - Node 6: k=102.08155634414598, f_best=-8.44011116027832, f_min=-8.441848960784228
2025-04-29 23:14:58,169 - INFO - Node 7: k=164.83616152740794, f_best=-10.150392532348633, f_min=-11.17797633367627
2025-04-29 23:14:58,169 - INFO - Node 8: k=141.7596451887838, f_best=-8.47175121307373, f_min=-11.367962119980803
2025-04-29 23:14:58,169 - INFO - Node 9: k=189.47491708482687, f_best=-10.174421310424805, f_min=-11.54126713196274
2025-04-29 23:14:58,169 - INFO - cur_node_number 6,f_best -10.174421310424805,f_min -11.54126713196274,k 189.47491708482687
2025-04-29 23:14:58,169 - INFO - f_best_current -10.174421310424805,f_min -11.54126713196274
2025-04-29 23:14:58,170 - INFO - 回退,len(queue)=3
2025-04-29 23:14:58,170 - INFO - 回退,len(queue)=2
2025-04-29 23:15:11,516 - INFO - tree_node.f_best*ep:-10.142849922180176,left_f_best-8.484301567077637,right_f_best-10.11879825592041,i:1
2025-04-29 23:15:25,210 - INFO - tree_node.f_best*ep:-10.142849922180176,left_f_best-8.44618034362793,right_f_best-10.141902923583984,i:2
2025-04-29 23:15:39,444 - INFO - tree_node.f_best*ep:-10.142849922180176,left_f_best-8.477961540222168,right_f_best-10.116137504577637,i:3
2025-04-29 23:15:54,321 - INFO - tree_node.f_best*ep:-10.142849922180176,left_f_best-8.519121170043945,right_f_best-10.221745491027832,i:4
2025-04-29 23:17:02,487 - INFO - 添加左子节点，右子节点，len(queue):4
2025-04-29 23:17:02,487 - INFO - Node 1: k=723.7522257493146, f_best=-10.118626594543457, f_min=-15.945654945546266
2025-04-29 23:17:02,487 - INFO - Node 2: k=148.9908117920219, f_best=-8.462653160095215, f_min=-9.249652589614925
2025-04-29 23:17:02,487 - INFO - Node 3: k=260.5167710612352, f_best=-10.131706237792969, f_min=-10.737444333057283
2025-04-29 23:17:02,487 - INFO - Node 4: k=134.87943828443494, f_best=-8.461088180541992, f_min=-8.470678391322508
2025-04-29 23:17:02,488 - INFO - Node 5: k=189.47491708482687, f_best=-10.142849922180176, f_min=-11.138047946637016
2025-04-29 23:17:02,488 - INFO - Node 6: k=167.88657598693172, f_best=-8.519121170043945, f_min=-9.214690088849238
2025-04-29 23:17:02,488 - INFO - Node 7: k=235.84243432047475, f_best=-10.221745491027832, f_min=-10.713854136630289
2025-04-29 23:17:02,488 - INFO - cur_node_number 7,f_best -10.221745491027832,f_min -10.713854136630289,k 235.84243432047475
2025-04-29 23:17:02,488 - INFO - f_best_current -10.221745491027832,f_min -10.713854136630289
2025-04-29 23:17:02,488 - INFO - 回退,len(queue)=2
2025-04-29 23:17:15,965 - INFO - tree_node.f_best*ep:-10.142849922180176,left_f_best-8.417276382446289,right_f_best-10.102750778198242,i:1
2025-04-29 23:17:29,713 - INFO - tree_node.f_best*ep:-10.142849922180176,left_f_best-8.38345718383789,right_f_best-10.0852632522583,i:2
2025-04-29 23:17:44,089 - INFO - tree_node.f_best*ep:-10.142849922180176,left_f_best-8.497097969055176,right_f_best-10.140615463256836,i:3
2025-04-29 23:17:59,347 - INFO - tree_node.f_best*ep:-10.142849922180176,left_f_best-8.45019817352295,right_f_best-10.170783042907715,i:4
2025-04-29 23:19:05,162 - INFO - 添加左子节点，右子节点，len(queue):4
2025-04-29 23:19:05,162 - INFO - Node 1: k=723.7522257493146, f_best=-10.118626594543457, f_min=-15.945654945546266
2025-04-29 23:19:05,162 - INFO - Node 2: k=148.9908117920219, f_best=-8.462653160095215, f_min=-9.249652589614925
2025-04-29 23:19:05,162 - INFO - Node 3: k=260.5167710612352, f_best=-10.131706237792969, f_min=-10.737444333057283
2025-04-29 23:19:05,162 - INFO - Node 4: k=134.87943828443494, f_best=-8.461088180541992, f_min=-8.470678391322508
2025-04-29 23:19:05,163 - INFO - Node 5: k=235.84243432047475, f_best=-10.142849922180176, f_min=-11.138047946637016
2025-04-29 23:19:05,163 - INFO - Node 6: k=130.9126539568873, f_best=-8.45019817352295, f_min=-9.146756540963906
2025-04-29 23:19:05,163 - INFO - Node 7: k=213.50507915336252, f_best=-10.170783042907715, f_min=-12.808045310634043
2025-04-29 23:19:05,163 - INFO - cur_node_number 8,f_best -10.170783042907715,f_min -12.808045310634043,k 213.50507915336252
2025-04-29 23:19:05,163 - INFO - f_best_current -10.170783042907715,f_min -12.808045310634043
2025-04-29 23:19:18,350 - INFO - tree_node.f_best*ep:-10.170783042907715,left_f_best-8.46677017211914,right_f_best-10.054174423217773,i:1
2025-04-29 23:19:31,740 - INFO - tree_node.f_best*ep:-10.170783042907715,left_f_best-8.480086326599121,right_f_best-10.067264556884766,i:2
2025-04-29 23:19:46,050 - INFO - tree_node.f_best*ep:-10.170783042907715,left_f_best-8.46752643585205,right_f_best-10.15272045135498,i:3
2025-04-29 23:20:01,469 - INFO - tree_node.f_best*ep:-10.170783042907715,left_f_best-8.483074188232422,right_f_best-10.171828269958496,i:4
2025-04-29 23:21:01,756 - INFO - 添加左子节点，右子节点，len(queue):5
2025-04-29 23:21:01,756 - INFO - Node 1: k=723.7522257493146, f_best=-10.118626594543457, f_min=-15.945654945546266
2025-04-29 23:21:01,756 - INFO - Node 2: k=148.9908117920219, f_best=-8.462653160095215, f_min=-9.249652589614925
2025-04-29 23:21:01,756 - INFO - Node 3: k=260.5167710612352, f_best=-10.131706237792969, f_min=-10.737444333057283
2025-04-29 23:21:01,756 - INFO - Node 4: k=134.87943828443494, f_best=-8.461088180541992, f_min=-8.470678391322508
2025-04-29 23:21:01,756 - INFO - Node 5: k=235.84243432047475, f_best=-10.142849922180176, f_min=-11.138047946637016
2025-04-29 23:21:01,756 - INFO - Node 6: k=130.9126539568873, f_best=-8.45019817352295, f_min=-9.146756540963906
2025-04-29 23:21:01,756 - INFO - Node 7: k=213.50507915336252, f_best=-10.170783042907715, f_min=-12.808045310634043
2025-04-29 23:21:01,757 - INFO - Node 8: k=84.49697877552256, f_best=-8.483074188232422, f_min=-8.738818867459031
2025-04-29 23:21:01,757 - INFO - Node 9: k=207.22592635876555, f_best=-10.171828269958496, f_min=-12.51351842945769
2025-04-29 23:21:01,757 - INFO - cur_node_number 9,f_best -10.171828269958496,f_min -12.51351842945769,k 207.22592635876555
2025-04-29 23:21:01,757 - INFO - f_best_current -10.171828269958496,f_min -12.51351842945769
2025-04-29 23:21:15,518 - INFO - tree_node.f_best*ep:-10.171828269958496,left_f_best-8.399789810180664,right_f_best-10.045373916625977,i:1
2025-04-29 23:21:29,717 - INFO - tree_node.f_best*ep:-10.171828269958496,left_f_best-8.437389373779297,right_f_best-10.132410049438477,i:2
2025-04-29 23:21:44,438 - INFO - tree_node.f_best*ep:-10.171828269958496,left_f_best-8.438028335571289,right_f_best-10.077731132507324,i:3
2025-04-29 23:22:00,145 - INFO - tree_node.f_best*ep:-10.171828269958496,left_f_best-8.485236167907715,right_f_best-10.152313232421875,i:4
2025-04-29 23:22:16,056 - INFO - tree_node.f_best*ep:-10.171828269958496,left_f_best-8.458263397216797,right_f_best-10.1626615524292,i:5
2025-04-29 23:22:32,368 - INFO - tree_node.f_best*ep:-10.171828269958496,left_f_best-8.486444473266602,right_f_best-10.190211296081543,i:6
2025-04-29 23:23:40,683 - INFO - 添加左子节点，右子节点，len(queue):6
2025-04-29 23:23:40,684 - INFO - Node 1: k=723.7522257493146, f_best=-10.118626594543457, f_min=-15.945654945546266
2025-04-29 23:23:40,684 - INFO - Node 2: k=148.9908117920219, f_best=-8.462653160095215, f_min=-9.249652589614925
2025-04-29 23:23:40,684 - INFO - Node 3: k=260.5167710612352, f_best=-10.131706237792969, f_min=-10.737444333057283
2025-04-29 23:23:40,684 - INFO - Node 4: k=134.87943828443494, f_best=-8.461088180541992, f_min=-8.470678391322508
2025-04-29 23:23:40,684 - INFO - Node 5: k=235.84243432047475, f_best=-10.142849922180176, f_min=-11.138047946637016
2025-04-29 23:23:40,684 - INFO - Node 6: k=130.9126539568873, f_best=-8.45019817352295, f_min=-9.146756540963906
2025-04-29 23:23:40,684 - INFO - Node 7: k=213.50507915336252, f_best=-10.170783042907715, f_min=-12.808045310634043
2025-04-29 23:23:40,685 - INFO - Node 8: k=84.49697877552256, f_best=-8.483074188232422, f_min=-8.738818867459031
2025-04-29 23:23:40,685 - INFO - Node 9: k=207.22592635876555, f_best=-10.171828269958496, f_min=-12.51351842945769
2025-04-29 23:23:40,685 - INFO - Node 10: k=206.90206313882388, f_best=-8.486444473266602, f_min=-10.66463209766971
2025-04-29 23:23:40,685 - INFO - Node 11: k=180.2788822683465, f_best=-10.190211296081543, f_min=-13.533071039179049
2025-04-29 23:23:40,685 - INFO - cur_node_number 10,f_best -10.190211296081543,f_min -13.533071039179049,k 180.2788822683465
2025-04-29 23:23:40,685 - INFO - f_best_current -10.190211296081543,f_min -13.533071039179049
2025-04-29 23:23:53,659 - INFO - tree_node.f_best*ep:-10.190211296081543,left_f_best-8.371687889099121,right_f_best-10.15554428100586,i:1
2025-04-29 23:24:07,163 - INFO - tree_node.f_best*ep:-10.190211296081543,left_f_best-8.475261688232422,right_f_best-10.149718284606934,i:2
2025-04-29 23:24:21,177 - INFO - tree_node.f_best*ep:-10.190211296081543,left_f_best-8.500534057617188,right_f_best-10.135239601135254,i:3
2025-04-29 23:24:36,199 - INFO - tree_node.f_best*ep:-10.190211296081543,left_f_best-8.482976913452148,right_f_best-10.129244804382324,i:4
2025-04-29 23:24:51,939 - INFO - tree_node.f_best*ep:-10.190211296081543,left_f_best-8.51248836517334,right_f_best-10.154890060424805,i:5
2025-04-29 23:25:08,542 - INFO - tree_node.f_best*ep:-10.190211296081543,left_f_best-8.528297424316406,right_f_best-10.120467185974121,i:6
2025-04-29 23:25:26,084 - INFO - tree_node.f_best*ep:-10.190211296081543,left_f_best-8.528725624084473,right_f_best-10.13520336151123,i:7
2025-04-29 23:25:44,275 - INFO - tree_node.f_best*ep:-10.190211296081543,left_f_best-8.512612342834473,right_f_best-10.222363471984863,i:8
2025-04-29 23:26:42,389 - INFO - 添加左子节点，右子节点，len(queue):7
2025-04-29 23:26:42,389 - INFO - Node 1: k=723.7522257493146, f_best=-10.118626594543457, f_min=-15.945654945546266
2025-04-29 23:26:42,389 - INFO - Node 2: k=148.9908117920219, f_best=-8.462653160095215, f_min=-9.249652589614925
2025-04-29 23:26:42,390 - INFO - Node 3: k=260.5167710612352, f_best=-10.131706237792969, f_min=-10.737444333057283
2025-04-29 23:26:42,390 - INFO - Node 4: k=134.87943828443494, f_best=-8.461088180541992, f_min=-8.470678391322508
2025-04-29 23:26:42,390 - INFO - Node 5: k=235.84243432047475, f_best=-10.142849922180176, f_min=-11.138047946637016
2025-04-29 23:26:42,390 - INFO - Node 6: k=130.9126539568873, f_best=-8.45019817352295, f_min=-9.146756540963906
2025-04-29 23:26:42,390 - INFO - Node 7: k=213.50507915336252, f_best=-10.170783042907715, f_min=-12.808045310634043
2025-04-29 23:26:42,390 - INFO - Node 8: k=84.49697877552256, f_best=-8.483074188232422, f_min=-8.738818867459031
2025-04-29 23:26:42,390 - INFO - Node 9: k=207.22592635876555, f_best=-10.171828269958496, f_min=-12.51351842945769
2025-04-29 23:26:42,390 - INFO - Node 10: k=206.90206313882388, f_best=-8.486444473266602, f_min=-10.66463209766971
2025-04-29 23:26:42,391 - INFO - Node 11: k=180.2788822683465, f_best=-10.190211296081543, f_min=-13.533071039179049
2025-04-29 23:26:42,391 - INFO - Node 12: k=174.70344419717085, f_best=-8.512612342834473, f_min=-11.13857538771208
2025-04-29 23:26:42,391 - INFO - Node 13: k=103.85998273426974, f_best=-10.222363471984863, f_min=-10.281084584471046
2025-04-29 23:26:42,391 - INFO - cur_node_number 11,f_best -10.222363471984863,f_min -10.281084584471046,k 103.85998273426974
2025-04-29 23:26:42,391 - INFO - f_best_current -10.222363471984863,f_min -10.281084584471046
2025-04-29 23:26:42,391 - INFO - 结束,fmin= -10.281084584471046, fbestmin=-10.222363471984863
