2025-04-29 23:34:01,674 - INFO - Namespace(log_file='outputs/DNN4/img[0]/min/DNN4img0_label6.log', image_path='img[0].png', model_path='network/DNN4.pth', label=6, init_epsilon=0.05, epsilon=0.01, ep=1, min=1)
2025-04-29 23:34:01,688 - INFO - Model output max(1): torch.return_types.max(
values=tensor([24.1257], grad_fn=<MaxBackward0>),
indices=tensor([0]))
2025-04-29 23:34:10,406 - INFO - cur_node_number 1,f_best -13.34654712677002,f_min -30.065352445202734,k 809.4515257580061
2025-04-29 23:34:10,407 - INFO - f_best_current -13.34654712677002,f_min -30.065352445202734
2025-04-29 23:34:23,734 - INFO - tree_node.f_best*ep:-13.34654712677002,left_f_best-11.953485488891602,right_f_best-13.317346572875977,i:1
2025-04-29 23:34:37,451 - INFO - tree_node.f_best*ep:-13.34654712677002,left_f_best-11.918243408203125,right_f_best-13.274972915649414,i:2
2025-04-29 23:34:52,222 - INFO - tree_node.f_best*ep:-13.34654712677002,left_f_best-12.001693725585938,right_f_best-13.417920112609863,i:3
2025-04-29 23:35:47,823 - INFO - 添加左子节点，右子节点，len(queue):2
2025-04-29 23:35:47,823 - INFO - Node 1: k=809.4515257580061, f_best=-13.34654712677002, f_min=-30.065352445202734
2025-04-29 23:35:47,823 - INFO - Node 2: k=187.39924468680493, f_best=-12.001693725585938, f_min=-13.925291795867452
2025-04-29 23:35:47,823 - INFO - Node 3: k=200.91735518687534, f_best=-13.417920112609863, f_min=-15.057832266141304
2025-04-29 23:35:47,823 - INFO - cur_node_number 2,f_best -13.417920112609863,f_min -15.057832266141304,k 200.91735518687534
2025-04-29 23:35:47,823 - INFO - f_best_current -13.417920112609863,f_min -15.057832266141304
2025-04-29 23:36:00,776 - INFO - tree_node.f_best*ep:-13.417920112609863,left_f_best-11.96772575378418,right_f_best-13.33083438873291,i:1
2025-04-29 23:36:14,285 - INFO - tree_node.f_best*ep:-13.417920112609863,left_f_best-12.02647590637207,right_f_best-13.445066452026367,i:2
2025-04-29 23:37:17,509 - INFO - 添加左子节点，右子节点，len(queue):3
2025-04-29 23:37:17,509 - INFO - Node 1: k=809.4515257580061, f_best=-13.34654712677002, f_min=-30.065352445202734
2025-04-29 23:37:17,509 - INFO - Node 2: k=187.39924468680493, f_best=-12.001693725585938, f_min=-13.925291795867452
2025-04-29 23:37:17,509 - INFO - Node 3: k=200.91735518687534, f_best=-13.417920112609863, f_min=-15.057832266141304
2025-04-29 23:37:17,509 - INFO - Node 4: k=405.5215502918222, f_best=-12.02647590637207, f_min=-19.391586860410825
2025-04-29 23:37:17,509 - INFO - Node 5: k=211.16615954091733, f_best=-13.445066452026367, f_min=-14.857119727403187
2025-04-29 23:37:17,509 - INFO - cur_node_number 3,f_best -13.445066452026367,f_min -14.857119727403187,k 211.16615954091733
2025-04-29 23:37:17,510 - INFO - f_best_current -13.445066452026367,f_min -14.857119727403187
2025-04-29 23:37:17,510 - INFO - 回退,len(queue)=1
2025-04-29 23:37:30,767 - INFO - tree_node.f_best*ep:-13.417920112609863,left_f_best-11.938502311706543,right_f_best-13.34319019317627,i:1
2025-04-29 23:37:44,285 - INFO - tree_node.f_best*ep:-13.417920112609863,left_f_best-11.902843475341797,right_f_best-13.267638206481934,i:2
2025-04-29 23:37:59,025 - INFO - tree_node.f_best*ep:-13.417920112609863,left_f_best-11.923086166381836,right_f_best-13.4506254196167,i:3
2025-04-29 23:39:01,384 - INFO - 添加左子节点，右子节点，len(queue):3
2025-04-29 23:39:01,384 - INFO - Node 1: k=809.4515257580061, f_best=-13.34654712677002, f_min=-30.065352445202734
2025-04-29 23:39:01,384 - INFO - Node 2: k=187.39924468680493, f_best=-12.001693725585938, f_min=-13.925291795867452
2025-04-29 23:39:01,384 - INFO - Node 3: k=211.16615954091733, f_best=-13.417920112609863, f_min=-15.057832266141304
2025-04-29 23:39:01,385 - INFO - Node 4: k=363.47858349114966, f_best=-11.923086166381836, f_min=-12.519519360359482
2025-04-29 23:39:01,385 - INFO - Node 5: k=191.1659695050097, f_best=-13.4506254196167, f_min=-13.91641490380698
2025-04-29 23:39:01,385 - INFO - cur_node_number 4,f_best -13.4506254196167,f_min -13.91641490380698,k 191.1659695050097
2025-04-29 23:39:01,385 - INFO - f_best_current -13.4506254196167,f_min -13.91641490380698
2025-04-29 23:39:14,252 - INFO - tree_node.f_best*ep:-13.4506254196167,left_f_best-12.062952995300293,right_f_best-13.27839469909668,i:1
2025-04-29 23:39:27,789 - INFO - tree_node.f_best*ep:-13.4506254196167,left_f_best-11.920307159423828,right_f_best-13.323766708374023,i:2
2025-04-29 23:39:41,989 - INFO - tree_node.f_best*ep:-13.4506254196167,left_f_best-12.050594329833984,right_f_best-13.239507675170898,i:3
2025-04-29 23:39:56,928 - INFO - tree_node.f_best*ep:-13.4506254196167,left_f_best-12.09012222290039,right_f_best-13.422758102416992,i:4
2025-04-29 23:40:12,639 - INFO - tree_node.f_best*ep:-13.4506254196167,left_f_best-12.078906059265137,right_f_best-13.363948822021484,i:5
2025-04-29 23:40:29,122 - INFO - tree_node.f_best*ep:-13.4506254196167,left_f_best-12.14459228515625,right_f_best-13.509049415588379,i:6
2025-04-29 23:41:30,551 - INFO - 添加左子节点，右子节点，len(queue):4
2025-04-29 23:41:30,551 - INFO - Node 1: k=809.4515257580061, f_best=-13.34654712677002, f_min=-30.065352445202734
2025-04-29 23:41:30,551 - INFO - Node 2: k=187.39924468680493, f_best=-12.001693725585938, f_min=-13.925291795867452
2025-04-29 23:41:30,552 - INFO - Node 3: k=211.16615954091733, f_best=-13.417920112609863, f_min=-15.057832266141304
2025-04-29 23:41:30,552 - INFO - Node 4: k=363.47858349114966, f_best=-11.923086166381836, f_min=-12.519519360359482
2025-04-29 23:41:30,552 - INFO - Node 5: k=191.1659695050097, f_best=-13.4506254196167, f_min=-13.91641490380698
2025-04-29 23:41:30,552 - INFO - Node 6: k=352.7887321192056, f_best=-12.14459228515625, f_min=-13.05918086825477
2025-04-29 23:41:30,552 - INFO - Node 7: k=211.16615954091733, f_best=-13.509049415588379, f_min=-14.295316783368435
2025-04-29 23:41:30,552 - INFO - cur_node_number 5,f_best -13.509049415588379,f_min -14.295316783368435,k 211.16615954091733
2025-04-29 23:41:30,552 - INFO - f_best_current -13.509049415588379,f_min -14.295316783368435
2025-04-29 23:41:30,552 - INFO - 回退,len(queue)=2
2025-04-29 23:41:44,103 - INFO - tree_node.f_best*ep:-13.4506254196167,left_f_best-11.913508415222168,right_f_best-13.378776550292969,i:1
2025-04-29 23:41:58,421 - INFO - tree_node.f_best*ep:-13.4506254196167,left_f_best-12.04355525970459,right_f_best-13.368075370788574,i:2
2025-04-29 23:42:13,148 - INFO - tree_node.f_best*ep:-13.4506254196167,left_f_best-12.10572624206543,right_f_best-13.469175338745117,i:3
2025-04-29 23:43:14,182 - INFO - 添加左子节点，右子节点，len(queue):4
2025-04-29 23:43:14,182 - INFO - Node 1: k=809.4515257580061, f_best=-13.34654712677002, f_min=-30.065352445202734
2025-04-29 23:43:14,182 - INFO - Node 2: k=187.39924468680493, f_best=-12.001693725585938, f_min=-13.925291795867452
2025-04-29 23:43:14,182 - INFO - Node 3: k=211.16615954091733, f_best=-13.417920112609863, f_min=-15.057832266141304
2025-04-29 23:43:14,183 - INFO - Node 4: k=363.47858349114966, f_best=-11.923086166381836, f_min=-12.519519360359482
2025-04-29 23:43:14,183 - INFO - Node 5: k=211.16615954091733, f_best=-13.4506254196167, f_min=-13.91641490380698
2025-04-29 23:43:14,183 - INFO - Node 6: k=397.5311737004433, f_best=-12.10572624206543, f_min=-12.839327154390048
2025-04-29 23:43:14,183 - INFO - Node 7: k=191.1659695050097, f_best=-13.469175338745117, f_min=-15.496464247022232
2025-04-29 23:43:14,183 - INFO - cur_node_number 6,f_best -13.469175338745117,f_min -15.496464247022232,k 191.1659695050097
2025-04-29 23:43:14,183 - INFO - f_best_current -13.469175338745117,f_min -15.496464247022232
2025-04-29 23:43:27,162 - INFO - tree_node.f_best*ep:-13.469175338745117,left_f_best-11.916388511657715,right_f_best-13.260820388793945,i:1
2025-04-29 23:43:40,774 - INFO - tree_node.f_best*ep:-13.469175338745117,left_f_best-11.930782318115234,right_f_best-13.329617500305176,i:2
2025-04-29 23:43:55,041 - INFO - tree_node.f_best*ep:-13.469175338745117,left_f_best-12.08602523803711,right_f_best-13.39767837524414,i:3
2025-04-29 23:44:10,234 - INFO - tree_node.f_best*ep:-13.469175338745117,left_f_best-12.01789379119873,right_f_best-13.420563697814941,i:4
2025-04-29 23:44:26,072 - INFO - tree_node.f_best*ep:-13.469175338745117,left_f_best-12.086372375488281,right_f_best-13.443987846374512,i:5
2025-04-29 23:44:42,440 - INFO - tree_node.f_best*ep:-13.469175338745117,left_f_best-12.13415241241455,right_f_best-13.511962890625,i:6
2025-04-29 23:45:46,944 - INFO - 添加左子节点，右子节点，len(queue):5
2025-04-29 23:45:46,944 - INFO - Node 1: k=809.4515257580061, f_best=-13.34654712677002, f_min=-30.065352445202734
2025-04-29 23:45:46,944 - INFO - Node 2: k=187.39924468680493, f_best=-12.001693725585938, f_min=-13.925291795867452
2025-04-29 23:45:46,945 - INFO - Node 3: k=211.16615954091733, f_best=-13.417920112609863, f_min=-15.057832266141304
2025-04-29 23:45:46,945 - INFO - Node 4: k=363.47858349114966, f_best=-11.923086166381836, f_min=-12.519519360359482
2025-04-29 23:45:46,945 - INFO - Node 5: k=211.16615954091733, f_best=-13.4506254196167, f_min=-13.91641490380698
2025-04-29 23:45:46,945 - INFO - Node 6: k=397.5311737004433, f_best=-12.10572624206543, f_min=-12.839327154390048
2025-04-29 23:45:46,945 - INFO - Node 7: k=191.1659695050097, f_best=-13.469175338745117, f_min=-15.496464247022232
2025-04-29 23:45:46,945 - INFO - Node 8: k=280.6229001093858, f_best=-12.13415241241455, f_min=-12.987470377256614
2025-04-29 23:45:46,945 - INFO - Node 9: k=368.65595481074735, f_best=-13.511962890625, f_min=-14.498000030716867
2025-04-29 23:45:46,945 - INFO - cur_node_number 7,f_best -13.511962890625,f_min -14.498000030716867,k 368.65595481074735
2025-04-29 23:45:46,946 - INFO - f_best_current -13.511962890625,f_min -14.498000030716867
2025-04-29 23:45:46,946 - INFO - 回退,len(queue)=3
2025-04-29 23:45:46,946 - INFO - 回退,len(queue)=2
2025-04-29 23:45:46,946 - INFO - 回退,len(queue)=1
2025-04-29 23:46:00,066 - INFO - tree_node.f_best*ep:-13.417920112609863,left_f_best-11.936351776123047,right_f_best-13.364089012145996,i:1
2025-04-29 23:46:13,979 - INFO - tree_node.f_best*ep:-13.417920112609863,left_f_best-12.044845581054688,right_f_best-13.413183212280273,i:2
2025-04-29 23:46:28,839 - INFO - tree_node.f_best*ep:-13.417920112609863,left_f_best-11.987445831298828,right_f_best-13.377952575683594,i:3
2025-04-29 23:46:44,081 - INFO - tree_node.f_best*ep:-13.417920112609863,left_f_best-12.08004093170166,right_f_best-13.433331489562988,i:4
2025-04-29 23:47:53,723 - INFO - 添加左子节点，右子节点，len(queue):3
2025-04-29 23:47:53,723 - INFO - Node 1: k=809.4515257580061, f_best=-13.34654712677002, f_min=-30.065352445202734
2025-04-29 23:47:53,723 - INFO - Node 2: k=187.39924468680493, f_best=-12.001693725585938, f_min=-13.925291795867452
2025-04-29 23:47:53,724 - INFO - Node 3: k=368.65595481074735, f_best=-13.417920112609863, f_min=-15.057832266141304
2025-04-29 23:47:53,724 - INFO - Node 4: k=449.83032422758174, f_best=-12.08004093170166, f_min=-12.579841600436339
2025-04-29 23:47:53,724 - INFO - Node 5: k=327.1634414861832, f_best=-13.433331489562988, f_min=-15.064809203298864
2025-04-29 23:47:53,724 - INFO - cur_node_number 8,f_best -13.433331489562988,f_min -15.064809203298864,k 327.1634414861832
2025-04-29 23:47:53,724 - INFO - f_best_current -13.433331489562988,f_min -15.064809203298864
2025-04-29 23:48:06,900 - INFO - tree_node.f_best*ep:-13.433331489562988,left_f_best-11.929813385009766,right_f_best-13.356287002563477,i:1
2025-04-29 23:48:20,895 - INFO - tree_node.f_best*ep:-13.433331489562988,left_f_best-11.991981506347656,right_f_best-13.24548625946045,i:2
2025-04-29 23:48:35,511 - INFO - tree_node.f_best*ep:-13.433331489562988,left_f_best-12.083545684814453,right_f_best-13.462986946105957,i:3
2025-04-29 23:49:38,949 - INFO - 添加左子节点，右子节点，len(queue):4
2025-04-29 23:49:38,949 - INFO - Node 1: k=809.4515257580061, f_best=-13.34654712677002, f_min=-30.065352445202734
2025-04-29 23:49:38,950 - INFO - Node 2: k=187.39924468680493, f_best=-12.001693725585938, f_min=-13.925291795867452
2025-04-29 23:49:38,950 - INFO - Node 3: k=368.65595481074735, f_best=-13.417920112609863, f_min=-15.057832266141304
2025-04-29 23:49:38,950 - INFO - Node 4: k=449.83032422758174, f_best=-12.08004093170166, f_min=-12.579841600436339
2025-04-29 23:49:38,950 - INFO - Node 5: k=327.1634414861832, f_best=-13.433331489562988, f_min=-15.064809203298864
2025-04-29 23:49:38,950 - INFO - Node 6: k=349.29577437545106, f_best=-12.083545684814453, f_min=-25.502641177017722
2025-04-29 23:49:38,950 - INFO - Node 7: k=255.11172737216896, f_best=-13.462986946105957, f_min=-22.48665016727864
2025-04-29 23:49:38,950 - INFO - cur_node_number 9,f_best -13.462986946105957,f_min -22.48665016727864,k 255.11172737216896
2025-04-29 23:49:38,950 - INFO - f_best_current -13.462986946105957,f_min -22.48665016727864
2025-04-29 23:49:52,246 - INFO - tree_node.f_best*ep:-13.462986946105957,left_f_best-11.915487289428711,right_f_best-13.385814666748047,i:1
2025-04-29 23:50:06,076 - INFO - tree_node.f_best*ep:-13.462986946105957,left_f_best-11.93644905090332,right_f_best-13.309443473815918,i:2
2025-04-29 23:50:20,625 - INFO - tree_node.f_best*ep:-13.462986946105957,left_f_best-12.033674240112305,right_f_best-13.41549015045166,i:3
2025-04-29 23:50:36,122 - INFO - tree_node.f_best*ep:-13.462986946105957,left_f_best-12.003886222839355,right_f_best-13.475502967834473,i:4
2025-04-29 23:51:41,106 - INFO - 添加左子节点，右子节点，len(queue):5
2025-04-29 23:51:41,106 - INFO - Node 1: k=809.4515257580061, f_best=-13.34654712677002, f_min=-30.065352445202734
2025-04-29 23:51:41,106 - INFO - Node 2: k=187.39924468680493, f_best=-12.001693725585938, f_min=-13.925291795867452
2025-04-29 23:51:41,107 - INFO - Node 3: k=368.65595481074735, f_best=-13.417920112609863, f_min=-15.057832266141304
2025-04-29 23:51:41,107 - INFO - Node 4: k=449.83032422758174, f_best=-12.08004093170166, f_min=-12.579841600436339
2025-04-29 23:51:41,107 - INFO - Node 5: k=327.1634414861832, f_best=-13.433331489562988, f_min=-15.064809203298864
2025-04-29 23:51:41,107 - INFO - Node 6: k=349.29577437545106, f_best=-12.083545684814453, f_min=-25.502641177017722
2025-04-29 23:51:41,107 - INFO - Node 7: k=255.11172737216896, f_best=-13.462986946105957, f_min=-22.48665016727864
2025-04-29 23:51:41,107 - INFO - Node 8: k=445.37655864117005, f_best=-12.003886222839355, f_min=-12.888020577318457
2025-04-29 23:51:41,107 - INFO - Node 9: k=265.47028650150577, f_best=-13.475502967834473, f_min=-14.637264931317986
2025-04-29 23:51:41,107 - INFO - cur_node_number 10,f_best -13.475502967834473,f_min -14.637264931317986,k 265.47028650150577
2025-04-29 23:51:41,107 - INFO - f_best_current -13.475502967834473,f_min -14.637264931317986
2025-04-29 23:51:41,107 - INFO - 回退,len(queue)=3
2025-04-29 23:51:52,903 - INFO - tree_node.f_best*ep:-13.462986946105957,left_f_best-11.970085144042969,right_f_best-13.237982749938965,i:1
2025-04-29 23:52:04,956 - INFO - tree_node.f_best*ep:-13.462986946105957,left_f_best-12.066097259521484,right_f_best-13.264688491821289,i:2
2025-04-29 23:52:17,629 - INFO - tree_node.f_best*ep:-13.462986946105957,left_f_best-12.038932800292969,right_f_best-13.392367362976074,i:3
2025-04-29 23:52:30,928 - INFO - tree_node.f_best*ep:-13.462986946105957,left_f_best-12.001675605773926,right_f_best-13.237115859985352,i:4
2025-04-29 23:52:44,970 - INFO - tree_node.f_best*ep:-13.462986946105957,left_f_best-12.083353042602539,right_f_best-13.419095039367676,i:5
2025-04-29 23:52:59,786 - INFO - tree_node.f_best*ep:-13.462986946105957,left_f_best-11.964301109313965,right_f_best-13.379901885986328,i:6
2025-04-29 23:53:15,663 - INFO - tree_node.f_best*ep:-13.462986946105957,left_f_best-12.033601760864258,right_f_best-13.511810302734375,i:7
2025-04-29 23:54:15,090 - INFO - 添加左子节点，右子节点，len(queue):5
2025-04-29 23:54:15,090 - INFO - Node 1: k=809.4515257580061, f_best=-13.34654712677002, f_min=-30.065352445202734
2025-04-29 23:54:15,090 - INFO - Node 2: k=187.39924468680493, f_best=-12.001693725585938, f_min=-13.925291795867452
2025-04-29 23:54:15,090 - INFO - Node 3: k=368.65595481074735, f_best=-13.417920112609863, f_min=-15.057832266141304
2025-04-29 23:54:15,090 - INFO - Node 4: k=449.83032422758174, f_best=-12.08004093170166, f_min=-12.579841600436339
2025-04-29 23:54:15,091 - INFO - Node 5: k=327.1634414861832, f_best=-13.433331489562988, f_min=-15.064809203298864
2025-04-29 23:54:15,091 - INFO - Node 6: k=349.29577437545106, f_best=-12.083545684814453, f_min=-25.502641177017722
2025-04-29 23:54:15,091 - INFO - Node 7: k=265.47028650150577, f_best=-13.462986946105957, f_min=-22.48665016727864
2025-04-29 23:54:15,091 - INFO - Node 8: k=382.01964424531025, f_best=-12.033601760864258, f_min=-15.927250375798394
2025-04-29 23:54:15,091 - INFO - Node 9: k=299.1385635862019, f_best=-13.511810302734375, f_min=-14.500655015643133
2025-04-29 23:54:15,091 - INFO - cur_node_number 11,f_best -13.511810302734375,f_min -14.500655015643133,k 299.1385635862019
2025-04-29 23:54:15,091 - INFO - f_best_current -13.511810302734375,f_min -14.500655015643133
2025-04-29 23:54:15,091 - INFO - 回退,len(queue)=3
2025-04-29 23:54:26,733 - INFO - tree_node.f_best*ep:-13.462986946105957,left_f_best-11.888777732849121,right_f_best-13.370241165161133,i:1
2025-04-29 23:54:38,871 - INFO - tree_node.f_best*ep:-13.462986946105957,left_f_best-11.963493347167969,right_f_best-13.376532554626465,i:2
2025-04-29 23:54:51,625 - INFO - tree_node.f_best*ep:-13.462986946105957,left_f_best-12.043074607849121,right_f_best-13.353017807006836,i:3
2025-04-29 23:55:04,897 - INFO - tree_node.f_best*ep:-13.462986946105957,left_f_best-12.063573837280273,right_f_best-13.429369926452637,i:4
2025-04-29 23:55:19,048 - INFO - tree_node.f_best*ep:-13.462986946105957,left_f_best-12.080333709716797,right_f_best-13.329202651977539,i:5
2025-04-29 23:55:34,031 - INFO - tree_node.f_best*ep:-13.462986946105957,left_f_best-12.123027801513672,right_f_best-13.449872016906738,i:6
2025-04-29 23:55:49,551 - INFO - tree_node.f_best*ep:-13.462986946105957,left_f_best-12.128440856933594,right_f_best-13.467787742614746,i:7
2025-04-29 23:56:48,267 - INFO - 添加左子节点，右子节点，len(queue):5
2025-04-29 23:56:48,267 - INFO - Node 1: k=809.4515257580061, f_best=-13.34654712677002, f_min=-30.065352445202734
2025-04-29 23:56:48,267 - INFO - Node 2: k=187.39924468680493, f_best=-12.001693725585938, f_min=-13.925291795867452
2025-04-29 23:56:48,267 - INFO - Node 3: k=368.65595481074735, f_best=-13.417920112609863, f_min=-15.057832266141304
2025-04-29 23:56:48,267 - INFO - Node 4: k=449.83032422758174, f_best=-12.08004093170166, f_min=-12.579841600436339
2025-04-29 23:56:48,268 - INFO - Node 5: k=327.1634414861832, f_best=-13.433331489562988, f_min=-15.064809203298864
2025-04-29 23:56:48,268 - INFO - Node 6: k=349.29577437545106, f_best=-12.083545684814453, f_min=-25.502641177017722
2025-04-29 23:56:48,268 - INFO - Node 7: k=299.1385635862019, f_best=-13.462986946105957, f_min=-22.48665016727864
2025-04-29 23:56:48,268 - INFO - Node 8: k=330.435075901045, f_best=-12.128440856933594, f_min=-14.378319381137771
2025-04-29 23:56:48,268 - INFO - Node 9: k=311.28478881344165, f_best=-13.467787742614746, f_min=-14.195624095284074
2025-04-29 23:56:48,268 - INFO - cur_node_number 12,f_best -13.467787742614746,f_min -14.195624095284074,k 311.28478881344165
2025-04-29 23:56:48,268 - INFO - f_best_current -13.467787742614746,f_min -14.195624095284074
2025-04-29 23:56:48,268 - INFO - 回退,len(queue)=3
2025-04-29 23:57:00,308 - INFO - tree_node.f_best*ep:-13.462986946105957,left_f_best-11.888233184814453,right_f_best-13.242729187011719,i:1
2025-04-29 23:57:12,775 - INFO - tree_node.f_best*ep:-13.462986946105957,left_f_best-12.061885833740234,right_f_best-13.400443077087402,i:2
2025-04-29 23:57:25,833 - INFO - tree_node.f_best*ep:-13.462986946105957,left_f_best-12.124814987182617,right_f_best-13.453669548034668,i:3
2025-04-29 23:57:39,154 - INFO - tree_node.f_best*ep:-13.462986946105957,left_f_best-12.057391166687012,right_f_best-13.361089706420898,i:4
2025-04-29 23:57:53,157 - INFO - tree_node.f_best*ep:-13.462986946105957,left_f_best-11.988616943359375,right_f_best-13.455629348754883,i:5
2025-04-29 23:58:07,822 - INFO - tree_node.f_best*ep:-13.462986946105957,left_f_best-12.0896577835083,right_f_best-13.418294906616211,i:6
2025-04-29 23:58:22,965 - INFO - tree_node.f_best*ep:-13.462986946105957,left_f_best-11.989233016967773,right_f_best-13.50846004486084,i:7
2025-04-29 23:59:13,849 - INFO - 添加左子节点，右子节点，len(queue):5
2025-04-29 23:59:13,850 - INFO - Node 1: k=809.4515257580061, f_best=-13.34654712677002, f_min=-30.065352445202734
2025-04-29 23:59:13,850 - INFO - Node 2: k=187.39924468680493, f_best=-12.001693725585938, f_min=-13.925291795867452
2025-04-29 23:59:13,850 - INFO - Node 3: k=368.65595481074735, f_best=-13.417920112609863, f_min=-15.057832266141304
2025-04-29 23:59:13,850 - INFO - Node 4: k=449.83032422758174, f_best=-12.08004093170166, f_min=-12.579841600436339
2025-04-29 23:59:13,850 - INFO - Node 5: k=327.1634414861832, f_best=-13.433331489562988, f_min=-15.064809203298864
2025-04-29 23:59:13,850 - INFO - Node 6: k=349.29577437545106, f_best=-12.083545684814453, f_min=-25.502641177017722
2025-04-29 23:59:13,850 - INFO - Node 7: k=311.28478881344165, f_best=-13.462986946105957, f_min=-22.48665016727864
2025-04-29 23:59:13,850 - INFO - Node 8: k=317.5416130685918, f_best=-11.989233016967773, f_min=-13.037097364189322
2025-04-29 23:59:13,851 - INFO - Node 9: k=152.06140072124433, f_best=-13.50846004486084, f_min=-14.15469596291041
2025-04-29 23:59:13,851 - INFO - cur_node_number 13,f_best -13.50846004486084,f_min -14.15469596291041,k 152.06140072124433
2025-04-29 23:59:13,851 - INFO - f_best_current -13.50846004486084,f_min -14.15469596291041
2025-04-29 23:59:25,876 - INFO - tree_node.f_best*ep:-13.50846004486084,left_f_best-11.937148094177246,right_f_best-13.35658073425293,i:1
2025-04-29 23:59:38,138 - INFO - tree_node.f_best*ep:-13.50846004486084,left_f_best-11.977237701416016,right_f_best-13.331934928894043,i:2
2025-04-29 23:59:50,968 - INFO - tree_node.f_best*ep:-13.50846004486084,left_f_best-12.000146865844727,right_f_best-13.387611389160156,i:3
2025-04-30 00:00:04,256 - INFO - tree_node.f_best*ep:-13.50846004486084,left_f_best-12.104362487792969,right_f_best-13.386558532714844,i:4
2025-04-30 00:00:18,233 - INFO - tree_node.f_best*ep:-13.50846004486084,left_f_best-12.050783157348633,right_f_best-13.465776443481445,i:5
2025-04-30 00:00:32,925 - INFO - tree_node.f_best*ep:-13.50846004486084,left_f_best-12.040888786315918,right_f_best-13.362563133239746,i:6
2025-04-30 00:00:48,309 - INFO - tree_node.f_best*ep:-13.50846004486084,left_f_best-12.126253128051758,right_f_best-13.492593765258789,i:7
2025-04-30 00:01:04,438 - INFO - tree_node.f_best*ep:-13.50846004486084,left_f_best-12.114900588989258,right_f_best-13.538433074951172,i:8
2025-04-30 00:02:01,971 - INFO - 添加左子节点，右子节点，len(queue):6
2025-04-30 00:02:01,971 - INFO - Node 1: k=809.4515257580061, f_best=-13.34654712677002, f_min=-30.065352445202734
2025-04-30 00:02:01,971 - INFO - Node 2: k=187.39924468680493, f_best=-12.001693725585938, f_min=-13.925291795867452
2025-04-30 00:02:01,971 - INFO - Node 3: k=368.65595481074735, f_best=-13.417920112609863, f_min=-15.057832266141304
2025-04-30 00:02:01,971 - INFO - Node 4: k=449.83032422758174, f_best=-12.08004093170166, f_min=-12.579841600436339
2025-04-30 00:02:01,971 - INFO - Node 5: k=327.1634414861832, f_best=-13.433331489562988, f_min=-15.064809203298864
2025-04-30 00:02:01,971 - INFO - Node 6: k=349.29577437545106, f_best=-12.083545684814453, f_min=-25.502641177017722
2025-04-30 00:02:01,971 - INFO - Node 7: k=311.28478881344165, f_best=-13.462986946105957, f_min=-22.48665016727864
2025-04-30 00:02:01,972 - INFO - Node 8: k=317.5416130685918, f_best=-11.989233016967773, f_min=-13.037097364189322
2025-04-30 00:02:01,972 - INFO - Node 9: k=152.06140072124433, f_best=-13.50846004486084, f_min=-14.15469596291041
2025-04-30 00:02:01,972 - INFO - Node 10: k=245.15735565171326, f_best=-12.114900588989258, f_min=-12.969331799526117
2025-04-30 00:02:01,972 - INFO - Node 11: k=347.29058567755465, f_best=-13.538433074951172, f_min=-25.528155090565633
2025-04-30 00:02:01,972 - INFO - cur_node_number 14,f_best -13.538433074951172,f_min -25.528155090565633,k 347.29058567755465
2025-04-30 00:02:01,972 - INFO - f_best_current -13.538433074951172,f_min -25.528155090565633
2025-04-30 00:02:01,972 - INFO - 回退,len(queue)=4
2025-04-30 00:02:01,972 - INFO - 回退,len(queue)=3
2025-04-30 00:02:01,972 - INFO - 回退,len(queue)=2
2025-04-30 00:02:14,127 - INFO - tree_node.f_best*ep:-13.433331489562988,left_f_best-11.853713989257812,right_f_best-13.314376831054688,i:1
2025-04-30 00:02:26,404 - INFO - tree_node.f_best*ep:-13.433331489562988,left_f_best-11.935458183288574,right_f_best-13.461336135864258,i:2
2025-04-30 00:03:23,470 - INFO - 添加左子节点，右子节点，len(queue):4
2025-04-30 00:03:23,470 - INFO - Node 1: k=809.4515257580061, f_best=-13.34654712677002, f_min=-30.065352445202734
2025-04-30 00:03:23,470 - INFO - Node 2: k=187.39924468680493, f_best=-12.001693725585938, f_min=-13.925291795867452
2025-04-30 00:03:23,470 - INFO - Node 3: k=368.65595481074735, f_best=-13.417920112609863, f_min=-15.057832266141304
2025-04-30 00:03:23,470 - INFO - Node 4: k=449.83032422758174, f_best=-12.08004093170166, f_min=-12.579841600436339
2025-04-30 00:03:23,470 - INFO - Node 5: k=347.29058567755465, f_best=-13.433331489562988, f_min=-15.064809203298864
2025-04-30 00:03:23,471 - INFO - Node 6: k=265.47028650150577, f_best=-11.935458183288574, f_min=-14.765214643111904
2025-04-30 00:03:23,471 - INFO - Node 7: k=337.076820926656, f_best=-13.461336135864258, f_min=-14.256104101148594
2025-04-30 00:03:23,471 - INFO - cur_node_number 15,f_best -13.461336135864258,f_min -14.256104101148594,k 337.076820926656
2025-04-30 00:03:23,471 - INFO - f_best_current -13.461336135864258,f_min -14.256104101148594
2025-04-30 00:03:35,243 - INFO - tree_node.f_best*ep:-13.461336135864258,left_f_best-11.995612144470215,right_f_best-13.216137886047363,i:1
2025-04-30 00:03:47,410 - INFO - tree_node.f_best*ep:-13.461336135864258,left_f_best-11.956457138061523,right_f_best-13.25715446472168,i:2
2025-04-30 00:04:00,120 - INFO - tree_node.f_best*ep:-13.461336135864258,left_f_best-11.789314270019531,right_f_best-13.342543601989746,i:3
2025-04-30 00:04:13,533 - INFO - tree_node.f_best*ep:-13.461336135864258,left_f_best-12.057608604431152,right_f_best-13.381876945495605,i:4
2025-04-30 00:04:27,759 - INFO - tree_node.f_best*ep:-13.461336135864258,left_f_best-12.1046781539917,right_f_best-13.467768669128418,i:5
2025-04-30 00:05:31,477 - INFO - 添加左子节点，右子节点，len(queue):5
2025-04-30 00:05:31,477 - INFO - Node 1: k=809.4515257580061, f_best=-13.34654712677002, f_min=-30.065352445202734
2025-04-30 00:05:31,477 - INFO - Node 2: k=187.39924468680493, f_best=-12.001693725585938, f_min=-13.925291795867452
2025-04-30 00:05:31,477 - INFO - Node 3: k=368.65595481074735, f_best=-13.417920112609863, f_min=-15.057832266141304
2025-04-30 00:05:31,477 - INFO - Node 4: k=449.83032422758174, f_best=-12.08004093170166, f_min=-12.579841600436339
2025-04-30 00:05:31,477 - INFO - Node 5: k=347.29058567755465, f_best=-13.433331489562988, f_min=-15.064809203298864
2025-04-30 00:05:31,477 - INFO - Node 6: k=265.47028650150577, f_best=-11.935458183288574, f_min=-14.765214643111904
2025-04-30 00:05:31,478 - INFO - Node 7: k=337.076820926656, f_best=-13.461336135864258, f_min=-14.256104101148594
2025-04-30 00:05:31,478 - INFO - Node 8: k=472.77619160293, f_best=-12.1046781539917, f_min=-13.06826496002941
2025-04-30 00:05:31,478 - INFO - Node 9: k=367.11336932606116, f_best=-13.467768669128418, f_min=-15.503415660328756
2025-04-30 00:05:31,478 - INFO - cur_node_number 16,f_best -13.467768669128418,f_min -15.503415660328756,k 367.11336932606116
2025-04-30 00:05:31,478 - INFO - f_best_current -13.467768669128418,f_min -15.503415660328756
2025-04-30 00:05:31,478 - INFO - 回退,len(queue)=3
2025-04-30 00:05:31,478 - INFO - 回退,len(queue)=2
2025-04-30 00:05:43,492 - INFO - tree_node.f_best*ep:-13.433331489562988,left_f_best-11.862878799438477,right_f_best-13.26128101348877,i:1
2025-04-30 00:05:55,973 - INFO - tree_node.f_best*ep:-13.433331489562988,left_f_best-11.92116928100586,right_f_best-13.272477149963379,i:2
2025-04-30 00:06:09,018 - INFO - tree_node.f_best*ep:-13.433331489562988,left_f_best-12.07631778717041,right_f_best-13.406899452209473,i:3
2025-04-30 00:06:22,567 - INFO - tree_node.f_best*ep:-13.433331489562988,left_f_best-12.086400032043457,right_f_best-13.33873462677002,i:4
2025-04-30 00:06:36,996 - INFO - tree_node.f_best*ep:-13.433331489562988,left_f_best-12.01435661315918,right_f_best-13.453573226928711,i:5
2025-04-30 00:07:49,738 - INFO - 添加左子节点，右子节点，len(queue):4
2025-04-30 00:07:49,738 - INFO - Node 1: k=809.4515257580061, f_best=-13.34654712677002, f_min=-30.065352445202734
2025-04-30 00:07:49,738 - INFO - Node 2: k=187.39924468680493, f_best=-12.001693725585938, f_min=-13.925291795867452
2025-04-30 00:07:49,738 - INFO - Node 3: k=368.65595481074735, f_best=-13.417920112609863, f_min=-15.057832266141304
2025-04-30 00:07:49,738 - INFO - Node 4: k=449.83032422758174, f_best=-12.08004093170166, f_min=-12.579841600436339
2025-04-30 00:07:49,738 - INFO - Node 5: k=367.11336932606116, f_best=-13.433331489562988, f_min=-15.064809203298864
2025-04-30 00:07:49,739 - INFO - Node 6: k=391.33572467066, f_best=-12.01435661315918, f_min=-16.316276393341468
2025-04-30 00:07:49,739 - INFO - Node 7: k=449.83032422758174, f_best=-13.453573226928711, f_min=-13.70975822064247
2025-04-30 00:07:49,739 - INFO - cur_node_number 17,f_best -13.453573226928711,f_min -13.70975822064247,k 449.83032422758174
2025-04-30 00:07:49,739 - INFO - f_best_current -13.453573226928711,f_min -13.70975822064247
2025-04-30 00:07:49,739 - INFO - 回退,len(queue)=2
2025-04-30 00:07:49,739 - INFO - 回退,len(queue)=1
2025-04-30 00:08:03,227 - INFO - tree_node.f_best*ep:-13.417920112609863,left_f_best-11.980058670043945,right_f_best-13.324113845825195,i:1
2025-04-30 00:08:17,073 - INFO - tree_node.f_best*ep:-13.417920112609863,left_f_best-11.929237365722656,right_f_best-13.387785911560059,i:2
2025-04-30 00:08:31,296 - INFO - tree_node.f_best*ep:-13.417920112609863,left_f_best-12.06259822845459,right_f_best-13.442599296569824,i:3
2025-04-30 00:09:30,835 - INFO - 添加左子节点，右子节点，len(queue):3
2025-04-30 00:09:30,835 - INFO - Node 1: k=809.4515257580061, f_best=-13.34654712677002, f_min=-30.065352445202734
2025-04-30 00:09:30,835 - INFO - Node 2: k=187.39924468680493, f_best=-12.001693725585938, f_min=-13.925291795867452
2025-04-30 00:09:30,835 - INFO - Node 3: k=449.83032422758174, f_best=-13.417920112609863, f_min=-15.057832266141304
2025-04-30 00:09:30,835 - INFO - Node 4: k=181.88786062209485, f_best=-12.06259822845459, f_min=-13.667622026935533
2025-04-30 00:09:30,836 - INFO - Node 5: k=317.5416130685918, f_best=-13.442599296569824, f_min=-15.85443682830919
2025-04-30 00:09:30,836 - INFO - cur_node_number 18,f_best -13.442599296569824,f_min -15.85443682830919,k 317.5416130685918
2025-04-30 00:09:30,836 - INFO - f_best_current -13.442599296569824,f_min -15.85443682830919
2025-04-30 00:09:44,397 - INFO - tree_node.f_best*ep:-13.442599296569824,left_f_best-11.811230659484863,right_f_best-13.331328392028809,i:1
2025-04-30 00:09:58,284 - INFO - tree_node.f_best*ep:-13.442599296569824,left_f_best-11.93129825592041,right_f_best-13.285833358764648,i:2
2025-04-30 00:10:12,552 - INFO - tree_node.f_best*ep:-13.442599296569824,left_f_best-12.067115783691406,right_f_best-13.431991577148438,i:3
2025-04-30 00:10:27,498 - INFO - tree_node.f_best*ep:-13.442599296569824,left_f_best-12.113924026489258,right_f_best-13.401179313659668,i:4
2025-04-30 00:10:43,008 - INFO - tree_node.f_best*ep:-13.442599296569824,left_f_best-12.151750564575195,right_f_best-13.450566291809082,i:5
2025-04-30 00:11:57,857 - INFO - 添加左子节点，右子节点，len(queue):4
2025-04-30 00:11:57,857 - INFO - Node 1: k=809.4515257580061, f_best=-13.34654712677002, f_min=-30.065352445202734
2025-04-30 00:11:57,857 - INFO - Node 2: k=187.39924468680493, f_best=-12.001693725585938, f_min=-13.925291795867452
2025-04-30 00:11:57,858 - INFO - Node 3: k=449.83032422758174, f_best=-13.417920112609863, f_min=-15.057832266141304
2025-04-30 00:11:57,858 - INFO - Node 4: k=181.88786062209485, f_best=-12.06259822845459, f_min=-13.667622026935533
2025-04-30 00:11:57,858 - INFO - Node 5: k=317.5416130685918, f_best=-13.442599296569824, f_min=-15.85443682830919
2025-04-30 00:11:57,858 - INFO - Node 6: k=568.7751938351169, f_best=-12.151750564575195, f_min=-14.835012253850437
2025-04-30 00:11:57,858 - INFO - Node 7: k=419.56486496183, f_best=-13.450566291809082, f_min=-13.663970451005298
2025-04-30 00:11:57,858 - INFO - cur_node_number 19,f_best -13.450566291809082,f_min -13.663970451005298,k 419.56486496183
2025-04-30 00:11:57,858 - INFO - f_best_current -13.450566291809082,f_min -13.663970451005298
2025-04-30 00:11:57,858 - INFO - 回退,len(queue)=2
2025-04-30 00:12:11,002 - INFO - tree_node.f_best*ep:-13.442599296569824,left_f_best-11.88757038116455,right_f_best-13.317411422729492,i:1
2025-04-30 00:12:24,457 - INFO - tree_node.f_best*ep:-13.442599296569824,left_f_best-12.046369552612305,right_f_best-13.269925117492676,i:2
2025-04-30 00:12:38,548 - INFO - tree_node.f_best*ep:-13.442599296569824,left_f_best-11.868887901306152,right_f_best-13.394099235534668,i:3
2025-04-30 00:12:53,348 - INFO - tree_node.f_best*ep:-13.442599296569824,left_f_best-12.094968795776367,right_f_best-13.407790184020996,i:4
2025-04-30 00:13:08,813 - INFO - tree_node.f_best*ep:-13.442599296569824,left_f_best-12.060165405273438,right_f_best-13.434103012084961,i:5
2025-04-30 00:13:25,042 - INFO - tree_node.f_best*ep:-13.442599296569824,left_f_best-12.110344886779785,right_f_best-13.386993408203125,i:6
2025-04-30 00:13:41,863 - INFO - tree_node.f_best*ep:-13.442599296569824,left_f_best-12.31617546081543,right_f_best-13.476067543029785,i:7
2025-04-30 00:14:47,401 - INFO - 添加左子节点，右子节点，len(queue):4
2025-04-30 00:14:47,401 - INFO - Node 1: k=809.4515257580061, f_best=-13.34654712677002, f_min=-30.065352445202734
2025-04-30 00:14:47,401 - INFO - Node 2: k=187.39924468680493, f_best=-12.001693725585938, f_min=-13.925291795867452
2025-04-30 00:14:47,402 - INFO - Node 3: k=449.83032422758174, f_best=-13.417920112609863, f_min=-15.057832266141304
2025-04-30 00:14:47,402 - INFO - Node 4: k=181.88786062209485, f_best=-12.06259822845459, f_min=-13.667622026935533
2025-04-30 00:14:47,402 - INFO - Node 5: k=419.56486496183, f_best=-13.442599296569824, f_min=-15.85443682830919
2025-04-30 00:14:47,402 - INFO - Node 6: k=401.50648543744774, f_best=-12.31617546081543, f_min=-14.408804290946136
2025-04-30 00:14:47,402 - INFO - Node 7: k=260.23947309234956, f_best=-13.476067543029785, f_min=-13.698287264860483
2025-04-30 00:14:47,402 - INFO - cur_node_number 20,f_best -13.476067543029785,f_min -13.698287264860483,k 260.23947309234956
2025-04-30 00:14:47,402 - INFO - f_best_current -13.476067543029785,f_min -13.698287264860483
2025-04-30 00:15:01,002 - INFO - tree_node.f_best*ep:-13.476067543029785,left_f_best-12.009925842285156,right_f_best-13.313652992248535,i:1
2025-04-30 00:15:14,791 - INFO - tree_node.f_best*ep:-13.476067543029785,left_f_best-12.044474601745605,right_f_best-13.383920669555664,i:2
2025-04-30 00:15:29,028 - INFO - tree_node.f_best*ep:-13.476067543029785,left_f_best-12.033236503601074,right_f_best-13.35563850402832,i:3
2025-04-30 00:15:43,908 - INFO - tree_node.f_best*ep:-13.476067543029785,left_f_best-12.116841316223145,right_f_best-13.265596389770508,i:4
2025-04-30 00:15:59,351 - INFO - tree_node.f_best*ep:-13.476067543029785,left_f_best-11.920747756958008,right_f_best-13.4110107421875,i:5
2025-04-30 00:16:15,997 - INFO - tree_node.f_best*ep:-13.476067543029785,left_f_best-12.091331481933594,right_f_best-13.4661865234375,i:6
2025-04-30 00:16:33,496 - INFO - tree_node.f_best*ep:-13.476067543029785,left_f_best-12.138050079345703,right_f_best-13.410590171813965,i:7
2025-04-30 00:16:50,670 - INFO - tree_node.f_best*ep:-13.476067543029785,left_f_best-12.04026985168457,right_f_best-13.50073528289795,i:8
2025-04-30 00:17:49,488 - INFO - 添加左子节点，右子节点，len(queue):5
2025-04-30 00:17:49,488 - INFO - Node 1: k=809.4515257580061, f_best=-13.34654712677002, f_min=-30.065352445202734
2025-04-30 00:17:49,488 - INFO - Node 2: k=187.39924468680493, f_best=-12.001693725585938, f_min=-13.925291795867452
2025-04-30 00:17:49,488 - INFO - Node 3: k=449.83032422758174, f_best=-13.417920112609863, f_min=-15.057832266141304
2025-04-30 00:17:49,488 - INFO - Node 4: k=181.88786062209485, f_best=-12.06259822845459, f_min=-13.667622026935533
2025-04-30 00:17:49,488 - INFO - Node 5: k=419.56486496183, f_best=-13.442599296569824, f_min=-15.85443682830919
2025-04-30 00:17:49,489 - INFO - Node 6: k=401.50648543744774, f_best=-12.31617546081543, f_min=-14.408804290946136
2025-04-30 00:17:49,489 - INFO - Node 7: k=260.23947309234956, f_best=-13.476067543029785, f_min=-13.698287264860483
2025-04-30 00:17:49,489 - INFO - Node 8: k=333.73942666005547, f_best=-12.04026985168457, f_min=-12.918408403596914
2025-04-30 00:17:49,489 - INFO - Node 9: k=333.73942666005547, f_best=-13.50073528289795, f_min=-17.638008041045396
2025-04-30 00:17:49,489 - INFO - cur_node_number 21,f_best -13.50073528289795,f_min -17.638008041045396,k 333.73942666005547
2025-04-30 00:17:49,489 - INFO - f_best_current -13.50073528289795,f_min -17.638008041045396
2025-04-30 00:17:49,489 - INFO - 回退,len(queue)=3
2025-04-30 00:18:01,276 - INFO - tree_node.f_best*ep:-13.476067543029785,left_f_best-11.919648170471191,right_f_best-13.382429122924805,i:1
2025-04-30 00:18:13,485 - INFO - tree_node.f_best*ep:-13.476067543029785,left_f_best-11.956459045410156,right_f_best-13.235795021057129,i:2
2025-04-30 00:18:26,287 - INFO - tree_node.f_best*ep:-13.476067543029785,left_f_best-12.02182388305664,right_f_best-13.391057968139648,i:3
2025-04-30 00:18:40,017 - INFO - tree_node.f_best*ep:-13.476067543029785,left_f_best-11.939319610595703,right_f_best-13.470359802246094,i:4
2025-04-30 00:18:54,475 - INFO - tree_node.f_best*ep:-13.476067543029785,left_f_best-12.02515983581543,right_f_best-13.490360260009766,i:5
2025-04-30 00:19:52,122 - INFO - 添加左子节点，右子节点，len(queue):5
2025-04-30 00:19:52,122 - INFO - Node 1: k=809.4515257580061, f_best=-13.34654712677002, f_min=-30.065352445202734
2025-04-30 00:19:52,122 - INFO - Node 2: k=187.39924468680493, f_best=-12.001693725585938, f_min=-13.925291795867452
2025-04-30 00:19:52,122 - INFO - Node 3: k=449.83032422758174, f_best=-13.417920112609863, f_min=-15.057832266141304
2025-04-30 00:19:52,122 - INFO - Node 4: k=181.88786062209485, f_best=-12.06259822845459, f_min=-13.667622026935533
2025-04-30 00:19:52,123 - INFO - Node 5: k=419.56486496183, f_best=-13.442599296569824, f_min=-15.85443682830919
2025-04-30 00:19:52,123 - INFO - Node 6: k=401.50648543744774, f_best=-12.31617546081543, f_min=-14.408804290946136
2025-04-30 00:19:52,123 - INFO - Node 7: k=333.73942666005547, f_best=-13.476067543029785, f_min=-13.698287264860483
2025-04-30 00:19:52,123 - INFO - Node 8: k=217.56470534116667, f_best=-12.02515983581543, f_min=-13.320784692466077
2025-04-30 00:19:52,123 - INFO - Node 9: k=432.2780999350384, f_best=-13.490360260009766, f_min=-15.71063288948244
2025-04-30 00:19:52,123 - INFO - cur_node_number 22,f_best -13.490360260009766,f_min -15.71063288948244,k 432.2780999350384
2025-04-30 00:19:52,123 - INFO - f_best_current -13.490360260009766,f_min -15.71063288948244
2025-04-30 00:19:52,123 - INFO - 回退,len(queue)=3
2025-04-30 00:19:52,124 - INFO - 回退,len(queue)=2
2025-04-30 00:20:03,888 - INFO - tree_node.f_best*ep:-13.442599296569824,left_f_best-11.965039253234863,right_f_best-13.351789474487305,i:1
2025-04-30 00:20:15,932 - INFO - tree_node.f_best*ep:-13.442599296569824,left_f_best-11.955331802368164,right_f_best-13.363837242126465,i:2
2025-04-30 00:20:28,601 - INFO - tree_node.f_best*ep:-13.442599296569824,left_f_best-12.088865280151367,right_f_best-13.354497909545898,i:3
2025-04-30 00:20:41,949 - INFO - tree_node.f_best*ep:-13.442599296569824,left_f_best-12.039056777954102,right_f_best-13.395503997802734,i:4
2025-04-30 00:20:55,789 - INFO - tree_node.f_best*ep:-13.442599296569824,left_f_best-12.126520156860352,right_f_best-13.41710090637207,i:5
2025-04-30 00:21:10,289 - INFO - tree_node.f_best*ep:-13.442599296569824,left_f_best-12.12051773071289,right_f_best-13.475926399230957,i:6
2025-04-30 00:22:02,221 - INFO - 添加左子节点，右子节点，len(queue):4
2025-04-30 00:22:02,221 - INFO - Node 1: k=809.4515257580061, f_best=-13.34654712677002, f_min=-30.065352445202734
2025-04-30 00:22:02,222 - INFO - Node 2: k=187.39924468680493, f_best=-12.001693725585938, f_min=-13.925291795867452
2025-04-30 00:22:02,222 - INFO - Node 3: k=449.83032422758174, f_best=-13.417920112609863, f_min=-15.057832266141304
2025-04-30 00:22:02,222 - INFO - Node 4: k=181.88786062209485, f_best=-12.06259822845459, f_min=-13.667622026935533
2025-04-30 00:22:02,222 - INFO - Node 5: k=432.2780999350384, f_best=-13.442599296569824, f_min=-15.85443682830919
2025-04-30 00:22:02,222 - INFO - Node 6: k=239.32117587528325, f_best=-12.12051773071289, f_min=-12.860247693200108
2025-04-30 00:22:02,222 - INFO - Node 7: k=250.08501850031269, f_best=-13.475926399230957, f_min=-14.628946972063204
2025-04-30 00:22:02,222 - INFO - cur_node_number 23,f_best -13.475926399230957,f_min -14.628946972063204,k 250.08501850031269
2025-04-30 00:22:02,222 - INFO - f_best_current -13.475926399230957,f_min -14.628946972063204
2025-04-30 00:22:14,128 - INFO - tree_node.f_best*ep:-13.475926399230957,left_f_best-11.961240768432617,right_f_best-13.350549697875977,i:1
2025-04-30 00:22:26,637 - INFO - tree_node.f_best*ep:-13.475926399230957,left_f_best-11.883849143981934,right_f_best-13.2526216506958,i:2
2025-04-30 00:22:39,683 - INFO - tree_node.f_best*ep:-13.475926399230957,left_f_best-11.970934867858887,right_f_best-13.427637100219727,i:3
2025-04-30 00:22:53,180 - INFO - tree_node.f_best*ep:-13.475926399230957,left_f_best-11.932331085205078,right_f_best-13.488922119140625,i:4
2025-04-30 00:23:51,211 - INFO - 添加左子节点，右子节点，len(queue):5
2025-04-30 00:23:51,212 - INFO - Node 1: k=809.4515257580061, f_best=-13.34654712677002, f_min=-30.065352445202734
2025-04-30 00:23:51,212 - INFO - Node 2: k=187.39924468680493, f_best=-12.001693725585938, f_min=-13.925291795867452
2025-04-30 00:23:51,212 - INFO - Node 3: k=449.83032422758174, f_best=-13.417920112609863, f_min=-15.057832266141304
2025-04-30 00:23:51,212 - INFO - Node 4: k=181.88786062209485, f_best=-12.06259822845459, f_min=-13.667622026935533
2025-04-30 00:23:51,212 - INFO - Node 5: k=432.2780999350384, f_best=-13.442599296569824, f_min=-15.85443682830919
2025-04-30 00:23:51,212 - INFO - Node 6: k=239.32117587528325, f_best=-12.12051773071289, f_min=-12.860247693200108
2025-04-30 00:23:51,212 - INFO - Node 7: k=250.08501850031269, f_best=-13.475926399230957, f_min=-14.628946972063204
2025-04-30 00:23:51,212 - INFO - Node 8: k=395.2490819173666, f_best=-11.932331085205078, f_min=-14.179750280334702
2025-04-30 00:23:51,212 - INFO - Node 9: k=432.2780999350384, f_best=-13.488922119140625, f_min=-13.829548725745553
2025-04-30 00:23:51,212 - INFO - cur_node_number 24,f_best -13.488922119140625,f_min -13.829548725745553,k 432.2780999350384
2025-04-30 00:23:51,213 - INFO - f_best_current -13.488922119140625,f_min -13.829548725745553
2025-04-30 00:23:51,213 - INFO - 回退,len(queue)=3
2025-04-30 00:24:02,045 - INFO - tree_node.f_best*ep:-13.475926399230957,left_f_best-12.021209716796875,right_f_best-13.356539726257324,i:1
2025-04-30 00:24:13,200 - INFO - tree_node.f_best*ep:-13.475926399230957,left_f_best-11.956740379333496,right_f_best-13.28588581085205,i:2
2025-04-30 00:24:24,960 - INFO - tree_node.f_best*ep:-13.475926399230957,left_f_best-12.053027153015137,right_f_best-13.40164566040039,i:3
2025-04-30 00:24:37,236 - INFO - tree_node.f_best*ep:-13.475926399230957,left_f_best-12.107989311218262,right_f_best-13.437118530273438,i:4
2025-04-30 00:24:49,990 - INFO - tree_node.f_best*ep:-13.475926399230957,left_f_best-12.12900161743164,right_f_best-13.453052520751953,i:5
2025-04-30 00:25:03,106 - INFO - tree_node.f_best*ep:-13.475926399230957,left_f_best-12.001861572265625,right_f_best-13.478432655334473,i:6
2025-04-30 00:25:51,459 - INFO - 添加左子节点，右子节点，len(queue):5
2025-04-30 00:25:51,459 - INFO - Node 1: k=809.4515257580061, f_best=-13.34654712677002, f_min=-30.065352445202734
2025-04-30 00:25:51,460 - INFO - Node 2: k=187.39924468680493, f_best=-12.001693725585938, f_min=-13.925291795867452
2025-04-30 00:25:51,460 - INFO - Node 3: k=449.83032422758174, f_best=-13.417920112609863, f_min=-15.057832266141304
2025-04-30 00:25:51,460 - INFO - Node 4: k=181.88786062209485, f_best=-12.06259822845459, f_min=-13.667622026935533
2025-04-30 00:25:51,460 - INFO - Node 5: k=432.2780999350384, f_best=-13.442599296569824, f_min=-15.85443682830919
2025-04-30 00:25:51,460 - INFO - Node 6: k=239.32117587528325, f_best=-12.12051773071289, f_min=-12.860247693200108
2025-04-30 00:25:51,460 - INFO - Node 7: k=432.2780999350384, f_best=-13.475926399230957, f_min=-14.628946972063204
2025-04-30 00:25:51,460 - INFO - Node 8: k=262.84186782327305, f_best=-12.001861572265625, f_min=-13.222957714186123
2025-04-30 00:25:51,460 - INFO - Node 9: k=247.6089292082304, f_best=-13.478432655334473, f_min=-15.40087373852839
2025-04-30 00:25:51,460 - INFO - cur_node_number 25,f_best -13.478432655334473,f_min -15.40087373852839,k 247.6089292082304
2025-04-30 00:25:51,460 - INFO - f_best_current -13.478432655334473,f_min -15.40087373852839
2025-04-30 00:26:02,214 - INFO - tree_node.f_best*ep:-13.478432655334473,left_f_best-11.898192405700684,right_f_best-13.39138412475586,i:1
2025-04-30 00:26:13,373 - INFO - tree_node.f_best*ep:-13.478432655334473,left_f_best-12.052905082702637,right_f_best-13.345254898071289,i:2
2025-04-30 00:26:25,147 - INFO - tree_node.f_best*ep:-13.478432655334473,left_f_best-12.067453384399414,right_f_best-13.376410484313965,i:3
2025-04-30 00:26:37,489 - INFO - tree_node.f_best*ep:-13.478432655334473,left_f_best-11.917905807495117,right_f_best-13.384254455566406,i:4
2025-04-30 00:26:50,256 - INFO - tree_node.f_best*ep:-13.478432655334473,left_f_best-11.971587181091309,right_f_best-13.346872329711914,i:5
2025-04-30 00:27:03,509 - INFO - tree_node.f_best*ep:-13.478432655334473,left_f_best-12.166359901428223,right_f_best-13.486682891845703,i:6
2025-04-30 00:27:50,047 - INFO - 添加左子节点，右子节点，len(queue):6
2025-04-30 00:27:50,047 - INFO - Node 1: k=809.4515257580061, f_best=-13.34654712677002, f_min=-30.065352445202734
2025-04-30 00:27:50,047 - INFO - Node 2: k=187.39924468680493, f_best=-12.001693725585938, f_min=-13.925291795867452
2025-04-30 00:27:50,048 - INFO - Node 3: k=449.83032422758174, f_best=-13.417920112609863, f_min=-15.057832266141304
2025-04-30 00:27:50,048 - INFO - Node 4: k=181.88786062209485, f_best=-12.06259822845459, f_min=-13.667622026935533
2025-04-30 00:27:50,048 - INFO - Node 5: k=432.2780999350384, f_best=-13.442599296569824, f_min=-15.85443682830919
2025-04-30 00:27:50,048 - INFO - Node 6: k=239.32117587528325, f_best=-12.12051773071289, f_min=-12.860247693200108
2025-04-30 00:27:50,048 - INFO - Node 7: k=432.2780999350384, f_best=-13.475926399230957, f_min=-14.628946972063204
2025-04-30 00:27:50,048 - INFO - Node 8: k=262.84186782327305, f_best=-12.001861572265625, f_min=-13.222957714186123
2025-04-30 00:27:50,048 - INFO - Node 9: k=247.6089292082304, f_best=-13.478432655334473, f_min=-15.40087373852839
2025-04-30 00:27:50,048 - INFO - Node 10: k=244.13153151037645, f_best=-12.166359901428223, f_min=-12.678738005033665
2025-04-30 00:27:50,048 - INFO - Node 11: k=245.15735565171326, f_best=-13.486682891845703, f_min=-14.48783465874476
2025-04-30 00:27:50,048 - INFO - cur_node_number 26,f_best -13.486682891845703,f_min -14.48783465874476,k 245.15735565171326
2025-04-30 00:27:50,049 - INFO - f_best_current -13.486682891845703,f_min -14.48783465874476
2025-04-30 00:28:00,726 - INFO - tree_node.f_best*ep:-13.486682891845703,left_f_best-12.03816032409668,right_f_best-13.336847305297852,i:1
2025-04-30 00:28:11,891 - INFO - tree_node.f_best*ep:-13.486682891845703,left_f_best-11.963944435119629,right_f_best-13.36021900177002,i:2
2025-04-30 00:28:23,590 - INFO - tree_node.f_best*ep:-13.486682891845703,left_f_best-12.04521369934082,right_f_best-13.345165252685547,i:3
2025-04-30 00:28:35,924 - INFO - tree_node.f_best*ep:-13.486682891845703,left_f_best-12.29920768737793,right_f_best-13.45750617980957,i:4
2025-04-30 00:28:48,896 - INFO - tree_node.f_best*ep:-13.486682891845703,left_f_best-12.040630340576172,right_f_best-13.521334648132324,i:5
2025-04-30 00:29:39,438 - INFO - 添加左子节点，右子节点，len(queue):7
2025-04-30 00:29:39,438 - INFO - Node 1: k=809.4515257580061, f_best=-13.34654712677002, f_min=-30.065352445202734
2025-04-30 00:29:39,438 - INFO - Node 2: k=187.39924468680493, f_best=-12.001693725585938, f_min=-13.925291795867452
2025-04-30 00:29:39,438 - INFO - Node 3: k=449.83032422758174, f_best=-13.417920112609863, f_min=-15.057832266141304
2025-04-30 00:29:39,438 - INFO - Node 4: k=181.88786062209485, f_best=-12.06259822845459, f_min=-13.667622026935533
2025-04-30 00:29:39,438 - INFO - Node 5: k=432.2780999350384, f_best=-13.442599296569824, f_min=-15.85443682830919
2025-04-30 00:29:39,439 - INFO - Node 6: k=239.32117587528325, f_best=-12.12051773071289, f_min=-12.860247693200108
2025-04-30 00:29:39,439 - INFO - Node 7: k=432.2780999350384, f_best=-13.475926399230957, f_min=-14.628946972063204
2025-04-30 00:29:39,439 - INFO - Node 8: k=262.84186782327305, f_best=-12.001861572265625, f_min=-13.222957714186123
2025-04-30 00:29:39,439 - INFO - Node 9: k=247.6089292082304, f_best=-13.478432655334473, f_min=-15.40087373852839
2025-04-30 00:29:39,439 - INFO - Node 10: k=244.13153151037645, f_best=-12.166359901428223, f_min=-12.678738005033665
2025-04-30 00:29:39,439 - INFO - Node 11: k=245.15735565171326, f_best=-13.486682891845703, f_min=-14.48783465874476
2025-04-30 00:29:39,439 - INFO - Node 12: k=229.98294603466235, f_best=-12.040630340576172, f_min=-15.378582664862734
2025-04-30 00:29:39,439 - INFO - Node 13: k=266.16914083371427, f_best=-13.521334648132324, f_min=-19.768374587085418
2025-04-30 00:29:39,439 - INFO - cur_node_number 27,f_best -13.521334648132324,f_min -19.768374587085418,k 266.16914083371427
2025-04-30 00:29:39,440 - INFO - f_best_current -13.521334648132324,f_min -19.768374587085418
2025-04-30 00:29:39,440 - INFO - 回退,len(queue)=5
2025-04-30 00:29:39,440 - INFO - 回退,len(queue)=4
2025-04-30 00:29:50,169 - INFO - tree_node.f_best*ep:-13.478432655334473,left_f_best-11.848432540893555,right_f_best-13.398720741271973,i:1
2025-04-30 00:30:01,297 - INFO - tree_node.f_best*ep:-13.478432655334473,left_f_best-11.976508140563965,right_f_best-13.609310150146484,i:2
2025-04-30 00:30:52,751 - INFO - 添加左子节点，右子节点，len(queue):6
2025-04-30 00:30:52,751 - INFO - Node 1: k=809.4515257580061, f_best=-13.34654712677002, f_min=-30.065352445202734
2025-04-30 00:30:52,751 - INFO - Node 2: k=187.39924468680493, f_best=-12.001693725585938, f_min=-13.925291795867452
2025-04-30 00:30:52,751 - INFO - Node 3: k=449.83032422758174, f_best=-13.417920112609863, f_min=-15.057832266141304
2025-04-30 00:30:52,751 - INFO - Node 4: k=181.88786062209485, f_best=-12.06259822845459, f_min=-13.667622026935533
2025-04-30 00:30:52,751 - INFO - Node 5: k=432.2780999350384, f_best=-13.442599296569824, f_min=-15.85443682830919
2025-04-30 00:30:52,751 - INFO - Node 6: k=239.32117587528325, f_best=-12.12051773071289, f_min=-12.860247693200108
2025-04-30 00:30:52,751 - INFO - Node 7: k=432.2780999350384, f_best=-13.475926399230957, f_min=-14.628946972063204
2025-04-30 00:30:52,752 - INFO - Node 8: k=262.84186782327305, f_best=-12.001861572265625, f_min=-13.222957714186123
2025-04-30 00:30:52,752 - INFO - Node 9: k=266.16914083371427, f_best=-13.478432655334473, f_min=-15.40087373852839
2025-04-30 00:30:52,752 - INFO - Node 10: k=359.87978563480164, f_best=-11.976508140563965, f_min=-22.247068580269115
2025-04-30 00:30:52,752 - INFO - Node 11: k=303.8743891362473, f_best=-13.609310150146484, f_min=-15.49937018559649
2025-04-30 00:30:52,752 - INFO - cur_node_number 28,f_best -13.609310150146484,f_min -15.49937018559649,k 303.8743891362473
2025-04-30 00:30:52,752 - INFO - f_best_current -13.609310150146484,f_min -15.49937018559649
2025-04-30 00:30:52,752 - INFO - 回退,len(queue)=4
2025-04-30 00:31:03,514 - INFO - tree_node.f_best*ep:-13.478432655334473,left_f_best-11.984708786010742,right_f_best-13.296795845031738,i:1
2025-04-30 00:31:14,567 - INFO - tree_node.f_best*ep:-13.478432655334473,left_f_best-11.965571403503418,right_f_best-13.323124885559082,i:2
2025-04-30 00:31:26,192 - INFO - tree_node.f_best*ep:-13.478432655334473,left_f_best-12.026508331298828,right_f_best-13.38005542755127,i:3
2025-04-30 00:31:38,370 - INFO - tree_node.f_best*ep:-13.478432655334473,left_f_best-12.04578971862793,right_f_best-13.409090042114258,i:4
2025-04-30 00:31:51,023 - INFO - tree_node.f_best*ep:-13.478432655334473,left_f_best-12.116472244262695,right_f_best-13.482183456420898,i:5
2025-04-30 00:32:41,622 - INFO - 添加左子节点，右子节点，len(queue):6
2025-04-30 00:32:41,622 - INFO - Node 1: k=809.4515257580061, f_best=-13.34654712677002, f_min=-30.065352445202734
2025-04-30 00:32:41,623 - INFO - Node 2: k=187.39924468680493, f_best=-12.001693725585938, f_min=-13.925291795867452
2025-04-30 00:32:41,623 - INFO - Node 3: k=449.83032422758174, f_best=-13.417920112609863, f_min=-15.057832266141304
2025-04-30 00:32:41,623 - INFO - Node 4: k=181.88786062209485, f_best=-12.06259822845459, f_min=-13.667622026935533
2025-04-30 00:32:41,623 - INFO - Node 5: k=432.2780999350384, f_best=-13.442599296569824, f_min=-15.85443682830919
2025-04-30 00:32:41,623 - INFO - Node 6: k=239.32117587528325, f_best=-12.12051773071289, f_min=-12.860247693200108
2025-04-30 00:32:41,623 - INFO - Node 7: k=432.2780999350384, f_best=-13.475926399230957, f_min=-14.628946972063204
2025-04-30 00:32:41,623 - INFO - Node 8: k=262.84186782327305, f_best=-12.001861572265625, f_min=-13.222957714186123
2025-04-30 00:32:41,623 - INFO - Node 9: k=303.8743891362473, f_best=-13.478432655334473, f_min=-15.40087373852839
2025-04-30 00:32:41,623 - INFO - Node 10: k=292.0173151516563, f_best=-12.116472244262695, f_min=-13.10747487496701
2025-04-30 00:32:41,624 - INFO - Node 11: k=311.28478881344165, f_best=-13.482183456420898, f_min=-13.79623678065218
2025-04-30 00:32:41,624 - INFO - cur_node_number 29,f_best -13.482183456420898,f_min -13.79623678065218,k 311.28478881344165
2025-04-30 00:32:41,624 - INFO - f_best_current -13.482183456420898,f_min -13.79623678065218
2025-04-30 00:32:41,624 - INFO - 回退,len(queue)=4
2025-04-30 00:32:52,436 - INFO - tree_node.f_best*ep:-13.478432655334473,left_f_best-11.880277633666992,right_f_best-13.329617500305176,i:1
2025-04-30 00:33:03,608 - INFO - tree_node.f_best*ep:-13.478432655334473,left_f_best-12.067895889282227,right_f_best-13.417747497558594,i:2
2025-04-30 00:33:15,276 - INFO - tree_node.f_best*ep:-13.478432655334473,left_f_best-12.084270477294922,right_f_best-13.375858306884766,i:3
2025-04-30 00:33:27,402 - INFO - tree_node.f_best*ep:-13.478432655334473,left_f_best-12.041882514953613,right_f_best-13.494004249572754,i:4
2025-04-30 00:34:21,956 - INFO - 添加左子节点，右子节点，len(queue):6
2025-04-30 00:34:21,956 - INFO - Node 1: k=809.4515257580061, f_best=-13.34654712677002, f_min=-30.065352445202734
2025-04-30 00:34:21,957 - INFO - Node 2: k=187.39924468680493, f_best=-12.001693725585938, f_min=-13.925291795867452
2025-04-30 00:34:21,957 - INFO - Node 3: k=449.83032422758174, f_best=-13.417920112609863, f_min=-15.057832266141304
2025-04-30 00:34:21,957 - INFO - Node 4: k=181.88786062209485, f_best=-12.06259822845459, f_min=-13.667622026935533
2025-04-30 00:34:21,957 - INFO - Node 5: k=432.2780999350384, f_best=-13.442599296569824, f_min=-15.85443682830919
2025-04-30 00:34:21,957 - INFO - Node 6: k=239.32117587528325, f_best=-12.12051773071289, f_min=-12.860247693200108
2025-04-30 00:34:21,957 - INFO - Node 7: k=432.2780999350384, f_best=-13.475926399230957, f_min=-14.628946972063204
2025-04-30 00:34:21,957 - INFO - Node 8: k=262.84186782327305, f_best=-12.001861572265625, f_min=-13.222957714186123
2025-04-30 00:34:21,957 - INFO - Node 9: k=311.28478881344165, f_best=-13.478432655334473, f_min=-15.40087373852839
2025-04-30 00:34:21,957 - INFO - Node 10: k=246.5728468254802, f_best=-12.041882514953613, f_min=-14.084645243721752
2025-04-30 00:34:21,957 - INFO - Node 11: k=565.5100481506, f_best=-13.494004249572754, f_min=-14.235412491780153
2025-04-30 00:34:21,958 - INFO - cur_node_number 30,f_best -13.494004249572754,f_min -14.235412491780153,k 565.5100481506
2025-04-30 00:34:21,958 - INFO - f_best_current -13.494004249572754,f_min -14.235412491780153
2025-04-30 00:34:21,958 - INFO - 回退,len(queue)=4
2025-04-30 00:34:21,958 - INFO - 回退,len(queue)=3
2025-04-30 00:34:21,958 - INFO - 回退,len(queue)=2
2025-04-30 00:34:21,958 - INFO - 回退,len(queue)=1
2025-04-30 00:34:32,672 - INFO - tree_node.f_best*ep:-13.417920112609863,left_f_best-11.999204635620117,right_f_best-13.330544471740723,i:1
2025-04-30 00:34:43,821 - INFO - tree_node.f_best*ep:-13.417920112609863,left_f_best-12.04848575592041,right_f_best-13.406092643737793,i:2
2025-04-30 00:34:55,521 - INFO - tree_node.f_best*ep:-13.417920112609863,left_f_best-12.044583320617676,right_f_best-13.486225128173828,i:3
2025-04-30 00:35:49,699 - INFO - 添加左子节点，右子节点，len(queue):3
2025-04-30 00:35:49,700 - INFO - Node 1: k=809.4515257580061, f_best=-13.34654712677002, f_min=-30.065352445202734
2025-04-30 00:35:49,700 - INFO - Node 2: k=187.39924468680493, f_best=-12.001693725585938, f_min=-13.925291795867452
2025-04-30 00:35:49,700 - INFO - Node 3: k=565.5100481506, f_best=-13.417920112609863, f_min=-15.057832266141304
2025-04-30 00:35:49,700 - INFO - Node 4: k=423.7605136114483, f_best=-12.044583320617676, f_min=-15.261344981116054
2025-04-30 00:35:49,700 - INFO - Node 5: k=290.34094268199476, f_best=-13.486225128173828, f_min=-16.499109605949343
2025-04-30 00:35:49,700 - INFO - cur_node_number 31,f_best -13.486225128173828,f_min -16.499109605949343,k 290.34094268199476
2025-04-30 00:35:49,700 - INFO - f_best_current -13.486225128173828,f_min -16.499109605949343
2025-04-30 00:36:00,505 - INFO - tree_node.f_best*ep:-13.486225128173828,left_f_best-11.954032897949219,right_f_best-13.30494499206543,i:1
2025-04-30 00:36:11,769 - INFO - tree_node.f_best*ep:-13.486225128173828,left_f_best-11.955670356750488,right_f_best-13.307706832885742,i:2
2025-04-30 00:36:23,510 - INFO - tree_node.f_best*ep:-13.486225128173828,left_f_best-12.029387474060059,right_f_best-13.445388793945312,i:3
2025-04-30 00:36:35,711 - INFO - tree_node.f_best*ep:-13.486225128173828,left_f_best-12.02695369720459,right_f_best-13.443964004516602,i:4
2025-04-30 00:36:48,562 - INFO - tree_node.f_best*ep:-13.486225128173828,left_f_best-12.070937156677246,right_f_best-13.406769752502441,i:5
2025-04-30 00:37:02,471 - INFO - tree_node.f_best*ep:-13.486225128173828,left_f_best-12.108063697814941,right_f_best-13.491622924804688,i:6
2025-04-30 00:38:08,716 - INFO - 添加左子节点，右子节点，len(queue):4
2025-04-30 00:38:08,716 - INFO - Node 1: k=809.4515257580061, f_best=-13.34654712677002, f_min=-30.065352445202734
2025-04-30 00:38:08,716 - INFO - Node 2: k=187.39924468680493, f_best=-12.001693725585938, f_min=-13.925291795867452
2025-04-30 00:38:08,716 - INFO - Node 3: k=565.5100481506, f_best=-13.417920112609863, f_min=-15.057832266141304
2025-04-30 00:38:08,716 - INFO - Node 4: k=423.7605136114483, f_best=-12.044583320617676, f_min=-15.261344981116054
2025-04-30 00:38:08,716 - INFO - Node 5: k=290.34094268199476, f_best=-13.486225128173828, f_min=-16.499109605949343
2025-04-30 00:38:08,717 - INFO - Node 6: k=487.1017829846904, f_best=-12.108063697814941, f_min=-13.928305765173718
2025-04-30 00:38:08,717 - INFO - Node 7: k=254.04425065713912, f_best=-13.491622924804688, f_min=-13.784025645980364
2025-04-30 00:38:08,717 - INFO - cur_node_number 32,f_best -13.491622924804688,f_min -13.784025645980364,k 254.04425065713912
2025-04-30 00:38:08,717 - INFO - f_best_current -13.491622924804688,f_min -13.784025645980364
2025-04-30 00:38:22,120 - INFO - tree_node.f_best*ep:-13.491622924804688,left_f_best-11.977917671203613,right_f_best-13.378273963928223,i:1
2025-04-30 00:38:35,840 - INFO - tree_node.f_best*ep:-13.491622924804688,left_f_best-12.021724700927734,right_f_best-13.428589820861816,i:2
2025-04-30 00:38:50,045 - INFO - tree_node.f_best*ep:-13.491622924804688,left_f_best-11.960967063903809,right_f_best-13.272481918334961,i:3
2025-04-30 00:39:05,059 - INFO - tree_node.f_best*ep:-13.491622924804688,left_f_best-11.976200103759766,right_f_best-13.416851997375488,i:4
2025-04-30 00:39:20,503 - INFO - tree_node.f_best*ep:-13.491622924804688,left_f_best-12.136003494262695,right_f_best-13.378034591674805,i:5
2025-04-30 00:39:37,007 - INFO - tree_node.f_best*ep:-13.491622924804688,left_f_best-12.10012149810791,right_f_best-13.424138069152832,i:6
2025-04-30 00:39:55,405 - INFO - tree_node.f_best*ep:-13.491622924804688,left_f_best-12.134401321411133,right_f_best-13.48200798034668,i:7
2025-04-30 00:40:15,529 - INFO - tree_node.f_best*ep:-13.491622924804688,left_f_best-12.169060707092285,right_f_best-13.475671768188477,i:8
2025-04-30 00:40:36,441 - INFO - tree_node.f_best*ep:-13.491622924804688,left_f_best-12.150184631347656,right_f_best-13.496028900146484,i:9
2025-04-30 00:41:51,625 - INFO - 添加左子节点，右子节点，len(queue):5
2025-04-30 00:41:51,625 - INFO - Node 1: k=809.4515257580061, f_best=-13.34654712677002, f_min=-30.065352445202734
2025-04-30 00:41:51,626 - INFO - Node 2: k=187.39924468680493, f_best=-12.001693725585938, f_min=-13.925291795867452
2025-04-30 00:41:51,626 - INFO - Node 3: k=565.5100481506, f_best=-13.417920112609863, f_min=-15.057832266141304
2025-04-30 00:41:51,626 - INFO - Node 4: k=423.7605136114483, f_best=-12.044583320617676, f_min=-15.261344981116054
2025-04-30 00:41:51,626 - INFO - Node 5: k=290.34094268199476, f_best=-13.486225128173828, f_min=-16.499109605949343
2025-04-30 00:41:51,626 - INFO - Node 6: k=487.1017829846904, f_best=-12.108063697814941, f_min=-13.928305765173718
2025-04-30 00:41:51,626 - INFO - Node 7: k=254.04425065713912, f_best=-13.491622924804688, f_min=-13.784025645980364
2025-04-30 00:41:51,626 - INFO - Node 8: k=401.50648543744774, f_best=-12.150184631347656, f_min=-16.627776704417556
2025-04-30 00:41:51,626 - INFO - Node 9: k=395.2490819173666, f_best=-13.496028900146484, f_min=-16.16345549419748
2025-04-30 00:41:51,627 - INFO - cur_node_number 33,f_best -13.496028900146484,f_min -16.16345549419748,k 395.2490819173666
2025-04-30 00:41:51,627 - INFO - f_best_current -13.496028900146484,f_min -16.16345549419748
2025-04-30 00:41:51,627 - INFO - 回退,len(queue)=3
2025-04-30 00:41:51,627 - INFO - 回退,len(queue)=2
2025-04-30 00:42:04,869 - INFO - tree_node.f_best*ep:-13.486225128173828,left_f_best-11.883485794067383,right_f_best-13.172171592712402,i:1
2025-04-30 00:42:18,447 - INFO - tree_node.f_best*ep:-13.486225128173828,left_f_best-11.990287780761719,right_f_best-13.409459114074707,i:2
2025-04-30 00:42:32,800 - INFO - tree_node.f_best*ep:-13.486225128173828,left_f_best-12.053180694580078,right_f_best-13.394021987915039,i:3
2025-04-30 00:42:47,720 - INFO - tree_node.f_best*ep:-13.486225128173828,left_f_best-11.837261199951172,right_f_best-13.313214302062988,i:4
2025-04-30 00:43:03,265 - INFO - tree_node.f_best*ep:-13.486225128173828,left_f_best-12.083785057067871,right_f_best-13.398653030395508,i:5
2025-04-30 00:43:19,665 - INFO - tree_node.f_best*ep:-13.486225128173828,left_f_best-12.031791687011719,right_f_best-13.480286598205566,i:6
2025-04-30 00:43:37,004 - INFO - tree_node.f_best*ep:-13.486225128173828,left_f_best-12.118885040283203,right_f_best-13.504056930541992,i:7
2025-04-30 00:44:36,566 - INFO - 添加左子节点，右子节点，len(queue):4
2025-04-30 00:44:36,567 - INFO - Node 1: k=809.4515257580061, f_best=-13.34654712677002, f_min=-30.065352445202734
2025-04-30 00:44:36,567 - INFO - Node 2: k=187.39924468680493, f_best=-12.001693725585938, f_min=-13.925291795867452
2025-04-30 00:44:36,567 - INFO - Node 3: k=565.5100481506, f_best=-13.417920112609863, f_min=-15.057832266141304
2025-04-30 00:44:36,567 - INFO - Node 4: k=423.7605136114483, f_best=-12.044583320617676, f_min=-15.261344981116054
2025-04-30 00:44:36,567 - INFO - Node 5: k=395.2490819173666, f_best=-13.486225128173828, f_min=-16.499109605949343
2025-04-30 00:44:36,567 - INFO - Node 6: k=319.37503695019416, f_best=-12.118885040283203, f_min=-12.196351480524754
2025-04-30 00:44:36,567 - INFO - Node 7: k=176.53856554744178, f_best=-13.504056930541992, f_min=-14.798255403991789
2025-04-30 00:44:36,568 - INFO - cur_node_number 34,f_best -13.504056930541992,f_min -14.798255403991789,k 176.53856554744178
2025-04-30 00:44:36,568 - INFO - f_best_current -13.504056930541992,f_min -14.798255403991789
2025-04-30 00:44:50,424 - INFO - tree_node.f_best*ep:-13.504056930541992,left_f_best-12.040809631347656,right_f_best-13.38127326965332,i:1
2025-04-30 00:45:04,377 - INFO - tree_node.f_best*ep:-13.504056930541992,left_f_best-11.996684074401855,right_f_best-13.330333709716797,i:2
2025-04-30 00:45:18,743 - INFO - tree_node.f_best*ep:-13.504056930541992,left_f_best-11.97263240814209,right_f_best-13.400299072265625,i:3
2025-04-30 00:45:33,811 - INFO - tree_node.f_best*ep:-13.504056930541992,left_f_best-12.078554153442383,right_f_best-13.436751365661621,i:4
2025-04-30 00:45:49,587 - INFO - tree_node.f_best*ep:-13.504056930541992,left_f_best-12.056452751159668,right_f_best-13.421401023864746,i:5
2025-04-30 00:46:05,910 - INFO - tree_node.f_best*ep:-13.504056930541992,left_f_best-12.108896255493164,right_f_best-13.514530181884766,i:6
2025-04-30 00:46:57,758 - INFO - 添加左子节点，右子节点，len(queue):5
2025-04-30 00:46:57,758 - INFO - Node 1: k=809.4515257580061, f_best=-13.34654712677002, f_min=-30.065352445202734
2025-04-30 00:46:57,758 - INFO - Node 2: k=187.39924468680493, f_best=-12.001693725585938, f_min=-13.925291795867452
2025-04-30 00:46:57,758 - INFO - Node 3: k=565.5100481506, f_best=-13.417920112609863, f_min=-15.057832266141304
2025-04-30 00:46:57,758 - INFO - Node 4: k=423.7605136114483, f_best=-12.044583320617676, f_min=-15.261344981116054
2025-04-30 00:46:57,759 - INFO - Node 5: k=395.2490819173666, f_best=-13.486225128173828, f_min=-16.499109605949343
2025-04-30 00:46:57,759 - INFO - Node 6: k=319.37503695019416, f_best=-12.118885040283203, f_min=-12.196351480524754
2025-04-30 00:46:57,759 - INFO - Node 7: k=176.53856554744178, f_best=-13.504056930541992, f_min=-14.798255403991789
2025-04-30 00:46:57,759 - INFO - Node 8: k=133.05159183978597, f_best=-12.108896255493164, f_min=-12.828626105792864
2025-04-30 00:46:57,759 - INFO - Node 9: k=252.5858686853158, f_best=-13.514530181884766, f_min=-14.158889776103024
2025-04-30 00:46:57,759 - INFO - cur_node_number 35,f_best -13.514530181884766,f_min -14.158889776103024,k 252.5858686853158
2025-04-30 00:46:57,759 - INFO - f_best_current -13.514530181884766,f_min -14.158889776103024
2025-04-30 00:46:57,759 - INFO - 回退,len(queue)=3
2025-04-30 00:47:11,024 - INFO - tree_node.f_best*ep:-13.504056930541992,left_f_best-11.921475410461426,right_f_best-13.424345970153809,i:1
2025-04-30 00:47:25,003 - INFO - tree_node.f_best*ep:-13.504056930541992,left_f_best-11.986302375793457,right_f_best-13.41917896270752,i:2
2025-04-30 00:47:39,936 - INFO - tree_node.f_best*ep:-13.504056930541992,left_f_best-12.060161590576172,right_f_best-13.445027351379395,i:3
2025-04-30 00:47:55,562 - INFO - tree_node.f_best*ep:-13.504056930541992,left_f_best-12.110645294189453,right_f_best-13.444212913513184,i:4
2025-04-30 00:48:11,861 - INFO - tree_node.f_best*ep:-13.504056930541992,left_f_best-12.123051643371582,right_f_best-13.445024490356445,i:5
2025-04-30 00:48:28,324 - INFO - tree_node.f_best*ep:-13.504056930541992,left_f_best-12.103581428527832,right_f_best-13.410027503967285,i:6
2025-04-30 00:48:45,041 - INFO - tree_node.f_best*ep:-13.504056930541992,left_f_best-12.094449996948242,right_f_best-13.516616821289062,i:7
2025-04-30 00:49:50,985 - INFO - 添加左子节点，右子节点，len(queue):5
2025-04-30 00:49:50,985 - INFO - Node 1: k=809.4515257580061, f_best=-13.34654712677002, f_min=-30.065352445202734
2025-04-30 00:49:50,985 - INFO - Node 2: k=187.39924468680493, f_best=-12.001693725585938, f_min=-13.925291795867452
2025-04-30 00:49:50,985 - INFO - Node 3: k=565.5100481506, f_best=-13.417920112609863, f_min=-15.057832266141304
2025-04-30 00:49:50,986 - INFO - Node 4: k=423.7605136114483, f_best=-12.044583320617676, f_min=-15.261344981116054
2025-04-30 00:49:50,986 - INFO - Node 5: k=395.2490819173666, f_best=-13.486225128173828, f_min=-16.499109605949343
2025-04-30 00:49:50,986 - INFO - Node 6: k=319.37503695019416, f_best=-12.118885040283203, f_min=-12.196351480524754
2025-04-30 00:49:50,986 - INFO - Node 7: k=252.5858686853158, f_best=-13.504056930541992, f_min=-14.798255403991789
2025-04-30 00:49:50,986 - INFO - Node 8: k=397.5311737004433, f_best=-12.094449996948242, f_min=-25.545129458318115
2025-04-30 00:49:50,986 - INFO - Node 9: k=320.7170291992777, f_best=-13.516616821289062, f_min=-19.067068433410896
2025-04-30 00:49:50,986 - INFO - cur_node_number 36,f_best -13.516616821289062,f_min -19.067068433410896,k 320.7170291992777
2025-04-30 00:49:50,986 - INFO - f_best_current -13.516616821289062,f_min -19.067068433410896
2025-04-30 00:49:50,987 - INFO - 回退,len(queue)=3
2025-04-30 00:50:04,326 - INFO - tree_node.f_best*ep:-13.504056930541992,left_f_best-12.006938934326172,right_f_best-13.300230979919434,i:1
2025-04-30 00:50:18,560 - INFO - tree_node.f_best*ep:-13.504056930541992,left_f_best-12.064176559448242,right_f_best-13.35860538482666,i:2
2025-04-30 00:50:33,476 - INFO - tree_node.f_best*ep:-13.504056930541992,left_f_best-11.966329574584961,right_f_best-13.444693565368652,i:3
2025-04-30 00:50:49,047 - INFO - tree_node.f_best*ep:-13.504056930541992,left_f_best-11.947123527526855,right_f_best-13.456534385681152,i:4
2025-04-30 00:51:05,069 - INFO - tree_node.f_best*ep:-13.504056930541992,left_f_best-12.022970199584961,right_f_best-13.502533912658691,i:5
2025-04-30 00:51:21,229 - INFO - tree_node.f_best*ep:-13.504056930541992,left_f_best-12.096324920654297,right_f_best-13.46285629272461,i:6
2025-04-30 00:51:38,216 - INFO - tree_node.f_best*ep:-13.504056930541992,left_f_best-12.117317199707031,right_f_best-13.372896194458008,i:7
2025-04-30 00:51:55,860 - INFO - tree_node.f_best*ep:-13.504056930541992,left_f_best-12.065058708190918,right_f_best-13.50318431854248,i:8
2025-04-30 00:52:13,999 - INFO - tree_node.f_best*ep:-13.504056930541992,left_f_best-12.159123420715332,right_f_best-13.559120178222656,i:9
2025-04-30 00:53:11,536 - INFO - 添加左子节点，右子节点，len(queue):5
2025-04-30 00:53:11,536 - INFO - Node 1: k=809.4515257580061, f_best=-13.34654712677002, f_min=-30.065352445202734
2025-04-30 00:53:11,536 - INFO - Node 2: k=187.39924468680493, f_best=-12.001693725585938, f_min=-13.925291795867452
2025-04-30 00:53:11,536 - INFO - Node 3: k=565.5100481506, f_best=-13.417920112609863, f_min=-15.057832266141304
2025-04-30 00:53:11,536 - INFO - Node 4: k=423.7605136114483, f_best=-12.044583320617676, f_min=-15.261344981116054
2025-04-30 00:53:11,536 - INFO - Node 5: k=395.2490819173666, f_best=-13.486225128173828, f_min=-16.499109605949343
2025-04-30 00:53:11,536 - INFO - Node 6: k=319.37503695019416, f_best=-12.118885040283203, f_min=-12.196351480524754
2025-04-30 00:53:11,537 - INFO - Node 7: k=320.7170291992777, f_best=-13.504056930541992, f_min=-14.798255403991789
2025-04-30 00:53:11,537 - INFO - Node 8: k=123.38720803251427, f_best=-12.159123420715332, f_min=-12.209253114004241
2025-04-30 00:53:11,537 - INFO - Node 9: k=391.33572467066, f_best=-13.559120178222656, f_min=-14.47947871386532
2025-04-30 00:53:11,537 - INFO - cur_node_number 37,f_best -13.559120178222656,f_min -14.47947871386532,k 391.33572467066
2025-04-30 00:53:11,537 - INFO - f_best_current -13.559120178222656,f_min -14.47947871386532
2025-04-30 00:53:11,537 - INFO - 回退,len(queue)=3
2025-04-30 00:53:25,155 - INFO - tree_node.f_best*ep:-13.504056930541992,left_f_best-11.935540199279785,right_f_best-13.403578758239746,i:1
2025-04-30 00:53:39,063 - INFO - tree_node.f_best*ep:-13.504056930541992,left_f_best-11.999410629272461,right_f_best-13.368776321411133,i:2
2025-04-30 00:53:53,461 - INFO - tree_node.f_best*ep:-13.504056930541992,left_f_best-12.011520385742188,right_f_best-13.420936584472656,i:3
2025-04-30 00:54:08,466 - INFO - tree_node.f_best*ep:-13.504056930541992,left_f_best-12.030086517333984,right_f_best-13.361409187316895,i:4
2025-04-30 00:54:24,104 - INFO - tree_node.f_best*ep:-13.504056930541992,left_f_best-11.993745803833008,right_f_best-13.47158432006836,i:5
2025-04-30 00:54:40,361 - INFO - tree_node.f_best*ep:-13.504056930541992,left_f_best-12.08651065826416,right_f_best-13.47584056854248,i:6
2025-04-30 00:54:57,374 - INFO - tree_node.f_best*ep:-13.504056930541992,left_f_best-12.03493595123291,right_f_best-13.505634307861328,i:7
2025-04-30 00:56:02,667 - INFO - 添加左子节点，右子节点，len(queue):5
2025-04-30 00:56:02,667 - INFO - Node 1: k=809.4515257580061, f_best=-13.34654712677002, f_min=-30.065352445202734
2025-04-30 00:56:02,667 - INFO - Node 2: k=187.39924468680493, f_best=-12.001693725585938, f_min=-13.925291795867452
2025-04-30 00:56:02,667 - INFO - Node 3: k=565.5100481506, f_best=-13.417920112609863, f_min=-15.057832266141304
2025-04-30 00:56:02,667 - INFO - Node 4: k=423.7605136114483, f_best=-12.044583320617676, f_min=-15.261344981116054
2025-04-30 00:56:02,668 - INFO - Node 5: k=395.2490819173666, f_best=-13.486225128173828, f_min=-16.499109605949343
2025-04-30 00:56:02,668 - INFO - Node 6: k=319.37503695019416, f_best=-12.118885040283203, f_min=-12.196351480524754
2025-04-30 00:56:02,668 - INFO - Node 7: k=391.33572467066, f_best=-13.504056930541992, f_min=-14.798255403991789
2025-04-30 00:56:02,668 - INFO - Node 8: k=421.98735137508686, f_best=-12.03493595123291, f_min=-15.157253888919513
2025-04-30 00:56:02,668 - INFO - Node 9: k=260.23947309234956, f_best=-13.505634307861328, f_min=-13.942999767648871
2025-04-30 00:56:02,668 - INFO - cur_node_number 38,f_best -13.505634307861328,f_min -13.942999767648871,k 260.23947309234956
2025-04-30 00:56:02,668 - INFO - f_best_current -13.505634307861328,f_min -13.942999767648871
2025-04-30 00:56:15,853 - INFO - tree_node.f_best*ep:-13.505634307861328,left_f_best-11.913801193237305,right_f_best-13.278631210327148,i:1
2025-04-30 00:56:29,740 - INFO - tree_node.f_best*ep:-13.505634307861328,left_f_best-11.993816375732422,right_f_best-13.44540786743164,i:2
2025-04-30 00:56:44,289 - INFO - tree_node.f_best*ep:-13.505634307861328,left_f_best-12.07357120513916,right_f_best-13.448837280273438,i:3
2025-04-30 00:56:59,250 - INFO - tree_node.f_best*ep:-13.505634307861328,left_f_best-12.108634948730469,right_f_best-13.435281753540039,i:4
2025-04-30 00:57:14,854 - INFO - tree_node.f_best*ep:-13.505634307861328,left_f_best-12.069239616394043,right_f_best-13.440069198608398,i:5
2025-04-30 00:57:31,001 - INFO - tree_node.f_best*ep:-13.505634307861328,left_f_best-12.05140209197998,right_f_best-13.485896110534668,i:6
2025-04-30 00:57:47,879 - INFO - tree_node.f_best*ep:-13.505634307861328,left_f_best-12.101917266845703,right_f_best-13.529799461364746,i:7
2025-04-30 00:58:48,171 - INFO - 添加左子节点，右子节点，len(queue):6
2025-04-30 00:58:48,172 - INFO - Node 1: k=809.4515257580061, f_best=-13.34654712677002, f_min=-30.065352445202734
2025-04-30 00:58:48,172 - INFO - Node 2: k=187.39924468680493, f_best=-12.001693725585938, f_min=-13.925291795867452
2025-04-30 00:58:48,172 - INFO - Node 3: k=565.5100481506, f_best=-13.417920112609863, f_min=-15.057832266141304
2025-04-30 00:58:48,172 - INFO - Node 4: k=423.7605136114483, f_best=-12.044583320617676, f_min=-15.261344981116054
2025-04-30 00:58:48,172 - INFO - Node 5: k=395.2490819173666, f_best=-13.486225128173828, f_min=-16.499109605949343
2025-04-30 00:58:48,172 - INFO - Node 6: k=319.37503695019416, f_best=-12.118885040283203, f_min=-12.196351480524754
2025-04-30 00:58:48,172 - INFO - Node 7: k=391.33572467066, f_best=-13.504056930541992, f_min=-14.798255403991789
2025-04-30 00:58:48,172 - INFO - Node 8: k=421.98735137508686, f_best=-12.03493595123291, f_min=-15.157253888919513
2025-04-30 00:58:48,173 - INFO - Node 9: k=260.23947309234956, f_best=-13.505634307861328, f_min=-13.942999767648871
2025-04-30 00:58:48,173 - INFO - Node 10: k=440.96688974373274, f_best=-12.101917266845703, f_min=-14.478947740826698
2025-04-30 00:58:48,173 - INFO - Node 11: k=125.8672909139678, f_best=-13.529799461364746, f_min=-14.116753318623523
2025-04-30 00:58:48,173 - INFO - cur_node_number 39,f_best -13.529799461364746,f_min -14.116753318623523,k 125.8672909139678
2025-04-30 00:58:48,173 - INFO - f_best_current -13.529799461364746,f_min -14.116753318623523
2025-04-30 00:59:01,428 - INFO - tree_node.f_best*ep:-13.529799461364746,left_f_best-11.933009147644043,right_f_best-13.368528366088867,i:1
2025-04-30 00:59:15,189 - INFO - tree_node.f_best*ep:-13.529799461364746,left_f_best-11.952075004577637,right_f_best-13.32390022277832,i:2
2025-04-30 00:59:29,621 - INFO - tree_node.f_best*ep:-13.529799461364746,left_f_best-11.990682601928711,right_f_best-13.428790092468262,i:3
2025-04-30 00:59:44,893 - INFO - tree_node.f_best*ep:-13.529799461364746,left_f_best-11.983223915100098,right_f_best-13.422094345092773,i:4
2025-04-30 01:00:00,932 - INFO - tree_node.f_best*ep:-13.529799461364746,left_f_best-12.09466552734375,right_f_best-13.485898971557617,i:5
2025-04-30 01:00:17,171 - INFO - tree_node.f_best*ep:-13.529799461364746,left_f_best-12.141523361206055,right_f_best-13.423672676086426,i:6
2025-04-30 01:00:34,041 - INFO - tree_node.f_best*ep:-13.529799461364746,left_f_best-12.046592712402344,right_f_best-13.514034271240234,i:7
2025-04-30 01:00:51,692 - INFO - tree_node.f_best*ep:-13.529799461364746,left_f_best-12.02470588684082,right_f_best-13.478754043579102,i:8
2025-04-30 01:01:09,983 - INFO - tree_node.f_best*ep:-13.529799461364746,left_f_best-12.122257232666016,right_f_best-13.513614654541016,i:9
2025-04-30 01:01:29,158 - INFO - tree_node.f_best*ep:-13.529799461364746,left_f_best-12.17478084564209,right_f_best-13.53449535369873,i:10
2025-04-30 01:02:20,482 - INFO - 添加左子节点，右子节点，len(queue):7
2025-04-30 01:02:20,482 - INFO - Node 1: k=809.4515257580061, f_best=-13.34654712677002, f_min=-30.065352445202734
2025-04-30 01:02:20,483 - INFO - Node 2: k=187.39924468680493, f_best=-12.001693725585938, f_min=-13.925291795867452
2025-04-30 01:02:20,483 - INFO - Node 3: k=565.5100481506, f_best=-13.417920112609863, f_min=-15.057832266141304
2025-04-30 01:02:20,483 - INFO - Node 4: k=423.7605136114483, f_best=-12.044583320617676, f_min=-15.261344981116054
2025-04-30 01:02:20,483 - INFO - Node 5: k=395.2490819173666, f_best=-13.486225128173828, f_min=-16.499109605949343
2025-04-30 01:02:20,483 - INFO - Node 6: k=319.37503695019416, f_best=-12.118885040283203, f_min=-12.196351480524754
2025-04-30 01:02:20,483 - INFO - Node 7: k=391.33572467066, f_best=-13.504056930541992, f_min=-14.798255403991789
2025-04-30 01:02:20,483 - INFO - Node 8: k=421.98735137508686, f_best=-12.03493595123291, f_min=-15.157253888919513
2025-04-30 01:02:20,483 - INFO - Node 9: k=260.23947309234956, f_best=-13.505634307861328, f_min=-13.942999767648871
2025-04-30 01:02:20,484 - INFO - Node 10: k=440.96688974373274, f_best=-12.101917266845703, f_min=-14.478947740826698
2025-04-30 01:02:20,484 - INFO - Node 11: k=125.8672909139678, f_best=-13.529799461364746, f_min=-14.116753318623523
2025-04-30 01:02:20,484 - INFO - Node 12: k=191.1659695050097, f_best=-12.17478084564209, f_min=-13.319033525271152
2025-04-30 01:02:20,484 - INFO - Node 13: k=167.2675407933687, f_best=-13.53449535369873, f_min=-14.735341874945334
2025-04-30 01:02:20,484 - INFO - cur_node_number 40,f_best -13.53449535369873,f_min -14.735341874945334,k 167.2675407933687
2025-04-30 01:02:20,484 - INFO - f_best_current -13.53449535369873,f_min -14.735341874945334
2025-04-30 01:02:20,485 - INFO - 回退,len(queue)=5
2025-04-30 01:02:33,793 - INFO - tree_node.f_best*ep:-13.529799461364746,left_f_best-11.932172775268555,right_f_best-13.374741554260254,i:1
2025-04-30 01:02:47,630 - INFO - tree_node.f_best*ep:-13.529799461364746,left_f_best-11.940664291381836,right_f_best-13.329388618469238,i:2
2025-04-30 01:03:01,999 - INFO - tree_node.f_best*ep:-13.529799461364746,left_f_best-12.046674728393555,right_f_best-13.388886451721191,i:3
2025-04-30 01:03:17,311 - INFO - tree_node.f_best*ep:-13.529799461364746,left_f_best-12.118380546569824,right_f_best-13.441789627075195,i:4
2025-04-30 01:03:33,078 - INFO - tree_node.f_best*ep:-13.529799461364746,left_f_best-12.056771278381348,right_f_best-13.454339981079102,i:5
2025-04-30 01:03:49,465 - INFO - tree_node.f_best*ep:-13.529799461364746,left_f_best-12.132843971252441,right_f_best-13.379966735839844,i:6
2025-04-30 01:04:06,397 - INFO - tree_node.f_best*ep:-13.529799461364746,left_f_best-12.047903060913086,right_f_best-13.425863265991211,i:7
2025-04-30 01:04:23,833 - INFO - tree_node.f_best*ep:-13.529799461364746,left_f_best-12.171805381774902,right_f_best-13.538736343383789,i:8
2025-04-30 01:05:28,583 - INFO - 添加左子节点，右子节点，len(queue):7
2025-04-30 01:05:28,583 - INFO - Node 1: k=809.4515257580061, f_best=-13.34654712677002, f_min=-30.065352445202734
2025-04-30 01:05:28,583 - INFO - Node 2: k=187.39924468680493, f_best=-12.001693725585938, f_min=-13.925291795867452
2025-04-30 01:05:28,583 - INFO - Node 3: k=565.5100481506, f_best=-13.417920112609863, f_min=-15.057832266141304
2025-04-30 01:05:28,583 - INFO - Node 4: k=423.7605136114483, f_best=-12.044583320617676, f_min=-15.261344981116054
2025-04-30 01:05:28,584 - INFO - Node 5: k=395.2490819173666, f_best=-13.486225128173828, f_min=-16.499109605949343
2025-04-30 01:05:28,584 - INFO - Node 6: k=319.37503695019416, f_best=-12.118885040283203, f_min=-12.196351480524754
2025-04-30 01:05:28,584 - INFO - Node 7: k=391.33572467066, f_best=-13.504056930541992, f_min=-14.798255403991789
2025-04-30 01:05:28,584 - INFO - Node 8: k=421.98735137508686, f_best=-12.03493595123291, f_min=-15.157253888919513
2025-04-30 01:05:28,584 - INFO - Node 9: k=260.23947309234956, f_best=-13.505634307861328, f_min=-13.942999767648871
2025-04-30 01:05:28,584 - INFO - Node 10: k=440.96688974373274, f_best=-12.101917266845703, f_min=-14.478947740826698
2025-04-30 01:05:28,584 - INFO - Node 11: k=167.2675407933687, f_best=-13.529799461364746, f_min=-14.116753318623523
2025-04-30 01:05:28,584 - INFO - Node 12: k=259.1505400953476, f_best=-12.171805381774902, f_min=-14.165616028736622
2025-04-30 01:05:28,585 - INFO - Node 13: k=340.44758913592256, f_best=-13.538736343383789, f_min=-15.875040296277803
2025-04-30 01:05:28,585 - INFO - cur_node_number 41,f_best -13.538736343383789,f_min -15.875040296277803,k 340.44758913592256
2025-04-30 01:05:28,585 - INFO - f_best_current -13.538736343383789,f_min -15.875040296277803
2025-04-30 01:05:28,585 - INFO - 回退,len(queue)=5
2025-04-30 01:05:28,585 - INFO - 回退,len(queue)=4
2025-04-30 01:05:42,346 - INFO - tree_node.f_best*ep:-13.505634307861328,left_f_best-11.985373497009277,right_f_best-13.217414855957031,i:1
2025-04-30 01:05:56,247 - INFO - tree_node.f_best*ep:-13.505634307861328,left_f_best-11.939193725585938,right_f_best-13.35971450805664,i:2
2025-04-30 01:06:10,577 - INFO - tree_node.f_best*ep:-13.505634307861328,left_f_best-11.980289459228516,right_f_best-13.420297622680664,i:3
2025-04-30 01:06:25,432 - INFO - tree_node.f_best*ep:-13.505634307861328,left_f_best-12.10048770904541,right_f_best-13.29736614227295,i:4
2025-04-30 01:06:40,994 - INFO - tree_node.f_best*ep:-13.505634307861328,left_f_best-12.07969856262207,right_f_best-13.480859756469727,i:5
2025-04-30 01:06:57,290 - INFO - tree_node.f_best*ep:-13.505634307861328,left_f_best-12.202245712280273,right_f_best-13.456582069396973,i:6
2025-04-30 01:07:14,407 - INFO - tree_node.f_best*ep:-13.505634307861328,left_f_best-12.083930015563965,right_f_best-13.478357315063477,i:7
2025-04-30 01:07:31,966 - INFO - tree_node.f_best*ep:-13.505634307861328,left_f_best-12.165811538696289,right_f_best-13.502954483032227,i:8
2025-04-30 01:07:50,701 - INFO - tree_node.f_best*ep:-13.505634307861328,left_f_best-12.043143272399902,right_f_best-13.55937385559082,i:9
2025-04-30 01:09:00,052 - INFO - 添加左子节点，右子节点，len(queue):6
2025-04-30 01:09:00,053 - INFO - Node 1: k=809.4515257580061, f_best=-13.34654712677002, f_min=-30.065352445202734
2025-04-30 01:09:00,053 - INFO - Node 2: k=187.39924468680493, f_best=-12.001693725585938, f_min=-13.925291795867452
2025-04-30 01:09:00,053 - INFO - Node 3: k=565.5100481506, f_best=-13.417920112609863, f_min=-15.057832266141304
2025-04-30 01:09:00,053 - INFO - Node 4: k=423.7605136114483, f_best=-12.044583320617676, f_min=-15.261344981116054
2025-04-30 01:09:00,053 - INFO - Node 5: k=395.2490819173666, f_best=-13.486225128173828, f_min=-16.499109605949343
2025-04-30 01:09:00,053 - INFO - Node 6: k=319.37503695019416, f_best=-12.118885040283203, f_min=-12.196351480524754
2025-04-30 01:09:00,053 - INFO - Node 7: k=391.33572467066, f_best=-13.504056930541992, f_min=-14.798255403991789
2025-04-30 01:09:00,054 - INFO - Node 8: k=421.98735137508686, f_best=-12.03493595123291, f_min=-15.157253888919513
2025-04-30 01:09:00,054 - INFO - Node 9: k=340.44758913592256, f_best=-13.505634307861328, f_min=-13.942999767648871
2025-04-30 01:09:00,054 - INFO - Node 10: k=340.44758913592256, f_best=-12.043143272399902, f_min=-12.412889226079642
2025-04-30 01:09:00,054 - INFO - Node 11: k=379.8265988974678, f_best=-13.55937385559082, f_min=-13.879427475711054
2025-04-30 01:09:00,054 - INFO - cur_node_number 42,f_best -13.55937385559082,f_min -13.879427475711054,k 379.8265988974678
2025-04-30 01:09:00,054 - INFO - f_best_current -13.55937385559082,f_min -13.879427475711054
2025-04-30 01:09:00,054 - INFO - 回退,len(queue)=4
2025-04-30 01:09:13,245 - INFO - tree_node.f_best*ep:-13.505634307861328,left_f_best-11.887682914733887,right_f_best-13.316462516784668,i:1
2025-04-30 01:09:27,317 - INFO - tree_node.f_best*ep:-13.505634307861328,left_f_best-11.963910102844238,right_f_best-13.351566314697266,i:2
2025-04-30 01:09:42,235 - INFO - tree_node.f_best*ep:-13.505634307861328,left_f_best-12.028116226196289,right_f_best-13.290581703186035,i:3
2025-04-30 01:09:57,545 - INFO - tree_node.f_best*ep:-13.505634307861328,left_f_best-12.026384353637695,right_f_best-13.466429710388184,i:4
2025-04-30 01:10:13,539 - INFO - tree_node.f_best*ep:-13.505634307861328,left_f_best-12.255176544189453,right_f_best-13.459132194519043,i:5
2025-04-30 01:10:29,804 - INFO - tree_node.f_best*ep:-13.505634307861328,left_f_best-12.021295547485352,right_f_best-13.500732421875,i:6
2025-04-30 01:10:46,467 - INFO - tree_node.f_best*ep:-13.505634307861328,left_f_best-12.043102264404297,right_f_best-13.483354568481445,i:7
2025-04-30 01:11:03,784 - INFO - tree_node.f_best*ep:-13.505634307861328,left_f_best-12.082480430603027,right_f_best-13.418429374694824,i:8
2025-04-30 01:11:21,947 - INFO - tree_node.f_best*ep:-13.505634307861328,left_f_best-12.19530200958252,right_f_best-13.529223442077637,i:9
2025-04-30 01:12:25,727 - INFO - 添加左子节点，右子节点，len(queue):6
2025-04-30 01:12:25,727 - INFO - Node 1: k=809.4515257580061, f_best=-13.34654712677002, f_min=-30.065352445202734
2025-04-30 01:12:25,727 - INFO - Node 2: k=187.39924468680493, f_best=-12.001693725585938, f_min=-13.925291795867452
2025-04-30 01:12:25,727 - INFO - Node 3: k=565.5100481506, f_best=-13.417920112609863, f_min=-15.057832266141304
2025-04-30 01:12:25,727 - INFO - Node 4: k=423.7605136114483, f_best=-12.044583320617676, f_min=-15.261344981116054
2025-04-30 01:12:25,727 - INFO - Node 5: k=395.2490819173666, f_best=-13.486225128173828, f_min=-16.499109605949343
2025-04-30 01:12:25,727 - INFO - Node 6: k=319.37503695019416, f_best=-12.118885040283203, f_min=-12.196351480524754
2025-04-30 01:12:25,728 - INFO - Node 7: k=391.33572467066, f_best=-13.504056930541992, f_min=-14.798255403991789
2025-04-30 01:12:25,728 - INFO - Node 8: k=421.98735137508686, f_best=-12.03493595123291, f_min=-15.157253888919513
2025-04-30 01:12:25,728 - INFO - Node 9: k=379.8265988974678, f_best=-13.505634307861328, f_min=-13.942999767648871
2025-04-30 01:12:25,728 - INFO - Node 10: k=316.2129078714794, f_best=-12.19530200958252, f_min=-12.700406499719975
2025-04-30 01:12:25,728 - INFO - Node 11: k=255.11172737216896, f_best=-13.529223442077637, f_min=-13.579027720210433
2025-04-30 01:12:25,728 - INFO - cur_node_number 43,f_best -13.529223442077637,f_min -13.579027720210433,k 255.11172737216896
2025-04-30 01:12:25,728 - INFO - f_best_current -13.529223442077637,f_min -13.579027720210433
2025-04-30 01:12:25,728 - INFO - 结束,fmin= -13.579027720210433, fbestmin=-13.529223442077637
