2025-04-29 22:28:22,143 - INFO - Namespace(log_file='outputs/DNN4/img[0]/min/DNN4img0_label0.log', image_path='img[0].png', model_path='network/DNN4.pth', label=0, init_epsilon=0.05, epsilon=0.01, ep=1, min=1)
2025-04-29 22:28:22,158 - INFO - Model output max(1): torch.return_types.max(
values=tensor([24.1257], grad_fn=<MaxBackward0>),
indices=tensor([0]))
2025-04-29 22:28:31,121 - INFO - cur_node_number 1,f_best 17.307727813720703,f_min 12.945560263888183,k 875.7401931566707
2025-04-29 22:28:31,122 - INFO - f_best_current 17.307727813720703,f_min 12.945560263888183
2025-04-29 22:28:44,883 - INFO - tree_node.f_best*ep:17.307727813720703,left_f_best18.12493896484375,right_f_best17.27654457092285,i:1
2025-04-29 22:29:51,097 - INFO - 添加左子节点，右子节点，len(queue):2
2025-04-29 22:29:51,097 - INFO - Node 1: k=875.7401931566707, f_best=17.307727813720703, f_min=12.945560263888183
2025-04-29 22:29:51,097 - INFO - Node 2: k=221.59090030290992, f_best=18.12493896484375, f_min=17.972504541363378
2025-04-29 22:29:51,097 - INFO - Node 3: k=292.7860549170857, f_best=17.27654457092285, f_min=12.625718650146155
2025-04-29 22:29:51,097 - INFO - cur_node_number 2,f_best 17.27654457092285,f_min 12.625718650146155,k 292.7860549170857
2025-04-29 22:29:51,097 - INFO - f_best_current 17.27654457092285,f_min 12.625718650146155
2025-04-29 22:30:04,175 - INFO - tree_node.f_best*ep:17.27654457092285,left_f_best18.189292907714844,right_f_best17.261198043823242,i:1
2025-04-29 22:31:06,816 - INFO - 添加左子节点，右子节点，len(queue):3
2025-04-29 22:31:06,817 - INFO - Node 1: k=875.7401931566707, f_best=17.307727813720703, f_min=12.945560263888183
2025-04-29 22:31:06,817 - INFO - Node 2: k=221.59090030290992, f_best=18.12493896484375, f_min=17.972504541363378
2025-04-29 22:31:06,817 - INFO - Node 3: k=292.7860549170857, f_best=17.27654457092285, f_min=12.625718650146155
2025-04-29 22:31:06,817 - INFO - Node 4: k=278.5758850633523, f_best=18.189292907714844, f_min=17.266485647332956
2025-04-29 22:31:06,817 - INFO - Node 5: k=174.51748722389866, f_best=17.261198043823242, f_min=16.96339754383007
2025-04-29 22:31:06,817 - INFO - cur_node_number 3,f_best 17.261198043823242,f_min 16.96339754383007,k 174.51748722389866
2025-04-29 22:31:06,817 - INFO - f_best_current 17.261198043823242,f_min 16.96339754383007
2025-04-29 22:31:20,309 - INFO - tree_node.f_best*ep:17.261198043823242,left_f_best18.194473266601562,right_f_best17.289505004882812,i:1
2025-04-29 22:31:33,877 - INFO - tree_node.f_best*ep:17.261198043823242,left_f_best18.1408634185791,right_f_best17.236589431762695,i:2
2025-04-29 22:32:36,590 - INFO - 添加左子节点，右子节点，len(queue):4
2025-04-29 22:32:36,591 - INFO - Node 1: k=875.7401931566707, f_best=17.307727813720703, f_min=12.945560263888183
2025-04-29 22:32:36,591 - INFO - Node 2: k=221.59090030290992, f_best=18.12493896484375, f_min=17.972504541363378
2025-04-29 22:32:36,591 - INFO - Node 3: k=292.7860549170857, f_best=17.27654457092285, f_min=12.625718650146155
2025-04-29 22:32:36,591 - INFO - Node 4: k=278.5758850633523, f_best=18.189292907714844, f_min=17.266485647332956
2025-04-29 22:32:36,591 - INFO - Node 5: k=174.51748722389866, f_best=17.261198043823242, f_min=16.96339754383007
2025-04-29 22:32:36,591 - INFO - Node 6: k=179.80554160427002, f_best=18.1408634185791, f_min=15.471624721456465
2025-04-29 22:32:36,592 - INFO - Node 7: k=273.0868395876407, f_best=17.236589431762695, f_min=13.029647111019585
2025-04-29 22:32:36,592 - INFO - cur_node_number 4,f_best 17.236589431762695,f_min 13.029647111019585,k 273.0868395876407
2025-04-29 22:32:36,592 - INFO - f_best_current 17.236589431762695,f_min 13.029647111019585
2025-04-29 22:32:36,592 - INFO - 回退,len(queue)=2
2025-04-29 22:32:50,225 - INFO - tree_node.f_best*ep:17.261198043823242,left_f_best18.196762084960938,right_f_best17.331697463989258,i:1
2025-04-29 22:33:04,109 - INFO - tree_node.f_best*ep:17.261198043823242,left_f_best18.11940574645996,right_f_best17.31925392150879,i:2
2025-04-29 22:33:18,442 - INFO - tree_node.f_best*ep:17.261198043823242,left_f_best18.111392974853516,right_f_best17.298845291137695,i:3
2025-04-29 22:33:33,500 - INFO - tree_node.f_best*ep:17.261198043823242,left_f_best18.127899169921875,right_f_best17.28605079650879,i:4
2025-04-29 22:33:49,226 - INFO - tree_node.f_best*ep:17.261198043823242,left_f_best18.095346450805664,right_f_best17.14628791809082,i:5
2025-04-29 22:34:48,635 - INFO - 添加左子节点，右子节点，len(queue):4
2025-04-29 22:34:48,635 - INFO - Node 1: k=875.7401931566707, f_best=17.307727813720703, f_min=12.945560263888183
2025-04-29 22:34:48,635 - INFO - Node 2: k=221.59090030290992, f_best=18.12493896484375, f_min=17.972504541363378
2025-04-29 22:34:48,635 - INFO - Node 3: k=292.7860549170857, f_best=17.27654457092285, f_min=12.625718650146155
2025-04-29 22:34:48,635 - INFO - Node 4: k=278.5758850633523, f_best=18.189292907714844, f_min=17.266485647332956
2025-04-29 22:34:48,635 - INFO - Node 5: k=273.0868395876407, f_best=17.261198043823242, f_min=16.96339754383007
2025-04-29 22:34:48,635 - INFO - Node 6: k=210.8361383241067, f_best=18.095346450805664, f_min=17.41773798084614
2025-04-29 22:34:48,636 - INFO - Node 7: k=183.41963299051585, f_best=17.14628791809082, f_min=16.585679376192275
2025-04-29 22:34:48,636 - INFO - cur_node_number 5,f_best 17.14628791809082,f_min 16.585679376192275,k 183.41963299051585
2025-04-29 22:34:48,636 - INFO - f_best_current 17.14628791809082,f_min 16.585679376192275
2025-04-29 22:35:02,118 - INFO - tree_node.f_best*ep:17.14628791809082,left_f_best18.18525505065918,right_f_best17.248046875,i:1
2025-04-29 22:35:16,011 - INFO - tree_node.f_best*ep:17.14628791809082,left_f_best18.177400588989258,right_f_best17.25282096862793,i:2
2025-04-29 22:35:30,897 - INFO - tree_node.f_best*ep:17.14628791809082,left_f_best18.08397674560547,right_f_best17.29490852355957,i:3
2025-04-29 22:35:46,463 - INFO - tree_node.f_best*ep:17.14628791809082,left_f_best18.148700714111328,right_f_best17.16432762145996,i:4
2025-04-29 22:36:02,427 - INFO - tree_node.f_best*ep:17.14628791809082,left_f_best18.06646156311035,right_f_best17.251943588256836,i:5
2025-04-29 22:36:18,801 - INFO - tree_node.f_best*ep:17.14628791809082,left_f_best18.09881019592285,right_f_best17.165254592895508,i:6
2025-04-29 22:36:35,783 - INFO - tree_node.f_best*ep:17.14628791809082,left_f_best18.090391159057617,right_f_best17.19072723388672,i:7
2025-04-29 22:36:53,363 - INFO - tree_node.f_best*ep:17.14628791809082,left_f_best18.038747787475586,right_f_best17.173524856567383,i:8
2025-04-29 22:37:12,149 - INFO - tree_node.f_best*ep:17.14628791809082,left_f_best18.028379440307617,right_f_best17.198692321777344,i:9
2025-04-29 22:37:31,741 - INFO - tree_node.f_best*ep:17.14628791809082,left_f_best18.027896881103516,right_f_best17.133440017700195,i:10
2025-04-29 22:38:36,590 - INFO - 添加左子节点，右子节点，len(queue):5
2025-04-29 22:38:36,591 - INFO - Node 1: k=875.7401931566707, f_best=17.307727813720703, f_min=12.945560263888183
2025-04-29 22:38:36,591 - INFO - Node 2: k=221.59090030290992, f_best=18.12493896484375, f_min=17.972504541363378
2025-04-29 22:38:36,591 - INFO - Node 3: k=292.7860549170857, f_best=17.27654457092285, f_min=12.625718650146155
2025-04-29 22:38:36,591 - INFO - Node 4: k=278.5758850633523, f_best=18.189292907714844, f_min=17.266485647332956
2025-04-29 22:38:36,591 - INFO - Node 5: k=273.0868395876407, f_best=17.261198043823242, f_min=16.96339754383007
2025-04-29 22:38:36,591 - INFO - Node 6: k=210.8361383241067, f_best=18.095346450805664, f_min=17.41773798084614
2025-04-29 22:38:36,591 - INFO - Node 7: k=183.41963299051585, f_best=17.14628791809082, f_min=16.585679376192275
2025-04-29 22:38:36,592 - INFO - Node 8: k=350.2153005053293, f_best=18.027896881103516, f_min=16.970357724076166
2025-04-29 22:38:36,592 - INFO - Node 9: k=273.0868395876407, f_best=17.133440017700195, f_min=8.040803264522765
2025-04-29 22:38:36,592 - INFO - cur_node_number 6,f_best 17.133440017700195,f_min 8.040803264522765,k 273.0868395876407
2025-04-29 22:38:36,592 - INFO - f_best_current 17.133440017700195,f_min 8.040803264522765
2025-04-29 22:38:36,592 - INFO - 回退,len(queue)=3
2025-04-29 22:38:48,329 - INFO - tree_node.f_best*ep:17.14628791809082,left_f_best18.243389129638672,right_f_best17.27060317993164,i:1
2025-04-29 22:39:00,871 - INFO - tree_node.f_best*ep:17.14628791809082,left_f_best18.147363662719727,right_f_best17.300189971923828,i:2
2025-04-29 22:39:14,078 - INFO - tree_node.f_best*ep:17.14628791809082,left_f_best18.146230697631836,right_f_best17.232913970947266,i:3
2025-04-29 22:39:27,824 - INFO - tree_node.f_best*ep:17.14628791809082,left_f_best18.113859176635742,right_f_best17.171483993530273,i:4
2025-04-29 22:39:42,110 - INFO - tree_node.f_best*ep:17.14628791809082,left_f_best18.126188278198242,right_f_best17.206634521484375,i:5
2025-04-29 22:39:56,749 - INFO - tree_node.f_best*ep:17.14628791809082,left_f_best18.091493606567383,right_f_best17.20050048828125,i:6
2025-04-29 22:40:11,944 - INFO - tree_node.f_best*ep:17.14628791809082,left_f_best18.082361221313477,right_f_best17.222639083862305,i:7
2025-04-29 22:40:27,723 - INFO - tree_node.f_best*ep:17.14628791809082,left_f_best18.05870819091797,right_f_best17.183578491210938,i:8
2025-04-29 22:40:44,099 - INFO - tree_node.f_best*ep:17.14628791809082,left_f_best18.074642181396484,right_f_best17.2108097076416,i:9
2025-04-29 22:41:00,870 - INFO - tree_node.f_best*ep:17.14628791809082,left_f_best18.109376907348633,right_f_best17.14865493774414,i:10
2025-04-29 22:41:18,209 - INFO - tree_node.f_best*ep:17.14628791809082,left_f_best18.030595779418945,right_f_best17.1491641998291,i:11
2025-04-29 22:41:36,216 - INFO - tree_node.f_best*ep:17.14628791809082,left_f_best18.12425422668457,right_f_best17.14628791809082,i:12
2025-04-29 22:42:43,986 - INFO - 添加左子节点，右子节点，len(queue):5
2025-04-29 22:42:43,986 - INFO - Node 1: k=875.7401931566707, f_best=17.307727813720703, f_min=12.945560263888183
2025-04-29 22:42:43,987 - INFO - Node 2: k=221.59090030290992, f_best=18.12493896484375, f_min=17.972504541363378
2025-04-29 22:42:43,987 - INFO - Node 3: k=292.7860549170857, f_best=17.27654457092285, f_min=12.625718650146155
2025-04-29 22:42:43,987 - INFO - Node 4: k=278.5758850633523, f_best=18.189292907714844, f_min=17.266485647332956
2025-04-29 22:42:43,987 - INFO - Node 5: k=273.0868395876407, f_best=17.261198043823242, f_min=16.96339754383007
2025-04-29 22:42:43,987 - INFO - Node 6: k=210.8361383241067, f_best=18.095346450805664, f_min=17.41773798084614
2025-04-29 22:42:43,987 - INFO - Node 7: k=273.0868395876407, f_best=17.14628791809082, f_min=16.585679376192275
2025-04-29 22:42:43,987 - INFO - Node 8: k=307.7210862469876, f_best=18.12425422668457, f_min=17.73855431658194
2025-04-29 22:42:43,987 - INFO - Node 9: k=323.4179542732729, f_best=17.14628791809082, f_min=13.746035971986203
2025-04-29 22:42:43,988 - INFO - cur_node_number 7,f_best 17.14628791809082,f_min 13.746035971986203,k 323.4179542732729
2025-04-29 22:42:43,988 - INFO - f_best_current 17.14628791809082,f_min 13.746035971986203
2025-04-29 22:42:43,988 - INFO - 回退,len(queue)=3
2025-04-29 22:42:43,988 - INFO - 回退,len(queue)=2
2025-04-29 22:42:43,988 - INFO - 回退,len(queue)=1
2025-04-29 22:42:57,318 - INFO - tree_node.f_best*ep:17.27654457092285,left_f_best18.180517196655273,right_f_best17.30666732788086,i:1
2025-04-29 22:43:11,165 - INFO - tree_node.f_best*ep:17.27654457092285,left_f_best18.136884689331055,right_f_best17.23752212524414,i:2
2025-04-29 22:44:13,016 - INFO - 添加左子节点，右子节点，len(queue):3
2025-04-29 22:44:13,016 - INFO - Node 1: k=875.7401931566707, f_best=17.307727813720703, f_min=12.945560263888183
2025-04-29 22:44:13,017 - INFO - Node 2: k=221.59090030290992, f_best=18.12493896484375, f_min=17.972504541363378
2025-04-29 22:44:13,017 - INFO - Node 3: k=323.4179542732729, f_best=17.27654457092285, f_min=12.625718650146155
2025-04-29 22:44:13,017 - INFO - Node 4: k=230.5883794347183, f_best=18.136884689331055, f_min=17.719642537830623
2025-04-29 22:44:13,017 - INFO - Node 5: k=200.6033513228978, f_best=17.23752212524414, f_min=14.488042256221888
2025-04-29 22:44:13,017 - INFO - cur_node_number 8,f_best 17.23752212524414,f_min 14.488042256221888,k 200.6033513228978
2025-04-29 22:44:13,017 - INFO - f_best_current 17.23752212524414,f_min 14.488042256221888
2025-04-29 22:44:26,508 - INFO - tree_node.f_best*ep:17.23752212524414,left_f_best18.14668846130371,right_f_best17.306184768676758,i:1
2025-04-29 22:44:40,676 - INFO - tree_node.f_best*ep:17.23752212524414,left_f_best18.165708541870117,right_f_best17.217016220092773,i:2
2025-04-29 22:45:47,999 - INFO - 添加左子节点，右子节点，len(queue):4
2025-04-29 22:45:47,999 - INFO - Node 1: k=875.7401931566707, f_best=17.307727813720703, f_min=12.945560263888183
2025-04-29 22:45:47,999 - INFO - Node 2: k=221.59090030290992, f_best=18.12493896484375, f_min=17.972504541363378
2025-04-29 22:45:47,999 - INFO - Node 3: k=323.4179542732729, f_best=17.27654457092285, f_min=12.625718650146155
2025-04-29 22:45:47,999 - INFO - Node 4: k=230.5883794347183, f_best=18.136884689331055, f_min=17.719642537830623
2025-04-29 22:45:47,999 - INFO - Node 5: k=200.6033513228978, f_best=17.23752212524414, f_min=14.488042256221888
2025-04-29 22:45:48,000 - INFO - Node 6: k=239.95119229916938, f_best=18.165708541870117, f_min=18.01456101959957
2025-04-29 22:45:48,000 - INFO - Node 7: k=291.10526937288284, f_best=17.217016220092773, f_min=16.162659884035747
2025-04-29 22:45:48,000 - INFO - cur_node_number 9,f_best 17.217016220092773,f_min 16.162659884035747,k 291.10526937288284
2025-04-29 22:45:48,000 - INFO - f_best_current 17.217016220092773,f_min 16.162659884035747
2025-04-29 22:45:48,000 - INFO - 回退,len(queue)=2
2025-04-29 22:46:01,242 - INFO - tree_node.f_best*ep:17.23752212524414,left_f_best18.147668838500977,right_f_best17.265050888061523,i:1
2025-04-29 22:46:15,509 - INFO - tree_node.f_best*ep:17.23752212524414,left_f_best18.13361930847168,right_f_best17.29581642150879,i:2
2025-04-29 22:46:30,262 - INFO - tree_node.f_best*ep:17.23752212524414,left_f_best18.163583755493164,right_f_best17.26186180114746,i:3
2025-04-29 22:46:45,525 - INFO - tree_node.f_best*ep:17.23752212524414,left_f_best18.216211318969727,right_f_best17.236358642578125,i:4
2025-04-29 22:47:36,143 - INFO - 添加左子节点，右子节点，len(queue):4
2025-04-29 22:47:36,143 - INFO - Node 1: k=875.7401931566707, f_best=17.307727813720703, f_min=12.945560263888183
2025-04-29 22:47:36,143 - INFO - Node 2: k=221.59090030290992, f_best=18.12493896484375, f_min=17.972504541363378
2025-04-29 22:47:36,144 - INFO - Node 3: k=323.4179542732729, f_best=17.27654457092285, f_min=12.625718650146155
2025-04-29 22:47:36,144 - INFO - Node 4: k=230.5883794347183, f_best=18.136884689331055, f_min=17.719642537830623
2025-04-29 22:47:36,144 - INFO - Node 5: k=291.10526937288284, f_best=17.23752212524414, f_min=14.488042256221888
2025-04-29 22:47:36,144 - INFO - Node 6: k=164.40336730781064, f_best=18.216211318969727, f_min=17.335019334760545
2025-04-29 22:47:36,144 - INFO - Node 7: k=181.60359702031272, f_best=17.236358642578125, f_min=15.862205170303241
2025-04-29 22:47:36,144 - INFO - cur_node_number 10,f_best 17.236358642578125,f_min 15.862205170303241,k 181.60359702031272
2025-04-29 22:47:36,144 - INFO - f_best_current 17.236358642578125,f_min 15.862205170303241
2025-04-29 22:47:48,120 - INFO - tree_node.f_best*ep:17.236358642578125,left_f_best18.250675201416016,right_f_best17.32154083251953,i:1
2025-04-29 22:48:00,768 - INFO - tree_node.f_best*ep:17.236358642578125,left_f_best18.163646697998047,right_f_best17.260194778442383,i:2
2025-04-29 22:48:13,940 - INFO - tree_node.f_best*ep:17.236358642578125,left_f_best18.134775161743164,right_f_best17.20087242126465,i:3
2025-04-29 22:49:13,704 - INFO - 添加左子节点，右子节点，len(queue):5
2025-04-29 22:49:13,704 - INFO - Node 1: k=875.7401931566707, f_best=17.307727813720703, f_min=12.945560263888183
2025-04-29 22:49:13,704 - INFO - Node 2: k=221.59090030290992, f_best=18.12493896484375, f_min=17.972504541363378
2025-04-29 22:49:13,704 - INFO - Node 3: k=323.4179542732729, f_best=17.27654457092285, f_min=12.625718650146155
2025-04-29 22:49:13,704 - INFO - Node 4: k=230.5883794347183, f_best=18.136884689331055, f_min=17.719642537830623
2025-04-29 22:49:13,705 - INFO - Node 5: k=291.10526937288284, f_best=17.23752212524414, f_min=14.488042256221888
2025-04-29 22:49:13,705 - INFO - Node 6: k=164.40336730781064, f_best=18.216211318969727, f_min=17.335019334760545
2025-04-29 22:49:13,705 - INFO - Node 7: k=181.60359702031272, f_best=17.236358642578125, f_min=15.862205170303241
2025-04-29 22:49:13,705 - INFO - Node 8: k=221.59090030290992, f_best=18.134775161743164, f_min=16.25668601706184
2025-04-29 22:49:13,705 - INFO - Node 9: k=339.91552032399204, f_best=17.20087242126465, f_min=16.242477354540824
2025-04-29 22:49:13,705 - INFO - cur_node_number 11,f_best 17.20087242126465,f_min 16.242477354540824,k 339.91552032399204
2025-04-29 22:49:13,705 - INFO - f_best_current 17.20087242126465,f_min 16.242477354540824
2025-04-29 22:49:13,706 - INFO - 回退,len(queue)=3
2025-04-29 22:49:13,706 - INFO - 回退,len(queue)=2
2025-04-29 22:49:13,706 - INFO - 回退,len(queue)=1
2025-04-29 22:49:25,486 - INFO - tree_node.f_best*ep:17.27654457092285,left_f_best18.190139770507812,right_f_best17.35520362854004,i:1
2025-04-29 22:49:37,637 - INFO - tree_node.f_best*ep:17.27654457092285,left_f_best18.209779739379883,right_f_best17.257360458374023,i:2
2025-04-29 22:50:40,547 - INFO - 添加左子节点，右子节点，len(queue):3
2025-04-29 22:50:40,548 - INFO - Node 1: k=875.7401931566707, f_best=17.307727813720703, f_min=12.945560263888183
2025-04-29 22:50:40,548 - INFO - Node 2: k=221.59090030290992, f_best=18.12493896484375, f_min=17.972504541363378
2025-04-29 22:50:40,548 - INFO - Node 3: k=339.91552032399204, f_best=17.27654457092285, f_min=12.625718650146155
2025-04-29 22:50:40,548 - INFO - Node 4: k=313.9062800805521, f_best=18.209779739379883, f_min=16.32573410538498
2025-04-29 22:50:40,548 - INFO - Node 5: k=333.2178417057073, f_best=17.257360458374023, f_min=7.028537199734274
2025-04-29 22:50:40,548 - INFO - cur_node_number 12,f_best 17.257360458374023,f_min 7.028537199734274,k 333.2178417057073
2025-04-29 22:50:40,548 - INFO - f_best_current 17.257360458374023,f_min 7.028537199734274
2025-04-29 22:50:52,753 - INFO - tree_node.f_best*ep:17.257360458374023,left_f_best18.176729202270508,right_f_best17.326982498168945,i:1
2025-04-29 22:51:05,192 - INFO - tree_node.f_best*ep:17.257360458374023,left_f_best18.13280487060547,right_f_best17.41792869567871,i:2
2025-04-29 22:51:18,168 - INFO - tree_node.f_best*ep:17.257360458374023,left_f_best18.127107620239258,right_f_best17.272838592529297,i:3
2025-04-29 22:51:31,260 - INFO - tree_node.f_best*ep:17.257360458374023,left_f_best18.150651931762695,right_f_best17.2078800201416,i:4
2025-04-29 22:52:17,535 - INFO - 添加左子节点，右子节点，len(queue):4
2025-04-29 22:52:17,535 - INFO - Node 1: k=875.7401931566707, f_best=17.307727813720703, f_min=12.945560263888183
2025-04-29 22:52:17,535 - INFO - Node 2: k=221.59090030290992, f_best=18.12493896484375, f_min=17.972504541363378
2025-04-29 22:52:17,535 - INFO - Node 3: k=339.91552032399204, f_best=17.27654457092285, f_min=12.625718650146155
2025-04-29 22:52:17,536 - INFO - Node 4: k=313.9062800805521, f_best=18.209779739379883, f_min=16.32573410538498
2025-04-29 22:52:17,536 - INFO - Node 5: k=333.2178417057073, f_best=17.257360458374023, f_min=7.028537199734274
2025-04-29 22:52:17,536 - INFO - Node 6: k=190.8672056026591, f_best=18.150651931762695, f_min=17.11003542297385
2025-04-29 22:52:17,536 - INFO - Node 7: k=185.253829320421, f_best=17.2078800201416, f_min=16.198362760199416
2025-04-29 22:52:17,536 - INFO - cur_node_number 13,f_best 17.2078800201416,f_min 16.198362760199416,k 185.253829320421
2025-04-29 22:52:17,536 - INFO - f_best_current 17.2078800201416,f_min 16.198362760199416
2025-04-29 22:52:28,262 - INFO - tree_node.f_best*ep:17.2078800201416,left_f_best18.182374954223633,right_f_best17.25248146057129,i:1
2025-04-29 22:52:39,367 - INFO - tree_node.f_best*ep:17.2078800201416,left_f_best18.298139572143555,right_f_best17.189754486083984,i:2
2025-04-29 22:53:29,593 - INFO - 添加左子节点，右子节点，len(queue):5
2025-04-29 22:53:29,594 - INFO - Node 1: k=875.7401931566707, f_best=17.307727813720703, f_min=12.945560263888183
2025-04-29 22:53:29,594 - INFO - Node 2: k=221.59090030290992, f_best=18.12493896484375, f_min=17.972504541363378
2025-04-29 22:53:29,594 - INFO - Node 3: k=339.91552032399204, f_best=17.27654457092285, f_min=12.625718650146155
2025-04-29 22:53:29,594 - INFO - Node 4: k=313.9062800805521, f_best=18.209779739379883, f_min=16.32573410538498
2025-04-29 22:53:29,594 - INFO - Node 5: k=333.2178417057073, f_best=17.257360458374023, f_min=7.028537199734274
2025-04-29 22:53:29,594 - INFO - Node 6: k=190.8672056026591, f_best=18.150651931762695, f_min=17.11003542297385
2025-04-29 22:53:29,594 - INFO - Node 7: k=185.253829320421, f_best=17.2078800201416, f_min=16.198362760199416
2025-04-29 22:53:29,594 - INFO - Node 8: k=176.26266209613763, f_best=18.298139572143555, f_min=18.1265739645778
2025-04-29 22:53:29,594 - INFO - Node 9: k=304.67434281879963, f_best=17.189754486083984, f_min=16.802639837518655
2025-04-29 22:53:29,594 - INFO - cur_node_number 14,f_best 17.189754486083984,f_min 16.802639837518655,k 304.67434281879963
2025-04-29 22:53:29,595 - INFO - f_best_current 17.189754486083984,f_min 16.802639837518655
2025-04-29 22:53:29,595 - INFO - 回退,len(queue)=3
2025-04-29 22:53:40,425 - INFO - tree_node.f_best*ep:17.2078800201416,left_f_best18.18129539489746,right_f_best17.240137100219727,i:1
2025-04-29 22:53:51,632 - INFO - tree_node.f_best*ep:17.2078800201416,left_f_best18.1533260345459,right_f_best17.398683547973633,i:2
2025-04-29 22:54:03,485 - INFO - tree_node.f_best*ep:17.2078800201416,left_f_best18.18966293334961,right_f_best17.25130844116211,i:3
2025-04-29 22:54:15,780 - INFO - tree_node.f_best*ep:17.2078800201416,left_f_best18.12129020690918,right_f_best17.16703987121582,i:4
2025-04-29 22:55:10,319 - INFO - 添加左子节点，右子节点，len(queue):5
2025-04-29 22:55:10,319 - INFO - Node 1: k=875.7401931566707, f_best=17.307727813720703, f_min=12.945560263888183
2025-04-29 22:55:10,319 - INFO - Node 2: k=221.59090030290992, f_best=18.12493896484375, f_min=17.972504541363378
2025-04-29 22:55:10,319 - INFO - Node 3: k=339.91552032399204, f_best=17.27654457092285, f_min=12.625718650146155
2025-04-29 22:55:10,319 - INFO - Node 4: k=313.9062800805521, f_best=18.209779739379883, f_min=16.32573410538498
2025-04-29 22:55:10,319 - INFO - Node 5: k=333.2178417057073, f_best=17.257360458374023, f_min=7.028537199734274
2025-04-29 22:55:10,319 - INFO - Node 6: k=190.8672056026591, f_best=18.150651931762695, f_min=17.11003542297385
2025-04-29 22:55:10,320 - INFO - Node 7: k=304.67434281879963, f_best=17.2078800201416, f_min=16.198362760199416
2025-04-29 22:55:10,320 - INFO - Node 8: k=310.7982971094575, f_best=18.12129020690918, f_min=17.99257482797475
2025-04-29 22:55:10,320 - INFO - Node 9: k=273.0868395876407, f_best=17.16703987121582, f_min=13.852679846148021
2025-04-29 22:55:10,320 - INFO - cur_node_number 15,f_best 17.16703987121582,f_min 13.852679846148021,k 273.0868395876407
2025-04-29 22:55:10,320 - INFO - f_best_current 17.16703987121582,f_min 13.852679846148021
2025-04-29 22:55:21,131 - INFO - tree_node.f_best*ep:17.16703987121582,left_f_best18.173723220825195,right_f_best17.290205001831055,i:1
2025-04-29 22:55:32,278 - INFO - tree_node.f_best*ep:17.16703987121582,left_f_best18.254697799682617,right_f_best17.318490982055664,i:2
2025-04-29 22:55:44,019 - INFO - tree_node.f_best*ep:17.16703987121582,left_f_best18.15163230895996,right_f_best17.271976470947266,i:3
2025-04-29 22:55:56,298 - INFO - tree_node.f_best*ep:17.16703987121582,left_f_best18.089292526245117,right_f_best17.200960159301758,i:4
2025-04-29 22:56:09,022 - INFO - tree_node.f_best*ep:17.16703987121582,left_f_best18.116914749145508,right_f_best17.20851707458496,i:5
2025-04-29 22:56:22,213 - INFO - tree_node.f_best*ep:17.16703987121582,left_f_best18.04477310180664,right_f_best17.158235549926758,i:6
2025-04-29 22:57:12,077 - INFO - 添加左子节点，右子节点，len(queue):6
2025-04-29 22:57:12,077 - INFO - Node 1: k=875.7401931566707, f_best=17.307727813720703, f_min=12.945560263888183
2025-04-29 22:57:12,077 - INFO - Node 2: k=221.59090030290992, f_best=18.12493896484375, f_min=17.972504541363378
2025-04-29 22:57:12,077 - INFO - Node 3: k=339.91552032399204, f_best=17.27654457092285, f_min=12.625718650146155
2025-04-29 22:57:12,077 - INFO - Node 4: k=313.9062800805521, f_best=18.209779739379883, f_min=16.32573410538498
2025-04-29 22:57:12,077 - INFO - Node 5: k=333.2178417057073, f_best=17.257360458374023, f_min=7.028537199734274
2025-04-29 22:57:12,077 - INFO - Node 6: k=190.8672056026591, f_best=18.150651931762695, f_min=17.11003542297385
2025-04-29 22:57:12,077 - INFO - Node 7: k=304.67434281879963, f_best=17.2078800201416, f_min=16.198362760199416
2025-04-29 22:57:12,077 - INFO - Node 8: k=310.7982971094575, f_best=18.12129020690918, f_min=17.99257482797475
2025-04-29 22:57:12,077 - INFO - Node 9: k=273.0868395876407, f_best=17.16703987121582, f_min=13.852679846148021
2025-04-29 22:57:12,077 - INFO - Node 10: k=204.63547868448802, f_best=18.04477310180664, f_min=16.893925783759187
2025-04-29 22:57:12,077 - INFO - Node 11: k=265.05539603246115, f_best=17.158235549926758, f_min=16.570211441290667
2025-04-29 22:57:12,077 - INFO - cur_node_number 16,f_best 17.158235549926758,f_min 16.570211441290667,k 265.05539603246115
2025-04-29 22:57:12,077 - INFO - f_best_current 17.158235549926758,f_min 16.570211441290667
2025-04-29 22:57:22,668 - INFO - tree_node.f_best*ep:17.158235549926758,left_f_best18.258432388305664,right_f_best17.33749008178711,i:1
2025-04-29 22:57:33,604 - INFO - tree_node.f_best*ep:17.158235549926758,left_f_best18.150236129760742,right_f_best17.28114891052246,i:2
2025-04-29 22:57:45,056 - INFO - tree_node.f_best*ep:17.158235549926758,left_f_best18.109996795654297,right_f_best17.181161880493164,i:3
2025-04-29 22:57:57,007 - INFO - tree_node.f_best*ep:17.158235549926758,left_f_best18.1357421875,right_f_best17.211244583129883,i:4
2025-04-29 22:58:09,659 - INFO - tree_node.f_best*ep:17.158235549926758,left_f_best18.077960968017578,right_f_best17.17522621154785,i:5
2025-04-29 22:58:22,794 - INFO - tree_node.f_best*ep:17.158235549926758,left_f_best18.075838088989258,right_f_best17.14923858642578,i:6
2025-04-29 22:59:14,073 - INFO - 添加左子节点，右子节点，len(queue):7
2025-04-29 22:59:14,073 - INFO - Node 1: k=875.7401931566707, f_best=17.307727813720703, f_min=12.945560263888183
2025-04-29 22:59:14,073 - INFO - Node 2: k=221.59090030290992, f_best=18.12493896484375, f_min=17.972504541363378
2025-04-29 22:59:14,073 - INFO - Node 3: k=339.91552032399204, f_best=17.27654457092285, f_min=12.625718650146155
2025-04-29 22:59:14,073 - INFO - Node 4: k=313.9062800805521, f_best=18.209779739379883, f_min=16.32573410538498
2025-04-29 22:59:14,073 - INFO - Node 5: k=333.2178417057073, f_best=17.257360458374023, f_min=7.028537199734274
2025-04-29 22:59:14,073 - INFO - Node 6: k=190.8672056026591, f_best=18.150651931762695, f_min=17.11003542297385
2025-04-29 22:59:14,073 - INFO - Node 7: k=304.67434281879963, f_best=17.2078800201416, f_min=16.198362760199416
2025-04-29 22:59:14,073 - INFO - Node 8: k=310.7982971094575, f_best=18.12129020690918, f_min=17.99257482797475
2025-04-29 22:59:14,073 - INFO - Node 9: k=273.0868395876407, f_best=17.16703987121582, f_min=13.852679846148021
2025-04-29 22:59:14,073 - INFO - Node 10: k=204.63547868448802, f_best=18.04477310180664, f_min=16.893925783759187
2025-04-29 22:59:14,073 - INFO - Node 11: k=265.05539603246115, f_best=17.158235549926758, f_min=16.570211441290667
2025-04-29 22:59:14,073 - INFO - Node 12: k=278.5758850633523, f_best=18.075838088989258, f_min=18.037714559566666
2025-04-29 22:59:14,073 - INFO - Node 13: k=242.35070422216108, f_best=17.14923858642578, f_min=16.498562821423548
2025-04-29 22:59:14,073 - INFO - cur_node_number 17,f_best 17.14923858642578,f_min 16.498562821423548,k 242.35070422216108
2025-04-29 22:59:14,073 - INFO - f_best_current 17.14923858642578,f_min 16.498562821423548
2025-04-29 22:59:24,651 - INFO - tree_node.f_best*ep:17.14923858642578,left_f_best18.18489646911621,right_f_best17.287145614624023,i:1
2025-04-29 22:59:35,681 - INFO - tree_node.f_best*ep:17.14923858642578,left_f_best18.152265548706055,right_f_best17.28008460998535,i:2
2025-04-29 22:59:47,133 - INFO - tree_node.f_best*ep:17.14923858642578,left_f_best18.131837844848633,right_f_best17.229082107543945,i:3
2025-04-29 22:59:59,249 - INFO - tree_node.f_best*ep:17.14923858642578,left_f_best18.085569381713867,right_f_best17.178667068481445,i:4
2025-04-29 23:00:11,987 - INFO - tree_node.f_best*ep:17.14923858642578,left_f_best18.145675659179688,right_f_best17.202016830444336,i:5
2025-04-29 23:00:25,261 - INFO - tree_node.f_best*ep:17.14923858642578,left_f_best18.113405227661133,right_f_best17.221160888671875,i:6
2025-04-29 23:00:39,115 - INFO - tree_node.f_best*ep:17.14923858642578,left_f_best18.06730079650879,right_f_best17.118818283081055,i:7
2025-04-29 23:01:34,025 - INFO - 添加左子节点，右子节点，len(queue):8
2025-04-29 23:01:34,025 - INFO - Node 1: k=875.7401931566707, f_best=17.307727813720703, f_min=12.945560263888183
2025-04-29 23:01:34,025 - INFO - Node 2: k=221.59090030290992, f_best=18.12493896484375, f_min=17.972504541363378
2025-04-29 23:01:34,025 - INFO - Node 3: k=339.91552032399204, f_best=17.27654457092285, f_min=12.625718650146155
2025-04-29 23:01:34,025 - INFO - Node 4: k=313.9062800805521, f_best=18.209779739379883, f_min=16.32573410538498
2025-04-29 23:01:34,025 - INFO - Node 5: k=333.2178417057073, f_best=17.257360458374023, f_min=7.028537199734274
2025-04-29 23:01:34,025 - INFO - Node 6: k=190.8672056026591, f_best=18.150651931762695, f_min=17.11003542297385
2025-04-29 23:01:34,025 - INFO - Node 7: k=304.67434281879963, f_best=17.2078800201416, f_min=16.198362760199416
2025-04-29 23:01:34,025 - INFO - Node 8: k=310.7982971094575, f_best=18.12129020690918, f_min=17.99257482797475
2025-04-29 23:01:34,025 - INFO - Node 9: k=273.0868395876407, f_best=17.16703987121582, f_min=13.852679846148021
2025-04-29 23:01:34,025 - INFO - Node 10: k=204.63547868448802, f_best=18.04477310180664, f_min=16.893925783759187
2025-04-29 23:01:34,025 - INFO - Node 11: k=265.05539603246115, f_best=17.158235549926758, f_min=16.570211441290667
2025-04-29 23:01:34,025 - INFO - Node 12: k=278.5758850633523, f_best=18.075838088989258, f_min=18.037714559566666
2025-04-29 23:01:34,025 - INFO - Node 13: k=242.35070422216108, f_best=17.14923858642578, f_min=16.498562821423548
2025-04-29 23:01:34,025 - INFO - Node 14: k=394.63136654459447, f_best=18.06730079650879, f_min=14.337663174215777
2025-04-29 23:01:34,025 - INFO - Node 15: k=252.19111463990475, f_best=17.118818283081055, f_min=16.108733451386797
2025-04-29 23:01:34,025 - INFO - cur_node_number 18,f_best 17.118818283081055,f_min 16.108733451386797,k 252.19111463990475
2025-04-29 23:01:34,025 - INFO - f_best_current 17.118818283081055,f_min 16.108733451386797
2025-04-29 23:01:34,025 - INFO - 回退,len(queue)=6
2025-04-29 23:01:44,612 - INFO - tree_node.f_best*ep:17.14923858642578,left_f_best18.167678833007812,right_f_best17.31199073791504,i:1
2025-04-29 23:01:55,566 - INFO - tree_node.f_best*ep:17.14923858642578,left_f_best18.099876403808594,right_f_best17.294588088989258,i:2
2025-04-29 23:02:07,180 - INFO - tree_node.f_best*ep:17.14923858642578,left_f_best18.148561477661133,right_f_best17.25619125366211,i:3
2025-04-29 23:02:19,374 - INFO - tree_node.f_best*ep:17.14923858642578,left_f_best18.10003089904785,right_f_best17.323198318481445,i:4
2025-04-29 23:02:32,117 - INFO - tree_node.f_best*ep:17.14923858642578,left_f_best18.045177459716797,right_f_best17.243547439575195,i:5
2025-04-29 23:02:45,332 - INFO - tree_node.f_best*ep:17.14923858642578,left_f_best18.109148025512695,right_f_best17.16280746459961,i:6
2025-04-29 23:02:58,887 - INFO - tree_node.f_best*ep:17.14923858642578,left_f_best18.064693450927734,right_f_best17.227327346801758,i:7
2025-04-29 23:03:13,041 - INFO - tree_node.f_best*ep:17.14923858642578,left_f_best18.040733337402344,right_f_best17.126916885375977,i:8
2025-04-29 23:03:59,832 - INFO - 添加左子节点，右子节点，len(queue):8
2025-04-29 23:03:59,832 - INFO - Node 1: k=875.7401931566707, f_best=17.307727813720703, f_min=12.945560263888183
2025-04-29 23:03:59,832 - INFO - Node 2: k=221.59090030290992, f_best=18.12493896484375, f_min=17.972504541363378
2025-04-29 23:03:59,832 - INFO - Node 3: k=339.91552032399204, f_best=17.27654457092285, f_min=12.625718650146155
2025-04-29 23:03:59,832 - INFO - Node 4: k=313.9062800805521, f_best=18.209779739379883, f_min=16.32573410538498
2025-04-29 23:03:59,832 - INFO - Node 5: k=333.2178417057073, f_best=17.257360458374023, f_min=7.028537199734274
2025-04-29 23:03:59,832 - INFO - Node 6: k=190.8672056026591, f_best=18.150651931762695, f_min=17.11003542297385
2025-04-29 23:03:59,832 - INFO - Node 7: k=304.67434281879963, f_best=17.2078800201416, f_min=16.198362760199416
2025-04-29 23:03:59,832 - INFO - Node 8: k=310.7982971094575, f_best=18.12129020690918, f_min=17.99257482797475
2025-04-29 23:03:59,832 - INFO - Node 9: k=273.0868395876407, f_best=17.16703987121582, f_min=13.852679846148021
2025-04-29 23:03:59,832 - INFO - Node 10: k=204.63547868448802, f_best=18.04477310180664, f_min=16.893925783759187
2025-04-29 23:03:59,832 - INFO - Node 11: k=265.05539603246115, f_best=17.158235549926758, f_min=16.570211441290667
2025-04-29 23:03:59,832 - INFO - Node 12: k=278.5758850633523, f_best=18.075838088989258, f_min=18.037714559566666
2025-04-29 23:03:59,832 - INFO - Node 13: k=252.19111463990475, f_best=17.14923858642578, f_min=16.498562821423548
2025-04-29 23:03:59,832 - INFO - Node 14: k=202.60938483612676, f_best=18.040733337402344, f_min=16.943843687694425
2025-04-29 23:03:59,832 - INFO - Node 15: k=200.6033513228978, f_best=17.126916885375977, f_min=13.20477472008497
2025-04-29 23:03:59,832 - INFO - cur_node_number 19,f_best 17.126916885375977,f_min 13.20477472008497,k 200.6033513228978
2025-04-29 23:03:59,832 - INFO - f_best_current 17.126916885375977,f_min 13.20477472008497
2025-04-29 23:04:10,435 - INFO - tree_node.f_best*ep:17.126916885375977,left_f_best18.211999893188477,right_f_best17.276586532592773,i:1
2025-04-29 23:04:21,360 - INFO - tree_node.f_best*ep:17.126916885375977,left_f_best18.159944534301758,right_f_best17.253210067749023,i:2
2025-04-29 23:04:32,993 - INFO - tree_node.f_best*ep:17.126916885375977,left_f_best18.191104888916016,right_f_best17.300268173217773,i:3
2025-04-29 23:04:45,097 - INFO - tree_node.f_best*ep:17.126916885375977,left_f_best18.124454498291016,right_f_best17.213651657104492,i:4
2025-04-29 23:04:57,727 - INFO - tree_node.f_best*ep:17.126916885375977,left_f_best18.08662986755371,right_f_best17.214719772338867,i:5
2025-04-29 23:05:10,816 - INFO - tree_node.f_best*ep:17.126916885375977,left_f_best18.209501266479492,right_f_best17.22060775756836,i:6
2025-04-29 23:05:24,743 - INFO - tree_node.f_best*ep:17.126916885375977,left_f_best18.137332916259766,right_f_best17.147319793701172,i:7
2025-04-29 23:05:39,487 - INFO - tree_node.f_best*ep:17.126916885375977,left_f_best18.121145248413086,right_f_best17.150741577148438,i:8
2025-04-29 23:05:55,990 - INFO - tree_node.f_best*ep:17.126916885375977,left_f_best18.054149627685547,right_f_best17.13429832458496,i:9
2025-04-29 23:06:15,040 - INFO - tree_node.f_best*ep:17.126916885375977,left_f_best18.094873428344727,right_f_best17.15079116821289,i:10
2025-04-29 23:06:35,057 - INFO - tree_node.f_best*ep:17.126916885375977,left_f_best18.058366775512695,right_f_best17.153966903686523,i:11
2025-04-29 23:06:57,323 - INFO - tree_node.f_best*ep:17.126916885375977,left_f_best17.999601364135742,right_f_best17.126916885375977,i:12
2025-04-29 23:08:04,329 - INFO - 添加左子节点，右子节点，len(queue):9
2025-04-29 23:08:04,330 - INFO - Node 1: k=875.7401931566707, f_best=17.307727813720703, f_min=12.945560263888183
2025-04-29 23:08:04,330 - INFO - Node 2: k=221.59090030290992, f_best=18.12493896484375, f_min=17.972504541363378
2025-04-29 23:08:04,330 - INFO - Node 3: k=339.91552032399204, f_best=17.27654457092285, f_min=12.625718650146155
2025-04-29 23:08:04,330 - INFO - Node 4: k=313.9062800805521, f_best=18.209779739379883, f_min=16.32573410538498
2025-04-29 23:08:04,330 - INFO - Node 5: k=333.2178417057073, f_best=17.257360458374023, f_min=7.028537199734274
2025-04-29 23:08:04,330 - INFO - Node 6: k=190.8672056026591, f_best=18.150651931762695, f_min=17.11003542297385
2025-04-29 23:08:04,330 - INFO - Node 7: k=304.67434281879963, f_best=17.2078800201416, f_min=16.198362760199416
2025-04-29 23:08:04,330 - INFO - Node 8: k=310.7982971094575, f_best=18.12129020690918, f_min=17.99257482797475
2025-04-29 23:08:04,331 - INFO - Node 9: k=273.0868395876407, f_best=17.16703987121582, f_min=13.852679846148021
2025-04-29 23:08:04,331 - INFO - Node 10: k=204.63547868448802, f_best=18.04477310180664, f_min=16.893925783759187
2025-04-29 23:08:04,331 - INFO - Node 11: k=265.05539603246115, f_best=17.158235549926758, f_min=16.570211441290667
2025-04-29 23:08:04,331 - INFO - Node 12: k=278.5758850633523, f_best=18.075838088989258, f_min=18.037714559566666
2025-04-29 23:08:04,331 - INFO - Node 13: k=252.19111463990475, f_best=17.14923858642578, f_min=16.498562821423548
2025-04-29 23:08:04,331 - INFO - Node 14: k=202.60938483612676, f_best=18.040733337402344, f_min=16.943843687694425
2025-04-29 23:08:04,331 - INFO - Node 15: k=200.6033513228978, f_best=17.126916885375977, f_min=13.20477472008497
2025-04-29 23:08:04,331 - INFO - Node 16: k=249.6941729107968, f_best=17.999601364135742, f_min=16.383238638867624
2025-04-29 23:08:04,332 - INFO - Node 17: k=292.7860549170857, f_best=17.126916885375977, f_min=15.719031491931673
2025-04-29 23:08:04,332 - INFO - cur_node_number 20,f_best 17.126916885375977,f_min 15.719031491931673,k 292.7860549170857
2025-04-29 23:08:04,332 - INFO - f_best_current 17.126916885375977,f_min 15.719031491931673
2025-04-29 23:08:04,332 - INFO - 回退,len(queue)=7
2025-04-29 23:08:04,332 - INFO - 回退,len(queue)=6
2025-04-29 23:08:04,332 - INFO - 回退,len(queue)=5
2025-04-29 23:08:04,332 - INFO - 回退,len(queue)=4
2025-04-29 23:08:17,528 - INFO - tree_node.f_best*ep:17.16703987121582,left_f_best18.227277755737305,right_f_best17.308019638061523,i:1
2025-04-29 23:08:31,434 - INFO - tree_node.f_best*ep:17.16703987121582,left_f_best18.20226287841797,right_f_best17.265830993652344,i:2
2025-04-29 23:08:46,138 - INFO - tree_node.f_best*ep:17.16703987121582,left_f_best18.108112335205078,right_f_best17.2760066986084,i:3
2025-04-29 23:09:02,037 - INFO - tree_node.f_best*ep:17.16703987121582,left_f_best18.110891342163086,right_f_best17.268190383911133,i:4
2025-04-29 23:09:18,256 - INFO - tree_node.f_best*ep:17.16703987121582,left_f_best18.144617080688477,right_f_best17.18600082397461,i:5
2025-04-29 23:09:35,032 - INFO - tree_node.f_best*ep:17.16703987121582,left_f_best18.067821502685547,right_f_best17.228116989135742,i:6
2025-04-29 23:09:51,966 - INFO - tree_node.f_best*ep:17.16703987121582,left_f_best18.029531478881836,right_f_best17.202516555786133,i:7
2025-04-29 23:10:09,132 - INFO - tree_node.f_best*ep:17.16703987121582,left_f_best18.061857223510742,right_f_best17.12633514404297,i:8
2025-04-29 23:11:14,500 - INFO - 添加左子节点，右子节点，len(queue):6
2025-04-29 23:11:14,500 - INFO - Node 1: k=875.7401931566707, f_best=17.307727813720703, f_min=12.945560263888183
2025-04-29 23:11:14,500 - INFO - Node 2: k=221.59090030290992, f_best=18.12493896484375, f_min=17.972504541363378
2025-04-29 23:11:14,500 - INFO - Node 3: k=339.91552032399204, f_best=17.27654457092285, f_min=12.625718650146155
2025-04-29 23:11:14,500 - INFO - Node 4: k=313.9062800805521, f_best=18.209779739379883, f_min=16.32573410538498
2025-04-29 23:11:14,501 - INFO - Node 5: k=333.2178417057073, f_best=17.257360458374023, f_min=7.028537199734274
2025-04-29 23:11:14,501 - INFO - Node 6: k=190.8672056026591, f_best=18.150651931762695, f_min=17.11003542297385
2025-04-29 23:11:14,501 - INFO - Node 7: k=304.67434281879963, f_best=17.2078800201416, f_min=16.198362760199416
2025-04-29 23:11:14,501 - INFO - Node 8: k=310.7982971094575, f_best=18.12129020690918, f_min=17.99257482797475
2025-04-29 23:11:14,501 - INFO - Node 9: k=292.7860549170857, f_best=17.16703987121582, f_min=13.852679846148021
2025-04-29 23:11:14,501 - INFO - Node 10: k=310.7982971094575, f_best=18.061857223510742, f_min=17.917168952593784
2025-04-29 23:11:14,501 - INFO - Node 11: k=210.8361383241067, f_best=17.12633514404297, f_min=15.430503503913314
2025-04-29 23:11:14,501 - INFO - cur_node_number 21,f_best 17.12633514404297,f_min 15.430503503913314,k 210.8361383241067
2025-04-29 23:11:14,502 - INFO - f_best_current 17.12633514404297,f_min 15.430503503913314
2025-04-29 23:11:28,120 - INFO - tree_node.f_best*ep:17.12633514404297,left_f_best18.234169006347656,right_f_best17.339670181274414,i:1
2025-04-29 23:11:42,017 - INFO - tree_node.f_best*ep:17.12633514404297,left_f_best18.130352020263672,right_f_best17.298982620239258,i:2
2025-04-29 23:11:56,604 - INFO - tree_node.f_best*ep:17.12633514404297,left_f_best18.103553771972656,right_f_best17.248584747314453,i:3
2025-04-29 23:12:11,670 - INFO - tree_node.f_best*ep:17.12633514404297,left_f_best18.16469955444336,right_f_best17.193742752075195,i:4
2025-04-29 23:12:27,439 - INFO - tree_node.f_best*ep:17.12633514404297,left_f_best18.161399841308594,right_f_best17.198686599731445,i:5
2025-04-29 23:12:44,104 - INFO - tree_node.f_best*ep:17.12633514404297,left_f_best18.133848190307617,right_f_best17.21285057067871,i:6
2025-04-29 23:13:01,310 - INFO - tree_node.f_best*ep:17.12633514404297,left_f_best18.09984016418457,right_f_best17.32143211364746,i:7
2025-04-29 23:13:19,081 - INFO - tree_node.f_best*ep:17.12633514404297,left_f_best18.0395565032959,right_f_best17.183542251586914,i:8
2025-04-29 23:13:37,776 - INFO - tree_node.f_best*ep:17.12633514404297,left_f_best18.21306610107422,right_f_best17.16607093811035,i:9
2025-04-29 23:13:56,999 - INFO - tree_node.f_best*ep:17.12633514404297,left_f_best18.010608673095703,right_f_best17.13677406311035,i:10
2025-04-29 23:14:17,253 - INFO - tree_node.f_best*ep:17.12633514404297,left_f_best18.06082534790039,right_f_best17.112646102905273,i:11
2025-04-29 23:15:20,372 - INFO - 添加左子节点，右子节点，len(queue):7
2025-04-29 23:15:20,372 - INFO - Node 1: k=875.7401931566707, f_best=17.307727813720703, f_min=12.945560263888183
2025-04-29 23:15:20,372 - INFO - Node 2: k=221.59090030290992, f_best=18.12493896484375, f_min=17.972504541363378
2025-04-29 23:15:20,372 - INFO - Node 3: k=339.91552032399204, f_best=17.27654457092285, f_min=12.625718650146155
2025-04-29 23:15:20,373 - INFO - Node 4: k=313.9062800805521, f_best=18.209779739379883, f_min=16.32573410538498
2025-04-29 23:15:20,373 - INFO - Node 5: k=333.2178417057073, f_best=17.257360458374023, f_min=7.028537199734274
2025-04-29 23:15:20,373 - INFO - Node 6: k=190.8672056026591, f_best=18.150651931762695, f_min=17.11003542297385
2025-04-29 23:15:20,373 - INFO - Node 7: k=304.67434281879963, f_best=17.2078800201416, f_min=16.198362760199416
2025-04-29 23:15:20,373 - INFO - Node 8: k=310.7982971094575, f_best=18.12129020690918, f_min=17.99257482797475
2025-04-29 23:15:20,373 - INFO - Node 9: k=292.7860549170857, f_best=17.16703987121582, f_min=13.852679846148021
2025-04-29 23:15:20,373 - INFO - Node 10: k=310.7982971094575, f_best=18.061857223510742, f_min=17.917168952593784
2025-04-29 23:15:20,374 - INFO - Node 11: k=210.8361383241067, f_best=17.12633514404297, f_min=15.430503503913314
2025-04-29 23:15:20,374 - INFO - Node 12: k=323.4179542732729, f_best=18.06082534790039, f_min=14.477509626567553
2025-04-29 23:15:20,374 - INFO - Node 13: k=171.07880327801064, f_best=17.112646102905273, f_min=13.823653470428326
2025-04-29 23:15:20,374 - INFO - cur_node_number 22,f_best 17.112646102905273,f_min 13.823653470428326,k 171.07880327801064
2025-04-29 23:15:20,374 - INFO - f_best_current 17.112646102905273,f_min 13.823653470428326
2025-04-29 23:15:33,622 - INFO - tree_node.f_best*ep:17.112646102905273,left_f_best18.15813636779785,right_f_best17.295650482177734,i:1
2025-04-29 23:15:47,185 - INFO - tree_node.f_best*ep:17.112646102905273,left_f_best18.174659729003906,right_f_best17.348264694213867,i:2
2025-04-29 23:16:01,664 - INFO - tree_node.f_best*ep:17.112646102905273,left_f_best18.14793586730957,right_f_best17.264638900756836,i:3
2025-04-29 23:16:16,857 - INFO - tree_node.f_best*ep:17.112646102905273,left_f_best18.13754653930664,right_f_best17.290454864501953,i:4
2025-04-29 23:16:32,836 - INFO - tree_node.f_best*ep:17.112646102905273,left_f_best18.11113929748535,right_f_best17.220903396606445,i:5
2025-04-29 23:16:49,782 - INFO - tree_node.f_best*ep:17.112646102905273,left_f_best18.070335388183594,right_f_best17.1597957611084,i:6
2025-04-29 23:17:07,132 - INFO - tree_node.f_best*ep:17.112646102905273,left_f_best18.096101760864258,right_f_best17.227216720581055,i:7
2025-04-29 23:17:25,020 - INFO - tree_node.f_best*ep:17.112646102905273,left_f_best18.065570831298828,right_f_best17.123594284057617,i:8
2025-04-29 23:17:43,415 - INFO - tree_node.f_best*ep:17.112646102905273,left_f_best18.083585739135742,right_f_best17.159318923950195,i:9
2025-04-29 23:18:02,761 - INFO - tree_node.f_best*ep:17.112646102905273,left_f_best18.134784698486328,right_f_best17.206451416015625,i:10
2025-04-29 23:18:23,118 - INFO - tree_node.f_best*ep:17.112646102905273,left_f_best18.076648712158203,right_f_best17.086946487426758,i:11
2025-04-29 23:19:27,210 - INFO - 添加左子节点，右子节点，len(queue):8
2025-04-29 23:19:27,210 - INFO - Node 1: k=875.7401931566707, f_best=17.307727813720703, f_min=12.945560263888183
2025-04-29 23:19:27,210 - INFO - Node 2: k=221.59090030290992, f_best=18.12493896484375, f_min=17.972504541363378
2025-04-29 23:19:27,211 - INFO - Node 3: k=339.91552032399204, f_best=17.27654457092285, f_min=12.625718650146155
2025-04-29 23:19:27,211 - INFO - Node 4: k=313.9062800805521, f_best=18.209779739379883, f_min=16.32573410538498
2025-04-29 23:19:27,211 - INFO - Node 5: k=333.2178417057073, f_best=17.257360458374023, f_min=7.028537199734274
2025-04-29 23:19:27,211 - INFO - Node 6: k=190.8672056026591, f_best=18.150651931762695, f_min=17.11003542297385
2025-04-29 23:19:27,211 - INFO - Node 7: k=304.67434281879963, f_best=17.2078800201416, f_min=16.198362760199416
2025-04-29 23:19:27,211 - INFO - Node 8: k=310.7982971094575, f_best=18.12129020690918, f_min=17.99257482797475
2025-04-29 23:19:27,211 - INFO - Node 9: k=292.7860549170857, f_best=17.16703987121582, f_min=13.852679846148021
2025-04-29 23:19:27,211 - INFO - Node 10: k=310.7982971094575, f_best=18.061857223510742, f_min=17.917168952593784
2025-04-29 23:19:27,212 - INFO - Node 11: k=210.8361383241067, f_best=17.12633514404297, f_min=15.430503503913314
2025-04-29 23:19:27,212 - INFO - Node 12: k=323.4179542732729, f_best=18.06082534790039, f_min=14.477509626567553
2025-04-29 23:19:27,212 - INFO - Node 13: k=171.07880327801064, f_best=17.112646102905273, f_min=13.823653470428326
2025-04-29 23:19:27,212 - INFO - Node 14: k=281.3616439139858, f_best=18.076648712158203, f_min=17.860672738104768
2025-04-29 23:19:27,212 - INFO - Node 15: k=208.74865180604624, f_best=17.086946487426758, f_min=17.078029246389633
2025-04-29 23:19:27,212 - INFO - cur_node_number 23,f_best 17.086946487426758,f_min 17.078029246389633,k 208.74865180604624
2025-04-29 23:19:27,212 - INFO - f_best_current 17.086946487426758,f_min 17.078029246389633
2025-04-29 23:19:27,212 - INFO - 结束,fmin= 17.078029246389633, fbestmin=17.086946487426758
