2025-04-29 22:28:34,280 - INFO - Namespace(log_file='outputs/DNN4/img[0]/min/DNN4img0_label2.log', image_path='img[0].png', model_path='network/DNN4.pth', label=2, init_epsilon=0.05, epsilon=0.01, ep=1, min=1)
2025-04-29 22:28:34,297 - INFO - Model output max(1): torch.return_types.max(
values=tensor([24.1257], grad_fn=<MaxBackward0>),
indices=tensor([0]))
2025-04-29 22:28:44,142 - INFO - cur_node_number 1,f_best -11.267751693725586,f_min -12.92772858668468,k 1165.6101970915288
2025-04-29 22:28:44,142 - INFO - f_best_current -11.267751693725586,f_min -12.92772858668468
2025-04-29 22:28:58,129 - INFO - tree_node.f_best*ep:-11.267751693725586,left_f_best-9.393702507019043,right_f_best-11.402204513549805,i:1
2025-04-29 22:30:04,389 - INFO - 添加左子节点，右子节点，len(queue):2
2025-04-29 22:30:04,389 - INFO - Node 1: k=1165.6101970915288, f_best=-11.267751693725586, f_min=-12.92772858668468
2025-04-29 22:30:04,389 - INFO - Node 2: k=273.5143016527879, f_best=-9.393702507019043, f_min=-10.185745569118808
2025-04-29 22:30:04,390 - INFO - Node 3: k=368.65595481074735, f_best=-11.402204513549805, f_min=-21.986222426383392
2025-04-29 22:30:04,390 - INFO - cur_node_number 2,f_best -11.402204513549805,f_min -21.986222426383392,k 368.65595481074735
2025-04-29 22:30:04,390 - INFO - f_best_current -11.402204513549805,f_min -21.986222426383392
2025-04-29 22:30:17,497 - INFO - tree_node.f_best*ep:-11.402204513549805,left_f_best-9.364620208740234,right_f_best-11.408513069152832,i:1
2025-04-29 22:31:17,473 - INFO - 添加左子节点，右子节点，len(queue):3
2025-04-29 22:31:17,473 - INFO - Node 1: k=1165.6101970915288, f_best=-11.267751693725586, f_min=-12.92772858668468
2025-04-29 22:31:17,473 - INFO - Node 2: k=273.5143016527879, f_best=-9.393702507019043, f_min=-10.185745569118808
2025-04-29 22:31:17,473 - INFO - Node 3: k=368.65595481074735, f_best=-11.402204513549805, f_min=-21.986222426383392
2025-04-29 22:31:17,473 - INFO - Node 4: k=214.17400007879988, f_best=-9.364620208740234, f_min=-13.543874952757506
2025-04-29 22:31:17,473 - INFO - Node 5: k=224.15713347770935, f_best=-11.408513069152832, f_min=-11.835754211441781
2025-04-29 22:31:17,473 - INFO - cur_node_number 3,f_best -11.408513069152832,f_min -11.835754211441781,k 224.15713347770935
2025-04-29 22:31:17,473 - INFO - f_best_current -11.408513069152832,f_min -11.835754211441781
2025-04-29 22:31:30,789 - INFO - tree_node.f_best*ep:-11.408513069152832,left_f_best-9.36417293548584,right_f_best-11.395378112792969,i:1
2025-04-29 22:31:44,539 - INFO - tree_node.f_best*ep:-11.408513069152832,left_f_best-9.38288688659668,right_f_best-11.433228492736816,i:2
2025-04-29 22:32:46,677 - INFO - 添加左子节点，右子节点，len(queue):4
2025-04-29 22:32:46,677 - INFO - Node 1: k=1165.6101970915288, f_best=-11.267751693725586, f_min=-12.92772858668468
2025-04-29 22:32:46,678 - INFO - Node 2: k=273.5143016527879, f_best=-9.393702507019043, f_min=-10.185745569118808
2025-04-29 22:32:46,678 - INFO - Node 3: k=368.65595481074735, f_best=-11.402204513549805, f_min=-21.986222426383392
2025-04-29 22:32:46,678 - INFO - Node 4: k=214.17400007879988, f_best=-9.364620208740234, f_min=-13.543874952757506
2025-04-29 22:32:46,678 - INFO - Node 5: k=224.15713347770935, f_best=-11.408513069152832, f_min=-11.835754211441781
2025-04-29 22:32:46,678 - INFO - Node 6: k=231.9197521565174, f_best=-9.38288688659668, f_min=-13.216028182026093
2025-04-29 22:32:46,678 - INFO - Node 7: k=257.66284464589063, f_best=-11.433228492736816, f_min=-14.029637628640558
2025-04-29 22:32:46,678 - INFO - cur_node_number 4,f_best -11.433228492736816,f_min -14.029637628640558,k 257.66284464589063
2025-04-29 22:32:46,678 - INFO - f_best_current -11.433228492736816,f_min -14.029637628640558
2025-04-29 22:32:46,679 - INFO - 回退,len(queue)=2
2025-04-29 22:33:00,129 - INFO - tree_node.f_best*ep:-11.408513069152832,left_f_best-9.343927383422852,right_f_best-11.373876571655273,i:1
2025-04-29 22:33:13,868 - INFO - tree_node.f_best*ep:-11.408513069152832,left_f_best-9.326262474060059,right_f_best-11.314933776855469,i:2
2025-04-29 22:33:28,439 - INFO - tree_node.f_best*ep:-11.408513069152832,left_f_best-9.390379905700684,right_f_best-11.44589614868164,i:3
2025-04-29 22:34:31,282 - INFO - 添加左子节点，右子节点，len(queue):4
2025-04-29 22:34:31,282 - INFO - Node 1: k=1165.6101970915288, f_best=-11.267751693725586, f_min=-12.92772858668468
2025-04-29 22:34:31,282 - INFO - Node 2: k=273.5143016527879, f_best=-9.393702507019043, f_min=-10.185745569118808
2025-04-29 22:34:31,282 - INFO - Node 3: k=368.65595481074735, f_best=-11.402204513549805, f_min=-21.986222426383392
2025-04-29 22:34:31,283 - INFO - Node 4: k=214.17400007879988, f_best=-9.364620208740234, f_min=-13.543874952757506
2025-04-29 22:34:31,283 - INFO - Node 5: k=257.66284464589063, f_best=-11.408513069152832, f_min=-11.835754211441781
2025-04-29 22:34:31,283 - INFO - Node 6: k=365.0058958522251, f_best=-9.390379905700684, f_min=-17.521655388309227
2025-04-29 22:34:31,283 - INFO - Node 7: k=200.91735518687534, f_best=-11.44589614868164, f_min=-14.123956772263227
2025-04-29 22:34:31,283 - INFO - cur_node_number 5,f_best -11.44589614868164,f_min -14.123956772263227,k 200.91735518687534
2025-04-29 22:34:31,283 - INFO - f_best_current -11.44589614868164,f_min -14.123956772263227
2025-04-29 22:34:44,521 - INFO - tree_node.f_best*ep:-11.44589614868164,left_f_best-9.31241226196289,right_f_best-11.360485076904297,i:1
2025-04-29 22:34:58,415 - INFO - tree_node.f_best*ep:-11.44589614868164,left_f_best-9.313881874084473,right_f_best-11.397937774658203,i:2
2025-04-29 22:35:13,047 - INFO - tree_node.f_best*ep:-11.44589614868164,left_f_best-9.401193618774414,right_f_best-11.446159362792969,i:3
2025-04-29 22:36:14,131 - INFO - 添加左子节点，右子节点，len(queue):5
2025-04-29 22:36:14,131 - INFO - Node 1: k=1165.6101970915288, f_best=-11.267751693725586, f_min=-12.92772858668468
2025-04-29 22:36:14,131 - INFO - Node 2: k=273.5143016527879, f_best=-9.393702507019043, f_min=-10.185745569118808
2025-04-29 22:36:14,131 - INFO - Node 3: k=368.65595481074735, f_best=-11.402204513549805, f_min=-21.986222426383392
2025-04-29 22:36:14,131 - INFO - Node 4: k=214.17400007879988, f_best=-9.364620208740234, f_min=-13.543874952757506
2025-04-29 22:36:14,131 - INFO - Node 5: k=257.66284464589063, f_best=-11.408513069152832, f_min=-11.835754211441781
2025-04-29 22:36:14,131 - INFO - Node 6: k=365.0058958522251, f_best=-9.390379905700684, f_min=-17.521655388309227
2025-04-29 22:36:14,132 - INFO - Node 7: k=200.91735518687534, f_best=-11.44589614868164, f_min=-14.123956772263227
2025-04-29 22:36:14,132 - INFO - Node 8: k=250.08501850031269, f_best=-9.401193618774414, f_min=-10.647296944045593
2025-04-29 22:36:14,132 - INFO - Node 9: k=237.94731408754652, f_best=-11.446159362792969, f_min=-13.095854382843754
2025-04-29 22:36:14,132 - INFO - cur_node_number 6,f_best -11.446159362792969,f_min -13.095854382843754,k 237.94731408754652
2025-04-29 22:36:14,132 - INFO - f_best_current -11.446159362792969,f_min -13.095854382843754
2025-04-29 22:36:14,132 - INFO - 回退,len(queue)=3
2025-04-29 22:36:27,409 - INFO - tree_node.f_best*ep:-11.44589614868164,left_f_best-9.382153511047363,right_f_best-11.388579368591309,i:1
2025-04-29 22:36:41,156 - INFO - tree_node.f_best*ep:-11.44589614868164,left_f_best-9.345890045166016,right_f_best-11.364501953125,i:2
2025-04-29 22:36:55,607 - INFO - tree_node.f_best*ep:-11.44589614868164,left_f_best-9.36796760559082,right_f_best-11.457786560058594,i:3
2025-04-29 22:37:55,657 - INFO - 添加左子节点，右子节点，len(queue):5
2025-04-29 22:37:55,657 - INFO - Node 1: k=1165.6101970915288, f_best=-11.267751693725586, f_min=-12.92772858668468
2025-04-29 22:37:55,658 - INFO - Node 2: k=273.5143016527879, f_best=-9.393702507019043, f_min=-10.185745569118808
2025-04-29 22:37:55,658 - INFO - Node 3: k=368.65595481074735, f_best=-11.402204513549805, f_min=-21.986222426383392
2025-04-29 22:37:55,658 - INFO - Node 4: k=214.17400007879988, f_best=-9.364620208740234, f_min=-13.543874952757506
2025-04-29 22:37:55,658 - INFO - Node 5: k=257.66284464589063, f_best=-11.408513069152832, f_min=-11.835754211441781
2025-04-29 22:37:55,658 - INFO - Node 6: k=365.0058958522251, f_best=-9.390379905700684, f_min=-17.521655388309227
2025-04-29 22:37:55,658 - INFO - Node 7: k=237.94731408754652, f_best=-11.44589614868164, f_min=-14.123956772263227
2025-04-29 22:37:55,658 - INFO - Node 8: k=288.67419369872016, f_best=-9.36796760559082, f_min=-10.704348812538228
2025-04-29 22:37:55,658 - INFO - Node 9: k=164.660707438198, f_best=-11.457786560058594, f_min=-11.468075041505472
2025-04-29 22:37:55,659 - INFO - cur_node_number 7,f_best -11.457786560058594,f_min -11.468075041505472,k 164.660707438198
2025-04-29 22:37:55,659 - INFO - f_best_current -11.457786560058594,f_min -11.468075041505472
2025-04-29 22:37:55,659 - INFO - 结束,fmin= -11.468075041505472, fbestmin=-11.457786560058594
