2025-04-30 01:14:01,974 - INFO - Namespace(log_file='outputs/DNN4/img[0]/min/DNN4img0_label7.log', image_path='img[0].png', model_path='network/DNN4.pth', label=7, init_epsilon=0.05, epsilon=0.01, ep=1, min=1)
2025-04-30 01:14:01,986 - INFO - Model output max(1): torch.return_types.max(
values=tensor([24.1257], grad_fn=<MaxBackward0>),
indices=tensor([0]))
2025-04-30 01:14:10,327 - INFO - cur_node_number 1,f_best -18.07954978942871,f_min -26.447486622157157,k 668.9682031057903
2025-04-30 01:14:10,328 - INFO - f_best_current -18.07954978942871,f_min -26.447486622157157
2025-04-30 01:14:22,270 - INFO - tree_node.f_best*ep:-18.07954978942871,left_f_best-16.561914443969727,right_f_best-18.124006271362305,i:1
2025-04-30 01:15:20,845 - INFO - 添加左子节点，右子节点，len(queue):2
2025-04-30 01:15:20,845 - INFO - Node 1: k=668.9682031057903, f_best=-18.07954978942871, f_min=-26.447486622157157
2025-04-30 01:15:20,845 - INFO - Node 2: k=202.60938483612676, f_best=-16.561914443969727, f_min=-17.919784108717977
2025-04-30 01:15:20,845 - INFO - Node 3: k=200.6033513228978, f_best=-18.124006271362305, f_min=-19.13923515765873
2025-04-30 01:15:20,846 - INFO - cur_node_number 2,f_best -18.124006271362305,f_min -19.13923515765873,k 200.6033513228978
2025-04-30 01:15:20,846 - INFO - f_best_current -18.124006271362305,f_min -19.13923515765873
2025-04-30 01:15:34,230 - INFO - tree_node.f_best*ep:-18.124006271362305,left_f_best-16.430530548095703,right_f_best-18.076868057250977,i:1
2025-04-30 01:15:47,905 - INFO - tree_node.f_best*ep:-18.124006271362305,left_f_best-16.531078338623047,right_f_best-18.200416564941406,i:2
2025-04-30 01:16:48,811 - INFO - 添加左子节点，右子节点，len(queue):3
2025-04-30 01:16:48,811 - INFO - Node 1: k=668.9682031057903, f_best=-18.07954978942871, f_min=-26.447486622157157
2025-04-30 01:16:48,812 - INFO - Node 2: k=202.60938483612676, f_best=-16.561914443969727, f_min=-17.919784108717977
2025-04-30 01:16:48,812 - INFO - Node 3: k=200.6033513228978, f_best=-18.124006271362305, f_min=-19.13923515765873
2025-04-30 01:16:48,812 - INFO - Node 4: k=346.7478222825043, f_best=-16.531078338623047, f_min=-16.565800909527752
2025-04-30 01:16:48,812 - INFO - Node 5: k=126.92728489955107, f_best=-18.200416564941406, f_min=-18.5711648137094
2025-04-30 01:16:48,812 - INFO - cur_node_number 3,f_best -18.200416564941406,f_min -18.5711648137094,k 126.92728489955107
2025-04-30 01:16:48,812 - INFO - f_best_current -18.200416564941406,f_min -18.5711648137094
2025-04-30 01:17:02,305 - INFO - tree_node.f_best*ep:-18.200416564941406,left_f_best-16.355792999267578,right_f_best-18.06578826904297,i:1
2025-04-30 01:17:16,507 - INFO - tree_node.f_best*ep:-18.200416564941406,left_f_best-16.47977638244629,right_f_best-18.15269660949707,i:2
2025-04-30 01:17:31,417 - INFO - tree_node.f_best*ep:-18.200416564941406,left_f_best-16.571243286132812,right_f_best-18.176891326904297,i:3
2025-04-30 01:17:46,588 - INFO - tree_node.f_best*ep:-18.200416564941406,left_f_best-16.5590877532959,right_f_best-18.16087532043457,i:4
2025-04-30 01:18:01,972 - INFO - tree_node.f_best*ep:-18.200416564941406,left_f_best-16.569866180419922,right_f_best-18.23813819885254,i:5
2025-04-30 01:19:04,363 - INFO - 添加左子节点，右子节点，len(queue):4
2025-04-30 01:19:04,363 - INFO - Node 1: k=668.9682031057903, f_best=-18.07954978942871, f_min=-26.447486622157157
2025-04-30 01:19:04,363 - INFO - Node 2: k=202.60938483612676, f_best=-16.561914443969727, f_min=-17.919784108717977
2025-04-30 01:19:04,363 - INFO - Node 3: k=200.6033513228978, f_best=-18.124006271362305, f_min=-19.13923515765873
2025-04-30 01:19:04,363 - INFO - Node 4: k=346.7478222825043, f_best=-16.531078338623047, f_min=-16.565800909527752
2025-04-30 01:19:04,364 - INFO - Node 5: k=126.92728489955107, f_best=-18.200416564941406, f_min=-18.5711648137094
2025-04-30 01:19:04,364 - INFO - Node 6: k=169.3849537406046, f_best=-16.569866180419922, f_min=-16.63976786602143
2025-04-30 01:19:04,364 - INFO - Node 7: k=320.2157963101712, f_best=-18.23813819885254, f_min=-19.46373638212026
2025-04-30 01:19:04,364 - INFO - cur_node_number 4,f_best -18.23813819885254,f_min -19.46373638212026,k 320.2157963101712
2025-04-30 01:19:04,364 - INFO - f_best_current -18.23813819885254,f_min -19.46373638212026
2025-04-30 01:19:04,364 - INFO - 回退,len(queue)=2
2025-04-30 01:19:04,364 - INFO - 回退,len(queue)=1
2025-04-30 01:19:17,780 - INFO - tree_node.f_best*ep:-18.124006271362305,left_f_best-16.48431396484375,right_f_best-18.123050689697266,i:1
2025-04-30 01:19:31,970 - INFO - tree_node.f_best*ep:-18.124006271362305,left_f_best-16.478811264038086,right_f_best-18.130128860473633,i:2
2025-04-30 01:20:30,968 - INFO - 添加左子节点，右子节点，len(queue):3
2025-04-30 01:20:30,968 - INFO - Node 1: k=668.9682031057903, f_best=-18.07954978942871, f_min=-26.447486622157157
2025-04-30 01:20:30,968 - INFO - Node 2: k=202.60938483612676, f_best=-16.561914443969727, f_min=-17.919784108717977
2025-04-30 01:20:30,968 - INFO - Node 3: k=320.2157963101712, f_best=-18.124006271362305, f_min=-19.13923515765873
2025-04-30 01:20:30,968 - INFO - Node 4: k=192.77587765868572, f_best=-16.478811264038086, f_min=-21.081311297386492
2025-04-30 01:20:30,968 - INFO - Node 5: k=181.60359702031272, f_best=-18.130128860473633, f_min=-19.27542647132941
2025-04-30 01:20:30,968 - INFO - cur_node_number 5,f_best -18.130128860473633,f_min -19.27542647132941,k 181.60359702031272
2025-04-30 01:20:30,969 - INFO - f_best_current -18.130128860473633,f_min -19.27542647132941
2025-04-30 01:20:43,968 - INFO - tree_node.f_best*ep:-18.130128860473633,left_f_best-16.43939208984375,right_f_best-18.147626876831055,i:1
2025-04-30 01:21:54,658 - INFO - 添加左子节点，右子节点，len(queue):4
2025-04-30 01:21:54,658 - INFO - Node 1: k=668.9682031057903, f_best=-18.07954978942871, f_min=-26.447486622157157
2025-04-30 01:21:54,658 - INFO - Node 2: k=202.60938483612676, f_best=-16.561914443969727, f_min=-17.919784108717977
2025-04-30 01:21:54,658 - INFO - Node 3: k=320.2157963101712, f_best=-18.124006271362305, f_min=-19.13923515765873
2025-04-30 01:21:54,658 - INFO - Node 4: k=192.77587765868572, f_best=-16.478811264038086, f_min=-21.081311297386492
2025-04-30 01:21:54,658 - INFO - Node 5: k=181.60359702031272, f_best=-18.130128860473633, f_min=-19.27542647132941
2025-04-30 01:21:54,659 - INFO - Node 6: k=336.5500201227644, f_best=-16.43939208984375, f_min=-20.41931227207533
2025-04-30 01:21:54,659 - INFO - Node 7: k=295.7139154662566, f_best=-18.147626876831055, f_min=-19.47338801190017
2025-04-30 01:21:54,659 - INFO - cur_node_number 6,f_best -18.147626876831055,f_min -19.47338801190017,k 295.7139154662566
2025-04-30 01:21:54,659 - INFO - f_best_current -18.147626876831055,f_min -19.47338801190017
2025-04-30 01:21:54,659 - INFO - 回退,len(queue)=2
2025-04-30 01:22:07,983 - INFO - tree_node.f_best*ep:-18.130128860473633,left_f_best-16.479459762573242,right_f_best-18.219608306884766,i:1
2025-04-30 01:23:14,437 - INFO - 添加左子节点，右子节点，len(queue):4
2025-04-30 01:23:14,437 - INFO - Node 1: k=668.9682031057903, f_best=-18.07954978942871, f_min=-26.447486622157157
2025-04-30 01:23:14,437 - INFO - Node 2: k=202.60938483612676, f_best=-16.561914443969727, f_min=-17.919784108717977
2025-04-30 01:23:14,438 - INFO - Node 3: k=320.2157963101712, f_best=-18.124006271362305, f_min=-19.13923515765873
2025-04-30 01:23:14,438 - INFO - Node 4: k=192.77587765868572, f_best=-16.478811264038086, f_min=-21.081311297386492
2025-04-30 01:23:14,438 - INFO - Node 5: k=295.7139154662566, f_best=-18.130128860473633, f_min=-19.27542647132941
2025-04-30 01:23:14,438 - INFO - Node 6: k=304.67434281879963, f_best=-16.479459762573242, f_min=-16.668752064853834
2025-04-30 01:23:14,438 - INFO - Node 7: k=230.5883794347183, f_best=-18.219608306884766, f_min=-20.387093404936422
2025-04-30 01:23:14,438 - INFO - cur_node_number 7,f_best -18.219608306884766,f_min -20.387093404936422,k 230.5883794347183
2025-04-30 01:23:14,438 - INFO - f_best_current -18.219608306884766,f_min -20.387093404936422
2025-04-30 01:23:27,752 - INFO - tree_node.f_best*ep:-18.219608306884766,left_f_best-16.46855354309082,right_f_best-18.12322998046875,i:1
2025-04-30 01:23:41,340 - INFO - tree_node.f_best*ep:-18.219608306884766,left_f_best-16.44472312927246,right_f_best-18.177715301513672,i:2
2025-04-30 01:23:55,399 - INFO - tree_node.f_best*ep:-18.219608306884766,left_f_best-16.479406356811523,right_f_best-18.218969345092773,i:3
2025-04-30 01:24:10,243 - INFO - tree_node.f_best*ep:-18.219608306884766,left_f_best-16.535181045532227,right_f_best-18.14461326599121,i:4
2025-04-30 01:24:25,918 - INFO - tree_node.f_best*ep:-18.219608306884766,left_f_best-16.603164672851562,right_f_best-18.278453826904297,i:5
2025-04-30 01:25:30,233 - INFO - 添加左子节点，右子节点，len(queue):5
2025-04-30 01:25:30,233 - INFO - Node 1: k=668.9682031057903, f_best=-18.07954978942871, f_min=-26.447486622157157
2025-04-30 01:25:30,233 - INFO - Node 2: k=202.60938483612676, f_best=-16.561914443969727, f_min=-17.919784108717977
2025-04-30 01:25:30,233 - INFO - Node 3: k=320.2157963101712, f_best=-18.124006271362305, f_min=-19.13923515765873
2025-04-30 01:25:30,233 - INFO - Node 4: k=192.77587765868572, f_best=-16.478811264038086, f_min=-21.081311297386492
2025-04-30 01:25:30,234 - INFO - Node 5: k=295.7139154662566, f_best=-18.130128860473633, f_min=-19.27542647132941
2025-04-30 01:25:30,234 - INFO - Node 6: k=304.67434281879963, f_best=-16.479459762573242, f_min=-16.668752064853834
2025-04-30 01:25:30,234 - INFO - Node 7: k=230.5883794347183, f_best=-18.219608306884766, f_min=-20.387093404936422
2025-04-30 01:25:30,234 - INFO - Node 8: k=244.7742112643827, f_best=-16.603164672851562, f_min=-21.078394767810096
2025-04-30 01:25:30,234 - INFO - Node 9: k=228.3053261729884, f_best=-18.278453826904297, f_min=-18.53015735047302
2025-04-30 01:25:30,234 - INFO - cur_node_number 8,f_best -18.278453826904297,f_min -18.53015735047302,k 228.3053261729884
2025-04-30 01:25:30,234 - INFO - f_best_current -18.278453826904297,f_min -18.53015735047302
2025-04-30 01:25:43,510 - INFO - tree_node.f_best*ep:-18.278453826904297,left_f_best-16.491485595703125,right_f_best-18.134292602539062,i:1
2025-04-30 01:25:57,365 - INFO - tree_node.f_best*ep:-18.278453826904297,left_f_best-16.531448364257812,right_f_best-18.178253173828125,i:2
2025-04-30 01:26:11,685 - INFO - tree_node.f_best*ep:-18.278453826904297,left_f_best-16.515750885009766,right_f_best-18.12939453125,i:3
2025-04-30 01:26:26,528 - INFO - tree_node.f_best*ep:-18.278453826904297,left_f_best-16.515727996826172,right_f_best-18.253135681152344,i:4
2025-04-30 01:26:42,100 - INFO - tree_node.f_best*ep:-18.278453826904297,left_f_best-16.557634353637695,right_f_best-18.23798370361328,i:5
2025-04-30 01:26:58,547 - INFO - tree_node.f_best*ep:-18.278453826904297,left_f_best-16.630882263183594,right_f_best-18.27995491027832,i:6
2025-04-30 01:28:03,017 - INFO - 添加左子节点，右子节点，len(queue):6
2025-04-30 01:28:03,017 - INFO - Node 1: k=668.9682031057903, f_best=-18.07954978942871, f_min=-26.447486622157157
2025-04-30 01:28:03,018 - INFO - Node 2: k=202.60938483612676, f_best=-16.561914443969727, f_min=-17.919784108717977
2025-04-30 01:28:03,018 - INFO - Node 3: k=320.2157963101712, f_best=-18.124006271362305, f_min=-19.13923515765873
2025-04-30 01:28:03,018 - INFO - Node 4: k=192.77587765868572, f_best=-16.478811264038086, f_min=-21.081311297386492
2025-04-30 01:28:03,018 - INFO - Node 5: k=295.7139154662566, f_best=-18.130128860473633, f_min=-19.27542647132941
2025-04-30 01:28:03,018 - INFO - Node 6: k=304.67434281879963, f_best=-16.479459762573242, f_min=-16.668752064853834
2025-04-30 01:28:03,018 - INFO - Node 7: k=230.5883794347183, f_best=-18.219608306884766, f_min=-20.387093404936422
2025-04-30 01:28:03,018 - INFO - Node 8: k=244.7742112643827, f_best=-16.603164672851562, f_min=-21.078394767810096
2025-04-30 01:28:03,018 - INFO - Node 9: k=228.3053261729884, f_best=-18.278453826904297, f_min=-18.53015735047302
2025-04-30 01:28:03,018 - INFO - Node 10: k=242.35070422216108, f_best=-16.630882263183594, f_min=-22.01969686535176
2025-04-30 01:28:03,018 - INFO - Node 11: k=239.95119229916938, f_best=-18.27995491027832, f_min=-19.01108324774941
2025-04-30 01:28:03,019 - INFO - cur_node_number 9,f_best -18.27995491027832,f_min -19.01108324774941,k 239.95119229916938
2025-04-30 01:28:03,019 - INFO - f_best_current -18.27995491027832,f_min -19.01108324774941
2025-04-30 01:28:03,019 - INFO - 回退,len(queue)=4
2025-04-30 01:28:03,019 - INFO - 回退,len(queue)=3
2025-04-30 01:28:16,436 - INFO - tree_node.f_best*ep:-18.219608306884766,left_f_best-16.49806022644043,right_f_best-18.15583038330078,i:1
2025-04-30 01:28:30,038 - INFO - tree_node.f_best*ep:-18.219608306884766,left_f_best-16.52762222290039,right_f_best-18.17056655883789,i:2
2025-04-30 01:28:44,423 - INFO - tree_node.f_best*ep:-18.219608306884766,left_f_best-16.52522850036621,right_f_best-18.199230194091797,i:3
2025-04-30 01:28:59,334 - INFO - tree_node.f_best*ep:-18.219608306884766,left_f_best-16.500537872314453,right_f_best-18.182052612304688,i:4
2025-04-30 01:29:14,759 - INFO - tree_node.f_best*ep:-18.219608306884766,left_f_best-16.575698852539062,right_f_best-18.235572814941406,i:5
2025-04-30 01:30:09,960 - INFO - 添加左子节点，右子节点，len(queue):5
2025-04-30 01:30:09,961 - INFO - Node 1: k=668.9682031057903, f_best=-18.07954978942871, f_min=-26.447486622157157
2025-04-30 01:30:09,961 - INFO - Node 2: k=202.60938483612676, f_best=-16.561914443969727, f_min=-17.919784108717977
2025-04-30 01:30:09,961 - INFO - Node 3: k=320.2157963101712, f_best=-18.124006271362305, f_min=-19.13923515765873
2025-04-30 01:30:09,961 - INFO - Node 4: k=192.77587765868572, f_best=-16.478811264038086, f_min=-21.081311297386492
2025-04-30 01:30:09,961 - INFO - Node 5: k=295.7139154662566, f_best=-18.130128860473633, f_min=-19.27542647132941
2025-04-30 01:30:09,961 - INFO - Node 6: k=304.67434281879963, f_best=-16.479459762573242, f_min=-16.668752064853834
2025-04-30 01:30:09,961 - INFO - Node 7: k=239.95119229916938, f_best=-18.219608306884766, f_min=-20.387093404936422
2025-04-30 01:30:09,961 - INFO - Node 8: k=147.35863735778202, f_best=-16.575698852539062, f_min=-19.335018534883602
2025-04-30 01:30:09,961 - INFO - Node 9: k=198.61717952762157, f_best=-18.235572814941406, f_min=-21.915986628985593
2025-04-30 01:30:09,962 - INFO - cur_node_number 10,f_best -18.235572814941406,f_min -21.915986628985593,k 198.61717952762157
2025-04-30 01:30:09,962 - INFO - f_best_current -18.235572814941406,f_min -21.915986628985593
2025-04-30 01:30:22,990 - INFO - tree_node.f_best*ep:-18.235572814941406,left_f_best-16.49260711669922,right_f_best-18.10194969177246,i:1
2025-04-30 01:30:36,882 - INFO - tree_node.f_best*ep:-18.235572814941406,left_f_best-16.490083694458008,right_f_best-18.186079025268555,i:2
2025-04-30 01:30:51,299 - INFO - tree_node.f_best*ep:-18.235572814941406,left_f_best-16.47812271118164,right_f_best-18.22701644897461,i:3
2025-04-30 01:31:06,460 - INFO - tree_node.f_best*ep:-18.235572814941406,left_f_best-16.566740036010742,right_f_best-18.2292423248291,i:4
2025-04-30 01:31:22,246 - INFO - tree_node.f_best*ep:-18.235572814941406,left_f_best-16.54489517211914,right_f_best-18.239831924438477,i:5
2025-04-30 01:32:30,520 - INFO - 添加左子节点，右子节点，len(queue):6
2025-04-30 01:32:30,520 - INFO - Node 1: k=668.9682031057903, f_best=-18.07954978942871, f_min=-26.447486622157157
2025-04-30 01:32:30,520 - INFO - Node 2: k=202.60938483612676, f_best=-16.561914443969727, f_min=-17.919784108717977
2025-04-30 01:32:30,520 - INFO - Node 3: k=320.2157963101712, f_best=-18.124006271362305, f_min=-19.13923515765873
2025-04-30 01:32:30,521 - INFO - Node 4: k=192.77587765868572, f_best=-16.478811264038086, f_min=-21.081311297386492
2025-04-30 01:32:30,521 - INFO - Node 5: k=295.7139154662566, f_best=-18.130128860473633, f_min=-19.27542647132941
2025-04-30 01:32:30,521 - INFO - Node 6: k=304.67434281879963, f_best=-16.479459762573242, f_min=-16.668752064853834
2025-04-30 01:32:30,521 - INFO - Node 7: k=239.95119229916938, f_best=-18.219608306884766, f_min=-20.387093404936422
2025-04-30 01:32:30,521 - INFO - Node 8: k=147.35863735778202, f_best=-16.575698852539062, f_min=-19.335018534883602
2025-04-30 01:32:30,521 - INFO - Node 9: k=198.61717952762157, f_best=-18.235572814941406, f_min=-21.915986628985593
2025-04-30 01:32:30,521 - INFO - Node 10: k=270.3830094927136, f_best=-16.54489517211914, f_min=-20.296101511648885
2025-04-30 01:32:30,522 - INFO - Node 11: k=301.65776516712833, f_best=-18.239831924438477, f_min=-19.676281095491504
2025-04-30 01:32:30,522 - INFO - cur_node_number 11,f_best -18.239831924438477,f_min -19.676281095491504,k 301.65776516712833
2025-04-30 01:32:30,522 - INFO - f_best_current -18.239831924438477,f_min -19.676281095491504
2025-04-30 01:32:30,522 - INFO - 回退,len(queue)=4
2025-04-30 01:32:30,522 - INFO - 回退,len(queue)=3
2025-04-30 01:32:30,522 - INFO - 回退,len(queue)=2
2025-04-30 01:32:43,434 - INFO - tree_node.f_best*ep:-18.130128860473633,left_f_best-16.530029296875,right_f_best-18.136920928955078,i:1
2025-04-30 01:33:49,932 - INFO - 添加左子节点，右子节点，len(queue):4
2025-04-30 01:33:49,932 - INFO - Node 1: k=668.9682031057903, f_best=-18.07954978942871, f_min=-26.447486622157157
2025-04-30 01:33:49,932 - INFO - Node 2: k=202.60938483612676, f_best=-16.561914443969727, f_min=-17.919784108717977
2025-04-30 01:33:49,933 - INFO - Node 3: k=320.2157963101712, f_best=-18.124006271362305, f_min=-19.13923515765873
2025-04-30 01:33:49,933 - INFO - Node 4: k=192.77587765868572, f_best=-16.478811264038086, f_min=-21.081311297386492
2025-04-30 01:33:49,933 - INFO - Node 5: k=301.65776516712833, f_best=-18.130128860473633, f_min=-19.27542647132941
2025-04-30 01:33:49,933 - INFO - Node 6: k=243.74999033320097, f_best=-16.530029296875, f_min=-18.426298234046044
2025-04-30 01:33:49,933 - INFO - Node 7: k=360.82717432594126, f_best=-18.136920928955078, f_min=-18.956330699633327
2025-04-30 01:33:49,933 - INFO - cur_node_number 12,f_best -18.136920928955078,f_min -18.956330699633327,k 360.82717432594126
2025-04-30 01:33:49,933 - INFO - f_best_current -18.136920928955078,f_min -18.956330699633327
2025-04-30 01:33:49,933 - INFO - 回退,len(queue)=2
2025-04-30 01:33:49,933 - INFO - 回退,len(queue)=1
2025-04-30 01:34:03,062 - INFO - tree_node.f_best*ep:-18.124006271362305,left_f_best-16.489215850830078,right_f_best-18.123981475830078,i:1
2025-04-30 01:34:16,507 - INFO - tree_node.f_best*ep:-18.124006271362305,left_f_best-16.382118225097656,right_f_best-18.132509231567383,i:2
2025-04-30 01:35:25,503 - INFO - 添加左子节点，右子节点，len(queue):3
2025-04-30 01:35:25,503 - INFO - Node 1: k=668.9682031057903, f_best=-18.07954978942871, f_min=-26.447486622157157
2025-04-30 01:35:25,503 - INFO - Node 2: k=202.60938483612676, f_best=-16.561914443969727, f_min=-17.919784108717977
2025-04-30 01:35:25,503 - INFO - Node 3: k=360.82717432594126, f_best=-18.124006271362305, f_min=-19.13923515765873
2025-04-30 01:35:25,503 - INFO - Node 4: k=304.67434281879963, f_best=-16.382118225097656, f_min=-20.392310641782387
2025-04-30 01:35:25,503 - INFO - Node 5: k=284.1752603531257, f_best=-18.132509231567383, f_min=-27.325538593173405
2025-04-30 01:35:25,503 - INFO - cur_node_number 13,f_best -18.132509231567383,f_min -27.325538593173405,k 284.1752603531257
2025-04-30 01:35:25,504 - INFO - f_best_current -18.132509231567383,f_min -27.325538593173405
2025-04-30 01:35:38,581 - INFO - tree_node.f_best*ep:-18.132509231567383,left_f_best-16.39370346069336,right_f_best-18.180166244506836,i:1
2025-04-30 01:36:37,490 - INFO - 添加左子节点，右子节点，len(queue):4
2025-04-30 01:36:37,490 - INFO - Node 1: k=668.9682031057903, f_best=-18.07954978942871, f_min=-26.447486622157157
2025-04-30 01:36:37,490 - INFO - Node 2: k=202.60938483612676, f_best=-16.561914443969727, f_min=-17.919784108717977
2025-04-30 01:36:37,491 - INFO - Node 3: k=360.82717432594126, f_best=-18.124006271362305, f_min=-19.13923515765873
2025-04-30 01:36:37,491 - INFO - Node 4: k=304.67434281879963, f_best=-16.382118225097656, f_min=-20.392310641782387
2025-04-30 01:36:37,491 - INFO - Node 5: k=284.1752603531257, f_best=-18.132509231567383, f_min=-27.325538593173405
2025-04-30 01:36:37,491 - INFO - Node 6: k=252.19111463990475, f_best=-16.39370346069336, f_min=-18.4784363040053
2025-04-30 01:36:37,491 - INFO - Node 7: k=145.89964094829904, f_best=-18.180166244506836, f_min=-18.728732514931835
2025-04-30 01:36:37,491 - INFO - cur_node_number 14,f_best -18.180166244506836,f_min -18.728732514931835,k 145.89964094829904
2025-04-30 01:36:37,491 - INFO - f_best_current -18.180166244506836,f_min -18.728732514931835
2025-04-30 01:36:50,526 - INFO - tree_node.f_best*ep:-18.180166244506836,left_f_best-16.471988677978516,right_f_best-18.108928680419922,i:1
2025-04-30 01:37:03,723 - INFO - tree_node.f_best*ep:-18.180166244506836,left_f_best-16.545198440551758,right_f_best-18.125408172607422,i:2
2025-04-30 01:37:17,711 - INFO - tree_node.f_best*ep:-18.180166244506836,left_f_best-16.49995994567871,right_f_best-18.182552337646484,i:3
2025-04-30 01:38:28,547 - INFO - 添加左子节点，右子节点，len(queue):5
2025-04-30 01:38:28,548 - INFO - Node 1: k=668.9682031057903, f_best=-18.07954978942871, f_min=-26.447486622157157
2025-04-30 01:38:28,548 - INFO - Node 2: k=202.60938483612676, f_best=-16.561914443969727, f_min=-17.919784108717977
2025-04-30 01:38:28,548 - INFO - Node 3: k=360.82717432594126, f_best=-18.124006271362305, f_min=-19.13923515765873
2025-04-30 01:38:28,548 - INFO - Node 4: k=304.67434281879963, f_best=-16.382118225097656, f_min=-20.392310641782387
2025-04-30 01:38:28,548 - INFO - Node 5: k=284.1752603531257, f_best=-18.132509231567383, f_min=-27.325538593173405
2025-04-30 01:38:28,548 - INFO - Node 6: k=252.19111463990475, f_best=-16.39370346069336, f_min=-18.4784363040053
2025-04-30 01:38:28,548 - INFO - Node 7: k=145.89964094829904, f_best=-18.180166244506836, f_min=-18.728732514931835
2025-04-30 01:38:28,548 - INFO - Node 8: k=304.67434281879963, f_best=-16.49995994567871, f_min=-21.258064692116022
2025-04-30 01:38:28,549 - INFO - Node 9: k=333.2178417057073, f_best=-18.182552337646484, f_min=-19.258626751532574
2025-04-30 01:38:28,549 - INFO - cur_node_number 15,f_best -18.182552337646484,f_min -19.258626751532574,k 333.2178417057073
2025-04-30 01:38:28,549 - INFO - f_best_current -18.182552337646484,f_min -19.258626751532574
2025-04-30 01:38:28,549 - INFO - 回退,len(queue)=3
2025-04-30 01:38:28,549 - INFO - 回退,len(queue)=2
2025-04-30 01:38:42,008 - INFO - tree_node.f_best*ep:-18.132509231567383,left_f_best-16.52713966369629,right_f_best-18.12926483154297,i:1
2025-04-30 01:38:55,717 - INFO - tree_node.f_best*ep:-18.132509231567383,left_f_best-16.55944061279297,right_f_best-18.17268180847168,i:2
2025-04-30 01:39:51,501 - INFO - 添加左子节点，右子节点，len(queue):4
2025-04-30 01:39:51,501 - INFO - Node 1: k=668.9682031057903, f_best=-18.07954978942871, f_min=-26.447486622157157
2025-04-30 01:39:51,502 - INFO - Node 2: k=202.60938483612676, f_best=-16.561914443969727, f_min=-17.919784108717977
2025-04-30 01:39:51,502 - INFO - Node 3: k=360.82717432594126, f_best=-18.124006271362305, f_min=-19.13923515765873
2025-04-30 01:39:51,502 - INFO - Node 4: k=304.67434281879963, f_best=-16.382118225097656, f_min=-20.392310641782387
2025-04-30 01:39:51,502 - INFO - Node 5: k=333.2178417057073, f_best=-18.132509231567383, f_min=-27.325538593173405
2025-04-30 01:39:51,502 - INFO - Node 6: k=214.17400007879988, f_best=-16.55944061279297, f_min=-17.121421826574988
2025-04-30 01:39:51,502 - INFO - Node 7: k=162.77561119585212, f_best=-18.17268180847168, f_min=-18.924323826538057
2025-04-30 01:39:51,502 - INFO - cur_node_number 16,f_best -18.17268180847168,f_min -18.924323826538057,k 162.77561119585212
2025-04-30 01:39:51,502 - INFO - f_best_current -18.17268180847168,f_min -18.924323826538057
2025-04-30 01:40:04,566 - INFO - tree_node.f_best*ep:-18.17268180847168,left_f_best-16.379497528076172,right_f_best-18.21546173095703,i:1
2025-04-30 01:40:59,320 - INFO - 添加左子节点，右子节点，len(queue):5
2025-04-30 01:40:59,320 - INFO - Node 1: k=668.9682031057903, f_best=-18.07954978942871, f_min=-26.447486622157157
2025-04-30 01:40:59,320 - INFO - Node 2: k=202.60938483612676, f_best=-16.561914443969727, f_min=-17.919784108717977
2025-04-30 01:40:59,320 - INFO - Node 3: k=360.82717432594126, f_best=-18.124006271362305, f_min=-19.13923515765873
2025-04-30 01:40:59,320 - INFO - Node 4: k=304.67434281879963, f_best=-16.382118225097656, f_min=-20.392310641782387
2025-04-30 01:40:59,321 - INFO - Node 5: k=333.2178417057073, f_best=-18.132509231567383, f_min=-27.325538593173405
2025-04-30 01:40:59,321 - INFO - Node 6: k=214.17400007879988, f_best=-16.55944061279297, f_min=-17.121421826574988
2025-04-30 01:40:59,321 - INFO - Node 7: k=162.77561119585212, f_best=-18.17268180847168, f_min=-18.924323826538057
2025-04-30 01:40:59,321 - INFO - Node 8: k=171.07880327801064, f_best=-16.379497528076172, f_min=-18.08527914138267
2025-04-30 01:40:59,321 - INFO - Node 9: k=171.07880327801064, f_best=-18.21546173095703, f_min=-19.09051506708238
2025-04-30 01:40:59,321 - INFO - cur_node_number 17,f_best -18.21546173095703,f_min -19.09051506708238,k 171.07880327801064
2025-04-30 01:40:59,321 - INFO - f_best_current -18.21546173095703,f_min -19.09051506708238
2025-04-30 01:40:59,321 - INFO - 回退,len(queue)=3
2025-04-30 01:41:12,330 - INFO - tree_node.f_best*ep:-18.17268180847168,left_f_best-16.40854263305664,right_f_best-18.149551391601562,i:1
2025-04-30 01:41:26,524 - INFO - tree_node.f_best*ep:-18.17268180847168,left_f_best-16.47701644897461,right_f_best-18.156448364257812,i:2
2025-04-30 01:41:41,109 - INFO - tree_node.f_best*ep:-18.17268180847168,left_f_best-16.620777130126953,right_f_best-18.165184020996094,i:3
2025-04-30 01:41:56,149 - INFO - tree_node.f_best*ep:-18.17268180847168,left_f_best-16.532730102539062,right_f_best-18.23237419128418,i:4
2025-04-30 01:42:54,794 - INFO - 添加左子节点，右子节点，len(queue):5
2025-04-30 01:42:54,794 - INFO - Node 1: k=668.9682031057903, f_best=-18.07954978942871, f_min=-26.447486622157157
2025-04-30 01:42:54,794 - INFO - Node 2: k=202.60938483612676, f_best=-16.561914443969727, f_min=-17.919784108717977
2025-04-30 01:42:54,794 - INFO - Node 3: k=360.82717432594126, f_best=-18.124006271362305, f_min=-19.13923515765873
2025-04-30 01:42:54,794 - INFO - Node 4: k=304.67434281879963, f_best=-16.382118225097656, f_min=-20.392310641782387
2025-04-30 01:42:54,794 - INFO - Node 5: k=333.2178417057073, f_best=-18.132509231567383, f_min=-27.325538593173405
2025-04-30 01:42:54,794 - INFO - Node 6: k=214.17400007879988, f_best=-16.55944061279297, f_min=-17.121421826574988
2025-04-30 01:42:54,795 - INFO - Node 7: k=171.07880327801064, f_best=-18.17268180847168, f_min=-18.924323826538057
2025-04-30 01:42:54,795 - INFO - Node 8: k=237.5754379199697, f_best=-16.532730102539062, f_min=-18.59825436213032
2025-04-30 01:42:54,795 - INFO - Node 9: k=157.98840454959483, f_best=-18.23237419128418, f_min=-19.206123188319907
2025-04-30 01:42:54,795 - INFO - cur_node_number 18,f_best -18.23237419128418,f_min -19.206123188319907,k 157.98840454959483
2025-04-30 01:42:54,795 - INFO - f_best_current -18.23237419128418,f_min -19.206123188319907
2025-04-30 01:43:08,200 - INFO - tree_node.f_best*ep:-18.23237419128418,left_f_best-16.456348419189453,right_f_best-18.13741111755371,i:1
2025-04-30 01:43:22,083 - INFO - tree_node.f_best*ep:-18.23237419128418,left_f_best-16.527503967285156,right_f_best-18.162076950073242,i:2
2025-04-30 01:43:36,632 - INFO - tree_node.f_best*ep:-18.23237419128418,left_f_best-16.457447052001953,right_f_best-18.187929153442383,i:3
2025-04-30 01:43:51,587 - INFO - tree_node.f_best*ep:-18.23237419128418,left_f_best-16.542573928833008,right_f_best-18.183292388916016,i:4
2025-04-30 01:44:07,040 - INFO - tree_node.f_best*ep:-18.23237419128418,left_f_best-16.490814208984375,right_f_best-18.225961685180664,i:5
2025-04-30 01:44:23,168 - INFO - tree_node.f_best*ep:-18.23237419128418,left_f_best-16.53032684326172,right_f_best-18.24095344543457,i:6
2025-04-30 01:45:26,980 - INFO - 添加左子节点，右子节点，len(queue):6
2025-04-30 01:45:26,981 - INFO - Node 1: k=668.9682031057903, f_best=-18.07954978942871, f_min=-26.447486622157157
2025-04-30 01:45:26,981 - INFO - Node 2: k=202.60938483612676, f_best=-16.561914443969727, f_min=-17.919784108717977
2025-04-30 01:45:26,981 - INFO - Node 3: k=360.82717432594126, f_best=-18.124006271362305, f_min=-19.13923515765873
2025-04-30 01:45:26,981 - INFO - Node 4: k=304.67434281879963, f_best=-16.382118225097656, f_min=-20.392310641782387
2025-04-30 01:45:26,981 - INFO - Node 5: k=333.2178417057073, f_best=-18.132509231567383, f_min=-27.325538593173405
2025-04-30 01:45:26,981 - INFO - Node 6: k=214.17400007879988, f_best=-16.55944061279297, f_min=-17.121421826574988
2025-04-30 01:45:26,981 - INFO - Node 7: k=171.07880327801064, f_best=-18.17268180847168, f_min=-18.924323826538057
2025-04-30 01:45:26,981 - INFO - Node 8: k=237.5754379199697, f_best=-16.532730102539062, f_min=-18.59825436213032
2025-04-30 01:45:26,982 - INFO - Node 9: k=157.98840454959483, f_best=-18.23237419128418, f_min=-19.206123188319907
2025-04-30 01:45:26,982 - INFO - Node 10: k=237.5754379199697, f_best=-16.53032684326172, f_min=-16.7691777835189
2025-04-30 01:45:26,982 - INFO - Node 11: k=257.2601560441668, f_best=-18.24095344543457, f_min=-19.57915966818655
2025-04-30 01:45:26,982 - INFO - cur_node_number 19,f_best -18.24095344543457,f_min -19.57915966818655,k 257.2601560441668
2025-04-30 01:45:26,982 - INFO - f_best_current -18.24095344543457,f_min -19.57915966818655
2025-04-30 01:45:26,982 - INFO - 回退,len(queue)=4
2025-04-30 01:45:26,982 - INFO - 回退,len(queue)=3
2025-04-30 01:45:40,691 - INFO - tree_node.f_best*ep:-18.17268180847168,left_f_best-16.443788528442383,right_f_best-18.15740203857422,i:1
2025-04-30 01:45:54,916 - INFO - tree_node.f_best*ep:-18.17268180847168,left_f_best-16.565229415893555,right_f_best-18.133115768432617,i:2
2025-04-30 01:46:09,797 - INFO - tree_node.f_best*ep:-18.17268180847168,left_f_best-16.511430740356445,right_f_best-18.19598960876465,i:3
2025-04-30 01:47:13,722 - INFO - 添加左子节点，右子节点，len(queue):5
2025-04-30 01:47:13,723 - INFO - Node 1: k=668.9682031057903, f_best=-18.07954978942871, f_min=-26.447486622157157
2025-04-30 01:47:13,723 - INFO - Node 2: k=202.60938483612676, f_best=-16.561914443969727, f_min=-17.919784108717977
2025-04-30 01:47:13,723 - INFO - Node 3: k=360.82717432594126, f_best=-18.124006271362305, f_min=-19.13923515765873
2025-04-30 01:47:13,723 - INFO - Node 4: k=304.67434281879963, f_best=-16.382118225097656, f_min=-20.392310641782387
2025-04-30 01:47:13,723 - INFO - Node 5: k=333.2178417057073, f_best=-18.132509231567383, f_min=-27.325538593173405
2025-04-30 01:47:13,723 - INFO - Node 6: k=214.17400007879988, f_best=-16.55944061279297, f_min=-17.121421826574988
2025-04-30 01:47:13,724 - INFO - Node 7: k=257.2601560441668, f_best=-18.17268180847168, f_min=-18.924323826538057
2025-04-30 01:47:13,724 - INFO - Node 8: k=310.7982971094575, f_best=-16.511430740356445, f_min=-22.580138249708398
2025-04-30 01:47:13,724 - INFO - Node 9: k=289.8871830862235, f_best=-18.19598960876465, f_min=-19.601761814121346
2025-04-30 01:47:13,724 - INFO - cur_node_number 20,f_best -18.19598960876465,f_min -19.601761814121346,k 289.8871830862235
2025-04-30 01:47:13,724 - INFO - f_best_current -18.19598960876465,f_min -19.601761814121346
2025-04-30 01:47:13,724 - INFO - 回退,len(queue)=3
2025-04-30 01:47:25,396 - INFO - tree_node.f_best*ep:-18.17268180847168,left_f_best-16.506988525390625,right_f_best-18.16816520690918,i:1
2025-04-30 01:47:37,684 - INFO - tree_node.f_best*ep:-18.17268180847168,left_f_best-16.5241641998291,right_f_best-18.18600082397461,i:2
2025-04-30 01:48:35,398 - INFO - 添加左子节点，右子节点，len(queue):5
2025-04-30 01:48:35,398 - INFO - Node 1: k=668.9682031057903, f_best=-18.07954978942871, f_min=-26.447486622157157
2025-04-30 01:48:35,399 - INFO - Node 2: k=202.60938483612676, f_best=-16.561914443969727, f_min=-17.919784108717977
2025-04-30 01:48:35,399 - INFO - Node 3: k=360.82717432594126, f_best=-18.124006271362305, f_min=-19.13923515765873
2025-04-30 01:48:35,399 - INFO - Node 4: k=304.67434281879963, f_best=-16.382118225097656, f_min=-20.392310641782387
2025-04-30 01:48:35,399 - INFO - Node 5: k=333.2178417057073, f_best=-18.132509231567383, f_min=-27.325538593173405
2025-04-30 01:48:35,399 - INFO - Node 6: k=214.17400007879988, f_best=-16.55944061279297, f_min=-17.121421826574988
2025-04-30 01:48:35,399 - INFO - Node 7: k=289.8871830862235, f_best=-18.17268180847168, f_min=-18.924323826538057
2025-04-30 01:48:35,399 - INFO - Node 8: k=278.5758850633523, f_best=-16.5241641998291, f_min=-19.893337469138714
2025-04-30 01:48:35,399 - INFO - Node 9: k=221.59090030290992, f_best=-18.18600082397461, f_min=-19.63983054880009
2025-04-30 01:48:35,399 - INFO - cur_node_number 21,f_best -18.18600082397461,f_min -19.63983054880009,k 221.59090030290992
2025-04-30 01:48:35,400 - INFO - f_best_current -18.18600082397461,f_min -19.63983054880009
2025-04-30 01:48:47,273 - INFO - tree_node.f_best*ep:-18.18600082397461,left_f_best-16.441438674926758,right_f_best-18.157052993774414,i:1
2025-04-30 01:48:59,590 - INFO - tree_node.f_best*ep:-18.18600082397461,left_f_best-16.540517807006836,right_f_best-18.18191146850586,i:2
2025-04-30 01:49:12,673 - INFO - tree_node.f_best*ep:-18.18600082397461,left_f_best-16.582847595214844,right_f_best-18.134368896484375,i:3
2025-04-30 01:49:26,233 - INFO - tree_node.f_best*ep:-18.18600082397461,left_f_best-16.558483123779297,right_f_best-18.249191284179688,i:4
2025-04-30 01:50:22,137 - INFO - 添加左子节点，右子节点，len(queue):6
2025-04-30 01:50:22,138 - INFO - Node 1: k=668.9682031057903, f_best=-18.07954978942871, f_min=-26.447486622157157
2025-04-30 01:50:22,138 - INFO - Node 2: k=202.60938483612676, f_best=-16.561914443969727, f_min=-17.919784108717977
2025-04-30 01:50:22,138 - INFO - Node 3: k=360.82717432594126, f_best=-18.124006271362305, f_min=-19.13923515765873
2025-04-30 01:50:22,138 - INFO - Node 4: k=304.67434281879963, f_best=-16.382118225097656, f_min=-20.392310641782387
2025-04-30 01:50:22,138 - INFO - Node 5: k=333.2178417057073, f_best=-18.132509231567383, f_min=-27.325538593173405
2025-04-30 01:50:22,138 - INFO - Node 6: k=214.17400007879988, f_best=-16.55944061279297, f_min=-17.121421826574988
2025-04-30 01:50:22,138 - INFO - Node 7: k=289.8871830862235, f_best=-18.17268180847168, f_min=-18.924323826538057
2025-04-30 01:50:22,138 - INFO - Node 8: k=278.5758850633523, f_best=-16.5241641998291, f_min=-19.893337469138714
2025-04-30 01:50:22,139 - INFO - Node 9: k=221.59090030290992, f_best=-18.18600082397461, f_min=-19.63983054880009
2025-04-30 01:50:22,139 - INFO - Node 10: k=230.5883794347183, f_best=-16.558483123779297, f_min=-16.60627919964645
2025-04-30 01:50:22,139 - INFO - Node 11: k=239.95119229916938, f_best=-18.249191284179688, f_min=-18.26657544103182
2025-04-30 01:50:22,139 - INFO - cur_node_number 22,f_best -18.249191284179688,f_min -18.26657544103182,k 239.95119229916938
2025-04-30 01:50:22,139 - INFO - f_best_current -18.249191284179688,f_min -18.26657544103182
2025-04-30 01:50:22,139 - INFO - 结束,fmin= -18.26657544103182, fbestmin=-18.249191284179688
