2025-05-09 22:32:03,368 - INFO - Namespace(log_file='outputs/img3_label3_n40.log', image_path='img[3].png', model_path='network/DNN1.pth', label=3, init_epsilon=0.05, epsilon=0.01, ep=1, min=1, top_n=40)
2025-05-09 22:32:03,376 - INFO - Model output: 3.4356513023376465
2025-05-09 22:32:10,830 - INFO - cur_node_number 1,f_best -0.9719460010528564,f_min -4.40873357507553,k 729.7834942972256
2025-05-09 22:32:10,830 - INFO - f_best_current -0.9719460010528564,f_min -4.40873357507553
2025-05-09 22:32:23,691 - INFO - tree_node.f_best:-0.9719460010528564,left_f_best0.7002851963043213,right_f_best-0.9650121927261353,i:1
2025-05-09 22:32:37,256 - INFO - tree_node.f_best:-0.9719460010528564,left_f_best0.6574402451515198,right_f_best-1.0055131912231445,i:2
2025-05-09 22:32:39,428 - INFO - 添加左子节点，右子节点，len(queue):2
2025-05-09 22:32:39,428 - INFO - Node 1: k=729.7834942972256, f_best=-0.9719460010528564, f_min=-4.40873357507553
2025-05-09 22:32:39,429 - INFO - Node 2: k=142.04293198443196, f_best=0.6574402451515198, f_min=-0.22919239248949452
2025-05-09 22:32:39,429 - INFO - Node 3: k=189.05914247127885, f_best=-1.0055131912231445, f_min=-1.7056390635830212
2025-05-09 22:32:39,429 - INFO - cur_node_number 2,f_best -1.0055131912231445,f_min -1.7056390635830212,k 189.05914247127885
2025-05-09 22:32:39,429 - INFO - f_best_current -1.0055131912231445,f_min -1.7056390635830212
2025-05-09 22:32:52,858 - INFO - tree_node.f_best:-1.0055131912231445,left_f_best0.6833494901657104,right_f_best-0.9805165529251099,i:1
2025-05-09 22:33:06,542 - INFO - tree_node.f_best:-1.0055131912231445,left_f_best0.6614655256271362,right_f_best-1.0049669742584229,i:2
2025-05-09 22:33:20,762 - INFO - tree_node.f_best:-1.0055131912231445,left_f_best0.6585664749145508,right_f_best-1.0253146886825562,i:3
2025-05-09 22:33:23,795 - INFO - 添加左子节点，右子节点，len(queue):3
2025-05-09 22:33:23,795 - INFO - Node 1: k=729.7834942972256, f_best=-0.9719460010528564, f_min=-4.40873357507553
2025-05-09 22:33:23,795 - INFO - Node 2: k=142.04293198443196, f_best=0.6574402451515198, f_min=-0.22919239248949452
2025-05-09 22:33:23,795 - INFO - Node 3: k=189.05914247127885, f_best=-1.0055131912231445, f_min=-1.7056390635830212
2025-05-09 22:33:23,796 - INFO - Node 4: k=189.059142471279, f_best=0.6585664749145508, f_min=-5.34057908939576
2025-05-09 22:33:23,796 - INFO - Node 5: k=490.3707252978515, f_best=-1.0253146886825562, f_min=-4.713834741505707
2025-05-09 22:33:23,796 - INFO - cur_node_number 3,f_best -1.0253146886825562,f_min -4.713834741505707,k 490.3707252978515
2025-05-09 22:33:23,796 - INFO - f_best_current -1.0253146886825562,f_min -4.713834741505707
2025-05-09 22:33:23,796 - INFO - 回退,len(queue)=1
2025-05-09 22:33:36,851 - INFO - tree_node.f_best:-1.0055131912231445,left_f_best0.6754000186920166,right_f_best-0.9566354155540466,i:1
