2025-05-09 22:31:53,040 - INFO - Namespace(log_file='outputs/img3_label3_n10.log', image_path='img[3].png', model_path='network/DNN1.pth', label=3, init_epsilon=0.05, epsilon=0.01, ep=1, min=1, top_n=10)
2025-05-09 22:31:53,047 - INFO - Model output: 3.4356513023376465
2025-05-09 22:31:59,895 - INFO - cur_node_number 1,f_best -0.973405122756958,f_min -2.2987472696768236,k 506.79409326196225
2025-05-09 22:31:59,896 - INFO - f_best_current -0.973405122756958,f_min -2.2987472696768236
2025-05-09 22:32:12,461 - INFO - tree_node.f_best:-0.973405122756958,left_f_best-0.3670562505722046,right_f_best-0.9821823835372925,i:1
2025-05-09 22:32:15,955 - INFO - 添加左子节点，右子节点，len(queue):2
2025-05-09 22:32:15,955 - INFO - Node 1: k=506.79409326196225, f_best=-0.973405122756958, f_min=-2.2987472696768236
2025-05-09 22:32:15,955 - INFO - Node 2: k=405.2650622296293, f_best=-0.3670562505722046, f_min=-2.716409899977407
2025-05-09 22:32:15,955 - INFO - Node 3: k=490.3707252978515, f_best=-0.9821823835372925, f_min=-13.432784290454947
2025-05-09 22:32:15,955 - INFO - cur_node_number 2,f_best -0.9821823835372925,f_min -13.432784290454947,k 490.3707252978515
2025-05-09 22:32:15,955 - INFO - f_best_current -0.9821823835372925,f_min -13.432784290454947
2025-05-09 22:32:29,445 - INFO - tree_node.f_best:-0.9821823835372925,left_f_best-0.2906867265701294,right_f_best-1.0127737522125244,i:1
2025-05-09 22:32:33,453 - INFO - 添加左子节点，右子节点，len(queue):3
2025-05-09 22:32:33,453 - INFO - Node 1: k=506.79409326196225, f_best=-0.973405122756958, f_min=-2.2987472696768236
2025-05-09 22:32:33,453 - INFO - Node 2: k=405.2650622296293, f_best=-0.3670562505722046, f_min=-2.716409899977407
2025-05-09 22:32:33,454 - INFO - Node 3: k=490.3707252978515, f_best=-0.9821823835372925, f_min=-13.432784290454947
2025-05-09 22:32:33,454 - INFO - Node 4: k=593.3485776104011, f_best=-0.2906867265701294, f_min=-2.8131077840535
2025-05-09 22:32:33,454 - INFO - Node 5: k=868.7216524793876, f_best=-1.0127737522125244, f_min=-11.023008059888525
2025-05-09 22:32:33,454 - INFO - cur_node_number 3,f_best -1.0127737522125244,f_min -11.023008059888525,k 868.7216524793876
2025-05-09 22:32:33,454 - INFO - f_best_current -1.0127737522125244,f_min -11.023008059888525
2025-05-09 22:32:33,454 - INFO - 回退,len(queue)=1
2025-05-09 22:32:33,454 - INFO - 回退,len(queue)=0
2025-05-09 22:32:45,768 - INFO - tree_node.f_best:-0.973405122756958,left_f_best-0.3522580862045288,right_f_best-0.9600530862808228,i:1
2025-05-09 22:33:00,265 - INFO - tree_node.f_best:-0.973405122756958,left_f_best-0.3993273377418518,right_f_best-0.9814642071723938,i:2
2025-05-09 22:33:03,943 - INFO - 添加左子节点，右子节点，len(queue):2
2025-05-09 22:33:03,943 - INFO - Node 1: k=868.7216524793876, f_best=-0.973405122756958, f_min=-2.2987472696768236
2025-05-09 22:33:03,943 - INFO - Node 2: k=368.4227838451179, f_best=-0.3993273377418518, f_min=-2.801162116060368
2025-05-09 22:33:03,943 - INFO - Node 3: k=717.9517789085846, f_best=-0.9814642071723938, f_min=-7.5543826880566485
2025-05-09 22:33:03,943 - INFO - cur_node_number 4,f_best -0.9814642071723938,f_min -7.5543826880566485,k 717.9517789085846
2025-05-09 22:33:03,943 - INFO - f_best_current -0.9814642071723938,f_min -7.5543826880566485
2025-05-09 22:33:16,820 - INFO - tree_node.f_best:-0.9814642071723938,left_f_best-0.3728730082511902,right_f_best-0.8755987286567688,i:1
2025-05-09 22:33:30,306 - INFO - tree_node.f_best:-0.9814642071723938,left_f_best-0.40952491760253906,right_f_best-1.0110843181610107,i:2
2025-05-09 22:33:34,124 - INFO - 添加左子节点，右子节点，len(queue):3
2025-05-09 22:33:34,124 - INFO - Node 1: k=868.7216524793876, f_best=-0.973405122756958, f_min=-2.2987472696768236
2025-05-09 22:33:34,124 - INFO - Node 2: k=368.4227838451179, f_best=-0.3993273377418518, f_min=-2.801162116060368
2025-05-09 22:33:34,124 - INFO - Node 3: k=717.9517789085846, f_best=-0.9814642071723938, f_min=-7.5543826880566485
2025-05-09 22:33:34,124 - INFO - Node 4: k=789.7469567994442, f_best=-0.40952491760253906, f_min=-0.5752950579990284
2025-05-09 22:33:34,124 - INFO - Node 5: k=405.2650622296293, f_best=-1.0110843181610107, f_min=-2.055531857794449
2025-05-09 22:33:34,125 - INFO - cur_node_number 5,f_best -1.0110843181610107,f_min -2.055531857794449,k 405.2650622296293
2025-05-09 22:33:34,125 - INFO - f_best_current -1.0110843181610107,f_min -2.055531857794449
2025-05-09 22:33:48,303 - INFO - tree_node.f_best:-1.0110843181610107,left_f_best-0.3656541109085083,right_f_best-0.9474902153015137,i:1
