2025-04-26 19:22:09,633 - INFO - Namespace(log_file='outputs/dnn1/img[4]/min/DNN1img4_label3.log', image_path='img[4].png', model_path='network/SimpleNN14.pth', label=3, init_epsilon=0.05, epsilon=0.01, ep=1, min=1)
2025-04-26 19:22:09,643 - INFO - Model output max(1): torch.return_types.max(
values=tensor([11.6986], grad_fn=<MaxBackward0>),
indices=tensor([4]))
2025-04-26 19:22:13,883 - INFO - cur_node_number 1,f_best -10.298967361450195,f_min -28.07561517036811,k 717.7708023960141
2025-04-26 19:22:13,884 - INFO - f_best_current -10.298967361450195,f_min -28.07561517036811
2025-04-26 19:22:20,664 - INFO - tree_node.f_best*ep:-10.298967361450195,left_f_best-9.571793556213379,right_f_best-10.300843238830566,i:1
2025-04-26 19:22:39,084 - INFO - 添加左子节点，右子节点，len(queue):2
2025-04-26 19:22:39,085 - INFO - Node 1: k=717.7708023960141, f_best=-10.298967361450195, f_min=-28.07561517036811
2025-04-26 19:22:39,085 - INFO - Node 2: k=121.5936675890301, f_best=-9.571793556213379, f_min=-9.705110206370591
2025-04-26 19:22:39,085 - INFO - Node 3: k=119.19779197042457, f_best=-10.300843238830566, f_min=-11.382285840364602
2025-04-26 19:22:39,085 - INFO - cur_node_number 2,f_best -10.300843238830566,f_min -11.382285840364602,k 119.19779197042457
2025-04-26 19:22:39,085 - INFO - f_best_current -10.300843238830566,f_min -11.382285840364602
2025-04-26 19:22:45,698 - INFO - tree_node.f_best*ep:-10.300843238830566,left_f_best-9.571932792663574,right_f_best-10.292888641357422,i:1
2025-04-26 19:22:52,576 - INFO - tree_node.f_best*ep:-10.300843238830566,left_f_best-9.59228801727295,right_f_best-10.279260635375977,i:2
2025-04-26 19:22:59,679 - INFO - tree_node.f_best*ep:-10.300843238830566,left_f_best-9.600828170776367,right_f_best-10.324145317077637,i:3
2025-04-26 19:23:18,496 - INFO - 添加左子节点，右子节点，len(queue):3
2025-04-26 19:23:18,496 - INFO - Node 1: k=717.7708023960141, f_best=-10.298967361450195, f_min=-28.07561517036811
2025-04-26 19:23:18,497 - INFO - Node 2: k=121.5936675890301, f_best=-9.571793556213379, f_min=-9.705110206370591
2025-04-26 19:23:18,497 - INFO - Node 3: k=119.19779197042457, f_best=-10.300843238830566, f_min=-11.382285840364602
2025-04-26 19:23:18,497 - INFO - Node 4: k=78.48208128827487, f_best=-9.600828170776367, f_min=-9.65126275918783
2025-04-26 19:23:18,497 - INFO - Node 5: k=134.3150555287379, f_best=-10.324145317077637, f_min=-10.46919998874364
2025-04-26 19:23:18,497 - INFO - cur_node_number 3,f_best -10.324145317077637,f_min -10.46919998874364,k 134.3150555287379
2025-04-26 19:23:18,497 - INFO - f_best_current -10.324145317077637,f_min -10.46919998874364
2025-04-26 19:23:18,497 - INFO - 回退,len(queue)=1
2025-04-26 19:23:24,990 - INFO - tree_node.f_best*ep:-10.300843238830566,left_f_best-9.574362754821777,right_f_best-10.291337013244629,i:1
2025-04-26 19:23:31,932 - INFO - tree_node.f_best*ep:-10.300843238830566,left_f_best-9.584274291992188,right_f_best-10.304797172546387,i:2
2025-04-26 19:23:54,766 - INFO - 添加左子节点，右子节点，len(queue):3
2025-04-26 19:23:54,766 - INFO - Node 1: k=717.7708023960141, f_best=-10.298967361450195, f_min=-28.07561517036811
2025-04-26 19:23:54,767 - INFO - Node 2: k=121.5936675890301, f_best=-9.571793556213379, f_min=-9.705110206370591
2025-04-26 19:23:54,767 - INFO - Node 3: k=134.3150555287379, f_best=-10.300843238830566, f_min=-11.382285840364602
2025-04-26 19:23:54,767 - INFO - Node 4: k=138.3849360263142, f_best=-9.584274291992188, f_min=-11.312735013681959
2025-04-26 19:23:54,767 - INFO - Node 5: k=184.67523358562497, f_best=-10.304797172546387, f_min=-11.249236245077554
2025-04-26 19:23:54,767 - INFO - cur_node_number 4,f_best -10.304797172546387,f_min -11.249236245077554,k 184.67523358562497
2025-04-26 19:23:54,767 - INFO - f_best_current -10.304797172546387,f_min -11.249236245077554
2025-04-26 19:23:54,767 - INFO - 回退,len(queue)=1
2025-04-26 19:24:04,396 - INFO - tree_node.f_best*ep:-10.300843238830566,left_f_best-9.568461418151855,right_f_best-10.29024887084961,i:1
2025-04-26 19:24:13,549 - INFO - tree_node.f_best*ep:-10.300843238830566,left_f_best-9.586281776428223,right_f_best-10.321584701538086,i:2
2025-04-26 19:24:45,766 - INFO - 添加左子节点，右子节点，len(queue):3
2025-04-26 19:24:45,766 - INFO - Node 1: k=717.7708023960141, f_best=-10.298967361450195, f_min=-28.07561517036811
2025-04-26 19:24:45,766 - INFO - Node 2: k=121.5936675890301, f_best=-9.571793556213379, f_min=-9.705110206370591
2025-04-26 19:24:45,766 - INFO - Node 3: k=184.67523358562497, f_best=-10.300843238830566, f_min=-11.382285840364602
2025-04-26 19:24:45,766 - INFO - Node 4: k=177.4692695885584, f_best=-9.586281776428223, f_min=-11.466947228995195
2025-04-26 19:24:45,766 - INFO - Node 5: k=198.82881590935236, f_best=-10.321584701538086, f_min=-10.79508502536737
2025-04-26 19:24:45,766 - INFO - cur_node_number 5,f_best -10.321584701538086,f_min -10.79508502536737,k 198.82881590935236
2025-04-26 19:24:45,767 - INFO - f_best_current -10.321584701538086,f_min -10.79508502536737
2025-04-26 19:24:45,767 - INFO - 回退,len(queue)=1
2025-04-26 19:24:54,526 - INFO - tree_node.f_best*ep:-10.300843238830566,left_f_best-9.572028160095215,right_f_best-10.296914100646973,i:1
2025-04-26 19:25:01,652 - INFO - tree_node.f_best*ep:-10.300843238830566,left_f_best-9.564431190490723,right_f_best-10.312932014465332,i:2
2025-04-26 19:25:17,043 - INFO - 添加左子节点，右子节点，len(queue):3
2025-04-26 19:25:17,043 - INFO - Node 1: k=717.7708023960141, f_best=-10.298967361450195, f_min=-28.07561517036811
2025-04-26 19:25:17,043 - INFO - Node 2: k=121.5936675890301, f_best=-9.571793556213379, f_min=-9.705110206370591
2025-04-26 19:25:17,043 - INFO - Node 3: k=198.82881590935236, f_best=-10.300843238830566, f_min=-11.382285840364602
2025-04-26 19:25:17,043 - INFO - Node 4: k=65.61237881074919, f_best=-9.564431190490723, f_min=-9.860221022511269
2025-04-26 19:25:17,043 - INFO - Node 5: k=97.68789128577673, f_best=-10.312932014465332, f_min=-10.328878475941565
2025-04-26 19:25:17,044 - INFO - cur_node_number 6,f_best -10.312932014465332,f_min -10.328878475941565,k 97.68789128577673
2025-04-26 19:25:17,044 - INFO - f_best_current -10.312932014465332,f_min -10.328878475941565
2025-04-26 19:25:17,044 - INFO - 结束,fmin= -10.328878475941565, fbestmin=-10.312932014465332
