2025-04-26 19:24:24,072 - INFO - Namespace(log_file='outputs/dnn1/img[4]/min/DNN1img4_label2.log', image_path='img[4].png', model_path='network/SimpleNN14.pth', label=2, init_epsilon=0.05, epsilon=0.01, ep=1, min=1)
2025-04-26 19:24:24,082 - INFO - Model output max(1): torch.return_types.max(
values=tensor([11.6986], grad_fn=<MaxBackward0>),
indices=tensor([4]))
2025-04-26 19:24:28,494 - INFO - cur_node_number 1,f_best -12.166489601135254,f_min -12.593038642899046,k 411.9437571143333
2025-04-26 19:24:28,494 - INFO - f_best_current -12.166489601135254,f_min -12.593038642899046
2025-04-26 19:24:38,636 - INFO - tree_node.f_best*ep:-12.166489601135254,left_f_best-11.60350513458252,right_f_best-12.198086738586426,i:1
2025-04-26 19:25:04,315 - INFO - 添加左子节点，右子节点，len(queue):2
2025-04-26 19:25:04,315 - INFO - Node 1: k=411.9437571143333, f_best=-12.166489601135254, f_min=-12.593038642899046
2025-04-26 19:25:04,315 - INFO - Node 2: k=146.66881784178392, f_best=-11.60350513458252, f_min=-13.077432125874111
2025-04-26 19:25:04,315 - INFO - Node 3: k=145.21665132849893, f_best=-12.198086738586426, f_min=-12.598744870996597
2025-04-26 19:25:04,315 - INFO - cur_node_number 2,f_best -12.198086738586426,f_min -12.598744870996597,k 145.21665132849893
2025-04-26 19:25:04,315 - INFO - f_best_current -12.198086738586426,f_min -12.598744870996597
2025-04-26 19:25:10,911 - INFO - tree_node.f_best*ep:-12.198086738586426,left_f_best-11.620134353637695,right_f_best-12.18061637878418,i:1
2025-04-26 19:25:17,461 - INFO - tree_node.f_best*ep:-12.198086738586426,left_f_best-11.645495414733887,right_f_best-12.205706596374512,i:2
2025-04-26 19:25:38,973 - INFO - 添加左子节点，右子节点，len(queue):3
2025-04-26 19:25:38,974 - INFO - Node 1: k=411.9437571143333, f_best=-12.166489601135254, f_min=-12.593038642899046
2025-04-26 19:25:38,974 - INFO - Node 2: k=146.66881784178392, f_best=-11.60350513458252, f_min=-13.077432125874111
2025-04-26 19:25:38,974 - INFO - Node 3: k=145.21665132849893, f_best=-12.198086738586426, f_min=-12.598744870996597
2025-04-26 19:25:38,974 - INFO - Node 4: k=119.01150359717033, f_best=-11.645495414733887, f_min=-13.479884160115944
2025-04-26 19:25:38,974 - INFO - Node 5: k=162.01362129594017, f_best=-12.205706596374512, f_min=-13.7866557039697
2025-04-26 19:25:38,974 - INFO - cur_node_number 3,f_best -12.205706596374512,f_min -13.7866557039697,k 162.01362129594017
2025-04-26 19:25:38,974 - INFO - f_best_current -12.205706596374512,f_min -13.7866557039697
2025-04-26 19:25:38,974 - INFO - 回退,len(queue)=1
2025-04-26 19:25:46,222 - INFO - tree_node.f_best*ep:-12.198086738586426,left_f_best-11.624055862426758,right_f_best-12.208003044128418,i:1
2025-04-26 19:26:06,705 - INFO - 添加左子节点，右子节点，len(queue):3
2025-04-26 19:26:06,705 - INFO - Node 1: k=411.9437571143333, f_best=-12.166489601135254, f_min=-12.593038642899046
2025-04-26 19:26:06,705 - INFO - Node 2: k=146.66881784178392, f_best=-11.60350513458252, f_min=-13.077432125874111
2025-04-26 19:26:06,705 - INFO - Node 3: k=162.01362129594017, f_best=-12.198086738586426, f_min=-12.598744870996597
2025-04-26 19:26:06,705 - INFO - Node 4: k=154.1504015880011, f_best=-11.624055862426758, f_min=-12.157825347496328
2025-04-26 19:26:06,705 - INFO - Node 5: k=131.46274005188954, f_best=-12.208003044128418, f_min=-12.361959733751064
2025-04-26 19:26:06,705 - INFO - cur_node_number 4,f_best -12.208003044128418,f_min -12.361959733751064,k 131.46274005188954
2025-04-26 19:26:06,706 - INFO - f_best_current -12.208003044128418,f_min -12.361959733751064
2025-04-26 19:26:12,981 - INFO - tree_node.f_best*ep:-12.208003044128418,left_f_best-11.623269081115723,right_f_best-12.186976432800293,i:1
2025-04-26 19:26:19,569 - INFO - tree_node.f_best*ep:-12.208003044128418,left_f_best-11.619919776916504,right_f_best-12.192856788635254,i:2
2025-04-26 19:26:26,712 - INFO - tree_node.f_best*ep:-12.208003044128418,left_f_best-11.6409273147583,right_f_best-12.21854305267334,i:3
2025-04-26 19:26:50,244 - INFO - 添加左子节点，右子节点，len(queue):4
2025-04-26 19:26:50,244 - INFO - Node 1: k=411.9437571143333, f_best=-12.166489601135254, f_min=-12.593038642899046
2025-04-26 19:26:50,244 - INFO - Node 2: k=146.66881784178392, f_best=-11.60350513458252, f_min=-13.077432125874111
2025-04-26 19:26:50,245 - INFO - Node 3: k=162.01362129594017, f_best=-12.198086738586426, f_min=-12.598744870996597
2025-04-26 19:26:50,245 - INFO - Node 4: k=154.1504015880011, f_best=-11.624055862426758, f_min=-12.157825347496328
2025-04-26 19:26:50,245 - INFO - Node 5: k=131.46274005188954, f_best=-12.208003044128418, f_min=-12.361959733751064
2025-04-26 19:26:50,245 - INFO - Node 6: k=178.96383070148747, f_best=-11.6409273147583, f_min=-11.655303174853543
2025-04-26 19:26:50,245 - INFO - Node 7: k=136.80065446358387, f_best=-12.21854305267334, f_min=-12.54530365679966
2025-04-26 19:26:50,245 - INFO - cur_node_number 5,f_best -12.21854305267334,f_min -12.54530365679966,k 136.80065446358387
2025-04-26 19:26:50,245 - INFO - f_best_current -12.21854305267334,f_min -12.54530365679966
2025-04-26 19:26:50,245 - INFO - 回退,len(queue)=2
2025-04-26 19:26:57,229 - INFO - tree_node.f_best*ep:-12.208003044128418,left_f_best-11.624045372009277,right_f_best-12.184759140014648,i:1
2025-04-26 19:27:04,754 - INFO - tree_node.f_best*ep:-12.208003044128418,left_f_best-11.61357593536377,right_f_best-12.197490692138672,i:2
2025-04-26 19:27:12,622 - INFO - tree_node.f_best*ep:-12.208003044128418,left_f_best-11.63586139678955,right_f_best-12.214673042297363,i:3
2025-04-26 19:27:35,311 - INFO - 添加左子节点，右子节点，len(queue):4
2025-04-26 19:27:35,311 - INFO - Node 1: k=411.9437571143333, f_best=-12.166489601135254, f_min=-12.593038642899046
2025-04-26 19:27:35,312 - INFO - Node 2: k=146.66881784178392, f_best=-11.60350513458252, f_min=-13.077432125874111
2025-04-26 19:27:35,312 - INFO - Node 3: k=162.01362129594017, f_best=-12.198086738586426, f_min=-12.598744870996597
2025-04-26 19:27:35,312 - INFO - Node 4: k=154.1504015880011, f_best=-11.624055862426758, f_min=-12.157825347496328
2025-04-26 19:27:35,312 - INFO - Node 5: k=136.80065446358387, f_best=-12.208003044128418, f_min=-12.361959733751064
2025-04-26 19:27:35,312 - INFO - Node 6: k=138.16866100821971, f_best=-11.63586139678955, f_min=-11.727422063340782
2025-04-26 19:27:35,312 - INFO - Node 7: k=170.2779442351285, f_best=-12.214673042297363, f_min=-13.419566448351361
2025-04-26 19:27:35,312 - INFO - cur_node_number 6,f_best -12.214673042297363,f_min -13.419566448351361,k 170.2779442351285
2025-04-26 19:27:35,312 - INFO - f_best_current -12.214673042297363,f_min -13.419566448351361
2025-04-26 19:27:35,313 - INFO - 回退,len(queue)=2
2025-04-26 19:27:35,313 - INFO - 回退,len(queue)=1
2025-04-26 19:27:42,521 - INFO - tree_node.f_best*ep:-12.198086738586426,left_f_best-11.617642402648926,right_f_best-12.192161560058594,i:1
2025-04-26 19:27:49,923 - INFO - tree_node.f_best*ep:-12.198086738586426,left_f_best-11.625890731811523,right_f_best-12.190261840820312,i:2
2025-04-26 19:27:57,939 - INFO - tree_node.f_best*ep:-12.198086738586426,left_f_best-11.621289253234863,right_f_best-12.211204528808594,i:3
2025-04-26 19:28:18,836 - INFO - 添加左子节点，右子节点，len(queue):3
2025-04-26 19:28:18,836 - INFO - Node 1: k=411.9437571143333, f_best=-12.166489601135254, f_min=-12.593038642899046
2025-04-26 19:28:18,836 - INFO - Node 2: k=146.66881784178392, f_best=-11.60350513458252, f_min=-13.077432125874111
2025-04-26 19:28:18,836 - INFO - Node 3: k=170.2779442351285, f_best=-12.198086738586426, f_min=-12.598744870996597
2025-04-26 19:28:18,837 - INFO - Node 4: k=82.35654371952134, f_best=-11.621289253234863, f_min=-11.824169572626943
2025-04-26 19:28:18,837 - INFO - Node 5: k=177.19191158563115, f_best=-12.211204528808594, f_min=-12.944016850875414
2025-04-26 19:28:18,837 - INFO - cur_node_number 7,f_best -12.211204528808594,f_min -12.944016850875414,k 177.19191158563115
2025-04-26 19:28:18,837 - INFO - f_best_current -12.211204528808594,f_min -12.944016850875414
2025-04-26 19:28:18,837 - INFO - 回退,len(queue)=1
2025-04-26 19:28:25,641 - INFO - tree_node.f_best*ep:-12.198086738586426,left_f_best-11.623602867126465,right_f_best-12.19708251953125,i:1
2025-04-26 19:28:33,024 - INFO - tree_node.f_best*ep:-12.198086738586426,left_f_best-11.624983787536621,right_f_best-12.195967674255371,i:2
2025-04-26 19:28:40,863 - INFO - tree_node.f_best*ep:-12.198086738586426,left_f_best-11.629651069641113,right_f_best-12.207554817199707,i:3
2025-04-26 19:29:02,769 - INFO - 添加左子节点，右子节点，len(queue):3
2025-04-26 19:29:02,769 - INFO - Node 1: k=411.9437571143333, f_best=-12.166489601135254, f_min=-12.593038642899046
2025-04-26 19:29:02,769 - INFO - Node 2: k=146.66881784178392, f_best=-11.60350513458252, f_min=-13.077432125874111
2025-04-26 19:29:02,769 - INFO - Node 3: k=177.19191158563115, f_best=-12.198086738586426, f_min=-12.598744870996597
2025-04-26 19:29:02,769 - INFO - Node 4: k=126.33310922171972, f_best=-11.629651069641113, f_min=-13.047378447854499
2025-04-26 19:29:02,769 - INFO - Node 5: k=132.77736745240844, f_best=-12.207554817199707, f_min=-13.89941106904189
2025-04-26 19:29:02,769 - INFO - cur_node_number 8,f_best -12.207554817199707,f_min -13.89941106904189,k 132.77736745240844
2025-04-26 19:29:02,769 - INFO - f_best_current -12.207554817199707,f_min -13.89941106904189
2025-04-26 19:29:09,260 - INFO - tree_node.f_best*ep:-12.207554817199707,left_f_best-11.607728004455566,right_f_best-12.177214622497559,i:1
2025-04-26 19:29:15,920 - INFO - tree_node.f_best*ep:-12.207554817199707,left_f_best-11.6083402633667,right_f_best-12.194621086120605,i:2
2025-04-26 19:29:22,693 - INFO - tree_node.f_best*ep:-12.207554817199707,left_f_best-11.642605781555176,right_f_best-12.201141357421875,i:3
2025-04-26 19:29:29,712 - INFO - tree_node.f_best*ep:-12.207554817199707,left_f_best-11.629620552062988,right_f_best-12.21757984161377,i:4
2025-04-26 19:29:47,306 - INFO - 添加左子节点，右子节点，len(queue):4
2025-04-26 19:29:47,306 - INFO - Node 1: k=411.9437571143333, f_best=-12.166489601135254, f_min=-12.593038642899046
2025-04-26 19:29:47,306 - INFO - Node 2: k=146.66881784178392, f_best=-11.60350513458252, f_min=-13.077432125874111
2025-04-26 19:29:47,306 - INFO - Node 3: k=177.19191158563115, f_best=-12.198086738586426, f_min=-12.598744870996597
2025-04-26 19:29:47,306 - INFO - Node 4: k=126.33310922171972, f_best=-11.629651069641113, f_min=-13.047378447854499
2025-04-26 19:29:47,307 - INFO - Node 5: k=132.77736745240844, f_best=-12.207554817199707, f_min=-13.89941106904189
2025-04-26 19:29:47,307 - INFO - Node 6: k=138.16866100821971, f_best=-11.629620552062988, f_min=-12.65157685084614
2025-04-26 19:29:47,307 - INFO - Node 7: k=111.00417812292395, f_best=-12.21757984161377, f_min=-12.536055569288692
2025-04-26 19:29:47,307 - INFO - cur_node_number 9,f_best -12.21757984161377,f_min -12.536055569288692,k 111.00417812292395
2025-04-26 19:29:47,307 - INFO - f_best_current -12.21757984161377,f_min -12.536055569288692
2025-04-26 19:29:52,984 - INFO - tree_node.f_best*ep:-12.21757984161377,left_f_best-11.626500129699707,right_f_best-12.20346450805664,i:1
2025-04-26 19:29:58,757 - INFO - tree_node.f_best*ep:-12.21757984161377,left_f_best-11.635201454162598,right_f_best-12.194765090942383,i:2
2025-04-26 19:30:04,994 - INFO - tree_node.f_best*ep:-12.21757984161377,left_f_best-11.641167640686035,right_f_best-12.216280937194824,i:3
2025-04-26 19:30:11,515 - INFO - tree_node.f_best*ep:-12.21757984161377,left_f_best-11.627958297729492,right_f_best-12.224296569824219,i:4
2025-04-26 19:30:30,018 - INFO - 添加左子节点，右子节点，len(queue):5
2025-04-26 19:30:30,019 - INFO - Node 1: k=411.9437571143333, f_best=-12.166489601135254, f_min=-12.593038642899046
2025-04-26 19:30:30,019 - INFO - Node 2: k=146.66881784178392, f_best=-11.60350513458252, f_min=-13.077432125874111
2025-04-26 19:30:30,019 - INFO - Node 3: k=177.19191158563115, f_best=-12.198086738586426, f_min=-12.598744870996597
2025-04-26 19:30:30,019 - INFO - Node 4: k=126.33310922171972, f_best=-11.629651069641113, f_min=-13.047378447854499
2025-04-26 19:30:30,019 - INFO - Node 5: k=132.77736745240844, f_best=-12.207554817199707, f_min=-13.89941106904189
2025-04-26 19:30:30,019 - INFO - Node 6: k=138.16866100821971, f_best=-11.629620552062988, f_min=-12.65157685084614
2025-04-26 19:30:30,019 - INFO - Node 7: k=111.00417812292395, f_best=-12.21757984161377, f_min=-12.536055569288692
2025-04-26 19:30:30,019 - INFO - Node 8: k=142.3553096054298, f_best=-11.627958297729492, f_min=-11.668058462892077
2025-04-26 19:30:30,019 - INFO - Node 9: k=157.24882465991993, f_best=-12.224296569824219, f_min=-13.921334869373823
2025-04-26 19:30:30,019 - INFO - cur_node_number 10,f_best -12.224296569824219,f_min -13.921334869373823,k 157.24882465991993
2025-04-26 19:30:30,019 - INFO - f_best_current -12.224296569824219,f_min -13.921334869373823
2025-04-26 19:30:30,020 - INFO - 回退,len(queue)=3
2025-04-26 19:30:30,020 - INFO - 回退,len(queue)=2
2025-04-26 19:30:35,496 - INFO - tree_node.f_best*ep:-12.207554817199707,left_f_best-11.608894348144531,right_f_best-12.184950828552246,i:1
2025-04-26 19:30:41,354 - INFO - tree_node.f_best*ep:-12.207554817199707,left_f_best-11.615557670593262,right_f_best-12.200822830200195,i:2
2025-04-26 19:30:47,565 - INFO - tree_node.f_best*ep:-12.207554817199707,left_f_best-11.631319999694824,right_f_best-12.208908081054688,i:3
2025-04-26 19:31:06,003 - INFO - 添加左子节点，右子节点，len(queue):4
2025-04-26 19:31:06,003 - INFO - Node 1: k=411.9437571143333, f_best=-12.166489601135254, f_min=-12.593038642899046
2025-04-26 19:31:06,003 - INFO - Node 2: k=146.66881784178392, f_best=-11.60350513458252, f_min=-13.077432125874111
2025-04-26 19:31:06,003 - INFO - Node 3: k=177.19191158563115, f_best=-12.198086738586426, f_min=-12.598744870996597
2025-04-26 19:31:06,003 - INFO - Node 4: k=126.33310922171972, f_best=-11.629651069641113, f_min=-13.047378447854499
2025-04-26 19:31:06,003 - INFO - Node 5: k=157.24882465991993, f_best=-12.207554817199707, f_min=-13.89941106904189
2025-04-26 19:31:06,003 - INFO - Node 6: k=220.55358257021814, f_best=-11.631319999694824, f_min=-11.71222416094497
2025-04-26 19:31:06,003 - INFO - Node 7: k=92.80141485831454, f_best=-12.208908081054688, f_min=-14.791368059603883
2025-04-26 19:31:06,003 - INFO - cur_node_number 11,f_best -12.208908081054688,f_min -14.791368059603883,k 92.80141485831454
2025-04-26 19:31:06,003 - INFO - f_best_current -12.208908081054688,f_min -14.791368059603883
2025-04-26 19:31:11,517 - INFO - tree_node.f_best*ep:-12.208908081054688,left_f_best-11.616903305053711,right_f_best-12.193076133728027,i:1
2025-04-26 19:31:17,017 - INFO - tree_node.f_best*ep:-12.208908081054688,left_f_best-11.629399299621582,right_f_best-12.202874183654785,i:2
2025-04-26 19:31:22,807 - INFO - tree_node.f_best*ep:-12.208908081054688,left_f_best-11.61129093170166,right_f_best-12.211243629455566,i:3
2025-04-26 19:31:40,763 - INFO - 添加左子节点，右子节点，len(queue):5
2025-04-26 19:31:40,763 - INFO - Node 1: k=411.9437571143333, f_best=-12.166489601135254, f_min=-12.593038642899046
2025-04-26 19:31:40,763 - INFO - Node 2: k=146.66881784178392, f_best=-11.60350513458252, f_min=-13.077432125874111
2025-04-26 19:31:40,763 - INFO - Node 3: k=177.19191158563115, f_best=-12.198086738586426, f_min=-12.598744870996597
2025-04-26 19:31:40,763 - INFO - Node 4: k=126.33310922171972, f_best=-11.629651069641113, f_min=-13.047378447854499
2025-04-26 19:31:40,764 - INFO - Node 5: k=157.24882465991993, f_best=-12.207554817199707, f_min=-13.89941106904189
2025-04-26 19:31:40,764 - INFO - Node 6: k=220.55358257021814, f_best=-11.631319999694824, f_min=-11.71222416094497
2025-04-26 19:31:40,764 - INFO - Node 7: k=92.80141485831454, f_best=-12.208908081054688, f_min=-14.791368059603883
2025-04-26 19:31:40,764 - INFO - Node 8: k=184.38661373557323, f_best=-11.61129093170166, f_min=-12.293240354079899
2025-04-26 19:31:40,764 - INFO - Node 9: k=132.77736745240844, f_best=-12.211243629455566, f_min=-13.105490926675884
2025-04-26 19:31:40,764 - INFO - cur_node_number 12,f_best -12.211243629455566,f_min -13.105490926675884,k 132.77736745240844
2025-04-26 19:31:40,764 - INFO - f_best_current -12.211243629455566,f_min -13.105490926675884
2025-04-26 19:31:40,764 - INFO - 回退,len(queue)=3
2025-04-26 19:31:46,048 - INFO - tree_node.f_best*ep:-12.208908081054688,left_f_best-11.616093635559082,right_f_best-12.181206703186035,i:1
2025-04-26 19:31:51,594 - INFO - tree_node.f_best*ep:-12.208908081054688,left_f_best-11.62134838104248,right_f_best-12.197319030761719,i:2
2025-04-26 19:31:57,475 - INFO - tree_node.f_best*ep:-12.208908081054688,left_f_best-11.635025024414062,right_f_best-12.218131065368652,i:3
2025-04-26 19:32:13,505 - INFO - 添加左子节点，右子节点，len(queue):5
2025-04-26 19:32:13,505 - INFO - Node 1: k=411.9437571143333, f_best=-12.166489601135254, f_min=-12.593038642899046
2025-04-26 19:32:13,505 - INFO - Node 2: k=146.66881784178392, f_best=-11.60350513458252, f_min=-13.077432125874111
2025-04-26 19:32:13,505 - INFO - Node 3: k=177.19191158563115, f_best=-12.198086738586426, f_min=-12.598744870996597
2025-04-26 19:32:13,505 - INFO - Node 4: k=126.33310922171972, f_best=-11.629651069641113, f_min=-13.047378447854499
2025-04-26 19:32:13,505 - INFO - Node 5: k=157.24882465991993, f_best=-12.207554817199707, f_min=-13.89941106904189
2025-04-26 19:32:13,505 - INFO - Node 6: k=220.55358257021814, f_best=-11.631319999694824, f_min=-11.71222416094497
2025-04-26 19:32:13,505 - INFO - Node 7: k=132.77736745240844, f_best=-12.208908081054688, f_min=-14.791368059603883
2025-04-26 19:32:13,505 - INFO - Node 8: k=109.90512685438014, f_best=-11.635025024414062, f_min=-11.830925841075441
2025-04-26 19:32:13,505 - INFO - Node 9: k=128.8724047170763, f_best=-12.218131065368652, f_min=-12.964980113848469
2025-04-26 19:32:13,506 - INFO - cur_node_number 13,f_best -12.218131065368652,f_min -12.964980113848469,k 128.8724047170763
2025-04-26 19:32:13,506 - INFO - f_best_current -12.218131065368652,f_min -12.964980113848469
2025-04-26 19:32:18,818 - INFO - tree_node.f_best*ep:-12.218131065368652,left_f_best-11.621753692626953,right_f_best-12.180660247802734,i:1
2025-04-26 19:32:24,358 - INFO - tree_node.f_best*ep:-12.218131065368652,left_f_best-11.62185287475586,right_f_best-12.198211669921875,i:2
2025-04-26 19:32:30,298 - INFO - tree_node.f_best*ep:-12.218131065368652,left_f_best-11.641599655151367,right_f_best-12.207378387451172,i:3
2025-04-26 19:32:36,560 - INFO - tree_node.f_best*ep:-12.218131065368652,left_f_best-11.639313697814941,right_f_best-12.218242645263672,i:4
2025-04-26 19:32:53,994 - INFO - 添加左子节点，右子节点，len(queue):6
2025-04-26 19:32:53,994 - INFO - Node 1: k=411.9437571143333, f_best=-12.166489601135254, f_min=-12.593038642899046
2025-04-26 19:32:53,994 - INFO - Node 2: k=146.66881784178392, f_best=-11.60350513458252, f_min=-13.077432125874111
2025-04-26 19:32:53,994 - INFO - Node 3: k=177.19191158563115, f_best=-12.198086738586426, f_min=-12.598744870996597
2025-04-26 19:32:53,995 - INFO - Node 4: k=126.33310922171972, f_best=-11.629651069641113, f_min=-13.047378447854499
2025-04-26 19:32:53,995 - INFO - Node 5: k=157.24882465991993, f_best=-12.207554817199707, f_min=-13.89941106904189
2025-04-26 19:32:53,995 - INFO - Node 6: k=220.55358257021814, f_best=-11.631319999694824, f_min=-11.71222416094497
2025-04-26 19:32:53,995 - INFO - Node 7: k=132.77736745240844, f_best=-12.208908081054688, f_min=-14.791368059603883
2025-04-26 19:32:53,995 - INFO - Node 8: k=109.90512685438014, f_best=-11.635025024414062, f_min=-11.830925841075441
2025-04-26 19:32:53,995 - INFO - Node 9: k=128.8724047170763, f_best=-12.218131065368652, f_min=-12.964980113848469
2025-04-26 19:32:53,995 - INFO - Node 10: k=158.82131290651913, f_best=-11.639313697814941, f_min=-11.850843815137523
2025-04-26 19:32:53,995 - INFO - Node 11: k=134.10514112693252, f_best=-12.218242645263672, f_min=-12.781467705075556
2025-04-26 19:32:53,995 - INFO - cur_node_number 14,f_best -12.218242645263672,f_min -12.781467705075556,k 134.10514112693252
2025-04-26 19:32:53,995 - INFO - f_best_current -12.218242645263672,f_min -12.781467705075556
2025-04-26 19:32:53,995 - INFO - 回退,len(queue)=4
2025-04-26 19:32:53,995 - INFO - 回退,len(queue)=3
2025-04-26 19:32:59,229 - INFO - tree_node.f_best*ep:-12.208908081054688,left_f_best-11.605291366577148,right_f_best-12.18578052520752,i:1
2025-04-26 19:33:04,730 - INFO - tree_node.f_best*ep:-12.208908081054688,left_f_best-11.629054069519043,right_f_best-12.196871757507324,i:2
2025-04-26 19:33:10,592 - INFO - tree_node.f_best*ep:-12.208908081054688,left_f_best-11.637799263000488,right_f_best-12.19991397857666,i:3
2025-04-26 19:33:16,663 - INFO - tree_node.f_best*ep:-12.208908081054688,left_f_best-11.633832931518555,right_f_best-12.213898658752441,i:4
2025-04-26 19:33:33,665 - INFO - 添加左子节点，右子节点，len(queue):5
2025-04-26 19:33:33,665 - INFO - Node 1: k=411.9437571143333, f_best=-12.166489601135254, f_min=-12.593038642899046
2025-04-26 19:33:33,666 - INFO - Node 2: k=146.66881784178392, f_best=-11.60350513458252, f_min=-13.077432125874111
2025-04-26 19:33:33,666 - INFO - Node 3: k=177.19191158563115, f_best=-12.198086738586426, f_min=-12.598744870996597
2025-04-26 19:33:33,666 - INFO - Node 4: k=126.33310922171972, f_best=-11.629651069641113, f_min=-13.047378447854499
2025-04-26 19:33:33,666 - INFO - Node 5: k=157.24882465991993, f_best=-12.207554817199707, f_min=-13.89941106904189
2025-04-26 19:33:33,666 - INFO - Node 6: k=220.55358257021814, f_best=-11.631319999694824, f_min=-11.71222416094497
2025-04-26 19:33:33,666 - INFO - Node 7: k=134.10514112693252, f_best=-12.208908081054688, f_min=-14.791368059603883
2025-04-26 19:33:33,666 - INFO - Node 8: k=158.82131290651913, f_best=-11.633832931518555, f_min=-13.175600237920662
2025-04-26 19:33:33,666 - INFO - Node 9: k=108.8169572815645, f_best=-12.213898658752441, f_min=-13.650755299022421
2025-04-26 19:33:33,666 - INFO - cur_node_number 15,f_best -12.213898658752441,f_min -13.650755299022421,k 108.8169572815645
2025-04-26 19:33:33,666 - INFO - f_best_current -12.213898658752441,f_min -13.650755299022421
2025-04-26 19:33:38,890 - INFO - tree_node.f_best*ep:-12.213898658752441,left_f_best-11.609803199768066,right_f_best-12.189002990722656,i:1
2025-04-26 19:33:44,339 - INFO - tree_node.f_best*ep:-12.213898658752441,left_f_best-11.632500648498535,right_f_best-12.202279090881348,i:2
2025-04-26 19:33:50,055 - INFO - tree_node.f_best*ep:-12.213898658752441,left_f_best-11.633115768432617,right_f_best-12.214159965515137,i:3
2025-04-26 19:34:04,596 - INFO - 添加左子节点，右子节点，len(queue):6
2025-04-26 19:34:04,596 - INFO - Node 1: k=411.9437571143333, f_best=-12.166489601135254, f_min=-12.593038642899046
2025-04-26 19:34:04,596 - INFO - Node 2: k=146.66881784178392, f_best=-11.60350513458252, f_min=-13.077432125874111
2025-04-26 19:34:04,596 - INFO - Node 3: k=177.19191158563115, f_best=-12.198086738586426, f_min=-12.598744870996597
2025-04-26 19:34:04,596 - INFO - Node 4: k=126.33310922171972, f_best=-11.629651069641113, f_min=-13.047378447854499
2025-04-26 19:34:04,596 - INFO - Node 5: k=157.24882465991993, f_best=-12.207554817199707, f_min=-13.89941106904189
2025-04-26 19:34:04,596 - INFO - Node 6: k=220.55358257021814, f_best=-11.631319999694824, f_min=-11.71222416094497
2025-04-26 19:34:04,596 - INFO - Node 7: k=134.10514112693252, f_best=-12.208908081054688, f_min=-14.791368059603883
2025-04-26 19:34:04,596 - INFO - Node 8: k=158.82131290651913, f_best=-11.633832931518555, f_min=-13.175600237920662
2025-04-26 19:34:04,596 - INFO - Node 9: k=108.8169572815645, f_best=-12.213898658752441, f_min=-13.650755299022421
2025-04-26 19:34:04,597 - INFO - Node 10: k=72.36361477168808, f_best=-11.633115768432617, f_min=-12.865045053873473
2025-04-26 19:34:04,597 - INFO - Node 11: k=104.57095709400974, f_best=-12.214159965515137, f_min=-12.410794044059003
2025-04-26 19:34:04,597 - INFO - cur_node_number 16,f_best -12.214159965515137,f_min -12.410794044059003,k 104.57095709400974
2025-04-26 19:34:04,597 - INFO - f_best_current -12.214159965515137,f_min -12.410794044059003
2025-04-26 19:34:09,836 - INFO - tree_node.f_best*ep:-12.214159965515137,left_f_best-11.603163719177246,right_f_best-12.192254066467285,i:1
2025-04-26 19:34:15,293 - INFO - tree_node.f_best*ep:-12.214159965515137,left_f_best-11.622076988220215,right_f_best-12.203004837036133,i:2
2025-04-26 19:34:20,937 - INFO - tree_node.f_best*ep:-12.214159965515137,left_f_best-11.614109992980957,right_f_best-12.214726448059082,i:3
2025-04-26 19:34:36,838 - INFO - 添加左子节点，右子节点，len(queue):7
2025-04-26 19:34:36,838 - INFO - Node 1: k=411.9437571143333, f_best=-12.166489601135254, f_min=-12.593038642899046
2025-04-26 19:34:36,838 - INFO - Node 2: k=146.66881784178392, f_best=-11.60350513458252, f_min=-13.077432125874111
2025-04-26 19:34:36,838 - INFO - Node 3: k=177.19191158563115, f_best=-12.198086738586426, f_min=-12.598744870996597
2025-04-26 19:34:36,838 - INFO - Node 4: k=126.33310922171972, f_best=-11.629651069641113, f_min=-13.047378447854499
2025-04-26 19:34:36,838 - INFO - Node 5: k=157.24882465991993, f_best=-12.207554817199707, f_min=-13.89941106904189
2025-04-26 19:34:36,838 - INFO - Node 6: k=220.55358257021814, f_best=-11.631319999694824, f_min=-11.71222416094497
2025-04-26 19:34:36,838 - INFO - Node 7: k=134.10514112693252, f_best=-12.208908081054688, f_min=-14.791368059603883
2025-04-26 19:34:36,839 - INFO - Node 8: k=158.82131290651913, f_best=-11.633832931518555, f_min=-13.175600237920662
2025-04-26 19:34:36,839 - INFO - Node 9: k=108.8169572815645, f_best=-12.213898658752441, f_min=-13.650755299022421
2025-04-26 19:34:36,839 - INFO - Node 10: k=72.36361477168808, f_best=-11.633115768432617, f_min=-12.865045053873473
2025-04-26 19:34:36,839 - INFO - Node 11: k=104.57095709400974, f_best=-12.214159965515137, f_min=-12.410794044059003
2025-04-26 19:34:36,839 - INFO - Node 12: k=182.56100369858737, f_best=-11.614109992980957, f_min=-12.884736402305862
2025-04-26 19:34:36,839 - INFO - Node 13: k=91.88258896862826, f_best=-12.214726448059082, f_min=-12.294166020168632
2025-04-26 19:34:36,839 - INFO - cur_node_number 17,f_best -12.214726448059082,f_min -12.294166020168632,k 91.88258896862826
2025-04-26 19:34:36,839 - INFO - f_best_current -12.214726448059082,f_min -12.294166020168632
2025-04-26 19:34:36,839 - INFO - 结束,fmin= -12.294166020168632, fbestmin=-12.214726448059082
