2025-04-26 19:22:33,717 - INFO - Namespace(log_file='outputs/dnn1/img[4]/min/DNN1img4_label9.log', image_path='img[4].png', model_path='network/SimpleNN14.pth', label=9, init_epsilon=0.05, epsilon=0.01, ep=1, min=1)
2025-04-26 19:22:33,728 - INFO - Model output max(1): torch.return_types.max(
values=tensor([11.6986], grad_fn=<MaxBackward0>),
indices=tensor([4]))
2025-04-26 19:22:38,989 - INFO - cur_node_number 1,f_best -7.140800476074219,f_min -8.93329434635234,k 1513.2790537747267
2025-04-26 19:22:38,989 - INFO - f_best_current -7.140800476074219,f_min -8.93329434635234
2025-04-26 19:22:46,391 - INFO - tree_node.f_best*ep:-7.140800476074219,left_f_best-5.905615329742432,right_f_best-7.14435338973999,i:1
2025-04-26 19:23:07,702 - INFO - 添加左子节点，右子节点，len(queue):2
2025-04-26 19:23:07,702 - INFO - Node 1: k=1513.2790537747267, f_best=-7.140800476074219, f_min=-8.93329434635234
2025-04-26 19:23:07,702 - INFO - Node 2: k=180.5610722978377, f_best=-5.905615329742432, f_min=-6.116158378627006
2025-04-26 19:23:07,702 - INFO - Node 3: k=215.07394470442125, f_best=-7.14435338973999, f_min=-7.769940994759963
2025-04-26 19:23:07,702 - INFO - cur_node_number 2,f_best -7.14435338973999,f_min -7.769940994759963,k 215.07394470442125
2025-04-26 19:23:07,702 - INFO - f_best_current -7.14435338973999,f_min -7.769940994759963
2025-04-26 19:23:14,308 - INFO - tree_node.f_best*ep:-7.14435338973999,left_f_best-5.894929885864258,right_f_best-7.165712356567383,i:1
2025-04-26 19:23:36,240 - INFO - 添加左子节点，右子节点，len(queue):3
2025-04-26 19:23:36,240 - INFO - Node 1: k=1513.2790537747267, f_best=-7.140800476074219, f_min=-8.93329434635234
2025-04-26 19:23:36,241 - INFO - Node 2: k=180.5610722978377, f_best=-5.905615329742432, f_min=-6.116158378627006
2025-04-26 19:23:36,241 - INFO - Node 3: k=215.07394470442125, f_best=-7.14435338973999, f_min=-7.769940994759963
2025-04-26 19:23:36,241 - INFO - Node 4: k=281.3616439139858, f_best=-5.894929885864258, f_min=-9.52982217774661
2025-04-26 19:23:36,241 - INFO - Node 5: k=247.22195337702652, f_best=-7.165712356567383, f_min=-8.194850713251071
2025-04-26 19:23:36,241 - INFO - cur_node_number 3,f_best -7.165712356567383,f_min -8.194850713251071,k 247.22195337702652
2025-04-26 19:23:36,241 - INFO - f_best_current -7.165712356567383,f_min -8.194850713251071
2025-04-26 19:23:36,241 - INFO - 回退,len(queue)=1
2025-04-26 19:23:42,986 - INFO - tree_node.f_best*ep:-7.14435338973999,left_f_best-5.8917341232299805,right_f_best-7.152815818786621,i:1
2025-04-26 19:24:07,517 - INFO - 添加左子节点，右子节点，len(queue):3
2025-04-26 19:24:07,517 - INFO - Node 1: k=1513.2790537747267, f_best=-7.140800476074219, f_min=-8.93329434635234
2025-04-26 19:24:07,518 - INFO - Node 2: k=180.5610722978377, f_best=-5.905615329742432, f_min=-6.116158378627006
2025-04-26 19:24:07,518 - INFO - Node 3: k=247.22195337702652, f_best=-7.14435338973999, f_min=-7.769940994759963
2025-04-26 19:24:07,518 - INFO - Node 4: k=163.4595832766091, f_best=-5.8917341232299805, f_min=-6.5476933479267245
2025-04-26 19:24:07,518 - INFO - Node 5: k=212.94449970734777, f_best=-7.152815818786621, f_min=-10.594430993658534
2025-04-26 19:24:07,518 - INFO - cur_node_number 4,f_best -7.152815818786621,f_min -10.594430993658534,k 212.94449970734777
2025-04-26 19:24:07,518 - INFO - f_best_current -7.152815818786621,f_min -10.594430993658534
2025-04-26 19:24:16,677 - INFO - tree_node.f_best*ep:-7.152815818786621,left_f_best-5.912297248840332,right_f_best-7.1053361892700195,i:1
2025-04-26 19:24:27,267 - INFO - tree_node.f_best*ep:-7.152815818786621,left_f_best-5.945174694061279,right_f_best-7.179722785949707,i:2
2025-04-26 19:24:55,210 - INFO - 添加左子节点，右子节点，len(queue):4
2025-04-26 19:24:55,210 - INFO - Node 1: k=1513.2790537747267, f_best=-7.140800476074219, f_min=-8.93329434635234
2025-04-26 19:24:55,210 - INFO - Node 2: k=180.5610722978377, f_best=-5.905615329742432, f_min=-6.116158378627006
2025-04-26 19:24:55,210 - INFO - Node 3: k=247.22195337702652, f_best=-7.14435338973999, f_min=-7.769940994759963
2025-04-26 19:24:55,210 - INFO - Node 4: k=163.4595832766091, f_best=-5.8917341232299805, f_min=-6.5476933479267245
2025-04-26 19:24:55,210 - INFO - Node 5: k=212.94449970734777, f_best=-7.152815818786621, f_min=-10.594430993658534
2025-04-26 19:24:55,210 - INFO - Node 6: k=188.97743128976148, f_best=-5.945174694061279, f_min=-6.003249291015891
2025-04-26 19:24:55,211 - INFO - Node 7: k=259.8327576046085, f_best=-7.179722785949707, f_min=-11.126364166340863
2025-04-26 19:24:55,211 - INFO - cur_node_number 5,f_best -7.179722785949707,f_min -11.126364166340863,k 259.8327576046085
2025-04-26 19:24:55,211 - INFO - f_best_current -7.179722785949707,f_min -11.126364166340863
2025-04-26 19:24:55,211 - INFO - 回退,len(queue)=2
2025-04-26 19:24:55,211 - INFO - 回退,len(queue)=1
2025-04-26 19:25:02,062 - INFO - tree_node.f_best*ep:-7.14435338973999,left_f_best-5.911653518676758,right_f_best-7.1719865798950195,i:1
2025-04-26 19:25:23,111 - INFO - 添加左子节点，右子节点，len(queue):3
2025-04-26 19:25:23,111 - INFO - Node 1: k=1513.2790537747267, f_best=-7.140800476074219, f_min=-8.93329434635234
2025-04-26 19:25:23,111 - INFO - Node 2: k=180.5610722978377, f_best=-5.905615329742432, f_min=-6.116158378627006
2025-04-26 19:25:23,111 - INFO - Node 3: k=259.8327576046085, f_best=-7.14435338973999, f_min=-7.769940994759963
2025-04-26 19:25:23,111 - INFO - Node 4: k=249.6941729107968, f_best=-5.911653518676758, f_min=-5.96870559864692
2025-04-26 19:25:23,111 - INFO - Node 5: k=254.7130257863038, f_best=-7.1719865798950195, f_min=-8.030387428734684
2025-04-26 19:25:23,112 - INFO - cur_node_number 6,f_best -7.1719865798950195,f_min -8.030387428734684,k 254.7130257863038
2025-04-26 19:25:23,112 - INFO - f_best_current -7.1719865798950195,f_min -8.030387428734684
2025-04-26 19:25:29,672 - INFO - tree_node.f_best*ep:-7.1719865798950195,left_f_best-5.922567844390869,right_f_best-7.184222221374512,i:1
2025-04-26 19:25:50,553 - INFO - 添加左子节点，右子节点，len(queue):4
2025-04-26 19:25:50,553 - INFO - Node 1: k=1513.2790537747267, f_best=-7.140800476074219, f_min=-8.93329434635234
2025-04-26 19:25:50,553 - INFO - Node 2: k=180.5610722978377, f_best=-5.905615329742432, f_min=-6.116158378627006
2025-04-26 19:25:50,554 - INFO - Node 3: k=259.8327576046085, f_best=-7.14435338973999, f_min=-7.769940994759963
2025-04-26 19:25:50,554 - INFO - Node 4: k=249.6941729107968, f_best=-5.911653518676758, f_min=-5.96870559864692
2025-04-26 19:25:50,554 - INFO - Node 5: k=254.7130257863038, f_best=-7.1719865798950195, f_min=-8.030387428734684
2025-04-26 19:25:50,554 - INFO - Node 6: k=202.60938483612676, f_best=-5.922567844390869, f_min=-6.363110719525139
2025-04-26 19:25:50,554 - INFO - Node 7: k=179.80554160427002, f_best=-7.184222221374512, f_min=-10.953161810501115
2025-04-26 19:25:50,554 - INFO - cur_node_number 7,f_best -7.184222221374512,f_min -10.953161810501115,k 179.80554160427002
2025-04-26 19:25:50,554 - INFO - f_best_current -7.184222221374512,f_min -10.953161810501115
2025-04-26 19:25:56,903 - INFO - tree_node.f_best*ep:-7.184222221374512,left_f_best-5.920356750488281,right_f_best-7.151524543762207,i:1
2025-04-26 19:26:03,452 - INFO - tree_node.f_best*ep:-7.184222221374512,left_f_best-5.934101104736328,right_f_best-7.194789409637451,i:2
2025-04-26 19:26:22,228 - INFO - 添加左子节点，右子节点，len(queue):5
2025-04-26 19:26:22,228 - INFO - Node 1: k=1513.2790537747267, f_best=-7.140800476074219, f_min=-8.93329434635234
2025-04-26 19:26:22,228 - INFO - Node 2: k=180.5610722978377, f_best=-5.905615329742432, f_min=-6.116158378627006
2025-04-26 19:26:22,228 - INFO - Node 3: k=259.8327576046085, f_best=-7.14435338973999, f_min=-7.769940994759963
2025-04-26 19:26:22,228 - INFO - Node 4: k=249.6941729107968, f_best=-5.911653518676758, f_min=-5.96870559864692
2025-04-26 19:26:22,228 - INFO - Node 5: k=254.7130257863038, f_best=-7.1719865798950195, f_min=-8.030387428734684
2025-04-26 19:26:22,229 - INFO - Node 6: k=202.60938483612676, f_best=-5.922567844390869, f_min=-6.363110719525139
2025-04-26 19:26:22,229 - INFO - Node 7: k=179.80554160427002, f_best=-7.184222221374512, f_min=-10.953161810501115
2025-04-26 19:26:22,229 - INFO - Node 8: k=240.95945093860092, f_best=-5.934101104736328, f_min=-5.983105679570144
2025-04-26 19:26:22,229 - INFO - Node 9: k=139.40180812967617, f_best=-7.194789409637451, f_min=-8.507463339470632
2025-04-26 19:26:22,229 - INFO - cur_node_number 8,f_best -7.194789409637451,f_min -8.507463339470632,k 139.40180812967617
2025-04-26 19:26:22,229 - INFO - f_best_current -7.194789409637451,f_min -8.507463339470632
2025-04-26 19:26:29,019 - INFO - tree_node.f_best*ep:-7.194789409637451,left_f_best-5.906516075134277,right_f_best-7.145064830780029,i:1
2025-04-26 19:26:36,539 - INFO - tree_node.f_best*ep:-7.194789409637451,left_f_best-5.931330680847168,right_f_best-7.165750980377197,i:2
2025-04-26 19:26:43,943 - INFO - tree_node.f_best*ep:-7.194789409637451,left_f_best-5.954943656921387,right_f_best-7.221068382263184,i:3
2025-04-26 19:27:04,724 - INFO - 添加左子节点，右子节点，len(queue):6
2025-04-26 19:27:04,725 - INFO - Node 1: k=1513.2790537747267, f_best=-7.140800476074219, f_min=-8.93329434635234
2025-04-26 19:27:04,725 - INFO - Node 2: k=180.5610722978377, f_best=-5.905615329742432, f_min=-6.116158378627006
2025-04-26 19:27:04,725 - INFO - Node 3: k=259.8327576046085, f_best=-7.14435338973999, f_min=-7.769940994759963
2025-04-26 19:27:04,725 - INFO - Node 4: k=249.6941729107968, f_best=-5.911653518676758, f_min=-5.96870559864692
2025-04-26 19:27:04,725 - INFO - Node 5: k=254.7130257863038, f_best=-7.1719865798950195, f_min=-8.030387428734684
2025-04-26 19:27:04,725 - INFO - Node 6: k=202.60938483612676, f_best=-5.922567844390869, f_min=-6.363110719525139
2025-04-26 19:27:04,725 - INFO - Node 7: k=179.80554160427002, f_best=-7.184222221374512, f_min=-10.953161810501115
2025-04-26 19:27:04,725 - INFO - Node 8: k=240.95945093860092, f_best=-5.934101104736328, f_min=-5.983105679570144
2025-04-26 19:27:04,726 - INFO - Node 9: k=139.40180812967617, f_best=-7.194789409637451, f_min=-8.507463339470632
2025-04-26 19:27:04,726 - INFO - Node 10: k=176.26266209613763, f_best=-5.954943656921387, f_min=-8.264155997694616
2025-04-26 19:27:04,726 - INFO - Node 11: k=208.74865180604624, f_best=-7.221068382263184, f_min=-7.525581639736629
2025-04-26 19:27:04,726 - INFO - cur_node_number 9,f_best -7.221068382263184,f_min -7.525581639736629,k 208.74865180604624
2025-04-26 19:27:04,726 - INFO - f_best_current -7.221068382263184,f_min -7.525581639736629
2025-04-26 19:27:04,726 - INFO - 回退,len(queue)=4
2025-04-26 19:27:04,726 - INFO - 回退,len(queue)=3
2025-04-26 19:27:11,950 - INFO - tree_node.f_best*ep:-7.184222221374512,left_f_best-5.91212797164917,right_f_best-7.174355983734131,i:1
2025-04-26 19:27:18,941 - INFO - tree_node.f_best*ep:-7.184222221374512,left_f_best-5.927948474884033,right_f_best-7.165190696716309,i:2
2025-04-26 19:27:26,167 - INFO - tree_node.f_best*ep:-7.184222221374512,left_f_best-5.950619697570801,right_f_best-7.21249532699585,i:3
2025-04-26 19:27:48,027 - INFO - 添加左子节点，右子节点，len(queue):5
2025-04-26 19:27:48,028 - INFO - Node 1: k=1513.2790537747267, f_best=-7.140800476074219, f_min=-8.93329434635234
2025-04-26 19:27:48,028 - INFO - Node 2: k=180.5610722978377, f_best=-5.905615329742432, f_min=-6.116158378627006
2025-04-26 19:27:48,028 - INFO - Node 3: k=259.8327576046085, f_best=-7.14435338973999, f_min=-7.769940994759963
2025-04-26 19:27:48,028 - INFO - Node 4: k=249.6941729107968, f_best=-5.911653518676758, f_min=-5.96870559864692
2025-04-26 19:27:48,028 - INFO - Node 5: k=254.7130257863038, f_best=-7.1719865798950195, f_min=-8.030387428734684
2025-04-26 19:27:48,028 - INFO - Node 6: k=202.60938483612676, f_best=-5.922567844390869, f_min=-6.363110719525139
2025-04-26 19:27:48,028 - INFO - Node 7: k=208.74865180604624, f_best=-7.184222221374512, f_min=-10.953161810501115
2025-04-26 19:27:48,028 - INFO - Node 8: k=215.07394470442125, f_best=-5.950619697570801, f_min=-8.917176431537882
2025-04-26 19:27:48,028 - INFO - Node 9: k=202.60938483612676, f_best=-7.21249532699585, f_min=-9.225894410365072
2025-04-26 19:27:48,029 - INFO - cur_node_number 10,f_best -7.21249532699585,f_min -9.225894410365072,k 202.60938483612676
2025-04-26 19:27:48,029 - INFO - f_best_current -7.21249532699585,f_min -9.225894410365072
2025-04-26 19:27:55,364 - INFO - tree_node.f_best*ep:-7.21249532699585,left_f_best-5.91158390045166,right_f_best-7.180266380310059,i:1
2025-04-26 19:28:02,787 - INFO - tree_node.f_best*ep:-7.21249532699585,left_f_best-5.91588020324707,right_f_best-7.161234378814697,i:2
2025-04-26 19:28:10,202 - INFO - tree_node.f_best*ep:-7.21249532699585,left_f_best-5.915945529937744,right_f_best-7.197432994842529,i:3
2025-04-26 19:28:17,775 - INFO - tree_node.f_best*ep:-7.21249532699585,left_f_best-5.953649044036865,right_f_best-7.215246677398682,i:4
2025-04-26 19:28:36,954 - INFO - 添加左子节点，右子节点，len(queue):6
2025-04-26 19:28:36,954 - INFO - Node 1: k=1513.2790537747267, f_best=-7.140800476074219, f_min=-8.93329434635234
2025-04-26 19:28:36,955 - INFO - Node 2: k=180.5610722978377, f_best=-5.905615329742432, f_min=-6.116158378627006
2025-04-26 19:28:36,955 - INFO - Node 3: k=259.8327576046085, f_best=-7.14435338973999, f_min=-7.769940994759963
2025-04-26 19:28:36,955 - INFO - Node 4: k=249.6941729107968, f_best=-5.911653518676758, f_min=-5.96870559864692
2025-04-26 19:28:36,955 - INFO - Node 5: k=254.7130257863038, f_best=-7.1719865798950195, f_min=-8.030387428734684
2025-04-26 19:28:36,955 - INFO - Node 6: k=202.60938483612676, f_best=-5.922567844390869, f_min=-6.363110719525139
2025-04-26 19:28:36,955 - INFO - Node 7: k=208.74865180604624, f_best=-7.184222221374512, f_min=-10.953161810501115
2025-04-26 19:28:36,955 - INFO - Node 8: k=215.07394470442125, f_best=-5.950619697570801, f_min=-8.917176431537882
2025-04-26 19:28:36,955 - INFO - Node 9: k=202.60938483612676, f_best=-7.21249532699585, f_min=-9.225894410365072
2025-04-26 19:28:36,955 - INFO - Node 10: k=162.77561119585212, f_best=-5.953649044036865, f_min=-7.878094382812378
2025-04-26 19:28:36,956 - INFO - Node 11: k=147.35863735778202, f_best=-7.215246677398682, f_min=-8.347082547038553
2025-04-26 19:28:36,956 - INFO - cur_node_number 11,f_best -7.215246677398682,f_min -8.347082547038553,k 147.35863735778202
2025-04-26 19:28:36,956 - INFO - f_best_current -7.215246677398682,f_min -8.347082547038553
2025-04-26 19:28:44,088 - INFO - tree_node.f_best*ep:-7.215246677398682,left_f_best-5.92311954498291,right_f_best-7.153810977935791,i:1
2025-04-26 19:28:51,254 - INFO - tree_node.f_best*ep:-7.215246677398682,left_f_best-5.936813831329346,right_f_best-7.1837158203125,i:2
2025-04-26 19:28:59,159 - INFO - tree_node.f_best*ep:-7.215246677398682,left_f_best-5.946446418762207,right_f_best-7.169002056121826,i:3
2025-04-26 19:29:06,615 - INFO - tree_node.f_best*ep:-7.215246677398682,left_f_best-5.9525651931762695,right_f_best-7.19155740737915,i:4
2025-04-26 19:29:14,279 - INFO - tree_node.f_best*ep:-7.215246677398682,left_f_best-5.98145866394043,right_f_best-7.238513946533203,i:5
2025-04-26 19:29:32,577 - INFO - 添加左子节点，右子节点，len(queue):7
2025-04-26 19:29:32,578 - INFO - Node 1: k=1513.2790537747267, f_best=-7.140800476074219, f_min=-8.93329434635234
2025-04-26 19:29:32,578 - INFO - Node 2: k=180.5610722978377, f_best=-5.905615329742432, f_min=-6.116158378627006
2025-04-26 19:29:32,578 - INFO - Node 3: k=259.8327576046085, f_best=-7.14435338973999, f_min=-7.769940994759963
2025-04-26 19:29:32,578 - INFO - Node 4: k=249.6941729107968, f_best=-5.911653518676758, f_min=-5.96870559864692
2025-04-26 19:29:32,578 - INFO - Node 5: k=254.7130257863038, f_best=-7.1719865798950195, f_min=-8.030387428734684
2025-04-26 19:29:32,578 - INFO - Node 6: k=202.60938483612676, f_best=-5.922567844390869, f_min=-6.363110719525139
2025-04-26 19:29:32,578 - INFO - Node 7: k=208.74865180604624, f_best=-7.184222221374512, f_min=-10.953161810501115
2025-04-26 19:29:32,578 - INFO - Node 8: k=215.07394470442125, f_best=-5.950619697570801, f_min=-8.917176431537882
2025-04-26 19:29:32,578 - INFO - Node 9: k=202.60938483612676, f_best=-7.21249532699585, f_min=-9.225894410365072
2025-04-26 19:29:32,579 - INFO - Node 10: k=162.77561119585212, f_best=-5.953649044036865, f_min=-7.878094382812378
2025-04-26 19:29:32,579 - INFO - Node 11: k=147.35863735778202, f_best=-7.215246677398682, f_min=-8.347082547038553
2025-04-26 19:29:32,579 - INFO - Node 12: k=179.80554160427002, f_best=-5.98145866394043, f_min=-7.220209141874875
2025-04-26 19:29:32,579 - INFO - Node 13: k=212.94449970734777, f_best=-7.238513946533203, f_min=-7.293781711294287
2025-04-26 19:29:32,579 - INFO - cur_node_number 12,f_best -7.238513946533203,f_min -7.293781711294287,k 212.94449970734777
2025-04-26 19:29:32,579 - INFO - f_best_current -7.238513946533203,f_min -7.293781711294287
2025-04-26 19:29:32,579 - INFO - 结束,fmin= -7.293781711294287, fbestmin=-7.238513946533203
