2025-04-26 19:31:28,908 - INFO - Namespace(log_file='outputs/dnn1/img[4]/min/DNN1img4_label5.log', image_path='img[4].png', model_path='network/SimpleNN14.pth', label=5, init_epsilon=0.05, epsilon=0.01, ep=1, min=1)
2025-04-26 19:31:28,917 - INFO - Model output max(1): torch.return_types.max(
values=tensor([11.6986], grad_fn=<MaxBackward0>),
indices=tensor([4]))
2025-04-26 19:31:32,303 - INFO - cur_node_number 1,f_best -7.726006984710693,f_min -8.586228921678412,k 543.76575939092
2025-04-26 19:31:32,303 - INFO - f_best_current -7.726006984710693,f_min -8.586228921678412
2025-04-26 19:31:37,520 - INFO - tree_node.f_best*ep:-7.726006984710693,left_f_best-6.851651668548584,right_f_best-7.728064060211182,i:1
2025-04-26 19:31:54,911 - INFO - 添加左子节点，右子节点，len(queue):2
2025-04-26 19:31:54,911 - INFO - Node 1: k=543.76575939092, f_best=-7.726006984710693, f_min=-8.586228921678412
2025-04-26 19:31:54,911 - INFO - Node 2: k=108.8169572815645, f_best=-6.851651668548584, f_min=-6.998850276169833
2025-04-26 19:31:54,912 - INFO - Node 3: k=148.13550602020177, f_best=-7.728064060211182, f_min=-10.285562943336117
2025-04-26 19:31:54,912 - INFO - cur_node_number 2,f_best -7.728064060211182,f_min -10.285562943336117,k 148.13550602020177
2025-04-26 19:31:54,912 - INFO - f_best_current -7.728064060211182,f_min -10.285562943336117
2025-04-26 19:32:00,205 - INFO - tree_node.f_best*ep:-7.728064060211182,left_f_best-6.870092391967773,right_f_best-7.720846652984619,i:1
2025-04-26 19:32:05,565 - INFO - tree_node.f_best*ep:-7.728064060211182,left_f_best-6.8633713722229,right_f_best-7.754175662994385,i:2
2025-04-26 19:32:22,705 - INFO - 添加左子节点，右子节点，len(queue):3
2025-04-26 19:32:22,705 - INFO - Node 1: k=543.76575939092, f_best=-7.726006984710693, f_min=-8.586228921678412
2025-04-26 19:32:22,705 - INFO - Node 2: k=108.8169572815645, f_best=-6.851651668548584, f_min=-6.998850276169833
2025-04-26 19:32:22,705 - INFO - Node 3: k=148.13550602020177, f_best=-7.728064060211182, f_min=-10.285562943336117
2025-04-26 19:32:22,706 - INFO - Node 4: k=142.3553096054298, f_best=-6.8633713722229, f_min=-7.589834123238688
2025-04-26 19:32:22,706 - INFO - Node 5: k=128.8724047170763, f_best=-7.754175662994385, f_min=-8.46002477163347
2025-04-26 19:32:22,706 - INFO - cur_node_number 3,f_best -7.754175662994385,f_min -8.46002477163347,k 128.8724047170763
2025-04-26 19:32:22,706 - INFO - f_best_current -7.754175662994385,f_min -8.46002477163347
2025-04-26 19:32:28,127 - INFO - tree_node.f_best*ep:-7.754175662994385,left_f_best-6.835452079772949,right_f_best-7.729372501373291,i:1
2025-04-26 19:32:33,823 - INFO - tree_node.f_best*ep:-7.754175662994385,left_f_best-6.843567371368408,right_f_best-7.734531879425049,i:2
2025-04-26 19:32:39,676 - INFO - tree_node.f_best*ep:-7.754175662994385,left_f_best-6.873364448547363,right_f_best-7.77166223526001,i:3
2025-04-26 19:32:57,120 - INFO - 添加左子节点，右子节点，len(queue):4
2025-04-26 19:32:57,120 - INFO - Node 1: k=543.76575939092, f_best=-7.726006984710693, f_min=-8.586228921678412
2025-04-26 19:32:57,120 - INFO - Node 2: k=108.8169572815645, f_best=-6.851651668548584, f_min=-6.998850276169833
2025-04-26 19:32:57,120 - INFO - Node 3: k=148.13550602020177, f_best=-7.728064060211182, f_min=-10.285562943336117
2025-04-26 19:32:57,120 - INFO - Node 4: k=142.3553096054298, f_best=-6.8633713722229, f_min=-7.589834123238688
2025-04-26 19:32:57,120 - INFO - Node 5: k=128.8724047170763, f_best=-7.754175662994385, f_min=-8.46002477163347
2025-04-26 19:32:57,120 - INFO - Node 6: k=140.94585109448494, f_best=-6.873364448547363, f_min=-7.1334273321463115
2025-04-26 19:32:57,120 - INFO - Node 7: k=173.7005309142546, f_best=-7.77166223526001, f_min=-7.843127561614892
2025-04-26 19:32:57,121 - INFO - cur_node_number 4,f_best -7.77166223526001,f_min -7.843127561614892,k 173.7005309142546
2025-04-26 19:32:57,121 - INFO - f_best_current -7.77166223526001,f_min -7.843127561614892
2025-04-26 19:32:57,121 - INFO - 结束,fmin= -7.843127561614892, fbestmin=-7.77166223526001
