2025-04-29 04:45:29,105 - INFO - Namespace(log_file='outputs/DNN2/img[0]/min/DNN2img0_label9.log', image_path='img[0].png', model_path='network/DNN2.pth', label=9, init_epsilon=0.05, epsilon=0.01, ep=1, min=1)
2025-04-29 04:45:29,105 - INFO - Model output max(1): torch.return_types.max(
values=tensor([22.2606], grad_fn=<MaxBackward0>),
indices=tensor([0]))
2025-04-29 04:45:33,927 - INFO - cur_node_number 1,f_best -5.918813228607178,f_min -7.699311263007985,k 557.4735025881586
2025-04-29 04:45:33,927 - INFO - f_best_current -5.918813228607178,f_min -7.699311263007985
2025-04-29 04:45:41,909 - INFO - tree_node.f_best*ep:-5.918813228607178,left_f_best-4.711564064025879,right_f_best-5.997801303863525,i:1
2025-04-29 04:46:14,630 - INFO - 添加左子节点，右子节点，len(queue):2
2025-04-29 04:46:14,630 - INFO - Node 1: k=557.4735025881586, f_best=-5.918813228607178, f_min=-7.699311263007985
2025-04-29 04:46:14,630 - INFO - Node 2: k=236.58133917486342, f_best=-4.711564064025879, f_min=-4.918148180753633
2025-04-29 04:46:14,630 - INFO - Node 3: k=162.09450109356032, f_best=-5.997801303863525, f_min=-6.640857709986449
2025-04-29 04:46:14,630 - INFO - cur_node_number 2,f_best -5.997801303863525,f_min -6.640857709986449,k 162.09450109356032
2025-04-29 04:46:14,630 - INFO - f_best_current -5.997801303863525,f_min -6.640857709986449
2025-04-29 04:46:23,084 - INFO - tree_node.f_best*ep:-5.997801303863525,left_f_best-4.730794906616211,right_f_best-5.979062557220459,i:1
2025-04-29 04:46:31,765 - INFO - tree_node.f_best*ep:-5.997801303863525,left_f_best-4.7086687088012695,right_f_best-5.967783451080322,i:2
2025-04-29 04:46:40,946 - INFO - tree_node.f_best*ep:-5.997801303863525,left_f_best-4.670369625091553,right_f_best-6.0178446769714355,i:3
2025-04-29 04:47:14,413 - INFO - 添加左子节点，右子节点，len(queue):3
2025-04-29 04:47:14,413 - INFO - Node 1: k=557.4735025881586, f_best=-5.918813228607178, f_min=-7.699311263007985
2025-04-29 04:47:14,413 - INFO - Node 2: k=236.58133917486342, f_best=-4.711564064025879, f_min=-4.918148180753633
2025-04-29 04:47:14,413 - INFO - Node 3: k=162.09450109356032, f_best=-5.997801303863525, f_min=-6.640857709986449
2025-04-29 04:47:14,413 - INFO - Node 4: k=188.1866836058118, f_best=-4.670369625091553, f_min=-5.109557859894267
2025-04-29 04:47:14,413 - INFO - Node 5: k=254.7130257863038, f_best=-6.0178446769714355, f_min=-7.185976332950304
2025-04-29 04:47:14,413 - INFO - cur_node_number 3,f_best -6.0178446769714355,f_min -7.185976332950304,k 254.7130257863038
2025-04-29 04:47:14,413 - INFO - f_best_current -6.0178446769714355,f_min -7.185976332950304
2025-04-29 04:47:14,413 - INFO - 回退,len(queue)=1
2025-04-29 04:47:23,070 - INFO - tree_node.f_best*ep:-5.997801303863525,left_f_best-4.700786113739014,right_f_best-5.944639205932617,i:1
2025-04-29 04:47:31,955 - INFO - tree_node.f_best*ep:-5.997801303863525,left_f_best-4.6700944900512695,right_f_best-5.999176502227783,i:2
2025-04-29 04:48:00,889 - INFO - 添加左子节点，右子节点，len(queue):3
2025-04-29 04:48:00,889 - INFO - Node 1: k=557.4735025881586, f_best=-5.918813228607178, f_min=-7.699311263007985
2025-04-29 04:48:00,889 - INFO - Node 2: k=236.58133917486342, f_best=-4.711564064025879, f_min=-4.918148180753633
2025-04-29 04:48:00,889 - INFO - Node 3: k=254.7130257863038, f_best=-5.997801303863525, f_min=-6.640857709986449
2025-04-29 04:48:00,889 - INFO - Node 4: k=96.06308381681791, f_best=-4.6700944900512695, f_min=-4.974388587374506
2025-04-29 04:48:00,889 - INFO - Node 5: k=190.06855044186992, f_best=-5.999176502227783, f_min=-6.348117987907244
2025-04-29 04:48:00,889 - INFO - cur_node_number 4,f_best -5.999176502227783,f_min -6.348117987907244,k 190.06855044186992
2025-04-29 04:48:00,889 - INFO - f_best_current -5.999176502227783,f_min -6.348117987907244
2025-04-29 04:48:09,468 - INFO - tree_node.f_best*ep:-5.999176502227783,left_f_best-4.751352310180664,right_f_best-5.975205421447754,i:1
2025-04-29 04:48:18,277 - INFO - tree_node.f_best*ep:-5.999176502227783,left_f_best-4.644826412200928,right_f_best-6.0586113929748535,i:2
2025-04-29 04:48:55,124 - INFO - 添加左子节点，右子节点，len(queue):4
2025-04-29 04:48:55,124 - INFO - Node 1: k=557.4735025881586, f_best=-5.918813228607178, f_min=-7.699311263007985
2025-04-29 04:48:55,124 - INFO - Node 2: k=236.58133917486342, f_best=-4.711564064025879, f_min=-4.918148180753633
2025-04-29 04:48:55,124 - INFO - Node 3: k=254.7130257863038, f_best=-5.997801303863525, f_min=-6.640857709986449
2025-04-29 04:48:55,124 - INFO - Node 4: k=96.06308381681791, f_best=-4.6700944900512695, f_min=-4.974388587374506
2025-04-29 04:48:55,124 - INFO - Node 5: k=190.06855044186992, f_best=-5.999176502227783, f_min=-6.348117987907244
2025-04-29 04:48:55,124 - INFO - Node 6: k=196.6506727996253, f_best=-4.644826412200928, f_min=-5.987013906101311
2025-04-29 04:48:55,124 - INFO - Node 7: k=306.4334735696877, f_best=-6.0586113929748535, f_min=-6.103068515352788
2025-04-29 04:48:55,124 - INFO - cur_node_number 5,f_best -6.0586113929748535,f_min -6.103068515352788,k 306.4334735696877
2025-04-29 04:48:55,124 - INFO - f_best_current -6.0586113929748535,f_min -6.103068515352788
2025-04-29 04:48:55,124 - INFO - 结束,fmin= -6.103068515352788, fbestmin=-6.0586113929748535
