2025-04-29 03:52:23,996 - INFO - Namespace(log_file='outputs/DNN2/img[0]/min/DNN2img0_label7.log', image_path='img[0].png', model_path='network/DNN2.pth', label=7, init_epsilon=0.05, epsilon=0.01, ep=1, min=1)
2025-04-29 03:52:24,012 - INFO - Model output max(1): torch.return_types.max(
values=tensor([22.2606], grad_fn=<MaxBackward0>),
indices=tensor([0]))
2025-04-29 03:52:29,819 - INFO - cur_node_number 1,f_best -17.507286071777344,f_min -18.88989639322608,k 890.3966783338068
2025-04-29 03:52:29,819 - INFO - f_best_current -17.507286071777344,f_min -18.88989639322608
2025-04-29 03:52:40,575 - INFO - tree_node.f_best*ep:-17.507286071777344,left_f_best-15.707976341247559,right_f_best-17.477121353149414,i:1
2025-04-29 03:52:51,301 - INFO - tree_node.f_best*ep:-17.507286071777344,left_f_best-15.851128578186035,right_f_best-17.47402572631836,i:2
2025-04-29 03:53:02,721 - INFO - tree_node.f_best*ep:-17.507286071777344,left_f_best-15.746359825134277,right_f_best-17.535606384277344,i:3
2025-04-29 03:53:43,999 - INFO - 添加左子节点，右子节点，len(queue):2
2025-04-29 03:53:43,999 - INFO - Node 1: k=890.3966783338068, f_best=-17.507286071777344, f_min=-18.88989639322608
2025-04-29 03:53:43,999 - INFO - Node 2: k=214.50924604126638, f_best=-15.746359825134277, f_min=-18.98168090454965
2025-04-29 03:53:43,999 - INFO - Node 3: k=359.87978563480164, f_best=-17.535606384277344, f_min=-20.09862767863524
2025-04-29 03:53:43,999 - INFO - cur_node_number 2,f_best -17.535606384277344,f_min -20.09862767863524,k 359.87978563480164
2025-04-29 03:53:43,999 - INFO - f_best_current -17.535606384277344,f_min -20.09862767863524
2025-04-29 03:53:54,312 - INFO - tree_node.f_best*ep:-17.535606384277344,left_f_best-15.801180839538574,right_f_best-17.455568313598633,i:1
2025-04-29 03:54:04,594 - INFO - tree_node.f_best*ep:-17.535606384277344,left_f_best-15.843960762023926,right_f_best-17.53795051574707,i:2
2025-04-29 03:54:44,261 - INFO - 添加左子节点，右子节点，len(queue):3
2025-04-29 03:54:44,261 - INFO - Node 1: k=890.3966783338068, f_best=-17.507286071777344, f_min=-18.88989639322608
2025-04-29 03:54:44,261 - INFO - Node 2: k=214.50924604126638, f_best=-15.746359825134277, f_min=-18.98168090454965
2025-04-29 03:54:44,261 - INFO - Node 3: k=359.87978563480164, f_best=-17.535606384277344, f_min=-20.09862767863524
2025-04-29 03:54:44,261 - INFO - Node 4: k=289.1260546056003, f_best=-15.843960762023926, f_min=-16.944369096567243
2025-04-29 03:54:44,261 - INFO - Node 5: k=316.2129078714794, f_best=-17.53795051574707, f_min=-18.513396309914242
2025-04-29 03:54:44,261 - INFO - cur_node_number 3,f_best -17.53795051574707,f_min -18.513396309914242,k 316.2129078714794
2025-04-29 03:54:44,261 - INFO - f_best_current -17.53795051574707,f_min -18.513396309914242
2025-04-29 03:54:55,391 - INFO - tree_node.f_best*ep:-17.53795051574707,left_f_best-15.773539543151855,right_f_best-17.502994537353516,i:1
2025-04-29 03:55:05,337 - INFO - tree_node.f_best*ep:-17.53795051574707,left_f_best-15.825675010681152,right_f_best-17.507583618164062,i:2
2025-04-29 03:55:15,786 - INFO - tree_node.f_best*ep:-17.53795051574707,left_f_best-15.806534767150879,right_f_best-17.559951782226562,i:3
2025-04-29 03:55:52,126 - INFO - 添加左子节点，右子节点，len(queue):4
2025-04-29 03:55:52,127 - INFO - Node 1: k=890.3966783338068, f_best=-17.507286071777344, f_min=-18.88989639322608
2025-04-29 03:55:52,127 - INFO - Node 2: k=214.50924604126638, f_best=-15.746359825134277, f_min=-18.98168090454965
2025-04-29 03:55:52,127 - INFO - Node 3: k=359.87978563480164, f_best=-17.535606384277344, f_min=-20.09862767863524
2025-04-29 03:55:52,127 - INFO - Node 4: k=289.1260546056003, f_best=-15.843960762023926, f_min=-16.944369096567243
2025-04-29 03:55:52,127 - INFO - Node 5: k=316.2129078714794, f_best=-17.53795051574707, f_min=-18.513396309914242
2025-04-29 03:55:52,127 - INFO - Node 6: k=216.65433850167904, f_best=-15.806534767150879, f_min=-16.80838221009526
2025-04-29 03:55:52,127 - INFO - Node 7: k=227.70588716303203, f_best=-17.559951782226562, f_min=-18.173708274281125
2025-04-29 03:55:52,127 - INFO - cur_node_number 4,f_best -17.559951782226562,f_min -18.173708274281125,k 227.70588716303203
2025-04-29 03:55:52,128 - INFO - f_best_current -17.559951782226562,f_min -18.173708274281125
2025-04-29 03:56:02,799 - INFO - tree_node.f_best*ep:-17.559951782226562,left_f_best-15.814621925354004,right_f_best-17.45119857788086,i:1
2025-04-29 03:56:12,283 - INFO - tree_node.f_best*ep:-17.559951782226562,left_f_best-15.795580863952637,right_f_best-17.511943817138672,i:2
2025-04-29 03:56:23,049 - INFO - tree_node.f_best*ep:-17.559951782226562,left_f_best-15.8333158493042,right_f_best-17.485042572021484,i:3
2025-04-29 03:56:34,562 - INFO - tree_node.f_best*ep:-17.559951782226562,left_f_best-15.867756843566895,right_f_best-17.58403205871582,i:4
2025-04-29 03:57:10,522 - INFO - 添加左子节点，右子节点，len(queue):5
2025-04-29 03:57:10,522 - INFO - Node 1: k=890.3966783338068, f_best=-17.507286071777344, f_min=-18.88989639322608
2025-04-29 03:57:10,522 - INFO - Node 2: k=214.50924604126638, f_best=-15.746359825134277, f_min=-18.98168090454965
2025-04-29 03:57:10,522 - INFO - Node 3: k=359.87978563480164, f_best=-17.535606384277344, f_min=-20.09862767863524
2025-04-29 03:57:10,522 - INFO - Node 4: k=289.1260546056003, f_best=-15.843960762023926, f_min=-16.944369096567243
2025-04-29 03:57:10,522 - INFO - Node 5: k=316.2129078714794, f_best=-17.53795051574707, f_min=-18.513396309914242
2025-04-29 03:57:10,522 - INFO - Node 6: k=216.65433850167904, f_best=-15.806534767150879, f_min=-16.80838221009526
2025-04-29 03:57:10,522 - INFO - Node 7: k=227.70588716303203, f_best=-17.559951782226562, f_min=-18.173708274281125
2025-04-29 03:57:10,522 - INFO - Node 8: k=264.35946595126404, f_best=-15.867756843566895, f_min=-17.26700830558366
2025-04-29 03:57:10,522 - INFO - Node 9: k=208.2005608470402, f_best=-17.58403205871582, f_min=-19.19145202215077
2025-04-29 03:57:10,522 - INFO - cur_node_number 5,f_best -17.58403205871582,f_min -19.19145202215077,k 208.2005608470402
2025-04-29 03:57:10,522 - INFO - f_best_current -17.58403205871582,f_min -19.19145202215077
2025-04-29 03:57:20,072 - INFO - tree_node.f_best*ep:-17.58403205871582,left_f_best-15.721492767333984,right_f_best-17.444515228271484,i:1
2025-04-29 03:57:29,928 - INFO - tree_node.f_best*ep:-17.58403205871582,left_f_best-15.845743179321289,right_f_best-17.480430603027344,i:2
2025-04-29 03:57:39,796 - INFO - tree_node.f_best*ep:-17.58403205871582,left_f_best-15.765076637268066,right_f_best-17.504417419433594,i:3
2025-04-29 03:57:50,069 - INFO - tree_node.f_best*ep:-17.58403205871582,left_f_best-15.844122886657715,right_f_best-17.57688331604004,i:4
2025-04-29 03:58:02,100 - INFO - tree_node.f_best*ep:-17.58403205871582,left_f_best-15.884688377380371,right_f_best-17.568721771240234,i:5
2025-04-29 03:58:14,585 - INFO - tree_node.f_best*ep:-17.58403205871582,left_f_best-15.859845161437988,right_f_best-17.52625274658203,i:6
2025-04-29 03:58:28,319 - INFO - tree_node.f_best*ep:-17.58403205871582,left_f_best-15.937027931213379,right_f_best-17.572229385375977,i:7
2025-04-29 03:58:42,358 - INFO - tree_node.f_best*ep:-17.58403205871582,left_f_best-15.89359188079834,right_f_best-17.579029083251953,i:8
2025-04-29 03:58:56,293 - INFO - tree_node.f_best*ep:-17.58403205871582,left_f_best-15.909794807434082,right_f_best-17.58550453186035,i:9
2025-04-29 03:59:38,444 - INFO - 添加左子节点，右子节点，len(queue):6
2025-04-29 03:59:38,444 - INFO - Node 1: k=890.3966783338068, f_best=-17.507286071777344, f_min=-18.88989639322608
2025-04-29 03:59:38,444 - INFO - Node 2: k=214.50924604126638, f_best=-15.746359825134277, f_min=-18.98168090454965
2025-04-29 03:59:38,444 - INFO - Node 3: k=359.87978563480164, f_best=-17.535606384277344, f_min=-20.09862767863524
2025-04-29 03:59:38,444 - INFO - Node 4: k=289.1260546056003, f_best=-15.843960762023926, f_min=-16.944369096567243
2025-04-29 03:59:38,444 - INFO - Node 5: k=316.2129078714794, f_best=-17.53795051574707, f_min=-18.513396309914242
2025-04-29 03:59:38,444 - INFO - Node 6: k=216.65433850167904, f_best=-15.806534767150879, f_min=-16.80838221009526
2025-04-29 03:59:38,444 - INFO - Node 7: k=227.70588716303203, f_best=-17.559951782226562, f_min=-18.173708274281125
2025-04-29 03:59:38,444 - INFO - Node 8: k=264.35946595126404, f_best=-15.867756843566895, f_min=-17.26700830558366
2025-04-29 03:59:38,444 - INFO - Node 9: k=208.2005608470402, f_best=-17.58403205871582, f_min=-19.19145202215077
2025-04-29 03:59:38,444 - INFO - Node 10: k=325.7944751928931, f_best=-15.909794807434082, f_min=-18.942947621846542
2025-04-29 03:59:38,444 - INFO - Node 11: k=393.5952214855874, f_best=-17.58550453186035, f_min=-19.6462249483302
2025-04-29 03:59:38,444 - INFO - cur_node_number 6,f_best -17.58550453186035,f_min -19.6462249483302,k 393.5952214855874
2025-04-29 03:59:38,444 - INFO - f_best_current -17.58550453186035,f_min -19.6462249483302
2025-04-29 03:59:38,444 - INFO - 回退,len(queue)=4
2025-04-29 03:59:38,444 - INFO - 回退,len(queue)=3
2025-04-29 03:59:38,444 - INFO - 回退,len(queue)=2
2025-04-29 03:59:38,444 - INFO - 回退,len(queue)=1
2025-04-29 03:59:48,022 - INFO - tree_node.f_best*ep:-17.535606384277344,left_f_best-15.790886878967285,right_f_best-17.464351654052734,i:1
2025-04-29 03:59:58,247 - INFO - tree_node.f_best*ep:-17.535606384277344,left_f_best-15.855986595153809,right_f_best-17.442455291748047,i:2
2025-04-29 04:00:10,445 - INFO - tree_node.f_best*ep:-17.535606384277344,left_f_best-15.830954551696777,right_f_best-17.507972717285156,i:3
2025-04-29 04:00:22,256 - INFO - tree_node.f_best*ep:-17.535606384277344,left_f_best-15.807994842529297,right_f_best-17.48453140258789,i:4
2025-04-29 04:00:34,525 - INFO - tree_node.f_best*ep:-17.535606384277344,left_f_best-15.886615753173828,right_f_best-17.585769653320312,i:5
2025-04-29 04:01:15,125 - INFO - 添加左子节点，右子节点，len(queue):3
2025-04-29 04:01:15,125 - INFO - Node 1: k=890.3966783338068, f_best=-17.507286071777344, f_min=-18.88989639322608
2025-04-29 04:01:15,125 - INFO - Node 2: k=214.50924604126638, f_best=-15.746359825134277, f_min=-18.98168090454965
2025-04-29 04:01:15,125 - INFO - Node 3: k=393.5952214855874, f_best=-17.535606384277344, f_min=-20.09862767863524
2025-04-29 04:01:15,125 - INFO - Node 4: k=283.42912911047966, f_best=-15.886615753173828, f_min=-17.270459149096496
2025-04-29 04:01:15,125 - INFO - Node 5: k=385.83984068776334, f_best=-17.585769653320312, f_min=-22.239834205096486
2025-04-29 04:01:15,125 - INFO - cur_node_number 7,f_best -17.585769653320312,f_min -22.239834205096486,k 385.83984068776334
2025-04-29 04:01:15,125 - INFO - f_best_current -17.585769653320312,f_min -22.239834205096486
2025-04-29 04:01:24,779 - INFO - tree_node.f_best*ep:-17.585769653320312,left_f_best-15.762739181518555,right_f_best-17.452970504760742,i:1
2025-04-29 04:01:34,780 - INFO - tree_node.f_best*ep:-17.585769653320312,left_f_best-15.81234073638916,right_f_best-17.519128799438477,i:2
2025-04-29 04:01:45,357 - INFO - tree_node.f_best*ep:-17.585769653320312,left_f_best-15.864492416381836,right_f_best-17.464683532714844,i:3
2025-04-29 04:01:56,287 - INFO - tree_node.f_best*ep:-17.585769653320312,left_f_best-15.893568992614746,right_f_best-17.571823120117188,i:4
2025-04-29 04:02:07,278 - INFO - tree_node.f_best*ep:-17.585769653320312,left_f_best-15.921092987060547,right_f_best-17.569538116455078,i:5
2025-04-29 04:02:18,448 - INFO - tree_node.f_best*ep:-17.585769653320312,left_f_best-15.875435829162598,right_f_best-17.52901840209961,i:6
2025-04-29 04:02:31,059 - INFO - tree_node.f_best*ep:-17.585769653320312,left_f_best-15.924073219299316,right_f_best-17.573444366455078,i:7
2025-04-29 04:02:43,886 - INFO - tree_node.f_best*ep:-17.585769653320312,left_f_best-15.942610740661621,right_f_best-17.599578857421875,i:8
2025-04-29 04:03:20,237 - INFO - 添加左子节点，右子节点，len(queue):4
2025-04-29 04:03:20,237 - INFO - Node 1: k=890.3966783338068, f_best=-17.507286071777344, f_min=-18.88989639322608
2025-04-29 04:03:20,237 - INFO - Node 2: k=214.50924604126638, f_best=-15.746359825134277, f_min=-18.98168090454965
2025-04-29 04:03:20,237 - INFO - Node 3: k=393.5952214855874, f_best=-17.535606384277344, f_min=-20.09862767863524
2025-04-29 04:03:20,237 - INFO - Node 4: k=283.42912911047966, f_best=-15.886615753173828, f_min=-17.270459149096496
2025-04-29 04:03:20,237 - INFO - Node 5: k=385.83984068776334, f_best=-17.585769653320312, f_min=-22.239834205096486
2025-04-29 04:03:20,237 - INFO - Node 6: k=251.52896104667238, f_best=-15.942610740661621, f_min=-16.61748704011552
2025-04-29 04:03:20,237 - INFO - Node 7: k=210.28256645551062, f_best=-17.599578857421875, f_min=-18.466616528401573
2025-04-29 04:03:20,237 - INFO - cur_node_number 8,f_best -17.599578857421875,f_min -18.466616528401573,k 210.28256645551062
2025-04-29 04:03:20,237 - INFO - f_best_current -17.599578857421875,f_min -18.466616528401573
2025-04-29 04:03:30,433 - INFO - tree_node.f_best*ep:-17.599578857421875,left_f_best-15.749953269958496,right_f_best-17.41840934753418,i:1
2025-04-29 04:03:40,706 - INFO - tree_node.f_best*ep:-17.599578857421875,left_f_best-15.804505348205566,right_f_best-17.46417999267578,i:2
2025-04-29 04:03:51,100 - INFO - tree_node.f_best*ep:-17.599578857421875,left_f_best-15.809886932373047,right_f_best-17.484264373779297,i:3
2025-04-29 04:04:01,465 - INFO - tree_node.f_best*ep:-17.599578857421875,left_f_best-15.866178512573242,right_f_best-17.53120994567871,i:4
2025-04-29 04:04:13,373 - INFO - tree_node.f_best*ep:-17.599578857421875,left_f_best-15.91112232208252,right_f_best-17.54003143310547,i:5
2025-04-29 04:04:25,330 - INFO - tree_node.f_best*ep:-17.599578857421875,left_f_best-15.881328582763672,right_f_best-17.596324920654297,i:6
2025-04-29 04:04:37,803 - INFO - tree_node.f_best*ep:-17.599578857421875,left_f_best-15.937169075012207,right_f_best-17.595142364501953,i:7
2025-04-29 04:04:50,609 - INFO - tree_node.f_best*ep:-17.599578857421875,left_f_best-15.943977355957031,right_f_best-17.553791046142578,i:8
2025-04-29 04:05:03,316 - INFO - tree_node.f_best*ep:-17.599578857421875,left_f_best-15.91382122039795,right_f_best-17.531272888183594,i:9
2025-04-29 04:05:17,580 - INFO - tree_node.f_best*ep:-17.599578857421875,left_f_best-15.921360969543457,right_f_best-17.617826461791992,i:10
2025-04-29 04:05:57,295 - INFO - 添加左子节点，右子节点，len(queue):5
2025-04-29 04:05:57,295 - INFO - Node 1: k=890.3966783338068, f_best=-17.507286071777344, f_min=-18.88989639322608
2025-04-29 04:05:57,295 - INFO - Node 2: k=214.50924604126638, f_best=-15.746359825134277, f_min=-18.98168090454965
2025-04-29 04:05:57,295 - INFO - Node 3: k=393.5952214855874, f_best=-17.535606384277344, f_min=-20.09862767863524
2025-04-29 04:05:57,295 - INFO - Node 4: k=283.42912911047966, f_best=-15.886615753173828, f_min=-17.270459149096496
2025-04-29 04:05:57,295 - INFO - Node 5: k=385.83984068776334, f_best=-17.585769653320312, f_min=-22.239834205096486
2025-04-29 04:05:57,295 - INFO - Node 6: k=251.52896104667238, f_best=-15.942610740661621, f_min=-16.61748704011552
2025-04-29 04:05:57,295 - INFO - Node 7: k=210.28256645551062, f_best=-17.599578857421875, f_min=-18.466616528401573
2025-04-29 04:05:57,295 - INFO - Node 8: k=363.47858349114966, f_best=-15.921360969543457, f_min=-24.33495494534509
2025-04-29 04:05:57,295 - INFO - Node 9: k=229.98294603466235, f_best=-17.617826461791992, f_min=-18.57938578424819
2025-04-29 04:05:57,295 - INFO - cur_node_number 9,f_best -17.617826461791992,f_min -18.57938578424819,k 229.98294603466235
2025-04-29 04:05:57,295 - INFO - f_best_current -17.617826461791992,f_min -18.57938578424819
2025-04-29 04:05:57,295 - INFO - 回退,len(queue)=3
2025-04-29 04:06:06,727 - INFO - tree_node.f_best*ep:-17.599578857421875,left_f_best-15.74792766571045,right_f_best-17.471105575561523,i:1
2025-04-29 04:06:16,258 - INFO - tree_node.f_best*ep:-17.599578857421875,left_f_best-15.892160415649414,right_f_best-17.4229679107666,i:2
2025-04-29 04:06:26,273 - INFO - tree_node.f_best*ep:-17.599578857421875,left_f_best-15.886300086975098,right_f_best-17.43775749206543,i:3
2025-04-29 04:06:38,033 - INFO - tree_node.f_best*ep:-17.599578857421875,left_f_best-15.848816871643066,right_f_best-17.51502227783203,i:4
2025-04-29 04:06:49,473 - INFO - tree_node.f_best*ep:-17.599578857421875,left_f_best-15.848040580749512,right_f_best-17.511188507080078,i:5
2025-04-29 04:07:02,636 - INFO - tree_node.f_best*ep:-17.599578857421875,left_f_best-15.902508735656738,right_f_best-17.573333740234375,i:6
2025-04-29 04:07:14,799 - INFO - tree_node.f_best*ep:-17.599578857421875,left_f_best-15.933794975280762,right_f_best-17.550926208496094,i:7
2025-04-29 04:07:28,142 - INFO - tree_node.f_best*ep:-17.599578857421875,left_f_best-15.856156349182129,right_f_best-17.47896957397461,i:8
2025-04-29 04:07:42,283 - INFO - tree_node.f_best*ep:-17.599578857421875,left_f_best-15.880656242370605,right_f_best-17.610225677490234,i:9
2025-04-29 04:08:21,707 - INFO - 添加左子节点，右子节点，len(queue):5
2025-04-29 04:08:21,707 - INFO - Node 1: k=890.3966783338068, f_best=-17.507286071777344, f_min=-18.88989639322608
2025-04-29 04:08:21,707 - INFO - Node 2: k=214.50924604126638, f_best=-15.746359825134277, f_min=-18.98168090454965
2025-04-29 04:08:21,707 - INFO - Node 3: k=393.5952214855874, f_best=-17.535606384277344, f_min=-20.09862767863524
2025-04-29 04:08:21,707 - INFO - Node 4: k=283.42912911047966, f_best=-15.886615753173828, f_min=-17.270459149096496
2025-04-29 04:08:21,707 - INFO - Node 5: k=385.83984068776334, f_best=-17.585769653320312, f_min=-22.239834205096486
2025-04-29 04:08:21,707 - INFO - Node 6: k=251.52896104667238, f_best=-15.942610740661621, f_min=-16.61748704011552
2025-04-29 04:08:21,707 - INFO - Node 7: k=229.98294603466235, f_best=-17.599578857421875, f_min=-18.466616528401573
2025-04-29 04:08:21,707 - INFO - Node 8: k=349.29577437545106, f_best=-15.880656242370605, f_min=-16.08059789856634
2025-04-29 04:08:21,707 - INFO - Node 9: k=241.7143876340361, f_best=-17.610225677490234, f_min=-17.684456555634824
2025-04-29 04:08:21,707 - INFO - cur_node_number 10,f_best -17.610225677490234,f_min -17.684456555634824,k 241.7143876340361
2025-04-29 04:08:21,707 - INFO - f_best_current -17.610225677490234,f_min -17.684456555634824
2025-04-29 04:08:21,707 - INFO - 结束,fmin= -17.684456555634824, fbestmin=-17.610225677490234
