2025-04-29 00:43:02,304 - INFO - Namespace(log_file='outputs/DNN2/img[0]/min/DNN2img0_label1.log', image_path='img[0].png', model_path='network/DNN2.pth', label=1, init_epsilon=0.05, epsilon=0.01, ep=1, min=1)
2025-04-29 00:43:02,318 - INFO - Model output max(1): torch.return_types.max(
values=tensor([22.2606], grad_fn=<MaxBackward0>),
indices=tensor([0]))
2025-04-29 00:43:08,252 - INFO - cur_node_number 1,f_best -25.512128829956055,f_min -26.791721557150595,k 890.3966783338068
2025-04-29 00:43:08,253 - INFO - f_best_current -25.512128829956055,f_min -26.791721557150595
2025-04-29 00:43:17,027 - INFO - tree_node.f_best*ep:-25.512128829956055,left_f_best-23.758508682250977,right_f_best-25.778749465942383,i:1
2025-04-29 00:43:52,964 - INFO - 添加左子节点，右子节点，len(queue):2
2025-04-29 00:43:52,964 - INFO - Node 1: k=890.3966783338068, f_best=-25.512128829956055, f_min=-26.791721557150595
2025-04-29 00:43:52,964 - INFO - Node 2: k=391.94828138443785, f_best=-23.758508682250977, f_min=-25.563155855063087
2025-04-29 00:43:52,964 - INFO - Node 3: k=365.57723855869773, f_best=-25.778749465942383, f_min=-26.63934329644144
2025-04-29 00:43:52,964 - INFO - cur_node_number 2,f_best -25.778749465942383,f_min -26.63934329644144,k 365.57723855869773
2025-04-29 00:43:52,964 - INFO - f_best_current -25.778749465942383,f_min -26.63934329644144
2025-04-29 00:44:01,849 - INFO - tree_node.f_best*ep:-25.778749465942383,left_f_best-23.696147918701172,right_f_best-25.85929298400879,i:1
2025-04-29 00:44:36,147 - INFO - 添加左子节点，右子节点，len(queue):3
2025-04-29 00:44:36,148 - INFO - Node 1: k=890.3966783338068, f_best=-25.512128829956055, f_min=-26.791721557150595
2025-04-29 00:44:36,148 - INFO - Node 2: k=391.94828138443785, f_best=-23.758508682250977, f_min=-25.563155855063087
2025-04-29 00:44:36,148 - INFO - Node 3: k=365.57723855869773, f_best=-25.778749465942383, f_min=-26.63934329644144
2025-04-29 00:44:36,148 - INFO - Node 4: k=260.64682521070483, f_best=-23.696147918701172, f_min=-24.52730823312595
2025-04-29 00:44:36,148 - INFO - Node 5: k=351.312540645214, f_best=-25.85929298400879, f_min=-28.356992251732663
2025-04-29 00:44:36,148 - INFO - cur_node_number 3,f_best -25.85929298400879,f_min -28.356992251732663,k 351.312540645214
2025-04-29 00:44:36,148 - INFO - f_best_current -25.85929298400879,f_min -28.356992251732663
2025-04-29 00:44:46,202 - INFO - tree_node.f_best*ep:-25.85929298400879,left_f_best-23.764909744262695,right_f_best-25.87297248840332,i:1
2025-04-29 00:45:20,724 - INFO - 添加左子节点，右子节点，len(queue):4
2025-04-29 00:45:20,724 - INFO - Node 1: k=890.3966783338068, f_best=-25.512128829956055, f_min=-26.791721557150595
2025-04-29 00:45:20,725 - INFO - Node 2: k=391.94828138443785, f_best=-23.758508682250977, f_min=-25.563155855063087
2025-04-29 00:45:20,725 - INFO - Node 3: k=365.57723855869773, f_best=-25.778749465942383, f_min=-26.63934329644144
2025-04-29 00:45:20,725 - INFO - Node 4: k=260.64682521070483, f_best=-23.696147918701172, f_min=-24.52730823312595
2025-04-29 00:45:20,725 - INFO - Node 5: k=351.312540645214, f_best=-25.85929298400879, f_min=-28.356992251732663
2025-04-29 00:45:20,725 - INFO - Node 6: k=351.312540645214, f_best=-23.764909744262695, f_min=-24.589757759815257
2025-04-29 00:45:20,725 - INFO - Node 7: k=207.32937686404722, f_best=-25.87297248840332, f_min=-26.315923997241953
2025-04-29 00:45:20,725 - INFO - cur_node_number 4,f_best -25.87297248840332,f_min -26.315923997241953,k 207.32937686404722
2025-04-29 00:45:20,726 - INFO - f_best_current -25.87297248840332,f_min -26.315923997241953
2025-04-29 00:45:30,472 - INFO - tree_node.f_best*ep:-25.87297248840332,left_f_best-23.688528060913086,right_f_best-25.84412384033203,i:1
2025-04-29 00:45:40,545 - INFO - tree_node.f_best*ep:-25.87297248840332,left_f_best-23.617263793945312,right_f_best-26.08358383178711,i:2
2025-04-29 00:46:17,105 - INFO - 添加左子节点，右子节点，len(queue):5
2025-04-29 00:46:17,105 - INFO - Node 1: k=890.3966783338068, f_best=-25.512128829956055, f_min=-26.791721557150595
2025-04-29 00:46:17,105 - INFO - Node 2: k=391.94828138443785, f_best=-23.758508682250977, f_min=-25.563155855063087
2025-04-29 00:46:17,105 - INFO - Node 3: k=365.57723855869773, f_best=-25.778749465942383, f_min=-26.63934329644144
2025-04-29 00:46:17,105 - INFO - Node 4: k=260.64682521070483, f_best=-23.696147918701172, f_min=-24.52730823312595
2025-04-29 00:46:17,105 - INFO - Node 5: k=351.312540645214, f_best=-25.85929298400879, f_min=-28.356992251732663
2025-04-29 00:46:17,105 - INFO - Node 6: k=351.312540645214, f_best=-23.764909744262695, f_min=-24.589757759815257
2025-04-29 00:46:17,105 - INFO - Node 7: k=207.32937686404722, f_best=-25.87297248840332, f_min=-26.315923997241953
2025-04-29 00:46:17,106 - INFO - Node 8: k=308.6851901203247, f_best=-23.617263793945312, f_min=-28.535860888025127
2025-04-29 00:46:17,106 - INFO - Node 9: k=395.8677641982822, f_best=-26.08358383178711, f_min=-28.134989742520702
2025-04-29 00:46:17,106 - INFO - cur_node_number 5,f_best -26.08358383178711,f_min -28.134989742520702,k 395.8677641982822
2025-04-29 00:46:17,106 - INFO - f_best_current -26.08358383178711,f_min -28.134989742520702
2025-04-29 00:46:17,106 - INFO - 回退,len(queue)=3
2025-04-29 00:46:17,106 - INFO - 回退,len(queue)=2
2025-04-29 00:46:17,106 - INFO - 回退,len(queue)=1
2025-04-29 00:46:25,893 - INFO - tree_node.f_best*ep:-25.778749465942383,left_f_best-23.613853454589844,right_f_best-25.685632705688477,i:1
2025-04-29 00:46:35,073 - INFO - tree_node.f_best*ep:-25.778749465942383,left_f_best-23.74559783935547,right_f_best-25.81153678894043,i:2
2025-04-29 00:47:10,430 - INFO - 添加左子节点，右子节点，len(queue):3
2025-04-29 00:47:10,430 - INFO - Node 1: k=890.3966783338068, f_best=-25.512128829956055, f_min=-26.791721557150595
2025-04-29 00:47:10,430 - INFO - Node 2: k=391.94828138443785, f_best=-23.758508682250977, f_min=-25.563155855063087
2025-04-29 00:47:10,430 - INFO - Node 3: k=395.8677641982822, f_best=-25.778749465942383, f_min=-26.63934329644144
2025-04-29 00:47:10,431 - INFO - Node 4: k=372.9253410537276, f_best=-23.74559783935547, f_min=-27.46990673880282
2025-04-29 00:47:10,431 - INFO - Node 5: k=247.99651077161934, f_best=-25.81153678894043, f_min=-28.934736655644883
2025-04-29 00:47:10,431 - INFO - cur_node_number 6,f_best -25.81153678894043,f_min -28.934736655644883,k 247.99651077161934
2025-04-29 00:47:10,431 - INFO - f_best_current -25.81153678894043,f_min -28.934736655644883
2025-04-29 00:47:19,829 - INFO - tree_node.f_best*ep:-25.81153678894043,left_f_best-23.70271110534668,right_f_best-25.828718185424805,i:1
2025-04-29 00:47:59,439 - INFO - 添加左子节点，右子节点，len(queue):4
2025-04-29 00:47:59,440 - INFO - Node 1: k=890.3966783338068, f_best=-25.512128829956055, f_min=-26.791721557150595
2025-04-29 00:47:59,440 - INFO - Node 2: k=391.94828138443785, f_best=-23.758508682250977, f_min=-25.563155855063087
2025-04-29 00:47:59,440 - INFO - Node 3: k=395.8677641982822, f_best=-25.778749465942383, f_min=-26.63934329644144
2025-04-29 00:47:59,440 - INFO - Node 4: k=372.9253410537276, f_best=-23.74559783935547, f_min=-27.46990673880282
2025-04-29 00:47:59,440 - INFO - Node 5: k=247.99651077161934, f_best=-25.81153678894043, f_min=-28.934736655644883
2025-04-29 00:47:59,441 - INFO - Node 6: k=403.8247062586677, f_best=-23.70271110534668, f_min=-28.185176067390785
2025-04-29 00:47:59,441 - INFO - Node 7: k=260.64682521070483, f_best=-25.828718185424805, f_min=-27.913173348031705
2025-04-29 00:47:59,441 - INFO - cur_node_number 7,f_best -25.828718185424805,f_min -27.913173348031705,k 260.64682521070483
2025-04-29 00:47:59,441 - INFO - f_best_current -25.828718185424805,f_min -27.913173348031705
2025-04-29 00:47:59,441 - INFO - 回退,len(queue)=2
2025-04-29 00:48:10,719 - INFO - tree_node.f_best*ep:-25.81153678894043,left_f_best-23.6850643157959,right_f_best-25.933570861816406,i:1
2025-04-29 00:48:50,670 - INFO - 添加左子节点，右子节点，len(queue):4
2025-04-29 00:48:50,670 - INFO - Node 1: k=890.3966783338068, f_best=-25.512128829956055, f_min=-26.791721557150595
2025-04-29 00:48:50,670 - INFO - Node 2: k=391.94828138443785, f_best=-23.758508682250977, f_min=-25.563155855063087
2025-04-29 00:48:50,670 - INFO - Node 3: k=395.8677641982822, f_best=-25.778749465942383, f_min=-26.63934329644144
2025-04-29 00:48:50,670 - INFO - Node 4: k=372.9253410537276, f_best=-23.74559783935547, f_min=-27.46990673880282
2025-04-29 00:48:50,670 - INFO - Node 5: k=260.64682521070483, f_best=-25.81153678894043, f_min=-28.934736655644883
2025-04-29 00:48:50,670 - INFO - Node 6: k=209.4026706326877, f_best=-23.6850643157959, f_min=-27.443320820035296
2025-04-29 00:48:50,670 - INFO - Node 7: k=403.8247062586677, f_best=-25.933570861816406, f_min=-26.71136124077202
2025-04-29 00:48:50,670 - INFO - cur_node_number 8,f_best -25.933570861816406,f_min -26.71136124077202,k 403.8247062586677
2025-04-29 00:48:50,670 - INFO - f_best_current -25.933570861816406,f_min -26.71136124077202
2025-04-29 00:48:50,670 - INFO - 回退,len(queue)=2
2025-04-29 00:48:50,670 - INFO - 回退,len(queue)=1
2025-04-29 00:49:02,132 - INFO - tree_node.f_best*ep:-25.778749465942383,left_f_best-23.620227813720703,right_f_best-25.846830368041992,i:1
2025-04-29 00:49:42,991 - INFO - 添加左子节点，右子节点，len(queue):3
2025-04-29 00:49:42,991 - INFO - Node 1: k=890.3966783338068, f_best=-25.512128829956055, f_min=-26.791721557150595
2025-04-29 00:49:42,991 - INFO - Node 2: k=391.94828138443785, f_best=-23.758508682250977, f_min=-25.563155855063087
2025-04-29 00:49:42,991 - INFO - Node 3: k=403.8247062586677, f_best=-25.778749465942383, f_min=-26.63934329644144
2025-04-29 00:49:42,991 - INFO - Node 4: k=276.68185715133995, f_best=-23.620227813720703, f_min=-24.204808208476607
2025-04-29 00:49:42,991 - INFO - Node 5: k=351.312540645214, f_best=-25.846830368041992, f_min=-27.960177583054246
2025-04-29 00:49:42,991 - INFO - cur_node_number 9,f_best -25.846830368041992,f_min -27.960177583054246,k 351.312540645214
2025-04-29 00:49:42,991 - INFO - f_best_current -25.846830368041992,f_min -27.960177583054246
2025-04-29 00:49:54,210 - INFO - tree_node.f_best*ep:-25.846830368041992,left_f_best-23.65723419189453,right_f_best-25.880352020263672,i:1
2025-04-29 00:50:34,901 - INFO - 添加左子节点，右子节点，len(queue):4
2025-04-29 00:50:34,901 - INFO - Node 1: k=890.3966783338068, f_best=-25.512128829956055, f_min=-26.791721557150595
2025-04-29 00:50:34,901 - INFO - Node 2: k=391.94828138443785, f_best=-23.758508682250977, f_min=-25.563155855063087
2025-04-29 00:50:34,901 - INFO - Node 3: k=403.8247062586677, f_best=-25.778749465942383, f_min=-26.63934329644144
2025-04-29 00:50:34,901 - INFO - Node 4: k=276.68185715133995, f_best=-23.620227813720703, f_min=-24.204808208476607
2025-04-29 00:50:34,901 - INFO - Node 5: k=351.312540645214, f_best=-25.846830368041992, f_min=-27.960177583054246
2025-04-29 00:50:34,901 - INFO - Node 6: k=282.2431624800819, f_best=-23.65723419189453, f_min=-25.02056640844785
2025-04-29 00:50:34,901 - INFO - Node 7: k=318.0386600661607, f_best=-25.880352020263672, f_min=-33.91401236930869
2025-04-29 00:50:34,901 - INFO - cur_node_number 10,f_best -25.880352020263672,f_min -33.91401236930869,k 318.0386600661607
2025-04-29 00:50:34,901 - INFO - f_best_current -25.880352020263672,f_min -33.91401236930869
2025-04-29 00:50:46,056 - INFO - tree_node.f_best*ep:-25.880352020263672,left_f_best-23.72675895690918,right_f_best-25.81221580505371,i:1
2025-04-29 00:50:57,860 - INFO - tree_node.f_best*ep:-25.880352020263672,left_f_best-23.748489379882812,right_f_best-25.955093383789062,i:2
2025-04-29 00:51:44,533 - INFO - 添加左子节点，右子节点，len(queue):5
2025-04-29 00:51:44,533 - INFO - Node 1: k=890.3966783338068, f_best=-25.512128829956055, f_min=-26.791721557150595
2025-04-29 00:51:44,533 - INFO - Node 2: k=391.94828138443785, f_best=-23.758508682250977, f_min=-25.563155855063087
2025-04-29 00:51:44,533 - INFO - Node 3: k=403.8247062586677, f_best=-25.778749465942383, f_min=-26.63934329644144
2025-04-29 00:51:44,533 - INFO - Node 4: k=276.68185715133995, f_best=-23.620227813720703, f_min=-24.204808208476607
2025-04-29 00:51:44,533 - INFO - Node 5: k=351.312540645214, f_best=-25.846830368041992, f_min=-27.960177583054246
2025-04-29 00:51:44,533 - INFO - Node 6: k=282.2431624800819, f_best=-23.65723419189453, f_min=-25.02056640844785
2025-04-29 00:51:44,537 - INFO - Node 7: k=318.0386600661607, f_best=-25.880352020263672, f_min=-33.91401236930869
2025-04-29 00:51:44,537 - INFO - Node 8: k=528.2870659306112, f_best=-23.748489379882812, f_min=-27.869259547522233
2025-04-29 00:51:44,537 - INFO - Node 9: k=372.9253410537276, f_best=-25.955093383789062, f_min=-30.143820323030013
2025-04-29 00:51:44,537 - INFO - cur_node_number 11,f_best -25.955093383789062,f_min -30.143820323030013,k 372.9253410537276
2025-04-29 00:51:44,537 - INFO - f_best_current -25.955093383789062,f_min -30.143820323030013
2025-04-29 00:51:44,537 - INFO - 回退,len(queue)=3
2025-04-29 00:51:44,537 - INFO - 回退,len(queue)=2
2025-04-29 00:51:55,961 - INFO - tree_node.f_best*ep:-25.846830368041992,left_f_best-23.696292877197266,right_f_best-25.866853713989258,i:1
2025-04-29 00:52:39,273 - INFO - 添加左子节点，右子节点，len(queue):4
2025-04-29 00:52:39,273 - INFO - Node 1: k=890.3966783338068, f_best=-25.512128829956055, f_min=-26.791721557150595
2025-04-29 00:52:39,273 - INFO - Node 2: k=391.94828138443785, f_best=-23.758508682250977, f_min=-25.563155855063087
2025-04-29 00:52:39,273 - INFO - Node 3: k=403.8247062586677, f_best=-25.778749465942383, f_min=-26.63934329644144
2025-04-29 00:52:39,273 - INFO - Node 4: k=276.68185715133995, f_best=-23.620227813720703, f_min=-24.204808208476607
2025-04-29 00:52:39,273 - INFO - Node 5: k=372.9253410537276, f_best=-25.846830368041992, f_min=-27.960177583054246
2025-04-29 00:52:39,273 - INFO - Node 6: k=299.606804341959, f_best=-23.696292877197266, f_min=-25.174262678065134
2025-04-29 00:52:39,273 - INFO - Node 7: k=411.9415828544669, f_best=-25.866853713989258, f_min=-29.51943737385045
2025-04-29 00:52:39,273 - INFO - cur_node_number 12,f_best -25.866853713989258,f_min -29.51943737385045,k 411.9415828544669
2025-04-29 00:52:39,273 - INFO - f_best_current -25.866853713989258,f_min -29.51943737385045
2025-04-29 00:52:39,273 - INFO - 回退,len(queue)=2
2025-04-29 00:52:39,273 - INFO - 回退,len(queue)=1
2025-04-29 00:52:50,780 - INFO - tree_node.f_best*ep:-25.778749465942383,left_f_best-23.740535736083984,right_f_best-25.82973289489746,i:1
2025-04-29 00:53:36,255 - INFO - 添加左子节点，右子节点，len(queue):3
2025-04-29 00:53:36,258 - INFO - Node 1: k=890.3966783338068, f_best=-25.512128829956055, f_min=-26.791721557150595
2025-04-29 00:53:36,258 - INFO - Node 2: k=391.94828138443785, f_best=-23.758508682250977, f_min=-25.563155855063087
2025-04-29 00:53:36,258 - INFO - Node 3: k=411.9415828544669, f_best=-25.778749465942383, f_min=-26.63934329644144
2025-04-29 00:53:36,258 - INFO - Node 4: k=407.86295332125434, f_best=-23.740535736083984, f_min=-29.94992388499304
2025-04-29 00:53:36,258 - INFO - Node 5: k=473.51622685149925, f_best=-25.82973289489746, f_min=-34.26220067379472
2025-04-29 00:53:36,258 - INFO - cur_node_number 13,f_best -25.82973289489746,f_min -34.26220067379472,k 473.51622685149925
2025-04-29 00:53:36,259 - INFO - f_best_current -25.82973289489746,f_min -34.26220067379472
2025-04-29 00:53:36,259 - INFO - 回退,len(queue)=1
2025-04-29 00:53:47,368 - INFO - tree_node.f_best*ep:-25.778749465942383,left_f_best-23.711061477661133,right_f_best-25.867799758911133,i:1
2025-04-29 00:54:33,127 - INFO - 添加左子节点，右子节点，len(queue):3
2025-04-29 00:54:33,127 - INFO - Node 1: k=890.3966783338068, f_best=-25.512128829956055, f_min=-26.791721557150595
2025-04-29 00:54:33,127 - INFO - Node 2: k=391.94828138443785, f_best=-23.758508682250977, f_min=-25.563155855063087
2025-04-29 00:54:33,127 - INFO - Node 3: k=473.51622685149925, f_best=-25.778749465942383, f_min=-26.63934329644144
2025-04-29 00:54:33,127 - INFO - Node 4: k=432.9547436341466, f_best=-23.711061477661133, f_min=-23.75259033483053
2025-04-29 00:54:33,132 - INFO - Node 5: k=361.95766193930467, f_best=-25.867799758911133, f_min=-28.42232150711243
2025-04-29 00:54:33,132 - INFO - cur_node_number 14,f_best -25.867799758911133,f_min -28.42232150711243,k 361.95766193930467
2025-04-29 00:54:33,132 - INFO - f_best_current -25.867799758911133,f_min -28.42232150711243
2025-04-29 00:54:44,618 - INFO - tree_node.f_best*ep:-25.867799758911133,left_f_best-23.734928131103516,right_f_best-25.8361759185791,i:1
2025-04-29 00:54:56,459 - INFO - tree_node.f_best*ep:-25.867799758911133,left_f_best-23.797399520874023,right_f_best-25.90575408935547,i:2
2025-04-29 00:55:40,348 - INFO - 添加左子节点，右子节点，len(queue):4
2025-04-29 00:55:40,356 - INFO - Node 1: k=890.3966783338068, f_best=-25.512128829956055, f_min=-26.791721557150595
2025-04-29 00:55:40,356 - INFO - Node 2: k=391.94828138443785, f_best=-23.758508682250977, f_min=-25.563155855063087
2025-04-29 00:55:40,356 - INFO - Node 3: k=473.51622685149925, f_best=-25.778749465942383, f_min=-26.63934329644144
2025-04-29 00:55:40,356 - INFO - Node 4: k=432.9547436341466, f_best=-23.711061477661133, f_min=-23.75259033483053
2025-04-29 00:55:40,356 - INFO - Node 5: k=361.95766193930467, f_best=-25.867799758911133, f_min=-28.42232150711243
2025-04-29 00:55:40,357 - INFO - Node 6: k=351.312540645214, f_best=-23.797399520874023, f_min=-27.83785531510148
2025-04-29 00:55:40,357 - INFO - Node 7: k=380.42114040890755, f_best=-25.90575408935547, f_min=-29.41974988466245
2025-04-29 00:55:40,357 - INFO - cur_node_number 15,f_best -25.90575408935547,f_min -29.41974988466245,k 380.42114040890755
2025-04-29 00:55:40,357 - INFO - f_best_current -25.90575408935547,f_min -29.41974988466245
2025-04-29 00:55:40,357 - INFO - 回退,len(queue)=2
2025-04-29 00:55:51,542 - INFO - tree_node.f_best*ep:-25.867799758911133,left_f_best-23.646120071411133,right_f_best-25.919960021972656,i:1
2025-04-29 00:56:31,279 - INFO - 添加左子节点，右子节点，len(queue):4
2025-04-29 00:56:31,279 - INFO - Node 1: k=890.3966783338068, f_best=-25.512128829956055, f_min=-26.791721557150595
2025-04-29 00:56:31,279 - INFO - Node 2: k=391.94828138443785, f_best=-23.758508682250977, f_min=-25.563155855063087
2025-04-29 00:56:31,279 - INFO - Node 3: k=473.51622685149925, f_best=-25.778749465942383, f_min=-26.63934329644144
2025-04-29 00:56:31,279 - INFO - Node 4: k=432.9547436341466, f_best=-23.711061477661133, f_min=-23.75259033483053
2025-04-29 00:56:31,279 - INFO - Node 5: k=380.42114040890755, f_best=-25.867799758911133, f_min=-28.42232150711243
2025-04-29 00:56:31,279 - INFO - Node 6: k=321.2190466668223, f_best=-23.646120071411133, f_min=-27.471000840005217
2025-04-29 00:56:31,279 - INFO - Node 7: k=245.54109977388055, f_best=-25.919960021972656, f_min=-27.01543808905444
2025-04-29 00:56:31,279 - INFO - cur_node_number 16,f_best -25.919960021972656,f_min -27.01543808905444,k 245.54109977388055
2025-04-29 00:56:31,279 - INFO - f_best_current -25.919960021972656,f_min -27.01543808905444
2025-04-29 00:56:42,693 - INFO - tree_node.f_best*ep:-25.919960021972656,left_f_best-23.683269500732422,right_f_best-25.991546630859375,i:1
2025-04-29 00:57:24,867 - INFO - 添加左子节点，右子节点，len(queue):5
2025-04-29 00:57:24,867 - INFO - Node 1: k=890.3966783338068, f_best=-25.512128829956055, f_min=-26.791721557150595
2025-04-29 00:57:24,867 - INFO - Node 2: k=391.94828138443785, f_best=-23.758508682250977, f_min=-25.563155855063087
2025-04-29 00:57:24,867 - INFO - Node 3: k=473.51622685149925, f_best=-25.778749465942383, f_min=-26.63934329644144
2025-04-29 00:57:24,867 - INFO - Node 4: k=432.9547436341466, f_best=-23.711061477661133, f_min=-23.75259033483053
2025-04-29 00:57:24,867 - INFO - Node 5: k=380.42114040890755, f_best=-25.867799758911133, f_min=-28.42232150711243
2025-04-29 00:57:24,867 - INFO - Node 6: k=321.2190466668223, f_best=-23.646120071411133, f_min=-27.471000840005217
2025-04-29 00:57:24,867 - INFO - Node 7: k=245.54109977388055, f_best=-25.919960021972656, f_min=-27.01543808905444
2025-04-29 00:57:24,867 - INFO - Node 8: k=299.606804341959, f_best=-23.683269500732422, f_min=-25.848422827009927
2025-04-29 00:57:24,867 - INFO - Node 9: k=391.94828138443785, f_best=-25.991546630859375, f_min=-30.265310682823838
2025-04-29 00:57:24,867 - INFO - cur_node_number 17,f_best -25.991546630859375,f_min -30.265310682823838,k 391.94828138443785
2025-04-29 00:57:24,867 - INFO - f_best_current -25.991546630859375,f_min -30.265310682823838
2025-04-29 00:57:24,867 - INFO - 回退,len(queue)=3
2025-04-29 00:57:24,867 - INFO - 回退,len(queue)=2
2025-04-29 00:57:36,373 - INFO - tree_node.f_best*ep:-25.867799758911133,left_f_best-23.7253475189209,right_f_best-25.787521362304688,i:1
2025-04-29 00:57:48,336 - INFO - tree_node.f_best*ep:-25.867799758911133,left_f_best-23.700864791870117,right_f_best-25.881816864013672,i:2
2025-04-29 00:58:33,852 - INFO - 添加左子节点，右子节点，len(queue):4
2025-04-29 00:58:33,852 - INFO - Node 1: k=890.3966783338068, f_best=-25.512128829956055, f_min=-26.791721557150595
2025-04-29 00:58:33,852 - INFO - Node 2: k=391.94828138443785, f_best=-23.758508682250977, f_min=-25.563155855063087
2025-04-29 00:58:33,852 - INFO - Node 3: k=473.51622685149925, f_best=-25.778749465942383, f_min=-26.63934329644144
2025-04-29 00:58:33,852 - INFO - Node 4: k=432.9547436341466, f_best=-23.711061477661133, f_min=-23.75259033483053
2025-04-29 00:58:33,852 - INFO - Node 5: k=391.94828138443785, f_best=-25.867799758911133, f_min=-28.42232150711243
2025-04-29 00:58:33,852 - INFO - Node 6: k=416.0609986830116, f_best=-23.700864791870117, f_min=-32.59201619023588
2025-04-29 00:58:33,852 - INFO - Node 7: k=395.8677641982822, f_best=-25.881816864013672, f_min=-31.426865584337065
2025-04-29 00:58:33,852 - INFO - cur_node_number 18,f_best -25.881816864013672,f_min -31.426865584337065,k 395.8677641982822
2025-04-29 00:58:33,852 - INFO - f_best_current -25.881816864013672,f_min -31.426865584337065
2025-04-29 00:58:33,852 - INFO - 回退,len(queue)=2
2025-04-29 00:58:45,312 - INFO - tree_node.f_best*ep:-25.867799758911133,left_f_best-23.685386657714844,right_f_best-25.929052352905273,i:1
2025-04-29 00:59:26,581 - INFO - 添加左子节点，右子节点，len(queue):4
2025-04-29 00:59:26,581 - INFO - Node 1: k=890.3966783338068, f_best=-25.512128829956055, f_min=-26.791721557150595
2025-04-29 00:59:26,581 - INFO - Node 2: k=391.94828138443785, f_best=-23.758508682250977, f_min=-25.563155855063087
2025-04-29 00:59:26,581 - INFO - Node 3: k=473.51622685149925, f_best=-25.778749465942383, f_min=-26.63934329644144
2025-04-29 00:59:26,581 - INFO - Node 4: k=432.9547436341466, f_best=-23.711061477661133, f_min=-23.75259033483053
2025-04-29 00:59:26,597 - INFO - Node 5: k=395.8677641982822, f_best=-25.867799758911133, f_min=-28.42232150711243
2025-04-29 00:59:26,597 - INFO - Node 6: k=351.312540645214, f_best=-23.685386657714844, f_min=-26.338130098432885
2025-04-29 00:59:26,597 - INFO - Node 7: k=287.9162500459315, f_best=-25.929052352905273, f_min=-26.772984756407823
2025-04-29 00:59:26,597 - INFO - cur_node_number 19,f_best -25.929052352905273,f_min -26.772984756407823,k 287.9162500459315
2025-04-29 00:59:26,597 - INFO - f_best_current -25.929052352905273,f_min -26.772984756407823
2025-04-29 00:59:38,073 - INFO - tree_node.f_best*ep:-25.929052352905273,left_f_best-23.63482666015625,right_f_best-25.851438522338867,i:1
2025-04-29 00:59:49,826 - INFO - tree_node.f_best*ep:-25.929052352905273,left_f_best-23.77524757385254,right_f_best-25.872426986694336,i:2
2025-04-29 01:00:01,992 - INFO - tree_node.f_best*ep:-25.929052352905273,left_f_best-23.66985511779785,right_f_best-25.996374130249023,i:3
2025-04-29 01:00:45,233 - INFO - 添加左子节点，右子节点，len(queue):5
2025-04-29 01:00:45,233 - INFO - Node 1: k=890.3966783338068, f_best=-25.512128829956055, f_min=-26.791721557150595
2025-04-29 01:00:45,233 - INFO - Node 2: k=391.94828138443785, f_best=-23.758508682250977, f_min=-25.563155855063087
2025-04-29 01:00:45,233 - INFO - Node 3: k=473.51622685149925, f_best=-25.778749465942383, f_min=-26.63934329644144
2025-04-29 01:00:45,233 - INFO - Node 4: k=432.9547436341466, f_best=-23.711061477661133, f_min=-23.75259033483053
2025-04-29 01:00:45,233 - INFO - Node 5: k=395.8677641982822, f_best=-25.867799758911133, f_min=-28.42232150711243
2025-04-29 01:00:45,233 - INFO - Node 6: k=351.312540645214, f_best=-23.685386657714844, f_min=-26.338130098432885
2025-04-29 01:00:45,233 - INFO - Node 7: k=287.9162500459315, f_best=-25.929052352905273, f_min=-26.772984756407823
2025-04-29 01:00:45,233 - INFO - Node 8: k=512.7502214698532, f_best=-23.66985511779785, f_min=-27.267105641331
2025-04-29 01:00:45,233 - INFO - Node 9: k=238.3197723518472, f_best=-25.996374130249023, f_min=-27.201872753490534
2025-04-29 01:00:45,233 - INFO - cur_node_number 20,f_best -25.996374130249023,f_min -27.201872753490534,k 238.3197723518472
2025-04-29 01:00:45,233 - INFO - f_best_current -25.996374130249023,f_min -27.201872753490534
2025-04-29 01:00:56,450 - INFO - tree_node.f_best*ep:-25.996374130249023,left_f_best-23.69938850402832,right_f_best-25.84092903137207,i:1
2025-04-29 01:01:07,939 - INFO - tree_node.f_best*ep:-25.996374130249023,left_f_best-23.735675811767578,right_f_best-25.888154983520508,i:2
2025-04-29 01:01:20,569 - INFO - tree_node.f_best*ep:-25.996374130249023,left_f_best-23.765663146972656,right_f_best-26.065027236938477,i:3
2025-04-29 01:01:56,870 - INFO - 添加左子节点，右子节点，len(queue):6
2025-04-29 01:01:56,870 - INFO - Node 1: k=890.3966783338068, f_best=-25.512128829956055, f_min=-26.791721557150595
2025-04-29 01:01:56,870 - INFO - Node 2: k=391.94828138443785, f_best=-23.758508682250977, f_min=-25.563155855063087
2025-04-29 01:01:56,880 - INFO - Node 3: k=473.51622685149925, f_best=-25.778749465942383, f_min=-26.63934329644144
2025-04-29 01:01:56,880 - INFO - Node 4: k=432.9547436341466, f_best=-23.711061477661133, f_min=-23.75259033483053
2025-04-29 01:01:56,880 - INFO - Node 5: k=395.8677641982822, f_best=-25.867799758911133, f_min=-28.42232150711243
2025-04-29 01:01:56,880 - INFO - Node 6: k=351.312540645214, f_best=-23.685386657714844, f_min=-26.338130098432885
2025-04-29 01:01:56,881 - INFO - Node 7: k=287.9162500459315, f_best=-25.929052352905273, f_min=-26.772984756407823
2025-04-29 01:01:56,881 - INFO - Node 8: k=512.7502214698532, f_best=-23.66985511779785, f_min=-27.267105641331
2025-04-29 01:01:56,881 - INFO - Node 9: k=238.3197723518472, f_best=-25.996374130249023, f_min=-27.201872753490534
2025-04-29 01:01:56,881 - INFO - Node 10: k=187.69258019964718, f_best=-23.765663146972656, f_min=-25.26905385142254
2025-04-29 01:01:56,882 - INFO - Node 11: k=308.6851901203247, f_best=-26.065027236938477, f_min=-27.728106297159684
2025-04-29 01:01:56,882 - INFO - cur_node_number 21,f_best -26.065027236938477,f_min -27.728106297159684,k 308.6851901203247
2025-04-29 01:01:56,882 - INFO - f_best_current -26.065027236938477,f_min -27.728106297159684
2025-04-29 01:01:56,882 - INFO - 回退,len(queue)=4
2025-04-29 01:01:56,882 - INFO - 回退,len(queue)=3
2025-04-29 01:02:08,324 - INFO - tree_node.f_best*ep:-25.929052352905273,left_f_best-23.764575958251953,right_f_best-25.851497650146484,i:1
2025-04-29 01:02:20,205 - INFO - tree_node.f_best*ep:-25.929052352905273,left_f_best-23.792734146118164,right_f_best-25.959457397460938,i:2
2025-04-29 01:03:00,707 - INFO - 添加左子节点，右子节点，len(queue):5
2025-04-29 01:03:00,707 - INFO - Node 1: k=890.3966783338068, f_best=-25.512128829956055, f_min=-26.791721557150595
2025-04-29 01:03:00,707 - INFO - Node 2: k=391.94828138443785, f_best=-23.758508682250977, f_min=-25.563155855063087
2025-04-29 01:03:00,707 - INFO - Node 3: k=473.51622685149925, f_best=-25.778749465942383, f_min=-26.63934329644144
2025-04-29 01:03:00,707 - INFO - Node 4: k=432.9547436341466, f_best=-23.711061477661133, f_min=-23.75259033483053
2025-04-29 01:03:00,707 - INFO - Node 5: k=395.8677641982822, f_best=-25.867799758911133, f_min=-28.42232150711243
2025-04-29 01:03:00,707 - INFO - Node 6: k=351.312540645214, f_best=-23.685386657714844, f_min=-26.338130098432885
2025-04-29 01:03:00,707 - INFO - Node 7: k=308.6851901203247, f_best=-25.929052352905273, f_min=-26.772984756407823
2025-04-29 01:03:00,707 - INFO - Node 8: k=302.6028723853786, f_best=-23.792734146118164, f_min=-25.842152571889528
2025-04-29 01:03:00,707 - INFO - Node 9: k=276.68185715133995, f_best=-25.959457397460938, f_min=-26.860016367876597
2025-04-29 01:03:00,707 - INFO - cur_node_number 22,f_best -25.959457397460938,f_min -26.860016367876597,k 276.68185715133995
2025-04-29 01:03:00,707 - INFO - f_best_current -25.959457397460938,f_min -26.860016367876597
2025-04-29 01:03:12,399 - INFO - tree_node.f_best*ep:-25.959457397460938,left_f_best-23.70909881591797,right_f_best-25.784154891967773,i:1
2025-04-29 01:03:24,498 - INFO - tree_node.f_best*ep:-25.959457397460938,left_f_best-23.698633193969727,right_f_best-25.980546951293945,i:2
2025-04-29 01:04:09,535 - INFO - 添加左子节点，右子节点，len(queue):6
2025-04-29 01:04:09,535 - INFO - Node 1: k=890.3966783338068, f_best=-25.512128829956055, f_min=-26.791721557150595
2025-04-29 01:04:09,535 - INFO - Node 2: k=391.94828138443785, f_best=-23.758508682250977, f_min=-25.563155855063087
2025-04-29 01:04:09,535 - INFO - Node 3: k=473.51622685149925, f_best=-25.778749465942383, f_min=-26.63934329644144
2025-04-29 01:04:09,535 - INFO - Node 4: k=432.9547436341466, f_best=-23.711061477661133, f_min=-23.75259033483053
2025-04-29 01:04:09,535 - INFO - Node 5: k=395.8677641982822, f_best=-25.867799758911133, f_min=-28.42232150711243
2025-04-29 01:04:09,535 - INFO - Node 6: k=351.312540645214, f_best=-23.685386657714844, f_min=-26.338130098432885
2025-04-29 01:04:09,535 - INFO - Node 7: k=308.6851901203247, f_best=-25.929052352905273, f_min=-26.772984756407823
2025-04-29 01:04:09,535 - INFO - Node 8: k=302.6028723853786, f_best=-23.792734146118164, f_min=-25.842152571889528
2025-04-29 01:04:09,535 - INFO - Node 9: k=276.68185715133995, f_best=-25.959457397460938, f_min=-26.860016367876597
2025-04-29 01:04:09,535 - INFO - Node 10: k=290.7954125463908, f_best=-23.698633193969727, f_min=-26.588868321798145
2025-04-29 01:04:09,535 - INFO - Node 11: k=625.652713218629, f_best=-25.980546951293945, f_min=-29.965940124624467
2025-04-29 01:04:09,535 - INFO - cur_node_number 23,f_best -25.980546951293945,f_min -29.965940124624467,k 625.652713218629
2025-04-29 01:04:09,535 - INFO - f_best_current -25.980546951293945,f_min -29.965940124624467
2025-04-29 01:04:09,535 - INFO - 回退,len(queue)=4
2025-04-29 01:04:09,535 - INFO - 回退,len(queue)=3
2025-04-29 01:04:09,535 - INFO - 回退,len(queue)=2
2025-04-29 01:04:09,535 - INFO - 回退,len(queue)=1
2025-04-29 01:04:20,835 - INFO - tree_node.f_best*ep:-25.778749465942383,left_f_best-23.753707885742188,right_f_best-25.852258682250977,i:1
2025-04-29 01:05:04,308 - INFO - 添加左子节点，右子节点，len(queue):3
2025-04-29 01:05:04,308 - INFO - Node 1: k=890.3966783338068, f_best=-25.512128829956055, f_min=-26.791721557150595
2025-04-29 01:05:04,308 - INFO - Node 2: k=391.94828138443785, f_best=-23.758508682250977, f_min=-25.563155855063087
2025-04-29 01:05:04,308 - INFO - Node 3: k=625.652713218629, f_best=-25.778749465942383, f_min=-26.63934329644144
2025-04-29 01:05:04,308 - INFO - Node 4: k=388.0676053311266, f_best=-23.753707885742188, f_min=-24.549705800342053
2025-04-29 01:05:04,308 - INFO - Node 5: k=302.6028723853786, f_best=-25.852258682250977, f_min=-26.25222647328519
2025-04-29 01:05:04,308 - INFO - cur_node_number 24,f_best -25.852258682250977,f_min -26.25222647328519,k 302.6028723853786
2025-04-29 01:05:04,308 - INFO - f_best_current -25.852258682250977,f_min -26.25222647328519
2025-04-29 01:05:15,407 - INFO - tree_node.f_best*ep:-25.852258682250977,left_f_best-23.710363388061523,right_f_best-25.7766170501709,i:1
2025-04-29 01:05:27,244 - INFO - tree_node.f_best*ep:-25.852258682250977,left_f_best-23.820297241210938,right_f_best-25.95583724975586,i:2
2025-04-29 01:06:09,919 - INFO - 添加左子节点，右子节点，len(queue):4
2025-04-29 01:06:09,919 - INFO - Node 1: k=890.3966783338068, f_best=-25.512128829956055, f_min=-26.791721557150595
2025-04-29 01:06:09,919 - INFO - Node 2: k=391.94828138443785, f_best=-23.758508682250977, f_min=-25.563155855063087
2025-04-29 01:06:09,919 - INFO - Node 3: k=625.652713218629, f_best=-25.778749465942383, f_min=-26.63934329644144
2025-04-29 01:06:09,919 - INFO - Node 4: k=388.0676053311266, f_best=-23.753707885742188, f_min=-24.549705800342053
2025-04-29 01:06:09,919 - INFO - Node 5: k=302.6028723853786, f_best=-25.852258682250977, f_min=-26.25222647328519
2025-04-29 01:06:09,919 - INFO - Node 6: k=296.6404003385733, f_best=-23.820297241210938, f_min=-25.659003444307018
2025-04-29 01:06:09,919 - INFO - Node 7: k=391.94828138443785, f_best=-25.95583724975586, f_min=-29.706750986333645
2025-04-29 01:06:09,919 - INFO - cur_node_number 25,f_best -25.95583724975586,f_min -29.706750986333645,k 391.94828138443785
2025-04-29 01:06:09,919 - INFO - f_best_current -25.95583724975586,f_min -29.706750986333645
2025-04-29 01:06:09,919 - INFO - 回退,len(queue)=2
2025-04-29 01:06:21,296 - INFO - tree_node.f_best*ep:-25.852258682250977,left_f_best-23.6265811920166,right_f_best-25.803680419921875,i:1
2025-04-29 01:06:33,389 - INFO - tree_node.f_best*ep:-25.852258682250977,left_f_best-23.799367904663086,right_f_best-25.863513946533203,i:2
2025-04-29 01:07:21,429 - INFO - 添加左子节点，右子节点，len(queue):4
2025-04-29 01:07:21,429 - INFO - Node 1: k=890.3966783338068, f_best=-25.512128829956055, f_min=-26.791721557150595
2025-04-29 01:07:21,429 - INFO - Node 2: k=391.94828138443785, f_best=-23.758508682250977, f_min=-25.563155855063087
2025-04-29 01:07:21,429 - INFO - Node 3: k=625.652713218629, f_best=-25.778749465942383, f_min=-26.63934329644144
2025-04-29 01:07:21,429 - INFO - Node 4: k=388.0676053311266, f_best=-23.753707885742188, f_min=-24.549705800342053
2025-04-29 01:07:21,429 - INFO - Node 5: k=391.94828138443785, f_best=-25.852258682250977, f_min=-26.25222647328519
2025-04-29 01:07:21,429 - INFO - Node 6: k=523.0565009213973, f_best=-23.799367904663086, f_min=-28.67563583583251
2025-04-29 01:07:21,429 - INFO - Node 7: k=365.57723855869773, f_best=-25.863513946533203, f_min=-30.532357973022954
2025-04-29 01:07:21,429 - INFO - cur_node_number 26,f_best -25.863513946533203,f_min -30.532357973022954,k 365.57723855869773
2025-04-29 01:07:21,429 - INFO - f_best_current -25.863513946533203,f_min -30.532357973022954
2025-04-29 01:07:32,745 - INFO - tree_node.f_best*ep:-25.863513946533203,left_f_best-23.684383392333984,right_f_best-25.872665405273438,i:1
2025-04-29 01:08:13,422 - INFO - 添加左子节点，右子节点，len(queue):5
2025-04-29 01:08:13,422 - INFO - Node 1: k=890.3966783338068, f_best=-25.512128829956055, f_min=-26.791721557150595
2025-04-29 01:08:13,422 - INFO - Node 2: k=391.94828138443785, f_best=-23.758508682250977, f_min=-25.563155855063087
2025-04-29 01:08:13,422 - INFO - Node 3: k=625.652713218629, f_best=-25.778749465942383, f_min=-26.63934329644144
2025-04-29 01:08:13,422 - INFO - Node 4: k=388.0676053311266, f_best=-23.753707885742188, f_min=-24.549705800342053
2025-04-29 01:08:13,422 - INFO - Node 5: k=391.94828138443785, f_best=-25.852258682250977, f_min=-26.25222647328519
2025-04-29 01:08:13,422 - INFO - Node 6: k=523.0565009213973, f_best=-23.799367904663086, f_min=-28.67563583583251
2025-04-29 01:08:13,422 - INFO - Node 7: k=365.57723855869773, f_best=-25.863513946533203, f_min=-30.532357973022954
2025-04-29 01:08:13,422 - INFO - Node 8: k=388.0676053311266, f_best=-23.684383392333984, f_min=-25.24222600091889
2025-04-29 01:08:13,422 - INFO - Node 9: k=252.9812406381289, f_best=-25.872665405273438, f_min=-26.74831126008212
2025-04-29 01:08:13,422 - INFO - cur_node_number 27,f_best -25.872665405273438,f_min -26.74831126008212,k 252.9812406381289
2025-04-29 01:08:13,422 - INFO - f_best_current -25.872665405273438,f_min -26.74831126008212
2025-04-29 01:08:24,849 - INFO - tree_node.f_best*ep:-25.872665405273438,left_f_best-23.742136001586914,right_f_best-25.817081451416016,i:1
2025-04-29 01:08:36,484 - INFO - tree_node.f_best*ep:-25.872665405273438,left_f_best-23.689910888671875,right_f_best-25.923080444335938,i:2
2025-04-29 01:09:24,512 - INFO - 添加左子节点，右子节点，len(queue):6
2025-04-29 01:09:24,512 - INFO - Node 1: k=890.3966783338068, f_best=-25.512128829956055, f_min=-26.791721557150595
2025-04-29 01:09:24,512 - INFO - Node 2: k=391.94828138443785, f_best=-23.758508682250977, f_min=-25.563155855063087
2025-04-29 01:09:24,512 - INFO - Node 3: k=625.652713218629, f_best=-25.778749465942383, f_min=-26.63934329644144
2025-04-29 01:09:24,512 - INFO - Node 4: k=388.0676053311266, f_best=-23.753707885742188, f_min=-24.549705800342053
2025-04-29 01:09:24,512 - INFO - Node 5: k=391.94828138443785, f_best=-25.852258682250977, f_min=-26.25222647328519
2025-04-29 01:09:24,512 - INFO - Node 6: k=523.0565009213973, f_best=-23.799367904663086, f_min=-28.67563583583251
2025-04-29 01:09:24,512 - INFO - Node 7: k=365.57723855869773, f_best=-25.863513946533203, f_min=-30.532357973022954
2025-04-29 01:09:24,512 - INFO - Node 8: k=388.0676053311266, f_best=-23.684383392333984, f_min=-25.24222600091889
2025-04-29 01:09:24,512 - INFO - Node 9: k=252.9812406381289, f_best=-25.872665405273438, f_min=-26.74831126008212
2025-04-29 01:09:24,512 - INFO - Node 10: k=487.8642420413266, f_best=-23.689910888671875, f_min=-27.822416824887114
2025-04-29 01:09:24,512 - INFO - Node 11: k=437.28429107048805, f_best=-25.923080444335938, f_min=-29.427120495483905
2025-04-29 01:09:24,512 - INFO - cur_node_number 28,f_best -25.923080444335938,f_min -29.427120495483905,k 437.28429107048805
2025-04-29 01:09:24,512 - INFO - f_best_current -25.923080444335938,f_min -29.427120495483905
2025-04-29 01:09:24,512 - INFO - 回退,len(queue)=4
2025-04-29 01:09:24,512 - INFO - 回退,len(queue)=3
2025-04-29 01:09:24,512 - INFO - 回退,len(queue)=2
2025-04-29 01:09:35,999 - INFO - tree_node.f_best*ep:-25.852258682250977,left_f_best-23.755863189697266,right_f_best-25.868783950805664,i:1
2025-04-29 01:10:14,143 - INFO - 添加左子节点，右子节点，len(queue):4
2025-04-29 01:10:14,143 - INFO - Node 1: k=890.3966783338068, f_best=-25.512128829956055, f_min=-26.791721557150595
2025-04-29 01:10:14,143 - INFO - Node 2: k=391.94828138443785, f_best=-23.758508682250977, f_min=-25.563155855063087
2025-04-29 01:10:14,143 - INFO - Node 3: k=625.652713218629, f_best=-25.778749465942383, f_min=-26.63934329644144
2025-04-29 01:10:14,143 - INFO - Node 4: k=388.0676053311266, f_best=-23.753707885742188, f_min=-24.549705800342053
2025-04-29 01:10:14,143 - INFO - Node 5: k=437.28429107048805, f_best=-25.852258682250977, f_min=-26.25222647328519
2025-04-29 01:10:14,143 - INFO - Node 6: k=263.2532934628119, f_best=-23.755863189697266, f_min=-27.022292373867458
2025-04-29 01:10:14,143 - INFO - Node 7: k=252.9812406381289, f_best=-25.868783950805664, f_min=-31.19148406804743
2025-04-29 01:10:14,143 - INFO - cur_node_number 29,f_best -25.868783950805664,f_min -31.19148406804743,k 252.9812406381289
2025-04-29 01:10:14,143 - INFO - f_best_current -25.868783950805664,f_min -31.19148406804743
2025-04-29 01:10:25,506 - INFO - tree_node.f_best*ep:-25.868783950805664,left_f_best-23.73039436340332,right_f_best-25.932268142700195,i:1
2025-04-29 01:11:05,430 - INFO - 添加左子节点，右子节点，len(queue):5
2025-04-29 01:11:05,430 - INFO - Node 1: k=890.3966783338068, f_best=-25.512128829956055, f_min=-26.791721557150595
2025-04-29 01:11:05,430 - INFO - Node 2: k=391.94828138443785, f_best=-23.758508682250977, f_min=-25.563155855063087
2025-04-29 01:11:05,430 - INFO - Node 3: k=625.652713218629, f_best=-25.778749465942383, f_min=-26.63934329644144
2025-04-29 01:11:05,430 - INFO - Node 4: k=388.0676053311266, f_best=-23.753707885742188, f_min=-24.549705800342053
2025-04-29 01:11:05,430 - INFO - Node 5: k=437.28429107048805, f_best=-25.852258682250977, f_min=-26.25222647328519
2025-04-29 01:11:05,430 - INFO - Node 6: k=263.2532934628119, f_best=-23.755863189697266, f_min=-27.022292373867458
2025-04-29 01:11:05,430 - INFO - Node 7: k=252.9812406381289, f_best=-25.868783950805664, f_min=-31.19148406804743
2025-04-29 01:11:05,430 - INFO - Node 8: k=213.6116643124047, f_best=-23.73039436340332, f_min=-25.228151183674527
2025-04-29 01:11:05,430 - INFO - Node 9: k=358.37392271218283, f_best=-25.932268142700195, f_min=-26.300243383177076
2025-04-29 01:11:05,430 - INFO - cur_node_number 30,f_best -25.932268142700195,f_min -26.300243383177076,k 358.37392271218283
2025-04-29 01:11:05,430 - INFO - f_best_current -25.932268142700195,f_min -26.300243383177076
2025-04-29 01:11:05,430 - INFO - 回退,len(queue)=3
2025-04-29 01:11:16,710 - INFO - tree_node.f_best*ep:-25.868783950805664,left_f_best-23.65779685974121,right_f_best-25.690027236938477,i:1
2025-04-29 01:11:28,301 - INFO - tree_node.f_best*ep:-25.868783950805664,left_f_best-23.806970596313477,right_f_best-25.886104583740234,i:2
2025-04-29 01:12:08,790 - INFO - 添加左子节点，右子节点，len(queue):5
2025-04-29 01:12:08,790 - INFO - Node 1: k=890.3966783338068, f_best=-25.512128829956055, f_min=-26.791721557150595
2025-04-29 01:12:08,790 - INFO - Node 2: k=391.94828138443785, f_best=-23.758508682250977, f_min=-25.563155855063087
2025-04-29 01:12:08,790 - INFO - Node 3: k=625.652713218629, f_best=-25.778749465942383, f_min=-26.63934329644144
2025-04-29 01:12:08,790 - INFO - Node 4: k=388.0676053311266, f_best=-23.753707885742188, f_min=-24.549705800342053
2025-04-29 01:12:08,790 - INFO - Node 5: k=437.28429107048805, f_best=-25.852258682250977, f_min=-26.25222647328519
2025-04-29 01:12:08,790 - INFO - Node 6: k=263.2532934628119, f_best=-23.755863189697266, f_min=-27.022292373867458
2025-04-29 01:12:08,790 - INFO - Node 7: k=358.37392271218283, f_best=-25.868783950805664, f_min=-31.19148406804743
2025-04-29 01:12:08,790 - INFO - Node 8: k=285.0655941048827, f_best=-23.806970596313477, f_min=-24.19205936045546
2025-04-29 01:12:08,790 - INFO - Node 9: k=293.7033666718547, f_best=-25.886104583740234, f_min=-26.50931866635983
2025-04-29 01:12:08,790 - INFO - cur_node_number 31,f_best -25.886104583740234,f_min -26.50931866635983,k 293.7033666718547
2025-04-29 01:12:08,790 - INFO - f_best_current -25.886104583740234,f_min -26.50931866635983
2025-04-29 01:12:20,282 - INFO - tree_node.f_best*ep:-25.886104583740234,left_f_best-23.713603973388672,right_f_best-25.836462020874023,i:1
2025-04-29 01:12:32,109 - INFO - tree_node.f_best*ep:-25.886104583740234,left_f_best-23.696441650390625,right_f_best-25.937705993652344,i:2
2025-04-29 01:13:15,607 - INFO - 添加左子节点，右子节点，len(queue):6
2025-04-29 01:13:15,607 - INFO - Node 1: k=890.3966783338068, f_best=-25.512128829956055, f_min=-26.791721557150595
2025-04-29 01:13:15,607 - INFO - Node 2: k=391.94828138443785, f_best=-23.758508682250977, f_min=-25.563155855063087
2025-04-29 01:13:15,607 - INFO - Node 3: k=625.652713218629, f_best=-25.778749465942383, f_min=-26.63934329644144
2025-04-29 01:13:15,607 - INFO - Node 4: k=388.0676053311266, f_best=-23.753707885742188, f_min=-24.549705800342053
2025-04-29 01:13:15,607 - INFO - Node 5: k=437.28429107048805, f_best=-25.852258682250977, f_min=-26.25222647328519
2025-04-29 01:13:15,607 - INFO - Node 6: k=263.2532934628119, f_best=-23.755863189697266, f_min=-27.022292373867458
2025-04-29 01:13:15,607 - INFO - Node 7: k=358.37392271218283, f_best=-25.868783950805664, f_min=-31.19148406804743
2025-04-29 01:13:15,607 - INFO - Node 8: k=285.0655941048827, f_best=-23.806970596313477, f_min=-24.19205936045546
2025-04-29 01:13:15,607 - INFO - Node 9: k=293.7033666718547, f_best=-25.886104583740234, f_min=-26.50931866635983
2025-04-29 01:13:15,607 - INFO - Node 10: k=344.39029570161165, f_best=-23.696441650390625, f_min=-23.904920503135145
2025-04-29 01:13:15,607 - INFO - Node 11: k=369.23301094428473, f_best=-25.937705993652344, f_min=-27.879030693204186
2025-04-29 01:13:15,607 - INFO - cur_node_number 32,f_best -25.937705993652344,f_min -27.879030693204186,k 369.23301094428473
2025-04-29 01:13:15,607 - INFO - f_best_current -25.937705993652344,f_min -27.879030693204186
2025-04-29 01:13:15,607 - INFO - 回退,len(queue)=4
2025-04-29 01:13:15,607 - INFO - 回退,len(queue)=3
2025-04-29 01:13:27,100 - INFO - tree_node.f_best*ep:-25.868783950805664,left_f_best-23.684415817260742,right_f_best-25.836803436279297,i:1
2025-04-29 01:13:39,041 - INFO - tree_node.f_best*ep:-25.868783950805664,left_f_best-23.798097610473633,right_f_best-25.822418212890625,i:2
2025-04-29 01:13:51,509 - INFO - tree_node.f_best*ep:-25.868783950805664,left_f_best-23.717681884765625,right_f_best-25.96755599975586,i:3
2025-04-29 01:14:37,570 - INFO - 添加左子节点，右子节点，len(queue):5
2025-04-29 01:14:37,570 - INFO - Node 1: k=890.3966783338068, f_best=-25.512128829956055, f_min=-26.791721557150595
2025-04-29 01:14:37,570 - INFO - Node 2: k=391.94828138443785, f_best=-23.758508682250977, f_min=-25.563155855063087
2025-04-29 01:14:37,570 - INFO - Node 3: k=625.652713218629, f_best=-25.778749465942383, f_min=-26.63934329644144
2025-04-29 01:14:37,570 - INFO - Node 4: k=388.0676053311266, f_best=-23.753707885742188, f_min=-24.549705800342053
2025-04-29 01:14:37,570 - INFO - Node 5: k=437.28429107048805, f_best=-25.852258682250977, f_min=-26.25222647328519
2025-04-29 01:14:37,570 - INFO - Node 6: k=263.2532934628119, f_best=-23.755863189697266, f_min=-27.022292373867458
2025-04-29 01:14:37,570 - INFO - Node 7: k=369.23301094428473, f_best=-25.868783950805664, f_min=-31.19148406804743
2025-04-29 01:14:37,570 - INFO - Node 8: k=351.312540645214, f_best=-23.717681884765625, f_min=-26.68417510942345
2025-04-29 01:14:37,570 - INFO - Node 9: k=464.18608651259603, f_best=-25.96755599975586, f_min=-26.942313997720703
2025-04-29 01:14:37,570 - INFO - cur_node_number 33,f_best -25.96755599975586,f_min -26.942313997720703,k 464.18608651259603
2025-04-29 01:14:37,570 - INFO - f_best_current -25.96755599975586,f_min -26.942313997720703
2025-04-29 01:14:37,570 - INFO - 回退,len(queue)=3
2025-04-29 01:14:37,570 - INFO - 回退,len(queue)=2
2025-04-29 01:14:48,915 - INFO - tree_node.f_best*ep:-25.852258682250977,left_f_best-23.712364196777344,right_f_best-25.870052337646484,i:1
2025-04-29 01:15:33,530 - INFO - 添加左子节点，右子节点，len(queue):4
2025-04-29 01:15:33,530 - INFO - Node 1: k=890.3966783338068, f_best=-25.512128829956055, f_min=-26.791721557150595
2025-04-29 01:15:33,530 - INFO - Node 2: k=391.94828138443785, f_best=-23.758508682250977, f_min=-25.563155855063087
2025-04-29 01:15:33,530 - INFO - Node 3: k=625.652713218629, f_best=-25.778749465942383, f_min=-26.63934329644144
2025-04-29 01:15:33,530 - INFO - Node 4: k=388.0676053311266, f_best=-23.753707885742188, f_min=-24.549705800342053
2025-04-29 01:15:33,530 - INFO - Node 5: k=464.18608651259603, f_best=-25.852258682250977, f_min=-26.25222647328519
2025-04-29 01:15:33,530 - INFO - Node 6: k=337.60444633037116, f_best=-23.712364196777344, f_min=-26.313803052844378
2025-04-29 01:15:33,530 - INFO - Node 7: k=450.5344423742149, f_best=-25.870052337646484, f_min=-30.202896935479657
2025-04-29 01:15:33,530 - INFO - cur_node_number 34,f_best -25.870052337646484,f_min -30.202896935479657,k 450.5344423742149
2025-04-29 01:15:33,530 - INFO - f_best_current -25.870052337646484,f_min -30.202896935479657
2025-04-29 01:15:45,067 - INFO - tree_node.f_best*ep:-25.870052337646484,left_f_best-23.61806297302246,right_f_best-25.863805770874023,i:1
2025-04-29 01:15:57,103 - INFO - tree_node.f_best*ep:-25.870052337646484,left_f_best-23.715009689331055,right_f_best-25.824525833129883,i:2
2025-04-29 01:16:09,625 - INFO - tree_node.f_best*ep:-25.870052337646484,left_f_best-23.8304500579834,right_f_best-25.86054801940918,i:3
2025-04-29 01:16:22,647 - INFO - tree_node.f_best*ep:-25.870052337646484,left_f_best-23.763742446899414,right_f_best-25.936819076538086,i:4
2025-04-29 01:17:03,675 - INFO - 添加左子节点，右子节点，len(queue):5
2025-04-29 01:17:03,675 - INFO - Node 1: k=890.3966783338068, f_best=-25.512128829956055, f_min=-26.791721557150595
2025-04-29 01:17:03,675 - INFO - Node 2: k=391.94828138443785, f_best=-23.758508682250977, f_min=-25.563155855063087
2025-04-29 01:17:03,675 - INFO - Node 3: k=625.652713218629, f_best=-25.778749465942383, f_min=-26.63934329644144
2025-04-29 01:17:03,675 - INFO - Node 4: k=388.0676053311266, f_best=-23.753707885742188, f_min=-24.549705800342053
2025-04-29 01:17:03,675 - INFO - Node 5: k=464.18608651259603, f_best=-25.852258682250977, f_min=-26.25222647328519
2025-04-29 01:17:03,675 - INFO - Node 6: k=337.60444633037116, f_best=-23.712364196777344, f_min=-26.313803052844378
2025-04-29 01:17:03,675 - INFO - Node 7: k=450.5344423742149, f_best=-25.870052337646484, f_min=-30.202896935479657
2025-04-29 01:17:03,675 - INFO - Node 8: k=358.37392271218283, f_best=-23.763742446899414, f_min=-25.408014945343893
2025-04-29 01:17:03,675 - INFO - Node 9: k=276.68185715133995, f_best=-25.936819076538086, f_min=-28.920984605530975
2025-04-29 01:17:03,675 - INFO - cur_node_number 35,f_best -25.936819076538086,f_min -28.920984605530975,k 276.68185715133995
2025-04-29 01:17:03,675 - INFO - f_best_current -25.936819076538086,f_min -28.920984605530975
2025-04-29 01:17:15,035 - INFO - tree_node.f_best*ep:-25.936819076538086,left_f_best-23.668855667114258,right_f_best-25.875383377075195,i:1
2025-04-29 01:17:27,033 - INFO - tree_node.f_best*ep:-25.936819076538086,left_f_best-23.763254165649414,right_f_best-25.9631290435791,i:2
2025-04-29 01:18:11,044 - INFO - 添加左子节点，右子节点，len(queue):6
2025-04-29 01:18:11,044 - INFO - Node 1: k=890.3966783338068, f_best=-25.512128829956055, f_min=-26.791721557150595
2025-04-29 01:18:11,044 - INFO - Node 2: k=391.94828138443785, f_best=-23.758508682250977, f_min=-25.563155855063087
2025-04-29 01:18:11,044 - INFO - Node 3: k=625.652713218629, f_best=-25.778749465942383, f_min=-26.63934329644144
2025-04-29 01:18:11,044 - INFO - Node 4: k=388.0676053311266, f_best=-23.753707885742188, f_min=-24.549705800342053
2025-04-29 01:18:11,044 - INFO - Node 5: k=464.18608651259603, f_best=-25.852258682250977, f_min=-26.25222647328519
2025-04-29 01:18:11,044 - INFO - Node 6: k=337.60444633037116, f_best=-23.712364196777344, f_min=-26.313803052844378
2025-04-29 01:18:11,044 - INFO - Node 7: k=450.5344423742149, f_best=-25.870052337646484, f_min=-30.202896935479657
2025-04-29 01:18:11,044 - INFO - Node 8: k=358.37392271218283, f_best=-23.763742446899414, f_min=-25.408014945343893
2025-04-29 01:18:11,044 - INFO - Node 9: k=276.68185715133995, f_best=-25.936819076538086, f_min=-28.920984605530975
2025-04-29 01:18:11,044 - INFO - Node 10: k=340.9804907936749, f_best=-23.763254165649414, f_min=-28.80912010299471
2025-04-29 01:18:11,044 - INFO - Node 11: k=388.0676053311266, f_best=-25.9631290435791, f_min=-26.756665903598332
2025-04-29 01:18:11,044 - INFO - cur_node_number 36,f_best -25.9631290435791,f_min -26.756665903598332,k 388.0676053311266
2025-04-29 01:18:11,044 - INFO - f_best_current -25.9631290435791,f_min -26.756665903598332
2025-04-29 01:18:11,044 - INFO - 回退,len(queue)=4
2025-04-29 01:18:22,127 - INFO - tree_node.f_best*ep:-25.936819076538086,left_f_best-23.72238540649414,right_f_best-25.905012130737305,i:1
2025-04-29 01:18:33,853 - INFO - tree_node.f_best*ep:-25.936819076538086,left_f_best-23.67157554626465,right_f_best-25.899837493896484,i:2
2025-04-29 01:18:46,189 - INFO - tree_node.f_best*ep:-25.936819076538086,left_f_best-23.726470947265625,right_f_best-26.04600715637207,i:3
2025-04-29 01:19:25,871 - INFO - 添加左子节点，右子节点，len(queue):6
2025-04-29 01:19:25,871 - INFO - Node 1: k=890.3966783338068, f_best=-25.512128829956055, f_min=-26.791721557150595
2025-04-29 01:19:25,871 - INFO - Node 2: k=391.94828138443785, f_best=-23.758508682250977, f_min=-25.563155855063087
2025-04-29 01:19:25,871 - INFO - Node 3: k=625.652713218629, f_best=-25.778749465942383, f_min=-26.63934329644144
2025-04-29 01:19:25,871 - INFO - Node 4: k=388.0676053311266, f_best=-23.753707885742188, f_min=-24.549705800342053
2025-04-29 01:19:25,871 - INFO - Node 5: k=464.18608651259603, f_best=-25.852258682250977, f_min=-26.25222647328519
2025-04-29 01:19:25,871 - INFO - Node 6: k=337.60444633037116, f_best=-23.712364196777344, f_min=-26.313803052844378
2025-04-29 01:19:25,871 - INFO - Node 7: k=450.5344423742149, f_best=-25.870052337646484, f_min=-30.202896935479657
2025-04-29 01:19:25,871 - INFO - Node 8: k=358.37392271218283, f_best=-23.763742446899414, f_min=-25.408014945343893
2025-04-29 01:19:25,871 - INFO - Node 9: k=388.0676053311266, f_best=-25.936819076538086, f_min=-28.920984605530975
2025-04-29 01:19:25,871 - INFO - Node 10: k=252.9812406381289, f_best=-23.726470947265625, f_min=-26.525713679575347
2025-04-29 01:19:25,871 - INFO - Node 11: k=299.606804341959, f_best=-26.04600715637207, f_min=-26.123513991246
2025-04-29 01:19:25,871 - INFO - cur_node_number 37,f_best -26.04600715637207,f_min -26.123513991246,k 299.606804341959
2025-04-29 01:19:25,871 - INFO - f_best_current -26.04600715637207,f_min -26.123513991246
2025-04-29 01:19:25,871 - INFO - 结束,fmin= -26.123513991246, fbestmin=-26.04600715637207
