2025-04-26 13:58:24,246 - INFO - Namespace(log_file='outputs/dnn1/img[2]/min/DNN1img2_label7.log', image_path='img[2].png', model_path='network/SimpleNN14.pth', label=7, init_epsilon=0.05, epsilon=0.01, ep=1, min=1)
2025-04-26 13:58:24,256 - INFO - Model output max(1): torch.return_types.max(
values=tensor([7.1571], grad_fn=<MaxBackward0>),
indices=tensor([2]))
2025-04-26 13:58:27,845 - INFO - cur_node_number 1,f_best -6.286402702331543,f_min -9.206122522751684,k 854.2065747522814
2025-04-26 13:58:27,846 - INFO - f_best_current -6.286402702331543,f_min -9.206122522751684
2025-04-26 13:58:33,110 - INFO - tree_node.f_best*ep:-6.286402702331543,left_f_best-5.612511157989502,right_f_best-6.262417316436768,i:1
2025-04-26 13:58:38,689 - INFO - tree_node.f_best*ep:-6.286402702331543,left_f_best-5.616143226623535,right_f_best-6.2890777587890625,i:2
2025-04-26 13:58:58,780 - INFO - 添加左子节点，右子节点，len(queue):2
2025-04-26 13:58:58,780 - INFO - Node 1: k=854.2065747522814, f_best=-6.286402702331543, f_min=-9.206122522751684
2025-04-26 13:58:58,781 - INFO - Node 2: k=151.74799639529854, f_best=-5.616143226623535, f_min=-5.762117949584535
2025-04-26 13:58:58,781 - INFO - Node 3: k=171.9807236774798, f_best=-6.2890777587890625, f_min=-6.404419186224914
2025-04-26 13:58:58,781 - INFO - cur_node_number 2,f_best -6.2890777587890625,f_min -6.404419186224914,k 171.9807236774798
2025-04-26 13:58:58,781 - INFO - f_best_current -6.2890777587890625,f_min -6.404419186224914
2025-04-26 13:59:04,488 - INFO - tree_node.f_best*ep:-6.2890777587890625,left_f_best-5.59295129776001,right_f_best-6.294245719909668,i:1
2025-04-26 13:59:21,715 - INFO - 添加左子节点，右子节点，len(queue):3
2025-04-26 13:59:21,715 - INFO - Node 1: k=854.2065747522814, f_best=-6.286402702331543, f_min=-9.206122522751684
2025-04-26 13:59:21,716 - INFO - Node 2: k=151.74799639529854, f_best=-5.616143226623535, f_min=-5.762117949584535
2025-04-26 13:59:21,716 - INFO - Node 3: k=171.9807236774798, f_best=-6.2890777587890625, f_min=-6.404419186224914
2025-04-26 13:59:21,716 - INFO - Node 4: k=94.12327371197993, f_best=-5.59295129776001, f_min=-5.655496594221404
2025-04-26 13:59:21,716 - INFO - Node 5: k=124.36423133053074, f_best=-6.294245719909668, f_min=-6.954628212788521
2025-04-26 13:59:21,716 - INFO - cur_node_number 3,f_best -6.294245719909668,f_min -6.954628212788521,k 124.36423133053074
2025-04-26 13:59:21,716 - INFO - f_best_current -6.294245719909668,f_min -6.954628212788521
2025-04-26 13:59:27,343 - INFO - tree_node.f_best*ep:-6.294245719909668,left_f_best-5.5931925773620605,right_f_best-6.290158748626709,i:1
2025-04-26 13:59:33,221 - INFO - tree_node.f_best*ep:-6.294245719909668,left_f_best-5.597047805786133,right_f_best-6.3177103996276855,i:2
2025-04-26 13:59:50,798 - INFO - 添加左子节点，右子节点，len(queue):4
2025-04-26 13:59:50,798 - INFO - Node 1: k=854.2065747522814, f_best=-6.286402702331543, f_min=-9.206122522751684
2025-04-26 13:59:50,798 - INFO - Node 2: k=151.74799639529854, f_best=-5.616143226623535, f_min=-5.762117949584535
2025-04-26 13:59:50,798 - INFO - Node 3: k=171.9807236774798, f_best=-6.2890777587890625, f_min=-6.404419186224914
2025-04-26 13:59:50,799 - INFO - Node 4: k=94.12327371197993, f_best=-5.59295129776001, f_min=-5.655496594221404
2025-04-26 13:59:50,799 - INFO - Node 5: k=124.36423133053074, f_best=-6.294245719909668, f_min=-6.954628212788521
2025-04-26 13:59:50,799 - INFO - Node 6: k=98.92450661960405, f_best=-5.597047805786133, f_min=-5.628899957943304
2025-04-26 13:59:50,799 - INFO - Node 7: k=126.86395238027443, f_best=-6.3177103996276855, f_min=-11.18878311231174
2025-04-26 13:59:50,799 - INFO - cur_node_number 4,f_best -6.3177103996276855,f_min -11.18878311231174,k 126.86395238027443
2025-04-26 13:59:50,799 - INFO - f_best_current -6.3177103996276855,f_min -11.18878311231174
2025-04-26 13:59:50,799 - INFO - 回退,len(queue)=2
2025-04-26 13:59:56,788 - INFO - tree_node.f_best*ep:-6.294245719909668,left_f_best-5.580305576324463,right_f_best-6.2640180587768555,i:1
2025-04-26 14:00:02,778 - INFO - tree_node.f_best*ep:-6.294245719909668,left_f_best-5.606612682342529,right_f_best-6.31564998626709,i:2
2025-04-26 14:00:22,437 - INFO - 添加左子节点，右子节点，len(queue):4
2025-04-26 14:00:22,437 - INFO - Node 1: k=854.2065747522814, f_best=-6.286402702331543, f_min=-9.206122522751684
2025-04-26 14:00:22,437 - INFO - Node 2: k=151.74799639529854, f_best=-5.616143226623535, f_min=-5.762117949584535
2025-04-26 14:00:22,438 - INFO - Node 3: k=171.9807236774798, f_best=-6.2890777587890625, f_min=-6.404419186224914
2025-04-26 14:00:22,438 - INFO - Node 4: k=94.12327371197993, f_best=-5.59295129776001, f_min=-5.655496594221404
2025-04-26 14:00:22,438 - INFO - Node 5: k=126.86395238027443, f_best=-6.294245719909668, f_min=-6.954628212788521
2025-04-26 14:00:22,438 - INFO - Node 6: k=165.96454881689755, f_best=-5.606612682342529, f_min=-6.536506198104689
2025-04-26 14:00:22,438 - INFO - Node 7: k=130.70805700134912, f_best=-6.31564998626709, f_min=-6.361634826999762
2025-04-26 14:00:22,438 - INFO - cur_node_number 5,f_best -6.31564998626709,f_min -6.361634826999762,k 130.70805700134912
2025-04-26 14:00:22,438 - INFO - f_best_current -6.31564998626709,f_min -6.361634826999762
2025-04-26 14:00:22,438 - INFO - 结束,fmin= -6.361634826999762, fbestmin=-6.31564998626709
