2025-04-25 23:43:46,868 - INFO - Namespace(log_file='outputs/dnn1/img[2]/min/DNN1img2_label3.log', image_path='img[2].png', model_path='network/SimpleNN14.pth', label=3, init_epsilon=0.05, epsilon=0.01, ep=1, min=1)
2025-04-25 23:43:46,882 - INFO - Model output max(1): torch.return_types.max(
values=tensor([7.1571], grad_fn=<MaxBackward0>),
indices=tensor([2]))
2025-04-25 23:43:50,724 - INFO - cur_node_number 1,f_best -2.911738395690918,f_min -2.9888419981998595,k 340.44938604490335
2025-04-25 23:43:50,724 - INFO - f_best_current -2.911738395690918,f_min -2.9888419981998595
2025-04-25 23:43:56,426 - INFO - tree_node.f_best*ep:-2.911738395690918,left_f_best-2.3115878105163574,right_f_best-2.939652442932129,i:1
2025-04-25 23:44:15,255 - INFO - 添加左子节点，右子节点，len(queue):2
2025-04-25 23:44:15,255 - INFO - Node 1: k=340.44938604490335, f_best=-2.911738395690918, f_min=-2.9888419981998595
2025-04-25 23:44:15,255 - INFO - Node 2: k=89.04096005364887, f_best=-2.3115878105163574, f_min=-2.885559066773112
2025-04-25 23:44:15,255 - INFO - Node 3: k=160.1588298677633, f_best=-2.939652442932129, f_min=-2.9762000422024357
2025-04-25 23:44:15,255 - INFO - cur_node_number 2,f_best -2.939652442932129,f_min -2.9762000422024357,k 160.1588298677633
2025-04-25 23:44:15,255 - INFO - f_best_current -2.939652442932129,f_min -2.9762000422024357
2025-04-25 23:44:21,287 - INFO - tree_node.f_best*ep:-2.939652442932129,left_f_best-2.3232173919677734,right_f_best-2.9221606254577637,i:1
2025-04-25 23:44:27,767 - INFO - tree_node.f_best*ep:-2.939652442932129,left_f_best-2.341737747192383,right_f_best-2.93850040435791,i:2
2025-04-25 23:44:34,480 - INFO - tree_node.f_best*ep:-2.939652442932129,left_f_best-2.3348946571350098,right_f_best-2.946075916290283,i:3
2025-04-25 23:44:53,733 - INFO - 添加左子节点，右子节点，len(queue):3
2025-04-25 23:44:53,734 - INFO - Node 1: k=340.44938604490335, f_best=-2.911738395690918, f_min=-2.9888419981998595
2025-04-25 23:44:53,734 - INFO - Node 2: k=89.04096005364887, f_best=-2.3115878105163574, f_min=-2.885559066773112
2025-04-25 23:44:53,734 - INFO - Node 3: k=160.1588298677633, f_best=-2.939652442932129, f_min=-2.9762000422024357
2025-04-25 23:44:53,734 - INFO - Node 4: k=121.7232316273027, f_best=-2.3348946571350098, f_min=-2.471065026859833
2025-04-25 23:44:53,734 - INFO - Node 5: k=117.6490162028342, f_best=-2.946075916290283, f_min=-3.2938202734526385
2025-04-25 23:44:53,734 - INFO - cur_node_number 3,f_best -2.946075916290283,f_min -3.2938202734526385,k 117.6490162028342
2025-04-25 23:44:53,734 - INFO - f_best_current -2.946075916290283,f_min -3.2938202734526385
2025-04-25 23:44:59,678 - INFO - tree_node.f_best*ep:-2.946075916290283,left_f_best-2.340524196624756,right_f_best-2.9302802085876465,i:1
2025-04-25 23:45:06,046 - INFO - tree_node.f_best*ep:-2.946075916290283,left_f_best-2.3373489379882812,right_f_best-2.9543380737304688,i:2
2025-04-25 23:45:25,112 - INFO - 添加左子节点，右子节点，len(queue):4
2025-04-25 23:45:25,112 - INFO - Node 1: k=340.44938604490335, f_best=-2.911738395690918, f_min=-2.9888419981998595
2025-04-25 23:45:25,112 - INFO - Node 2: k=89.04096005364887, f_best=-2.3115878105163574, f_min=-2.885559066773112
2025-04-25 23:45:25,112 - INFO - Node 3: k=160.1588298677633, f_best=-2.939652442932129, f_min=-2.9762000422024357
2025-04-25 23:45:25,112 - INFO - Node 4: k=121.7232316273027, f_best=-2.3348946571350098, f_min=-2.471065026859833
2025-04-25 23:45:25,112 - INFO - Node 5: k=117.6490162028342, f_best=-2.946075916290283, f_min=-3.2938202734526385
2025-04-25 23:45:25,113 - INFO - Node 6: k=93.58294388693758, f_best=-2.3373489379882812, f_min=-2.5001568984598634
2025-04-25 23:45:25,113 - INFO - Node 7: k=132.56985622775525, f_best=-2.9543380737304688, f_min=-4.18248021973659
2025-04-25 23:45:25,113 - INFO - cur_node_number 4,f_best -2.9543380737304688,f_min -4.18248021973659,k 132.56985622775525
2025-04-25 23:45:25,113 - INFO - f_best_current -2.9543380737304688,f_min -4.18248021973659
2025-04-25 23:45:25,113 - INFO - 回退,len(queue)=2
2025-04-25 23:45:31,079 - INFO - tree_node.f_best*ep:-2.946075916290283,left_f_best-2.3221511840820312,right_f_best-2.914175510406494,i:1
2025-04-25 23:45:37,376 - INFO - tree_node.f_best*ep:-2.946075916290283,left_f_best-2.330352306365967,right_f_best-2.935067653656006,i:2
2025-04-25 23:45:43,765 - INFO - tree_node.f_best*ep:-2.946075916290283,left_f_best-2.3453898429870605,right_f_best-2.9539737701416016,i:3
2025-04-25 23:46:01,745 - INFO - 添加左子节点，右子节点，len(queue):4
2025-04-25 23:46:01,745 - INFO - Node 1: k=340.44938604490335, f_best=-2.911738395690918, f_min=-2.9888419981998595
2025-04-25 23:46:01,746 - INFO - Node 2: k=89.04096005364887, f_best=-2.3115878105163574, f_min=-2.885559066773112
2025-04-25 23:46:01,746 - INFO - Node 3: k=160.1588298677633, f_best=-2.939652442932129, f_min=-2.9762000422024357
2025-04-25 23:46:01,746 - INFO - Node 4: k=121.7232316273027, f_best=-2.3348946571350098, f_min=-2.471065026859833
2025-04-25 23:46:01,746 - INFO - Node 5: k=132.56985622775525, f_best=-2.946075916290283, f_min=-3.2938202734526385
2025-04-25 23:46:01,746 - INFO - Node 6: k=129.21166316865475, f_best=-2.3453898429870605, f_min=-3.3334728525755963
2025-04-25 23:46:01,746 - INFO - Node 7: k=89.93136965418536, f_best=-2.9539737701416016, f_min=-3.2966762572773405
2025-04-25 23:46:01,746 - INFO - cur_node_number 5,f_best -2.9539737701416016,f_min -3.2966762572773405,k 89.93136965418536
2025-04-25 23:46:01,746 - INFO - f_best_current -2.9539737701416016,f_min -3.2966762572773405
2025-04-25 23:46:07,487 - INFO - tree_node.f_best*ep:-2.9539737701416016,left_f_best-2.320396900177002,right_f_best-2.919039726257324,i:1
2025-04-25 23:46:13,472 - INFO - tree_node.f_best*ep:-2.9539737701416016,left_f_best-2.335038661956787,right_f_best-2.9461474418640137,i:2
2025-04-25 23:46:20,048 - INFO - tree_node.f_best*ep:-2.9539737701416016,left_f_best-2.34677791595459,right_f_best-2.9592127799987793,i:3
2025-04-25 23:46:37,546 - INFO - 添加左子节点，右子节点，len(queue):5
2025-04-25 23:46:37,546 - INFO - Node 1: k=340.44938604490335, f_best=-2.911738395690918, f_min=-2.9888419981998595
2025-04-25 23:46:37,546 - INFO - Node 2: k=89.04096005364887, f_best=-2.3115878105163574, f_min=-2.885559066773112
2025-04-25 23:46:37,546 - INFO - Node 3: k=160.1588298677633, f_best=-2.939652442932129, f_min=-2.9762000422024357
2025-04-25 23:46:37,546 - INFO - Node 4: k=121.7232316273027, f_best=-2.3348946571350098, f_min=-2.471065026859833
2025-04-25 23:46:37,546 - INFO - Node 5: k=132.56985622775525, f_best=-2.946075916290283, f_min=-3.2938202734526385
2025-04-25 23:46:37,547 - INFO - Node 6: k=129.21166316865475, f_best=-2.3453898429870605, f_min=-3.3334728525755963
2025-04-25 23:46:37,547 - INFO - Node 7: k=89.93136965418536, f_best=-2.9539737701416016, f_min=-3.2966762572773405
2025-04-25 23:46:37,547 - INFO - Node 8: k=88.5298060694112, f_best=-2.34677791595459, f_min=-2.4693356485136064
2025-04-25 23:46:37,547 - INFO - Node 9: k=111.93900209768718, f_best=-2.9592127799987793, f_min=-4.362465541812071
2025-04-25 23:46:37,547 - INFO - cur_node_number 6,f_best -2.9592127799987793,f_min -4.362465541812071,k 111.93900209768718
2025-04-25 23:46:37,547 - INFO - f_best_current -2.9592127799987793,f_min -4.362465541812071
2025-04-25 23:46:37,547 - INFO - 回退,len(queue)=3
2025-04-25 23:46:43,345 - INFO - tree_node.f_best*ep:-2.9539737701416016,left_f_best-2.326544761657715,right_f_best-2.9220380783081055,i:1
2025-04-25 23:46:49,317 - INFO - tree_node.f_best*ep:-2.9539737701416016,left_f_best-2.3443946838378906,right_f_best-2.9474778175354004,i:2
2025-04-25 23:46:55,791 - INFO - tree_node.f_best*ep:-2.9539737701416016,left_f_best-2.3556628227233887,right_f_best-2.944270133972168,i:3
2025-04-25 23:47:02,584 - INFO - tree_node.f_best*ep:-2.9539737701416016,left_f_best-2.351029396057129,right_f_best-2.939908504486084,i:4
2025-04-25 23:47:09,593 - INFO - tree_node.f_best*ep:-2.9539737701416016,left_f_best-2.3545989990234375,right_f_best-2.95167875289917,i:5
2025-04-25 23:47:16,802 - INFO - tree_node.f_best*ep:-2.9539737701416016,left_f_best-2.361301898956299,right_f_best-2.965782642364502,i:6
2025-04-25 23:47:34,455 - INFO - 添加左子节点，右子节点，len(queue):5
2025-04-25 23:47:34,455 - INFO - Node 1: k=340.44938604490335, f_best=-2.911738395690918, f_min=-2.9888419981998595
2025-04-25 23:47:34,455 - INFO - Node 2: k=89.04096005364887, f_best=-2.3115878105163574, f_min=-2.885559066773112
2025-04-25 23:47:34,455 - INFO - Node 3: k=160.1588298677633, f_best=-2.939652442932129, f_min=-2.9762000422024357
2025-04-25 23:47:34,455 - INFO - Node 4: k=121.7232316273027, f_best=-2.3348946571350098, f_min=-2.471065026859833
2025-04-25 23:47:34,455 - INFO - Node 5: k=132.56985622775525, f_best=-2.946075916290283, f_min=-3.2938202734526385
2025-04-25 23:47:34,455 - INFO - Node 6: k=129.21166316865475, f_best=-2.3453898429870605, f_min=-3.3334728525755963
2025-04-25 23:47:34,456 - INFO - Node 7: k=111.93900209768718, f_best=-2.9539737701416016, f_min=-3.2966762572773405
2025-04-25 23:47:34,456 - INFO - Node 8: k=92.65638008607682, f_best=-2.361301898956299, f_min=-2.369516890000341
2025-04-25 23:47:34,456 - INFO - Node 9: k=110.83069514622493, f_best=-2.965782642364502, f_min=-3.3609967151387536
2025-04-25 23:47:34,456 - INFO - cur_node_number 7,f_best -2.965782642364502,f_min -3.3609967151387536,k 110.83069514622493
2025-04-25 23:47:34,456 - INFO - f_best_current -2.965782642364502,f_min -3.3609967151387536
2025-04-25 23:47:40,398 - INFO - tree_node.f_best*ep:-2.965782642364502,left_f_best-2.3297457695007324,right_f_best-2.9320831298828125,i:1
2025-04-25 23:47:46,532 - INFO - tree_node.f_best*ep:-2.965782642364502,left_f_best-2.350444793701172,right_f_best-2.9300527572631836,i:2
2025-04-25 23:47:52,786 - INFO - tree_node.f_best*ep:-2.965782642364502,left_f_best-2.3472061157226562,right_f_best-2.9546127319335938,i:3
2025-04-25 23:47:59,236 - INFO - tree_node.f_best*ep:-2.965782642364502,left_f_best-2.343423366546631,right_f_best-2.9609899520874023,i:4
2025-04-25 23:48:06,018 - INFO - tree_node.f_best*ep:-2.965782642364502,left_f_best-2.358098030090332,right_f_best-2.955409049987793,i:5
2025-04-25 23:48:13,247 - INFO - tree_node.f_best*ep:-2.965782642364502,left_f_best-2.3686275482177734,right_f_best-2.962094783782959,i:6
2025-04-25 23:48:20,780 - INFO - tree_node.f_best*ep:-2.965782642364502,left_f_best-2.36171293258667,right_f_best-2.983875274658203,i:7
2025-04-25 23:48:37,811 - INFO - 添加左子节点，右子节点，len(queue):6
2025-04-25 23:48:37,811 - INFO - Node 1: k=340.44938604490335, f_best=-2.911738395690918, f_min=-2.9888419981998595
2025-04-25 23:48:37,811 - INFO - Node 2: k=89.04096005364887, f_best=-2.3115878105163574, f_min=-2.885559066773112
2025-04-25 23:48:37,811 - INFO - Node 3: k=160.1588298677633, f_best=-2.939652442932129, f_min=-2.9762000422024357
2025-04-25 23:48:37,811 - INFO - Node 4: k=121.7232316273027, f_best=-2.3348946571350098, f_min=-2.471065026859833
2025-04-25 23:48:37,811 - INFO - Node 5: k=132.56985622775525, f_best=-2.946075916290283, f_min=-3.2938202734526385
2025-04-25 23:48:37,811 - INFO - Node 6: k=129.21166316865475, f_best=-2.3453898429870605, f_min=-3.3334728525755963
2025-04-25 23:48:37,811 - INFO - Node 7: k=111.93900209768718, f_best=-2.9539737701416016, f_min=-3.2966762572773405
2025-04-25 23:48:37,811 - INFO - Node 8: k=92.65638008607682, f_best=-2.361301898956299, f_min=-2.369516890000341
2025-04-25 23:48:37,812 - INFO - Node 9: k=110.83069514622493, f_best=-2.965782642364502, f_min=-3.3609967151387536
2025-04-25 23:48:37,812 - INFO - Node 10: k=101.76272917971573, f_best=-2.36171293258667, f_min=-2.6149346450979465
2025-04-25 23:48:37,812 - INFO - Node 11: k=68.74389186505489, f_best=-2.983875274658203, f_min=-3.200320634619402
2025-04-25 23:48:37,812 - INFO - cur_node_number 8,f_best -2.983875274658203,f_min -3.200320634619402,k 68.74389186505489
2025-04-25 23:48:37,812 - INFO - f_best_current -2.983875274658203,f_min -3.200320634619402
2025-04-25 23:48:43,574 - INFO - tree_node.f_best*ep:-2.983875274658203,left_f_best-2.3194737434387207,right_f_best-2.9383931159973145,i:1
2025-04-25 23:48:49,699 - INFO - tree_node.f_best*ep:-2.983875274658203,left_f_best-2.338517665863037,right_f_best-2.9348039627075195,i:2
2025-04-25 23:48:56,180 - INFO - tree_node.f_best*ep:-2.983875274658203,left_f_best-2.3436408042907715,right_f_best-2.9573187828063965,i:3
2025-04-25 23:49:02,606 - INFO - tree_node.f_best*ep:-2.983875274658203,left_f_best-2.3680801391601562,right_f_best-2.945669651031494,i:4
2025-04-25 23:49:09,359 - INFO - tree_node.f_best*ep:-2.983875274658203,left_f_best-2.3684892654418945,right_f_best-2.9427647590637207,i:5
2025-04-25 23:49:16,528 - INFO - tree_node.f_best*ep:-2.983875274658203,left_f_best-2.3582940101623535,right_f_best-2.9685115814208984,i:6
2025-04-25 23:49:24,131 - INFO - tree_node.f_best*ep:-2.983875274658203,left_f_best-2.3710436820983887,right_f_best-2.9702134132385254,i:7
2025-04-25 23:49:32,409 - INFO - tree_node.f_best*ep:-2.983875274658203,left_f_best-2.373159408569336,right_f_best-2.9819931983947754,i:8
2025-04-25 23:49:41,000 - INFO - tree_node.f_best*ep:-2.983875274658203,left_f_best-2.366562843322754,right_f_best-2.9807491302490234,i:9
2025-04-25 23:49:49,861 - INFO - tree_node.f_best*ep:-2.983875274658203,left_f_best-2.3708033561706543,right_f_best-2.982372283935547,i:10
2025-04-25 23:49:58,920 - INFO - tree_node.f_best*ep:-2.983875274658203,left_f_best-2.376241683959961,right_f_best-2.9823741912841797,i:11
2025-04-25 23:50:08,661 - INFO - tree_node.f_best*ep:-2.983875274658203,left_f_best-2.376957416534424,right_f_best-2.983875274658203,i:12
2025-04-25 23:50:30,888 - INFO - 添加左子节点，右子节点，len(queue):7
2025-04-25 23:50:30,889 - INFO - Node 1: k=340.44938604490335, f_best=-2.911738395690918, f_min=-2.9888419981998595
2025-04-25 23:50:30,889 - INFO - Node 2: k=89.04096005364887, f_best=-2.3115878105163574, f_min=-2.885559066773112
2025-04-25 23:50:30,889 - INFO - Node 3: k=160.1588298677633, f_best=-2.939652442932129, f_min=-2.9762000422024357
2025-04-25 23:50:30,889 - INFO - Node 4: k=121.7232316273027, f_best=-2.3348946571350098, f_min=-2.471065026859833
2025-04-25 23:50:30,889 - INFO - Node 5: k=132.56985622775525, f_best=-2.946075916290283, f_min=-3.2938202734526385
2025-04-25 23:50:30,889 - INFO - Node 6: k=129.21166316865475, f_best=-2.3453898429870605, f_min=-3.3334728525755963
2025-04-25 23:50:30,889 - INFO - Node 7: k=111.93900209768718, f_best=-2.9539737701416016, f_min=-3.2966762572773405
2025-04-25 23:50:30,889 - INFO - Node 8: k=92.65638008607682, f_best=-2.361301898956299, f_min=-2.369516890000341
2025-04-25 23:50:30,889 - INFO - Node 9: k=110.83069514622493, f_best=-2.965782642364502, f_min=-3.3609967151387536
2025-04-25 23:50:30,890 - INFO - Node 10: k=101.76272917971573, f_best=-2.36171293258667, f_min=-2.6149346450979465
2025-04-25 23:50:30,890 - INFO - Node 11: k=68.74389186505489, f_best=-2.983875274658203, f_min=-3.200320634619402
2025-04-25 23:50:30,890 - INFO - Node 12: k=142.73006199727607, f_best=-2.376957416534424, f_min=-3.4250246811870966
2025-04-25 23:50:30,890 - INFO - Node 13: k=103.37379037862647, f_best=-2.983875274658203, f_min=-3.7306216384022264
2025-04-25 23:50:30,890 - INFO - cur_node_number 9,f_best -2.983875274658203,f_min -3.7306216384022264,k 103.37379037862647
2025-04-25 23:50:30,890 - INFO - f_best_current -2.983875274658203,f_min -3.7306216384022264
2025-04-25 23:50:30,890 - INFO - 回退,len(queue)=5
2025-04-25 23:50:37,887 - INFO - tree_node.f_best*ep:-2.983875274658203,left_f_best-2.3151392936706543,right_f_best-2.9159464836120605,i:1
2025-04-25 23:50:45,419 - INFO - tree_node.f_best*ep:-2.983875274658203,left_f_best-2.3468399047851562,right_f_best-2.9337501525878906,i:2
2025-04-25 23:50:53,460 - INFO - tree_node.f_best*ep:-2.983875274658203,left_f_best-2.3322391510009766,right_f_best-2.952169418334961,i:3
2025-04-25 23:51:01,908 - INFO - tree_node.f_best*ep:-2.983875274658203,left_f_best-2.339992046356201,right_f_best-2.956035614013672,i:4
2025-04-25 23:51:10,958 - INFO - tree_node.f_best*ep:-2.983875274658203,left_f_best-2.3542418479919434,right_f_best-2.968958854675293,i:5
2025-04-25 23:51:20,668 - INFO - tree_node.f_best*ep:-2.983875274658203,left_f_best-2.3529486656188965,right_f_best-2.9773507118225098,i:6
2025-04-25 23:51:30,715 - INFO - tree_node.f_best*ep:-2.983875274658203,left_f_best-2.3696470260620117,right_f_best-2.974102020263672,i:7
2025-04-25 23:51:40,990 - INFO - tree_node.f_best*ep:-2.983875274658203,left_f_best-2.3713979721069336,right_f_best-2.9828591346740723,i:8
2025-04-25 23:51:51,578 - INFO - tree_node.f_best*ep:-2.983875274658203,left_f_best-2.3720717430114746,right_f_best-2.9823036193847656,i:9
2025-04-25 23:52:02,556 - INFO - tree_node.f_best*ep:-2.983875274658203,left_f_best-2.3785276412963867,right_f_best-2.9852986335754395,i:10
2025-04-25 23:52:29,617 - INFO - 添加左子节点，右子节点，len(queue):7
2025-04-25 23:52:29,617 - INFO - Node 1: k=340.44938604490335, f_best=-2.911738395690918, f_min=-2.9888419981998595
2025-04-25 23:52:29,617 - INFO - Node 2: k=89.04096005364887, f_best=-2.3115878105163574, f_min=-2.885559066773112
2025-04-25 23:52:29,617 - INFO - Node 3: k=160.1588298677633, f_best=-2.939652442932129, f_min=-2.9762000422024357
2025-04-25 23:52:29,617 - INFO - Node 4: k=121.7232316273027, f_best=-2.3348946571350098, f_min=-2.471065026859833
2025-04-25 23:52:29,618 - INFO - Node 5: k=132.56985622775525, f_best=-2.946075916290283, f_min=-3.2938202734526385
2025-04-25 23:52:29,618 - INFO - Node 6: k=129.21166316865475, f_best=-2.3453898429870605, f_min=-3.3334728525755963
2025-04-25 23:52:29,618 - INFO - Node 7: k=111.93900209768718, f_best=-2.9539737701416016, f_min=-3.2966762572773405
2025-04-25 23:52:29,618 - INFO - Node 8: k=92.65638008607682, f_best=-2.361301898956299, f_min=-2.369516890000341
2025-04-25 23:52:29,618 - INFO - Node 9: k=110.83069514622493, f_best=-2.965782642364502, f_min=-3.3609967151387536
2025-04-25 23:52:29,618 - INFO - Node 10: k=101.76272917971573, f_best=-2.36171293258667, f_min=-2.6149346450979465
2025-04-25 23:52:29,618 - INFO - Node 11: k=103.37379037862647, f_best=-2.983875274658203, f_min=-3.200320634619402
2025-04-25 23:52:29,619 - INFO - Node 12: k=139.9177159075346, f_best=-2.3785276412963867, f_min=-2.6542728505824016
2025-04-25 23:52:29,619 - INFO - Node 13: k=120.01376142851117, f_best=-2.9852986335754395, f_min=-5.959951022060068
2025-04-25 23:52:29,619 - INFO - cur_node_number 10,f_best -2.9852986335754395,f_min -5.959951022060068,k 120.01376142851117
2025-04-25 23:52:29,619 - INFO - f_best_current -2.9852986335754395,f_min -5.959951022060068
2025-04-25 23:52:29,619 - INFO - 回退,len(queue)=5
2025-04-25 23:52:29,619 - INFO - 回退,len(queue)=4
2025-04-25 23:52:29,620 - INFO - 回退,len(queue)=3
2025-04-25 23:52:37,290 - INFO - tree_node.f_best*ep:-2.9539737701416016,left_f_best-2.315335750579834,right_f_best-2.928713321685791,i:1
2025-04-25 23:52:45,242 - INFO - tree_node.f_best*ep:-2.9539737701416016,left_f_best-2.329868793487549,right_f_best-2.9480934143066406,i:2
2025-04-25 23:52:53,512 - INFO - tree_node.f_best*ep:-2.9539737701416016,left_f_best-2.348219394683838,right_f_best-2.934624671936035,i:3
2025-04-25 23:53:02,222 - INFO - tree_node.f_best*ep:-2.9539737701416016,left_f_best-2.3520965576171875,right_f_best-2.9602131843566895,i:4
2025-04-25 23:53:24,464 - INFO - 添加左子节点，右子节点，len(queue):5
2025-04-25 23:53:24,464 - INFO - Node 1: k=340.44938604490335, f_best=-2.911738395690918, f_min=-2.9888419981998595
2025-04-25 23:53:24,464 - INFO - Node 2: k=89.04096005364887, f_best=-2.3115878105163574, f_min=-2.885559066773112
2025-04-25 23:53:24,464 - INFO - Node 3: k=160.1588298677633, f_best=-2.939652442932129, f_min=-2.9762000422024357
2025-04-25 23:53:24,464 - INFO - Node 4: k=121.7232316273027, f_best=-2.3348946571350098, f_min=-2.471065026859833
2025-04-25 23:53:24,465 - INFO - Node 5: k=132.56985622775525, f_best=-2.946075916290283, f_min=-3.2938202734526385
2025-04-25 23:53:24,465 - INFO - Node 6: k=129.21166316865475, f_best=-2.3453898429870605, f_min=-3.3334728525755963
2025-04-25 23:53:24,465 - INFO - Node 7: k=120.01376142851117, f_best=-2.9539737701416016, f_min=-3.2966762572773405
2025-04-25 23:53:24,465 - INFO - Node 8: k=96.41860066965567, f_best=-2.3520965576171875, f_min=-4.059876096458993
2025-04-25 23:53:24,465 - INFO - Node 9: k=84.71941828261006, f_best=-2.9602131843566895, f_min=-3.0521307835078915
2025-04-25 23:53:24,465 - INFO - cur_node_number 11,f_best -2.9602131843566895,f_min -3.0521307835078915,k 84.71941828261006
2025-04-25 23:53:24,465 - INFO - f_best_current -2.9602131843566895,f_min -3.0521307835078915
2025-04-25 23:53:32,060 - INFO - tree_node.f_best*ep:-2.9602131843566895,left_f_best-2.3237462043762207,right_f_best-2.9241442680358887,i:1
2025-04-25 23:53:40,017 - INFO - tree_node.f_best*ep:-2.9602131843566895,left_f_best-2.332559108734131,right_f_best-2.9409608840942383,i:2
2025-04-25 23:53:48,361 - INFO - tree_node.f_best*ep:-2.9602131843566895,left_f_best-2.3501930236816406,right_f_best-2.9619274139404297,i:3
2025-04-25 23:54:12,076 - INFO - 添加左子节点，右子节点，len(queue):6
2025-04-25 23:54:12,076 - INFO - Node 1: k=340.44938604490335, f_best=-2.911738395690918, f_min=-2.9888419981998595
2025-04-25 23:54:12,077 - INFO - Node 2: k=89.04096005364887, f_best=-2.3115878105163574, f_min=-2.885559066773112
2025-04-25 23:54:12,077 - INFO - Node 3: k=160.1588298677633, f_best=-2.939652442932129, f_min=-2.9762000422024357
2025-04-25 23:54:12,077 - INFO - Node 4: k=121.7232316273027, f_best=-2.3348946571350098, f_min=-2.471065026859833
2025-04-25 23:54:12,077 - INFO - Node 5: k=132.56985622775525, f_best=-2.946075916290283, f_min=-3.2938202734526385
2025-04-25 23:54:12,077 - INFO - Node 6: k=129.21166316865475, f_best=-2.3453898429870605, f_min=-3.3334728525755963
2025-04-25 23:54:12,077 - INFO - Node 7: k=120.01376142851117, f_best=-2.9539737701416016, f_min=-3.2966762572773405
2025-04-25 23:54:12,077 - INFO - Node 8: k=96.41860066965567, f_best=-2.3520965576171875, f_min=-4.059876096458993
2025-04-25 23:54:12,077 - INFO - Node 9: k=84.71941828261006, f_best=-2.9602131843566895, f_min=-3.0521307835078915
2025-04-25 23:54:12,078 - INFO - Node 10: k=116.48417445825169, f_best=-2.3501930236816406, f_min=-3.10985213533786
2025-04-25 23:54:12,078 - INFO - Node 11: k=86.42227859009053, f_best=-2.9619274139404297, f_min=-3.732557483775963
2025-04-25 23:54:12,078 - INFO - cur_node_number 12,f_best -2.9619274139404297,f_min -3.732557483775963,k 86.42227859009053
2025-04-25 23:54:12,078 - INFO - f_best_current -2.9619274139404297,f_min -3.732557483775963
2025-04-25 23:54:12,078 - INFO - 回退,len(queue)=4
2025-04-25 23:54:19,679 - INFO - tree_node.f_best*ep:-2.9602131843566895,left_f_best-2.3111162185668945,right_f_best-2.9296517372131348,i:1
2025-04-25 23:54:27,628 - INFO - tree_node.f_best*ep:-2.9602131843566895,left_f_best-2.3411660194396973,right_f_best-2.9397387504577637,i:2
2025-04-25 23:54:36,120 - INFO - tree_node.f_best*ep:-2.9602131843566895,left_f_best-2.3462510108947754,right_f_best-2.9539036750793457,i:3
2025-04-25 23:54:45,027 - INFO - tree_node.f_best*ep:-2.9602131843566895,left_f_best-2.33433198928833,right_f_best-2.954339027404785,i:4
2025-04-25 23:54:54,114 - INFO - tree_node.f_best*ep:-2.9602131843566895,left_f_best-2.3679189682006836,right_f_best-2.9690656661987305,i:5
2025-04-25 23:55:19,839 - INFO - 添加左子节点，右子节点，len(queue):6
2025-04-25 23:55:19,839 - INFO - Node 1: k=340.44938604490335, f_best=-2.911738395690918, f_min=-2.9888419981998595
2025-04-25 23:55:19,839 - INFO - Node 2: k=89.04096005364887, f_best=-2.3115878105163574, f_min=-2.885559066773112
2025-04-25 23:55:19,839 - INFO - Node 3: k=160.1588298677633, f_best=-2.939652442932129, f_min=-2.9762000422024357
2025-04-25 23:55:19,839 - INFO - Node 4: k=121.7232316273027, f_best=-2.3348946571350098, f_min=-2.471065026859833
2025-04-25 23:55:19,840 - INFO - Node 5: k=132.56985622775525, f_best=-2.946075916290283, f_min=-3.2938202734526385
2025-04-25 23:55:19,840 - INFO - Node 6: k=129.21166316865475, f_best=-2.3453898429870605, f_min=-3.3334728525755963
2025-04-25 23:55:19,840 - INFO - Node 7: k=120.01376142851117, f_best=-2.9539737701416016, f_min=-3.2966762572773405
2025-04-25 23:55:19,840 - INFO - Node 8: k=96.41860066965567, f_best=-2.3520965576171875, f_min=-4.059876096458993
2025-04-25 23:55:19,840 - INFO - Node 9: k=86.42227859009053, f_best=-2.9602131843566895, f_min=-3.0521307835078915
2025-04-25 23:55:19,840 - INFO - Node 10: k=118.14336939137465, f_best=-2.3679189682006836, f_min=-3.9461563887284683
2025-04-25 23:55:19,841 - INFO - Node 11: k=132.56985622775525, f_best=-2.9690656661987305, f_min=-3.793183076045807
2025-04-25 23:55:19,841 - INFO - cur_node_number 13,f_best -2.9690656661987305,f_min -3.793183076045807,k 132.56985622775525
2025-04-25 23:55:19,841 - INFO - f_best_current -2.9690656661987305,f_min -3.793183076045807
2025-04-25 23:55:19,841 - INFO - 回退,len(queue)=4
2025-04-25 23:55:19,841 - INFO - 回退,len(queue)=3
2025-04-25 23:55:27,518 - INFO - tree_node.f_best*ep:-2.9539737701416016,left_f_best-2.3311777114868164,right_f_best-2.930992603302002,i:1
2025-04-25 23:55:35,460 - INFO - tree_node.f_best*ep:-2.9539737701416016,left_f_best-2.3254313468933105,right_f_best-2.939164161682129,i:2
2025-04-25 23:55:43,879 - INFO - tree_node.f_best*ep:-2.9539737701416016,left_f_best-2.344369411468506,right_f_best-2.9573564529418945,i:3
2025-04-25 23:56:09,280 - INFO - 添加左子节点，右子节点，len(queue):5
2025-04-25 23:56:09,280 - INFO - Node 1: k=340.44938604490335, f_best=-2.911738395690918, f_min=-2.9888419981998595
2025-04-25 23:56:09,280 - INFO - Node 2: k=89.04096005364887, f_best=-2.3115878105163574, f_min=-2.885559066773112
2025-04-25 23:56:09,280 - INFO - Node 3: k=160.1588298677633, f_best=-2.939652442932129, f_min=-2.9762000422024357
2025-04-25 23:56:09,280 - INFO - Node 4: k=121.7232316273027, f_best=-2.3348946571350098, f_min=-2.471065026859833
2025-04-25 23:56:09,280 - INFO - Node 5: k=132.56985622775525, f_best=-2.946075916290283, f_min=-3.2938202734526385
2025-04-25 23:56:09,280 - INFO - Node 6: k=129.21166316865475, f_best=-2.3453898429870605, f_min=-3.3334728525755963
2025-04-25 23:56:09,281 - INFO - Node 7: k=132.56985622775525, f_best=-2.9539737701416016, f_min=-3.2966762572773405
2025-04-25 23:56:09,281 - INFO - Node 8: k=121.7232316273027, f_best=-2.344369411468506, f_min=-3.4934945451304884
2025-04-25 23:56:09,281 - INFO - Node 9: k=120.01376142851117, f_best=-2.9573564529418945, f_min=-2.986297509889937
2025-04-25 23:56:09,281 - INFO - cur_node_number 14,f_best -2.9573564529418945,f_min -2.986297509889937,k 120.01376142851117
2025-04-25 23:56:09,281 - INFO - f_best_current -2.9573564529418945,f_min -2.986297509889937
2025-04-25 23:56:09,281 - INFO - 结束,fmin= -2.986297509889937, fbestmin=-2.9573564529418945
