2025-04-25 19:55:11,101 - INFO - Namespace(log_file='outputs/dnn1/img[2]/min/DNN1img2_label4.log', image_path='img[2].png', model_path='network/SimpleNN14.pth', label=4, init_epsilon=0.05, epsilon=0.01, ep=1, min=1)
2025-04-25 19:55:11,111 - INFO - Model output max(1): torch.return_types.max(
values=tensor([7.1571], grad_fn=<MaxBackward0>),
indices=tensor([2]))
2025-04-25 19:55:16,089 - INFO - cur_node_number 1,f_best -13.678914070129395,f_min -23.629731986278784,k 955.3529379890948
2025-04-25 19:55:16,089 - INFO - f_best_current -13.678914070129395,f_min -23.629731986278784
2025-04-25 19:55:24,051 - INFO - tree_node.f_best*ep:-13.678914070129395,left_f_best-12.452424049377441,right_f_best-13.687658309936523,i:1
2025-04-25 19:55:47,383 - INFO - 添加左子节点，右子节点，len(queue):2
2025-04-25 19:55:47,383 - INFO - Node 1: k=955.3529379890948, f_best=-13.678914070129395, f_min=-23.629731986278784
2025-04-25 19:55:47,384 - INFO - Node 2: k=231.55729616936694, f_best=-12.452424049377441, f_min=-14.855074565724863
2025-04-25 19:55:47,384 - INFO - Node 3: k=238.57371380059496, f_best=-13.687658309936523, f_min=-14.040444421454595
2025-04-25 19:55:47,384 - INFO - cur_node_number 2,f_best -13.687658309936523,f_min -14.040444421454595,k 238.57371380059496
2025-04-25 19:55:47,384 - INFO - f_best_current -13.687658309936523,f_min -14.040444421454595
2025-04-25 19:55:56,873 - INFO - tree_node.f_best*ep:-13.687658309936523,left_f_best-12.454384803771973,right_f_best-13.697625160217285,i:1
2025-04-25 19:56:23,337 - INFO - 添加左子节点，右子节点，len(queue):3
2025-04-25 19:56:23,337 - INFO - Node 1: k=955.3529379890948, f_best=-13.678914070129395, f_min=-23.629731986278784
2025-04-25 19:56:23,337 - INFO - Node 2: k=231.55729616936694, f_best=-12.452424049377441, f_min=-14.855074565724863
2025-04-25 19:56:23,338 - INFO - Node 3: k=238.57371380059496, f_best=-13.687658309936523, f_min=-14.040444421454595
2025-04-25 19:56:23,338 - INFO - Node 4: k=204.31566394795584, f_best=-12.454384803771973, f_min=-12.926416073483779
2025-04-25 19:56:23,338 - INFO - Node 5: k=278.14051249815253, f_best=-13.697625160217285, f_min=-15.02793924960406
2025-04-25 19:56:23,338 - INFO - cur_node_number 3,f_best -13.697625160217285,f_min -15.02793924960406,k 278.14051249815253
2025-04-25 19:56:23,338 - INFO - f_best_current -13.697625160217285,f_min -15.02793924960406
2025-04-25 19:56:23,338 - INFO - 回退,len(queue)=1
2025-04-25 19:56:30,646 - INFO - tree_node.f_best*ep:-13.687658309936523,left_f_best-12.45748519897461,right_f_best-13.690485954284668,i:1
2025-04-25 19:56:50,446 - INFO - 添加左子节点，右子节点，len(queue):3
2025-04-25 19:56:50,446 - INFO - Node 1: k=955.3529379890948, f_best=-13.678914070129395, f_min=-23.629731986278784
2025-04-25 19:56:50,446 - INFO - Node 2: k=231.55729616936694, f_best=-12.452424049377441, f_min=-14.855074565724863
2025-04-25 19:56:50,447 - INFO - Node 3: k=278.14051249815253, f_best=-13.687658309936523, f_min=-14.040444421454595
2025-04-25 19:56:50,447 - INFO - Node 4: k=124.94914689149516, f_best=-12.45748519897461, f_min=-12.695355588104576
2025-04-25 19:56:50,447 - INFO - Node 5: k=184.19034985102425, f_best=-13.690485954284668, f_min=-13.693752329065319
2025-04-25 19:56:50,447 - INFO - cur_node_number 4,f_best -13.690485954284668,f_min -13.693752329065319,k 184.19034985102425
2025-04-25 19:56:50,447 - INFO - f_best_current -13.690485954284668,f_min -13.693752329065319
2025-04-25 19:56:50,447 - INFO - 结束,fmin= -13.693752329065319, fbestmin=-13.690485954284668
