2025-04-25 23:40:37,409 - INFO - Namespace(log_file='outputs/dnn1/img[2]/min/DNN1img2_label2.log', image_path='img[2].png', model_path='network/SimpleNN14.pth', label=2, init_epsilon=0.05, epsilon=0.01, ep=1, min=1)
2025-04-25 23:40:37,420 - INFO - Model output max(1): torch.return_types.max(
values=tensor([7.1571], grad_fn=<MaxBackward0>),
indices=tensor([2]))
2025-04-25 23:40:40,644 - INFO - cur_node_number 1,f_best 2.8652803897857666,f_min 2.0467341230596503,k 317.3015860643389
2025-04-25 23:40:40,645 - INFO - f_best_current 2.8652803897857666,f_min 2.0467341230596503
2025-04-25 23:40:45,793 - INFO - tree_node.f_best*ep:2.8652803897857666,left_f_best3.7875704765319824,right_f_best2.828096389770508,i:1
2025-04-25 23:41:03,163 - INFO - 添加左子节点，右子节点，len(queue):2
2025-04-25 23:41:03,163 - INFO - Node 1: k=317.3015860643389, f_best=2.8652803897857666, f_min=2.0467341230596503
2025-04-25 23:41:03,163 - INFO - Node 2: k=224.04528647815985, f_best=3.7875704765319824, f_min=3.453885174979405
2025-04-25 23:41:03,163 - INFO - Node 3: k=129.07412833123516, f_best=2.828096389770508, f_min=2.5323519287831004
2025-04-25 23:41:03,164 - INFO - cur_node_number 2,f_best 2.828096389770508,f_min 2.5323519287831004,k 129.07412833123516
2025-04-25 23:41:03,164 - INFO - f_best_current 2.828096389770508,f_min 2.5323519287831004
2025-04-25 23:41:08,354 - INFO - tree_node.f_best*ep:2.828096389770508,left_f_best3.771122932434082,right_f_best2.8419370651245117,i:1
2025-04-25 23:41:13,813 - INFO - tree_node.f_best*ep:2.828096389770508,left_f_best3.7474446296691895,right_f_best2.832857847213745,i:2
2025-04-25 23:41:19,523 - INFO - tree_node.f_best*ep:2.828096389770508,left_f_best3.7608675956726074,right_f_best2.812201738357544,i:3
2025-04-25 23:41:34,453 - INFO - 添加左子节点，右子节点，len(queue):3
2025-04-25 23:41:34,454 - INFO - Node 1: k=317.3015860643389, f_best=2.8652803897857666, f_min=2.0467341230596503
2025-04-25 23:41:34,454 - INFO - Node 2: k=224.04528647815985, f_best=3.7875704765319824, f_min=3.453885174979405
2025-04-25 23:41:34,454 - INFO - Node 3: k=129.07412833123516, f_best=2.828096389770508, f_min=2.5323519287831004
2025-04-25 23:41:34,454 - INFO - Node 4: k=158.15674897163234, f_best=3.7608675956726074, f_min=2.7062094213588352
2025-04-25 23:41:34,454 - INFO - Node 5: k=84.9848479946565, f_best=2.812201738357544, f_min=2.5075252863712194
2025-04-25 23:41:34,454 - INFO - cur_node_number 3,f_best 2.812201738357544,f_min 2.5075252863712194,k 84.9848479946565
2025-04-25 23:41:34,454 - INFO - f_best_current 2.812201738357544,f_min 2.5075252863712194
2025-04-25 23:41:39,593 - INFO - tree_node.f_best*ep:2.812201738357544,left_f_best3.776431083679199,right_f_best2.847612142562866,i:1
2025-04-25 23:41:45,062 - INFO - tree_node.f_best*ep:2.812201738357544,left_f_best3.758531332015991,right_f_best2.8214659690856934,i:2
2025-04-25 23:41:50,871 - INFO - tree_node.f_best*ep:2.812201738357544,left_f_best3.7653675079345703,right_f_best2.8163352012634277,i:3
2025-04-25 23:41:56,953 - INFO - tree_node.f_best*ep:2.812201738357544,left_f_best3.752638816833496,right_f_best2.815340757369995,i:4
2025-04-25 23:42:03,362 - INFO - tree_node.f_best*ep:2.812201738357544,left_f_best3.735405683517456,right_f_best2.787585496902466,i:5
2025-04-25 23:42:19,458 - INFO - 添加左子节点，右子节点，len(queue):4
2025-04-25 23:42:19,458 - INFO - Node 1: k=317.3015860643389, f_best=2.8652803897857666, f_min=2.0467341230596503
2025-04-25 23:42:19,458 - INFO - Node 2: k=224.04528647815985, f_best=3.7875704765319824, f_min=3.453885174979405
2025-04-25 23:42:19,458 - INFO - Node 3: k=129.07412833123516, f_best=2.828096389770508, f_min=2.5323519287831004
2025-04-25 23:42:19,458 - INFO - Node 4: k=158.15674897163234, f_best=3.7608675956726074, f_min=2.7062094213588352
2025-04-25 23:42:19,458 - INFO - Node 5: k=84.9848479946565, f_best=2.812201738357544, f_min=2.5075252863712194
2025-04-25 23:42:19,458 - INFO - Node 6: k=148.9908117920219, f_best=3.735405683517456, f_min=2.540893905313169
2025-04-25 23:42:19,458 - INFO - Node 7: k=134.3150555287379, f_best=2.787585496902466, f_min=1.6680429363350413
2025-04-25 23:42:19,459 - INFO - cur_node_number 4,f_best 2.787585496902466,f_min 1.6680429363350413,k 134.3150555287379
2025-04-25 23:42:19,459 - INFO - f_best_current 2.787585496902466,f_min 1.6680429363350413
2025-04-25 23:42:19,459 - INFO - 回退,len(queue)=2
2025-04-25 23:42:19,459 - INFO - 回退,len(queue)=1
2025-04-25 23:42:24,779 - INFO - tree_node.f_best*ep:2.828096389770508,left_f_best3.7481846809387207,right_f_best2.852741241455078,i:1
2025-04-25 23:42:30,320 - INFO - tree_node.f_best*ep:2.828096389770508,left_f_best3.768474578857422,right_f_best2.811155080795288,i:2
2025-04-25 23:42:46,685 - INFO - 添加左子节点，右子节点，len(queue):3
2025-04-25 23:42:46,685 - INFO - Node 1: k=317.3015860643389, f_best=2.8652803897857666, f_min=2.0467341230596503
2025-04-25 23:42:46,685 - INFO - Node 2: k=224.04528647815985, f_best=3.7875704765319824, f_min=3.453885174979405
2025-04-25 23:42:46,685 - INFO - Node 3: k=134.3150555287379, f_best=2.828096389770508, f_min=2.5323519287831004
2025-04-25 23:42:46,685 - INFO - Node 4: k=176.45047863914257, f_best=3.768474578857422, f_min=2.6021719644741097
2025-04-25 23:42:46,686 - INFO - Node 5: k=112.76154573415418, f_best=2.811155080795288, f_min=2.18632828769114
2025-04-25 23:42:46,686 - INFO - cur_node_number 5,f_best 2.811155080795288,f_min 2.18632828769114,k 112.76154573415418
2025-04-25 23:42:46,686 - INFO - f_best_current 2.811155080795288,f_min 2.18632828769114
2025-04-25 23:42:52,000 - INFO - tree_node.f_best*ep:2.811155080795288,left_f_best3.753366708755493,right_f_best2.8337666988372803,i:1
2025-04-25 23:42:57,566 - INFO - tree_node.f_best*ep:2.811155080795288,left_f_best3.7599501609802246,right_f_best2.8253345489501953,i:2
2025-04-25 23:43:03,455 - INFO - tree_node.f_best*ep:2.811155080795288,left_f_best3.763279914855957,right_f_best2.8391308784484863,i:3
2025-04-25 23:43:09,558 - INFO - tree_node.f_best*ep:2.811155080795288,left_f_best3.7372095584869385,right_f_best2.8133726119995117,i:4
2025-04-25 23:43:15,955 - INFO - tree_node.f_best*ep:2.811155080795288,left_f_best3.7347073554992676,right_f_best2.8173129558563232,i:5
2025-04-25 23:43:22,563 - INFO - tree_node.f_best*ep:2.811155080795288,left_f_best3.714057207107544,right_f_best2.7956132888793945,i:6
2025-04-25 23:43:38,572 - INFO - 添加左子节点，右子节点，len(queue):4
2025-04-25 23:43:38,572 - INFO - Node 1: k=317.3015860643389, f_best=2.8652803897857666, f_min=2.0467341230596503
2025-04-25 23:43:38,572 - INFO - Node 2: k=224.04528647815985, f_best=3.7875704765319824, f_min=3.453885174979405
2025-04-25 23:43:38,572 - INFO - Node 3: k=134.3150555287379, f_best=2.828096389770508, f_min=2.5323519287831004
2025-04-25 23:43:38,572 - INFO - Node 4: k=176.45047863914257, f_best=3.768474578857422, f_min=2.6021719644741097
2025-04-25 23:43:38,572 - INFO - Node 5: k=112.76154573415418, f_best=2.811155080795288, f_min=2.18632828769114
2025-04-25 23:43:38,572 - INFO - Node 6: k=123.32564189456845, f_best=3.714057207107544, f_min=2.64784621535091
2025-04-25 23:43:38,572 - INFO - Node 7: k=148.36738211287843, f_best=2.7956132888793945, f_min=1.3311904445836262
2025-04-25 23:43:38,572 - INFO - cur_node_number 6,f_best 2.7956132888793945,f_min 1.3311904445836262,k 148.36738211287843
2025-04-25 23:43:38,573 - INFO - f_best_current 2.7956132888793945,f_min 1.3311904445836262
2025-04-25 23:43:38,573 - INFO - 回退,len(queue)=2
2025-04-25 23:43:38,573 - INFO - 回退,len(queue)=1
2025-04-25 23:43:44,056 - INFO - tree_node.f_best*ep:2.828096389770508,left_f_best3.775209426879883,right_f_best2.862826347351074,i:1
2025-04-25 23:43:50,049 - INFO - tree_node.f_best*ep:2.828096389770508,left_f_best3.766446113586426,right_f_best2.8312437534332275,i:2
2025-04-25 23:43:56,210 - INFO - tree_node.f_best*ep:2.828096389770508,left_f_best3.7379517555236816,right_f_best2.8383986949920654,i:3
2025-04-25 23:44:02,884 - INFO - tree_node.f_best*ep:2.828096389770508,left_f_best3.74186635017395,right_f_best2.801459550857544,i:4
2025-04-25 23:44:21,728 - INFO - 添加左子节点，右子节点，len(queue):3
2025-04-25 23:44:21,729 - INFO - Node 1: k=317.3015860643389, f_best=2.8652803897857666, f_min=2.0467341230596503
2025-04-25 23:44:21,729 - INFO - Node 2: k=224.04528647815985, f_best=3.7875704765319824, f_min=3.453885174979405
2025-04-25 23:44:21,729 - INFO - Node 3: k=148.36738211287843, f_best=2.828096389770508, f_min=2.5323519287831004
2025-04-25 23:44:21,729 - INFO - Node 4: k=186.52198592148122, f_best=3.74186635017395, f_min=1.3359955545884077
2025-04-25 23:44:21,729 - INFO - Node 5: k=140.3560843453305, f_best=2.801459550857544, f_min=0.49113643032069376
2025-04-25 23:44:21,729 - INFO - cur_node_number 7,f_best 2.801459550857544,f_min 0.49113643032069376,k 140.3560843453305
2025-04-25 23:44:21,729 - INFO - f_best_current 2.801459550857544,f_min 0.49113643032069376
2025-04-25 23:44:27,894 - INFO - tree_node.f_best*ep:2.801459550857544,left_f_best3.8107619285583496,right_f_best2.832426071166992,i:1
2025-04-25 23:44:34,283 - INFO - tree_node.f_best*ep:2.801459550857544,left_f_best3.7582926750183105,right_f_best2.822016716003418,i:2
2025-04-25 23:44:40,807 - INFO - tree_node.f_best*ep:2.801459550857544,left_f_best3.742278814315796,right_f_best2.8406646251678467,i:3
2025-04-25 23:44:47,650 - INFO - tree_node.f_best*ep:2.801459550857544,left_f_best3.7476837635040283,right_f_best2.7971088886260986,i:4
2025-04-25 23:45:06,960 - INFO - 添加左子节点，右子节点，len(queue):4
2025-04-25 23:45:06,960 - INFO - Node 1: k=317.3015860643389, f_best=2.8652803897857666, f_min=2.0467341230596503
2025-04-25 23:45:06,961 - INFO - Node 2: k=224.04528647815985, f_best=3.7875704765319824, f_min=3.453885174979405
2025-04-25 23:45:06,961 - INFO - Node 3: k=148.36738211287843, f_best=2.828096389770508, f_min=2.5323519287831004
2025-04-25 23:45:06,961 - INFO - Node 4: k=186.52198592148122, f_best=3.74186635017395, f_min=1.3359955545884077
2025-04-25 23:45:06,961 - INFO - Node 5: k=140.3560843453305, f_best=2.801459550857544, f_min=0.49113643032069376
2025-04-25 23:45:06,961 - INFO - Node 6: k=148.9908117920219, f_best=3.7476837635040283, f_min=2.0955663853474107
2025-04-25 23:45:06,961 - INFO - Node 7: k=197.99684658576834, f_best=2.7971088886260986, f_min=2.734868645345159
2025-04-25 23:45:06,961 - INFO - cur_node_number 8,f_best 2.7971088886260986,f_min 2.734868645345159,k 197.99684658576834
2025-04-25 23:45:06,961 - INFO - f_best_current 2.7971088886260986,f_min 2.734868645345159
2025-04-25 23:45:06,962 - INFO - 回退,len(queue)=2
2025-04-25 23:45:06,962 - INFO - 回退,len(queue)=1
2025-04-25 23:45:13,013 - INFO - tree_node.f_best*ep:2.828096389770508,left_f_best3.7810654640197754,right_f_best2.8325300216674805,i:1
2025-04-25 23:45:19,322 - INFO - tree_node.f_best*ep:2.828096389770508,left_f_best3.755009651184082,right_f_best2.822406053543091,i:2
2025-04-25 23:45:37,526 - INFO - 添加左子节点，右子节点，len(queue):3
2025-04-25 23:45:37,526 - INFO - Node 1: k=317.3015860643389, f_best=2.8652803897857666, f_min=2.0467341230596503
2025-04-25 23:45:37,526 - INFO - Node 2: k=224.04528647815985, f_best=3.7875704765319824, f_min=3.453885174979405
2025-04-25 23:45:37,526 - INFO - Node 3: k=197.99684658576834, f_best=2.828096389770508, f_min=2.5323519287831004
2025-04-25 23:45:37,527 - INFO - Node 4: k=181.79710459238723, f_best=3.755009651184082, f_min=-1.8394230865023928
2025-04-25 23:45:37,527 - INFO - Node 5: k=102.08155634414598, f_best=2.822406053543091, f_min=2.568672623896873
2025-04-25 23:45:37,527 - INFO - cur_node_number 9,f_best 2.822406053543091,f_min 2.568672623896873,k 102.08155634414598
2025-04-25 23:45:37,527 - INFO - f_best_current 2.822406053543091,f_min 2.568672623896873
2025-04-25 23:45:43,337 - INFO - tree_node.f_best*ep:2.822406053543091,left_f_best3.793715000152588,right_f_best2.8331298828125,i:1
2025-04-25 23:45:49,118 - INFO - tree_node.f_best*ep:2.822406053543091,left_f_best3.748749017715454,right_f_best2.823512554168701,i:2
2025-04-25 23:45:55,226 - INFO - tree_node.f_best*ep:2.822406053543091,left_f_best3.748659610748291,right_f_best2.821096658706665,i:3
2025-04-25 23:46:13,908 - INFO - 添加左子节点，右子节点，len(queue):4
2025-04-25 23:46:13,908 - INFO - Node 1: k=317.3015860643389, f_best=2.8652803897857666, f_min=2.0467341230596503
2025-04-25 23:46:13,908 - INFO - Node 2: k=224.04528647815985, f_best=3.7875704765319824, f_min=3.453885174979405
2025-04-25 23:46:13,909 - INFO - Node 3: k=197.99684658576834, f_best=2.828096389770508, f_min=2.5323519287831004
2025-04-25 23:46:13,909 - INFO - Node 4: k=181.79710459238723, f_best=3.755009651184082, f_min=-1.8394230865023928
2025-04-25 23:46:13,909 - INFO - Node 5: k=102.08155634414598, f_best=2.822406053543091, f_min=2.568672623896873
2025-04-25 23:46:13,909 - INFO - Node 6: k=128.33315749131194, f_best=3.748659610748291, f_min=3.585475464642059
2025-04-25 23:46:13,909 - INFO - Node 7: k=214.40221301861354, f_best=2.821096658706665, f_min=2.467055415933828
2025-04-25 23:46:13,909 - INFO - cur_node_number 10,f_best 2.821096658706665,f_min 2.467055415933828,k 214.40221301861354
2025-04-25 23:46:13,909 - INFO - f_best_current 2.821096658706665,f_min 2.467055415933828
2025-04-25 23:46:13,909 - INFO - 回退,len(queue)=2
2025-04-25 23:46:13,909 - INFO - 回退,len(queue)=1
2025-04-25 23:46:19,937 - INFO - tree_node.f_best*ep:2.828096389770508,left_f_best3.7757327556610107,right_f_best2.86672043800354,i:1
2025-04-25 23:46:25,897 - INFO - tree_node.f_best*ep:2.828096389770508,left_f_best3.768631935119629,right_f_best2.8371286392211914,i:2
2025-04-25 23:46:32,125 - INFO - tree_node.f_best*ep:2.828096389770508,left_f_best3.766202449798584,right_f_best2.805002212524414,i:3
2025-04-25 23:46:49,889 - INFO - 添加左子节点，右子节点，len(queue):3
2025-04-25 23:46:49,889 - INFO - Node 1: k=317.3015860643389, f_best=2.8652803897857666, f_min=2.0467341230596503
2025-04-25 23:46:49,889 - INFO - Node 2: k=224.04528647815985, f_best=3.7875704765319824, f_min=3.453885174979405
2025-04-25 23:46:49,889 - INFO - Node 3: k=214.40221301861354, f_best=2.828096389770508, f_min=2.5323519287831004
2025-04-25 23:46:49,889 - INFO - Node 4: k=113.88916119149573, f_best=3.766202449798584, f_min=3.749923424708868
2025-04-25 23:46:49,889 - INFO - Node 5: k=188.38720578069604, f_best=2.805002212524414, f_min=2.714334385820621
2025-04-25 23:46:49,889 - INFO - cur_node_number 11,f_best 2.805002212524414,f_min 2.714334385820621,k 188.38720578069604
2025-04-25 23:46:49,889 - INFO - f_best_current 2.805002212524414,f_min 2.714334385820621
2025-04-25 23:46:55,851 - INFO - tree_node.f_best*ep:2.805002212524414,left_f_best3.7936763763427734,right_f_best2.844632863998413,i:1
2025-04-25 23:47:01,984 - INFO - tree_node.f_best*ep:2.805002212524414,left_f_best3.7808680534362793,right_f_best2.8301305770874023,i:2
2025-04-25 23:47:08,445 - INFO - tree_node.f_best*ep:2.805002212524414,left_f_best3.752328872680664,right_f_best2.8297152519226074,i:3
2025-04-25 23:47:15,039 - INFO - tree_node.f_best*ep:2.805002212524414,left_f_best3.7413620948791504,right_f_best2.802126884460449,i:4
2025-04-25 23:47:32,846 - INFO - 添加左子节点，右子节点，len(queue):4
2025-04-25 23:47:32,846 - INFO - Node 1: k=317.3015860643389, f_best=2.8652803897857666, f_min=2.0467341230596503
2025-04-25 23:47:32,846 - INFO - Node 2: k=224.04528647815985, f_best=3.7875704765319824, f_min=3.453885174979405
2025-04-25 23:47:32,846 - INFO - Node 3: k=214.40221301861354, f_best=2.828096389770508, f_min=2.5323519287831004
2025-04-25 23:47:32,846 - INFO - Node 4: k=113.88916119149573, f_best=3.766202449798584, f_min=3.749923424708868
2025-04-25 23:47:32,846 - INFO - Node 5: k=188.38720578069604, f_best=2.805002212524414, f_min=2.714334385820621
2025-04-25 23:47:32,847 - INFO - Node 6: k=233.1424235307719, f_best=3.7413620948791504, f_min=3.5123402455910764
2025-04-25 23:47:32,847 - INFO - Node 7: k=98.6647701986345, f_best=2.802126884460449, f_min=2.2846826814943597
2025-04-25 23:47:32,847 - INFO - cur_node_number 12,f_best 2.802126884460449,f_min 2.2846826814943597,k 98.6647701986345
2025-04-25 23:47:32,847 - INFO - f_best_current 2.802126884460449,f_min 2.2846826814943597
2025-04-25 23:47:38,767 - INFO - tree_node.f_best*ep:2.802126884460449,left_f_best3.7527353763580322,right_f_best2.8360466957092285,i:1
2025-04-25 23:47:44,909 - INFO - tree_node.f_best*ep:2.802126884460449,left_f_best3.757558822631836,right_f_best2.831170082092285,i:2
2025-04-25 23:47:51,165 - INFO - tree_node.f_best*ep:2.802126884460449,left_f_best3.7466163635253906,right_f_best2.8053951263427734,i:3
2025-04-25 23:47:57,606 - INFO - tree_node.f_best*ep:2.802126884460449,left_f_best3.738483428955078,right_f_best2.8021678924560547,i:4
2025-04-25 23:48:04,342 - INFO - tree_node.f_best*ep:2.802126884460449,left_f_best3.754821538925171,right_f_best2.7932987213134766,i:5
2025-04-25 23:48:22,783 - INFO - 添加左子节点，右子节点，len(queue):5
2025-04-25 23:48:22,783 - INFO - Node 1: k=317.3015860643389, f_best=2.8652803897857666, f_min=2.0467341230596503
2025-04-25 23:48:22,783 - INFO - Node 2: k=224.04528647815985, f_best=3.7875704765319824, f_min=3.453885174979405
2025-04-25 23:48:22,783 - INFO - Node 3: k=214.40221301861354, f_best=2.828096389770508, f_min=2.5323519287831004
2025-04-25 23:48:22,783 - INFO - Node 4: k=113.88916119149573, f_best=3.766202449798584, f_min=3.749923424708868
2025-04-25 23:48:22,783 - INFO - Node 5: k=188.38720578069604, f_best=2.805002212524414, f_min=2.714334385820621
2025-04-25 23:48:22,783 - INFO - Node 6: k=233.1424235307719, f_best=3.7413620948791504, f_min=3.5123402455910764
2025-04-25 23:48:22,783 - INFO - Node 7: k=98.6647701986345, f_best=2.802126884460449, f_min=2.2846826814943597
2025-04-25 23:48:22,783 - INFO - Node 8: k=162.94905662222178, f_best=3.754821538925171, f_min=2.9182953346025897
2025-04-25 23:48:22,783 - INFO - Node 9: k=127.79616666458926, f_best=2.7932987213134766, f_min=2.4055313506773928
2025-04-25 23:48:22,784 - INFO - cur_node_number 13,f_best 2.7932987213134766,f_min 2.4055313506773928,k 127.79616666458926
2025-04-25 23:48:22,784 - INFO - f_best_current 2.7932987213134766,f_min 2.4055313506773928
2025-04-25 23:48:22,784 - INFO - 回退,len(queue)=3
2025-04-25 23:48:28,483 - INFO - tree_node.f_best*ep:2.802126884460449,left_f_best3.7567944526672363,right_f_best2.8310470581054688,i:1
2025-04-25 23:48:34,547 - INFO - tree_node.f_best*ep:2.802126884460449,left_f_best3.7669265270233154,right_f_best2.8223607540130615,i:2
2025-04-25 23:48:40,772 - INFO - tree_node.f_best*ep:2.802126884460449,left_f_best3.758129358291626,right_f_best2.8178153038024902,i:3
2025-04-25 23:48:47,383 - INFO - tree_node.f_best*ep:2.802126884460449,left_f_best3.735271692276001,right_f_best2.797518491744995,i:4
2025-04-25 23:49:05,049 - INFO - 添加左子节点，右子节点，len(queue):5
2025-04-25 23:49:05,049 - INFO - Node 1: k=317.3015860643389, f_best=2.8652803897857666, f_min=2.0467341230596503
2025-04-25 23:49:05,049 - INFO - Node 2: k=224.04528647815985, f_best=3.7875704765319824, f_min=3.453885174979405
2025-04-25 23:49:05,049 - INFO - Node 3: k=214.40221301861354, f_best=2.828096389770508, f_min=2.5323519287831004
2025-04-25 23:49:05,049 - INFO - Node 4: k=113.88916119149573, f_best=3.766202449798584, f_min=3.749923424708868
2025-04-25 23:49:05,049 - INFO - Node 5: k=188.38720578069604, f_best=2.805002212524414, f_min=2.714334385820621
2025-04-25 23:49:05,049 - INFO - Node 6: k=233.1424235307719, f_best=3.7413620948791504, f_min=3.5123402455910764
2025-04-25 23:49:05,049 - INFO - Node 7: k=127.79616666458926, f_best=2.802126884460449, f_min=2.2846826814943597
2025-04-25 23:49:05,049 - INFO - Node 8: k=156.5908405659726, f_best=3.735271692276001, f_min=1.982097766138395
2025-04-25 23:49:05,049 - INFO - Node 9: k=107.28874164754686, f_best=2.797518491744995, f_min=1.5980150545624383
2025-04-25 23:49:05,049 - INFO - cur_node_number 14,f_best 2.797518491744995,f_min 1.5980150545624383,k 107.28874164754686
2025-04-25 23:49:05,049 - INFO - f_best_current 2.797518491744995,f_min 1.5980150545624383
2025-04-25 23:49:10,700 - INFO - tree_node.f_best*ep:2.797518491744995,left_f_best3.7886831760406494,right_f_best2.840397834777832,i:1
2025-04-25 23:49:16,693 - INFO - tree_node.f_best*ep:2.797518491744995,left_f_best3.7587380409240723,right_f_best2.815162420272827,i:2
2025-04-25 23:49:23,106 - INFO - tree_node.f_best*ep:2.797518491744995,left_f_best3.749897003173828,right_f_best2.8219401836395264,i:3
2025-04-25 23:49:30,129 - INFO - tree_node.f_best*ep:2.797518491744995,left_f_best3.7416727542877197,right_f_best2.806109666824341,i:4
2025-04-25 23:49:37,445 - INFO - tree_node.f_best*ep:2.797518491744995,left_f_best3.730116605758667,right_f_best2.806979179382324,i:5
2025-04-25 23:49:45,112 - INFO - tree_node.f_best*ep:2.797518491744995,left_f_best3.7392687797546387,right_f_best2.7884368896484375,i:6
2025-04-25 23:50:04,338 - INFO - 添加左子节点，右子节点，len(queue):6
2025-04-25 23:50:04,338 - INFO - Node 1: k=317.3015860643389, f_best=2.8652803897857666, f_min=2.0467341230596503
2025-04-25 23:50:04,338 - INFO - Node 2: k=224.04528647815985, f_best=3.7875704765319824, f_min=3.453885174979405
2025-04-25 23:50:04,338 - INFO - Node 3: k=214.40221301861354, f_best=2.828096389770508, f_min=2.5323519287831004
2025-04-25 23:50:04,338 - INFO - Node 4: k=113.88916119149573, f_best=3.766202449798584, f_min=3.749923424708868
2025-04-25 23:50:04,338 - INFO - Node 5: k=188.38720578069604, f_best=2.805002212524414, f_min=2.714334385820621
2025-04-25 23:50:04,338 - INFO - Node 6: k=233.1424235307719, f_best=3.7413620948791504, f_min=3.5123402455910764
2025-04-25 23:50:04,338 - INFO - Node 7: k=127.79616666458926, f_best=2.802126884460449, f_min=2.2846826814943597
2025-04-25 23:50:04,339 - INFO - Node 8: k=156.5908405659726, f_best=3.735271692276001, f_min=1.982097766138395
2025-04-25 23:50:04,339 - INFO - Node 9: k=107.28874164754686, f_best=2.797518491744995, f_min=1.5980150545624383
2025-04-25 23:50:04,339 - INFO - Node 10: k=252.45983668667822, f_best=3.7392687797546387, f_min=-0.7409604708727784
2025-04-25 23:50:04,339 - INFO - Node 11: k=95.76305390233969, f_best=2.7884368896484375, f_min=2.5876612646616195
2025-04-25 23:50:04,339 - INFO - cur_node_number 15,f_best 2.7884368896484375,f_min 2.5876612646616195,k 95.76305390233969
2025-04-25 23:50:04,339 - INFO - f_best_current 2.7884368896484375,f_min 2.5876612646616195
2025-04-25 23:50:10,924 - INFO - tree_node.f_best*ep:2.7884368896484375,left_f_best3.805098056793213,right_f_best2.8719496726989746,i:1
2025-04-25 23:50:17,656 - INFO - tree_node.f_best*ep:2.7884368896484375,left_f_best3.7558038234710693,right_f_best2.8450233936309814,i:2
2025-04-25 23:50:24,755 - INFO - tree_node.f_best*ep:2.7884368896484375,left_f_best3.7447280883789062,right_f_best2.8005051612854004,i:3
2025-04-25 23:50:32,780 - INFO - tree_node.f_best*ep:2.7884368896484375,left_f_best3.743109703063965,right_f_best2.796321392059326,i:4
2025-04-25 23:50:41,189 - INFO - tree_node.f_best*ep:2.7884368896484375,left_f_best3.720041275024414,right_f_best2.7876040935516357,i:5
2025-04-25 23:51:06,714 - INFO - 添加左子节点，右子节点，len(queue):7
2025-04-25 23:51:06,714 - INFO - Node 1: k=317.3015860643389, f_best=2.8652803897857666, f_min=2.0467341230596503
2025-04-25 23:51:06,714 - INFO - Node 2: k=224.04528647815985, f_best=3.7875704765319824, f_min=3.453885174979405
2025-04-25 23:51:06,714 - INFO - Node 3: k=214.40221301861354, f_best=2.828096389770508, f_min=2.5323519287831004
2025-04-25 23:51:06,714 - INFO - Node 4: k=113.88916119149573, f_best=3.766202449798584, f_min=3.749923424708868
2025-04-25 23:51:06,714 - INFO - Node 5: k=188.38720578069604, f_best=2.805002212524414, f_min=2.714334385820621
2025-04-25 23:51:06,715 - INFO - Node 6: k=233.1424235307719, f_best=3.7413620948791504, f_min=3.5123402455910764
2025-04-25 23:51:06,715 - INFO - Node 7: k=127.79616666458926, f_best=2.802126884460449, f_min=2.2846826814943597
2025-04-25 23:51:06,715 - INFO - Node 8: k=156.5908405659726, f_best=3.735271692276001, f_min=1.982097766138395
2025-04-25 23:51:06,715 - INFO - Node 9: k=107.28874164754686, f_best=2.797518491744995, f_min=1.5980150545624383
2025-04-25 23:51:06,715 - INFO - Node 10: k=252.45983668667822, f_best=3.7392687797546387, f_min=-0.7409604708727784
2025-04-25 23:51:06,715 - INFO - Node 11: k=95.76305390233969, f_best=2.7884368896484375, f_min=2.5876612646616195
2025-04-25 23:51:06,715 - INFO - Node 12: k=174.70344419717085, f_best=3.720041275024414, f_min=2.5683660640333983
2025-04-25 23:51:06,715 - INFO - Node 13: k=229.8681921472334, f_best=2.7876040935516357, f_min=1.6261233616760364
2025-04-25 23:51:06,716 - INFO - cur_node_number 16,f_best 2.7876040935516357,f_min 1.6261233616760364,k 229.8681921472334
2025-04-25 23:51:06,716 - INFO - f_best_current 2.7876040935516357,f_min 1.6261233616760364
2025-04-25 23:51:06,716 - INFO - 回退,len(queue)=5
2025-04-25 23:51:06,716 - INFO - 回退,len(queue)=4
2025-04-25 23:51:06,716 - INFO - 回退,len(queue)=3
2025-04-25 23:51:06,716 - INFO - 回退,len(queue)=2
2025-04-25 23:51:06,716 - INFO - 回退,len(queue)=1
2025-04-25 23:51:14,438 - INFO - tree_node.f_best*ep:2.828096389770508,left_f_best3.813338279724121,right_f_best2.8610634803771973,i:1
2025-04-25 23:51:22,646 - INFO - tree_node.f_best*ep:2.828096389770508,left_f_best3.767016887664795,right_f_best2.8152527809143066,i:2
2025-04-25 23:51:48,356 - INFO - 添加左子节点，右子节点，len(queue):3
2025-04-25 23:51:48,356 - INFO - Node 1: k=317.3015860643389, f_best=2.8652803897857666, f_min=2.0467341230596503
2025-04-25 23:51:48,356 - INFO - Node 2: k=224.04528647815985, f_best=3.7875704765319824, f_min=3.453885174979405
2025-04-25 23:51:48,357 - INFO - Node 3: k=229.8681921472334, f_best=2.828096389770508, f_min=2.5323519287831004
2025-04-25 23:51:48,357 - INFO - Node 4: k=151.98552710904153, f_best=3.767016887664795, f_min=2.7442226905941425
2025-04-25 23:51:48,357 - INFO - Node 5: k=198.82881590935236, f_best=2.8152527809143066, f_min=1.4975830997209414
2025-04-25 23:51:48,357 - INFO - cur_node_number 17,f_best 2.8152527809143066,f_min 1.4975830997209414,k 198.82881590935236
2025-04-25 23:51:48,357 - INFO - f_best_current 2.8152527809143066,f_min 1.4975830997209414
2025-04-25 23:51:55,925 - INFO - tree_node.f_best*ep:2.8152527809143066,left_f_best3.772376537322998,right_f_best2.8325843811035156,i:1
2025-04-25 23:52:03,777 - INFO - tree_node.f_best*ep:2.8152527809143066,left_f_best3.755566120147705,right_f_best2.830106258392334,i:2
2025-04-25 23:52:12,123 - INFO - tree_node.f_best*ep:2.8152527809143066,left_f_best3.743440628051758,right_f_best2.7964162826538086,i:3
2025-04-25 23:52:34,454 - INFO - 添加左子节点，右子节点，len(queue):4
2025-04-25 23:52:34,455 - INFO - Node 1: k=317.3015860643389, f_best=2.8652803897857666, f_min=2.0467341230596503
2025-04-25 23:52:34,455 - INFO - Node 2: k=224.04528647815985, f_best=3.7875704765319824, f_min=3.453885174979405
2025-04-25 23:52:34,455 - INFO - Node 3: k=229.8681921472334, f_best=2.828096389770508, f_min=2.5323519287831004
2025-04-25 23:52:34,455 - INFO - Node 4: k=151.98552710904153, f_best=3.767016887664795, f_min=2.7442226905941425
2025-04-25 23:52:34,455 - INFO - Node 5: k=198.82881590935236, f_best=2.8152527809143066, f_min=1.4975830997209414
2025-04-25 23:52:34,455 - INFO - Node 6: k=117.34011666475924, f_best=3.743440628051758, f_min=2.6333009546206085
2025-04-25 23:52:34,456 - INFO - Node 7: k=101.65441140042333, f_best=2.7964162826538086, f_min=1.068085157753103
2025-04-25 23:52:34,456 - INFO - cur_node_number 18,f_best 2.7964162826538086,f_min 1.068085157753103,k 101.65441140042333
2025-04-25 23:52:34,456 - INFO - f_best_current 2.7964162826538086,f_min 1.068085157753103
2025-04-25 23:52:42,089 - INFO - tree_node.f_best*ep:2.7964162826538086,left_f_best3.795823335647583,right_f_best2.837153434753418,i:1
2025-04-25 23:52:49,965 - INFO - tree_node.f_best*ep:2.7964162826538086,left_f_best3.7838761806488037,right_f_best2.824068307876587,i:2
2025-04-25 23:52:58,325 - INFO - tree_node.f_best*ep:2.7964162826538086,left_f_best3.7600016593933105,right_f_best2.8474605083465576,i:3
2025-04-25 23:53:06,900 - INFO - tree_node.f_best*ep:2.7964162826538086,left_f_best3.73964524269104,right_f_best2.8097314834594727,i:4
2025-04-25 23:53:15,950 - INFO - tree_node.f_best*ep:2.7964162826538086,left_f_best3.7425081729888916,right_f_best2.79952073097229,i:5
2025-04-25 23:53:25,339 - INFO - tree_node.f_best*ep:2.7964162826538086,left_f_best3.7266616821289062,right_f_best2.785083055496216,i:6
2025-04-25 23:53:49,448 - INFO - 添加左子节点，右子节点，len(queue):5
2025-04-25 23:53:49,448 - INFO - Node 1: k=317.3015860643389, f_best=2.8652803897857666, f_min=2.0467341230596503
2025-04-25 23:53:49,448 - INFO - Node 2: k=224.04528647815985, f_best=3.7875704765319824, f_min=3.453885174979405
2025-04-25 23:53:49,448 - INFO - Node 3: k=229.8681921472334, f_best=2.828096389770508, f_min=2.5323519287831004
2025-04-25 23:53:49,449 - INFO - Node 4: k=151.98552710904153, f_best=3.767016887664795, f_min=2.7442226905941425
2025-04-25 23:53:49,449 - INFO - Node 5: k=198.82881590935236, f_best=2.8152527809143066, f_min=1.4975830997209414
2025-04-25 23:53:49,449 - INFO - Node 6: k=117.34011666475924, f_best=3.743440628051758, f_min=2.6333009546206085
2025-04-25 23:53:49,449 - INFO - Node 7: k=101.65441140042333, f_best=2.7964162826538086, f_min=1.068085157753103
2025-04-25 23:53:49,449 - INFO - Node 8: k=111.64509478629127, f_best=3.7266616821289062, f_min=3.1422893848530293
2025-04-25 23:53:49,449 - INFO - Node 9: k=210.17764240624794, f_best=2.785083055496216, f_min=1.9805264302822252
2025-04-25 23:53:49,449 - INFO - cur_node_number 19,f_best 2.785083055496216,f_min 1.9805264302822252,k 210.17764240624794
2025-04-25 23:53:49,449 - INFO - f_best_current 2.785083055496216,f_min 1.9805264302822252
2025-04-25 23:53:49,449 - INFO - 回退,len(queue)=3
2025-04-25 23:53:49,450 - INFO - 回退,len(queue)=2
2025-04-25 23:53:57,063 - INFO - tree_node.f_best*ep:2.8152527809143066,left_f_best3.777372121810913,right_f_best2.853523015975952,i:1
2025-04-25 23:54:05,249 - INFO - tree_node.f_best*ep:2.8152527809143066,left_f_best3.788987398147583,right_f_best2.8371288776397705,i:2
2025-04-25 23:54:13,478 - INFO - tree_node.f_best*ep:2.8152527809143066,left_f_best3.755277395248413,right_f_best2.8208560943603516,i:3
2025-04-25 23:54:22,171 - INFO - tree_node.f_best*ep:2.8152527809143066,left_f_best3.7414045333862305,right_f_best2.8079192638397217,i:4
2025-04-25 23:54:45,905 - INFO - 添加左子节点，右子节点，len(queue):4
2025-04-25 23:54:45,906 - INFO - Node 1: k=317.3015860643389, f_best=2.8652803897857666, f_min=2.0467341230596503
2025-04-25 23:54:45,906 - INFO - Node 2: k=224.04528647815985, f_best=3.7875704765319824, f_min=3.453885174979405
2025-04-25 23:54:45,906 - INFO - Node 3: k=229.8681921472334, f_best=2.828096389770508, f_min=2.5323519287831004
2025-04-25 23:54:45,906 - INFO - Node 4: k=151.98552710904153, f_best=3.767016887664795, f_min=2.7442226905941425
2025-04-25 23:54:45,906 - INFO - Node 5: k=210.17764240624794, f_best=2.8152527809143066, f_min=1.4975830997209414
2025-04-25 23:54:45,906 - INFO - Node 6: k=148.9908117920219, f_best=3.7414045333862305, f_min=1.946967002747897
2025-04-25 23:54:45,906 - INFO - Node 7: k=129.07412833123516, f_best=2.8079192638397217, f_min=2.1386500857224746
2025-04-25 23:54:45,906 - INFO - cur_node_number 20,f_best 2.8079192638397217,f_min 2.1386500857224746,k 129.07412833123516
2025-04-25 23:54:45,907 - INFO - f_best_current 2.8079192638397217,f_min 2.1386500857224746
2025-04-25 23:54:53,516 - INFO - tree_node.f_best*ep:2.8079192638397217,left_f_best3.797455310821533,right_f_best2.8730099201202393,i:1
2025-04-25 23:55:01,288 - INFO - tree_node.f_best*ep:2.8079192638397217,left_f_best3.7765400409698486,right_f_best2.828798770904541,i:2
2025-04-25 23:55:09,514 - INFO - tree_node.f_best*ep:2.8079192638397217,left_f_best3.7394986152648926,right_f_best2.8223938941955566,i:3
2025-04-25 23:55:18,350 - INFO - tree_node.f_best*ep:2.8079192638397217,left_f_best3.7326862812042236,right_f_best2.8029937744140625,i:4
2025-04-25 23:55:44,266 - INFO - 添加左子节点，右子节点，len(queue):5
2025-04-25 23:55:44,266 - INFO - Node 1: k=317.3015860643389, f_best=2.8652803897857666, f_min=2.0467341230596503
2025-04-25 23:55:44,266 - INFO - Node 2: k=224.04528647815985, f_best=3.7875704765319824, f_min=3.453885174979405
2025-04-25 23:55:44,266 - INFO - Node 3: k=229.8681921472334, f_best=2.828096389770508, f_min=2.5323519287831004
2025-04-25 23:55:44,267 - INFO - Node 4: k=151.98552710904153, f_best=3.767016887664795, f_min=2.7442226905941425
2025-04-25 23:55:44,267 - INFO - Node 5: k=210.17764240624794, f_best=2.8152527809143066, f_min=1.4975830997209414
2025-04-25 23:55:44,267 - INFO - Node 6: k=148.9908117920219, f_best=3.7414045333862305, f_min=1.946967002747897
2025-04-25 23:55:44,267 - INFO - Node 7: k=129.07412833123516, f_best=2.8079192638397217, f_min=2.1386500857224746
2025-04-25 23:55:44,267 - INFO - Node 8: k=181.79710459238723, f_best=3.7326862812042236, f_min=3.196725960632648
2025-04-25 23:55:44,267 - INFO - Node 9: k=179.243962284444, f_best=2.8029937744140625, f_min=1.4351640620188846
2025-04-25 23:55:44,267 - INFO - cur_node_number 21,f_best 2.8029937744140625,f_min 1.4351640620188846,k 179.243962284444
2025-04-25 23:55:44,267 - INFO - f_best_current 2.8029937744140625,f_min 1.4351640620188846
2025-04-25 23:55:44,268 - INFO - 回退,len(queue)=3
2025-04-25 23:55:51,876 - INFO - tree_node.f_best*ep:2.8079192638397217,left_f_best3.785271644592285,right_f_best2.8308639526367188,i:1
2025-04-25 23:55:59,862 - INFO - tree_node.f_best*ep:2.8079192638397217,left_f_best3.786748170852661,right_f_best2.8208167552948,i:2
2025-04-25 23:56:08,114 - INFO - tree_node.f_best*ep:2.8079192638397217,left_f_best3.7361130714416504,right_f_best2.8313896656036377,i:3
2025-04-25 23:56:16,537 - INFO - tree_node.f_best*ep:2.8079192638397217,left_f_best3.737708330154419,right_f_best2.811424493789673,i:4
2025-04-25 23:56:25,255 - INFO - tree_node.f_best*ep:2.8079192638397217,left_f_best3.722703695297241,right_f_best2.817417860031128,i:5
2025-04-25 23:56:34,419 - INFO - tree_node.f_best*ep:2.8079192638397217,left_f_best3.7183218002319336,right_f_best2.803774833679199,i:6
2025-04-25 23:56:56,668 - INFO - 添加左子节点，右子节点，len(queue):5
2025-04-25 23:56:56,669 - INFO - Node 1: k=317.3015860643389, f_best=2.8652803897857666, f_min=2.0467341230596503
2025-04-25 23:56:56,669 - INFO - Node 2: k=224.04528647815985, f_best=3.7875704765319824, f_min=3.453885174979405
2025-04-25 23:56:56,669 - INFO - Node 3: k=229.8681921472334, f_best=2.828096389770508, f_min=2.5323519287831004
2025-04-25 23:56:56,669 - INFO - Node 4: k=151.98552710904153, f_best=3.767016887664795, f_min=2.7442226905941425
2025-04-25 23:56:56,669 - INFO - Node 5: k=210.17764240624794, f_best=2.8152527809143066, f_min=1.4975830997209414
2025-04-25 23:56:56,669 - INFO - Node 6: k=148.9908117920219, f_best=3.7414045333862305, f_min=1.946967002747897
2025-04-25 23:56:56,669 - INFO - Node 7: k=179.243962284444, f_best=2.8079192638397217, f_min=2.1386500857224746
2025-04-25 23:56:56,670 - INFO - Node 8: k=125.80448729664927, f_best=3.7183218002319336, f_min=3.679639722369302
2025-04-25 23:56:56,670 - INFO - Node 9: k=132.22178049645618, f_best=2.803774833679199, f_min=2.4919773321857974
2025-04-25 23:56:56,670 - INFO - cur_node_number 22,f_best 2.803774833679199,f_min 2.4919773321857974,k 132.22178049645618
2025-04-25 23:56:56,670 - INFO - f_best_current 2.803774833679199,f_min 2.4919773321857974
2025-04-25 23:57:03,968 - INFO - tree_node.f_best*ep:2.803774833679199,left_f_best3.797593593597412,right_f_best2.8479673862457275,i:1
2025-04-25 23:57:11,706 - INFO - tree_node.f_best*ep:2.803774833679199,left_f_best3.7776689529418945,right_f_best2.82674503326416,i:2
2025-04-25 23:57:20,006 - INFO - tree_node.f_best*ep:2.803774833679199,left_f_best3.751920223236084,right_f_best2.818354606628418,i:3
2025-04-25 23:57:28,582 - INFO - tree_node.f_best*ep:2.803774833679199,left_f_best3.735830783843994,right_f_best2.8101301193237305,i:4
2025-04-25 23:57:37,331 - INFO - tree_node.f_best*ep:2.803774833679199,left_f_best3.716674327850342,right_f_best2.798600673675537,i:5
2025-04-25 23:58:03,437 - INFO - 添加左子节点，右子节点，len(queue):6
2025-04-25 23:58:03,438 - INFO - Node 1: k=317.3015860643389, f_best=2.8652803897857666, f_min=2.0467341230596503
2025-04-25 23:58:03,438 - INFO - Node 2: k=224.04528647815985, f_best=3.7875704765319824, f_min=3.453885174979405
2025-04-25 23:58:03,438 - INFO - Node 3: k=229.8681921472334, f_best=2.828096389770508, f_min=2.5323519287831004
2025-04-25 23:58:03,438 - INFO - Node 4: k=151.98552710904153, f_best=3.767016887664795, f_min=2.7442226905941425
2025-04-25 23:58:03,438 - INFO - Node 5: k=210.17764240624794, f_best=2.8152527809143066, f_min=1.4975830997209414
2025-04-25 23:58:03,438 - INFO - Node 6: k=148.9908117920219, f_best=3.7414045333862305, f_min=1.946967002747897
2025-04-25 23:58:03,438 - INFO - Node 7: k=179.243962284444, f_best=2.8079192638397217, f_min=2.1386500857224746
2025-04-25 23:58:03,439 - INFO - Node 8: k=125.80448729664927, f_best=3.7183218002319336, f_min=3.679639722369302
2025-04-25 23:58:03,439 - INFO - Node 9: k=132.22178049645618, f_best=2.803774833679199, f_min=2.4919773321857974
2025-04-25 23:58:03,439 - INFO - Node 10: k=219.63070922278195, f_best=3.716674327850342, f_min=3.081177176132769
2025-04-25 23:58:03,439 - INFO - Node 11: k=194.91110274419404, f_best=2.798600673675537, f_min=2.103680003418958
2025-04-25 23:58:03,439 - INFO - cur_node_number 23,f_best 2.798600673675537,f_min 2.103680003418958,k 194.91110274419404
2025-04-25 23:58:03,439 - INFO - f_best_current 2.798600673675537,f_min 2.103680003418958
2025-04-25 23:58:03,439 - INFO - 回退,len(queue)=4
2025-04-25 23:58:03,439 - INFO - 回退,len(queue)=3
2025-04-25 23:58:10,636 - INFO - tree_node.f_best*ep:2.8079192638397217,left_f_best3.782201051712036,right_f_best2.8641490936279297,i:1
2025-04-25 23:58:17,965 - INFO - tree_node.f_best*ep:2.8079192638397217,left_f_best3.743556261062622,right_f_best2.820517063140869,i:2
2025-04-25 23:58:25,775 - INFO - tree_node.f_best*ep:2.8079192638397217,left_f_best3.746615409851074,right_f_best2.831845760345459,i:3
2025-04-25 23:58:34,134 - INFO - tree_node.f_best*ep:2.8079192638397217,left_f_best3.7479500770568848,right_f_best2.8133039474487305,i:4
2025-04-25 23:58:42,723 - INFO - tree_node.f_best*ep:2.8079192638397217,left_f_best3.7382729053497314,right_f_best2.788444757461548,i:5
2025-04-25 23:59:07,709 - INFO - 添加左子节点，右子节点，len(queue):5
2025-04-25 23:59:07,709 - INFO - Node 1: k=317.3015860643389, f_best=2.8652803897857666, f_min=2.0467341230596503
2025-04-25 23:59:07,709 - INFO - Node 2: k=224.04528647815985, f_best=3.7875704765319824, f_min=3.453885174979405
2025-04-25 23:59:07,709 - INFO - Node 3: k=229.8681921472334, f_best=2.828096389770508, f_min=2.5323519287831004
2025-04-25 23:59:07,710 - INFO - Node 4: k=151.98552710904153, f_best=3.767016887664795, f_min=2.7442226905941425
2025-04-25 23:59:07,710 - INFO - Node 5: k=210.17764240624794, f_best=2.8152527809143066, f_min=1.4975830997209414
2025-04-25 23:59:07,710 - INFO - Node 6: k=148.9908117920219, f_best=3.7414045333862305, f_min=1.946967002747897
2025-04-25 23:59:07,710 - INFO - Node 7: k=194.91110274419404, f_best=2.8079192638397217, f_min=2.1386500857224746
2025-04-25 23:59:07,710 - INFO - Node 8: k=249.96023434324576, f_best=3.7382729053497314, f_min=3.2388315006464836
2025-04-25 23:59:07,710 - INFO - Node 9: k=206.03631252450538, f_best=2.788444757461548, f_min=2.161603012677915
2025-04-25 23:59:07,710 - INFO - cur_node_number 24,f_best 2.788444757461548,f_min 2.161603012677915,k 206.03631252450538
2025-04-25 23:59:07,710 - INFO - f_best_current 2.788444757461548,f_min 2.161603012677915
2025-04-25 23:59:07,711 - INFO - 回退,len(queue)=3
2025-04-25 23:59:15,006 - INFO - tree_node.f_best*ep:2.8079192638397217,left_f_best3.7703263759613037,right_f_best2.8257017135620117,i:1
2025-04-25 23:59:22,606 - INFO - tree_node.f_best*ep:2.8079192638397217,left_f_best3.7659988403320312,right_f_best2.8230385780334473,i:2
2025-04-25 23:59:30,426 - INFO - tree_node.f_best*ep:2.8079192638397217,left_f_best3.7728700637817383,right_f_best2.8052423000335693,i:3
2025-04-25 23:59:51,786 - INFO - 添加左子节点，右子节点，len(queue):5
2025-04-25 23:59:51,786 - INFO - Node 1: k=317.3015860643389, f_best=2.8652803897857666, f_min=2.0467341230596503
2025-04-25 23:59:51,786 - INFO - Node 2: k=224.04528647815985, f_best=3.7875704765319824, f_min=3.453885174979405
2025-04-25 23:59:51,786 - INFO - Node 3: k=229.8681921472334, f_best=2.828096389770508, f_min=2.5323519287831004
2025-04-25 23:59:51,786 - INFO - Node 4: k=151.98552710904153, f_best=3.767016887664795, f_min=2.7442226905941425
2025-04-25 23:59:51,786 - INFO - Node 5: k=210.17764240624794, f_best=2.8152527809143066, f_min=1.4975830997209414
2025-04-25 23:59:51,787 - INFO - Node 6: k=148.9908117920219, f_best=3.7414045333862305, f_min=1.946967002747897
2025-04-25 23:59:51,787 - INFO - Node 7: k=206.03631252450538, f_best=2.8079192638397217, f_min=2.1386500857224746
2025-04-25 23:59:51,787 - INFO - Node 8: k=191.07058400567988, f_best=3.7728700637817383, f_min=3.2659816017358025
2025-04-25 23:59:51,787 - INFO - Node 9: k=105.78198813747024, f_best=2.8052423000335693, f_min=2.0145151859187536
2025-04-25 23:59:51,787 - INFO - cur_node_number 25,f_best 2.8052423000335693,f_min 2.0145151859187536,k 105.78198813747024
2025-04-25 23:59:51,787 - INFO - f_best_current 2.8052423000335693,f_min 2.0145151859187536
2025-04-25 23:59:58,902 - INFO - tree_node.f_best*ep:2.8052423000335693,left_f_best3.781982183456421,right_f_best2.832676887512207,i:1
2025-04-26 00:00:06,360 - INFO - tree_node.f_best*ep:2.8052423000335693,left_f_best3.774470806121826,right_f_best2.8381028175354004,i:2
2025-04-26 00:00:14,289 - INFO - tree_node.f_best*ep:2.8052423000335693,left_f_best3.7574870586395264,right_f_best2.814896583557129,i:3
2025-04-26 00:00:22,478 - INFO - tree_node.f_best*ep:2.8052423000335693,left_f_best3.752147674560547,right_f_best2.8274624347686768,i:4
2025-04-26 00:00:30,965 - INFO - tree_node.f_best*ep:2.8052423000335693,left_f_best3.737863302230835,right_f_best2.7926034927368164,i:5
2025-04-26 00:00:50,585 - INFO - 添加左子节点，右子节点，len(queue):6
2025-04-26 00:00:50,585 - INFO - Node 1: k=317.3015860643389, f_best=2.8652803897857666, f_min=2.0467341230596503
2025-04-26 00:00:50,585 - INFO - Node 2: k=224.04528647815985, f_best=3.7875704765319824, f_min=3.453885174979405
2025-04-26 00:00:50,585 - INFO - Node 3: k=229.8681921472334, f_best=2.828096389770508, f_min=2.5323519287831004
2025-04-26 00:00:50,585 - INFO - Node 4: k=151.98552710904153, f_best=3.767016887664795, f_min=2.7442226905941425
2025-04-26 00:00:50,586 - INFO - Node 5: k=210.17764240624794, f_best=2.8152527809143066, f_min=1.4975830997209414
2025-04-26 00:00:50,586 - INFO - Node 6: k=148.9908117920219, f_best=3.7414045333862305, f_min=1.946967002747897
2025-04-26 00:00:50,586 - INFO - Node 7: k=206.03631252450538, f_best=2.8079192638397217, f_min=2.1386500857224746
2025-04-26 00:00:50,586 - INFO - Node 8: k=191.07058400567988, f_best=3.7728700637817383, f_min=3.2659816017358025
2025-04-26 00:00:50,586 - INFO - Node 9: k=105.78198813747024, f_best=2.8052423000335693, f_min=2.0145151859187536
2025-04-26 00:00:50,586 - INFO - Node 10: k=127.06253216961576, f_best=3.737863302230835, f_min=2.5953975729239573
2025-04-26 00:00:50,586 - INFO - Node 11: k=107.90820609903338, f_best=2.7926034927368164, f_min=1.5873901617114825
2025-04-26 00:00:50,586 - INFO - cur_node_number 26,f_best 2.7926034927368164,f_min 1.5873901617114825,k 107.90820609903338
2025-04-26 00:00:50,587 - INFO - f_best_current 2.7926034927368164,f_min 1.5873901617114825
2025-04-26 00:00:50,587 - INFO - 回退,len(queue)=4
2025-04-26 00:00:57,537 - INFO - tree_node.f_best*ep:2.8052423000335693,left_f_best3.763089656829834,right_f_best2.8565995693206787,i:1
2025-04-26 00:01:04,845 - INFO - tree_node.f_best*ep:2.8052423000335693,left_f_best3.7687621116638184,right_f_best2.8148574829101562,i:2
2025-04-26 00:01:12,644 - INFO - tree_node.f_best*ep:2.8052423000335693,left_f_best3.7728700637817383,right_f_best2.8148036003112793,i:3
2025-04-26 00:01:20,956 - INFO - tree_node.f_best*ep:2.8052423000335693,left_f_best3.743424415588379,right_f_best2.8078324794769287,i:4
2025-04-26 00:01:29,487 - INFO - tree_node.f_best*ep:2.8052423000335693,left_f_best3.7443904876708984,right_f_best2.7972354888916016,i:5
2025-04-26 00:01:53,638 - INFO - 添加左子节点，右子节点，len(queue):6
2025-04-26 00:01:53,639 - INFO - Node 1: k=317.3015860643389, f_best=2.8652803897857666, f_min=2.0467341230596503
2025-04-26 00:01:53,639 - INFO - Node 2: k=224.04528647815985, f_best=3.7875704765319824, f_min=3.453885174979405
2025-04-26 00:01:53,639 - INFO - Node 3: k=229.8681921472334, f_best=2.828096389770508, f_min=2.5323519287831004
2025-04-26 00:01:53,639 - INFO - Node 4: k=151.98552710904153, f_best=3.767016887664795, f_min=2.7442226905941425
2025-04-26 00:01:53,639 - INFO - Node 5: k=210.17764240624794, f_best=2.8152527809143066, f_min=1.4975830997209414
2025-04-26 00:01:53,639 - INFO - Node 6: k=148.9908117920219, f_best=3.7414045333862305, f_min=1.946967002747897
2025-04-26 00:01:53,639 - INFO - Node 7: k=206.03631252450538, f_best=2.8079192638397217, f_min=2.1386500857224746
2025-04-26 00:01:53,639 - INFO - Node 8: k=191.07058400567988, f_best=3.7728700637817383, f_min=3.2659816017358025
2025-04-26 00:01:53,639 - INFO - Node 9: k=107.90820609903338, f_best=2.8052423000335693, f_min=2.0145151859187536
2025-04-26 00:01:53,640 - INFO - Node 10: k=117.34011666475924, f_best=3.7443904876708984, f_min=2.409985727961157
2025-04-26 00:01:53,640 - INFO - Node 11: k=226.28573934294144, f_best=2.7972354888916016, f_min=0.8042071092249898
2025-04-26 00:01:53,640 - INFO - cur_node_number 27,f_best 2.7972354888916016,f_min 0.8042071092249898,k 226.28573934294144
2025-04-26 00:01:53,640 - INFO - f_best_current 2.7972354888916016,f_min 0.8042071092249898
2025-04-26 00:01:53,640 - INFO - 回退,len(queue)=4
2025-04-26 00:01:53,640 - INFO - 回退,len(queue)=3
2025-04-26 00:01:53,640 - INFO - 回退,len(queue)=2
2025-04-26 00:02:00,882 - INFO - tree_node.f_best*ep:2.8152527809143066,left_f_best3.808432102203369,right_f_best2.849337577819824,i:1
2025-04-26 00:02:08,502 - INFO - tree_node.f_best*ep:2.8152527809143066,left_f_best3.7589378356933594,right_f_best2.8309223651885986,i:2
2025-04-26 00:02:16,329 - INFO - tree_node.f_best*ep:2.8152527809143066,left_f_best3.756420373916626,right_f_best2.8198039531707764,i:3
2025-04-26 00:02:24,484 - INFO - tree_node.f_best*ep:2.8152527809143066,left_f_best3.751190662384033,right_f_best2.819143295288086,i:4
2025-04-26 00:02:32,802 - INFO - tree_node.f_best*ep:2.8152527809143066,left_f_best3.7415857315063477,right_f_best2.80729341506958,i:5
2025-04-26 00:02:52,588 - INFO - 添加左子节点，右子节点，len(queue):4
2025-04-26 00:02:52,588 - INFO - Node 1: k=317.3015860643389, f_best=2.8652803897857666, f_min=2.0467341230596503
2025-04-26 00:02:52,588 - INFO - Node 2: k=224.04528647815985, f_best=3.7875704765319824, f_min=3.453885174979405
2025-04-26 00:02:52,589 - INFO - Node 3: k=229.8681921472334, f_best=2.828096389770508, f_min=2.5323519287831004
2025-04-26 00:02:52,589 - INFO - Node 4: k=151.98552710904153, f_best=3.767016887664795, f_min=2.7442226905941425
2025-04-26 00:02:52,589 - INFO - Node 5: k=226.28573934294144, f_best=2.8152527809143066, f_min=1.4975830997209414
2025-04-26 00:02:52,589 - INFO - Node 6: k=125.80448729664927, f_best=3.7415857315063477, f_min=3.5843435231986405
2025-04-26 00:02:52,589 - INFO - Node 7: k=111.1779326520402, f_best=2.80729341506958, f_min=2.6268465338166607
2025-04-26 00:02:52,589 - INFO - cur_node_number 28,f_best 2.80729341506958,f_min 2.6268465338166607,k 111.1779326520402
2025-04-26 00:02:52,589 - INFO - f_best_current 2.80729341506958,f_min 2.6268465338166607
2025-04-26 00:02:59,614 - INFO - tree_node.f_best*ep:2.80729341506958,left_f_best3.767876148223877,right_f_best2.8321237564086914,i:1
2025-04-26 00:03:06,955 - INFO - tree_node.f_best*ep:2.80729341506958,left_f_best3.7672669887542725,right_f_best2.833174467086792,i:2
2025-04-26 00:03:14,689 - INFO - tree_node.f_best*ep:2.80729341506958,left_f_best3.7556493282318115,right_f_best2.8209829330444336,i:3
2025-04-26 00:03:22,759 - INFO - tree_node.f_best*ep:2.80729341506958,left_f_best3.7443270683288574,right_f_best2.7905187606811523,i:4
2025-04-26 00:03:45,333 - INFO - 添加左子节点，右子节点，len(queue):5
2025-04-26 00:03:45,333 - INFO - Node 1: k=317.3015860643389, f_best=2.8652803897857666, f_min=2.0467341230596503
2025-04-26 00:03:45,333 - INFO - Node 2: k=224.04528647815985, f_best=3.7875704765319824, f_min=3.453885174979405
2025-04-26 00:03:45,333 - INFO - Node 3: k=229.8681921472334, f_best=2.828096389770508, f_min=2.5323519287831004
2025-04-26 00:03:45,333 - INFO - Node 4: k=151.98552710904153, f_best=3.767016887664795, f_min=2.7442226905941425
2025-04-26 00:03:45,333 - INFO - Node 5: k=226.28573934294144, f_best=2.8152527809143066, f_min=1.4975830997209414
2025-04-26 00:03:45,334 - INFO - Node 6: k=125.80448729664927, f_best=3.7415857315063477, f_min=3.5843435231986405
2025-04-26 00:03:45,334 - INFO - Node 7: k=111.1779326520402, f_best=2.80729341506958, f_min=2.6268465338166607
2025-04-26 00:03:45,334 - INFO - Node 8: k=158.15674897163234, f_best=3.7443270683288574, f_min=3.2282709978298954
2025-04-26 00:03:45,334 - INFO - Node 9: k=163.8898929712241, f_best=2.7905187606811523, f_min=2.5669964569269723
2025-04-26 00:03:45,334 - INFO - cur_node_number 29,f_best 2.7905187606811523,f_min 2.5669964569269723,k 163.8898929712241
2025-04-26 00:03:45,334 - INFO - f_best_current 2.7905187606811523,f_min 2.5669964569269723
2025-04-26 00:03:45,334 - INFO - 回退,len(queue)=3
2025-04-26 00:03:52,350 - INFO - tree_node.f_best*ep:2.80729341506958,left_f_best3.774430274963379,right_f_best2.8476502895355225,i:1
2025-04-26 00:03:59,559 - INFO - tree_node.f_best*ep:2.80729341506958,left_f_best3.7458200454711914,right_f_best2.8332583904266357,i:2
2025-04-26 00:04:07,362 - INFO - tree_node.f_best*ep:2.80729341506958,left_f_best3.7534902095794678,right_f_best2.805492877960205,i:3
2025-04-26 00:04:30,009 - INFO - 添加左子节点，右子节点，len(queue):5
2025-04-26 00:04:30,009 - INFO - Node 1: k=317.3015860643389, f_best=2.8652803897857666, f_min=2.0467341230596503
2025-04-26 00:04:30,009 - INFO - Node 2: k=224.04528647815985, f_best=3.7875704765319824, f_min=3.453885174979405
2025-04-26 00:04:30,010 - INFO - Node 3: k=229.8681921472334, f_best=2.828096389770508, f_min=2.5323519287831004
2025-04-26 00:04:30,010 - INFO - Node 4: k=151.98552710904153, f_best=3.767016887664795, f_min=2.7442226905941425
2025-04-26 00:04:30,010 - INFO - Node 5: k=226.28573934294144, f_best=2.8152527809143066, f_min=1.4975830997209414
2025-04-26 00:04:30,010 - INFO - Node 6: k=125.80448729664927, f_best=3.7415857315063477, f_min=3.5843435231986405
2025-04-26 00:04:30,010 - INFO - Node 7: k=163.8898929712241, f_best=2.80729341506958, f_min=2.6268465338166607
2025-04-26 00:04:30,010 - INFO - Node 8: k=128.33315749131194, f_best=3.7534902095794678, f_min=3.0981013903046914
2025-04-26 00:04:30,010 - INFO - Node 9: k=177.4692695885584, f_best=2.805492877960205, f_min=2.219637391627657
2025-04-26 00:04:30,010 - INFO - cur_node_number 30,f_best 2.805492877960205,f_min 2.219637391627657,k 177.4692695885584
2025-04-26 00:04:30,010 - INFO - f_best_current 2.805492877960205,f_min 2.219637391627657
2025-04-26 00:04:30,011 - INFO - 回退,len(queue)=3
2025-04-26 00:04:37,129 - INFO - tree_node.f_best*ep:2.80729341506958,left_f_best3.7470569610595703,right_f_best2.8449313640594482,i:1
2025-04-26 00:04:44,453 - INFO - tree_node.f_best*ep:2.80729341506958,left_f_best3.774686813354492,right_f_best2.819661855697632,i:2
2025-04-26 00:04:51,999 - INFO - tree_node.f_best*ep:2.80729341506958,left_f_best3.754390239715576,right_f_best2.823219060897827,i:3
2025-04-26 00:04:59,989 - INFO - tree_node.f_best*ep:2.80729341506958,left_f_best3.7380051612854004,right_f_best2.798253297805786,i:4
2025-04-26 00:05:21,580 - INFO - 添加左子节点，右子节点，len(queue):5
2025-04-26 00:05:21,581 - INFO - Node 1: k=317.3015860643389, f_best=2.8652803897857666, f_min=2.0467341230596503
2025-04-26 00:05:21,581 - INFO - Node 2: k=224.04528647815985, f_best=3.7875704765319824, f_min=3.453885174979405
2025-04-26 00:05:21,581 - INFO - Node 3: k=229.8681921472334, f_best=2.828096389770508, f_min=2.5323519287831004
2025-04-26 00:05:21,581 - INFO - Node 4: k=151.98552710904153, f_best=3.767016887664795, f_min=2.7442226905941425
2025-04-26 00:05:21,581 - INFO - Node 5: k=226.28573934294144, f_best=2.8152527809143066, f_min=1.4975830997209414
2025-04-26 00:05:21,581 - INFO - Node 6: k=125.80448729664927, f_best=3.7415857315063477, f_min=3.5843435231986405
2025-04-26 00:05:21,581 - INFO - Node 7: k=177.4692695885584, f_best=2.80729341506958, f_min=2.6268465338166607
2025-04-26 00:05:21,581 - INFO - Node 8: k=200.81710406844587, f_best=3.7380051612854004, f_min=2.67345809424296
2025-04-26 00:05:21,581 - INFO - Node 9: k=97.68789128577673, f_best=2.798253297805786, f_min=2.3141681523325133
2025-04-26 00:05:21,582 - INFO - cur_node_number 31,f_best 2.798253297805786,f_min 2.3141681523325133,k 97.68789128577673
2025-04-26 00:05:21,582 - INFO - f_best_current 2.798253297805786,f_min 2.3141681523325133
2025-04-26 00:05:28,483 - INFO - tree_node.f_best*ep:2.798253297805786,left_f_best3.773752212524414,right_f_best2.8446948528289795,i:1
2025-04-26 00:05:35,681 - INFO - tree_node.f_best*ep:2.798253297805786,left_f_best3.7572898864746094,right_f_best2.854914426803589,i:2
2025-04-26 00:05:43,243 - INFO - tree_node.f_best*ep:2.798253297805786,left_f_best3.7467191219329834,right_f_best2.813735008239746,i:3
2025-04-26 00:05:51,354 - INFO - tree_node.f_best*ep:2.798253297805786,left_f_best3.737528085708618,right_f_best2.800450086593628,i:4
2025-04-26 00:05:59,903 - INFO - tree_node.f_best*ep:2.798253297805786,left_f_best3.7468369007110596,right_f_best2.7820944786071777,i:5
2025-04-26 00:06:23,519 - INFO - 添加左子节点，右子节点，len(queue):6
2025-04-26 00:06:23,519 - INFO - Node 1: k=317.3015860643389, f_best=2.8652803897857666, f_min=2.0467341230596503
2025-04-26 00:06:23,519 - INFO - Node 2: k=224.04528647815985, f_best=3.7875704765319824, f_min=3.453885174979405
2025-04-26 00:06:23,519 - INFO - Node 3: k=229.8681921472334, f_best=2.828096389770508, f_min=2.5323519287831004
2025-04-26 00:06:23,519 - INFO - Node 4: k=151.98552710904153, f_best=3.767016887664795, f_min=2.7442226905941425
2025-04-26 00:06:23,519 - INFO - Node 5: k=226.28573934294144, f_best=2.8152527809143066, f_min=1.4975830997209414
2025-04-26 00:06:23,519 - INFO - Node 6: k=125.80448729664927, f_best=3.7415857315063477, f_min=3.5843435231986405
2025-04-26 00:06:23,521 - INFO - Node 7: k=177.4692695885584, f_best=2.80729341506958, f_min=2.6268465338166607
2025-04-26 00:06:23,521 - INFO - Node 8: k=200.81710406844587, f_best=3.7380051612854004, f_min=2.67345809424296
2025-04-26 00:06:23,521 - INFO - Node 9: k=97.68789128577673, f_best=2.798253297805786, f_min=2.3141681523325133
2025-04-26 00:06:23,521 - INFO - Node 10: k=183.6150756383111, f_best=3.7468369007110596, f_min=2.748629653039643
2025-04-26 00:06:23,521 - INFO - Node 11: k=210.17764240624794, f_best=2.7820944786071777, f_min=2.437991619348395
2025-04-26 00:06:23,521 - INFO - cur_node_number 32,f_best 2.7820944786071777,f_min 2.437991619348395,k 210.17764240624794
2025-04-26 00:06:23,521 - INFO - f_best_current 2.7820944786071777,f_min 2.437991619348395
2025-04-26 00:06:23,522 - INFO - 回退,len(queue)=4
2025-04-26 00:06:23,522 - INFO - 回退,len(queue)=3
2025-04-26 00:06:30,160 - INFO - tree_node.f_best*ep:2.80729341506958,left_f_best3.7646491527557373,right_f_best2.8563506603240967,i:1
2025-04-26 00:06:37,114 - INFO - tree_node.f_best*ep:2.80729341506958,left_f_best3.7512757778167725,right_f_best2.8155789375305176,i:2
2025-04-26 00:06:44,616 - INFO - tree_node.f_best*ep:2.80729341506958,left_f_best3.75813364982605,right_f_best2.816908836364746,i:3
2025-04-26 00:06:52,466 - INFO - tree_node.f_best*ep:2.80729341506958,left_f_best3.746579647064209,right_f_best2.814116954803467,i:4
2025-04-26 00:07:00,609 - INFO - tree_node.f_best*ep:2.80729341506958,left_f_best3.7475759983062744,right_f_best2.7961461544036865,i:5
2025-04-26 00:07:22,127 - INFO - 添加左子节点，右子节点，len(queue):5
2025-04-26 00:07:22,127 - INFO - Node 1: k=317.3015860643389, f_best=2.8652803897857666, f_min=2.0467341230596503
2025-04-26 00:07:22,127 - INFO - Node 2: k=224.04528647815985, f_best=3.7875704765319824, f_min=3.453885174979405
2025-04-26 00:07:22,127 - INFO - Node 3: k=229.8681921472334, f_best=2.828096389770508, f_min=2.5323519287831004
2025-04-26 00:07:22,127 - INFO - Node 4: k=151.98552710904153, f_best=3.767016887664795, f_min=2.7442226905941425
2025-04-26 00:07:22,128 - INFO - Node 5: k=226.28573934294144, f_best=2.8152527809143066, f_min=1.4975830997209414
2025-04-26 00:07:22,128 - INFO - Node 6: k=125.80448729664927, f_best=3.7415857315063477, f_min=3.5843435231986405
2025-04-26 00:07:22,128 - INFO - Node 7: k=210.17764240624794, f_best=2.80729341506958, f_min=2.6268465338166607
2025-04-26 00:07:22,128 - INFO - Node 8: k=196.86021377163598, f_best=3.7475759983062744, f_min=3.5011087895527453
2025-04-26 00:07:22,128 - INFO - Node 9: k=151.34956649334728, f_best=2.7961461544036865, f_min=1.7070249765965855
2025-04-26 00:07:22,128 - INFO - cur_node_number 33,f_best 2.7961461544036865,f_min 1.7070249765965855,k 151.34956649334728
2025-04-26 00:07:22,128 - INFO - f_best_current 2.7961461544036865,f_min 1.7070249765965855
2025-04-26 00:07:28,720 - INFO - tree_node.f_best*ep:2.7961461544036865,left_f_best3.765866279602051,right_f_best2.863723039627075,i:1
2025-04-26 00:07:35,834 - INFO - tree_node.f_best*ep:2.7961461544036865,left_f_best3.752316474914551,right_f_best2.8249013423919678,i:2
2025-04-26 00:07:43,369 - INFO - tree_node.f_best*ep:2.7961461544036865,left_f_best3.750988245010376,right_f_best2.8187921047210693,i:3
2025-04-26 00:07:51,136 - INFO - tree_node.f_best*ep:2.7961461544036865,left_f_best3.741305351257324,right_f_best2.807295799255371,i:4
2025-04-26 00:07:59,227 - INFO - tree_node.f_best*ep:2.7961461544036865,left_f_best3.7479195594787598,right_f_best2.7938425540924072,i:5
2025-04-26 00:08:20,000 - INFO - 添加左子节点，右子节点，len(queue):6
2025-04-26 00:08:20,001 - INFO - Node 1: k=317.3015860643389, f_best=2.8652803897857666, f_min=2.0467341230596503
2025-04-26 00:08:20,001 - INFO - Node 2: k=224.04528647815985, f_best=3.7875704765319824, f_min=3.453885174979405
2025-04-26 00:08:20,001 - INFO - Node 3: k=229.8681921472334, f_best=2.828096389770508, f_min=2.5323519287831004
2025-04-26 00:08:20,001 - INFO - Node 4: k=151.98552710904153, f_best=3.767016887664795, f_min=2.7442226905941425
2025-04-26 00:08:20,001 - INFO - Node 5: k=226.28573934294144, f_best=2.8152527809143066, f_min=1.4975830997209414
2025-04-26 00:08:20,001 - INFO - Node 6: k=125.80448729664927, f_best=3.7415857315063477, f_min=3.5843435231986405
2025-04-26 00:08:20,001 - INFO - Node 7: k=210.17764240624794, f_best=2.80729341506958, f_min=2.6268465338166607
2025-04-26 00:08:20,001 - INFO - Node 8: k=196.86021377163598, f_best=3.7475759983062744, f_min=3.5011087895527453
2025-04-26 00:08:20,002 - INFO - Node 9: k=151.34956649334728, f_best=2.7961461544036865, f_min=1.7070249765965855
2025-04-26 00:08:20,002 - INFO - Node 10: k=166.22433266032843, f_best=3.7479195594787598, f_min=3.6091664523910367
2025-04-26 00:08:20,002 - INFO - Node 11: k=163.8898929712241, f_best=2.7938425540924072, f_min=0.9398950405193318
2025-04-26 00:08:20,002 - INFO - cur_node_number 34,f_best 2.7938425540924072,f_min 0.9398950405193318,k 163.8898929712241
2025-04-26 00:08:20,002 - INFO - f_best_current 2.7938425540924072,f_min 0.9398950405193318
2025-04-26 00:08:20,002 - INFO - 回退,len(queue)=4
2025-04-26 00:08:26,840 - INFO - tree_node.f_best*ep:2.7961461544036865,left_f_best3.7977631092071533,right_f_best2.8366506099700928,i:1
2025-04-26 00:08:34,009 - INFO - tree_node.f_best*ep:2.7961461544036865,left_f_best3.746384620666504,right_f_best2.830864191055298,i:2
2025-04-26 00:08:41,480 - INFO - tree_node.f_best*ep:2.7961461544036865,left_f_best3.759139060974121,right_f_best2.8065576553344727,i:3
2025-04-26 00:08:49,120 - INFO - tree_node.f_best*ep:2.7961461544036865,left_f_best3.7365875244140625,right_f_best2.8141634464263916,i:4
2025-04-26 00:08:57,140 - INFO - tree_node.f_best*ep:2.7961461544036865,left_f_best3.744760274887085,right_f_best2.797569990158081,i:5
2025-04-26 00:09:05,441 - INFO - tree_node.f_best*ep:2.7961461544036865,left_f_best3.7322397232055664,right_f_best2.789353132247925,i:6
2025-04-26 00:09:28,127 - INFO - 添加左子节点，右子节点，len(queue):6
2025-04-26 00:09:28,127 - INFO - Node 1: k=317.3015860643389, f_best=2.8652803897857666, f_min=2.0467341230596503
2025-04-26 00:09:28,128 - INFO - Node 2: k=224.04528647815985, f_best=3.7875704765319824, f_min=3.453885174979405
2025-04-26 00:09:28,128 - INFO - Node 3: k=229.8681921472334, f_best=2.828096389770508, f_min=2.5323519287831004
2025-04-26 00:09:28,128 - INFO - Node 4: k=151.98552710904153, f_best=3.767016887664795, f_min=2.7442226905941425
2025-04-26 00:09:28,128 - INFO - Node 5: k=226.28573934294144, f_best=2.8152527809143066, f_min=1.4975830997209414
2025-04-26 00:09:28,128 - INFO - Node 6: k=125.80448729664927, f_best=3.7415857315063477, f_min=3.5843435231986405
2025-04-26 00:09:28,128 - INFO - Node 7: k=210.17764240624794, f_best=2.80729341506958, f_min=2.6268465338166607
2025-04-26 00:09:28,128 - INFO - Node 8: k=196.86021377163598, f_best=3.7475759983062744, f_min=3.5011087895527453
2025-04-26 00:09:28,128 - INFO - Node 9: k=163.8898929712241, f_best=2.7961461544036865, f_min=1.7070249765965855
2025-04-26 00:09:28,129 - INFO - Node 10: k=235.47384776607961, f_best=3.7322397232055664, f_min=3.242399885290979
2025-04-26 00:09:28,129 - INFO - Node 11: k=137.01478814486555, f_best=2.789353132247925, f_min=1.2888644006147842
2025-04-26 00:09:28,129 - INFO - cur_node_number 35,f_best 2.789353132247925,f_min 1.2888644006147842,k 137.01478814486555
2025-04-26 00:09:28,129 - INFO - f_best_current 2.789353132247925,f_min 1.2888644006147842
2025-04-26 00:09:34,943 - INFO - tree_node.f_best*ep:2.789353132247925,left_f_best3.792628526687622,right_f_best2.8458030223846436,i:1
2025-04-26 00:09:41,835 - INFO - tree_node.f_best*ep:2.789353132247925,left_f_best3.779595136642456,right_f_best2.8290441036224365,i:2
2025-04-26 00:09:49,181 - INFO - tree_node.f_best*ep:2.789353132247925,left_f_best3.7457642555236816,right_f_best2.7973039150238037,i:3
2025-04-26 00:09:56,730 - INFO - tree_node.f_best*ep:2.789353132247925,left_f_best3.749680995941162,right_f_best2.8050172328948975,i:4
2025-04-26 00:10:04,961 - INFO - tree_node.f_best*ep:2.789353132247925,left_f_best3.7352852821350098,right_f_best2.791323661804199,i:5
2025-04-26 00:10:13,472 - INFO - tree_node.f_best*ep:2.789353132247925,left_f_best3.727490186691284,right_f_best2.7850089073181152,i:6
2025-04-26 00:10:33,426 - INFO - 添加左子节点，右子节点，len(queue):7
2025-04-26 00:10:33,426 - INFO - Node 1: k=317.3015860643389, f_best=2.8652803897857666, f_min=2.0467341230596503
2025-04-26 00:10:33,426 - INFO - Node 2: k=224.04528647815985, f_best=3.7875704765319824, f_min=3.453885174979405
2025-04-26 00:10:33,426 - INFO - Node 3: k=229.8681921472334, f_best=2.828096389770508, f_min=2.5323519287831004
2025-04-26 00:10:33,426 - INFO - Node 4: k=151.98552710904153, f_best=3.767016887664795, f_min=2.7442226905941425
2025-04-26 00:10:33,426 - INFO - Node 5: k=226.28573934294144, f_best=2.8152527809143066, f_min=1.4975830997209414
2025-04-26 00:10:33,426 - INFO - Node 6: k=125.80448729664927, f_best=3.7415857315063477, f_min=3.5843435231986405
2025-04-26 00:10:33,426 - INFO - Node 7: k=210.17764240624794, f_best=2.80729341506958, f_min=2.6268465338166607
2025-04-26 00:10:33,427 - INFO - Node 8: k=196.86021377163598, f_best=3.7475759983062744, f_min=3.5011087895527453
2025-04-26 00:10:33,427 - INFO - Node 9: k=163.8898929712241, f_best=2.7961461544036865, f_min=1.7070249765965855
2025-04-26 00:10:33,427 - INFO - Node 10: k=235.47384776607961, f_best=3.7322397232055664, f_min=3.242399885290979
2025-04-26 00:10:33,427 - INFO - Node 11: k=137.01478814486555, f_best=2.789353132247925, f_min=1.2888644006147842
2025-04-26 00:10:33,427 - INFO - Node 12: k=118.01761581230156, f_best=3.727490186691284, f_min=3.293974122329928
2025-04-26 00:10:33,427 - INFO - Node 13: k=173.9724238687956, f_best=2.7850089073181152, f_min=1.2136361119919457
2025-04-26 00:10:33,427 - INFO - cur_node_number 36,f_best 2.7850089073181152,f_min 1.2136361119919457,k 173.9724238687956
2025-04-26 00:10:33,427 - INFO - f_best_current 2.7850089073181152,f_min 1.2136361119919457
2025-04-26 00:10:33,427 - INFO - 回退,len(queue)=5
2025-04-26 00:10:33,428 - INFO - 回退,len(queue)=4
2025-04-26 00:10:40,436 - INFO - tree_node.f_best*ep:2.7961461544036865,left_f_best3.7977685928344727,right_f_best2.818668842315674,i:1
2025-04-26 00:10:47,750 - INFO - tree_node.f_best*ep:2.7961461544036865,left_f_best3.7658839225769043,right_f_best2.856016159057617,i:2
2025-04-26 00:10:55,180 - INFO - tree_node.f_best*ep:2.7961461544036865,left_f_best3.752079725265503,right_f_best2.8131320476531982,i:3
2025-04-26 00:11:02,834 - INFO - tree_node.f_best*ep:2.7961461544036865,left_f_best3.7334036827087402,right_f_best2.8026211261749268,i:4
2025-04-26 00:11:10,819 - INFO - tree_node.f_best*ep:2.7961461544036865,left_f_best3.7407941818237305,right_f_best2.8024160861968994,i:5
2025-04-26 00:11:19,662 - INFO - tree_node.f_best*ep:2.7961461544036865,left_f_best3.7384655475616455,right_f_best2.7881503105163574,i:6
2025-04-26 00:11:42,696 - INFO - 添加左子节点，右子节点，len(queue):6
2025-04-26 00:11:42,696 - INFO - Node 1: k=317.3015860643389, f_best=2.8652803897857666, f_min=2.0467341230596503
2025-04-26 00:11:42,696 - INFO - Node 2: k=224.04528647815985, f_best=3.7875704765319824, f_min=3.453885174979405
2025-04-26 00:11:42,696 - INFO - Node 3: k=229.8681921472334, f_best=2.828096389770508, f_min=2.5323519287831004
2025-04-26 00:11:42,696 - INFO - Node 4: k=151.98552710904153, f_best=3.767016887664795, f_min=2.7442226905941425
2025-04-26 00:11:42,697 - INFO - Node 5: k=226.28573934294144, f_best=2.8152527809143066, f_min=1.4975830997209414
2025-04-26 00:11:42,697 - INFO - Node 6: k=125.80448729664927, f_best=3.7415857315063477, f_min=3.5843435231986405
2025-04-26 00:11:42,697 - INFO - Node 7: k=210.17764240624794, f_best=2.80729341506958, f_min=2.6268465338166607
2025-04-26 00:11:42,697 - INFO - Node 8: k=196.86021377163598, f_best=3.7475759983062744, f_min=3.5011087895527453
2025-04-26 00:11:42,697 - INFO - Node 9: k=173.9724238687956, f_best=2.7961461544036865, f_min=1.7070249765965855
2025-04-26 00:11:42,697 - INFO - Node 10: k=177.4692695885584, f_best=3.7384655475616455, f_min=3.214320865623449
2025-04-26 00:11:42,697 - INFO - Node 11: k=227.59226945270635, f_best=2.7881503105163574, f_min=2.592926272695877
2025-04-26 00:11:42,697 - INFO - cur_node_number 37,f_best 2.7881503105163574,f_min 2.592926272695877,k 227.59226945270635
2025-04-26 00:11:42,697 - INFO - f_best_current 2.7881503105163574,f_min 2.592926272695877
2025-04-26 00:11:42,697 - INFO - 回退,len(queue)=4
2025-04-26 00:11:42,698 - INFO - 回退,len(queue)=3
2025-04-26 00:11:42,698 - INFO - 回退,len(queue)=2
2025-04-26 00:11:49,405 - INFO - tree_node.f_best*ep:2.8152527809143066,left_f_best3.7929177284240723,right_f_best2.8301305770874023,i:1
2025-04-26 00:11:56,706 - INFO - tree_node.f_best*ep:2.8152527809143066,left_f_best3.7686147689819336,right_f_best2.84725284576416,i:2
2025-04-26 00:12:04,296 - INFO - tree_node.f_best*ep:2.8152527809143066,left_f_best3.7666866779327393,right_f_best2.8021578788757324,i:3
2025-04-26 00:12:26,446 - INFO - 添加左子节点，右子节点，len(queue):4
2025-04-26 00:12:26,446 - INFO - Node 1: k=317.3015860643389, f_best=2.8652803897857666, f_min=2.0467341230596503
2025-04-26 00:12:26,446 - INFO - Node 2: k=224.04528647815985, f_best=3.7875704765319824, f_min=3.453885174979405
2025-04-26 00:12:26,446 - INFO - Node 3: k=229.8681921472334, f_best=2.828096389770508, f_min=2.5323519287831004
2025-04-26 00:12:26,446 - INFO - Node 4: k=151.98552710904153, f_best=3.767016887664795, f_min=2.7442226905941425
2025-04-26 00:12:26,446 - INFO - Node 5: k=227.59226945270635, f_best=2.8152527809143066, f_min=1.4975830997209414
2025-04-26 00:12:26,447 - INFO - Node 6: k=191.07058400567988, f_best=3.7666866779327393, f_min=2.148653224435293
2025-04-26 00:12:26,447 - INFO - Node 7: k=175.71214810748356, f_best=2.8021578788757324, f_min=0.5014050153631615
2025-04-26 00:12:26,447 - INFO - cur_node_number 38,f_best 2.8021578788757324,f_min 0.5014050153631615,k 175.71214810748356
2025-04-26 00:12:26,447 - INFO - f_best_current 2.8021578788757324,f_min 0.5014050153631615
2025-04-26 00:12:33,339 - INFO - tree_node.f_best*ep:2.8021578788757324,left_f_best3.787468194961548,right_f_best2.826111078262329,i:1
2025-04-26 00:12:40,481 - INFO - tree_node.f_best*ep:2.8021578788757324,left_f_best3.7494215965270996,right_f_best2.831160545349121,i:2
2025-04-26 00:12:47,660 - INFO - tree_node.f_best*ep:2.8021578788757324,left_f_best3.745222806930542,right_f_best2.8176145553588867,i:3
2025-04-26 00:12:55,142 - INFO - tree_node.f_best*ep:2.8021578788757324,left_f_best3.741489887237549,right_f_best2.806487560272217,i:4
2025-04-26 00:13:03,056 - INFO - tree_node.f_best*ep:2.8021578788757324,left_f_best3.728943347930908,right_f_best2.8030848503112793,i:5
2025-04-26 00:13:11,550 - INFO - tree_node.f_best*ep:2.8021578788757324,left_f_best3.7291316986083984,right_f_best2.7952136993408203,i:6
2025-04-26 00:13:34,429 - INFO - 添加左子节点，右子节点，len(queue):5
2025-04-26 00:13:34,430 - INFO - Node 1: k=317.3015860643389, f_best=2.8652803897857666, f_min=2.0467341230596503
2025-04-26 00:13:34,430 - INFO - Node 2: k=224.04528647815985, f_best=3.7875704765319824, f_min=3.453885174979405
2025-04-26 00:13:34,430 - INFO - Node 3: k=229.8681921472334, f_best=2.828096389770508, f_min=2.5323519287831004
2025-04-26 00:13:34,430 - INFO - Node 4: k=151.98552710904153, f_best=3.767016887664795, f_min=2.7442226905941425
2025-04-26 00:13:34,430 - INFO - Node 5: k=227.59226945270635, f_best=2.8152527809143066, f_min=1.4975830997209414
2025-04-26 00:13:34,430 - INFO - Node 6: k=191.07058400567988, f_best=3.7666866779327393, f_min=2.148653224435293
2025-04-26 00:13:34,430 - INFO - Node 7: k=175.71214810748356, f_best=2.8021578788757324, f_min=0.5014050153631615
2025-04-26 00:13:34,430 - INFO - Node 8: k=202.82527510913033, f_best=3.7291316986083984, f_min=3.683846885587627
2025-04-26 00:13:34,431 - INFO - Node 9: k=187.30573865864116, f_best=2.7952136993408203, f_min=1.6203880949942686
2025-04-26 00:13:34,431 - INFO - cur_node_number 39,f_best 2.7952136993408203,f_min 1.6203880949942686,k 187.30573865864116
2025-04-26 00:13:34,431 - INFO - f_best_current 2.7952136993408203,f_min 1.6203880949942686
2025-04-26 00:13:34,431 - INFO - 回退,len(queue)=3
2025-04-26 00:13:40,958 - INFO - tree_node.f_best*ep:2.8021578788757324,left_f_best3.781921863555908,right_f_best2.8292579650878906,i:1
2025-04-26 00:13:47,964 - INFO - tree_node.f_best*ep:2.8021578788757324,left_f_best3.76481294631958,right_f_best2.8231093883514404,i:2
2025-04-26 00:13:55,430 - INFO - tree_node.f_best*ep:2.8021578788757324,left_f_best3.732625961303711,right_f_best2.8095765113830566,i:3
2025-04-26 00:14:03,260 - INFO - tree_node.f_best*ep:2.8021578788757324,left_f_best3.745513439178467,right_f_best2.8165903091430664,i:4
2025-04-26 00:14:11,514 - INFO - tree_node.f_best*ep:2.8021578788757324,left_f_best3.734104871749878,right_f_best2.799527168273926,i:5
2025-04-26 00:14:31,926 - INFO - 添加左子节点，右子节点，len(queue):5
2025-04-26 00:14:31,926 - INFO - Node 1: k=317.3015860643389, f_best=2.8652803897857666, f_min=2.0467341230596503
2025-04-26 00:14:31,926 - INFO - Node 2: k=224.04528647815985, f_best=3.7875704765319824, f_min=3.453885174979405
2025-04-26 00:14:31,926 - INFO - Node 3: k=229.8681921472334, f_best=2.828096389770508, f_min=2.5323519287831004
2025-04-26 00:14:31,927 - INFO - Node 4: k=151.98552710904153, f_best=3.767016887664795, f_min=2.7442226905941425
2025-04-26 00:14:31,927 - INFO - Node 5: k=227.59226945270635, f_best=2.8152527809143066, f_min=1.4975830997209414
2025-04-26 00:14:31,927 - INFO - Node 6: k=191.07058400567988, f_best=3.7666866779327393, f_min=2.148653224435293
2025-04-26 00:14:31,927 - INFO - Node 7: k=187.30573865864116, f_best=2.8021578788757324, f_min=0.5014050153631615
2025-04-26 00:14:31,927 - INFO - Node 8: k=124.55889831351413, f_best=3.734104871749878, f_min=3.669476701383246
2025-04-26 00:14:31,927 - INFO - Node 9: k=194.0955265030569, f_best=2.799527168273926, f_min=2.7724628144305825
2025-04-26 00:14:31,927 - INFO - cur_node_number 40,f_best 2.799527168273926,f_min 2.7724628144305825,k 194.0955265030569
2025-04-26 00:14:31,928 - INFO - f_best_current 2.799527168273926,f_min 2.7724628144305825
2025-04-26 00:14:31,928 - INFO - 结束,fmin= 2.7724628144305825, fbestmin=2.799527168273926
