2025-04-26 00:43:45,459 - INFO - Namespace(log_file='outputs/dnn1/img[2]/min/DNN1img2_label0.log', image_path='img[2].png', model_path='network/SimpleNN14.pth', label=0, init_epsilon=0.05, epsilon=0.01, ep=1, min=1)
2025-04-26 00:43:45,470 - INFO - Model output max(1): torch.return_types.max(
values=tensor([7.1571], grad_fn=<MaxBackward0>),
indices=tensor([2]))
2025-04-26 00:43:48,915 - INFO - cur_node_number 1,f_best -3.1325418949127197,f_min -5.937241552815067,k 216.72125269062153
2025-04-26 00:43:48,915 - INFO - f_best_current -3.1325418949127197,f_min -5.937241552815067
2025-04-26 00:43:54,511 - INFO - tree_node.f_best*ep:-3.1325418949127197,left_f_best-2.3007972240448,right_f_best-3.159236192703247,i:1
2025-04-26 00:44:11,552 - INFO - 添加左子节点，右子节点，len(queue):2
2025-04-26 00:44:11,552 - INFO - Node 1: k=216.72125269062153, f_best=-3.1325418949127197, f_min=-5.937241552815067
2025-04-26 00:44:11,552 - INFO - Node 2: k=122.42603803322424, f_best=-2.3007972240448, f_min=-3.424302965980587
2025-04-26 00:44:11,552 - INFO - Node 3: k=99.9137516858001, f_best=-3.159236192703247, f_min=-3.398805827635897
2025-04-26 00:44:11,552 - INFO - cur_node_number 2,f_best -3.159236192703247,f_min -3.398805827635897,k 99.9137516858001
2025-04-26 00:44:11,552 - INFO - f_best_current -3.159236192703247,f_min -3.398805827635897
2025-04-26 00:44:16,985 - INFO - tree_node.f_best*ep:-3.159236192703247,left_f_best-2.293181896209717,right_f_best-3.1705522537231445,i:1
2025-04-26 00:44:33,233 - INFO - 添加左子节点，右子节点，len(queue):3
2025-04-26 00:44:33,233 - INFO - Node 1: k=216.72125269062153, f_best=-3.1325418949127197, f_min=-5.937241552815067
2025-04-26 00:44:33,233 - INFO - Node 2: k=122.42603803322424, f_best=-2.3007972240448, f_min=-3.424302965980587
2025-04-26 00:44:33,233 - INFO - Node 3: k=99.9137516858001, f_best=-3.159236192703247, f_min=-3.398805827635897
2025-04-26 00:44:33,233 - INFO - Node 4: k=95.46396105906503, f_best=-2.293181896209717, f_min=-2.6079363759686203
2025-04-26 00:44:33,233 - INFO - Node 5: k=124.88680139769205, f_best=-3.1705522537231445, f_min=-4.859602422919124
2025-04-26 00:44:33,233 - INFO - cur_node_number 3,f_best -3.1705522537231445,f_min -4.859602422919124,k 124.88680139769205
2025-04-26 00:44:33,233 - INFO - f_best_current -3.1705522537231445,f_min -4.859602422919124
2025-04-26 00:44:33,233 - INFO - 回退,len(queue)=1
2025-04-26 00:44:38,590 - INFO - tree_node.f_best*ep:-3.159236192703247,left_f_best-2.291478395462036,right_f_best-3.1647841930389404,i:1
2025-04-26 00:44:55,887 - INFO - 添加左子节点，右子节点，len(queue):3
2025-04-26 00:44:55,887 - INFO - Node 1: k=216.72125269062153, f_best=-3.1325418949127197, f_min=-5.937241552815067
2025-04-26 00:44:55,887 - INFO - Node 2: k=122.42603803322424, f_best=-2.3007972240448, f_min=-3.424302965980587
2025-04-26 00:44:55,887 - INFO - Node 3: k=124.88680139769205, f_best=-3.159236192703247, f_min=-3.398805827635897
2025-04-26 00:44:55,887 - INFO - Node 4: k=103.37379037862647, f_best=-2.291478395462036, f_min=-2.9919195622101142
2025-04-26 00:44:55,887 - INFO - Node 5: k=137.95272399572556, f_best=-3.1647841930389404, f_min=-3.673520725043545
2025-04-26 00:44:55,887 - INFO - cur_node_number 4,f_best -3.1647841930389404,f_min -3.673520725043545,k 137.95272399572556
2025-04-26 00:44:55,887 - INFO - f_best_current -3.1647841930389404,f_min -3.673520725043545
2025-04-26 00:44:55,887 - INFO - 回退,len(queue)=1
2025-04-26 00:45:01,098 - INFO - tree_node.f_best*ep:-3.159236192703247,left_f_best-2.2763593196868896,right_f_best-3.114502429962158,i:1
2025-04-26 00:45:06,829 - INFO - tree_node.f_best*ep:-3.159236192703247,left_f_best-2.3064043521881104,right_f_best-3.1786510944366455,i:2
2025-04-26 00:45:24,906 - INFO - 添加左子节点，右子节点，len(queue):3
2025-04-26 00:45:24,906 - INFO - Node 1: k=216.72125269062153, f_best=-3.1325418949127197, f_min=-5.937241552815067
2025-04-26 00:45:24,906 - INFO - Node 2: k=122.42603803322424, f_best=-2.3007972240448, f_min=-3.424302965980587
2025-04-26 00:45:24,906 - INFO - Node 3: k=137.95272399572556, f_best=-3.159236192703247, f_min=-3.398805827635897
2025-04-26 00:45:24,906 - INFO - Node 4: k=165.0118025715864, f_best=-2.3064043521881104, f_min=-4.6362914376541084
2025-04-26 00:45:24,906 - INFO - Node 5: k=100.33358249543238, f_best=-3.1786510944366455, f_min=-3.296317924051891
2025-04-26 00:45:24,906 - INFO - cur_node_number 5,f_best -3.1786510944366455,f_min -3.296317924051891,k 100.33358249543238
2025-04-26 00:45:24,906 - INFO - f_best_current -3.1786510944366455,f_min -3.296317924051891
2025-04-26 00:45:30,104 - INFO - tree_node.f_best*ep:-3.1786510944366455,left_f_best-2.299809217453003,right_f_best-3.160053014755249,i:1
2025-04-26 00:45:35,618 - INFO - tree_node.f_best*ep:-3.1786510944366455,left_f_best-2.2888052463531494,right_f_best-3.176359176635742,i:2
2025-04-26 00:45:41,514 - INFO - tree_node.f_best*ep:-3.1786510944366455,left_f_best-2.3144586086273193,right_f_best-3.196408271789551,i:3
2025-04-26 00:46:00,580 - INFO - 添加左子节点，右子节点，len(queue):4
2025-04-26 00:46:00,580 - INFO - Node 1: k=216.72125269062153, f_best=-3.1325418949127197, f_min=-5.937241552815067
2025-04-26 00:46:00,580 - INFO - Node 2: k=122.42603803322424, f_best=-2.3007972240448, f_min=-3.424302965980587
2025-04-26 00:46:00,580 - INFO - Node 3: k=137.95272399572556, f_best=-3.159236192703247, f_min=-3.398805827635897
2025-04-26 00:46:00,580 - INFO - Node 4: k=165.0118025715864, f_best=-2.3064043521881104, f_min=-4.6362914376541084
2025-04-26 00:46:00,580 - INFO - Node 5: k=100.33358249543238, f_best=-3.1786510944366455, f_min=-3.296317924051891
2025-04-26 00:46:00,580 - INFO - Node 6: k=150.64106452442988, f_best=-2.3144586086273193, f_min=-3.405899602052159
2025-04-26 00:46:00,580 - INFO - Node 7: k=114.18897603985069, f_best=-3.196408271789551, f_min=-3.316391689885677
2025-04-26 00:46:00,580 - INFO - cur_node_number 6,f_best -3.196408271789551,f_min -3.316391689885677,k 114.18897603985069
2025-04-26 00:46:00,580 - INFO - f_best_current -3.196408271789551,f_min -3.316391689885677
2025-04-26 00:46:00,580 - INFO - 回退,len(queue)=2
2025-04-26 00:46:05,900 - INFO - tree_node.f_best*ep:-3.1786510944366455,left_f_best-2.2992146015167236,right_f_best-3.1670548915863037,i:1
2025-04-26 00:46:11,571 - INFO - tree_node.f_best*ep:-3.1786510944366455,left_f_best-2.2976088523864746,right_f_best-3.172436237335205,i:2
2025-04-26 00:46:17,446 - INFO - tree_node.f_best*ep:-3.1786510944366455,left_f_best-2.3113791942596436,right_f_best-3.1632511615753174,i:3
2025-04-26 00:46:23,528 - INFO - tree_node.f_best*ep:-3.1786510944366455,left_f_best-2.3190290927886963,right_f_best-3.2022318840026855,i:4
2025-04-26 00:46:41,628 - INFO - 添加左子节点，右子节点，len(queue):4
2025-04-26 00:46:41,628 - INFO - Node 1: k=216.72125269062153, f_best=-3.1325418949127197, f_min=-5.937241552815067
2025-04-26 00:46:41,628 - INFO - Node 2: k=122.42603803322424, f_best=-2.3007972240448, f_min=-3.424302965980587
2025-04-26 00:46:41,628 - INFO - Node 3: k=137.95272399572556, f_best=-3.159236192703247, f_min=-3.398805827635897
2025-04-26 00:46:41,628 - INFO - Node 4: k=165.0118025715864, f_best=-2.3064043521881104, f_min=-4.6362914376541084
2025-04-26 00:46:41,628 - INFO - Node 5: k=114.18897603985069, f_best=-3.1786510944366455, f_min=-3.296317924051891
2025-04-26 00:46:41,628 - INFO - Node 6: k=120.01376142851117, f_best=-2.3190290927886963, f_min=-3.0212409359146477
2025-04-26 00:46:41,628 - INFO - Node 7: k=152.3856311864237, f_best=-3.2022318840026855, f_min=-3.4289761589852787
2025-04-26 00:46:41,628 - INFO - cur_node_number 7,f_best -3.2022318840026855,f_min -3.4289761589852787,k 152.3856311864237
2025-04-26 00:46:41,628 - INFO - f_best_current -3.2022318840026855,f_min -3.4289761589852787
2025-04-26 00:46:41,628 - INFO - 回退,len(queue)=2
2025-04-26 00:46:41,628 - INFO - 回退,len(queue)=1
2025-04-26 00:46:46,789 - INFO - tree_node.f_best*ep:-3.159236192703247,left_f_best-2.2848098278045654,right_f_best-3.1874985694885254,i:1
2025-04-26 00:47:03,348 - INFO - 添加左子节点，右子节点，len(queue):3
2025-04-26 00:47:03,348 - INFO - Node 1: k=216.72125269062153, f_best=-3.1325418949127197, f_min=-5.937241552815067
2025-04-26 00:47:03,348 - INFO - Node 2: k=122.42603803322424, f_best=-2.3007972240448, f_min=-3.424302965980587
2025-04-26 00:47:03,348 - INFO - Node 3: k=152.3856311864237, f_best=-3.159236192703247, f_min=-3.398805827635897
2025-04-26 00:47:03,348 - INFO - Node 4: k=122.42603803322424, f_best=-2.2848098278045654, f_min=-2.588343912228538
2025-04-26 00:47:03,348 - INFO - Node 5: k=83.88061216100006, f_best=-3.1874985694885254, f_min=-4.732309417758643
2025-04-26 00:47:03,348 - INFO - cur_node_number 8,f_best -3.1874985694885254,f_min -4.732309417758643,k 83.88061216100006
2025-04-26 00:47:03,348 - INFO - f_best_current -3.1874985694885254,f_min -4.732309417758643
2025-04-26 00:47:08,666 - INFO - tree_node.f_best*ep:-3.1874985694885254,left_f_best-2.299520254135132,right_f_best-3.0826170444488525,i:1
2025-04-26 00:47:14,177 - INFO - tree_node.f_best*ep:-3.1874985694885254,left_f_best-2.2881901264190674,right_f_best-3.181169271469116,i:2
2025-04-26 00:47:20,047 - INFO - tree_node.f_best*ep:-3.1874985694885254,left_f_best-2.3053841590881348,right_f_best-3.1805946826934814,i:3
2025-04-26 00:47:26,176 - INFO - tree_node.f_best*ep:-3.1874985694885254,left_f_best-2.3167388439178467,right_f_best-3.188145637512207,i:4
2025-04-26 00:47:42,679 - INFO - 添加左子节点，右子节点，len(queue):4
2025-04-26 00:47:42,679 - INFO - Node 1: k=216.72125269062153, f_best=-3.1325418949127197, f_min=-5.937241552815067
2025-04-26 00:47:42,679 - INFO - Node 2: k=122.42603803322424, f_best=-2.3007972240448, f_min=-3.424302965980587
2025-04-26 00:47:42,679 - INFO - Node 3: k=152.3856311864237, f_best=-3.159236192703247, f_min=-3.398805827635897
2025-04-26 00:47:42,679 - INFO - Node 4: k=122.42603803322424, f_best=-2.2848098278045654, f_min=-2.588343912228538
2025-04-26 00:47:42,679 - INFO - Node 5: k=83.88061216100006, f_best=-3.1874985694885254, f_min=-4.732309417758643
2025-04-26 00:47:42,679 - INFO - Node 6: k=111.93900209768718, f_best=-2.3167388439178467, f_min=-3.78939333673452
2025-04-26 00:47:42,679 - INFO - Node 7: k=106.50611960088922, f_best=-3.188145637512207, f_min=-3.3414706018779725
2025-04-26 00:47:42,679 - INFO - cur_node_number 9,f_best -3.188145637512207,f_min -3.3414706018779725,k 106.50611960088922
2025-04-26 00:47:42,679 - INFO - f_best_current -3.188145637512207,f_min -3.3414706018779725
2025-04-26 00:47:42,679 - INFO - 回退,len(queue)=2
2025-04-26 00:47:47,808 - INFO - tree_node.f_best*ep:-3.1874985694885254,left_f_best-2.2864577770233154,right_f_best-3.152014970779419,i:1
2025-04-26 00:47:53,444 - INFO - tree_node.f_best*ep:-3.1874985694885254,left_f_best-2.2898128032684326,right_f_best-3.1501781940460205,i:2
2025-04-26 00:47:59,462 - INFO - tree_node.f_best*ep:-3.1874985694885254,left_f_best-2.3063371181488037,right_f_best-3.1880571842193604,i:3
2025-04-26 00:48:15,953 - INFO - 添加左子节点，右子节点，len(queue):4
2025-04-26 00:48:15,953 - INFO - Node 1: k=216.72125269062153, f_best=-3.1325418949127197, f_min=-5.937241552815067
2025-04-26 00:48:15,953 - INFO - Node 2: k=122.42603803322424, f_best=-2.3007972240448, f_min=-3.424302965980587
2025-04-26 00:48:15,953 - INFO - Node 3: k=152.3856311864237, f_best=-3.159236192703247, f_min=-3.398805827635897
2025-04-26 00:48:15,953 - INFO - Node 4: k=122.42603803322424, f_best=-2.2848098278045654, f_min=-2.588343912228538
2025-04-26 00:48:15,953 - INFO - Node 5: k=106.50611960088922, f_best=-3.1874985694885254, f_min=-4.732309417758643
2025-04-26 00:48:15,953 - INFO - Node 6: k=100.33358249543238, f_best=-2.3063371181488037, f_min=-3.4509995019379858
2025-04-26 00:48:15,953 - INFO - Node 7: k=117.6490162028342, f_best=-3.1880571842193604, f_min=-3.678040523855543
2025-04-26 00:48:15,953 - INFO - cur_node_number 10,f_best -3.1880571842193604,f_min -3.678040523855543,k 117.6490162028342
2025-04-26 00:48:15,953 - INFO - f_best_current -3.1880571842193604,f_min -3.678040523855543
2025-04-26 00:48:15,953 - INFO - 回退,len(queue)=2
2025-04-26 00:48:21,319 - INFO - tree_node.f_best*ep:-3.1874985694885254,left_f_best-2.3006672859191895,right_f_best-3.16475510597229,i:1
2025-04-26 00:48:26,911 - INFO - tree_node.f_best*ep:-3.1874985694885254,left_f_best-2.2969675064086914,right_f_best-3.183818817138672,i:2
2025-04-26 00:48:32,686 - INFO - tree_node.f_best*ep:-3.1874985694885254,left_f_best-2.3082869052886963,right_f_best-3.1171000003814697,i:3
2025-04-26 00:48:38,647 - INFO - tree_node.f_best*ep:-3.1874985694885254,left_f_best-2.3198060989379883,right_f_best-3.144056558609009,i:4
2025-04-26 00:48:44,850 - INFO - tree_node.f_best*ep:-3.1874985694885254,left_f_best-2.319995164871216,right_f_best-3.11277174949646,i:5
2025-04-26 00:48:51,597 - INFO - tree_node.f_best*ep:-3.1874985694885254,left_f_best-2.305509328842163,right_f_best-3.2045795917510986,i:6
2025-04-26 00:49:08,597 - INFO - 添加左子节点，右子节点，len(queue):4
2025-04-26 00:49:08,597 - INFO - Node 1: k=216.72125269062153, f_best=-3.1325418949127197, f_min=-5.937241552815067
2025-04-26 00:49:08,597 - INFO - Node 2: k=122.42603803322424, f_best=-2.3007972240448, f_min=-3.424302965980587
2025-04-26 00:49:08,597 - INFO - Node 3: k=152.3856311864237, f_best=-3.159236192703247, f_min=-3.398805827635897
2025-04-26 00:49:08,597 - INFO - Node 4: k=122.42603803322424, f_best=-2.2848098278045654, f_min=-2.588343912228538
2025-04-26 00:49:08,597 - INFO - Node 5: k=117.6490162028342, f_best=-3.1874985694885254, f_min=-4.732309417758643
2025-04-26 00:49:08,597 - INFO - Node 6: k=111.93900209768718, f_best=-2.305509328842163, f_min=-2.3643488030061235
2025-04-26 00:49:08,597 - INFO - Node 7: k=114.18897603985069, f_best=-3.2045795917510986, f_min=-3.5607531669029413
2025-04-26 00:49:08,597 - INFO - cur_node_number 11,f_best -3.2045795917510986,f_min -3.5607531669029413,k 114.18897603985069
2025-04-26 00:49:08,597 - INFO - f_best_current -3.2045795917510986,f_min -3.5607531669029413
2025-04-26 00:49:13,937 - INFO - tree_node.f_best*ep:-3.2045795917510986,left_f_best-2.286614418029785,right_f_best-3.1574008464813232,i:1
2025-04-26 00:49:19,525 - INFO - tree_node.f_best*ep:-3.2045795917510986,left_f_best-2.298687696456909,right_f_best-3.1885554790496826,i:2
2025-04-26 00:49:25,496 - INFO - tree_node.f_best*ep:-3.2045795917510986,left_f_best-2.3003652095794678,right_f_best-3.176069736480713,i:3
2025-04-26 00:49:31,626 - INFO - tree_node.f_best*ep:-3.2045795917510986,left_f_best-2.3140244483947754,right_f_best-3.198962926864624,i:4
2025-04-26 00:49:37,979 - INFO - tree_node.f_best*ep:-3.2045795917510986,left_f_best-2.324526786804199,right_f_best-3.2034740447998047,i:5
2025-04-26 00:49:44,671 - INFO - tree_node.f_best*ep:-3.2045795917510986,left_f_best-2.3318636417388916,right_f_best-3.20320463180542,i:6
2025-04-26 00:49:51,546 - INFO - tree_node.f_best*ep:-3.2045795917510986,left_f_best-2.334200620651245,right_f_best-3.213151454925537,i:7
2025-04-26 00:50:07,604 - INFO - 添加左子节点，右子节点，len(queue):5
2025-04-26 00:50:07,604 - INFO - Node 1: k=216.72125269062153, f_best=-3.1325418949127197, f_min=-5.937241552815067
2025-04-26 00:50:07,604 - INFO - Node 2: k=122.42603803322424, f_best=-2.3007972240448, f_min=-3.424302965980587
2025-04-26 00:50:07,604 - INFO - Node 3: k=152.3856311864237, f_best=-3.159236192703247, f_min=-3.398805827635897
2025-04-26 00:50:07,604 - INFO - Node 4: k=122.42603803322424, f_best=-2.2848098278045654, f_min=-2.588343912228538
2025-04-26 00:50:07,604 - INFO - Node 5: k=117.6490162028342, f_best=-3.1874985694885254, f_min=-4.732309417758643
2025-04-26 00:50:07,604 - INFO - Node 6: k=111.93900209768718, f_best=-2.305509328842163, f_min=-2.3643488030061235
2025-04-26 00:50:07,604 - INFO - Node 7: k=114.18897603985069, f_best=-3.2045795917510986, f_min=-3.5607531669029413
2025-04-26 00:50:07,604 - INFO - Node 8: k=68.74389186505489, f_best=-2.334200620651245, f_min=-2.595834128790102
2025-04-26 00:50:07,604 - INFO - Node 9: k=126.13566941166897, f_best=-3.213151454925537, f_min=-4.0247514667512405
2025-04-26 00:50:07,604 - INFO - cur_node_number 12,f_best -3.213151454925537,f_min -4.0247514667512405,k 126.13566941166897
2025-04-26 00:50:07,604 - INFO - f_best_current -3.213151454925537,f_min -4.0247514667512405
2025-04-26 00:50:07,604 - INFO - 回退,len(queue)=3
2025-04-26 00:50:07,604 - INFO - 回退,len(queue)=2
2025-04-26 00:50:12,937 - INFO - tree_node.f_best*ep:-3.1874985694885254,left_f_best-2.2686970233917236,right_f_best-3.13507342338562,i:1
2025-04-26 00:50:18,495 - INFO - tree_node.f_best*ep:-3.1874985694885254,left_f_best-2.312716245651245,right_f_best-3.126357078552246,i:2
2025-04-26 00:50:24,368 - INFO - tree_node.f_best*ep:-3.1874985694885254,left_f_best-2.298025369644165,right_f_best-3.1716866493225098,i:3
2025-04-26 00:50:30,493 - INFO - tree_node.f_best*ep:-3.1874985694885254,left_f_best-2.316471815109253,right_f_best-3.1486854553222656,i:4
2025-04-26 00:50:36,776 - INFO - tree_node.f_best*ep:-3.1874985694885254,left_f_best-2.3186943531036377,right_f_best-3.1927716732025146,i:5
2025-04-26 00:50:53,869 - INFO - 添加左子节点，右子节点，len(queue):4
2025-04-26 00:50:53,869 - INFO - Node 1: k=216.72125269062153, f_best=-3.1325418949127197, f_min=-5.937241552815067
2025-04-26 00:50:53,869 - INFO - Node 2: k=122.42603803322424, f_best=-2.3007972240448, f_min=-3.424302965980587
2025-04-26 00:50:53,869 - INFO - Node 3: k=152.3856311864237, f_best=-3.159236192703247, f_min=-3.398805827635897
2025-04-26 00:50:53,869 - INFO - Node 4: k=122.42603803322424, f_best=-2.2848098278045654, f_min=-2.588343912228538
2025-04-26 00:50:53,869 - INFO - Node 5: k=126.13566941166897, f_best=-3.1874985694885254, f_min=-4.732309417758643
2025-04-26 00:50:53,869 - INFO - Node 6: k=128.67099636684353, f_best=-2.3186943531036377, f_min=-2.366852272628421
2025-04-26 00:50:53,869 - INFO - Node 7: k=117.6490162028342, f_best=-3.1927716732025146, f_min=-3.2100577098590293
2025-04-26 00:50:53,869 - INFO - cur_node_number 13,f_best -3.1927716732025146,f_min -3.2100577098590293,k 117.6490162028342
2025-04-26 00:50:53,869 - INFO - f_best_current -3.1927716732025146,f_min -3.2100577098590293
2025-04-26 00:50:53,869 - INFO - 结束,fmin= -3.2100577098590293, fbestmin=-3.1927716732025146
