2025-04-25 19:55:11,102 - INFO - Namespace(log_file='outputs/dnn1/img[2]/min/DNN1img2_label5.log', image_path='img[2].png', model_path='network/SimpleNN14.pth', label=5, init_epsilon=0.05, epsilon=0.01, ep=1, min=1)
2025-04-25 19:55:11,112 - INFO - Model output max(1): torch.return_types.max(
values=tensor([7.1571], grad_fn=<MaxBackward0>),
indices=tensor([2]))
2025-04-25 19:55:16,086 - INFO - cur_node_number 1,f_best -11.959654808044434,f_min -12.398951497889357,k 598.1423353300117
2025-04-25 19:55:16,086 - INFO - f_best_current -11.959654808044434,f_min -12.398951497889357
2025-04-25 19:55:23,918 - INFO - tree_node.f_best*ep:-11.959654808044434,left_f_best-11.199094772338867,right_f_best-12.005683898925781,i:1
2025-04-25 19:55:45,806 - INFO - 添加左子节点，右子节点，len(queue):2
2025-04-25 19:55:45,807 - INFO - Node 1: k=598.1423353300117, f_best=-11.959654808044434, f_min=-12.398951497889357
2025-04-25 19:55:45,807 - INFO - Node 2: k=160.6606146174141, f_best=-11.199094772338867, f_min=-11.703874337142224
2025-04-25 19:55:45,807 - INFO - Node 3: k=149.8510559340072, f_best=-12.005683898925781, f_min=-15.575151083804485
2025-04-25 19:55:45,807 - INFO - cur_node_number 2,f_best -12.005683898925781,f_min -15.575151083804485,k 149.8510559340072
2025-04-25 19:55:45,807 - INFO - f_best_current -12.005683898925781,f_min -15.575151083804485
2025-04-25 19:55:54,916 - INFO - tree_node.f_best*ep:-12.005683898925781,left_f_best-11.215845108032227,right_f_best-12.001970291137695,i:1
2025-04-25 19:56:04,406 - INFO - tree_node.f_best*ep:-12.005683898925781,left_f_best-11.215286254882812,right_f_best-12.006294250488281,i:2
2025-04-25 19:56:27,252 - INFO - 添加左子节点，右子节点，len(queue):3
2025-04-25 19:56:27,252 - INFO - Node 1: k=598.1423353300117, f_best=-11.959654808044434, f_min=-12.398951497889357
2025-04-25 19:56:27,252 - INFO - Node 2: k=160.6606146174141, f_best=-11.199094772338867, f_min=-11.703874337142224
2025-04-25 19:56:27,252 - INFO - Node 3: k=149.8510559340072, f_best=-12.005683898925781, f_min=-15.575151083804485
2025-04-25 19:56:27,252 - INFO - Node 4: k=152.86306215828077, f_best=-11.215286254882812, f_min=-12.704802884428318
2025-04-25 19:56:27,252 - INFO - Node 5: k=154.39169277986358, f_best=-12.006294250488281, f_min=-12.146136422463314
2025-04-25 19:56:27,253 - INFO - cur_node_number 3,f_best -12.006294250488281,f_min -12.146136422463314,k 154.39169277986358
2025-04-25 19:56:27,253 - INFO - f_best_current -12.006294250488281,f_min -12.146136422463314
2025-04-25 19:56:27,253 - INFO - 回退,len(queue)=1
2025-04-25 19:56:34,454 - INFO - tree_node.f_best*ep:-12.005683898925781,left_f_best-11.192130088806152,right_f_best-12.00217056274414,i:1
2025-04-25 19:56:41,967 - INFO - tree_node.f_best*ep:-12.005683898925781,left_f_best-11.190539360046387,right_f_best-12.00602912902832,i:2
2025-04-25 19:57:01,344 - INFO - 添加左子节点，右子节点，len(queue):3
2025-04-25 19:57:01,344 - INFO - Node 1: k=598.1423353300117, f_best=-11.959654808044434, f_min=-12.398951497889357
2025-04-25 19:57:01,344 - INFO - Node 2: k=160.6606146174141, f_best=-11.199094772338867, f_min=-11.703874337142224
2025-04-25 19:57:01,344 - INFO - Node 3: k=154.39169277986358, f_best=-12.005683898925781, f_min=-15.575151083804485
2025-04-25 19:57:01,344 - INFO - Node 4: k=141.1664732404431, f_best=-11.190539360046387, f_min=-11.225080525645808
2025-04-25 19:57:01,344 - INFO - Node 5: k=102.67095551442756, f_best=-12.00602912902832, f_min=-14.354496703517725
2025-04-25 19:57:01,344 - INFO - cur_node_number 4,f_best -12.00602912902832,f_min -14.354496703517725,k 102.67095551442756
2025-04-25 19:57:01,344 - INFO - f_best_current -12.00602912902832,f_min -14.354496703517725
2025-04-25 19:57:08,162 - INFO - tree_node.f_best*ep:-12.00602912902832,left_f_best-11.187018394470215,right_f_best-11.991582870483398,i:1
2025-04-25 19:57:15,333 - INFO - tree_node.f_best*ep:-12.00602912902832,left_f_best-11.204543113708496,right_f_best-12.0093355178833,i:2
2025-04-25 19:57:36,839 - INFO - 添加左子节点，右子节点，len(queue):4
2025-04-25 19:57:36,840 - INFO - Node 1: k=598.1423353300117, f_best=-11.959654808044434, f_min=-12.398951497889357
2025-04-25 19:57:36,840 - INFO - Node 2: k=160.6606146174141, f_best=-11.199094772338867, f_min=-11.703874337142224
2025-04-25 19:57:36,840 - INFO - Node 3: k=154.39169277986358, f_best=-12.005683898925781, f_min=-15.575151083804485
2025-04-25 19:57:36,840 - INFO - Node 4: k=141.1664732404431, f_best=-11.190539360046387, f_min=-11.225080525645808
2025-04-25 19:57:36,840 - INFO - Node 5: k=102.67095551442756, f_best=-12.00602912902832, f_min=-14.354496703517725
2025-04-25 19:57:36,840 - INFO - Node 6: k=110.07716104162395, f_best=-11.204543113708496, f_min=-11.990769703383194
2025-04-25 19:57:36,840 - INFO - Node 7: k=196.86021377163598, f_best=-12.0093355178833, f_min=-13.5268922730329
2025-04-25 19:57:36,840 - INFO - cur_node_number 5,f_best -12.0093355178833,f_min -13.5268922730329,k 196.86021377163598
2025-04-25 19:57:36,841 - INFO - f_best_current -12.0093355178833,f_min -13.5268922730329
2025-04-25 19:57:36,841 - INFO - 回退,len(queue)=2
2025-04-25 19:57:36,841 - INFO - 回退,len(queue)=1
2025-04-25 19:57:43,675 - INFO - tree_node.f_best*ep:-12.005683898925781,left_f_best-11.204511642456055,right_f_best-11.991029739379883,i:1
2025-04-25 19:57:50,672 - INFO - tree_node.f_best*ep:-12.005683898925781,left_f_best-11.216377258300781,right_f_best-12.002691268920898,i:2
2025-04-25 19:57:58,294 - INFO - tree_node.f_best*ep:-12.005683898925781,left_f_best-11.219468116760254,right_f_best-12.017332077026367,i:3
2025-04-25 19:58:18,890 - INFO - 添加左子节点，右子节点，len(queue):3
2025-04-25 19:58:18,890 - INFO - Node 1: k=598.1423353300117, f_best=-11.959654808044434, f_min=-12.398951497889357
2025-04-25 19:58:18,890 - INFO - Node 2: k=160.6606146174141, f_best=-11.199094772338867, f_min=-11.703874337142224
2025-04-25 19:58:18,890 - INFO - Node 3: k=196.86021377163598, f_best=-12.005683898925781, f_min=-15.575151083804485
2025-04-25 19:58:18,890 - INFO - Node 4: k=139.76878538657735, f_best=-11.219468116760254, f_min=-12.221953140422556
2025-04-25 19:58:18,890 - INFO - Node 5: k=135.6582060840253, f_best=-12.017332077026367, f_min=-13.389822729877778
2025-04-25 19:58:18,890 - INFO - cur_node_number 6,f_best -12.017332077026367,f_min -13.389822729877778,k 135.6582060840253
2025-04-25 19:58:18,890 - INFO - f_best_current -12.017332077026367,f_min -13.389822729877778
2025-04-25 19:58:25,867 - INFO - tree_node.f_best*ep:-12.017332077026367,left_f_best-11.21473217010498,right_f_best-12.000055313110352,i:1
2025-04-25 19:58:32,812 - INFO - tree_node.f_best*ep:-12.017332077026367,left_f_best-11.199759483337402,right_f_best-12.026204109191895,i:2
2025-04-25 19:58:51,326 - INFO - 添加左子节点，右子节点，len(queue):4
2025-04-25 19:58:51,327 - INFO - Node 1: k=598.1423353300117, f_best=-11.959654808044434, f_min=-12.398951497889357
2025-04-25 19:58:51,327 - INFO - Node 2: k=160.6606146174141, f_best=-11.199094772338867, f_min=-11.703874337142224
2025-04-25 19:58:51,327 - INFO - Node 3: k=196.86021377163598, f_best=-12.005683898925781, f_min=-15.575151083804485
2025-04-25 19:58:51,327 - INFO - Node 4: k=139.76878538657735, f_best=-11.219468116760254, f_min=-12.221953140422556
2025-04-25 19:58:51,327 - INFO - Node 5: k=135.6582060840253, f_best=-12.017332077026367, f_min=-13.389822729877778
2025-04-25 19:58:51,327 - INFO - Node 6: k=103.69766506957184, f_best=-11.199759483337402, f_min=-13.363376034436442
2025-04-25 19:58:51,327 - INFO - Node 7: k=167.1840798199457, f_best=-12.026204109191895, f_min=-12.098764498424316
2025-04-25 19:58:51,327 - INFO - cur_node_number 7,f_best -12.026204109191895,f_min -12.098764498424316,k 167.1840798199457
2025-04-25 19:58:51,327 - INFO - f_best_current -12.026204109191895,f_min -12.098764498424316
2025-04-25 19:58:51,328 - INFO - 结束,fmin= -12.098764498424316, fbestmin=-12.026204109191895
