2025-05-06 15:08:12,269 - INFO - Namespace(log_file='outputsconfidence/DNN5/img[3]/max/DNN5img3_label3.log', image_path='img[3].png', model_path='network/DNN5.pth', label=3, init_epsilon=0.05, epsilon=0.01, ep=1, min=0)
2025-05-06 15:08:12,269 - INFO - Model output: -13.816466331481934
2025-05-06 15:08:26,060 - INFO - cur_node_number 1,f_best -20.3746280670166,f_min -20.447738214221317,k 2014.1744205741616
2025-05-06 15:08:26,060 - INFO - f_best_current -20.3746280670166,f_min -20.447738214221317
2025-05-06 15:08:26,060 - INFO - bestx
2025-05-06 15:08:26,060 - INFO - [4.99626350e-02 1.04438778e-03 2.58069793e-03 2.87509896e-04
 1.11706664e-03 9.64802971e-05 4.72259570e-03 4.99950365e-02
 4.99751951e-02 4.94703174e-02 3.06537423e-03 3.31814717e-03
 2.94318925e-02 9.79561816e-03 4.96498645e-02 3.40106562e-02
 1.58060481e-03 4.88069459e-02 4.99088202e-02 1.10473027e-03
 1.07562687e-03 2.31034257e-04 4.99967308e-02 4.95417416e-02
 1.04639062e-02 3.47614205e-03 4.99922998e-02 2.19038617e-02
 4.92913768e-02 3.12834002e-04 9.95559297e-04 1.53468307e-03
 6.01991136e-02 3.06863852e-01 2.07232775e-03 1.02593003e-04
 9.49772152e-04 9.27293843e-05 4.99246823e-02 2.63712869e-02
 2.68571161e-02 3.67400135e-03 4.94626484e-02 4.96444500e-02
 4.97928925e-02 4.95063771e-02 5.47596601e-01 9.59560919e-01
 3.90899266e-01 6.14464320e-02 2.84269563e-03 3.87122313e-04
 4.96172624e-02 7.21057663e-03 1.85200037e-02 1.45315515e-02
 1.49055687e-04 8.00582117e-05 8.36550638e-04 4.93134933e-02
 4.97041123e-02 1.70711502e-01 6.45074934e-01 7.67876141e-01
 3.27362218e-01 4.87456895e-02 4.98617336e-02 3.02986164e-06
 1.22607003e-02 8.98555861e-03 4.53293521e-02 6.03211387e-03
 2.77991680e-04 3.45209789e-04 2.72175007e-06 1.01694569e-02
 4.01612889e-04 1.13473529e-01 8.13069009e-01 3.08014969e-01
 3.48360265e-03 3.60799121e-04 4.30033405e-02 5.30257192e-04
 3.29540789e-04 1.07931442e-03 2.75845491e-05 7.31397138e-04
 2.44167118e-05 3.07893523e-02 7.27934724e-04 4.14699528e-01
 8.58596120e-01 1.50119037e-01 4.74844294e-02 4.83068724e-02
 1.21085482e-03 5.64142414e-03 4.64059674e-02 4.59436619e-04
 1.38168275e-03 9.97572155e-07 4.99999666e-02 3.83921039e-01
 8.81351022e-01 6.47810899e-01 1.86216828e-01 1.41538675e-03
 1.55898448e-03 1.31953828e-03 5.96840349e-06 2.80180806e-03
 4.96132762e-02 4.95130878e-02 4.37077511e-02 2.61199037e-02
 9.51624334e-02 9.12519590e-01 8.81365478e-01 8.73529005e-01
 5.63492164e-01 1.36793308e-03 3.66801383e-03 1.86265203e-07
 4.87866892e-02 4.95756000e-02 2.70947096e-04 4.97412837e-02
 4.97728155e-02 6.22205785e-07 3.53177185e-04 3.21641887e-04
 6.15032217e-04 7.11462995e-02 9.93571143e-01 1.23129166e-03
 9.70215525e-05 7.11371000e-04 4.97712751e-02 4.56696902e-02
 1.00165108e-03 4.72393294e-05 4.23170578e-02 4.71846490e-02
 1.30590651e-05 2.13601449e-03 4.84335676e-02 3.69682756e-01
 5.99019615e-01 2.62322619e-03 1.50084486e-02 1.95072492e-03
 4.97420344e-02 4.98197262e-02 4.99468951e-02 4.86461360e-04
 8.14139107e-04 4.61103744e-03 2.19687446e-03 1.70013259e-01
 5.01580776e-01 8.29285080e-01 3.54588898e-04 5.59192604e-03
 4.98273203e-02 4.93725176e-02 4.97930050e-02 4.20179428e-02
 4.99976932e-02 4.95800746e-02 4.85010000e-02 4.98411063e-02
 4.88157163e-02 1.85946468e-01 4.44142485e-01 5.68327325e-04
 9.40927712e-04 4.99159585e-02 4.82589995e-02 3.31670452e-04
 3.39865442e-02 5.39909282e-03 2.58794408e-03 1.06597092e-03
 4.69500953e-04 1.16824770e-04 3.62064397e-02 4.97781505e-02
 4.97811335e-02 4.42285086e-02 4.92160367e-02 4.99999922e-02
 1.18817635e-03 1.14399466e-03 4.61612811e-02 6.96550133e-06]
2025-05-06 15:08:26,060 - INFO - ½áÊø,fmin= -20.447738214221317, fbestmin=-20.3746280670166
