2025-04-25 23:50:06,260 - INFO - Namespace(log_file='outputs/dnn1/img[2]/max/DNN1img2_label1.log', image_path='img[2].png', model_path='network/SimpleNN14.pth', label=1, init_epsilon=0.05, epsilon=0.01, ep=1, min=0)
2025-04-25 23:50:06,272 - INFO - Model output max(1): torch.return_types.max(
values=tensor([7.1571], grad_fn=<MaxBackward0>),
indices=tensor([2]))
2025-04-25 23:50:10,297 - INFO - cur_node_number 1,f_best 2.123814105987549,f_min 2.075279682686869,k 95.01317545709765
2025-04-25 23:50:10,298 - INFO - f_best_current 2.123814105987549,f_min 2.075279682686869
2025-04-25 23:50:16,779 - INFO - tree_node.f_best*ep:2.123814105987549,left_f_best2.6964049339294434,right_f_best2.1190719604492188,i:1
2025-04-25 23:50:38,376 - INFO - 添加左子节点，右子节点，len(queue):2
2025-04-25 23:50:38,376 - INFO - Node 1: k=95.01317545709765, f_best=2.123814105987549, f_min=2.075279682686869
2025-04-25 23:50:38,377 - INFO - Node 2: k=129.95770633051197, f_best=2.6964049339294434, f_min=1.089393046877376
2025-04-25 23:50:38,377 - INFO - Node 3: k=90.83068335072721, f_best=2.1190719604492188, f_min=2.053090464135039
2025-04-25 23:50:38,377 - INFO - cur_node_number 2,f_best 2.1190719604492188,f_min 2.053090464135039,k 90.83068335072721
2025-04-25 23:50:38,377 - INFO - f_best_current 2.1190719604492188,f_min 2.053090464135039
2025-04-25 23:50:45,619 - INFO - tree_node.f_best*ep:2.1190719604492188,left_f_best2.682184934616089,right_f_best2.1391968727111816,i:1
2025-04-25 23:50:53,214 - INFO - tree_node.f_best*ep:2.1190719604492188,left_f_best2.680680513381958,right_f_best2.109811782836914,i:2
2025-04-25 23:51:17,319 - INFO - 添加左子节点，右子节点，len(queue):3
2025-04-25 23:51:17,319 - INFO - Node 1: k=95.01317545709765, f_best=2.123814105987549, f_min=2.075279682686869
2025-04-25 23:51:17,319 - INFO - Node 2: k=129.95770633051197, f_best=2.6964049339294434, f_min=1.089393046877376
2025-04-25 23:51:17,319 - INFO - Node 3: k=90.83068335072721, f_best=2.1190719604492188, f_min=2.053090464135039
2025-04-25 23:51:17,319 - INFO - Node 4: k=122.42603803322424, f_best=2.680680513381958, f_min=2.602560613724563
2025-04-25 23:51:17,319 - INFO - Node 5: k=93.04571591235515, f_best=2.109811782836914, f_min=1.722899016645897
2025-04-25 23:51:17,320 - INFO - cur_node_number 3,f_best 2.109811782836914,f_min 1.722899016645897,k 93.04571591235515
2025-04-25 23:51:17,320 - INFO - f_best_current 2.109811782836914,f_min 1.722899016645897
2025-04-25 23:51:17,320 - INFO - 回退,len(queue)=1
2025-04-25 23:51:25,210 - INFO - tree_node.f_best*ep:2.1190719604492188,left_f_best2.693502426147461,right_f_best2.106804847717285,i:1
2025-04-25 23:51:51,456 - INFO - 添加左子节点，右子节点，len(queue):3
2025-04-25 23:51:51,456 - INFO - Node 1: k=95.01317545709765, f_best=2.123814105987549, f_min=2.075279682686869
2025-04-25 23:51:51,456 - INFO - Node 2: k=129.95770633051197, f_best=2.6964049339294434, f_min=1.089393046877376
2025-04-25 23:51:51,456 - INFO - Node 3: k=93.04571591235515, f_best=2.1190719604492188, f_min=2.053090464135039
2025-04-25 23:51:51,457 - INFO - Node 4: k=168.3285398032753, f_best=2.693502426147461, f_min=2.5168798489457913
2025-04-25 23:51:51,457 - INFO - Node 5: k=114.18897603985069, f_best=2.106804847717285, f_min=1.9418750881332016
2025-04-25 23:51:51,457 - INFO - cur_node_number 4,f_best 2.106804847717285,f_min 1.9418750881332016,k 114.18897603985069
2025-04-25 23:51:51,457 - INFO - f_best_current 2.106804847717285,f_min 1.9418750881332016
2025-04-25 23:51:51,457 - INFO - 回退,len(queue)=1
2025-04-25 23:51:51,457 - INFO - 回退,len(queue)=0
2025-04-25 23:51:58,995 - INFO - tree_node.f_best*ep:2.123814105987549,left_f_best2.6809563636779785,right_f_best2.1422293186187744,i:1
2025-04-25 23:52:06,897 - INFO - tree_node.f_best*ep:2.123814105987549,left_f_best2.6762442588806152,right_f_best2.105482816696167,i:2
2025-04-25 23:52:31,450 - INFO - 添加左子节点，右子节点，len(queue):2
2025-04-25 23:52:31,450 - INFO - Node 1: k=114.18897603985069, f_best=2.123814105987549, f_min=2.075279682686869
2025-04-25 23:52:31,450 - INFO - Node 2: k=110.83069514622493, f_best=2.6762442588806152, f_min=2.3551746268385614
2025-04-25 23:52:31,450 - INFO - Node 3: k=86.42227859009053, f_best=2.105482816696167, f_min=2.0102863771421653
2025-04-25 23:52:31,451 - INFO - cur_node_number 5,f_best 2.105482816696167,f_min 2.0102863771421653,k 86.42227859009053
2025-04-25 23:52:31,451 - INFO - f_best_current 2.105482816696167,f_min 2.0102863771421653
2025-04-25 23:52:39,142 - INFO - tree_node.f_best*ep:2.105482816696167,left_f_best2.6753273010253906,right_f_best2.0996532440185547,i:1
2025-04-25 23:53:06,462 - INFO - 添加左子节点，右子节点，len(queue):3
2025-04-25 23:53:06,463 - INFO - Node 1: k=114.18897603985069, f_best=2.123814105987549, f_min=2.075279682686869
2025-04-25 23:53:06,463 - INFO - Node 2: k=110.83069514622493, f_best=2.6762442588806152, f_min=2.3551746268385614
2025-04-25 23:53:06,463 - INFO - Node 3: k=86.42227859009053, f_best=2.105482816696167, f_min=2.0102863771421653
2025-04-25 23:53:06,463 - INFO - Node 4: k=207.44673578401088, f_best=2.6753273010253906, f_min=2.3043013768838136
2025-04-25 23:53:06,463 - INFO - Node 5: k=117.6490162028342, f_best=2.0996532440185547, f_min=1.8987413938307327
2025-04-25 23:53:06,463 - INFO - cur_node_number 6,f_best 2.0996532440185547,f_min 1.8987413938307327,k 117.6490162028342
2025-04-25 23:53:06,463 - INFO - f_best_current 2.0996532440185547,f_min 1.8987413938307327
2025-04-25 23:53:06,464 - INFO - 回退,len(queue)=1
2025-04-25 23:53:06,464 - INFO - 回退,len(queue)=0
2025-04-25 23:53:14,059 - INFO - tree_node.f_best*ep:2.123814105987549,left_f_best2.6900746822357178,right_f_best2.107499837875366,i:1
2025-04-25 23:53:38,815 - INFO - 添加左子节点，右子节点，len(queue):2
2025-04-25 23:53:38,815 - INFO - Node 1: k=117.6490162028342, f_best=2.123814105987549, f_min=2.075279682686869
2025-04-25 23:53:38,815 - INFO - Node 2: k=135.23451033793313, f_best=2.6900746822357178, f_min=2.5421062945229096
2025-04-25 23:53:38,815 - INFO - Node 3: k=102.35028750359056, f_best=2.107499837875366, f_min=0.9705112544224903
2025-04-25 23:53:38,816 - INFO - cur_node_number 7,f_best 2.107499837875366,f_min 0.9705112544224903,k 102.35028750359056
2025-04-25 23:53:38,816 - INFO - f_best_current 2.107499837875366,f_min 0.9705112544224903
2025-04-25 23:53:46,439 - INFO - tree_node.f_best*ep:2.107499837875366,left_f_best2.6771836280822754,right_f_best2.109952926635742,i:1
2025-04-25 23:53:54,346 - INFO - tree_node.f_best*ep:2.107499837875366,left_f_best2.6752865314483643,right_f_best2.0993661880493164,i:2
2025-04-25 23:54:19,443 - INFO - 添加左子节点，右子节点，len(queue):3
2025-04-25 23:54:19,444 - INFO - Node 1: k=117.6490162028342, f_best=2.123814105987549, f_min=2.075279682686869
2025-04-25 23:54:19,444 - INFO - Node 2: k=135.23451033793313, f_best=2.6900746822357178, f_min=2.5421062945229096
2025-04-25 23:54:19,444 - INFO - Node 3: k=102.35028750359056, f_best=2.107499837875366, f_min=0.9705112544224903
2025-04-25 23:54:19,444 - INFO - Node 4: k=135.23451033793313, f_best=2.6752865314483643, f_min=1.3110266762796527
2025-04-25 23:54:19,444 - INFO - Node 5: k=93.9761730714787, f_best=2.0993661880493164, f_min=1.8879820711381399
2025-04-25 23:54:19,444 - INFO - cur_node_number 8,f_best 2.0993661880493164,f_min 1.8879820711381399,k 93.9761730714787
2025-04-25 23:54:19,444 - INFO - f_best_current 2.0993661880493164,f_min 1.8879820711381399
2025-04-25 23:54:27,060 - INFO - tree_node.f_best*ep:2.0993661880493164,left_f_best2.6859259605407715,right_f_best2.111036777496338,i:1
2025-04-25 23:54:35,127 - INFO - tree_node.f_best*ep:2.0993661880493164,left_f_best2.6779797077178955,right_f_best2.1011815071105957,i:2
2025-04-25 23:54:43,636 - INFO - tree_node.f_best*ep:2.0993661880493164,left_f_best2.668853282928467,right_f_best2.0914978981018066,i:3
2025-04-25 23:55:08,454 - INFO - 添加左子节点，右子节点，len(queue):4
2025-04-25 23:55:08,454 - INFO - Node 1: k=117.6490162028342, f_best=2.123814105987549, f_min=2.075279682686869
2025-04-25 23:55:08,454 - INFO - Node 2: k=135.23451033793313, f_best=2.6900746822357178, f_min=2.5421062945229096
2025-04-25 23:55:08,455 - INFO - Node 3: k=102.35028750359056, f_best=2.107499837875366, f_min=0.9705112544224903
2025-04-25 23:55:08,455 - INFO - Node 4: k=135.23451033793313, f_best=2.6752865314483643, f_min=1.3110266762796527
2025-04-25 23:55:08,455 - INFO - Node 5: k=93.9761730714787, f_best=2.0993661880493164, f_min=1.8879820711381399
2025-04-25 23:55:08,455 - INFO - Node 6: k=118.82550636486255, f_best=2.668853282928467, f_min=2.6169309401088867
2025-04-25 23:55:08,455 - INFO - Node 7: k=120.01376142851117, f_best=2.0914978981018066, f_min=1.522071468104059
2025-04-25 23:55:08,455 - INFO - cur_node_number 9,f_best 2.0914978981018066,f_min 1.522071468104059,k 120.01376142851117
2025-04-25 23:55:08,455 - INFO - f_best_current 2.0914978981018066,f_min 1.522071468104059
2025-04-25 23:55:08,456 - INFO - 回退,len(queue)=2
2025-04-25 23:55:08,456 - INFO - 回退,len(queue)=1
2025-04-25 23:55:08,456 - INFO - 回退,len(queue)=0
2025-04-25 23:55:16,198 - INFO - tree_node.f_best*ep:2.123814105987549,left_f_best2.698047637939453,right_f_best2.1342363357543945,i:1
2025-04-25 23:55:24,276 - INFO - tree_node.f_best*ep:2.123814105987549,left_f_best2.692108631134033,right_f_best2.0874404907226562,i:2
2025-04-25 23:55:51,921 - INFO - 添加左子节点，右子节点，len(queue):2
2025-04-25 23:55:51,921 - INFO - Node 1: k=120.01376142851117, f_best=2.123814105987549, f_min=2.075279682686869
2025-04-25 23:55:51,922 - INFO - Node 2: k=175.16335351673288, f_best=2.692108631134033, f_min=1.8595350094265086
2025-04-25 23:55:51,922 - INFO - Node 3: k=143.55415778037528, f_best=2.0874404907226562, f_min=1.8039557702259117
2025-04-25 23:55:51,922 - INFO - cur_node_number 10,f_best 2.0874404907226562,f_min 1.8039557702259117,k 143.55415778037528
2025-04-25 23:55:51,922 - INFO - f_best_current 2.0874404907226562,f_min 1.8039557702259117
2025-04-25 23:55:51,922 - INFO - 回退,len(queue)=0
2025-04-25 23:55:59,638 - INFO - tree_node.f_best*ep:2.123814105987549,left_f_best2.6867520809173584,right_f_best2.1171374320983887,i:1
2025-04-25 23:56:24,446 - INFO - 添加左子节点，右子节点，len(queue):2
2025-04-25 23:56:24,447 - INFO - Node 1: k=143.55415778037528, f_best=2.123814105987549, f_min=2.075279682686869
2025-04-25 23:56:24,447 - INFO - Node 2: k=111.93900209768718, f_best=2.6867520809173584, f_min=2.6423782848355586
2025-04-25 23:56:24,447 - INFO - Node 3: k=130.5037798003413, f_best=2.1171374320983887, f_min=1.9792038301557113
2025-04-25 23:56:24,447 - INFO - cur_node_number 11,f_best 2.1171374320983887,f_min 1.9792038301557113,k 130.5037798003413
2025-04-25 23:56:24,447 - INFO - f_best_current 2.1171374320983887,f_min 1.9792038301557113
2025-04-25 23:56:31,847 - INFO - tree_node.f_best*ep:2.1171374320983887,left_f_best2.6795806884765625,right_f_best2.1267244815826416,i:1
2025-04-25 23:56:39,589 - INFO - tree_node.f_best*ep:2.1171374320983887,left_f_best2.6975932121276855,right_f_best2.119258403778076,i:2
2025-04-25 23:56:47,681 - INFO - tree_node.f_best*ep:2.1171374320983887,left_f_best2.6863350868225098,right_f_best2.0935816764831543,i:3
2025-04-25 23:57:12,771 - INFO - 添加左子节点，右子节点，len(queue):3
2025-04-25 23:57:12,771 - INFO - Node 1: k=143.55415778037528, f_best=2.123814105987549, f_min=2.075279682686869
2025-04-25 23:57:12,771 - INFO - Node 2: k=111.93900209768718, f_best=2.6867520809173584, f_min=2.6423782848355586
2025-04-25 23:57:12,771 - INFO - Node 3: k=130.5037798003413, f_best=2.1171374320983887, f_min=1.9792038301557113
2025-04-25 23:57:12,771 - INFO - Node 4: k=142.13282948552006, f_best=2.6863350868225098, f_min=0.9616839313885066
2025-04-25 23:57:12,771 - INFO - Node 5: k=129.95770633051197, f_best=2.0935816764831543, f_min=0.7483533226495638
2025-04-25 23:57:12,772 - INFO - cur_node_number 12,f_best 2.0935816764831543,f_min 0.7483533226495638,k 129.95770633051197
2025-04-25 23:57:12,772 - INFO - f_best_current 2.0935816764831543,f_min 0.7483533226495638
2025-04-25 23:57:20,297 - INFO - tree_node.f_best*ep:2.0935816764831543,left_f_best2.6860404014587402,right_f_best2.1349310874938965,i:1
2025-04-25 23:57:28,117 - INFO - tree_node.f_best*ep:2.0935816764831543,left_f_best2.6916656494140625,right_f_best2.115119457244873,i:2
2025-04-25 23:57:36,167 - INFO - tree_node.f_best*ep:2.0935816764831543,left_f_best2.6736626625061035,right_f_best2.093306541442871,i:3
2025-04-25 23:58:01,434 - INFO - 添加左子节点，右子节点，len(queue):4
2025-04-25 23:58:01,434 - INFO - Node 1: k=143.55415778037528, f_best=2.123814105987549, f_min=2.075279682686869
2025-04-25 23:58:01,434 - INFO - Node 2: k=111.93900209768718, f_best=2.6867520809173584, f_min=2.6423782848355586
2025-04-25 23:58:01,434 - INFO - Node 3: k=130.5037798003413, f_best=2.1171374320983887, f_min=1.9792038301557113
2025-04-25 23:58:01,434 - INFO - Node 4: k=142.13282948552006, f_best=2.6863350868225098, f_min=0.9616839313885066
2025-04-25 23:58:01,434 - INFO - Node 5: k=129.95770633051197, f_best=2.0935816764831543, f_min=0.7483533226495638
2025-04-25 23:58:01,435 - INFO - Node 6: k=129.95770633051197, f_best=2.6736626625061035, f_min=2.2403265993762034
2025-04-25 23:58:01,435 - INFO - Node 7: k=157.00306819700353, f_best=2.093306541442871, f_min=-0.9736627772381325
2025-04-25 23:58:01,435 - INFO - cur_node_number 13,f_best 2.093306541442871,f_min -0.9736627772381325,k 157.00306819700353
2025-04-25 23:58:01,435 - INFO - f_best_current 2.093306541442871,f_min -0.9736627772381325
2025-04-25 23:58:01,435 - INFO - 回退,len(queue)=2
2025-04-25 23:58:01,435 - INFO - 回退,len(queue)=1
2025-04-25 23:58:01,435 - INFO - 回退,len(queue)=0
2025-04-25 23:58:08,777 - INFO - tree_node.f_best*ep:2.123814105987549,left_f_best2.684447765350342,right_f_best2.111502170562744,i:1
2025-04-25 23:58:31,707 - INFO - 添加左子节点，右子节点，len(queue):2
2025-04-25 23:58:31,707 - INFO - Node 1: k=157.00306819700353, f_best=2.123814105987549, f_min=2.075279682686869
2025-04-25 23:58:31,708 - INFO - Node 2: k=163.37802234810533, f_best=2.684447765350342, f_min=2.1091864675800025
2025-04-25 23:58:31,708 - INFO - Node 3: k=79.80952432664093, f_best=2.111502170562744, f_min=1.4091293590754503
2025-04-25 23:58:31,708 - INFO - cur_node_number 14,f_best 2.111502170562744,f_min 1.4091293590754503,k 79.80952432664093
2025-04-25 23:58:31,708 - INFO - f_best_current 2.111502170562744,f_min 1.4091293590754503
2025-04-25 23:58:38,957 - INFO - tree_node.f_best*ep:2.111502170562744,left_f_best2.6811981201171875,right_f_best2.121878147125244,i:1
2025-04-25 23:58:46,284 - INFO - tree_node.f_best*ep:2.111502170562744,left_f_best2.671886682510376,right_f_best2.095062255859375,i:2
2025-04-25 23:59:08,081 - INFO - 添加左子节点，右子节点，len(queue):3
2025-04-25 23:59:08,081 - INFO - Node 1: k=157.00306819700353, f_best=2.123814105987549, f_min=2.075279682686869
2025-04-25 23:59:08,081 - INFO - Node 2: k=163.37802234810533, f_best=2.684447765350342, f_min=2.1091864675800025
2025-04-25 23:59:08,081 - INFO - Node 3: k=79.80952432664093, f_best=2.111502170562744, f_min=1.4091293590754503
2025-04-25 23:59:08,082 - INFO - Node 4: k=101.3369183203867, f_best=2.671886682510376, f_min=2.602485411273392
2025-04-25 23:59:08,082 - INFO - Node 5: k=114.18897603985069, f_best=2.095062255859375, f_min=1.4266249637585133
2025-04-25 23:59:08,082 - INFO - cur_node_number 15,f_best 2.095062255859375,f_min 1.4266249637585133,k 114.18897603985069
2025-04-25 23:59:08,082 - INFO - f_best_current 2.095062255859375,f_min 1.4266249637585133
2025-04-25 23:59:08,082 - INFO - 回退,len(queue)=1
2025-04-25 23:59:15,382 - INFO - tree_node.f_best*ep:2.111502170562744,left_f_best2.6877553462982178,right_f_best2.1244096755981445,i:1
2025-04-25 23:59:22,895 - INFO - tree_node.f_best*ep:2.111502170562744,left_f_best2.674595355987549,right_f_best2.1170403957366943,i:2
2025-04-25 23:59:30,775 - INFO - tree_node.f_best*ep:2.111502170562744,left_f_best2.669560432434082,right_f_best2.111539602279663,i:3
2025-04-25 23:59:38,802 - INFO - tree_node.f_best*ep:2.111502170562744,left_f_best2.6633715629577637,right_f_best2.0961451530456543,i:4
2025-04-26 00:00:03,701 - INFO - 添加左子节点，右子节点，len(queue):3
2025-04-26 00:00:03,701 - INFO - Node 1: k=157.00306819700353, f_best=2.123814105987549, f_min=2.075279682686869
2025-04-26 00:00:03,701 - INFO - Node 2: k=163.37802234810533, f_best=2.684447765350342, f_min=2.1091864675800025
2025-04-26 00:00:03,702 - INFO - Node 3: k=114.18897603985069, f_best=2.111502170562744, f_min=1.4091293590754503
2025-04-26 00:00:03,702 - INFO - Node 4: k=201.34575797171007, f_best=2.6633715629577637, f_min=1.3897633776396106
2025-04-26 00:00:03,702 - INFO - Node 5: k=117.6490162028342, f_best=2.0961451530456543, f_min=1.6336257414627653
2025-04-26 00:00:03,702 - INFO - cur_node_number 16,f_best 2.0961451530456543,f_min 1.6336257414627653,k 117.6490162028342
2025-04-26 00:00:03,702 - INFO - f_best_current 2.0961451530456543,f_min 1.6336257414627653
2025-04-26 00:00:03,702 - INFO - 回退,len(queue)=1
2025-04-26 00:00:10,908 - INFO - tree_node.f_best*ep:2.111502170562744,left_f_best2.68703031539917,right_f_best2.116107702255249,i:1
2025-04-26 00:00:18,407 - INFO - tree_node.f_best*ep:2.111502170562744,left_f_best2.6723337173461914,right_f_best2.089738368988037,i:2
2025-04-26 00:00:42,550 - INFO - 添加左子节点，右子节点，len(queue):3
2025-04-26 00:00:42,550 - INFO - Node 1: k=157.00306819700353, f_best=2.123814105987549, f_min=2.075279682686869
2025-04-26 00:00:42,550 - INFO - Node 2: k=163.37802234810533, f_best=2.684447765350342, f_min=2.1091864675800025
2025-04-26 00:00:42,550 - INFO - Node 3: k=117.6490162028342, f_best=2.111502170562744, f_min=1.4091293590754503
2025-04-26 00:00:42,550 - INFO - Node 4: k=126.13566941166897, f_best=2.6723337173461914, f_min=1.8359228970866752
2025-04-26 00:00:42,550 - INFO - Node 5: k=146.43959635176083, f_best=2.089738368988037, f_min=0.08941745543233992
2025-04-26 00:00:42,550 - INFO - cur_node_number 17,f_best 2.089738368988037,f_min 0.08941745543233992,k 146.43959635176083
2025-04-26 00:00:42,551 - INFO - f_best_current 2.089738368988037,f_min 0.08941745543233992
2025-04-26 00:00:42,551 - INFO - 回退,len(queue)=1
2025-04-26 00:00:49,397 - INFO - tree_node.f_best*ep:2.111502170562744,left_f_best2.67201828956604,right_f_best2.1260452270507812,i:1
2025-04-26 00:00:56,585 - INFO - tree_node.f_best*ep:2.111502170562744,left_f_best2.6700003147125244,right_f_best2.109813690185547,i:2
2025-04-26 00:01:20,797 - INFO - 添加左子节点，右子节点，len(queue):3
2025-04-26 00:01:20,797 - INFO - Node 1: k=157.00306819700353, f_best=2.123814105987549, f_min=2.075279682686869
2025-04-26 00:01:20,797 - INFO - Node 2: k=163.37802234810533, f_best=2.684447765350342, f_min=2.1091864675800025
2025-04-26 00:01:20,797 - INFO - Node 3: k=146.43959635176083, f_best=2.111502170562744, f_min=1.4091293590754503
2025-04-26 00:01:20,797 - INFO - Node 4: k=101.3369183203867, f_best=2.6700003147125244, f_min=1.4572486865299652
2025-04-26 00:01:20,798 - INFO - Node 5: k=157.6627844435041, f_best=2.109813690185547, f_min=1.4709330551522726
2025-04-26 00:01:20,798 - INFO - cur_node_number 18,f_best 2.109813690185547,f_min 1.4709330551522726,k 157.6627844435041
2025-04-26 00:01:20,798 - INFO - f_best_current 2.109813690185547,f_min 1.4709330551522726
2025-04-26 00:01:20,798 - INFO - 回退,len(queue)=1
2025-04-26 00:01:20,798 - INFO - 回退,len(queue)=0
2025-04-26 00:01:27,916 - INFO - tree_node.f_best*ep:2.123814105987549,left_f_best2.7049427032470703,right_f_best2.1117186546325684,i:1
2025-04-26 00:01:53,389 - INFO - 添加左子节点，右子节点，len(queue):2
2025-04-26 00:01:53,389 - INFO - Node 1: k=157.6627844435041, f_best=2.123814105987549, f_min=2.075279682686869
2025-04-26 00:01:53,389 - INFO - Node 2: k=158.57309887897355, f_best=2.7049427032470703, f_min=0.9563322662788778
2025-04-26 00:01:53,389 - INFO - Node 3: k=126.13566941166897, f_best=2.1117186546325684, f_min=1.6799388715780879
2025-04-26 00:01:53,389 - INFO - cur_node_number 19,f_best 2.1117186546325684,f_min 1.6799388715780879,k 126.13566941166897
2025-04-26 00:01:53,390 - INFO - f_best_current 2.1117186546325684,f_min 1.6799388715780879
2025-04-26 00:02:00,645 - INFO - tree_node.f_best*ep:2.1117186546325684,left_f_best2.693803071975708,right_f_best2.120575428009033,i:1
2025-04-26 00:02:08,191 - INFO - tree_node.f_best*ep:2.1117186546325684,left_f_best2.682844400405884,right_f_best2.0996317863464355,i:2
2025-04-26 00:02:33,495 - INFO - 添加左子节点，右子节点，len(queue):3
2025-04-26 00:02:33,495 - INFO - Node 1: k=157.6627844435041, f_best=2.123814105987549, f_min=2.075279682686869
2025-04-26 00:02:33,495 - INFO - Node 2: k=158.57309887897355, f_best=2.7049427032470703, f_min=0.9563322662788778
2025-04-26 00:02:33,496 - INFO - Node 3: k=126.13566941166897, f_best=2.1117186546325684, f_min=1.6799388715780879
2025-04-26 00:02:33,496 - INFO - Node 4: k=152.3856311864237, f_best=2.682844400405884, f_min=1.5762564822289278
2025-04-26 00:02:33,496 - INFO - Node 5: k=158.57309887897355, f_best=2.0996317863464355, f_min=1.419322313723569
2025-04-26 00:02:33,496 - INFO - cur_node_number 20,f_best 2.0996317863464355,f_min 1.419322313723569,k 158.57309887897355
2025-04-26 00:02:33,496 - INFO - f_best_current 2.0996317863464355,f_min 1.419322313723569
2025-04-26 00:02:33,496 - INFO - 回退,len(queue)=1
2025-04-26 00:02:33,496 - INFO - 回退,len(queue)=0
2025-04-26 00:02:40,536 - INFO - tree_node.f_best*ep:2.123814105987549,left_f_best2.706535577774048,right_f_best2.1091012954711914,i:1
2025-04-26 00:03:05,915 - INFO - 添加左子节点，右子节点，len(queue):2
2025-04-26 00:03:05,915 - INFO - Node 1: k=158.57309887897355, f_best=2.123814105987549, f_min=2.075279682686869
2025-04-26 00:03:05,915 - INFO - Node 2: k=152.3856311864237, f_best=2.706535577774048, f_min=1.188149737263302
2025-04-26 00:03:05,915 - INFO - Node 3: k=184.09844495530547, f_best=2.1091012954711914, f_min=1.8150881779738484
2025-04-26 00:03:05,915 - INFO - cur_node_number 21,f_best 2.1091012954711914,f_min 1.8150881779738484,k 184.09844495530547
2025-04-26 00:03:05,916 - INFO - f_best_current 2.1091012954711914,f_min 1.8150881779738484
2025-04-26 00:03:05,916 - INFO - 回退,len(queue)=0
2025-04-26 00:03:12,963 - INFO - tree_node.f_best*ep:2.123814105987549,left_f_best2.6811578273773193,right_f_best2.1151275634765625,i:1
2025-04-26 00:03:37,430 - INFO - 添加左子节点，右子节点，len(queue):2
2025-04-26 00:03:37,431 - INFO - Node 1: k=184.09844495530547, f_best=2.123814105987549, f_min=2.075279682686869
2025-04-26 00:03:37,431 - INFO - Node 2: k=135.23451033793313, f_best=2.6811578273773193, f_min=2.2414546602503833
2025-04-26 00:03:37,431 - INFO - Node 3: k=152.3856311864237, f_best=2.1151275634765625, f_min=1.6941806979011744
2025-04-26 00:03:37,431 - INFO - cur_node_number 22,f_best 2.1151275634765625,f_min 1.6941806979011744,k 152.3856311864237
2025-04-26 00:03:37,431 - INFO - f_best_current 2.1151275634765625,f_min 1.6941806979011744
2025-04-26 00:03:44,430 - INFO - tree_node.f_best*ep:2.1151275634765625,left_f_best2.6888747215270996,right_f_best2.1053848266601562,i:1
2025-04-26 00:04:07,243 - INFO - 添加左子节点，右子节点，len(queue):3
2025-04-26 00:04:07,244 - INFO - Node 1: k=184.09844495530547, f_best=2.123814105987549, f_min=2.075279682686869
2025-04-26 00:04:07,244 - INFO - Node 2: k=135.23451033793313, f_best=2.6811578273773193, f_min=2.2414546602503833
2025-04-26 00:04:07,244 - INFO - Node 3: k=152.3856311864237, f_best=2.1151275634765625, f_min=1.6941806979011744
2025-04-26 00:04:07,244 - INFO - Node 4: k=126.13566941166897, f_best=2.6888747215270996, f_min=1.985702684152784
2025-04-26 00:04:07,244 - INFO - Node 5: k=107.57118079689812, f_best=2.1053848266601562, f_min=1.9911157031374387
2025-04-26 00:04:07,244 - INFO - cur_node_number 23,f_best 2.1053848266601562,f_min 1.9911157031374387,k 107.57118079689812
2025-04-26 00:04:07,244 - INFO - f_best_current 2.1053848266601562,f_min 1.9911157031374387
2025-04-26 00:04:14,366 - INFO - tree_node.f_best*ep:2.1053848266601562,left_f_best2.677311420440674,right_f_best2.1046950817108154,i:1
2025-04-26 00:04:37,355 - INFO - 添加左子节点，右子节点，len(queue):4
2025-04-26 00:04:37,355 - INFO - Node 1: k=184.09844495530547, f_best=2.123814105987549, f_min=2.075279682686869
2025-04-26 00:04:37,355 - INFO - Node 2: k=135.23451033793313, f_best=2.6811578273773193, f_min=2.2414546602503833
2025-04-26 00:04:37,355 - INFO - Node 3: k=152.3856311864237, f_best=2.1151275634765625, f_min=1.6941806979011744
2025-04-26 00:04:37,355 - INFO - Node 4: k=126.13566941166897, f_best=2.6888747215270996, f_min=1.985702684152784
2025-04-26 00:04:37,356 - INFO - Node 5: k=107.57118079689812, f_best=2.1053848266601562, f_min=1.9911157031374387
2025-04-26 00:04:37,356 - INFO - Node 6: k=101.3369183203867, f_best=2.677311420440674, f_min=1.9059398686695204
2025-04-26 00:04:37,356 - INFO - Node 7: k=128.67099636684353, f_best=2.1046950817108154, f_min=1.920896509767772
2025-04-26 00:04:37,356 - INFO - cur_node_number 24,f_best 2.1046950817108154,f_min 1.920896509767772,k 128.67099636684353
2025-04-26 00:04:37,356 - INFO - f_best_current 2.1046950817108154,f_min 1.920896509767772
2025-04-26 00:04:37,356 - INFO - 回退,len(queue)=2
2025-04-26 00:04:44,346 - INFO - tree_node.f_best*ep:2.1053848266601562,left_f_best2.6975464820861816,right_f_best2.1097803115844727,i:1
2025-04-26 00:04:51,487 - INFO - tree_node.f_best*ep:2.1053848266601562,left_f_best2.669434070587158,right_f_best2.102743148803711,i:2
2025-04-26 00:05:15,743 - INFO - 添加左子节点，右子节点，len(queue):4
2025-04-26 00:05:15,743 - INFO - Node 1: k=184.09844495530547, f_best=2.123814105987549, f_min=2.075279682686869
2025-04-26 00:05:15,743 - INFO - Node 2: k=135.23451033793313, f_best=2.6811578273773193, f_min=2.2414546602503833
2025-04-26 00:05:15,743 - INFO - Node 3: k=152.3856311864237, f_best=2.1151275634765625, f_min=1.6941806979011744
2025-04-26 00:05:15,743 - INFO - Node 4: k=126.13566941166897, f_best=2.6888747215270996, f_min=1.985702684152784
2025-04-26 00:05:15,744 - INFO - Node 5: k=128.67099636684353, f_best=2.1053848266601562, f_min=1.9911157031374387
2025-04-26 00:05:15,744 - INFO - Node 6: k=132.56985622775525, f_best=2.669434070587158, f_min=2.3523135595364693
2025-04-26 00:05:15,744 - INFO - Node 7: k=149.3830322384312, f_best=2.102743148803711, f_min=-2.2069984617664886
2025-04-26 00:05:15,744 - INFO - cur_node_number 25,f_best 2.102743148803711,f_min -2.2069984617664886,k 149.3830322384312
2025-04-26 00:05:15,744 - INFO - f_best_current 2.102743148803711,f_min -2.2069984617664886
2025-04-26 00:05:15,744 - INFO - 回退,len(queue)=2
2025-04-26 00:05:22,718 - INFO - tree_node.f_best*ep:2.1053848266601562,left_f_best2.6902945041656494,right_f_best2.1024489402770996,i:1
2025-04-26 00:05:45,574 - INFO - 添加左子节点，右子节点，len(queue):4
2025-04-26 00:05:45,574 - INFO - Node 1: k=184.09844495530547, f_best=2.123814105987549, f_min=2.075279682686869
2025-04-26 00:05:45,574 - INFO - Node 2: k=135.23451033793313, f_best=2.6811578273773193, f_min=2.2414546602503833
2025-04-26 00:05:45,574 - INFO - Node 3: k=152.3856311864237, f_best=2.1151275634765625, f_min=1.6941806979011744
2025-04-26 00:05:45,574 - INFO - Node 4: k=126.13566941166897, f_best=2.6888747215270996, f_min=1.985702684152784
2025-04-26 00:05:45,575 - INFO - Node 5: k=149.3830322384312, f_best=2.1053848266601562, f_min=1.9911157031374387
2025-04-26 00:05:45,575 - INFO - Node 6: k=110.83069514622493, f_best=2.6902945041656494, f_min=1.7396075042079246
2025-04-26 00:05:45,575 - INFO - Node 7: k=135.23451033793313, f_best=2.1024489402770996, f_min=-1.4241831410777195
2025-04-26 00:05:45,575 - INFO - cur_node_number 26,f_best 2.1024489402770996,f_min -1.4241831410777195,k 135.23451033793313
2025-04-26 00:05:45,575 - INFO - f_best_current 2.1024489402770996,f_min -1.4241831410777195
2025-04-26 00:05:52,691 - INFO - tree_node.f_best*ep:2.1024489402770996,left_f_best2.7279419898986816,right_f_best2.1142518520355225,i:1
2025-04-26 00:06:00,195 - INFO - tree_node.f_best*ep:2.1024489402770996,left_f_best2.675550699234009,right_f_best2.105294704437256,i:2
2025-04-26 00:06:07,880 - INFO - tree_node.f_best*ep:2.1024489402770996,left_f_best2.669597864151001,right_f_best2.0798141956329346,i:3
2025-04-26 00:06:29,006 - INFO - 添加左子节点，右子节点，len(queue):5
2025-04-26 00:06:29,006 - INFO - Node 1: k=184.09844495530547, f_best=2.123814105987549, f_min=2.075279682686869
2025-04-26 00:06:29,007 - INFO - Node 2: k=135.23451033793313, f_best=2.6811578273773193, f_min=2.2414546602503833
2025-04-26 00:06:29,007 - INFO - Node 3: k=152.3856311864237, f_best=2.1151275634765625, f_min=1.6941806979011744
2025-04-26 00:06:29,007 - INFO - Node 4: k=126.13566941166897, f_best=2.6888747215270996, f_min=1.985702684152784
2025-04-26 00:06:29,007 - INFO - Node 5: k=149.3830322384312, f_best=2.1053848266601562, f_min=1.9911157031374387
2025-04-26 00:06:29,007 - INFO - Node 6: k=110.83069514622493, f_best=2.6902945041656494, f_min=1.7396075042079246
2025-04-26 00:06:29,007 - INFO - Node 7: k=135.23451033793313, f_best=2.1024489402770996, f_min=-1.4241831410777195
2025-04-26 00:06:29,007 - INFO - Node 8: k=111.93900209768718, f_best=2.669597864151001, f_min=2.149620193421015
2025-04-26 00:06:29,007 - INFO - Node 9: k=103.37379037862647, f_best=2.0798141956329346, f_min=1.8969116818507246
2025-04-26 00:06:29,007 - INFO - cur_node_number 27,f_best 2.0798141956329346,f_min 1.8969116818507246,k 103.37379037862647
2025-04-26 00:06:29,008 - INFO - f_best_current 2.0798141956329346,f_min 1.8969116818507246
2025-04-26 00:06:35,614 - INFO - tree_node.f_best*ep:2.0798141956329346,left_f_best2.7002906799316406,right_f_best2.112344980239868,i:1
2025-04-26 00:06:42,746 - INFO - tree_node.f_best*ep:2.0798141956329346,left_f_best2.687676429748535,right_f_best2.136798620223999,i:2
2025-04-26 00:06:50,218 - INFO - tree_node.f_best*ep:2.0798141956329346,left_f_best2.6719298362731934,right_f_best2.0868515968322754,i:3
2025-04-26 00:06:58,038 - INFO - tree_node.f_best*ep:2.0798141956329346,left_f_best2.6757874488830566,right_f_best2.074125289916992,i:4
2025-04-26 00:07:19,658 - INFO - 添加左子节点，右子节点，len(queue):6
2025-04-26 00:07:19,658 - INFO - Node 1: k=184.09844495530547, f_best=2.123814105987549, f_min=2.075279682686869
2025-04-26 00:07:19,658 - INFO - Node 2: k=135.23451033793313, f_best=2.6811578273773193, f_min=2.2414546602503833
2025-04-26 00:07:19,658 - INFO - Node 3: k=152.3856311864237, f_best=2.1151275634765625, f_min=1.6941806979011744
2025-04-26 00:07:19,658 - INFO - Node 4: k=126.13566941166897, f_best=2.6888747215270996, f_min=1.985702684152784
2025-04-26 00:07:19,658 - INFO - Node 5: k=149.3830322384312, f_best=2.1053848266601562, f_min=1.9911157031374387
2025-04-26 00:07:19,659 - INFO - Node 6: k=110.83069514622493, f_best=2.6902945041656494, f_min=1.7396075042079246
2025-04-26 00:07:19,659 - INFO - Node 7: k=135.23451033793313, f_best=2.1024489402770996, f_min=-1.4241831410777195
2025-04-26 00:07:19,659 - INFO - Node 8: k=111.93900209768718, f_best=2.669597864151001, f_min=2.149620193421015
2025-04-26 00:07:19,659 - INFO - Node 9: k=103.37379037862647, f_best=2.0798141956329346, f_min=1.8969116818507246
2025-04-26 00:07:19,659 - INFO - Node 10: k=129.95770633051197, f_best=2.6757874488830566, f_min=2.0030762291453357
2025-04-26 00:07:19,659 - INFO - Node 11: k=118.82550636486255, f_best=2.074125289916992, f_min=2.0102269076228367
2025-04-26 00:07:19,659 - INFO - cur_node_number 28,f_best 2.074125289916992,f_min 2.0102269076228367,k 118.82550636486255
2025-04-26 00:07:19,659 - INFO - f_best_current 2.074125289916992,f_min 2.0102269076228367
2025-04-26 00:07:19,659 - INFO - 回退,len(queue)=4
2025-04-26 00:07:26,228 - INFO - tree_node.f_best*ep:2.0798141956329346,left_f_best2.688945770263672,right_f_best2.1245248317718506,i:1
2025-04-26 00:07:33,254 - INFO - tree_node.f_best*ep:2.0798141956329346,left_f_best2.6856212615966797,right_f_best2.1103601455688477,i:2
2025-04-26 00:07:40,748 - INFO - tree_node.f_best*ep:2.0798141956329346,left_f_best2.6808996200561523,right_f_best2.1046695709228516,i:3
2025-04-26 00:07:48,580 - INFO - tree_node.f_best*ep:2.0798141956329346,left_f_best2.6706113815307617,right_f_best2.0928211212158203,i:4
2025-04-26 00:07:56,682 - INFO - tree_node.f_best*ep:2.0798141956329346,left_f_best2.65602970123291,right_f_best2.067051649093628,i:5
2025-04-26 00:08:18,469 - INFO - 添加左子节点，右子节点，len(queue):6
2025-04-26 00:08:18,469 - INFO - Node 1: k=184.09844495530547, f_best=2.123814105987549, f_min=2.075279682686869
2025-04-26 00:08:18,469 - INFO - Node 2: k=135.23451033793313, f_best=2.6811578273773193, f_min=2.2414546602503833
2025-04-26 00:08:18,469 - INFO - Node 3: k=152.3856311864237, f_best=2.1151275634765625, f_min=1.6941806979011744
2025-04-26 00:08:18,469 - INFO - Node 4: k=126.13566941166897, f_best=2.6888747215270996, f_min=1.985702684152784
2025-04-26 00:08:18,470 - INFO - Node 5: k=149.3830322384312, f_best=2.1053848266601562, f_min=1.9911157031374387
2025-04-26 00:08:18,470 - INFO - Node 6: k=110.83069514622493, f_best=2.6902945041656494, f_min=1.7396075042079246
2025-04-26 00:08:18,470 - INFO - Node 7: k=135.23451033793313, f_best=2.1024489402770996, f_min=-1.4241831410777195
2025-04-26 00:08:18,470 - INFO - Node 8: k=111.93900209768718, f_best=2.669597864151001, f_min=2.149620193421015
2025-04-26 00:08:18,470 - INFO - Node 9: k=118.82550636486255, f_best=2.0798141956329346, f_min=1.8969116818507246
2025-04-26 00:08:18,470 - INFO - Node 10: k=113.05839211866405, f_best=2.65602970123291, f_min=2.0944663143095568
2025-04-26 00:08:18,470 - INFO - Node 11: k=157.00306819700353, f_best=2.067051649093628, f_min=1.7706068248526208
2025-04-26 00:08:18,471 - INFO - cur_node_number 29,f_best 2.067051649093628,f_min 1.7706068248526208,k 157.00306819700353
2025-04-26 00:08:18,471 - INFO - f_best_current 2.067051649093628,f_min 1.7706068248526208
2025-04-26 00:08:18,471 - INFO - 回退,len(queue)=4
2025-04-26 00:08:18,471 - INFO - 回退,len(queue)=3
2025-04-26 00:08:18,471 - INFO - 回退,len(queue)=2
2025-04-26 00:08:18,471 - INFO - 回退,len(queue)=1
2025-04-26 00:08:25,277 - INFO - tree_node.f_best*ep:2.1151275634765625,left_f_best2.681035041809082,right_f_best2.1323635578155518,i:1
2025-04-26 00:08:32,454 - INFO - tree_node.f_best*ep:2.1151275634765625,left_f_best2.686674118041992,right_f_best2.1113476753234863,i:2
2025-04-26 00:08:54,973 - INFO - 添加左子节点，右子节点，len(queue):3
2025-04-26 00:08:54,974 - INFO - Node 1: k=184.09844495530547, f_best=2.123814105987549, f_min=2.075279682686869
2025-04-26 00:08:54,974 - INFO - Node 2: k=135.23451033793313, f_best=2.6811578273773193, f_min=2.2414546602503833
2025-04-26 00:08:54,974 - INFO - Node 3: k=157.00306819700353, f_best=2.1151275634765625, f_min=1.6941806979011744
2025-04-26 00:08:54,974 - INFO - Node 4: k=182.27568807455987, f_best=2.686674118041992, f_min=-0.17798210697037575
2025-04-26 00:08:54,974 - INFO - Node 5: k=88.15936638975136, f_best=2.1113476753234863, f_min=0.5698009269458453
2025-04-26 00:08:54,974 - INFO - cur_node_number 30,f_best 2.1113476753234863,f_min 0.5698009269458453,k 88.15936638975136
2025-04-26 00:08:54,974 - INFO - f_best_current 2.1113476753234863,f_min 0.5698009269458453
2025-04-26 00:09:01,672 - INFO - tree_node.f_best*ep:2.1113476753234863,left_f_best2.6891345977783203,right_f_best2.1103034019470215,i:1
2025-04-26 00:09:22,416 - INFO - 添加左子节点，右子节点，len(queue):4
2025-04-26 00:09:22,416 - INFO - Node 1: k=184.09844495530547, f_best=2.123814105987549, f_min=2.075279682686869
2025-04-26 00:09:22,416 - INFO - Node 2: k=135.23451033793313, f_best=2.6811578273773193, f_min=2.2414546602503833
2025-04-26 00:09:22,416 - INFO - Node 3: k=157.00306819700353, f_best=2.1151275634765625, f_min=1.6941806979011744
2025-04-26 00:09:22,416 - INFO - Node 4: k=182.27568807455987, f_best=2.686674118041992, f_min=-0.17798210697037575
2025-04-26 00:09:22,416 - INFO - Node 5: k=88.15936638975136, f_best=2.1113476753234863, f_min=0.5698009269458453
2025-04-26 00:09:22,417 - INFO - Node 6: k=139.33225123568283, f_best=2.6891345977783203, f_min=2.1806691903339015
2025-04-26 00:09:22,417 - INFO - Node 7: k=74.4397842770463, f_best=2.1103034019470215, f_min=1.2333194932489278
2025-04-26 00:09:22,417 - INFO - cur_node_number 31,f_best 2.1103034019470215,f_min 1.2333194932489278,k 74.4397842770463
2025-04-26 00:09:22,417 - INFO - f_best_current 2.1103034019470215,f_min 1.2333194932489278
2025-04-26 00:09:29,176 - INFO - tree_node.f_best*ep:2.1103034019470215,left_f_best2.6984944343566895,right_f_best2.117952823638916,i:1
2025-04-26 00:09:36,220 - INFO - tree_node.f_best*ep:2.1103034019470215,left_f_best2.673743724822998,right_f_best2.1079514026641846,i:2
2025-04-26 00:09:57,770 - INFO - 添加左子节点，右子节点，len(queue):5
2025-04-26 00:09:57,770 - INFO - Node 1: k=184.09844495530547, f_best=2.123814105987549, f_min=2.075279682686869
2025-04-26 00:09:57,770 - INFO - Node 2: k=135.23451033793313, f_best=2.6811578273773193, f_min=2.2414546602503833
2025-04-26 00:09:57,770 - INFO - Node 3: k=157.00306819700353, f_best=2.1151275634765625, f_min=1.6941806979011744
2025-04-26 00:09:57,771 - INFO - Node 4: k=182.27568807455987, f_best=2.686674118041992, f_min=-0.17798210697037575
2025-04-26 00:09:57,771 - INFO - Node 5: k=88.15936638975136, f_best=2.1113476753234863, f_min=0.5698009269458453
2025-04-26 00:09:57,771 - INFO - Node 6: k=139.33225123568283, f_best=2.6891345977783203, f_min=2.1806691903339015
2025-04-26 00:09:57,771 - INFO - Node 7: k=74.4397842770463, f_best=2.1103034019470215, f_min=1.2333194932489278
2025-04-26 00:09:57,771 - INFO - Node 8: k=147.90399231527843, f_best=2.673743724822998, f_min=2.245403969598101
2025-04-26 00:09:57,771 - INFO - Node 9: k=89.93136965418536, f_best=2.1079514026641846, f_min=2.0719653472215214
2025-04-26 00:09:57,771 - INFO - cur_node_number 32,f_best 2.1079514026641846,f_min 2.0719653472215214,k 89.93136965418536
2025-04-26 00:09:57,771 - INFO - f_best_current 2.1079514026641846,f_min 2.0719653472215214
2025-04-26 00:09:57,772 - INFO - 回退,len(queue)=3
2025-04-26 00:09:57,772 - INFO - 回退,len(queue)=2
2025-04-26 00:10:04,533 - INFO - tree_node.f_best*ep:2.1113476753234863,left_f_best2.7125051021575928,right_f_best2.1237974166870117,i:1
2025-04-26 00:10:11,659 - INFO - tree_node.f_best*ep:2.1113476753234863,left_f_best2.6761293411254883,right_f_best2.111039161682129,i:2
2025-04-26 00:10:31,395 - INFO - 添加左子节点，右子节点，len(queue):4
2025-04-26 00:10:31,395 - INFO - Node 1: k=184.09844495530547, f_best=2.123814105987549, f_min=2.075279682686869
2025-04-26 00:10:31,395 - INFO - Node 2: k=135.23451033793313, f_best=2.6811578273773193, f_min=2.2414546602503833
2025-04-26 00:10:31,396 - INFO - Node 3: k=157.00306819700353, f_best=2.1151275634765625, f_min=1.6941806979011744
2025-04-26 00:10:31,396 - INFO - Node 4: k=182.27568807455987, f_best=2.686674118041992, f_min=-0.17798210697037575
2025-04-26 00:10:31,396 - INFO - Node 5: k=89.93136965418536, f_best=2.1113476753234863, f_min=0.5698009269458453
2025-04-26 00:10:31,396 - INFO - Node 6: k=85.56661246543617, f_best=2.6761293411254883, f_min=2.660867861518909
2025-04-26 00:10:31,396 - INFO - Node 7: k=101.3369183203867, f_best=2.111039161682129, f_min=1.8809821354211635
2025-04-26 00:10:31,396 - INFO - cur_node_number 33,f_best 2.111039161682129,f_min 1.8809821354211635,k 101.3369183203867
2025-04-26 00:10:31,396 - INFO - f_best_current 2.111039161682129,f_min 1.8809821354211635
2025-04-26 00:10:31,396 - INFO - 回退,len(queue)=2
2025-04-26 00:10:38,276 - INFO - tree_node.f_best*ep:2.1113476753234863,left_f_best2.687992572784424,right_f_best2.117551803588867,i:1
2025-04-26 00:10:45,602 - INFO - tree_node.f_best*ep:2.1113476753234863,left_f_best2.666958808898926,right_f_best2.107391834259033,i:2
2025-04-26 00:11:08,536 - INFO - 添加左子节点，右子节点，len(queue):4
2025-04-26 00:11:08,536 - INFO - Node 1: k=184.09844495530547, f_best=2.123814105987549, f_min=2.075279682686869
2025-04-26 00:11:08,537 - INFO - Node 2: k=135.23451033793313, f_best=2.6811578273773193, f_min=2.2414546602503833
2025-04-26 00:11:08,537 - INFO - Node 3: k=157.00306819700353, f_best=2.1151275634765625, f_min=1.6941806979011744
2025-04-26 00:11:08,537 - INFO - Node 4: k=182.27568807455987, f_best=2.686674118041992, f_min=-0.17798210697037575
2025-04-26 00:11:08,537 - INFO - Node 5: k=101.3369183203867, f_best=2.1113476753234863, f_min=0.5698009269458453
2025-04-26 00:11:08,537 - INFO - Node 6: k=122.42603803322424, f_best=2.666958808898926, f_min=2.1525847448338027
2025-04-26 00:11:08,537 - INFO - Node 7: k=152.3856311864237, f_best=2.107391834259033, f_min=1.816989188448133
2025-04-26 00:11:08,537 - INFO - cur_node_number 34,f_best 2.107391834259033,f_min 1.816989188448133,k 152.3856311864237
2025-04-26 00:11:08,537 - INFO - f_best_current 2.107391834259033,f_min 1.816989188448133
2025-04-26 00:11:08,538 - INFO - 回退,len(queue)=2
2025-04-26 00:11:15,479 - INFO - tree_node.f_best*ep:2.1113476753234863,left_f_best2.68289852142334,right_f_best2.1251697540283203,i:1
2025-04-26 00:11:22,854 - INFO - tree_node.f_best*ep:2.1113476753234863,left_f_best2.6804909706115723,right_f_best2.1067352294921875,i:2
2025-04-26 00:11:47,077 - INFO - 添加左子节点，右子节点，len(queue):4
2025-04-26 00:11:47,077 - INFO - Node 1: k=184.09844495530547, f_best=2.123814105987549, f_min=2.075279682686869
2025-04-26 00:11:47,078 - INFO - Node 2: k=135.23451033793313, f_best=2.6811578273773193, f_min=2.2414546602503833
2025-04-26 00:11:47,078 - INFO - Node 3: k=157.00306819700353, f_best=2.1151275634765625, f_min=1.6941806979011744
2025-04-26 00:11:47,078 - INFO - Node 4: k=182.27568807455987, f_best=2.686674118041992, f_min=-0.17798210697037575
2025-04-26 00:11:47,078 - INFO - Node 5: k=152.3856311864237, f_best=2.1113476753234863, f_min=0.5698009269458453
2025-04-26 00:11:47,078 - INFO - Node 6: k=139.33225123568283, f_best=2.6804909706115723, f_min=2.4627492612085007
2025-04-26 00:11:47,078 - INFO - Node 7: k=167.36222268664147, f_best=2.1067352294921875, f_min=0.6725652516015543
2025-04-26 00:11:47,078 - INFO - cur_node_number 35,f_best 2.1067352294921875,f_min 0.6725652516015543,k 167.36222268664147
2025-04-26 00:11:47,078 - INFO - f_best_current 2.1067352294921875,f_min 0.6725652516015543
2025-04-26 00:11:47,078 - INFO - 回退,len(queue)=2
2025-04-26 00:11:47,079 - INFO - 回退,len(queue)=1
2025-04-26 00:11:53,976 - INFO - tree_node.f_best*ep:2.1151275634765625,left_f_best2.6857476234436035,right_f_best2.119032144546509,i:1
2025-04-26 00:12:01,259 - INFO - tree_node.f_best*ep:2.1151275634765625,left_f_best2.6910462379455566,right_f_best2.0988945960998535,i:2
2025-04-26 00:12:22,160 - INFO - 添加左子节点，右子节点，len(queue):3
2025-04-26 00:12:22,160 - INFO - Node 1: k=184.09844495530547, f_best=2.123814105987549, f_min=2.075279682686869
2025-04-26 00:12:22,160 - INFO - Node 2: k=135.23451033793313, f_best=2.6811578273773193, f_min=2.2414546602503833
2025-04-26 00:12:22,160 - INFO - Node 3: k=167.36222268664147, f_best=2.1151275634765625, f_min=1.6941806979011744
2025-04-26 00:12:22,160 - INFO - Node 4: k=107.57118079689812, f_best=2.6910462379455566, f_min=1.4576759801889239
2025-04-26 00:12:22,161 - INFO - Node 5: k=115.3308658002492, f_best=2.0988945960998535, f_min=0.5973294620553133
2025-04-26 00:12:22,161 - INFO - cur_node_number 36,f_best 2.0988945960998535,f_min 0.5973294620553133,k 115.3308658002492
2025-04-26 00:12:22,161 - INFO - f_best_current 2.0988945960998535,f_min 0.5973294620553133
2025-04-26 00:12:28,907 - INFO - tree_node.f_best*ep:2.0988945960998535,left_f_best2.6866865158081055,right_f_best2.105663537979126,i:1
2025-04-26 00:12:36,082 - INFO - tree_node.f_best*ep:2.0988945960998535,left_f_best2.680513381958008,right_f_best2.0987565517425537,i:2
2025-04-26 00:12:59,037 - INFO - 添加左子节点，右子节点，len(queue):4
2025-04-26 00:12:59,037 - INFO - Node 1: k=184.09844495530547, f_best=2.123814105987549, f_min=2.075279682686869
2025-04-26 00:12:59,037 - INFO - Node 2: k=135.23451033793313, f_best=2.6811578273773193, f_min=2.2414546602503833
2025-04-26 00:12:59,038 - INFO - Node 3: k=167.36222268664147, f_best=2.1151275634765625, f_min=1.6941806979011744
2025-04-26 00:12:59,038 - INFO - Node 4: k=107.57118079689812, f_best=2.6910462379455566, f_min=1.4576759801889239
2025-04-26 00:12:59,038 - INFO - Node 5: k=115.3308658002492, f_best=2.0988945960998535, f_min=0.5973294620553133
2025-04-26 00:12:59,038 - INFO - Node 6: k=101.3369183203867, f_best=2.680513381958008, f_min=1.3812953352503428
2025-04-26 00:12:59,038 - INFO - Node 7: k=199.35223561555452, f_best=2.0987565517425537, f_min=0.7911821162342676
2025-04-26 00:12:59,038 - INFO - cur_node_number 37,f_best 2.0987565517425537,f_min 0.7911821162342676,k 199.35223561555452
2025-04-26 00:12:59,038 - INFO - f_best_current 2.0987565517425537,f_min 0.7911821162342676
2025-04-26 00:12:59,038 - INFO - 回退,len(queue)=2
2025-04-26 00:12:59,038 - INFO - 回退,len(queue)=1
2025-04-26 00:12:59,039 - INFO - 回退,len(queue)=0
2025-04-26 00:13:05,825 - INFO - tree_node.f_best*ep:2.123814105987549,left_f_best2.701545238494873,right_f_best2.1324715614318848,i:1
2025-04-26 00:13:12,939 - INFO - tree_node.f_best*ep:2.123814105987549,left_f_best2.6756975650787354,right_f_best2.1115922927856445,i:2
2025-04-26 00:13:35,756 - INFO - 添加左子节点，右子节点，len(queue):2
2025-04-26 00:13:35,757 - INFO - Node 1: k=199.35223561555452, f_best=2.123814105987549, f_min=2.075279682686869
2025-04-26 00:13:35,757 - INFO - Node 2: k=155.44858237327082, f_best=2.6756975650787354, f_min=2.4763130608762367
2025-04-26 00:13:35,757 - INFO - Node 3: k=120.51805111614128, f_best=2.1115922927856445, f_min=1.1285624668425953
2025-04-26 00:13:35,757 - INFO - cur_node_number 38,f_best 2.1115922927856445,f_min 1.1285624668425953,k 120.51805111614128
2025-04-26 00:13:35,757 - INFO - f_best_current 2.1115922927856445,f_min 1.1285624668425953
2025-04-26 00:13:42,338 - INFO - tree_node.f_best*ep:2.1115922927856445,left_f_best2.6931567192077637,right_f_best2.1216678619384766,i:1
2025-04-26 00:13:49,325 - INFO - tree_node.f_best*ep:2.1115922927856445,left_f_best2.667651653289795,right_f_best2.1125082969665527,i:2
2025-04-26 00:13:56,820 - INFO - tree_node.f_best*ep:2.1115922927856445,left_f_best2.6771621704101562,right_f_best2.102177381515503,i:3
2025-04-26 00:14:19,256 - INFO - 添加左子节点，右子节点，len(queue):3
2025-04-26 00:14:19,256 - INFO - Node 1: k=199.35223561555452, f_best=2.123814105987549, f_min=2.075279682686869
2025-04-26 00:14:19,256 - INFO - Node 2: k=155.44858237327082, f_best=2.6756975650787354, f_min=2.4763130608762367
2025-04-26 00:14:19,257 - INFO - Node 3: k=120.51805111614128, f_best=2.1115922927856445, f_min=1.1285624668425953
2025-04-26 00:14:19,257 - INFO - Node 4: k=98.35661454311575, f_best=2.6771621704101562, f_min=2.0735338385297837
2025-04-26 00:14:19,257 - INFO - Node 5: k=153.90948749828794, f_best=2.102177381515503, f_min=0.9236610106536318
2025-04-26 00:14:19,257 - INFO - cur_node_number 39,f_best 2.102177381515503,f_min 0.9236610106536318,k 153.90948749828794
2025-04-26 00:14:19,257 - INFO - f_best_current 2.102177381515503,f_min 0.9236610106536318
2025-04-26 00:14:19,257 - INFO - 回退,len(queue)=1
2025-04-26 00:14:25,747 - INFO - tree_node.f_best*ep:2.1115922927856445,left_f_best2.6778793334960938,right_f_best2.124126672744751,i:1
2025-04-26 00:14:32,518 - INFO - tree_node.f_best*ep:2.1115922927856445,left_f_best2.6783602237701416,right_f_best2.091834306716919,i:2
2025-04-26 00:14:54,404 - INFO - 添加左子节点，右子节点，len(queue):3
2025-04-26 00:14:54,405 - INFO - Node 1: k=199.35223561555452, f_best=2.123814105987549, f_min=2.075279682686869
2025-04-26 00:14:54,405 - INFO - Node 2: k=155.44858237327082, f_best=2.6756975650787354, f_min=2.4763130608762367
2025-04-26 00:14:54,405 - INFO - Node 3: k=153.90948749828794, f_best=2.1115922927856445, f_min=1.1285624668425953
2025-04-26 00:14:54,405 - INFO - Node 4: k=91.73899018423448, f_best=2.6783602237701416, f_min=2.6366569204733423
2025-04-26 00:14:54,405 - INFO - Node 5: k=188.58794162182826, f_best=2.091834306716919, f_min=1.9131437684936827
2025-04-26 00:14:54,405 - INFO - cur_node_number 40,f_best 2.091834306716919,f_min 1.9131437684936827,k 188.58794162182826
2025-04-26 00:14:54,405 - INFO - f_best_current 2.091834306716919,f_min 1.9131437684936827
2025-04-26 00:14:54,405 - INFO - 回退,len(queue)=1
2025-04-26 00:15:00,859 - INFO - tree_node.f_best*ep:2.1115922927856445,left_f_best2.7015233039855957,right_f_best2.10945987701416,i:1
2025-04-26 00:15:20,654 - INFO - 添加左子节点，右子节点，len(queue):3
2025-04-26 00:15:20,654 - INFO - Node 1: k=199.35223561555452, f_best=2.123814105987549, f_min=2.075279682686869
2025-04-26 00:15:20,655 - INFO - Node 2: k=155.44858237327082, f_best=2.6756975650787354, f_min=2.4763130608762367
2025-04-26 00:15:20,655 - INFO - Node 3: k=188.58794162182826, f_best=2.1115922927856445, f_min=1.1285624668425953
2025-04-26 00:15:20,655 - INFO - Node 4: k=136.58685544131245, f_best=2.7015233039855957, f_min=1.3531766000573953
2025-04-26 00:15:20,655 - INFO - Node 5: k=98.35661454311575, f_best=2.10945987701416, f_min=1.3760940286251753
2025-04-26 00:15:20,655 - INFO - cur_node_number 41,f_best 2.10945987701416,f_min 1.3760940286251753,k 98.35661454311575
2025-04-26 00:15:20,655 - INFO - f_best_current 2.10945987701416,f_min 1.3760940286251753
2025-04-26 00:15:26,924 - INFO - tree_node.f_best*ep:2.10945987701416,left_f_best2.7012405395507812,right_f_best2.1203768253326416,i:1
2025-04-26 00:15:33,276 - INFO - tree_node.f_best*ep:2.10945987701416,left_f_best2.6799635887145996,right_f_best2.099736213684082,i:2
2025-04-26 00:15:50,933 - INFO - 添加左子节点，右子节点，len(queue):4
2025-04-26 00:15:50,933 - INFO - Node 1: k=199.35223561555452, f_best=2.123814105987549, f_min=2.075279682686869
2025-04-26 00:15:50,933 - INFO - Node 2: k=155.44858237327082, f_best=2.6756975650787354, f_min=2.4763130608762367
2025-04-26 00:15:50,933 - INFO - Node 3: k=188.58794162182826, f_best=2.1115922927856445, f_min=1.1285624668425953
2025-04-26 00:15:50,933 - INFO - Node 4: k=136.58685544131245, f_best=2.7015233039855957, f_min=1.3531766000573953
2025-04-26 00:15:50,933 - INFO - Node 5: k=98.35661454311575, f_best=2.10945987701416, f_min=1.3760940286251753
2025-04-26 00:15:50,933 - INFO - Node 6: k=85.56661246543617, f_best=2.6799635887145996, f_min=2.260335838580886
2025-04-26 00:15:50,933 - INFO - Node 7: k=109.73336153091577, f_best=2.099736213684082, f_min=1.6547628839580284
2025-04-26 00:15:50,933 - INFO - cur_node_number 42,f_best 2.099736213684082,f_min 1.6547628839580284,k 109.73336153091577
2025-04-26 00:15:50,934 - INFO - f_best_current 2.099736213684082,f_min 1.6547628839580284
2025-04-26 00:15:50,934 - INFO - 回退,len(queue)=2
2025-04-26 00:15:56,746 - INFO - tree_node.f_best*ep:2.10945987701416,left_f_best2.701085090637207,right_f_best2.1133041381835938,i:1
2025-04-26 00:16:03,061 - INFO - tree_node.f_best*ep:2.10945987701416,left_f_best2.6798901557922363,right_f_best2.111328601837158,i:2
2025-04-26 00:16:09,812 - INFO - tree_node.f_best*ep:2.10945987701416,left_f_best2.6629557609558105,right_f_best2.1006367206573486,i:3
2025-04-26 00:16:30,751 - INFO - 添加左子节点，右子节点，len(queue):4
2025-04-26 00:16:30,751 - INFO - Node 1: k=199.35223561555452, f_best=2.123814105987549, f_min=2.075279682686869
2025-04-26 00:16:30,751 - INFO - Node 2: k=155.44858237327082, f_best=2.6756975650787354, f_min=2.4763130608762367
2025-04-26 00:16:30,752 - INFO - Node 3: k=188.58794162182826, f_best=2.1115922927856445, f_min=1.1285624668425953
2025-04-26 00:16:30,752 - INFO - Node 4: k=136.58685544131245, f_best=2.7015233039855957, f_min=1.3531766000573953
2025-04-26 00:16:30,752 - INFO - Node 5: k=109.73336153091577, f_best=2.10945987701416, f_min=1.3760940286251753
2025-04-26 00:16:30,752 - INFO - Node 6: k=121.21389904279629, f_best=2.6629557609558105, f_min=2.5917404982665175
2025-04-26 00:16:30,752 - INFO - Node 7: k=135.23451033793313, f_best=2.1006367206573486, f_min=0.9624978878582624
2025-04-26 00:16:30,752 - INFO - cur_node_number 43,f_best 2.1006367206573486,f_min 0.9624978878582624,k 135.23451033793313
2025-04-26 00:16:30,752 - INFO - f_best_current 2.1006367206573486,f_min 0.9624978878582624
2025-04-26 00:16:30,752 - INFO - 回退,len(queue)=2
2025-04-26 00:16:37,030 - INFO - tree_node.f_best*ep:2.10945987701416,left_f_best2.686692237854004,right_f_best2.1228113174438477,i:1
2025-04-26 00:16:43,308 - INFO - tree_node.f_best*ep:2.10945987701416,left_f_best2.677290678024292,right_f_best2.1139509677886963,i:2
2025-04-26 00:16:49,718 - INFO - tree_node.f_best*ep:2.10945987701416,left_f_best2.6662368774414062,right_f_best2.100802421569824,i:3
2025-04-26 00:17:11,459 - INFO - 添加左子节点，右子节点，len(queue):4
2025-04-26 00:17:11,459 - INFO - Node 1: k=199.35223561555452, f_best=2.123814105987549, f_min=2.075279682686869
2025-04-26 00:17:11,459 - INFO - Node 2: k=155.44858237327082, f_best=2.6756975650787354, f_min=2.4763130608762367
2025-04-26 00:17:11,459 - INFO - Node 3: k=188.58794162182826, f_best=2.1115922927856445, f_min=1.1285624668425953
2025-04-26 00:17:11,459 - INFO - Node 4: k=136.58685544131245, f_best=2.7015233039855957, f_min=1.3531766000573953
2025-04-26 00:17:11,459 - INFO - Node 5: k=135.23451033793313, f_best=2.10945987701416, f_min=1.3760940286251753
2025-04-26 00:17:11,459 - INFO - Node 6: k=133.8955547900328, f_best=2.6662368774414062, f_min=2.6520802185464163
2025-04-26 00:17:11,459 - INFO - Node 7: k=181.22930510504978, f_best=2.100802421569824, f_min=1.8390343727187428
2025-04-26 00:17:11,459 - INFO - cur_node_number 44,f_best 2.100802421569824,f_min 1.8390343727187428,k 181.22930510504978
2025-04-26 00:17:11,459 - INFO - f_best_current 2.100802421569824,f_min 1.8390343727187428
2025-04-26 00:17:11,460 - INFO - 回退,len(queue)=2
2025-04-26 00:17:17,732 - INFO - tree_node.f_best*ep:2.10945987701416,left_f_best2.6809139251708984,right_f_best2.112372875213623,i:1
2025-04-26 00:17:24,158 - INFO - tree_node.f_best*ep:2.10945987701416,left_f_best2.6791675090789795,right_f_best2.1232962608337402,i:2
2025-04-26 00:17:30,779 - INFO - tree_node.f_best*ep:2.10945987701416,left_f_best2.66682505607605,right_f_best2.1099934577941895,i:3
2025-04-26 00:17:37,794 - INFO - tree_node.f_best*ep:2.10945987701416,left_f_best2.6698052883148193,right_f_best2.0898237228393555,i:4
2025-04-26 00:17:58,220 - INFO - 添加左子节点，右子节点，len(queue):4
2025-04-26 00:17:58,220 - INFO - Node 1: k=199.35223561555452, f_best=2.123814105987549, f_min=2.075279682686869
2025-04-26 00:17:58,221 - INFO - Node 2: k=155.44858237327082, f_best=2.6756975650787354, f_min=2.4763130608762367
2025-04-26 00:17:58,221 - INFO - Node 3: k=188.58794162182826, f_best=2.1115922927856445, f_min=1.1285624668425953
2025-04-26 00:17:58,221 - INFO - Node 4: k=136.58685544131245, f_best=2.7015233039855957, f_min=1.3531766000573953
2025-04-26 00:17:58,221 - INFO - Node 5: k=181.22930510504978, f_best=2.10945987701416, f_min=1.3760940286251753
2025-04-26 00:17:58,221 - INFO - Node 6: k=146.43959635176083, f_best=2.6698052883148193, f_min=2.4550209277927024
2025-04-26 00:17:58,221 - INFO - Node 7: k=105.45160356523685, f_best=2.0898237228393555, f_min=0.6119723588612942
2025-04-26 00:17:58,221 - INFO - cur_node_number 45,f_best 2.0898237228393555,f_min 0.6119723588612942,k 105.45160356523685
2025-04-26 00:17:58,221 - INFO - f_best_current 2.0898237228393555,f_min 0.6119723588612942
2025-04-26 00:18:04,432 - INFO - tree_node.f_best*ep:2.0898237228393555,left_f_best2.6867449283599854,right_f_best2.100626230239868,i:1
2025-04-26 00:18:10,744 - INFO - tree_node.f_best*ep:2.0898237228393555,left_f_best2.6707186698913574,right_f_best2.127927303314209,i:2
2025-04-26 00:18:17,450 - INFO - tree_node.f_best*ep:2.0898237228393555,left_f_best2.6728675365448,right_f_best2.108616352081299,i:3
2025-04-26 00:18:24,368 - INFO - tree_node.f_best*ep:2.0898237228393555,left_f_best2.667001724243164,right_f_best2.099895477294922,i:4
2025-04-26 00:18:31,916 - INFO - tree_node.f_best*ep:2.0898237228393555,left_f_best2.653083324432373,right_f_best2.083591938018799,i:5
2025-04-26 00:18:53,921 - INFO - 添加左子节点，右子节点，len(queue):5
2025-04-26 00:18:53,921 - INFO - Node 1: k=199.35223561555452, f_best=2.123814105987549, f_min=2.075279682686869
2025-04-26 00:18:53,921 - INFO - Node 2: k=155.44858237327082, f_best=2.6756975650787354, f_min=2.4763130608762367
2025-04-26 00:18:53,921 - INFO - Node 3: k=188.58794162182826, f_best=2.1115922927856445, f_min=1.1285624668425953
2025-04-26 00:18:53,921 - INFO - Node 4: k=136.58685544131245, f_best=2.7015233039855957, f_min=1.3531766000573953
2025-04-26 00:18:53,921 - INFO - Node 5: k=181.22930510504978, f_best=2.10945987701416, f_min=1.3760940286251753
2025-04-26 00:18:53,921 - INFO - Node 6: k=146.43959635176083, f_best=2.6698052883148193, f_min=2.4550209277927024
2025-04-26 00:18:53,922 - INFO - Node 7: k=105.45160356523685, f_best=2.0898237228393555, f_min=0.6119723588612942
2025-04-26 00:18:53,922 - INFO - Node 8: k=117.6490162028342, f_best=2.653083324432373, f_min=2.5418431810394395
2025-04-26 00:18:53,922 - INFO - Node 9: k=131.2572833938171, f_best=2.083591938018799, f_min=2.064459621325568
2025-04-26 00:18:53,922 - INFO - cur_node_number 46,f_best 2.083591938018799,f_min 2.064459621325568,k 131.2572833938171
2025-04-26 00:18:53,922 - INFO - f_best_current 2.083591938018799,f_min 2.064459621325568
2025-04-26 00:18:53,922 - INFO - 结束,fmin= 2.064459621325568, fbestmin=2.083591938018799
