2025-04-25 23:50:39,580 - INFO - Namespace(log_file='outputs/dnn1/img[2]/max/DNN1img2_label5.log', image_path='img[2].png', model_path='network/SimpleNN14.pth', label=5, init_epsilon=0.05, epsilon=0.01, ep=1, min=0)
2025-04-25 23:50:39,592 - INFO - Model output max(1): torch.return_types.max(
values=tensor([7.1571], grad_fn=<MaxBackward0>),
indices=tensor([2]))
2025-04-25 23:50:44,221 - INFO - cur_node_number 1,f_best 3.6457631587982178,f_min 3.146923645559582,k 657.9565688630131
2025-04-25 23:50:44,221 - INFO - f_best_current 3.6457631587982178,f_min 3.146923645559582
2025-04-25 23:50:51,621 - INFO - tree_node.f_best*ep:3.6457631587982178,left_f_best4.569533348083496,right_f_best3.6400656700134277,i:1
2025-04-25 23:51:15,858 - INFO - 添加左子节点，右子节点，len(queue):2
2025-04-25 23:51:15,858 - INFO - Node 1: k=657.9565688630131, f_best=3.6457631587982178, f_min=3.146923645559582
2025-04-25 23:51:15,858 - INFO - Node 2: k=138.3849360263142, f_best=4.569533348083496, f_min=3.7033420031075366
2025-04-25 23:51:15,858 - INFO - Node 3: k=201.9765832021423, f_best=3.6400656700134277, f_min=-0.4916130662350042
2025-04-25 23:51:15,858 - INFO - cur_node_number 2,f_best 3.6400656700134277,f_min -0.4916130662350042,k 201.9765832021423
2025-04-25 23:51:15,858 - INFO - f_best_current 3.6400656700134277,f_min -0.4916130662350042
2025-04-25 23:51:23,742 - INFO - tree_node.f_best*ep:3.6400656700134277,left_f_best4.570799827575684,right_f_best3.645005226135254,i:1
2025-04-25 23:51:31,728 - INFO - tree_node.f_best*ep:3.6400656700134277,left_f_best4.554996967315674,right_f_best3.646662950515747,i:2
2025-04-25 23:51:40,100 - INFO - tree_node.f_best*ep:3.6400656700134277,left_f_best4.536449432373047,right_f_best3.622471809387207,i:3
2025-04-25 23:52:05,545 - INFO - 添加左子节点，右子节点，len(queue):3
2025-04-25 23:52:05,545 - INFO - Node 1: k=657.9565688630131, f_best=3.6457631587982178, f_min=3.146923645559582
2025-04-25 23:52:05,545 - INFO - Node 2: k=138.3849360263142, f_best=4.569533348083496, f_min=3.7033420031075366
2025-04-25 23:52:05,545 - INFO - Node 3: k=201.9765832021423, f_best=3.6400656700134277, f_min=-0.4916130662350042
2025-04-25 23:52:05,546 - INFO - Node 4: k=151.34956649334728, f_best=4.536449432373047, f_min=3.996995631190657
2025-04-25 23:52:05,546 - INFO - Node 5: k=223.10780262004346, f_best=3.622471809387207, f_min=2.4007854618630518
2025-04-25 23:52:05,546 - INFO - cur_node_number 3,f_best 3.622471809387207,f_min 2.4007854618630518,k 223.10780262004346
2025-04-25 23:52:05,546 - INFO - f_best_current 3.622471809387207,f_min 2.4007854618630518
2025-04-25 23:52:05,546 - INFO - 回退,len(queue)=1
2025-04-25 23:52:13,314 - INFO - tree_node.f_best*ep:3.6400656700134277,left_f_best4.559123992919922,right_f_best3.6687912940979004,i:1
2025-04-25 23:52:22,325 - INFO - tree_node.f_best*ep:3.6400656700134277,left_f_best4.565143585205078,right_f_best3.6279995441436768,i:2
2025-04-25 23:52:47,463 - INFO - 添加左子节点，右子节点，len(queue):3
2025-04-25 23:52:47,463 - INFO - Node 1: k=657.9565688630131, f_best=3.6457631587982178, f_min=3.146923645559582
2025-04-25 23:52:47,463 - INFO - Node 2: k=138.3849360263142, f_best=4.569533348083496, f_min=3.7033420031075366
2025-04-25 23:52:47,463 - INFO - Node 3: k=223.10780262004346, f_best=3.6400656700134277, f_min=-0.4916130662350042
2025-04-25 23:52:47,463 - INFO - Node 4: k=157.49496580473885, f_best=4.565143585205078, f_min=3.711593899592117
2025-04-25 23:52:47,463 - INFO - Node 5: k=197.99684658576834, f_best=3.6279995441436768, f_min=-0.14938677023837954
2025-04-25 23:52:47,463 - INFO - cur_node_number 4,f_best 3.6279995441436768,f_min -0.14938677023837954,k 197.99684658576834
2025-04-25 23:52:47,463 - INFO - f_best_current 3.6279995441436768,f_min -0.14938677023837954
2025-04-25 23:52:55,043 - INFO - tree_node.f_best*ep:3.6279995441436768,left_f_best4.561985492706299,right_f_best3.6442017555236816,i:1
2025-04-25 23:53:02,969 - INFO - tree_node.f_best*ep:3.6279995441436768,left_f_best4.552931308746338,right_f_best3.635836124420166,i:2
2025-04-25 23:53:11,256 - INFO - tree_node.f_best*ep:3.6279995441436768,left_f_best4.523621082305908,right_f_best3.6279687881469727,i:3
2025-04-25 23:53:36,944 - INFO - 添加左子节点，右子节点，len(queue):4
2025-04-25 23:53:36,944 - INFO - Node 1: k=657.9565688630131, f_best=3.6457631587982178, f_min=3.146923645559582
2025-04-25 23:53:36,944 - INFO - Node 2: k=138.3849360263142, f_best=4.569533348083496, f_min=3.7033420031075366
2025-04-25 23:53:36,944 - INFO - Node 3: k=223.10780262004346, f_best=3.6400656700134277, f_min=-0.4916130662350042
2025-04-25 23:53:36,944 - INFO - Node 4: k=157.49496580473885, f_best=4.565143585205078, f_min=3.711593899592117
2025-04-25 23:53:36,944 - INFO - Node 5: k=197.99684658576834, f_best=3.6279995441436768, f_min=-0.14938677023837954
2025-04-25 23:53:36,944 - INFO - Node 6: k=151.34956649334728, f_best=4.523621082305908, f_min=4.3067143327207305
2025-04-25 23:53:36,945 - INFO - Node 7: k=239.2017625198616, f_best=3.6279687881469727, f_min=2.3598836121127533
2025-04-25 23:53:36,945 - INFO - cur_node_number 5,f_best 3.6279687881469727,f_min 2.3598836121127533,k 239.2017625198616
2025-04-25 23:53:36,945 - INFO - f_best_current 3.6279687881469727,f_min 2.3598836121127533
2025-04-25 23:53:36,945 - INFO - 回退,len(queue)=2
2025-04-25 23:53:36,945 - INFO - 回退,len(queue)=1
2025-04-25 23:53:44,731 - INFO - tree_node.f_best*ep:3.6400656700134277,left_f_best4.57813024520874,right_f_best3.6415328979492188,i:1
2025-04-25 23:53:52,664 - INFO - tree_node.f_best*ep:3.6400656700134277,left_f_best4.530025005340576,right_f_best3.620441198348999,i:2
2025-04-25 23:54:18,880 - INFO - 添加左子节点，右子节点，len(queue):3
2025-04-25 23:54:18,881 - INFO - Node 1: k=657.9565688630131, f_best=3.6457631587982178, f_min=3.146923645559582
2025-04-25 23:54:18,881 - INFO - Node 2: k=138.3849360263142, f_best=4.569533348083496, f_min=3.7033420031075366
2025-04-25 23:54:18,881 - INFO - Node 3: k=239.2017625198616, f_best=3.6400656700134277, f_min=-0.4916130662350042
2025-04-25 23:54:18,881 - INFO - Node 4: k=163.8898929712241, f_best=4.530025005340576, f_min=4.306077211116644
2025-04-25 23:54:18,881 - INFO - Node 5: k=227.59226945270635, f_best=3.620441198348999, f_min=3.3781305785996665
2025-04-25 23:54:18,881 - INFO - cur_node_number 6,f_best 3.620441198348999,f_min 3.3781305785996665,k 227.59226945270635
2025-04-25 23:54:18,881 - INFO - f_best_current 3.620441198348999,f_min 3.3781305785996665
2025-04-25 23:54:26,520 - INFO - tree_node.f_best*ep:3.620441198348999,left_f_best4.571287631988525,right_f_best3.654050350189209,i:1
2025-04-25 23:54:34,631 - INFO - tree_node.f_best*ep:3.620441198348999,left_f_best4.540464401245117,right_f_best3.6276562213897705,i:2
2025-04-25 23:54:43,266 - INFO - tree_node.f_best*ep:3.620441198348999,left_f_best4.536377906799316,right_f_best3.626344919204712,i:3
2025-04-25 23:54:52,021 - INFO - tree_node.f_best*ep:3.620441198348999,left_f_best4.54944372177124,right_f_best3.598221778869629,i:4
2025-04-25 23:55:18,439 - INFO - 添加左子节点，右子节点，len(queue):4
2025-04-25 23:55:18,440 - INFO - Node 1: k=657.9565688630131, f_best=3.6457631587982178, f_min=3.146923645559582
2025-04-25 23:55:18,440 - INFO - Node 2: k=138.3849360263142, f_best=4.569533348083496, f_min=3.7033420031075366
2025-04-25 23:55:18,440 - INFO - Node 3: k=239.2017625198616, f_best=3.6400656700134277, f_min=-0.4916130662350042
2025-04-25 23:55:18,440 - INFO - Node 4: k=163.8898929712241, f_best=4.530025005340576, f_min=4.306077211116644
2025-04-25 23:55:18,440 - INFO - Node 5: k=227.59226945270635, f_best=3.620441198348999, f_min=3.3781305785996665
2025-04-25 23:55:18,440 - INFO - Node 6: k=194.0955265030569, f_best=4.54944372177124, f_min=4.485491092479606
2025-04-25 23:55:18,441 - INFO - Node 7: k=203.99634903416373, f_best=3.598221778869629, f_min=1.9883370481165912
2025-04-25 23:55:18,441 - INFO - cur_node_number 7,f_best 3.598221778869629,f_min 1.9883370481165912,k 203.99634903416373
2025-04-25 23:55:18,441 - INFO - f_best_current 3.598221778869629,f_min 1.9883370481165912
2025-04-25 23:55:26,164 - INFO - tree_node.f_best*ep:3.598221778869629,left_f_best4.557732582092285,right_f_best3.6478757858276367,i:1
2025-04-25 23:55:34,176 - INFO - tree_node.f_best*ep:3.598221778869629,left_f_best4.565256595611572,right_f_best3.6491968631744385,i:2
2025-04-25 23:55:42,655 - INFO - tree_node.f_best*ep:3.598221778869629,left_f_best4.550360679626465,right_f_best3.625316619873047,i:3
2025-04-25 23:55:51,446 - INFO - tree_node.f_best*ep:3.598221778869629,left_f_best4.542619228363037,right_f_best3.59820294380188,i:4
2025-04-25 23:56:17,967 - INFO - 添加左子节点，右子节点，len(queue):5
2025-04-25 23:56:17,967 - INFO - Node 1: k=657.9565688630131, f_best=3.6457631587982178, f_min=3.146923645559582
2025-04-25 23:56:17,967 - INFO - Node 2: k=138.3849360263142, f_best=4.569533348083496, f_min=3.7033420031075366
2025-04-25 23:56:17,967 - INFO - Node 3: k=239.2017625198616, f_best=3.6400656700134277, f_min=-0.4916130662350042
2025-04-25 23:56:17,967 - INFO - Node 4: k=163.8898929712241, f_best=4.530025005340576, f_min=4.306077211116644
2025-04-25 23:56:17,968 - INFO - Node 5: k=227.59226945270635, f_best=3.620441198348999, f_min=3.3781305785996665
2025-04-25 23:56:17,968 - INFO - Node 6: k=194.0955265030569, f_best=4.54944372177124, f_min=4.485491092479606
2025-04-25 23:56:17,968 - INFO - Node 7: k=203.99634903416373, f_best=3.598221778869629, f_min=1.9883370481165912
2025-04-25 23:56:17,968 - INFO - Node 8: k=167.1840798199457, f_best=4.542619228363037, f_min=4.400733981996382
2025-04-25 23:56:17,968 - INFO - Node 9: k=277.70582035534625, f_best=3.59820294380188, f_min=0.3160422728942649
2025-04-25 23:56:17,968 - INFO - cur_node_number 8,f_best 3.59820294380188,f_min 0.3160422728942649,k 277.70582035534625
2025-04-25 23:56:17,968 - INFO - f_best_current 3.59820294380188,f_min 0.3160422728942649
2025-04-25 23:56:17,968 - INFO - 回退,len(queue)=3
2025-04-25 23:56:17,969 - INFO - 回退,len(queue)=2
2025-04-25 23:56:17,969 - INFO - 回退,len(queue)=1
2025-04-25 23:56:25,346 - INFO - tree_node.f_best*ep:3.6400656700134277,left_f_best4.574061870574951,right_f_best3.6356899738311768,i:1
2025-04-25 23:56:48,819 - INFO - 添加左子节点，右子节点，len(queue):3
2025-04-25 23:56:48,819 - INFO - Node 1: k=657.9565688630131, f_best=3.6457631587982178, f_min=3.146923645559582
2025-04-25 23:56:48,819 - INFO - Node 2: k=138.3849360263142, f_best=4.569533348083496, f_min=3.7033420031075366
2025-04-25 23:56:48,820 - INFO - Node 3: k=277.70582035534625, f_best=3.6400656700134277, f_min=-0.4916130662350042
2025-04-25 23:56:48,820 - INFO - Node 4: k=157.49496580473885, f_best=4.574061870574951, f_min=4.398736611245113
2025-04-25 23:56:48,820 - INFO - Node 5: k=155.93560970766222, f_best=3.6356899738311768, f_min=1.7026415342970722
2025-04-25 23:56:48,820 - INFO - cur_node_number 9,f_best 3.6356899738311768,f_min 1.7026415342970722,k 155.93560970766222
2025-04-25 23:56:48,820 - INFO - f_best_current 3.6356899738311768,f_min 1.7026415342970722
2025-04-25 23:56:56,094 - INFO - tree_node.f_best*ep:3.6356899738311768,left_f_best4.561960697174072,right_f_best3.637465715408325,i:1
2025-04-25 23:57:03,721 - INFO - tree_node.f_best*ep:3.6356899738311768,left_f_best4.539613246917725,right_f_best3.6402196884155273,i:2
2025-04-25 23:57:11,856 - INFO - tree_node.f_best*ep:3.6356899738311768,left_f_best4.544315814971924,right_f_best3.629149913787842,i:3
2025-04-25 23:57:35,982 - INFO - 添加左子节点，右子节点，len(queue):4
2025-04-25 23:57:35,982 - INFO - Node 1: k=657.9565688630131, f_best=3.6457631587982178, f_min=3.146923645559582
2025-04-25 23:57:35,982 - INFO - Node 2: k=138.3849360263142, f_best=4.569533348083496, f_min=3.7033420031075366
2025-04-25 23:57:35,982 - INFO - Node 3: k=277.70582035534625, f_best=3.6400656700134277, f_min=-0.4916130662350042
2025-04-25 23:57:35,982 - INFO - Node 4: k=157.49496580473885, f_best=4.574061870574951, f_min=4.398736611245113
2025-04-25 23:57:35,982 - INFO - Node 5: k=155.93560970766222, f_best=3.6356899738311768, f_min=1.7026415342970722
2025-04-25 23:57:35,982 - INFO - Node 6: k=137.01478814486555, f_best=4.544315814971924, f_min=1.6095201455354982
2025-04-25 23:57:35,983 - INFO - Node 7: k=194.0955265030569, f_best=3.629149913787842, f_min=3.423099603815899
2025-04-25 23:57:35,983 - INFO - cur_node_number 10,f_best 3.629149913787842,f_min 3.423099603815899,k 194.0955265030569
2025-04-25 23:57:35,983 - INFO - f_best_current 3.629149913787842,f_min 3.423099603815899
2025-04-25 23:57:35,983 - INFO - 回退,len(queue)=2
2025-04-25 23:57:43,207 - INFO - tree_node.f_best*ep:3.6356899738311768,left_f_best4.557679176330566,right_f_best3.6505393981933594,i:1
2025-04-25 23:57:50,724 - INFO - tree_node.f_best*ep:3.6356899738311768,left_f_best4.551657199859619,right_f_best3.6185598373413086,i:2
2025-04-25 23:58:13,971 - INFO - 添加左子节点，右子节点，len(queue):4
2025-04-25 23:58:13,972 - INFO - Node 1: k=657.9565688630131, f_best=3.6457631587982178, f_min=3.146923645559582
2025-04-25 23:58:13,972 - INFO - Node 2: k=138.3849360263142, f_best=4.569533348083496, f_min=3.7033420031075366
2025-04-25 23:58:13,972 - INFO - Node 3: k=277.70582035534625, f_best=3.6400656700134277, f_min=-0.4916130662350042
2025-04-25 23:58:13,972 - INFO - Node 4: k=157.49496580473885, f_best=4.574061870574951, f_min=4.398736611245113
2025-04-25 23:58:13,972 - INFO - Node 5: k=194.0955265030569, f_best=3.6356899738311768, f_min=1.7026415342970722
2025-04-25 23:58:13,972 - INFO - Node 6: k=190.271077838503, f_best=4.551657199859619, f_min=-0.2593931339097253
2025-04-25 23:58:13,972 - INFO - Node 7: k=138.3849360263142, f_best=3.6185598373413086, f_min=3.2012373786051285
2025-04-25 23:58:13,972 - INFO - cur_node_number 11,f_best 3.6185598373413086,f_min 3.2012373786051285,k 138.3849360263142
2025-04-25 23:58:13,972 - INFO - f_best_current 3.6185598373413086,f_min 3.2012373786051285
2025-04-25 23:58:21,093 - INFO - tree_node.f_best*ep:3.6185598373413086,left_f_best4.566833019256592,right_f_best3.6479439735412598,i:1
2025-04-25 23:58:28,641 - INFO - tree_node.f_best*ep:3.6185598373413086,left_f_best4.551608085632324,right_f_best3.653909206390381,i:2
2025-04-25 23:58:36,664 - INFO - tree_node.f_best*ep:3.6185598373413086,left_f_best4.5306878089904785,right_f_best3.6075692176818848,i:3
2025-04-25 23:59:00,274 - INFO - 添加左子节点，右子节点，len(queue):5
2025-04-25 23:59:00,275 - INFO - Node 1: k=657.9565688630131, f_best=3.6457631587982178, f_min=3.146923645559582
2025-04-25 23:59:00,275 - INFO - Node 2: k=138.3849360263142, f_best=4.569533348083496, f_min=3.7033420031075366
2025-04-25 23:59:00,275 - INFO - Node 3: k=277.70582035534625, f_best=3.6400656700134277, f_min=-0.4916130662350042
2025-04-25 23:59:00,275 - INFO - Node 4: k=157.49496580473885, f_best=4.574061870574951, f_min=4.398736611245113
2025-04-25 23:59:00,275 - INFO - Node 5: k=194.0955265030569, f_best=3.6356899738311768, f_min=1.7026415342970722
2025-04-25 23:59:00,275 - INFO - Node 6: k=190.271077838503, f_best=4.551657199859619, f_min=-0.2593931339097253
2025-04-25 23:59:00,275 - INFO - Node 7: k=138.3849360263142, f_best=3.6185598373413086, f_min=3.2012373786051285
2025-04-25 23:59:00,275 - INFO - Node 8: k=244.00971794651082, f_best=4.5306878089904785, f_min=3.5067291475988895
2025-04-25 23:59:00,275 - INFO - Node 9: k=159.06991546278624, f_best=3.6075692176818848, f_min=3.2717263688091407
2025-04-25 23:59:00,276 - INFO - cur_node_number 12,f_best 3.6075692176818848,f_min 3.2717263688091407,k 159.06991546278624
2025-04-25 23:59:00,276 - INFO - f_best_current 3.6075692176818848,f_min 3.2717263688091407
2025-04-25 23:59:00,276 - INFO - 回退,len(queue)=3
2025-04-25 23:59:07,397 - INFO - tree_node.f_best*ep:3.6185598373413086,left_f_best4.567950248718262,right_f_best3.6418325901031494,i:1
2025-04-25 23:59:15,027 - INFO - tree_node.f_best*ep:3.6185598373413086,left_f_best4.556602954864502,right_f_best3.6330466270446777,i:2
2025-04-25 23:59:22,971 - INFO - tree_node.f_best*ep:3.6185598373413086,left_f_best4.539708614349365,right_f_best3.6310768127441406,i:3
2025-04-25 23:59:31,217 - INFO - tree_node.f_best*ep:3.6185598373413086,left_f_best4.533143520355225,right_f_best3.6079611778259277,i:4
2025-04-25 23:59:53,438 - INFO - 添加左子节点，右子节点，len(queue):5
2025-04-25 23:59:53,438 - INFO - Node 1: k=657.9565688630131, f_best=3.6457631587982178, f_min=3.146923645559582
2025-04-25 23:59:53,438 - INFO - Node 2: k=138.3849360263142, f_best=4.569533348083496, f_min=3.7033420031075366
2025-04-25 23:59:53,439 - INFO - Node 3: k=277.70582035534625, f_best=3.6400656700134277, f_min=-0.4916130662350042
2025-04-25 23:59:53,439 - INFO - Node 4: k=157.49496580473885, f_best=4.574061870574951, f_min=4.398736611245113
2025-04-25 23:59:53,439 - INFO - Node 5: k=194.0955265030569, f_best=3.6356899738311768, f_min=1.7026415342970722
2025-04-25 23:59:53,439 - INFO - Node 6: k=190.271077838503, f_best=4.551657199859619, f_min=-0.2593931339097253
2025-04-25 23:59:53,439 - INFO - Node 7: k=159.06991546278624, f_best=3.6185598373413086, f_min=3.2012373786051285
2025-04-25 23:59:53,439 - INFO - Node 8: k=229.8681921472334, f_best=4.533143520355225, f_min=3.7186980920132555
2025-04-25 23:59:53,439 - INFO - Node 9: k=116.8491245666352, f_best=3.6079611778259277, f_min=3.4603510042265953
2025-04-25 23:59:53,439 - INFO - cur_node_number 13,f_best 3.6079611778259277,f_min 3.4603510042265953,k 116.8491245666352
2025-04-25 23:59:53,439 - INFO - f_best_current 3.6079611778259277,f_min 3.4603510042265953
2025-04-26 00:00:00,591 - INFO - tree_node.f_best*ep:3.6079611778259277,left_f_best4.5654520988464355,right_f_best3.684720039367676,i:1
2025-04-26 00:00:08,098 - INFO - tree_node.f_best*ep:3.6079611778259277,left_f_best4.55224084854126,right_f_best3.6485724449157715,i:2
2025-04-26 00:00:16,017 - INFO - tree_node.f_best*ep:3.6079611778259277,left_f_best4.537278652191162,right_f_best3.6405696868896484,i:3
2025-04-26 00:00:24,204 - INFO - tree_node.f_best*ep:3.6079611778259277,left_f_best4.555395603179932,right_f_best3.6080269813537598,i:4
2025-04-26 00:00:32,620 - INFO - tree_node.f_best*ep:3.6079611778259277,left_f_best4.515321254730225,right_f_best3.637284278869629,i:5
2025-04-26 00:00:41,378 - INFO - tree_node.f_best*ep:3.6079611778259277,left_f_best4.510744571685791,right_f_best3.5858588218688965,i:6
2025-04-26 00:01:02,202 - INFO - 添加左子节点，右子节点，len(queue):6
2025-04-26 00:01:02,202 - INFO - Node 1: k=657.9565688630131, f_best=3.6457631587982178, f_min=3.146923645559582
2025-04-26 00:01:02,202 - INFO - Node 2: k=138.3849360263142, f_best=4.569533348083496, f_min=3.7033420031075366
2025-04-26 00:01:02,202 - INFO - Node 3: k=277.70582035534625, f_best=3.6400656700134277, f_min=-0.4916130662350042
2025-04-26 00:01:02,202 - INFO - Node 4: k=157.49496580473885, f_best=4.574061870574951, f_min=4.398736611245113
2025-04-26 00:01:02,202 - INFO - Node 5: k=194.0955265030569, f_best=3.6356899738311768, f_min=1.7026415342970722
2025-04-26 00:01:02,202 - INFO - Node 6: k=190.271077838503, f_best=4.551657199859619, f_min=-0.2593931339097253
2025-04-26 00:01:02,203 - INFO - Node 7: k=159.06991546278624, f_best=3.6185598373413086, f_min=3.2012373786051285
2025-04-26 00:01:02,203 - INFO - Node 8: k=229.8681921472334, f_best=4.533143520355225, f_min=3.7186980920132555
2025-04-26 00:01:02,203 - INFO - Node 9: k=116.8491245666352, f_best=3.6079611778259277, f_min=3.4603510042265953
2025-04-26 00:01:02,203 - INFO - Node 10: k=162.26722076358823, f_best=4.510744571685791, f_min=4.080657290262934
2025-04-26 00:01:02,203 - INFO - Node 11: k=120.38976989012882, f_best=3.5858588218688965, f_min=3.1522469191568234
2025-04-26 00:01:02,203 - INFO - cur_node_number 14,f_best 3.5858588218688965,f_min 3.1522469191568234,k 120.38976989012882
2025-04-26 00:01:02,203 - INFO - f_best_current 3.5858588218688965,f_min 3.1522469191568234
2025-04-26 00:01:02,203 - INFO - 回退,len(queue)=4
2025-04-26 00:01:09,289 - INFO - tree_node.f_best*ep:3.6079611778259277,left_f_best4.5814690589904785,right_f_best3.6322357654571533,i:1
2025-04-26 00:01:16,918 - INFO - tree_node.f_best*ep:3.6079611778259277,left_f_best4.558925151824951,right_f_best3.655576705932617,i:2
2025-04-26 00:01:24,713 - INFO - tree_node.f_best*ep:3.6079611778259277,left_f_best4.545931816101074,right_f_best3.640507936477661,i:3
2025-04-26 00:01:32,865 - INFO - tree_node.f_best*ep:3.6079611778259277,left_f_best4.538829803466797,right_f_best3.60703182220459,i:4
2025-04-26 00:01:58,727 - INFO - 添加左子节点，右子节点，len(queue):6
2025-04-26 00:01:58,727 - INFO - Node 1: k=657.9565688630131, f_best=3.6457631587982178, f_min=3.146923645559582
2025-04-26 00:01:58,727 - INFO - Node 2: k=138.3849360263142, f_best=4.569533348083496, f_min=3.7033420031075366
2025-04-26 00:01:58,727 - INFO - Node 3: k=277.70582035534625, f_best=3.6400656700134277, f_min=-0.4916130662350042
2025-04-26 00:01:58,727 - INFO - Node 4: k=157.49496580473885, f_best=4.574061870574951, f_min=4.398736611245113
2025-04-26 00:01:58,727 - INFO - Node 5: k=194.0955265030569, f_best=3.6356899738311768, f_min=1.7026415342970722
2025-04-26 00:01:58,727 - INFO - Node 6: k=190.271077838503, f_best=4.551657199859619, f_min=-0.2593931339097253
2025-04-26 00:01:58,728 - INFO - Node 7: k=159.06991546278624, f_best=3.6185598373413086, f_min=3.2012373786051285
2025-04-26 00:01:58,728 - INFO - Node 8: k=229.8681921472334, f_best=4.533143520355225, f_min=3.7186980920132555
2025-04-26 00:01:58,728 - INFO - Node 9: k=120.38976989012882, f_best=3.6079611778259277, f_min=3.4603510042265953
2025-04-26 00:01:58,728 - INFO - Node 10: k=188.38720578069604, f_best=4.538829803466797, f_min=4.3775953711210605
2025-04-26 00:01:58,728 - INFO - Node 11: k=246.44981512597593, f_best=3.60703182220459, f_min=0.2505768764340246
2025-04-26 00:01:58,728 - INFO - cur_node_number 15,f_best 3.60703182220459,f_min 0.2505768764340246,k 246.44981512597593
2025-04-26 00:01:58,728 - INFO - f_best_current 3.60703182220459,f_min 0.2505768764340246
2025-04-26 00:01:58,729 - INFO - 回退,len(queue)=4
2025-04-26 00:01:58,729 - INFO - 回退,len(queue)=3
2025-04-26 00:01:58,729 - INFO - 回退,len(queue)=2
2025-04-26 00:02:06,016 - INFO - tree_node.f_best*ep:3.6356899738311768,left_f_best4.548927307128906,right_f_best3.6573917865753174,i:1
2025-04-26 00:02:13,622 - INFO - tree_node.f_best*ep:3.6356899738311768,left_f_best4.542386531829834,right_f_best3.624903917312622,i:2
2025-04-26 00:02:36,511 - INFO - 添加左子节点，右子节点，len(queue):4
2025-04-26 00:02:36,511 - INFO - Node 1: k=657.9565688630131, f_best=3.6457631587982178, f_min=3.146923645559582
2025-04-26 00:02:36,511 - INFO - Node 2: k=138.3849360263142, f_best=4.569533348083496, f_min=3.7033420031075366
2025-04-26 00:02:36,511 - INFO - Node 3: k=277.70582035534625, f_best=3.6400656700134277, f_min=-0.4916130662350042
2025-04-26 00:02:36,512 - INFO - Node 4: k=157.49496580473885, f_best=4.574061870574951, f_min=4.398736611245113
2025-04-26 00:02:36,512 - INFO - Node 5: k=246.44981512597593, f_best=3.6356899738311768, f_min=1.7026415342970722
2025-04-26 00:02:36,512 - INFO - Node 6: k=155.93560970766222, f_best=4.542386531829834, f_min=3.096291847606153
2025-04-26 00:02:36,512 - INFO - Node 7: k=186.52198592148122, f_best=3.624903917312622, f_min=3.2096221081610565
2025-04-26 00:02:36,512 - INFO - cur_node_number 16,f_best 3.624903917312622,f_min 3.2096221081610565,k 186.52198592148122
2025-04-26 00:02:36,512 - INFO - f_best_current 3.624903917312622,f_min 3.2096221081610565
2025-04-26 00:02:43,612 - INFO - tree_node.f_best*ep:3.624903917312622,left_f_best4.573526859283447,right_f_best3.642552375793457,i:1
2025-04-26 00:02:50,855 - INFO - tree_node.f_best*ep:3.624903917312622,left_f_best4.545147895812988,right_f_best3.624755620956421,i:2
2025-04-26 00:03:13,889 - INFO - 添加左子节点，右子节点，len(queue):5
2025-04-26 00:03:13,889 - INFO - Node 1: k=657.9565688630131, f_best=3.6457631587982178, f_min=3.146923645559582
2025-04-26 00:03:13,889 - INFO - Node 2: k=138.3849360263142, f_best=4.569533348083496, f_min=3.7033420031075366
2025-04-26 00:03:13,889 - INFO - Node 3: k=277.70582035534625, f_best=3.6400656700134277, f_min=-0.4916130662350042
2025-04-26 00:03:13,889 - INFO - Node 4: k=157.49496580473885, f_best=4.574061870574951, f_min=4.398736611245113
2025-04-26 00:03:13,889 - INFO - Node 5: k=246.44981512597593, f_best=3.6356899738311768, f_min=1.7026415342970722
2025-04-26 00:03:13,889 - INFO - Node 6: k=155.93560970766222, f_best=4.542386531829834, f_min=3.096291847606153
2025-04-26 00:03:13,890 - INFO - Node 7: k=186.52198592148122, f_best=3.624903917312622, f_min=3.2096221081610565
2025-04-26 00:03:13,890 - INFO - Node 8: k=186.52198592148122, f_best=4.545147895812988, f_min=4.06908825156097
2025-04-26 00:03:13,890 - INFO - Node 9: k=167.1840798199457, f_best=3.624755620956421, f_min=2.987184473029629
2025-04-26 00:03:13,890 - INFO - cur_node_number 17,f_best 3.624755620956421,f_min 2.987184473029629,k 167.1840798199457
2025-04-26 00:03:13,890 - INFO - f_best_current 3.624755620956421,f_min 2.987184473029629
2025-04-26 00:03:20,987 - INFO - tree_node.f_best*ep:3.624755620956421,left_f_best4.570197105407715,right_f_best3.662816047668457,i:1
2025-04-26 00:03:28,262 - INFO - tree_node.f_best*ep:3.624755620956421,left_f_best4.539114475250244,right_f_best3.6252315044403076,i:2
2025-04-26 00:03:36,000 - INFO - tree_node.f_best*ep:3.624755620956421,left_f_best4.529951095581055,right_f_best3.6179397106170654,i:3
2025-04-26 00:04:00,566 - INFO - 添加左子节点，右子节点，len(queue):6
2025-04-26 00:04:00,566 - INFO - Node 1: k=657.9565688630131, f_best=3.6457631587982178, f_min=3.146923645559582
2025-04-26 00:04:00,566 - INFO - Node 2: k=138.3849360263142, f_best=4.569533348083496, f_min=3.7033420031075366
2025-04-26 00:04:00,566 - INFO - Node 3: k=277.70582035534625, f_best=3.6400656700134277, f_min=-0.4916130662350042
2025-04-26 00:04:00,566 - INFO - Node 4: k=157.49496580473885, f_best=4.574061870574951, f_min=4.398736611245113
2025-04-26 00:04:00,567 - INFO - Node 5: k=246.44981512597593, f_best=3.6356899738311768, f_min=1.7026415342970722
2025-04-26 00:04:00,567 - INFO - Node 6: k=155.93560970766222, f_best=4.542386531829834, f_min=3.096291847606153
2025-04-26 00:04:00,567 - INFO - Node 7: k=186.52198592148122, f_best=3.624903917312622, f_min=3.2096221081610565
2025-04-26 00:04:00,567 - INFO - Node 8: k=186.52198592148122, f_best=4.545147895812988, f_min=4.06908825156097
2025-04-26 00:04:00,567 - INFO - Node 9: k=167.1840798199457, f_best=3.624755620956421, f_min=2.987184473029629
2025-04-26 00:04:00,567 - INFO - Node 10: k=182.84676592636134, f_best=4.529951095581055, f_min=2.778764958095053
2025-04-26 00:04:00,567 - INFO - Node 11: k=251.40345641000806, f_best=3.6179397106170654, f_min=1.7485311857171837
2025-04-26 00:04:00,567 - INFO - cur_node_number 18,f_best 3.6179397106170654,f_min 1.7485311857171837,k 251.40345641000806
2025-04-26 00:04:00,567 - INFO - f_best_current 3.6179397106170654,f_min 1.7485311857171837
2025-04-26 00:04:00,568 - INFO - 回退,len(queue)=4
2025-04-26 00:04:00,568 - INFO - 回退,len(queue)=3
2025-04-26 00:04:00,568 - INFO - 回退,len(queue)=2
2025-04-26 00:04:07,788 - INFO - tree_node.f_best*ep:3.6356899738311768,left_f_best4.577762126922607,right_f_best3.6412768363952637,i:1
2025-04-26 00:04:15,277 - INFO - tree_node.f_best*ep:3.6356899738311768,left_f_best4.541394233703613,right_f_best3.644094228744507,i:2
2025-04-26 00:04:23,109 - INFO - tree_node.f_best*ep:3.6356899738311768,left_f_best4.545708179473877,right_f_best3.6407065391540527,i:3
2025-04-26 00:04:31,258 - INFO - tree_node.f_best*ep:3.6356899738311768,left_f_best4.5354180335998535,right_f_best3.615595817565918,i:4
2025-04-26 00:04:53,385 - INFO - 添加左子节点，右子节点，len(queue):4
2025-04-26 00:04:53,385 - INFO - Node 1: k=657.9565688630131, f_best=3.6457631587982178, f_min=3.146923645559582
2025-04-26 00:04:53,385 - INFO - Node 2: k=138.3849360263142, f_best=4.569533348083496, f_min=3.7033420031075366
2025-04-26 00:04:53,385 - INFO - Node 3: k=277.70582035534625, f_best=3.6400656700134277, f_min=-0.4916130662350042
2025-04-26 00:04:53,385 - INFO - Node 4: k=157.49496580473885, f_best=4.574061870574951, f_min=4.398736611245113
2025-04-26 00:04:53,386 - INFO - Node 5: k=251.40345641000806, f_best=3.6356899738311768, f_min=1.7026415342970722
2025-04-26 00:04:53,386 - INFO - Node 6: k=175.71214810748356, f_best=4.5354180335998535, f_min=3.4208988916007
2025-04-26 00:04:53,386 - INFO - Node 7: k=145.44395854610178, f_best=3.615595817565918, f_min=3.49147247214205
2025-04-26 00:04:53,386 - INFO - cur_node_number 19,f_best 3.615595817565918,f_min 3.49147247214205,k 145.44395854610178
2025-04-26 00:04:53,386 - INFO - f_best_current 3.615595817565918,f_min 3.49147247214205
2025-04-26 00:05:00,382 - INFO - tree_node.f_best*ep:3.615595817565918,left_f_best4.568604946136475,right_f_best3.652378797531128,i:1
2025-04-26 00:05:07,749 - INFO - tree_node.f_best*ep:3.615595817565918,left_f_best4.552151679992676,right_f_best3.634246826171875,i:2
2025-04-26 00:05:15,510 - INFO - tree_node.f_best*ep:3.615595817565918,left_f_best4.536244869232178,right_f_best3.6175284385681152,i:3
2025-04-26 00:05:23,453 - INFO - tree_node.f_best*ep:3.615595817565918,left_f_best4.528962135314941,right_f_best3.6038095951080322,i:4
2025-04-26 00:05:49,216 - INFO - 添加左子节点，右子节点，len(queue):5
2025-04-26 00:05:49,216 - INFO - Node 1: k=657.9565688630131, f_best=3.6457631587982178, f_min=3.146923645559582
2025-04-26 00:05:49,216 - INFO - Node 2: k=138.3849360263142, f_best=4.569533348083496, f_min=3.7033420031075366
2025-04-26 00:05:49,216 - INFO - Node 3: k=277.70582035534625, f_best=3.6400656700134277, f_min=-0.4916130662350042
2025-04-26 00:05:49,217 - INFO - Node 4: k=157.49496580473885, f_best=4.574061870574951, f_min=4.398736611245113
2025-04-26 00:05:49,217 - INFO - Node 5: k=251.40345641000806, f_best=3.6356899738311768, f_min=1.7026415342970722
2025-04-26 00:05:49,217 - INFO - Node 6: k=175.71214810748356, f_best=4.5354180335998535, f_min=3.4208988916007
2025-04-26 00:05:49,217 - INFO - Node 7: k=145.44395854610178, f_best=3.615595817565918, f_min=3.49147247214205
2025-04-26 00:05:49,217 - INFO - Node 8: k=236.83342823748674, f_best=4.528962135314941, f_min=0.3691334249006104
2025-04-26 00:05:49,217 - INFO - Node 9: k=261.6114448681146, f_best=3.6038095951080322, f_min=2.0300378517158606
2025-04-26 00:05:49,217 - INFO - cur_node_number 20,f_best 3.6038095951080322,f_min 2.0300378517158606,k 261.6114448681146
2025-04-26 00:05:49,218 - INFO - f_best_current 3.6038095951080322,f_min 2.0300378517158606
2025-04-26 00:05:49,218 - INFO - 回退,len(queue)=3
2025-04-26 00:05:49,218 - INFO - 回退,len(queue)=2
2025-04-26 00:05:56,424 - INFO - tree_node.f_best*ep:3.6356899738311768,left_f_best4.551663398742676,right_f_best3.6343977451324463,i:1
2025-04-26 00:06:20,957 - INFO - 添加左子节点，右子节点，len(queue):4
2025-04-26 00:06:20,957 - INFO - Node 1: k=657.9565688630131, f_best=3.6457631587982178, f_min=3.146923645559582
2025-04-26 00:06:20,958 - INFO - Node 2: k=138.3849360263142, f_best=4.569533348083496, f_min=3.7033420031075366
2025-04-26 00:06:20,958 - INFO - Node 3: k=277.70582035534625, f_best=3.6400656700134277, f_min=-0.4916130662350042
2025-04-26 00:06:20,958 - INFO - Node 4: k=157.49496580473885, f_best=4.574061870574951, f_min=4.398736611245113
2025-04-26 00:06:20,958 - INFO - Node 5: k=261.6114448681146, f_best=3.6356899738311768, f_min=1.7026415342970722
2025-04-26 00:06:20,958 - INFO - Node 6: k=251.40345641000806, f_best=4.551663398742676, f_min=3.8351211485260137
2025-04-26 00:06:20,958 - INFO - Node 7: k=186.52198592148122, f_best=3.6343977451324463, f_min=3.5967289588370477
2025-04-26 00:06:20,958 - INFO - cur_node_number 21,f_best 3.6343977451324463,f_min 3.5967289588370477,k 186.52198592148122
2025-04-26 00:06:20,958 - INFO - f_best_current 3.6343977451324463,f_min 3.5967289588370477
2025-04-26 00:06:27,631 - INFO - tree_node.f_best*ep:3.6343977451324463,left_f_best4.576145172119141,right_f_best3.6551380157470703,i:1
2025-04-26 00:06:34,600 - INFO - tree_node.f_best*ep:3.6343977451324463,left_f_best4.540218353271484,right_f_best3.636258602142334,i:2
2025-04-26 00:06:42,062 - INFO - tree_node.f_best*ep:3.6343977451324463,left_f_best4.553846836090088,right_f_best3.6163811683654785,i:3
2025-04-26 00:07:03,564 - INFO - 添加左子节点，右子节点，len(queue):5
2025-04-26 00:07:03,564 - INFO - Node 1: k=657.9565688630131, f_best=3.6457631587982178, f_min=3.146923645559582
2025-04-26 00:07:03,564 - INFO - Node 2: k=138.3849360263142, f_best=4.569533348083496, f_min=3.7033420031075366
2025-04-26 00:07:03,564 - INFO - Node 3: k=277.70582035534625, f_best=3.6400656700134277, f_min=-0.4916130662350042
2025-04-26 00:07:03,564 - INFO - Node 4: k=157.49496580473885, f_best=4.574061870574951, f_min=4.398736611245113
2025-04-26 00:07:03,564 - INFO - Node 5: k=261.6114448681146, f_best=3.6356899738311768, f_min=1.7026415342970722
2025-04-26 00:07:03,564 - INFO - Node 6: k=251.40345641000806, f_best=4.551663398742676, f_min=3.8351211485260137
2025-04-26 00:07:03,565 - INFO - Node 7: k=186.52198592148122, f_best=3.6343977451324463, f_min=3.5967289588370477
2025-04-26 00:07:03,565 - INFO - Node 8: k=165.52879190093634, f_best=4.553846836090088, f_min=3.312434610582386
2025-04-26 00:07:03,565 - INFO - Node 9: k=148.36738211287843, f_best=3.6163811683654785, f_min=3.5550381686780383
2025-04-26 00:07:03,565 - INFO - cur_node_number 22,f_best 3.6163811683654785,f_min 3.5550381686780383,k 148.36738211287843
2025-04-26 00:07:03,565 - INFO - f_best_current 3.6163811683654785,f_min 3.5550381686780383
2025-04-26 00:07:10,253 - INFO - tree_node.f_best*ep:3.6163811683654785,left_f_best4.56341028213501,right_f_best3.6685972213745117,i:1
2025-04-26 00:07:17,101 - INFO - tree_node.f_best*ep:3.6163811683654785,left_f_best4.5446672439575195,right_f_best3.62359619140625,i:2
2025-04-26 00:07:24,258 - INFO - tree_node.f_best*ep:3.6163811683654785,left_f_best4.543592929840088,right_f_best3.603933811187744,i:3
2025-04-26 00:07:47,193 - INFO - 添加左子节点，右子节点，len(queue):6
2025-04-26 00:07:47,193 - INFO - Node 1: k=657.9565688630131, f_best=3.6457631587982178, f_min=3.146923645559582
2025-04-26 00:07:47,193 - INFO - Node 2: k=138.3849360263142, f_best=4.569533348083496, f_min=3.7033420031075366
2025-04-26 00:07:47,194 - INFO - Node 3: k=277.70582035534625, f_best=3.6400656700134277, f_min=-0.4916130662350042
2025-04-26 00:07:47,194 - INFO - Node 4: k=157.49496580473885, f_best=4.574061870574951, f_min=4.398736611245113
2025-04-26 00:07:47,194 - INFO - Node 5: k=261.6114448681146, f_best=3.6356899738311768, f_min=1.7026415342970722
2025-04-26 00:07:47,194 - INFO - Node 6: k=251.40345641000806, f_best=4.551663398742676, f_min=3.8351211485260137
2025-04-26 00:07:47,194 - INFO - Node 7: k=186.52198592148122, f_best=3.6343977451324463, f_min=3.5967289588370477
2025-04-26 00:07:47,194 - INFO - Node 8: k=165.52879190093634, f_best=4.553846836090088, f_min=3.312434610582386
2025-04-26 00:07:47,194 - INFO - Node 9: k=148.36738211287843, f_best=3.6163811683654785, f_min=3.5550381686780383
2025-04-26 00:07:47,194 - INFO - Node 10: k=194.0955265030569, f_best=4.543592929840088, f_min=4.497550390081415
2025-04-26 00:07:47,194 - INFO - Node 11: k=177.4692695885584, f_best=3.603933811187744, f_min=3.599271036662685
2025-04-26 00:07:47,195 - INFO - cur_node_number 23,f_best 3.603933811187744,f_min 3.599271036662685,k 177.4692695885584
2025-04-26 00:07:47,195 - INFO - f_best_current 3.603933811187744,f_min 3.599271036662685
2025-04-26 00:07:47,195 - INFO - 结束,fmin= 3.599271036662685, fbestmin=3.603933811187744
