2025-04-26 00:43:17,313 - INFO - Namespace(log_file='outputs/dnn1/img[2]/max/DNN1img2_label6.log', image_path='img[2].png', model_path='network/SimpleNN14.pth', label=6, init_epsilon=0.05, epsilon=0.01, ep=1, min=0)
2025-04-26 00:43:17,325 - INFO - Model output max(1): torch.return_types.max(
values=tensor([7.1571], grad_fn=<MaxBackward0>),
indices=tensor([2]))
2025-04-26 00:43:20,723 - INFO - cur_node_number 1,f_best 2.278862714767456,f_min -1.4698504303087248,k 552.866283558504
2025-04-26 00:43:20,723 - INFO - f_best_current 2.278862714767456,f_min -1.4698504303087248
2025-04-26 00:43:26,300 - INFO - tree_node.f_best*ep:2.278862714767456,left_f_best3.3907506465911865,right_f_best2.2412242889404297,i:1
2025-04-26 00:43:42,697 - INFO - 添加左子节点，右子节点，len(queue):2
2025-04-26 00:43:42,697 - INFO - Node 1: k=552.866283558504, f_best=2.278862714767456, f_min=-1.4698504303087248
2025-04-26 00:43:42,697 - INFO - Node 2: k=198.30677049518135, f_best=3.3907506465911865, f_min=3.1100250395174953
2025-04-26 00:43:42,697 - INFO - Node 3: k=184.19034985102425, f_best=2.2412242889404297, f_min=1.122040134980125
2025-04-26 00:43:42,697 - INFO - cur_node_number 2,f_best 2.2412242889404297,f_min 1.122040134980125,k 184.19034985102425
2025-04-26 00:43:42,697 - INFO - f_best_current 2.2412242889404297,f_min 1.122040134980125
2025-04-26 00:43:48,100 - INFO - tree_node.f_best*ep:2.2412242889404297,left_f_best3.3632237911224365,right_f_best2.2486379146575928,i:1
2025-04-26 00:43:53,893 - INFO - tree_node.f_best*ep:2.2412242889404297,left_f_best3.3710877895355225,right_f_best2.2225310802459717,i:2
2025-04-26 00:44:12,053 - INFO - 添加左子节点，右子节点，len(queue):3
2025-04-26 00:44:12,069 - INFO - Node 1: k=552.866283558504, f_best=2.278862714767456, f_min=-1.4698504303087248
2025-04-26 00:44:12,069 - INFO - Node 2: k=198.30677049518135, f_best=3.3907506465911865, f_min=3.1100250395174953
2025-04-26 00:44:12,069 - INFO - Node 3: k=184.19034985102425, f_best=2.2412242889404297, f_min=1.122040134980125
2025-04-26 00:44:12,069 - INFO - Node 4: k=192.47459770997148, f_best=3.3710877895355225, f_min=2.2397315780372082
2025-04-26 00:44:12,069 - INFO - Node 5: k=254.31494731156013, f_best=2.2225310802459717, f_min=2.1587323382618706
2025-04-26 00:44:12,069 - INFO - cur_node_number 3,f_best 2.2225310802459717,f_min 2.1587323382618706,k 254.31494731156013
2025-04-26 00:44:12,069 - INFO - f_best_current 2.2225310802459717,f_min 2.1587323382618706
2025-04-26 00:44:12,069 - INFO - 回退,len(queue)=1
2025-04-26 00:44:17,488 - INFO - tree_node.f_best*ep:2.2412242889404297,left_f_best3.3906893730163574,right_f_best2.231344223022461,i:1
2025-04-26 00:44:34,050 - INFO - 添加左子节点，右子节点，len(queue):3
2025-04-26 00:44:34,050 - INFO - Node 1: k=552.866283558504, f_best=2.278862714767456, f_min=-1.4698504303087248
2025-04-26 00:44:34,050 - INFO - Node 2: k=198.30677049518135, f_best=3.3907506465911865, f_min=3.1100250395174953
2025-04-26 00:44:34,050 - INFO - Node 3: k=254.31494731156013, f_best=2.2412242889404297, f_min=1.122040134980125
2025-04-26 00:44:34,050 - INFO - Node 4: k=180.5610722978377, f_best=3.3906893730163574, f_min=1.350181503400563
2025-04-26 00:44:34,050 - INFO - Node 5: k=246.83558233133826, f_best=2.231344223022461, f_min=2.065991542772281
2025-04-26 00:44:34,050 - INFO - cur_node_number 4,f_best 2.231344223022461,f_min 2.065991542772281,k 246.83558233133826
2025-04-26 00:44:34,050 - INFO - f_best_current 2.231344223022461,f_min 2.065991542772281
2025-04-26 00:44:39,435 - INFO - tree_node.f_best*ep:2.231344223022461,left_f_best3.3862125873565674,right_f_best2.244579315185547,i:1
2025-04-26 00:44:44,935 - INFO - tree_node.f_best*ep:2.231344223022461,left_f_best3.363386869430542,right_f_best2.2259700298309326,i:2
2025-04-26 00:45:01,443 - INFO - 添加左子节点，右子节点，len(queue):4
2025-04-26 00:45:01,443 - INFO - Node 1: k=552.866283558504, f_best=2.278862714767456, f_min=-1.4698504303087248
2025-04-26 00:45:01,443 - INFO - Node 2: k=198.30677049518135, f_best=3.3907506465911865, f_min=3.1100250395174953
2025-04-26 00:45:01,443 - INFO - Node 3: k=254.31494731156013, f_best=2.2412242889404297, f_min=1.122040134980125
2025-04-26 00:45:01,443 - INFO - Node 4: k=180.5610722978377, f_best=3.3906893730163574, f_min=1.350181503400563
2025-04-26 00:45:01,443 - INFO - Node 5: k=246.83558233133826, f_best=2.231344223022461, f_min=2.065991542772281
2025-04-26 00:45:01,443 - INFO - Node 6: k=283.7311367993654, f_best=3.363386869430542, f_min=3.33353388665455
2025-04-26 00:45:01,443 - INFO - Node 7: k=143.6258223178135, f_best=2.2259700298309326, f_min=0.5752271595897582
2025-04-26 00:45:01,443 - INFO - cur_node_number 5,f_best 2.2259700298309326,f_min 0.5752271595897582,k 143.6258223178135
2025-04-26 00:45:01,443 - INFO - f_best_current 2.2259700298309326,f_min 0.5752271595897582
2025-04-26 00:45:06,939 - INFO - tree_node.f_best*ep:2.2259700298309326,left_f_best3.3875534534454346,right_f_best2.2459967136383057,i:1
2025-04-26 00:45:12,517 - INFO - tree_node.f_best*ep:2.2259700298309326,left_f_best3.3669633865356445,right_f_best2.2101097106933594,i:2
2025-04-26 00:45:31,015 - INFO - 添加左子节点，右子节点，len(queue):5
2025-04-26 00:45:31,015 - INFO - Node 1: k=552.866283558504, f_best=2.278862714767456, f_min=-1.4698504303087248
2025-04-26 00:45:31,015 - INFO - Node 2: k=198.30677049518135, f_best=3.3907506465911865, f_min=3.1100250395174953
2025-04-26 00:45:31,015 - INFO - Node 3: k=254.31494731156013, f_best=2.2412242889404297, f_min=1.122040134980125
2025-04-26 00:45:31,015 - INFO - Node 4: k=180.5610722978377, f_best=3.3906893730163574, f_min=1.350181503400563
2025-04-26 00:45:31,015 - INFO - Node 5: k=246.83558233133826, f_best=2.231344223022461, f_min=2.065991542772281
2025-04-26 00:45:31,015 - INFO - Node 6: k=283.7311367993654, f_best=3.363386869430542, f_min=3.33353388665455
2025-04-26 00:45:31,015 - INFO - Node 7: k=143.6258223178135, f_best=2.2259700298309326, f_min=0.5752271595897582
2025-04-26 00:45:31,015 - INFO - Node 8: k=278.14051249815253, f_best=3.3669633865356445, f_min=1.8693030700833333
2025-04-26 00:45:31,015 - INFO - Node 9: k=234.85558706869898, f_best=2.2101097106933594, f_min=1.6104165762526463
2025-04-26 00:45:31,015 - INFO - cur_node_number 6,f_best 2.2101097106933594,f_min 1.6104165762526463,k 234.85558706869898
2025-04-26 00:45:31,015 - INFO - f_best_current 2.2101097106933594,f_min 1.6104165762526463
2025-04-26 00:45:31,015 - INFO - 回退,len(queue)=3
2025-04-26 00:45:36,279 - INFO - tree_node.f_best*ep:2.2259700298309326,left_f_best3.3728995323181152,right_f_best2.265097141265869,i:1
2025-04-26 00:45:41,906 - INFO - tree_node.f_best*ep:2.2259700298309326,left_f_best3.3841302394866943,right_f_best2.22945237159729,i:2
2025-04-26 00:45:47,673 - INFO - tree_node.f_best*ep:2.2259700298309326,left_f_best3.3665595054626465,right_f_best2.19649076461792,i:3
2025-04-26 00:46:03,751 - INFO - 添加左子节点，右子节点，len(queue):5
2025-04-26 00:46:03,751 - INFO - Node 1: k=552.866283558504, f_best=2.278862714767456, f_min=-1.4698504303087248
2025-04-26 00:46:03,751 - INFO - Node 2: k=198.30677049518135, f_best=3.3907506465911865, f_min=3.1100250395174953
2025-04-26 00:46:03,751 - INFO - Node 3: k=254.31494731156013, f_best=2.2412242889404297, f_min=1.122040134980125
2025-04-26 00:46:03,751 - INFO - Node 4: k=180.5610722978377, f_best=3.3906893730163574, f_min=1.350181503400563
2025-04-26 00:46:03,751 - INFO - Node 5: k=246.83558233133826, f_best=2.231344223022461, f_min=2.065991542772281
2025-04-26 00:46:03,751 - INFO - Node 6: k=283.7311367993654, f_best=3.363386869430542, f_min=3.33353388665455
2025-04-26 00:46:03,751 - INFO - Node 7: k=234.85558706869898, f_best=2.2259700298309326, f_min=0.5752271595897582
2025-04-26 00:46:03,767 - INFO - Node 8: k=192.47459770997148, f_best=3.3665595054626465, f_min=2.0501381433959978
2025-04-26 00:46:03,767 - INFO - Node 9: k=177.74706173919108, f_best=2.19649076461792, f_min=-2.68973426032062
2025-04-26 00:46:03,767 - INFO - cur_node_number 7,f_best 2.19649076461792,f_min -2.68973426032062,k 177.74706173919108
2025-04-26 00:46:03,767 - INFO - f_best_current 2.19649076461792,f_min -2.68973426032062
2025-04-26 00:46:09,244 - INFO - tree_node.f_best*ep:2.19649076461792,left_f_best3.3936285972595215,right_f_best2.2491509914398193,i:1
2025-04-26 00:46:14,849 - INFO - tree_node.f_best*ep:2.19649076461792,left_f_best3.359915018081665,right_f_best2.212458372116089,i:2
2025-04-26 00:46:20,718 - INFO - tree_node.f_best*ep:2.19649076461792,left_f_best3.361377000808716,right_f_best2.206045150756836,i:3
2025-04-26 00:46:26,734 - INFO - tree_node.f_best*ep:2.19649076461792,left_f_best3.3418288230895996,right_f_best2.2029099464416504,i:4
2025-04-26 00:46:32,984 - INFO - tree_node.f_best*ep:2.19649076461792,left_f_best3.3224849700927734,right_f_best2.188704252243042,i:5
2025-04-26 00:46:50,162 - INFO - 添加左子节点，右子节点，len(queue):6
2025-04-26 00:46:50,162 - INFO - Node 1: k=552.866283558504, f_best=2.278862714767456, f_min=-1.4698504303087248
2025-04-26 00:46:50,162 - INFO - Node 2: k=198.30677049518135, f_best=3.3907506465911865, f_min=3.1100250395174953
2025-04-26 00:46:50,162 - INFO - Node 3: k=254.31494731156013, f_best=2.2412242889404297, f_min=1.122040134980125
2025-04-26 00:46:50,162 - INFO - Node 4: k=180.5610722978377, f_best=3.3906893730163574, f_min=1.350181503400563
2025-04-26 00:46:50,162 - INFO - Node 5: k=246.83558233133826, f_best=2.231344223022461, f_min=2.065991542772281
2025-04-26 00:46:50,162 - INFO - Node 6: k=283.7311367993654, f_best=3.363386869430542, f_min=3.33353388665455
2025-04-26 00:46:50,162 - INFO - Node 7: k=234.85558706869898, f_best=2.2259700298309326, f_min=0.5752271595897582
2025-04-26 00:46:50,162 - INFO - Node 8: k=192.47459770997148, f_best=3.3665595054626465, f_min=2.0501381433959978
2025-04-26 00:46:50,162 - INFO - Node 9: k=177.74706173919108, f_best=2.19649076461792, f_min=-2.68973426032062
2025-04-26 00:46:50,162 - INFO - Node 10: k=204.31566394795584, f_best=3.3224849700927734, f_min=2.265485175787944
2025-04-26 00:46:50,162 - INFO - Node 11: k=234.85558706869898, f_best=2.188704252243042, f_min=1.8612590356869987
2025-04-26 00:46:50,162 - INFO - cur_node_number 8,f_best 2.188704252243042,f_min 1.8612590356869987,k 234.85558706869898
2025-04-26 00:46:50,162 - INFO - f_best_current 2.188704252243042,f_min 1.8612590356869987
2025-04-26 00:46:50,162 - INFO - 回退,len(queue)=4
2025-04-26 00:46:55,475 - INFO - tree_node.f_best*ep:2.19649076461792,left_f_best3.397669553756714,right_f_best2.2294504642486572,i:1
2025-04-26 00:47:00,965 - INFO - tree_node.f_best*ep:2.19649076461792,left_f_best3.347026824951172,right_f_best2.210045337677002,i:2
2025-04-26 00:47:06,736 - INFO - tree_node.f_best*ep:2.19649076461792,left_f_best3.3439106941223145,right_f_best2.1955935955047607,i:3
2025-04-26 00:47:27,211 - INFO - 添加左子节点，右子节点，len(queue):6
2025-04-26 00:47:27,211 - INFO - Node 1: k=552.866283558504, f_best=2.278862714767456, f_min=-1.4698504303087248
2025-04-26 00:47:27,211 - INFO - Node 2: k=198.30677049518135, f_best=3.3907506465911865, f_min=3.1100250395174953
2025-04-26 00:47:27,211 - INFO - Node 3: k=254.31494731156013, f_best=2.2412242889404297, f_min=1.122040134980125
2025-04-26 00:47:27,211 - INFO - Node 4: k=180.5610722978377, f_best=3.3906893730163574, f_min=1.350181503400563
2025-04-26 00:47:27,211 - INFO - Node 5: k=246.83558233133826, f_best=2.231344223022461, f_min=2.065991542772281
2025-04-26 00:47:27,211 - INFO - Node 6: k=283.7311367993654, f_best=3.363386869430542, f_min=3.33353388665455
2025-04-26 00:47:27,211 - INFO - Node 7: k=234.85558706869898, f_best=2.2259700298309326, f_min=0.5752271595897582
2025-04-26 00:47:27,211 - INFO - Node 8: k=192.47459770997148, f_best=3.3665595054626465, f_min=2.0501381433959978
2025-04-26 00:47:27,211 - INFO - Node 9: k=234.85558706869898, f_best=2.19649076461792, f_min=-2.68973426032062
2025-04-26 00:47:27,211 - INFO - Node 10: k=292.328473975523, f_best=3.3439106941223145, f_min=1.187142143492565
2025-04-26 00:47:27,211 - INFO - Node 11: k=316.5498482904188, f_best=2.1955935955047607, f_min=-0.67190114144978
2025-04-26 00:47:27,211 - INFO - cur_node_number 9,f_best 2.1955935955047607,f_min -0.67190114144978,k 316.5498482904188
2025-04-26 00:47:27,211 - INFO - f_best_current 2.1955935955047607,f_min -0.67190114144978
2025-04-26 00:47:27,211 - INFO - 回退,len(queue)=4
2025-04-26 00:47:27,211 - INFO - 回退,len(queue)=3
2025-04-26 00:47:27,211 - INFO - 回退,len(queue)=2
2025-04-26 00:47:27,211 - INFO - 回退,len(queue)=1
2025-04-26 00:47:32,468 - INFO - tree_node.f_best*ep:2.2412242889404297,left_f_best3.3869550228118896,right_f_best2.218202590942383,i:1
2025-04-26 00:47:48,232 - INFO - 添加左子节点，右子节点，len(queue):3
2025-04-26 00:47:48,232 - INFO - Node 1: k=552.866283558504, f_best=2.278862714767456, f_min=-1.4698504303087248
2025-04-26 00:47:48,232 - INFO - Node 2: k=198.30677049518135, f_best=3.3907506465911865, f_min=3.1100250395174953
2025-04-26 00:47:48,232 - INFO - Node 3: k=316.5498482904188, f_best=2.2412242889404297, f_min=1.122040134980125
2025-04-26 00:47:48,232 - INFO - Node 4: k=165.7878936552874, f_best=3.3869550228118896, f_min=2.8649703040946406
2025-04-26 00:47:48,232 - INFO - Node 5: k=184.96430521151984, f_best=2.218202590942383, f_min=1.862983214162341
2025-04-26 00:47:48,232 - INFO - cur_node_number 10,f_best 2.218202590942383,f_min 1.862983214162341,k 184.96430521151984
2025-04-26 00:47:48,232 - INFO - f_best_current 2.218202590942383,f_min 1.862983214162341
2025-04-26 00:47:53,647 - INFO - tree_node.f_best*ep:2.218202590942383,left_f_best3.38529634475708,right_f_best2.2312681674957275,i:1
2025-04-26 00:47:59,400 - INFO - tree_node.f_best*ep:2.218202590942383,left_f_best3.351957082748413,right_f_best2.221778392791748,i:2
2025-04-26 00:48:05,236 - INFO - tree_node.f_best*ep:2.218202590942383,left_f_best3.3605520725250244,right_f_best2.2173283100128174,i:3
2025-04-26 00:48:24,818 - INFO - 添加左子节点，右子节点，len(queue):4
2025-04-26 00:48:24,818 - INFO - Node 1: k=552.866283558504, f_best=2.278862714767456, f_min=-1.4698504303087248
2025-04-26 00:48:24,818 - INFO - Node 2: k=198.30677049518135, f_best=3.3907506465911865, f_min=3.1100250395174953
2025-04-26 00:48:24,818 - INFO - Node 3: k=316.5498482904188, f_best=2.2412242889404297, f_min=1.122040134980125
2025-04-26 00:48:24,818 - INFO - Node 4: k=165.7878936552874, f_best=3.3869550228118896, f_min=2.8649703040946406
2025-04-26 00:48:24,818 - INFO - Node 5: k=184.96430521151984, f_best=2.218202590942383, f_min=1.862983214162341
2025-04-26 00:48:24,818 - INFO - Node 6: k=225.69160296499243, f_best=3.3605520725250244, f_min=2.12094708452787
2025-04-26 00:48:24,818 - INFO - Node 7: k=397.9547627345206, f_best=2.2173283100128174, f_min=-9.444986597245588
2025-04-26 00:48:24,818 - INFO - cur_node_number 11,f_best 2.2173283100128174,f_min -9.444986597245588,k 397.9547627345206
2025-04-26 00:48:24,818 - INFO - f_best_current 2.2173283100128174,f_min -9.444986597245588
2025-04-26 00:48:24,824 - INFO - 回退,len(queue)=2
2025-04-26 00:48:24,824 - INFO - 回退,len(queue)=1
2025-04-26 00:48:30,146 - INFO - tree_node.f_best*ep:2.2412242889404297,left_f_best3.374080181121826,right_f_best2.227123260498047,i:1
2025-04-26 00:48:48,240 - INFO - 添加左子节点，右子节点，len(queue):3
2025-04-26 00:48:48,240 - INFO - Node 1: k=552.866283558504, f_best=2.278862714767456, f_min=-1.4698504303087248
2025-04-26 00:48:48,240 - INFO - Node 2: k=198.30677049518135, f_best=3.3907506465911865, f_min=3.1100250395174953
2025-04-26 00:48:48,240 - INFO - Node 3: k=397.9547627345206, f_best=2.2412242889404297, f_min=1.122040134980125
2025-04-26 00:48:48,240 - INFO - Node 4: k=219.0540463078192, f_best=3.374080181121826, f_min=-3.935453662595137
2025-04-26 00:48:48,240 - INFO - Node 5: k=234.85558706869898, f_best=2.227123260498047, f_min=-0.6959467229053189
2025-04-26 00:48:48,240 - INFO - cur_node_number 12,f_best 2.227123260498047,f_min -0.6959467229053189,k 234.85558706869898
2025-04-26 00:48:48,240 - INFO - f_best_current 2.227123260498047,f_min -0.6959467229053189
2025-04-26 00:48:53,639 - INFO - tree_node.f_best*ep:2.227123260498047,left_f_best3.383148431777954,right_f_best2.246613025665283,i:1
2025-04-26 00:48:59,121 - INFO - tree_node.f_best*ep:2.227123260498047,left_f_best3.3856871128082275,right_f_best2.2132551670074463,i:2
2025-04-26 00:49:19,054 - INFO - 添加左子节点，右子节点，len(queue):4
2025-04-26 00:49:19,054 - INFO - Node 1: k=552.866283558504, f_best=2.278862714767456, f_min=-1.4698504303087248
2025-04-26 00:49:19,054 - INFO - Node 2: k=198.30677049518135, f_best=3.3907506465911865, f_min=3.1100250395174953
2025-04-26 00:49:19,054 - INFO - Node 3: k=397.9547627345206, f_best=2.2412242889404297, f_min=1.122040134980125
2025-04-26 00:49:19,054 - INFO - Node 4: k=219.0540463078192, f_best=3.374080181121826, f_min=-3.935453662595137
2025-04-26 00:49:19,054 - INFO - Node 5: k=234.85558706869898, f_best=2.227123260498047, f_min=-0.6959467229053189
2025-04-26 00:49:19,054 - INFO - Node 6: k=319.715346773323, f_best=3.3856871128082275, f_min=2.400661990934168
2025-04-26 00:49:19,054 - INFO - Node 7: k=292.328473975523, f_best=2.2132551670074463, f_min=2.1405858592725053
2025-04-26 00:49:19,054 - INFO - cur_node_number 13,f_best 2.2132551670074463,f_min 2.1405858592725053,k 292.328473975523
2025-04-26 00:49:19,054 - INFO - f_best_current 2.2132551670074463,f_min 2.1405858592725053
2025-04-26 00:49:19,054 - INFO - 回退,len(queue)=2
2025-04-26 00:49:24,503 - INFO - tree_node.f_best*ep:2.227123260498047,left_f_best3.3810012340545654,right_f_best2.2562639713287354,i:1
2025-04-26 00:49:30,137 - INFO - tree_node.f_best*ep:2.227123260498047,left_f_best3.3875958919525146,right_f_best2.2450315952301025,i:2
2025-04-26 00:49:35,955 - INFO - tree_node.f_best*ep:2.227123260498047,left_f_best3.351716995239258,right_f_best2.231282949447632,i:3
2025-04-26 00:49:42,065 - INFO - tree_node.f_best*ep:2.227123260498047,left_f_best3.3202967643737793,right_f_best2.1991302967071533,i:4
2025-04-26 00:49:57,338 - INFO - 添加左子节点，右子节点，len(queue):4
2025-04-26 00:49:57,338 - INFO - Node 1: k=552.866283558504, f_best=2.278862714767456, f_min=-1.4698504303087248
2025-04-26 00:49:57,338 - INFO - Node 2: k=198.30677049518135, f_best=3.3907506465911865, f_min=3.1100250395174953
2025-04-26 00:49:57,338 - INFO - Node 3: k=397.9547627345206, f_best=2.2412242889404297, f_min=1.122040134980125
2025-04-26 00:49:57,338 - INFO - Node 4: k=219.0540463078192, f_best=3.374080181121826, f_min=-3.935453662595137
2025-04-26 00:49:57,338 - INFO - Node 5: k=292.328473975523, f_best=2.227123260498047, f_min=-0.6959467229053189
2025-04-26 00:49:57,338 - INFO - Node 6: k=179.524532356583, f_best=3.3202967643737793, f_min=1.3337690948001182
2025-04-26 00:49:57,338 - INFO - Node 7: k=102.8316660735344, f_best=2.1991302967071533, f_min=2.195169594462641
2025-04-26 00:49:57,338 - INFO - cur_node_number 14,f_best 2.1991302967071533,f_min 2.195169594462641,k 102.8316660735344
2025-04-26 00:49:57,338 - INFO - f_best_current 2.1991302967071533,f_min 2.195169594462641
2025-04-26 00:49:57,338 - INFO - 结束,fmin= 2.195169594462641, fbestmin=2.1991302967071533
