2025-04-26 17:20:38,788 - INFO - Namespace(log_file='outputs/dnn1/img[2]/max/DNN1img2_label9.log', image_path='img[2].png', model_path='network/SimpleNN14.pth', label=9, init_epsilon=0.05, epsilon=0.01, ep=1, min=1)
2025-04-26 17:20:38,798 - INFO - Model output max(1): torch.return_types.max(
values=tensor([7.1571], grad_fn=<MaxBackward0>),
indices=tensor([2]))
2025-04-26 17:20:42,316 - INFO - cur_node_number 1,f_best -11.310388565063477,f_min -23.260439933896123,k 875.7401931566707
2025-04-26 17:20:42,316 - INFO - f_best_current -11.310388565063477,f_min -23.260439933896123
2025-04-26 17:20:47,535 - INFO - tree_node.f_best*ep:-11.310388565063477,left_f_best-10.215944290161133,right_f_best-11.367356300354004,i:1
2025-04-26 17:21:06,149 - INFO - 添加左子节点，右子节点，len(queue):2
2025-04-26 17:21:06,149 - INFO - Node 1: k=875.7401931566707, f_best=-11.310388565063477, f_min=-23.260439933896123
2025-04-26 17:21:06,149 - INFO - Node 2: k=253.25080460304747, f_best=-10.215944290161133, f_min=-10.59433359900504
2025-04-26 17:21:06,149 - INFO - Node 3: k=268.83083224205143, f_best=-11.367356300354004, f_min=-11.843033262854078
2025-04-26 17:21:06,149 - INFO - cur_node_number 2,f_best -11.367356300354004,f_min -11.843033262854078,k 268.83083224205143
2025-04-26 17:21:06,149 - INFO - f_best_current -11.367356300354004,f_min -11.843033262854078
2025-04-26 17:21:11,419 - INFO - tree_node.f_best*ep:-11.367356300354004,left_f_best-10.247753143310547,right_f_best-11.331079483032227,i:1
2025-04-26 17:21:16,937 - INFO - tree_node.f_best*ep:-11.367356300354004,left_f_best-10.242030143737793,right_f_best-11.34249496459961,i:2
2025-04-26 17:21:22,617 - INFO - tree_node.f_best*ep:-11.367356300354004,left_f_best-10.242441177368164,right_f_best-11.346639633178711,i:3
2025-04-26 17:21:28,814 - INFO - tree_node.f_best*ep:-11.367356300354004,left_f_best-10.299871444702148,right_f_best-11.344019889831543,i:4
2025-04-26 17:21:34,978 - INFO - tree_node.f_best*ep:-11.367356300354004,left_f_best-10.280426025390625,right_f_best-11.392156600952148,i:5
2025-04-26 17:21:52,801 - INFO - 添加左子节点，右子节点，len(queue):3
2025-04-26 17:21:52,801 - INFO - Node 1: k=875.7401931566707, f_best=-11.310388565063477, f_min=-23.260439933896123
2025-04-26 17:21:52,801 - INFO - Node 2: k=253.25080460304747, f_best=-10.215944290161133, f_min=-10.59433359900504
2025-04-26 17:21:52,801 - INFO - Node 3: k=268.83083224205143, f_best=-11.367356300354004, f_min=-11.843033262854078
2025-04-26 17:21:52,801 - INFO - Node 4: k=288.22303898305233, f_best=-10.280426025390625, f_min=-10.305288667294008
2025-04-26 17:21:52,801 - INFO - Node 5: k=253.25080460304747, f_best=-11.392156600952148, f_min=-13.584667683652697
2025-04-26 17:21:52,801 - INFO - cur_node_number 3,f_best -11.392156600952148,f_min -13.584667683652697,k 253.25080460304747
2025-04-26 17:21:52,801 - INFO - f_best_current -11.392156600952148,f_min -13.584667683652697
2025-04-26 17:21:58,011 - INFO - tree_node.f_best*ep:-11.392156600952148,left_f_best-10.231534957885742,right_f_best-11.331674575805664,i:1
2025-04-26 17:22:03,483 - INFO - tree_node.f_best*ep:-11.392156600952148,left_f_best-10.225456237792969,right_f_best-11.33053970336914,i:2
2025-04-26 17:22:09,291 - INFO - tree_node.f_best*ep:-11.392156600952148,left_f_best-10.256698608398438,right_f_best-11.382471084594727,i:3
2025-04-26 17:22:15,233 - INFO - tree_node.f_best*ep:-11.392156600952148,left_f_best-10.29106330871582,right_f_best-11.39491081237793,i:4
2025-04-26 17:22:32,885 - INFO - 添加左子节点，右子节点，len(queue):4
2025-04-26 17:22:32,885 - INFO - Node 1: k=875.7401931566707, f_best=-11.310388565063477, f_min=-23.260439933896123
2025-04-26 17:22:32,885 - INFO - Node 2: k=253.25080460304747, f_best=-10.215944290161133, f_min=-10.59433359900504
2025-04-26 17:22:32,885 - INFO - Node 3: k=268.83083224205143, f_best=-11.367356300354004, f_min=-11.843033262854078
2025-04-26 17:22:32,886 - INFO - Node 4: k=288.22303898305233, f_best=-10.280426025390625, f_min=-10.305288667294008
2025-04-26 17:22:32,886 - INFO - Node 5: k=253.25080460304747, f_best=-11.392156600952148, f_min=-13.584667683652697
2025-04-26 17:22:32,886 - INFO - Node 6: k=285.3693455277746, f_best=-10.29106330871582, f_min=-15.75254990389567
2025-04-26 17:22:32,886 - INFO - Node 7: k=203.4607357326717, f_best=-11.39491081237793, f_min=-11.740093748813706
2025-04-26 17:22:32,886 - INFO - cur_node_number 4,f_best -11.39491081237793,f_min -11.740093748813706,k 203.4607357326717
2025-04-26 17:22:32,886 - INFO - f_best_current -11.39491081237793,f_min -11.740093748813706
2025-04-26 17:22:38,137 - INFO - tree_node.f_best*ep:-11.39491081237793,left_f_best-10.221426010131836,right_f_best-11.297986030578613,i:1
2025-04-26 17:22:43,630 - INFO - tree_node.f_best*ep:-11.39491081237793,left_f_best-10.237966537475586,right_f_best-11.315082550048828,i:2
2025-04-26 17:22:49,917 - INFO - tree_node.f_best*ep:-11.39491081237793,left_f_best-10.249170303344727,right_f_best-11.362198829650879,i:3
2025-04-26 17:22:56,425 - INFO - tree_node.f_best*ep:-11.39491081237793,left_f_best-10.245803833007812,right_f_best-11.374444961547852,i:4
2025-04-26 17:23:03,432 - INFO - tree_node.f_best*ep:-11.39491081237793,left_f_best-10.284294128417969,right_f_best-11.385520935058594,i:5
2025-04-26 17:23:10,550 - INFO - tree_node.f_best*ep:-11.39491081237793,left_f_best-10.303235054016113,right_f_best-11.404714584350586,i:6
2025-04-26 17:23:30,417 - INFO - 添加左子节点，右子节点，len(queue):5
2025-04-26 17:23:30,417 - INFO - Node 1: k=875.7401931566707, f_best=-11.310388565063477, f_min=-23.260439933896123
2025-04-26 17:23:30,417 - INFO - Node 2: k=253.25080460304747, f_best=-10.215944290161133, f_min=-10.59433359900504
2025-04-26 17:23:30,417 - INFO - Node 3: k=268.83083224205143, f_best=-11.367356300354004, f_min=-11.843033262854078
2025-04-26 17:23:30,417 - INFO - Node 4: k=288.22303898305233, f_best=-10.280426025390625, f_min=-10.305288667294008
2025-04-26 17:23:30,417 - INFO - Node 5: k=253.25080460304747, f_best=-11.392156600952148, f_min=-13.584667683652697
2025-04-26 17:23:30,418 - INFO - Node 6: k=285.3693455277746, f_best=-10.29106330871582, f_min=-15.75254990389567
2025-04-26 17:23:30,418 - INFO - Node 7: k=203.4607357326717, f_best=-11.39491081237793, f_min=-11.740093748813706
2025-04-26 17:23:30,418 - INFO - Node 8: k=268.83083224205143, f_best=-10.303235054016113, f_min=-11.617999248418528
2025-04-26 17:23:30,418 - INFO - Node 9: k=211.72205748096846, f_best=-11.404714584350586, f_min=-12.22688671132164
2025-04-26 17:23:30,418 - INFO - cur_node_number 5,f_best -11.404714584350586,f_min -12.22688671132164,k 211.72205748096846
2025-04-26 17:23:30,418 - INFO - f_best_current -11.404714584350586,f_min -12.22688671132164
2025-04-26 17:23:30,418 - INFO - 回退,len(queue)=3
2025-04-26 17:23:36,609 - INFO - tree_node.f_best*ep:-11.39491081237793,left_f_best-10.202688217163086,right_f_best-11.303868293762207,i:1
2025-04-26 17:23:43,075 - INFO - tree_node.f_best*ep:-11.39491081237793,left_f_best-10.248527526855469,right_f_best-11.346238136291504,i:2
2025-04-26 17:23:49,880 - INFO - tree_node.f_best*ep:-11.39491081237793,left_f_best-10.263741493225098,right_f_best-11.360536575317383,i:3
2025-04-26 17:23:57,098 - INFO - tree_node.f_best*ep:-11.39491081237793,left_f_best-10.274696350097656,right_f_best-11.390373229980469,i:4
2025-04-26 17:24:04,767 - INFO - tree_node.f_best*ep:-11.39491081237793,left_f_best-10.29279613494873,right_f_best-11.385543823242188,i:5
2025-04-26 17:24:12,754 - INFO - tree_node.f_best*ep:-11.39491081237793,left_f_best-10.295814514160156,right_f_best-11.4000244140625,i:6
2025-04-26 17:24:33,636 - INFO - 添加左子节点，右子节点，len(queue):5
2025-04-26 17:24:33,636 - INFO - Node 1: k=875.7401931566707, f_best=-11.310388565063477, f_min=-23.260439933896123
2025-04-26 17:24:33,636 - INFO - Node 2: k=253.25080460304747, f_best=-10.215944290161133, f_min=-10.59433359900504
2025-04-26 17:24:33,636 - INFO - Node 3: k=268.83083224205143, f_best=-11.367356300354004, f_min=-11.843033262854078
2025-04-26 17:24:33,636 - INFO - Node 4: k=288.22303898305233, f_best=-10.280426025390625, f_min=-10.305288667294008
2025-04-26 17:24:33,636 - INFO - Node 5: k=253.25080460304747, f_best=-11.392156600952148, f_min=-13.584667683652697
2025-04-26 17:24:33,636 - INFO - Node 6: k=285.3693455277746, f_best=-10.29106330871582, f_min=-15.75254990389567
2025-04-26 17:24:33,636 - INFO - Node 7: k=211.72205748096846, f_best=-11.39491081237793, f_min=-11.740093748813706
2025-04-26 17:24:33,636 - INFO - Node 8: k=276.9766752898178, f_best=-10.295814514160156, f_min=-11.109962943210121
2025-04-26 17:24:33,637 - INFO - Node 9: k=276.9766752898178, f_best=-11.4000244140625, f_min=-12.282459191855196
2025-04-26 17:24:33,637 - INFO - cur_node_number 6,f_best -11.4000244140625,f_min -12.282459191855196,k 276.9766752898178
2025-04-26 17:24:33,637 - INFO - f_best_current -11.4000244140625,f_min -12.282459191855196
2025-04-26 17:24:33,637 - INFO - 回退,len(queue)=3
2025-04-26 17:24:33,637 - INFO - 回退,len(queue)=2
2025-04-26 17:24:33,637 - INFO - 回退,len(queue)=1
2025-04-26 17:24:39,511 - INFO - tree_node.f_best*ep:-11.367356300354004,left_f_best-10.246498107910156,right_f_best-11.324703216552734,i:1
2025-04-26 17:24:45,708 - INFO - tree_node.f_best*ep:-11.367356300354004,left_f_best-10.296342849731445,right_f_best-11.318499565124512,i:2
2025-04-26 17:24:52,059 - INFO - tree_node.f_best*ep:-11.367356300354004,left_f_best-10.255537033081055,right_f_best-11.378387451171875,i:3
2025-04-26 17:25:10,448 - INFO - 添加左子节点，右子节点，len(queue):3
2025-04-26 17:25:10,448 - INFO - Node 1: k=875.7401931566707, f_best=-11.310388565063477, f_min=-23.260439933896123
2025-04-26 17:25:10,448 - INFO - Node 2: k=253.25080460304747, f_best=-10.215944290161133, f_min=-10.59433359900504
2025-04-26 17:25:10,448 - INFO - Node 3: k=276.9766752898178, f_best=-11.367356300354004, f_min=-11.843033262854078
2025-04-26 17:25:10,448 - INFO - Node 4: k=193.58590882486152, f_best=-10.255537033081055, f_min=-11.29618676384598
2025-04-26 17:25:10,448 - INFO - Node 5: k=245.8027359024668, f_best=-11.378387451171875, f_min=-12.738969667874699
2025-04-26 17:25:10,448 - INFO - cur_node_number 7,f_best -11.378387451171875,f_min -12.738969667874699,k 245.8027359024668
2025-04-26 17:25:10,448 - INFO - f_best_current -11.378387451171875,f_min -12.738969667874699
2025-04-26 17:25:16,577 - INFO - tree_node.f_best*ep:-11.378387451171875,left_f_best-10.220964431762695,right_f_best-11.319718360900879,i:1
2025-04-26 17:25:22,799 - INFO - tree_node.f_best*ep:-11.378387451171875,left_f_best-10.213700294494629,right_f_best-11.35151481628418,i:2
2025-04-26 17:25:29,200 - INFO - tree_node.f_best*ep:-11.378387451171875,left_f_best-10.265722274780273,right_f_best-11.358057022094727,i:3
2025-04-26 17:25:35,756 - INFO - tree_node.f_best*ep:-11.378387451171875,left_f_best-10.269220352172852,right_f_best-11.369256973266602,i:4
2025-04-26 17:25:42,806 - INFO - tree_node.f_best*ep:-11.378387451171875,left_f_best-10.29544448852539,right_f_best-11.388211250305176,i:5
2025-04-26 17:26:03,136 - INFO - 添加左子节点，右子节点，len(queue):4
2025-04-26 17:26:03,136 - INFO - Node 1: k=875.7401931566707, f_best=-11.310388565063477, f_min=-23.260439933896123
2025-04-26 17:26:03,136 - INFO - Node 2: k=253.25080460304747, f_best=-10.215944290161133, f_min=-10.59433359900504
2025-04-26 17:26:03,137 - INFO - Node 3: k=276.9766752898178, f_best=-11.367356300354004, f_min=-11.843033262854078
2025-04-26 17:26:03,137 - INFO - Node 4: k=193.58590882486152, f_best=-10.255537033081055, f_min=-11.29618676384598
2025-04-26 17:26:03,137 - INFO - Node 5: k=245.8027359024668, f_best=-11.378387451171875, f_min=-12.738969667874699
2025-04-26 17:26:03,137 - INFO - Node 6: k=253.25080460304747, f_best=-10.29544448852539, f_min=-13.185757888541957
2025-04-26 17:26:03,137 - INFO - Node 7: k=288.22303898305233, f_best=-11.388211250305176, f_min=-18.65697774295768
2025-04-26 17:26:03,137 - INFO - cur_node_number 8,f_best -11.388211250305176,f_min -18.65697774295768,k 288.22303898305233
2025-04-26 17:26:03,137 - INFO - f_best_current -11.388211250305176,f_min -18.65697774295768
2025-04-26 17:26:03,137 - INFO - 回退,len(queue)=2
2025-04-26 17:26:03,137 - INFO - 回退,len(queue)=1
2025-04-26 17:26:09,182 - INFO - tree_node.f_best*ep:-11.367356300354004,left_f_best-10.217504501342773,right_f_best-11.313812255859375,i:1
2025-04-26 17:26:15,543 - INFO - tree_node.f_best*ep:-11.367356300354004,left_f_best-10.226059913635254,right_f_best-11.32143783569336,i:2
2025-04-26 17:26:21,854 - INFO - tree_node.f_best*ep:-11.367356300354004,left_f_best-10.271099090576172,right_f_best-11.38205623626709,i:3
2025-04-26 17:26:41,067 - INFO - 添加左子节点，右子节点，len(queue):3
2025-04-26 17:26:41,067 - INFO - Node 1: k=875.7401931566707, f_best=-11.310388565063477, f_min=-23.260439933896123
2025-04-26 17:26:41,067 - INFO - Node 2: k=253.25080460304747, f_best=-10.215944290161133, f_min=-10.59433359900504
2025-04-26 17:26:41,067 - INFO - Node 3: k=288.22303898305233, f_best=-11.367356300354004, f_min=-11.843033262854078
2025-04-26 17:26:41,067 - INFO - Node 4: k=236.21159782237123, f_best=-10.271099090576172, f_min=-10.616493700599676
2025-04-26 17:26:41,068 - INFO - Node 5: k=285.3693455277746, f_best=-11.38205623626709, f_min=-13.125413685183958
2025-04-26 17:26:41,068 - INFO - cur_node_number 9,f_best -11.38205623626709,f_min -13.125413685183958,k 285.3693455277746
2025-04-26 17:26:41,068 - INFO - f_best_current -11.38205623626709,f_min -13.125413685183958
2025-04-26 17:26:47,049 - INFO - tree_node.f_best*ep:-11.38205623626709,left_f_best-10.198284149169922,right_f_best-11.360797882080078,i:1
2025-04-26 17:26:53,119 - INFO - tree_node.f_best*ep:-11.38205623626709,left_f_best-10.264069557189941,right_f_best-11.345528602600098,i:2
2025-04-26 17:26:59,358 - INFO - tree_node.f_best*ep:-11.38205623626709,left_f_best-10.241707801818848,right_f_best-11.358989715576172,i:3
2025-04-26 17:27:05,991 - INFO - tree_node.f_best*ep:-11.38205623626709,left_f_best-10.28720760345459,right_f_best-11.39605712890625,i:4
2025-04-26 17:27:26,377 - INFO - 添加左子节点，右子节点，len(queue):4
2025-04-26 17:27:26,377 - INFO - Node 1: k=875.7401931566707, f_best=-11.310388565063477, f_min=-23.260439933896123
2025-04-26 17:27:26,377 - INFO - Node 2: k=253.25080460304747, f_best=-10.215944290161133, f_min=-10.59433359900504
2025-04-26 17:27:26,377 - INFO - Node 3: k=288.22303898305233, f_best=-11.367356300354004, f_min=-11.843033262854078
2025-04-26 17:27:26,377 - INFO - Node 4: k=236.21159782237123, f_best=-10.271099090576172, f_min=-10.616493700599676
2025-04-26 17:27:26,378 - INFO - Node 5: k=285.3693455277746, f_best=-11.38205623626709, f_min=-13.125413685183958
2025-04-26 17:27:26,378 - INFO - Node 6: k=275.81770798351715, f_best=-10.28720760345459, f_min=-10.456440010843835
2025-04-26 17:27:26,378 - INFO - Node 7: k=296.9564852872778, f_best=-11.39605712890625, f_min=-11.549660615182802
2025-04-26 17:27:26,378 - INFO - cur_node_number 10,f_best -11.39605712890625,f_min -11.549660615182802,k 296.9564852872778
2025-04-26 17:27:26,378 - INFO - f_best_current -11.39605712890625,f_min -11.549660615182802
2025-04-26 17:27:26,378 - INFO - 回退,len(queue)=2
2025-04-26 17:27:26,378 - INFO - 回退,len(queue)=1
2025-04-26 17:27:32,279 - INFO - tree_node.f_best*ep:-11.367356300354004,left_f_best-10.212587356567383,right_f_best-11.317535400390625,i:1
2025-04-26 17:27:38,329 - INFO - tree_node.f_best*ep:-11.367356300354004,left_f_best-10.249042510986328,right_f_best-11.356584548950195,i:2
2025-04-26 17:27:44,599 - INFO - tree_node.f_best*ep:-11.367356300354004,left_f_best-10.290498733520508,right_f_best-11.352815628051758,i:3
2025-04-26 17:27:51,242 - INFO - tree_node.f_best*ep:-11.367356300354004,left_f_best-10.301196098327637,right_f_best-11.370969772338867,i:4
2025-04-26 17:28:11,171 - INFO - 添加左子节点，右子节点，len(queue):3
2025-04-26 17:28:11,171 - INFO - Node 1: k=875.7401931566707, f_best=-11.310388565063477, f_min=-23.260439933896123
2025-04-26 17:28:11,171 - INFO - Node 2: k=253.25080460304747, f_best=-10.215944290161133, f_min=-10.59433359900504
2025-04-26 17:28:11,172 - INFO - Node 3: k=296.9564852872778, f_best=-11.367356300354004, f_min=-11.843033262854078
2025-04-26 17:28:11,172 - INFO - Node 4: k=231.55729616936694, f_best=-10.301196098327637, f_min=-14.308503813082098
2025-04-26 17:28:11,172 - INFO - Node 5: k=274.23433197011667, f_best=-11.370969772338867, f_min=-15.244203999212914
2025-04-26 17:28:11,172 - INFO - cur_node_number 11,f_best -11.370969772338867,f_min -15.244203999212914,k 274.23433197011667
2025-04-26 17:28:11,172 - INFO - f_best_current -11.370969772338867,f_min -15.244203999212914
2025-04-26 17:28:16,969 - INFO - tree_node.f_best*ep:-11.370969772338867,left_f_best-10.225737571716309,right_f_best-11.314859390258789,i:1
2025-04-26 17:28:23,102 - INFO - tree_node.f_best*ep:-11.370969772338867,left_f_best-10.279342651367188,right_f_best-11.345513343811035,i:2
2025-04-26 17:28:29,566 - INFO - tree_node.f_best*ep:-11.370969772338867,left_f_best-10.262939453125,right_f_best-11.377252578735352,i:3
2025-04-26 17:28:46,638 - INFO - 添加左子节点，右子节点，len(queue):4
2025-04-26 17:28:46,638 - INFO - Node 1: k=875.7401931566707, f_best=-11.310388565063477, f_min=-23.260439933896123
2025-04-26 17:28:46,638 - INFO - Node 2: k=253.25080460304747, f_best=-10.215944290161133, f_min=-10.59433359900504
2025-04-26 17:28:46,638 - INFO - Node 3: k=296.9564852872778, f_best=-11.367356300354004, f_min=-11.843033262854078
2025-04-26 17:28:46,638 - INFO - Node 4: k=231.55729616936694, f_best=-10.301196098327637, f_min=-14.308503813082098
2025-04-26 17:28:46,638 - INFO - Node 5: k=274.23433197011667, f_best=-11.370969772338867, f_min=-15.244203999212914
2025-04-26 17:28:46,638 - INFO - Node 6: k=186.0322533495345, f_best=-10.262939453125, f_min=-10.744214948088484
2025-04-26 17:28:46,638 - INFO - Node 7: k=164.40336730781064, f_best=-11.377252578735352, f_min=-11.549719141235983
2025-04-26 17:28:46,638 - INFO - cur_node_number 12,f_best -11.377252578735352,f_min -11.549719141235983,k 164.40336730781064
2025-04-26 17:28:46,639 - INFO - f_best_current -11.377252578735352,f_min -11.549719141235983
2025-04-26 17:28:52,478 - INFO - tree_node.f_best*ep:-11.377252578735352,left_f_best-10.214530944824219,right_f_best-11.304557800292969,i:1
2025-04-26 17:28:58,568 - INFO - tree_node.f_best*ep:-11.377252578735352,left_f_best-10.247132301330566,right_f_best-11.363189697265625,i:2
2025-04-26 17:29:05,174 - INFO - tree_node.f_best*ep:-11.377252578735352,left_f_best-10.262792587280273,right_f_best-11.3809232711792,i:3
2025-04-26 17:29:24,819 - INFO - 添加左子节点，右子节点，len(queue):5
2025-04-26 17:29:24,819 - INFO - Node 1: k=875.7401931566707, f_best=-11.310388565063477, f_min=-23.260439933896123
2025-04-26 17:29:24,819 - INFO - Node 2: k=253.25080460304747, f_best=-10.215944290161133, f_min=-10.59433359900504
2025-04-26 17:29:24,819 - INFO - Node 3: k=296.9564852872778, f_best=-11.367356300354004, f_min=-11.843033262854078
2025-04-26 17:29:24,819 - INFO - Node 4: k=231.55729616936694, f_best=-10.301196098327637, f_min=-14.308503813082098
2025-04-26 17:29:24,819 - INFO - Node 5: k=274.23433197011667, f_best=-11.370969772338867, f_min=-15.244203999212914
2025-04-26 17:29:24,819 - INFO - Node 6: k=186.0322533495345, f_best=-10.262939453125, f_min=-10.744214948088484
2025-04-26 17:29:24,819 - INFO - Node 7: k=164.40336730781064, f_best=-11.377252578735352, f_min=-11.549719141235983
2025-04-26 17:29:24,820 - INFO - Node 8: k=250.7433708941064, f_best=-10.262792587280273, f_min=-11.266194190267015
2025-04-26 17:29:24,820 - INFO - Node 9: k=243.36904544798693, f_best=-11.3809232711792, f_min=-16.025355087781463
2025-04-26 17:29:24,820 - INFO - cur_node_number 13,f_best -11.3809232711792,f_min -16.025355087781463,k 243.36904544798693
2025-04-26 17:29:24,820 - INFO - f_best_current -11.3809232711792,f_min -16.025355087781463
2025-04-26 17:29:24,820 - INFO - 回退,len(queue)=3
2025-04-26 17:29:30,802 - INFO - tree_node.f_best*ep:-11.377252578735352,left_f_best-10.225098609924316,right_f_best-11.33337116241455,i:1
2025-04-26 17:29:37,480 - INFO - tree_node.f_best*ep:-11.377252578735352,left_f_best-10.250616073608398,right_f_best-11.320314407348633,i:2
2025-04-26 17:29:44,266 - INFO - tree_node.f_best*ep:-11.377252578735352,left_f_best-10.279401779174805,right_f_best-11.359020233154297,i:3
2025-04-26 17:29:51,194 - INFO - tree_node.f_best*ep:-11.377252578735352,left_f_best-10.298507690429688,right_f_best-11.381104469299316,i:4
2025-04-26 17:30:07,929 - INFO - 添加左子节点，右子节点，len(queue):5
2025-04-26 17:30:07,930 - INFO - Node 1: k=875.7401931566707, f_best=-11.310388565063477, f_min=-23.260439933896123
2025-04-26 17:30:07,930 - INFO - Node 2: k=253.25080460304747, f_best=-10.215944290161133, f_min=-10.59433359900504
2025-04-26 17:30:07,930 - INFO - Node 3: k=296.9564852872778, f_best=-11.367356300354004, f_min=-11.843033262854078
2025-04-26 17:30:07,930 - INFO - Node 4: k=231.55729616936694, f_best=-10.301196098327637, f_min=-14.308503813082098
2025-04-26 17:30:07,930 - INFO - Node 5: k=274.23433197011667, f_best=-11.370969772338867, f_min=-15.244203999212914
2025-04-26 17:30:07,930 - INFO - Node 6: k=186.0322533495345, f_best=-10.262939453125, f_min=-10.744214948088484
2025-04-26 17:30:07,930 - INFO - Node 7: k=243.36904544798693, f_best=-11.377252578735352, f_min=-11.549719141235983
2025-04-26 17:30:07,930 - INFO - Node 8: k=199.45175544816362, f_best=-10.298507690429688, f_min=-10.785198764939196
2025-04-26 17:30:07,930 - INFO - Node 9: k=145.06208054099162, f_best=-11.381104469299316, f_min=-11.74250163344368
2025-04-26 17:30:07,930 - INFO - cur_node_number 14,f_best -11.381104469299316,f_min -11.74250163344368,k 145.06208054099162
2025-04-26 17:30:07,931 - INFO - f_best_current -11.381104469299316,f_min -11.74250163344368
2025-04-26 17:30:14,192 - INFO - tree_node.f_best*ep:-11.381104469299316,left_f_best-10.260875701904297,right_f_best-11.339859008789062,i:1
2025-04-26 17:30:20,666 - INFO - tree_node.f_best*ep:-11.381104469299316,left_f_best-10.24724292755127,right_f_best-11.343317985534668,i:2
2025-04-26 17:30:27,171 - INFO - tree_node.f_best*ep:-11.381104469299316,left_f_best-10.271173477172852,right_f_best-11.376090049743652,i:3
2025-04-26 17:30:33,947 - INFO - tree_node.f_best*ep:-11.381104469299316,left_f_best-10.284034729003906,right_f_best-11.377721786499023,i:4
2025-04-26 17:30:40,933 - INFO - tree_node.f_best*ep:-11.381104469299316,left_f_best-10.282350540161133,right_f_best-11.393702507019043,i:5
2025-04-26 17:31:00,186 - INFO - 添加左子节点，右子节点，len(queue):6
2025-04-26 17:31:00,186 - INFO - Node 1: k=875.7401931566707, f_best=-11.310388565063477, f_min=-23.260439933896123
2025-04-26 17:31:00,186 - INFO - Node 2: k=253.25080460304747, f_best=-10.215944290161133, f_min=-10.59433359900504
2025-04-26 17:31:00,186 - INFO - Node 3: k=296.9564852872778, f_best=-11.367356300354004, f_min=-11.843033262854078
2025-04-26 17:31:00,186 - INFO - Node 4: k=231.55729616936694, f_best=-10.301196098327637, f_min=-14.308503813082098
2025-04-26 17:31:00,186 - INFO - Node 5: k=274.23433197011667, f_best=-11.370969772338867, f_min=-15.244203999212914
2025-04-26 17:31:00,186 - INFO - Node 6: k=186.0322533495345, f_best=-10.262939453125, f_min=-10.744214948088484
2025-04-26 17:31:00,187 - INFO - Node 7: k=243.36904544798693, f_best=-11.377252578735352, f_min=-11.549719141235983
2025-04-26 17:31:00,187 - INFO - Node 8: k=199.45175544816362, f_best=-10.298507690429688, f_min=-10.785198764939196
2025-04-26 17:31:00,187 - INFO - Node 9: k=145.06208054099162, f_best=-11.381104469299316, f_min=-11.74250163344368
2025-04-26 17:31:00,187 - INFO - Node 10: k=254.7130257863038, f_best=-10.282350540161133, f_min=-13.53528793220994
2025-04-26 17:31:00,187 - INFO - Node 11: k=224.74723034275124, f_best=-11.393702507019043, f_min=-12.550628405922907
2025-04-26 17:31:00,187 - INFO - cur_node_number 15,f_best -11.393702507019043,f_min -12.550628405922907,k 224.74723034275124
2025-04-26 17:31:00,187 - INFO - f_best_current -11.393702507019043,f_min -12.550628405922907
2025-04-26 17:31:00,187 - INFO - 回退,len(queue)=4
2025-04-26 17:31:06,190 - INFO - tree_node.f_best*ep:-11.381104469299316,left_f_best-10.223377227783203,right_f_best-11.342026710510254,i:1
2025-04-26 17:31:12,354 - INFO - tree_node.f_best*ep:-11.381104469299316,left_f_best-10.281584739685059,right_f_best-11.352640151977539,i:2
2025-04-26 17:31:18,674 - INFO - tree_node.f_best*ep:-11.381104469299316,left_f_best-10.247379302978516,right_f_best-11.369747161865234,i:3
2025-04-26 17:31:25,269 - INFO - tree_node.f_best*ep:-11.381104469299316,left_f_best-10.268190383911133,right_f_best-11.387887954711914,i:4
2025-04-26 17:31:43,102 - INFO - 添加左子节点，右子节点，len(queue):6
2025-04-26 17:31:43,102 - INFO - Node 1: k=875.7401931566707, f_best=-11.310388565063477, f_min=-23.260439933896123
2025-04-26 17:31:43,102 - INFO - Node 2: k=253.25080460304747, f_best=-10.215944290161133, f_min=-10.59433359900504
2025-04-26 17:31:43,102 - INFO - Node 3: k=296.9564852872778, f_best=-11.367356300354004, f_min=-11.843033262854078
2025-04-26 17:31:43,102 - INFO - Node 4: k=231.55729616936694, f_best=-10.301196098327637, f_min=-14.308503813082098
2025-04-26 17:31:43,102 - INFO - Node 5: k=274.23433197011667, f_best=-11.370969772338867, f_min=-15.244203999212914
2025-04-26 17:31:43,103 - INFO - Node 6: k=186.0322533495345, f_best=-10.262939453125, f_min=-10.744214948088484
2025-04-26 17:31:43,103 - INFO - Node 7: k=243.36904544798693, f_best=-11.377252578735352, f_min=-11.549719141235983
2025-04-26 17:31:43,103 - INFO - Node 8: k=199.45175544816362, f_best=-10.298507690429688, f_min=-10.785198764939196
2025-04-26 17:31:43,103 - INFO - Node 9: k=224.74723034275124, f_best=-11.381104469299316, f_min=-11.74250163344368
2025-04-26 17:31:43,103 - INFO - Node 10: k=220.31882202014629, f_best=-10.268190383911133, f_min=-10.790514026821256
2025-04-26 17:31:43,103 - INFO - Node 11: k=158.65226111263513, f_best=-11.387887954711914, f_min=-12.185110376555713
2025-04-26 17:31:43,103 - INFO - cur_node_number 16,f_best -11.387887954711914,f_min -12.185110376555713,k 158.65226111263513
2025-04-26 17:31:43,103 - INFO - f_best_current -11.387887954711914,f_min -12.185110376555713
2025-04-26 17:31:49,114 - INFO - tree_node.f_best*ep:-11.387887954711914,left_f_best-10.221324920654297,right_f_best-11.32756519317627,i:1
2025-04-26 17:31:55,434 - INFO - tree_node.f_best*ep:-11.387887954711914,left_f_best-10.257521629333496,right_f_best-11.344461441040039,i:2
2025-04-26 17:32:01,933 - INFO - tree_node.f_best*ep:-11.387887954711914,left_f_best-10.252222061157227,right_f_best-11.384334564208984,i:3
2025-04-26 17:32:08,620 - INFO - tree_node.f_best*ep:-11.387887954711914,left_f_best-10.272760391235352,right_f_best-11.374385833740234,i:4
2025-04-26 17:32:15,375 - INFO - tree_node.f_best*ep:-11.387887954711914,left_f_best-10.307217597961426,right_f_best-11.404072761535645,i:5
2025-04-26 17:32:34,438 - INFO - 添加左子节点，右子节点，len(queue):7
2025-04-26 17:32:34,438 - INFO - Node 1: k=875.7401931566707, f_best=-11.310388565063477, f_min=-23.260439933896123
2025-04-26 17:32:34,438 - INFO - Node 2: k=253.25080460304747, f_best=-10.215944290161133, f_min=-10.59433359900504
2025-04-26 17:32:34,438 - INFO - Node 3: k=296.9564852872778, f_best=-11.367356300354004, f_min=-11.843033262854078
2025-04-26 17:32:34,439 - INFO - Node 4: k=231.55729616936694, f_best=-10.301196098327637, f_min=-14.308503813082098
2025-04-26 17:32:34,439 - INFO - Node 5: k=274.23433197011667, f_best=-11.370969772338867, f_min=-15.244203999212914
2025-04-26 17:32:34,439 - INFO - Node 6: k=186.0322533495345, f_best=-10.262939453125, f_min=-10.744214948088484
2025-04-26 17:32:34,439 - INFO - Node 7: k=243.36904544798693, f_best=-11.377252578735352, f_min=-11.549719141235983
2025-04-26 17:32:34,439 - INFO - Node 8: k=199.45175544816362, f_best=-10.298507690429688, f_min=-10.785198764939196
2025-04-26 17:32:34,439 - INFO - Node 9: k=224.74723034275124, f_best=-11.381104469299316, f_min=-11.74250163344368
2025-04-26 17:32:34,439 - INFO - Node 10: k=220.31882202014629, f_best=-10.268190383911133, f_min=-10.790514026821256
2025-04-26 17:32:34,439 - INFO - Node 11: k=158.65226111263513, f_best=-11.387887954711914, f_min=-12.185110376555713
2025-04-26 17:32:34,440 - INFO - Node 12: k=233.8728691310606, f_best=-10.307217597961426, f_min=-11.606773307951698
2025-04-26 17:32:34,440 - INFO - Node 13: k=197.47698559224122, f_best=-11.404072761535645, f_min=-13.082945667163585
2025-04-26 17:32:34,440 - INFO - cur_node_number 17,f_best -11.404072761535645,f_min -13.082945667163585,k 197.47698559224122
2025-04-26 17:32:34,440 - INFO - f_best_current -11.404072761535645,f_min -13.082945667163585
2025-04-26 17:32:34,440 - INFO - 回退,len(queue)=5
2025-04-26 17:32:40,467 - INFO - tree_node.f_best*ep:-11.387887954711914,left_f_best-10.20882797241211,right_f_best-11.345827102661133,i:1
2025-04-26 17:32:46,541 - INFO - tree_node.f_best*ep:-11.387887954711914,left_f_best-10.247907638549805,right_f_best-11.342460632324219,i:2
2025-04-26 17:32:52,889 - INFO - tree_node.f_best*ep:-11.387887954711914,left_f_best-10.274175643920898,right_f_best-11.350542068481445,i:3
2025-04-26 17:32:59,617 - INFO - tree_node.f_best*ep:-11.387887954711914,left_f_best-10.27267837524414,right_f_best-11.381235122680664,i:4
2025-04-26 17:33:06,898 - INFO - tree_node.f_best*ep:-11.387887954711914,left_f_best-10.292531967163086,right_f_best-11.40310001373291,i:5
2025-04-26 17:33:27,117 - INFO - 添加左子节点，右子节点，len(queue):7
2025-04-26 17:33:27,117 - INFO - Node 1: k=875.7401931566707, f_best=-11.310388565063477, f_min=-23.260439933896123
2025-04-26 17:33:27,117 - INFO - Node 2: k=253.25080460304747, f_best=-10.215944290161133, f_min=-10.59433359900504
2025-04-26 17:33:27,117 - INFO - Node 3: k=296.9564852872778, f_best=-11.367356300354004, f_min=-11.843033262854078
2025-04-26 17:33:27,118 - INFO - Node 4: k=231.55729616936694, f_best=-10.301196098327637, f_min=-14.308503813082098
2025-04-26 17:33:27,118 - INFO - Node 5: k=274.23433197011667, f_best=-11.370969772338867, f_min=-15.244203999212914
2025-04-26 17:33:27,118 - INFO - Node 6: k=186.0322533495345, f_best=-10.262939453125, f_min=-10.744214948088484
2025-04-26 17:33:27,118 - INFO - Node 7: k=243.36904544798693, f_best=-11.377252578735352, f_min=-11.549719141235983
2025-04-26 17:33:27,118 - INFO - Node 8: k=199.45175544816362, f_best=-10.298507690429688, f_min=-10.785198764939196
2025-04-26 17:33:27,118 - INFO - Node 9: k=224.74723034275124, f_best=-11.381104469299316, f_min=-11.74250163344368
2025-04-26 17:33:27,118 - INFO - Node 10: k=220.31882202014629, f_best=-10.268190383911133, f_min=-10.790514026821256
2025-04-26 17:33:27,118 - INFO - Node 11: k=197.47698559224122, f_best=-11.387887954711914, f_min=-12.185110376555713
2025-04-26 17:33:27,118 - INFO - Node 12: k=215.97767083633593, f_best=-10.292531967163086, f_min=-10.35184317335461
2025-04-26 17:33:27,118 - INFO - Node 13: k=336.5500201227644, f_best=-11.40310001373291, f_min=-13.08106965702973
2025-04-26 17:33:27,118 - INFO - cur_node_number 18,f_best -11.40310001373291,f_min -13.08106965702973,k 336.5500201227644
2025-04-26 17:33:27,118 - INFO - f_best_current -11.40310001373291,f_min -13.08106965702973
2025-04-26 17:33:27,119 - INFO - 回退,len(queue)=5
2025-04-26 17:33:27,119 - INFO - 回退,len(queue)=4
2025-04-26 17:33:27,119 - INFO - 回退,len(queue)=3
2025-04-26 17:33:27,119 - INFO - 回退,len(queue)=2
2025-04-26 17:33:27,119 - INFO - 回退,len(queue)=1
2025-04-26 17:33:32,917 - INFO - tree_node.f_best*ep:-11.367356300354004,left_f_best-10.219882011413574,right_f_best-11.319244384765625,i:1
2025-04-26 17:33:39,178 - INFO - tree_node.f_best*ep:-11.367356300354004,left_f_best-10.25953197479248,right_f_best-11.3474702835083,i:2
2025-04-26 17:33:45,778 - INFO - tree_node.f_best*ep:-11.367356300354004,left_f_best-10.283720016479492,right_f_best-11.376258850097656,i:3
2025-04-26 17:34:07,663 - INFO - 添加左子节点，右子节点，len(queue):3
2025-04-26 17:34:07,663 - INFO - Node 1: k=875.7401931566707, f_best=-11.310388565063477, f_min=-23.260439933896123
2025-04-26 17:34:07,663 - INFO - Node 2: k=253.25080460304747, f_best=-10.215944290161133, f_min=-10.59433359900504
2025-04-26 17:34:07,663 - INFO - Node 3: k=336.5500201227644, f_best=-11.367356300354004, f_min=-11.843033262854078
2025-04-26 17:34:07,664 - INFO - Node 4: k=331.3049509720007, f_best=-10.283720016479492, f_min=-15.398073791398929
2025-04-26 17:34:07,665 - INFO - Node 5: k=369.6264468929658, f_best=-11.376258850097656, f_min=-13.901555494869172
2025-04-26 17:34:07,665 - INFO - cur_node_number 19,f_best -11.376258850097656,f_min -13.901555494869172,k 369.6264468929658
2025-04-26 17:34:07,665 - INFO - f_best_current -11.376258850097656,f_min -13.901555494869172
2025-04-26 17:34:07,665 - INFO - 回退,len(queue)=1
2025-04-26 17:34:13,709 - INFO - tree_node.f_best*ep:-11.367356300354004,left_f_best-10.184549331665039,right_f_best-11.332759857177734,i:1
2025-04-26 17:34:20,063 - INFO - tree_node.f_best*ep:-11.367356300354004,left_f_best-10.26463508605957,right_f_best-11.366036415100098,i:2
2025-04-26 17:34:26,736 - INFO - tree_node.f_best*ep:-11.367356300354004,left_f_best-10.246085166931152,right_f_best-11.377161026000977,i:3
2025-04-26 17:34:43,324 - INFO - 添加左子节点，右子节点，len(queue):3
2025-04-26 17:34:43,324 - INFO - Node 1: k=875.7401931566707, f_best=-11.310388565063477, f_min=-23.260439933896123
2025-04-26 17:34:43,324 - INFO - Node 2: k=253.25080460304747, f_best=-10.215944290161133, f_min=-10.59433359900504
2025-04-26 17:34:43,324 - INFO - Node 3: k=369.6264468929658, f_best=-11.367356300354004, f_min=-11.843033262854078
2025-04-26 17:34:43,325 - INFO - Node 4: k=168.41257210947362, f_best=-10.246085166931152, f_min=-11.70289400875481
2025-04-26 17:34:43,325 - INFO - Node 5: k=171.79766480887403, f_best=-11.377161026000977, f_min=-12.414673292117186
2025-04-26 17:34:43,325 - INFO - cur_node_number 20,f_best -11.377161026000977,f_min -12.414673292117186,k 171.79766480887403
2025-04-26 17:34:43,325 - INFO - f_best_current -11.377161026000977,f_min -12.414673292117186
2025-04-26 17:34:49,361 - INFO - tree_node.f_best*ep:-11.377161026000977,left_f_best-10.229949951171875,right_f_best-11.365132331848145,i:1
2025-04-26 17:34:55,775 - INFO - tree_node.f_best*ep:-11.377161026000977,left_f_best-10.249624252319336,right_f_best-11.359140396118164,i:2
2025-04-26 17:35:02,476 - INFO - tree_node.f_best*ep:-11.377161026000977,left_f_best-10.281367301940918,right_f_best-11.367629051208496,i:3
2025-04-26 17:35:09,296 - INFO - tree_node.f_best*ep:-11.377161026000977,left_f_best-10.28262710571289,right_f_best-11.339152336120605,i:4
2025-04-26 17:35:16,419 - INFO - tree_node.f_best*ep:-11.377161026000977,left_f_best-10.289517402648926,right_f_best-11.390695571899414,i:5
2025-04-26 17:35:34,175 - INFO - 添加左子节点，右子节点，len(queue):4
2025-04-26 17:35:34,175 - INFO - Node 1: k=875.7401931566707, f_best=-11.310388565063477, f_min=-23.260439933896123
2025-04-26 17:35:34,175 - INFO - Node 2: k=253.25080460304747, f_best=-10.215944290161133, f_min=-10.59433359900504
2025-04-26 17:35:34,175 - INFO - Node 3: k=369.6264468929658, f_best=-11.367356300354004, f_min=-11.843033262854078
2025-04-26 17:35:34,175 - INFO - Node 4: k=168.41257210947362, f_best=-10.246085166931152, f_min=-11.70289400875481
2025-04-26 17:35:34,175 - INFO - Node 5: k=171.79766480887403, f_best=-11.377161026000977, f_min=-12.414673292117186
2025-04-26 17:35:34,176 - INFO - Node 6: k=186.0322533495345, f_best=-10.289517402648926, f_min=-10.33227128632825
2025-04-26 17:35:34,176 - INFO - Node 7: k=170.09669783056836, f_best=-11.390695571899414, f_min=-12.485701967535533
2025-04-26 17:35:34,176 - INFO - cur_node_number 21,f_best -11.390695571899414,f_min -12.485701967535533,k 170.09669783056836
2025-04-26 17:35:34,176 - INFO - f_best_current -11.390695571899414,f_min -12.485701967535533
2025-04-26 17:35:40,188 - INFO - tree_node.f_best*ep:-11.390695571899414,left_f_best-10.209251403808594,right_f_best-11.313484191894531,i:1
2025-04-26 17:35:46,443 - INFO - tree_node.f_best*ep:-11.390695571899414,left_f_best-10.27690315246582,right_f_best-11.358657836914062,i:2
2025-04-26 17:35:53,064 - INFO - tree_node.f_best*ep:-11.390695571899414,left_f_best-10.264196395874023,right_f_best-11.360441207885742,i:3
2025-04-26 17:35:59,873 - INFO - tree_node.f_best*ep:-11.390695571899414,left_f_best-10.306683540344238,right_f_best-11.36013412475586,i:4
2025-04-26 17:36:07,155 - INFO - tree_node.f_best*ep:-11.390695571899414,left_f_best-10.300647735595703,right_f_best-11.378338813781738,i:5
2025-04-26 17:36:14,763 - INFO - tree_node.f_best*ep:-11.390695571899414,left_f_best-10.318087577819824,right_f_best-11.389686584472656,i:6
2025-04-26 17:36:22,623 - INFO - tree_node.f_best*ep:-11.390695571899414,left_f_best-10.300140380859375,right_f_best-11.402740478515625,i:7
2025-04-26 17:36:41,621 - INFO - 添加左子节点，右子节点，len(queue):5
2025-04-26 17:36:41,621 - INFO - Node 1: k=875.7401931566707, f_best=-11.310388565063477, f_min=-23.260439933896123
2025-04-26 17:36:41,621 - INFO - Node 2: k=253.25080460304747, f_best=-10.215944290161133, f_min=-10.59433359900504
2025-04-26 17:36:41,621 - INFO - Node 3: k=369.6264468929658, f_best=-11.367356300354004, f_min=-11.843033262854078
2025-04-26 17:36:41,621 - INFO - Node 4: k=168.41257210947362, f_best=-10.246085166931152, f_min=-11.70289400875481
2025-04-26 17:36:41,621 - INFO - Node 5: k=171.79766480887403, f_best=-11.377161026000977, f_min=-12.414673292117186
2025-04-26 17:36:41,622 - INFO - Node 6: k=186.0322533495345, f_best=-10.289517402648926, f_min=-10.33227128632825
2025-04-26 17:36:41,622 - INFO - Node 7: k=170.09669783056836, f_best=-11.390695571899414, f_min=-12.485701967535533
2025-04-26 17:36:41,622 - INFO - Node 8: k=266.16914083371427, f_best=-10.300140380859375, f_min=-11.001421827100785
2025-04-26 17:36:41,622 - INFO - Node 9: k=215.97767083633593, f_best=-11.402740478515625, f_min=-11.530530319636455
2025-04-26 17:36:41,622 - INFO - cur_node_number 22,f_best -11.402740478515625,f_min -11.530530319636455,k 215.97767083633593
2025-04-26 17:36:41,622 - INFO - f_best_current -11.402740478515625,f_min -11.530530319636455
2025-04-26 17:36:41,622 - INFO - 回退,len(queue)=3
2025-04-26 17:36:41,622 - INFO - 回退,len(queue)=2
2025-04-26 17:36:47,474 - INFO - tree_node.f_best*ep:-11.377161026000977,left_f_best-10.216737747192383,right_f_best-11.300125122070312,i:1
2025-04-26 17:36:53,818 - INFO - tree_node.f_best*ep:-11.377161026000977,left_f_best-10.255818367004395,right_f_best-11.359209060668945,i:2
2025-04-26 17:37:00,514 - INFO - tree_node.f_best*ep:-11.377161026000977,left_f_best-10.264854431152344,right_f_best-11.345048904418945,i:3
2025-04-26 17:37:07,407 - INFO - tree_node.f_best*ep:-11.377161026000977,left_f_best-10.286270141601562,right_f_best-11.374465942382812,i:4
2025-04-26 17:37:14,472 - INFO - tree_node.f_best*ep:-11.377161026000977,left_f_best-10.307886123657227,right_f_best-11.412416458129883,i:5
2025-04-26 17:37:32,823 - INFO - 添加左子节点，右子节点，len(queue):4
2025-04-26 17:37:32,823 - INFO - Node 1: k=875.7401931566707, f_best=-11.310388565063477, f_min=-23.260439933896123
2025-04-26 17:37:32,823 - INFO - Node 2: k=253.25080460304747, f_best=-10.215944290161133, f_min=-10.59433359900504
2025-04-26 17:37:32,823 - INFO - Node 3: k=369.6264468929658, f_best=-11.367356300354004, f_min=-11.843033262854078
2025-04-26 17:37:32,823 - INFO - Node 4: k=168.41257210947362, f_best=-10.246085166931152, f_min=-11.70289400875481
2025-04-26 17:37:32,823 - INFO - Node 5: k=215.97767083633593, f_best=-11.377161026000977, f_min=-12.414673292117186
2025-04-26 17:37:32,824 - INFO - Node 6: k=339.91552032399204, f_best=-10.307886123657227, f_min=-10.357732429978569
2025-04-26 17:37:32,824 - INFO - Node 7: k=156.42416292039093, f_best=-11.412416458129883, f_min=-11.841619513184014
2025-04-26 17:37:32,824 - INFO - cur_node_number 23,f_best -11.412416458129883,f_min -11.841619513184014,k 156.42416292039093
2025-04-26 17:37:32,824 - INFO - f_best_current -11.412416458129883,f_min -11.841619513184014
2025-04-26 17:37:38,794 - INFO - tree_node.f_best*ep:-11.412416458129883,left_f_best-10.24130916595459,right_f_best-11.337488174438477,i:1
2025-04-26 17:37:45,056 - INFO - tree_node.f_best*ep:-11.412416458129883,left_f_best-10.243518829345703,right_f_best-11.362834930419922,i:2
2025-04-26 17:37:51,677 - INFO - tree_node.f_best*ep:-11.412416458129883,left_f_best-10.25804328918457,right_f_best-11.342817306518555,i:3
2025-04-26 17:37:58,529 - INFO - tree_node.f_best*ep:-11.412416458129883,left_f_best-10.276190757751465,right_f_best-11.39303970336914,i:4
2025-04-26 17:38:05,830 - INFO - tree_node.f_best*ep:-11.412416458129883,left_f_best-10.309301376342773,right_f_best-11.391183853149414,i:5
2025-04-26 17:38:13,391 - INFO - tree_node.f_best*ep:-11.412416458129883,left_f_best-10.30008316040039,right_f_best-11.396661758422852,i:6
2025-04-26 17:38:21,114 - INFO - tree_node.f_best*ep:-11.412416458129883,left_f_best-10.326026916503906,right_f_best-11.398926734924316,i:7
2025-04-26 17:38:28,849 - INFO - tree_node.f_best*ep:-11.412416458129883,left_f_best-10.305392265319824,right_f_best-11.405881881713867,i:8
2025-04-26 17:38:36,933 - INFO - tree_node.f_best*ep:-11.412416458129883,left_f_best-10.305235862731934,right_f_best-11.405895233154297,i:9
2025-04-26 17:38:45,593 - INFO - tree_node.f_best*ep:-11.412416458129883,left_f_best-10.323467254638672,right_f_best-11.423267364501953,i:10
2025-04-26 17:39:03,361 - INFO - 添加左子节点，右子节点，len(queue):5
2025-04-26 17:39:03,361 - INFO - Node 1: k=875.7401931566707, f_best=-11.310388565063477, f_min=-23.260439933896123
2025-04-26 17:39:03,361 - INFO - Node 2: k=253.25080460304747, f_best=-10.215944290161133, f_min=-10.59433359900504
2025-04-26 17:39:03,361 - INFO - Node 3: k=369.6264468929658, f_best=-11.367356300354004, f_min=-11.843033262854078
2025-04-26 17:39:03,361 - INFO - Node 4: k=168.41257210947362, f_best=-10.246085166931152, f_min=-11.70289400875481
2025-04-26 17:39:03,361 - INFO - Node 5: k=215.97767083633593, f_best=-11.377161026000977, f_min=-12.414673292117186
2025-04-26 17:39:03,361 - INFO - Node 6: k=339.91552032399204, f_best=-10.307886123657227, f_min=-10.357732429978569
2025-04-26 17:39:03,361 - INFO - Node 7: k=156.42416292039093, f_best=-11.412416458129883, f_min=-11.841619513184014
2025-04-26 17:39:03,361 - INFO - Node 8: k=138.02159220760018, f_best=-10.323467254638672, f_min=-11.068119687092349
2025-04-26 17:39:03,361 - INFO - Node 9: k=254.7130257863038, f_best=-11.423267364501953, f_min=-15.179338662063856
2025-04-26 17:39:03,362 - INFO - cur_node_number 24,f_best -11.423267364501953,f_min -15.179338662063856,k 254.7130257863038
2025-04-26 17:39:03,362 - INFO - f_best_current -11.423267364501953,f_min -15.179338662063856
2025-04-26 17:39:03,362 - INFO - 回退,len(queue)=3
2025-04-26 17:39:03,362 - INFO - 回退,len(queue)=2
2025-04-26 17:39:09,260 - INFO - tree_node.f_best*ep:-11.377161026000977,left_f_best-10.256950378417969,right_f_best-11.318197250366211,i:1
2025-04-26 17:39:15,678 - INFO - tree_node.f_best*ep:-11.377161026000977,left_f_best-10.24547290802002,right_f_best-11.358860969543457,i:2
2025-04-26 17:39:22,221 - INFO - tree_node.f_best*ep:-11.377161026000977,left_f_best-10.2647066116333,right_f_best-11.346731185913086,i:3
2025-04-26 17:39:29,017 - INFO - tree_node.f_best*ep:-11.377161026000977,left_f_best-10.261618614196777,right_f_best-11.380765914916992,i:4
2025-04-26 17:39:48,823 - INFO - 添加左子节点，右子节点，len(queue):4
2025-04-26 17:39:48,823 - INFO - Node 1: k=875.7401931566707, f_best=-11.310388565063477, f_min=-23.260439933896123
2025-04-26 17:39:48,823 - INFO - Node 2: k=253.25080460304747, f_best=-10.215944290161133, f_min=-10.59433359900504
2025-04-26 17:39:48,823 - INFO - Node 3: k=369.6264468929658, f_best=-11.367356300354004, f_min=-11.843033262854078
2025-04-26 17:39:48,823 - INFO - Node 4: k=168.41257210947362, f_best=-10.246085166931152, f_min=-11.70289400875481
2025-04-26 17:39:48,823 - INFO - Node 5: k=254.7130257863038, f_best=-11.377161026000977, f_min=-12.414673292117186
2025-04-26 17:39:48,823 - INFO - Node 6: k=218.13744754469928, f_best=-10.261618614196777, f_min=-13.18397223347165
2025-04-26 17:39:48,824 - INFO - Node 7: k=315.22529298409484, f_best=-11.380765914916992, f_min=-15.118817818511161
2025-04-26 17:39:48,824 - INFO - cur_node_number 25,f_best -11.380765914916992,f_min -15.118817818511161,k 315.22529298409484
2025-04-26 17:39:48,824 - INFO - f_best_current -11.380765914916992,f_min -15.118817818511161
2025-04-26 17:39:48,824 - INFO - 回退,len(queue)=2
2025-04-26 17:39:54,883 - INFO - tree_node.f_best*ep:-11.377161026000977,left_f_best-10.254629135131836,right_f_best-11.319314956665039,i:1
2025-04-26 17:40:01,175 - INFO - tree_node.f_best*ep:-11.377161026000977,left_f_best-10.255941390991211,right_f_best-11.345649719238281,i:2
2025-04-26 17:40:07,787 - INFO - tree_node.f_best*ep:-11.377161026000977,left_f_best-10.235840797424316,right_f_best-11.381885528564453,i:3
2025-04-26 17:40:27,769 - INFO - 添加左子节点，右子节点，len(queue):4
2025-04-26 17:40:27,770 - INFO - Node 1: k=875.7401931566707, f_best=-11.310388565063477, f_min=-23.260439933896123
2025-04-26 17:40:27,770 - INFO - Node 2: k=253.25080460304747, f_best=-10.215944290161133, f_min=-10.59433359900504
2025-04-26 17:40:27,770 - INFO - Node 3: k=369.6264468929658, f_best=-11.367356300354004, f_min=-11.843033262854078
2025-04-26 17:40:27,770 - INFO - Node 4: k=168.41257210947362, f_best=-10.246085166931152, f_min=-11.70289400875481
2025-04-26 17:40:27,770 - INFO - Node 5: k=315.22529298409484, f_best=-11.377161026000977, f_min=-12.414673292117186
2025-04-26 17:40:27,770 - INFO - Node 6: k=274.23433197011667, f_best=-10.235840797424316, f_min=-11.537379757508461
2025-04-26 17:40:27,770 - INFO - Node 7: k=222.52201024034775, f_best=-11.381885528564453, f_min=-11.820561314943006
2025-04-26 17:40:27,770 - INFO - cur_node_number 26,f_best -11.381885528564453,f_min -11.820561314943006,k 222.52201024034775
2025-04-26 17:40:27,770 - INFO - f_best_current -11.381885528564453,f_min -11.820561314943006
2025-04-26 17:40:33,615 - INFO - tree_node.f_best*ep:-11.381885528564453,left_f_best-10.244580268859863,right_f_best-11.303272247314453,i:1
2025-04-26 17:40:39,699 - INFO - tree_node.f_best*ep:-11.381885528564453,left_f_best-10.27617073059082,right_f_best-11.362297058105469,i:2
2025-04-26 17:40:46,071 - INFO - tree_node.f_best*ep:-11.381885528564453,left_f_best-10.27080249786377,right_f_best-11.355116844177246,i:3
2025-04-26 17:40:52,974 - INFO - tree_node.f_best*ep:-11.381885528564453,left_f_best-10.296539306640625,right_f_best-11.399365425109863,i:4
2025-04-26 17:41:14,394 - INFO - 添加左子节点，右子节点，len(queue):5
2025-04-26 17:41:14,395 - INFO - Node 1: k=875.7401931566707, f_best=-11.310388565063477, f_min=-23.260439933896123
2025-04-26 17:41:14,395 - INFO - Node 2: k=253.25080460304747, f_best=-10.215944290161133, f_min=-10.59433359900504
2025-04-26 17:41:14,395 - INFO - Node 3: k=369.6264468929658, f_best=-11.367356300354004, f_min=-11.843033262854078
2025-04-26 17:41:14,395 - INFO - Node 4: k=168.41257210947362, f_best=-10.246085166931152, f_min=-11.70289400875481
2025-04-26 17:41:14,395 - INFO - Node 5: k=315.22529298409484, f_best=-11.377161026000977, f_min=-12.414673292117186
2025-04-26 17:41:14,395 - INFO - Node 6: k=274.23433197011667, f_best=-10.235840797424316, f_min=-11.537379757508461
2025-04-26 17:41:14,395 - INFO - Node 7: k=222.52201024034775, f_best=-11.381885528564453, f_min=-11.820561314943006
2025-04-26 17:41:14,395 - INFO - Node 8: k=266.16914083371427, f_best=-10.296539306640625, f_min=-12.238102219951543
2025-04-26 17:41:14,395 - INFO - Node 9: k=331.3049509720007, f_best=-11.399365425109863, f_min=-22.00036497111796
2025-04-26 17:41:14,396 - INFO - cur_node_number 27,f_best -11.399365425109863,f_min -22.00036497111796,k 331.3049509720007
2025-04-26 17:41:14,396 - INFO - f_best_current -11.399365425109863,f_min -22.00036497111796
2025-04-26 17:41:14,396 - INFO - 回退,len(queue)=3
2025-04-26 17:41:14,396 - INFO - 回退,len(queue)=2
2025-04-26 17:41:20,522 - INFO - tree_node.f_best*ep:-11.377161026000977,left_f_best-10.236263275146484,right_f_best-11.314860343933105,i:1
2025-04-26 17:41:26,942 - INFO - tree_node.f_best*ep:-11.377161026000977,left_f_best-10.228416442871094,right_f_best-11.348127365112305,i:2
2025-04-26 17:41:33,586 - INFO - tree_node.f_best*ep:-11.377161026000977,left_f_best-10.27724838256836,right_f_best-11.371200561523438,i:3
2025-04-26 17:41:40,569 - INFO - tree_node.f_best*ep:-11.377161026000977,left_f_best-10.269899368286133,right_f_best-11.361028671264648,i:4
2025-04-26 17:41:47,863 - INFO - tree_node.f_best*ep:-11.377161026000977,left_f_best-10.271368980407715,right_f_best-11.383232116699219,i:5
2025-04-26 17:42:04,557 - INFO - 添加左子节点，右子节点，len(queue):4
2025-04-26 17:42:04,558 - INFO - Node 1: k=875.7401931566707, f_best=-11.310388565063477, f_min=-23.260439933896123
2025-04-26 17:42:04,558 - INFO - Node 2: k=253.25080460304747, f_best=-10.215944290161133, f_min=-10.59433359900504
2025-04-26 17:42:04,558 - INFO - Node 3: k=369.6264468929658, f_best=-11.367356300354004, f_min=-11.843033262854078
2025-04-26 17:42:04,558 - INFO - Node 4: k=168.41257210947362, f_best=-10.246085166931152, f_min=-11.70289400875481
2025-04-26 17:42:04,558 - INFO - Node 5: k=331.3049509720007, f_best=-11.377161026000977, f_min=-12.414673292117186
2025-04-26 17:42:04,558 - INFO - Node 6: k=215.97767083633593, f_best=-10.271368980407715, f_min=-10.847690417986087
2025-04-26 17:42:04,558 - INFO - Node 7: k=115.38844081777373, f_best=-11.383232116699219, f_min=-11.467380622980727
2025-04-26 17:42:04,558 - INFO - cur_node_number 28,f_best -11.383232116699219,f_min -11.467380622980727,k 115.38844081777373
2025-04-26 17:42:04,558 - INFO - f_best_current -11.383232116699219,f_min -11.467380622980727
2025-04-26 17:42:04,559 - INFO - 结束,fmin= -11.467380622980727, fbestmin=-11.383232116699219
