2025-04-27 19:49:10,353 - INFO - Namespace(log_file='outputs/dnn1/img[9]/min/DNN1img9_label8.log', image_path='img[9].png', model_path='network/SimpleNN14.pth', label=8, init_epsilon=0.05, epsilon=0.01, ep=1, min=1)
2025-04-27 19:49:10,371 - INFO - Model output max(1): torch.return_types.max(
values=tensor([6.6428], grad_fn=<MaxBackward0>),
indices=tensor([9]))
2025-04-27 19:49:14,574 - INFO - cur_node_number 1,f_best -3.7746193408966064,f_min -11.05447159439791,k 939.6272322275097
2025-04-27 19:49:14,574 - INFO - f_best_current -3.7746193408966064,f_min -11.05447159439791
2025-04-27 19:49:23,049 - INFO - tree_node.f_best*ep:-3.7746193408966064,left_f_best-2.8595194816589355,right_f_best-3.7906723022460938,i:1
2025-04-27 19:49:47,506 - INFO - 添加左子节点，右子节点，len(queue):2
2025-04-27 19:49:47,506 - INFO - Node 1: k=939.6272322275097, f_best=-3.7746193408966064, f_min=-11.05447159439791
2025-04-27 19:49:47,506 - INFO - Node 2: k=73.3943585918683, f_best=-2.8595194816589355, f_min=-3.25921366894363
2025-04-27 19:49:47,506 - INFO - Node 3: k=209.84916609430442, f_best=-3.7906723022460938, f_min=-6.212855798290548
2025-04-27 19:49:47,506 - INFO - cur_node_number 2,f_best -3.7906723022460938,f_min -6.212855798290548,k 209.84916609430442
2025-04-27 19:49:47,506 - INFO - f_best_current -3.7906723022460938,f_min -6.212855798290548
2025-04-27 19:49:56,009 - INFO - tree_node.f_best*ep:-3.7906723022460938,left_f_best-2.8413760662078857,right_f_best-3.792891025543213,i:1
2025-04-27 19:50:18,029 - INFO - 添加左子节点，右子节点，len(queue):3
2025-04-27 19:50:18,029 - INFO - Node 1: k=939.6272322275097, f_best=-3.7746193408966064, f_min=-11.05447159439791
2025-04-27 19:50:18,029 - INFO - Node 2: k=73.3943585918683, f_best=-2.8595194816589355, f_min=-3.25921366894363
2025-04-27 19:50:18,029 - INFO - Node 3: k=209.84916609430442, f_best=-3.7906723022460938, f_min=-6.212855798290548
2025-04-27 19:50:18,029 - INFO - Node 4: k=135.44619253820184, f_best=-2.8413760662078857, f_min=-2.956476108269271
2025-04-27 19:50:18,029 - INFO - Node 5: k=70.93776568149012, f_best=-3.792891025543213, f_min=-4.301449415723255
2025-04-27 19:50:18,029 - INFO - cur_node_number 3,f_best -3.792891025543213,f_min -4.301449415723255,k 70.93776568149012
2025-04-27 19:50:18,029 - INFO - f_best_current -3.792891025543213,f_min -4.301449415723255
2025-04-27 19:50:26,344 - INFO - tree_node.f_best*ep:-3.792891025543213,left_f_best-2.8621206283569336,right_f_best-3.797290325164795,i:1
2025-04-27 19:50:53,888 - INFO - 添加左子节点，右子节点，len(queue):4
2025-04-27 19:50:53,888 - INFO - Node 1: k=939.6272322275097, f_best=-3.7746193408966064, f_min=-11.05447159439791
2025-04-27 19:50:53,888 - INFO - Node 2: k=73.3943585918683, f_best=-2.8595194816589355, f_min=-3.25921366894363
2025-04-27 19:50:53,888 - INFO - Node 3: k=209.84916609430442, f_best=-3.7906723022460938, f_min=-6.212855798290548
2025-04-27 19:50:53,888 - INFO - Node 4: k=135.44619253820184, f_best=-2.8413760662078857, f_min=-2.956476108269271
2025-04-27 19:50:53,888 - INFO - Node 5: k=70.93776568149012, f_best=-3.792891025543213, f_min=-4.301449415723255
2025-04-27 19:50:53,888 - INFO - Node 6: k=164.3213354622748, f_best=-2.8621206283569336, f_min=-3.5628576447843443
2025-04-27 19:50:53,888 - INFO - Node 7: k=148.13550602020177, f_best=-3.797290325164795, f_min=-4.010382851480244
2025-04-27 19:50:53,888 - INFO - cur_node_number 4,f_best -3.797290325164795,f_min -4.010382851480244,k 148.13550602020177
2025-04-27 19:50:53,888 - INFO - f_best_current -3.797290325164795,f_min -4.010382851480244
2025-04-27 19:50:53,888 - INFO - 回退,len(queue)=2
2025-04-27 19:51:01,854 - INFO - tree_node.f_best*ep:-3.792891025543213,left_f_best-2.8353819847106934,right_f_best-3.800952434539795,i:1
2025-04-27 19:51:23,530 - INFO - 添加左子节点，右子节点，len(queue):4
2025-04-27 19:51:23,530 - INFO - Node 1: k=939.6272322275097, f_best=-3.7746193408966064, f_min=-11.05447159439791
2025-04-27 19:51:23,530 - INFO - Node 2: k=73.3943585918683, f_best=-2.8595194816589355, f_min=-3.25921366894363
2025-04-27 19:51:23,530 - INFO - Node 3: k=209.84916609430442, f_best=-3.7906723022460938, f_min=-6.212855798290548
2025-04-27 19:51:23,530 - INFO - Node 4: k=135.44619253820184, f_best=-2.8413760662078857, f_min=-2.956476108269271
2025-04-27 19:51:23,530 - INFO - Node 5: k=148.13550602020177, f_best=-3.792891025543213, f_min=-4.301449415723255
2025-04-27 19:51:23,530 - INFO - Node 6: k=85.20857182445243, f_best=-2.8353819847106934, f_min=-3.188182200377014
2025-04-27 19:51:23,530 - INFO - Node 7: k=105.17472958292996, f_best=-3.800952434539795, f_min=-6.094213618478989
2025-04-27 19:51:23,530 - INFO - cur_node_number 5,f_best -3.800952434539795,f_min -6.094213618478989,k 105.17472958292996
2025-04-27 19:51:23,530 - INFO - f_best_current -3.800952434539795,f_min -6.094213618478989
2025-04-27 19:51:31,905 - INFO - tree_node.f_best*ep:-3.800952434539795,left_f_best-2.8443188667297363,right_f_best-3.7658779621124268,i:1
2025-04-27 19:51:40,516 - INFO - tree_node.f_best*ep:-3.800952434539795,left_f_best-2.848177671432495,right_f_best-3.8086471557617188,i:2
2025-04-27 19:52:03,916 - INFO - 添加左子节点，右子节点，len(queue):5
2025-04-27 19:52:03,916 - INFO - Node 1: k=939.6272322275097, f_best=-3.7746193408966064, f_min=-11.05447159439791
2025-04-27 19:52:03,916 - INFO - Node 2: k=73.3943585918683, f_best=-2.8595194816589355, f_min=-3.25921366894363
2025-04-27 19:52:03,916 - INFO - Node 3: k=209.84916609430442, f_best=-3.7906723022460938, f_min=-6.212855798290548
2025-04-27 19:52:03,916 - INFO - Node 4: k=135.44619253820184, f_best=-2.8413760662078857, f_min=-2.956476108269271
2025-04-27 19:52:03,916 - INFO - Node 5: k=148.13550602020177, f_best=-3.792891025543213, f_min=-4.301449415723255
2025-04-27 19:52:03,916 - INFO - Node 6: k=85.20857182445243, f_best=-2.8353819847106934, f_min=-3.188182200377014
2025-04-27 19:52:03,916 - INFO - Node 7: k=105.17472958292996, f_best=-3.800952434539795, f_min=-6.094213618478989
2025-04-27 19:52:03,916 - INFO - Node 8: k=111.00417812292395, f_best=-2.848177671432495, f_min=-4.458361229133061
2025-04-27 19:52:03,916 - INFO - Node 9: k=130.16112876424708, f_best=-3.8086471557617188, f_min=-4.905558861314603
2025-04-27 19:52:03,916 - INFO - cur_node_number 6,f_best -3.8086471557617188,f_min -4.905558861314603,k 130.16112876424708
2025-04-27 19:52:03,916 - INFO - f_best_current -3.8086471557617188,f_min -4.905558861314603
2025-04-27 19:52:03,916 - INFO - 回退,len(queue)=3
2025-04-27 19:52:12,366 - INFO - tree_node.f_best*ep:-3.800952434539795,left_f_best-2.8079850673675537,right_f_best-3.7754952907562256,i:1
2025-04-27 19:52:21,125 - INFO - tree_node.f_best*ep:-3.800952434539795,left_f_best-2.8549437522888184,right_f_best-3.8123559951782227,i:2
2025-04-27 19:52:46,389 - INFO - 添加左子节点，右子节点，len(queue):5
2025-04-27 19:52:46,389 - INFO - Node 1: k=939.6272322275097, f_best=-3.7746193408966064, f_min=-11.05447159439791
2025-04-27 19:52:46,389 - INFO - Node 2: k=73.3943585918683, f_best=-2.8595194816589355, f_min=-3.25921366894363
2025-04-27 19:52:46,389 - INFO - Node 3: k=209.84916609430442, f_best=-3.7906723022460938, f_min=-6.212855798290548
2025-04-27 19:52:46,389 - INFO - Node 4: k=135.44619253820184, f_best=-2.8413760662078857, f_min=-2.956476108269271
2025-04-27 19:52:46,389 - INFO - Node 5: k=148.13550602020177, f_best=-3.792891025543213, f_min=-4.301449415723255
2025-04-27 19:52:46,389 - INFO - Node 6: k=85.20857182445243, f_best=-2.8353819847106934, f_min=-3.188182200377014
2025-04-27 19:52:46,389 - INFO - Node 7: k=130.16112876424708, f_best=-3.800952434539795, f_min=-6.094213618478989
2025-04-27 19:52:46,389 - INFO - Node 8: k=108.8169572815645, f_best=-2.8549437522888184, f_min=-3.8870863365700643
2025-04-27 19:52:46,389 - INFO - Node 9: k=160.40952603558432, f_best=-3.8123559951782227, f_min=-5.579880762958055
2025-04-27 19:52:46,389 - INFO - cur_node_number 7,f_best -3.8123559951782227,f_min -5.579880762958055,k 160.40952603558432
2025-04-27 19:52:46,389 - INFO - f_best_current -3.8123559951782227,f_min -5.579880762958055
2025-04-27 19:52:46,389 - INFO - 回退,len(queue)=3
2025-04-27 19:52:46,389 - INFO - 回退,len(queue)=2
2025-04-27 19:52:54,762 - INFO - tree_node.f_best*ep:-3.792891025543213,left_f_best-2.8371171951293945,right_f_best-3.802584171295166,i:1
2025-04-27 19:53:19,431 - INFO - 添加左子节点，右子节点，len(queue):4
2025-04-27 19:53:19,431 - INFO - Node 1: k=939.6272322275097, f_best=-3.7746193408966064, f_min=-11.05447159439791
2025-04-27 19:53:19,431 - INFO - Node 2: k=73.3943585918683, f_best=-2.8595194816589355, f_min=-3.25921366894363
2025-04-27 19:53:19,431 - INFO - Node 3: k=209.84916609430442, f_best=-3.7906723022460938, f_min=-6.212855798290548
2025-04-27 19:53:19,431 - INFO - Node 4: k=135.44619253820184, f_best=-2.8413760662078857, f_min=-2.956476108269271
2025-04-27 19:53:19,431 - INFO - Node 5: k=160.40952603558432, f_best=-3.792891025543213, f_min=-4.301449415723255
2025-04-27 19:53:19,431 - INFO - Node 6: k=120.70669768400762, f_best=-2.8371171951293945, f_min=-3.4302616287259298
2025-04-27 19:53:19,431 - INFO - Node 7: k=122.61767116766819, f_best=-3.802584171295166, f_min=-5.3436635741059035
2025-04-27 19:53:19,431 - INFO - cur_node_number 8,f_best -3.802584171295166,f_min -5.3436635741059035,k 122.61767116766819
2025-04-27 19:53:19,431 - INFO - f_best_current -3.802584171295166,f_min -5.3436635741059035
2025-04-27 19:53:27,539 - INFO - tree_node.f_best*ep:-3.802584171295166,left_f_best-2.848194122314453,right_f_best-3.7854113578796387,i:1
2025-04-27 19:53:36,117 - INFO - tree_node.f_best*ep:-3.802584171295166,left_f_best-2.858268976211548,right_f_best-3.7970714569091797,i:2
2025-04-27 19:53:45,222 - INFO - tree_node.f_best*ep:-3.802584171295166,left_f_best-2.881070137023926,right_f_best-3.8236074447631836,i:3
2025-04-27 19:54:12,480 - INFO - 添加左子节点，右子节点，len(queue):5
2025-04-27 19:54:12,480 - INFO - Node 1: k=939.6272322275097, f_best=-3.7746193408966064, f_min=-11.05447159439791
2025-04-27 19:54:12,480 - INFO - Node 2: k=73.3943585918683, f_best=-2.8595194816589355, f_min=-3.25921366894363
2025-04-27 19:54:12,480 - INFO - Node 3: k=209.84916609430442, f_best=-3.7906723022460938, f_min=-6.212855798290548
2025-04-27 19:54:12,480 - INFO - Node 4: k=135.44619253820184, f_best=-2.8413760662078857, f_min=-2.956476108269271
2025-04-27 19:54:12,480 - INFO - Node 5: k=160.40952603558432, f_best=-3.792891025543213, f_min=-4.301449415723255
2025-04-27 19:54:12,480 - INFO - Node 6: k=120.70669768400762, f_best=-2.8371171951293945, f_min=-3.4302616287259298
2025-04-27 19:54:12,480 - INFO - Node 7: k=122.61767116766819, f_best=-3.802584171295166, f_min=-5.3436635741059035
2025-04-27 19:54:12,480 - INFO - Node 8: k=157.90957355841323, f_best=-2.881070137023926, f_min=-3.287237685769469
2025-04-27 19:54:12,480 - INFO - Node 9: k=145.21665132849893, f_best=-3.8236074447631836, f_min=-6.388805093094561
2025-04-27 19:54:12,480 - INFO - cur_node_number 9,f_best -3.8236074447631836,f_min -6.388805093094561,k 145.21665132849893
2025-04-27 19:54:12,480 - INFO - f_best_current -3.8236074447631836,f_min -6.388805093094561
2025-04-27 19:54:12,480 - INFO - 回退,len(queue)=3
2025-04-27 19:54:20,806 - INFO - tree_node.f_best*ep:-3.802584171295166,left_f_best-2.8438382148742676,right_f_best-3.793647289276123,i:1
2025-04-27 19:54:29,399 - INFO - tree_node.f_best*ep:-3.802584171295166,left_f_best-2.8572793006896973,right_f_best-3.81242036819458,i:2
2025-04-27 19:54:53,974 - INFO - 添加左子节点，右子节点，len(queue):5
2025-04-27 19:54:53,974 - INFO - Node 1: k=939.6272322275097, f_best=-3.7746193408966064, f_min=-11.05447159439791
2025-04-27 19:54:53,974 - INFO - Node 2: k=73.3943585918683, f_best=-2.8595194816589355, f_min=-3.25921366894363
2025-04-27 19:54:53,974 - INFO - Node 3: k=209.84916609430442, f_best=-3.7906723022460938, f_min=-6.212855798290548
2025-04-27 19:54:53,974 - INFO - Node 4: k=135.44619253820184, f_best=-2.8413760662078857, f_min=-2.956476108269271
2025-04-27 19:54:53,974 - INFO - Node 5: k=160.40952603558432, f_best=-3.792891025543213, f_min=-4.301449415723255
2025-04-27 19:54:53,974 - INFO - Node 6: k=120.70669768400762, f_best=-2.8371171951293945, f_min=-3.4302616287259298
2025-04-27 19:54:53,974 - INFO - Node 7: k=145.21665132849893, f_best=-3.802584171295166, f_min=-5.3436635741059035
2025-04-27 19:54:53,974 - INFO - Node 8: k=101.92201809468467, f_best=-2.8572793006896973, f_min=-3.272679922663883
2025-04-27 19:54:53,974 - INFO - Node 9: k=132.77736745240844, f_best=-3.81242036819458, f_min=-4.593776785372938
2025-04-27 19:54:53,974 - INFO - cur_node_number 10,f_best -3.81242036819458,f_min -4.593776785372938,k 132.77736745240844
2025-04-27 19:54:53,974 - INFO - f_best_current -3.81242036819458,f_min -4.593776785372938
2025-04-27 19:55:02,367 - INFO - tree_node.f_best*ep:-3.81242036819458,left_f_best-2.818904399871826,right_f_best-3.7815489768981934,i:1
2025-04-27 19:55:11,078 - INFO - tree_node.f_best*ep:-3.81242036819458,left_f_best-2.8539834022521973,right_f_best-3.8057456016540527,i:2
2025-04-27 19:55:20,095 - INFO - tree_node.f_best*ep:-3.81242036819458,left_f_best-2.8790266513824463,right_f_best-3.828725576400757,i:3
2025-04-27 19:55:45,643 - INFO - 添加左子节点，右子节点，len(queue):6
2025-04-27 19:55:45,643 - INFO - Node 1: k=939.6272322275097, f_best=-3.7746193408966064, f_min=-11.05447159439791
2025-04-27 19:55:45,643 - INFO - Node 2: k=73.3943585918683, f_best=-2.8595194816589355, f_min=-3.25921366894363
2025-04-27 19:55:45,643 - INFO - Node 3: k=209.84916609430442, f_best=-3.7906723022460938, f_min=-6.212855798290548
2025-04-27 19:55:45,643 - INFO - Node 4: k=135.44619253820184, f_best=-2.8413760662078857, f_min=-2.956476108269271
2025-04-27 19:55:45,643 - INFO - Node 5: k=160.40952603558432, f_best=-3.792891025543213, f_min=-4.301449415723255
2025-04-27 19:55:45,643 - INFO - Node 6: k=120.70669768400762, f_best=-2.8371171951293945, f_min=-3.4302616287259298
2025-04-27 19:55:45,643 - INFO - Node 7: k=145.21665132849893, f_best=-3.802584171295166, f_min=-5.3436635741059035
2025-04-27 19:55:45,643 - INFO - Node 8: k=101.92201809468467, f_best=-2.8572793006896973, f_min=-3.272679922663883
2025-04-27 19:55:45,643 - INFO - Node 9: k=132.77736745240844, f_best=-3.81242036819458, f_min=-4.593776785372938
2025-04-27 19:55:45,643 - INFO - Node 10: k=100.49063437109928, f_best=-2.8790266513824463, f_min=-4.832500710784643
2025-04-27 19:55:45,643 - INFO - Node 11: k=203.67753316196374, f_best=-3.828725576400757, f_min=-5.871562866840577
2025-04-27 19:55:45,643 - INFO - cur_node_number 11,f_best -3.828725576400757,f_min -5.871562866840577,k 203.67753316196374
2025-04-27 19:55:45,643 - INFO - f_best_current -3.828725576400757,f_min -5.871562866840577
2025-04-27 19:55:45,643 - INFO - 回退,len(queue)=4
2025-04-27 19:55:45,643 - INFO - 回退,len(queue)=3
2025-04-27 19:55:45,643 - INFO - 回退,len(queue)=2
2025-04-27 19:55:54,097 - INFO - tree_node.f_best*ep:-3.792891025543213,left_f_best-2.841481924057007,right_f_best-3.7830209732055664,i:1
2025-04-27 19:56:02,771 - INFO - tree_node.f_best*ep:-3.792891025543213,left_f_best-2.8502354621887207,right_f_best-3.7948875427246094,i:2
2025-04-27 19:56:26,652 - INFO - 添加左子节点，右子节点，len(queue):4
2025-04-27 19:56:26,652 - INFO - Node 1: k=939.6272322275097, f_best=-3.7746193408966064, f_min=-11.05447159439791
2025-04-27 19:56:26,652 - INFO - Node 2: k=73.3943585918683, f_best=-2.8595194816589355, f_min=-3.25921366894363
2025-04-27 19:56:26,652 - INFO - Node 3: k=209.84916609430442, f_best=-3.7906723022460938, f_min=-6.212855798290548
2025-04-27 19:56:26,652 - INFO - Node 4: k=135.44619253820184, f_best=-2.8413760662078857, f_min=-2.956476108269271
2025-04-27 19:56:26,652 - INFO - Node 5: k=203.67753316196374, f_best=-3.792891025543213, f_min=-4.301449415723255
2025-04-27 19:56:26,652 - INFO - Node 6: k=100.91288920265809, f_best=-2.8502354621887207, f_min=-3.2042426954267285
2025-04-27 19:56:26,652 - INFO - Node 7: k=112.11421990415319, f_best=-3.7948875427246094, f_min=-3.9116858161623895
2025-04-27 19:56:26,652 - INFO - cur_node_number 12,f_best -3.7948875427246094,f_min -3.9116858161623895,k 112.11421990415319
2025-04-27 19:56:26,652 - INFO - f_best_current -3.7948875427246094,f_min -3.9116858161623895
2025-04-27 19:56:34,951 - INFO - tree_node.f_best*ep:-3.7948875427246094,left_f_best-2.842092514038086,right_f_best-3.769052743911743,i:1
2025-04-27 19:56:43,487 - INFO - tree_node.f_best*ep:-3.7948875427246094,left_f_best-2.8589282035827637,right_f_best-3.8136987686157227,i:2
2025-04-27 19:57:09,579 - INFO - 添加左子节点，右子节点，len(queue):5
2025-04-27 19:57:09,579 - INFO - Node 1: k=939.6272322275097, f_best=-3.7746193408966064, f_min=-11.05447159439791
2025-04-27 19:57:09,579 - INFO - Node 2: k=73.3943585918683, f_best=-2.8595194816589355, f_min=-3.25921366894363
2025-04-27 19:57:09,579 - INFO - Node 3: k=209.84916609430442, f_best=-3.7906723022460938, f_min=-6.212855798290548
2025-04-27 19:57:09,579 - INFO - Node 4: k=135.44619253820184, f_best=-2.8413760662078857, f_min=-2.956476108269271
2025-04-27 19:57:09,588 - INFO - Node 5: k=203.67753316196374, f_best=-3.792891025543213, f_min=-4.301449415723255
2025-04-27 19:57:09,588 - INFO - Node 6: k=100.91288920265809, f_best=-2.8502354621887207, f_min=-3.2042426954267285
2025-04-27 19:57:09,588 - INFO - Node 7: k=112.11421990415319, f_best=-3.7948875427246094, f_min=-3.9116858161623895
2025-04-27 19:57:09,588 - INFO - Node 8: k=96.97530302872664, f_best=-2.8589282035827637, f_min=-3.274253886220322
2025-04-27 19:57:09,588 - INFO - Node 9: k=177.19191158563115, f_best=-3.8136987686157227, f_min=-3.947733343589789
2025-04-27 19:57:09,588 - INFO - cur_node_number 13,f_best -3.8136987686157227,f_min -3.947733343589789,k 177.19191158563115
2025-04-27 19:57:09,588 - INFO - f_best_current -3.8136987686157227,f_min -3.947733343589789
2025-04-27 19:57:09,588 - INFO - 回退,len(queue)=3
2025-04-27 19:57:18,031 - INFO - tree_node.f_best*ep:-3.7948875427246094,left_f_best-2.8265225887298584,right_f_best-3.811283588409424,i:1
2025-04-27 19:57:44,586 - INFO - 添加左子节点，右子节点，len(queue):5
2025-04-27 19:57:44,586 - INFO - Node 1: k=939.6272322275097, f_best=-3.7746193408966064, f_min=-11.05447159439791
2025-04-27 19:57:44,586 - INFO - Node 2: k=73.3943585918683, f_best=-2.8595194816589355, f_min=-3.25921366894363
2025-04-27 19:57:44,586 - INFO - Node 3: k=209.84916609430442, f_best=-3.7906723022460938, f_min=-6.212855798290548
2025-04-27 19:57:44,586 - INFO - Node 4: k=135.44619253820184, f_best=-2.8413760662078857, f_min=-2.956476108269271
2025-04-27 19:57:44,586 - INFO - Node 5: k=203.67753316196374, f_best=-3.792891025543213, f_min=-4.301449415723255
2025-04-27 19:57:44,586 - INFO - Node 6: k=100.91288920265809, f_best=-2.8502354621887207, f_min=-3.2042426954267285
2025-04-27 19:57:44,586 - INFO - Node 7: k=177.19191158563115, f_best=-3.7948875427246094, f_min=-3.9116858161623895
2025-04-27 19:57:44,586 - INFO - Node 8: k=138.74923635283622, f_best=-2.8265225887298584, f_min=-2.8772090216812103
2025-04-27 19:57:44,586 - INFO - Node 9: k=151.11302969120783, f_best=-3.811283588409424, f_min=-3.977619974548361
2025-04-27 19:57:44,586 - INFO - cur_node_number 14,f_best -3.811283588409424,f_min -3.977619974548361,k 151.11302969120783
2025-04-27 19:57:44,586 - INFO - f_best_current -3.811283588409424,f_min -3.977619974548361
2025-04-27 19:57:52,961 - INFO - tree_node.f_best*ep:-3.811283588409424,left_f_best-2.7975564002990723,right_f_best-3.7951512336730957,i:1
2025-04-27 19:58:01,634 - INFO - tree_node.f_best*ep:-3.811283588409424,left_f_best-2.8766961097717285,right_f_best-3.8086304664611816,i:2
2025-04-27 19:58:10,830 - INFO - tree_node.f_best*ep:-3.811283588409424,left_f_best-2.890857458114624,right_f_best-3.800936698913574,i:3
2025-04-27 19:58:20,291 - INFO - tree_node.f_best*ep:-3.811283588409424,left_f_best-2.9033637046813965,right_f_best-3.8161473274230957,i:4
2025-04-27 19:58:44,852 - INFO - 添加左子节点，右子节点，len(queue):6
2025-04-27 19:58:44,852 - INFO - Node 1: k=939.6272322275097, f_best=-3.7746193408966064, f_min=-11.05447159439791
2025-04-27 19:58:44,852 - INFO - Node 2: k=73.3943585918683, f_best=-2.8595194816589355, f_min=-3.25921366894363
2025-04-27 19:58:44,852 - INFO - Node 3: k=209.84916609430442, f_best=-3.7906723022460938, f_min=-6.212855798290548
2025-04-27 19:58:44,852 - INFO - Node 4: k=135.44619253820184, f_best=-2.8413760662078857, f_min=-2.956476108269271
2025-04-27 19:58:44,852 - INFO - Node 5: k=203.67753316196374, f_best=-3.792891025543213, f_min=-4.301449415723255
2025-04-27 19:58:44,852 - INFO - Node 6: k=100.91288920265809, f_best=-2.8502354621887207, f_min=-3.2042426954267285
2025-04-27 19:58:44,852 - INFO - Node 7: k=177.19191158563115, f_best=-3.7948875427246094, f_min=-3.9116858161623895
2025-04-27 19:58:44,852 - INFO - Node 8: k=138.74923635283622, f_best=-2.8265225887298584, f_min=-2.8772090216812103
2025-04-27 19:58:44,852 - INFO - Node 9: k=151.11302969120783, f_best=-3.811283588409424, f_min=-3.977619974548361
2025-04-27 19:58:44,852 - INFO - Node 10: k=164.3213354622748, f_best=-2.9033637046813965, f_min=-3.006333758215078
2025-04-27 19:58:44,852 - INFO - Node 11: k=93.72942900689769, f_best=-3.8161473274230957, f_min=-3.9588048067375894
2025-04-27 19:58:44,852 - INFO - cur_node_number 15,f_best -3.8161473274230957,f_min -3.9588048067375894,k 93.72942900689769
2025-04-27 19:58:44,852 - INFO - f_best_current -3.8161473274230957,f_min -3.9588048067375894
2025-04-27 19:58:53,240 - INFO - tree_node.f_best*ep:-3.8161473274230957,left_f_best-2.834810972213745,right_f_best-3.7842652797698975,i:1
2025-04-27 19:59:01,914 - INFO - tree_node.f_best*ep:-3.8161473274230957,left_f_best-2.852665662765503,right_f_best-3.8204259872436523,i:2
2025-04-27 19:59:28,172 - INFO - 添加左子节点，右子节点，len(queue):7
2025-04-27 19:59:28,172 - INFO - Node 1: k=939.6272322275097, f_best=-3.7746193408966064, f_min=-11.05447159439791
2025-04-27 19:59:28,172 - INFO - Node 2: k=73.3943585918683, f_best=-2.8595194816589355, f_min=-3.25921366894363
2025-04-27 19:59:28,172 - INFO - Node 3: k=209.84916609430442, f_best=-3.7906723022460938, f_min=-6.212855798290548
2025-04-27 19:59:28,172 - INFO - Node 4: k=135.44619253820184, f_best=-2.8413760662078857, f_min=-2.956476108269271
2025-04-27 19:59:28,172 - INFO - Node 5: k=203.67753316196374, f_best=-3.792891025543213, f_min=-4.301449415723255
2025-04-27 19:59:28,172 - INFO - Node 6: k=100.91288920265809, f_best=-2.8502354621887207, f_min=-3.2042426954267285
2025-04-27 19:59:28,172 - INFO - Node 7: k=177.19191158563115, f_best=-3.7948875427246094, f_min=-3.9116858161623895
2025-04-27 19:59:28,172 - INFO - Node 8: k=138.74923635283622, f_best=-2.8265225887298584, f_min=-2.8772090216812103
2025-04-27 19:59:28,172 - INFO - Node 9: k=151.11302969120783, f_best=-3.811283588409424, f_min=-3.977619974548361
2025-04-27 19:59:28,172 - INFO - Node 10: k=164.3213354622748, f_best=-2.9033637046813965, f_min=-3.006333758215078
2025-04-27 19:59:28,172 - INFO - Node 11: k=93.72942900689769, f_best=-3.8161473274230957, f_min=-3.9588048067375894
2025-04-27 19:59:28,172 - INFO - Node 12: k=124.36423133053074, f_best=-2.852665662765503, f_min=-3.0588370056389067
2025-04-27 19:59:28,172 - INFO - Node 13: k=151.11302969120783, f_best=-3.8204259872436523, f_min=-3.9857136064320002
2025-04-27 19:59:28,172 - INFO - cur_node_number 16,f_best -3.8204259872436523,f_min -3.9857136064320002,k 151.11302969120783
2025-04-27 19:59:28,172 - INFO - f_best_current -3.8204259872436523,f_min -3.9857136064320002
2025-04-27 19:59:28,172 - INFO - 回退,len(queue)=5
2025-04-27 19:59:36,660 - INFO - tree_node.f_best*ep:-3.8161473274230957,left_f_best-2.8295843601226807,right_f_best-3.7788443565368652,i:1
2025-04-27 19:59:45,523 - INFO - tree_node.f_best*ep:-3.8161473274230957,left_f_best-2.8413405418395996,right_f_best-3.7977304458618164,i:2
2025-04-27 19:59:54,691 - INFO - tree_node.f_best*ep:-3.8161473274230957,left_f_best-2.888216495513916,right_f_best-3.826343059539795,i:3
2025-04-27 20:00:21,333 - INFO - 添加左子节点，右子节点，len(queue):7
2025-04-27 20:00:21,333 - INFO - Node 1: k=939.6272322275097, f_best=-3.7746193408966064, f_min=-11.05447159439791
2025-04-27 20:00:21,333 - INFO - Node 2: k=73.3943585918683, f_best=-2.8595194816589355, f_min=-3.25921366894363
2025-04-27 20:00:21,333 - INFO - Node 3: k=209.84916609430442, f_best=-3.7906723022460938, f_min=-6.212855798290548
2025-04-27 20:00:21,333 - INFO - Node 4: k=135.44619253820184, f_best=-2.8413760662078857, f_min=-2.956476108269271
2025-04-27 20:00:21,333 - INFO - Node 5: k=203.67753316196374, f_best=-3.792891025543213, f_min=-4.301449415723255
2025-04-27 20:00:21,333 - INFO - Node 6: k=100.91288920265809, f_best=-2.8502354621887207, f_min=-3.2042426954267285
2025-04-27 20:00:21,333 - INFO - Node 7: k=177.19191158563115, f_best=-3.7948875427246094, f_min=-3.9116858161623895
2025-04-27 20:00:21,333 - INFO - Node 8: k=138.74923635283622, f_best=-2.8265225887298584, f_min=-2.8772090216812103
2025-04-27 20:00:21,333 - INFO - Node 9: k=151.11302969120783, f_best=-3.811283588409424, f_min=-3.977619974548361
2025-04-27 20:00:21,333 - INFO - Node 10: k=164.3213354622748, f_best=-2.9033637046813965, f_min=-3.006333758215078
2025-04-27 20:00:21,333 - INFO - Node 11: k=151.11302969120783, f_best=-3.8161473274230957, f_min=-3.9588048067375894
2025-04-27 20:00:21,333 - INFO - Node 12: k=118.32829887658819, f_best=-2.888216495513916, f_min=-3.9496153393183704
2025-04-27 20:00:21,333 - INFO - Node 13: k=184.38661373557323, f_best=-3.826343059539795, f_min=-4.5512818824590795
2025-04-27 20:00:21,333 - INFO - cur_node_number 17,f_best -3.826343059539795,f_min -4.5512818824590795,k 184.38661373557323
2025-04-27 20:00:21,333 - INFO - f_best_current -3.826343059539795,f_min -4.5512818824590795
2025-04-27 20:00:21,333 - INFO - 回退,len(queue)=5
2025-04-27 20:00:21,333 - INFO - 回退,len(queue)=4
2025-04-27 20:00:21,333 - INFO - 回退,len(queue)=3
2025-04-27 20:00:29,641 - INFO - tree_node.f_best*ep:-3.7948875427246094,left_f_best-2.8555915355682373,right_f_best-3.78871488571167,i:1
2025-04-27 20:00:38,377 - INFO - tree_node.f_best*ep:-3.7948875427246094,left_f_best-2.84914493560791,right_f_best-3.82291316986084,i:2
2025-04-27 20:00:58,644 - INFO - 添加左子节点，右子节点，len(queue):5
2025-04-27 20:00:58,644 - INFO - Node 1: k=939.6272322275097, f_best=-3.7746193408966064, f_min=-11.05447159439791
2025-04-27 20:00:58,644 - INFO - Node 2: k=73.3943585918683, f_best=-2.8595194816589355, f_min=-3.25921366894363
2025-04-27 20:00:58,644 - INFO - Node 3: k=209.84916609430442, f_best=-3.7906723022460938, f_min=-6.212855798290548
2025-04-27 20:00:58,644 - INFO - Node 4: k=135.44619253820184, f_best=-2.8413760662078857, f_min=-2.956476108269271
2025-04-27 20:00:58,644 - INFO - Node 5: k=203.67753316196374, f_best=-3.792891025543213, f_min=-4.301449415723255
2025-04-27 20:00:58,644 - INFO - Node 6: k=100.91288920265809, f_best=-2.8502354621887207, f_min=-3.2042426954267285
2025-04-27 20:00:58,644 - INFO - Node 7: k=184.38661373557323, f_best=-3.7948875427246094, f_min=-3.9116858161623895
2025-04-27 20:00:58,644 - INFO - Node 8: k=58.71802013837147, f_best=-2.84914493560791, f_min=-2.8937388189297053
2025-04-27 20:00:58,644 - INFO - Node 9: k=113.23536210319472, f_best=-3.82291316986084, f_min=-4.335508537409623
2025-04-27 20:00:58,644 - INFO - cur_node_number 18,f_best -3.82291316986084,f_min -4.335508537409623,k 113.23536210319472
2025-04-27 20:00:58,644 - INFO - f_best_current -3.82291316986084,f_min -4.335508537409623
2025-04-27 20:01:06,926 - INFO - tree_node.f_best*ep:-3.82291316986084,left_f_best-2.8501930236816406,right_f_best-3.7997350692749023,i:1
2025-04-27 20:01:15,695 - INFO - tree_node.f_best*ep:-3.82291316986084,left_f_best-2.8564186096191406,right_f_best-3.803891658782959,i:2
2025-04-27 20:01:24,888 - INFO - tree_node.f_best*ep:-3.82291316986084,left_f_best-2.8736331462860107,right_f_best-3.8283610343933105,i:3
2025-04-27 20:01:50,955 - INFO - 添加左子节点，右子节点，len(queue):6
2025-04-27 20:01:50,955 - INFO - Node 1: k=939.6272322275097, f_best=-3.7746193408966064, f_min=-11.05447159439791
2025-04-27 20:01:50,955 - INFO - Node 2: k=73.3943585918683, f_best=-2.8595194816589355, f_min=-3.25921366894363
2025-04-27 20:01:50,955 - INFO - Node 3: k=209.84916609430442, f_best=-3.7906723022460938, f_min=-6.212855798290548
2025-04-27 20:01:50,955 - INFO - Node 4: k=135.44619253820184, f_best=-2.8413760662078857, f_min=-2.956476108269271
2025-04-27 20:01:50,955 - INFO - Node 5: k=203.67753316196374, f_best=-3.792891025543213, f_min=-4.301449415723255
2025-04-27 20:01:50,955 - INFO - Node 6: k=100.91288920265809, f_best=-2.8502354621887207, f_min=-3.2042426954267285
2025-04-27 20:01:50,955 - INFO - Node 7: k=184.38661373557323, f_best=-3.7948875427246094, f_min=-3.9116858161623895
2025-04-27 20:01:50,955 - INFO - Node 8: k=58.71802013837147, f_best=-2.84914493560791, f_min=-2.8937388189297053
2025-04-27 20:01:50,955 - INFO - Node 9: k=113.23536210319472, f_best=-3.82291316986084, f_min=-4.335508537409623
2025-04-27 20:01:50,955 - INFO - Node 10: k=136.80065446358387, f_best=-2.8736331462860107, f_min=-6.590835597579371
2025-04-27 20:01:50,955 - INFO - Node 11: k=171.9807236774798, f_best=-3.8283610343933105, f_min=-4.326041536169214
2025-04-27 20:01:50,955 - INFO - cur_node_number 19,f_best -3.8283610343933105,f_min -4.326041536169214,k 171.9807236774798
2025-04-27 20:01:50,955 - INFO - f_best_current -3.8283610343933105,f_min -4.326041536169214
2025-04-27 20:01:50,955 - INFO - 回退,len(queue)=4
2025-04-27 20:01:59,345 - INFO - tree_node.f_best*ep:-3.82291316986084,left_f_best-2.873950481414795,right_f_best-3.8160512447357178,i:1
2025-04-27 20:02:08,066 - INFO - tree_node.f_best*ep:-3.82291316986084,left_f_best-2.8566832542419434,right_f_best-3.809737205505371,i:2
2025-04-27 20:02:17,177 - INFO - tree_node.f_best*ep:-3.82291316986084,left_f_best-2.85866117477417,right_f_best-3.835711717605591,i:3
2025-04-27 20:02:43,245 - INFO - 添加左子节点，右子节点，len(queue):6
2025-04-27 20:02:43,245 - INFO - Node 1: k=939.6272322275097, f_best=-3.7746193408966064, f_min=-11.05447159439791
2025-04-27 20:02:43,245 - INFO - Node 2: k=73.3943585918683, f_best=-2.8595194816589355, f_min=-3.25921366894363
2025-04-27 20:02:43,245 - INFO - Node 3: k=209.84916609430442, f_best=-3.7906723022460938, f_min=-6.212855798290548
2025-04-27 20:02:43,245 - INFO - Node 4: k=135.44619253820184, f_best=-2.8413760662078857, f_min=-2.956476108269271
2025-04-27 20:02:43,245 - INFO - Node 5: k=203.67753316196374, f_best=-3.792891025543213, f_min=-4.301449415723255
2025-04-27 20:02:43,245 - INFO - Node 6: k=100.91288920265809, f_best=-2.8502354621887207, f_min=-3.2042426954267285
2025-04-27 20:02:43,245 - INFO - Node 7: k=184.38661373557323, f_best=-3.7948875427246094, f_min=-3.9116858161623895
2025-04-27 20:02:43,245 - INFO - Node 8: k=58.71802013837147, f_best=-2.84914493560791, f_min=-2.8937388189297053
2025-04-27 20:02:43,245 - INFO - Node 9: k=171.9807236774798, f_best=-3.82291316986084, f_min=-4.335508537409623
2025-04-27 20:02:43,245 - INFO - Node 10: k=108.19227599742753, f_best=-2.85866117477417, f_min=-3.5461551260796114
2025-04-27 20:02:43,245 - INFO - Node 11: k=171.9807236774798, f_best=-3.835711717605591, f_min=-6.293773978909485
2025-04-27 20:02:43,245 - INFO - cur_node_number 20,f_best -3.835711717605591,f_min -6.293773978909485,k 171.9807236774798
2025-04-27 20:02:43,245 - INFO - f_best_current -3.835711717605591,f_min -6.293773978909485
2025-04-27 20:02:51,555 - INFO - tree_node.f_best*ep:-3.835711717605591,left_f_best-2.8459670543670654,right_f_best-3.7870774269104004,i:1
2025-04-27 20:03:00,289 - INFO - tree_node.f_best*ep:-3.835711717605591,left_f_best-2.8444695472717285,right_f_best-3.804368019104004,i:2
2025-04-27 20:03:09,512 - INFO - tree_node.f_best*ep:-3.835711717605591,left_f_best-2.8499937057495117,right_f_best-3.839265823364258,i:3
2025-04-27 20:03:34,244 - INFO - 添加左子节点，右子节点，len(queue):7
2025-04-27 20:03:34,244 - INFO - Node 1: k=939.6272322275097, f_best=-3.7746193408966064, f_min=-11.05447159439791
2025-04-27 20:03:34,244 - INFO - Node 2: k=73.3943585918683, f_best=-2.8595194816589355, f_min=-3.25921366894363
2025-04-27 20:03:34,244 - INFO - Node 3: k=209.84916609430442, f_best=-3.7906723022460938, f_min=-6.212855798290548
2025-04-27 20:03:34,244 - INFO - Node 4: k=135.44619253820184, f_best=-2.8413760662078857, f_min=-2.956476108269271
2025-04-27 20:03:34,244 - INFO - Node 5: k=203.67753316196374, f_best=-3.792891025543213, f_min=-4.301449415723255
2025-04-27 20:03:34,244 - INFO - Node 6: k=100.91288920265809, f_best=-2.8502354621887207, f_min=-3.2042426954267285
2025-04-27 20:03:34,244 - INFO - Node 7: k=184.38661373557323, f_best=-3.7948875427246094, f_min=-3.9116858161623895
2025-04-27 20:03:34,244 - INFO - Node 8: k=58.71802013837147, f_best=-2.84914493560791, f_min=-2.8937388189297053
2025-04-27 20:03:34,244 - INFO - Node 9: k=171.9807236774798, f_best=-3.82291316986084, f_min=-4.335508537409623
2025-04-27 20:03:34,244 - INFO - Node 10: k=108.19227599742753, f_best=-2.85866117477417, f_min=-3.5461551260796114
2025-04-27 20:03:34,244 - INFO - Node 11: k=171.9807236774798, f_best=-3.835711717605591, f_min=-6.293773978909485
2025-04-27 20:03:34,244 - INFO - Node 12: k=87.79047675930516, f_best=-2.8499937057495117, f_min=-3.7680768775162505
2025-04-27 20:03:34,244 - INFO - Node 13: k=146.66881784178392, f_best=-3.839265823364258, f_min=-4.089050973855592
2025-04-27 20:03:34,244 - INFO - cur_node_number 21,f_best -3.839265823364258,f_min -4.089050973855592,k 146.66881784178392
2025-04-27 20:03:34,244 - INFO - f_best_current -3.839265823364258,f_min -4.089050973855592
2025-04-27 20:03:42,848 - INFO - tree_node.f_best*ep:-3.839265823364258,left_f_best-2.847574234008789,right_f_best-3.7971229553222656,i:1
2025-04-27 20:03:51,724 - INFO - tree_node.f_best*ep:-3.839265823364258,left_f_best-2.827371835708618,right_f_best-3.816422700881958,i:2
2025-04-27 20:04:01,026 - INFO - tree_node.f_best*ep:-3.839265823364258,left_f_best-2.864530086517334,right_f_best-3.8173015117645264,i:3
2025-04-27 20:04:10,732 - INFO - tree_node.f_best*ep:-3.839265823364258,left_f_best-2.8866305351257324,right_f_best-3.839635133743286,i:4
2025-04-27 20:04:36,430 - INFO - 添加左子节点，右子节点，len(queue):8
2025-04-27 20:04:36,430 - INFO - Node 1: k=939.6272322275097, f_best=-3.7746193408966064, f_min=-11.05447159439791
2025-04-27 20:04:36,430 - INFO - Node 2: k=73.3943585918683, f_best=-2.8595194816589355, f_min=-3.25921366894363
2025-04-27 20:04:36,430 - INFO - Node 3: k=209.84916609430442, f_best=-3.7906723022460938, f_min=-6.212855798290548
2025-04-27 20:04:36,430 - INFO - Node 4: k=135.44619253820184, f_best=-2.8413760662078857, f_min=-2.956476108269271
2025-04-27 20:04:36,430 - INFO - Node 5: k=203.67753316196374, f_best=-3.792891025543213, f_min=-4.301449415723255
2025-04-27 20:04:36,430 - INFO - Node 6: k=100.91288920265809, f_best=-2.8502354621887207, f_min=-3.2042426954267285
2025-04-27 20:04:36,430 - INFO - Node 7: k=184.38661373557323, f_best=-3.7948875427246094, f_min=-3.9116858161623895
2025-04-27 20:04:36,430 - INFO - Node 8: k=58.71802013837147, f_best=-2.84914493560791, f_min=-2.8937388189297053
2025-04-27 20:04:36,430 - INFO - Node 9: k=171.9807236774798, f_best=-3.82291316986084, f_min=-4.335508537409623
2025-04-27 20:04:36,430 - INFO - Node 10: k=108.19227599742753, f_best=-2.85866117477417, f_min=-3.5461551260796114
2025-04-27 20:04:36,430 - INFO - Node 11: k=171.9807236774798, f_best=-3.835711717605591, f_min=-6.293773978909485
2025-04-27 20:04:36,430 - INFO - Node 12: k=87.79047675930516, f_best=-2.8499937057495117, f_min=-3.7680768775162505
2025-04-27 20:04:36,430 - INFO - Node 13: k=146.66881784178392, f_best=-3.839265823364258, f_min=-4.089050973855592
2025-04-27 20:04:36,430 - INFO - Node 14: k=162.01362129594017, f_best=-2.8866305351257324, f_min=-3.6417674546537455
2025-04-27 20:04:36,430 - INFO - Node 15: k=128.8724047170763, f_best=-3.839635133743286, f_min=-4.379710551455901
2025-04-27 20:04:36,430 - INFO - cur_node_number 22,f_best -3.839635133743286,f_min -4.379710551455901,k 128.8724047170763
2025-04-27 20:04:36,430 - INFO - f_best_current -3.839635133743286,f_min -4.379710551455901
2025-04-27 20:04:44,617 - INFO - tree_node.f_best*ep:-3.839635133743286,left_f_best-2.817812204360962,right_f_best-3.7772250175476074,i:1
2025-04-27 20:04:53,213 - INFO - tree_node.f_best*ep:-3.839635133743286,left_f_best-2.8701114654541016,right_f_best-3.812936782836914,i:2
2025-04-27 20:05:02,343 - INFO - tree_node.f_best*ep:-3.839635133743286,left_f_best-2.8740994930267334,right_f_best-3.8071155548095703,i:3
2025-04-27 20:05:11,925 - INFO - tree_node.f_best*ep:-3.839635133743286,left_f_best-2.8933353424072266,right_f_best-3.8277640342712402,i:4
2025-04-27 20:05:21,977 - INFO - tree_node.f_best*ep:-3.839635133743286,left_f_best-2.877159595489502,right_f_best-3.8524882793426514,i:5
2025-04-27 20:05:45,611 - INFO - 添加左子节点，右子节点，len(queue):9
2025-04-27 20:05:45,611 - INFO - Node 1: k=939.6272322275097, f_best=-3.7746193408966064, f_min=-11.05447159439791
2025-04-27 20:05:45,611 - INFO - Node 2: k=73.3943585918683, f_best=-2.8595194816589355, f_min=-3.25921366894363
2025-04-27 20:05:45,611 - INFO - Node 3: k=209.84916609430442, f_best=-3.7906723022460938, f_min=-6.212855798290548
2025-04-27 20:05:45,611 - INFO - Node 4: k=135.44619253820184, f_best=-2.8413760662078857, f_min=-2.956476108269271
2025-04-27 20:05:45,611 - INFO - Node 5: k=203.67753316196374, f_best=-3.792891025543213, f_min=-4.301449415723255
2025-04-27 20:05:45,611 - INFO - Node 6: k=100.91288920265809, f_best=-2.8502354621887207, f_min=-3.2042426954267285
2025-04-27 20:05:45,611 - INFO - Node 7: k=184.38661373557323, f_best=-3.7948875427246094, f_min=-3.9116858161623895
2025-04-27 20:05:45,611 - INFO - Node 8: k=58.71802013837147, f_best=-2.84914493560791, f_min=-2.8937388189297053
2025-04-27 20:05:45,611 - INFO - Node 9: k=171.9807236774798, f_best=-3.82291316986084, f_min=-4.335508537409623
2025-04-27 20:05:45,611 - INFO - Node 10: k=108.19227599742753, f_best=-2.85866117477417, f_min=-3.5461551260796114
2025-04-27 20:05:45,611 - INFO - Node 11: k=171.9807236774798, f_best=-3.835711717605591, f_min=-6.293773978909485
2025-04-27 20:05:45,611 - INFO - Node 12: k=87.79047675930516, f_best=-2.8499937057495117, f_min=-3.7680768775162505
2025-04-27 20:05:45,611 - INFO - Node 13: k=146.66881784178392, f_best=-3.839265823364258, f_min=-4.089050973855592
2025-04-27 20:05:45,611 - INFO - Node 14: k=162.01362129594017, f_best=-2.8866305351257324, f_min=-3.6417674546537455
2025-04-27 20:05:45,611 - INFO - Node 15: k=128.8724047170763, f_best=-3.839635133743286, f_min=-4.379710551455901
2025-04-27 20:05:45,611 - INFO - Node 16: k=98.51057187638395, f_best=-2.877159595489502, f_min=-4.050081264700111
2025-04-27 20:05:45,611 - INFO - Node 17: k=126.33310922171972, f_best=-3.8524882793426514, f_min=-4.097875162527998
2025-04-27 20:05:45,627 - INFO - cur_node_number 23,f_best -3.8524882793426514,f_min -4.097875162527998,k 126.33310922171972
2025-04-27 20:05:45,627 - INFO - f_best_current -3.8524882793426514,f_min -4.097875162527998
2025-04-27 20:05:54,100 - INFO - tree_node.f_best*ep:-3.8524882793426514,left_f_best-2.8522603511810303,right_f_best-3.815480947494507,i:1
2025-04-27 20:06:02,864 - INFO - tree_node.f_best*ep:-3.8524882793426514,left_f_best-2.8556556701660156,right_f_best-3.8080272674560547,i:2
2025-04-27 20:06:11,936 - INFO - tree_node.f_best*ep:-3.8524882793426514,left_f_best-2.865058422088623,right_f_best-3.8142690658569336,i:3
2025-04-27 20:06:21,251 - INFO - tree_node.f_best*ep:-3.8524882793426514,left_f_best-2.891292095184326,right_f_best-3.8357090950012207,i:4
2025-04-27 20:06:31,180 - INFO - tree_node.f_best*ep:-3.8524882793426514,left_f_best-2.9013497829437256,right_f_best-3.8498377799987793,i:5
2025-04-27 20:06:41,512 - INFO - tree_node.f_best*ep:-3.8524882793426514,left_f_best-2.9076857566833496,right_f_best-3.847062349319458,i:6
2025-04-27 20:06:52,227 - INFO - tree_node.f_best*ep:-3.8524882793426514,left_f_best-2.9107818603515625,right_f_best-3.8363072872161865,i:7
2025-04-27 20:07:03,438 - INFO - tree_node.f_best*ep:-3.8524882793426514,left_f_best-2.912844181060791,right_f_best-3.8591203689575195,i:8
2025-04-27 20:07:30,888 - INFO - 添加左子节点，右子节点，len(queue):10
2025-04-27 20:07:30,888 - INFO - Node 1: k=939.6272322275097, f_best=-3.7746193408966064, f_min=-11.05447159439791
2025-04-27 20:07:30,888 - INFO - Node 2: k=73.3943585918683, f_best=-2.8595194816589355, f_min=-3.25921366894363
2025-04-27 20:07:30,888 - INFO - Node 3: k=209.84916609430442, f_best=-3.7906723022460938, f_min=-6.212855798290548
2025-04-27 20:07:30,888 - INFO - Node 4: k=135.44619253820184, f_best=-2.8413760662078857, f_min=-2.956476108269271
2025-04-27 20:07:30,888 - INFO - Node 5: k=203.67753316196374, f_best=-3.792891025543213, f_min=-4.301449415723255
2025-04-27 20:07:30,888 - INFO - Node 6: k=100.91288920265809, f_best=-2.8502354621887207, f_min=-3.2042426954267285
2025-04-27 20:07:30,888 - INFO - Node 7: k=184.38661373557323, f_best=-3.7948875427246094, f_min=-3.9116858161623895
2025-04-27 20:07:30,888 - INFO - Node 8: k=58.71802013837147, f_best=-2.84914493560791, f_min=-2.8937388189297053
2025-04-27 20:07:30,888 - INFO - Node 9: k=171.9807236774798, f_best=-3.82291316986084, f_min=-4.335508537409623
2025-04-27 20:07:30,888 - INFO - Node 10: k=108.19227599742753, f_best=-2.85866117477417, f_min=-3.5461551260796114
2025-04-27 20:07:30,888 - INFO - Node 11: k=171.9807236774798, f_best=-3.835711717605591, f_min=-6.293773978909485
2025-04-27 20:07:30,888 - INFO - Node 12: k=87.79047675930516, f_best=-2.8499937057495117, f_min=-3.7680768775162505
2025-04-27 20:07:30,888 - INFO - Node 13: k=146.66881784178392, f_best=-3.839265823364258, f_min=-4.089050973855592
2025-04-27 20:07:30,888 - INFO - Node 14: k=162.01362129594017, f_best=-2.8866305351257324, f_min=-3.6417674546537455
2025-04-27 20:07:30,888 - INFO - Node 15: k=128.8724047170763, f_best=-3.839635133743286, f_min=-4.379710551455901
2025-04-27 20:07:30,888 - INFO - Node 16: k=98.51057187638395, f_best=-2.877159595489502, f_min=-4.050081264700111
2025-04-27 20:07:30,888 - INFO - Node 17: k=126.33310922171972, f_best=-3.8524882793426514, f_min=-4.097875162527998
2025-04-27 20:07:30,888 - INFO - Node 18: k=156.3461124340725, f_best=-2.912844181060791, f_min=-3.175342480908512
2025-04-27 20:07:30,888 - INFO - Node 19: k=155.6919056038811, f_best=-3.8591203689575195, f_min=-5.953648149385117
2025-04-27 20:07:30,888 - INFO - cur_node_number 24,f_best -3.8591203689575195,f_min -5.953648149385117,k 155.6919056038811
2025-04-27 20:07:30,888 - INFO - f_best_current -3.8591203689575195,f_min -5.953648149385117
2025-04-27 20:07:30,888 - INFO - 回退,len(queue)=8
2025-04-27 20:07:30,888 - INFO - 回退,len(queue)=7
2025-04-27 20:07:30,888 - INFO - 回退,len(queue)=6
2025-04-27 20:07:39,283 - INFO - tree_node.f_best*ep:-3.839265823364258,left_f_best-2.858981132507324,right_f_best-3.7963638305664062,i:1
2025-04-27 20:07:47,970 - INFO - tree_node.f_best*ep:-3.839265823364258,left_f_best-2.8725757598876953,right_f_best-3.8026630878448486,i:2
2025-04-27 20:07:57,023 - INFO - tree_node.f_best*ep:-3.839265823364258,left_f_best-2.869487762451172,right_f_best-3.8200244903564453,i:3
2025-04-27 20:08:06,574 - INFO - tree_node.f_best*ep:-3.839265823364258,left_f_best-2.9038023948669434,right_f_best-3.8223049640655518,i:4
2025-04-27 20:08:16,548 - INFO - tree_node.f_best*ep:-3.839265823364258,left_f_best-2.865443706512451,right_f_best-3.837207794189453,i:5
2025-04-27 20:08:27,058 - INFO - tree_node.f_best*ep:-3.839265823364258,left_f_best-2.8742783069610596,right_f_best-3.849442481994629,i:6
2025-04-27 20:08:50,895 - INFO - 添加左子节点，右子节点，len(queue):8
2025-04-27 20:08:50,895 - INFO - Node 1: k=939.6272322275097, f_best=-3.7746193408966064, f_min=-11.05447159439791
2025-04-27 20:08:50,895 - INFO - Node 2: k=73.3943585918683, f_best=-2.8595194816589355, f_min=-3.25921366894363
2025-04-27 20:08:50,895 - INFO - Node 3: k=209.84916609430442, f_best=-3.7906723022460938, f_min=-6.212855798290548
2025-04-27 20:08:50,895 - INFO - Node 4: k=135.44619253820184, f_best=-2.8413760662078857, f_min=-2.956476108269271
2025-04-27 20:08:50,895 - INFO - Node 5: k=203.67753316196374, f_best=-3.792891025543213, f_min=-4.301449415723255
2025-04-27 20:08:50,895 - INFO - Node 6: k=100.91288920265809, f_best=-2.8502354621887207, f_min=-3.2042426954267285
2025-04-27 20:08:50,895 - INFO - Node 7: k=184.38661373557323, f_best=-3.7948875427246094, f_min=-3.9116858161623895
2025-04-27 20:08:50,895 - INFO - Node 8: k=58.71802013837147, f_best=-2.84914493560791, f_min=-2.8937388189297053
2025-04-27 20:08:50,895 - INFO - Node 9: k=171.9807236774798, f_best=-3.82291316986084, f_min=-4.335508537409623
2025-04-27 20:08:50,895 - INFO - Node 10: k=108.19227599742753, f_best=-2.85866117477417, f_min=-3.5461551260796114
2025-04-27 20:08:50,895 - INFO - Node 11: k=171.9807236774798, f_best=-3.835711717605591, f_min=-6.293773978909485
2025-04-27 20:08:50,895 - INFO - Node 12: k=87.79047675930516, f_best=-2.8499937057495117, f_min=-3.7680768775162505
2025-04-27 20:08:50,895 - INFO - Node 13: k=155.6919056038811, f_best=-3.839265823364258, f_min=-4.089050973855592
2025-04-27 20:08:50,895 - INFO - Node 14: k=117.83317187838647, f_best=-2.8742783069610596, f_min=-3.0145630658603295
2025-04-27 20:08:50,895 - INFO - Node 15: k=109.90512685438014, f_best=-3.849442481994629, f_min=-3.861335699736628
2025-04-27 20:08:50,895 - INFO - cur_node_number 25,f_best -3.849442481994629,f_min -3.861335699736628,k 109.90512685438014
2025-04-27 20:08:50,895 - INFO - f_best_current -3.849442481994629,f_min -3.861335699736628
2025-04-27 20:08:50,895 - INFO - 结束,fmin= -3.861335699736628, fbestmin=-3.849442481994629
