2025-04-27 19:44:06,537 - INFO - Namespace(log_file='outputs/dnn1/img[9]/min/DNN1img9_label7.log', image_path='img[9].png', model_path='network/SimpleNN14.pth', label=7, init_epsilon=0.05, epsilon=0.01, ep=1, min=1)
2025-04-27 19:44:06,547 - INFO - Model output max(1): torch.return_types.max(
values=tensor([6.6428], grad_fn=<MaxBackward0>),
indices=tensor([9]))
2025-04-27 19:44:10,611 - INFO - cur_node_number 1,f_best -6.025878429412842,f_min -6.709903824163121,k 415.37662175695266
2025-04-27 19:44:10,611 - INFO - f_best_current -6.025878429412842,f_min -6.709903824163121
2025-04-27 19:44:16,726 - INFO - tree_node.f_best*ep:-6.025878429412842,left_f_best-5.15456485748291,right_f_best-6.032548427581787,i:1
2025-04-27 19:44:40,552 - INFO - 添加左子节点，右子节点，len(queue):2
2025-04-27 19:44:40,552 - INFO - Node 1: k=415.37662175695266, f_best=-6.025878429412842, f_min=-6.709903824163121
2025-04-27 19:44:40,552 - INFO - Node 2: k=136.2282326672793, f_best=-5.15456485748291, f_min=-6.835190660692206
2025-04-27 19:44:40,553 - INFO - Node 3: k=272.233918591654, f_best=-6.032548427581787, f_min=-7.24491936260074
2025-04-27 19:44:40,553 - INFO - cur_node_number 2,f_best -6.032548427581787,f_min -7.24491936260074,k 272.233918591654
2025-04-27 19:44:40,553 - INFO - f_best_current -6.032548427581787,f_min -7.24491936260074
2025-04-27 19:44:48,346 - INFO - tree_node.f_best*ep:-6.032548427581787,left_f_best-5.171726703643799,right_f_best-6.044588565826416,i:1
2025-04-27 19:45:12,129 - INFO - 添加左子节点，右子节点，len(queue):3
2025-04-27 19:45:12,129 - INFO - Node 1: k=415.37662175695266, f_best=-6.025878429412842, f_min=-6.709903824163121
2025-04-27 19:45:12,130 - INFO - Node 2: k=136.2282326672793, f_best=-5.15456485748291, f_min=-6.835190660692206
2025-04-27 19:45:12,130 - INFO - Node 3: k=272.233918591654, f_best=-6.032548427581787, f_min=-7.24491936260074
2025-04-27 19:45:12,130 - INFO - Node 4: k=128.33315749131194, f_best=-5.171726703643799, f_min=-6.293189614029416
2025-04-27 19:45:12,130 - INFO - Node 5: k=123.32564189456845, f_best=-6.044588565826416, f_min=-6.516682728725755
2025-04-27 19:45:12,130 - INFO - cur_node_number 3,f_best -6.044588565826416,f_min -6.516682728725755,k 123.32564189456845
2025-04-27 19:45:12,130 - INFO - f_best_current -6.044588565826416,f_min -6.516682728725755
2025-04-27 19:45:20,084 - INFO - tree_node.f_best*ep:-6.044588565826416,left_f_best-5.154677391052246,right_f_best-6.056263446807861,i:1
2025-04-27 19:45:42,572 - INFO - 添加左子节点，右子节点，len(queue):4
2025-04-27 19:45:42,572 - INFO - Node 1: k=415.37662175695266, f_best=-6.025878429412842, f_min=-6.709903824163121
2025-04-27 19:45:42,572 - INFO - Node 2: k=136.2282326672793, f_best=-5.15456485748291, f_min=-6.835190660692206
2025-04-27 19:45:42,572 - INFO - Node 3: k=272.233918591654, f_best=-6.032548427581787, f_min=-7.24491936260074
2025-04-27 19:45:42,572 - INFO - Node 4: k=128.33315749131194, f_best=-5.171726703643799, f_min=-6.293189614029416
2025-04-27 19:45:42,572 - INFO - Node 5: k=123.32564189456845, f_best=-6.044588565826416, f_min=-6.516682728725755
2025-04-27 19:45:42,572 - INFO - Node 6: k=162.94905662222178, f_best=-5.154677391052246, f_min=-5.761423206849031
2025-04-27 19:45:42,572 - INFO - Node 7: k=110.53969780820917, f_best=-6.056263446807861, f_min=-6.37980058727544
2025-04-27 19:45:42,572 - INFO - cur_node_number 4,f_best -6.056263446807861,f_min -6.37980058727544,k 110.53969780820917
2025-04-27 19:45:42,572 - INFO - f_best_current -6.056263446807861,f_min -6.37980058727544
2025-04-27 19:45:50,855 - INFO - tree_node.f_best*ep:-6.056263446807861,left_f_best-5.17036771774292,right_f_best-6.023123264312744,i:1
2025-04-27 19:45:59,465 - INFO - tree_node.f_best*ep:-6.056263446807861,left_f_best-5.151246547698975,right_f_best-6.032711029052734,i:2
2025-04-27 19:46:08,488 - INFO - tree_node.f_best*ep:-6.056263446807861,left_f_best-5.127634525299072,right_f_best-6.062917709350586,i:3
2025-04-27 19:46:34,608 - INFO - 添加左子节点，右子节点，len(queue):5
2025-04-27 19:46:34,608 - INFO - Node 1: k=415.37662175695266, f_best=-6.025878429412842, f_min=-6.709903824163121
2025-04-27 19:46:34,608 - INFO - Node 2: k=136.2282326672793, f_best=-5.15456485748291, f_min=-6.835190660692206
2025-04-27 19:46:34,608 - INFO - Node 3: k=272.233918591654, f_best=-6.032548427581787, f_min=-7.24491936260074
2025-04-27 19:46:34,608 - INFO - Node 4: k=128.33315749131194, f_best=-5.171726703643799, f_min=-6.293189614029416
2025-04-27 19:46:34,608 - INFO - Node 5: k=123.32564189456845, f_best=-6.044588565826416, f_min=-6.516682728725755
2025-04-27 19:46:34,608 - INFO - Node 6: k=162.94905662222178, f_best=-5.154677391052246, f_min=-5.761423206849031
2025-04-27 19:46:34,624 - INFO - Node 7: k=110.53969780820917, f_best=-6.056263446807861, f_min=-6.37980058727544
2025-04-27 19:46:34,624 - INFO - Node 8: k=167.88657598693172, f_best=-5.127634525299072, f_min=-5.321757764078939
2025-04-27 19:46:34,624 - INFO - Node 9: k=148.9908117920219, f_best=-6.062917709350586, f_min=-6.204101079693828
2025-04-27 19:46:34,624 - INFO - cur_node_number 5,f_best -6.062917709350586,f_min -6.204101079693828,k 148.9908117920219
2025-04-27 19:46:34,624 - INFO - f_best_current -6.062917709350586,f_min -6.204101079693828
2025-04-27 19:46:34,624 - INFO - 回退,len(queue)=3
2025-04-27 19:46:34,624 - INFO - 回退,len(queue)=2
2025-04-27 19:46:42,746 - INFO - tree_node.f_best*ep:-6.044588565826416,left_f_best-5.1651787757873535,right_f_best-6.062304973602295,i:1
2025-04-27 19:47:08,423 - INFO - 添加左子节点，右子节点，len(queue):4
2025-04-27 19:47:08,423 - INFO - Node 1: k=415.37662175695266, f_best=-6.025878429412842, f_min=-6.709903824163121
2025-04-27 19:47:08,423 - INFO - Node 2: k=136.2282326672793, f_best=-5.15456485748291, f_min=-6.835190660692206
2025-04-27 19:47:08,423 - INFO - Node 3: k=272.233918591654, f_best=-6.032548427581787, f_min=-7.24491936260074
2025-04-27 19:47:08,423 - INFO - Node 4: k=128.33315749131194, f_best=-5.171726703643799, f_min=-6.293189614029416
2025-04-27 19:47:08,423 - INFO - Node 5: k=148.9908117920219, f_best=-6.044588565826416, f_min=-6.516682728725755
2025-04-27 19:47:08,423 - INFO - Node 6: k=164.578547188444, f_best=-5.1651787757873535, f_min=-5.31639922404338
2025-04-27 19:47:08,423 - INFO - Node 7: k=167.88657598693172, f_best=-6.062304973602295, f_min=-6.32074046271282
2025-04-27 19:47:08,423 - INFO - cur_node_number 6,f_best -6.062304973602295,f_min -6.32074046271282,k 167.88657598693172
2025-04-27 19:47:08,423 - INFO - f_best_current -6.062304973602295,f_min -6.32074046271282
2025-04-27 19:47:08,423 - INFO - 回退,len(queue)=2
2025-04-27 19:47:16,707 - INFO - tree_node.f_best*ep:-6.044588565826416,left_f_best-5.155527591705322,right_f_best-6.046262264251709,i:1
2025-04-27 19:47:41,538 - INFO - 添加左子节点，右子节点，len(queue):4
2025-04-27 19:47:41,538 - INFO - Node 1: k=415.37662175695266, f_best=-6.025878429412842, f_min=-6.709903824163121
2025-04-27 19:47:41,538 - INFO - Node 2: k=136.2282326672793, f_best=-5.15456485748291, f_min=-6.835190660692206
2025-04-27 19:47:41,538 - INFO - Node 3: k=272.233918591654, f_best=-6.032548427581787, f_min=-7.24491936260074
2025-04-27 19:47:41,538 - INFO - Node 4: k=128.33315749131194, f_best=-5.171726703643799, f_min=-6.293189614029416
2025-04-27 19:47:41,538 - INFO - Node 5: k=167.88657598693172, f_best=-6.044588565826416, f_min=-6.516682728725755
2025-04-27 19:47:41,538 - INFO - Node 6: k=199.97681505162603, f_best=-5.155527591705322, f_min=-7.410563238539908
2025-04-27 19:47:41,538 - INFO - Node 7: k=123.32564189456845, f_best=-6.046262264251709, f_min=-6.250350992884705
2025-04-27 19:47:41,538 - INFO - cur_node_number 7,f_best -6.046262264251709,f_min -6.250350992884705,k 123.32564189456845
2025-04-27 19:47:41,538 - INFO - f_best_current -6.046262264251709,f_min -6.250350992884705
2025-04-27 19:47:49,997 - INFO - tree_node.f_best*ep:-6.046262264251709,left_f_best-5.150050640106201,right_f_best-6.052839279174805,i:1
2025-04-27 19:48:16,041 - INFO - 添加左子节点，右子节点，len(queue):5
2025-04-27 19:48:16,041 - INFO - Node 1: k=415.37662175695266, f_best=-6.025878429412842, f_min=-6.709903824163121
2025-04-27 19:48:16,041 - INFO - Node 2: k=136.2282326672793, f_best=-5.15456485748291, f_min=-6.835190660692206
2025-04-27 19:48:16,041 - INFO - Node 3: k=272.233918591654, f_best=-6.032548427581787, f_min=-7.24491936260074
2025-04-27 19:48:16,041 - INFO - Node 4: k=128.33315749131194, f_best=-5.171726703643799, f_min=-6.293189614029416
2025-04-27 19:48:16,041 - INFO - Node 5: k=167.88657598693172, f_best=-6.044588565826416, f_min=-6.516682728725755
2025-04-27 19:48:16,041 - INFO - Node 6: k=199.97681505162603, f_best=-5.155527591705322, f_min=-7.410563238539908
2025-04-27 19:48:16,041 - INFO - Node 7: k=123.32564189456845, f_best=-6.046262264251709, f_min=-6.250350992884705
2025-04-27 19:48:16,041 - INFO - Node 8: k=208.97108377021212, f_best=-5.150050640106201, f_min=-5.316021372614159
2025-04-27 19:48:16,056 - INFO - Node 9: k=132.22178049645618, f_best=-6.052839279174805, f_min=-6.3881402688653
2025-04-27 19:48:16,056 - INFO - cur_node_number 8,f_best -6.052839279174805,f_min -6.3881402688653,k 132.22178049645618
2025-04-27 19:48:16,056 - INFO - f_best_current -6.052839279174805,f_min -6.3881402688653
2025-04-27 19:48:16,056 - INFO - 回退,len(queue)=3
2025-04-27 19:48:24,161 - INFO - tree_node.f_best*ep:-6.046262264251709,left_f_best-5.149931907653809,right_f_best-6.043210029602051,i:1
2025-04-27 19:48:32,802 - INFO - tree_node.f_best*ep:-6.046262264251709,left_f_best-5.172723293304443,right_f_best-6.04545259475708,i:2
2025-04-27 19:48:41,753 - INFO - tree_node.f_best*ep:-6.046262264251709,left_f_best-5.131376266479492,right_f_best-6.063488006591797,i:3
2025-04-27 19:49:07,464 - INFO - 添加左子节点，右子节点，len(queue):5
2025-04-27 19:49:07,464 - INFO - Node 1: k=415.37662175695266, f_best=-6.025878429412842, f_min=-6.709903824163121
2025-04-27 19:49:07,464 - INFO - Node 2: k=136.2282326672793, f_best=-5.15456485748291, f_min=-6.835190660692206
2025-04-27 19:49:07,464 - INFO - Node 3: k=272.233918591654, f_best=-6.032548427581787, f_min=-7.24491936260074
2025-04-27 19:49:07,464 - INFO - Node 4: k=128.33315749131194, f_best=-5.171726703643799, f_min=-6.293189614029416
2025-04-27 19:49:07,464 - INFO - Node 5: k=167.88657598693172, f_best=-6.044588565826416, f_min=-6.516682728725755
2025-04-27 19:49:07,464 - INFO - Node 6: k=199.97681505162603, f_best=-5.155527591705322, f_min=-7.410563238539908
2025-04-27 19:49:07,464 - INFO - Node 7: k=132.22178049645618, f_best=-6.046262264251709, f_min=-6.250350992884705
2025-04-27 19:49:07,464 - INFO - Node 8: k=196.86021377163598, f_best=-5.131376266479492, f_min=-6.936895461187305
2025-04-27 19:49:07,464 - INFO - Node 9: k=140.3560843453305, f_best=-6.063488006591797, f_min=-6.1229364844393785
2025-04-27 19:49:07,464 - INFO - cur_node_number 9,f_best -6.063488006591797,f_min -6.1229364844393785,k 140.3560843453305
2025-04-27 19:49:07,464 - INFO - f_best_current -6.063488006591797,f_min -6.1229364844393785
2025-04-27 19:49:07,464 - INFO - 结束,fmin= -6.1229364844393785, fbestmin=-6.063488006591797
