2025-04-27 20:28:42,509 - INFO - Namespace(log_file='outputs/dnn1/img[9]/min/DNN1img9_label3.log', image_path='img[9].png', model_path='network/SimpleNN14.pth', label=3, init_epsilon=0.05, epsilon=0.01, ep=1, min=1)
2025-04-27 20:28:42,525 - INFO - Model output max(1): torch.return_types.max(
values=tensor([6.6428], grad_fn=<MaxBackward0>),
indices=tensor([9]))
2025-04-27 20:28:46,511 - INFO - cur_node_number 1,f_best -5.690633296966553,f_min -8.025852221893729,k 288.45598733121716
2025-04-27 20:28:46,511 - INFO - f_best_current -5.690633296966553,f_min -8.025852221893729
2025-04-27 20:28:55,000 - INFO - tree_node.f_best*ep:-5.690633296966553,left_f_best-4.805567264556885,right_f_best-5.767284870147705,i:1
2025-04-27 20:29:17,517 - INFO - 添加左子节点，右子节点，len(queue):2
2025-04-27 20:29:17,517 - INFO - Node 1: k=288.45598733121716, f_best=-5.690633296966553, f_min=-8.025852221893729
2025-04-27 20:29:17,517 - INFO - Node 2: k=120.38976989012882, f_best=-4.805567264556885, f_min=-5.024481140033913
2025-04-27 20:29:17,517 - INFO - Node 3: k=119.6986530097209, f_best=-5.767284870147705, f_min=-6.732773874091436
2025-04-27 20:29:17,517 - INFO - cur_node_number 2,f_best -5.767284870147705,f_min -6.732773874091436,k 119.6986530097209
2025-04-27 20:29:17,517 - INFO - f_best_current -5.767284870147705,f_min -6.732773874091436
2025-04-27 20:29:26,048 - INFO - tree_node.f_best*ep:-5.767284870147705,left_f_best-4.860363483428955,right_f_best-5.75880765914917,i:1
2025-04-27 20:29:35,006 - INFO - tree_node.f_best*ep:-5.767284870147705,left_f_best-4.912618637084961,right_f_best-5.772496700286865,i:2
2025-04-27 20:29:56,919 - INFO - 添加左子节点，右子节点，len(queue):3
2025-04-27 20:29:56,919 - INFO - Node 1: k=288.45598733121716, f_best=-5.690633296966553, f_min=-8.025852221893729
2025-04-27 20:29:56,919 - INFO - Node 2: k=120.38976989012882, f_best=-4.805567264556885, f_min=-5.024481140033913
2025-04-27 20:29:56,919 - INFO - Node 3: k=119.6986530097209, f_best=-5.767284870147705, f_min=-6.732773874091436
2025-04-27 20:29:56,919 - INFO - Node 4: k=75.73664613509946, f_best=-4.912618637084961, f_min=-5.304912356114528
2025-04-27 20:29:56,919 - INFO - Node 5: k=148.9908117920219, f_best=-5.772496700286865, f_min=-6.844600960695971
2025-04-27 20:29:56,919 - INFO - cur_node_number 3,f_best -5.772496700286865,f_min -6.844600960695971,k 148.9908117920219
2025-04-27 20:29:56,919 - INFO - f_best_current -5.772496700286865,f_min -6.844600960695971
2025-04-27 20:29:56,919 - INFO - 回退,len(queue)=1
2025-04-27 20:30:05,246 - INFO - tree_node.f_best*ep:-5.767284870147705,left_f_best-4.89808988571167,right_f_best-5.7841620445251465,i:1
2025-04-27 20:30:28,465 - INFO - 添加左子节点，右子节点，len(queue):3
2025-04-27 20:30:28,465 - INFO - Node 1: k=288.45598733121716, f_best=-5.690633296966553, f_min=-8.025852221893729
2025-04-27 20:30:28,465 - INFO - Node 2: k=120.38976989012882, f_best=-4.805567264556885, f_min=-5.024481140033913
2025-04-27 20:30:28,465 - INFO - Node 3: k=148.9908117920219, f_best=-5.767284870147705, f_min=-6.732773874091436
2025-04-27 20:30:28,465 - INFO - Node 4: k=113.88916119149573, f_best=-4.89808988571167, f_min=-6.5413880277724274
2025-04-27 20:30:28,465 - INFO - Node 5: k=130.9126539568873, f_best=-5.7841620445251465, f_min=-7.569850603351824
2025-04-27 20:30:28,465 - INFO - cur_node_number 4,f_best -5.7841620445251465,f_min -7.569850603351824,k 130.9126539568873
2025-04-27 20:30:28,465 - INFO - f_best_current -5.7841620445251465,f_min -7.569850603351824
2025-04-27 20:30:36,774 - INFO - tree_node.f_best*ep:-5.7841620445251465,left_f_best-4.89763879776001,right_f_best-5.77039909362793,i:1
2025-04-27 20:30:45,583 - INFO - tree_node.f_best*ep:-5.7841620445251465,left_f_best-4.908393383026123,right_f_best-5.761338233947754,i:2
2025-04-27 20:30:54,976 - INFO - tree_node.f_best*ep:-5.7841620445251465,left_f_best-4.9375529289245605,right_f_best-5.794405460357666,i:3
2025-04-27 20:31:19,060 - INFO - 添加左子节点，右子节点，len(queue):4
2025-04-27 20:31:19,060 - INFO - Node 1: k=288.45598733121716, f_best=-5.690633296966553, f_min=-8.025852221893729
2025-04-27 20:31:19,060 - INFO - Node 2: k=120.38976989012882, f_best=-4.805567264556885, f_min=-5.024481140033913
2025-04-27 20:31:19,060 - INFO - Node 3: k=148.9908117920219, f_best=-5.767284870147705, f_min=-6.732773874091436
2025-04-27 20:31:19,060 - INFO - Node 4: k=113.88916119149573, f_best=-4.89808988571167, f_min=-6.5413880277724274
2025-04-27 20:31:19,060 - INFO - Node 5: k=130.9126539568873, f_best=-5.7841620445251465, f_min=-7.569850603351824
2025-04-27 20:31:19,060 - INFO - Node 6: k=131.66851831069297, f_best=-4.9375529289245605, f_min=-4.99704993452724
2025-04-27 20:31:19,060 - INFO - Node 7: k=138.96642014389158, f_best=-5.794405460357666, f_min=-6.40490950446474
2025-04-27 20:31:19,060 - INFO - cur_node_number 5,f_best -5.794405460357666,f_min -6.40490950446474,k 138.96642014389158
2025-04-27 20:31:19,060 - INFO - f_best_current -5.794405460357666,f_min -6.40490950446474
2025-04-27 20:31:19,060 - INFO - 回退,len(queue)=2
2025-04-27 20:31:27,204 - INFO - tree_node.f_best*ep:-5.7841620445251465,left_f_best-4.877662658691406,right_f_best-5.764200210571289,i:1
2025-04-27 20:31:35,873 - INFO - tree_node.f_best*ep:-5.7841620445251465,left_f_best-4.9050164222717285,right_f_best-5.775991916656494,i:2
2025-04-27 20:31:44,860 - INFO - tree_node.f_best*ep:-5.7841620445251465,left_f_best-4.945374965667725,right_f_best-5.772898197174072,i:3
2025-04-27 20:31:54,335 - INFO - tree_node.f_best*ep:-5.7841620445251465,left_f_best-4.929039478302002,right_f_best-5.791985988616943,i:4
2025-04-27 20:32:20,452 - INFO - 添加左子节点，右子节点，len(queue):4
2025-04-27 20:32:20,452 - INFO - Node 1: k=288.45598733121716, f_best=-5.690633296966553, f_min=-8.025852221893729
2025-04-27 20:32:20,452 - INFO - Node 2: k=120.38976989012882, f_best=-4.805567264556885, f_min=-5.024481140033913
2025-04-27 20:32:20,452 - INFO - Node 3: k=148.9908117920219, f_best=-5.767284870147705, f_min=-6.732773874091436
2025-04-27 20:32:20,452 - INFO - Node 4: k=113.88916119149573, f_best=-4.89808988571167, f_min=-6.5413880277724274
2025-04-27 20:32:20,452 - INFO - Node 5: k=138.96642014389158, f_best=-5.7841620445251465, f_min=-7.569850603351824
2025-04-27 20:32:20,452 - INFO - Node 6: k=131.66851831069297, f_best=-4.929039478302002, f_min=-4.986933979684181
2025-04-27 20:32:20,452 - INFO - Node 7: k=215.3031165795333, f_best=-5.791985988616943, f_min=-6.976257991949751
2025-04-27 20:32:20,452 - INFO - cur_node_number 6,f_best -5.791985988616943,f_min -6.976257991949751,k 215.3031165795333
2025-04-27 20:32:20,452 - INFO - f_best_current -5.791985988616943,f_min -6.976257991949751
2025-04-27 20:32:20,452 - INFO - 回退,len(queue)=2
2025-04-27 20:32:20,452 - INFO - 回退,len(queue)=1
2025-04-27 20:32:28,719 - INFO - tree_node.f_best*ep:-5.767284870147705,left_f_best-4.877835750579834,right_f_best-5.765750408172607,i:1
2025-04-27 20:32:37,409 - INFO - tree_node.f_best*ep:-5.767284870147705,left_f_best-4.905145645141602,right_f_best-5.77484130859375,i:2
2025-04-27 20:32:59,960 - INFO - 添加左子节点，右子节点，len(queue):3
2025-04-27 20:32:59,960 - INFO - Node 1: k=288.45598733121716, f_best=-5.690633296966553, f_min=-8.025852221893729
2025-04-27 20:32:59,960 - INFO - Node 2: k=120.38976989012882, f_best=-4.805567264556885, f_min=-5.024481140033913
2025-04-27 20:32:59,960 - INFO - Node 3: k=215.3031165795333, f_best=-5.767284870147705, f_min=-6.732773874091436
2025-04-27 20:32:59,960 - INFO - Node 4: k=148.9908117920219, f_best=-4.905145645141602, f_min=-4.98333950774213
2025-04-27 20:32:59,960 - INFO - Node 5: k=94.27060460870165, f_best=-5.77484130859375, f_min=-7.168708191807127
2025-04-27 20:32:59,960 - INFO - cur_node_number 7,f_best -5.77484130859375,f_min -7.168708191807127,k 94.27060460870165
2025-04-27 20:32:59,960 - INFO - f_best_current -5.77484130859375,f_min -7.168708191807127
2025-04-27 20:33:07,831 - INFO - tree_node.f_best*ep:-5.77484130859375,left_f_best-4.890564918518066,right_f_best-5.786201477050781,i:1
2025-04-27 20:33:30,435 - INFO - 添加左子节点，右子节点，len(queue):4
2025-04-27 20:33:30,435 - INFO - Node 1: k=288.45598733121716, f_best=-5.690633296966553, f_min=-8.025852221893729
2025-04-27 20:33:30,435 - INFO - Node 2: k=120.38976989012882, f_best=-4.805567264556885, f_min=-5.024481140033913
2025-04-27 20:33:30,435 - INFO - Node 3: k=215.3031165795333, f_best=-5.767284870147705, f_min=-6.732773874091436
2025-04-27 20:33:30,435 - INFO - Node 4: k=148.9908117920219, f_best=-4.905145645141602, f_min=-4.98333950774213
2025-04-27 20:33:30,435 - INFO - Node 5: k=94.27060460870165, f_best=-5.77484130859375, f_min=-7.168708191807127
2025-04-27 20:33:30,435 - INFO - Node 6: k=142.57813797284754, f_best=-4.890564918518066, f_min=-5.6440724080403015
2025-04-27 20:33:30,435 - INFO - Node 7: k=155.04043620393327, f_best=-5.786201477050781, f_min=-6.45190134186214
2025-04-27 20:33:30,435 - INFO - cur_node_number 8,f_best -5.786201477050781,f_min -6.45190134186214,k 155.04043620393327
2025-04-27 20:33:30,435 - INFO - f_best_current -5.786201477050781,f_min -6.45190134186214
2025-04-27 20:33:30,435 - INFO - 回退,len(queue)=2
2025-04-27 20:33:38,290 - INFO - tree_node.f_best*ep:-5.77484130859375,left_f_best-4.895500183105469,right_f_best-5.774317264556885,i:1
2025-04-27 20:33:46,573 - INFO - tree_node.f_best*ep:-5.77484130859375,left_f_best-4.926082134246826,right_f_best-5.770148277282715,i:2
2025-04-27 20:33:55,170 - INFO - tree_node.f_best*ep:-5.77484130859375,left_f_best-4.913067817687988,right_f_best-5.775034427642822,i:3
2025-04-27 20:34:19,654 - INFO - 添加左子节点，右子节点，len(queue):4
2025-04-27 20:34:19,654 - INFO - Node 1: k=288.45598733121716, f_best=-5.690633296966553, f_min=-8.025852221893729
2025-04-27 20:34:19,654 - INFO - Node 2: k=120.38976989012882, f_best=-4.805567264556885, f_min=-5.024481140033913
2025-04-27 20:34:19,654 - INFO - Node 3: k=215.3031165795333, f_best=-5.767284870147705, f_min=-6.732773874091436
2025-04-27 20:34:19,654 - INFO - Node 4: k=148.9908117920219, f_best=-4.905145645141602, f_min=-4.98333950774213
2025-04-27 20:34:19,654 - INFO - Node 5: k=155.04043620393327, f_best=-5.77484130859375, f_min=-7.168708191807127
2025-04-27 20:34:19,654 - INFO - Node 6: k=162.26722076358823, f_best=-4.913067817687988, f_min=-5.831137150558789
2025-04-27 20:34:19,669 - INFO - Node 7: k=192.98128984573668, f_best=-5.775034427642822, f_min=-6.109152165628075
2025-04-27 20:34:19,669 - INFO - cur_node_number 9,f_best -5.775034427642822,f_min -6.109152165628075,k 192.98128984573668
2025-04-27 20:34:19,669 - INFO - f_best_current -5.775034427642822,f_min -6.109152165628075
2025-04-27 20:34:19,669 - INFO - 回退,len(queue)=2
2025-04-27 20:34:27,621 - INFO - tree_node.f_best*ep:-5.77484130859375,left_f_best-4.890429496765137,right_f_best-5.775198936462402,i:1
2025-04-27 20:34:51,168 - INFO - 添加左子节点，右子节点，len(queue):4
2025-04-27 20:34:51,168 - INFO - Node 1: k=288.45598733121716, f_best=-5.690633296966553, f_min=-8.025852221893729
2025-04-27 20:34:51,168 - INFO - Node 2: k=120.38976989012882, f_best=-4.805567264556885, f_min=-5.024481140033913
2025-04-27 20:34:51,168 - INFO - Node 3: k=215.3031165795333, f_best=-5.767284870147705, f_min=-6.732773874091436
2025-04-27 20:34:51,168 - INFO - Node 4: k=148.9908117920219, f_best=-4.905145645141602, f_min=-4.98333950774213
2025-04-27 20:34:51,168 - INFO - Node 5: k=192.98128984573668, f_best=-5.77484130859375, f_min=-7.168708191807127
2025-04-27 20:34:51,168 - INFO - Node 6: k=130.3648696145475, f_best=-4.890429496765137, f_min=-5.3278174901579405
2025-04-27 20:34:51,168 - INFO - Node 7: k=156.5908405659726, f_best=-5.775198936462402, f_min=-7.048519513667998
2025-04-27 20:34:51,168 - INFO - cur_node_number 10,f_best -5.775198936462402,f_min -7.048519513667998,k 156.5908405659726
2025-04-27 20:34:51,168 - INFO - f_best_current -5.775198936462402,f_min -7.048519513667998
2025-04-27 20:34:59,090 - INFO - tree_node.f_best*ep:-5.775198936462402,left_f_best-4.868887901306152,right_f_best-5.751110553741455,i:1
2025-04-27 20:35:07,164 - INFO - tree_node.f_best*ep:-5.775198936462402,left_f_best-4.88905668258667,right_f_best-5.7706074714660645,i:2
2025-04-27 20:35:15,571 - INFO - tree_node.f_best*ep:-5.775198936462402,left_f_best-4.933387756347656,right_f_best-5.783797740936279,i:3
2025-04-27 20:35:39,221 - INFO - 添加左子节点，右子节点，len(queue):5
2025-04-27 20:35:39,221 - INFO - Node 1: k=288.45598733121716, f_best=-5.690633296966553, f_min=-8.025852221893729
2025-04-27 20:35:39,221 - INFO - Node 2: k=120.38976989012882, f_best=-4.805567264556885, f_min=-5.024481140033913
2025-04-27 20:35:39,221 - INFO - Node 3: k=215.3031165795333, f_best=-5.767284870147705, f_min=-6.732773874091436
2025-04-27 20:35:39,221 - INFO - Node 4: k=148.9908117920219, f_best=-4.905145645141602, f_min=-4.98333950774213
2025-04-27 20:35:39,221 - INFO - Node 5: k=192.98128984573668, f_best=-5.77484130859375, f_min=-7.168708191807127
2025-04-27 20:35:39,221 - INFO - Node 6: k=130.3648696145475, f_best=-4.890429496765137, f_min=-5.3278174901579405
2025-04-27 20:35:39,221 - INFO - Node 7: k=156.5908405659726, f_best=-5.775198936462402, f_min=-7.048519513667998
2025-04-27 20:35:39,237 - INFO - Node 8: k=170.54447982432663, f_best=-4.933387756347656, f_min=-5.1835666657207184
2025-04-27 20:35:39,237 - INFO - Node 9: k=147.51565523962563, f_best=-5.783797740936279, f_min=-8.054776003565166
2025-04-27 20:35:39,237 - INFO - cur_node_number 11,f_best -5.783797740936279,f_min -8.054776003565166,k 147.51565523962563
2025-04-27 20:35:39,237 - INFO - f_best_current -5.783797740936279,f_min -8.054776003565166
2025-04-27 20:35:47,018 - INFO - tree_node.f_best*ep:-5.783797740936279,left_f_best-4.906045436859131,right_f_best-5.74039888381958,i:1
2025-04-27 20:35:55,300 - INFO - tree_node.f_best*ep:-5.783797740936279,left_f_best-4.901366710662842,right_f_best-5.7915940284729,i:2
2025-04-27 20:36:18,793 - INFO - 添加左子节点，右子节点，len(queue):6
2025-04-27 20:36:18,793 - INFO - Node 1: k=288.45598733121716, f_best=-5.690633296966553, f_min=-8.025852221893729
2025-04-27 20:36:18,793 - INFO - Node 2: k=120.38976989012882, f_best=-4.805567264556885, f_min=-5.024481140033913
2025-04-27 20:36:18,793 - INFO - Node 3: k=215.3031165795333, f_best=-5.767284870147705, f_min=-6.732773874091436
2025-04-27 20:36:18,793 - INFO - Node 4: k=148.9908117920219, f_best=-4.905145645141602, f_min=-4.98333950774213
2025-04-27 20:36:18,793 - INFO - Node 5: k=192.98128984573668, f_best=-5.77484130859375, f_min=-7.168708191807127
2025-04-27 20:36:18,793 - INFO - Node 6: k=130.3648696145475, f_best=-4.890429496765137, f_min=-5.3278174901579405
2025-04-27 20:36:18,793 - INFO - Node 7: k=156.5908405659726, f_best=-5.775198936462402, f_min=-7.048519513667998
2025-04-27 20:36:18,793 - INFO - Node 8: k=170.54447982432663, f_best=-4.933387756347656, f_min=-5.1835666657207184
2025-04-27 20:36:18,793 - INFO - Node 9: k=147.51565523962563, f_best=-5.783797740936279, f_min=-8.054776003565166
2025-04-27 20:36:18,793 - INFO - Node 10: k=120.8956395398181, f_best=-4.901366710662842, f_min=-6.702089958102533
2025-04-27 20:36:18,793 - INFO - Node 11: k=176.45047863914257, f_best=-5.7915940284729, f_min=-6.05965033395114
2025-04-27 20:36:18,793 - INFO - cur_node_number 12,f_best -5.7915940284729,f_min -6.05965033395114,k 176.45047863914257
2025-04-27 20:36:18,793 - INFO - f_best_current -5.7915940284729,f_min -6.05965033395114
2025-04-27 20:36:18,793 - INFO - 回退,len(queue)=4
2025-04-27 20:36:18,793 - INFO - 回退,len(queue)=3
2025-04-27 20:36:26,804 - INFO - tree_node.f_best*ep:-5.775198936462402,left_f_best-4.848252296447754,right_f_best-5.774453163146973,i:1
2025-04-27 20:36:35,020 - INFO - tree_node.f_best*ep:-5.775198936462402,left_f_best-4.8579511642456055,right_f_best-5.765457630157471,i:2
2025-04-27 20:36:43,640 - INFO - tree_node.f_best*ep:-5.775198936462402,left_f_best-4.915759563446045,right_f_best-5.799121379852295,i:3
2025-04-27 20:37:07,796 - INFO - 添加左子节点，右子节点，len(queue):5
2025-04-27 20:37:07,796 - INFO - Node 1: k=288.45598733121716, f_best=-5.690633296966553, f_min=-8.025852221893729
2025-04-27 20:37:07,796 - INFO - Node 2: k=120.38976989012882, f_best=-4.805567264556885, f_min=-5.024481140033913
2025-04-27 20:37:07,796 - INFO - Node 3: k=215.3031165795333, f_best=-5.767284870147705, f_min=-6.732773874091436
2025-04-27 20:37:07,796 - INFO - Node 4: k=148.9908117920219, f_best=-4.905145645141602, f_min=-4.98333950774213
2025-04-27 20:37:07,796 - INFO - Node 5: k=192.98128984573668, f_best=-5.77484130859375, f_min=-7.168708191807127
2025-04-27 20:37:07,796 - INFO - Node 6: k=130.3648696145475, f_best=-4.890429496765137, f_min=-5.3278174901579405
2025-04-27 20:37:07,796 - INFO - Node 7: k=176.45047863914257, f_best=-5.775198936462402, f_min=-7.048519513667998
2025-04-27 20:37:07,796 - INFO - Node 8: k=139.76878538657735, f_best=-4.915759563446045, f_min=-5.928143099042245
2025-04-27 20:37:07,796 - INFO - Node 9: k=172.97370712591174, f_best=-5.799121379852295, f_min=-8.383101761213766
2025-04-27 20:37:07,796 - INFO - cur_node_number 13,f_best -5.799121379852295,f_min -8.383101761213766,k 172.97370712591174
2025-04-27 20:37:07,796 - INFO - f_best_current -5.799121379852295,f_min -8.383101761213766
2025-04-27 20:37:15,660 - INFO - tree_node.f_best*ep:-5.799121379852295,left_f_best-4.8639421463012695,right_f_best-5.761319160461426,i:1
2025-04-27 20:37:23,784 - INFO - tree_node.f_best*ep:-5.799121379852295,left_f_best-4.886836051940918,right_f_best-5.766611576080322,i:2
2025-04-27 20:37:32,360 - INFO - tree_node.f_best*ep:-5.799121379852295,left_f_best-4.931064128875732,right_f_best-5.775495529174805,i:3
2025-04-27 20:37:41,111 - INFO - tree_node.f_best*ep:-5.799121379852295,left_f_best-4.928284645080566,right_f_best-5.796947956085205,i:4
2025-04-27 20:37:50,318 - INFO - tree_node.f_best*ep:-5.799121379852295,left_f_best-4.943451881408691,right_f_best-5.808108806610107,i:5
2025-04-27 20:38:14,394 - INFO - 添加左子节点，右子节点，len(queue):6
2025-04-27 20:38:14,394 - INFO - Node 1: k=288.45598733121716, f_best=-5.690633296966553, f_min=-8.025852221893729
2025-04-27 20:38:14,394 - INFO - Node 2: k=120.38976989012882, f_best=-4.805567264556885, f_min=-5.024481140033913
2025-04-27 20:38:14,394 - INFO - Node 3: k=215.3031165795333, f_best=-5.767284870147705, f_min=-6.732773874091436
2025-04-27 20:38:14,394 - INFO - Node 4: k=148.9908117920219, f_best=-4.905145645141602, f_min=-4.98333950774213
2025-04-27 20:38:14,394 - INFO - Node 5: k=192.98128984573668, f_best=-5.77484130859375, f_min=-7.168708191807127
2025-04-27 20:38:14,394 - INFO - Node 6: k=130.3648696145475, f_best=-4.890429496765137, f_min=-5.3278174901579405
2025-04-27 20:38:14,394 - INFO - Node 7: k=176.45047863914257, f_best=-5.775198936462402, f_min=-7.048519513667998
2025-04-27 20:38:14,394 - INFO - Node 8: k=139.76878538657735, f_best=-4.915759563446045, f_min=-5.928143099042245
2025-04-27 20:38:14,394 - INFO - Node 9: k=172.97370712591174, f_best=-5.799121379852295, f_min=-8.383101761213766
2025-04-27 20:38:14,394 - INFO - Node 10: k=137.59051499395207, f_best=-4.943451881408691, f_min=-5.172419254808119
2025-04-27 20:38:14,394 - INFO - Node 11: k=164.578547188444, f_best=-5.808108806610107, f_min=-8.950655887709217
2025-04-27 20:38:14,394 - INFO - cur_node_number 14,f_best -5.808108806610107,f_min -8.950655887709217,k 164.578547188444
2025-04-27 20:38:14,394 - INFO - f_best_current -5.808108806610107,f_min -8.950655887709217
2025-04-27 20:38:22,141 - INFO - tree_node.f_best*ep:-5.808108806610107,left_f_best-4.902756690979004,right_f_best-5.770296096801758,i:1
2025-04-27 20:38:30,326 - INFO - tree_node.f_best*ep:-5.808108806610107,left_f_best-4.914883136749268,right_f_best-5.780700206756592,i:2
2025-04-27 20:38:38,970 - INFO - tree_node.f_best*ep:-5.808108806610107,left_f_best-4.923330307006836,right_f_best-5.788541316986084,i:3
2025-04-27 20:38:47,990 - INFO - tree_node.f_best*ep:-5.808108806610107,left_f_best-4.934621810913086,right_f_best-5.7961883544921875,i:4
2025-04-27 20:38:57,294 - INFO - tree_node.f_best*ep:-5.808108806610107,left_f_best-4.951668739318848,right_f_best-5.792759895324707,i:5
2025-04-27 20:39:06,989 - INFO - tree_node.f_best*ep:-5.808108806610107,left_f_best-4.9576191902160645,right_f_best-5.807348728179932,i:6
2025-04-27 20:39:17,232 - INFO - tree_node.f_best*ep:-5.808108806610107,left_f_best-4.952035427093506,right_f_best-5.809414863586426,i:7
2025-04-27 20:39:39,175 - INFO - 添加左子节点，右子节点，len(queue):7
2025-04-27 20:39:39,175 - INFO - Node 1: k=288.45598733121716, f_best=-5.690633296966553, f_min=-8.025852221893729
2025-04-27 20:39:39,175 - INFO - Node 2: k=120.38976989012882, f_best=-4.805567264556885, f_min=-5.024481140033913
2025-04-27 20:39:39,175 - INFO - Node 3: k=215.3031165795333, f_best=-5.767284870147705, f_min=-6.732773874091436
2025-04-27 20:39:39,175 - INFO - Node 4: k=148.9908117920219, f_best=-4.905145645141602, f_min=-4.98333950774213
2025-04-27 20:39:39,175 - INFO - Node 5: k=192.98128984573668, f_best=-5.77484130859375, f_min=-7.168708191807127
2025-04-27 20:39:39,175 - INFO - Node 6: k=130.3648696145475, f_best=-4.890429496765137, f_min=-5.3278174901579405
2025-04-27 20:39:39,175 - INFO - Node 7: k=176.45047863914257, f_best=-5.775198936462402, f_min=-7.048519513667998
2025-04-27 20:39:39,175 - INFO - Node 8: k=139.76878538657735, f_best=-4.915759563446045, f_min=-5.928143099042245
2025-04-27 20:39:39,175 - INFO - Node 9: k=172.97370712591174, f_best=-5.799121379852295, f_min=-8.383101761213766
2025-04-27 20:39:39,175 - INFO - Node 10: k=137.59051499395207, f_best=-4.943451881408691, f_min=-5.172419254808119
2025-04-27 20:39:39,175 - INFO - Node 11: k=164.578547188444, f_best=-5.808108806610107, f_min=-8.950655887709217
2025-04-27 20:39:39,175 - INFO - Node 12: k=173.9724238687956, f_best=-4.952035427093506, f_min=-5.874774790208903
2025-04-27 20:39:39,175 - INFO - Node 13: k=94.27060460870165, f_best=-5.809414863586426, f_min=-6.422781640032554
2025-04-27 20:39:39,175 - INFO - cur_node_number 15,f_best -5.809414863586426,f_min -6.422781640032554,k 94.27060460870165
2025-04-27 20:39:39,175 - INFO - f_best_current -5.809414863586426,f_min -6.422781640032554
2025-04-27 20:39:46,876 - INFO - tree_node.f_best*ep:-5.809414863586426,left_f_best-4.874387741088867,right_f_best-5.766092300415039,i:1
2025-04-27 20:39:55,173 - INFO - tree_node.f_best*ep:-5.809414863586426,left_f_best-4.892977237701416,right_f_best-5.773653507232666,i:2
2025-04-27 20:40:03,844 - INFO - tree_node.f_best*ep:-5.809414863586426,left_f_best-4.90986967086792,right_f_best-5.7799272537231445,i:3
2025-04-27 20:40:12,848 - INFO - tree_node.f_best*ep:-5.809414863586426,left_f_best-4.931314468383789,right_f_best-5.799588203430176,i:4
2025-04-27 20:40:22,241 - INFO - tree_node.f_best*ep:-5.809414863586426,left_f_best-4.952298641204834,right_f_best-5.794559001922607,i:5
2025-04-27 20:40:31,967 - INFO - tree_node.f_best*ep:-5.809414863586426,left_f_best-4.945321559906006,right_f_best-5.815643787384033,i:6
2025-04-27 20:40:56,406 - INFO - 添加左子节点，右子节点，len(queue):8
2025-04-27 20:40:56,406 - INFO - Node 1: k=288.45598733121716, f_best=-5.690633296966553, f_min=-8.025852221893729
2025-04-27 20:40:56,406 - INFO - Node 2: k=120.38976989012882, f_best=-4.805567264556885, f_min=-5.024481140033913
2025-04-27 20:40:56,406 - INFO - Node 3: k=215.3031165795333, f_best=-5.767284870147705, f_min=-6.732773874091436
2025-04-27 20:40:56,406 - INFO - Node 4: k=148.9908117920219, f_best=-4.905145645141602, f_min=-4.98333950774213
2025-04-27 20:40:56,406 - INFO - Node 5: k=192.98128984573668, f_best=-5.77484130859375, f_min=-7.168708191807127
2025-04-27 20:40:56,406 - INFO - Node 6: k=130.3648696145475, f_best=-4.890429496765137, f_min=-5.3278174901579405
2025-04-27 20:40:56,406 - INFO - Node 7: k=176.45047863914257, f_best=-5.775198936462402, f_min=-7.048519513667998
2025-04-27 20:40:56,406 - INFO - Node 8: k=139.76878538657735, f_best=-4.915759563446045, f_min=-5.928143099042245
2025-04-27 20:40:56,406 - INFO - Node 9: k=172.97370712591174, f_best=-5.799121379852295, f_min=-8.383101761213766
2025-04-27 20:40:56,406 - INFO - Node 10: k=137.59051499395207, f_best=-4.943451881408691, f_min=-5.172419254808119
2025-04-27 20:40:56,406 - INFO - Node 11: k=164.578547188444, f_best=-5.808108806610107, f_min=-8.950655887709217
2025-04-27 20:40:56,406 - INFO - Node 12: k=173.9724238687956, f_best=-4.952035427093506, f_min=-5.874774790208903
2025-04-27 20:40:56,406 - INFO - Node 13: k=94.27060460870165, f_best=-5.809414863586426, f_min=-6.422781640032554
2025-04-27 20:40:56,406 - INFO - Node 14: k=162.26722076358823, f_best=-4.945321559906006, f_min=-9.09983658548299
2025-04-27 20:40:56,406 - INFO - Node 15: k=147.51565523962563, f_best=-5.815643787384033, f_min=-6.670182100368038
2025-04-27 20:40:56,406 - INFO - cur_node_number 16,f_best -5.815643787384033,f_min -6.670182100368038,k 147.51565523962563
2025-04-27 20:40:56,406 - INFO - f_best_current -5.815643787384033,f_min -6.670182100368038
2025-04-27 20:40:56,406 - INFO - 回退,len(queue)=6
2025-04-27 20:41:04,154 - INFO - tree_node.f_best*ep:-5.809414863586426,left_f_best-4.884141445159912,right_f_best-5.766894817352295,i:1
2025-04-27 20:41:12,242 - INFO - tree_node.f_best*ep:-5.809414863586426,left_f_best-4.910334587097168,right_f_best-5.765665531158447,i:2
2025-04-27 20:41:20,670 - INFO - tree_node.f_best*ep:-5.809414863586426,left_f_best-4.927359580993652,right_f_best-5.803907871246338,i:3
2025-04-27 20:41:29,584 - INFO - tree_node.f_best*ep:-5.809414863586426,left_f_best-4.940799236297607,right_f_best-5.7871785163879395,i:4
2025-04-27 20:41:38,791 - INFO - tree_node.f_best*ep:-5.809414863586426,left_f_best-4.943821430206299,right_f_best-5.804358005523682,i:5
2025-04-27 20:41:48,517 - INFO - tree_node.f_best*ep:-5.809414863586426,left_f_best-4.9524760246276855,right_f_best-5.818376064300537,i:6
2025-04-27 20:42:14,906 - INFO - 添加左子节点，右子节点，len(queue):8
2025-04-27 20:42:14,906 - INFO - Node 1: k=288.45598733121716, f_best=-5.690633296966553, f_min=-8.025852221893729
2025-04-27 20:42:14,906 - INFO - Node 2: k=120.38976989012882, f_best=-4.805567264556885, f_min=-5.024481140033913
2025-04-27 20:42:14,906 - INFO - Node 3: k=215.3031165795333, f_best=-5.767284870147705, f_min=-6.732773874091436
2025-04-27 20:42:14,906 - INFO - Node 4: k=148.9908117920219, f_best=-4.905145645141602, f_min=-4.98333950774213
2025-04-27 20:42:14,906 - INFO - Node 5: k=192.98128984573668, f_best=-5.77484130859375, f_min=-7.168708191807127
2025-04-27 20:42:14,906 - INFO - Node 6: k=130.3648696145475, f_best=-4.890429496765137, f_min=-5.3278174901579405
2025-04-27 20:42:14,906 - INFO - Node 7: k=176.45047863914257, f_best=-5.775198936462402, f_min=-7.048519513667998
2025-04-27 20:42:14,906 - INFO - Node 8: k=139.76878538657735, f_best=-4.915759563446045, f_min=-5.928143099042245
2025-04-27 20:42:14,906 - INFO - Node 9: k=172.97370712591174, f_best=-5.799121379852295, f_min=-8.383101761213766
2025-04-27 20:42:14,906 - INFO - Node 10: k=137.59051499395207, f_best=-4.943451881408691, f_min=-5.172419254808119
2025-04-27 20:42:14,906 - INFO - Node 11: k=164.578547188444, f_best=-5.808108806610107, f_min=-8.950655887709217
2025-04-27 20:42:14,906 - INFO - Node 12: k=173.9724238687956, f_best=-4.952035427093506, f_min=-5.874774790208903
2025-04-27 20:42:14,906 - INFO - Node 13: k=147.51565523962563, f_best=-5.809414863586426, f_min=-6.422781640032554
2025-04-27 20:42:14,906 - INFO - Node 14: k=178.214983425534, f_best=-4.9524760246276855, f_min=-5.903929448307281
2025-04-27 20:42:14,906 - INFO - Node 15: k=192.98128984573668, f_best=-5.818376064300537, f_min=-7.390021164349491
2025-04-27 20:42:14,906 - INFO - cur_node_number 17,f_best -5.818376064300537,f_min -7.390021164349491,k 192.98128984573668
2025-04-27 20:42:14,906 - INFO - f_best_current -5.818376064300537,f_min -7.390021164349491
2025-04-27 20:42:14,906 - INFO - 回退,len(queue)=6
2025-04-27 20:42:14,906 - INFO - 回退,len(queue)=5
2025-04-27 20:42:14,906 - INFO - 回退,len(queue)=4
2025-04-27 20:42:14,906 - INFO - 回退,len(queue)=3
2025-04-27 20:42:22,824 - INFO - tree_node.f_best*ep:-5.775198936462402,left_f_best-4.905253887176514,right_f_best-5.758066654205322,i:1
2025-04-27 20:42:31,039 - INFO - tree_node.f_best*ep:-5.775198936462402,left_f_best-4.8875603675842285,right_f_best-5.777803897857666,i:2
2025-04-27 20:42:49,701 - INFO - 添加左子节点，右子节点，len(queue):5
2025-04-27 20:42:49,701 - INFO - Node 1: k=288.45598733121716, f_best=-5.690633296966553, f_min=-8.025852221893729
2025-04-27 20:42:49,701 - INFO - Node 2: k=120.38976989012882, f_best=-4.805567264556885, f_min=-5.024481140033913
2025-04-27 20:42:49,701 - INFO - Node 3: k=215.3031165795333, f_best=-5.767284870147705, f_min=-6.732773874091436
2025-04-27 20:42:49,701 - INFO - Node 4: k=148.9908117920219, f_best=-4.905145645141602, f_min=-4.98333950774213
2025-04-27 20:42:49,701 - INFO - Node 5: k=192.98128984573668, f_best=-5.77484130859375, f_min=-7.168708191807127
2025-04-27 20:42:49,701 - INFO - Node 6: k=130.3648696145475, f_best=-4.890429496765137, f_min=-5.3278174901579405
2025-04-27 20:42:49,701 - INFO - Node 7: k=192.98128984573668, f_best=-5.775198936462402, f_min=-7.048519513667998
2025-04-27 20:42:49,701 - INFO - Node 8: k=106.22647687875926, f_best=-4.8875603675842285, f_min=-5.733075963848023
2025-04-27 20:42:49,701 - INFO - Node 9: k=62.069549541913275, f_best=-5.777803897857666, f_min=-5.948240478779553
2025-04-27 20:42:49,701 - INFO - cur_node_number 18,f_best -5.777803897857666,f_min -5.948240478779553,k 62.069549541913275
2025-04-27 20:42:49,701 - INFO - f_best_current -5.777803897857666,f_min -5.948240478779553
2025-04-27 20:42:57,558 - INFO - tree_node.f_best*ep:-5.777803897857666,left_f_best-4.882760047912598,right_f_best-5.754199504852295,i:1
2025-04-27 20:43:05,737 - INFO - tree_node.f_best*ep:-5.777803897857666,left_f_best-4.887523651123047,right_f_best-5.772559642791748,i:2
2025-04-27 20:43:14,291 - INFO - tree_node.f_best*ep:-5.777803897857666,left_f_best-4.908315181732178,right_f_best-5.792544841766357,i:3
2025-04-27 20:43:38,931 - INFO - 添加左子节点，右子节点，len(queue):6
2025-04-27 20:43:38,931 - INFO - Node 1: k=288.45598733121716, f_best=-5.690633296966553, f_min=-8.025852221893729
2025-04-27 20:43:38,931 - INFO - Node 2: k=120.38976989012882, f_best=-4.805567264556885, f_min=-5.024481140033913
2025-04-27 20:43:38,931 - INFO - Node 3: k=215.3031165795333, f_best=-5.767284870147705, f_min=-6.732773874091436
2025-04-27 20:43:38,931 - INFO - Node 4: k=148.9908117920219, f_best=-4.905145645141602, f_min=-4.98333950774213
2025-04-27 20:43:38,931 - INFO - Node 5: k=192.98128984573668, f_best=-5.77484130859375, f_min=-7.168708191807127
2025-04-27 20:43:38,931 - INFO - Node 6: k=130.3648696145475, f_best=-4.890429496765137, f_min=-5.3278174901579405
2025-04-27 20:43:38,931 - INFO - Node 7: k=192.98128984573668, f_best=-5.775198936462402, f_min=-7.048519513667998
2025-04-27 20:43:38,931 - INFO - Node 8: k=106.22647687875926, f_best=-4.8875603675842285, f_min=-5.733075963848023
2025-04-27 20:43:38,931 - INFO - Node 9: k=62.069549541913275, f_best=-5.777803897857666, f_min=-5.948240478779553
2025-04-27 20:43:38,931 - INFO - Node 10: k=196.86021377163598, f_best=-4.908315181732178, f_min=-9.759836080391324
2025-04-27 20:43:38,935 - INFO - Node 11: k=132.22178049645618, f_best=-5.792544841766357, f_min=-5.946034446636531
2025-04-27 20:43:38,935 - INFO - cur_node_number 19,f_best -5.792544841766357,f_min -5.946034446636531,k 132.22178049645618
2025-04-27 20:43:38,935 - INFO - f_best_current -5.792544841766357,f_min -5.946034446636531
2025-04-27 20:43:38,935 - INFO - 回退,len(queue)=4
2025-04-27 20:43:46,685 - INFO - tree_node.f_best*ep:-5.777803897857666,left_f_best-4.902975082397461,right_f_best-5.765756130218506,i:1
2025-04-27 20:43:54,856 - INFO - tree_node.f_best*ep:-5.777803897857666,left_f_best-4.883477687835693,right_f_best-5.788355350494385,i:2
2025-04-27 20:44:18,472 - INFO - 添加左子节点，右子节点，len(queue):6
2025-04-27 20:44:18,472 - INFO - Node 1: k=288.45598733121716, f_best=-5.690633296966553, f_min=-8.025852221893729
2025-04-27 20:44:18,472 - INFO - Node 2: k=120.38976989012882, f_best=-4.805567264556885, f_min=-5.024481140033913
2025-04-27 20:44:18,472 - INFO - Node 3: k=215.3031165795333, f_best=-5.767284870147705, f_min=-6.732773874091436
2025-04-27 20:44:18,472 - INFO - Node 4: k=148.9908117920219, f_best=-4.905145645141602, f_min=-4.98333950774213
2025-04-27 20:44:18,472 - INFO - Node 5: k=192.98128984573668, f_best=-5.77484130859375, f_min=-7.168708191807127
2025-04-27 20:44:18,472 - INFO - Node 6: k=130.3648696145475, f_best=-4.890429496765137, f_min=-5.3278174901579405
2025-04-27 20:44:18,472 - INFO - Node 7: k=192.98128984573668, f_best=-5.775198936462402, f_min=-7.048519513667998
2025-04-27 20:44:18,472 - INFO - Node 8: k=106.22647687875926, f_best=-4.8875603675842285, f_min=-5.733075963848023
2025-04-27 20:44:18,472 - INFO - Node 9: k=132.22178049645618, f_best=-5.777803897857666, f_min=-5.948240478779553
2025-04-27 20:44:18,472 - INFO - Node 10: k=119.6986530097209, f_best=-4.883477687835693, f_min=-5.0166890493278515
2025-04-27 20:44:18,472 - INFO - Node 11: k=183.6150756383111, f_best=-5.788355350494385, f_min=-6.240292414961004
2025-04-27 20:44:18,472 - INFO - cur_node_number 20,f_best -5.788355350494385,f_min -6.240292414961004,k 183.6150756383111
2025-04-27 20:44:18,472 - INFO - f_best_current -5.788355350494385,f_min -6.240292414961004
2025-04-27 20:44:18,472 - INFO - 回退,len(queue)=4
2025-04-27 20:44:26,216 - INFO - tree_node.f_best*ep:-5.777803897857666,left_f_best-4.844426155090332,right_f_best-5.748635768890381,i:1
2025-04-27 20:44:34,499 - INFO - tree_node.f_best*ep:-5.777803897857666,left_f_best-4.923393726348877,right_f_best-5.772544860839844,i:2
2025-04-27 20:44:43,268 - INFO - tree_node.f_best*ep:-5.777803897857666,left_f_best-4.928922176361084,right_f_best-5.791358947753906,i:3
2025-04-27 20:45:07,349 - INFO - 添加左子节点，右子节点，len(queue):6
2025-04-27 20:45:07,349 - INFO - Node 1: k=288.45598733121716, f_best=-5.690633296966553, f_min=-8.025852221893729
2025-04-27 20:45:07,349 - INFO - Node 2: k=120.38976989012882, f_best=-4.805567264556885, f_min=-5.024481140033913
2025-04-27 20:45:07,349 - INFO - Node 3: k=215.3031165795333, f_best=-5.767284870147705, f_min=-6.732773874091436
2025-04-27 20:45:07,349 - INFO - Node 4: k=148.9908117920219, f_best=-4.905145645141602, f_min=-4.98333950774213
2025-04-27 20:45:07,349 - INFO - Node 5: k=192.98128984573668, f_best=-5.77484130859375, f_min=-7.168708191807127
2025-04-27 20:45:07,349 - INFO - Node 6: k=130.3648696145475, f_best=-4.890429496765137, f_min=-5.3278174901579405
2025-04-27 20:45:07,349 - INFO - Node 7: k=192.98128984573668, f_best=-5.775198936462402, f_min=-7.048519513667998
2025-04-27 20:45:07,349 - INFO - Node 8: k=106.22647687875926, f_best=-4.8875603675842285, f_min=-5.733075963848023
2025-04-27 20:45:07,349 - INFO - Node 9: k=183.6150756383111, f_best=-5.777803897857666, f_min=-5.948240478779553
2025-04-27 20:45:07,349 - INFO - Node 10: k=145.44395854610178, f_best=-4.928922176361084, f_min=-5.030368810382242
2025-04-27 20:45:07,349 - INFO - Node 11: k=159.73831646134866, f_best=-5.791358947753906, f_min=-6.542622181718798
2025-04-27 20:45:07,349 - INFO - cur_node_number 21,f_best -5.791358947753906,f_min -6.542622181718798,k 159.73831646134866
2025-04-27 20:45:07,349 - INFO - f_best_current -5.791358947753906,f_min -6.542622181718798
2025-04-27 20:45:15,160 - INFO - tree_node.f_best*ep:-5.791358947753906,left_f_best-4.883981227874756,right_f_best-5.766250133514404,i:1
2025-04-27 20:45:23,425 - INFO - tree_node.f_best*ep:-5.791358947753906,left_f_best-4.903247356414795,right_f_best-5.78689432144165,i:2
2025-04-27 20:45:32,190 - INFO - tree_node.f_best*ep:-5.791358947753906,left_f_best-4.9266743659973145,right_f_best-5.7764201164245605,i:3
2025-04-27 20:45:41,291 - INFO - tree_node.f_best*ep:-5.791358947753906,left_f_best-4.937739849090576,right_f_best-5.797322750091553,i:4
2025-04-27 20:46:05,665 - INFO - 添加左子节点，右子节点，len(queue):7
2025-04-27 20:46:05,665 - INFO - Node 1: k=288.45598733121716, f_best=-5.690633296966553, f_min=-8.025852221893729
2025-04-27 20:46:05,665 - INFO - Node 2: k=120.38976989012882, f_best=-4.805567264556885, f_min=-5.024481140033913
2025-04-27 20:46:05,665 - INFO - Node 3: k=215.3031165795333, f_best=-5.767284870147705, f_min=-6.732773874091436
2025-04-27 20:46:05,665 - INFO - Node 4: k=148.9908117920219, f_best=-4.905145645141602, f_min=-4.98333950774213
2025-04-27 20:46:05,665 - INFO - Node 5: k=192.98128984573668, f_best=-5.77484130859375, f_min=-7.168708191807127
2025-04-27 20:46:05,665 - INFO - Node 6: k=130.3648696145475, f_best=-4.890429496765137, f_min=-5.3278174901579405
2025-04-27 20:46:05,665 - INFO - Node 7: k=192.98128984573668, f_best=-5.775198936462402, f_min=-7.048519513667998
2025-04-27 20:46:05,665 - INFO - Node 8: k=106.22647687875926, f_best=-4.8875603675842285, f_min=-5.733075963848023
2025-04-27 20:46:05,665 - INFO - Node 9: k=183.6150756383111, f_best=-5.777803897857666, f_min=-5.948240478779553
2025-04-27 20:46:05,665 - INFO - Node 10: k=145.44395854610178, f_best=-4.928922176361084, f_min=-5.030368810382242
2025-04-27 20:46:05,665 - INFO - Node 11: k=159.73831646134866, f_best=-5.791358947753906, f_min=-6.542622181718798
2025-04-27 20:46:05,665 - INFO - Node 12: k=185.45122639469423, f_best=-4.937739849090576, f_min=-8.351997760674749
2025-04-27 20:46:05,665 - INFO - Node 13: k=138.96642014389158, f_best=-5.797322750091553, f_min=-7.8534815815201
2025-04-27 20:46:05,665 - INFO - cur_node_number 22,f_best -5.797322750091553,f_min -7.8534815815201,k 138.96642014389158
2025-04-27 20:46:05,665 - INFO - f_best_current -5.797322750091553,f_min -7.8534815815201
2025-04-27 20:46:13,524 - INFO - tree_node.f_best*ep:-5.797322750091553,left_f_best-4.869937419891357,right_f_best-5.773086071014404,i:1
2025-04-27 20:46:21,731 - INFO - tree_node.f_best*ep:-5.797322750091553,left_f_best-4.909438133239746,right_f_best-5.774725914001465,i:2
2025-04-27 20:46:30,310 - INFO - tree_node.f_best*ep:-5.797322750091553,left_f_best-4.917034149169922,right_f_best-5.785642147064209,i:3
2025-04-27 20:46:39,314 - INFO - tree_node.f_best*ep:-5.797322750091553,left_f_best-4.919431686401367,right_f_best-5.799580097198486,i:4
2025-04-27 20:47:03,405 - INFO - 添加左子节点，右子节点，len(queue):8
2025-04-27 20:47:03,405 - INFO - Node 1: k=288.45598733121716, f_best=-5.690633296966553, f_min=-8.025852221893729
2025-04-27 20:47:03,405 - INFO - Node 2: k=120.38976989012882, f_best=-4.805567264556885, f_min=-5.024481140033913
2025-04-27 20:47:03,405 - INFO - Node 3: k=215.3031165795333, f_best=-5.767284870147705, f_min=-6.732773874091436
2025-04-27 20:47:03,405 - INFO - Node 4: k=148.9908117920219, f_best=-4.905145645141602, f_min=-4.98333950774213
2025-04-27 20:47:03,405 - INFO - Node 5: k=192.98128984573668, f_best=-5.77484130859375, f_min=-7.168708191807127
2025-04-27 20:47:03,405 - INFO - Node 6: k=130.3648696145475, f_best=-4.890429496765137, f_min=-5.3278174901579405
2025-04-27 20:47:03,405 - INFO - Node 7: k=192.98128984573668, f_best=-5.775198936462402, f_min=-7.048519513667998
2025-04-27 20:47:03,405 - INFO - Node 8: k=106.22647687875926, f_best=-4.8875603675842285, f_min=-5.733075963848023
2025-04-27 20:47:03,405 - INFO - Node 9: k=183.6150756383111, f_best=-5.777803897857666, f_min=-5.948240478779553
2025-04-27 20:47:03,405 - INFO - Node 10: k=145.44395854610178, f_best=-4.928922176361084, f_min=-5.030368810382242
2025-04-27 20:47:03,405 - INFO - Node 11: k=159.73831646134866, f_best=-5.791358947753906, f_min=-6.542622181718798
2025-04-27 20:47:03,405 - INFO - Node 12: k=185.45122639469423, f_best=-4.937739849090576, f_min=-8.351997760674749
2025-04-27 20:47:03,405 - INFO - Node 13: k=138.96642014389158, f_best=-5.797322750091553, f_min=-7.8534815815201
2025-04-27 20:47:03,405 - INFO - Node 14: k=175.71214810748356, f_best=-4.919431686401367, f_min=-5.973944929712161
2025-04-27 20:47:03,405 - INFO - Node 15: k=150.4807199099421, f_best=-5.799580097198486, f_min=-7.715574424743863
2025-04-27 20:47:03,405 - INFO - cur_node_number 23,f_best -5.799580097198486,f_min -7.715574424743863,k 150.4807199099421
2025-04-27 20:47:03,405 - INFO - f_best_current -5.799580097198486,f_min -7.715574424743863
2025-04-27 20:47:03,405 - INFO - 回退,len(queue)=6
2025-04-27 20:47:11,403 - INFO - tree_node.f_best*ep:-5.797322750091553,left_f_best-4.857426643371582,right_f_best-5.752066135406494,i:1
2025-04-27 20:47:19,778 - INFO - tree_node.f_best*ep:-5.797322750091553,left_f_best-4.89544677734375,right_f_best-5.755594253540039,i:2
2025-04-27 20:47:28,579 - INFO - tree_node.f_best*ep:-5.797322750091553,left_f_best-4.921570301055908,right_f_best-5.7732977867126465,i:3
2025-04-27 20:47:37,648 - INFO - tree_node.f_best*ep:-5.797322750091553,left_f_best-4.939175605773926,right_f_best-5.806003093719482,i:4
2025-04-27 20:47:59,793 - INFO - 添加左子节点，右子节点，len(queue):8
2025-04-27 20:47:59,793 - INFO - Node 1: k=288.45598733121716, f_best=-5.690633296966553, f_min=-8.025852221893729
2025-04-27 20:47:59,793 - INFO - Node 2: k=120.38976989012882, f_best=-4.805567264556885, f_min=-5.024481140033913
2025-04-27 20:47:59,793 - INFO - Node 3: k=215.3031165795333, f_best=-5.767284870147705, f_min=-6.732773874091436
2025-04-27 20:47:59,793 - INFO - Node 4: k=148.9908117920219, f_best=-4.905145645141602, f_min=-4.98333950774213
2025-04-27 20:47:59,793 - INFO - Node 5: k=192.98128984573668, f_best=-5.77484130859375, f_min=-7.168708191807127
2025-04-27 20:47:59,793 - INFO - Node 6: k=130.3648696145475, f_best=-4.890429496765137, f_min=-5.3278174901579405
2025-04-27 20:47:59,793 - INFO - Node 7: k=192.98128984573668, f_best=-5.775198936462402, f_min=-7.048519513667998
2025-04-27 20:47:59,793 - INFO - Node 8: k=106.22647687875926, f_best=-4.8875603675842285, f_min=-5.733075963848023
2025-04-27 20:47:59,793 - INFO - Node 9: k=183.6150756383111, f_best=-5.777803897857666, f_min=-5.948240478779553
2025-04-27 20:47:59,793 - INFO - Node 10: k=145.44395854610178, f_best=-4.928922176361084, f_min=-5.030368810382242
2025-04-27 20:47:59,793 - INFO - Node 11: k=159.73831646134866, f_best=-5.791358947753906, f_min=-6.542622181718798
2025-04-27 20:47:59,793 - INFO - Node 12: k=185.45122639469423, f_best=-4.937739849090576, f_min=-8.351997760674749
2025-04-27 20:47:59,793 - INFO - Node 13: k=150.4807199099421, f_best=-5.797322750091553, f_min=-7.8534815815201
2025-04-27 20:47:59,793 - INFO - Node 14: k=148.9908117920219, f_best=-4.939175605773926, f_min=-5.259057947881956
2025-04-27 20:47:59,793 - INFO - Node 15: k=115.02805280341069, f_best=-5.806003093719482, f_min=-5.938409687155399
2025-04-27 20:47:59,793 - INFO - cur_node_number 24,f_best -5.806003093719482,f_min -5.938409687155399,k 115.02805280341069
2025-04-27 20:47:59,793 - INFO - f_best_current -5.806003093719482,f_min -5.938409687155399
2025-04-27 20:48:07,810 - INFO - tree_node.f_best*ep:-5.806003093719482,left_f_best-4.90396785736084,right_f_best-5.743398666381836,i:1
2025-04-27 20:48:16,121 - INFO - tree_node.f_best*ep:-5.806003093719482,left_f_best-4.891939640045166,right_f_best-5.780178546905518,i:2
2025-04-27 20:48:24,870 - INFO - tree_node.f_best*ep:-5.806003093719482,left_f_best-4.9254150390625,right_f_best-5.783182621002197,i:3
2025-04-27 20:48:33,996 - INFO - tree_node.f_best*ep:-5.806003093719482,left_f_best-4.901276111602783,right_f_best-5.793990612030029,i:4
2025-04-27 20:48:43,497 - INFO - tree_node.f_best*ep:-5.806003093719482,left_f_best-4.947589874267578,right_f_best-5.801185131072998,i:5
2025-04-27 20:48:53,472 - INFO - tree_node.f_best*ep:-5.806003093719482,left_f_best-4.968756198883057,right_f_best-5.814279079437256,i:6
2025-04-27 20:49:17,499 - INFO - 添加左子节点，右子节点，len(queue):9
2025-04-27 20:49:17,499 - INFO - Node 1: k=288.45598733121716, f_best=-5.690633296966553, f_min=-8.025852221893729
2025-04-27 20:49:17,499 - INFO - Node 2: k=120.38976989012882, f_best=-4.805567264556885, f_min=-5.024481140033913
2025-04-27 20:49:17,499 - INFO - Node 3: k=215.3031165795333, f_best=-5.767284870147705, f_min=-6.732773874091436
2025-04-27 20:49:17,499 - INFO - Node 4: k=148.9908117920219, f_best=-4.905145645141602, f_min=-4.98333950774213
2025-04-27 20:49:17,499 - INFO - Node 5: k=192.98128984573668, f_best=-5.77484130859375, f_min=-7.168708191807127
2025-04-27 20:49:17,499 - INFO - Node 6: k=130.3648696145475, f_best=-4.890429496765137, f_min=-5.3278174901579405
2025-04-27 20:49:17,499 - INFO - Node 7: k=192.98128984573668, f_best=-5.775198936462402, f_min=-7.048519513667998
2025-04-27 20:49:17,499 - INFO - Node 8: k=106.22647687875926, f_best=-4.8875603675842285, f_min=-5.733075963848023
2025-04-27 20:49:17,499 - INFO - Node 9: k=183.6150756383111, f_best=-5.777803897857666, f_min=-5.948240478779553
2025-04-27 20:49:17,499 - INFO - Node 10: k=145.44395854610178, f_best=-4.928922176361084, f_min=-5.030368810382242
2025-04-27 20:49:17,499 - INFO - Node 11: k=159.73831646134866, f_best=-5.791358947753906, f_min=-6.542622181718798
2025-04-27 20:49:17,499 - INFO - Node 12: k=185.45122639469423, f_best=-4.937739849090576, f_min=-8.351997760674749
2025-04-27 20:49:17,499 - INFO - Node 13: k=150.4807199099421, f_best=-5.797322750091553, f_min=-7.8534815815201
2025-04-27 20:49:17,499 - INFO - Node 14: k=148.9908117920219, f_best=-4.939175605773926, f_min=-5.259057947881956
2025-04-27 20:49:17,499 - INFO - Node 15: k=115.02805280341069, f_best=-5.806003093719482, f_min=-5.938409687155399
2025-04-27 20:49:17,499 - INFO - Node 16: k=162.26722076358823, f_best=-4.968756198883057, f_min=-10.45217737526582
2025-04-27 20:49:17,499 - INFO - Node 17: k=136.2282326672793, f_best=-5.814279079437256, f_min=-6.345163167551618
2025-04-27 20:49:17,499 - INFO - cur_node_number 25,f_best -5.814279079437256,f_min -6.345163167551618,k 136.2282326672793
2025-04-27 20:49:17,499 - INFO - f_best_current -5.814279079437256,f_min -6.345163167551618
2025-04-27 20:49:17,499 - INFO - 回退,len(queue)=7
2025-04-27 20:49:25,373 - INFO - tree_node.f_best*ep:-5.806003093719482,left_f_best-4.880833148956299,right_f_best-5.766514301300049,i:1
2025-04-27 20:49:33,403 - INFO - tree_node.f_best*ep:-5.806003093719482,left_f_best-4.907504558563232,right_f_best-5.784374713897705,i:2
2025-04-27 20:49:41,826 - INFO - tree_node.f_best*ep:-5.806003093719482,left_f_best-4.935352325439453,right_f_best-5.782567501068115,i:3
2025-04-27 20:49:50,845 - INFO - tree_node.f_best*ep:-5.806003093719482,left_f_best-4.915316581726074,right_f_best-5.806437969207764,i:4
2025-04-27 20:50:14,859 - INFO - 添加左子节点，右子节点，len(queue):9
2025-04-27 20:50:14,875 - INFO - Node 1: k=288.45598733121716, f_best=-5.690633296966553, f_min=-8.025852221893729
2025-04-27 20:50:14,875 - INFO - Node 2: k=120.38976989012882, f_best=-4.805567264556885, f_min=-5.024481140033913
2025-04-27 20:50:14,875 - INFO - Node 3: k=215.3031165795333, f_best=-5.767284870147705, f_min=-6.732773874091436
2025-04-27 20:50:14,875 - INFO - Node 4: k=148.9908117920219, f_best=-4.905145645141602, f_min=-4.98333950774213
2025-04-27 20:50:14,875 - INFO - Node 5: k=192.98128984573668, f_best=-5.77484130859375, f_min=-7.168708191807127
2025-04-27 20:50:14,875 - INFO - Node 6: k=130.3648696145475, f_best=-4.890429496765137, f_min=-5.3278174901579405
2025-04-27 20:50:14,875 - INFO - Node 7: k=192.98128984573668, f_best=-5.775198936462402, f_min=-7.048519513667998
2025-04-27 20:50:14,875 - INFO - Node 8: k=106.22647687875926, f_best=-4.8875603675842285, f_min=-5.733075963848023
2025-04-27 20:50:14,875 - INFO - Node 9: k=183.6150756383111, f_best=-5.777803897857666, f_min=-5.948240478779553
2025-04-27 20:50:14,875 - INFO - Node 10: k=145.44395854610178, f_best=-4.928922176361084, f_min=-5.030368810382242
2025-04-27 20:50:14,875 - INFO - Node 11: k=159.73831646134866, f_best=-5.791358947753906, f_min=-6.542622181718798
2025-04-27 20:50:14,875 - INFO - Node 12: k=185.45122639469423, f_best=-4.937739849090576, f_min=-8.351997760674749
2025-04-27 20:50:14,875 - INFO - Node 13: k=150.4807199099421, f_best=-5.797322750091553, f_min=-7.8534815815201
2025-04-27 20:50:14,875 - INFO - Node 14: k=148.9908117920219, f_best=-4.939175605773926, f_min=-5.259057947881956
2025-04-27 20:50:14,875 - INFO - Node 15: k=136.2282326672793, f_best=-5.806003093719482, f_min=-5.938409687155399
2025-04-27 20:50:14,875 - INFO - Node 16: k=159.73831646134866, f_best=-4.915316581726074, f_min=-4.923970286531585
2025-04-27 20:50:14,875 - INFO - Node 17: k=143.17724164067164, f_best=-5.806437969207764, f_min=-7.833765060983751
2025-04-27 20:50:14,875 - INFO - cur_node_number 26,f_best -5.806437969207764,f_min -7.833765060983751,k 143.17724164067164
2025-04-27 20:50:14,875 - INFO - f_best_current -5.806437969207764,f_min -7.833765060983751
2025-04-27 20:50:14,875 - INFO - 回退,len(queue)=7
2025-04-27 20:50:22,812 - INFO - tree_node.f_best*ep:-5.806003093719482,left_f_best-4.9011454582214355,right_f_best-5.770596027374268,i:1
2025-04-27 20:50:31,393 - INFO - tree_node.f_best*ep:-5.806003093719482,left_f_best-4.89215612411499,right_f_best-5.778464317321777,i:2
2025-04-27 20:50:40,236 - INFO - tree_node.f_best*ep:-5.806003093719482,left_f_best-4.898333549499512,right_f_best-5.797031879425049,i:3
2025-04-27 20:50:49,178 - INFO - tree_node.f_best*ep:-5.806003093719482,left_f_best-4.893285274505615,right_f_best-5.8059186935424805,i:4
2025-04-27 20:50:58,423 - INFO - tree_node.f_best*ep:-5.806003093719482,left_f_best-4.927978038787842,right_f_best-5.8039984703063965,i:5
2025-04-27 20:51:07,989 - INFO - tree_node.f_best*ep:-5.806003093719482,left_f_best-4.956283092498779,right_f_best-5.805265426635742,i:6
2025-04-27 20:51:18,344 - INFO - tree_node.f_best*ep:-5.806003093719482,left_f_best-4.949949741363525,right_f_best-5.814174652099609,i:7
2025-04-27 20:51:36,423 - INFO - 添加左子节点，右子节点，len(queue):9
2025-04-27 20:51:36,423 - INFO - Node 1: k=288.45598733121716, f_best=-5.690633296966553, f_min=-8.025852221893729
2025-04-27 20:51:36,423 - INFO - Node 2: k=120.38976989012882, f_best=-4.805567264556885, f_min=-5.024481140033913
2025-04-27 20:51:36,423 - INFO - Node 3: k=215.3031165795333, f_best=-5.767284870147705, f_min=-6.732773874091436
2025-04-27 20:51:36,423 - INFO - Node 4: k=148.9908117920219, f_best=-4.905145645141602, f_min=-4.98333950774213
2025-04-27 20:51:36,423 - INFO - Node 5: k=192.98128984573668, f_best=-5.77484130859375, f_min=-7.168708191807127
2025-04-27 20:51:36,423 - INFO - Node 6: k=130.3648696145475, f_best=-4.890429496765137, f_min=-5.3278174901579405
2025-04-27 20:51:36,423 - INFO - Node 7: k=192.98128984573668, f_best=-5.775198936462402, f_min=-7.048519513667998
2025-04-27 20:51:36,423 - INFO - Node 8: k=106.22647687875926, f_best=-4.8875603675842285, f_min=-5.733075963848023
2025-04-27 20:51:36,438 - INFO - Node 9: k=183.6150756383111, f_best=-5.777803897857666, f_min=-5.948240478779553
2025-04-27 20:51:36,438 - INFO - Node 10: k=145.44395854610178, f_best=-4.928922176361084, f_min=-5.030368810382242
2025-04-27 20:51:36,438 - INFO - Node 11: k=159.73831646134866, f_best=-5.791358947753906, f_min=-6.542622181718798
2025-04-27 20:51:36,438 - INFO - Node 12: k=185.45122639469423, f_best=-4.937739849090576, f_min=-8.351997760674749
2025-04-27 20:51:36,438 - INFO - Node 13: k=150.4807199099421, f_best=-5.797322750091553, f_min=-7.8534815815201
2025-04-27 20:51:36,438 - INFO - Node 14: k=148.9908117920219, f_best=-4.939175605773926, f_min=-5.259057947881956
2025-04-27 20:51:36,438 - INFO - Node 15: k=143.17724164067164, f_best=-5.806003093719482, f_min=-5.938409687155399
2025-04-27 20:51:36,438 - INFO - Node 16: k=105.17472958292996, f_best=-4.949949741363525, f_min=-5.0766739970245
2025-04-27 20:51:36,438 - INFO - Node 17: k=51.8912181010802, f_best=-5.814174652099609, f_min=-6.062681871458153
2025-04-27 20:51:36,438 - INFO - cur_node_number 27,f_best -5.814174652099609,f_min -6.062681871458153,k 51.8912181010802
2025-04-27 20:51:36,438 - INFO - f_best_current -5.814174652099609,f_min -6.062681871458153
2025-04-27 20:51:44,220 - INFO - tree_node.f_best*ep:-5.814174652099609,left_f_best-4.883274078369141,right_f_best-5.765044689178467,i:1
2025-04-27 20:51:52,500 - INFO - tree_node.f_best*ep:-5.814174652099609,left_f_best-4.876152992248535,right_f_best-5.772131443023682,i:2
2025-04-27 20:52:01,296 - INFO - tree_node.f_best*ep:-5.814174652099609,left_f_best-4.922221660614014,right_f_best-5.780717372894287,i:3
2025-04-27 20:52:10,612 - INFO - tree_node.f_best*ep:-5.814174652099609,left_f_best-4.919167518615723,right_f_best-5.797401428222656,i:4
2025-04-27 20:52:20,337 - INFO - tree_node.f_best*ep:-5.814174652099609,left_f_best-4.932304859161377,right_f_best-5.809202671051025,i:5
2025-04-27 20:52:30,173 - INFO - tree_node.f_best*ep:-5.814174652099609,left_f_best-4.948124408721924,right_f_best-5.815132141113281,i:6
2025-04-27 20:52:51,802 - INFO - 添加左子节点，右子节点，len(queue):10
2025-04-27 20:52:51,802 - INFO - Node 1: k=288.45598733121716, f_best=-5.690633296966553, f_min=-8.025852221893729
2025-04-27 20:52:51,802 - INFO - Node 2: k=120.38976989012882, f_best=-4.805567264556885, f_min=-5.024481140033913
2025-04-27 20:52:51,802 - INFO - Node 3: k=215.3031165795333, f_best=-5.767284870147705, f_min=-6.732773874091436
2025-04-27 20:52:51,802 - INFO - Node 4: k=148.9908117920219, f_best=-4.905145645141602, f_min=-4.98333950774213
2025-04-27 20:52:51,802 - INFO - Node 5: k=192.98128984573668, f_best=-5.77484130859375, f_min=-7.168708191807127
2025-04-27 20:52:51,802 - INFO - Node 6: k=130.3648696145475, f_best=-4.890429496765137, f_min=-5.3278174901579405
2025-04-27 20:52:51,802 - INFO - Node 7: k=192.98128984573668, f_best=-5.775198936462402, f_min=-7.048519513667998
2025-04-27 20:52:51,802 - INFO - Node 8: k=106.22647687875926, f_best=-4.8875603675842285, f_min=-5.733075963848023
2025-04-27 20:52:51,802 - INFO - Node 9: k=183.6150756383111, f_best=-5.777803897857666, f_min=-5.948240478779553
2025-04-27 20:52:51,802 - INFO - Node 10: k=145.44395854610178, f_best=-4.928922176361084, f_min=-5.030368810382242
2025-04-27 20:52:51,802 - INFO - Node 11: k=159.73831646134866, f_best=-5.791358947753906, f_min=-6.542622181718798
2025-04-27 20:52:51,802 - INFO - Node 12: k=185.45122639469423, f_best=-4.937739849090576, f_min=-8.351997760674749
2025-04-27 20:52:51,802 - INFO - Node 13: k=150.4807199099421, f_best=-5.797322750091553, f_min=-7.8534815815201
2025-04-27 20:52:51,802 - INFO - Node 14: k=148.9908117920219, f_best=-4.939175605773926, f_min=-5.259057947881956
2025-04-27 20:52:51,802 - INFO - Node 15: k=143.17724164067164, f_best=-5.806003093719482, f_min=-5.938409687155399
2025-04-27 20:52:51,802 - INFO - Node 16: k=105.17472958292996, f_best=-4.949949741363525, f_min=-5.0766739970245
2025-04-27 20:52:51,802 - INFO - Node 17: k=51.8912181010802, f_best=-5.814174652099609, f_min=-6.062681871458153
2025-04-27 20:52:51,802 - INFO - Node 18: k=167.1840798199457, f_best=-4.948124408721924, f_min=-8.768701303722082
2025-04-27 20:52:51,802 - INFO - Node 19: k=98.09836918093941, f_best=-5.815132141113281, f_min=-6.223127186954571
2025-04-27 20:52:51,802 - INFO - cur_node_number 28,f_best -5.815132141113281,f_min -6.223127186954571,k 98.09836918093941
2025-04-27 20:52:51,802 - INFO - f_best_current -5.815132141113281,f_min -6.223127186954571
2025-04-27 20:52:51,802 - INFO - 回退,len(queue)=8
2025-04-27 20:52:59,719 - INFO - tree_node.f_best*ep:-5.814174652099609,left_f_best-4.889580726623535,right_f_best-5.758796691894531,i:1
2025-04-27 20:53:08,033 - INFO - tree_node.f_best*ep:-5.814174652099609,left_f_best-4.900684356689453,right_f_best-5.783845901489258,i:2
2025-04-27 20:53:16,817 - INFO - tree_node.f_best*ep:-5.814174652099609,left_f_best-4.923868179321289,right_f_best-5.794220924377441,i:3
2025-04-27 20:53:26,006 - INFO - tree_node.f_best*ep:-5.814174652099609,left_f_best-4.929930210113525,right_f_best-5.785435676574707,i:4
2025-04-27 20:53:35,525 - INFO - tree_node.f_best*ep:-5.814174652099609,left_f_best-4.940469264984131,right_f_best-5.789749622344971,i:5
2025-04-27 20:53:45,347 - INFO - tree_node.f_best*ep:-5.814174652099609,left_f_best-4.952502727508545,right_f_best-5.810422420501709,i:6
2025-04-27 20:53:55,545 - INFO - tree_node.f_best*ep:-5.814174652099609,left_f_best-4.946302890777588,right_f_best-5.807479381561279,i:7
2025-04-27 20:54:06,178 - INFO - tree_node.f_best*ep:-5.814174652099609,left_f_best-4.964309215545654,right_f_best-5.809853553771973,i:8
2025-04-27 20:54:17,339 - INFO - tree_node.f_best*ep:-5.814174652099609,left_f_best-4.966382026672363,right_f_best-5.824560642242432,i:9
2025-04-27 20:54:42,655 - INFO - 添加左子节点，右子节点，len(queue):10
2025-04-27 20:54:42,655 - INFO - Node 1: k=288.45598733121716, f_best=-5.690633296966553, f_min=-8.025852221893729
2025-04-27 20:54:42,655 - INFO - Node 2: k=120.38976989012882, f_best=-4.805567264556885, f_min=-5.024481140033913
2025-04-27 20:54:42,655 - INFO - Node 3: k=215.3031165795333, f_best=-5.767284870147705, f_min=-6.732773874091436
2025-04-27 20:54:42,655 - INFO - Node 4: k=148.9908117920219, f_best=-4.905145645141602, f_min=-4.98333950774213
2025-04-27 20:54:42,655 - INFO - Node 5: k=192.98128984573668, f_best=-5.77484130859375, f_min=-7.168708191807127
2025-04-27 20:54:42,655 - INFO - Node 6: k=130.3648696145475, f_best=-4.890429496765137, f_min=-5.3278174901579405
2025-04-27 20:54:42,655 - INFO - Node 7: k=192.98128984573668, f_best=-5.775198936462402, f_min=-7.048519513667998
2025-04-27 20:54:42,655 - INFO - Node 8: k=106.22647687875926, f_best=-4.8875603675842285, f_min=-5.733075963848023
2025-04-27 20:54:42,655 - INFO - Node 9: k=183.6150756383111, f_best=-5.777803897857666, f_min=-5.948240478779553
2025-04-27 20:54:42,655 - INFO - Node 10: k=145.44395854610178, f_best=-4.928922176361084, f_min=-5.030368810382242
2025-04-27 20:54:42,655 - INFO - Node 11: k=159.73831646134866, f_best=-5.791358947753906, f_min=-6.542622181718798
2025-04-27 20:54:42,655 - INFO - Node 12: k=185.45122639469423, f_best=-4.937739849090576, f_min=-8.351997760674749
2025-04-27 20:54:42,655 - INFO - Node 13: k=150.4807199099421, f_best=-5.797322750091553, f_min=-7.8534815815201
2025-04-27 20:54:42,655 - INFO - Node 14: k=148.9908117920219, f_best=-4.939175605773926, f_min=-5.259057947881956
2025-04-27 20:54:42,655 - INFO - Node 15: k=143.17724164067164, f_best=-5.806003093719482, f_min=-5.938409687155399
2025-04-27 20:54:42,655 - INFO - Node 16: k=105.17472958292996, f_best=-4.949949741363525, f_min=-5.0766739970245
2025-04-27 20:54:42,655 - INFO - Node 17: k=98.09836918093941, f_best=-5.814174652099609, f_min=-6.062681871458153
2025-04-27 20:54:42,655 - INFO - Node 18: k=181.03640190728845, f_best=-4.966382026672363, f_min=-6.688362643863911
2025-04-27 20:54:42,655 - INFO - Node 19: k=187.30573865864116, f_best=-5.824560642242432, f_min=-7.176789894449939
2025-04-27 20:54:42,655 - INFO - cur_node_number 29,f_best -5.824560642242432,f_min -7.176789894449939,k 187.30573865864116
2025-04-27 20:54:42,655 - INFO - f_best_current -5.824560642242432,f_min -7.176789894449939
2025-04-27 20:54:42,655 - INFO - 回退,len(queue)=8
2025-04-27 20:54:42,655 - INFO - 回退,len(queue)=7
2025-04-27 20:54:42,655 - INFO - 回退,len(queue)=6
2025-04-27 20:54:42,655 - INFO - 回退,len(queue)=5
2025-04-27 20:54:42,655 - INFO - 回退,len(queue)=4
2025-04-27 20:54:50,558 - INFO - tree_node.f_best*ep:-5.777803897857666,left_f_best-4.905010223388672,right_f_best-5.780979156494141,i:1
2025-04-27 20:55:15,406 - INFO - 添加左子节点，右子节点，len(queue):6
2025-04-27 20:55:15,406 - INFO - Node 1: k=288.45598733121716, f_best=-5.690633296966553, f_min=-8.025852221893729
2025-04-27 20:55:15,406 - INFO - Node 2: k=120.38976989012882, f_best=-4.805567264556885, f_min=-5.024481140033913
2025-04-27 20:55:15,406 - INFO - Node 3: k=215.3031165795333, f_best=-5.767284870147705, f_min=-6.732773874091436
2025-04-27 20:55:15,406 - INFO - Node 4: k=148.9908117920219, f_best=-4.905145645141602, f_min=-4.98333950774213
2025-04-27 20:55:15,406 - INFO - Node 5: k=192.98128984573668, f_best=-5.77484130859375, f_min=-7.168708191807127
2025-04-27 20:55:15,406 - INFO - Node 6: k=130.3648696145475, f_best=-4.890429496765137, f_min=-5.3278174901579405
2025-04-27 20:55:15,406 - INFO - Node 7: k=192.98128984573668, f_best=-5.775198936462402, f_min=-7.048519513667998
2025-04-27 20:55:15,406 - INFO - Node 8: k=106.22647687875926, f_best=-4.8875603675842285, f_min=-5.733075963848023
2025-04-27 20:55:15,406 - INFO - Node 9: k=187.30573865864116, f_best=-5.777803897857666, f_min=-5.948240478779553
2025-04-27 20:55:15,406 - INFO - Node 10: k=148.36738211287843, f_best=-4.905010223388672, f_min=-6.218320679071439
2025-04-27 20:55:15,406 - INFO - Node 11: k=185.45122639469423, f_best=-5.780979156494141, f_min=-5.90964519877889
2025-04-27 20:55:15,406 - INFO - cur_node_number 30,f_best -5.780979156494141,f_min -5.90964519877889,k 185.45122639469423
2025-04-27 20:55:15,406 - INFO - f_best_current -5.780979156494141,f_min -5.90964519877889
2025-04-27 20:55:23,528 - INFO - tree_node.f_best*ep:-5.780979156494141,left_f_best-4.901127338409424,right_f_best-5.739522457122803,i:1
2025-04-27 20:55:31,844 - INFO - tree_node.f_best*ep:-5.780979156494141,left_f_best-4.89414644241333,right_f_best-5.782914638519287,i:2
2025-04-27 20:55:54,278 - INFO - 添加左子节点，右子节点，len(queue):7
2025-04-27 20:55:54,278 - INFO - Node 1: k=288.45598733121716, f_best=-5.690633296966553, f_min=-8.025852221893729
2025-04-27 20:55:54,278 - INFO - Node 2: k=120.38976989012882, f_best=-4.805567264556885, f_min=-5.024481140033913
2025-04-27 20:55:54,278 - INFO - Node 3: k=215.3031165795333, f_best=-5.767284870147705, f_min=-6.732773874091436
2025-04-27 20:55:54,278 - INFO - Node 4: k=148.9908117920219, f_best=-4.905145645141602, f_min=-4.98333950774213
2025-04-27 20:55:54,278 - INFO - Node 5: k=192.98128984573668, f_best=-5.77484130859375, f_min=-7.168708191807127
2025-04-27 20:55:54,278 - INFO - Node 6: k=130.3648696145475, f_best=-4.890429496765137, f_min=-5.3278174901579405
2025-04-27 20:55:54,278 - INFO - Node 7: k=192.98128984573668, f_best=-5.775198936462402, f_min=-7.048519513667998
2025-04-27 20:55:54,278 - INFO - Node 8: k=106.22647687875926, f_best=-4.8875603675842285, f_min=-5.733075963848023
2025-04-27 20:55:54,278 - INFO - Node 9: k=187.30573865864116, f_best=-5.777803897857666, f_min=-5.948240478779553
2025-04-27 20:55:54,278 - INFO - Node 10: k=148.36738211287843, f_best=-4.905010223388672, f_min=-6.218320679071439
2025-04-27 20:55:54,278 - INFO - Node 11: k=185.45122639469423, f_best=-5.780979156494141, f_min=-5.90964519877889
2025-04-27 20:55:54,278 - INFO - Node 12: k=175.71214810748356, f_best=-4.89414644241333, f_min=-5.315950245111708
2025-04-27 20:55:54,278 - INFO - Node 13: k=107.28874164754686, f_best=-5.782914638519287, f_min=-6.060109261885373
2025-04-27 20:55:54,278 - INFO - cur_node_number 31,f_best -5.782914638519287,f_min -6.060109261885373,k 107.28874164754686
2025-04-27 20:55:54,278 - INFO - f_best_current -5.782914638519287,f_min -6.060109261885373
2025-04-27 20:56:02,208 - INFO - tree_node.f_best*ep:-5.782914638519287,left_f_best-4.893929958343506,right_f_best-5.773659706115723,i:1
2025-04-27 20:56:10,500 - INFO - tree_node.f_best*ep:-5.782914638519287,left_f_best-4.932580947875977,right_f_best-5.7726569175720215,i:2
2025-04-27 20:56:19,173 - INFO - tree_node.f_best*ep:-5.782914638519287,left_f_best-4.955909252166748,right_f_best-5.787233352661133,i:3
2025-04-27 20:56:42,137 - INFO - 添加左子节点，右子节点，len(queue):8
2025-04-27 20:56:42,137 - INFO - Node 1: k=288.45598733121716, f_best=-5.690633296966553, f_min=-8.025852221893729
2025-04-27 20:56:42,137 - INFO - Node 2: k=120.38976989012882, f_best=-4.805567264556885, f_min=-5.024481140033913
2025-04-27 20:56:42,137 - INFO - Node 3: k=215.3031165795333, f_best=-5.767284870147705, f_min=-6.732773874091436
2025-04-27 20:56:42,137 - INFO - Node 4: k=148.9908117920219, f_best=-4.905145645141602, f_min=-4.98333950774213
2025-04-27 20:56:42,137 - INFO - Node 5: k=192.98128984573668, f_best=-5.77484130859375, f_min=-7.168708191807127
2025-04-27 20:56:42,137 - INFO - Node 6: k=130.3648696145475, f_best=-4.890429496765137, f_min=-5.3278174901579405
2025-04-27 20:56:42,137 - INFO - Node 7: k=192.98128984573668, f_best=-5.775198936462402, f_min=-7.048519513667998
2025-04-27 20:56:42,137 - INFO - Node 8: k=106.22647687875926, f_best=-4.8875603675842285, f_min=-5.733075963848023
2025-04-27 20:56:42,137 - INFO - Node 9: k=187.30573865864116, f_best=-5.777803897857666, f_min=-5.948240478779553
2025-04-27 20:56:42,137 - INFO - Node 10: k=148.36738211287843, f_best=-4.905010223388672, f_min=-6.218320679071439
2025-04-27 20:56:42,137 - INFO - Node 11: k=185.45122639469423, f_best=-5.780979156494141, f_min=-5.90964519877889
2025-04-27 20:56:42,137 - INFO - Node 12: k=175.71214810748356, f_best=-4.89414644241333, f_min=-5.315950245111708
2025-04-27 20:56:42,137 - INFO - Node 13: k=107.28874164754686, f_best=-5.782914638519287, f_min=-6.060109261885373
2025-04-27 20:56:42,137 - INFO - Node 14: k=159.06991546278624, f_best=-4.955909252166748, f_min=-5.705898084439468
2025-04-27 20:56:42,137 - INFO - Node 15: k=124.55889831351413, f_best=-5.787233352661133, f_min=-7.195566284904544
2025-04-27 20:56:42,137 - INFO - cur_node_number 32,f_best -5.787233352661133,f_min -7.195566284904544,k 124.55889831351413
2025-04-27 20:56:42,137 - INFO - f_best_current -5.787233352661133,f_min -7.195566284904544
2025-04-27 20:56:42,137 - INFO - 回退,len(queue)=6
2025-04-27 20:56:49,995 - INFO - tree_node.f_best*ep:-5.782914638519287,left_f_best-4.89093542098999,right_f_best-5.7713727951049805,i:1
2025-04-27 20:56:58,327 - INFO - tree_node.f_best*ep:-5.782914638519287,left_f_best-4.898573875427246,right_f_best-5.758584499359131,i:2
2025-04-27 20:57:07,050 - INFO - tree_node.f_best*ep:-5.782914638519287,left_f_best-4.906482696533203,right_f_best-5.786460876464844,i:3
2025-04-27 20:57:31,327 - INFO - 添加左子节点，右子节点，len(queue):8
2025-04-27 20:57:31,327 - INFO - Node 1: k=288.45598733121716, f_best=-5.690633296966553, f_min=-8.025852221893729
2025-04-27 20:57:31,327 - INFO - Node 2: k=120.38976989012882, f_best=-4.805567264556885, f_min=-5.024481140033913
2025-04-27 20:57:31,327 - INFO - Node 3: k=215.3031165795333, f_best=-5.767284870147705, f_min=-6.732773874091436
2025-04-27 20:57:31,327 - INFO - Node 4: k=148.9908117920219, f_best=-4.905145645141602, f_min=-4.98333950774213
2025-04-27 20:57:31,327 - INFO - Node 5: k=192.98128984573668, f_best=-5.77484130859375, f_min=-7.168708191807127
2025-04-27 20:57:31,327 - INFO - Node 6: k=130.3648696145475, f_best=-4.890429496765137, f_min=-5.3278174901579405
2025-04-27 20:57:31,327 - INFO - Node 7: k=192.98128984573668, f_best=-5.775198936462402, f_min=-7.048519513667998
2025-04-27 20:57:31,327 - INFO - Node 8: k=106.22647687875926, f_best=-4.8875603675842285, f_min=-5.733075963848023
2025-04-27 20:57:31,327 - INFO - Node 9: k=187.30573865864116, f_best=-5.777803897857666, f_min=-5.948240478779553
2025-04-27 20:57:31,327 - INFO - Node 10: k=148.36738211287843, f_best=-4.905010223388672, f_min=-6.218320679071439
2025-04-27 20:57:31,327 - INFO - Node 11: k=185.45122639469423, f_best=-5.780979156494141, f_min=-5.90964519877889
2025-04-27 20:57:31,327 - INFO - Node 12: k=175.71214810748356, f_best=-4.89414644241333, f_min=-5.315950245111708
2025-04-27 20:57:31,327 - INFO - Node 13: k=124.55889831351413, f_best=-5.782914638519287, f_min=-6.060109261885373
2025-04-27 20:57:31,327 - INFO - Node 14: k=191.07058400567988, f_best=-4.906482696533203, f_min=-5.10885546877671
2025-04-27 20:57:31,327 - INFO - Node 15: k=148.9908117920219, f_best=-5.786460876464844, f_min=-6.037309841882234
2025-04-27 20:57:31,327 - INFO - cur_node_number 33,f_best -5.786460876464844,f_min -6.037309841882234,k 148.9908117920219
2025-04-27 20:57:31,327 - INFO - f_best_current -5.786460876464844,f_min -6.037309841882234
2025-04-27 20:57:31,327 - INFO - 回退,len(queue)=6
2025-04-27 20:57:39,028 - INFO - tree_node.f_best*ep:-5.782914638519287,left_f_best-4.8805460929870605,right_f_best-5.753292083740234,i:1
2025-04-27 20:57:47,325 - INFO - tree_node.f_best*ep:-5.782914638519287,left_f_best-4.881357669830322,right_f_best-5.771952152252197,i:2
2025-04-27 20:57:56,158 - INFO - tree_node.f_best*ep:-5.782914638519287,left_f_best-4.916689872741699,right_f_best-5.798574447631836,i:3
2025-04-27 20:58:18,603 - INFO - 添加左子节点，右子节点，len(queue):8
2025-04-27 20:58:18,603 - INFO - Node 1: k=288.45598733121716, f_best=-5.690633296966553, f_min=-8.025852221893729
2025-04-27 20:58:18,603 - INFO - Node 2: k=120.38976989012882, f_best=-4.805567264556885, f_min=-5.024481140033913
2025-04-27 20:58:18,603 - INFO - Node 3: k=215.3031165795333, f_best=-5.767284870147705, f_min=-6.732773874091436
2025-04-27 20:58:18,603 - INFO - Node 4: k=148.9908117920219, f_best=-4.905145645141602, f_min=-4.98333950774213
2025-04-27 20:58:18,603 - INFO - Node 5: k=192.98128984573668, f_best=-5.77484130859375, f_min=-7.168708191807127
2025-04-27 20:58:18,603 - INFO - Node 6: k=130.3648696145475, f_best=-4.890429496765137, f_min=-5.3278174901579405
2025-04-27 20:58:18,603 - INFO - Node 7: k=192.98128984573668, f_best=-5.775198936462402, f_min=-7.048519513667998
2025-04-27 20:58:18,603 - INFO - Node 8: k=106.22647687875926, f_best=-4.8875603675842285, f_min=-5.733075963848023
2025-04-27 20:58:18,603 - INFO - Node 9: k=187.30573865864116, f_best=-5.777803897857666, f_min=-5.948240478779553
2025-04-27 20:58:18,603 - INFO - Node 10: k=148.36738211287843, f_best=-4.905010223388672, f_min=-6.218320679071439
2025-04-27 20:58:18,603 - INFO - Node 11: k=185.45122639469423, f_best=-5.780979156494141, f_min=-5.90964519877889
2025-04-27 20:58:18,603 - INFO - Node 12: k=175.71214810748356, f_best=-4.89414644241333, f_min=-5.315950245111708
2025-04-27 20:58:18,603 - INFO - Node 13: k=148.9908117920219, f_best=-5.782914638519287, f_min=-6.060109261885373
2025-04-27 20:58:18,603 - INFO - Node 14: k=129.07412833123516, f_best=-4.916689872741699, f_min=-5.4951726969202355
2025-04-27 20:58:18,603 - INFO - Node 15: k=101.07084786549107, f_best=-5.798574447631836, f_min=-5.84524946113379
2025-04-27 20:58:18,603 - INFO - cur_node_number 34,f_best -5.798574447631836,f_min -5.84524946113379,k 101.07084786549107
2025-04-27 20:58:18,603 - INFO - f_best_current -5.798574447631836,f_min -5.84524946113379
2025-04-27 20:58:18,603 - INFO - 结束,fmin= -5.84524946113379, fbestmin=-5.798574447631836
