2025-04-27 19:49:48,136 - INFO - Namespace(log_file='outputs/dnn1/img[9]/min/DNN1img9_label2.log', image_path='img[9].png', model_path='network/SimpleNN14.pth', label=2, init_epsilon=0.05, epsilon=0.01, ep=1, min=1)
2025-04-27 19:49:48,147 - INFO - Model output max(1): torch.return_types.max(
values=tensor([6.6428], grad_fn=<MaxBackward0>),
indices=tensor([9]))
2025-04-27 19:49:52,431 - INFO - cur_node_number 1,f_best -7.482825756072998,f_min -7.633021052450204,k 1033.5899554502603
2025-04-27 19:49:52,431 - INFO - f_best_current -7.482825756072998,f_min -7.633021052450204
2025-04-27 19:50:00,697 - INFO - tree_node.f_best*ep:-7.482825756072998,left_f_best-6.756921291351318,right_f_best-7.4592814445495605,i:1
2025-04-27 19:50:09,264 - INFO - tree_node.f_best*ep:-7.482825756072998,left_f_best-6.76909065246582,right_f_best-7.4971418380737305,i:2
2025-04-27 19:50:36,681 - INFO - 添加左子节点，右子节点，len(queue):2
2025-04-27 19:50:36,681 - INFO - Node 1: k=1033.5899554502603, f_best=-7.482825756072998, f_min=-7.633021052450204
2025-04-27 19:50:36,681 - INFO - Node 2: k=183.6150756383111, f_best=-6.76909065246582, f_min=-8.305391741509993
2025-04-27 19:50:36,681 - INFO - Node 3: k=178.214983425534, f_best=-7.4971418380737305, f_min=-8.880590171358563
2025-04-27 19:50:36,681 - INFO - cur_node_number 2,f_best -7.4971418380737305,f_min -8.880590171358563,k 178.214983425534
2025-04-27 19:50:36,681 - INFO - f_best_current -7.4971418380737305,f_min -8.880590171358563
2025-04-27 19:50:45,087 - INFO - tree_node.f_best*ep:-7.4971418380737305,left_f_best-6.751237392425537,right_f_best-7.4800896644592285,i:1
2025-04-27 19:50:53,715 - INFO - tree_node.f_best*ep:-7.4971418380737305,left_f_best-6.785628795623779,right_f_best-7.502198696136475,i:2
2025-04-27 19:51:18,529 - INFO - 添加左子节点，右子节点，len(queue):3
2025-04-27 19:51:18,529 - INFO - Node 1: k=1033.5899554502603, f_best=-7.482825756072998, f_min=-7.633021052450204
2025-04-27 19:51:18,529 - INFO - Node 2: k=183.6150756383111, f_best=-6.76909065246582, f_min=-8.305391741509993
2025-04-27 19:51:18,529 - INFO - Node 3: k=178.214983425534, f_best=-7.4971418380737305, f_min=-8.880590171358563
2025-04-27 19:51:18,529 - INFO - Node 4: k=211.06079460791423, f_best=-6.785628795623779, f_min=-7.180564587900335
2025-04-27 19:51:18,529 - INFO - Node 5: k=107.28874164754686, f_best=-7.502198696136475, f_min=-8.04190870678849
2025-04-27 19:51:18,529 - INFO - cur_node_number 3,f_best -7.502198696136475,f_min -8.04190870678849,k 107.28874164754686
2025-04-27 19:51:18,529 - INFO - f_best_current -7.502198696136475,f_min -8.04190870678849
2025-04-27 19:51:26,965 - INFO - tree_node.f_best*ep:-7.502198696136475,left_f_best-6.764547824859619,right_f_best-7.476273059844971,i:1
2025-04-27 19:51:35,733 - INFO - tree_node.f_best*ep:-7.502198696136475,left_f_best-6.7447428703308105,right_f_best-7.505699634552002,i:2
2025-04-27 19:52:03,133 - INFO - 添加左子节点，右子节点，len(queue):4
2025-04-27 19:52:03,133 - INFO - Node 1: k=1033.5899554502603, f_best=-7.482825756072998, f_min=-7.633021052450204
2025-04-27 19:52:03,133 - INFO - Node 2: k=183.6150756383111, f_best=-6.76909065246582, f_min=-8.305391741509993
2025-04-27 19:52:03,133 - INFO - Node 3: k=178.214983425534, f_best=-7.4971418380737305, f_min=-8.880590171358563
2025-04-27 19:52:03,133 - INFO - Node 4: k=211.06079460791423, f_best=-6.785628795623779, f_min=-7.180564587900335
2025-04-27 19:52:03,133 - INFO - Node 5: k=107.28874164754686, f_best=-7.502198696136475, f_min=-8.04190870678849
2025-04-27 19:52:03,133 - INFO - Node 6: k=164.578547188444, f_best=-6.7447428703308105, f_min=-8.687850507894836
2025-04-27 19:52:03,133 - INFO - Node 7: k=230.83408270373457, f_best=-7.505699634552002, f_min=-11.138897425586947
2025-04-27 19:52:03,133 - INFO - cur_node_number 4,f_best -7.505699634552002,f_min -11.138897425586947,k 230.83408270373457
2025-04-27 19:52:03,133 - INFO - f_best_current -7.505699634552002,f_min -11.138897425586947
2025-04-27 19:52:03,133 - INFO - 回退,len(queue)=2
2025-04-27 19:52:03,133 - INFO - 回退,len(queue)=1
2025-04-27 19:52:11,583 - INFO - tree_node.f_best*ep:-7.4971418380737305,left_f_best-6.713436603546143,right_f_best-7.482415199279785,i:1
2025-04-27 19:52:20,512 - INFO - tree_node.f_best*ep:-7.4971418380737305,left_f_best-6.7754411697387695,right_f_best-7.484201908111572,i:2
2025-04-27 19:52:29,624 - INFO - tree_node.f_best*ep:-7.4971418380737305,left_f_best-6.776551723480225,right_f_best-7.508396625518799,i:3
2025-04-27 19:52:54,574 - INFO - 添加左子节点，右子节点，len(queue):3
2025-04-27 19:52:54,574 - INFO - Node 1: k=1033.5899554502603, f_best=-7.482825756072998, f_min=-7.633021052450204
2025-04-27 19:52:54,574 - INFO - Node 2: k=183.6150756383111, f_best=-6.76909065246582, f_min=-8.305391741509993
2025-04-27 19:52:54,574 - INFO - Node 3: k=230.83408270373457, f_best=-7.4971418380737305, f_min=-8.880590171358563
2025-04-27 19:52:54,574 - INFO - Node 4: k=120.38976989012882, f_best=-6.776551723480225, f_min=-7.473499233070015
2025-04-27 19:52:54,574 - INFO - Node 5: k=169.56544174680104, f_best=-7.508396625518799, f_min=-7.901436721883329
2025-04-27 19:52:54,574 - INFO - cur_node_number 5,f_best -7.508396625518799,f_min -7.901436721883329,k 169.56544174680104
2025-04-27 19:52:54,574 - INFO - f_best_current -7.508396625518799,f_min -7.901436721883329
2025-04-27 19:53:02,949 - INFO - tree_node.f_best*ep:-7.508396625518799,left_f_best-6.767995834350586,right_f_best-7.479612827301025,i:1
2025-04-27 19:53:11,482 - INFO - tree_node.f_best*ep:-7.508396625518799,left_f_best-6.76748514175415,right_f_best-7.496715068817139,i:2
2025-04-27 19:53:20,451 - INFO - tree_node.f_best*ep:-7.508396625518799,left_f_best-6.7828593254089355,right_f_best-7.509101390838623,i:3
2025-04-27 19:53:48,481 - INFO - 添加左子节点，右子节点，len(queue):4
2025-04-27 19:53:48,481 - INFO - Node 1: k=1033.5899554502603, f_best=-7.482825756072998, f_min=-7.633021052450204
2025-04-27 19:53:48,481 - INFO - Node 2: k=183.6150756383111, f_best=-6.76909065246582, f_min=-8.305391741509993
2025-04-27 19:53:48,481 - INFO - Node 3: k=230.83408270373457, f_best=-7.4971418380737305, f_min=-8.880590171358563
2025-04-27 19:53:48,481 - INFO - Node 4: k=120.38976989012882, f_best=-6.776551723480225, f_min=-7.473499233070015
2025-04-27 19:53:48,481 - INFO - Node 5: k=169.56544174680104, f_best=-7.508396625518799, f_min=-7.901436721883329
2025-04-27 19:53:48,481 - INFO - Node 6: k=233.1424235307719, f_best=-6.7828593254089355, f_min=-7.814153573478507
2025-04-27 19:53:48,481 - INFO - Node 7: k=159.73831646134866, f_best=-7.509101390838623, f_min=-8.272604945760577
2025-04-27 19:53:48,481 - INFO - cur_node_number 6,f_best -7.509101390838623,f_min -8.272604945760577,k 159.73831646134866
2025-04-27 19:53:48,481 - INFO - f_best_current -7.509101390838623,f_min -8.272604945760577
2025-04-27 19:53:56,869 - INFO - tree_node.f_best*ep:-7.509101390838623,left_f_best-6.747213840484619,right_f_best-7.462777137756348,i:1
2025-04-27 19:54:05,702 - INFO - tree_node.f_best*ep:-7.509101390838623,left_f_best-6.76959753036499,right_f_best-7.489391803741455,i:2
2025-04-27 19:54:14,805 - INFO - tree_node.f_best*ep:-7.509101390838623,left_f_best-6.782052516937256,right_f_best-7.512156009674072,i:3
2025-04-27 19:54:42,164 - INFO - 添加左子节点，右子节点，len(queue):5
2025-04-27 19:54:42,164 - INFO - Node 1: k=1033.5899554502603, f_best=-7.482825756072998, f_min=-7.633021052450204
2025-04-27 19:54:42,164 - INFO - Node 2: k=183.6150756383111, f_best=-6.76909065246582, f_min=-8.305391741509993
2025-04-27 19:54:42,164 - INFO - Node 3: k=230.83408270373457, f_best=-7.4971418380737305, f_min=-8.880590171358563
2025-04-27 19:54:42,164 - INFO - Node 4: k=120.38976989012882, f_best=-6.776551723480225, f_min=-7.473499233070015
2025-04-27 19:54:42,164 - INFO - Node 5: k=169.56544174680104, f_best=-7.508396625518799, f_min=-7.901436721883329
2025-04-27 19:54:42,164 - INFO - Node 6: k=233.1424235307719, f_best=-6.7828593254089355, f_min=-7.814153573478507
2025-04-27 19:54:42,164 - INFO - Node 7: k=159.73831646134866, f_best=-7.509101390838623, f_min=-8.272604945760577
2025-04-27 19:54:42,164 - INFO - Node 8: k=254.984435053545, f_best=-6.782052516937256, f_min=-8.306034520586763
2025-04-27 19:54:42,164 - INFO - Node 9: k=128.33315749131194, f_best=-7.512156009674072, f_min=-7.642213787135006
2025-04-27 19:54:42,164 - INFO - cur_node_number 7,f_best -7.512156009674072,f_min -7.642213787135006,k 128.33315749131194
2025-04-27 19:54:42,164 - INFO - f_best_current -7.512156009674072,f_min -7.642213787135006
2025-04-27 19:54:50,620 - INFO - tree_node.f_best*ep:-7.512156009674072,left_f_best-6.755479335784912,right_f_best-7.472652912139893,i:1
2025-04-27 19:54:59,372 - INFO - tree_node.f_best*ep:-7.512156009674072,left_f_best-6.773623466491699,right_f_best-7.485207557678223,i:2
2025-04-27 19:55:08,586 - INFO - tree_node.f_best*ep:-7.512156009674072,left_f_best-6.774224281311035,right_f_best-7.502392292022705,i:3
2025-04-27 19:55:18,039 - INFO - tree_node.f_best*ep:-7.512156009674072,left_f_best-6.797473430633545,right_f_best-7.517606258392334,i:4
2025-04-27 19:55:43,872 - INFO - 添加左子节点，右子节点，len(queue):6
2025-04-27 19:55:43,872 - INFO - Node 1: k=1033.5899554502603, f_best=-7.482825756072998, f_min=-7.633021052450204
2025-04-27 19:55:43,872 - INFO - Node 2: k=183.6150756383111, f_best=-6.76909065246582, f_min=-8.305391741509993
2025-04-27 19:55:43,872 - INFO - Node 3: k=230.83408270373457, f_best=-7.4971418380737305, f_min=-8.880590171358563
2025-04-27 19:55:43,872 - INFO - Node 4: k=120.38976989012882, f_best=-6.776551723480225, f_min=-7.473499233070015
2025-04-27 19:55:43,872 - INFO - Node 5: k=169.56544174680104, f_best=-7.508396625518799, f_min=-7.901436721883329
2025-04-27 19:55:43,872 - INFO - Node 6: k=233.1424235307719, f_best=-6.7828593254089355, f_min=-7.814153573478507
2025-04-27 19:55:43,872 - INFO - Node 7: k=159.73831646134866, f_best=-7.509101390838623, f_min=-8.272604945760577
2025-04-27 19:55:43,872 - INFO - Node 8: k=254.984435053545, f_best=-6.782052516937256, f_min=-8.306034520586763
2025-04-27 19:55:43,872 - INFO - Node 9: k=128.33315749131194, f_best=-7.512156009674072, f_min=-7.642213787135006
2025-04-27 19:55:43,872 - INFO - Node 10: k=141.7596451887838, f_best=-6.797473430633545, f_min=-6.803112477967261
2025-04-27 19:55:43,872 - INFO - Node 11: k=165.27009508398856, f_best=-7.517606258392334, f_min=-8.341612461558725
2025-04-27 19:55:43,872 - INFO - cur_node_number 8,f_best -7.517606258392334,f_min -8.341612461558725,k 165.27009508398856
2025-04-27 19:55:43,872 - INFO - f_best_current -7.517606258392334,f_min -8.341612461558725
2025-04-27 19:55:43,872 - INFO - 回退,len(queue)=4
2025-04-27 19:55:43,872 - INFO - 回退,len(queue)=3
2025-04-27 19:55:52,230 - INFO - tree_node.f_best*ep:-7.509101390838623,left_f_best-6.751784324645996,right_f_best-7.472427845001221,i:1
2025-04-27 19:56:00,999 - INFO - tree_node.f_best*ep:-7.509101390838623,left_f_best-6.772273540496826,right_f_best-7.491179943084717,i:2
2025-04-27 19:56:10,115 - INFO - tree_node.f_best*ep:-7.509101390838623,left_f_best-6.790655612945557,right_f_best-7.508359909057617,i:3
2025-04-27 19:56:19,673 - INFO - tree_node.f_best*ep:-7.509101390838623,left_f_best-6.776221752166748,right_f_best-7.512211322784424,i:4
2025-04-27 19:56:47,106 - INFO - 添加左子节点，右子节点，len(queue):5
2025-04-27 19:56:47,106 - INFO - Node 1: k=1033.5899554502603, f_best=-7.482825756072998, f_min=-7.633021052450204
2025-04-27 19:56:47,106 - INFO - Node 2: k=183.6150756383111, f_best=-6.76909065246582, f_min=-8.305391741509993
2025-04-27 19:56:47,106 - INFO - Node 3: k=230.83408270373457, f_best=-7.4971418380737305, f_min=-8.880590171358563
2025-04-27 19:56:47,106 - INFO - Node 4: k=120.38976989012882, f_best=-6.776551723480225, f_min=-7.473499233070015
2025-04-27 19:56:47,106 - INFO - Node 5: k=169.56544174680104, f_best=-7.508396625518799, f_min=-7.901436721883329
2025-04-27 19:56:47,106 - INFO - Node 6: k=233.1424235307719, f_best=-6.7828593254089355, f_min=-7.814153573478507
2025-04-27 19:56:47,106 - INFO - Node 7: k=165.27009508398856, f_best=-7.509101390838623, f_min=-8.272604945760577
2025-04-27 19:56:47,106 - INFO - Node 8: k=198.82881590935236, f_best=-6.776221752166748, f_min=-10.368912717273815
2025-04-27 19:56:47,106 - INFO - Node 9: k=148.13550602020177, f_best=-7.512211322784424, f_min=-10.124288856913154
2025-04-27 19:56:47,106 - INFO - cur_node_number 9,f_best -7.512211322784424,f_min -10.124288856913154,k 148.13550602020177
2025-04-27 19:56:47,106 - INFO - f_best_current -7.512211322784424,f_min -10.124288856913154
2025-04-27 19:56:55,434 - INFO - tree_node.f_best*ep:-7.512211322784424,left_f_best-6.7635602951049805,right_f_best-7.485334873199463,i:1
2025-04-27 19:57:04,216 - INFO - tree_node.f_best*ep:-7.512211322784424,left_f_best-6.783161640167236,right_f_best-7.5001702308654785,i:2
2025-04-27 19:57:13,469 - INFO - tree_node.f_best*ep:-7.512211322784424,left_f_best-6.774178504943848,right_f_best-7.48923397064209,i:3
2025-04-27 19:57:23,101 - INFO - tree_node.f_best*ep:-7.512211322784424,left_f_best-6.795691967010498,right_f_best-7.513168811798096,i:4
2025-04-27 19:57:50,121 - INFO - 添加左子节点，右子节点，len(queue):6
2025-04-27 19:57:50,121 - INFO - Node 1: k=1033.5899554502603, f_best=-7.482825756072998, f_min=-7.633021052450204
2025-04-27 19:57:50,121 - INFO - Node 2: k=183.6150756383111, f_best=-6.76909065246582, f_min=-8.305391741509993
2025-04-27 19:57:50,121 - INFO - Node 3: k=230.83408270373457, f_best=-7.4971418380737305, f_min=-8.880590171358563
2025-04-27 19:57:50,121 - INFO - Node 4: k=120.38976989012882, f_best=-6.776551723480225, f_min=-7.473499233070015
2025-04-27 19:57:50,121 - INFO - Node 5: k=169.56544174680104, f_best=-7.508396625518799, f_min=-7.901436721883329
2025-04-27 19:57:50,121 - INFO - Node 6: k=233.1424235307719, f_best=-6.7828593254089355, f_min=-7.814153573478507
2025-04-27 19:57:50,121 - INFO - Node 7: k=165.27009508398856, f_best=-7.509101390838623, f_min=-8.272604945760577
2025-04-27 19:57:50,121 - INFO - Node 8: k=198.82881590935236, f_best=-6.776221752166748, f_min=-10.368912717273815
2025-04-27 19:57:50,121 - INFO - Node 9: k=148.13550602020177, f_best=-7.512211322784424, f_min=-10.124288856913154
2025-04-27 19:57:50,121 - INFO - Node 10: k=167.88657598693172, f_best=-6.795691967010498, f_min=-10.58858396641972
2025-04-27 19:57:50,121 - INFO - Node 11: k=176.45047863914257, f_best=-7.513168811798096, f_min=-7.7172607834172595
2025-04-27 19:57:50,121 - INFO - cur_node_number 10,f_best -7.513168811798096,f_min -7.7172607834172595,k 176.45047863914257
2025-04-27 19:57:50,121 - INFO - f_best_current -7.513168811798096,f_min -7.7172607834172595
2025-04-27 19:57:50,121 - INFO - 回退,len(queue)=4
2025-04-27 19:57:50,121 - INFO - 回退,len(queue)=3
2025-04-27 19:57:50,121 - INFO - 回退,len(queue)=2
2025-04-27 19:57:58,544 - INFO - tree_node.f_best*ep:-7.508396625518799,left_f_best-6.756897449493408,right_f_best-7.495837688446045,i:1
2025-04-27 19:58:07,285 - INFO - tree_node.f_best*ep:-7.508396625518799,left_f_best-6.778659343719482,right_f_best-7.4932169914245605,i:2
2025-04-27 19:58:16,475 - INFO - tree_node.f_best*ep:-7.508396625518799,left_f_best-6.769251346588135,right_f_best-7.511970043182373,i:3
2025-04-27 19:58:45,024 - INFO - 添加左子节点，右子节点，len(queue):4
2025-04-27 19:58:45,024 - INFO - Node 1: k=1033.5899554502603, f_best=-7.482825756072998, f_min=-7.633021052450204
2025-04-27 19:58:45,024 - INFO - Node 2: k=183.6150756383111, f_best=-6.76909065246582, f_min=-8.305391741509993
2025-04-27 19:58:45,024 - INFO - Node 3: k=230.83408270373457, f_best=-7.4971418380737305, f_min=-8.880590171358563
2025-04-27 19:58:45,024 - INFO - Node 4: k=120.38976989012882, f_best=-6.776551723480225, f_min=-7.473499233070015
2025-04-27 19:58:45,024 - INFO - Node 5: k=176.45047863914257, f_best=-7.508396625518799, f_min=-7.901436721883329
2025-04-27 19:58:45,024 - INFO - Node 6: k=196.86021377163598, f_best=-6.769251346588135, f_min=-8.610873308266491
2025-04-27 19:58:45,024 - INFO - Node 7: k=220.55358257021814, f_best=-7.511970043182373, f_min=-13.265565798036732
2025-04-27 19:58:45,024 - INFO - cur_node_number 11,f_best -7.511970043182373,f_min -13.265565798036732,k 220.55358257021814
2025-04-27 19:58:45,024 - INFO - f_best_current -7.511970043182373,f_min -13.265565798036732
2025-04-27 19:58:45,024 - INFO - 回退,len(queue)=2
2025-04-27 19:58:53,397 - INFO - tree_node.f_best*ep:-7.508396625518799,left_f_best-6.7556328773498535,right_f_best-7.4786906242370605,i:1
2025-04-27 19:59:02,164 - INFO - tree_node.f_best*ep:-7.508396625518799,left_f_best-6.779927730560303,right_f_best-7.4662909507751465,i:2
2025-04-27 19:59:11,293 - INFO - tree_node.f_best*ep:-7.508396625518799,left_f_best-6.790818214416504,right_f_best-7.482015132904053,i:3
2025-04-27 19:59:20,754 - INFO - tree_node.f_best*ep:-7.508396625518799,left_f_best-6.780198574066162,right_f_best-7.503335475921631,i:4
2025-04-27 19:59:30,792 - INFO - tree_node.f_best*ep:-7.508396625518799,left_f_best-6.796072483062744,right_f_best-7.5054802894592285,i:5
2025-04-27 19:59:41,459 - INFO - tree_node.f_best*ep:-7.508396625518799,left_f_best-6.784846782684326,right_f_best-7.529555797576904,i:6
2025-04-27 20:00:06,934 - INFO - 添加左子节点，右子节点，len(queue):4
2025-04-27 20:00:06,934 - INFO - Node 1: k=1033.5899554502603, f_best=-7.482825756072998, f_min=-7.633021052450204
2025-04-27 20:00:06,934 - INFO - Node 2: k=183.6150756383111, f_best=-6.76909065246582, f_min=-8.305391741509993
2025-04-27 20:00:06,934 - INFO - Node 3: k=230.83408270373457, f_best=-7.4971418380737305, f_min=-8.880590171358563
2025-04-27 20:00:06,934 - INFO - Node 4: k=120.38976989012882, f_best=-6.776551723480225, f_min=-7.473499233070015
2025-04-27 20:00:06,935 - INFO - Node 5: k=220.55358257021814, f_best=-7.508396625518799, f_min=-7.901436721883329
2025-04-27 20:00:06,935 - INFO - Node 6: k=169.56544174680104, f_best=-6.784846782684326, f_min=-7.860917809825878
2025-04-27 20:00:06,935 - INFO - Node 7: k=111.00417812292395, f_best=-7.529555797576904, f_min=-7.615803108856653
2025-04-27 20:00:06,935 - INFO - cur_node_number 12,f_best -7.529555797576904,f_min -7.615803108856653,k 111.00417812292395
2025-04-27 20:00:06,935 - INFO - f_best_current -7.529555797576904,f_min -7.615803108856653
2025-04-27 20:00:15,300 - INFO - tree_node.f_best*ep:-7.529555797576904,left_f_best-6.739677906036377,right_f_best-7.479727268218994,i:1
2025-04-27 20:00:24,003 - INFO - tree_node.f_best*ep:-7.529555797576904,left_f_best-6.7665839195251465,right_f_best-7.475701332092285,i:2
2025-04-27 20:00:33,225 - INFO - tree_node.f_best*ep:-7.529555797576904,left_f_best-6.788973808288574,right_f_best-7.506141662597656,i:3
2025-04-27 20:00:42,723 - INFO - tree_node.f_best*ep:-7.529555797576904,left_f_best-6.788238525390625,right_f_best-7.499984264373779,i:4
2025-04-27 20:00:52,575 - INFO - tree_node.f_best*ep:-7.529555797576904,left_f_best-6.804582595825195,right_f_best-7.50876522064209,i:5
2025-04-27 20:01:02,832 - INFO - tree_node.f_best*ep:-7.529555797576904,left_f_best-6.793273448944092,right_f_best-7.531310081481934,i:6
2025-04-27 20:01:28,341 - INFO - 添加左子节点，右子节点，len(queue):5
2025-04-27 20:01:28,341 - INFO - Node 1: k=1033.5899554502603, f_best=-7.482825756072998, f_min=-7.633021052450204
2025-04-27 20:01:28,341 - INFO - Node 2: k=183.6150756383111, f_best=-6.76909065246582, f_min=-8.305391741509993
2025-04-27 20:01:28,341 - INFO - Node 3: k=230.83408270373457, f_best=-7.4971418380737305, f_min=-8.880590171358563
2025-04-27 20:01:28,341 - INFO - Node 4: k=120.38976989012882, f_best=-6.776551723480225, f_min=-7.473499233070015
2025-04-27 20:01:28,341 - INFO - Node 5: k=220.55358257021814, f_best=-7.508396625518799, f_min=-7.901436721883329
2025-04-27 20:01:28,341 - INFO - Node 6: k=169.56544174680104, f_best=-6.784846782684326, f_min=-7.860917809825878
2025-04-27 20:01:28,341 - INFO - Node 7: k=111.00417812292395, f_best=-7.529555797576904, f_min=-7.615803108856653
2025-04-27 20:01:28,341 - INFO - Node 8: k=118.51351783140683, f_best=-6.793273448944092, f_min=-7.768000749021667
2025-04-27 20:01:28,341 - INFO - Node 9: k=156.5908405659726, f_best=-7.531310081481934, f_min=-8.511824714113573
2025-04-27 20:01:28,341 - INFO - cur_node_number 13,f_best -7.531310081481934,f_min -8.511824714113573,k 156.5908405659726
2025-04-27 20:01:28,341 - INFO - f_best_current -7.531310081481934,f_min -8.511824714113573
2025-04-27 20:01:28,341 - INFO - 回退,len(queue)=3
2025-04-27 20:01:36,419 - INFO - tree_node.f_best*ep:-7.529555797576904,left_f_best-6.760409832000732,right_f_best-7.489654064178467,i:1
2025-04-27 20:01:45,012 - INFO - tree_node.f_best*ep:-7.529555797576904,left_f_best-6.767989635467529,right_f_best-7.502636909484863,i:2
2025-04-27 20:01:54,123 - INFO - tree_node.f_best*ep:-7.529555797576904,left_f_best-6.778275012969971,right_f_best-7.512009620666504,i:3
2025-04-27 20:02:03,846 - INFO - tree_node.f_best*ep:-7.529555797576904,left_f_best-6.7864298820495605,right_f_best-7.5198493003845215,i:4
2025-04-27 20:02:13,898 - INFO - tree_node.f_best*ep:-7.529555797576904,left_f_best-6.7859206199646,right_f_best-7.508699893951416,i:5
2025-04-27 20:02:24,175 - INFO - tree_node.f_best*ep:-7.529555797576904,left_f_best-6.803212642669678,right_f_best-7.514129161834717,i:6
2025-04-27 20:02:34,948 - INFO - tree_node.f_best*ep:-7.529555797576904,left_f_best-6.802655220031738,right_f_best-7.532627105712891,i:7
2025-04-27 20:02:57,656 - INFO - 添加左子节点，右子节点，len(queue):5
2025-04-27 20:02:57,656 - INFO - Node 1: k=1033.5899554502603, f_best=-7.482825756072998, f_min=-7.633021052450204
2025-04-27 20:02:57,656 - INFO - Node 2: k=183.6150756383111, f_best=-6.76909065246582, f_min=-8.305391741509993
2025-04-27 20:02:57,656 - INFO - Node 3: k=230.83408270373457, f_best=-7.4971418380737305, f_min=-8.880590171358563
2025-04-27 20:02:57,656 - INFO - Node 4: k=120.38976989012882, f_best=-6.776551723480225, f_min=-7.473499233070015
2025-04-27 20:02:57,656 - INFO - Node 5: k=220.55358257021814, f_best=-7.508396625518799, f_min=-7.901436721883329
2025-04-27 20:02:57,656 - INFO - Node 6: k=169.56544174680104, f_best=-6.784846782684326, f_min=-7.860917809825878
2025-04-27 20:02:57,656 - INFO - Node 7: k=156.5908405659726, f_best=-7.529555797576904, f_min=-7.615803108856653
2025-04-27 20:02:57,656 - INFO - Node 8: k=71.34734662570439, f_best=-6.802655220031738, f_min=-9.901028079100797
2025-04-27 20:02:57,656 - INFO - Node 9: k=158.15674897163234, f_best=-7.532627105712891, f_min=-7.890920238704894
2025-04-27 20:02:57,656 - INFO - cur_node_number 14,f_best -7.532627105712891,f_min -7.890920238704894,k 158.15674897163234
2025-04-27 20:02:57,656 - INFO - f_best_current -7.532627105712891,f_min -7.890920238704894
2025-04-27 20:02:57,656 - INFO - 回退,len(queue)=3
2025-04-27 20:03:06,109 - INFO - tree_node.f_best*ep:-7.529555797576904,left_f_best-6.771398067474365,right_f_best-7.484199047088623,i:1
2025-04-27 20:03:14,846 - INFO - tree_node.f_best*ep:-7.529555797576904,left_f_best-6.765207290649414,right_f_best-7.504289627075195,i:2
2025-04-27 20:03:24,023 - INFO - tree_node.f_best*ep:-7.529555797576904,left_f_best-6.769834518432617,right_f_best-7.504629611968994,i:3
2025-04-27 20:03:33,703 - INFO - tree_node.f_best*ep:-7.529555797576904,left_f_best-6.786042213439941,right_f_best-7.51779317855835,i:4
2025-04-27 20:03:43,986 - INFO - tree_node.f_best*ep:-7.529555797576904,left_f_best-6.791125774383545,right_f_best-7.518909931182861,i:5
2025-04-27 20:03:54,579 - INFO - tree_node.f_best*ep:-7.529555797576904,left_f_best-6.805589199066162,right_f_best-7.528191566467285,i:6
2025-04-27 20:04:05,557 - INFO - tree_node.f_best*ep:-7.529555797576904,left_f_best-6.806358814239502,right_f_best-7.52724027633667,i:7
2025-04-27 20:04:16,832 - INFO - tree_node.f_best*ep:-7.529555797576904,left_f_best-6.813753128051758,right_f_best-7.543945789337158,i:8
2025-04-27 20:04:44,899 - INFO - 添加左子节点，右子节点，len(queue):5
2025-04-27 20:04:44,899 - INFO - Node 1: k=1033.5899554502603, f_best=-7.482825756072998, f_min=-7.633021052450204
2025-04-27 20:04:44,899 - INFO - Node 2: k=183.6150756383111, f_best=-6.76909065246582, f_min=-8.305391741509993
2025-04-27 20:04:44,899 - INFO - Node 3: k=230.83408270373457, f_best=-7.4971418380737305, f_min=-8.880590171358563
2025-04-27 20:04:44,899 - INFO - Node 4: k=120.38976989012882, f_best=-6.776551723480225, f_min=-7.473499233070015
2025-04-27 20:04:44,899 - INFO - Node 5: k=220.55358257021814, f_best=-7.508396625518799, f_min=-7.901436721883329
2025-04-27 20:04:44,899 - INFO - Node 6: k=169.56544174680104, f_best=-6.784846782684326, f_min=-7.860917809825878
2025-04-27 20:04:44,899 - INFO - Node 7: k=158.15674897163234, f_best=-7.529555797576904, f_min=-7.615803108856653
2025-04-27 20:04:44,899 - INFO - Node 8: k=144.60901405707835, f_best=-6.813753128051758, f_min=-6.960037079256836
2025-04-27 20:04:44,899 - INFO - Node 9: k=287.3228437123941, f_best=-7.543945789337158, f_min=-11.262398964781823
2025-04-27 20:04:44,899 - INFO - cur_node_number 15,f_best -7.543945789337158,f_min -11.262398964781823,k 287.3228437123941
2025-04-27 20:04:44,899 - INFO - f_best_current -7.543945789337158,f_min -11.262398964781823
2025-04-27 20:04:44,899 - INFO - 回退,len(queue)=3
2025-04-27 20:04:44,899 - INFO - 回退,len(queue)=2
2025-04-27 20:04:44,899 - INFO - 回退,len(queue)=1
2025-04-27 20:04:53,056 - INFO - tree_node.f_best*ep:-7.4971418380737305,left_f_best-6.744019031524658,right_f_best-7.484887599945068,i:1
2025-04-27 20:05:01,794 - INFO - tree_node.f_best*ep:-7.4971418380737305,left_f_best-6.77659797668457,right_f_best-7.502203464508057,i:2
2025-04-27 20:05:28,955 - INFO - 添加左子节点，右子节点，len(queue):3
2025-04-27 20:05:28,955 - INFO - Node 1: k=1033.5899554502603, f_best=-7.482825756072998, f_min=-7.633021052450204
2025-04-27 20:05:28,955 - INFO - Node 2: k=183.6150756383111, f_best=-6.76909065246582, f_min=-8.305391741509993
2025-04-27 20:05:28,955 - INFO - Node 3: k=287.3228437123941, f_best=-7.4971418380737305, f_min=-8.880590171358563
2025-04-27 20:05:28,955 - INFO - Node 4: k=137.59051499395207, f_best=-6.77659797668457, f_min=-7.573882834389224
2025-04-27 20:05:28,955 - INFO - Node 5: k=208.97108377021212, f_best=-7.502203464508057, f_min=-8.112129821698545
2025-04-27 20:05:28,955 - INFO - cur_node_number 16,f_best -7.502203464508057,f_min -8.112129821698545,k 208.97108377021212
2025-04-27 20:05:28,955 - INFO - f_best_current -7.502203464508057,f_min -8.112129821698545
2025-04-27 20:05:37,328 - INFO - tree_node.f_best*ep:-7.502203464508057,left_f_best-6.751058578491211,right_f_best-7.483404159545898,i:1
2025-04-27 20:05:45,925 - INFO - tree_node.f_best*ep:-7.502203464508057,left_f_best-6.744374752044678,right_f_best-7.480386257171631,i:2
2025-04-27 20:05:55,181 - INFO - tree_node.f_best*ep:-7.502203464508057,left_f_best-6.787222385406494,right_f_best-7.505626201629639,i:3
2025-04-27 20:06:20,701 - INFO - 添加左子节点，右子节点，len(queue):4
2025-04-27 20:06:20,701 - INFO - Node 1: k=1033.5899554502603, f_best=-7.482825756072998, f_min=-7.633021052450204
2025-04-27 20:06:20,701 - INFO - Node 2: k=183.6150756383111, f_best=-6.76909065246582, f_min=-8.305391741509993
2025-04-27 20:06:20,701 - INFO - Node 3: k=287.3228437123941, f_best=-7.4971418380737305, f_min=-8.880590171358563
2025-04-27 20:06:20,701 - INFO - Node 4: k=137.59051499395207, f_best=-6.77659797668457, f_min=-7.573882834389224
2025-04-27 20:06:20,701 - INFO - Node 5: k=208.97108377021212, f_best=-7.502203464508057, f_min=-8.112129821698545
2025-04-27 20:06:20,701 - INFO - Node 6: k=164.578547188444, f_best=-6.787222385406494, f_min=-6.941187203575282
2025-04-27 20:06:20,701 - INFO - Node 7: k=137.59051499395207, f_best=-7.505626201629639, f_min=-8.53583455448279
2025-04-27 20:06:20,701 - INFO - cur_node_number 17,f_best -7.505626201629639,f_min -8.53583455448279,k 137.59051499395207
2025-04-27 20:06:20,701 - INFO - f_best_current -7.505626201629639,f_min -8.53583455448279
2025-04-27 20:06:29,122 - INFO - tree_node.f_best*ep:-7.505626201629639,left_f_best-6.753431797027588,right_f_best-7.459464073181152,i:1
2025-04-27 20:06:37,857 - INFO - tree_node.f_best*ep:-7.505626201629639,left_f_best-6.786593914031982,right_f_best-7.485661029815674,i:2
2025-04-27 20:06:47,016 - INFO - tree_node.f_best*ep:-7.505626201629639,left_f_best-6.771061897277832,right_f_best-7.511189937591553,i:3
2025-04-27 20:07:11,949 - INFO - 添加左子节点，右子节点，len(queue):5
2025-04-27 20:07:11,949 - INFO - Node 1: k=1033.5899554502603, f_best=-7.482825756072998, f_min=-7.633021052450204
2025-04-27 20:07:11,949 - INFO - Node 2: k=183.6150756383111, f_best=-6.76909065246582, f_min=-8.305391741509993
2025-04-27 20:07:11,949 - INFO - Node 3: k=287.3228437123941, f_best=-7.4971418380737305, f_min=-8.880590171358563
2025-04-27 20:07:11,949 - INFO - Node 4: k=137.59051499395207, f_best=-6.77659797668457, f_min=-7.573882834389224
2025-04-27 20:07:11,949 - INFO - Node 5: k=208.97108377021212, f_best=-7.502203464508057, f_min=-8.112129821698545
2025-04-27 20:07:11,949 - INFO - Node 6: k=164.578547188444, f_best=-6.787222385406494, f_min=-6.941187203575282
2025-04-27 20:07:11,949 - INFO - Node 7: k=137.59051499395207, f_best=-7.505626201629639, f_min=-8.53583455448279
2025-04-27 20:07:11,949 - INFO - Node 8: k=119.6986530097209, f_best=-6.771061897277832, f_min=-7.715747574957277
2025-04-27 20:07:11,949 - INFO - Node 9: k=162.94905662222178, f_best=-7.511189937591553, f_min=-7.923381198429524
2025-04-27 20:07:11,949 - INFO - cur_node_number 18,f_best -7.511189937591553,f_min -7.923381198429524,k 162.94905662222178
2025-04-27 20:07:11,949 - INFO - f_best_current -7.511189937591553,f_min -7.923381198429524
2025-04-27 20:07:11,949 - INFO - 回退,len(queue)=3
2025-04-27 20:07:20,300 - INFO - tree_node.f_best*ep:-7.505626201629639,left_f_best-6.746340751647949,right_f_best-7.470394134521484,i:1
2025-04-27 20:07:29,037 - INFO - tree_node.f_best*ep:-7.505626201629639,left_f_best-6.779719829559326,right_f_best-7.488373279571533,i:2
2025-04-27 20:07:38,247 - INFO - tree_node.f_best*ep:-7.505626201629639,left_f_best-6.770655155181885,right_f_best-7.511174201965332,i:3
2025-04-27 20:08:03,437 - INFO - 添加左子节点，右子节点，len(queue):5
2025-04-27 20:08:03,437 - INFO - Node 1: k=1033.5899554502603, f_best=-7.482825756072998, f_min=-7.633021052450204
2025-04-27 20:08:03,437 - INFO - Node 2: k=183.6150756383111, f_best=-6.76909065246582, f_min=-8.305391741509993
2025-04-27 20:08:03,437 - INFO - Node 3: k=287.3228437123941, f_best=-7.4971418380737305, f_min=-8.880590171358563
2025-04-27 20:08:03,437 - INFO - Node 4: k=137.59051499395207, f_best=-6.77659797668457, f_min=-7.573882834389224
2025-04-27 20:08:03,437 - INFO - Node 5: k=208.97108377021212, f_best=-7.502203464508057, f_min=-8.112129821698545
2025-04-27 20:08:03,437 - INFO - Node 6: k=164.578547188444, f_best=-6.787222385406494, f_min=-6.941187203575282
2025-04-27 20:08:03,437 - INFO - Node 7: k=162.94905662222178, f_best=-7.505626201629639, f_min=-8.53583455448279
2025-04-27 20:08:03,437 - INFO - Node 8: k=125.80448729664927, f_best=-6.770655155181885, f_min=-7.045214184639917
2025-04-27 20:08:03,437 - INFO - Node 9: k=161.33569962596215, f_best=-7.511174201965332, f_min=-9.153792464938306
2025-04-27 20:08:03,437 - INFO - cur_node_number 19,f_best -7.511174201965332,f_min -9.153792464938306,k 161.33569962596215
2025-04-27 20:08:03,437 - INFO - f_best_current -7.511174201965332,f_min -9.153792464938306
2025-04-27 20:08:11,874 - INFO - tree_node.f_best*ep:-7.511174201965332,left_f_best-6.763166904449463,right_f_best-7.466827869415283,i:1
2025-04-27 20:08:20,701 - INFO - tree_node.f_best*ep:-7.511174201965332,left_f_best-6.775271892547607,right_f_best-7.47953987121582,i:2
2025-04-27 20:08:29,959 - INFO - tree_node.f_best*ep:-7.511174201965332,left_f_best-6.780284881591797,right_f_best-7.5105881690979,i:3
2025-04-27 20:08:39,464 - INFO - tree_node.f_best*ep:-7.511174201965332,left_f_best-6.798903942108154,right_f_best-7.5162672996521,i:4
2025-04-27 20:09:06,283 - INFO - 添加左子节点，右子节点，len(queue):6
2025-04-27 20:09:06,283 - INFO - Node 1: k=1033.5899554502603, f_best=-7.482825756072998, f_min=-7.633021052450204
2025-04-27 20:09:06,283 - INFO - Node 2: k=183.6150756383111, f_best=-6.76909065246582, f_min=-8.305391741509993
2025-04-27 20:09:06,283 - INFO - Node 3: k=287.3228437123941, f_best=-7.4971418380737305, f_min=-8.880590171358563
2025-04-27 20:09:06,283 - INFO - Node 4: k=137.59051499395207, f_best=-6.77659797668457, f_min=-7.573882834389224
2025-04-27 20:09:06,283 - INFO - Node 5: k=208.97108377021212, f_best=-7.502203464508057, f_min=-8.112129821698545
2025-04-27 20:09:06,283 - INFO - Node 6: k=164.578547188444, f_best=-6.787222385406494, f_min=-6.941187203575282
2025-04-27 20:09:06,283 - INFO - Node 7: k=162.94905662222178, f_best=-7.505626201629639, f_min=-8.53583455448279
2025-04-27 20:09:06,283 - INFO - Node 8: k=125.80448729664927, f_best=-6.770655155181885, f_min=-7.045214184639917
2025-04-27 20:09:06,283 - INFO - Node 9: k=161.33569962596215, f_best=-7.511174201965332, f_min=-9.153792464938306
2025-04-27 20:09:06,283 - INFO - Node 10: k=249.96023434324576, f_best=-6.798903942108154, f_min=-15.701172159470843
2025-04-27 20:09:06,283 - INFO - Node 11: k=108.36162906402232, f_best=-7.5162672996521, f_min=-7.726776130913095
2025-04-27 20:09:06,283 - INFO - cur_node_number 20,f_best -7.5162672996521,f_min -7.726776130913095,k 108.36162906402232
2025-04-27 20:09:06,283 - INFO - f_best_current -7.5162672996521,f_min -7.726776130913095
2025-04-27 20:09:14,767 - INFO - tree_node.f_best*ep:-7.5162672996521,left_f_best-6.752928256988525,right_f_best-7.483537673950195,i:1
2025-04-27 20:09:23,642 - INFO - tree_node.f_best*ep:-7.5162672996521,left_f_best-6.766976833343506,right_f_best-7.478334903717041,i:2
2025-04-27 20:09:32,909 - INFO - tree_node.f_best*ep:-7.5162672996521,left_f_best-6.780791282653809,right_f_best-7.495794773101807,i:3
2025-04-27 20:09:42,556 - INFO - tree_node.f_best*ep:-7.5162672996521,left_f_best-6.79384708404541,right_f_best-7.511293888092041,i:4
2025-04-27 20:09:52,547 - INFO - tree_node.f_best*ep:-7.5162672996521,left_f_best-6.790451526641846,right_f_best-7.499558925628662,i:5
2025-04-27 20:10:02,738 - INFO - tree_node.f_best*ep:-7.5162672996521,left_f_best-6.795004844665527,right_f_best-7.524814128875732,i:6
2025-04-27 20:10:23,520 - INFO - 添加左子节点，右子节点，len(queue):7
2025-04-27 20:10:23,520 - INFO - Node 1: k=1033.5899554502603, f_best=-7.482825756072998, f_min=-7.633021052450204
2025-04-27 20:10:23,520 - INFO - Node 2: k=183.6150756383111, f_best=-6.76909065246582, f_min=-8.305391741509993
2025-04-27 20:10:23,520 - INFO - Node 3: k=287.3228437123941, f_best=-7.4971418380737305, f_min=-8.880590171358563
2025-04-27 20:10:23,520 - INFO - Node 4: k=137.59051499395207, f_best=-6.77659797668457, f_min=-7.573882834389224
2025-04-27 20:10:23,520 - INFO - Node 5: k=208.97108377021212, f_best=-7.502203464508057, f_min=-8.112129821698545
2025-04-27 20:10:23,520 - INFO - Node 6: k=164.578547188444, f_best=-6.787222385406494, f_min=-6.941187203575282
2025-04-27 20:10:23,520 - INFO - Node 7: k=162.94905662222178, f_best=-7.505626201629639, f_min=-8.53583455448279
2025-04-27 20:10:23,520 - INFO - Node 8: k=125.80448729664927, f_best=-6.770655155181885, f_min=-7.045214184639917
2025-04-27 20:10:23,520 - INFO - Node 9: k=161.33569962596215, f_best=-7.511174201965332, f_min=-9.153792464938306
2025-04-27 20:10:23,520 - INFO - Node 10: k=249.96023434324576, f_best=-6.798903942108154, f_min=-15.701172159470843
2025-04-27 20:10:23,520 - INFO - Node 11: k=108.36162906402232, f_best=-7.5162672996521, f_min=-7.726776130913095
2025-04-27 20:10:23,520 - INFO - Node 12: k=67.88455221614288, f_best=-6.795004844665527, f_min=-7.178658693166653
2025-04-27 20:10:23,520 - INFO - Node 13: k=123.32564189456845, f_best=-7.524814128875732, f_min=-7.976194222728282
2025-04-27 20:10:23,520 - INFO - cur_node_number 21,f_best -7.524814128875732,f_min -7.976194222728282,k 123.32564189456845
2025-04-27 20:10:23,520 - INFO - f_best_current -7.524814128875732,f_min -7.976194222728282
2025-04-27 20:10:23,520 - INFO - 回退,len(queue)=5
2025-04-27 20:10:32,142 - INFO - tree_node.f_best*ep:-7.5162672996521,left_f_best-6.772946834564209,right_f_best-7.48284387588501,i:1
2025-04-27 20:10:40,990 - INFO - tree_node.f_best*ep:-7.5162672996521,left_f_best-6.759581565856934,right_f_best-7.4997029304504395,i:2
2025-04-27 20:10:50,130 - INFO - tree_node.f_best*ep:-7.5162672996521,left_f_best-6.79297399520874,right_f_best-7.506773948669434,i:3
2025-04-27 20:10:59,734 - INFO - tree_node.f_best*ep:-7.5162672996521,left_f_best-6.791525363922119,right_f_best-7.492661952972412,i:4
2025-04-27 20:11:09,633 - INFO - tree_node.f_best*ep:-7.5162672996521,left_f_best-6.790477275848389,right_f_best-7.523193836212158,i:5
2025-04-27 20:11:37,884 - INFO - 添加左子节点，右子节点，len(queue):7
2025-04-27 20:11:37,884 - INFO - Node 1: k=1033.5899554502603, f_best=-7.482825756072998, f_min=-7.633021052450204
2025-04-27 20:11:37,884 - INFO - Node 2: k=183.6150756383111, f_best=-6.76909065246582, f_min=-8.305391741509993
2025-04-27 20:11:37,884 - INFO - Node 3: k=287.3228437123941, f_best=-7.4971418380737305, f_min=-8.880590171358563
2025-04-27 20:11:37,884 - INFO - Node 4: k=137.59051499395207, f_best=-6.77659797668457, f_min=-7.573882834389224
2025-04-27 20:11:37,884 - INFO - Node 5: k=208.97108377021212, f_best=-7.502203464508057, f_min=-8.112129821698545
2025-04-27 20:11:37,884 - INFO - Node 6: k=164.578547188444, f_best=-6.787222385406494, f_min=-6.941187203575282
2025-04-27 20:11:37,884 - INFO - Node 7: k=162.94905662222178, f_best=-7.505626201629639, f_min=-8.53583455448279
2025-04-27 20:11:37,884 - INFO - Node 8: k=125.80448729664927, f_best=-6.770655155181885, f_min=-7.045214184639917
2025-04-27 20:11:37,884 - INFO - Node 9: k=161.33569962596215, f_best=-7.511174201965332, f_min=-9.153792464938306
2025-04-27 20:11:37,884 - INFO - Node 10: k=249.96023434324576, f_best=-6.798903942108154, f_min=-15.701172159470843
2025-04-27 20:11:37,884 - INFO - Node 11: k=123.32564189456845, f_best=-7.5162672996521, f_min=-7.726776130913095
2025-04-27 20:11:37,884 - INFO - Node 12: k=204.85352786022165, f_best=-6.790477275848389, f_min=-11.88951418735087
2025-04-27 20:11:37,886 - INFO - Node 13: k=196.86021377163598, f_best=-7.523193836212158, f_min=-8.920690836631366
2025-04-27 20:11:37,886 - INFO - cur_node_number 22,f_best -7.523193836212158,f_min -8.920690836631366,k 196.86021377163598
2025-04-27 20:11:37,886 - INFO - f_best_current -7.523193836212158,f_min -8.920690836631366
2025-04-27 20:11:37,886 - INFO - 回退,len(queue)=5
2025-04-27 20:11:37,886 - INFO - 回退,len(queue)=4
2025-04-27 20:11:37,886 - INFO - 回退,len(queue)=3
2025-04-27 20:11:46,568 - INFO - tree_node.f_best*ep:-7.505626201629639,left_f_best-6.731228351593018,right_f_best-7.4869771003723145,i:1
2025-04-27 20:11:55,510 - INFO - tree_node.f_best*ep:-7.505626201629639,left_f_best-6.786100387573242,right_f_best-7.490355014801025,i:2
2025-04-27 20:12:04,688 - INFO - tree_node.f_best*ep:-7.505626201629639,left_f_best-6.7913336753845215,right_f_best-7.508633136749268,i:3
2025-04-27 20:12:30,995 - INFO - 添加左子节点，右子节点，len(queue):5
2025-04-27 20:12:30,995 - INFO - Node 1: k=1033.5899554502603, f_best=-7.482825756072998, f_min=-7.633021052450204
2025-04-27 20:12:30,995 - INFO - Node 2: k=183.6150756383111, f_best=-6.76909065246582, f_min=-8.305391741509993
2025-04-27 20:12:30,995 - INFO - Node 3: k=287.3228437123941, f_best=-7.4971418380737305, f_min=-8.880590171358563
2025-04-27 20:12:30,995 - INFO - Node 4: k=137.59051499395207, f_best=-6.77659797668457, f_min=-7.573882834389224
2025-04-27 20:12:30,995 - INFO - Node 5: k=208.97108377021212, f_best=-7.502203464508057, f_min=-8.112129821698545
2025-04-27 20:12:30,995 - INFO - Node 6: k=164.578547188444, f_best=-6.787222385406494, f_min=-6.941187203575282
2025-04-27 20:12:30,995 - INFO - Node 7: k=196.86021377163598, f_best=-7.505626201629639, f_min=-8.53583455448279
2025-04-27 20:12:30,995 - INFO - Node 8: k=174.70344419717085, f_best=-6.7913336753845215, f_min=-7.127124265820385
2025-04-27 20:12:30,995 - INFO - Node 9: k=173.7005309142546, f_best=-7.508633136749268, f_min=-8.199558057608556
2025-04-27 20:12:30,995 - INFO - cur_node_number 23,f_best -7.508633136749268,f_min -8.199558057608556,k 173.7005309142546
2025-04-27 20:12:30,995 - INFO - f_best_current -7.508633136749268,f_min -8.199558057608556
2025-04-27 20:12:39,357 - INFO - tree_node.f_best*ep:-7.508633136749268,left_f_best-6.750369548797607,right_f_best-7.472635269165039,i:1
2025-04-27 20:12:48,138 - INFO - tree_node.f_best*ep:-7.508633136749268,left_f_best-6.777858734130859,right_f_best-7.477291107177734,i:2
2025-04-27 20:12:57,282 - INFO - tree_node.f_best*ep:-7.508633136749268,left_f_best-6.7802205085754395,right_f_best-7.482924938201904,i:3
2025-04-27 20:13:06,928 - INFO - tree_node.f_best*ep:-7.508633136749268,left_f_best-6.795009136199951,right_f_best-7.514352798461914,i:4
2025-04-27 20:13:34,163 - INFO - 添加左子节点，右子节点，len(queue):6
2025-04-27 20:13:34,163 - INFO - Node 1: k=1033.5899554502603, f_best=-7.482825756072998, f_min=-7.633021052450204
2025-04-27 20:13:34,163 - INFO - Node 2: k=183.6150756383111, f_best=-6.76909065246582, f_min=-8.305391741509993
2025-04-27 20:13:34,163 - INFO - Node 3: k=287.3228437123941, f_best=-7.4971418380737305, f_min=-8.880590171358563
2025-04-27 20:13:34,163 - INFO - Node 4: k=137.59051499395207, f_best=-6.77659797668457, f_min=-7.573882834389224
2025-04-27 20:13:34,163 - INFO - Node 5: k=208.97108377021212, f_best=-7.502203464508057, f_min=-8.112129821698545
2025-04-27 20:13:34,163 - INFO - Node 6: k=164.578547188444, f_best=-6.787222385406494, f_min=-6.941187203575282
2025-04-27 20:13:34,163 - INFO - Node 7: k=196.86021377163598, f_best=-7.505626201629639, f_min=-8.53583455448279
2025-04-27 20:13:34,163 - INFO - Node 8: k=174.70344419717085, f_best=-6.7913336753845215, f_min=-7.127124265820385
2025-04-27 20:13:34,163 - INFO - Node 9: k=173.7005309142546, f_best=-7.508633136749268, f_min=-8.199558057608556
2025-04-27 20:13:34,163 - INFO - Node 10: k=136.2282326672793, f_best=-6.795009136199951, f_min=-8.519732339734219
2025-04-27 20:13:34,163 - INFO - Node 11: k=226.28573934294144, f_best=-7.514352798461914, f_min=-7.788695204039868
2025-04-27 20:13:34,163 - INFO - cur_node_number 24,f_best -7.514352798461914,f_min -7.788695204039868,k 226.28573934294144
2025-04-27 20:13:34,163 - INFO - f_best_current -7.514352798461914,f_min -7.788695204039868
2025-04-27 20:13:34,163 - INFO - 回退,len(queue)=4
2025-04-27 20:13:34,163 - INFO - 回退,len(queue)=3
2025-04-27 20:13:34,163 - INFO - 回退,len(queue)=2
2025-04-27 20:13:42,323 - INFO - tree_node.f_best*ep:-7.502203464508057,left_f_best-6.753373622894287,right_f_best-7.485637187957764,i:1
2025-04-27 20:13:50,828 - INFO - tree_node.f_best*ep:-7.502203464508057,left_f_best-6.780036926269531,right_f_best-7.493033409118652,i:2
2025-04-27 20:13:59,972 - INFO - tree_node.f_best*ep:-7.502203464508057,left_f_best-6.771290302276611,right_f_best-7.508559703826904,i:3
2025-04-27 20:14:25,382 - INFO - 添加左子节点，右子节点，len(queue):4
2025-04-27 20:14:25,382 - INFO - Node 1: k=1033.5899554502603, f_best=-7.482825756072998, f_min=-7.633021052450204
2025-04-27 20:14:25,382 - INFO - Node 2: k=183.6150756383111, f_best=-6.76909065246582, f_min=-8.305391741509993
2025-04-27 20:14:25,382 - INFO - Node 3: k=287.3228437123941, f_best=-7.4971418380737305, f_min=-8.880590171358563
2025-04-27 20:14:25,382 - INFO - Node 4: k=137.59051499395207, f_best=-6.77659797668457, f_min=-7.573882834389224
2025-04-27 20:14:25,382 - INFO - Node 5: k=226.28573934294144, f_best=-7.502203464508057, f_min=-8.112129821698545
2025-04-27 20:14:25,382 - INFO - Node 6: k=150.4807199099421, f_best=-6.771290302276611, f_min=-7.2249864884170165
2025-04-27 20:14:25,382 - INFO - Node 7: k=112.76154573415418, f_best=-7.508559703826904, f_min=-8.109840192870706
2025-04-27 20:14:25,382 - INFO - cur_node_number 25,f_best -7.508559703826904,f_min -8.109840192870706,k 112.76154573415418
2025-04-27 20:14:25,382 - INFO - f_best_current -7.508559703826904,f_min -8.109840192870706
2025-04-27 20:14:33,761 - INFO - tree_node.f_best*ep:-7.508559703826904,left_f_best-6.7720465660095215,right_f_best-7.476492404937744,i:1
2025-04-27 20:14:42,476 - INFO - tree_node.f_best*ep:-7.508559703826904,left_f_best-6.765486717224121,right_f_best-7.496240139007568,i:2
2025-04-27 20:14:51,699 - INFO - tree_node.f_best*ep:-7.508559703826904,left_f_best-6.77943754196167,right_f_best-7.494621753692627,i:3
2025-04-27 20:15:01,440 - INFO - tree_node.f_best*ep:-7.508559703826904,left_f_best-6.789750576019287,right_f_best-7.511908054351807,i:4
2025-04-27 20:15:26,889 - INFO - 添加左子节点，右子节点，len(queue):5
2025-04-27 20:15:26,889 - INFO - Node 1: k=1033.5899554502603, f_best=-7.482825756072998, f_min=-7.633021052450204
2025-04-27 20:15:26,889 - INFO - Node 2: k=183.6150756383111, f_best=-6.76909065246582, f_min=-8.305391741509993
2025-04-27 20:15:26,889 - INFO - Node 3: k=287.3228437123941, f_best=-7.4971418380737305, f_min=-8.880590171358563
2025-04-27 20:15:26,889 - INFO - Node 4: k=137.59051499395207, f_best=-6.77659797668457, f_min=-7.573882834389224
2025-04-27 20:15:26,889 - INFO - Node 5: k=226.28573934294144, f_best=-7.502203464508057, f_min=-8.112129821698545
2025-04-27 20:15:26,889 - INFO - Node 6: k=150.4807199099421, f_best=-6.771290302276611, f_min=-7.2249864884170165
2025-04-27 20:15:26,889 - INFO - Node 7: k=112.76154573415418, f_best=-7.508559703826904, f_min=-8.109840192870706
2025-04-27 20:15:26,889 - INFO - Node 8: k=176.45047863914257, f_best=-6.789750576019287, f_min=-7.418004335646401
2025-04-27 20:15:26,889 - INFO - Node 9: k=118.51351783140683, f_best=-7.511908054351807, f_min=-8.362284639249992
2025-04-27 20:15:26,889 - INFO - cur_node_number 26,f_best -7.511908054351807,f_min -8.362284639249992,k 118.51351783140683
2025-04-27 20:15:26,889 - INFO - f_best_current -7.511908054351807,f_min -8.362284639249992
2025-04-27 20:15:26,889 - INFO - 回退,len(queue)=3
2025-04-27 20:15:34,909 - INFO - tree_node.f_best*ep:-7.508559703826904,left_f_best-6.75775671005249,right_f_best-7.498021125793457,i:1
2025-04-27 20:15:43,509 - INFO - tree_node.f_best*ep:-7.508559703826904,left_f_best-6.76305627822876,right_f_best-7.504543781280518,i:2
2025-04-27 20:15:52,782 - INFO - tree_node.f_best*ep:-7.508559703826904,left_f_best-6.76883602142334,right_f_best-7.506971836090088,i:3
2025-04-27 20:16:02,602 - INFO - tree_node.f_best*ep:-7.508559703826904,left_f_best-6.78958797454834,right_f_best-7.518497943878174,i:4
2025-04-27 20:16:30,208 - INFO - 添加左子节点，右子节点，len(queue):5
2025-04-27 20:16:30,208 - INFO - Node 1: k=1033.5899554502603, f_best=-7.482825756072998, f_min=-7.633021052450204
2025-04-27 20:16:30,208 - INFO - Node 2: k=183.6150756383111, f_best=-6.76909065246582, f_min=-8.305391741509993
2025-04-27 20:16:30,208 - INFO - Node 3: k=287.3228437123941, f_best=-7.4971418380737305, f_min=-8.880590171358563
2025-04-27 20:16:30,208 - INFO - Node 4: k=137.59051499395207, f_best=-6.77659797668457, f_min=-7.573882834389224
2025-04-27 20:16:30,208 - INFO - Node 5: k=226.28573934294144, f_best=-7.502203464508057, f_min=-8.112129821698545
2025-04-27 20:16:30,208 - INFO - Node 6: k=150.4807199099421, f_best=-6.771290302276611, f_min=-7.2249864884170165
2025-04-27 20:16:30,208 - INFO - Node 7: k=118.51351783140683, f_best=-7.508559703826904, f_min=-8.109840192870706
2025-04-27 20:16:30,208 - INFO - Node 8: k=211.06079460791423, f_best=-6.78958797454834, f_min=-8.85304686152449
2025-04-27 20:16:30,208 - INFO - Node 9: k=146.05510419764914, f_best=-7.518497943878174, f_min=-9.522469531600109
2025-04-27 20:16:30,208 - INFO - cur_node_number 27,f_best -7.518497943878174,f_min -9.522469531600109,k 146.05510419764914
2025-04-27 20:16:30,208 - INFO - f_best_current -7.518497943878174,f_min -9.522469531600109
2025-04-27 20:16:30,208 - INFO - 回退,len(queue)=3
2025-04-27 20:16:38,648 - INFO - tree_node.f_best*ep:-7.508559703826904,left_f_best-6.7579026222229,right_f_best-7.473084926605225,i:1
2025-04-27 20:16:47,449 - INFO - tree_node.f_best*ep:-7.508559703826904,left_f_best-6.777846336364746,right_f_best-7.493209362030029,i:2
2025-04-27 20:16:56,736 - INFO - tree_node.f_best*ep:-7.508559703826904,left_f_best-6.757078647613525,right_f_best-7.484086990356445,i:3
2025-04-27 20:17:06,305 - INFO - tree_node.f_best*ep:-7.508559703826904,left_f_best-6.7954325675964355,right_f_best-7.508082866668701,i:4
2025-04-27 20:17:16,355 - INFO - tree_node.f_best*ep:-7.508559703826904,left_f_best-6.797224521636963,right_f_best-7.524673938751221,i:5
2025-04-27 20:17:42,901 - INFO - 添加左子节点，右子节点，len(queue):5
2025-04-27 20:17:42,901 - INFO - Node 1: k=1033.5899554502603, f_best=-7.482825756072998, f_min=-7.633021052450204
2025-04-27 20:17:42,901 - INFO - Node 2: k=183.6150756383111, f_best=-6.76909065246582, f_min=-8.305391741509993
2025-04-27 20:17:42,901 - INFO - Node 3: k=287.3228437123941, f_best=-7.4971418380737305, f_min=-8.880590171358563
2025-04-27 20:17:42,901 - INFO - Node 4: k=137.59051499395207, f_best=-6.77659797668457, f_min=-7.573882834389224
2025-04-27 20:17:42,901 - INFO - Node 5: k=226.28573934294144, f_best=-7.502203464508057, f_min=-8.112129821698545
2025-04-27 20:17:42,901 - INFO - Node 6: k=150.4807199099421, f_best=-6.771290302276611, f_min=-7.2249864884170165
2025-04-27 20:17:42,901 - INFO - Node 7: k=146.05510419764914, f_best=-7.508559703826904, f_min=-8.109840192870706
2025-04-27 20:17:42,901 - INFO - Node 8: k=141.7596451887838, f_best=-6.797224521636963, f_min=-8.309928921878964
2025-04-27 20:17:42,901 - INFO - Node 9: k=156.5908405659726, f_best=-7.524673938751221, f_min=-7.7083241271366205
2025-04-27 20:17:42,901 - INFO - cur_node_number 28,f_best -7.524673938751221,f_min -7.7083241271366205,k 156.5908405659726
2025-04-27 20:17:42,901 - INFO - f_best_current -7.524673938751221,f_min -7.7083241271366205
2025-04-27 20:17:42,901 - INFO - 回退,len(queue)=3
2025-04-27 20:17:51,234 - INFO - tree_node.f_best*ep:-7.508559703826904,left_f_best-6.75283670425415,right_f_best-7.4777092933654785,i:1
2025-04-27 20:17:59,798 - INFO - tree_node.f_best*ep:-7.508559703826904,left_f_best-6.757443428039551,right_f_best-7.4892659187316895,i:2
2025-04-27 20:18:08,772 - INFO - tree_node.f_best*ep:-7.508559703826904,left_f_best-6.7866387367248535,right_f_best-7.493973255157471,i:3
2025-04-27 20:18:18,431 - INFO - tree_node.f_best*ep:-7.508559703826904,left_f_best-6.7881760597229,right_f_best-7.505101203918457,i:4
2025-04-27 20:18:28,501 - INFO - tree_node.f_best*ep:-7.508559703826904,left_f_best-6.794893264770508,right_f_best-7.51191520690918,i:5
2025-04-27 20:18:55,012 - INFO - 添加左子节点，右子节点，len(queue):5
2025-04-27 20:18:55,012 - INFO - Node 1: k=1033.5899554502603, f_best=-7.482825756072998, f_min=-7.633021052450204
2025-04-27 20:18:55,012 - INFO - Node 2: k=183.6150756383111, f_best=-6.76909065246582, f_min=-8.305391741509993
2025-04-27 20:18:55,012 - INFO - Node 3: k=287.3228437123941, f_best=-7.4971418380737305, f_min=-8.880590171358563
2025-04-27 20:18:55,012 - INFO - Node 4: k=137.59051499395207, f_best=-6.77659797668457, f_min=-7.573882834389224
2025-04-27 20:18:55,012 - INFO - Node 5: k=226.28573934294144, f_best=-7.502203464508057, f_min=-8.112129821698545
2025-04-27 20:18:55,012 - INFO - Node 6: k=150.4807199099421, f_best=-6.771290302276611, f_min=-7.2249864884170165
2025-04-27 20:18:55,012 - INFO - Node 7: k=156.5908405659726, f_best=-7.508559703826904, f_min=-8.109840192870706
2025-04-27 20:18:55,012 - INFO - Node 8: k=245.03503023551195, f_best=-6.794893264770508, f_min=-7.46898627767041
2025-04-27 20:18:55,012 - INFO - Node 9: k=116.17833333144479, f_best=-7.51191520690918, f_min=-8.0438540477262
2025-04-27 20:18:55,012 - INFO - cur_node_number 29,f_best -7.51191520690918,f_min -8.0438540477262,k 116.17833333144479
2025-04-27 20:18:55,012 - INFO - f_best_current -7.51191520690918,f_min -8.0438540477262
2025-04-27 20:19:03,293 - INFO - tree_node.f_best*ep:-7.51191520690918,left_f_best-6.749002933502197,right_f_best-7.485980987548828,i:1
2025-04-27 20:19:11,984 - INFO - tree_node.f_best*ep:-7.51191520690918,left_f_best-6.778743267059326,right_f_best-7.469645977020264,i:2
2025-04-27 20:19:21,194 - INFO - tree_node.f_best*ep:-7.51191520690918,left_f_best-6.776017665863037,right_f_best-7.509174346923828,i:3
2025-04-27 20:19:30,727 - INFO - tree_node.f_best*ep:-7.51191520690918,left_f_best-6.7958292961120605,right_f_best-7.501739978790283,i:4
2025-04-27 20:19:40,762 - INFO - tree_node.f_best*ep:-7.51191520690918,left_f_best-6.797195911407471,right_f_best-7.50693941116333,i:5
2025-04-27 20:19:51,527 - INFO - tree_node.f_best*ep:-7.51191520690918,left_f_best-6.803981304168701,right_f_best-7.517197132110596,i:6
2025-04-27 20:20:17,470 - INFO - 添加左子节点，右子节点，len(queue):6
2025-04-27 20:20:17,470 - INFO - Node 1: k=1033.5899554502603, f_best=-7.482825756072998, f_min=-7.633021052450204
2025-04-27 20:20:17,470 - INFO - Node 2: k=183.6150756383111, f_best=-6.76909065246582, f_min=-8.305391741509993
2025-04-27 20:20:17,470 - INFO - Node 3: k=287.3228437123941, f_best=-7.4971418380737305, f_min=-8.880590171358563
2025-04-27 20:20:17,470 - INFO - Node 4: k=137.59051499395207, f_best=-6.77659797668457, f_min=-7.573882834389224
2025-04-27 20:20:17,470 - INFO - Node 5: k=226.28573934294144, f_best=-7.502203464508057, f_min=-8.112129821698545
2025-04-27 20:20:17,470 - INFO - Node 6: k=150.4807199099421, f_best=-6.771290302276611, f_min=-7.2249864884170165
2025-04-27 20:20:17,470 - INFO - Node 7: k=156.5908405659726, f_best=-7.508559703826904, f_min=-8.109840192870706
2025-04-27 20:20:17,470 - INFO - Node 8: k=245.03503023551195, f_best=-6.794893264770508, f_min=-7.46898627767041
2025-04-27 20:20:17,470 - INFO - Node 9: k=116.17833333144479, f_best=-7.51191520690918, f_min=-8.0438540477262
2025-04-27 20:20:17,470 - INFO - Node 10: k=181.79710459238723, f_best=-6.803981304168701, f_min=-13.529511518380787
2025-04-27 20:20:17,470 - INFO - Node 11: k=108.36162906402232, f_best=-7.517197132110596, f_min=-8.02601024798605
2025-04-27 20:20:17,470 - INFO - cur_node_number 30,f_best -7.517197132110596,f_min -8.02601024798605,k 108.36162906402232
2025-04-27 20:20:17,470 - INFO - f_best_current -7.517197132110596,f_min -8.02601024798605
2025-04-27 20:20:25,813 - INFO - tree_node.f_best*ep:-7.517197132110596,left_f_best-6.747934818267822,right_f_best-7.474826812744141,i:1
2025-04-27 20:20:34,387 - INFO - tree_node.f_best*ep:-7.517197132110596,left_f_best-6.774560451507568,right_f_best-7.496514320373535,i:2
2025-04-27 20:20:43,506 - INFO - tree_node.f_best*ep:-7.517197132110596,left_f_best-6.782469749450684,right_f_best-7.499774932861328,i:3
2025-04-27 20:20:53,517 - INFO - tree_node.f_best*ep:-7.517197132110596,left_f_best-6.784519195556641,right_f_best-7.512888431549072,i:4
2025-04-27 20:21:03,751 - INFO - tree_node.f_best*ep:-7.517197132110596,left_f_best-6.790243625640869,right_f_best-7.521864891052246,i:5
2025-04-27 20:21:32,835 - INFO - 添加左子节点，右子节点，len(queue):7
2025-04-27 20:21:32,835 - INFO - Node 1: k=1033.5899554502603, f_best=-7.482825756072998, f_min=-7.633021052450204
2025-04-27 20:21:32,835 - INFO - Node 2: k=183.6150756383111, f_best=-6.76909065246582, f_min=-8.305391741509993
2025-04-27 20:21:32,835 - INFO - Node 3: k=287.3228437123941, f_best=-7.4971418380737305, f_min=-8.880590171358563
2025-04-27 20:21:32,835 - INFO - Node 4: k=137.59051499395207, f_best=-6.77659797668457, f_min=-7.573882834389224
2025-04-27 20:21:32,835 - INFO - Node 5: k=226.28573934294144, f_best=-7.502203464508057, f_min=-8.112129821698545
2025-04-27 20:21:32,835 - INFO - Node 6: k=150.4807199099421, f_best=-6.771290302276611, f_min=-7.2249864884170165
2025-04-27 20:21:32,835 - INFO - Node 7: k=156.5908405659726, f_best=-7.508559703826904, f_min=-8.109840192870706
2025-04-27 20:21:32,835 - INFO - Node 8: k=245.03503023551195, f_best=-6.794893264770508, f_min=-7.46898627767041
2025-04-27 20:21:32,835 - INFO - Node 9: k=116.17833333144479, f_best=-7.51191520690918, f_min=-8.0438540477262
2025-04-27 20:21:32,835 - INFO - Node 10: k=181.79710459238723, f_best=-6.803981304168701, f_min=-13.529511518380787
2025-04-27 20:21:32,835 - INFO - Node 11: k=108.36162906402232, f_best=-7.517197132110596, f_min=-8.02601024798605
2025-04-27 20:21:32,835 - INFO - Node 12: k=262.71071842010247, f_best=-6.790243625640869, f_min=-9.153620787868931
2025-04-27 20:21:32,835 - INFO - Node 13: k=145.21665132849893, f_best=-7.521864891052246, f_min=-7.8568614615142
2025-04-27 20:21:32,835 - INFO - cur_node_number 31,f_best -7.521864891052246,f_min -7.8568614615142,k 145.21665132849893
2025-04-27 20:21:32,835 - INFO - f_best_current -7.521864891052246,f_min -7.8568614615142
2025-04-27 20:21:32,835 - INFO - 回退,len(queue)=5
2025-04-27 20:21:32,835 - INFO - 回退,len(queue)=4
2025-04-27 20:21:41,217 - INFO - tree_node.f_best*ep:-7.51191520690918,left_f_best-6.747134208679199,right_f_best-7.455344200134277,i:1
2025-04-27 20:21:49,824 - INFO - tree_node.f_best*ep:-7.51191520690918,left_f_best-6.767226696014404,right_f_best-7.498653411865234,i:2
2025-04-27 20:21:58,938 - INFO - tree_node.f_best*ep:-7.51191520690918,left_f_best-6.786439895629883,right_f_best-7.513770580291748,i:3
2025-04-27 20:22:27,408 - INFO - 添加左子节点，右子节点，len(queue):6
2025-04-27 20:22:27,408 - INFO - Node 1: k=1033.5899554502603, f_best=-7.482825756072998, f_min=-7.633021052450204
2025-04-27 20:22:27,408 - INFO - Node 2: k=183.6150756383111, f_best=-6.76909065246582, f_min=-8.305391741509993
2025-04-27 20:22:27,408 - INFO - Node 3: k=287.3228437123941, f_best=-7.4971418380737305, f_min=-8.880590171358563
2025-04-27 20:22:27,408 - INFO - Node 4: k=137.59051499395207, f_best=-6.77659797668457, f_min=-7.573882834389224
2025-04-27 20:22:27,408 - INFO - Node 5: k=226.28573934294144, f_best=-7.502203464508057, f_min=-8.112129821698545
2025-04-27 20:22:27,408 - INFO - Node 6: k=150.4807199099421, f_best=-6.771290302276611, f_min=-7.2249864884170165
2025-04-27 20:22:27,408 - INFO - Node 7: k=156.5908405659726, f_best=-7.508559703826904, f_min=-8.109840192870706
2025-04-27 20:22:27,408 - INFO - Node 8: k=245.03503023551195, f_best=-6.794893264770508, f_min=-7.46898627767041
2025-04-27 20:22:27,408 - INFO - Node 9: k=145.21665132849893, f_best=-7.51191520690918, f_min=-8.0438540477262
2025-04-27 20:22:27,408 - INFO - Node 10: k=224.04528647815985, f_best=-6.786439895629883, f_min=-7.072700139892731
2025-04-27 20:22:27,408 - INFO - Node 11: k=176.45047863914257, f_best=-7.513770580291748, f_min=-8.361444704098176
2025-04-27 20:22:27,408 - INFO - cur_node_number 32,f_best -7.513770580291748,f_min -8.361444704098176,k 176.45047863914257
2025-04-27 20:22:27,408 - INFO - f_best_current -7.513770580291748,f_min -8.361444704098176
2025-04-27 20:22:27,408 - INFO - 回退,len(queue)=4
2025-04-27 20:22:27,408 - INFO - 回退,len(queue)=3
2025-04-27 20:22:35,626 - INFO - tree_node.f_best*ep:-7.508559703826904,left_f_best-6.750427722930908,right_f_best-7.471963882446289,i:1
2025-04-27 20:22:44,456 - INFO - tree_node.f_best*ep:-7.508559703826904,left_f_best-6.775498390197754,right_f_best-7.494081020355225,i:2
2025-04-27 20:22:53,659 - INFO - tree_node.f_best*ep:-7.508559703826904,left_f_best-6.792824745178223,right_f_best-7.496382236480713,i:3
2025-04-27 20:23:03,417 - INFO - tree_node.f_best*ep:-7.508559703826904,left_f_best-6.795421123504639,right_f_best-7.504087924957275,i:4
2025-04-27 20:23:13,534 - INFO - tree_node.f_best*ep:-7.508559703826904,left_f_best-6.79375696182251,right_f_best-7.5212178230285645,i:5
2025-04-27 20:23:40,181 - INFO - 添加左子节点，右子节点，len(queue):5
2025-04-27 20:23:40,181 - INFO - Node 1: k=1033.5899554502603, f_best=-7.482825756072998, f_min=-7.633021052450204
2025-04-27 20:23:40,181 - INFO - Node 2: k=183.6150756383111, f_best=-6.76909065246582, f_min=-8.305391741509993
2025-04-27 20:23:40,181 - INFO - Node 3: k=287.3228437123941, f_best=-7.4971418380737305, f_min=-8.880590171358563
2025-04-27 20:23:40,181 - INFO - Node 4: k=137.59051499395207, f_best=-6.77659797668457, f_min=-7.573882834389224
2025-04-27 20:23:40,181 - INFO - Node 5: k=226.28573934294144, f_best=-7.502203464508057, f_min=-8.112129821698545
2025-04-27 20:23:40,181 - INFO - Node 6: k=150.4807199099421, f_best=-6.771290302276611, f_min=-7.2249864884170165
2025-04-27 20:23:40,181 - INFO - Node 7: k=176.45047863914257, f_best=-7.508559703826904, f_min=-8.109840192870706
2025-04-27 20:23:40,181 - INFO - Node 8: k=197.99684658576834, f_best=-6.79375696182251, f_min=-7.149105177359161
2025-04-27 20:23:40,181 - INFO - Node 9: k=172.97370712591174, f_best=-7.5212178230285645, f_min=-7.9476548291358995
2025-04-27 20:23:40,181 - INFO - cur_node_number 33,f_best -7.5212178230285645,f_min -7.9476548291358995,k 172.97370712591174
2025-04-27 20:23:40,181 - INFO - f_best_current -7.5212178230285645,f_min -7.9476548291358995
2025-04-27 20:23:48,521 - INFO - tree_node.f_best*ep:-7.5212178230285645,left_f_best-6.739037990570068,right_f_best-7.491527080535889,i:1
2025-04-27 20:23:57,241 - INFO - tree_node.f_best*ep:-7.5212178230285645,left_f_best-6.772295951843262,right_f_best-7.494522571563721,i:2
2025-04-27 20:24:06,539 - INFO - tree_node.f_best*ep:-7.5212178230285645,left_f_best-6.7812113761901855,right_f_best-7.493575572967529,i:3
2025-04-27 20:24:16,083 - INFO - tree_node.f_best*ep:-7.5212178230285645,left_f_best-6.784887790679932,right_f_best-7.510898113250732,i:4
2025-04-27 20:24:26,091 - INFO - tree_node.f_best*ep:-7.5212178230285645,left_f_best-6.799829959869385,right_f_best-7.509260177612305,i:5
2025-04-27 20:24:36,626 - INFO - tree_node.f_best*ep:-7.5212178230285645,left_f_best-6.799465656280518,right_f_best-7.526538848876953,i:6
2025-04-27 20:25:00,880 - INFO - 添加左子节点，右子节点，len(queue):6
2025-04-27 20:25:00,880 - INFO - Node 1: k=1033.5899554502603, f_best=-7.482825756072998, f_min=-7.633021052450204
2025-04-27 20:25:00,880 - INFO - Node 2: k=183.6150756383111, f_best=-6.76909065246582, f_min=-8.305391741509993
2025-04-27 20:25:00,880 - INFO - Node 3: k=287.3228437123941, f_best=-7.4971418380737305, f_min=-8.880590171358563
2025-04-27 20:25:00,880 - INFO - Node 4: k=137.59051499395207, f_best=-6.77659797668457, f_min=-7.573882834389224
2025-04-27 20:25:00,880 - INFO - Node 5: k=226.28573934294144, f_best=-7.502203464508057, f_min=-8.112129821698545
2025-04-27 20:25:00,880 - INFO - Node 6: k=150.4807199099421, f_best=-6.771290302276611, f_min=-7.2249864884170165
2025-04-27 20:25:00,880 - INFO - Node 7: k=176.45047863914257, f_best=-7.508559703826904, f_min=-8.109840192870706
2025-04-27 20:25:00,880 - INFO - Node 8: k=197.99684658576834, f_best=-6.79375696182251, f_min=-7.149105177359161
2025-04-27 20:25:00,880 - INFO - Node 9: k=172.97370712591174, f_best=-7.5212178230285645, f_min=-7.9476548291358995
2025-04-27 20:25:00,880 - INFO - Node 10: k=169.56544174680104, f_best=-6.799465656280518, f_min=-7.567515836468374
2025-04-27 20:25:00,880 - INFO - Node 11: k=96.16544376133655, f_best=-7.526538848876953, f_min=-8.1344360194621
2025-04-27 20:25:00,880 - INFO - cur_node_number 34,f_best -7.526538848876953,f_min -8.1344360194621,k 96.16544376133655
2025-04-27 20:25:00,880 - INFO - f_best_current -7.526538848876953,f_min -8.1344360194621
2025-04-27 20:25:09,352 - INFO - tree_node.f_best*ep:-7.526538848876953,left_f_best-6.7622599601745605,right_f_best-7.484504699707031,i:1
2025-04-27 20:25:18,183 - INFO - tree_node.f_best*ep:-7.526538848876953,left_f_best-6.782100200653076,right_f_best-7.481475830078125,i:2
2025-04-27 20:25:27,426 - INFO - tree_node.f_best*ep:-7.526538848876953,left_f_best-6.79541015625,right_f_best-7.506474018096924,i:3
2025-04-27 20:25:37,131 - INFO - tree_node.f_best*ep:-7.526538848876953,left_f_best-6.78734827041626,right_f_best-7.511903285980225,i:4
2025-04-27 20:25:47,022 - INFO - tree_node.f_best*ep:-7.526538848876953,left_f_best-6.797763347625732,right_f_best-7.52156400680542,i:5
2025-04-27 20:25:57,405 - INFO - tree_node.f_best*ep:-7.526538848876953,left_f_best-6.79385232925415,right_f_best-7.528107166290283,i:6
2025-04-27 20:26:26,475 - INFO - 添加左子节点，右子节点，len(queue):7
2025-04-27 20:26:26,475 - INFO - Node 1: k=1033.5899554502603, f_best=-7.482825756072998, f_min=-7.633021052450204
2025-04-27 20:26:26,475 - INFO - Node 2: k=183.6150756383111, f_best=-6.76909065246582, f_min=-8.305391741509993
2025-04-27 20:26:26,475 - INFO - Node 3: k=287.3228437123941, f_best=-7.4971418380737305, f_min=-8.880590171358563
2025-04-27 20:26:26,475 - INFO - Node 4: k=137.59051499395207, f_best=-6.77659797668457, f_min=-7.573882834389224
2025-04-27 20:26:26,475 - INFO - Node 5: k=226.28573934294144, f_best=-7.502203464508057, f_min=-8.112129821698545
2025-04-27 20:26:26,475 - INFO - Node 6: k=150.4807199099421, f_best=-6.771290302276611, f_min=-7.2249864884170165
2025-04-27 20:26:26,475 - INFO - Node 7: k=176.45047863914257, f_best=-7.508559703826904, f_min=-8.109840192870706
2025-04-27 20:26:26,475 - INFO - Node 8: k=197.99684658576834, f_best=-6.79375696182251, f_min=-7.149105177359161
2025-04-27 20:26:26,475 - INFO - Node 9: k=172.97370712591174, f_best=-7.5212178230285645, f_min=-7.9476548291358995
2025-04-27 20:26:26,475 - INFO - Node 10: k=169.56544174680104, f_best=-6.799465656280518, f_min=-7.567515836468374
2025-04-27 20:26:26,475 - INFO - Node 11: k=96.16544376133655, f_best=-7.526538848876953, f_min=-8.1344360194621
2025-04-27 20:26:26,475 - INFO - Node 12: k=224.04528647815985, f_best=-6.79385232925415, f_min=-7.896533469662245
2025-04-27 20:26:26,475 - INFO - Node 13: k=183.6150756383111, f_best=-7.528107166290283, f_min=-9.451530919340257
2025-04-27 20:26:26,475 - INFO - cur_node_number 35,f_best -7.528107166290283,f_min -9.451530919340257,k 183.6150756383111
2025-04-27 20:26:26,475 - INFO - f_best_current -7.528107166290283,f_min -9.451530919340257
2025-04-27 20:26:26,475 - INFO - 回退,len(queue)=5
2025-04-27 20:26:26,475 - INFO - 回退,len(queue)=4
2025-04-27 20:26:26,475 - INFO - 回退,len(queue)=3
2025-04-27 20:26:35,052 - INFO - tree_node.f_best*ep:-7.508559703826904,left_f_best-6.7479753494262695,right_f_best-7.492595195770264,i:1
2025-04-27 20:26:43,996 - INFO - tree_node.f_best*ep:-7.508559703826904,left_f_best-6.768952369689941,right_f_best-7.507068157196045,i:2
2025-04-27 20:26:53,312 - INFO - tree_node.f_best*ep:-7.508559703826904,left_f_best-6.776554584503174,right_f_best-7.507050037384033,i:3
2025-04-27 20:27:02,906 - INFO - tree_node.f_best*ep:-7.508559703826904,left_f_best-6.784251689910889,right_f_best-7.496318817138672,i:4
2025-04-27 20:27:12,994 - INFO - tree_node.f_best*ep:-7.508559703826904,left_f_best-6.797252178192139,right_f_best-7.5150346755981445,i:5
2025-04-27 20:27:39,693 - INFO - 添加左子节点，右子节点，len(queue):5
2025-04-27 20:27:39,693 - INFO - Node 1: k=1033.5899554502603, f_best=-7.482825756072998, f_min=-7.633021052450204
2025-04-27 20:27:39,693 - INFO - Node 2: k=183.6150756383111, f_best=-6.76909065246582, f_min=-8.305391741509993
2025-04-27 20:27:39,693 - INFO - Node 3: k=287.3228437123941, f_best=-7.4971418380737305, f_min=-8.880590171358563
2025-04-27 20:27:39,693 - INFO - Node 4: k=137.59051499395207, f_best=-6.77659797668457, f_min=-7.573882834389224
2025-04-27 20:27:39,693 - INFO - Node 5: k=226.28573934294144, f_best=-7.502203464508057, f_min=-8.112129821698545
2025-04-27 20:27:39,693 - INFO - Node 6: k=150.4807199099421, f_best=-6.771290302276611, f_min=-7.2249864884170165
2025-04-27 20:27:39,693 - INFO - Node 7: k=183.6150756383111, f_best=-7.508559703826904, f_min=-8.109840192870706
2025-04-27 20:27:39,693 - INFO - Node 8: k=219.63070922278195, f_best=-6.797252178192139, f_min=-7.085558116162247
2025-04-27 20:27:39,693 - INFO - Node 9: k=95.61339052993634, f_best=-7.5150346755981445, f_min=-7.641432201186035
2025-04-27 20:27:39,693 - INFO - cur_node_number 36,f_best -7.5150346755981445,f_min -7.641432201186035,k 95.61339052993634
2025-04-27 20:27:39,693 - INFO - f_best_current -7.5150346755981445,f_min -7.641432201186035
2025-04-27 20:27:48,095 - INFO - tree_node.f_best*ep:-7.5150346755981445,left_f_best-6.7612481117248535,right_f_best-7.475294589996338,i:1
2025-04-27 20:27:56,676 - INFO - tree_node.f_best*ep:-7.5150346755981445,left_f_best-6.782442092895508,right_f_best-7.508578777313232,i:2
2025-04-27 20:28:05,648 - INFO - tree_node.f_best*ep:-7.5150346755981445,left_f_best-6.7777605056762695,right_f_best-7.5016093254089355,i:3
2025-04-27 20:28:15,326 - INFO - tree_node.f_best*ep:-7.5150346755981445,left_f_best-6.7895026206970215,right_f_best-7.518312931060791,i:4
2025-04-27 20:28:39,528 - INFO - 添加左子节点，右子节点，len(queue):6
2025-04-27 20:28:39,528 - INFO - Node 1: k=1033.5899554502603, f_best=-7.482825756072998, f_min=-7.633021052450204
2025-04-27 20:28:39,528 - INFO - Node 2: k=183.6150756383111, f_best=-6.76909065246582, f_min=-8.305391741509993
2025-04-27 20:28:39,528 - INFO - Node 3: k=287.3228437123941, f_best=-7.4971418380737305, f_min=-8.880590171358563
2025-04-27 20:28:39,528 - INFO - Node 4: k=137.59051499395207, f_best=-6.77659797668457, f_min=-7.573882834389224
2025-04-27 20:28:39,528 - INFO - Node 5: k=226.28573934294144, f_best=-7.502203464508057, f_min=-8.112129821698545
2025-04-27 20:28:39,528 - INFO - Node 6: k=150.4807199099421, f_best=-6.771290302276611, f_min=-7.2249864884170165
2025-04-27 20:28:39,528 - INFO - Node 7: k=183.6150756383111, f_best=-7.508559703826904, f_min=-8.109840192870706
2025-04-27 20:28:39,528 - INFO - Node 8: k=219.63070922278195, f_best=-6.797252178192139, f_min=-7.085558116162247
2025-04-27 20:28:39,528 - INFO - Node 9: k=95.61339052993634, f_best=-7.5150346755981445, f_min=-7.641432201186035
2025-04-27 20:28:39,528 - INFO - Node 10: k=117.34011666475924, f_best=-6.7895026206970215, f_min=-7.130863748091542
2025-04-27 20:28:39,528 - INFO - Node 11: k=119.6986530097209, f_best=-7.518312931060791, f_min=-7.578091584943195
2025-04-27 20:28:39,528 - INFO - cur_node_number 37,f_best -7.518312931060791,f_min -7.578091584943195,k 119.6986530097209
2025-04-27 20:28:39,528 - INFO - f_best_current -7.518312931060791,f_min -7.578091584943195
2025-04-27 20:28:39,528 - INFO - 结束,fmin= -7.578091584943195, fbestmin=-7.518312931060791
