2025-04-30 05:01:07,553 - INFO - Namespace(log_file='outputs/DNN4/img[0]/max/DNN4img0_label6.log', image_path='img[0].png', model_path='network/DNN4.pth', label=6, init_epsilon=0.05, epsilon=0.01, ep=1, min=0)
2025-04-30 05:01:07,553 - INFO - Model output max(1): torch.return_types.max(
values=tensor([24.1257], grad_fn=<MaxBackward0>),
indices=tensor([0]))
2025-04-30 05:01:16,322 - INFO - cur_node_number 1,f_best -2.7269577980041504,f_min -6.606123107158055,k 562.1191151097265
2025-04-30 05:01:16,322 - INFO - f_best_current -2.7269577980041504,f_min -6.606123107158055
2025-04-30 05:01:31,256 - INFO - tree_node.f_best*ep:-2.7269577980041504,left_f_best-0.7260923981666565,right_f_best-2.79268741607666,i:1
2025-04-30 05:02:42,366 - INFO - 添加左子节点，右子节点，len(queue):2
2025-04-30 05:02:42,366 - INFO - Node 1: k=562.1191151097265, f_best=-2.7269577980041504, f_min=-6.606123107158055
2025-04-30 05:02:42,366 - INFO - Node 2: k=329.0524199448221, f_best=-0.7260923981666565, f_min=-1.6550091208537197
2025-04-30 05:02:42,366 - INFO - Node 3: k=401.50648543744774, f_best=-2.79268741607666, f_min=-10.91146348458824
2025-04-30 05:02:42,366 - INFO - cur_node_number 2,f_best -2.79268741607666,f_min -10.91146348458824,k 401.50648543744774
2025-04-30 05:02:42,366 - INFO - f_best_current -2.79268741607666,f_min -10.91146348458824
2025-04-30 05:02:57,141 - INFO - tree_node.f_best*ep:-2.79268741607666,left_f_best-0.6388073563575745,right_f_best-2.7735986709594727,i:1
2025-04-30 05:03:12,193 - INFO - tree_node.f_best*ep:-2.79268741607666,left_f_best-0.7249918580055237,right_f_best-2.8486814498901367,i:2
2025-04-30 05:04:21,624 - INFO - 添加左子节点，右子节点，len(queue):3
2025-04-30 05:04:21,624 - INFO - Node 1: k=562.1191151097265, f_best=-2.7269577980041504, f_min=-6.606123107158055
2025-04-30 05:04:21,624 - INFO - Node 2: k=329.0524199448221, f_best=-0.7260923981666565, f_min=-1.6550091208537197
2025-04-30 05:04:21,624 - INFO - Node 3: k=401.50648543744774, f_best=-2.79268741607666, f_min=-10.91146348458824
2025-04-30 05:04:21,624 - INFO - Node 4: k=320.7170291992777, f_best=-0.7249918580055237, f_min=-2.0531477680724493
2025-04-30 05:04:21,624 - INFO - Node 5: k=297.8868631862046, f_best=-2.8486814498901367, f_min=-4.75012256899754
2025-04-30 05:04:21,624 - INFO - cur_node_number 3,f_best -2.8486814498901367,f_min -4.75012256899754,k 297.8868631862046
2025-04-30 05:04:21,624 - INFO - f_best_current -2.8486814498901367,f_min -4.75012256899754
2025-04-30 05:04:36,592 - INFO - tree_node.f_best*ep:-2.8486814498901367,left_f_best-0.662363588809967,right_f_best-2.863084316253662,i:1
2025-04-30 05:05:42,102 - INFO - 添加左子节点，右子节点，len(queue):4
2025-04-30 05:05:42,102 - INFO - Node 1: k=562.1191151097265, f_best=-2.7269577980041504, f_min=-6.606123107158055
2025-04-30 05:05:42,102 - INFO - Node 2: k=329.0524199448221, f_best=-0.7260923981666565, f_min=-1.6550091208537197
2025-04-30 05:05:42,102 - INFO - Node 3: k=401.50648543744774, f_best=-2.79268741607666, f_min=-10.91146348458824
2025-04-30 05:05:42,102 - INFO - Node 4: k=320.7170291992777, f_best=-0.7249918580055237, f_min=-2.0531477680724493
2025-04-30 05:05:42,102 - INFO - Node 5: k=297.8868631862046, f_best=-2.8486814498901367, f_min=-4.75012256899754
2025-04-30 05:05:42,102 - INFO - Node 6: k=254.04425065713912, f_best=-0.662363588809967, f_min=-2.0920372904784017
2025-04-30 05:05:42,102 - INFO - Node 7: k=303.8743891362473, f_best=-2.863084316253662, f_min=-4.162683426582589
2025-04-30 05:05:42,102 - INFO - cur_node_number 4,f_best -2.863084316253662,f_min -4.162683426582589,k 303.8743891362473
2025-04-30 05:05:42,102 - INFO - f_best_current -2.863084316253662,f_min -4.162683426582589
2025-04-30 05:05:42,102 - INFO - 回退,len(queue)=2
2025-04-30 05:05:56,352 - INFO - tree_node.f_best*ep:-2.8486814498901367,left_f_best-0.6736798882484436,right_f_best-2.7794113159179688,i:1
2025-04-30 05:06:11,406 - INFO - tree_node.f_best*ep:-2.8486814498901367,left_f_best-0.6569944024085999,right_f_best-2.835242748260498,i:2
2025-04-30 05:06:26,852 - INFO - tree_node.f_best*ep:-2.8486814498901367,left_f_best-0.7566333413124084,right_f_best-2.963874340057373,i:3
2025-04-30 05:07:31,875 - INFO - 添加左子节点，右子节点，len(queue):4
2025-04-30 05:07:31,875 - INFO - Node 1: k=562.1191151097265, f_best=-2.7269577980041504, f_min=-6.606123107158055
2025-04-30 05:07:31,875 - INFO - Node 2: k=329.0524199448221, f_best=-0.7260923981666565, f_min=-1.6550091208537197
2025-04-30 05:07:31,875 - INFO - Node 3: k=401.50648543744774, f_best=-2.79268741607666, f_min=-10.91146348458824
2025-04-30 05:07:31,875 - INFO - Node 4: k=320.7170291992777, f_best=-0.7249918580055237, f_min=-2.0531477680724493
2025-04-30 05:07:31,875 - INFO - Node 5: k=303.8743891362473, f_best=-2.8486814498901367, f_min=-4.75012256899754
2025-04-30 05:07:31,875 - INFO - Node 6: k=405.5215502918222, f_best=-0.7566333413124084, f_min=-2.9465605013429013
2025-04-30 05:07:31,875 - INFO - Node 7: k=198.09568978643986, f_best=-2.963874340057373, f_min=-5.109703515172441
2025-04-30 05:07:31,875 - INFO - cur_node_number 5,f_best -2.963874340057373,f_min -5.109703515172441,k 198.09568978643986
2025-04-30 05:07:31,875 - INFO - f_best_current -2.963874340057373,f_min -5.109703515172441
2025-04-30 05:07:46,903 - INFO - tree_node.f_best*ep:-2.963874340057373,left_f_best-0.7470961213111877,right_f_best-2.77801513671875,i:1
2025-04-30 05:08:02,606 - INFO - tree_node.f_best*ep:-2.963874340057373,left_f_best-0.6702881455421448,right_f_best-2.9177017211914062,i:2
2025-04-30 05:08:18,789 - INFO - tree_node.f_best*ep:-2.963874340057373,left_f_best-0.8061400055885315,right_f_best-2.9425559043884277,i:3
2025-04-30 05:08:35,954 - INFO - tree_node.f_best*ep:-2.963874340057373,left_f_best-0.8389859795570374,right_f_best-2.9920401573181152,i:4
2025-04-30 05:09:48,354 - INFO - 添加左子节点，右子节点，len(queue):5
2025-04-30 05:09:48,354 - INFO - Node 1: k=562.1191151097265, f_best=-2.7269577980041504, f_min=-6.606123107158055
2025-04-30 05:09:48,354 - INFO - Node 2: k=329.0524199448221, f_best=-0.7260923981666565, f_min=-1.6550091208537197
2025-04-30 05:09:48,354 - INFO - Node 3: k=401.50648543744774, f_best=-2.79268741607666, f_min=-10.91146348458824
2025-04-30 05:09:48,354 - INFO - Node 4: k=320.7170291992777, f_best=-0.7249918580055237, f_min=-2.0531477680724493
2025-04-30 05:09:48,354 - INFO - Node 5: k=303.8743891362473, f_best=-2.8486814498901367, f_min=-4.75012256899754
2025-04-30 05:09:48,370 - INFO - Node 6: k=405.5215502918222, f_best=-0.7566333413124084, f_min=-2.9465605013429013
2025-04-30 05:09:48,370 - INFO - Node 7: k=198.09568978643986, f_best=-2.963874340057373, f_min=-5.109703515172441
2025-04-30 05:09:48,370 - INFO - Node 8: k=372.3425143588548, f_best=-0.8389859795570374, f_min=-3.8106823673479084
2025-04-30 05:09:48,370 - INFO - Node 9: k=319.37503695019416, f_best=-2.9920401573181152, f_min=-5.966087439273906
2025-04-30 05:09:48,370 - INFO - cur_node_number 6,f_best -2.9920401573181152,f_min -5.966087439273906,k 319.37503695019416
2025-04-30 05:09:48,370 - INFO - f_best_current -2.9920401573181152,f_min -5.966087439273906
2025-04-30 05:09:48,370 - INFO - 回退,len(queue)=3
2025-04-30 05:09:48,370 - INFO - 回退,len(queue)=2
2025-04-30 05:10:03,438 - INFO - tree_node.f_best*ep:-2.8486814498901367,left_f_best-0.655271589756012,right_f_best-2.9029812812805176,i:1
2025-04-30 05:11:14,379 - INFO - 添加左子节点，右子节点，len(queue):4
2025-04-30 05:11:14,379 - INFO - Node 1: k=562.1191151097265, f_best=-2.7269577980041504, f_min=-6.606123107158055
2025-04-30 05:11:14,379 - INFO - Node 2: k=329.0524199448221, f_best=-0.7260923981666565, f_min=-1.6550091208537197
2025-04-30 05:11:14,379 - INFO - Node 3: k=401.50648543744774, f_best=-2.79268741607666, f_min=-10.91146348458824
2025-04-30 05:11:14,379 - INFO - Node 4: k=320.7170291992777, f_best=-0.7249918580055237, f_min=-2.0531477680724493
2025-04-30 05:11:14,379 - INFO - Node 5: k=319.37503695019416, f_best=-2.8486814498901367, f_min=-4.75012256899754
2025-04-30 05:11:14,379 - INFO - Node 6: k=379.8265988974678, f_best=-0.655271589756012, f_min=-0.9585915176812705
2025-04-30 05:11:14,379 - INFO - Node 7: k=339.02303732157014, f_best=-2.9029812812805176, f_min=-5.027638020852464
2025-04-30 05:11:14,379 - INFO - cur_node_number 7,f_best -2.9029812812805176,f_min -5.027638020852464,k 339.02303732157014
2025-04-30 05:11:14,379 - INFO - f_best_current -2.9029812812805176,f_min -5.027638020852464
2025-04-30 05:11:14,379 - INFO - 回退,len(queue)=2
2025-04-30 05:11:29,198 - INFO - tree_node.f_best*ep:-2.8486814498901367,left_f_best-0.7056384682655334,right_f_best-2.7797369956970215,i:1
2025-04-30 05:11:44,763 - INFO - tree_node.f_best*ep:-2.8486814498901367,left_f_best-0.733978807926178,right_f_best-2.7930092811584473,i:2
2025-04-30 05:12:00,342 - INFO - tree_node.f_best*ep:-2.8486814498901367,left_f_best-0.7467084527015686,right_f_best-2.9343385696411133,i:3
2025-04-30 05:13:14,081 - INFO - 添加左子节点，右子节点，len(queue):4
2025-04-30 05:13:14,081 - INFO - Node 1: k=562.1191151097265, f_best=-2.7269577980041504, f_min=-6.606123107158055
2025-04-30 05:13:14,081 - INFO - Node 2: k=329.0524199448221, f_best=-0.7260923981666565, f_min=-1.6550091208537197
2025-04-30 05:13:14,081 - INFO - Node 3: k=401.50648543744774, f_best=-2.79268741607666, f_min=-10.91146348458824
2025-04-30 05:13:14,081 - INFO - Node 4: k=320.7170291992777, f_best=-0.7249918580055237, f_min=-2.0531477680724493
2025-04-30 05:13:14,081 - INFO - Node 5: k=339.02303732157014, f_best=-2.8486814498901367, f_min=-4.75012256899754
2025-04-30 05:13:14,081 - INFO - Node 6: k=426.20722488883774, f_best=-0.7467084527015686, f_min=-0.8589500457110262
2025-04-30 05:13:14,081 - INFO - Node 7: k=349.29577437545106, f_best=-2.9343385696411133, f_min=-3.140230664286719
2025-04-30 05:13:14,081 - INFO - cur_node_number 8,f_best -2.9343385696411133,f_min -3.140230664286719,k 349.29577437545106
2025-04-30 05:13:14,097 - INFO - f_best_current -2.9343385696411133,f_min -3.140230664286719
2025-04-30 05:13:14,097 - INFO - 回退,len(queue)=2
2025-04-30 05:13:28,386 - INFO - tree_node.f_best*ep:-2.8486814498901367,left_f_best-0.6086893677711487,right_f_best-2.906161308288574,i:1
2025-04-30 05:14:34,254 - INFO - 添加左子节点，右子节点，len(queue):4
2025-04-30 05:14:34,254 - INFO - Node 1: k=562.1191151097265, f_best=-2.7269577980041504, f_min=-6.606123107158055
2025-04-30 05:14:34,254 - INFO - Node 2: k=329.0524199448221, f_best=-0.7260923981666565, f_min=-1.6550091208537197
2025-04-30 05:14:34,254 - INFO - Node 3: k=401.50648543744774, f_best=-2.79268741607666, f_min=-10.91146348458824
2025-04-30 05:14:34,254 - INFO - Node 4: k=320.7170291992777, f_best=-0.7249918580055237, f_min=-2.0531477680724493
2025-04-30 05:14:34,254 - INFO - Node 5: k=349.29577437545106, f_best=-2.8486814498901367, f_min=-4.75012256899754
2025-04-30 05:14:34,254 - INFO - Node 6: k=306.9131330276098, f_best=-0.6086893677711487, f_min=-1.8379860107015702
2025-04-30 05:14:34,254 - INFO - Node 7: k=275.09352035034385, f_best=-2.906161308288574, f_min=-5.705721944561446
2025-04-30 05:14:34,254 - INFO - cur_node_number 9,f_best -2.906161308288574,f_min -5.705721944561446,k 275.09352035034385
2025-04-30 05:14:34,254 - INFO - f_best_current -2.906161308288574,f_min -5.705721944561446
2025-04-30 05:14:49,222 - INFO - tree_node.f_best*ep:-2.906161308288574,left_f_best-0.6758461594581604,right_f_best-2.80985689163208,i:1
2025-04-30 05:15:04,964 - INFO - tree_node.f_best*ep:-2.906161308288574,left_f_best-0.7329588532447815,right_f_best-2.955382823944092,i:2
2025-04-30 05:16:11,357 - INFO - 添加左子节点，右子节点，len(queue):5
2025-04-30 05:16:11,357 - INFO - Node 1: k=562.1191151097265, f_best=-2.7269577980041504, f_min=-6.606123107158055
2025-04-30 05:16:11,357 - INFO - Node 2: k=329.0524199448221, f_best=-0.7260923981666565, f_min=-1.6550091208537197
2025-04-30 05:16:11,357 - INFO - Node 3: k=401.50648543744774, f_best=-2.79268741607666, f_min=-10.91146348458824
2025-04-30 05:16:11,357 - INFO - Node 4: k=320.7170291992777, f_best=-0.7249918580055237, f_min=-2.0531477680724493
2025-04-30 05:16:11,357 - INFO - Node 5: k=349.29577437545106, f_best=-2.8486814498901367, f_min=-4.75012256899754
2025-04-30 05:16:11,357 - INFO - Node 6: k=306.9131330276098, f_best=-0.6086893677711487, f_min=-1.8379860107015702
2025-04-30 05:16:11,357 - INFO - Node 7: k=275.09352035034385, f_best=-2.906161308288574, f_min=-5.705721944561446
2025-04-30 05:16:11,357 - INFO - Node 8: k=225.45137342874457, f_best=-0.7329588532447815, f_min=-0.873674129596111
2025-04-30 05:16:11,357 - INFO - Node 9: k=382.01964424531025, f_best=-2.955382823944092, f_min=-5.549455066715382
2025-04-30 05:16:11,357 - INFO - cur_node_number 10,f_best -2.955382823944092,f_min -5.549455066715382,k 382.01964424531025
2025-04-30 05:16:11,357 - INFO - f_best_current -2.955382823944092,f_min -5.549455066715382
2025-04-30 05:16:11,357 - INFO - 回退,len(queue)=3
2025-04-30 05:16:11,357 - INFO - 回退,len(queue)=2
2025-04-30 05:16:25,748 - INFO - tree_node.f_best*ep:-2.8486814498901367,left_f_best-0.6363387703895569,right_f_best-2.9041733741760254,i:1
2025-04-30 05:17:36,160 - INFO - 添加左子节点，右子节点，len(queue):4
2025-04-30 05:17:36,160 - INFO - Node 1: k=562.1191151097265, f_best=-2.7269577980041504, f_min=-6.606123107158055
2025-04-30 05:17:36,160 - INFO - Node 2: k=329.0524199448221, f_best=-0.7260923981666565, f_min=-1.6550091208537197
2025-04-30 05:17:36,160 - INFO - Node 3: k=401.50648543744774, f_best=-2.79268741607666, f_min=-10.91146348458824
2025-04-30 05:17:36,160 - INFO - Node 4: k=320.7170291992777, f_best=-0.7249918580055237, f_min=-2.0531477680724493
2025-04-30 05:17:36,160 - INFO - Node 5: k=382.01964424531025, f_best=-2.8486814498901367, f_min=-4.75012256899754
2025-04-30 05:17:36,160 - INFO - Node 6: k=292.0173151516563, f_best=-0.6363387703895569, f_min=-8.603646234312691
2025-04-30 05:17:36,160 - INFO - Node 7: k=389.698239094641, f_best=-2.9041733741760254, f_min=-3.1034739698752674
2025-04-30 05:17:36,160 - INFO - cur_node_number 11,f_best -2.9041733741760254,f_min -3.1034739698752674,k 389.698239094641
2025-04-30 05:17:36,160 - INFO - f_best_current -2.9041733741760254,f_min -3.1034739698752674
2025-04-30 05:17:36,160 - INFO - 回退,len(queue)=2
2025-04-30 05:17:50,676 - INFO - tree_node.f_best*ep:-2.8486814498901367,left_f_best-0.7615237832069397,right_f_best-2.8335275650024414,i:1
2025-04-30 05:18:05,682 - INFO - tree_node.f_best*ep:-2.8486814498901367,left_f_best-0.7352171540260315,right_f_best-2.8641371726989746,i:2
2025-04-30 05:19:12,634 - INFO - 添加左子节点，右子节点，len(queue):4
2025-04-30 05:19:12,634 - INFO - Node 1: k=562.1191151097265, f_best=-2.7269577980041504, f_min=-6.606123107158055
2025-04-30 05:19:12,634 - INFO - Node 2: k=329.0524199448221, f_best=-0.7260923981666565, f_min=-1.6550091208537197
2025-04-30 05:19:12,634 - INFO - Node 3: k=401.50648543744774, f_best=-2.79268741607666, f_min=-10.91146348458824
2025-04-30 05:19:12,634 - INFO - Node 4: k=320.7170291992777, f_best=-0.7249918580055237, f_min=-2.0531477680724493
2025-04-30 05:19:12,634 - INFO - Node 5: k=389.698239094641, f_best=-2.8486814498901367, f_min=-4.75012256899754
2025-04-30 05:19:12,634 - INFO - Node 6: k=292.0173151516563, f_best=-0.7352171540260315, f_min=-2.4645037828759087
2025-04-30 05:19:12,634 - INFO - Node 7: k=316.2129078714794, f_best=-2.8641371726989746, f_min=-4.462528899555764
2025-04-30 05:19:12,634 - INFO - cur_node_number 12,f_best -2.8641371726989746,f_min -4.462528899555764,k 316.2129078714794
2025-04-30 05:19:12,634 - INFO - f_best_current -2.8641371726989746,f_min -4.462528899555764
2025-04-30 05:19:27,160 - INFO - tree_node.f_best*ep:-2.8641371726989746,left_f_best-0.6493144631385803,right_f_best-2.882370948791504,i:1
2025-04-30 05:20:27,645 - INFO - 添加左子节点，右子节点，len(queue):5
2025-04-30 05:20:27,645 - INFO - Node 1: k=562.1191151097265, f_best=-2.7269577980041504, f_min=-6.606123107158055
2025-04-30 05:20:27,645 - INFO - Node 2: k=329.0524199448221, f_best=-0.7260923981666565, f_min=-1.6550091208537197
2025-04-30 05:20:27,645 - INFO - Node 3: k=401.50648543744774, f_best=-2.79268741607666, f_min=-10.91146348458824
2025-04-30 05:20:27,645 - INFO - Node 4: k=320.7170291992777, f_best=-0.7249918580055237, f_min=-2.0531477680724493
2025-04-30 05:20:27,645 - INFO - Node 5: k=389.698239094641, f_best=-2.8486814498901367, f_min=-4.75012256899754
2025-04-30 05:20:27,645 - INFO - Node 6: k=292.0173151516563, f_best=-0.7352171540260315, f_min=-2.4645037828759087
2025-04-30 05:20:27,645 - INFO - Node 7: k=316.2129078714794, f_best=-2.8641371726989746, f_min=-4.462528899555764
2025-04-30 05:20:27,645 - INFO - Node 8: k=204.09818728265876, f_best=-0.6493144631385803, f_min=-0.9846281212394388
2025-04-30 05:20:27,645 - INFO - Node 9: k=299.606804341959, f_best=-2.882370948791504, f_min=-5.721312856714576
2025-04-30 05:20:27,645 - INFO - cur_node_number 13,f_best -2.882370948791504,f_min -5.721312856714576,k 299.606804341959
2025-04-30 05:20:27,645 - INFO - f_best_current -2.882370948791504,f_min -5.721312856714576
2025-04-30 05:20:42,592 - INFO - tree_node.f_best*ep:-2.882370948791504,left_f_best-0.607272207736969,right_f_best-2.902899742126465,i:1
2025-04-30 05:21:53,236 - INFO - 添加左子节点，右子节点，len(queue):6
2025-04-30 05:21:53,236 - INFO - Node 1: k=562.1191151097265, f_best=-2.7269577980041504, f_min=-6.606123107158055
2025-04-30 05:21:53,236 - INFO - Node 2: k=329.0524199448221, f_best=-0.7260923981666565, f_min=-1.6550091208537197
2025-04-30 05:21:53,236 - INFO - Node 3: k=401.50648543744774, f_best=-2.79268741607666, f_min=-10.91146348458824
2025-04-30 05:21:53,236 - INFO - Node 4: k=320.7170291992777, f_best=-0.7249918580055237, f_min=-2.0531477680724493
2025-04-30 05:21:53,236 - INFO - Node 5: k=389.698239094641, f_best=-2.8486814498901367, f_min=-4.75012256899754
2025-04-30 05:21:53,236 - INFO - Node 6: k=292.0173151516563, f_best=-0.7352171540260315, f_min=-2.4645037828759087
2025-04-30 05:21:53,236 - INFO - Node 7: k=316.2129078714794, f_best=-2.8641371726989746, f_min=-4.462528899555764
2025-04-30 05:21:53,236 - INFO - Node 8: k=204.09818728265876, f_best=-0.6493144631385803, f_min=-0.9846281212394388
2025-04-30 05:21:53,236 - INFO - Node 9: k=299.606804341959, f_best=-2.882370948791504, f_min=-5.721312856714576
2025-04-30 05:21:53,236 - INFO - Node 10: k=276.2494446693158, f_best=-0.607272207736969, f_min=-0.8765094730824785
2025-04-30 05:21:53,236 - INFO - Node 11: k=370.7845030193218, f_best=-2.902899742126465, f_min=-7.96363536275021
2025-04-30 05:21:53,236 - INFO - cur_node_number 14,f_best -2.902899742126465,f_min -7.96363536275021,k 370.7845030193218
2025-04-30 05:21:53,236 - INFO - f_best_current -2.902899742126465,f_min -7.96363536275021
2025-04-30 05:21:53,236 - INFO - 回退,len(queue)=4
2025-04-30 05:21:53,236 - INFO - 回退,len(queue)=3
2025-04-30 05:22:08,531 - INFO - tree_node.f_best*ep:-2.8641371726989746,left_f_best-0.7079477906227112,right_f_best-2.820077896118164,i:1
2025-04-30 05:22:23,397 - INFO - tree_node.f_best*ep:-2.8641371726989746,left_f_best-0.7268100380897522,right_f_best-2.9768381118774414,i:2
2025-04-30 05:23:24,550 - INFO - 添加左子节点，右子节点，len(queue):5
2025-04-30 05:23:24,550 - INFO - Node 1: k=562.1191151097265, f_best=-2.7269577980041504, f_min=-6.606123107158055
2025-04-30 05:23:24,550 - INFO - Node 2: k=329.0524199448221, f_best=-0.7260923981666565, f_min=-1.6550091208537197
2025-04-30 05:23:24,550 - INFO - Node 3: k=401.50648543744774, f_best=-2.79268741607666, f_min=-10.91146348458824
2025-04-30 05:23:24,550 - INFO - Node 4: k=320.7170291992777, f_best=-0.7249918580055237, f_min=-2.0531477680724493
2025-04-30 05:23:24,550 - INFO - Node 5: k=389.698239094641, f_best=-2.8486814498901367, f_min=-4.75012256899754
2025-04-30 05:23:24,550 - INFO - Node 6: k=292.0173151516563, f_best=-0.7352171540260315, f_min=-2.4645037828759087
2025-04-30 05:23:24,550 - INFO - Node 7: k=370.7845030193218, f_best=-2.8641371726989746, f_min=-4.462528899555764
2025-04-30 05:23:24,550 - INFO - Node 8: k=272.3698221290533, f_best=-0.7268100380897522, f_min=-4.1478759867022745
2025-04-30 05:23:24,550 - INFO - Node 9: k=218.82088188669582, f_best=-2.9768381118774414, f_min=-3.165316355433788
2025-04-30 05:23:24,550 - INFO - cur_node_number 15,f_best -2.9768381118774414,f_min -3.165316355433788,k 218.82088188669582
2025-04-30 05:23:24,550 - INFO - f_best_current -2.9768381118774414,f_min -3.165316355433788
2025-04-30 05:23:39,563 - INFO - tree_node.f_best*ep:-2.9768381118774414,left_f_best-0.7266822457313538,right_f_best-2.7769975662231445,i:1
2025-04-30 05:23:54,795 - INFO - tree_node.f_best*ep:-2.9768381118774414,left_f_best-0.7472825646400452,right_f_best-2.912714958190918,i:2
2025-04-30 05:24:10,665 - INFO - tree_node.f_best*ep:-2.9768381118774414,left_f_best-0.7925940155982971,right_f_best-2.8327064514160156,i:3
2025-04-30 05:24:27,613 - INFO - tree_node.f_best*ep:-2.9768381118774414,left_f_best-0.8034830689430237,right_f_best-2.9169821739196777,i:4
2025-04-30 05:24:44,944 - INFO - tree_node.f_best*ep:-2.9768381118774414,left_f_best-0.8249903321266174,right_f_best-2.9916510581970215,i:5
2025-04-30 05:25:56,253 - INFO - 添加左子节点，右子节点，len(queue):6
2025-04-30 05:25:56,253 - INFO - Node 1: k=562.1191151097265, f_best=-2.7269577980041504, f_min=-6.606123107158055
2025-04-30 05:25:56,253 - INFO - Node 2: k=329.0524199448221, f_best=-0.7260923981666565, f_min=-1.6550091208537197
2025-04-30 05:25:56,253 - INFO - Node 3: k=401.50648543744774, f_best=-2.79268741607666, f_min=-10.91146348458824
2025-04-30 05:25:56,253 - INFO - Node 4: k=320.7170291992777, f_best=-0.7249918580055237, f_min=-2.0531477680724493
2025-04-30 05:25:56,253 - INFO - Node 5: k=389.698239094641, f_best=-2.8486814498901367, f_min=-4.75012256899754
2025-04-30 05:25:56,253 - INFO - Node 6: k=292.0173151516563, f_best=-0.7352171540260315, f_min=-2.4645037828759087
2025-04-30 05:25:56,253 - INFO - Node 7: k=370.7845030193218, f_best=-2.8641371726989746, f_min=-4.462528899555764
2025-04-30 05:25:56,253 - INFO - Node 8: k=272.3698221290533, f_best=-0.7268100380897522, f_min=-4.1478759867022745
2025-04-30 05:25:56,253 - INFO - Node 9: k=218.82088188669582, f_best=-2.9768381118774414, f_min=-3.165316355433788
2025-04-30 05:25:56,253 - INFO - Node 10: k=367.11336932606116, f_best=-0.8249903321266174, f_min=-0.9642284323381318
2025-04-30 05:25:56,253 - INFO - Node 11: k=356.31661944039763, f_best=-2.9916510581970215, f_min=-4.78454407373647
2025-04-30 05:25:56,253 - INFO - cur_node_number 16,f_best -2.9916510581970215,f_min -4.78454407373647,k 356.31661944039763
2025-04-30 05:25:56,253 - INFO - f_best_current -2.9916510581970215,f_min -4.78454407373647
2025-04-30 05:25:56,253 - INFO - 回退,len(queue)=4
2025-04-30 05:26:11,257 - INFO - tree_node.f_best*ep:-2.9768381118774414,left_f_best-0.7492418885231018,right_f_best-2.7209973335266113,i:1
2025-04-30 05:26:26,192 - INFO - tree_node.f_best*ep:-2.9768381118774414,left_f_best-0.745852530002594,right_f_best-2.8716020584106445,i:2
2025-04-30 05:26:42,168 - INFO - tree_node.f_best*ep:-2.9768381118774414,left_f_best-0.7819729447364807,right_f_best-2.9494967460632324,i:3
2025-04-30 05:26:59,315 - INFO - tree_node.f_best*ep:-2.9768381118774414,left_f_best-0.7512984871864319,right_f_best-3.0333032608032227,i:4
2025-04-30 05:27:56,994 - INFO - 添加左子节点，右子节点，len(queue):6
2025-04-30 05:27:56,994 - INFO - Node 1: k=562.1191151097265, f_best=-2.7269577980041504, f_min=-6.606123107158055
2025-04-30 05:27:56,994 - INFO - Node 2: k=329.0524199448221, f_best=-0.7260923981666565, f_min=-1.6550091208537197
2025-04-30 05:27:56,994 - INFO - Node 3: k=401.50648543744774, f_best=-2.79268741607666, f_min=-10.91146348458824
2025-04-30 05:27:56,994 - INFO - Node 4: k=320.7170291992777, f_best=-0.7249918580055237, f_min=-2.0531477680724493
2025-04-30 05:27:56,994 - INFO - Node 5: k=389.698239094641, f_best=-2.8486814498901367, f_min=-4.75012256899754
2025-04-30 05:27:56,994 - INFO - Node 6: k=292.0173151516563, f_best=-0.7352171540260315, f_min=-2.4645037828759087
2025-04-30 05:27:56,994 - INFO - Node 7: k=370.7845030193218, f_best=-2.8641371726989746, f_min=-4.462528899555764
2025-04-30 05:27:56,994 - INFO - Node 8: k=272.3698221290533, f_best=-0.7268100380897522, f_min=-4.1478759867022745
2025-04-30 05:27:56,994 - INFO - Node 9: k=356.31661944039763, f_best=-2.9768381118774414, f_min=-3.165316355433788
2025-04-30 05:27:56,994 - INFO - Node 10: k=280.6229001093858, f_best=-0.7512984871864319, f_min=-1.8355943507267511
2025-04-30 05:27:56,994 - INFO - Node 11: k=161.6689053841495, f_best=-3.0333032608032227, f_min=-4.718728336521963
2025-04-30 05:27:56,994 - INFO - cur_node_number 17,f_best -3.0333032608032227,f_min -4.718728336521963,k 161.6689053841495
2025-04-30 05:27:56,994 - INFO - f_best_current -3.0333032608032227,f_min -4.718728336521963
2025-04-30 05:28:11,605 - INFO - tree_node.f_best*ep:-3.0333032608032227,left_f_best-0.7329416871070862,right_f_best-2.901423454284668,i:1
2025-04-30 05:28:26,344 - INFO - tree_node.f_best*ep:-3.0333032608032227,left_f_best-0.7323213219642639,right_f_best-2.9568052291870117,i:2
2025-04-30 05:28:42,142 - INFO - tree_node.f_best*ep:-3.0333032608032227,left_f_best-0.8521614670753479,right_f_best-2.9936137199401855,i:3
2025-04-30 05:28:58,393 - INFO - tree_node.f_best*ep:-3.0333032608032227,left_f_best-0.7792964577674866,right_f_best-2.9507484436035156,i:4
2025-04-30 05:29:15,464 - INFO - tree_node.f_best*ep:-3.0333032608032227,left_f_best-0.8444162011146545,right_f_best-2.9642930030822754,i:5
2025-04-30 05:29:33,950 - INFO - tree_node.f_best*ep:-3.0333032608032227,left_f_best-0.8238587975502014,right_f_best-2.983034610748291,i:6
2025-04-30 05:29:53,360 - INFO - tree_node.f_best*ep:-3.0333032608032227,left_f_best-0.8624888062477112,right_f_best-2.9491662979125977,i:7
2025-04-30 05:30:13,364 - INFO - tree_node.f_best*ep:-3.0333032608032227,left_f_best-0.9060545563697815,right_f_best-3.057231903076172,i:8
2025-04-30 05:31:24,023 - INFO - 添加左子节点，右子节点，len(queue):7
2025-04-30 05:31:24,023 - INFO - Node 1: k=562.1191151097265, f_best=-2.7269577980041504, f_min=-6.606123107158055
2025-04-30 05:31:24,023 - INFO - Node 2: k=329.0524199448221, f_best=-0.7260923981666565, f_min=-1.6550091208537197
2025-04-30 05:31:24,023 - INFO - Node 3: k=401.50648543744774, f_best=-2.79268741607666, f_min=-10.91146348458824
2025-04-30 05:31:24,023 - INFO - Node 4: k=320.7170291992777, f_best=-0.7249918580055237, f_min=-2.0531477680724493
2025-04-30 05:31:24,023 - INFO - Node 5: k=389.698239094641, f_best=-2.8486814498901367, f_min=-4.75012256899754
2025-04-30 05:31:24,023 - INFO - Node 6: k=292.0173151516563, f_best=-0.7352171540260315, f_min=-2.4645037828759087
2025-04-30 05:31:24,023 - INFO - Node 7: k=370.7845030193218, f_best=-2.8641371726989746, f_min=-4.462528899555764
2025-04-30 05:31:24,023 - INFO - Node 8: k=272.3698221290533, f_best=-0.7268100380897522, f_min=-4.1478759867022745
2025-04-30 05:31:24,023 - INFO - Node 9: k=356.31661944039763, f_best=-2.9768381118774414, f_min=-3.165316355433788
2025-04-30 05:31:24,023 - INFO - Node 10: k=280.6229001093858, f_best=-0.7512984871864319, f_min=-1.8355943507267511
2025-04-30 05:31:24,023 - INFO - Node 11: k=161.6689053841495, f_best=-3.0333032608032227, f_min=-4.718728336521963
2025-04-30 05:31:24,023 - INFO - Node 12: k=397.5311737004433, f_best=-0.9060545563697815, f_min=-2.0054701146000298
2025-04-30 05:31:24,023 - INFO - Node 13: k=275.09352035034385, f_best=-3.057231903076172, f_min=-4.062870581507013
2025-04-30 05:31:24,023 - INFO - cur_node_number 18,f_best -3.057231903076172,f_min -4.062870581507013,k 275.09352035034385
2025-04-30 05:31:24,023 - INFO - f_best_current -3.057231903076172,f_min -4.062870581507013
2025-04-30 05:31:24,023 - INFO - 回退,len(queue)=5
2025-04-30 05:31:38,951 - INFO - tree_node.f_best*ep:-3.0333032608032227,left_f_best-0.7300811409950256,right_f_best-2.857616424560547,i:1
2025-04-30 05:31:53,848 - INFO - tree_node.f_best*ep:-3.0333032608032227,left_f_best-0.7182417511940002,right_f_best-2.9553608894348145,i:2
2025-04-30 05:32:09,505 - INFO - tree_node.f_best*ep:-3.0333032608032227,left_f_best-0.7570996880531311,right_f_best-2.8321709632873535,i:3
2025-04-30 05:32:25,904 - INFO - tree_node.f_best*ep:-3.0333032608032227,left_f_best-0.8175292611122131,right_f_best-2.92592191696167,i:4
2025-04-30 05:32:43,466 - INFO - tree_node.f_best*ep:-3.0333032608032227,left_f_best-0.7862949967384338,right_f_best-3.0665817260742188,i:5
2025-04-30 05:33:57,823 - INFO - 添加左子节点，右子节点，len(queue):7
2025-04-30 05:33:57,823 - INFO - Node 1: k=562.1191151097265, f_best=-2.7269577980041504, f_min=-6.606123107158055
2025-04-30 05:33:57,823 - INFO - Node 2: k=329.0524199448221, f_best=-0.7260923981666565, f_min=-1.6550091208537197
2025-04-30 05:33:57,823 - INFO - Node 3: k=401.50648543744774, f_best=-2.79268741607666, f_min=-10.91146348458824
2025-04-30 05:33:57,823 - INFO - Node 4: k=320.7170291992777, f_best=-0.7249918580055237, f_min=-2.0531477680724493
2025-04-30 05:33:57,823 - INFO - Node 5: k=389.698239094641, f_best=-2.8486814498901367, f_min=-4.75012256899754
2025-04-30 05:33:57,823 - INFO - Node 6: k=292.0173151516563, f_best=-0.7352171540260315, f_min=-2.4645037828759087
2025-04-30 05:33:57,823 - INFO - Node 7: k=370.7845030193218, f_best=-2.8641371726989746, f_min=-4.462528899555764
2025-04-30 05:33:57,823 - INFO - Node 8: k=272.3698221290533, f_best=-0.7268100380897522, f_min=-4.1478759867022745
2025-04-30 05:33:57,823 - INFO - Node 9: k=356.31661944039763, f_best=-2.9768381118774414, f_min=-3.165316355433788
2025-04-30 05:33:57,823 - INFO - Node 10: k=280.6229001093858, f_best=-0.7512984871864319, f_min=-1.8355943507267511
2025-04-30 05:33:57,823 - INFO - Node 11: k=275.09352035034385, f_best=-3.0333032608032227, f_min=-4.718728336521963
2025-04-30 05:33:57,823 - INFO - Node 12: k=470.79793062231926, f_best=-0.7862949967384338, f_min=-1.4894895049328625
2025-04-30 05:33:57,823 - INFO - Node 13: k=363.47858349114966, f_best=-3.0665817260742188, f_min=-4.825582924097034
2025-04-30 05:33:57,823 - INFO - cur_node_number 19,f_best -3.0665817260742188,f_min -4.825582924097034,k 363.47858349114966
2025-04-30 05:33:57,823 - INFO - f_best_current -3.0665817260742188,f_min -4.825582924097034
2025-04-30 05:33:57,823 - INFO - 回退,len(queue)=5
2025-04-30 05:33:57,823 - INFO - 回退,len(queue)=4
2025-04-30 05:34:12,664 - INFO - tree_node.f_best*ep:-2.9768381118774414,left_f_best-0.6681914925575256,right_f_best-2.869295597076416,i:1
2025-04-30 05:34:27,567 - INFO - tree_node.f_best*ep:-2.9768381118774414,left_f_best-0.709480345249176,right_f_best-2.958942413330078,i:2
2025-04-30 05:34:44,043 - INFO - tree_node.f_best*ep:-2.9768381118774414,left_f_best-0.7599244713783264,right_f_best-2.9624361991882324,i:3
2025-04-30 05:35:00,436 - INFO - tree_node.f_best*ep:-2.9768381118774414,left_f_best-0.8035531640052795,right_f_best-2.898904323577881,i:4
2025-04-30 05:35:17,808 - INFO - tree_node.f_best*ep:-2.9768381118774414,left_f_best-0.8330069184303284,right_f_best-3.026151180267334,i:5
2025-04-30 05:36:23,553 - INFO - 添加左子节点，右子节点，len(queue):6
2025-04-30 05:36:23,553 - INFO - Node 1: k=562.1191151097265, f_best=-2.7269577980041504, f_min=-6.606123107158055
2025-04-30 05:36:23,553 - INFO - Node 2: k=329.0524199448221, f_best=-0.7260923981666565, f_min=-1.6550091208537197
2025-04-30 05:36:23,553 - INFO - Node 3: k=401.50648543744774, f_best=-2.79268741607666, f_min=-10.91146348458824
2025-04-30 05:36:23,553 - INFO - Node 4: k=320.7170291992777, f_best=-0.7249918580055237, f_min=-2.0531477680724493
2025-04-30 05:36:23,553 - INFO - Node 5: k=389.698239094641, f_best=-2.8486814498901367, f_min=-4.75012256899754
2025-04-30 05:36:23,553 - INFO - Node 6: k=292.0173151516563, f_best=-0.7352171540260315, f_min=-2.4645037828759087
2025-04-30 05:36:23,553 - INFO - Node 7: k=370.7845030193218, f_best=-2.8641371726989746, f_min=-4.462528899555764
2025-04-30 05:36:23,553 - INFO - Node 8: k=272.3698221290533, f_best=-0.7268100380897522, f_min=-4.1478759867022745
2025-04-30 05:36:23,553 - INFO - Node 9: k=363.47858349114966, f_best=-2.9768381118774414, f_min=-3.165316355433788
2025-04-30 05:36:23,553 - INFO - Node 10: k=300.86573181806665, f_best=-0.8330069184303284, f_min=-2.099585080128236
2025-04-30 05:36:23,553 - INFO - Node 11: k=303.8743891362473, f_best=-3.026151180267334, f_min=-4.192519690786867
2025-04-30 05:36:23,553 - INFO - cur_node_number 20,f_best -3.026151180267334,f_min -4.192519690786867,k 303.8743891362473
2025-04-30 05:36:23,553 - INFO - f_best_current -3.026151180267334,f_min -4.192519690786867
2025-04-30 05:36:37,799 - INFO - tree_node.f_best*ep:-3.026151180267334,left_f_best-0.6692023873329163,right_f_best-2.9430689811706543,i:1
2025-04-30 05:36:52,786 - INFO - tree_node.f_best*ep:-3.026151180267334,left_f_best-0.6464725136756897,right_f_best-2.9490294456481934,i:2
2025-04-30 05:37:09,148 - INFO - tree_node.f_best*ep:-3.026151180267334,left_f_best-0.7380834221839905,right_f_best-2.9620132446289062,i:3
2025-04-30 05:37:25,662 - INFO - tree_node.f_best*ep:-3.026151180267334,left_f_best-0.8190036416053772,right_f_best-2.9895458221435547,i:4
2025-04-30 05:37:42,690 - INFO - tree_node.f_best*ep:-3.026151180267334,left_f_best-0.823911726474762,right_f_best-2.936462879180908,i:5
2025-04-30 05:38:00,342 - INFO - tree_node.f_best*ep:-3.026151180267334,left_f_best-0.8356433510780334,right_f_best-2.972203254699707,i:6
2025-04-30 05:38:19,167 - INFO - tree_node.f_best*ep:-3.026151180267334,left_f_best-0.828062117099762,right_f_best-3.0688071250915527,i:7
2025-04-30 05:39:16,130 - INFO - 添加左子节点，右子节点，len(queue):7
2025-04-30 05:39:16,130 - INFO - Node 1: k=562.1191151097265, f_best=-2.7269577980041504, f_min=-6.606123107158055
2025-04-30 05:39:16,130 - INFO - Node 2: k=329.0524199448221, f_best=-0.7260923981666565, f_min=-1.6550091208537197
2025-04-30 05:39:16,130 - INFO - Node 3: k=401.50648543744774, f_best=-2.79268741607666, f_min=-10.91146348458824
2025-04-30 05:39:16,130 - INFO - Node 4: k=320.7170291992777, f_best=-0.7249918580055237, f_min=-2.0531477680724493
2025-04-30 05:39:16,130 - INFO - Node 5: k=389.698239094641, f_best=-2.8486814498901367, f_min=-4.75012256899754
2025-04-30 05:39:16,130 - INFO - Node 6: k=292.0173151516563, f_best=-0.7352171540260315, f_min=-2.4645037828759087
2025-04-30 05:39:16,130 - INFO - Node 7: k=370.7845030193218, f_best=-2.8641371726989746, f_min=-4.462528899555764
2025-04-30 05:39:16,130 - INFO - Node 8: k=272.3698221290533, f_best=-0.7268100380897522, f_min=-4.1478759867022745
2025-04-30 05:39:16,146 - INFO - Node 9: k=363.47858349114966, f_best=-2.9768381118774414, f_min=-3.165316355433788
2025-04-30 05:39:16,146 - INFO - Node 10: k=300.86573181806665, f_best=-0.8330069184303284, f_min=-2.099585080128236
2025-04-30 05:39:16,146 - INFO - Node 11: k=303.8743891362473, f_best=-3.026151180267334, f_min=-4.192519690786867
2025-04-30 05:39:16,146 - INFO - Node 12: k=236.95165928245865, f_best=-0.828062117099762, f_min=-1.380132896525538
2025-04-30 05:39:16,146 - INFO - Node 13: k=167.2675407933687, f_best=-3.0688071250915527, f_min=-3.3528054589605745
2025-04-30 05:39:16,146 - INFO - cur_node_number 21,f_best -3.0688071250915527,f_min -3.3528054589605745,k 167.2675407933687
2025-04-30 05:39:16,146 - INFO - f_best_current -3.0688071250915527,f_min -3.3528054589605745
2025-04-30 05:39:30,665 - INFO - tree_node.f_best*ep:-3.0688071250915527,left_f_best-0.7875791192054749,right_f_best-2.9194188117980957,i:1
2025-04-30 05:39:45,926 - INFO - tree_node.f_best*ep:-3.0688071250915527,left_f_best-0.7044997811317444,right_f_best-2.935617446899414,i:2
2025-04-30 05:40:01,819 - INFO - tree_node.f_best*ep:-3.0688071250915527,left_f_best-0.7661004662513733,right_f_best-2.894339084625244,i:3
2025-04-30 05:40:18,368 - INFO - tree_node.f_best*ep:-3.0688071250915527,left_f_best-0.8300805687904358,right_f_best-2.978957176208496,i:4
2025-04-30 05:40:35,397 - INFO - tree_node.f_best*ep:-3.0688071250915527,left_f_best-0.804810106754303,right_f_best-2.9862074851989746,i:5
2025-04-30 05:40:53,724 - INFO - tree_node.f_best*ep:-3.0688071250915527,left_f_best-0.86020427942276,right_f_best-2.985138416290283,i:6
2025-04-30 05:41:12,096 - INFO - tree_node.f_best*ep:-3.0688071250915527,left_f_best-0.8905048966407776,right_f_best-2.9510459899902344,i:7
2025-04-30 05:41:32,203 - INFO - tree_node.f_best*ep:-3.0688071250915527,left_f_best-0.9011741280555725,right_f_best-3.063382625579834,i:8
2025-04-30 05:41:52,518 - INFO - tree_node.f_best*ep:-3.0688071250915527,left_f_best-0.8781982064247131,right_f_best-3.058709144592285,i:9
2025-04-30 05:42:13,646 - INFO - tree_node.f_best*ep:-3.0688071250915527,left_f_best-0.8828545212745667,right_f_best-3.0343117713928223,i:10
2025-04-30 05:42:35,111 - INFO - tree_node.f_best*ep:-3.0688071250915527,left_f_best-0.9453592896461487,right_f_best-3.0102458000183105,i:11
2025-04-30 05:42:57,420 - INFO - tree_node.f_best*ep:-3.0688071250915527,left_f_best-0.8822670578956604,right_f_best-3.0688071250915527,i:12
2025-04-30 05:44:11,708 - INFO - 添加左子节点，右子节点，len(queue):8
2025-04-30 05:44:11,708 - INFO - Node 1: k=562.1191151097265, f_best=-2.7269577980041504, f_min=-6.606123107158055
2025-04-30 05:44:11,708 - INFO - Node 2: k=329.0524199448221, f_best=-0.7260923981666565, f_min=-1.6550091208537197
2025-04-30 05:44:11,708 - INFO - Node 3: k=401.50648543744774, f_best=-2.79268741607666, f_min=-10.91146348458824
2025-04-30 05:44:11,708 - INFO - Node 4: k=320.7170291992777, f_best=-0.7249918580055237, f_min=-2.0531477680724493
2025-04-30 05:44:11,708 - INFO - Node 5: k=389.698239094641, f_best=-2.8486814498901367, f_min=-4.75012256899754
2025-04-30 05:44:11,708 - INFO - Node 6: k=292.0173151516563, f_best=-0.7352171540260315, f_min=-2.4645037828759087
2025-04-30 05:44:11,708 - INFO - Node 7: k=370.7845030193218, f_best=-2.8641371726989746, f_min=-4.462528899555764
2025-04-30 05:44:11,708 - INFO - Node 8: k=272.3698221290533, f_best=-0.7268100380897522, f_min=-4.1478759867022745
2025-04-30 05:44:11,708 - INFO - Node 9: k=363.47858349114966, f_best=-2.9768381118774414, f_min=-3.165316355433788
2025-04-30 05:44:11,708 - INFO - Node 10: k=300.86573181806665, f_best=-0.8330069184303284, f_min=-2.099585080128236
2025-04-30 05:44:11,724 - INFO - Node 11: k=303.8743891362473, f_best=-3.026151180267334, f_min=-4.192519690786867
2025-04-30 05:44:11,724 - INFO - Node 12: k=236.95165928245865, f_best=-0.828062117099762, f_min=-1.380132896525538
2025-04-30 05:44:11,724 - INFO - Node 13: k=167.2675407933687, f_best=-3.0688071250915527, f_min=-3.3528054589605745
2025-04-30 05:44:11,724 - INFO - Node 14: k=393.5952214855874, f_best=-0.8822670578956604, f_min=-1.344434752536472
2025-04-30 05:44:11,724 - INFO - Node 15: k=405.5215502918222, f_best=-3.0688071250915527, f_min=-6.836069761653562
2025-04-30 05:44:11,724 - INFO - cur_node_number 22,f_best -3.0688071250915527,f_min -6.836069761653562,k 405.5215502918222
2025-04-30 05:44:11,724 - INFO - f_best_current -3.0688071250915527,f_min -6.836069761653562
2025-04-30 05:44:11,724 - INFO - 回退,len(queue)=6
2025-04-30 05:44:11,724 - INFO - 回退,len(queue)=5
2025-04-30 05:44:11,724 - INFO - 回退,len(queue)=4
2025-04-30 05:44:11,724 - INFO - 回退,len(queue)=3
2025-04-30 05:44:11,724 - INFO - 回退,len(queue)=2
2025-04-30 05:44:11,724 - INFO - 回退,len(queue)=1
2025-04-30 05:44:26,042 - INFO - tree_node.f_best*ep:-2.79268741607666,left_f_best-0.690134584903717,right_f_best-2.878364086151123,i:1
2025-04-30 05:45:26,356 - INFO - 添加左子节点，右子节点，len(queue):3
2025-04-30 05:45:26,356 - INFO - Node 1: k=562.1191151097265, f_best=-2.7269577980041504, f_min=-6.606123107158055
2025-04-30 05:45:26,356 - INFO - Node 2: k=329.0524199448221, f_best=-0.7260923981666565, f_min=-1.6550091208537197
2025-04-30 05:45:26,356 - INFO - Node 3: k=405.5215502918222, f_best=-2.79268741607666, f_min=-10.91146348458824
2025-04-30 05:45:26,356 - INFO - Node 4: k=319.37503695019416, f_best=-0.690134584903717, f_min=-3.7232222697221005
2025-04-30 05:45:26,356 - INFO - Node 5: k=163.97170943375033, f_best=-2.878364086151123, f_min=-4.158874887922138
2025-04-30 05:45:26,356 - INFO - cur_node_number 23,f_best -2.878364086151123,f_min -4.158874887922138,k 163.97170943375033
2025-04-30 05:45:26,356 - INFO - f_best_current -2.878364086151123,f_min -4.158874887922138
2025-04-30 05:45:41,194 - INFO - tree_node.f_best*ep:-2.878364086151123,left_f_best-0.7374311089515686,right_f_best-2.7725110054016113,i:1
2025-04-30 05:45:56,283 - INFO - tree_node.f_best*ep:-2.878364086151123,left_f_best-0.7796269059181213,right_f_best-2.895921230316162,i:2
2025-04-30 05:46:58,420 - INFO - 添加左子节点，右子节点，len(queue):4
2025-04-30 05:46:58,420 - INFO - Node 1: k=562.1191151097265, f_best=-2.7269577980041504, f_min=-6.606123107158055
2025-04-30 05:46:58,420 - INFO - Node 2: k=329.0524199448221, f_best=-0.7260923981666565, f_min=-1.6550091208537197
2025-04-30 05:46:58,420 - INFO - Node 3: k=405.5215502918222, f_best=-2.79268741607666, f_min=-10.91146348458824
2025-04-30 05:46:58,420 - INFO - Node 4: k=319.37503695019416, f_best=-0.690134584903717, f_min=-3.7232222697221005
2025-04-30 05:46:58,420 - INFO - Node 5: k=163.97170943375033, f_best=-2.878364086151123, f_min=-4.158874887922138
2025-04-30 05:46:58,420 - INFO - Node 6: k=300.86573181806665, f_best=-0.7796269059181213, f_min=-2.833119684642952
2025-04-30 05:46:58,420 - INFO - Node 7: k=206.13916915548535, f_best=-2.895921230316162, f_min=-3.855256653159813
2025-04-30 05:46:58,420 - INFO - cur_node_number 24,f_best -2.895921230316162,f_min -3.855256653159813,k 206.13916915548535
2025-04-30 05:46:58,420 - INFO - f_best_current -2.895921230316162,f_min -3.855256653159813
2025-04-30 05:46:58,420 - INFO - 回退,len(queue)=2
2025-04-30 05:47:13,232 - INFO - tree_node.f_best*ep:-2.878364086151123,left_f_best-0.7716460824012756,right_f_best-2.8203983306884766,i:1
2025-04-30 05:47:27,909 - INFO - tree_node.f_best*ep:-2.878364086151123,left_f_best-0.7771244645118713,right_f_best-2.9000353813171387,i:2
2025-04-30 05:48:34,399 - INFO - 添加左子节点，右子节点，len(queue):4
2025-04-30 05:48:34,399 - INFO - Node 1: k=562.1191151097265, f_best=-2.7269577980041504, f_min=-6.606123107158055
2025-04-30 05:48:34,399 - INFO - Node 2: k=329.0524199448221, f_best=-0.7260923981666565, f_min=-1.6550091208537197
2025-04-30 05:48:34,399 - INFO - Node 3: k=405.5215502918222, f_best=-2.79268741607666, f_min=-10.91146348458824
2025-04-30 05:48:34,399 - INFO - Node 4: k=319.37503695019416, f_best=-0.690134584903717, f_min=-3.7232222697221005
2025-04-30 05:48:34,399 - INFO - Node 5: k=206.13916915548535, f_best=-2.878364086151123, f_min=-4.158874887922138
2025-04-30 05:48:34,399 - INFO - Node 6: k=300.86573181806665, f_best=-0.7771244645118713, f_min=-7.5274096482007735
2025-04-30 05:48:34,399 - INFO - Node 7: k=277.8444555538473, f_best=-2.9000353813171387, f_min=-3.338639473864532
2025-04-30 05:48:34,399 - INFO - cur_node_number 25,f_best -2.9000353813171387,f_min -3.338639473864532,k 277.8444555538473
2025-04-30 05:48:34,399 - INFO - f_best_current -2.9000353813171387,f_min -3.338639473864532
2025-04-30 05:48:34,399 - INFO - 回退,len(queue)=2
2025-04-30 05:48:48,983 - INFO - tree_node.f_best*ep:-2.878364086151123,left_f_best-0.7294788956642151,right_f_best-2.9452929496765137,i:1
2025-04-30 05:49:58,831 - INFO - 添加左子节点，右子节点，len(queue):4
2025-04-30 05:49:58,831 - INFO - Node 1: k=562.1191151097265, f_best=-2.7269577980041504, f_min=-6.606123107158055
2025-04-30 05:49:58,831 - INFO - Node 2: k=329.0524199448221, f_best=-0.7260923981666565, f_min=-1.6550091208537197
2025-04-30 05:49:58,831 - INFO - Node 3: k=405.5215502918222, f_best=-2.79268741607666, f_min=-10.91146348458824
2025-04-30 05:49:58,831 - INFO - Node 4: k=319.37503695019416, f_best=-0.690134584903717, f_min=-3.7232222697221005
2025-04-30 05:49:58,831 - INFO - Node 5: k=277.8444555538473, f_best=-2.878364086151123, f_min=-4.158874887922138
2025-04-30 05:49:58,831 - INFO - Node 6: k=269.6730912168845, f_best=-0.7294788956642151, f_min=-1.6560419500328862
2025-04-30 05:49:58,831 - INFO - Node 7: k=466.1365649725933, f_best=-2.9452929496765137, f_min=-9.522967243605308
2025-04-30 05:49:58,831 - INFO - cur_node_number 26,f_best -2.9452929496765137,f_min -9.522967243605308,k 466.1365649725933
2025-04-30 05:49:58,831 - INFO - f_best_current -2.9452929496765137,f_min -9.522967243605308
2025-04-30 05:49:58,831 - INFO - 回退,len(queue)=2
2025-04-30 05:49:58,831 - INFO - 回退,len(queue)=1
2025-04-30 05:50:14,092 - INFO - tree_node.f_best*ep:-2.79268741607666,left_f_best-0.7852087616920471,right_f_best-2.842916965484619,i:1
2025-04-30 05:51:18,209 - INFO - 添加左子节点，右子节点，len(queue):3
2025-04-30 05:51:18,209 - INFO - Node 1: k=562.1191151097265, f_best=-2.7269577980041504, f_min=-6.606123107158055
2025-04-30 05:51:18,209 - INFO - Node 2: k=329.0524199448221, f_best=-0.7260923981666565, f_min=-1.6550091208537197
2025-04-30 05:51:18,209 - INFO - Node 3: k=466.1365649725933, f_best=-2.79268741607666, f_min=-10.91146348458824
2025-04-30 05:51:18,209 - INFO - Node 4: k=264.35946595126404, f_best=-0.7852087616920471, f_min=-1.694054898189279
2025-04-30 05:51:18,209 - INFO - Node 5: k=251.52896104667238, f_best=-2.842916965484619, f_min=-4.728146736026247
2025-04-30 05:51:18,209 - INFO - cur_node_number 27,f_best -2.842916965484619,f_min -4.728146736026247,k 251.52896104667238
2025-04-30 05:51:18,209 - INFO - f_best_current -2.842916965484619,f_min -4.728146736026247
2025-04-30 05:51:33,379 - INFO - tree_node.f_best*ep:-2.842916965484619,left_f_best-0.6737242341041565,right_f_best-2.812891960144043,i:1
2025-04-30 05:51:48,855 - INFO - tree_node.f_best*ep:-2.842916965484619,left_f_best-0.7658148407936096,right_f_best-2.9210915565490723,i:2
2025-04-30 05:52:53,966 - INFO - 添加左子节点，右子节点，len(queue):4
2025-04-30 05:52:53,966 - INFO - Node 1: k=562.1191151097265, f_best=-2.7269577980041504, f_min=-6.606123107158055
2025-04-30 05:52:53,966 - INFO - Node 2: k=329.0524199448221, f_best=-0.7260923981666565, f_min=-1.6550091208537197
2025-04-30 05:52:53,966 - INFO - Node 3: k=466.1365649725933, f_best=-2.79268741607666, f_min=-10.91146348458824
2025-04-30 05:52:53,966 - INFO - Node 4: k=264.35946595126404, f_best=-0.7852087616920471, f_min=-1.694054898189279
2025-04-30 05:52:53,966 - INFO - Node 5: k=251.52896104667238, f_best=-2.842916965484619, f_min=-4.728146736026247
2025-04-30 05:52:53,966 - INFO - Node 6: k=325.7944751928931, f_best=-0.7658148407936096, f_min=-1.852681775646488
2025-04-30 05:52:53,966 - INFO - Node 7: k=261.74204549630105, f_best=-2.9210915565490723, f_min=-3.4422342796369776
2025-04-30 05:52:53,966 - INFO - cur_node_number 28,f_best -2.9210915565490723,f_min -3.4422342796369776,k 261.74204549630105
2025-04-30 05:52:53,966 - INFO - f_best_current -2.9210915565490723,f_min -3.4422342796369776
2025-04-30 05:52:53,966 - INFO - 回退,len(queue)=2
2025-04-30 05:53:08,664 - INFO - tree_node.f_best*ep:-2.842916965484619,left_f_best-0.6823855042457581,right_f_best-2.893857479095459,i:1
2025-04-30 05:54:12,926 - INFO - 添加左子节点，右子节点，len(queue):4
2025-04-30 05:54:12,926 - INFO - Node 1: k=562.1191151097265, f_best=-2.7269577980041504, f_min=-6.606123107158055
2025-04-30 05:54:12,926 - INFO - Node 2: k=329.0524199448221, f_best=-0.7260923981666565, f_min=-1.6550091208537197
2025-04-30 05:54:12,926 - INFO - Node 3: k=466.1365649725933, f_best=-2.79268741607666, f_min=-10.91146348458824
2025-04-30 05:54:12,926 - INFO - Node 4: k=264.35946595126404, f_best=-0.7852087616920471, f_min=-1.694054898189279
2025-04-30 05:54:12,926 - INFO - Node 5: k=261.74204549630105, f_best=-2.842916965484619, f_min=-4.728146736026247
2025-04-30 05:54:12,926 - INFO - Node 6: k=200.07664668430425, f_best=-0.6823855042457581, f_min=-3.8903859925221695
2025-04-30 05:54:12,926 - INFO - Node 7: k=363.47858349114966, f_best=-2.893857479095459, f_min=-8.467211218285229
2025-04-30 05:54:12,926 - INFO - cur_node_number 29,f_best -2.893857479095459,f_min -8.467211218285229,k 363.47858349114966
2025-04-30 05:54:12,926 - INFO - f_best_current -2.893857479095459,f_min -8.467211218285229
2025-04-30 05:54:12,926 - INFO - 回退,len(queue)=2
2025-04-30 05:54:27,282 - INFO - tree_node.f_best*ep:-2.842916965484619,left_f_best-0.745631754398346,right_f_best-2.8964648246765137,i:1
2025-04-30 05:55:29,107 - INFO - 添加左子节点，右子节点，len(queue):4
2025-04-30 05:55:29,107 - INFO - Node 1: k=562.1191151097265, f_best=-2.7269577980041504, f_min=-6.606123107158055
2025-04-30 05:55:29,107 - INFO - Node 2: k=329.0524199448221, f_best=-0.7260923981666565, f_min=-1.6550091208537197
2025-04-30 05:55:29,107 - INFO - Node 3: k=466.1365649725933, f_best=-2.79268741607666, f_min=-10.91146348458824
2025-04-30 05:55:29,107 - INFO - Node 4: k=264.35946595126404, f_best=-0.7852087616920471, f_min=-1.694054898189279
2025-04-30 05:55:29,107 - INFO - Node 5: k=363.47858349114966, f_best=-2.842916965484619, f_min=-4.728146736026247
2025-04-30 05:55:29,107 - INFO - Node 6: k=306.9131330276098, f_best=-0.745631754398346, f_min=-2.76287355257773
2025-04-30 05:55:29,107 - INFO - Node 7: k=208.2005608470402, f_best=-2.8964648246765137, f_min=-5.728401491479417
2025-04-30 05:55:29,107 - INFO - cur_node_number 30,f_best -2.8964648246765137,f_min -5.728401491479417,k 208.2005608470402
2025-04-30 05:55:29,107 - INFO - f_best_current -2.8964648246765137,f_min -5.728401491479417
2025-04-30 05:55:43,859 - INFO - tree_node.f_best*ep:-2.8964648246765137,left_f_best-0.772684633731842,right_f_best-2.7485437393188477,i:1
2025-04-30 05:55:59,617 - INFO - tree_node.f_best*ep:-2.8964648246765137,left_f_best-0.7442622780799866,right_f_best-2.8941402435302734,i:2
2025-04-30 05:56:16,193 - INFO - tree_node.f_best*ep:-2.8964648246765137,left_f_best-0.7420468926429749,right_f_best-2.852797508239746,i:3
2025-04-30 05:56:32,836 - INFO - tree_node.f_best*ep:-2.8964648246765137,left_f_best-0.793152391910553,right_f_best-2.9382996559143066,i:4
2025-04-30 05:57:36,934 - INFO - 添加左子节点，右子节点，len(queue):5
2025-04-30 05:57:36,934 - INFO - Node 1: k=562.1191151097265, f_best=-2.7269577980041504, f_min=-6.606123107158055
2025-04-30 05:57:36,934 - INFO - Node 2: k=329.0524199448221, f_best=-0.7260923981666565, f_min=-1.6550091208537197
2025-04-30 05:57:36,934 - INFO - Node 3: k=466.1365649725933, f_best=-2.79268741607666, f_min=-10.91146348458824
2025-04-30 05:57:36,934 - INFO - Node 4: k=264.35946595126404, f_best=-0.7852087616920471, f_min=-1.694054898189279
2025-04-30 05:57:36,934 - INFO - Node 5: k=363.47858349114966, f_best=-2.842916965484619, f_min=-4.728146736026247
2025-04-30 05:57:36,934 - INFO - Node 6: k=306.9131330276098, f_best=-0.745631754398346, f_min=-2.76287355257773
2025-04-30 05:57:36,934 - INFO - Node 7: k=208.2005608470402, f_best=-2.8964648246765137, f_min=-5.728401491479417
2025-04-30 05:57:36,934 - INFO - Node 8: k=223.2191816126184, f_best=-0.793152391910553, f_min=-3.7433623928509405
2025-04-30 05:57:36,934 - INFO - Node 9: k=303.8743891362473, f_best=-2.9382996559143066, f_min=-2.974323862870733
2025-04-30 05:57:36,934 - INFO - cur_node_number 31,f_best -2.9382996559143066,f_min -2.974323862870733,k 303.8743891362473
2025-04-30 05:57:36,934 - INFO - f_best_current -2.9382996559143066,f_min -2.974323862870733
2025-04-30 05:57:36,934 - INFO - 回退,len(queue)=3
2025-04-30 05:57:51,516 - INFO - tree_node.f_best*ep:-2.8964648246765137,left_f_best-0.6794810891151428,right_f_best-2.781816005706787,i:1
2025-04-30 05:58:06,010 - INFO - tree_node.f_best*ep:-2.8964648246765137,left_f_best-0.7781348824501038,right_f_best-2.9351563453674316,i:2
2025-04-30 05:59:06,570 - INFO - 添加左子节点，右子节点，len(queue):5
2025-04-30 05:59:06,570 - INFO - Node 1: k=562.1191151097265, f_best=-2.7269577980041504, f_min=-6.606123107158055
2025-04-30 05:59:06,570 - INFO - Node 2: k=329.0524199448221, f_best=-0.7260923981666565, f_min=-1.6550091208537197
2025-04-30 05:59:06,570 - INFO - Node 3: k=466.1365649725933, f_best=-2.79268741607666, f_min=-10.91146348458824
2025-04-30 05:59:06,570 - INFO - Node 4: k=264.35946595126404, f_best=-0.7852087616920471, f_min=-1.694054898189279
2025-04-30 05:59:06,570 - INFO - Node 5: k=363.47858349114966, f_best=-2.842916965484619, f_min=-4.728146736026247
2025-04-30 05:59:06,570 - INFO - Node 6: k=306.9131330276098, f_best=-0.745631754398346, f_min=-2.76287355257773
2025-04-30 05:59:06,570 - INFO - Node 7: k=303.8743891362473, f_best=-2.8964648246765137, f_min=-5.728401491479417
2025-04-30 05:59:06,570 - INFO - Node 8: k=236.95165928245865, f_best=-0.7781348824501038, f_min=-1.6960727472633153
2025-04-30 05:59:06,570 - INFO - Node 9: k=244.13153151037645, f_best=-2.9351563453674316, f_min=-5.659380231489195
2025-04-30 05:59:06,570 - INFO - cur_node_number 32,f_best -2.9351563453674316,f_min -5.659380231489195,k 244.13153151037645
2025-04-30 05:59:06,570 - INFO - f_best_current -2.9351563453674316,f_min -5.659380231489195
2025-04-30 05:59:20,919 - INFO - tree_node.f_best*ep:-2.9351563453674316,left_f_best-0.7804751992225647,right_f_best-2.9710421562194824,i:1
2025-04-30 06:00:27,014 - INFO - 添加左子节点，右子节点，len(queue):6
2025-04-30 06:00:27,014 - INFO - Node 1: k=562.1191151097265, f_best=-2.7269577980041504, f_min=-6.606123107158055
2025-04-30 06:00:27,014 - INFO - Node 2: k=329.0524199448221, f_best=-0.7260923981666565, f_min=-1.6550091208537197
2025-04-30 06:00:27,014 - INFO - Node 3: k=466.1365649725933, f_best=-2.79268741607666, f_min=-10.91146348458824
2025-04-30 06:00:27,014 - INFO - Node 4: k=264.35946595126404, f_best=-0.7852087616920471, f_min=-1.694054898189279
2025-04-30 06:00:27,014 - INFO - Node 5: k=363.47858349114966, f_best=-2.842916965484619, f_min=-4.728146736026247
2025-04-30 06:00:27,014 - INFO - Node 6: k=306.9131330276098, f_best=-0.745631754398346, f_min=-2.76287355257773
2025-04-30 06:00:27,014 - INFO - Node 7: k=303.8743891362473, f_best=-2.8964648246765137, f_min=-5.728401491479417
2025-04-30 06:00:27,014 - INFO - Node 8: k=236.95165928245865, f_best=-0.7781348824501038, f_min=-1.6960727472633153
2025-04-30 06:00:27,014 - INFO - Node 9: k=244.13153151037645, f_best=-2.9351563453674316, f_min=-5.659380231489195
2025-04-30 06:00:27,014 - INFO - Node 10: k=297.8868631862046, f_best=-0.7804751992225647, f_min=-1.2478588264602877
2025-04-30 06:00:27,014 - INFO - Node 11: k=322.5687873196961, f_best=-2.9710421562194824, f_min=-3.9785307231559273
2025-04-30 06:00:27,014 - INFO - cur_node_number 33,f_best -2.9710421562194824,f_min -3.9785307231559273,k 322.5687873196961
2025-04-30 06:00:27,014 - INFO - f_best_current -2.9710421562194824,f_min -3.9785307231559273
2025-04-30 06:00:27,014 - INFO - 回退,len(queue)=4
2025-04-30 06:00:27,014 - INFO - 回退,len(queue)=3
2025-04-30 06:00:42,291 - INFO - tree_node.f_best*ep:-2.8964648246765137,left_f_best-0.6754284501075745,right_f_best-2.8103575706481934,i:1
2025-04-30 06:00:57,859 - INFO - tree_node.f_best*ep:-2.8964648246765137,left_f_best-0.799835741519928,right_f_best-2.841197967529297,i:2
2025-04-30 06:01:13,513 - INFO - tree_node.f_best*ep:-2.8964648246765137,left_f_best-0.7955871224403381,right_f_best-2.9287266731262207,i:3
2025-04-30 06:02:22,046 - INFO - 添加左子节点，右子节点，len(queue):5
2025-04-30 06:02:22,046 - INFO - Node 1: k=562.1191151097265, f_best=-2.7269577980041504, f_min=-6.606123107158055
2025-04-30 06:02:22,046 - INFO - Node 2: k=329.0524199448221, f_best=-0.7260923981666565, f_min=-1.6550091208537197
2025-04-30 06:02:22,046 - INFO - Node 3: k=466.1365649725933, f_best=-2.79268741607666, f_min=-10.91146348458824
2025-04-30 06:02:22,046 - INFO - Node 4: k=264.35946595126404, f_best=-0.7852087616920471, f_min=-1.694054898189279
2025-04-30 06:02:22,046 - INFO - Node 5: k=363.47858349114966, f_best=-2.842916965484619, f_min=-4.728146736026247
2025-04-30 06:02:22,046 - INFO - Node 6: k=306.9131330276098, f_best=-0.745631754398346, f_min=-2.76287355257773
2025-04-30 06:02:22,046 - INFO - Node 7: k=322.5687873196961, f_best=-2.8964648246765137, f_min=-5.728401491479417
2025-04-30 06:02:22,046 - INFO - Node 8: k=269.6730912168845, f_best=-0.7955871224403381, f_min=-2.2702669810987572
2025-04-30 06:02:22,046 - INFO - Node 9: k=393.5952214855874, f_best=-2.9287266731262207, f_min=-3.3617133762636513
2025-04-30 06:02:22,046 - INFO - cur_node_number 34,f_best -2.9287266731262207,f_min -3.3617133762636513,k 393.5952214855874
2025-04-30 06:02:22,046 - INFO - f_best_current -2.9287266731262207,f_min -3.3617133762636513
2025-04-30 06:02:22,046 - INFO - 回退,len(queue)=3
2025-04-30 06:02:22,046 - INFO - 回退,len(queue)=2
2025-04-30 06:02:36,518 - INFO - tree_node.f_best*ep:-2.842916965484619,left_f_best-0.744411051273346,right_f_best-2.856487274169922,i:1
2025-04-30 06:03:45,230 - INFO - 添加左子节点，右子节点，len(queue):4
2025-04-30 06:03:45,230 - INFO - Node 1: k=562.1191151097265, f_best=-2.7269577980041504, f_min=-6.606123107158055
2025-04-30 06:03:45,230 - INFO - Node 2: k=329.0524199448221, f_best=-0.7260923981666565, f_min=-1.6550091208537197
2025-04-30 06:03:45,230 - INFO - Node 3: k=466.1365649725933, f_best=-2.79268741607666, f_min=-10.91146348458824
2025-04-30 06:03:45,230 - INFO - Node 4: k=264.35946595126404, f_best=-0.7852087616920471, f_min=-1.694054898189279
2025-04-30 06:03:45,230 - INFO - Node 5: k=393.5952214855874, f_best=-2.842916965484619, f_min=-4.728146736026247
2025-04-30 06:03:45,230 - INFO - Node 6: k=397.5311737004433, f_best=-0.744411051273346, f_min=-0.8740029363707436
2025-04-30 06:03:45,230 - INFO - Node 7: k=267.0030606107767, f_best=-2.856487274169922, f_min=-4.017188534226079
2025-04-30 06:03:45,230 - INFO - cur_node_number 35,f_best -2.856487274169922,f_min -4.017188534226079,k 267.0030606107767
2025-04-30 06:03:45,230 - INFO - f_best_current -2.856487274169922,f_min -4.017188534226079
2025-04-30 06:03:59,857 - INFO - tree_node.f_best*ep:-2.856487274169922,left_f_best-0.640991747379303,right_f_best-2.8282036781311035,i:1
2025-04-30 06:04:14,899 - INFO - tree_node.f_best*ep:-2.856487274169922,left_f_best-0.7460022568702698,right_f_best-2.9244704246520996,i:2
2025-04-30 06:05:21,496 - INFO - 添加左子节点，右子节点，len(queue):5
2025-04-30 06:05:21,496 - INFO - Node 1: k=562.1191151097265, f_best=-2.7269577980041504, f_min=-6.606123107158055
2025-04-30 06:05:21,496 - INFO - Node 2: k=329.0524199448221, f_best=-0.7260923981666565, f_min=-1.6550091208537197
2025-04-30 06:05:21,496 - INFO - Node 3: k=466.1365649725933, f_best=-2.79268741607666, f_min=-10.91146348458824
2025-04-30 06:05:21,496 - INFO - Node 4: k=264.35946595126404, f_best=-0.7852087616920471, f_min=-1.694054898189279
2025-04-30 06:05:21,496 - INFO - Node 5: k=393.5952214855874, f_best=-2.842916965484619, f_min=-4.728146736026247
2025-04-30 06:05:21,496 - INFO - Node 6: k=397.5311737004433, f_best=-0.744411051273346, f_min=-0.8740029363707436
2025-04-30 06:05:21,496 - INFO - Node 7: k=267.0030606107767, f_best=-2.856487274169922, f_min=-4.017188534226079
2025-04-30 06:05:21,496 - INFO - Node 8: k=246.5728468254802, f_best=-0.7460022568702698, f_min=-0.8417894564590824
2025-04-30 06:05:21,496 - INFO - Node 9: k=374.492348049515, f_best=-2.9244704246520996, f_min=-3.6980267046219524
2025-04-30 06:05:21,496 - INFO - cur_node_number 36,f_best -2.9244704246520996,f_min -3.6980267046219524,k 374.492348049515
2025-04-30 06:05:21,496 - INFO - f_best_current -2.9244704246520996,f_min -3.6980267046219524
2025-04-30 06:05:21,496 - INFO - 回退,len(queue)=3
2025-04-30 06:05:35,957 - INFO - tree_node.f_best*ep:-2.856487274169922,left_f_best-0.6787305474281311,right_f_best-2.873765468597412,i:1
2025-04-30 06:06:37,246 - INFO - 添加左子节点，右子节点，len(queue):5
2025-04-30 06:06:37,246 - INFO - Node 1: k=562.1191151097265, f_best=-2.7269577980041504, f_min=-6.606123107158055
2025-04-30 06:06:37,246 - INFO - Node 2: k=329.0524199448221, f_best=-0.7260923981666565, f_min=-1.6550091208537197
2025-04-30 06:06:37,246 - INFO - Node 3: k=466.1365649725933, f_best=-2.79268741607666, f_min=-10.91146348458824
2025-04-30 06:06:37,246 - INFO - Node 4: k=264.35946595126404, f_best=-0.7852087616920471, f_min=-1.694054898189279
2025-04-30 06:06:37,246 - INFO - Node 5: k=393.5952214855874, f_best=-2.842916965484619, f_min=-4.728146736026247
2025-04-30 06:06:37,246 - INFO - Node 6: k=397.5311737004433, f_best=-0.744411051273346, f_min=-0.8740029363707436
2025-04-30 06:06:37,246 - INFO - Node 7: k=374.492348049515, f_best=-2.856487274169922, f_min=-4.017188534226079
2025-04-30 06:06:37,246 - INFO - Node 8: k=177.55786509363568, f_best=-0.6787305474281311, f_min=-2.0250017985581508
2025-04-30 06:06:37,246 - INFO - Node 9: k=306.9131330276098, f_best=-2.873765468597412, f_min=-4.723090700452303
2025-04-30 06:06:37,246 - INFO - cur_node_number 37,f_best -2.873765468597412,f_min -4.723090700452303,k 306.9131330276098
2025-04-30 06:06:37,246 - INFO - f_best_current -2.873765468597412,f_min -4.723090700452303
2025-04-30 06:06:52,403 - INFO - tree_node.f_best*ep:-2.873765468597412,left_f_best-0.7018237709999084,right_f_best-2.8069777488708496,i:1
2025-04-30 06:07:07,815 - INFO - tree_node.f_best*ep:-2.873765468597412,left_f_best-0.7936092019081116,right_f_best-2.812990188598633,i:2
2025-04-30 06:07:24,015 - INFO - tree_node.f_best*ep:-2.873765468597412,left_f_best-0.7435279488563538,right_f_best-2.881258010864258,i:3
2025-04-30 06:08:35,178 - INFO - 添加左子节点，右子节点，len(queue):6
2025-04-30 06:08:35,178 - INFO - Node 1: k=562.1191151097265, f_best=-2.7269577980041504, f_min=-6.606123107158055
2025-04-30 06:08:35,178 - INFO - Node 2: k=329.0524199448221, f_best=-0.7260923981666565, f_min=-1.6550091208537197
2025-04-30 06:08:35,178 - INFO - Node 3: k=466.1365649725933, f_best=-2.79268741607666, f_min=-10.91146348458824
2025-04-30 06:08:35,178 - INFO - Node 4: k=264.35946595126404, f_best=-0.7852087616920471, f_min=-1.694054898189279
2025-04-30 06:08:35,178 - INFO - Node 5: k=393.5952214855874, f_best=-2.842916965484619, f_min=-4.728146736026247
2025-04-30 06:08:35,178 - INFO - Node 6: k=397.5311737004433, f_best=-0.744411051273346, f_min=-0.8740029363707436
2025-04-30 06:08:35,178 - INFO - Node 7: k=374.492348049515, f_best=-2.856487274169922, f_min=-4.017188534226079
2025-04-30 06:08:35,178 - INFO - Node 8: k=177.55786509363568, f_best=-0.6787305474281311, f_min=-2.0250017985581508
2025-04-30 06:08:35,178 - INFO - Node 9: k=306.9131330276098, f_best=-2.873765468597412, f_min=-4.723090700452303
2025-04-30 06:08:35,178 - INFO - Node 10: k=405.5215502918222, f_best=-0.7435279488563538, f_min=-2.27488916848597
2025-04-30 06:08:35,178 - INFO - Node 11: k=309.98226435788587, f_best=-2.881258010864258, f_min=-6.930075130112527
2025-04-30 06:08:35,178 - INFO - cur_node_number 38,f_best -2.881258010864258,f_min -6.930075130112527,k 309.98226435788587
2025-04-30 06:08:35,178 - INFO - f_best_current -2.881258010864258,f_min -6.930075130112527
2025-04-30 06:08:35,178 - INFO - 回退,len(queue)=4
2025-04-30 06:08:49,338 - INFO - tree_node.f_best*ep:-2.873765468597412,left_f_best-0.7260943055152893,right_f_best-2.786378860473633,i:1
2025-04-30 06:09:04,627 - INFO - tree_node.f_best*ep:-2.873765468597412,left_f_best-0.7293587327003479,right_f_best-2.8661866188049316,i:2
2025-04-30 06:09:20,582 - INFO - tree_node.f_best*ep:-2.873765468597412,left_f_best-0.7688723206520081,right_f_best-2.982821464538574,i:3
2025-04-30 06:10:22,744 - INFO - 添加左子节点，右子节点，len(queue):6
2025-04-30 06:10:22,744 - INFO - Node 1: k=562.1191151097265, f_best=-2.7269577980041504, f_min=-6.606123107158055
2025-04-30 06:10:22,744 - INFO - Node 2: k=329.0524199448221, f_best=-0.7260923981666565, f_min=-1.6550091208537197
2025-04-30 06:10:22,744 - INFO - Node 3: k=466.1365649725933, f_best=-2.79268741607666, f_min=-10.91146348458824
2025-04-30 06:10:22,744 - INFO - Node 4: k=264.35946595126404, f_best=-0.7852087616920471, f_min=-1.694054898189279
2025-04-30 06:10:22,744 - INFO - Node 5: k=393.5952214855874, f_best=-2.842916965484619, f_min=-4.728146736026247
2025-04-30 06:10:22,744 - INFO - Node 6: k=397.5311737004433, f_best=-0.744411051273346, f_min=-0.8740029363707436
2025-04-30 06:10:22,744 - INFO - Node 7: k=374.492348049515, f_best=-2.856487274169922, f_min=-4.017188534226079
2025-04-30 06:10:22,744 - INFO - Node 8: k=177.55786509363568, f_best=-0.6787305474281311, f_min=-2.0250017985581508
2025-04-30 06:10:22,744 - INFO - Node 9: k=309.98226435788587, f_best=-2.873765468597412, f_min=-4.723090700452303
2025-04-30 06:10:22,744 - INFO - Node 10: k=234.60560324995905, f_best=-0.7688723206520081, f_min=-1.651734402731563
2025-04-30 06:10:22,744 - INFO - Node 11: k=275.09352035034385, f_best=-2.982821464538574, f_min=-5.572344914691712
2025-04-30 06:10:22,744 - INFO - cur_node_number 39,f_best -2.982821464538574,f_min -5.572344914691712,k 275.09352035034385
2025-04-30 06:10:22,744 - INFO - f_best_current -2.982821464538574,f_min -5.572344914691712
2025-04-30 06:10:36,757 - INFO - tree_node.f_best*ep:-2.982821464538574,left_f_best-0.708254873752594,right_f_best-2.811400890350342,i:1
2025-04-30 06:10:52,171 - INFO - tree_node.f_best*ep:-2.982821464538574,left_f_best-0.7366414666175842,right_f_best-2.8472561836242676,i:2
2025-04-30 06:11:07,762 - INFO - tree_node.f_best*ep:-2.982821464538574,left_f_best-0.7628541588783264,right_f_best-2.945486545562744,i:3
2025-04-30 06:11:24,695 - INFO - tree_node.f_best*ep:-2.982821464538574,left_f_best-0.7953768372535706,right_f_best-2.926424980163574,i:4
2025-04-30 06:11:42,503 - INFO - tree_node.f_best*ep:-2.982821464538574,left_f_best-0.8387027382850647,right_f_best-3.0092334747314453,i:5
2025-04-30 06:12:48,610 - INFO - 添加左子节点，右子节点，len(queue):7
2025-04-30 06:12:48,610 - INFO - Node 1: k=562.1191151097265, f_best=-2.7269577980041504, f_min=-6.606123107158055
2025-04-30 06:12:48,610 - INFO - Node 2: k=329.0524199448221, f_best=-0.7260923981666565, f_min=-1.6550091208537197
2025-04-30 06:12:48,610 - INFO - Node 3: k=466.1365649725933, f_best=-2.79268741607666, f_min=-10.91146348458824
2025-04-30 06:12:48,610 - INFO - Node 4: k=264.35946595126404, f_best=-0.7852087616920471, f_min=-1.694054898189279
2025-04-30 06:12:48,610 - INFO - Node 5: k=393.5952214855874, f_best=-2.842916965484619, f_min=-4.728146736026247
2025-04-30 06:12:48,610 - INFO - Node 6: k=397.5311737004433, f_best=-0.744411051273346, f_min=-0.8740029363707436
2025-04-30 06:12:48,610 - INFO - Node 7: k=374.492348049515, f_best=-2.856487274169922, f_min=-4.017188534226079
2025-04-30 06:12:48,610 - INFO - Node 8: k=177.55786509363568, f_best=-0.6787305474281311, f_min=-2.0250017985581508
2025-04-30 06:12:48,610 - INFO - Node 9: k=309.98226435788587, f_best=-2.873765468597412, f_min=-4.723090700452303
2025-04-30 06:12:48,610 - INFO - Node 10: k=234.60560324995905, f_best=-0.7688723206520081, f_min=-1.651734402731563
2025-04-30 06:12:48,610 - INFO - Node 11: k=275.09352035034385, f_best=-2.982821464538574, f_min=-5.572344914691712
2025-04-30 06:12:48,610 - INFO - Node 12: k=289.1260546056003, f_best=-0.8387027382850647, f_min=-5.491080592661092
2025-04-30 06:12:48,610 - INFO - Node 13: k=306.9131330276098, f_best=-3.0092334747314453, f_min=-3.0366239720660815
2025-04-30 06:12:48,610 - INFO - cur_node_number 40,f_best -3.0092334747314453,f_min -3.0366239720660815,k 306.9131330276098
2025-04-30 06:12:48,610 - INFO - f_best_current -3.0092334747314453,f_min -3.0366239720660815
2025-04-30 06:12:48,610 - INFO - 结束,fmin= -3.0366239720660815, fbestmin=-3.0092334747314453
