2025-04-30 07:03:59,619 - INFO - Namespace(log_file='outputs/DNN4/img[0]/max/DNN4img0_label9.log', image_path='img[0].png', model_path='network/DNN4.pth', label=9, init_epsilon=0.05, epsilon=0.01, ep=1, min=0)
2025-04-30 07:03:59,635 - INFO - Model output max(1): torch.return_types.max(
values=tensor([24.1257], grad_fn=<MaxBackward0>),
indices=tensor([0]))
2025-04-30 07:04:07,212 - INFO - cur_node_number 1,f_best -5.003548622131348,f_min -6.1134860559777735,k 380.76190327720667
2025-04-30 07:04:07,212 - INFO - f_best_current -5.003548622131348,f_min -6.1134860559777735
2025-04-30 07:04:19,820 - INFO - tree_node.f_best*ep:-5.003548622131348,left_f_best-4.391315460205078,right_f_best-5.1088361740112305,i:1
2025-04-30 07:05:18,305 - INFO - 添加左子节点，右子节点，len(queue):2
2025-04-30 07:05:18,305 - INFO - Node 1: k=380.76190327720667, f_best=-5.003548622131348, f_min=-6.1134860559777735
2025-04-30 07:05:18,305 - INFO - Node 2: k=150.71626695935208, f_best=-4.391315460205078, f_min=-5.151288629071132
2025-04-30 07:05:18,305 - INFO - Node 3: k=168.14936837410883, f_best=-5.1088361740112305, f_min=-6.935646409899164
2025-04-30 07:05:18,305 - INFO - cur_node_number 2,f_best -5.1088361740112305,f_min -6.935646409899164,k 168.14936837410883
2025-04-30 07:05:18,305 - INFO - f_best_current -5.1088361740112305,f_min -6.935646409899164
2025-04-30 07:05:30,555 - INFO - tree_node.f_best*ep:-5.1088361740112305,left_f_best-4.424001693725586,right_f_best-5.076988220214844,i:1
2025-04-30 07:05:44,382 - INFO - tree_node.f_best*ep:-5.1088361740112305,left_f_best-4.410243034362793,right_f_best-5.061921119689941,i:2
2025-04-30 07:06:00,190 - INFO - tree_node.f_best*ep:-5.1088361740112305,left_f_best-4.483711242675781,right_f_best-5.062934875488281,i:3
2025-04-30 07:06:14,364 - INFO - tree_node.f_best*ep:-5.1088361740112305,left_f_best-4.376386642456055,right_f_best-5.092562675476074,i:4
2025-04-30 07:06:29,292 - INFO - tree_node.f_best*ep:-5.1088361740112305,left_f_best-4.507345199584961,right_f_best-5.12725830078125,i:5
2025-04-30 07:07:29,909 - INFO - 添加左子节点，右子节点，len(queue):3
2025-04-30 07:07:29,909 - INFO - Node 1: k=380.76190327720667, f_best=-5.003548622131348, f_min=-6.1134860559777735
2025-04-30 07:07:29,909 - INFO - Node 2: k=150.71626695935208, f_best=-4.391315460205078, f_min=-5.151288629071132
2025-04-30 07:07:29,909 - INFO - Node 3: k=168.14936837410883, f_best=-5.1088361740112305, f_min=-6.935646409899164
2025-04-30 07:07:29,909 - INFO - Node 4: k=199.14004209801723, f_best=-4.507345199584961, f_min=-7.530643474755379
2025-04-30 07:07:29,909 - INFO - Node 5: k=118.01761581230156, f_best=-5.12725830078125, f_min=-6.078486496603546
2025-04-30 07:07:29,909 - INFO - cur_node_number 3,f_best -5.12725830078125,f_min -6.078486496603546,k 118.01761581230156
2025-04-30 07:07:29,909 - INFO - f_best_current -5.12725830078125,f_min -6.078486496603546
2025-04-30 07:07:43,132 - INFO - tree_node.f_best*ep:-5.12725830078125,left_f_best-4.411114692687988,right_f_best-5.124859809875488,i:1
2025-04-30 07:07:56,814 - INFO - tree_node.f_best*ep:-5.12725830078125,left_f_best-4.429995536804199,right_f_best-5.08925724029541,i:2
2025-04-30 07:08:12,415 - INFO - tree_node.f_best*ep:-5.12725830078125,left_f_best-4.390660285949707,right_f_best-5.08338737487793,i:3
2025-04-30 07:08:26,835 - INFO - tree_node.f_best*ep:-5.12725830078125,left_f_best-4.445810317993164,right_f_best-5.106768608093262,i:4
2025-04-30 07:08:41,885 - INFO - tree_node.f_best*ep:-5.12725830078125,left_f_best-4.473962783813477,right_f_best-5.130973815917969,i:5
2025-04-30 07:09:40,634 - INFO - 添加左子节点，右子节点，len(queue):4
2025-04-30 07:09:40,634 - INFO - Node 1: k=380.76190327720667, f_best=-5.003548622131348, f_min=-6.1134860559777735
2025-04-30 07:09:40,634 - INFO - Node 2: k=150.71626695935208, f_best=-4.391315460205078, f_min=-5.151288629071132
2025-04-30 07:09:40,634 - INFO - Node 3: k=168.14936837410883, f_best=-5.1088361740112305, f_min=-6.935646409899164
2025-04-30 07:09:40,634 - INFO - Node 4: k=199.14004209801723, f_best=-4.507345199584961, f_min=-7.530643474755379
2025-04-30 07:09:40,634 - INFO - Node 5: k=118.01761581230156, f_best=-5.12725830078125, f_min=-6.078486496603546
2025-04-30 07:09:40,634 - INFO - Node 6: k=182.08167109102996, f_best=-4.473962783813477, f_min=-8.271312197406587
2025-04-30 07:09:40,634 - INFO - Node 7: k=120.38976989012882, f_best=-5.130973815917969, f_min=-5.382224926375784
2025-04-30 07:09:40,634 - INFO - cur_node_number 4,f_best -5.130973815917969,f_min -5.382224926375784,k 120.38976989012882
2025-04-30 07:09:40,634 - INFO - f_best_current -5.130973815917969,f_min -5.382224926375784
2025-04-30 07:09:40,634 - INFO - 回退,len(queue)=2
2025-04-30 07:09:54,965 - INFO - tree_node.f_best*ep:-5.12725830078125,left_f_best-4.33852481842041,right_f_best-5.067670822143555,i:1
2025-04-30 07:10:08,287 - INFO - tree_node.f_best*ep:-5.12725830078125,left_f_best-4.342939376831055,right_f_best-5.096950531005859,i:2
2025-04-30 07:10:23,081 - INFO - tree_node.f_best*ep:-5.12725830078125,left_f_best-4.438364028930664,right_f_best-5.133327484130859,i:3
2025-04-30 07:11:23,519 - INFO - 添加左子节点，右子节点，len(queue):4
2025-04-30 07:11:23,519 - INFO - Node 1: k=380.76190327720667, f_best=-5.003548622131348, f_min=-6.1134860559777735
2025-04-30 07:11:23,519 - INFO - Node 2: k=150.71626695935208, f_best=-4.391315460205078, f_min=-5.151288629071132
2025-04-30 07:11:23,519 - INFO - Node 3: k=168.14936837410883, f_best=-5.1088361740112305, f_min=-6.935646409899164
2025-04-30 07:11:23,519 - INFO - Node 4: k=199.14004209801723, f_best=-4.507345199584961, f_min=-7.530643474755379
2025-04-30 07:11:23,519 - INFO - Node 5: k=120.38976989012882, f_best=-5.12725830078125, f_min=-6.078486496603546
2025-04-30 07:11:23,519 - INFO - Node 6: k=168.14936837410883, f_best=-4.438364028930664, f_min=-5.656267731466869
2025-04-30 07:11:23,519 - INFO - Node 7: k=130.3648696145475, f_best=-5.133327484130859, f_min=-5.3468802622173826
2025-04-30 07:11:23,519 - INFO - cur_node_number 5,f_best -5.133327484130859,f_min -5.3468802622173826,k 130.3648696145475
2025-04-30 07:11:23,519 - INFO - f_best_current -5.133327484130859,f_min -5.3468802622173826
2025-04-30 07:11:23,519 - INFO - 回退,len(queue)=2
2025-04-30 07:11:35,629 - INFO - tree_node.f_best*ep:-5.12725830078125,left_f_best-4.398103713989258,right_f_best-5.046482086181641,i:1
2025-04-30 07:11:49,608 - INFO - tree_node.f_best*ep:-5.12725830078125,left_f_best-4.412991523742676,right_f_best-5.047554016113281,i:2
2025-04-30 07:12:04,417 - INFO - tree_node.f_best*ep:-5.12725830078125,left_f_best-4.421984672546387,right_f_best-5.109649658203125,i:3
2025-04-30 07:12:20,060 - INFO - tree_node.f_best*ep:-5.12725830078125,left_f_best-4.488919258117676,right_f_best-5.077949523925781,i:4
2025-04-30 07:12:34,584 - INFO - tree_node.f_best*ep:-5.12725830078125,left_f_best-4.458110809326172,right_f_best-5.110543251037598,i:5
2025-04-30 07:12:51,028 - INFO - tree_node.f_best*ep:-5.12725830078125,left_f_best-4.422530174255371,right_f_best-5.1183319091796875,i:6
2025-04-30 07:13:07,340 - INFO - tree_node.f_best*ep:-5.12725830078125,left_f_best-4.492667198181152,right_f_best-5.173087120056152,i:7
2025-04-30 07:14:10,830 - INFO - 添加左子节点，右子节点，len(queue):4
2025-04-30 07:14:10,830 - INFO - Node 1: k=380.76190327720667, f_best=-5.003548622131348, f_min=-6.1134860559777735
2025-04-30 07:14:10,830 - INFO - Node 2: k=150.71626695935208, f_best=-4.391315460205078, f_min=-5.151288629071132
2025-04-30 07:14:10,830 - INFO - Node 3: k=168.14936837410883, f_best=-5.1088361740112305, f_min=-6.935646409899164
2025-04-30 07:14:10,830 - INFO - Node 4: k=199.14004209801723, f_best=-4.507345199584961, f_min=-7.530643474755379
2025-04-30 07:14:10,830 - INFO - Node 5: k=130.3648696145475, f_best=-5.12725830078125, f_min=-6.078486496603546
2025-04-30 07:14:10,830 - INFO - Node 6: k=168.14936837410883, f_best=-4.492667198181152, f_min=-5.907552867742197
2025-04-30 07:14:10,830 - INFO - Node 7: k=170.54447982432663, f_best=-5.173087120056152, f_min=-6.215877416500916
2025-04-30 07:14:10,830 - INFO - cur_node_number 6,f_best -5.173087120056152,f_min -6.215877416500916,k 170.54447982432663
2025-04-30 07:14:10,830 - INFO - f_best_current -5.173087120056152,f_min -6.215877416500916
2025-04-30 07:14:10,830 - INFO - 回退,len(queue)=2
2025-04-30 07:14:10,830 - INFO - 回退,len(queue)=1
2025-04-30 07:14:23,410 - INFO - tree_node.f_best*ep:-5.1088361740112305,left_f_best-4.439042091369629,right_f_best-5.0090179443359375,i:1
2025-04-30 07:14:36,232 - INFO - tree_node.f_best*ep:-5.1088361740112305,left_f_best-4.424816131591797,right_f_best-5.062772750854492,i:2
2025-04-30 07:14:49,953 - INFO - tree_node.f_best*ep:-5.1088361740112305,left_f_best-4.428730010986328,right_f_best-5.122305870056152,i:3
2025-04-30 07:15:52,702 - INFO - 添加左子节点，右子节点，len(queue):3
2025-04-30 07:15:52,702 - INFO - Node 1: k=380.76190327720667, f_best=-5.003548622131348, f_min=-6.1134860559777735
2025-04-30 07:15:52,702 - INFO - Node 2: k=150.71626695935208, f_best=-4.391315460205078, f_min=-5.151288629071132
2025-04-30 07:15:52,702 - INFO - Node 3: k=170.54447982432663, f_best=-5.1088361740112305, f_min=-6.935646409899164
2025-04-30 07:15:52,708 - INFO - Node 4: k=199.14004209801723, f_best=-4.428730010986328, f_min=-6.306699582063629
2025-04-30 07:15:52,708 - INFO - Node 5: k=146.8983981315628, f_best=-5.122305870056152, f_min=-7.01980011642172
2025-04-30 07:15:52,708 - INFO - cur_node_number 7,f_best -5.122305870056152,f_min -7.01980011642172,k 146.8983981315628
2025-04-30 07:15:52,708 - INFO - f_best_current -5.122305870056152,f_min -7.01980011642172
2025-04-30 07:16:05,156 - INFO - tree_node.f_best*ep:-5.122305870056152,left_f_best-4.395105361938477,right_f_best-5.016820907592773,i:1
2025-04-30 07:16:19,304 - INFO - tree_node.f_best*ep:-5.122305870056152,left_f_best-4.4047088623046875,right_f_best-5.072047233581543,i:2
2025-04-30 07:16:34,419 - INFO - tree_node.f_best*ep:-5.122305870056152,left_f_best-4.423745155334473,right_f_best-5.0918073654174805,i:3
2025-04-30 07:16:49,904 - INFO - tree_node.f_best*ep:-5.122305870056152,left_f_best-4.479358673095703,right_f_best-5.127001762390137,i:4
2025-04-30 07:17:48,356 - INFO - 添加左子节点，右子节点，len(queue):4
2025-04-30 07:17:48,356 - INFO - Node 1: k=380.76190327720667, f_best=-5.003548622131348, f_min=-6.1134860559777735
2025-04-30 07:17:48,356 - INFO - Node 2: k=150.71626695935208, f_best=-4.391315460205078, f_min=-5.151288629071132
2025-04-30 07:17:48,356 - INFO - Node 3: k=170.54447982432663, f_best=-5.1088361740112305, f_min=-6.935646409899164
2025-04-30 07:17:48,356 - INFO - Node 4: k=199.14004209801723, f_best=-4.428730010986328, f_min=-6.306699582063629
2025-04-30 07:17:48,356 - INFO - Node 5: k=146.8983981315628, f_best=-5.122305870056152, f_min=-7.01980011642172
2025-04-30 07:17:48,356 - INFO - Node 6: k=159.98835440071196, f_best=-4.479358673095703, f_min=-5.56254107434961
2025-04-30 07:17:48,356 - INFO - Node 7: k=157.49496580473885, f_best=-5.127001762390137, f_min=-5.224718557955384
2025-04-30 07:17:48,356 - INFO - cur_node_number 8,f_best -5.127001762390137,f_min -5.224718557955384,k 157.49496580473885
2025-04-30 07:17:48,356 - INFO - f_best_current -5.127001762390137,f_min -5.224718557955384
2025-04-30 07:17:48,356 - INFO - 回退,len(queue)=2
2025-04-30 07:18:00,743 - INFO - tree_node.f_best*ep:-5.122305870056152,left_f_best-4.375449180603027,right_f_best-5.100765228271484,i:1
2025-04-30 07:18:13,453 - INFO - tree_node.f_best*ep:-5.122305870056152,left_f_best-4.395827293395996,right_f_best-5.074130058288574,i:2
2025-04-30 07:18:28,803 - INFO - tree_node.f_best*ep:-5.122305870056152,left_f_best-4.454267501831055,right_f_best-5.074126243591309,i:3
2025-04-30 07:18:45,204 - INFO - tree_node.f_best*ep:-5.122305870056152,left_f_best-4.418512344360352,right_f_best-5.16004753112793,i:4
2025-04-30 07:19:37,440 - INFO - 添加左子节点，右子节点，len(queue):4
2025-04-30 07:19:37,440 - INFO - Node 1: k=380.76190327720667, f_best=-5.003548622131348, f_min=-6.1134860559777735
2025-04-30 07:19:37,440 - INFO - Node 2: k=150.71626695935208, f_best=-4.391315460205078, f_min=-5.151288629071132
2025-04-30 07:19:37,440 - INFO - Node 3: k=170.54447982432663, f_best=-5.1088361740112305, f_min=-6.935646409899164
2025-04-30 07:19:37,440 - INFO - Node 4: k=199.14004209801723, f_best=-4.428730010986328, f_min=-6.306699582063629
2025-04-30 07:19:37,440 - INFO - Node 5: k=157.49496580473885, f_best=-5.122305870056152, f_min=-7.01980011642172
2025-04-30 07:19:37,440 - INFO - Node 6: k=224.39598393757998, f_best=-4.418512344360352, f_min=-5.123283290025029
2025-04-30 07:19:37,440 - INFO - Node 7: k=54.85308471104995, f_best=-5.16004753112793, f_min=-5.3306660443233795
2025-04-30 07:19:37,456 - INFO - cur_node_number 9,f_best -5.16004753112793,f_min -5.3306660443233795,k 54.85308471104995
2025-04-30 07:19:37,456 - INFO - f_best_current -5.16004753112793,f_min -5.3306660443233795
2025-04-30 07:19:50,137 - INFO - tree_node.f_best*ep:-5.16004753112793,left_f_best-4.415597915649414,right_f_best-5.017375946044922,i:1
2025-04-30 07:20:04,489 - INFO - tree_node.f_best*ep:-5.16004753112793,left_f_best-4.423593521118164,right_f_best-5.087454795837402,i:2
2025-04-30 07:20:19,725 - INFO - tree_node.f_best*ep:-5.16004753112793,left_f_best-4.469615936279297,right_f_best-5.100634574890137,i:3
2025-04-30 07:20:33,983 - INFO - tree_node.f_best*ep:-5.16004753112793,left_f_best-4.400193214416504,right_f_best-5.120309829711914,i:4
2025-04-30 07:20:50,238 - INFO - tree_node.f_best*ep:-5.16004753112793,left_f_best-4.4374799728393555,right_f_best-5.165325164794922,i:5
2025-04-30 07:21:49,825 - INFO - 添加左子节点，右子节点，len(queue):5
2025-04-30 07:21:49,825 - INFO - Node 1: k=380.76190327720667, f_best=-5.003548622131348, f_min=-6.1134860559777735
2025-04-30 07:21:49,825 - INFO - Node 2: k=150.71626695935208, f_best=-4.391315460205078, f_min=-5.151288629071132
2025-04-30 07:21:49,825 - INFO - Node 3: k=170.54447982432663, f_best=-5.1088361740112305, f_min=-6.935646409899164
2025-04-30 07:21:49,825 - INFO - Node 4: k=199.14004209801723, f_best=-4.428730010986328, f_min=-6.306699582063629
2025-04-30 07:21:49,825 - INFO - Node 5: k=157.49496580473885, f_best=-5.122305870056152, f_min=-7.01980011642172
2025-04-30 07:21:49,825 - INFO - Node 6: k=224.39598393757998, f_best=-4.418512344360352, f_min=-5.123283290025029
2025-04-30 07:21:49,825 - INFO - Node 7: k=54.85308471104995, f_best=-5.16004753112793, f_min=-5.3306660443233795
2025-04-30 07:21:49,825 - INFO - Node 8: k=168.14936837410883, f_best=-4.4374799728393555, f_min=-4.561170706218036
2025-04-30 07:21:49,825 - INFO - Node 9: k=129.07412833123516, f_best=-5.165325164794922, f_min=-5.5113377826337455
2025-04-30 07:21:49,825 - INFO - cur_node_number 10,f_best -5.165325164794922,f_min -5.5113377826337455,k 129.07412833123516
2025-04-30 07:21:49,825 - INFO - f_best_current -5.165325164794922,f_min -5.5113377826337455
2025-04-30 07:21:49,825 - INFO - 回退,len(queue)=3
2025-04-30 07:22:04,250 - INFO - tree_node.f_best*ep:-5.16004753112793,left_f_best-4.426510810852051,right_f_best-5.08036994934082,i:1
2025-04-30 07:22:17,562 - INFO - tree_node.f_best*ep:-5.16004753112793,left_f_best-4.39589786529541,right_f_best-5.080986022949219,i:2
2025-04-30 07:22:32,253 - INFO - tree_node.f_best*ep:-5.16004753112793,left_f_best-4.442529678344727,right_f_best-5.031806945800781,i:3
2025-04-30 07:22:46,602 - INFO - tree_node.f_best*ep:-5.16004753112793,left_f_best-4.404480934143066,right_f_best-5.137256622314453,i:4
2025-04-30 07:23:02,018 - INFO - tree_node.f_best*ep:-5.16004753112793,left_f_best-4.491743087768555,right_f_best-5.106884002685547,i:5
2025-04-30 07:23:19,071 - INFO - tree_node.f_best*ep:-5.16004753112793,left_f_best-4.525895118713379,right_f_best-5.166342735290527,i:6
2025-04-30 07:24:23,507 - INFO - 添加左子节点，右子节点，len(queue):5
2025-04-30 07:24:23,507 - INFO - Node 1: k=380.76190327720667, f_best=-5.003548622131348, f_min=-6.1134860559777735
2025-04-30 07:24:23,507 - INFO - Node 2: k=150.71626695935208, f_best=-4.391315460205078, f_min=-5.151288629071132
2025-04-30 07:24:23,507 - INFO - Node 3: k=170.54447982432663, f_best=-5.1088361740112305, f_min=-6.935646409899164
2025-04-30 07:24:23,507 - INFO - Node 4: k=199.14004209801723, f_best=-4.428730010986328, f_min=-6.306699582063629
2025-04-30 07:24:23,507 - INFO - Node 5: k=157.49496580473885, f_best=-5.122305870056152, f_min=-7.01980011642172
2025-04-30 07:24:23,507 - INFO - Node 6: k=224.39598393757998, f_best=-4.418512344360352, f_min=-5.123283290025029
2025-04-30 07:24:23,507 - INFO - Node 7: k=129.07412833123516, f_best=-5.16004753112793, f_min=-5.3306660443233795
2025-04-30 07:24:23,507 - INFO - Node 8: k=224.39598393757998, f_best=-4.525895118713379, f_min=-6.072899958079688
2025-04-30 07:24:23,507 - INFO - Node 9: k=175.71214810748356, f_best=-5.166342735290527, f_min=-10.840608741787946
2025-04-30 07:24:23,507 - INFO - cur_node_number 11,f_best -5.166342735290527,f_min -10.840608741787946,k 175.71214810748356
2025-04-30 07:24:23,507 - INFO - f_best_current -5.166342735290527,f_min -10.840608741787946
2025-04-30 07:24:23,507 - INFO - 回退,len(queue)=3
2025-04-30 07:24:23,507 - INFO - 回退,len(queue)=2
2025-04-30 07:24:23,507 - INFO - 回退,len(queue)=1
2025-04-30 07:24:36,917 - INFO - tree_node.f_best*ep:-5.1088361740112305,left_f_best-4.436514854431152,right_f_best-5.0337677001953125,i:1
2025-04-30 07:24:50,727 - INFO - tree_node.f_best*ep:-5.1088361740112305,left_f_best-4.417533874511719,right_f_best-5.060824394226074,i:2
2025-04-30 07:25:04,050 - INFO - tree_node.f_best*ep:-5.1088361740112305,left_f_best-4.371305465698242,right_f_best-5.073779106140137,i:3
2025-04-30 07:25:19,009 - INFO - tree_node.f_best*ep:-5.1088361740112305,left_f_best-4.436769485473633,right_f_best-5.094320297241211,i:4
2025-04-30 07:25:34,277 - INFO - tree_node.f_best*ep:-5.1088361740112305,left_f_best-4.502178192138672,right_f_best-5.114865303039551,i:5
2025-04-30 07:26:35,671 - INFO - 添加左子节点，右子节点，len(queue):3
2025-04-30 07:26:35,671 - INFO - Node 1: k=380.76190327720667, f_best=-5.003548622131348, f_min=-6.1134860559777735
2025-04-30 07:26:35,671 - INFO - Node 2: k=150.71626695935208, f_best=-4.391315460205078, f_min=-5.151288629071132
2025-04-30 07:26:35,671 - INFO - Node 3: k=175.71214810748356, f_best=-5.1088361740112305, f_min=-6.935646409899164
2025-04-30 07:26:35,671 - INFO - Node 4: k=169.8308620578499, f_best=-4.502178192138672, f_min=-5.006346365263198
2025-04-30 07:26:35,671 - INFO - Node 5: k=170.54447982432663, f_best=-5.114865303039551, f_min=-7.446277322927017
2025-04-30 07:26:35,671 - INFO - cur_node_number 12,f_best -5.114865303039551,f_min -7.446277322927017,k 170.54447982432663
2025-04-30 07:26:35,671 - INFO - f_best_current -5.114865303039551,f_min -7.446277322927017
2025-04-30 07:26:47,805 - INFO - tree_node.f_best*ep:-5.114865303039551,left_f_best-4.39863395690918,right_f_best-5.079037666320801,i:1
2025-04-30 07:27:01,398 - INFO - tree_node.f_best*ep:-5.114865303039551,left_f_best-4.375566482543945,right_f_best-5.019017219543457,i:2
2025-04-30 07:27:15,650 - INFO - tree_node.f_best*ep:-5.114865303039551,left_f_best-4.424720764160156,right_f_best-5.0538434982299805,i:3
2025-04-30 07:27:31,724 - INFO - tree_node.f_best*ep:-5.114865303039551,left_f_best-4.463614463806152,right_f_best-5.122881889343262,i:4
2025-04-30 07:28:28,853 - INFO - 添加左子节点，右子节点，len(queue):4
2025-04-30 07:28:28,853 - INFO - Node 1: k=380.76190327720667, f_best=-5.003548622131348, f_min=-6.1134860559777735
2025-04-30 07:28:28,853 - INFO - Node 2: k=150.71626695935208, f_best=-4.391315460205078, f_min=-5.151288629071132
2025-04-30 07:28:28,853 - INFO - Node 3: k=175.71214810748356, f_best=-5.1088361740112305, f_min=-6.935646409899164
2025-04-30 07:28:28,853 - INFO - Node 4: k=169.8308620578499, f_best=-4.502178192138672, f_min=-5.006346365263198
2025-04-30 07:28:28,853 - INFO - Node 5: k=170.54447982432663, f_best=-5.114865303039551, f_min=-7.446277322927017
2025-04-30 07:28:28,853 - INFO - Node 6: k=168.14936837410883, f_best=-4.463614463806152, f_min=-4.8001204773672725
2025-04-30 07:28:28,853 - INFO - Node 7: k=118.01761581230156, f_best=-5.122881889343262, f_min=-5.2193892454438355
2025-04-30 07:28:28,853 - INFO - cur_node_number 13,f_best -5.122881889343262,f_min -5.2193892454438355,k 118.01761581230156
2025-04-30 07:28:28,853 - INFO - f_best_current -5.122881889343262,f_min -5.2193892454438355
2025-04-30 07:28:42,467 - INFO - tree_node.f_best*ep:-5.122881889343262,left_f_best-4.42213249206543,right_f_best-5.064458847045898,i:1
2025-04-30 07:28:56,287 - INFO - tree_node.f_best*ep:-5.122881889343262,left_f_best-4.437678337097168,right_f_best-5.11762809753418,i:2
2025-04-30 07:29:10,910 - INFO - tree_node.f_best*ep:-5.122881889343262,left_f_best-4.439485549926758,right_f_best-5.069016456604004,i:3
2025-04-30 07:29:26,826 - INFO - tree_node.f_best*ep:-5.122881889343262,left_f_best-4.455925941467285,right_f_best-5.1019134521484375,i:4
2025-04-30 07:29:42,194 - INFO - tree_node.f_best*ep:-5.122881889343262,left_f_best-4.453117370605469,right_f_best-5.0505475997924805,i:5
2025-04-30 07:29:58,737 - INFO - tree_node.f_best*ep:-5.122881889343262,left_f_best-4.482236862182617,right_f_best-5.085838317871094,i:6
2025-04-30 07:30:16,826 - INFO - tree_node.f_best*ep:-5.122881889343262,left_f_best-4.458121299743652,right_f_best-5.143255233764648,i:7
2025-04-30 07:31:22,575 - INFO - 添加左子节点，右子节点，len(queue):5
2025-04-30 07:31:22,575 - INFO - Node 1: k=380.76190327720667, f_best=-5.003548622131348, f_min=-6.1134860559777735
2025-04-30 07:31:22,575 - INFO - Node 2: k=150.71626695935208, f_best=-4.391315460205078, f_min=-5.151288629071132
2025-04-30 07:31:22,575 - INFO - Node 3: k=175.71214810748356, f_best=-5.1088361740112305, f_min=-6.935646409899164
2025-04-30 07:31:22,575 - INFO - Node 4: k=169.8308620578499, f_best=-4.502178192138672, f_min=-5.006346365263198
2025-04-30 07:31:22,575 - INFO - Node 5: k=170.54447982432663, f_best=-5.114865303039551, f_min=-7.446277322927017
2025-04-30 07:31:22,575 - INFO - Node 6: k=168.14936837410883, f_best=-4.463614463806152, f_min=-4.8001204773672725
2025-04-30 07:31:22,575 - INFO - Node 7: k=118.01761581230156, f_best=-5.122881889343262, f_min=-5.2193892454438355
2025-04-30 07:31:22,575 - INFO - Node 8: k=197.16835851288835, f_best=-4.458121299743652, f_min=-5.3022435124939875
2025-04-30 07:31:22,575 - INFO - Node 9: k=182.84676592636134, f_best=-5.143255233764648, f_min=-5.663980754997283
2025-04-30 07:31:22,575 - INFO - cur_node_number 14,f_best -5.143255233764648,f_min -5.663980754997283,k 182.84676592636134
2025-04-30 07:31:22,575 - INFO - f_best_current -5.143255233764648,f_min -5.663980754997283
2025-04-30 07:31:22,575 - INFO - 回退,len(queue)=3
2025-04-30 07:31:22,575 - INFO - 回退,len(queue)=2
2025-04-30 07:31:22,575 - INFO - 回退,len(queue)=1
2025-04-30 07:31:34,891 - INFO - tree_node.f_best*ep:-5.1088361740112305,left_f_best-4.390454292297363,right_f_best-5.004182815551758,i:1
2025-04-30 07:31:49,455 - INFO - tree_node.f_best*ep:-5.1088361740112305,left_f_best-4.446981430053711,right_f_best-5.052506446838379,i:2
2025-04-30 07:32:02,877 - INFO - tree_node.f_best*ep:-5.1088361740112305,left_f_best-4.449483871459961,right_f_best-5.114052772521973,i:3
2025-04-30 07:33:01,599 - INFO - 添加左子节点，右子节点，len(queue):3
2025-04-30 07:33:01,599 - INFO - Node 1: k=380.76190327720667, f_best=-5.003548622131348, f_min=-6.1134860559777735
2025-04-30 07:33:01,599 - INFO - Node 2: k=150.71626695935208, f_best=-4.391315460205078, f_min=-5.151288629071132
2025-04-30 07:33:01,599 - INFO - Node 3: k=182.84676592636134, f_best=-5.1088361740112305, f_min=-6.935646409899164
2025-04-30 07:33:01,599 - INFO - Node 4: k=176.72667607915548, f_best=-4.449483871459961, f_min=-6.022869610350426
2025-04-30 07:33:01,599 - INFO - Node 5: k=142.57813797284754, f_best=-5.114052772521973, f_min=-6.743343555736828
2025-04-30 07:33:01,599 - INFO - cur_node_number 15,f_best -5.114052772521973,f_min -6.743343555736828,k 142.57813797284754
2025-04-30 07:33:01,599 - INFO - f_best_current -5.114052772521973,f_min -6.743343555736828
2025-04-30 07:33:14,060 - INFO - tree_node.f_best*ep:-5.114052772521973,left_f_best-4.386101722717285,right_f_best-5.041874885559082,i:1
2025-04-30 07:33:26,808 - INFO - tree_node.f_best*ep:-5.114052772521973,left_f_best-4.467268943786621,right_f_best-4.997129440307617,i:2
2025-04-30 07:33:41,577 - INFO - tree_node.f_best*ep:-5.114052772521973,left_f_best-4.425942420959473,right_f_best-5.090798377990723,i:3
2025-04-30 07:33:56,824 - INFO - tree_node.f_best*ep:-5.114052772521973,left_f_best-4.3895158767700195,right_f_best-5.10929012298584,i:4
2025-04-30 07:34:11,308 - INFO - tree_node.f_best*ep:-5.114052772521973,left_f_best-4.429400444030762,right_f_best-5.069897651672363,i:5
2025-04-30 07:34:27,498 - INFO - tree_node.f_best*ep:-5.114052772521973,left_f_best-4.5004682540893555,right_f_best-5.152467727661133,i:6
2025-04-30 07:35:22,688 - INFO - 添加左子节点，右子节点，len(queue):4
2025-04-30 07:35:22,688 - INFO - Node 1: k=380.76190327720667, f_best=-5.003548622131348, f_min=-6.1134860559777735
2025-04-30 07:35:22,688 - INFO - Node 2: k=150.71626695935208, f_best=-4.391315460205078, f_min=-5.151288629071132
2025-04-30 07:35:22,688 - INFO - Node 3: k=182.84676592636134, f_best=-5.1088361740112305, f_min=-6.935646409899164
2025-04-30 07:35:22,688 - INFO - Node 4: k=176.72667607915548, f_best=-4.449483871459961, f_min=-6.022869610350426
2025-04-30 07:35:22,688 - INFO - Node 5: k=142.57813797284754, f_best=-5.114052772521973, f_min=-6.743343555736828
2025-04-30 07:35:22,688 - INFO - Node 6: k=100.22678592136295, f_best=-4.5004682540893555, f_min=-6.776770855791256
2025-04-30 07:35:22,688 - INFO - Node 7: k=163.8898929712241, f_best=-5.152467727661133, f_min=-5.3808220200307915
2025-04-30 07:35:22,688 - INFO - cur_node_number 16,f_best -5.152467727661133,f_min -5.3808220200307915,k 163.8898929712241
2025-04-30 07:35:22,688 - INFO - f_best_current -5.152467727661133,f_min -5.3808220200307915
2025-04-30 07:35:22,688 - INFO - 回退,len(queue)=2
2025-04-30 07:35:35,040 - INFO - tree_node.f_best*ep:-5.114052772521973,left_f_best-4.331264495849609,right_f_best-5.02066707611084,i:1
2025-04-30 07:35:48,968 - INFO - tree_node.f_best*ep:-5.114052772521973,left_f_best-4.417623519897461,right_f_best-5.083617210388184,i:2
2025-04-30 07:36:03,710 - INFO - tree_node.f_best*ep:-5.114052772521973,left_f_best-4.410283088684082,right_f_best-5.043418884277344,i:3
2025-04-30 07:36:19,181 - INFO - tree_node.f_best*ep:-5.114052772521973,left_f_best-4.450167655944824,right_f_best-5.0937652587890625,i:4
2025-04-30 07:36:35,951 - INFO - tree_node.f_best*ep:-5.114052772521973,left_f_best-4.506613731384277,right_f_best-5.097831726074219,i:5
2025-04-30 07:36:52,349 - INFO - tree_node.f_best*ep:-5.114052772521973,left_f_best-4.446807861328125,right_f_best-5.1127424240112305,i:6
2025-04-30 07:37:10,546 - INFO - tree_node.f_best*ep:-5.114052772521973,left_f_best-4.414046287536621,right_f_best-5.168718338012695,i:7
2025-04-30 07:38:10,284 - INFO - 添加左子节点，右子节点，len(queue):4
2025-04-30 07:38:10,284 - INFO - Node 1: k=380.76190327720667, f_best=-5.003548622131348, f_min=-6.1134860559777735
2025-04-30 07:38:10,284 - INFO - Node 2: k=150.71626695935208, f_best=-4.391315460205078, f_min=-5.151288629071132
2025-04-30 07:38:10,284 - INFO - Node 3: k=182.84676592636134, f_best=-5.1088361740112305, f_min=-6.935646409899164
2025-04-30 07:38:10,284 - INFO - Node 4: k=176.72667607915548, f_best=-4.449483871459961, f_min=-6.022869610350426
2025-04-30 07:38:10,284 - INFO - Node 5: k=163.8898929712241, f_best=-5.114052772521973, f_min=-6.743343555736828
2025-04-30 07:38:10,284 - INFO - Node 6: k=187.59892780675926, f_best=-4.414046287536621, f_min=-5.1402605937264525
2025-04-30 07:38:10,300 - INFO - Node 7: k=134.3150555287379, f_best=-5.168718338012695, f_min=-5.381756574976862
2025-04-30 07:38:10,300 - INFO - cur_node_number 17,f_best -5.168718338012695,f_min -5.381756574976862,k 134.3150555287379
2025-04-30 07:38:10,300 - INFO - f_best_current -5.168718338012695,f_min -5.381756574976862
2025-04-30 07:38:23,542 - INFO - tree_node.f_best*ep:-5.168718338012695,left_f_best-4.44141960144043,right_f_best-5.008912086486816,i:1
2025-04-30 07:38:37,985 - INFO - tree_node.f_best*ep:-5.168718338012695,left_f_best-4.433448791503906,right_f_best-5.103693962097168,i:2
2025-04-30 07:38:52,567 - INFO - tree_node.f_best*ep:-5.168718338012695,left_f_best-4.453965187072754,right_f_best-5.080638885498047,i:3
2025-04-30 07:39:08,016 - INFO - tree_node.f_best*ep:-5.168718338012695,left_f_best-4.440813064575195,right_f_best-5.095213890075684,i:4
2025-04-30 07:39:23,841 - INFO - tree_node.f_best*ep:-5.168718338012695,left_f_best-4.466864585876465,right_f_best-5.054765701293945,i:5
2025-04-30 07:39:39,549 - INFO - tree_node.f_best*ep:-5.168718338012695,left_f_best-4.4826555252075195,right_f_best-5.092787742614746,i:6
2025-04-30 07:39:58,019 - INFO - tree_node.f_best*ep:-5.168718338012695,left_f_best-4.5102081298828125,right_f_best-5.10455322265625,i:7
2025-04-30 07:40:17,083 - INFO - tree_node.f_best*ep:-5.168718338012695,left_f_best-4.475102424621582,right_f_best-5.0886993408203125,i:8
2025-04-30 07:40:36,132 - INFO - tree_node.f_best*ep:-5.168718338012695,left_f_best-4.500683784484863,right_f_best-5.188264846801758,i:9
2025-04-30 07:41:31,680 - INFO - 添加左子节点，右子节点，len(queue):5
2025-04-30 07:41:31,680 - INFO - Node 1: k=380.76190327720667, f_best=-5.003548622131348, f_min=-6.1134860559777735
2025-04-30 07:41:31,680 - INFO - Node 2: k=150.71626695935208, f_best=-4.391315460205078, f_min=-5.151288629071132
2025-04-30 07:41:31,680 - INFO - Node 3: k=182.84676592636134, f_best=-5.1088361740112305, f_min=-6.935646409899164
2025-04-30 07:41:31,680 - INFO - Node 4: k=176.72667607915548, f_best=-4.449483871459961, f_min=-6.022869610350426
2025-04-30 07:41:31,680 - INFO - Node 5: k=163.8898929712241, f_best=-5.114052772521973, f_min=-6.743343555736828
2025-04-30 07:41:31,680 - INFO - Node 6: k=187.59892780675926, f_best=-4.414046287536621, f_min=-5.1402605937264525
2025-04-30 07:41:31,680 - INFO - Node 7: k=134.3150555287379, f_best=-5.168718338012695, f_min=-5.381756574976862
2025-04-30 07:41:31,680 - INFO - Node 8: k=135.87055149405833, f_best=-4.500683784484863, f_min=-4.80252117256623
2025-04-30 07:41:31,680 - INFO - Node 9: k=131.66851831069297, f_best=-5.188264846801758, f_min=-6.046908437093407
2025-04-30 07:41:31,680 - INFO - cur_node_number 18,f_best -5.188264846801758,f_min -6.046908437093407,k 131.66851831069297
2025-04-30 07:41:31,680 - INFO - f_best_current -5.188264846801758,f_min -6.046908437093407
2025-04-30 07:41:44,982 - INFO - tree_node.f_best*ep:-5.188264846801758,left_f_best-4.3485822677612305,right_f_best-5.015664100646973,i:1
2025-04-30 07:41:57,823 - INFO - tree_node.f_best*ep:-5.188264846801758,left_f_best-4.442870140075684,right_f_best-5.088313102722168,i:2
2025-04-30 07:42:12,235 - INFO - tree_node.f_best*ep:-5.188264846801758,left_f_best-4.454550743103027,right_f_best-5.107049942016602,i:3
2025-04-30 07:42:28,268 - INFO - tree_node.f_best*ep:-5.188264846801758,left_f_best-4.404144287109375,right_f_best-5.108739852905273,i:4
2025-04-30 07:42:45,052 - INFO - tree_node.f_best*ep:-5.188264846801758,left_f_best-4.468770980834961,right_f_best-5.103160858154297,i:5
2025-04-30 07:43:02,056 - INFO - tree_node.f_best*ep:-5.188264846801758,left_f_best-4.541264533996582,right_f_best-5.1594133377075195,i:6
2025-04-30 07:43:19,214 - INFO - tree_node.f_best*ep:-5.188264846801758,left_f_best-4.492733955383301,right_f_best-5.142209053039551,i:7
2025-04-30 07:43:35,581 - INFO - tree_node.f_best*ep:-5.188264846801758,left_f_best-4.490209579467773,right_f_best-5.154158592224121,i:8
2025-04-30 07:43:53,780 - INFO - tree_node.f_best*ep:-5.188264846801758,left_f_best-4.5283613204956055,right_f_best-5.12154483795166,i:9
2025-04-30 07:44:11,845 - INFO - tree_node.f_best*ep:-5.188264846801758,left_f_best-4.493905067443848,right_f_best-5.120480537414551,i:10
2025-04-30 07:44:30,542 - INFO - tree_node.f_best*ep:-5.188264846801758,left_f_best-4.508912086486816,right_f_best-5.0959272384643555,i:11
2025-04-30 07:44:50,298 - INFO - tree_node.f_best*ep:-5.188264846801758,left_f_best-4.53630256652832,right_f_best-5.188264846801758,i:12
2025-04-30 07:45:52,240 - INFO - 添加左子节点，右子节点，len(queue):6
2025-04-30 07:45:52,240 - INFO - Node 1: k=380.76190327720667, f_best=-5.003548622131348, f_min=-6.1134860559777735
2025-04-30 07:45:52,240 - INFO - Node 2: k=150.71626695935208, f_best=-4.391315460205078, f_min=-5.151288629071132
2025-04-30 07:45:52,240 - INFO - Node 3: k=182.84676592636134, f_best=-5.1088361740112305, f_min=-6.935646409899164
2025-04-30 07:45:52,240 - INFO - Node 4: k=176.72667607915548, f_best=-4.449483871459961, f_min=-6.022869610350426
2025-04-30 07:45:52,240 - INFO - Node 5: k=163.8898929712241, f_best=-5.114052772521973, f_min=-6.743343555736828
2025-04-30 07:45:52,240 - INFO - Node 6: k=187.59892780675926, f_best=-4.414046287536621, f_min=-5.1402605937264525
2025-04-30 07:45:52,240 - INFO - Node 7: k=134.3150555287379, f_best=-5.168718338012695, f_min=-5.381756574976862
2025-04-30 07:45:52,240 - INFO - Node 8: k=135.87055149405833, f_best=-4.500683784484863, f_min=-4.80252117256623
2025-04-30 07:45:52,240 - INFO - Node 9: k=131.66851831069297, f_best=-5.188264846801758, f_min=-6.046908437093407
2025-04-30 07:45:52,240 - INFO - Node 10: k=156.8359517701323, f_best=-4.53630256652832, f_min=-4.846259597178687
2025-04-30 07:45:52,240 - INFO - Node 11: k=186.52198592148122, f_best=-5.188264846801758, f_min=-5.306775492770612
2025-04-30 07:45:52,240 - INFO - cur_node_number 19,f_best -5.188264846801758,f_min -5.306775492770612,k 186.52198592148122
2025-04-30 07:45:52,240 - INFO - f_best_current -5.188264846801758,f_min -5.306775492770612
2025-04-30 07:45:52,240 - INFO - 回退,len(queue)=4
2025-04-30 07:45:52,240 - INFO - 回退,len(queue)=3
2025-04-30 07:45:52,240 - INFO - 回退,len(queue)=2
2025-04-30 07:45:52,240 - INFO - 回退,len(queue)=1
2025-04-30 07:46:04,468 - INFO - tree_node.f_best*ep:-5.1088361740112305,left_f_best-4.422354698181152,right_f_best-5.050652503967285,i:1
2025-04-30 07:46:17,571 - INFO - tree_node.f_best*ep:-5.1088361740112305,left_f_best-4.4333295822143555,right_f_best-5.0743408203125,i:2
2025-04-30 07:46:33,216 - INFO - tree_node.f_best*ep:-5.1088361740112305,left_f_best-4.441295623779297,right_f_best-5.099661827087402,i:3
2025-04-30 07:46:48,124 - INFO - tree_node.f_best*ep:-5.1088361740112305,left_f_best-4.476589202880859,right_f_best-5.117030143737793,i:4
2025-04-30 07:47:50,719 - INFO - 添加左子节点，右子节点，len(queue):3
2025-04-30 07:47:50,719 - INFO - Node 1: k=380.76190327720667, f_best=-5.003548622131348, f_min=-6.1134860559777735
2025-04-30 07:47:50,719 - INFO - Node 2: k=150.71626695935208, f_best=-4.391315460205078, f_min=-5.151288629071132
2025-04-30 07:47:50,719 - INFO - Node 3: k=186.52198592148122, f_best=-5.1088361740112305, f_min=-6.935646409899164
2025-04-30 07:47:50,719 - INFO - Node 4: k=201.1314425189974, f_best=-4.476589202880859, f_min=-6.811439209232958
2025-04-30 07:47:50,719 - INFO - Node 5: k=173.9724238687956, f_best=-5.117030143737793, f_min=-7.052436604612922
2025-04-30 07:47:50,719 - INFO - cur_node_number 20,f_best -5.117030143737793,f_min -7.052436604612922,k 173.9724238687956
2025-04-30 07:47:50,719 - INFO - f_best_current -5.117030143737793,f_min -7.052436604612922
2025-04-30 07:48:03,261 - INFO - tree_node.f_best*ep:-5.117030143737793,left_f_best-4.448973655700684,right_f_best-5.060863494873047,i:1
2025-04-30 07:48:16,369 - INFO - tree_node.f_best*ep:-5.117030143737793,left_f_best-4.437313079833984,right_f_best-5.050837516784668,i:2
2025-04-30 07:48:31,731 - INFO - tree_node.f_best*ep:-5.117030143737793,left_f_best-4.447247505187988,right_f_best-5.11557674407959,i:3
2025-04-30 07:48:47,024 - INFO - tree_node.f_best*ep:-5.117030143737793,left_f_best-4.463050842285156,right_f_best-5.05904483795166,i:4
2025-04-30 07:49:01,996 - INFO - tree_node.f_best*ep:-5.117030143737793,left_f_best-4.492094039916992,right_f_best-5.158411979675293,i:5
2025-04-30 07:50:03,096 - INFO - 添加左子节点，右子节点，len(queue):4
2025-04-30 07:50:03,096 - INFO - Node 1: k=380.76190327720667, f_best=-5.003548622131348, f_min=-6.1134860559777735
2025-04-30 07:50:03,096 - INFO - Node 2: k=150.71626695935208, f_best=-4.391315460205078, f_min=-5.151288629071132
2025-04-30 07:50:03,096 - INFO - Node 3: k=186.52198592148122, f_best=-5.1088361740112305, f_min=-6.935646409899164
2025-04-30 07:50:03,096 - INFO - Node 4: k=201.1314425189974, f_best=-4.476589202880859, f_min=-6.811439209232958
2025-04-30 07:50:03,096 - INFO - Node 5: k=173.9724238687956, f_best=-5.117030143737793, f_min=-7.052436604612922
2025-04-30 07:50:03,096 - INFO - Node 6: k=176.72667607915548, f_best=-4.492094039916992, f_min=-5.704294888514596
2025-04-30 07:50:03,096 - INFO - Node 7: k=180.2788822683465, f_best=-5.158411979675293, f_min=-5.315663390168083
2025-04-30 07:50:03,096 - INFO - cur_node_number 21,f_best -5.158411979675293,f_min -5.315663390168083,k 180.2788822683465
2025-04-30 07:50:03,096 - INFO - f_best_current -5.158411979675293,f_min -5.315663390168083
2025-04-30 07:50:03,096 - INFO - 回退,len(queue)=2
2025-04-30 07:50:15,856 - INFO - tree_node.f_best*ep:-5.117030143737793,left_f_best-4.363030433654785,right_f_best-5.04681396484375,i:1
2025-04-30 07:50:29,932 - INFO - tree_node.f_best*ep:-5.117030143737793,left_f_best-4.406589508056641,right_f_best-5.078660011291504,i:2
2025-04-30 07:50:45,123 - INFO - tree_node.f_best*ep:-5.117030143737793,left_f_best-4.47608757019043,right_f_best-5.064545631408691,i:3
2025-04-30 07:51:01,022 - INFO - tree_node.f_best*ep:-5.117030143737793,left_f_best-4.395318031311035,right_f_best-5.14985466003418,i:4
2025-04-30 07:52:02,540 - INFO - 添加左子节点，右子节点，len(queue):4
2025-04-30 07:52:02,540 - INFO - Node 1: k=380.76190327720667, f_best=-5.003548622131348, f_min=-6.1134860559777735
2025-04-30 07:52:02,540 - INFO - Node 2: k=150.71626695935208, f_best=-4.391315460205078, f_min=-5.151288629071132
2025-04-30 07:52:02,540 - INFO - Node 3: k=186.52198592148122, f_best=-5.1088361740112305, f_min=-6.935646409899164
2025-04-30 07:52:02,540 - INFO - Node 4: k=201.1314425189974, f_best=-4.476589202880859, f_min=-6.811439209232958
2025-04-30 07:52:02,540 - INFO - Node 5: k=180.2788822683465, f_best=-5.117030143737793, f_min=-7.052436604612922
2025-04-30 07:52:02,540 - INFO - Node 6: k=114.06743157652899, f_best=-4.395318031311035, f_min=-4.462356238031589
2025-04-30 07:52:02,540 - INFO - Node 7: k=172.2499246225699, f_best=-5.14985466003418, f_min=-6.216934734008646
2025-04-30 07:52:02,540 - INFO - cur_node_number 22,f_best -5.14985466003418,f_min -6.216934734008646,k 172.2499246225699
2025-04-30 07:52:02,540 - INFO - f_best_current -5.14985466003418,f_min -6.216934734008646
2025-04-30 07:52:17,112 - INFO - tree_node.f_best*ep:-5.14985466003418,left_f_best-4.389193534851074,right_f_best-5.063105583190918,i:1
2025-04-30 07:52:31,939 - INFO - tree_node.f_best*ep:-5.14985466003418,left_f_best-4.418911933898926,right_f_best-5.000278472900391,i:2
2025-04-30 07:52:46,226 - INFO - tree_node.f_best*ep:-5.14985466003418,left_f_best-4.433062553405762,right_f_best-5.054760932922363,i:3
2025-04-30 07:53:01,364 - INFO - tree_node.f_best*ep:-5.14985466003418,left_f_best-4.464778900146484,right_f_best-5.138172149658203,i:4
2025-04-30 07:53:17,361 - INFO - tree_node.f_best*ep:-5.14985466003418,left_f_best-4.504155158996582,right_f_best-5.054603576660156,i:5
2025-04-30 07:53:34,134 - INFO - tree_node.f_best*ep:-5.14985466003418,left_f_best-4.402806282043457,right_f_best-5.140986442565918,i:6
2025-04-30 07:53:51,538 - INFO - tree_node.f_best*ep:-5.14985466003418,left_f_best-4.488053321838379,right_f_best-5.131318092346191,i:7
2025-04-30 07:54:09,738 - INFO - tree_node.f_best*ep:-5.14985466003418,left_f_best-4.455516815185547,right_f_best-5.120858192443848,i:8
2025-04-30 07:54:26,913 - INFO - tree_node.f_best*ep:-5.14985466003418,left_f_best-4.484789848327637,right_f_best-5.181185722351074,i:9
2025-04-30 07:55:35,345 - INFO - 添加左子节点，右子节点，len(queue):5
2025-04-30 07:55:35,345 - INFO - Node 1: k=380.76190327720667, f_best=-5.003548622131348, f_min=-6.1134860559777735
2025-04-30 07:55:35,345 - INFO - Node 2: k=150.71626695935208, f_best=-4.391315460205078, f_min=-5.151288629071132
2025-04-30 07:55:35,345 - INFO - Node 3: k=186.52198592148122, f_best=-5.1088361740112305, f_min=-6.935646409899164
2025-04-30 07:55:35,345 - INFO - Node 4: k=201.1314425189974, f_best=-4.476589202880859, f_min=-6.811439209232958
2025-04-30 07:55:35,345 - INFO - Node 5: k=180.2788822683465, f_best=-5.117030143737793, f_min=-7.052436604612922
2025-04-30 07:55:35,345 - INFO - Node 6: k=114.06743157652899, f_best=-4.395318031311035, f_min=-4.462356238031589
2025-04-30 07:55:35,345 - INFO - Node 7: k=172.2499246225699, f_best=-5.14985466003418, f_min=-6.216934734008646
2025-04-30 07:55:35,345 - INFO - Node 8: k=271.0947966385733, f_best=-4.484789848327637, f_min=-7.193308529396745
2025-04-30 07:55:35,345 - INFO - Node 9: k=196.03648176808747, f_best=-5.181185722351074, f_min=-6.317842744037989
2025-04-30 07:55:35,345 - INFO - cur_node_number 23,f_best -5.181185722351074,f_min -6.317842744037989,k 196.03648176808747
2025-04-30 07:55:35,345 - INFO - f_best_current -5.181185722351074,f_min -6.317842744037989
2025-04-30 07:55:35,345 - INFO - 回退,len(queue)=3
2025-04-30 07:55:35,361 - INFO - 回退,len(queue)=2
2025-04-30 07:55:35,361 - INFO - 回退,len(queue)=1
2025-04-30 07:55:48,023 - INFO - tree_node.f_best*ep:-5.1088361740112305,left_f_best-4.320002555847168,right_f_best-5.010035514831543,i:1
2025-04-30 07:56:02,458 - INFO - tree_node.f_best*ep:-5.1088361740112305,left_f_best-4.4365949630737305,right_f_best-5.068964004516602,i:2
2025-04-30 07:56:16,294 - INFO - tree_node.f_best*ep:-5.1088361740112305,left_f_best-4.453395843505859,right_f_best-5.122129440307617,i:3
2025-04-30 07:57:18,249 - INFO - 添加左子节点，右子节点，len(queue):3
2025-04-30 07:57:18,249 - INFO - Node 1: k=380.76190327720667, f_best=-5.003548622131348, f_min=-6.1134860559777735
2025-04-30 07:57:18,249 - INFO - Node 2: k=150.71626695935208, f_best=-4.391315460205078, f_min=-5.151288629071132
2025-04-30 07:57:18,249 - INFO - Node 3: k=196.03648176808747, f_best=-5.1088361740112305, f_min=-6.935646409899164
2025-04-30 07:57:18,249 - INFO - Node 4: k=182.08167109102996, f_best=-4.453395843505859, f_min=-4.484300659605651
2025-04-30 07:57:18,249 - INFO - Node 5: k=135.6582060840253, f_best=-5.122129440307617, f_min=-7.029021974827629
2025-04-30 07:57:18,249 - INFO - cur_node_number 24,f_best -5.122129440307617,f_min -7.029021974827629,k 135.6582060840253
2025-04-30 07:57:18,249 - INFO - f_best_current -5.122129440307617,f_min -7.029021974827629
2025-04-30 07:57:31,559 - INFO - tree_node.f_best*ep:-5.122129440307617,left_f_best-4.297358512878418,right_f_best-5.092493057250977,i:1
2025-04-30 07:57:44,362 - INFO - tree_node.f_best*ep:-5.122129440307617,left_f_best-4.4556074142456055,right_f_best-5.145599365234375,i:2
2025-04-30 07:58:38,428 - INFO - 添加左子节点，右子节点，len(queue):4
2025-04-30 07:58:38,428 - INFO - Node 1: k=380.76190327720667, f_best=-5.003548622131348, f_min=-6.1134860559777735
2025-04-30 07:58:38,428 - INFO - Node 2: k=150.71626695935208, f_best=-4.391315460205078, f_min=-5.151288629071132
2025-04-30 07:58:38,428 - INFO - Node 3: k=196.03648176808747, f_best=-5.1088361740112305, f_min=-6.935646409899164
2025-04-30 07:58:38,428 - INFO - Node 4: k=182.08167109102996, f_best=-4.453395843505859, f_min=-4.484300659605651
2025-04-30 07:58:38,428 - INFO - Node 5: k=135.6582060840253, f_best=-5.122129440307617, f_min=-7.029021974827629
2025-04-30 07:58:38,428 - INFO - Node 6: k=152.2234296289456, f_best=-4.4556074142456055, f_min=-6.454867215483318
2025-04-30 07:58:38,428 - INFO - Node 7: k=76.17393488725612, f_best=-5.145599365234375, f_min=-5.197410248745655
2025-04-30 07:58:38,428 - INFO - cur_node_number 25,f_best -5.145599365234375,f_min -5.197410248745655,k 76.17393488725612
2025-04-30 07:58:38,428 - INFO - f_best_current -5.145599365234375,f_min -5.197410248745655
2025-04-30 07:58:38,428 - INFO - 结束,fmin= -5.197410248745655, fbestmin=-5.145599365234375
