2025-04-30 13:17:20,929 - INFO - Namespace(log_file='outputs/DNN5/img[0]/min/DNN5img0_label8.log', image_path='img[0].png', model_path='network/DNN5.pth', label=8, init_epsilon=0.05, epsilon=0.01, ep=1, min=1)
2025-04-30 13:17:20,945 - INFO - Model output max(1): torch.return_types.max(
values=tensor([22.2955], grad_fn=<MaxBackward0>),
indices=tensor([0]))
2025-04-30 13:17:32,245 - INFO - cur_node_number 1,f_best -13.785853385925293,f_min -33.35242643961101,k 796.1274483242457
2025-04-30 13:17:32,245 - INFO - f_best_current -13.785853385925293,f_min -33.35242643961101
2025-04-30 13:17:48,279 - INFO - tree_node.f_best*ep:-13.785853385925293,left_f_best-12.715325355529785,right_f_best-13.92001724243164,i:1
2025-04-30 13:18:57,466 - INFO - 添加左子节点，右子节点，len(queue):2
2025-04-30 13:18:57,466 - INFO - Node 1: k=796.1274483242457, f_best=-13.785853385925293, f_min=-33.35242643961101
2025-04-30 13:18:57,466 - INFO - Node 2: k=205.4953430899984, f_best=-12.715325355529785, f_min=-15.444006891455501
2025-04-30 13:18:57,466 - INFO - Node 3: k=189.77150164186014, f_best=-13.92001724243164, f_min=-15.39961309127375
2025-04-30 13:18:57,466 - INFO - cur_node_number 2,f_best -13.92001724243164,f_min -15.39961309127375,k 189.77150164186014
2025-04-30 13:18:57,466 - INFO - f_best_current -13.92001724243164,f_min -15.39961309127375
2025-04-30 13:19:12,933 - INFO - tree_node.f_best*ep:-13.92001724243164,left_f_best-12.64687442779541,right_f_best-13.774381637573242,i:1
2025-04-30 13:19:28,980 - INFO - tree_node.f_best*ep:-13.92001724243164,left_f_best-12.700115203857422,right_f_best-13.903892517089844,i:2
2025-04-30 13:19:45,903 - INFO - tree_node.f_best*ep:-13.92001724243164,left_f_best-12.604002952575684,right_f_best-14.049101829528809,i:3
2025-04-30 13:21:05,406 - INFO - 添加左子节点，右子节点，len(queue):3
2025-04-30 13:21:05,406 - INFO - Node 1: k=796.1274483242457, f_best=-13.785853385925293, f_min=-33.35242643961101
2025-04-30 13:21:05,406 - INFO - Node 2: k=205.4953430899984, f_best=-12.715325355529785, f_min=-15.444006891455501
2025-04-30 13:21:05,406 - INFO - Node 3: k=189.77150164186014, f_best=-13.92001724243164, f_min=-15.39961309127375
2025-04-30 13:21:05,406 - INFO - Node 4: k=285.3693455277746, f_best=-12.604002952575684, f_min=-19.113712460723036
2025-04-30 13:21:05,406 - INFO - Node 5: k=315.22529298409484, f_best=-14.049101829528809, f_min=-15.99817986366179
2025-04-30 13:21:05,406 - INFO - cur_node_number 3,f_best -14.049101829528809,f_min -15.99817986366179,k 315.22529298409484
2025-04-30 13:21:05,406 - INFO - f_best_current -14.049101829528809,f_min -15.99817986366179
2025-04-30 13:21:05,406 - INFO - 回退,len(queue)=1
2025-04-30 13:21:20,926 - INFO - tree_node.f_best*ep:-13.92001724243164,left_f_best-12.607690811157227,right_f_best-13.945968627929688,i:1
2025-04-30 13:22:28,313 - INFO - 添加左子节点，右子节点，len(queue):3
2025-04-30 13:22:28,313 - INFO - Node 1: k=796.1274483242457, f_best=-13.785853385925293, f_min=-33.35242643961101
2025-04-30 13:22:28,313 - INFO - Node 2: k=205.4953430899984, f_best=-12.715325355529785, f_min=-15.444006891455501
2025-04-30 13:22:28,313 - INFO - Node 3: k=315.22529298409484, f_best=-13.92001724243164, f_min=-15.39961309127375
2025-04-30 13:22:28,313 - INFO - Node 4: k=190.56890862373413, f_best=-12.607690811157227, f_min=-12.850111016610754
2025-04-30 13:22:28,313 - INFO - Node 5: k=145.06208054099162, f_best=-13.945968627929688, f_min=-14.152230533816692
2025-04-30 13:22:28,313 - INFO - cur_node_number 4,f_best -13.945968627929688,f_min -14.152230533816692,k 145.06208054099162
2025-04-30 13:22:28,313 - INFO - f_best_current -13.945968627929688,f_min -14.152230533816692
2025-04-30 13:22:43,871 - INFO - tree_node.f_best*ep:-13.945968627929688,left_f_best-12.603227615356445,right_f_best-13.951353073120117,i:1
2025-04-30 13:23:45,287 - INFO - 添加左子节点，右子节点，len(queue):4
2025-04-30 13:23:45,288 - INFO - Node 1: k=796.1274483242457, f_best=-13.785853385925293, f_min=-33.35242643961101
2025-04-30 13:23:45,288 - INFO - Node 2: k=205.4953430899984, f_best=-12.715325355529785, f_min=-15.444006891455501
2025-04-30 13:23:45,288 - INFO - Node 3: k=315.22529298409484, f_best=-13.92001724243164, f_min=-15.39961309127375
2025-04-30 13:23:45,289 - INFO - Node 4: k=190.56890862373413, f_best=-12.607690811157227, f_min=-12.850111016610754
2025-04-30 13:23:45,289 - INFO - Node 5: k=145.06208054099162, f_best=-13.945968627929688, f_min=-14.152230533816692
2025-04-30 13:23:45,289 - INFO - Node 6: k=120.07367422262303, f_best=-12.603227615356445, f_min=-15.52020415363495
2025-04-30 13:23:45,289 - INFO - Node 7: k=170.09669783056836, f_best=-13.951353073120117, f_min=-16.02506151713351
2025-04-30 13:23:45,289 - INFO - cur_node_number 5,f_best -13.951353073120117,f_min -16.02506151713351,k 170.09669783056836
2025-04-30 13:23:45,289 - INFO - f_best_current -13.951353073120117,f_min -16.02506151713351
2025-04-30 13:23:45,289 - INFO - 回退,len(queue)=2
2025-04-30 13:24:01,558 - INFO - tree_node.f_best*ep:-13.945968627929688,left_f_best-12.642254829406738,right_f_best-13.850553512573242,i:1
2025-04-30 13:24:17,584 - INFO - tree_node.f_best*ep:-13.945968627929688,left_f_best-12.675222396850586,right_f_best-14.015378952026367,i:2
2025-04-30 13:25:23,322 - INFO - 添加左子节点，右子节点，len(queue):4
2025-04-30 13:25:23,322 - INFO - Node 1: k=796.1274483242457, f_best=-13.785853385925293, f_min=-33.35242643961101
2025-04-30 13:25:23,322 - INFO - Node 2: k=205.4953430899984, f_best=-12.715325355529785, f_min=-15.444006891455501
2025-04-30 13:25:23,322 - INFO - Node 3: k=315.22529298409484, f_best=-13.92001724243164, f_min=-15.39961309127375
2025-04-30 13:25:23,322 - INFO - Node 4: k=190.56890862373413, f_best=-12.607690811157227, f_min=-12.850111016610754
2025-04-30 13:25:23,322 - INFO - Node 5: k=170.09669783056836, f_best=-13.945968627929688, f_min=-14.152230533816692
2025-04-30 13:25:23,322 - INFO - Node 6: k=193.58590882486152, f_best=-12.675222396850586, f_min=-12.835074932513635
2025-04-30 13:25:23,322 - INFO - Node 7: k=142.20378447308266, f_best=-14.015378952026367, f_min=-15.450270649716003
2025-04-30 13:25:23,322 - INFO - cur_node_number 6,f_best -14.015378952026367,f_min -15.450270649716003,k 142.20378447308266
2025-04-30 13:25:23,322 - INFO - f_best_current -14.015378952026367,f_min -15.450270649716003
2025-04-30 13:25:38,760 - INFO - tree_node.f_best*ep:-14.015378952026367,left_f_best-12.484936714172363,right_f_best-13.914138793945312,i:1
2025-04-30 13:25:54,757 - INFO - tree_node.f_best*ep:-14.015378952026367,left_f_best-12.57333755493164,right_f_best-13.935075759887695,i:2
2025-04-30 13:26:10,995 - INFO - tree_node.f_best*ep:-14.015378952026367,left_f_best-12.503063201904297,right_f_best-14.103187561035156,i:3
2025-04-30 13:27:31,368 - INFO - 添加左子节点，右子节点，len(queue):5
2025-04-30 13:27:31,368 - INFO - Node 1: k=796.1274483242457, f_best=-13.785853385925293, f_min=-33.35242643961101
2025-04-30 13:27:31,368 - INFO - Node 2: k=205.4953430899984, f_best=-12.715325355529785, f_min=-15.444006891455501
2025-04-30 13:27:31,368 - INFO - Node 3: k=315.22529298409484, f_best=-13.92001724243164, f_min=-15.39961309127375
2025-04-30 13:27:31,369 - INFO - Node 4: k=190.56890862373413, f_best=-12.607690811157227, f_min=-12.850111016610754
2025-04-30 13:27:31,369 - INFO - Node 5: k=170.09669783056836, f_best=-13.945968627929688, f_min=-14.152230533816692
2025-04-30 13:27:31,369 - INFO - Node 6: k=193.58590882486152, f_best=-12.675222396850586, f_min=-12.835074932513635
2025-04-30 13:27:31,369 - INFO - Node 7: k=142.20378447308266, f_best=-14.015378952026367, f_min=-15.450270649716003
2025-04-30 13:27:31,369 - INFO - Node 8: k=280.92191762313405, f_best=-12.503063201904297, f_min=-13.674858481819683
2025-04-30 13:27:31,369 - INFO - Node 9: k=248.26076326149146, f_best=-14.103187561035156, f_min=-16.04314242215878
2025-04-30 13:27:31,369 - INFO - cur_node_number 7,f_best -14.103187561035156,f_min -16.04314242215878,k 248.26076326149146
2025-04-30 13:27:31,370 - INFO - f_best_current -14.103187561035156,f_min -16.04314242215878
2025-04-30 13:27:31,370 - INFO - 回退,len(queue)=3
2025-04-30 13:27:31,370 - INFO - 回退,len(queue)=2
2025-04-30 13:27:47,132 - INFO - tree_node.f_best*ep:-13.945968627929688,left_f_best-12.630670547485352,right_f_best-13.9420747756958,i:1
2025-04-30 13:28:03,155 - INFO - tree_node.f_best*ep:-13.945968627929688,left_f_best-12.594425201416016,right_f_best-13.791147232055664,i:2
2025-04-30 13:28:19,759 - INFO - tree_node.f_best*ep:-13.945968627929688,left_f_best-12.671300888061523,right_f_best-14.056092262268066,i:3
2025-04-30 13:29:32,528 - INFO - 添加左子节点，右子节点，len(queue):4
2025-04-30 13:29:32,528 - INFO - Node 1: k=796.1274483242457, f_best=-13.785853385925293, f_min=-33.35242643961101
2025-04-30 13:29:32,528 - INFO - Node 2: k=205.4953430899984, f_best=-12.715325355529785, f_min=-15.444006891455501
2025-04-30 13:29:32,528 - INFO - Node 3: k=315.22529298409484, f_best=-13.92001724243164, f_min=-15.39961309127375
2025-04-30 13:29:32,528 - INFO - Node 4: k=190.56890862373413, f_best=-12.607690811157227, f_min=-12.850111016610754
2025-04-30 13:29:32,528 - INFO - Node 5: k=248.26076326149146, f_best=-13.945968627929688, f_min=-14.152230533816692
2025-04-30 13:29:32,528 - INFO - Node 6: k=258.34114577556875, f_best=-12.671300888061523, f_min=-13.423693355658543
2025-04-30 13:29:32,528 - INFO - Node 7: k=206.6818334713329, f_best=-14.056092262268066, f_min=-15.281175897704998
2025-04-30 13:29:32,528 - INFO - cur_node_number 8,f_best -14.056092262268066,f_min -15.281175897704998,k 206.6818334713329
2025-04-30 13:29:32,528 - INFO - f_best_current -14.056092262268066,f_min -15.281175897704998
2025-04-30 13:29:47,859 - INFO - tree_node.f_best*ep:-14.056092262268066,left_f_best-12.560078620910645,right_f_best-13.773953437805176,i:1
2025-04-30 13:30:03,922 - INFO - tree_node.f_best*ep:-14.056092262268066,left_f_best-12.692419052124023,right_f_best-13.851741790771484,i:2
2025-04-30 13:30:20,653 - INFO - tree_node.f_best*ep:-14.056092262268066,left_f_best-12.709183692932129,right_f_best-14.031047821044922,i:3
2025-04-30 13:30:37,932 - INFO - tree_node.f_best*ep:-14.056092262268066,left_f_best-12.718689918518066,right_f_best-13.986978530883789,i:4
2025-04-30 13:30:56,050 - INFO - tree_node.f_best*ep:-14.056092262268066,left_f_best-12.748536109924316,right_f_best-14.065933227539062,i:5
2025-04-30 13:32:05,619 - INFO - 添加左子节点，右子节点，len(queue):5
2025-04-30 13:32:05,619 - INFO - Node 1: k=796.1274483242457, f_best=-13.785853385925293, f_min=-33.35242643961101
2025-04-30 13:32:05,619 - INFO - Node 2: k=205.4953430899984, f_best=-12.715325355529785, f_min=-15.444006891455501
2025-04-30 13:32:05,619 - INFO - Node 3: k=315.22529298409484, f_best=-13.92001724243164, f_min=-15.39961309127375
2025-04-30 13:32:05,619 - INFO - Node 4: k=190.56890862373413, f_best=-12.607690811157227, f_min=-12.850111016610754
2025-04-30 13:32:05,619 - INFO - Node 5: k=248.26076326149146, f_best=-13.945968627929688, f_min=-14.152230533816692
2025-04-30 13:32:05,619 - INFO - Node 6: k=258.34114577556875, f_best=-12.671300888061523, f_min=-13.423693355658543
2025-04-30 13:32:05,619 - INFO - Node 7: k=206.6818334713329, f_best=-14.056092262268066, f_min=-15.281175897704998
2025-04-30 13:32:05,619 - INFO - Node 8: k=107.6248820552433, f_best=-12.748536109924316, f_min=-12.79792306990521
2025-04-30 13:32:05,619 - INFO - Node 9: k=309.01410938544734, f_best=-14.065933227539062, f_min=-14.88188665677626
2025-04-30 13:32:05,619 - INFO - cur_node_number 9,f_best -14.065933227539062,f_min -14.88188665677626,k 309.01410938544734
2025-04-30 13:32:05,619 - INFO - f_best_current -14.065933227539062,f_min -14.88188665677626
2025-04-30 13:32:05,619 - INFO - 回退,len(queue)=3
2025-04-30 13:32:05,619 - INFO - 回退,len(queue)=2
2025-04-30 13:32:21,056 - INFO - tree_node.f_best*ep:-13.945968627929688,left_f_best-12.586088180541992,right_f_best-13.819799423217773,i:1
2025-04-30 13:32:37,282 - INFO - tree_node.f_best*ep:-13.945968627929688,left_f_best-12.607208251953125,right_f_best-14.02224349975586,i:2
2025-04-30 13:33:36,818 - INFO - 添加左子节点，右子节点，len(queue):4
2025-04-30 13:33:36,818 - INFO - Node 1: k=796.1274483242457, f_best=-13.785853385925293, f_min=-33.35242643961101
2025-04-30 13:33:36,818 - INFO - Node 2: k=205.4953430899984, f_best=-12.715325355529785, f_min=-15.444006891455501
2025-04-30 13:33:36,818 - INFO - Node 3: k=315.22529298409484, f_best=-13.92001724243164, f_min=-15.39961309127375
2025-04-30 13:33:36,818 - INFO - Node 4: k=190.56890862373413, f_best=-12.607690811157227, f_min=-12.850111016610754
2025-04-30 13:33:36,818 - INFO - Node 5: k=309.01410938544734, f_best=-13.945968627929688, f_min=-14.152230533816692
2025-04-30 13:33:36,818 - INFO - Node 6: k=177.00330585024773, f_best=-12.607208251953125, f_min=-14.574855427533294
2025-04-30 13:33:36,818 - INFO - Node 7: k=86.46542197733386, f_best=-14.02224349975586, f_min=-14.259259204463888
2025-04-30 13:33:36,818 - INFO - cur_node_number 10,f_best -14.02224349975586,f_min -14.259259204463888,k 86.46542197733386
2025-04-30 13:33:36,818 - INFO - f_best_current -14.02224349975586,f_min -14.259259204463888
2025-04-30 13:33:52,305 - INFO - tree_node.f_best*ep:-14.02224349975586,left_f_best-12.583423614501953,right_f_best-13.996366500854492,i:1
2025-04-30 13:34:08,452 - INFO - tree_node.f_best*ep:-14.02224349975586,left_f_best-12.659345626831055,right_f_best-13.869719505310059,i:2
2025-04-30 13:34:25,505 - INFO - tree_node.f_best*ep:-14.02224349975586,left_f_best-12.489675521850586,right_f_best-13.834798812866211,i:3
2025-04-30 13:34:42,752 - INFO - tree_node.f_best*ep:-14.02224349975586,left_f_best-12.556982040405273,right_f_best-14.027156829833984,i:4
2025-04-30 13:35:42,123 - INFO - 添加左子节点，右子节点，len(queue):5
2025-04-30 13:35:42,123 - INFO - Node 1: k=796.1274483242457, f_best=-13.785853385925293, f_min=-33.35242643961101
2025-04-30 13:35:42,123 - INFO - Node 2: k=205.4953430899984, f_best=-12.715325355529785, f_min=-15.444006891455501
2025-04-30 13:35:42,123 - INFO - Node 3: k=315.22529298409484, f_best=-13.92001724243164, f_min=-15.39961309127375
2025-04-30 13:35:42,123 - INFO - Node 4: k=190.56890862373413, f_best=-12.607690811157227, f_min=-12.850111016610754
2025-04-30 13:35:42,123 - INFO - Node 5: k=309.01410938544734, f_best=-13.945968627929688, f_min=-14.152230533816692
2025-04-30 13:35:42,123 - INFO - Node 6: k=177.00330585024773, f_best=-12.607208251953125, f_min=-14.574855427533294
2025-04-30 13:35:42,123 - INFO - Node 7: k=86.46542197733386, f_best=-14.02224349975586, f_min=-14.259259204463888
2025-04-30 13:35:42,123 - INFO - Node 8: k=153.9863215823678, f_best=-12.556982040405273, f_min=-13.308890175878332
2025-04-30 13:35:42,123 - INFO - Node 9: k=113.11483268088787, f_best=-14.027156829833984, f_min=-15.815426646059223
2025-04-30 13:35:42,123 - INFO - cur_node_number 11,f_best -14.027156829833984,f_min -15.815426646059223,k 113.11483268088787
2025-04-30 13:35:42,123 - INFO - f_best_current -14.027156829833984,f_min -15.815426646059223
2025-04-30 13:35:42,123 - INFO - 回退,len(queue)=3
2025-04-30 13:35:57,267 - INFO - tree_node.f_best*ep:-14.02224349975586,left_f_best-12.465766906738281,right_f_best-13.866366386413574,i:1
2025-04-30 13:36:13,006 - INFO - tree_node.f_best*ep:-14.02224349975586,left_f_best-12.603137969970703,right_f_best-13.965078353881836,i:2
2025-04-30 13:36:29,852 - INFO - tree_node.f_best*ep:-14.02224349975586,left_f_best-12.67813491821289,right_f_best-13.99502182006836,i:3
2025-04-30 13:36:47,390 - INFO - tree_node.f_best*ep:-14.02224349975586,left_f_best-12.683515548706055,right_f_best-14.05644702911377,i:4
2025-04-30 13:37:50,082 - INFO - 添加左子节点，右子节点，len(queue):5
2025-04-30 13:37:50,082 - INFO - Node 1: k=796.1274483242457, f_best=-13.785853385925293, f_min=-33.35242643961101
2025-04-30 13:37:50,082 - INFO - Node 2: k=205.4953430899984, f_best=-12.715325355529785, f_min=-15.444006891455501
2025-04-30 13:37:50,082 - INFO - Node 3: k=315.22529298409484, f_best=-13.92001724243164, f_min=-15.39961309127375
2025-04-30 13:37:50,082 - INFO - Node 4: k=190.56890862373413, f_best=-12.607690811157227, f_min=-12.850111016610754
2025-04-30 13:37:50,082 - INFO - Node 5: k=309.01410938544734, f_best=-13.945968627929688, f_min=-14.152230533816692
2025-04-30 13:37:50,082 - INFO - Node 6: k=177.00330585024773, f_best=-12.607208251953125, f_min=-14.574855427533294
2025-04-30 13:37:50,082 - INFO - Node 7: k=113.11483268088787, f_best=-14.02224349975586, f_min=-14.259259204463888
2025-04-30 13:37:50,082 - INFO - Node 8: k=213.83927805577815, f_best=-12.683515548706055, f_min=-16.264946364553907
2025-04-30 13:37:50,082 - INFO - Node 9: k=104.45965019469388, f_best=-14.05644702911377, f_min=-15.70762453134921
2025-04-30 13:37:50,082 - INFO - cur_node_number 12,f_best -14.05644702911377,f_min -15.70762453134921,k 104.45965019469388
2025-04-30 13:37:50,082 - INFO - f_best_current -14.05644702911377,f_min -15.70762453134921
2025-04-30 13:38:05,578 - INFO - tree_node.f_best*ep:-14.05644702911377,left_f_best-12.467355728149414,right_f_best-13.921806335449219,i:1
2025-04-30 13:38:21,829 - INFO - tree_node.f_best*ep:-14.05644702911377,left_f_best-12.6805419921875,right_f_best-13.986824035644531,i:2
2025-04-30 13:38:38,959 - INFO - tree_node.f_best*ep:-14.05644702911377,left_f_best-12.740987777709961,right_f_best-14.004571914672852,i:3
2025-04-30 13:38:56,560 - INFO - tree_node.f_best*ep:-14.05644702911377,left_f_best-12.521310806274414,right_f_best-14.018853187561035,i:4
2025-04-30 13:39:15,127 - INFO - tree_node.f_best*ep:-14.05644702911377,left_f_best-12.670533180236816,right_f_best-14.056926727294922,i:5
2025-04-30 13:40:13,395 - INFO - 添加左子节点，右子节点，len(queue):6
2025-04-30 13:40:13,395 - INFO - Node 1: k=796.1274483242457, f_best=-13.785853385925293, f_min=-33.35242643961101
2025-04-30 13:40:13,395 - INFO - Node 2: k=205.4953430899984, f_best=-12.715325355529785, f_min=-15.444006891455501
2025-04-30 13:40:13,395 - INFO - Node 3: k=315.22529298409484, f_best=-13.92001724243164, f_min=-15.39961309127375
2025-04-30 13:40:13,395 - INFO - Node 4: k=190.56890862373413, f_best=-12.607690811157227, f_min=-12.850111016610754
2025-04-30 13:40:13,395 - INFO - Node 5: k=309.01410938544734, f_best=-13.945968627929688, f_min=-14.152230533816692
2025-04-30 13:40:13,395 - INFO - Node 6: k=177.00330585024773, f_best=-12.607208251953125, f_min=-14.574855427533294
2025-04-30 13:40:13,395 - INFO - Node 7: k=113.11483268088787, f_best=-14.02224349975586, f_min=-14.259259204463888
2025-04-30 13:40:13,395 - INFO - Node 8: k=213.83927805577815, f_best=-12.683515548706055, f_min=-16.264946364553907
2025-04-30 13:40:13,395 - INFO - Node 9: k=104.45965019469388, f_best=-14.05644702911377, f_min=-15.70762453134921
2025-04-30 13:40:13,395 - INFO - Node 10: k=182.36668302081608, f_best=-12.670533180236816, f_min=-13.294400565389878
2025-04-30 13:40:13,395 - INFO - Node 11: k=99.38977289965486, f_best=-14.056926727294922, f_min=-15.376517188640264
2025-04-30 13:40:13,395 - INFO - cur_node_number 13,f_best -14.056926727294922,f_min -15.376517188640264,k 99.38977289965486
2025-04-30 13:40:13,395 - INFO - f_best_current -14.056926727294922,f_min -15.376517188640264
2025-04-30 13:40:28,661 - INFO - tree_node.f_best*ep:-14.056926727294922,left_f_best-12.585596084594727,right_f_best-14.013961791992188,i:1
2025-04-30 13:40:44,663 - INFO - tree_node.f_best*ep:-14.056926727294922,left_f_best-12.65023422241211,right_f_best-14.021024703979492,i:2
2025-04-30 13:41:01,279 - INFO - tree_node.f_best*ep:-14.056926727294922,left_f_best-12.657020568847656,right_f_best-14.025919914245605,i:3
2025-04-30 13:41:19,140 - INFO - tree_node.f_best*ep:-14.056926727294922,left_f_best-12.58729362487793,right_f_best-14.045059204101562,i:4
2025-04-30 13:41:37,553 - INFO - tree_node.f_best*ep:-14.056926727294922,left_f_best-12.738805770874023,right_f_best-13.8829345703125,i:5
2025-04-30 13:41:56,986 - INFO - tree_node.f_best*ep:-14.056926727294922,left_f_best-12.796943664550781,right_f_best-13.992049217224121,i:6
2025-04-30 13:42:17,304 - INFO - tree_node.f_best*ep:-14.056926727294922,left_f_best-12.754840850830078,right_f_best-14.088972091674805,i:7
2025-04-30 13:43:26,862 - INFO - 添加左子节点，右子节点，len(queue):7
2025-04-30 13:43:26,862 - INFO - Node 1: k=796.1274483242457, f_best=-13.785853385925293, f_min=-33.35242643961101
2025-04-30 13:43:26,862 - INFO - Node 2: k=205.4953430899984, f_best=-12.715325355529785, f_min=-15.444006891455501
2025-04-30 13:43:26,862 - INFO - Node 3: k=315.22529298409484, f_best=-13.92001724243164, f_min=-15.39961309127375
2025-04-30 13:43:26,862 - INFO - Node 4: k=190.56890862373413, f_best=-12.607690811157227, f_min=-12.850111016610754
2025-04-30 13:43:26,862 - INFO - Node 5: k=309.01410938544734, f_best=-13.945968627929688, f_min=-14.152230533816692
2025-04-30 13:43:26,862 - INFO - Node 6: k=177.00330585024773, f_best=-12.607208251953125, f_min=-14.574855427533294
2025-04-30 13:43:26,862 - INFO - Node 7: k=113.11483268088787, f_best=-14.02224349975586, f_min=-14.259259204463888
2025-04-30 13:43:26,862 - INFO - Node 8: k=213.83927805577815, f_best=-12.683515548706055, f_min=-16.264946364553907
2025-04-30 13:43:26,862 - INFO - Node 9: k=104.45965019469388, f_best=-14.05644702911377, f_min=-15.70762453134921
2025-04-30 13:43:26,862 - INFO - Node 10: k=182.36668302081608, f_best=-12.670533180236816, f_min=-13.294400565389878
2025-04-30 13:43:26,862 - INFO - Node 11: k=99.38977289965486, f_best=-14.056926727294922, f_min=-15.376517188640264
2025-04-30 13:43:26,862 - INFO - Node 12: k=211.72205748096846, f_best=-12.754840850830078, f_min=-15.102984442871275
2025-04-30 13:43:26,862 - INFO - Node 13: k=199.45175544816362, f_best=-14.088972091674805, f_min=-15.705291759011743
2025-04-30 13:43:26,862 - INFO - cur_node_number 14,f_best -14.088972091674805,f_min -15.705291759011743,k 199.45175544816362
2025-04-30 13:43:26,862 - INFO - f_best_current -14.088972091674805,f_min -15.705291759011743
2025-04-30 13:43:26,862 - INFO - 回退,len(queue)=5
2025-04-30 13:43:26,862 - INFO - 回退,len(queue)=4
2025-04-30 13:43:26,862 - INFO - 回退,len(queue)=3
2025-04-30 13:43:42,536 - INFO - tree_node.f_best*ep:-14.02224349975586,left_f_best-12.651449203491211,right_f_best-13.971109390258789,i:1
2025-04-30 13:43:58,727 - INFO - tree_node.f_best*ep:-14.02224349975586,left_f_best-12.593791961669922,right_f_best-14.053550720214844,i:2
2025-04-30 13:44:57,689 - INFO - 添加左子节点，右子节点，len(queue):5
2025-04-30 13:44:57,689 - INFO - Node 1: k=796.1274483242457, f_best=-13.785853385925293, f_min=-33.35242643961101
2025-04-30 13:44:57,689 - INFO - Node 2: k=205.4953430899984, f_best=-12.715325355529785, f_min=-15.444006891455501
2025-04-30 13:44:57,689 - INFO - Node 3: k=315.22529298409484, f_best=-13.92001724243164, f_min=-15.39961309127375
2025-04-30 13:44:57,689 - INFO - Node 4: k=190.56890862373413, f_best=-12.607690811157227, f_min=-12.850111016610754
2025-04-30 13:44:57,690 - INFO - Node 5: k=309.01410938544734, f_best=-13.945968627929688, f_min=-14.152230533816692
2025-04-30 13:44:57,690 - INFO - Node 6: k=177.00330585024773, f_best=-12.607208251953125, f_min=-14.574855427533294
2025-04-30 13:44:57,690 - INFO - Node 7: k=199.45175544816362, f_best=-14.02224349975586, f_min=-14.259259204463888
2025-04-30 13:44:57,690 - INFO - Node 8: k=140.79582621097293, f_best=-12.593791961669922, f_min=-15.131043263790161
2025-04-30 13:44:57,690 - INFO - Node 9: k=131.3228091343826, f_best=-14.053550720214844, f_min=-14.304465132855512
2025-04-30 13:44:57,691 - INFO - cur_node_number 15,f_best -14.053550720214844,f_min -14.304465132855512,k 131.3228091343826
2025-04-30 13:44:57,691 - INFO - f_best_current -14.053550720214844,f_min -14.304465132855512
2025-04-30 13:45:12,983 - INFO - tree_node.f_best*ep:-14.053550720214844,left_f_best-12.674342155456543,right_f_best-14.042713165283203,i:1
2025-04-30 13:45:28,770 - INFO - tree_node.f_best*ep:-14.053550720214844,left_f_best-12.619620323181152,right_f_best-14.027949333190918,i:2
2025-04-30 13:45:45,688 - INFO - tree_node.f_best*ep:-14.053550720214844,left_f_best-12.538506507873535,right_f_best-13.997764587402344,i:3
2025-04-30 13:46:01,532 - INFO - tree_node.f_best*ep:-14.053550720214844,left_f_best-12.496053695678711,right_f_best-14.064062118530273,i:4
2025-04-30 13:46:55,574 - INFO - 添加左子节点，右子节点，len(queue):6
2025-04-30 13:46:55,574 - INFO - Node 1: k=796.1274483242457, f_best=-13.785853385925293, f_min=-33.35242643961101
2025-04-30 13:46:55,575 - INFO - Node 2: k=205.4953430899984, f_best=-12.715325355529785, f_min=-15.444006891455501
2025-04-30 13:46:55,575 - INFO - Node 3: k=315.22529298409484, f_best=-13.92001724243164, f_min=-15.39961309127375
2025-04-30 13:46:55,575 - INFO - Node 4: k=190.56890862373413, f_best=-12.607690811157227, f_min=-12.850111016610754
2025-04-30 13:46:55,575 - INFO - Node 5: k=309.01410938544734, f_best=-13.945968627929688, f_min=-14.152230533816692
2025-04-30 13:46:55,575 - INFO - Node 6: k=177.00330585024773, f_best=-12.607208251953125, f_min=-14.574855427533294
2025-04-30 13:46:55,575 - INFO - Node 7: k=199.45175544816362, f_best=-14.02224349975586, f_min=-14.259259204463888
2025-04-30 13:46:55,575 - INFO - Node 8: k=140.79582621097293, f_best=-12.593791961669922, f_min=-15.131043263790161
2025-04-30 13:46:55,575 - INFO - Node 9: k=131.3228091343826, f_best=-14.053550720214844, f_min=-14.304465132855512
2025-04-30 13:46:55,575 - INFO - Node 10: k=199.45175544816362, f_best=-12.496053695678711, f_min=-14.081620871246741
2025-04-30 13:46:55,575 - INFO - Node 11: k=153.9863215823678, f_best=-14.064062118530273, f_min=-14.522957868629419
2025-04-30 13:46:55,576 - INFO - cur_node_number 16,f_best -14.064062118530273,f_min -14.522957868629419,k 153.9863215823678
2025-04-30 13:46:55,576 - INFO - f_best_current -14.064062118530273,f_min -14.522957868629419
2025-04-30 13:46:55,576 - INFO - 回退,len(queue)=4
2025-04-30 13:47:07,824 - INFO - tree_node.f_best*ep:-14.053550720214844,left_f_best-12.648317337036133,right_f_best-13.979799270629883,i:1
2025-04-30 13:47:20,239 - INFO - tree_node.f_best*ep:-14.053550720214844,left_f_best-12.583806991577148,right_f_best-13.840767860412598,i:2
2025-04-30 13:47:33,272 - INFO - tree_node.f_best*ep:-14.053550720214844,left_f_best-12.671684265136719,right_f_best-13.829849243164062,i:3
2025-04-30 13:47:46,842 - INFO - tree_node.f_best*ep:-14.053550720214844,left_f_best-12.674161911010742,right_f_best-14.015311241149902,i:4
2025-04-30 13:48:01,068 - INFO - tree_node.f_best*ep:-14.053550720214844,left_f_best-12.63818645477295,right_f_best-13.927353858947754,i:5
2025-04-30 13:48:15,915 - INFO - tree_node.f_best*ep:-14.053550720214844,left_f_best-12.555185317993164,right_f_best-14.030200004577637,i:6
2025-04-30 13:48:31,669 - INFO - tree_node.f_best*ep:-14.053550720214844,left_f_best-12.73257827758789,right_f_best-14.044105529785156,i:7
2025-04-30 13:48:48,340 - INFO - tree_node.f_best*ep:-14.053550720214844,left_f_best-12.789695739746094,right_f_best-14.09254264831543,i:8
2025-04-30 13:49:48,708 - INFO - 添加左子节点，右子节点，len(queue):6
2025-04-30 13:49:48,708 - INFO - Node 1: k=796.1274483242457, f_best=-13.785853385925293, f_min=-33.35242643961101
2025-04-30 13:49:48,708 - INFO - Node 2: k=205.4953430899984, f_best=-12.715325355529785, f_min=-15.444006891455501
2025-04-30 13:49:48,708 - INFO - Node 3: k=315.22529298409484, f_best=-13.92001724243164, f_min=-15.39961309127375
2025-04-30 13:49:48,708 - INFO - Node 4: k=190.56890862373413, f_best=-12.607690811157227, f_min=-12.850111016610754
2025-04-30 13:49:48,709 - INFO - Node 5: k=309.01410938544734, f_best=-13.945968627929688, f_min=-14.152230533816692
2025-04-30 13:49:48,709 - INFO - Node 6: k=177.00330585024773, f_best=-12.607208251953125, f_min=-14.574855427533294
2025-04-30 13:49:48,709 - INFO - Node 7: k=199.45175544816362, f_best=-14.02224349975586, f_min=-14.259259204463888
2025-04-30 13:49:48,709 - INFO - Node 8: k=140.79582621097293, f_best=-12.593791961669922, f_min=-15.131043263790161
2025-04-30 13:49:48,709 - INFO - Node 9: k=153.9863215823678, f_best=-14.053550720214844, f_min=-14.304465132855512
2025-04-30 13:49:48,709 - INFO - Node 10: k=197.47698559224122, f_best=-12.789695739746094, f_min=-13.280409906455134
2025-04-30 13:49:48,709 - INFO - Node 11: k=258.34114577556875, f_best=-14.09254264831543, f_min=-15.076932826987104
2025-04-30 13:49:48,710 - INFO - cur_node_number 17,f_best -14.09254264831543,f_min -15.076932826987104,k 258.34114577556875
2025-04-30 13:49:48,710 - INFO - f_best_current -14.09254264831543,f_min -15.076932826987104
2025-04-30 13:49:48,710 - INFO - 回退,len(queue)=4
2025-04-30 13:49:48,710 - INFO - 回退,len(queue)=3
2025-04-30 13:50:01,667 - INFO - tree_node.f_best*ep:-14.02224349975586,left_f_best-12.696771621704102,right_f_best-13.958691596984863,i:1
2025-04-30 13:50:14,916 - INFO - tree_node.f_best*ep:-14.02224349975586,left_f_best-12.666985511779785,right_f_best-13.937093734741211,i:2
2025-04-30 13:50:28,675 - INFO - tree_node.f_best*ep:-14.02224349975586,left_f_best-12.623933792114258,right_f_best-14.048066139221191,i:3
2025-04-30 13:51:22,025 - INFO - 添加左子节点，右子节点，len(queue):5
2025-04-30 13:51:22,025 - INFO - Node 1: k=796.1274483242457, f_best=-13.785853385925293, f_min=-33.35242643961101
2025-04-30 13:51:22,025 - INFO - Node 2: k=205.4953430899984, f_best=-12.715325355529785, f_min=-15.444006891455501
2025-04-30 13:51:22,025 - INFO - Node 3: k=315.22529298409484, f_best=-13.92001724243164, f_min=-15.39961309127375
2025-04-30 13:51:22,025 - INFO - Node 4: k=190.56890862373413, f_best=-12.607690811157227, f_min=-12.850111016610754
2025-04-30 13:51:22,025 - INFO - Node 5: k=309.01410938544734, f_best=-13.945968627929688, f_min=-14.152230533816692
2025-04-30 13:51:22,025 - INFO - Node 6: k=177.00330585024773, f_best=-12.607208251953125, f_min=-14.574855427533294
2025-04-30 13:51:22,025 - INFO - Node 7: k=258.34114577556875, f_best=-14.02224349975586, f_min=-14.259259204463888
2025-04-30 13:51:22,025 - INFO - Node 8: k=250.7433708941064, f_best=-12.623933792114258, f_min=-13.31653590604401
2025-04-30 13:51:22,026 - INFO - Node 9: k=116.54232522595146, f_best=-14.048066139221191, f_min=-14.388212514275438
2025-04-30 13:51:22,026 - INFO - cur_node_number 18,f_best -14.048066139221191,f_min -14.388212514275438,k 116.54232522595146
2025-04-30 13:51:22,026 - INFO - f_best_current -14.048066139221191,f_min -14.388212514275438
2025-04-30 13:51:34,059 - INFO - tree_node.f_best*ep:-14.048066139221191,left_f_best-12.6401948928833,right_f_best-13.942272186279297,i:1
2025-04-30 13:51:46,572 - INFO - tree_node.f_best*ep:-14.048066139221191,left_f_best-12.542765617370605,right_f_best-13.99093246459961,i:2
2025-04-30 13:51:59,814 - INFO - tree_node.f_best*ep:-14.048066139221191,left_f_best-12.51457405090332,right_f_best-14.057299613952637,i:3
2025-04-30 13:52:53,251 - INFO - 添加左子节点，右子节点，len(queue):6
2025-04-30 13:52:53,251 - INFO - Node 1: k=796.1274483242457, f_best=-13.785853385925293, f_min=-33.35242643961101
2025-04-30 13:52:53,251 - INFO - Node 2: k=205.4953430899984, f_best=-12.715325355529785, f_min=-15.444006891455501
2025-04-30 13:52:53,251 - INFO - Node 3: k=315.22529298409484, f_best=-13.92001724243164, f_min=-15.39961309127375
2025-04-30 13:52:53,251 - INFO - Node 4: k=190.56890862373413, f_best=-12.607690811157227, f_min=-12.850111016610754
2025-04-30 13:52:53,252 - INFO - Node 5: k=309.01410938544734, f_best=-13.945968627929688, f_min=-14.152230533816692
2025-04-30 13:52:53,252 - INFO - Node 6: k=177.00330585024773, f_best=-12.607208251953125, f_min=-14.574855427533294
2025-04-30 13:52:53,252 - INFO - Node 7: k=258.34114577556875, f_best=-14.02224349975586, f_min=-14.259259204463888
2025-04-30 13:52:53,252 - INFO - Node 8: k=250.7433708941064, f_best=-12.623933792114258, f_min=-13.31653590604401
2025-04-30 13:52:53,252 - INFO - Node 9: k=116.54232522595146, f_best=-14.048066139221191, f_min=-14.388212514275438
2025-04-30 13:52:53,252 - INFO - Node 10: k=171.79766480887403, f_best=-12.51457405090332, f_min=-12.917199907412396
2025-04-30 13:52:53,252 - INFO - Node 11: k=170.09669783056836, f_best=-14.057299613952637, f_min=-14.982950183980392
2025-04-30 13:52:53,252 - INFO - cur_node_number 19,f_best -14.057299613952637,f_min -14.982950183980392,k 170.09669783056836
2025-04-30 13:52:53,253 - INFO - f_best_current -14.057299613952637,f_min -14.982950183980392
2025-04-30 13:52:53,253 - INFO - 回退,len(queue)=4
2025-04-30 13:53:05,275 - INFO - tree_node.f_best*ep:-14.048066139221191,left_f_best-12.483251571655273,right_f_best-13.867179870605469,i:1
2025-04-30 13:53:17,826 - INFO - tree_node.f_best*ep:-14.048066139221191,left_f_best-12.506523132324219,right_f_best-13.988879203796387,i:2
2025-04-30 13:53:30,830 - INFO - tree_node.f_best*ep:-14.048066139221191,left_f_best-12.64953899383545,right_f_best-13.889921188354492,i:3
2025-04-30 13:53:44,600 - INFO - tree_node.f_best*ep:-14.048066139221191,left_f_best-12.789475440979004,right_f_best-13.995012283325195,i:4
2025-04-30 13:53:58,908 - INFO - tree_node.f_best*ep:-14.048066139221191,left_f_best-12.737857818603516,right_f_best-13.908363342285156,i:5
2025-04-30 13:54:14,157 - INFO - tree_node.f_best*ep:-14.048066139221191,left_f_best-12.741399765014648,right_f_best-14.057962417602539,i:6
2025-04-30 13:55:12,744 - INFO - 添加左子节点，右子节点，len(queue):6
2025-04-30 13:55:12,744 - INFO - Node 1: k=796.1274483242457, f_best=-13.785853385925293, f_min=-33.35242643961101
2025-04-30 13:55:12,745 - INFO - Node 2: k=205.4953430899984, f_best=-12.715325355529785, f_min=-15.444006891455501
2025-04-30 13:55:12,745 - INFO - Node 3: k=315.22529298409484, f_best=-13.92001724243164, f_min=-15.39961309127375
2025-04-30 13:55:12,745 - INFO - Node 4: k=190.56890862373413, f_best=-12.607690811157227, f_min=-12.850111016610754
2025-04-30 13:55:12,745 - INFO - Node 5: k=309.01410938544734, f_best=-13.945968627929688, f_min=-14.152230533816692
2025-04-30 13:55:12,745 - INFO - Node 6: k=177.00330585024773, f_best=-12.607208251953125, f_min=-14.574855427533294
2025-04-30 13:55:12,745 - INFO - Node 7: k=258.34114577556875, f_best=-14.02224349975586, f_min=-14.259259204463888
2025-04-30 13:55:12,745 - INFO - Node 8: k=250.7433708941064, f_best=-12.623933792114258, f_min=-13.31653590604401
2025-04-30 13:55:12,745 - INFO - Node 9: k=170.09669783056836, f_best=-14.048066139221191, f_min=-14.388212514275438
2025-04-30 13:55:12,745 - INFO - Node 10: k=177.00330585024773, f_best=-12.741399765014648, f_min=-15.487533695287311
2025-04-30 13:55:12,746 - INFO - Node 11: k=266.16914083371427, f_best=-14.057962417602539, f_min=-14.717203099642575
2025-04-30 13:55:12,746 - INFO - cur_node_number 20,f_best -14.057962417602539,f_min -14.717203099642575,k 266.16914083371427
2025-04-30 13:55:12,746 - INFO - f_best_current -14.057962417602539,f_min -14.717203099642575
2025-04-30 13:55:12,746 - INFO - 回退,len(queue)=4
2025-04-30 13:55:12,746 - INFO - 回退,len(queue)=3
2025-04-30 13:55:24,985 - INFO - tree_node.f_best*ep:-14.02224349975586,left_f_best-12.498058319091797,right_f_best-13.900738716125488,i:1
2025-04-30 13:55:37,621 - INFO - tree_node.f_best*ep:-14.02224349975586,left_f_best-12.600419044494629,right_f_best-14.028268814086914,i:2
2025-04-30 13:56:37,940 - INFO - 添加左子节点，右子节点，len(queue):5
2025-04-30 13:56:37,940 - INFO - Node 1: k=796.1274483242457, f_best=-13.785853385925293, f_min=-33.35242643961101
2025-04-30 13:56:37,940 - INFO - Node 2: k=205.4953430899984, f_best=-12.715325355529785, f_min=-15.444006891455501
2025-04-30 13:56:37,941 - INFO - Node 3: k=315.22529298409484, f_best=-13.92001724243164, f_min=-15.39961309127375
2025-04-30 13:56:37,941 - INFO - Node 4: k=190.56890862373413, f_best=-12.607690811157227, f_min=-12.850111016610754
2025-04-30 13:56:37,941 - INFO - Node 5: k=309.01410938544734, f_best=-13.945968627929688, f_min=-14.152230533816692
2025-04-30 13:56:37,941 - INFO - Node 6: k=177.00330585024773, f_best=-12.607208251953125, f_min=-14.574855427533294
2025-04-30 13:56:37,941 - INFO - Node 7: k=266.16914083371427, f_best=-14.02224349975586, f_min=-14.259259204463888
2025-04-30 13:56:37,941 - INFO - Node 8: k=140.79582621097293, f_best=-12.600419044494629, f_min=-12.675333780609435
2025-04-30 13:56:37,941 - INFO - Node 9: k=213.83927805577815, f_best=-14.028268814086914, f_min=-14.22422471471873
2025-04-30 13:56:37,942 - INFO - cur_node_number 21,f_best -14.028268814086914,f_min -14.22422471471873,k 213.83927805577815
2025-04-30 13:56:37,942 - INFO - f_best_current -14.028268814086914,f_min -14.22422471471873
2025-04-30 13:56:53,185 - INFO - tree_node.f_best*ep:-14.028268814086914,left_f_best-12.740446090698242,right_f_best-14.016256332397461,i:1
2025-04-30 13:57:08,876 - INFO - tree_node.f_best*ep:-14.028268814086914,left_f_best-12.688039779663086,right_f_best-13.99222183227539,i:2
2025-04-30 13:57:25,520 - INFO - tree_node.f_best*ep:-14.028268814086914,left_f_best-12.734393119812012,right_f_best-14.030976295471191,i:3
2025-04-30 13:58:36,722 - INFO - 添加左子节点，右子节点，len(queue):6
2025-04-30 13:58:36,723 - INFO - Node 1: k=796.1274483242457, f_best=-13.785853385925293, f_min=-33.35242643961101
2025-04-30 13:58:36,723 - INFO - Node 2: k=205.4953430899984, f_best=-12.715325355529785, f_min=-15.444006891455501
2025-04-30 13:58:36,723 - INFO - Node 3: k=315.22529298409484, f_best=-13.92001724243164, f_min=-15.39961309127375
2025-04-30 13:58:36,723 - INFO - Node 4: k=190.56890862373413, f_best=-12.607690811157227, f_min=-12.850111016610754
2025-04-30 13:58:36,723 - INFO - Node 5: k=309.01410938544734, f_best=-13.945968627929688, f_min=-14.152230533816692
2025-04-30 13:58:36,724 - INFO - Node 6: k=177.00330585024773, f_best=-12.607208251953125, f_min=-14.574855427533294
2025-04-30 13:58:36,724 - INFO - Node 7: k=266.16914083371427, f_best=-14.02224349975586, f_min=-14.259259204463888
2025-04-30 13:58:36,724 - INFO - Node 8: k=140.79582621097293, f_best=-12.600419044494629, f_min=-12.675333780609435
2025-04-30 13:58:36,724 - INFO - Node 9: k=213.83927805577815, f_best=-14.028268814086914, f_min=-14.22422471471873
2025-04-30 13:58:36,724 - INFO - Node 10: k=175.2507978715324, f_best=-12.734393119812012, f_min=-13.502717159233725
2025-04-30 13:58:36,724 - INFO - Node 11: k=266.16914083371427, f_best=-14.030976295471191, f_min=-17.666631990437963
2025-04-30 13:58:36,724 - INFO - cur_node_number 22,f_best -14.030976295471191,f_min -17.666631990437963,k 266.16914083371427
2025-04-30 13:58:36,724 - INFO - f_best_current -14.030976295471191,f_min -17.666631990437963
2025-04-30 13:58:36,725 - INFO - 回退,len(queue)=4
2025-04-30 13:58:52,052 - INFO - tree_node.f_best*ep:-14.028268814086914,left_f_best-12.612412452697754,right_f_best-13.947465896606445,i:1
2025-04-30 13:59:08,195 - INFO - tree_node.f_best*ep:-14.028268814086914,left_f_best-12.699722290039062,right_f_best-14.00040054321289,i:2
2025-04-30 13:59:24,849 - INFO - tree_node.f_best*ep:-14.028268814086914,left_f_best-12.733016014099121,right_f_best-14.033060073852539,i:3
2025-04-30 14:00:33,966 - INFO - 添加左子节点，右子节点，len(queue):6
2025-04-30 14:00:33,966 - INFO - Node 1: k=796.1274483242457, f_best=-13.785853385925293, f_min=-33.35242643961101
2025-04-30 14:00:33,966 - INFO - Node 2: k=205.4953430899984, f_best=-12.715325355529785, f_min=-15.444006891455501
2025-04-30 14:00:33,966 - INFO - Node 3: k=315.22529298409484, f_best=-13.92001724243164, f_min=-15.39961309127375
2025-04-30 14:00:33,966 - INFO - Node 4: k=190.56890862373413, f_best=-12.607690811157227, f_min=-12.850111016610754
2025-04-30 14:00:33,967 - INFO - Node 5: k=309.01410938544734, f_best=-13.945968627929688, f_min=-14.152230533816692
2025-04-30 14:00:33,967 - INFO - Node 6: k=177.00330585024773, f_best=-12.607208251953125, f_min=-14.574855427533294
2025-04-30 14:00:33,967 - INFO - Node 7: k=266.16914083371427, f_best=-14.02224349975586, f_min=-14.259259204463888
2025-04-30 14:00:33,967 - INFO - Node 8: k=140.79582621097293, f_best=-12.600419044494629, f_min=-12.675333780609435
2025-04-30 14:00:33,967 - INFO - Node 9: k=266.16914083371427, f_best=-14.028268814086914, f_min=-14.22422471471873
2025-04-30 14:00:33,967 - INFO - Node 10: k=236.21159782237123, f_best=-12.733016014099121, f_min=-15.068732527738575
2025-04-30 14:00:33,967 - INFO - Node 11: k=166.74512090046892, f_best=-14.033060073852539, f_min=-19.70688032360158
2025-04-30 14:00:33,968 - INFO - cur_node_number 23,f_best -14.033060073852539,f_min -19.70688032360158,k 166.74512090046892
2025-04-30 14:00:33,968 - INFO - f_best_current -14.033060073852539,f_min -19.70688032360158
2025-04-30 14:00:49,485 - INFO - tree_node.f_best*ep:-14.033060073852539,left_f_best-12.582662582397461,right_f_best-14.026201248168945,i:1
2025-04-30 14:01:05,703 - INFO - tree_node.f_best*ep:-14.033060073852539,left_f_best-12.462799072265625,right_f_best-13.970195770263672,i:2
2025-04-30 14:01:22,628 - INFO - tree_node.f_best*ep:-14.033060073852539,left_f_best-12.71619701385498,right_f_best-13.926297187805176,i:3
2025-04-30 14:01:40,108 - INFO - tree_node.f_best*ep:-14.033060073852539,left_f_best-12.72879409790039,right_f_best-14.017570495605469,i:4
2025-04-30 14:01:58,128 - INFO - tree_node.f_best*ep:-14.033060073852539,left_f_best-12.584598541259766,right_f_best-13.8777437210083,i:5
2025-04-30 14:02:16,978 - INFO - tree_node.f_best*ep:-14.033060073852539,left_f_best-12.485906600952148,right_f_best-14.08918571472168,i:6
2025-04-30 14:03:25,713 - INFO - 添加左子节点，右子节点，len(queue):7
2025-04-30 14:03:25,713 - INFO - Node 1: k=796.1274483242457, f_best=-13.785853385925293, f_min=-33.35242643961101
2025-04-30 14:03:25,713 - INFO - Node 2: k=205.4953430899984, f_best=-12.715325355529785, f_min=-15.444006891455501
2025-04-30 14:03:25,714 - INFO - Node 3: k=315.22529298409484, f_best=-13.92001724243164, f_min=-15.39961309127375
2025-04-30 14:03:25,714 - INFO - Node 4: k=190.56890862373413, f_best=-12.607690811157227, f_min=-12.850111016610754
2025-04-30 14:03:25,714 - INFO - Node 5: k=309.01410938544734, f_best=-13.945968627929688, f_min=-14.152230533816692
2025-04-30 14:03:25,714 - INFO - Node 6: k=177.00330585024773, f_best=-12.607208251953125, f_min=-14.574855427533294
2025-04-30 14:03:25,714 - INFO - Node 7: k=266.16914083371427, f_best=-14.02224349975586, f_min=-14.259259204463888
2025-04-30 14:03:25,714 - INFO - Node 8: k=140.79582621097293, f_best=-12.600419044494629, f_min=-12.675333780609435
2025-04-30 14:03:25,714 - INFO - Node 9: k=266.16914083371427, f_best=-14.028268814086914, f_min=-14.22422471471873
2025-04-30 14:03:25,715 - INFO - Node 10: k=236.21159782237123, f_best=-12.733016014099121, f_min=-15.068732527738575
2025-04-30 14:03:25,715 - INFO - Node 11: k=166.74512090046892, f_best=-14.033060073852539, f_min=-19.70688032360158
2025-04-30 14:03:25,715 - INFO - Node 12: k=131.8746186736287, f_best=-12.485906600952148, f_min=-13.055211854453773
2025-04-30 14:03:25,715 - INFO - Node 13: k=255.78331264907794, f_best=-14.08918571472168, f_min=-15.38406341100199
2025-04-30 14:03:25,715 - INFO - cur_node_number 24,f_best -14.08918571472168,f_min -15.38406341100199,k 255.78331264907794
2025-04-30 14:03:25,715 - INFO - f_best_current -14.08918571472168,f_min -15.38406341100199
2025-04-30 14:03:25,715 - INFO - 回退,len(queue)=5
2025-04-30 14:03:39,162 - INFO - tree_node.f_best*ep:-14.033060073852539,left_f_best-12.61545467376709,right_f_best-13.895174026489258,i:1
2025-04-30 14:03:52,865 - INFO - tree_node.f_best*ep:-14.033060073852539,left_f_best-12.66457748413086,right_f_best-13.970550537109375,i:2
2025-04-30 14:04:07,102 - INFO - tree_node.f_best*ep:-14.033060073852539,left_f_best-12.675334930419922,right_f_best-14.00576400756836,i:3
2025-04-30 14:04:22,063 - INFO - tree_node.f_best*ep:-14.033060073852539,left_f_best-12.613662719726562,right_f_best-13.837726593017578,i:4
2025-04-30 14:04:38,293 - INFO - tree_node.f_best*ep:-14.033060073852539,left_f_best-12.736443519592285,right_f_best-13.948261260986328,i:5
2025-04-30 14:04:56,969 - INFO - tree_node.f_best*ep:-14.033060073852539,left_f_best-12.79471206665039,right_f_best-14.100770950317383,i:6
2025-04-30 14:06:01,247 - INFO - 添加左子节点，右子节点，len(queue):7
2025-04-30 14:06:01,247 - INFO - Node 1: k=796.1274483242457, f_best=-13.785853385925293, f_min=-33.35242643961101
2025-04-30 14:06:01,247 - INFO - Node 2: k=205.4953430899984, f_best=-12.715325355529785, f_min=-15.444006891455501
2025-04-30 14:06:01,247 - INFO - Node 3: k=315.22529298409484, f_best=-13.92001724243164, f_min=-15.39961309127375
2025-04-30 14:06:01,247 - INFO - Node 4: k=190.56890862373413, f_best=-12.607690811157227, f_min=-12.850111016610754
2025-04-30 14:06:01,248 - INFO - Node 5: k=309.01410938544734, f_best=-13.945968627929688, f_min=-14.152230533816692
2025-04-30 14:06:01,248 - INFO - Node 6: k=177.00330585024773, f_best=-12.607208251953125, f_min=-14.574855427533294
2025-04-30 14:06:01,248 - INFO - Node 7: k=266.16914083371427, f_best=-14.02224349975586, f_min=-14.259259204463888
2025-04-30 14:06:01,248 - INFO - Node 8: k=140.79582621097293, f_best=-12.600419044494629, f_min=-12.675333780609435
2025-04-30 14:06:01,248 - INFO - Node 9: k=266.16914083371427, f_best=-14.028268814086914, f_min=-14.22422471471873
2025-04-30 14:06:01,248 - INFO - Node 10: k=236.21159782237123, f_best=-12.733016014099121, f_min=-15.068732527738575
2025-04-30 14:06:01,249 - INFO - Node 11: k=255.78331264907794, f_best=-14.033060073852539, f_min=-19.70688032360158
2025-04-30 14:06:01,249 - INFO - Node 12: k=115.38844081777373, f_best=-12.79471206665039, f_min=-13.242211280145966
2025-04-30 14:06:01,249 - INFO - Node 13: k=233.8728691310606, f_best=-14.100770950317383, f_min=-15.30809395839151
2025-04-30 14:06:01,249 - INFO - cur_node_number 25,f_best -14.100770950317383,f_min -15.30809395839151,k 233.8728691310606
2025-04-30 14:06:01,249 - INFO - f_best_current -14.100770950317383,f_min -15.30809395839151
2025-04-30 14:06:16,889 - INFO - tree_node.f_best*ep:-14.100770950317383,left_f_best-12.70399284362793,right_f_best-13.99781608581543,i:1
2025-04-30 14:06:33,061 - INFO - tree_node.f_best*ep:-14.100770950317383,left_f_best-12.64507007598877,right_f_best-14.047453880310059,i:2
2025-04-30 14:06:49,961 - INFO - tree_node.f_best*ep:-14.100770950317383,left_f_best-12.569002151489258,right_f_best-13.794560432434082,i:3
2025-04-30 14:07:07,685 - INFO - tree_node.f_best*ep:-14.100770950317383,left_f_best-12.684752464294434,right_f_best-14.049139022827148,i:4
2025-04-30 14:07:26,314 - INFO - tree_node.f_best*ep:-14.100770950317383,left_f_best-12.758171081542969,right_f_best-14.163518905639648,i:5
2025-04-30 14:08:31,838 - INFO - 添加左子节点，右子节点，len(queue):8
2025-04-30 14:08:31,838 - INFO - Node 1: k=796.1274483242457, f_best=-13.785853385925293, f_min=-33.35242643961101
2025-04-30 14:08:31,838 - INFO - Node 2: k=205.4953430899984, f_best=-12.715325355529785, f_min=-15.444006891455501
2025-04-30 14:08:31,838 - INFO - Node 3: k=315.22529298409484, f_best=-13.92001724243164, f_min=-15.39961309127375
2025-04-30 14:08:31,838 - INFO - Node 4: k=190.56890862373413, f_best=-12.607690811157227, f_min=-12.850111016610754
2025-04-30 14:08:31,838 - INFO - Node 5: k=309.01410938544734, f_best=-13.945968627929688, f_min=-14.152230533816692
2025-04-30 14:08:31,839 - INFO - Node 6: k=177.00330585024773, f_best=-12.607208251953125, f_min=-14.574855427533294
2025-04-30 14:08:31,839 - INFO - Node 7: k=266.16914083371427, f_best=-14.02224349975586, f_min=-14.259259204463888
2025-04-30 14:08:31,839 - INFO - Node 8: k=140.79582621097293, f_best=-12.600419044494629, f_min=-12.675333780609435
2025-04-30 14:08:31,839 - INFO - Node 9: k=266.16914083371427, f_best=-14.028268814086914, f_min=-14.22422471471873
2025-04-30 14:08:31,839 - INFO - Node 10: k=236.21159782237123, f_best=-12.733016014099121, f_min=-15.068732527738575
2025-04-30 14:08:31,839 - INFO - Node 11: k=255.78331264907794, f_best=-14.033060073852539, f_min=-19.70688032360158
2025-04-30 14:08:31,840 - INFO - Node 12: k=115.38844081777373, f_best=-12.79471206665039, f_min=-13.242211280145966
2025-04-30 14:08:31,840 - INFO - Node 13: k=233.8728691310606, f_best=-14.100770950317383, f_min=-15.30809395839151
2025-04-30 14:08:31,840 - INFO - Node 14: k=160.2387837237615, f_best=-12.758171081542969, f_min=-13.325176165071753
2025-04-30 14:08:31,840 - INFO - Node 15: k=197.47698559224122, f_best=-14.163518905639648, f_min=-14.888942390951343
2025-04-30 14:08:31,840 - INFO - cur_node_number 26,f_best -14.163518905639648,f_min -14.888942390951343,k 197.47698559224122
2025-04-30 14:08:31,840 - INFO - f_best_current -14.163518905639648,f_min -14.888942390951343
2025-04-30 14:08:47,224 - INFO - tree_node.f_best*ep:-14.163518905639648,left_f_best-12.437152862548828,right_f_best-13.835062026977539,i:1
2025-04-30 14:09:03,378 - INFO - tree_node.f_best*ep:-14.163518905639648,left_f_best-12.662589073181152,right_f_best-14.039773941040039,i:2
2025-04-30 14:09:20,402 - INFO - tree_node.f_best*ep:-14.163518905639648,left_f_best-12.56802749633789,right_f_best-14.063161849975586,i:3
2025-04-30 14:09:38,242 - INFO - tree_node.f_best*ep:-14.163518905639648,left_f_best-12.728367805480957,right_f_best-14.021251678466797,i:4
2025-04-30 14:09:56,977 - INFO - tree_node.f_best*ep:-14.163518905639648,left_f_best-12.700373649597168,right_f_best-14.062772750854492,i:5
2025-04-30 14:10:16,198 - INFO - tree_node.f_best*ep:-14.163518905639648,left_f_best-12.83431625366211,right_f_best-14.056198120117188,i:6
2025-04-30 14:10:35,840 - INFO - tree_node.f_best*ep:-14.163518905639648,left_f_best-12.845800399780273,right_f_best-14.085214614868164,i:7
2025-04-30 14:10:55,874 - INFO - tree_node.f_best*ep:-14.163518905639648,left_f_best-12.7569580078125,right_f_best-14.096977233886719,i:8
2025-04-30 14:11:17,341 - INFO - tree_node.f_best*ep:-14.163518905639648,left_f_best-12.781436920166016,right_f_best-14.068106651306152,i:9
2025-04-30 14:11:39,713 - INFO - tree_node.f_best*ep:-14.163518905639648,left_f_best-12.770378112792969,right_f_best-14.105255126953125,i:10
2025-04-30 14:12:03,026 - INFO - tree_node.f_best*ep:-14.163518905639648,left_f_best-12.578828811645508,right_f_best-14.152929306030273,i:11
2025-04-30 14:12:26,928 - INFO - tree_node.f_best*ep:-14.163518905639648,left_f_best-12.798572540283203,right_f_best-14.163518905639648,i:12
2025-04-30 14:13:42,116 - INFO - 添加左子节点，右子节点，len(queue):9
2025-04-30 14:13:42,116 - INFO - Node 1: k=796.1274483242457, f_best=-13.785853385925293, f_min=-33.35242643961101
2025-04-30 14:13:42,116 - INFO - Node 2: k=205.4953430899984, f_best=-12.715325355529785, f_min=-15.444006891455501
2025-04-30 14:13:42,116 - INFO - Node 3: k=315.22529298409484, f_best=-13.92001724243164, f_min=-15.39961309127375
2025-04-30 14:13:42,116 - INFO - Node 4: k=190.56890862373413, f_best=-12.607690811157227, f_min=-12.850111016610754
2025-04-30 14:13:42,117 - INFO - Node 5: k=309.01410938544734, f_best=-13.945968627929688, f_min=-14.152230533816692
2025-04-30 14:13:42,117 - INFO - Node 6: k=177.00330585024773, f_best=-12.607208251953125, f_min=-14.574855427533294
2025-04-30 14:13:42,117 - INFO - Node 7: k=266.16914083371427, f_best=-14.02224349975586, f_min=-14.259259204463888
2025-04-30 14:13:42,117 - INFO - Node 8: k=140.79582621097293, f_best=-12.600419044494629, f_min=-12.675333780609435
2025-04-30 14:13:42,117 - INFO - Node 9: k=266.16914083371427, f_best=-14.028268814086914, f_min=-14.22422471471873
2025-04-30 14:13:42,117 - INFO - Node 10: k=236.21159782237123, f_best=-12.733016014099121, f_min=-15.068732527738575
2025-04-30 14:13:42,117 - INFO - Node 11: k=255.78331264907794, f_best=-14.033060073852539, f_min=-19.70688032360158
2025-04-30 14:13:42,118 - INFO - Node 12: k=115.38844081777373, f_best=-12.79471206665039, f_min=-13.242211280145966
2025-04-30 14:13:42,118 - INFO - Node 13: k=233.8728691310606, f_best=-14.100770950317383, f_min=-15.30809395839151
2025-04-30 14:13:42,118 - INFO - Node 14: k=160.2387837237615, f_best=-12.758171081542969, f_min=-13.325176165071753
2025-04-30 14:13:42,118 - INFO - Node 15: k=197.47698559224122, f_best=-14.163518905639648, f_min=-14.888942390951343
2025-04-30 14:13:42,118 - INFO - Node 16: k=215.97767083633593, f_best=-12.798572540283203, f_min=-14.659134100131268
2025-04-30 14:13:42,118 - INFO - Node 17: k=291.10526937288284, f_best=-14.163518905639648, f_min=-16.25085812845282
2025-04-30 14:13:42,118 - INFO - cur_node_number 27,f_best -14.163518905639648,f_min -16.25085812845282,k 291.10526937288284
2025-04-30 14:13:42,119 - INFO - f_best_current -14.163518905639648,f_min -16.25085812845282
2025-04-30 14:13:42,119 - INFO - 回退,len(queue)=7
2025-04-30 14:13:42,119 - INFO - 回退,len(queue)=6
2025-04-30 14:13:42,119 - INFO - 回退,len(queue)=5
2025-04-30 14:13:42,119 - INFO - 回退,len(queue)=4
2025-04-30 14:13:42,119 - INFO - 回退,len(queue)=3
2025-04-30 14:13:57,647 - INFO - tree_node.f_best*ep:-14.02224349975586,left_f_best-12.474973678588867,right_f_best-13.983940124511719,i:1
2025-04-30 14:14:14,327 - INFO - tree_node.f_best*ep:-14.02224349975586,left_f_best-12.505809783935547,right_f_best-13.872556686401367,i:2
2025-04-30 14:14:31,008 - INFO - tree_node.f_best*ep:-14.02224349975586,left_f_best-12.611723899841309,right_f_best-14.025762557983398,i:3
2025-04-30 14:15:33,110 - INFO - 添加左子节点，右子节点，len(queue):5
2025-04-30 14:15:33,110 - INFO - Node 1: k=796.1274483242457, f_best=-13.785853385925293, f_min=-33.35242643961101
2025-04-30 14:15:33,110 - INFO - Node 2: k=205.4953430899984, f_best=-12.715325355529785, f_min=-15.444006891455501
2025-04-30 14:15:33,110 - INFO - Node 3: k=315.22529298409484, f_best=-13.92001724243164, f_min=-15.39961309127375
2025-04-30 14:15:33,110 - INFO - Node 4: k=190.56890862373413, f_best=-12.607690811157227, f_min=-12.850111016610754
2025-04-30 14:15:33,110 - INFO - Node 5: k=309.01410938544734, f_best=-13.945968627929688, f_min=-14.152230533816692
2025-04-30 14:15:33,111 - INFO - Node 6: k=177.00330585024773, f_best=-12.607208251953125, f_min=-14.574855427533294
2025-04-30 14:15:33,111 - INFO - Node 7: k=291.10526937288284, f_best=-14.02224349975586, f_min=-14.259259204463888
2025-04-30 14:15:33,111 - INFO - Node 8: k=140.79582621097293, f_best=-12.611723899841309, f_min=-12.783070911338655
2025-04-30 14:15:33,111 - INFO - Node 9: k=160.2387837237615, f_best=-14.025762557983398, f_min=-16.081157570461073
2025-04-30 14:15:33,111 - INFO - cur_node_number 28,f_best -14.025762557983398,f_min -16.081157570461073,k 160.2387837237615
2025-04-30 14:15:33,111 - INFO - f_best_current -14.025762557983398,f_min -16.081157570461073
2025-04-30 14:15:48,780 - INFO - tree_node.f_best*ep:-14.025762557983398,left_f_best-12.717206001281738,right_f_best-13.795638084411621,i:1
2025-04-30 14:16:05,208 - INFO - tree_node.f_best*ep:-14.025762557983398,left_f_best-12.704119682312012,right_f_best-13.971397399902344,i:2
2025-04-30 14:16:21,869 - INFO - tree_node.f_best*ep:-14.025762557983398,left_f_best-12.655217170715332,right_f_best-14.113691329956055,i:3
2025-04-30 14:17:17,849 - INFO - 添加左子节点，右子节点，len(queue):6
2025-04-30 14:17:17,849 - INFO - Node 1: k=796.1274483242457, f_best=-13.785853385925293, f_min=-33.35242643961101
2025-04-30 14:17:17,850 - INFO - Node 2: k=205.4953430899984, f_best=-12.715325355529785, f_min=-15.444006891455501
2025-04-30 14:17:17,850 - INFO - Node 3: k=315.22529298409484, f_best=-13.92001724243164, f_min=-15.39961309127375
2025-04-30 14:17:17,850 - INFO - Node 4: k=190.56890862373413, f_best=-12.607690811157227, f_min=-12.850111016610754
2025-04-30 14:17:17,850 - INFO - Node 5: k=309.01410938544734, f_best=-13.945968627929688, f_min=-14.152230533816692
2025-04-30 14:17:17,850 - INFO - Node 6: k=177.00330585024773, f_best=-12.607208251953125, f_min=-14.574855427533294
2025-04-30 14:17:17,850 - INFO - Node 7: k=291.10526937288284, f_best=-14.02224349975586, f_min=-14.259259204463888
2025-04-30 14:17:17,850 - INFO - Node 8: k=140.79582621097293, f_best=-12.611723899841309, f_min=-12.783070911338655
2025-04-30 14:17:17,850 - INFO - Node 9: k=160.2387837237615, f_best=-14.025762557983398, f_min=-16.081157570461073
2025-04-30 14:17:17,851 - INFO - Node 10: k=111.99488384246324, f_best=-12.655217170715332, f_min=-13.280718504476681
2025-04-30 14:17:17,851 - INFO - Node 11: k=145.06208054099162, f_best=-14.113691329956055, f_min=-14.133993832093438
2025-04-30 14:17:17,851 - INFO - cur_node_number 29,f_best -14.113691329956055,f_min -14.133993832093438,k 145.06208054099162
2025-04-30 14:17:17,851 - INFO - f_best_current -14.113691329956055,f_min -14.133993832093438
2025-04-30 14:17:17,851 - INFO - 结束,fmin= -14.133993832093438, fbestmin=-14.113691329956055
