2025-04-30 13:16:31,658 - INFO - Namespace(log_file='outputs/DNN5/img[0]/min/DNN5img0_label0.log', image_path='img[0].png', model_path='network/DNN5.pth', label=0, init_epsilon=0.05, epsilon=0.01, ep=1, min=1)
2025-04-30 13:16:31,674 - INFO - Model output max(1): torch.return_types.max(
values=tensor([22.2955], grad_fn=<MaxBackward0>),
indices=tensor([0]))
2025-04-30 13:16:38,581 - INFO - cur_node_number 1,f_best 14.73332405090332,f_min 14.103403289831476,k 1831.0676550674198
2025-04-30 13:16:38,581 - INFO - f_best_current 14.73332405090332,f_min 14.103403289831476
2025-04-30 13:16:49,181 - INFO - tree_node.f_best*ep:14.73332405090332,left_f_best15.51933479309082,right_f_best14.721839904785156,i:1
2025-04-30 13:17:50,425 - INFO - 添加左子节点，右子节点，len(queue):2
2025-04-30 13:17:50,425 - INFO - Node 1: k=1831.0676550674198, f_best=14.73332405090332, f_min=14.103403289831476
2025-04-30 13:17:50,425 - INFO - Node 2: k=300.39552354640495, f_best=15.51933479309082, f_min=13.134780688784303
2025-04-30 13:17:50,426 - INFO - Node 3: k=188.1866836058118, f_best=14.721839904785156, f_min=10.235662322652388
2025-04-30 13:17:50,426 - INFO - cur_node_number 2,f_best 14.721839904785156,f_min 10.235662322652388,k 188.1866836058118
2025-04-30 13:17:50,426 - INFO - f_best_current 14.721839904785156,f_min 10.235662322652388
2025-04-30 13:18:05,799 - INFO - tree_node.f_best*ep:14.721839904785156,left_f_best15.584476470947266,right_f_best14.731656074523926,i:1
2025-04-30 13:18:21,257 - INFO - tree_node.f_best*ep:14.721839904785156,left_f_best15.525276184082031,right_f_best14.718257904052734,i:2
2025-04-30 13:19:29,089 - INFO - 添加左子节点，右子节点，len(queue):3
2025-04-30 13:19:29,089 - INFO - Node 1: k=1831.0676550674198, f_best=14.73332405090332, f_min=14.103403289831476
2025-04-30 13:19:29,089 - INFO - Node 2: k=300.39552354640495, f_best=15.51933479309082, f_min=13.134780688784303
2025-04-30 13:19:29,089 - INFO - Node 3: k=188.1866836058118, f_best=14.721839904785156, f_min=10.235662322652388
2025-04-30 13:19:29,089 - INFO - Node 4: k=167.0061265711963, f_best=15.525276184082031, f_min=15.106541650291547
2025-04-30 13:19:29,102 - INFO - Node 5: k=282.98617164858365, f_best=14.718257904052734, f_min=13.686341213178821
2025-04-30 13:19:29,102 - INFO - cur_node_number 3,f_best 14.718257904052734,f_min 13.686341213178821,k 282.98617164858365
2025-04-30 13:19:29,102 - INFO - f_best_current 14.718257904052734,f_min 13.686341213178821
2025-04-30 13:19:29,102 - INFO - 回退,len(queue)=1
2025-04-30 13:19:44,779 - INFO - tree_node.f_best*ep:14.721839904785156,left_f_best15.53577709197998,right_f_best14.734964370727539,i:1
2025-04-30 13:20:00,393 - INFO - tree_node.f_best*ep:14.721839904785156,left_f_best15.469425201416016,right_f_best14.719035148620605,i:2
2025-04-30 13:21:12,348 - INFO - 添加左子节点，右子节点，len(queue):3
2025-04-30 13:21:12,348 - INFO - Node 1: k=1831.0676550674198, f_best=14.73332405090332, f_min=14.103403289831476
2025-04-30 13:21:12,348 - INFO - Node 2: k=300.39552354640495, f_best=15.51933479309082, f_min=13.134780688784303
2025-04-30 13:21:12,348 - INFO - Node 3: k=282.98617164858365, f_best=14.721839904785156, f_min=10.235662322652388
2025-04-30 13:21:12,348 - INFO - Node 4: k=271.94414871472924, f_best=15.469425201416016, f_min=12.83965391588572
2025-04-30 13:21:12,348 - INFO - Node 5: k=256.1836895519721, f_best=14.719035148620605, f_min=13.922740705424076
2025-04-30 13:21:12,348 - INFO - cur_node_number 4,f_best 14.719035148620605,f_min 13.922740705424076,k 256.1836895519721
2025-04-30 13:21:12,348 - INFO - f_best_current 14.719035148620605,f_min 13.922740705424076
2025-04-30 13:21:28,025 - INFO - tree_node.f_best*ep:14.719035148620605,left_f_best15.566646575927734,right_f_best14.780543327331543,i:1
2025-04-30 13:21:44,337 - INFO - tree_node.f_best*ep:14.719035148620605,left_f_best15.50970458984375,right_f_best14.647944450378418,i:2
2025-04-30 13:22:53,352 - INFO - 添加左子节点，右子节点，len(queue):4
2025-04-30 13:22:53,352 - INFO - Node 1: k=1831.0676550674198, f_best=14.73332405090332, f_min=14.103403289831476
2025-04-30 13:22:53,352 - INFO - Node 2: k=300.39552354640495, f_best=15.51933479309082, f_min=13.134780688784303
2025-04-30 13:22:53,352 - INFO - Node 3: k=282.98617164858365, f_best=14.721839904785156, f_min=10.235662322652388
2025-04-30 13:22:53,352 - INFO - Node 4: k=271.94414871472924, f_best=15.469425201416016, f_min=12.83965391588572
2025-04-30 13:22:53,352 - INFO - Node 5: k=256.1836895519721, f_best=14.719035148620605, f_min=13.922740705424076
2025-04-30 13:22:53,352 - INFO - Node 6: k=165.35260056554088, f_best=15.50970458984375, f_min=14.110264637123692
2025-04-30 13:22:53,352 - INFO - Node 7: k=303.399478781869, f_best=14.647944450378418, f_min=13.461283437183738
2025-04-30 13:22:53,352 - INFO - cur_node_number 5,f_best 14.647944450378418,f_min 13.461283437183738,k 303.399478781869
2025-04-30 13:22:53,352 - INFO - f_best_current 14.647944450378418,f_min 13.461283437183738
2025-04-30 13:22:53,352 - INFO - 回退,len(queue)=2
2025-04-30 13:22:53,352 - INFO - 回退,len(queue)=1
2025-04-30 13:23:08,381 - INFO - tree_node.f_best*ep:14.721839904785156,left_f_best15.549078941345215,right_f_best14.711628913879395,i:1
2025-04-30 13:24:16,736 - INFO - 添加左子节点，右子节点，len(queue):3
2025-04-30 13:24:16,752 - INFO - Node 1: k=1831.0676550674198, f_best=14.73332405090332, f_min=14.103403289831476
2025-04-30 13:24:16,752 - INFO - Node 2: k=300.39552354640495, f_best=15.51933479309082, f_min=13.134780688784303
2025-04-30 13:24:16,752 - INFO - Node 3: k=303.399478781869, f_best=14.721839904785156, f_min=10.235662322652388
2025-04-30 13:24:16,752 - INFO - Node 4: k=258.74552644749184, f_best=15.549078941345215, f_min=15.045997872713997
2025-04-30 13:24:16,752 - INFO - Node 5: k=173.7872450045544, f_best=14.711628913879395, f_min=13.045435321799232
2025-04-30 13:24:16,752 - INFO - cur_node_number 6,f_best 14.711628913879395,f_min 13.045435321799232,k 173.7872450045544
2025-04-30 13:24:16,752 - INFO - f_best_current 14.711628913879395,f_min 13.045435321799232
2025-04-30 13:24:32,352 - INFO - tree_node.f_best*ep:14.711628913879395,left_f_best15.455467224121094,right_f_best14.733760833740234,i:1
2025-04-30 13:24:48,633 - INFO - tree_node.f_best*ep:14.711628913879395,left_f_best15.510612487792969,right_f_best14.680154800415039,i:2
2025-04-30 13:25:59,278 - INFO - 添加左子节点，右子节点，len(queue):4
2025-04-30 13:25:59,278 - INFO - Node 1: k=1831.0676550674198, f_best=14.73332405090332, f_min=14.103403289831476
2025-04-30 13:25:59,278 - INFO - Node 2: k=300.39552354640495, f_best=15.51933479309082, f_min=13.134780688784303
2025-04-30 13:25:59,278 - INFO - Node 3: k=303.399478781869, f_best=14.721839904785156, f_min=10.235662322652388
2025-04-30 13:25:59,278 - INFO - Node 4: k=258.74552644749184, f_best=15.549078941345215, f_min=15.045997872713997
2025-04-30 13:25:59,278 - INFO - Node 5: k=173.7872450045544, f_best=14.711628913879395, f_min=13.045435321799232
2025-04-30 13:25:59,278 - INFO - Node 6: k=172.0665792124301, f_best=15.510612487792969, f_min=14.229534343968226
2025-04-30 13:25:59,278 - INFO - Node 7: k=341.87812682040357, f_best=14.680154800415039, f_min=14.148122593038352
2025-04-30 13:25:59,278 - INFO - cur_node_number 7,f_best 14.680154800415039,f_min 14.148122593038352,k 341.87812682040357
2025-04-30 13:25:59,278 - INFO - f_best_current 14.680154800415039,f_min 14.148122593038352
2025-04-30 13:25:59,278 - INFO - 回退,len(queue)=2
2025-04-30 13:25:59,278 - INFO - 回退,len(queue)=1
2025-04-30 13:26:14,418 - INFO - tree_node.f_best*ep:14.721839904785156,left_f_best15.681737899780273,right_f_best14.733064651489258,i:1
2025-04-30 13:26:30,541 - INFO - tree_node.f_best*ep:14.721839904785156,left_f_best15.476372718811035,right_f_best14.788581848144531,i:2
2025-04-30 13:26:47,470 - INFO - tree_node.f_best*ep:14.721839904785156,left_f_best15.449544906616211,right_f_best14.663536071777344,i:3
2025-04-30 13:28:01,257 - INFO - 添加左子节点，右子节点，len(queue):3
2025-04-30 13:28:01,257 - INFO - Node 1: k=1831.0676550674198, f_best=14.73332405090332, f_min=14.103403289831476
2025-04-30 13:28:01,257 - INFO - Node 2: k=300.39552354640495, f_best=15.51933479309082, f_min=13.134780688784303
2025-04-30 13:28:01,257 - INFO - Node 3: k=341.87812682040357, f_best=14.721839904785156, f_min=10.235662322652388
2025-04-30 13:28:01,257 - INFO - Node 4: k=245.15735565171326, f_best=15.449544906616211, f_min=14.244219286187217
2025-04-30 13:28:01,257 - INFO - Node 5: k=282.98617164858365, f_best=14.663536071777344, f_min=13.734119392644061
2025-04-30 13:28:01,257 - INFO - cur_node_number 8,f_best 14.663536071777344,f_min 13.734119392644061,k 282.98617164858365
2025-04-30 13:28:01,257 - INFO - f_best_current 14.663536071777344,f_min 13.734119392644061
2025-04-30 13:28:16,687 - INFO - tree_node.f_best*ep:14.663536071777344,left_f_best15.57978630065918,right_f_best14.812216758728027,i:1
2025-04-30 13:28:32,673 - INFO - tree_node.f_best*ep:14.663536071777344,left_f_best15.497097969055176,right_f_best14.789609909057617,i:2
2025-04-30 13:28:49,591 - INFO - tree_node.f_best*ep:14.663536071777344,left_f_best15.531305313110352,right_f_best14.760194778442383,i:3
2025-04-30 13:29:07,347 - INFO - tree_node.f_best*ep:14.663536071777344,left_f_best15.369950294494629,right_f_best14.586159706115723,i:4
2025-04-30 13:30:21,689 - INFO - 添加左子节点，右子节点，len(queue):4
2025-04-30 13:30:21,689 - INFO - Node 1: k=1831.0676550674198, f_best=14.73332405090332, f_min=14.103403289831476
2025-04-30 13:30:21,689 - INFO - Node 2: k=300.39552354640495, f_best=15.51933479309082, f_min=13.134780688784303
2025-04-30 13:30:21,689 - INFO - Node 3: k=341.87812682040357, f_best=14.721839904785156, f_min=10.235662322652388
2025-04-30 13:30:21,689 - INFO - Node 4: k=245.15735565171326, f_best=15.449544906616211, f_min=14.244219286187217
2025-04-30 13:30:21,689 - INFO - Node 5: k=282.98617164858365, f_best=14.663536071777344, f_min=13.734119392644061
2025-04-30 13:30:21,689 - INFO - Node 6: k=243.74999033320097, f_best=15.369950294494629, f_min=12.464343856059713
2025-04-30 13:30:21,689 - INFO - Node 7: k=318.87590139484604, f_best=14.586159706115723, f_min=13.289008867932353
2025-04-30 13:30:21,689 - INFO - cur_node_number 9,f_best 14.586159706115723,f_min 13.289008867932353,k 318.87590139484604
2025-04-30 13:30:21,689 - INFO - f_best_current 14.586159706115723,f_min 13.289008867932353
2025-04-30 13:30:21,689 - INFO - 回退,len(queue)=2
2025-04-30 13:30:37,007 - INFO - tree_node.f_best*ep:14.663536071777344,left_f_best15.59634780883789,right_f_best14.739224433898926,i:1
2025-04-30 13:30:52,825 - INFO - tree_node.f_best*ep:14.663536071777344,left_f_best15.443984985351562,right_f_best14.654317855834961,i:2
2025-04-30 13:32:07,549 - INFO - 添加左子节点，右子节点，len(queue):4
2025-04-30 13:32:07,549 - INFO - Node 1: k=1831.0676550674198, f_best=14.73332405090332, f_min=14.103403289831476
2025-04-30 13:32:07,549 - INFO - Node 2: k=300.39552354640495, f_best=15.51933479309082, f_min=13.134780688784303
2025-04-30 13:32:07,549 - INFO - Node 3: k=341.87812682040357, f_best=14.721839904785156, f_min=10.235662322652388
2025-04-30 13:32:07,549 - INFO - Node 4: k=245.15735565171326, f_best=15.449544906616211, f_min=14.244219286187217
2025-04-30 13:32:07,549 - INFO - Node 5: k=318.87590139484604, f_best=14.663536071777344, f_min=13.734119392644061
2025-04-30 13:32:07,549 - INFO - Node 6: k=392.9800908500355, f_best=15.443984985351562, f_min=10.456518696457351
2025-04-30 13:32:07,549 - INFO - Node 7: k=177.28036862914595, f_best=14.654317855834961, f_min=12.42840084630734
2025-04-30 13:32:07,549 - INFO - cur_node_number 10,f_best 14.654317855834961,f_min 12.42840084630734,k 177.28036862914595
2025-04-30 13:32:07,549 - INFO - f_best_current 14.654317855834961,f_min 12.42840084630734
2025-04-30 13:32:23,141 - INFO - tree_node.f_best*ep:14.654317855834961,left_f_best15.527410507202148,right_f_best14.77047348022461,i:1
2025-04-30 13:32:39,503 - INFO - tree_node.f_best*ep:14.654317855834961,left_f_best15.575667381286621,right_f_best15.021352767944336,i:2
2025-04-30 13:32:56,481 - INFO - tree_node.f_best*ep:14.654317855834961,left_f_best15.458162307739258,right_f_best14.571609497070312,i:3
2025-04-30 13:34:14,193 - INFO - 添加左子节点，右子节点，len(queue):5
2025-04-30 13:34:14,193 - INFO - Node 1: k=1831.0676550674198, f_best=14.73332405090332, f_min=14.103403289831476
2025-04-30 13:34:14,193 - INFO - Node 2: k=300.39552354640495, f_best=15.51933479309082, f_min=13.134780688784303
2025-04-30 13:34:14,193 - INFO - Node 3: k=341.87812682040357, f_best=14.721839904785156, f_min=10.235662322652388
2025-04-30 13:34:14,193 - INFO - Node 4: k=245.15735565171326, f_best=15.449544906616211, f_min=14.244219286187217
2025-04-30 13:34:14,193 - INFO - Node 5: k=318.87590139484604, f_best=14.663536071777344, f_min=13.734119392644061
2025-04-30 13:34:14,193 - INFO - Node 6: k=392.9800908500355, f_best=15.443984985351562, f_min=10.456518696457351
2025-04-30 13:34:14,193 - INFO - Node 7: k=177.28036862914595, f_best=14.654317855834961, f_min=12.42840084630734
2025-04-30 13:34:14,193 - INFO - Node 8: k=229.62351698665088, f_best=15.458162307739258, f_min=15.45655185177202
2025-04-30 13:34:14,193 - INFO - Node 9: k=370.2050221350412, f_best=14.571609497070312, f_min=12.766113313980895
2025-04-30 13:34:14,193 - INFO - cur_node_number 11,f_best 14.571609497070312,f_min 12.766113313980895,k 370.2050221350412
2025-04-30 13:34:14,193 - INFO - f_best_current 14.571609497070312,f_min 12.766113313980895
2025-04-30 13:34:14,193 - INFO - 回退,len(queue)=3
2025-04-30 13:34:14,193 - INFO - 回退,len(queue)=2
2025-04-30 13:34:14,193 - INFO - 回退,len(queue)=1
2025-04-30 13:34:29,822 - INFO - tree_node.f_best*ep:14.721839904785156,left_f_best15.677556991577148,right_f_best14.614380836486816,i:1
2025-04-30 13:35:39,205 - INFO - 添加左子节点，右子节点，len(queue):3
2025-04-30 13:35:39,205 - INFO - Node 1: k=1831.0676550674198, f_best=14.73332405090332, f_min=14.103403289831476
2025-04-30 13:35:39,205 - INFO - Node 2: k=300.39552354640495, f_best=15.51933479309082, f_min=13.134780688784303
2025-04-30 13:35:39,205 - INFO - Node 3: k=370.2050221350412, f_best=14.721839904785156, f_min=10.235662322652388
2025-04-30 13:35:39,205 - INFO - Node 4: k=165.35260056554088, f_best=15.677556991577148, f_min=14.376170074056972
2025-04-30 13:35:39,205 - INFO - Node 5: k=318.87590139484604, f_best=14.614380836486816, f_min=13.400381352572367
2025-04-30 13:35:39,205 - INFO - cur_node_number 12,f_best 14.614380836486816,f_min 13.400381352572367,k 318.87590139484604
2025-04-30 13:35:39,205 - INFO - f_best_current 14.614380836486816,f_min 13.400381352572367
2025-04-30 13:35:54,520 - INFO - tree_node.f_best*ep:14.614380836486816,left_f_best15.437393188476562,right_f_best14.799789428710938,i:1
2025-04-30 13:36:10,338 - INFO - tree_node.f_best*ep:14.614380836486816,left_f_best15.61471176147461,right_f_best14.687017440795898,i:2
2025-04-30 13:36:27,311 - INFO - tree_node.f_best*ep:14.614380836486816,left_f_best15.460992813110352,right_f_best14.807719230651855,i:3
2025-04-30 13:36:45,006 - INFO - tree_node.f_best*ep:14.614380836486816,left_f_best15.548925399780273,right_f_best14.625368118286133,i:4
2025-04-30 13:37:03,503 - INFO - tree_node.f_best*ep:14.614380836486816,left_f_best15.432849884033203,right_f_best14.544404983520508,i:5
2025-04-30 13:38:08,746 - INFO - 添加左子节点，右子节点，len(queue):4
2025-04-30 13:38:08,747 - INFO - Node 1: k=1831.0676550674198, f_best=14.73332405090332, f_min=14.103403289831476
2025-04-30 13:38:08,747 - INFO - Node 2: k=300.39552354640495, f_best=15.51933479309082, f_min=13.134780688784303
2025-04-30 13:38:08,747 - INFO - Node 3: k=370.2050221350412, f_best=14.721839904785156, f_min=10.235662322652388
2025-04-30 13:38:08,747 - INFO - Node 4: k=165.35260056554088, f_best=15.677556991577148, f_min=14.376170074056972
2025-04-30 13:38:08,748 - INFO - Node 5: k=318.87590139484604, f_best=14.614380836486816, f_min=13.400381352572367
2025-04-30 13:38:08,748 - INFO - Node 6: k=99.5453474328047, f_best=15.432849884033203, f_min=15.153868695919755
2025-04-30 13:38:08,748 - INFO - Node 7: k=419.56486496183, f_best=14.544404983520508, f_min=14.383767910605457
2025-04-30 13:38:08,748 - INFO - cur_node_number 13,f_best 14.544404983520508,f_min 14.383767910605457,k 419.56486496183
2025-04-30 13:38:08,748 - INFO - f_best_current 14.544404983520508,f_min 14.383767910605457
2025-04-30 13:38:08,748 - INFO - 回退,len(queue)=2
2025-04-30 13:38:08,749 - INFO - 回退,len(queue)=1
2025-04-30 13:38:24,731 - INFO - tree_node.f_best*ep:14.721839904785156,left_f_best15.534635543823242,right_f_best14.773462295532227,i:1
2025-04-30 13:38:41,158 - INFO - tree_node.f_best*ep:14.721839904785156,left_f_best15.436863899230957,right_f_best14.718137741088867,i:2
2025-04-30 13:39:55,926 - INFO - 添加左子节点，右子节点，len(queue):3
2025-04-30 13:39:55,940 - INFO - Node 1: k=1831.0676550674198, f_best=14.73332405090332, f_min=14.103403289831476
2025-04-30 13:39:55,940 - INFO - Node 2: k=300.39552354640495, f_best=15.51933479309082, f_min=13.134780688784303
2025-04-30 13:39:55,940 - INFO - Node 3: k=419.56486496183, f_best=14.721839904785156, f_min=10.235662322652388
2025-04-30 13:39:55,940 - INFO - Node 4: k=331.8235416838414, f_best=15.436863899230957, f_min=14.026043048334031
2025-04-30 13:39:55,940 - INFO - Node 5: k=253.6472173781902, f_best=14.718137741088867, f_min=12.919063954614103
2025-04-30 13:39:55,940 - INFO - cur_node_number 14,f_best 14.718137741088867,f_min 12.919063954614103,k 253.6472173781902
2025-04-30 13:39:55,940 - INFO - f_best_current 14.718137741088867,f_min 12.919063954614103
2025-04-30 13:40:11,195 - INFO - tree_node.f_best*ep:14.718137741088867,left_f_best15.689506530761719,right_f_best14.814550399780273,i:1
2025-04-30 13:40:27,125 - INFO - tree_node.f_best*ep:14.718137741088867,left_f_best15.57412338256836,right_f_best14.705316543579102,i:2
2025-04-30 13:41:42,414 - INFO - 添加左子节点，右子节点，len(queue):4
2025-04-30 13:41:42,414 - INFO - Node 1: k=1831.0676550674198, f_best=14.73332405090332, f_min=14.103403289831476
2025-04-30 13:41:42,414 - INFO - Node 2: k=300.39552354640495, f_best=15.51933479309082, f_min=13.134780688784303
2025-04-30 13:41:42,414 - INFO - Node 3: k=419.56486496183, f_best=14.721839904785156, f_min=10.235662322652388
2025-04-30 13:41:42,414 - INFO - Node 4: k=331.8235416838414, f_best=15.436863899230957, f_min=14.026043048334031
2025-04-30 13:41:42,414 - INFO - Node 5: k=253.6472173781902, f_best=14.718137741088867, f_min=12.919063954614103
2025-04-30 13:41:42,414 - INFO - Node 6: k=253.6472173781902, f_best=15.57412338256836, f_min=15.40369935975832
2025-04-30 13:41:42,414 - INFO - Node 7: k=318.87590139484604, f_best=14.705316543579102, f_min=12.62925876625377
2025-04-30 13:41:42,414 - INFO - cur_node_number 15,f_best 14.705316543579102,f_min 12.62925876625377,k 318.87590139484604
2025-04-30 13:41:42,414 - INFO - f_best_current 14.705316543579102,f_min 12.62925876625377
2025-04-30 13:41:42,414 - INFO - 回退,len(queue)=2
2025-04-30 13:41:58,351 - INFO - tree_node.f_best*ep:14.718137741088867,left_f_best15.512969017028809,right_f_best14.736764907836914,i:1
2025-04-30 13:42:14,873 - INFO - tree_node.f_best*ep:14.718137741088867,left_f_best15.79873275756836,right_f_best14.654548645019531,i:2
2025-04-30 13:43:21,753 - INFO - 添加左子节点，右子节点，len(queue):4
2025-04-30 13:43:21,753 - INFO - Node 1: k=1831.0676550674198, f_best=14.73332405090332, f_min=14.103403289831476
2025-04-30 13:43:21,753 - INFO - Node 2: k=300.39552354640495, f_best=15.51933479309082, f_min=13.134780688784303
2025-04-30 13:43:21,753 - INFO - Node 3: k=419.56486496183, f_best=14.721839904785156, f_min=10.235662322652388
2025-04-30 13:43:21,753 - INFO - Node 4: k=331.8235416838414, f_best=15.436863899230957, f_min=14.026043048334031
2025-04-30 13:43:21,753 - INFO - Node 5: k=318.87590139484604, f_best=14.718137741088867, f_min=12.919063954614103
2025-04-30 13:43:21,753 - INFO - Node 6: k=205.81700437498785, f_best=15.79873275756836, f_min=15.456255348993182
2025-04-30 13:43:21,753 - INFO - Node 7: k=238.94715256661206, f_best=14.654548645019531, f_min=14.618859634580076
2025-04-30 13:43:21,753 - INFO - cur_node_number 16,f_best 14.654548645019531,f_min 14.618859634580076,k 238.94715256661206
2025-04-30 13:43:21,753 - INFO - f_best_current 14.654548645019531,f_min 14.618859634580076
2025-04-30 13:43:21,753 - INFO - 结束,fmin= 14.618859634580076, fbestmin=14.654548645019531
