2025-04-30 13:17:12,122 - INFO - Namespace(log_file='outputs/DNN5/img[0]/min/DNN5img0_label6.log', image_path='img[0].png', model_path='network/DNN5.pth', label=6, init_epsilon=0.05, epsilon=0.01, ep=1, min=1)
2025-04-30 13:17:12,138 - INFO - Model output max(1): torch.return_types.max(
values=tensor([22.2955], grad_fn=<MaxBackward0>),
indices=tensor([0]))
2025-04-30 13:17:21,293 - INFO - cur_node_number 1,f_best -14.028061866760254,f_min -18.37783031995059,k 552.866283558504
2025-04-30 13:17:21,293 - INFO - f_best_current -14.028061866760254,f_min -18.37783031995059
2025-04-30 13:17:37,075 - INFO - tree_node.f_best*ep:-14.028061866760254,left_f_best-12.388764381408691,right_f_best-13.963139533996582,i:1
2025-04-30 13:17:53,977 - INFO - tree_node.f_best*ep:-14.028061866760254,left_f_best-12.560250282287598,right_f_best-14.1051607131958,i:2
2025-04-30 13:18:57,673 - INFO - 添加左子节点，右子节点，len(queue):2
2025-04-30 13:18:57,673 - INFO - Node 1: k=552.866283558504, f_best=-14.028061866760254, f_min=-18.37783031995059
2025-04-30 13:18:57,673 - INFO - Node 2: k=97.84080186840298, f_best=-12.560250282287598, f_min=-12.56961143494982
2025-04-30 13:18:57,673 - INFO - Node 3: k=245.8027359024668, f_best=-14.1051607131958, f_min=-15.386592829061556
2025-04-30 13:18:57,673 - INFO - cur_node_number 2,f_best -14.1051607131958,f_min -15.386592829061556,k 245.8027359024668
2025-04-30 13:18:57,673 - INFO - f_best_current -14.1051607131958,f_min -15.386592829061556
2025-04-30 13:19:13,200 - INFO - tree_node.f_best*ep:-14.1051607131958,left_f_best-12.710136413574219,right_f_best-14.071609497070312,i:1
2025-04-30 13:19:29,263 - INFO - tree_node.f_best*ep:-14.1051607131958,left_f_best-12.582139015197754,right_f_best-14.057049751281738,i:2
2025-04-30 13:19:46,217 - INFO - tree_node.f_best*ep:-14.1051607131958,left_f_best-12.54201602935791,right_f_best-14.117474555969238,i:3
2025-04-30 13:20:49,916 - INFO - 添加左子节点，右子节点，len(queue):3
2025-04-30 13:20:49,916 - INFO - Node 1: k=552.866283558504, f_best=-14.028061866760254, f_min=-18.37783031995059
2025-04-30 13:20:49,916 - INFO - Node 2: k=97.84080186840298, f_best=-12.560250282287598, f_min=-12.56961143494982
2025-04-30 13:20:49,916 - INFO - Node 3: k=245.8027359024668, f_best=-14.1051607131958, f_min=-15.386592829061556
2025-04-30 13:20:49,916 - INFO - Node 4: k=126.00140870826262, f_best=-12.54201602935791, f_min=-13.41089867232131
2025-04-30 13:20:49,916 - INFO - Node 5: k=175.2507978715324, f_best=-14.117474555969238, f_min=-20.474095087031856
2025-04-30 13:20:49,916 - INFO - cur_node_number 3,f_best -14.117474555969238,f_min -20.474095087031856,k 175.2507978715324
2025-04-30 13:20:49,916 - INFO - f_best_current -14.117474555969238,f_min -20.474095087031856
2025-04-30 13:21:04,785 - INFO - tree_node.f_best*ep:-14.117474555969238,left_f_best-12.568310737609863,right_f_best-14.07319164276123,i:1
2025-04-30 13:21:20,880 - INFO - tree_node.f_best*ep:-14.117474555969238,left_f_best-12.486241340637207,right_f_best-14.075079917907715,i:2
2025-04-30 13:21:37,714 - INFO - tree_node.f_best*ep:-14.117474555969238,left_f_best-12.460413932800293,right_f_best-14.110655784606934,i:3
2025-04-30 13:21:55,414 - INFO - tree_node.f_best*ep:-14.117474555969238,left_f_best-12.690812110900879,right_f_best-14.118376731872559,i:4
2025-04-30 13:23:08,600 - INFO - 添加左子节点，右子节点，len(queue):4
2025-04-30 13:23:08,600 - INFO - Node 1: k=552.866283558504, f_best=-14.028061866760254, f_min=-18.37783031995059
2025-04-30 13:23:08,600 - INFO - Node 2: k=97.84080186840298, f_best=-12.560250282287598, f_min=-12.56961143494982
2025-04-30 13:23:08,600 - INFO - Node 3: k=245.8027359024668, f_best=-14.1051607131958, f_min=-15.386592829061556
2025-04-30 13:23:08,600 - INFO - Node 4: k=126.00140870826262, f_best=-12.54201602935791, f_min=-13.41089867232131
2025-04-30 13:23:08,616 - INFO - Node 5: k=175.2507978715324, f_best=-14.117474555969238, f_min=-20.474095087031856
2025-04-30 13:23:08,616 - INFO - Node 6: k=239.57618436877985, f_best=-12.690812110900879, f_min=-13.583959230476466
2025-04-30 13:23:08,616 - INFO - Node 7: k=191.66921665827874, f_best=-14.118376731872559, f_min=-14.176868400884814
2025-04-30 13:23:08,616 - INFO - cur_node_number 4,f_best -14.118376731872559,f_min -14.176868400884814,k 191.66921665827874
2025-04-30 13:23:08,616 - INFO - f_best_current -14.118376731872559,f_min -14.176868400884814
2025-04-30 13:23:08,616 - INFO - 结束,fmin= -14.176868400884814, fbestmin=-14.118376731872559
