2025-04-30 14:22:32,274 - INFO - Namespace(log_file='outputs/DNN5/img[0]/min/DNN5img0_label3.log', image_path='img[0].png', model_path='network/DNN5.pth', label=3, init_epsilon=0.05, epsilon=0.01, ep=1, min=1)
2025-04-30 14:22:32,288 - INFO - Model output max(1): torch.return_types.max(
values=tensor([22.2955], grad_fn=<MaxBackward0>),
indices=tensor([0]))
2025-04-30 14:22:42,434 - INFO - cur_node_number 1,f_best -13.806522369384766,f_min -27.378853132140648,k 955.3529379890948
2025-04-30 14:22:42,434 - INFO - f_best_current -13.806522369384766,f_min -27.378853132140648
2025-04-30 14:22:58,020 - INFO - tree_node.f_best*ep:-13.806522369384766,left_f_best-12.672966003417969,right_f_best-13.768255233764648,i:1
2025-04-30 14:23:13,768 - INFO - tree_node.f_best*ep:-13.806522369384766,left_f_best-12.565934181213379,right_f_best-13.752647399902344,i:2
2025-04-30 14:23:30,218 - INFO - tree_node.f_best*ep:-13.806522369384766,left_f_best-12.561978340148926,right_f_best-13.77406120300293,i:3
2025-04-30 14:23:47,573 - INFO - tree_node.f_best*ep:-13.806522369384766,left_f_best-12.704788208007812,right_f_best-13.836191177368164,i:4
2025-04-30 14:24:57,616 - INFO - 添加左子节点，右子节点，len(queue):2
2025-04-30 14:24:57,616 - INFO - Node 1: k=955.3529379890948, f_best=-13.806522369384766, f_min=-27.378853132140648
2025-04-30 14:24:57,616 - INFO - Node 2: k=165.7878936552874, f_best=-12.704788208007812, f_min=-13.382997131614502
2025-04-30 14:24:57,617 - INFO - Node 3: k=225.69160296499243, f_best=-13.836191177368164, f_min=-18.078954233445984
2025-04-30 14:24:57,617 - INFO - cur_node_number 2,f_best -13.836191177368164,f_min -18.078954233445984,k 225.69160296499243
2025-04-30 14:24:57,617 - INFO - f_best_current -13.836191177368164,f_min -18.078954233445984
2025-04-30 14:25:12,928 - INFO - tree_node.f_best*ep:-13.836191177368164,left_f_best-12.628195762634277,right_f_best-13.71993637084961,i:1
2025-04-30 14:25:28,300 - INFO - tree_node.f_best*ep:-13.836191177368164,left_f_best-12.667854309082031,right_f_best-13.651056289672852,i:2
2025-04-30 14:25:45,169 - INFO - tree_node.f_best*ep:-13.836191177368164,left_f_best-12.584930419921875,right_f_best-13.80461311340332,i:3
2025-04-30 14:26:02,854 - INFO - tree_node.f_best*ep:-13.836191177368164,left_f_best-12.599531173706055,right_f_best-13.700164794921875,i:4
2025-04-30 14:26:21,330 - INFO - tree_node.f_best*ep:-13.836191177368164,left_f_best-12.697284698486328,right_f_best-13.850460052490234,i:5
2025-04-30 14:27:23,249 - INFO - 添加左子节点，右子节点，len(queue):3
2025-04-30 14:27:23,250 - INFO - Node 1: k=955.3529379890948, f_best=-13.806522369384766, f_min=-27.378853132140648
2025-04-30 14:27:23,250 - INFO - Node 2: k=165.7878936552874, f_best=-12.704788208007812, f_min=-13.382997131614502
2025-04-30 14:27:23,250 - INFO - Node 3: k=225.69160296499243, f_best=-13.836191177368164, f_min=-18.078954233445984
2025-04-30 14:27:23,250 - INFO - Node 4: k=109.15788565692998, f_best=-12.697284698486328, f_min=-14.501736061623433
2025-04-30 14:27:23,250 - INFO - Node 5: k=151.58647354588086, f_best=-13.850460052490234, f_min=-15.118745855515954
2025-04-30 14:27:23,250 - INFO - cur_node_number 3,f_best -13.850460052490234,f_min -15.118745855515954,k 151.58647354588086
2025-04-30 14:27:23,251 - INFO - f_best_current -13.850460052490234,f_min -15.118745855515954
2025-04-30 14:27:38,857 - INFO - tree_node.f_best*ep:-13.850460052490234,left_f_best-12.593676567077637,right_f_best-13.754228591918945,i:1
2025-04-30 14:27:54,989 - INFO - tree_node.f_best*ep:-13.850460052490234,left_f_best-12.531274795532227,right_f_best-13.706703186035156,i:2
2025-04-30 14:28:11,287 - INFO - tree_node.f_best*ep:-13.850460052490234,left_f_best-12.589227676391602,right_f_best-13.777351379394531,i:3
2025-04-30 14:28:28,835 - INFO - tree_node.f_best*ep:-13.850460052490234,left_f_best-12.64947509765625,right_f_best-13.824036598205566,i:4
2025-04-30 14:28:47,275 - INFO - tree_node.f_best*ep:-13.850460052490234,left_f_best-12.617581367492676,right_f_best-13.839738845825195,i:5
2025-04-30 14:29:05,809 - INFO - tree_node.f_best*ep:-13.850460052490234,left_f_best-12.685700416564941,right_f_best-13.766884803771973,i:6
2025-04-30 14:29:25,350 - INFO - tree_node.f_best*ep:-13.850460052490234,left_f_best-12.675056457519531,right_f_best-13.856945037841797,i:7
2025-04-30 14:30:29,683 - INFO - 添加左子节点，右子节点，len(queue):4
2025-04-30 14:30:29,683 - INFO - Node 1: k=955.3529379890948, f_best=-13.806522369384766, f_min=-27.378853132140648
2025-04-30 14:30:29,683 - INFO - Node 2: k=165.7878936552874, f_best=-12.704788208007812, f_min=-13.382997131614502
2025-04-30 14:30:29,684 - INFO - Node 3: k=225.69160296499243, f_best=-13.836191177368164, f_min=-18.078954233445984
2025-04-30 14:30:29,684 - INFO - Node 4: k=109.15788565692998, f_best=-12.697284698486328, f_min=-14.501736061623433
2025-04-30 14:30:29,684 - INFO - Node 5: k=151.58647354588086, f_best=-13.850460052490234, f_min=-15.118745855515954
2025-04-30 14:30:29,684 - INFO - Node 6: k=215.64012994489613, f_best=-12.675056457519531, f_min=-14.885341456671995
2025-04-30 14:30:29,684 - INFO - Node 7: k=86.8287438174356, f_best=-13.856945037841797, f_min=-14.124794808964907
2025-04-30 14:30:29,684 - INFO - cur_node_number 4,f_best -13.856945037841797,f_min -14.124794808964907,k 86.8287438174356
2025-04-30 14:30:29,684 - INFO - f_best_current -13.856945037841797,f_min -14.124794808964907
2025-04-30 14:30:45,323 - INFO - tree_node.f_best*ep:-13.856945037841797,left_f_best-12.631285667419434,right_f_best-13.75041389465332,i:1
2025-04-30 14:31:01,584 - INFO - tree_node.f_best*ep:-13.856945037841797,left_f_best-12.623678207397461,right_f_best-13.741033554077148,i:2
2025-04-30 14:31:18,408 - INFO - tree_node.f_best*ep:-13.856945037841797,left_f_best-12.729701042175293,right_f_best-13.768939971923828,i:3
2025-04-30 14:31:36,079 - INFO - tree_node.f_best*ep:-13.856945037841797,left_f_best-12.700508117675781,right_f_best-13.787812232971191,i:4
2025-04-30 14:31:54,298 - INFO - tree_node.f_best*ep:-13.856945037841797,left_f_best-12.62520980834961,right_f_best-13.778676986694336,i:5
2025-04-30 14:32:13,222 - INFO - tree_node.f_best*ep:-13.856945037841797,left_f_best-12.685522079467773,right_f_best-13.79116153717041,i:6
2025-04-30 14:32:33,442 - INFO - tree_node.f_best*ep:-13.856945037841797,left_f_best-12.645965576171875,right_f_best-13.852800369262695,i:7
2025-04-30 14:32:53,919 - INFO - tree_node.f_best*ep:-13.856945037841797,left_f_best-12.704595565795898,right_f_best-13.83112907409668,i:8
2025-04-30 14:33:15,502 - INFO - tree_node.f_best*ep:-13.856945037841797,left_f_best-12.639997482299805,right_f_best-13.842388153076172,i:9
2025-04-30 14:33:37,834 - INFO - tree_node.f_best*ep:-13.856945037841797,left_f_best-12.659577369689941,right_f_best-13.844183921813965,i:10
2025-04-30 14:34:01,239 - INFO - tree_node.f_best*ep:-13.856945037841797,left_f_best-12.750842094421387,right_f_best-13.866684913635254,i:11
2025-04-30 14:35:07,080 - INFO - 添加左子节点，右子节点，len(queue):5
2025-04-30 14:35:07,081 - INFO - Node 1: k=955.3529379890948, f_best=-13.806522369384766, f_min=-27.378853132140648
2025-04-30 14:35:07,081 - INFO - Node 2: k=165.7878936552874, f_best=-12.704788208007812, f_min=-13.382997131614502
2025-04-30 14:35:07,081 - INFO - Node 3: k=225.69160296499243, f_best=-13.836191177368164, f_min=-18.078954233445984
2025-04-30 14:35:07,081 - INFO - Node 4: k=109.15788565692998, f_best=-12.697284698486328, f_min=-14.501736061623433
2025-04-30 14:35:07,081 - INFO - Node 5: k=151.58647354588086, f_best=-13.850460052490234, f_min=-15.118745855515954
2025-04-30 14:35:07,081 - INFO - Node 6: k=215.64012994489613, f_best=-12.675056457519531, f_min=-14.885341456671995
2025-04-30 14:35:07,081 - INFO - Node 7: k=86.8287438174356, f_best=-13.856945037841797, f_min=-14.124794808964907
2025-04-30 14:35:07,081 - INFO - Node 8: k=179.524532356583, f_best=-12.750842094421387, f_min=-14.321163809363497
2025-04-30 14:35:07,081 - INFO - Node 9: k=159.3189071559386, f_best=-13.866684913635254, f_min=-14.166248700459619
2025-04-30 14:35:07,081 - INFO - cur_node_number 5,f_best -13.866684913635254,f_min -14.166248700459619,k 159.3189071559386
2025-04-30 14:35:07,082 - INFO - f_best_current -13.866684913635254,f_min -14.166248700459619
2025-04-30 14:35:07,082 - INFO - 回退,len(queue)=3
2025-04-30 14:35:07,082 - INFO - 回退,len(queue)=2
2025-04-30 14:35:20,543 - INFO - tree_node.f_best*ep:-13.850460052490234,left_f_best-12.639019012451172,right_f_best-13.732355117797852,i:1
2025-04-30 14:35:35,920 - INFO - tree_node.f_best*ep:-13.850460052490234,left_f_best-12.550459861755371,right_f_best-13.721830368041992,i:2
2025-04-30 14:35:52,222 - INFO - tree_node.f_best*ep:-13.850460052490234,left_f_best-12.678716659545898,right_f_best-13.793685913085938,i:3
2025-04-30 14:36:08,768 - INFO - tree_node.f_best*ep:-13.850460052490234,left_f_best-12.618189811706543,right_f_best-13.782508850097656,i:4
2025-04-30 14:36:24,554 - INFO - tree_node.f_best*ep:-13.850460052490234,left_f_best-12.68088436126709,right_f_best-13.80499267578125,i:5
2025-04-30 14:36:41,690 - INFO - tree_node.f_best*ep:-13.850460052490234,left_f_best-12.677112579345703,right_f_best-13.798896789550781,i:6
2025-04-30 14:37:00,439 - INFO - tree_node.f_best*ep:-13.850460052490234,left_f_best-12.701702117919922,right_f_best-13.828941345214844,i:7
2025-04-30 14:37:19,847 - INFO - tree_node.f_best*ep:-13.850460052490234,left_f_best-12.63814926147461,right_f_best-13.835427284240723,i:8
2025-04-30 14:37:37,165 - INFO - tree_node.f_best*ep:-13.850460052490234,left_f_best-12.702799797058105,right_f_best-13.830352783203125,i:9
2025-04-30 14:37:52,292 - INFO - tree_node.f_best*ep:-13.850460052490234,left_f_best-12.684232711791992,right_f_best-13.788358688354492,i:10
2025-04-30 14:38:10,084 - INFO - tree_node.f_best*ep:-13.850460052490234,left_f_best-12.659257888793945,right_f_best-13.91099739074707,i:11
2025-04-30 14:39:05,227 - INFO - 添加左子节点，右子节点，len(queue):4
2025-04-30 14:39:05,227 - INFO - Node 1: k=955.3529379890948, f_best=-13.806522369384766, f_min=-27.378853132140648
2025-04-30 14:39:05,228 - INFO - Node 2: k=165.7878936552874, f_best=-12.704788208007812, f_min=-13.382997131614502
2025-04-30 14:39:05,228 - INFO - Node 3: k=225.69160296499243, f_best=-13.836191177368164, f_min=-18.078954233445984
2025-04-30 14:39:05,228 - INFO - Node 4: k=109.15788565692998, f_best=-12.697284698486328, f_min=-14.501736061623433
2025-04-30 14:39:05,228 - INFO - Node 5: k=159.3189071559386, f_best=-13.850460052490234, f_min=-15.118745855515954
2025-04-30 14:39:05,228 - INFO - Node 6: k=111.35195915863427, f_best=-12.659257888793945, f_min=-12.998452155748055
2025-04-30 14:39:05,228 - INFO - Node 7: k=179.524532356583, f_best=-13.91099739074707, f_min=-14.055412657718989
2025-04-30 14:39:05,228 - INFO - cur_node_number 6,f_best -13.91099739074707,f_min -14.055412657718989,k 179.524532356583
2025-04-30 14:39:05,229 - INFO - f_best_current -13.91099739074707,f_min -14.055412657718989
2025-04-30 14:39:05,229 - INFO - 回退,len(queue)=2
2025-04-30 14:39:18,510 - INFO - tree_node.f_best*ep:-13.850460052490234,left_f_best-12.689289093017578,right_f_best-13.78244686126709,i:1
2025-04-30 14:39:34,556 - INFO - tree_node.f_best*ep:-13.850460052490234,left_f_best-12.689945220947266,right_f_best-13.791910171508789,i:2
2025-04-30 14:39:48,397 - INFO - tree_node.f_best*ep:-13.850460052490234,left_f_best-12.639532089233398,right_f_best-13.775947570800781,i:3
2025-04-30 14:40:03,499 - INFO - tree_node.f_best*ep:-13.850460052490234,left_f_best-12.5765380859375,right_f_best-13.745861053466797,i:4
2025-04-30 14:40:21,761 - INFO - tree_node.f_best*ep:-13.850460052490234,left_f_best-12.637216567993164,right_f_best-13.816667556762695,i:5
2025-04-30 14:40:40,946 - INFO - tree_node.f_best*ep:-13.850460052490234,left_f_best-12.68080997467041,right_f_best-13.877876281738281,i:6
2025-04-30 14:41:47,644 - INFO - 添加左子节点，右子节点，len(queue):4
2025-04-30 14:41:47,644 - INFO - Node 1: k=955.3529379890948, f_best=-13.806522369384766, f_min=-27.378853132140648
2025-04-30 14:41:47,644 - INFO - Node 2: k=165.7878936552874, f_best=-12.704788208007812, f_min=-13.382997131614502
2025-04-30 14:41:47,644 - INFO - Node 3: k=225.69160296499243, f_best=-13.836191177368164, f_min=-18.078954233445984
2025-04-30 14:41:47,645 - INFO - Node 4: k=109.15788565692998, f_best=-12.697284698486328, f_min=-14.501736061623433
2025-04-30 14:41:47,645 - INFO - Node 5: k=179.524532356583, f_best=-13.850460052490234, f_min=-15.118745855515954
2025-04-30 14:41:47,645 - INFO - Node 6: k=175.98718984078326, f_best=-12.68080997467041, f_min=-13.812820490667036
2025-04-30 14:41:47,645 - INFO - Node 7: k=154.63336166415309, f_best=-13.877876281738281, f_min=-17.389221039379663
2025-04-30 14:41:47,645 - INFO - cur_node_number 7,f_best -13.877876281738281,f_min -17.389221039379663,k 154.63336166415309
2025-04-30 14:41:47,645 - INFO - f_best_current -13.877876281738281,f_min -17.389221039379663
2025-04-30 14:42:00,504 - INFO - tree_node.f_best*ep:-13.877876281738281,left_f_best-12.465301513671875,right_f_best-13.7141752243042,i:1
2025-04-30 14:42:14,484 - INFO - tree_node.f_best*ep:-13.877876281738281,left_f_best-12.674372673034668,right_f_best-13.729318618774414,i:2
2025-04-30 14:42:29,392 - INFO - tree_node.f_best*ep:-13.877876281738281,left_f_best-12.617635726928711,right_f_best-13.797677993774414,i:3
2025-04-30 14:42:45,391 - INFO - tree_node.f_best*ep:-13.877876281738281,left_f_best-12.627540588378906,right_f_best-13.811819076538086,i:4
2025-04-30 14:43:01,617 - INFO - tree_node.f_best*ep:-13.877876281738281,left_f_best-12.607218742370605,right_f_best-13.814523696899414,i:5
2025-04-30 14:43:18,488 - INFO - tree_node.f_best*ep:-13.877876281738281,left_f_best-12.683908462524414,right_f_best-13.866595268249512,i:6
2025-04-30 14:43:35,619 - INFO - tree_node.f_best*ep:-13.877876281738281,left_f_best-12.716714859008789,right_f_best-13.836889266967773,i:7
2025-04-30 14:43:53,627 - INFO - tree_node.f_best*ep:-13.877876281738281,left_f_best-12.720438957214355,right_f_best-13.81887435913086,i:8
2025-04-30 14:44:12,781 - INFO - tree_node.f_best*ep:-13.877876281738281,left_f_best-12.638826370239258,right_f_best-13.872702598571777,i:9
2025-04-30 14:44:32,606 - INFO - tree_node.f_best*ep:-13.877876281738281,left_f_best-12.739789009094238,right_f_best-13.83238410949707,i:10
2025-04-30 14:44:52,928 - INFO - tree_node.f_best*ep:-13.877876281738281,left_f_best-12.707626342773438,right_f_best-13.832717895507812,i:11
2025-04-30 14:45:14,044 - INFO - tree_node.f_best*ep:-13.877876281738281,left_f_best-12.713180541992188,right_f_best-13.877876281738281,i:12
2025-04-30 14:46:20,239 - INFO - 添加左子节点，右子节点，len(queue):5
2025-04-30 14:46:20,239 - INFO - Node 1: k=955.3529379890948, f_best=-13.806522369384766, f_min=-27.378853132140648
2025-04-30 14:46:20,239 - INFO - Node 2: k=165.7878936552874, f_best=-12.704788208007812, f_min=-13.382997131614502
2025-04-30 14:46:20,239 - INFO - Node 3: k=225.69160296499243, f_best=-13.836191177368164, f_min=-18.078954233445984
2025-04-30 14:46:20,239 - INFO - Node 4: k=109.15788565692998, f_best=-12.697284698486328, f_min=-14.501736061623433
2025-04-30 14:46:20,239 - INFO - Node 5: k=179.524532356583, f_best=-13.850460052490234, f_min=-15.118745855515954
2025-04-30 14:46:20,240 - INFO - Node 6: k=175.98718984078326, f_best=-12.68080997467041, f_min=-13.812820490667036
2025-04-30 14:46:20,240 - INFO - Node 7: k=154.63336166415309, f_best=-13.877876281738281, f_min=-17.389221039379663
2025-04-30 14:46:20,240 - INFO - Node 8: k=164.1464293616707, f_best=-12.713180541992188, f_min=-12.94154928855096
2025-04-30 14:46:20,240 - INFO - Node 9: k=219.0540463078192, f_best=-13.877876281738281, f_min=-13.977560993365842
2025-04-30 14:46:20,240 - INFO - cur_node_number 8,f_best -13.877876281738281,f_min -13.977560993365842,k 219.0540463078192
2025-04-30 14:46:20,240 - INFO - f_best_current -13.877876281738281,f_min -13.977560993365842
2025-04-30 14:46:20,240 - INFO - 结束,fmin= -13.977560993365842, fbestmin=-13.877876281738281
