2025-04-30 18:04:58,478 - INFO - Namespace(log_file='outputs/DNN5/img[0]/max/DNN5img0_label4.log', image_path='img[0].png', model_path='network/DNN5.pth', label=4, init_epsilon=0.05, epsilon=0.01, ep=1, min=0)
2025-04-30 18:04:58,493 - INFO - Model output max(1): torch.return_types.max(
values=tensor([22.2955], grad_fn=<MaxBackward0>),
indices=tensor([0]))
2025-04-30 18:05:06,065 - INFO - cur_node_number 1,f_best 6.27595329284668,f_min 4.082974535685935,k 548.2971407191776
2025-04-30 18:05:06,065 - INFO - f_best_current 6.27595329284668,f_min 4.082974535685935
2025-04-30 18:05:16,887 - INFO - tree_node.f_best*ep:6.27595329284668,left_f_best7.137133598327637,right_f_best6.233536243438721,i:1
2025-04-30 18:06:07,236 - INFO - 添加左子节点，右子节点，len(queue):2
2025-04-30 18:06:07,236 - INFO - Node 1: k=548.2971407191776, f_best=6.27595329284668, f_min=4.082974535685935
2025-04-30 18:06:07,236 - INFO - Node 2: k=114.54673518932967, f_best=7.137133598327637, f_min=6.8842151703634045
2025-04-30 18:06:07,236 - INFO - Node 3: k=220.89881447529055, f_best=6.233536243438721, f_min=5.7534351287604295
2025-04-30 18:06:07,236 - INFO - cur_node_number 2,f_best 6.233536243438721,f_min 5.7534351287604295,k 220.89881447529055
2025-04-30 18:06:07,236 - INFO - f_best_current 6.233536243438721,f_min 5.7534351287604295
2025-04-30 18:06:17,952 - INFO - tree_node.f_best*ep:6.233536243438721,left_f_best7.069762229919434,right_f_best6.269460678100586,i:1
2025-04-30 18:06:29,146 - INFO - tree_node.f_best*ep:6.233536243438721,left_f_best7.106934547424316,right_f_best6.239527702331543,i:2
2025-04-30 18:06:40,873 - INFO - tree_node.f_best*ep:6.233536243438721,left_f_best7.047271728515625,right_f_best6.16143798828125,i:3
2025-04-30 18:07:34,012 - INFO - 添加左子节点，右子节点，len(queue):3
2025-04-30 18:07:34,012 - INFO - Node 1: k=548.2971407191776, f_best=6.27595329284668, f_min=4.082974535685935
2025-04-30 18:07:34,012 - INFO - Node 2: k=114.54673518932967, f_best=7.137133598327637, f_min=6.8842151703634045
2025-04-30 18:07:34,012 - INFO - Node 3: k=220.89881447529055, f_best=6.233536243438721, f_min=5.7534351287604295
2025-04-30 18:07:34,012 - INFO - Node 4: k=137.01478814486555, f_best=7.047271728515625, f_min=5.982864604493443
2025-04-30 18:07:34,012 - INFO - Node 5: k=244.00971794651082, f_best=6.16143798828125, f_min=5.228306745888403
2025-04-30 18:07:34,012 - INFO - cur_node_number 3,f_best 6.16143798828125,f_min 5.228306745888403,k 244.00971794651082
2025-04-30 18:07:34,012 - INFO - f_best_current 6.16143798828125,f_min 5.228306745888403
2025-04-30 18:07:34,012 - INFO - 回退,len(queue)=1
2025-04-30 18:07:44,796 - INFO - tree_node.f_best*ep:6.233536243438721,left_f_best7.121007442474365,right_f_best6.3146443367004395,i:1
2025-04-30 18:07:56,020 - INFO - tree_node.f_best*ep:6.233536243438721,left_f_best7.0997233390808105,right_f_best6.178076267242432,i:2
2025-04-30 18:08:50,762 - INFO - 添加左子节点，右子节点，len(queue):3
2025-04-30 18:08:50,762 - INFO - Node 1: k=548.2971407191776, f_best=6.27595329284668, f_min=4.082974535685935
2025-04-30 18:08:50,762 - INFO - Node 2: k=114.54673518932967, f_best=7.137133598327637, f_min=6.8842151703634045
2025-04-30 18:08:50,762 - INFO - Node 3: k=244.00971794651082, f_best=6.233536243438721, f_min=5.7534351287604295
2025-04-30 18:08:50,762 - INFO - Node 4: k=141.7596451887838, f_best=7.0997233390808105, f_min=6.483434582081827
2025-04-30 18:08:50,762 - INFO - Node 5: k=264.22755931679575, f_best=6.178076267242432, f_min=5.78729134445166
2025-04-30 18:08:50,762 - INFO - cur_node_number 4,f_best 6.178076267242432,f_min 5.78729134445166,k 264.22755931679575
2025-04-30 18:08:50,762 - INFO - f_best_current 6.178076267242432,f_min 5.78729134445166
2025-04-30 18:08:50,762 - INFO - 回退,len(queue)=1
2025-04-30 18:09:01,550 - INFO - tree_node.f_best*ep:6.233536243438721,left_f_best7.142190456390381,right_f_best6.196449279785156,i:1
2025-04-30 18:09:50,303 - INFO - 添加左子节点，右子节点，len(queue):3
2025-04-30 18:09:50,303 - INFO - Node 1: k=548.2971407191776, f_best=6.27595329284668, f_min=4.082974535685935
2025-04-30 18:09:50,303 - INFO - Node 2: k=114.54673518932967, f_best=7.137133598327637, f_min=6.8842151703634045
2025-04-30 18:09:50,303 - INFO - Node 3: k=264.22755931679575, f_best=6.233536243438721, f_min=5.7534351287604295
2025-04-30 18:09:50,303 - INFO - Node 4: k=182.84676592636134, f_best=7.142190456390381, f_min=6.9171250199688075
2025-04-30 18:09:50,303 - INFO - Node 5: k=129.81937739353168, f_best=6.196449279785156, f_min=5.71904497192827
2025-04-30 18:09:50,303 - INFO - cur_node_number 5,f_best 6.196449279785156,f_min 5.71904497192827,k 129.81937739353168
2025-04-30 18:09:50,303 - INFO - f_best_current 6.196449279785156,f_min 5.71904497192827
2025-04-30 18:10:01,143 - INFO - tree_node.f_best*ep:6.196449279785156,left_f_best7.1775736808776855,right_f_best6.191528797149658,i:1
2025-04-30 18:10:49,310 - INFO - 添加左子节点，右子节点，len(queue):4
2025-04-30 18:10:49,310 - INFO - Node 1: k=548.2971407191776, f_best=6.27595329284668, f_min=4.082974535685935
2025-04-30 18:10:49,310 - INFO - Node 2: k=114.54673518932967, f_best=7.137133598327637, f_min=6.8842151703634045
2025-04-30 18:10:49,310 - INFO - Node 3: k=264.22755931679575, f_best=6.233536243438721, f_min=5.7534351287604295
2025-04-30 18:10:49,310 - INFO - Node 4: k=182.84676592636134, f_best=7.142190456390381, f_min=6.9171250199688075
2025-04-30 18:10:49,310 - INFO - Node 5: k=129.81937739353168, f_best=6.196449279785156, f_min=5.71904497192827
2025-04-30 18:10:49,310 - INFO - Node 6: k=108.98728816002371, f_best=7.1775736808776855, f_min=6.933426943396626
2025-04-30 18:10:49,310 - INFO - Node 7: k=182.84676592636134, f_best=6.191528797149658, f_min=6.138750057367361
2025-04-30 18:10:49,310 - INFO - cur_node_number 6,f_best 6.191528797149658,f_min 6.138750057367361,k 182.84676592636134
2025-04-30 18:10:49,310 - INFO - f_best_current 6.191528797149658,f_min 6.138750057367361
2025-04-30 18:10:49,310 - INFO - 结束,fmin= 6.138750057367361, fbestmin=6.191528797149658
