2025-04-30 14:42:06,244 - INFO - Namespace(log_file='outputs/DNN5/img[0]/max/DNN5img0_label0.log', image_path='img[0].png', model_path='network/DNN5.pth', label=0, init_epsilon=0.05, epsilon=0.01, ep=1, min=0)
2025-04-30 14:42:06,260 - INFO - Model output max(1): torch.return_types.max(
values=tensor([22.2955], grad_fn=<MaxBackward0>),
indices=tensor([0]))
2025-04-30 14:42:16,278 - INFO - cur_node_number 1,f_best -26.760438919067383,f_min -33.63161290948483,k 1146.4235255869137
2025-04-30 14:42:16,278 - INFO - f_best_current -26.760438919067383,f_min -33.63161290948483
2025-04-30 14:42:30,081 - INFO - tree_node.f_best*ep:-26.760438919067383,left_f_best-25.384605407714844,right_f_best-26.80385398864746,i:1
2025-04-30 14:43:41,462 - INFO - 添加左子节点，右子节点，len(queue):2
2025-04-30 14:43:41,462 - INFO - Node 1: k=1146.4235255869137, f_best=-26.760438919067383, f_min=-33.63161290948483
2025-04-30 14:43:41,462 - INFO - Node 2: k=319.715346773323, f_best=-25.384605407714844, f_min=-26.77344280433681
2025-04-30 14:43:41,462 - INFO - Node 3: k=204.31566394795584, f_best=-26.80385398864746, f_min=-31.55842698003744
2025-04-30 14:43:41,462 - INFO - cur_node_number 2,f_best -26.80385398864746,f_min -31.55842698003744,k 204.31566394795584
2025-04-30 14:43:41,462 - INFO - f_best_current -26.80385398864746,f_min -31.55842698003744
2025-04-30 14:43:55,040 - INFO - tree_node.f_best*ep:-26.80385398864746,left_f_best-25.359094619750977,right_f_best-26.81092643737793,i:1
2025-04-30 14:45:05,491 - INFO - 添加左子节点，右子节点，len(queue):3
2025-04-30 14:45:05,491 - INFO - Node 1: k=1146.4235255869137, f_best=-26.760438919067383, f_min=-33.63161290948483
2025-04-30 14:45:05,491 - INFO - Node 2: k=319.715346773323, f_best=-25.384605407714844, f_min=-26.77344280433681
2025-04-30 14:45:05,491 - INFO - Node 3: k=204.31566394795584, f_best=-26.80385398864746, f_min=-31.55842698003744
2025-04-30 14:45:05,491 - INFO - Node 4: k=207.22592635876555, f_best=-25.359094619750977, f_min=-26.039117070255998
2025-04-30 14:45:05,492 - INFO - Node 5: k=237.20414293938597, f_best=-26.81092643737793, f_min=-29.872772493261436
2025-04-30 14:45:05,492 - INFO - cur_node_number 3,f_best -26.81092643737793,f_min -29.872772493261436,k 237.20414293938597
2025-04-30 14:45:05,492 - INFO - f_best_current -26.81092643737793,f_min -29.872772493261436
2025-04-30 14:45:05,492 - INFO - 回退,len(queue)=1
2025-04-30 14:45:19,482 - INFO - tree_node.f_best*ep:-26.80385398864746,left_f_best-25.28639793395996,right_f_best-26.832685470581055,i:1
2025-04-30 14:46:25,151 - INFO - 添加左子节点，右子节点，len(queue):3
2025-04-30 14:46:25,151 - INFO - Node 1: k=1146.4235255869137, f_best=-26.760438919067383, f_min=-33.63161290948483
2025-04-30 14:46:25,151 - INFO - Node 2: k=319.715346773323, f_best=-25.384605407714844, f_min=-26.77344280433681
2025-04-30 14:46:25,151 - INFO - Node 3: k=237.20414293938597, f_best=-26.80385398864746, f_min=-31.55842698003744
2025-04-30 14:46:25,151 - INFO - Node 4: k=209.2981856223532, f_best=-25.28639793395996, f_min=-25.43463428317409
2025-04-30 14:46:25,151 - INFO - Node 5: k=147.12833778272648, f_best=-26.832685470581055, f_min=-28.24380278366789
2025-04-30 14:46:25,151 - INFO - cur_node_number 4,f_best -26.832685470581055,f_min -28.24380278366789,k 147.12833778272648
2025-04-30 14:46:25,151 - INFO - f_best_current -26.832685470581055,f_min -28.24380278366789
2025-04-30 14:46:37,307 - INFO - tree_node.f_best*ep:-26.832685470581055,left_f_best-25.365793228149414,right_f_best-26.806987762451172,i:1
2025-04-30 14:46:49,846 - INFO - tree_node.f_best*ep:-26.832685470581055,left_f_best-25.36923599243164,right_f_best-26.801551818847656,i:2
2025-04-30 14:47:02,866 - INFO - tree_node.f_best*ep:-26.832685470581055,left_f_best-25.373693466186523,right_f_best-26.845890045166016,i:3
2025-04-30 14:47:58,202 - INFO - 添加左子节点，右子节点，len(queue):4
2025-04-30 14:47:58,202 - INFO - Node 1: k=1146.4235255869137, f_best=-26.760438919067383, f_min=-33.63161290948483
2025-04-30 14:47:58,203 - INFO - Node 2: k=319.715346773323, f_best=-25.384605407714844, f_min=-26.77344280433681
2025-04-30 14:47:58,203 - INFO - Node 3: k=237.20414293938597, f_best=-26.80385398864746, f_min=-31.55842698003744
2025-04-30 14:47:58,203 - INFO - Node 4: k=209.2981856223532, f_best=-25.28639793395996, f_min=-25.43463428317409
2025-04-30 14:47:58,203 - INFO - Node 5: k=147.12833778272648, f_best=-26.832685470581055, f_min=-28.24380278366789
2025-04-30 14:47:58,203 - INFO - Node 6: k=165.7878936552874, f_best=-25.373693466186523, f_min=-27.901404010199258
2025-04-30 14:47:58,203 - INFO - Node 7: k=112.46547875022061, f_best=-26.845890045166016, f_min=-27.160313009519086
2025-04-30 14:47:58,203 - INFO - cur_node_number 5,f_best -26.845890045166016,f_min -27.160313009519086,k 112.46547875022061
2025-04-30 14:47:58,204 - INFO - f_best_current -26.845890045166016,f_min -27.160313009519086
2025-04-30 14:48:14,037 - INFO - tree_node.f_best*ep:-26.845890045166016,left_f_best-25.373350143432617,right_f_best-26.82159996032715,i:1
2025-04-30 14:48:30,307 - INFO - tree_node.f_best*ep:-26.845890045166016,left_f_best-25.321903228759766,right_f_best-26.83074951171875,i:2
2025-04-30 14:48:47,569 - INFO - tree_node.f_best*ep:-26.845890045166016,left_f_best-25.39362907409668,right_f_best-26.876140594482422,i:3
2025-04-30 14:50:02,214 - INFO - 添加左子节点，右子节点，len(queue):5
2025-04-30 14:50:02,214 - INFO - Node 1: k=1146.4235255869137, f_best=-26.760438919067383, f_min=-33.63161290948483
2025-04-30 14:50:02,214 - INFO - Node 2: k=319.715346773323, f_best=-25.384605407714844, f_min=-26.77344280433681
2025-04-30 14:50:02,214 - INFO - Node 3: k=237.20414293938597, f_best=-26.80385398864746, f_min=-31.55842698003744
2025-04-30 14:50:02,214 - INFO - Node 4: k=209.2981856223532, f_best=-25.28639793395996, f_min=-25.43463428317409
2025-04-30 14:50:02,214 - INFO - Node 5: k=147.12833778272648, f_best=-26.832685470581055, f_min=-28.24380278366789
2025-04-30 14:50:02,215 - INFO - Node 6: k=165.7878936552874, f_best=-25.373693466186523, f_min=-27.901404010199258
2025-04-30 14:50:02,215 - INFO - Node 7: k=112.46547875022061, f_best=-26.845890045166016, f_min=-27.160313009519086
2025-04-30 14:50:02,215 - INFO - Node 8: k=251.79697753619814, f_best=-25.39362907409668, f_min=-26.417246221702953
2025-04-30 14:50:02,215 - INFO - Node 9: k=157.74149223360257, f_best=-26.876140594482422, f_min=-28.77674507381471
2025-04-30 14:50:02,215 - INFO - cur_node_number 6,f_best -26.876140594482422,f_min -28.77674507381471,k 157.74149223360257
2025-04-30 14:50:02,215 - INFO - f_best_current -26.876140594482422,f_min -28.77674507381471
2025-04-30 14:50:02,215 - INFO - 回退,len(queue)=3
2025-04-30 14:50:02,216 - INFO - 回退,len(queue)=2
2025-04-30 14:50:17,460 - INFO - tree_node.f_best*ep:-26.832685470581055,left_f_best-25.385496139526367,right_f_best-26.767847061157227,i:1
2025-04-30 14:50:33,108 - INFO - tree_node.f_best*ep:-26.832685470581055,left_f_best-25.37947654724121,right_f_best-26.851640701293945,i:2
2025-04-30 14:51:40,777 - INFO - 添加左子节点，右子节点，len(queue):4
2025-04-30 14:51:40,777 - INFO - Node 1: k=1146.4235255869137, f_best=-26.760438919067383, f_min=-33.63161290948483
2025-04-30 14:51:40,777 - INFO - Node 2: k=319.715346773323, f_best=-25.384605407714844, f_min=-26.77344280433681
2025-04-30 14:51:40,778 - INFO - Node 3: k=237.20414293938597, f_best=-26.80385398864746, f_min=-31.55842698003744
2025-04-30 14:51:40,778 - INFO - Node 4: k=209.2981856223532, f_best=-25.28639793395996, f_min=-25.43463428317409
2025-04-30 14:51:40,778 - INFO - Node 5: k=157.74149223360257, f_best=-26.832685470581055, f_min=-28.24380278366789
2025-04-30 14:51:40,778 - INFO - Node 6: k=172.51954694714564, f_best=-25.37947654724121, f_min=-26.16312865319196
2025-04-30 14:51:40,778 - INFO - Node 7: k=135.87055149405833, f_best=-26.851640701293945, f_min=-28.41294139353886
2025-04-30 14:51:40,778 - INFO - cur_node_number 7,f_best -26.851640701293945,f_min -28.41294139353886,k 135.87055149405833
2025-04-30 14:51:40,778 - INFO - f_best_current -26.851640701293945,f_min -28.41294139353886
2025-04-30 14:51:56,614 - INFO - tree_node.f_best*ep:-26.851640701293945,left_f_best-25.330963134765625,right_f_best-26.810216903686523,i:1
2025-04-30 14:52:12,985 - INFO - tree_node.f_best*ep:-26.851640701293945,left_f_best-25.39818572998047,right_f_best-26.804237365722656,i:2
2025-04-30 14:52:30,114 - INFO - tree_node.f_best*ep:-26.851640701293945,left_f_best-25.37410545349121,right_f_best-26.85904884338379,i:3
2025-04-30 14:53:44,732 - INFO - 添加左子节点，右子节点，len(queue):5
2025-04-30 14:53:44,732 - INFO - Node 1: k=1146.4235255869137, f_best=-26.760438919067383, f_min=-33.63161290948483
2025-04-30 14:53:44,732 - INFO - Node 2: k=319.715346773323, f_best=-25.384605407714844, f_min=-26.77344280433681
2025-04-30 14:53:44,732 - INFO - Node 3: k=237.20414293938597, f_best=-26.80385398864746, f_min=-31.55842698003744
2025-04-30 14:53:44,733 - INFO - Node 4: k=209.2981856223532, f_best=-25.28639793395996, f_min=-25.43463428317409
2025-04-30 14:53:44,733 - INFO - Node 5: k=157.74149223360257, f_best=-26.832685470581055, f_min=-28.24380278366789
2025-04-30 14:53:44,733 - INFO - Node 6: k=172.51954694714564, f_best=-25.37947654724121, f_min=-26.16312865319196
2025-04-30 14:53:44,733 - INFO - Node 7: k=135.87055149405833, f_best=-26.851640701293945, f_min=-28.41294139353886
2025-04-30 14:53:44,733 - INFO - Node 8: k=157.74149223360257, f_best=-25.37410545349121, f_min=-26.151079421229042
2025-04-30 14:53:44,733 - INFO - Node 9: k=251.79697753619814, f_best=-26.85904884338379, f_min=-30.67867635706898
2025-04-30 14:53:44,734 - INFO - cur_node_number 8,f_best -26.85904884338379,f_min -30.67867635706898,k 251.79697753619814
2025-04-30 14:53:44,734 - INFO - f_best_current -26.85904884338379,f_min -30.67867635706898
2025-04-30 14:53:44,734 - INFO - 回退,len(queue)=3
2025-04-30 14:53:44,734 - INFO - 回退,len(queue)=2
2025-04-30 14:53:44,734 - INFO - 回退,len(queue)=1
2025-04-30 14:54:00,529 - INFO - tree_node.f_best*ep:-26.80385398864746,left_f_best-25.33755874633789,right_f_best-26.794301986694336,i:1
2025-04-30 14:54:17,049 - INFO - tree_node.f_best*ep:-26.80385398864746,left_f_best-25.390222549438477,right_f_best-26.857440948486328,i:2
2025-04-30 14:55:23,748 - INFO - 添加左子节点，右子节点，len(queue):3
2025-04-30 14:55:23,748 - INFO - Node 1: k=1146.4235255869137, f_best=-26.760438919067383, f_min=-33.63161290948483
2025-04-30 14:55:23,748 - INFO - Node 2: k=319.715346773323, f_best=-25.384605407714844, f_min=-26.77344280433681
2025-04-30 14:55:23,749 - INFO - Node 3: k=251.79697753619814, f_best=-26.80385398864746, f_min=-31.55842698003744
2025-04-30 14:55:23,749 - INFO - Node 4: k=169.8308620578499, f_best=-25.390222549438477, f_min=-26.45510853012547
2025-04-30 14:55:23,749 - INFO - Node 5: k=129.27616770280238, f_best=-26.857440948486328, f_min=-27.21185763082667
2025-04-30 14:55:23,749 - INFO - cur_node_number 9,f_best -26.857440948486328,f_min -27.21185763082667,k 129.27616770280238
2025-04-30 14:55:23,749 - INFO - f_best_current -26.857440948486328,f_min -27.21185763082667
2025-04-30 14:55:38,958 - INFO - tree_node.f_best*ep:-26.857440948486328,left_f_best-25.334535598754883,right_f_best-26.78644371032715,i:1
2025-04-30 14:55:54,952 - INFO - tree_node.f_best*ep:-26.857440948486328,left_f_best-25.38963508605957,right_f_best-26.88105583190918,i:2
2025-04-30 14:56:56,276 - INFO - 添加左子节点，右子节点，len(queue):4
2025-04-30 14:56:56,276 - INFO - Node 1: k=1146.4235255869137, f_best=-26.760438919067383, f_min=-33.63161290948483
2025-04-30 14:56:56,277 - INFO - Node 2: k=319.715346773323, f_best=-25.384605407714844, f_min=-26.77344280433681
2025-04-30 14:56:56,277 - INFO - Node 3: k=251.79697753619814, f_best=-26.80385398864746, f_min=-31.55842698003744
2025-04-30 14:56:56,277 - INFO - Node 4: k=169.8308620578499, f_best=-25.390222549438477, f_min=-26.45510853012547
2025-04-30 14:56:56,277 - INFO - Node 5: k=129.27616770280238, f_best=-26.857440948486328, f_min=-27.21185763082667
2025-04-30 14:56:56,277 - INFO - Node 6: k=212.6116992100553, f_best=-25.38963508605957, f_min=-25.517233250343452
2025-04-30 14:56:56,277 - INFO - Node 7: k=83.92248670760667, f_best=-26.88105583190918, f_min=-27.990405548252056
2025-04-30 14:56:56,277 - INFO - cur_node_number 10,f_best -26.88105583190918,f_min -27.990405548252056,k 83.92248670760667
2025-04-30 14:56:56,278 - INFO - f_best_current -26.88105583190918,f_min -27.990405548252056
2025-04-30 14:57:12,050 - INFO - tree_node.f_best*ep:-26.88105583190918,left_f_best-25.371164321899414,right_f_best-26.804697036743164,i:1
2025-04-30 14:57:28,486 - INFO - tree_node.f_best*ep:-26.88105583190918,left_f_best-25.39204978942871,right_f_best-26.819652557373047,i:2
2025-04-30 14:57:45,797 - INFO - tree_node.f_best*ep:-26.88105583190918,left_f_best-25.377775192260742,right_f_best-26.859210968017578,i:3
2025-04-30 14:58:03,806 - INFO - tree_node.f_best*ep:-26.88105583190918,left_f_best-25.400880813598633,right_f_best-26.89552116394043,i:4
2025-04-30 14:59:20,017 - INFO - 添加左子节点，右子节点，len(queue):5
2025-04-30 14:59:20,017 - INFO - Node 1: k=1146.4235255869137, f_best=-26.760438919067383, f_min=-33.63161290948483
2025-04-30 14:59:20,017 - INFO - Node 2: k=319.715346773323, f_best=-25.384605407714844, f_min=-26.77344280433681
2025-04-30 14:59:20,017 - INFO - Node 3: k=251.79697753619814, f_best=-26.80385398864746, f_min=-31.55842698003744
2025-04-30 14:59:20,017 - INFO - Node 4: k=169.8308620578499, f_best=-25.390222549438477, f_min=-26.45510853012547
2025-04-30 14:59:20,018 - INFO - Node 5: k=129.27616770280238, f_best=-26.857440948486328, f_min=-27.21185763082667
2025-04-30 14:59:20,018 - INFO - Node 6: k=212.6116992100553, f_best=-25.38963508605957, f_min=-25.517233250343452
2025-04-30 14:59:20,018 - INFO - Node 7: k=83.92248670760667, f_best=-26.88105583190918, f_min=-27.990405548252056
2025-04-30 14:59:20,018 - INFO - Node 8: k=199.14004209801723, f_best=-25.400880813598633, f_min=-28.315841490929415
2025-04-30 14:59:20,018 - INFO - Node 9: k=206.3588205874354, f_best=-26.89552116394043, f_min=-27.273853207304455
2025-04-30 14:59:20,018 - INFO - cur_node_number 11,f_best -26.89552116394043,f_min -27.273853207304455,k 206.3588205874354
2025-04-30 14:59:20,018 - INFO - f_best_current -26.89552116394043,f_min -27.273853207304455
2025-04-30 14:59:20,019 - INFO - 回退,len(queue)=3
2025-04-30 14:59:20,019 - INFO - 回退,len(queue)=2
2025-04-30 14:59:35,449 - INFO - tree_node.f_best*ep:-26.857440948486328,left_f_best-25.387197494506836,right_f_best-26.816091537475586,i:1
2025-04-30 14:59:51,538 - INFO - tree_node.f_best*ep:-26.857440948486328,left_f_best-25.37590789794922,right_f_best-26.851839065551758,i:2
2025-04-30 15:00:07,944 - INFO - tree_node.f_best*ep:-26.857440948486328,left_f_best-25.391881942749023,right_f_best-26.871885299682617,i:3
2025-04-30 15:01:23,776 - INFO - 添加左子节点，右子节点，len(queue):4
2025-04-30 15:01:23,777 - INFO - Node 1: k=1146.4235255869137, f_best=-26.760438919067383, f_min=-33.63161290948483
2025-04-30 15:01:23,777 - INFO - Node 2: k=319.715346773323, f_best=-25.384605407714844, f_min=-26.77344280433681
2025-04-30 15:01:23,777 - INFO - Node 3: k=251.79697753619814, f_best=-26.80385398864746, f_min=-31.55842698003744
2025-04-30 15:01:23,777 - INFO - Node 4: k=169.8308620578499, f_best=-25.390222549438477, f_min=-26.45510853012547
2025-04-30 15:01:23,777 - INFO - Node 5: k=206.3588205874354, f_best=-26.857440948486328, f_min=-27.21185763082667
2025-04-30 15:01:23,777 - INFO - Node 6: k=226.6399437769558, f_best=-25.391881942749023, f_min=-26.104386355310453
2025-04-30 15:01:23,778 - INFO - Node 7: k=177.74706173919108, f_best=-26.871885299682617, f_min=-27.957344148780066
2025-04-30 15:01:23,778 - INFO - cur_node_number 12,f_best -26.871885299682617,f_min -27.957344148780066,k 177.74706173919108
2025-04-30 15:01:23,778 - INFO - f_best_current -26.871885299682617,f_min -27.957344148780066
2025-04-30 15:01:39,639 - INFO - tree_node.f_best*ep:-26.871885299682617,left_f_best-25.250329971313477,right_f_best-26.75969886779785,i:1
2025-04-30 15:01:55,988 - INFO - tree_node.f_best*ep:-26.871885299682617,left_f_best-25.41041374206543,right_f_best-26.835128784179688,i:2
2025-04-30 15:02:12,650 - INFO - tree_node.f_best*ep:-26.871885299682617,left_f_best-25.39153480529785,right_f_best-26.848670959472656,i:3
2025-04-30 15:02:30,180 - INFO - tree_node.f_best*ep:-26.871885299682617,left_f_best-25.4256649017334,right_f_best-26.872068405151367,i:4
2025-04-30 15:03:39,505 - INFO - 添加左子节点，右子节点，len(queue):5
2025-04-30 15:03:39,505 - INFO - Node 1: k=1146.4235255869137, f_best=-26.760438919067383, f_min=-33.63161290948483
2025-04-30 15:03:39,505 - INFO - Node 2: k=319.715346773323, f_best=-25.384605407714844, f_min=-26.77344280433681
2025-04-30 15:03:39,506 - INFO - Node 3: k=251.79697753619814, f_best=-26.80385398864746, f_min=-31.55842698003744
2025-04-30 15:03:39,506 - INFO - Node 4: k=169.8308620578499, f_best=-25.390222549438477, f_min=-26.45510853012547
2025-04-30 15:03:39,506 - INFO - Node 5: k=206.3588205874354, f_best=-26.857440948486328, f_min=-27.21185763082667
2025-04-30 15:03:39,506 - INFO - Node 6: k=226.6399437769558, f_best=-25.391881942749023, f_min=-26.104386355310453
2025-04-30 15:03:39,506 - INFO - Node 7: k=177.74706173919108, f_best=-26.871885299682617, f_min=-27.957344148780066
2025-04-30 15:03:39,506 - INFO - Node 8: k=148.59962116055374, f_best=-25.4256649017334, f_min=-25.60283815620369
2025-04-30 15:03:39,507 - INFO - Node 9: k=216.8851943641774, f_best=-26.872068405151367, f_min=-29.976526578509947
2025-04-30 15:03:39,507 - INFO - cur_node_number 13,f_best -26.872068405151367,f_min -29.976526578509947,k 216.8851943641774
2025-04-30 15:03:39,507 - INFO - f_best_current -26.872068405151367,f_min -29.976526578509947
2025-04-30 15:03:39,507 - INFO - 回退,len(queue)=3
2025-04-30 15:03:39,507 - INFO - 回退,len(queue)=2
2025-04-30 15:03:54,782 - INFO - tree_node.f_best*ep:-26.857440948486328,left_f_best-25.36514663696289,right_f_best-26.828018188476562,i:1
2025-04-30 15:04:10,178 - INFO - tree_node.f_best*ep:-26.857440948486328,left_f_best-25.39049530029297,right_f_best-26.82802391052246,i:2
2025-04-30 15:04:26,466 - INFO - tree_node.f_best*ep:-26.857440948486328,left_f_best-25.356937408447266,right_f_best-26.852310180664062,i:3
2025-04-30 15:04:43,261 - INFO - tree_node.f_best*ep:-26.857440948486328,left_f_best-25.391845703125,right_f_best-26.860746383666992,i:4
2025-04-30 15:05:54,861 - INFO - 添加左子节点，右子节点，len(queue):4
2025-04-30 15:05:54,862 - INFO - Node 1: k=1146.4235255869137, f_best=-26.760438919067383, f_min=-33.63161290948483
2025-04-30 15:05:54,862 - INFO - Node 2: k=319.715346773323, f_best=-25.384605407714844, f_min=-26.77344280433681
2025-04-30 15:05:54,862 - INFO - Node 3: k=251.79697753619814, f_best=-26.80385398864746, f_min=-31.55842698003744
2025-04-30 15:05:54,862 - INFO - Node 4: k=169.8308620578499, f_best=-25.390222549438477, f_min=-26.45510853012547
2025-04-30 15:05:54,862 - INFO - Node 5: k=216.8851943641774, f_best=-26.857440948486328, f_min=-27.21185763082667
2025-04-30 15:05:54,862 - INFO - Node 6: k=202.2927365821345, f_best=-25.391845703125, f_min=-28.619460078251905
2025-04-30 15:05:54,863 - INFO - Node 7: k=204.31566394795584, f_best=-26.860746383666992, f_min=-27.9594491275393
2025-04-30 15:05:54,863 - INFO - cur_node_number 14,f_best -26.860746383666992,f_min -27.9594491275393,k 204.31566394795584
2025-04-30 15:05:54,863 - INFO - f_best_current -26.860746383666992,f_min -27.9594491275393
2025-04-30 15:06:10,315 - INFO - tree_node.f_best*ep:-26.860746383666992,left_f_best-25.3897705078125,right_f_best-26.832216262817383,i:1
2025-04-30 15:06:26,143 - INFO - tree_node.f_best*ep:-26.860746383666992,left_f_best-25.36435317993164,right_f_best-26.834211349487305,i:2
2025-04-30 15:06:42,714 - INFO - tree_node.f_best*ep:-26.860746383666992,left_f_best-25.396223068237305,right_f_best-26.84014320373535,i:3
2025-04-30 15:07:00,133 - INFO - tree_node.f_best*ep:-26.860746383666992,left_f_best-25.377159118652344,right_f_best-26.869205474853516,i:4
2025-04-30 15:08:08,991 - INFO - 添加左子节点，右子节点，len(queue):5
2025-04-30 15:08:08,992 - INFO - Node 1: k=1146.4235255869137, f_best=-26.760438919067383, f_min=-33.63161290948483
2025-04-30 15:08:08,992 - INFO - Node 2: k=319.715346773323, f_best=-25.384605407714844, f_min=-26.77344280433681
2025-04-30 15:08:08,992 - INFO - Node 3: k=251.79697753619814, f_best=-26.80385398864746, f_min=-31.55842698003744
2025-04-30 15:08:08,992 - INFO - Node 4: k=169.8308620578499, f_best=-25.390222549438477, f_min=-26.45510853012547
2025-04-30 15:08:08,992 - INFO - Node 5: k=216.8851943641774, f_best=-26.857440948486328, f_min=-27.21185763082667
2025-04-30 15:08:08,992 - INFO - Node 6: k=202.2927365821345, f_best=-25.391845703125, f_min=-28.619460078251905
2025-04-30 15:08:08,992 - INFO - Node 7: k=204.31566394795584, f_best=-26.860746383666992, f_min=-27.9594491275393
2025-04-30 15:08:08,993 - INFO - Node 8: k=191.36966625567513, f_best=-25.377159118652344, f_min=-28.676071700010652
2025-04-30 15:08:08,993 - INFO - Node 9: k=145.67162156705592, f_best=-26.869205474853516, f_min=-28.8371600341452
2025-04-30 15:08:08,993 - INFO - cur_node_number 15,f_best -26.869205474853516,f_min -28.8371600341452,k 145.67162156705592
2025-04-30 15:08:08,993 - INFO - f_best_current -26.869205474853516,f_min -28.8371600341452
2025-04-30 15:08:24,418 - INFO - tree_node.f_best*ep:-26.869205474853516,left_f_best-25.371824264526367,right_f_best-26.834596633911133,i:1
2025-04-30 15:08:40,289 - INFO - tree_node.f_best*ep:-26.869205474853516,left_f_best-25.38408851623535,right_f_best-26.858078002929688,i:2
2025-04-30 15:08:56,921 - INFO - tree_node.f_best*ep:-26.869205474853516,left_f_best-25.406526565551758,right_f_best-26.819955825805664,i:3
2025-04-30 15:09:14,518 - INFO - tree_node.f_best*ep:-26.869205474853516,left_f_best-25.395450592041016,right_f_best-26.857744216918945,i:4
2025-04-30 15:09:32,643 - INFO - tree_node.f_best*ep:-26.869205474853516,left_f_best-25.460655212402344,right_f_best-26.89280891418457,i:5
2025-04-30 15:10:44,178 - INFO - 添加左子节点，右子节点，len(queue):6
2025-04-30 15:10:44,178 - INFO - Node 1: k=1146.4235255869137, f_best=-26.760438919067383, f_min=-33.63161290948483
2025-04-30 15:10:44,178 - INFO - Node 2: k=319.715346773323, f_best=-25.384605407714844, f_min=-26.77344280433681
2025-04-30 15:10:44,179 - INFO - Node 3: k=251.79697753619814, f_best=-26.80385398864746, f_min=-31.55842698003744
2025-04-30 15:10:44,179 - INFO - Node 4: k=169.8308620578499, f_best=-25.390222549438477, f_min=-26.45510853012547
2025-04-30 15:10:44,179 - INFO - Node 5: k=216.8851943641774, f_best=-26.857440948486328, f_min=-27.21185763082667
2025-04-30 15:10:44,179 - INFO - Node 6: k=202.2927365821345, f_best=-25.391845703125, f_min=-28.619460078251905
2025-04-30 15:10:44,179 - INFO - Node 7: k=204.31566394795584, f_best=-26.860746383666992, f_min=-27.9594491275393
2025-04-30 15:10:44,179 - INFO - Node 8: k=191.36966625567513, f_best=-25.377159118652344, f_min=-28.676071700010652
2025-04-30 15:10:44,180 - INFO - Node 9: k=145.67162156705592, f_best=-26.869205474853516, f_min=-28.8371600341452
2025-04-30 15:10:44,180 - INFO - Node 10: k=208.42240879330976, f_best=-25.460655212402344, f_min=-27.436458954665795
2025-04-30 15:10:44,180 - INFO - Node 11: k=194.3993436870712, f_best=-26.89280891418457, f_min=-34.87886076726227
2025-04-30 15:10:44,180 - INFO - cur_node_number 16,f_best -26.89280891418457,f_min -34.87886076726227,k 194.3993436870712
2025-04-30 15:10:44,180 - INFO - f_best_current -26.89280891418457,f_min -34.87886076726227
2025-04-30 15:10:44,180 - INFO - 回退,len(queue)=4
2025-04-30 15:10:59,446 - INFO - tree_node.f_best*ep:-26.869205474853516,left_f_best-25.398204803466797,right_f_best-26.79396629333496,i:1
2025-04-30 15:11:13,159 - INFO - tree_node.f_best*ep:-26.869205474853516,left_f_best-25.36180877685547,right_f_best-26.84099006652832,i:2
2025-04-30 15:11:27,940 - INFO - tree_node.f_best*ep:-26.869205474853516,left_f_best-25.426362991333008,right_f_best-26.81968116760254,i:3
2025-04-30 15:11:42,562 - INFO - tree_node.f_best*ep:-26.869205474853516,left_f_best-25.388418197631836,right_f_best-26.87026023864746,i:4
2025-04-30 15:12:51,896 - INFO - 添加左子节点，右子节点，len(queue):6
2025-04-30 15:12:51,897 - INFO - Node 1: k=1146.4235255869137, f_best=-26.760438919067383, f_min=-33.63161290948483
2025-04-30 15:12:51,897 - INFO - Node 2: k=319.715346773323, f_best=-25.384605407714844, f_min=-26.77344280433681
2025-04-30 15:12:51,897 - INFO - Node 3: k=251.79697753619814, f_best=-26.80385398864746, f_min=-31.55842698003744
2025-04-30 15:12:51,897 - INFO - Node 4: k=169.8308620578499, f_best=-25.390222549438477, f_min=-26.45510853012547
2025-04-30 15:12:51,897 - INFO - Node 5: k=216.8851943641774, f_best=-26.857440948486328, f_min=-27.21185763082667
2025-04-30 15:12:51,897 - INFO - Node 6: k=202.2927365821345, f_best=-25.391845703125, f_min=-28.619460078251905
2025-04-30 15:12:51,897 - INFO - Node 7: k=204.31566394795584, f_best=-26.860746383666992, f_min=-27.9594491275393
2025-04-30 15:12:51,898 - INFO - Node 8: k=191.36966625567513, f_best=-25.377159118652344, f_min=-28.676071700010652
2025-04-30 15:12:51,898 - INFO - Node 9: k=194.3993436870712, f_best=-26.869205474853516, f_min=-28.8371600341452
2025-04-30 15:12:51,898 - INFO - Node 10: k=227.94851899464234, f_best=-25.388418197631836, f_min=-26.936333128069236
2025-04-30 15:12:51,898 - INFO - Node 11: k=212.6116992100553, f_best=-26.87026023864746, f_min=-28.21120208060165
2025-04-30 15:12:51,898 - INFO - cur_node_number 17,f_best -26.87026023864746,f_min -28.21120208060165,k 212.6116992100553
2025-04-30 15:12:51,898 - INFO - f_best_current -26.87026023864746,f_min -28.21120208060165
2025-04-30 15:12:51,898 - INFO - 回退,len(queue)=4
2025-04-30 15:12:51,898 - INFO - 回退,len(queue)=3
2025-04-30 15:13:06,553 - INFO - tree_node.f_best*ep:-26.860746383666992,left_f_best-25.34572410583496,right_f_best-26.777013778686523,i:1
2025-04-30 15:13:21,446 - INFO - tree_node.f_best*ep:-26.860746383666992,left_f_best-25.365415573120117,right_f_best-26.829364776611328,i:2
2025-04-30 15:13:36,521 - INFO - tree_node.f_best*ep:-26.860746383666992,left_f_best-25.40394401550293,right_f_best-26.83645248413086,i:3
2025-04-30 15:13:52,016 - INFO - tree_node.f_best*ep:-26.860746383666992,left_f_best-25.36652374267578,right_f_best-26.842830657958984,i:4
2025-04-30 15:14:08,774 - INFO - tree_node.f_best*ep:-26.860746383666992,left_f_best-25.44443702697754,right_f_best-26.8807430267334,i:5
2025-04-30 15:15:16,170 - INFO - 添加左子节点，右子节点，len(queue):5
2025-04-30 15:15:16,170 - INFO - Node 1: k=1146.4235255869137, f_best=-26.760438919067383, f_min=-33.63161290948483
2025-04-30 15:15:16,170 - INFO - Node 2: k=319.715346773323, f_best=-25.384605407714844, f_min=-26.77344280433681
2025-04-30 15:15:16,170 - INFO - Node 3: k=251.79697753619814, f_best=-26.80385398864746, f_min=-31.55842698003744
2025-04-30 15:15:16,170 - INFO - Node 4: k=169.8308620578499, f_best=-25.390222549438477, f_min=-26.45510853012547
2025-04-30 15:15:16,170 - INFO - Node 5: k=216.8851943641774, f_best=-26.857440948486328, f_min=-27.21185763082667
2025-04-30 15:15:16,171 - INFO - Node 6: k=202.2927365821345, f_best=-25.391845703125, f_min=-28.619460078251905
2025-04-30 15:15:16,171 - INFO - Node 7: k=212.6116992100553, f_best=-26.860746383666992, f_min=-27.9594491275393
2025-04-30 15:15:16,171 - INFO - Node 8: k=213.50507915336252, f_best=-25.44443702697754, f_min=-25.517504850539808
2025-04-30 15:15:16,171 - INFO - Node 9: k=183.13297545695033, f_best=-26.8807430267334, f_min=-28.724118118513616
2025-04-30 15:15:16,171 - INFO - cur_node_number 18,f_best -26.8807430267334,f_min -28.724118118513616,k 183.13297545695033
2025-04-30 15:15:16,171 - INFO - f_best_current -26.8807430267334,f_min -28.724118118513616
2025-04-30 15:15:30,201 - INFO - tree_node.f_best*ep:-26.8807430267334,left_f_best-25.333524703979492,right_f_best-26.80691909790039,i:1
2025-04-30 15:15:44,678 - INFO - tree_node.f_best*ep:-26.8807430267334,left_f_best-25.330862045288086,right_f_best-26.844141006469727,i:2
2025-04-30 15:15:59,732 - INFO - tree_node.f_best*ep:-26.8807430267334,left_f_best-25.41547393798828,right_f_best-26.857805252075195,i:3
2025-04-30 15:16:15,263 - INFO - tree_node.f_best*ep:-26.8807430267334,left_f_best-25.38689422607422,right_f_best-26.88502311706543,i:4
2025-04-30 15:17:21,120 - INFO - 添加左子节点，右子节点，len(queue):6
2025-04-30 15:17:21,120 - INFO - Node 1: k=1146.4235255869137, f_best=-26.760438919067383, f_min=-33.63161290948483
2025-04-30 15:17:21,120 - INFO - Node 2: k=319.715346773323, f_best=-25.384605407714844, f_min=-26.77344280433681
2025-04-30 15:17:21,120 - INFO - Node 3: k=251.79697753619814, f_best=-26.80385398864746, f_min=-31.55842698003744
2025-04-30 15:17:21,121 - INFO - Node 4: k=169.8308620578499, f_best=-25.390222549438477, f_min=-26.45510853012547
2025-04-30 15:17:21,121 - INFO - Node 5: k=216.8851943641774, f_best=-26.857440948486328, f_min=-27.21185763082667
2025-04-30 15:17:21,121 - INFO - Node 6: k=202.2927365821345, f_best=-25.391845703125, f_min=-28.619460078251905
2025-04-30 15:17:21,121 - INFO - Node 7: k=212.6116992100553, f_best=-26.860746383666992, f_min=-27.9594491275393
2025-04-30 15:17:21,121 - INFO - Node 8: k=213.50507915336252, f_best=-25.44443702697754, f_min=-25.517504850539808
2025-04-30 15:17:21,121 - INFO - Node 9: k=183.13297545695033, f_best=-26.8807430267334, f_min=-28.724118118513616
2025-04-30 15:17:21,121 - INFO - Node 10: k=177.74706173919108, f_best=-25.38689422607422, f_min=-26.34562464585997
2025-04-30 15:17:21,122 - INFO - Node 11: k=223.45703263860636, f_best=-26.88502311706543, f_min=-27.734496053029034
2025-04-30 15:17:21,122 - INFO - cur_node_number 19,f_best -26.88502311706543,f_min -27.734496053029034,k 223.45703263860636
2025-04-30 15:17:21,122 - INFO - f_best_current -26.88502311706543,f_min -27.734496053029034
2025-04-30 15:17:21,122 - INFO - 回退,len(queue)=4
2025-04-30 15:17:21,122 - INFO - 回退,len(queue)=3
2025-04-30 15:17:21,122 - INFO - 回退,len(queue)=2
2025-04-30 15:17:34,930 - INFO - tree_node.f_best*ep:-26.857440948486328,left_f_best-25.34453773498535,right_f_best-26.7939453125,i:1
2025-04-30 15:17:49,155 - INFO - tree_node.f_best*ep:-26.857440948486328,left_f_best-25.278804779052734,right_f_best-26.849443435668945,i:2
2025-04-30 15:18:04,285 - INFO - tree_node.f_best*ep:-26.857440948486328,left_f_best-25.412893295288086,right_f_best-26.822298049926758,i:3
2025-04-30 15:18:19,853 - INFO - tree_node.f_best*ep:-26.857440948486328,left_f_best-25.3137264251709,right_f_best-26.88348960876465,i:4
2025-04-30 15:19:27,614 - INFO - 添加左子节点，右子节点，len(queue):4
2025-04-30 15:19:27,614 - INFO - Node 1: k=1146.4235255869137, f_best=-26.760438919067383, f_min=-33.63161290948483
2025-04-30 15:19:27,614 - INFO - Node 2: k=319.715346773323, f_best=-25.384605407714844, f_min=-26.77344280433681
2025-04-30 15:19:27,614 - INFO - Node 3: k=251.79697753619814, f_best=-26.80385398864746, f_min=-31.55842698003744
2025-04-30 15:19:27,614 - INFO - Node 4: k=169.8308620578499, f_best=-25.390222549438477, f_min=-26.45510853012547
2025-04-30 15:19:27,615 - INFO - Node 5: k=223.45703263860636, f_best=-26.857440948486328, f_min=-27.21185763082667
2025-04-30 15:19:27,615 - INFO - Node 6: k=209.2981856223532, f_best=-25.3137264251709, f_min=-26.643049158560643
2025-04-30 15:19:27,615 - INFO - Node 7: k=220.31882202014629, f_best=-26.88348960876465, f_min=-28.748391077856468
2025-04-30 15:19:27,615 - INFO - cur_node_number 20,f_best -26.88348960876465,f_min -28.748391077856468,k 220.31882202014629
2025-04-30 15:19:27,615 - INFO - f_best_current -26.88348960876465,f_min -28.748391077856468
2025-04-30 15:19:40,849 - INFO - tree_node.f_best*ep:-26.88348960876465,left_f_best-25.323659896850586,right_f_best-26.842588424682617,i:1
2025-04-30 15:19:54,620 - INFO - tree_node.f_best*ep:-26.88348960876465,left_f_best-25.368833541870117,right_f_best-26.846738815307617,i:2
2025-04-30 15:20:09,022 - INFO - tree_node.f_best*ep:-26.88348960876465,left_f_best-25.37764549255371,right_f_best-26.81209373474121,i:3
2025-04-30 15:20:24,352 - INFO - tree_node.f_best*ep:-26.88348960876465,left_f_best-25.40999984741211,right_f_best-26.881385803222656,i:4
2025-04-30 15:20:40,457 - INFO - tree_node.f_best*ep:-26.88348960876465,left_f_best-25.43910789489746,right_f_best-26.853910446166992,i:5
2025-04-30 15:20:57,255 - INFO - tree_node.f_best*ep:-26.88348960876465,left_f_best-25.42460060119629,right_f_best-26.88762664794922,i:6
2025-04-30 15:21:55,883 - INFO - 添加左子节点，右子节点，len(queue):5
2025-04-30 15:21:55,883 - INFO - Node 1: k=1146.4235255869137, f_best=-26.760438919067383, f_min=-33.63161290948483
2025-04-30 15:21:55,884 - INFO - Node 2: k=319.715346773323, f_best=-25.384605407714844, f_min=-26.77344280433681
2025-04-30 15:21:55,884 - INFO - Node 3: k=251.79697753619814, f_best=-26.80385398864746, f_min=-31.55842698003744
2025-04-30 15:21:55,884 - INFO - Node 4: k=169.8308620578499, f_best=-25.390222549438477, f_min=-26.45510853012547
2025-04-30 15:21:55,884 - INFO - Node 5: k=223.45703263860636, f_best=-26.857440948486328, f_min=-27.21185763082667
2025-04-30 15:21:55,884 - INFO - Node 6: k=209.2981856223532, f_best=-25.3137264251709, f_min=-26.643049158560643
2025-04-30 15:21:55,884 - INFO - Node 7: k=220.31882202014629, f_best=-26.88348960876465, f_min=-28.748391077856468
2025-04-30 15:21:55,884 - INFO - Node 8: k=198.30677049518135, f_best=-25.42460060119629, f_min=-25.689814400380783
2025-04-30 15:21:55,884 - INFO - Node 9: k=115.87329522183104, f_best=-26.88762664794922, f_min=-27.287125733107587
2025-04-30 15:21:55,885 - INFO - cur_node_number 21,f_best -26.88762664794922,f_min -27.287125733107587,k 115.87329522183104
2025-04-30 15:21:55,885 - INFO - f_best_current -26.88762664794922,f_min -27.287125733107587
2025-04-30 15:22:09,764 - INFO - tree_node.f_best*ep:-26.88762664794922,left_f_best-25.36368179321289,right_f_best-26.830705642700195,i:1
2025-04-30 15:22:24,234 - INFO - tree_node.f_best*ep:-26.88762664794922,left_f_best-25.37009620666504,right_f_best-26.87076759338379,i:2
2025-04-30 15:22:39,409 - INFO - tree_node.f_best*ep:-26.88762664794922,left_f_best-25.405214309692383,right_f_best-26.809595108032227,i:3
2025-04-30 15:22:55,102 - INFO - tree_node.f_best*ep:-26.88762664794922,left_f_best-25.35388946533203,right_f_best-26.869979858398438,i:4
2025-04-30 15:23:10,872 - INFO - tree_node.f_best*ep:-26.88762664794922,left_f_best-25.365558624267578,right_f_best-26.8595027923584,i:5
2025-04-30 15:23:27,364 - INFO - tree_node.f_best*ep:-26.88762664794922,left_f_best-25.456506729125977,right_f_best-26.901439666748047,i:6
2025-04-30 15:24:37,950 - INFO - 添加左子节点，右子节点，len(queue):6
2025-04-30 15:24:37,950 - INFO - Node 1: k=1146.4235255869137, f_best=-26.760438919067383, f_min=-33.63161290948483
2025-04-30 15:24:37,950 - INFO - Node 2: k=319.715346773323, f_best=-25.384605407714844, f_min=-26.77344280433681
2025-04-30 15:24:37,950 - INFO - Node 3: k=251.79697753619814, f_best=-26.80385398864746, f_min=-31.55842698003744
2025-04-30 15:24:37,950 - INFO - Node 4: k=169.8308620578499, f_best=-25.390222549438477, f_min=-26.45510853012547
2025-04-30 15:24:37,950 - INFO - Node 5: k=223.45703263860636, f_best=-26.857440948486328, f_min=-27.21185763082667
2025-04-30 15:24:37,950 - INFO - Node 6: k=209.2981856223532, f_best=-25.3137264251709, f_min=-26.643049158560643
2025-04-30 15:24:37,950 - INFO - Node 7: k=220.31882202014629, f_best=-26.88348960876465, f_min=-28.748391077856468
2025-04-30 15:24:37,951 - INFO - Node 8: k=198.30677049518135, f_best=-25.42460060119629, f_min=-25.689814400380783
2025-04-30 15:24:37,951 - INFO - Node 9: k=115.87329522183104, f_best=-26.88762664794922, f_min=-27.287125733107587
2025-04-30 15:24:37,951 - INFO - Node 10: k=200.28983820013318, f_best=-25.456506729125977, f_min=-26.724657527031013
2025-04-30 15:24:37,951 - INFO - Node 11: k=274.23433197011667, f_best=-26.901439666748047, f_min=-27.241784698440824
2025-04-30 15:24:37,951 - INFO - cur_node_number 22,f_best -26.901439666748047,f_min -27.241784698440824,k 274.23433197011667
2025-04-30 15:24:37,951 - INFO - f_best_current -26.901439666748047,f_min -27.241784698440824
2025-04-30 15:24:37,951 - INFO - 回退,len(queue)=4
2025-04-30 15:24:37,951 - INFO - 回退,len(queue)=3
2025-04-30 15:24:37,951 - INFO - 回退,len(queue)=2
2025-04-30 15:24:37,952 - INFO - 回退,len(queue)=1
2025-04-30 15:24:51,525 - INFO - tree_node.f_best*ep:-26.80385398864746,left_f_best-25.364850997924805,right_f_best-26.823461532592773,i:1
2025-04-30 15:26:00,481 - INFO - 添加左子节点，右子节点，len(queue):3
2025-04-30 15:26:00,481 - INFO - Node 1: k=1146.4235255869137, f_best=-26.760438919067383, f_min=-33.63161290948483
2025-04-30 15:26:00,481 - INFO - Node 2: k=319.715346773323, f_best=-25.384605407714844, f_min=-26.77344280433681
2025-04-30 15:26:00,481 - INFO - Node 3: k=274.23433197011667, f_best=-26.80385398864746, f_min=-31.55842698003744
2025-04-30 15:26:00,482 - INFO - Node 4: k=269.9604411702527, f_best=-25.364850997924805, f_min=-26.760944606588964
2025-04-30 15:26:00,482 - INFO - Node 5: k=186.81394826363504, f_best=-26.823461532592773, f_min=-30.61808980196747
2025-04-30 15:26:00,482 - INFO - cur_node_number 23,f_best -26.823461532592773,f_min -30.61808980196747,k 186.81394826363504
2025-04-30 15:26:00,482 - INFO - f_best_current -26.823461532592773,f_min -30.61808980196747
2025-04-30 15:26:13,966 - INFO - tree_node.f_best*ep:-26.823461532592773,left_f_best-25.312711715698242,right_f_best-26.836637496948242,i:1
2025-04-30 15:27:22,468 - INFO - 添加左子节点，右子节点，len(queue):4
2025-04-30 15:27:22,468 - INFO - Node 1: k=1146.4235255869137, f_best=-26.760438919067383, f_min=-33.63161290948483
2025-04-30 15:27:22,468 - INFO - Node 2: k=319.715346773323, f_best=-25.384605407714844, f_min=-26.77344280433681
2025-04-30 15:27:22,468 - INFO - Node 3: k=274.23433197011667, f_best=-26.80385398864746, f_min=-31.55842698003744
2025-04-30 15:27:22,468 - INFO - Node 4: k=269.9604411702527, f_best=-25.364850997924805, f_min=-26.760944606588964
2025-04-30 15:27:22,469 - INFO - Node 5: k=186.81394826363504, f_best=-26.823461532592773, f_min=-30.61808980196747
2025-04-30 15:27:22,469 - INFO - Node 6: k=186.81394826363504, f_best=-25.312711715698242, f_min=-30.097239938639177
2025-04-30 15:27:22,469 - INFO - Node 7: k=234.85558706869898, f_best=-26.836637496948242, f_min=-28.511938528271457
2025-04-30 15:27:22,469 - INFO - cur_node_number 24,f_best -26.836637496948242,f_min -28.511938528271457,k 234.85558706869898
2025-04-30 15:27:22,469 - INFO - f_best_current -26.836637496948242,f_min -28.511938528271457
2025-04-30 15:27:22,469 - INFO - 回退,len(queue)=2
2025-04-30 15:27:36,078 - INFO - tree_node.f_best*ep:-26.823461532592773,left_f_best-25.329505920410156,right_f_best-26.81239891052246,i:1
2025-04-30 15:27:48,529 - INFO - tree_node.f_best*ep:-26.823461532592773,left_f_best-25.35198211669922,right_f_best-26.83379554748535,i:2
2025-04-30 15:28:53,274 - INFO - 添加左子节点，右子节点，len(queue):4
2025-04-30 15:28:53,275 - INFO - Node 1: k=1146.4235255869137, f_best=-26.760438919067383, f_min=-33.63161290948483
2025-04-30 15:28:53,275 - INFO - Node 2: k=319.715346773323, f_best=-25.384605407714844, f_min=-26.77344280433681
2025-04-30 15:28:53,275 - INFO - Node 3: k=274.23433197011667, f_best=-26.80385398864746, f_min=-31.55842698003744
2025-04-30 15:28:53,275 - INFO - Node 4: k=269.9604411702527, f_best=-25.364850997924805, f_min=-26.760944606588964
2025-04-30 15:28:53,275 - INFO - Node 5: k=234.85558706869898, f_best=-26.823461532592773, f_min=-30.61808980196747
2025-04-30 15:28:53,275 - INFO - Node 6: k=219.0540463078192, f_best=-25.35198211669922, f_min=-28.433384976636262
2025-04-30 15:28:53,275 - INFO - Node 7: k=316.5498482904188, f_best=-26.83379554748535, f_min=-27.71655558577004
2025-04-30 15:28:53,276 - INFO - cur_node_number 25,f_best -26.83379554748535,f_min -27.71655558577004,k 316.5498482904188
2025-04-30 15:28:53,276 - INFO - f_best_current -26.83379554748535,f_min -27.71655558577004
2025-04-30 15:28:53,276 - INFO - 回退,len(queue)=2
2025-04-30 15:28:53,276 - INFO - 回退,len(queue)=1
2025-04-30 15:29:05,442 - INFO - tree_node.f_best*ep:-26.80385398864746,left_f_best-25.336660385131836,right_f_best-26.796133041381836,i:1
2025-04-30 15:29:18,140 - INFO - tree_node.f_best*ep:-26.80385398864746,left_f_best-25.370365142822266,right_f_best-26.812097549438477,i:2
2025-04-30 15:30:16,627 - INFO - 添加左子节点，右子节点，len(queue):3
2025-04-30 15:30:16,628 - INFO - Node 1: k=1146.4235255869137, f_best=-26.760438919067383, f_min=-33.63161290948483
2025-04-30 15:30:16,628 - INFO - Node 2: k=319.715346773323, f_best=-25.384605407714844, f_min=-26.77344280433681
2025-04-30 15:30:16,628 - INFO - Node 3: k=316.5498482904188, f_best=-26.80385398864746, f_min=-31.55842698003744
2025-04-30 15:30:16,628 - INFO - Node 4: k=175.2507978715324, f_best=-25.370365142822266, f_min=-26.750836798812998
2025-04-30 15:30:16,628 - INFO - Node 5: k=230.22800418458877, f_best=-26.812097549438477, f_min=-27.194077573064533
2025-04-30 15:30:16,628 - INFO - cur_node_number 26,f_best -26.812097549438477,f_min -27.194077573064533,k 230.22800418458877
2025-04-30 15:30:16,628 - INFO - f_best_current -26.812097549438477,f_min -27.194077573064533
2025-04-30 15:30:29,014 - INFO - tree_node.f_best*ep:-26.812097549438477,left_f_best-25.375844955444336,right_f_best-26.817420959472656,i:1
2025-04-30 15:31:24,613 - INFO - 添加左子节点，右子节点，len(queue):4
2025-04-30 15:31:24,613 - INFO - Node 1: k=1146.4235255869137, f_best=-26.760438919067383, f_min=-33.63161290948483
2025-04-30 15:31:24,613 - INFO - Node 2: k=319.715346773323, f_best=-25.384605407714844, f_min=-26.77344280433681
2025-04-30 15:31:24,614 - INFO - Node 3: k=316.5498482904188, f_best=-26.80385398864746, f_min=-31.55842698003744
2025-04-30 15:31:24,614 - INFO - Node 4: k=175.2507978715324, f_best=-25.370365142822266, f_min=-26.750836798812998
2025-04-30 15:31:24,614 - INFO - Node 5: k=230.22800418458877, f_best=-26.812097549438477, f_min=-27.194077573064533
2025-04-30 15:31:24,614 - INFO - Node 6: k=141.38744072562864, f_best=-25.375844955444336, f_min=-27.552528879313286
2025-04-30 15:31:24,614 - INFO - Node 7: k=212.6116992100553, f_best=-26.817420959472656, f_min=-27.682937122871408
2025-04-30 15:31:24,614 - INFO - cur_node_number 27,f_best -26.817420959472656,f_min -27.682937122871408,k 212.6116992100553
2025-04-30 15:31:24,614 - INFO - f_best_current -26.817420959472656,f_min -27.682937122871408
2025-04-30 15:31:36,797 - INFO - tree_node.f_best*ep:-26.817420959472656,left_f_best-25.38298225402832,right_f_best-26.833833694458008,i:1
2025-04-30 15:32:34,644 - INFO - 添加左子节点，右子节点，len(queue):5
2025-04-30 15:32:34,644 - INFO - Node 1: k=1146.4235255869137, f_best=-26.760438919067383, f_min=-33.63161290948483
2025-04-30 15:32:34,644 - INFO - Node 2: k=319.715346773323, f_best=-25.384605407714844, f_min=-26.77344280433681
2025-04-30 15:32:34,644 - INFO - Node 3: k=316.5498482904188, f_best=-26.80385398864746, f_min=-31.55842698003744
2025-04-30 15:32:34,644 - INFO - Node 4: k=175.2507978715324, f_best=-25.370365142822266, f_min=-26.750836798812998
2025-04-30 15:32:34,644 - INFO - Node 5: k=230.22800418458877, f_best=-26.812097549438477, f_min=-27.194077573064533
2025-04-30 15:32:34,645 - INFO - Node 6: k=141.38744072562864, f_best=-25.375844955444336, f_min=-27.552528879313286
2025-04-30 15:32:34,645 - INFO - Node 7: k=212.6116992100553, f_best=-26.817420959472656, f_min=-27.682937122871408
2025-04-30 15:32:34,645 - INFO - Node 8: k=161.58823794471908, f_best=-25.38298225402832, f_min=-26.0933391690196
2025-04-30 15:32:34,645 - INFO - Node 9: k=210.50663288124287, f_best=-26.833833694458008, f_min=-28.303122081339097
2025-04-30 15:32:34,645 - INFO - cur_node_number 28,f_best -26.833833694458008,f_min -28.303122081339097,k 210.50663288124287
2025-04-30 15:32:34,645 - INFO - f_best_current -26.833833694458008,f_min -28.303122081339097
2025-04-30 15:32:46,936 - INFO - tree_node.f_best*ep:-26.833833694458008,left_f_best-25.357786178588867,right_f_best-26.802143096923828,i:1
2025-04-30 15:32:59,815 - INFO - tree_node.f_best*ep:-26.833833694458008,left_f_best-25.350191116333008,right_f_best-26.813753128051758,i:2
2025-04-30 15:33:13,259 - INFO - tree_node.f_best*ep:-26.833833694458008,left_f_best-25.38481330871582,right_f_best-26.864450454711914,i:3
2025-04-30 15:34:13,101 - INFO - 添加左子节点，右子节点，len(queue):6
2025-04-30 15:34:13,101 - INFO - Node 1: k=1146.4235255869137, f_best=-26.760438919067383, f_min=-33.63161290948483
2025-04-30 15:34:13,101 - INFO - Node 2: k=319.715346773323, f_best=-25.384605407714844, f_min=-26.77344280433681
2025-04-30 15:34:13,101 - INFO - Node 3: k=316.5498482904188, f_best=-26.80385398864746, f_min=-31.55842698003744
2025-04-30 15:34:13,101 - INFO - Node 4: k=175.2507978715324, f_best=-25.370365142822266, f_min=-26.750836798812998
2025-04-30 15:34:13,101 - INFO - Node 5: k=230.22800418458877, f_best=-26.812097549438477, f_min=-27.194077573064533
2025-04-30 15:34:13,101 - INFO - Node 6: k=141.38744072562864, f_best=-25.375844955444336, f_min=-27.552528879313286
2025-04-30 15:34:13,101 - INFO - Node 7: k=212.6116992100553, f_best=-26.817420959472656, f_min=-27.682937122871408
2025-04-30 15:34:13,102 - INFO - Node 8: k=161.58823794471908, f_best=-25.38298225402832, f_min=-26.0933391690196
2025-04-30 15:34:13,102 - INFO - Node 9: k=210.50663288124287, f_best=-26.833833694458008, f_min=-28.303122081339097
2025-04-30 15:34:13,102 - INFO - Node 10: k=206.3588205874354, f_best=-25.38481330871582, f_min=-26.30982844902337
2025-04-30 15:34:13,102 - INFO - Node 11: k=214.73781620215584, f_best=-26.864450454711914, f_min=-29.413973274597083
2025-04-30 15:34:13,102 - INFO - cur_node_number 29,f_best -26.864450454711914,f_min -29.413973274597083,k 214.73781620215584
2025-04-30 15:34:13,102 - INFO - f_best_current -26.864450454711914,f_min -29.413973274597083
2025-04-30 15:34:13,102 - INFO - 回退,len(queue)=4
2025-04-30 15:34:13,102 - INFO - 回退,len(queue)=3
2025-04-30 15:34:25,217 - INFO - tree_node.f_best*ep:-26.817420959472656,left_f_best-25.397384643554688,right_f_best-26.86726951599121,i:1
2025-04-30 15:35:22,849 - INFO - 添加左子节点，右子节点，len(queue):5
2025-04-30 15:35:22,849 - INFO - Node 1: k=1146.4235255869137, f_best=-26.760438919067383, f_min=-33.63161290948483
2025-04-30 15:35:22,849 - INFO - Node 2: k=319.715346773323, f_best=-25.384605407714844, f_min=-26.77344280433681
2025-04-30 15:35:22,850 - INFO - Node 3: k=316.5498482904188, f_best=-26.80385398864746, f_min=-31.55842698003744
2025-04-30 15:35:22,850 - INFO - Node 4: k=175.2507978715324, f_best=-25.370365142822266, f_min=-26.750836798812998
2025-04-30 15:35:22,850 - INFO - Node 5: k=230.22800418458877, f_best=-26.812097549438477, f_min=-27.194077573064533
2025-04-30 15:35:22,850 - INFO - Node 6: k=141.38744072562864, f_best=-25.375844955444336, f_min=-27.552528879313286
2025-04-30 15:35:22,850 - INFO - Node 7: k=214.73781620215584, f_best=-26.817420959472656, f_min=-27.682937122871408
2025-04-30 15:35:22,850 - INFO - Node 8: k=202.2927365821345, f_best=-25.397384643554688, f_min=-26.172634851962357
2025-04-30 15:35:22,850 - INFO - Node 9: k=177.74706173919108, f_best=-26.86726951599121, f_min=-28.005905665622777
2025-04-30 15:35:22,850 - INFO - cur_node_number 30,f_best -26.86726951599121,f_min -28.005905665622777,k 177.74706173919108
2025-04-30 15:35:22,851 - INFO - f_best_current -26.86726951599121,f_min -28.005905665622777
2025-04-30 15:35:35,030 - INFO - tree_node.f_best*ep:-26.86726951599121,left_f_best-25.31159782409668,right_f_best-26.823400497436523,i:1
2025-04-30 15:35:47,560 - INFO - tree_node.f_best*ep:-26.86726951599121,left_f_best-25.422542572021484,right_f_best-26.833280563354492,i:2
2025-04-30 15:36:00,776 - INFO - tree_node.f_best*ep:-26.86726951599121,left_f_best-25.36908531188965,right_f_best-26.8421573638916,i:3
2025-04-30 15:36:14,592 - INFO - tree_node.f_best*ep:-26.86726951599121,left_f_best-25.403657913208008,right_f_best-26.888837814331055,i:4
2025-04-30 15:37:16,882 - INFO - 添加左子节点，右子节点，len(queue):6
2025-04-30 15:37:16,882 - INFO - Node 1: k=1146.4235255869137, f_best=-26.760438919067383, f_min=-33.63161290948483
2025-04-30 15:37:16,882 - INFO - Node 2: k=319.715346773323, f_best=-25.384605407714844, f_min=-26.77344280433681
2025-04-30 15:37:16,882 - INFO - Node 3: k=316.5498482904188, f_best=-26.80385398864746, f_min=-31.55842698003744
2025-04-30 15:37:16,882 - INFO - Node 4: k=175.2507978715324, f_best=-25.370365142822266, f_min=-26.750836798812998
2025-04-30 15:37:16,882 - INFO - Node 5: k=230.22800418458877, f_best=-26.812097549438477, f_min=-27.194077573064533
2025-04-30 15:37:16,883 - INFO - Node 6: k=141.38744072562864, f_best=-25.375844955444336, f_min=-27.552528879313286
2025-04-30 15:37:16,883 - INFO - Node 7: k=214.73781620215584, f_best=-26.817420959472656, f_min=-27.682937122871408
2025-04-30 15:37:16,883 - INFO - Node 8: k=202.2927365821345, f_best=-25.397384643554688, f_min=-26.172634851962357
2025-04-30 15:37:16,883 - INFO - Node 9: k=177.74706173919108, f_best=-26.86726951599121, f_min=-28.005905665622777
2025-04-30 15:37:16,883 - INFO - Node 10: k=168.14936837410883, f_best=-25.403657913208008, f_min=-25.653924871091476
2025-04-30 15:37:16,883 - INFO - Node 11: k=267.2875655151017, f_best=-26.888837814331055, f_min=-27.70061738957338
2025-04-30 15:37:16,883 - INFO - cur_node_number 31,f_best -26.888837814331055,f_min -27.70061738957338,k 267.2875655151017
2025-04-30 15:37:16,883 - INFO - f_best_current -26.888837814331055,f_min -27.70061738957338
2025-04-30 15:37:16,883 - INFO - 回退,len(queue)=4
2025-04-30 15:37:16,883 - INFO - 回退,len(queue)=3
2025-04-30 15:37:16,884 - INFO - 回退,len(queue)=2
2025-04-30 15:37:28,959 - INFO - tree_node.f_best*ep:-26.812097549438477,left_f_best-25.371334075927734,right_f_best-26.834997177124023,i:1
2025-04-30 15:38:31,658 - INFO - 添加左子节点，右子节点，len(queue):4
2025-04-30 15:38:31,658 - INFO - Node 1: k=1146.4235255869137, f_best=-26.760438919067383, f_min=-33.63161290948483
2025-04-30 15:38:31,659 - INFO - Node 2: k=319.715346773323, f_best=-25.384605407714844, f_min=-26.77344280433681
2025-04-30 15:38:31,659 - INFO - Node 3: k=316.5498482904188, f_best=-26.80385398864746, f_min=-31.55842698003744
2025-04-30 15:38:31,659 - INFO - Node 4: k=175.2507978715324, f_best=-25.370365142822266, f_min=-26.750836798812998
2025-04-30 15:38:31,659 - INFO - Node 5: k=267.2875655151017, f_best=-26.812097549438477, f_min=-27.194077573064533
2025-04-30 15:38:31,659 - INFO - Node 6: k=176.72667607915548, f_best=-25.371334075927734, f_min=-28.09685027337946
2025-04-30 15:38:31,659 - INFO - Node 7: k=267.2875655151017, f_best=-26.834997177124023, f_min=-28.978595695003605
2025-04-30 15:38:31,659 - INFO - cur_node_number 32,f_best -26.834997177124023,f_min -28.978595695003605,k 267.2875655151017
2025-04-30 15:38:31,659 - INFO - f_best_current -26.834997177124023,f_min -28.978595695003605
2025-04-30 15:38:43,854 - INFO - tree_node.f_best*ep:-26.834997177124023,left_f_best-25.341630935668945,right_f_best-26.81833267211914,i:1
2025-04-30 15:38:56,488 - INFO - tree_node.f_best*ep:-26.834997177124023,left_f_best-25.377246856689453,right_f_best-26.803041458129883,i:2
2025-04-30 15:39:09,592 - INFO - tree_node.f_best*ep:-26.834997177124023,left_f_best-25.32756805419922,right_f_best-26.834508895874023,i:3
2025-04-30 15:39:23,298 - INFO - tree_node.f_best*ep:-26.834997177124023,left_f_best-25.41070556640625,right_f_best-26.87760353088379,i:4
2025-04-30 15:40:29,898 - INFO - 添加左子节点，右子节点，len(queue):5
2025-04-30 15:40:29,898 - INFO - Node 1: k=1146.4235255869137, f_best=-26.760438919067383, f_min=-33.63161290948483
2025-04-30 15:40:29,898 - INFO - Node 2: k=319.715346773323, f_best=-25.384605407714844, f_min=-26.77344280433681
2025-04-30 15:40:29,898 - INFO - Node 3: k=316.5498482904188, f_best=-26.80385398864746, f_min=-31.55842698003744
2025-04-30 15:40:29,899 - INFO - Node 4: k=175.2507978715324, f_best=-25.370365142822266, f_min=-26.750836798812998
2025-04-30 15:40:29,899 - INFO - Node 5: k=267.2875655151017, f_best=-26.812097549438477, f_min=-27.194077573064533
2025-04-30 15:40:29,899 - INFO - Node 6: k=176.72667607915548, f_best=-25.371334075927734, f_min=-28.09685027337946
2025-04-30 15:40:29,899 - INFO - Node 7: k=267.2875655151017, f_best=-26.834997177124023, f_min=-28.978595695003605
2025-04-30 15:40:29,899 - INFO - Node 8: k=329.4030414959015, f_best=-25.41070556640625, f_min=-26.06449780443836
2025-04-30 15:40:29,899 - INFO - Node 9: k=214.73781620215584, f_best=-26.87760353088379, f_min=-27.730873101074394
2025-04-30 15:40:29,900 - INFO - cur_node_number 33,f_best -26.87760353088379,f_min -27.730873101074394,k 214.73781620215584
2025-04-30 15:40:29,900 - INFO - f_best_current -26.87760353088379,f_min -27.730873101074394
2025-04-30 15:40:45,322 - INFO - tree_node.f_best*ep:-26.87760353088379,left_f_best-25.329526901245117,right_f_best-26.814529418945312,i:1
2025-04-30 15:41:01,361 - INFO - tree_node.f_best*ep:-26.87760353088379,left_f_best-25.373701095581055,right_f_best-26.823354721069336,i:2
2025-04-30 15:41:18,029 - INFO - tree_node.f_best*ep:-26.87760353088379,left_f_best-25.3902587890625,right_f_best-26.863744735717773,i:3
2025-04-30 15:41:34,375 - INFO - tree_node.f_best*ep:-26.87760353088379,left_f_best-25.425439834594727,right_f_best-26.88762664794922,i:4
2025-04-30 15:42:38,662 - INFO - 添加左子节点，右子节点，len(queue):6
2025-04-30 15:42:38,662 - INFO - Node 1: k=1146.4235255869137, f_best=-26.760438919067383, f_min=-33.63161290948483
2025-04-30 15:42:38,662 - INFO - Node 2: k=319.715346773323, f_best=-25.384605407714844, f_min=-26.77344280433681
2025-04-30 15:42:38,662 - INFO - Node 3: k=316.5498482904188, f_best=-26.80385398864746, f_min=-31.55842698003744
2025-04-30 15:42:38,662 - INFO - Node 4: k=175.2507978715324, f_best=-25.370365142822266, f_min=-26.750836798812998
2025-04-30 15:42:38,662 - INFO - Node 5: k=267.2875655151017, f_best=-26.812097549438477, f_min=-27.194077573064533
2025-04-30 15:42:38,662 - INFO - Node 6: k=176.72667607915548, f_best=-25.371334075927734, f_min=-28.09685027337946
2025-04-30 15:42:38,663 - INFO - Node 7: k=267.2875655151017, f_best=-26.834997177124023, f_min=-28.978595695003605
2025-04-30 15:42:38,663 - INFO - Node 8: k=329.4030414959015, f_best=-25.41070556640625, f_min=-26.06449780443836
2025-04-30 15:42:38,663 - INFO - Node 9: k=214.73781620215584, f_best=-26.87760353088379, f_min=-27.730873101074394
2025-04-30 15:42:38,663 - INFO - Node 10: k=231.1954066468726, f_best=-25.425439834594727, f_min=-26.352014999761195
2025-04-30 15:42:38,663 - INFO - Node 11: k=174.2447424166171, f_best=-26.88762664794922, f_min=-26.984196860964403
2025-04-30 15:42:38,663 - INFO - cur_node_number 34,f_best -26.88762664794922,f_min -26.984196860964403,k 174.2447424166171
2025-04-30 15:42:38,663 - INFO - f_best_current -26.88762664794922,f_min -26.984196860964403
2025-04-30 15:42:38,663 - INFO - 结束,fmin= -26.984196860964403, fbestmin=-26.88762664794922
