2025-04-30 16:08:20,053 - INFO - Namespace(log_file='outputs/DNN5/img[0]/max/DNN5img0_label9.log', image_path='img[0].png', model_path='network/DNN5.pth', label=9, init_epsilon=0.05, epsilon=0.01, ep=1, min=0)
2025-04-30 16:08:20,069 - INFO - Model output max(1): torch.return_types.max(
values=tensor([22.2955], grad_fn=<MaxBackward0>),
indices=tensor([0]))
2025-04-30 16:08:29,677 - INFO - cur_node_number 1,f_best -2.0751566886901855,f_min -2.6276200333795714,k 422.3284110516352
2025-04-30 16:08:29,677 - INFO - f_best_current -2.0751566886901855,f_min -2.6276200333795714
2025-04-30 16:08:44,508 - INFO - tree_node.f_best*ep:-2.0751566886901855,left_f_best-0.971650242805481,right_f_best-1.8994332551956177,i:1
2025-04-30 16:08:59,727 - INFO - tree_node.f_best*ep:-2.0751566886901855,left_f_best-1.0559366941452026,right_f_best-2.058802843093872,i:2
2025-04-30 16:09:15,495 - INFO - tree_node.f_best*ep:-2.0751566886901855,left_f_best-0.9721320867538452,right_f_best-2.0181922912597656,i:3
2025-04-30 16:09:32,257 - INFO - tree_node.f_best*ep:-2.0751566886901855,left_f_best-1.0700417757034302,right_f_best-1.9835927486419678,i:4
2025-04-30 16:09:49,741 - INFO - tree_node.f_best*ep:-2.0751566886901855,left_f_best-1.062723994255066,right_f_best-2.063899517059326,i:5
2025-04-30 16:10:06,637 - INFO - tree_node.f_best*ep:-2.0751566886901855,left_f_best-1.0660814046859741,right_f_best-2.0810084342956543,i:6
2025-04-30 16:11:14,700 - INFO - 添加左子节点，右子节点，len(queue):2
2025-04-30 16:11:14,700 - INFO - Node 1: k=422.3284110516352, f_best=-2.0751566886901855, f_min=-2.6276200333795714
2025-04-30 16:11:14,700 - INFO - Node 2: k=187.89257588302985, f_best=-1.0660814046859741, f_min=-1.6462622956696578
2025-04-30 16:11:14,700 - INFO - Node 3: k=326.65213381600563, f_best=-2.0810084342956543, f_min=-9.850942053097242
2025-04-30 16:11:14,701 - INFO - cur_node_number 2,f_best -2.0810084342956543,f_min -9.850942053097242,k 326.65213381600563
2025-04-30 16:11:14,701 - INFO - f_best_current -2.0810084342956543,f_min -9.850942053097242
2025-04-30 16:11:28,398 - INFO - tree_node.f_best*ep:-2.0810084342956543,left_f_best-0.9882134199142456,right_f_best-1.9415746927261353,i:1
2025-04-30 16:11:42,531 - INFO - tree_node.f_best*ep:-2.0810084342956543,left_f_best-0.949048638343811,right_f_best-2.0183639526367188,i:2
2025-04-30 16:11:57,108 - INFO - tree_node.f_best*ep:-2.0810084342956543,left_f_best-1.04383385181427,right_f_best-2.0319199562072754,i:3
2025-04-30 16:12:12,238 - INFO - tree_node.f_best*ep:-2.0810084342956543,left_f_best-1.050820231437683,right_f_best-2.0175161361694336,i:4
2025-04-30 16:12:27,980 - INFO - tree_node.f_best*ep:-2.0810084342956543,left_f_best-1.0942946672439575,right_f_best-2.008531093597412,i:5
2025-04-30 16:12:44,368 - INFO - tree_node.f_best*ep:-2.0810084342956543,left_f_best-1.1130741834640503,right_f_best-2.105006217956543,i:6
2025-04-30 16:13:51,067 - INFO - 添加左子节点，右子节点，len(queue):3
2025-04-30 16:13:51,067 - INFO - Node 1: k=422.3284110516352, f_best=-2.0751566886901855, f_min=-2.6276200333795714
2025-04-30 16:13:51,067 - INFO - Node 2: k=187.89257588302985, f_best=-1.0660814046859741, f_min=-1.6462622956696578
2025-04-30 16:13:51,067 - INFO - Node 3: k=326.65213381600563, f_best=-2.0810084342956543, f_min=-9.850942053097242
2025-04-30 16:13:51,068 - INFO - Node 4: k=173.51564145696278, f_best=-1.1130741834640503, f_min=-3.5438391647912795
2025-04-30 16:13:51,068 - INFO - Node 5: k=282.5439064631432, f_best=-2.105006217956543, f_min=-2.4747821462387947
2025-04-30 16:13:51,068 - INFO - cur_node_number 3,f_best -2.105006217956543,f_min -2.4747821462387947,k 282.5439064631432
2025-04-30 16:13:51,068 - INFO - f_best_current -2.105006217956543,f_min -2.4747821462387947
2025-04-30 16:14:04,410 - INFO - tree_node.f_best*ep:-2.105006217956543,left_f_best-0.9644666910171509,right_f_best-1.9034191370010376,i:1
2025-04-30 16:14:18,281 - INFO - tree_node.f_best*ep:-2.105006217956543,left_f_best-1.0537508726119995,right_f_best-2.025822639465332,i:2
2025-04-30 16:14:32,745 - INFO - tree_node.f_best*ep:-2.105006217956543,left_f_best-1.0219274759292603,right_f_best-2.0498223304748535,i:3
2025-04-30 16:14:47,977 - INFO - tree_node.f_best*ep:-2.105006217956543,left_f_best-1.0531715154647827,right_f_best-2.0602664947509766,i:4
2025-04-30 16:15:03,944 - INFO - tree_node.f_best*ep:-2.105006217956543,left_f_best-1.0409048795700073,right_f_best-1.9937580823898315,i:5
2025-04-30 16:15:21,131 - INFO - tree_node.f_best*ep:-2.105006217956543,left_f_best-1.1100071668624878,right_f_best-2.1220285892486572,i:6
2025-04-30 16:16:25,182 - INFO - 添加左子节点，右子节点，len(queue):4
2025-04-30 16:16:25,182 - INFO - Node 1: k=422.3284110516352, f_best=-2.0751566886901855, f_min=-2.6276200333795714
2025-04-30 16:16:25,182 - INFO - Node 2: k=187.89257588302985, f_best=-1.0660814046859741, f_min=-1.6462622956696578
2025-04-30 16:16:25,182 - INFO - Node 3: k=326.65213381600563, f_best=-2.0810084342956543, f_min=-9.850942053097242
2025-04-30 16:16:25,182 - INFO - Node 4: k=173.51564145696278, f_best=-1.1130741834640503, f_min=-3.5438391647912795
2025-04-30 16:16:25,182 - INFO - Node 5: k=282.5439064631432, f_best=-2.105006217956543, f_min=-2.4747821462387947
2025-04-30 16:16:25,183 - INFO - Node 6: k=255.78331264907794, f_best=-1.1100071668624878, f_min=-1.440748279719628
2025-04-30 16:16:25,183 - INFO - Node 7: k=161.1639714810417, f_best=-2.1220285892486572, f_min=-3.1997306276671225
2025-04-30 16:16:25,183 - INFO - cur_node_number 4,f_best -2.1220285892486572,f_min -3.1997306276671225,k 161.1639714810417
2025-04-30 16:16:25,183 - INFO - f_best_current -2.1220285892486572,f_min -3.1997306276671225
2025-04-30 16:16:38,412 - INFO - tree_node.f_best*ep:-2.1220285892486572,left_f_best-0.9675112962722778,right_f_best-1.9649800062179565,i:1
2025-04-30 16:16:51,975 - INFO - tree_node.f_best*ep:-2.1220285892486572,left_f_best-0.9575718641281128,right_f_best-2.031947374343872,i:2
2025-04-30 16:17:06,306 - INFO - tree_node.f_best*ep:-2.1220285892486572,left_f_best-1.0321606397628784,right_f_best-2.0299034118652344,i:3
2025-04-30 16:17:21,431 - INFO - tree_node.f_best*ep:-2.1220285892486572,left_f_best-1.0816272497177124,right_f_best-2.072906255722046,i:4
2025-04-30 16:17:37,321 - INFO - tree_node.f_best*ep:-2.1220285892486572,left_f_best-1.0683804750442505,right_f_best-2.013410806655884,i:5
2025-04-30 16:17:53,835 - INFO - tree_node.f_best*ep:-2.1220285892486572,left_f_best-1.06356680393219,right_f_best-2.104741096496582,i:6
2025-04-30 16:18:11,289 - INFO - tree_node.f_best*ep:-2.1220285892486572,left_f_best-1.107075810432434,right_f_best-1.9464980363845825,i:7
2025-04-30 16:18:29,959 - INFO - tree_node.f_best*ep:-2.1220285892486572,left_f_best-1.1075118780136108,right_f_best-2.130500316619873,i:8
2025-04-30 16:19:36,384 - INFO - 添加左子节点，右子节点，len(queue):5
2025-04-30 16:19:36,384 - INFO - Node 1: k=422.3284110516352, f_best=-2.0751566886901855, f_min=-2.6276200333795714
2025-04-30 16:19:36,384 - INFO - Node 2: k=187.89257588302985, f_best=-1.0660814046859741, f_min=-1.6462622956696578
2025-04-30 16:19:36,384 - INFO - Node 3: k=326.65213381600563, f_best=-2.0810084342956543, f_min=-9.850942053097242
2025-04-30 16:19:36,384 - INFO - Node 4: k=173.51564145696278, f_best=-1.1130741834640503, f_min=-3.5438391647912795
2025-04-30 16:19:36,384 - INFO - Node 5: k=282.5439064631432, f_best=-2.105006217956543, f_min=-2.4747821462387947
2025-04-30 16:19:36,385 - INFO - Node 6: k=255.78331264907794, f_best=-1.1100071668624878, f_min=-1.440748279719628
2025-04-30 16:19:36,385 - INFO - Node 7: k=161.1639714810417, f_best=-2.1220285892486572, f_min=-3.1997306276671225
2025-04-30 16:19:36,385 - INFO - Node 8: k=170.09669783056836, f_best=-1.1075118780136108, f_min=-2.775124842747573
2025-04-30 16:19:36,385 - INFO - Node 9: k=271.51914056447197, f_best=-2.130500316619873, f_min=-8.441652524927122
2025-04-30 16:19:36,385 - INFO - cur_node_number 5,f_best -2.130500316619873,f_min -8.441652524927122,k 271.51914056447197
2025-04-30 16:19:36,385 - INFO - f_best_current -2.130500316619873,f_min -8.441652524927122
2025-04-30 16:19:36,385 - INFO - 回退,len(queue)=3
2025-04-30 16:19:49,665 - INFO - tree_node.f_best*ep:-2.1220285892486572,left_f_best-0.9590102434158325,right_f_best-2.0092828273773193,i:1
2025-04-30 16:20:03,476 - INFO - tree_node.f_best*ep:-2.1220285892486572,left_f_best-1.0015751123428345,right_f_best-1.9399763345718384,i:2
2025-04-30 16:20:18,073 - INFO - tree_node.f_best*ep:-2.1220285892486572,left_f_best-1.050671935081482,right_f_best-1.98842191696167,i:3
2025-04-30 16:20:33,570 - INFO - tree_node.f_best*ep:-2.1220285892486572,left_f_best-1.0701974630355835,right_f_best-2.0233259201049805,i:4
2025-04-30 16:20:49,704 - INFO - tree_node.f_best*ep:-2.1220285892486572,left_f_best-1.1052058935165405,right_f_best-2.0814828872680664,i:5
2025-04-30 16:21:06,654 - INFO - tree_node.f_best*ep:-2.1220285892486572,left_f_best-1.0648761987686157,right_f_best-2.1286821365356445,i:6
2025-04-30 16:22:08,561 - INFO - 添加左子节点，右子节点，len(queue):5
2025-04-30 16:22:08,561 - INFO - Node 1: k=422.3284110516352, f_best=-2.0751566886901855, f_min=-2.6276200333795714
2025-04-30 16:22:08,561 - INFO - Node 2: k=187.89257588302985, f_best=-1.0660814046859741, f_min=-1.6462622956696578
2025-04-30 16:22:08,562 - INFO - Node 3: k=326.65213381600563, f_best=-2.0810084342956543, f_min=-9.850942053097242
2025-04-30 16:22:08,562 - INFO - Node 4: k=173.51564145696278, f_best=-1.1130741834640503, f_min=-3.5438391647912795
2025-04-30 16:22:08,562 - INFO - Node 5: k=282.5439064631432, f_best=-2.105006217956543, f_min=-2.4747821462387947
2025-04-30 16:22:08,562 - INFO - Node 6: k=255.78331264907794, f_best=-1.1100071668624878, f_min=-1.440748279719628
2025-04-30 16:22:08,562 - INFO - Node 7: k=271.51914056447197, f_best=-2.1220285892486572, f_min=-3.1997306276671225
2025-04-30 16:22:08,562 - INFO - Node 8: k=193.58590882486152, f_best=-1.0648761987686157, f_min=-1.6062386627017986
2025-04-30 16:22:08,562 - INFO - Node 9: k=181.60359702031272, f_best=-2.1286821365356445, f_min=-3.0078616782730023
2025-04-30 16:22:08,563 - INFO - cur_node_number 6,f_best -2.1286821365356445,f_min -3.0078616782730023,k 181.60359702031272
2025-04-30 16:22:08,563 - INFO - f_best_current -2.1286821365356445,f_min -3.0078616782730023
2025-04-30 16:22:22,466 - INFO - tree_node.f_best*ep:-2.1286821365356445,left_f_best-0.9904471635818481,right_f_best-1.9225047826766968,i:1
2025-04-30 16:22:36,794 - INFO - tree_node.f_best*ep:-2.1286821365356445,left_f_best-0.9943445920944214,right_f_best-2.005380153656006,i:2
2025-04-30 16:22:53,194 - INFO - tree_node.f_best*ep:-2.1286821365356445,left_f_best-1.0513173341751099,right_f_best-1.9821257591247559,i:3
2025-04-30 16:23:11,413 - INFO - tree_node.f_best*ep:-2.1286821365356445,left_f_best-0.9733117818832397,right_f_best-2.0538196563720703,i:4
2025-04-30 16:23:30,195 - INFO - tree_node.f_best*ep:-2.1286821365356445,left_f_best-1.1141020059585571,right_f_best-2.0804591178894043,i:5
2025-04-30 16:23:49,298 - INFO - tree_node.f_best*ep:-2.1286821365356445,left_f_best-1.0829054117202759,right_f_best-2.1005349159240723,i:6
2025-04-30 16:24:09,322 - INFO - tree_node.f_best*ep:-2.1286821365356445,left_f_best-1.112918734550476,right_f_best-2.1066625118255615,i:7
2025-04-30 16:24:30,427 - INFO - tree_node.f_best*ep:-2.1286821365356445,left_f_best-1.077278733253479,right_f_best-2.117652416229248,i:8
2025-04-30 16:24:52,665 - INFO - tree_node.f_best*ep:-2.1286821365356445,left_f_best-1.1392155885696411,right_f_best-2.1310794353485107,i:9
2025-04-30 16:26:05,695 - INFO - 添加左子节点，右子节点，len(queue):6
2025-04-30 16:26:05,695 - INFO - Node 1: k=422.3284110516352, f_best=-2.0751566886901855, f_min=-2.6276200333795714
2025-04-30 16:26:05,696 - INFO - Node 2: k=187.89257588302985, f_best=-1.0660814046859741, f_min=-1.6462622956696578
2025-04-30 16:26:05,696 - INFO - Node 3: k=326.65213381600563, f_best=-2.0810084342956543, f_min=-9.850942053097242
2025-04-30 16:26:05,696 - INFO - Node 4: k=173.51564145696278, f_best=-1.1130741834640503, f_min=-3.5438391647912795
2025-04-30 16:26:05,696 - INFO - Node 5: k=282.5439064631432, f_best=-2.105006217956543, f_min=-2.4747821462387947
2025-04-30 16:26:05,696 - INFO - Node 6: k=255.78331264907794, f_best=-1.1100071668624878, f_min=-1.440748279719628
2025-04-30 16:26:05,696 - INFO - Node 7: k=271.51914056447197, f_best=-2.1220285892486572, f_min=-3.1997306276671225
2025-04-30 16:26:05,696 - INFO - Node 8: k=193.58590882486152, f_best=-1.0648761987686157, f_min=-1.6062386627017986
2025-04-30 16:26:05,696 - INFO - Node 9: k=181.60359702031272, f_best=-2.1286821365356445, f_min=-3.0078616782730023
2025-04-30 16:26:05,697 - INFO - Node 10: k=155.52618479819148, f_best=-1.1392155885696411, f_min=-1.3438690493530885
2025-04-30 16:26:05,697 - INFO - Node 11: k=268.83083224205143, f_best=-2.1310794353485107, f_min=-2.200636353027221
2025-04-30 16:26:05,697 - INFO - cur_node_number 7,f_best -2.1310794353485107,f_min -2.200636353027221,k 268.83083224205143
2025-04-30 16:26:05,697 - INFO - f_best_current -2.1310794353485107,f_min -2.200636353027221
2025-04-30 16:26:05,697 - INFO - 回退,len(queue)=4
2025-04-30 16:26:21,386 - INFO - tree_node.f_best*ep:-2.1286821365356445,left_f_best-0.8985322713851929,right_f_best-1.9399502277374268,i:1
2025-04-30 16:26:37,507 - INFO - tree_node.f_best*ep:-2.1286821365356445,left_f_best-1.0052434206008911,right_f_best-2.0060172080993652,i:2
2025-04-30 16:26:54,121 - INFO - tree_node.f_best*ep:-2.1286821365356445,left_f_best-1.0570682287216187,right_f_best-2.06112003326416,i:3
2025-04-30 16:27:11,670 - INFO - tree_node.f_best*ep:-2.1286821365356445,left_f_best-1.0870088338851929,right_f_best-2.054621696472168,i:4
2025-04-30 16:27:29,984 - INFO - tree_node.f_best*ep:-2.1286821365356445,left_f_best-1.0897759199142456,right_f_best-1.9857118129730225,i:5
2025-04-30 16:27:48,920 - INFO - tree_node.f_best*ep:-2.1286821365356445,left_f_best-1.0811668634414673,right_f_best-2.0612165927886963,i:6
2025-04-30 16:28:08,582 - INFO - tree_node.f_best*ep:-2.1286821365356445,left_f_best-1.1195629835128784,right_f_best-2.1074681282043457,i:7
2025-04-30 16:28:29,123 - INFO - tree_node.f_best*ep:-2.1286821365356445,left_f_best-1.1402660608291626,right_f_best-2.052053451538086,i:8
2025-04-30 16:28:50,490 - INFO - tree_node.f_best*ep:-2.1286821365356445,left_f_best-1.1527436971664429,right_f_best-2.0082240104675293,i:9
2025-04-30 16:29:12,524 - INFO - tree_node.f_best*ep:-2.1286821365356445,left_f_best-1.1257678270339966,right_f_best-2.1451735496520996,i:10
2025-04-30 16:30:21,938 - INFO - 添加左子节点，右子节点，len(queue):6
2025-04-30 16:30:21,938 - INFO - Node 1: k=422.3284110516352, f_best=-2.0751566886901855, f_min=-2.6276200333795714
2025-04-30 16:30:21,938 - INFO - Node 2: k=187.89257588302985, f_best=-1.0660814046859741, f_min=-1.6462622956696578
2025-04-30 16:30:21,938 - INFO - Node 3: k=326.65213381600563, f_best=-2.0810084342956543, f_min=-9.850942053097242
2025-04-30 16:30:21,938 - INFO - Node 4: k=173.51564145696278, f_best=-1.1130741834640503, f_min=-3.5438391647912795
2025-04-30 16:30:21,938 - INFO - Node 5: k=282.5439064631432, f_best=-2.105006217956543, f_min=-2.4747821462387947
2025-04-30 16:30:21,939 - INFO - Node 6: k=255.78331264907794, f_best=-1.1100071668624878, f_min=-1.440748279719628
2025-04-30 16:30:21,939 - INFO - Node 7: k=271.51914056447197, f_best=-2.1220285892486572, f_min=-3.1997306276671225
2025-04-30 16:30:21,939 - INFO - Node 8: k=193.58590882486152, f_best=-1.0648761987686157, f_min=-1.6062386627017986
2025-04-30 16:30:21,939 - INFO - Node 9: k=268.83083224205143, f_best=-2.1286821365356445, f_min=-3.0078616782730023
2025-04-30 16:30:21,939 - INFO - Node 10: k=165.09417910937518, f_best=-1.1257678270339966, f_min=-1.9900540466196617
2025-04-30 16:30:21,939 - INFO - Node 11: k=232.89426322906547, f_best=-2.1451735496520996, f_min=-2.1666093625135545
2025-04-30 16:30:21,939 - INFO - cur_node_number 8,f_best -2.1451735496520996,f_min -2.1666093625135545,k 232.89426322906547
2025-04-30 16:30:21,940 - INFO - f_best_current -2.1451735496520996,f_min -2.1666093625135545
2025-04-30 16:30:21,940 - INFO - 结束,fmin= -2.1666093625135545, fbestmin=-2.1451735496520996
