2025-04-30 14:39:11,849 - INFO - Namespace(log_file='outputs/DNN5/img[0]/max/DNN5img0_label1.log', image_path='img[0].png', model_path='network/DNN5.pth', label=1, init_epsilon=0.05, epsilon=0.01, ep=1, min=0)
2025-04-30 14:39:11,864 - INFO - Model output max(1): torch.return_types.max(
values=tensor([22.2955], grad_fn=<MaxBackward0>),
indices=tensor([0]))
2025-04-30 14:39:21,416 - INFO - cur_node_number 1,f_best 6.046959400177002,f_min 4.106083823371591,k 242.3831560213701
2025-04-30 14:39:21,416 - INFO - f_best_current 6.046959400177002,f_min 4.106083823371591
2025-04-30 14:39:36,573 - INFO - tree_node.f_best*ep:6.046959400177002,left_f_best6.686890602111816,right_f_best5.9194769859313965,i:1
2025-04-30 14:40:48,268 - INFO - 添加左子节点，右子节点，len(queue):2
2025-04-30 14:40:48,268 - INFO - Node 1: k=242.3831560213701, f_best=6.046959400177002, f_min=4.106083823371591
2025-04-30 14:40:48,269 - INFO - Node 2: k=278.14051249815253, f_best=6.686890602111816, f_min=5.920385923029244
2025-04-30 14:40:48,269 - INFO - Node 3: k=168.14936837410883, f_best=5.9194769859313965, f_min=5.261372635957741
2025-04-30 14:40:48,269 - INFO - cur_node_number 2,f_best 5.9194769859313965,f_min 5.261372635957741,k 168.14936837410883
2025-04-30 14:40:48,269 - INFO - f_best_current 5.9194769859313965,f_min 5.261372635957741
2025-04-30 14:41:03,764 - INFO - tree_node.f_best*ep:5.9194769859313965,left_f_best6.713359832763672,right_f_best6.025259971618652,i:1
2025-04-30 14:41:20,162 - INFO - tree_node.f_best*ep:5.9194769859313965,left_f_best6.7841997146606445,right_f_best5.990623950958252,i:2
2025-04-30 14:41:37,159 - INFO - tree_node.f_best*ep:5.9194769859313965,left_f_best6.702146530151367,right_f_best6.071588516235352,i:3
2025-04-30 14:41:51,635 - INFO - tree_node.f_best*ep:5.9194769859313965,left_f_best6.695259094238281,right_f_best5.883273601531982,i:4
2025-04-30 14:42:56,593 - INFO - 添加左子节点，右子节点，len(queue):3
2025-04-30 14:42:56,593 - INFO - Node 1: k=242.3831560213701, f_best=6.046959400177002, f_min=4.106083823371591
2025-04-30 14:42:56,593 - INFO - Node 2: k=278.14051249815253, f_best=6.686890602111816, f_min=5.920385923029244
2025-04-30 14:42:56,593 - INFO - Node 3: k=168.14936837410883, f_best=5.9194769859313965, f_min=5.261372635957741
2025-04-30 14:42:56,593 - INFO - Node 4: k=239.57618436877985, f_best=6.695259094238281, f_min=4.236061427502136
2025-04-30 14:42:56,594 - INFO - Node 5: k=149.2240266924278, f_best=5.883273601531982, f_min=5.555474575436165
2025-04-30 14:42:56,594 - INFO - cur_node_number 3,f_best 5.883273601531982,f_min 5.555474575436165,k 149.2240266924278
2025-04-30 14:42:56,594 - INFO - f_best_current 5.883273601531982,f_min 5.555474575436165
2025-04-30 14:43:10,462 - INFO - tree_node.f_best*ep:5.883273601531982,left_f_best6.697179794311523,right_f_best6.004446983337402,i:1
2025-04-30 14:43:24,283 - INFO - tree_node.f_best*ep:5.883273601531982,left_f_best6.702851295471191,right_f_best5.926924705505371,i:2
2025-04-30 14:43:38,748 - INFO - tree_node.f_best*ep:5.883273601531982,left_f_best6.709752082824707,right_f_best6.011351108551025,i:3
2025-04-30 14:43:54,081 - INFO - tree_node.f_best*ep:5.883273601531982,left_f_best6.629011631011963,right_f_best6.071831703186035,i:4
2025-04-30 14:44:10,413 - INFO - tree_node.f_best*ep:5.883273601531982,left_f_best6.561164379119873,right_f_best5.906217098236084,i:5
2025-04-30 14:44:27,470 - INFO - tree_node.f_best*ep:5.883273601531982,left_f_best6.597063064575195,right_f_best5.822131633758545,i:6
2025-04-30 14:45:35,793 - INFO - 添加左子节点，右子节点，len(queue):4
2025-04-30 14:45:35,793 - INFO - Node 1: k=242.3831560213701, f_best=6.046959400177002, f_min=4.106083823371591
2025-04-30 14:45:35,793 - INFO - Node 2: k=278.14051249815253, f_best=6.686890602111816, f_min=5.920385923029244
2025-04-30 14:45:35,793 - INFO - Node 3: k=168.14936837410883, f_best=5.9194769859313965, f_min=5.261372635957741
2025-04-30 14:45:35,794 - INFO - Node 4: k=239.57618436877985, f_best=6.695259094238281, f_min=4.236061427502136
2025-04-30 14:45:35,794 - INFO - Node 5: k=149.2240266924278, f_best=5.883273601531982, f_min=5.555474575436165
2025-04-30 14:45:35,794 - INFO - Node 6: k=210.50663288124287, f_best=6.597063064575195, f_min=4.795966586008944
2025-04-30 14:45:35,794 - INFO - Node 7: k=197.16835851288835, f_best=5.822131633758545, f_min=5.147501430559714
2025-04-30 14:45:35,794 - INFO - cur_node_number 4,f_best 5.822131633758545,f_min 5.147501430559714,k 197.16835851288835
2025-04-30 14:45:35,794 - INFO - f_best_current 5.822131633758545,f_min 5.147501430559714
2025-04-30 14:45:35,794 - INFO - 回退,len(queue)=2
2025-04-30 14:45:35,794 - INFO - 回退,len(queue)=1
2025-04-30 14:45:49,819 - INFO - tree_node.f_best*ep:5.9194769859313965,left_f_best6.8165483474731445,right_f_best5.908969402313232,i:1
2025-04-30 14:46:49,781 - INFO - 添加左子节点，右子节点，len(queue):3
2025-04-30 14:46:49,781 - INFO - Node 1: k=242.3831560213701, f_best=6.046959400177002, f_min=4.106083823371591
2025-04-30 14:46:49,781 - INFO - Node 2: k=278.14051249815253, f_best=6.686890602111816, f_min=5.920385923029244
2025-04-30 14:46:49,781 - INFO - Node 3: k=197.16835851288835, f_best=5.9194769859313965, f_min=5.261372635957741
2025-04-30 14:46:49,782 - INFO - Node 4: k=159.3189071559386, f_best=6.8165483474731445, f_min=5.592787969669189
2025-04-30 14:46:49,782 - INFO - Node 5: k=185.74151267995967, f_best=5.908969402313232, f_min=5.845034548748117
2025-04-30 14:46:49,782 - INFO - cur_node_number 5,f_best 5.908969402313232,f_min 5.845034548748117,k 185.74151267995967
2025-04-30 14:46:49,782 - INFO - f_best_current 5.908969402313232,f_min 5.845034548748117
2025-04-30 14:47:01,790 - INFO - tree_node.f_best*ep:5.908969402313232,left_f_best6.681062698364258,right_f_best5.965989589691162,i:1
2025-04-30 14:47:14,656 - INFO - tree_node.f_best*ep:5.908969402313232,left_f_best6.6724958419799805,right_f_best6.138637065887451,i:2
2025-04-30 14:47:28,331 - INFO - tree_node.f_best*ep:5.908969402313232,left_f_best6.608715534210205,right_f_best5.932784080505371,i:3
2025-04-30 14:47:43,314 - INFO - tree_node.f_best*ep:5.908969402313232,left_f_best6.591891765594482,right_f_best5.848856449127197,i:4
2025-04-30 14:49:00,579 - INFO - 添加左子节点，右子节点，len(queue):4
2025-04-30 14:49:00,579 - INFO - Node 1: k=242.3831560213701, f_best=6.046959400177002, f_min=4.106083823371591
2025-04-30 14:49:00,580 - INFO - Node 2: k=278.14051249815253, f_best=6.686890602111816, f_min=5.920385923029244
2025-04-30 14:49:00,580 - INFO - Node 3: k=197.16835851288835, f_best=5.9194769859313965, f_min=5.261372635957741
2025-04-30 14:49:00,580 - INFO - Node 4: k=159.3189071559386, f_best=6.8165483474731445, f_min=5.592787969669189
2025-04-30 14:49:00,580 - INFO - Node 5: k=185.74151267995967, f_best=5.908969402313232, f_min=5.845034548748117
2025-04-30 14:49:00,580 - INFO - Node 6: k=200.28983820013318, f_best=6.591891765594482, f_min=4.174122752291623
2025-04-30 14:49:00,580 - INFO - Node 7: k=215.64012994489613, f_best=5.848856449127197, f_min=5.333417022587128
2025-04-30 14:49:00,580 - INFO - cur_node_number 6,f_best 5.848856449127197,f_min 5.333417022587128,k 215.64012994489613
2025-04-30 14:49:00,581 - INFO - f_best_current 5.848856449127197,f_min 5.333417022587128
2025-04-30 14:49:00,581 - INFO - 回退,len(queue)=2
2025-04-30 14:49:00,581 - INFO - 回退,len(queue)=1
2025-04-30 14:49:17,114 - INFO - tree_node.f_best*ep:5.9194769859313965,left_f_best6.659668922424316,right_f_best5.983921527862549,i:1
2025-04-30 14:49:33,479 - INFO - tree_node.f_best*ep:5.9194769859313965,left_f_best6.656295299530029,right_f_best5.916937828063965,i:2
2025-04-30 14:50:41,782 - INFO - 添加左子节点，右子节点，len(queue):3
2025-04-30 14:50:41,782 - INFO - Node 1: k=242.3831560213701, f_best=6.046959400177002, f_min=4.106083823371591
2025-04-30 14:50:41,783 - INFO - Node 2: k=278.14051249815253, f_best=6.686890602111816, f_min=5.920385923029244
2025-04-30 14:50:41,783 - INFO - Node 3: k=215.64012994489613, f_best=5.9194769859313965, f_min=5.261372635957741
2025-04-30 14:50:41,783 - INFO - Node 4: k=202.2927365821345, f_best=6.656295299530029, f_min=5.202205464177496
2025-04-30 14:50:41,783 - INFO - Node 5: k=127.26142279534524, f_best=5.916937828063965, f_min=5.314227938290969
2025-04-30 14:50:41,783 - INFO - cur_node_number 7,f_best 5.916937828063965,f_min 5.314227938290969,k 127.26142279534524
2025-04-30 14:50:41,783 - INFO - f_best_current 5.916937828063965,f_min 5.314227938290969
2025-04-30 14:50:57,425 - INFO - tree_node.f_best*ep:5.916937828063965,left_f_best6.64733362197876,right_f_best6.0737714767456055,i:1
2025-04-30 14:51:13,830 - INFO - tree_node.f_best*ep:5.916937828063965,left_f_best6.622296333312988,right_f_best5.910675525665283,i:2
2025-04-30 14:52:25,100 - INFO - 添加左子节点，右子节点，len(queue):4
2025-04-30 14:52:25,100 - INFO - Node 1: k=242.3831560213701, f_best=6.046959400177002, f_min=4.106083823371591
2025-04-30 14:52:25,100 - INFO - Node 2: k=278.14051249815253, f_best=6.686890602111816, f_min=5.920385923029244
2025-04-30 14:52:25,101 - INFO - Node 3: k=215.64012994489613, f_best=5.9194769859313965, f_min=5.261372635957741
2025-04-30 14:52:25,101 - INFO - Node 4: k=202.2927365821345, f_best=6.656295299530029, f_min=5.202205464177496
2025-04-30 14:52:25,101 - INFO - Node 5: k=127.26142279534524, f_best=5.916937828063965, f_min=5.314227938290969
2025-04-30 14:52:25,101 - INFO - Node 6: k=186.81394826363504, f_best=6.622296333312988, f_min=1.794540585874529
2025-04-30 14:52:25,101 - INFO - Node 7: k=149.2240266924278, f_best=5.910675525665283, f_min=3.8472759445658085
2025-04-30 14:52:25,101 - INFO - cur_node_number 8,f_best 5.910675525665283,f_min 3.8472759445658085,k 149.2240266924278
2025-04-30 14:52:25,101 - INFO - f_best_current 5.910675525665283,f_min 3.8472759445658085
2025-04-30 14:52:25,102 - INFO - 回退,len(queue)=2
2025-04-30 14:52:40,745 - INFO - tree_node.f_best*ep:5.916937828063965,left_f_best6.645360946655273,right_f_best5.946810245513916,i:1
2025-04-30 14:52:57,063 - INFO - tree_node.f_best*ep:5.916937828063965,left_f_best6.693885326385498,right_f_best5.874772548675537,i:2
2025-04-30 14:54:06,168 - INFO - 添加左子节点，右子节点，len(queue):4
2025-04-30 14:54:06,168 - INFO - Node 1: k=242.3831560213701, f_best=6.046959400177002, f_min=4.106083823371591
2025-04-30 14:54:06,169 - INFO - Node 2: k=278.14051249815253, f_best=6.686890602111816, f_min=5.920385923029244
2025-04-30 14:54:06,169 - INFO - Node 3: k=215.64012994489613, f_best=5.9194769859313965, f_min=5.261372635957741
2025-04-30 14:54:06,169 - INFO - Node 4: k=202.2927365821345, f_best=6.656295299530029, f_min=5.202205464177496
2025-04-30 14:54:06,169 - INFO - Node 5: k=149.2240266924278, f_best=5.916937828063965, f_min=5.314227938290969
2025-04-30 14:54:06,169 - INFO - Node 6: k=131.8746186736287, f_best=6.693885326385498, f_min=6.492698275885232
2025-04-30 14:54:06,169 - INFO - Node 7: k=182.08167109102996, f_best=5.874772548675537, f_min=5.727564576201985
2025-04-30 14:54:06,170 - INFO - cur_node_number 9,f_best 5.874772548675537,f_min 5.727564576201985,k 182.08167109102996
2025-04-30 14:54:06,170 - INFO - f_best_current 5.874772548675537,f_min 5.727564576201985
2025-04-30 14:54:06,170 - INFO - 回退,len(queue)=2
2025-04-30 14:54:21,967 - INFO - tree_node.f_best*ep:5.916937828063965,left_f_best6.8222174644470215,right_f_best5.992199897766113,i:1
2025-04-30 14:54:38,406 - INFO - tree_node.f_best*ep:5.916937828063965,left_f_best6.804472923278809,right_f_best6.102853298187256,i:2
2025-04-30 14:54:55,010 - INFO - tree_node.f_best*ep:5.916937828063965,left_f_best6.702558994293213,right_f_best5.878824234008789,i:3
2025-04-30 14:56:10,867 - INFO - 添加左子节点，右子节点，len(queue):4
2025-04-30 14:56:10,867 - INFO - Node 1: k=242.3831560213701, f_best=6.046959400177002, f_min=4.106083823371591
2025-04-30 14:56:10,867 - INFO - Node 2: k=278.14051249815253, f_best=6.686890602111816, f_min=5.920385923029244
2025-04-30 14:56:10,867 - INFO - Node 3: k=215.64012994489613, f_best=5.9194769859313965, f_min=5.261372635957741
2025-04-30 14:56:10,867 - INFO - Node 4: k=202.2927365821345, f_best=6.656295299530029, f_min=5.202205464177496
2025-04-30 14:56:10,867 - INFO - Node 5: k=182.08167109102996, f_best=5.916937828063965, f_min=5.314227938290969
2025-04-30 14:56:10,868 - INFO - Node 6: k=264.6411539753482, f_best=6.702558994293213, f_min=5.1982246507723175
2025-04-30 14:56:10,868 - INFO - Node 7: k=174.97690700906483, f_best=5.878824234008789, f_min=5.519334025644639
2025-04-30 14:56:10,868 - INFO - cur_node_number 10,f_best 5.878824234008789,f_min 5.519334025644639,k 174.97690700906483
2025-04-30 14:56:10,868 - INFO - f_best_current 5.878824234008789,f_min 5.519334025644639
2025-04-30 14:56:26,460 - INFO - tree_node.f_best*ep:5.878824234008789,left_f_best6.672982215881348,right_f_best5.928690433502197,i:1
2025-04-30 14:56:42,159 - INFO - tree_node.f_best*ep:5.878824234008789,left_f_best6.668976306915283,right_f_best5.920318126678467,i:2
2025-04-30 14:56:59,418 - INFO - tree_node.f_best*ep:5.878824234008789,left_f_best6.7332611083984375,right_f_best6.0520339012146,i:3
2025-04-30 14:57:17,239 - INFO - tree_node.f_best*ep:5.878824234008789,left_f_best6.584625720977783,right_f_best5.875156402587891,i:4
2025-04-30 14:58:20,820 - INFO - 添加左子节点，右子节点，len(queue):5
2025-04-30 14:58:20,821 - INFO - Node 1: k=242.3831560213701, f_best=6.046959400177002, f_min=4.106083823371591
2025-04-30 14:58:20,821 - INFO - Node 2: k=278.14051249815253, f_best=6.686890602111816, f_min=5.920385923029244
2025-04-30 14:58:20,821 - INFO - Node 3: k=215.64012994489613, f_best=5.9194769859313965, f_min=5.261372635957741
2025-04-30 14:58:20,821 - INFO - Node 4: k=202.2927365821345, f_best=6.656295299530029, f_min=5.202205464177496
2025-04-30 14:58:20,821 - INFO - Node 5: k=182.08167109102996, f_best=5.916937828063965, f_min=5.314227938290969
2025-04-30 14:58:20,822 - INFO - Node 6: k=264.6411539753482, f_best=6.702558994293213, f_min=5.1982246507723175
2025-04-30 14:58:20,822 - INFO - Node 7: k=174.97690700906483, f_best=5.878824234008789, f_min=5.519334025644639
2025-04-30 14:58:20,822 - INFO - Node 8: k=89.45974158384772, f_best=6.584625720977783, f_min=5.800236423820934
2025-04-30 14:58:20,822 - INFO - Node 9: k=176.72667607915548, f_best=5.875156402587891, f_min=2.8555883920535052
2025-04-30 14:58:20,822 - INFO - cur_node_number 11,f_best 5.875156402587891,f_min 2.8555883920535052,k 176.72667607915548
2025-04-30 14:58:20,822 - INFO - f_best_current 5.875156402587891,f_min 2.8555883920535052
2025-04-30 14:58:20,822 - INFO - 回退,len(queue)=3
2025-04-30 14:58:37,221 - INFO - tree_node.f_best*ep:5.878824234008789,left_f_best6.680183410644531,right_f_best5.928223133087158,i:1
2025-04-30 14:58:53,424 - INFO - tree_node.f_best*ep:5.878824234008789,left_f_best6.7466607093811035,right_f_best5.854115962982178,i:2
2025-04-30 14:59:59,126 - INFO - 添加左子节点，右子节点，len(queue):5
2025-04-30 14:59:59,126 - INFO - Node 1: k=242.3831560213701, f_best=6.046959400177002, f_min=4.106083823371591
2025-04-30 14:59:59,126 - INFO - Node 2: k=278.14051249815253, f_best=6.686890602111816, f_min=5.920385923029244
2025-04-30 14:59:59,126 - INFO - Node 3: k=215.64012994489613, f_best=5.9194769859313965, f_min=5.261372635957741
2025-04-30 14:59:59,126 - INFO - Node 4: k=202.2927365821345, f_best=6.656295299530029, f_min=5.202205464177496
2025-04-30 14:59:59,126 - INFO - Node 5: k=182.08167109102996, f_best=5.916937828063965, f_min=5.314227938290969
2025-04-30 14:59:59,127 - INFO - Node 6: k=264.6411539753482, f_best=6.702558994293213, f_min=5.1982246507723175
2025-04-30 14:59:59,127 - INFO - Node 7: k=176.72667607915548, f_best=5.878824234008789, f_min=5.519334025644639
2025-04-30 14:59:59,127 - INFO - Node 8: k=137.22925700899893, f_best=6.7466607093811035, f_min=5.100977528281874
2025-04-30 14:59:59,127 - INFO - Node 9: k=152.2234296289456, f_best=5.854115962982178, f_min=3.9489010614961444
2025-04-30 14:59:59,127 - INFO - cur_node_number 12,f_best 5.854115962982178,f_min 3.9489010614961444,k 152.2234296289456
2025-04-30 14:59:59,127 - INFO - f_best_current 5.854115962982178,f_min 3.9489010614961444
2025-04-30 15:00:14,556 - INFO - tree_node.f_best*ep:5.854115962982178,left_f_best6.649832725524902,right_f_best5.980091571807861,i:1
2025-04-30 15:00:30,390 - INFO - tree_node.f_best*ep:5.854115962982178,left_f_best6.666834354400635,right_f_best5.963774681091309,i:2
2025-04-30 15:00:47,215 - INFO - tree_node.f_best*ep:5.854115962982178,left_f_best6.591922283172607,right_f_best6.043198585510254,i:3
2025-04-30 15:01:05,293 - INFO - tree_node.f_best*ep:5.854115962982178,left_f_best6.6519775390625,right_f_best6.009444713592529,i:4
2025-04-30 15:01:24,423 - INFO - tree_node.f_best*ep:5.854115962982178,left_f_best6.679811477661133,right_f_best5.9589996337890625,i:5
2025-04-30 15:01:44,078 - INFO - tree_node.f_best*ep:5.854115962982178,left_f_best6.705863952636719,right_f_best5.886732578277588,i:6
2025-04-30 15:02:04,084 - INFO - tree_node.f_best*ep:5.854115962982178,left_f_best6.635512828826904,right_f_best5.88289737701416,i:7
2025-04-30 15:02:24,532 - INFO - tree_node.f_best*ep:5.854115962982178,left_f_best6.655953884124756,right_f_best5.879082202911377,i:8
2025-04-30 15:02:45,725 - INFO - tree_node.f_best*ep:5.854115962982178,left_f_best6.5872392654418945,right_f_best5.9020891189575195,i:9
2025-04-30 15:03:07,658 - INFO - tree_node.f_best*ep:5.854115962982178,left_f_best6.544349670410156,right_f_best5.948550701141357,i:10
2025-04-30 15:03:30,719 - INFO - tree_node.f_best*ep:5.854115962982178,left_f_best6.619407653808594,right_f_best5.873324394226074,i:11
2025-04-30 15:03:54,240 - INFO - tree_node.f_best*ep:5.854115962982178,left_f_best6.707729816436768,right_f_best5.854115962982178,i:12
2025-04-30 15:05:05,158 - INFO - 添加左子节点，右子节点，len(queue):6
2025-04-30 15:05:05,158 - INFO - Node 1: k=242.3831560213701, f_best=6.046959400177002, f_min=4.106083823371591
2025-04-30 15:05:05,159 - INFO - Node 2: k=278.14051249815253, f_best=6.686890602111816, f_min=5.920385923029244
2025-04-30 15:05:05,159 - INFO - Node 3: k=215.64012994489613, f_best=5.9194769859313965, f_min=5.261372635957741
2025-04-30 15:05:05,159 - INFO - Node 4: k=202.2927365821345, f_best=6.656295299530029, f_min=5.202205464177496
2025-04-30 15:05:05,159 - INFO - Node 5: k=182.08167109102996, f_best=5.916937828063965, f_min=5.314227938290969
2025-04-30 15:05:05,159 - INFO - Node 6: k=264.6411539753482, f_best=6.702558994293213, f_min=5.1982246507723175
2025-04-30 15:05:05,159 - INFO - Node 7: k=176.72667607915548, f_best=5.878824234008789, f_min=5.519334025644639
2025-04-30 15:05:05,160 - INFO - Node 8: k=137.22925700899893, f_best=6.7466607093811035, f_min=5.100977528281874
2025-04-30 15:05:05,160 - INFO - Node 9: k=152.2234296289456, f_best=5.854115962982178, f_min=3.9489010614961444
2025-04-30 15:05:05,160 - INFO - Node 10: k=194.3993436870712, f_best=6.707729816436768, f_min=5.761946408656513
2025-04-30 15:05:05,160 - INFO - Node 11: k=199.14004209801723, f_best=5.854115962982178, f_min=5.136845337515297
2025-04-30 15:05:05,160 - INFO - cur_node_number 13,f_best 5.854115962982178,f_min 5.136845337515297,k 199.14004209801723
2025-04-30 15:05:05,160 - INFO - f_best_current 5.854115962982178,f_min 5.136845337515297
2025-04-30 15:05:05,160 - INFO - 回退,len(queue)=4
2025-04-30 15:05:05,161 - INFO - 回退,len(queue)=3
2025-04-30 15:05:05,161 - INFO - 回退,len(queue)=2
2025-04-30 15:05:20,360 - INFO - tree_node.f_best*ep:5.916937828063965,left_f_best6.670599937438965,right_f_best6.055195331573486,i:1
2025-04-30 15:05:35,973 - INFO - tree_node.f_best*ep:5.916937828063965,left_f_best6.610198974609375,right_f_best5.9186248779296875,i:2
2025-04-30 15:05:52,378 - INFO - tree_node.f_best*ep:5.916937828063965,left_f_best6.733711242675781,right_f_best5.998237609863281,i:3
2025-04-30 15:06:09,776 - INFO - tree_node.f_best*ep:5.916937828063965,left_f_best6.689687728881836,right_f_best5.907414436340332,i:4
2025-04-30 15:07:17,521 - INFO - 添加左子节点，右子节点，len(queue):4
2025-04-30 15:07:17,521 - INFO - Node 1: k=242.3831560213701, f_best=6.046959400177002, f_min=4.106083823371591
2025-04-30 15:07:17,521 - INFO - Node 2: k=278.14051249815253, f_best=6.686890602111816, f_min=5.920385923029244
2025-04-30 15:07:17,521 - INFO - Node 3: k=215.64012994489613, f_best=5.9194769859313965, f_min=5.261372635957741
2025-04-30 15:07:17,522 - INFO - Node 4: k=202.2927365821345, f_best=6.656295299530029, f_min=5.202205464177496
2025-04-30 15:07:17,522 - INFO - Node 5: k=199.14004209801723, f_best=5.916937828063965, f_min=5.314227938290969
2025-04-30 15:07:17,522 - INFO - Node 6: k=210.50663288124287, f_best=6.689687728881836, f_min=5.253874573573739
2025-04-30 15:07:17,522 - INFO - Node 7: k=132.42874687914167, f_best=5.907414436340332, f_min=5.117938113433411
2025-04-30 15:07:17,522 - INFO - cur_node_number 14,f_best 5.907414436340332,f_min 5.117938113433411,k 132.42874687914167
2025-04-30 15:07:17,522 - INFO - f_best_current 5.907414436340332,f_min 5.117938113433411
2025-04-30 15:07:32,922 - INFO - tree_node.f_best*ep:5.907414436340332,left_f_best6.717007637023926,right_f_best5.954222679138184,i:1
2025-04-30 15:07:48,970 - INFO - tree_node.f_best*ep:5.907414436340332,left_f_best6.67648983001709,right_f_best6.063377380371094,i:2
2025-04-30 15:08:05,641 - INFO - tree_node.f_best*ep:5.907414436340332,left_f_best6.700868129730225,right_f_best6.025325775146484,i:3
2025-04-30 15:08:23,103 - INFO - tree_node.f_best*ep:5.907414436340332,left_f_best6.679481506347656,right_f_best5.89031982421875,i:4
2025-04-30 15:09:34,479 - INFO - 添加左子节点，右子节点，len(queue):5
2025-04-30 15:09:34,480 - INFO - Node 1: k=242.3831560213701, f_best=6.046959400177002, f_min=4.106083823371591
2025-04-30 15:09:34,480 - INFO - Node 2: k=278.14051249815253, f_best=6.686890602111816, f_min=5.920385923029244
2025-04-30 15:09:34,480 - INFO - Node 3: k=215.64012994489613, f_best=5.9194769859313965, f_min=5.261372635957741
2025-04-30 15:09:34,480 - INFO - Node 4: k=202.2927365821345, f_best=6.656295299530029, f_min=5.202205464177496
2025-04-30 15:09:34,480 - INFO - Node 5: k=199.14004209801723, f_best=5.916937828063965, f_min=5.314227938290969
2025-04-30 15:09:34,481 - INFO - Node 6: k=210.50663288124287, f_best=6.689687728881836, f_min=5.253874573573739
2025-04-30 15:09:34,481 - INFO - Node 7: k=132.42874687914167, f_best=5.907414436340332, f_min=5.117938113433411
2025-04-30 15:09:34,481 - INFO - Node 8: k=225.69160296499243, f_best=6.679481506347656, f_min=6.676175882388634
2025-04-30 15:09:34,481 - INFO - Node 9: k=156.8359517701323, f_best=5.89031982421875, f_min=5.778129499415627
2025-04-30 15:09:34,481 - INFO - cur_node_number 15,f_best 5.89031982421875,f_min 5.778129499415627,k 156.8359517701323
2025-04-30 15:09:34,481 - INFO - f_best_current 5.89031982421875,f_min 5.778129499415627
2025-04-30 15:09:34,481 - INFO - 回退,len(queue)=3
2025-04-30 15:09:49,692 - INFO - tree_node.f_best*ep:5.907414436340332,left_f_best6.691204071044922,right_f_best5.997250556945801,i:1
2025-04-30 15:10:05,494 - INFO - tree_node.f_best*ep:5.907414436340332,left_f_best6.671276092529297,right_f_best6.023594856262207,i:2
2025-04-30 15:10:21,870 - INFO - tree_node.f_best*ep:5.907414436340332,left_f_best6.634484767913818,right_f_best5.934165000915527,i:3
2025-04-30 15:10:38,846 - INFO - tree_node.f_best*ep:5.907414436340332,left_f_best6.597860336303711,right_f_best5.908005237579346,i:4
2025-04-30 15:10:56,843 - INFO - tree_node.f_best*ep:5.907414436340332,left_f_best6.591645240783691,right_f_best6.021655082702637,i:5
2025-04-30 15:11:13,545 - INFO - tree_node.f_best*ep:5.907414436340332,left_f_best6.58029842376709,right_f_best5.95115852355957,i:6
2025-04-30 15:11:30,933 - INFO - tree_node.f_best*ep:5.907414436340332,left_f_best6.638096809387207,right_f_best5.96683931350708,i:7
2025-04-30 15:11:48,038 - INFO - tree_node.f_best*ep:5.907414436340332,left_f_best6.6950483322143555,right_f_best5.964561462402344,i:8
2025-04-30 15:12:06,788 - INFO - tree_node.f_best*ep:5.907414436340332,left_f_best6.622861862182617,right_f_best5.954096794128418,i:9
2025-04-30 15:12:28,003 - INFO - tree_node.f_best*ep:5.907414436340332,left_f_best6.691619873046875,right_f_best5.922146797180176,i:10
2025-04-30 15:12:48,690 - INFO - tree_node.f_best*ep:5.907414436340332,left_f_best6.645461082458496,right_f_best5.866706848144531,i:11
2025-04-30 15:13:49,257 - INFO - 添加左子节点，右子节点，len(queue):5
2025-04-30 15:13:49,257 - INFO - Node 1: k=242.3831560213701, f_best=6.046959400177002, f_min=4.106083823371591
2025-04-30 15:13:49,257 - INFO - Node 2: k=278.14051249815253, f_best=6.686890602111816, f_min=5.920385923029244
2025-04-30 15:13:49,258 - INFO - Node 3: k=215.64012994489613, f_best=5.9194769859313965, f_min=5.261372635957741
2025-04-30 15:13:49,258 - INFO - Node 4: k=202.2927365821345, f_best=6.656295299530029, f_min=5.202205464177496
2025-04-30 15:13:49,258 - INFO - Node 5: k=199.14004209801723, f_best=5.916937828063965, f_min=5.314227938290969
2025-04-30 15:13:49,258 - INFO - Node 6: k=210.50663288124287, f_best=6.689687728881836, f_min=5.253874573573739
2025-04-30 15:13:49,258 - INFO - Node 7: k=156.8359517701323, f_best=5.907414436340332, f_min=5.117938113433411
2025-04-30 15:13:49,258 - INFO - Node 8: k=102.8316660735344, f_best=6.645461082458496, f_min=6.246078346699505
2025-04-30 15:13:49,258 - INFO - Node 9: k=197.16835851288835, f_best=5.866706848144531, f_min=3.6227602874141667
2025-04-30 15:13:49,259 - INFO - cur_node_number 16,f_best 5.866706848144531,f_min 3.6227602874141667,k 197.16835851288835
2025-04-30 15:13:49,259 - INFO - f_best_current 5.866706848144531,f_min 3.6227602874141667
2025-04-30 15:13:49,259 - INFO - 回退,len(queue)=3
2025-04-30 15:14:03,154 - INFO - tree_node.f_best*ep:5.907414436340332,left_f_best6.773464202880859,right_f_best6.035818099975586,i:1
2025-04-30 15:14:17,451 - INFO - tree_node.f_best*ep:5.907414436340332,left_f_best6.692739009857178,right_f_best6.038321495056152,i:2
2025-04-30 15:14:33,916 - INFO - tree_node.f_best*ep:5.907414436340332,left_f_best6.733635902404785,right_f_best5.8802995681762695,i:3
2025-04-30 15:15:39,878 - INFO - 添加左子节点，右子节点，len(queue):5
2025-04-30 15:15:39,878 - INFO - Node 1: k=242.3831560213701, f_best=6.046959400177002, f_min=4.106083823371591
2025-04-30 15:15:39,878 - INFO - Node 2: k=278.14051249815253, f_best=6.686890602111816, f_min=5.920385923029244
2025-04-30 15:15:39,878 - INFO - Node 3: k=215.64012994489613, f_best=5.9194769859313965, f_min=5.261372635957741
2025-04-30 15:15:39,878 - INFO - Node 4: k=202.2927365821345, f_best=6.656295299530029, f_min=5.202205464177496
2025-04-30 15:15:39,878 - INFO - Node 5: k=199.14004209801723, f_best=5.916937828063965, f_min=5.314227938290969
2025-04-30 15:15:39,878 - INFO - Node 6: k=210.50663288124287, f_best=6.689687728881836, f_min=5.253874573573739
2025-04-30 15:15:39,879 - INFO - Node 7: k=197.16835851288835, f_best=5.907414436340332, f_min=5.117938113433411
2025-04-30 15:15:39,879 - INFO - Node 8: k=160.91209622749798, f_best=6.733635902404785, f_min=4.801482724225025
2025-04-30 15:15:39,879 - INFO - Node 9: k=219.97449655678855, f_best=5.8802995681762695, f_min=5.079353967354109
2025-04-30 15:15:39,879 - INFO - cur_node_number 17,f_best 5.8802995681762695,f_min 5.079353967354109,k 219.97449655678855
2025-04-30 15:15:39,879 - INFO - f_best_current 5.8802995681762695,f_min 5.079353967354109
2025-04-30 15:15:39,879 - INFO - 回退,len(queue)=3
2025-04-30 15:15:39,879 - INFO - 回退,len(queue)=2
2025-04-30 15:15:39,879 - INFO - 回退,len(queue)=1
2025-04-30 15:15:53,728 - INFO - tree_node.f_best*ep:5.9194769859313965,left_f_best6.818081855773926,right_f_best5.9267683029174805,i:1
2025-04-30 15:16:07,983 - INFO - tree_node.f_best*ep:5.9194769859313965,left_f_best6.69577693939209,right_f_best5.946913719177246,i:2
2025-04-30 15:16:22,820 - INFO - tree_node.f_best*ep:5.9194769859313965,left_f_best6.733479022979736,right_f_best5.9889678955078125,i:3
2025-04-30 15:16:38,276 - INFO - tree_node.f_best*ep:5.9194769859313965,left_f_best6.706692695617676,right_f_best5.997703552246094,i:4
2025-04-30 15:16:54,320 - INFO - tree_node.f_best*ep:5.9194769859313965,left_f_best6.679001808166504,right_f_best5.865365028381348,i:5
2025-04-30 15:18:03,658 - INFO - 添加左子节点，右子节点，len(queue):3
2025-04-30 15:18:03,658 - INFO - Node 1: k=242.3831560213701, f_best=6.046959400177002, f_min=4.106083823371591
2025-04-30 15:18:03,658 - INFO - Node 2: k=278.14051249815253, f_best=6.686890602111816, f_min=5.920385923029244
2025-04-30 15:18:03,658 - INFO - Node 3: k=219.97449655678855, f_best=5.9194769859313965, f_min=5.261372635957741
2025-04-30 15:18:03,659 - INFO - Node 4: k=249.30393815465163, f_best=6.679001808166504, f_min=3.3963226183113875
2025-04-30 15:18:03,659 - INFO - Node 5: k=193.2833629182319, f_best=5.865365028381348, f_min=2.829685760116263
2025-04-30 15:18:03,659 - INFO - cur_node_number 18,f_best 5.865365028381348,f_min 2.829685760116263,k 193.2833629182319
2025-04-30 15:18:03,659 - INFO - f_best_current 5.865365028381348,f_min 2.829685760116263
2025-04-30 15:18:17,319 - INFO - tree_node.f_best*ep:5.865365028381348,left_f_best6.786638259887695,right_f_best5.997817039489746,i:1
2025-04-30 15:18:31,794 - INFO - tree_node.f_best*ep:5.865365028381348,left_f_best6.757192611694336,right_f_best6.048115253448486,i:2
2025-04-30 15:18:46,933 - INFO - tree_node.f_best*ep:5.865365028381348,left_f_best6.698186874389648,right_f_best5.889247417449951,i:3
2025-04-30 15:19:02,469 - INFO - tree_node.f_best*ep:5.865365028381348,left_f_best6.71043586730957,right_f_best6.040532112121582,i:4
2025-04-30 15:19:18,601 - INFO - tree_node.f_best*ep:5.865365028381348,left_f_best6.66465950012207,right_f_best5.979680061340332,i:5
2025-04-30 15:19:35,186 - INFO - tree_node.f_best*ep:5.865365028381348,left_f_best6.581539630889893,right_f_best5.899886131286621,i:6
2025-04-30 15:19:52,193 - INFO - tree_node.f_best*ep:5.865365028381348,left_f_best6.554426193237305,right_f_best5.9649810791015625,i:7
2025-04-30 15:20:09,869 - INFO - tree_node.f_best*ep:5.865365028381348,left_f_best6.711640357971191,right_f_best5.80228328704834,i:8
2025-04-30 15:21:15,309 - INFO - 添加左子节点，右子节点，len(queue):4
2025-04-30 15:21:15,310 - INFO - Node 1: k=242.3831560213701, f_best=6.046959400177002, f_min=4.106083823371591
2025-04-30 15:21:15,310 - INFO - Node 2: k=278.14051249815253, f_best=6.686890602111816, f_min=5.920385923029244
2025-04-30 15:21:15,310 - INFO - Node 3: k=219.97449655678855, f_best=5.9194769859313965, f_min=5.261372635957741
2025-04-30 15:21:15,310 - INFO - Node 4: k=249.30393815465163, f_best=6.679001808166504, f_min=3.3963226183113875
2025-04-30 15:21:15,310 - INFO - Node 5: k=193.2833629182319, f_best=5.865365028381348, f_min=2.829685760116263
2025-04-30 15:21:15,310 - INFO - Node 6: k=156.17969528079462, f_best=6.711640357971191, f_min=6.306248782895636
2025-04-30 15:21:15,310 - INFO - Node 7: k=240.5828672503163, f_best=5.80228328704834, f_min=2.7238315065296774
2025-04-30 15:21:15,311 - INFO - cur_node_number 19,f_best 5.80228328704834,f_min 2.7238315065296774,k 240.5828672503163
2025-04-30 15:21:15,311 - INFO - f_best_current 5.80228328704834,f_min 2.7238315065296774
2025-04-30 15:21:15,311 - INFO - 回退,len(queue)=2
2025-04-30 15:21:15,311 - INFO - 回退,len(queue)=1
2025-04-30 15:21:28,695 - INFO - tree_node.f_best*ep:5.9194769859313965,left_f_best6.820347785949707,right_f_best6.084691524505615,i:1
2025-04-30 15:21:42,745 - INFO - tree_node.f_best*ep:5.9194769859313965,left_f_best6.797846794128418,right_f_best6.058979511260986,i:2
2025-04-30 15:21:57,677 - INFO - tree_node.f_best*ep:5.9194769859313965,left_f_best6.61614465713501,right_f_best5.892413139343262,i:3
2025-04-30 15:23:01,289 - INFO - 添加左子节点，右子节点，len(queue):3
2025-04-30 15:23:01,290 - INFO - Node 1: k=242.3831560213701, f_best=6.046959400177002, f_min=4.106083823371591
2025-04-30 15:23:01,290 - INFO - Node 2: k=278.14051249815253, f_best=6.686890602111816, f_min=5.920385923029244
2025-04-30 15:23:01,290 - INFO - Node 3: k=240.5828672503163, f_best=5.9194769859313965, f_min=5.261372635957741
2025-04-30 15:23:01,290 - INFO - Node 4: k=234.85558706869898, f_best=6.61614465713501, f_min=4.083959797528223
2025-04-30 15:23:01,290 - INFO - Node 5: k=129.81937739353168, f_best=5.892413139343262, f_min=4.6009720164747705
2025-04-30 15:23:01,290 - INFO - cur_node_number 20,f_best 5.892413139343262,f_min 4.6009720164747705,k 129.81937739353168
2025-04-30 15:23:01,290 - INFO - f_best_current 5.892413139343262,f_min 4.6009720164747705
2025-04-30 15:23:14,432 - INFO - tree_node.f_best*ep:5.892413139343262,left_f_best6.8068437576293945,right_f_best5.908377647399902,i:1
2025-04-30 15:23:28,310 - INFO - tree_node.f_best*ep:5.892413139343262,left_f_best6.59591007232666,right_f_best5.88913631439209,i:2
2025-04-30 15:24:37,248 - INFO - 添加左子节点，右子节点，len(queue):4
2025-04-30 15:24:37,248 - INFO - Node 1: k=242.3831560213701, f_best=6.046959400177002, f_min=4.106083823371591
2025-04-30 15:24:37,249 - INFO - Node 2: k=278.14051249815253, f_best=6.686890602111816, f_min=5.920385923029244
2025-04-30 15:24:37,249 - INFO - Node 3: k=240.5828672503163, f_best=5.9194769859313965, f_min=5.261372635957741
2025-04-30 15:24:37,249 - INFO - Node 4: k=234.85558706869898, f_best=6.61614465713501, f_min=4.083959797528223
2025-04-30 15:24:37,249 - INFO - Node 5: k=129.81937739353168, f_best=5.892413139343262, f_min=4.6009720164747705
2025-04-30 15:24:37,249 - INFO - Node 6: k=298.204276302431, f_best=6.59591007232666, f_min=5.072162784468674
2025-04-30 15:24:37,249 - INFO - Node 7: k=140.57578333104817, f_best=5.88913631439209, f_min=4.114312148642057
2025-04-30 15:24:37,250 - INFO - cur_node_number 21,f_best 5.88913631439209,f_min 4.114312148642057,k 140.57578333104817
2025-04-30 15:24:37,250 - INFO - f_best_current 5.88913631439209,f_min 4.114312148642057
2025-04-30 15:24:37,250 - INFO - 回退,len(queue)=2
2025-04-30 15:24:50,830 - INFO - tree_node.f_best*ep:5.892413139343262,left_f_best6.6311187744140625,right_f_best6.058233737945557,i:1
2025-04-30 15:25:05,228 - INFO - tree_node.f_best*ep:5.892413139343262,left_f_best6.664346694946289,right_f_best5.960659980773926,i:2
2025-04-30 15:25:20,362 - INFO - tree_node.f_best*ep:5.892413139343262,left_f_best6.611475467681885,right_f_best5.969479560852051,i:3
2025-04-30 15:25:35,877 - INFO - tree_node.f_best*ep:5.892413139343262,left_f_best6.560447692871094,right_f_best5.962757587432861,i:4
2025-04-30 15:25:52,308 - INFO - tree_node.f_best*ep:5.892413139343262,left_f_best6.655909538269043,right_f_best5.977583408355713,i:5
2025-04-30 15:26:08,873 - INFO - tree_node.f_best*ep:5.892413139343262,left_f_best6.665668487548828,right_f_best5.859188079833984,i:6
2025-04-30 15:27:25,145 - INFO - 添加左子节点，右子节点，len(queue):4
2025-04-30 15:27:25,146 - INFO - Node 1: k=242.3831560213701, f_best=6.046959400177002, f_min=4.106083823371591
2025-04-30 15:27:25,146 - INFO - Node 2: k=278.14051249815253, f_best=6.686890602111816, f_min=5.920385923029244
2025-04-30 15:27:25,146 - INFO - Node 3: k=240.5828672503163, f_best=5.9194769859313965, f_min=5.261372635957741
2025-04-30 15:27:25,146 - INFO - Node 4: k=234.85558706869898, f_best=6.61614465713501, f_min=4.083959797528223
2025-04-30 15:27:25,146 - INFO - Node 5: k=140.57578333104817, f_best=5.892413139343262, f_min=4.6009720164747705
2025-04-30 15:27:25,146 - INFO - Node 6: k=280.92191762313405, f_best=6.665668487548828, f_min=5.810456568846348
2025-04-30 15:27:25,146 - INFO - Node 7: k=279.30924007151873, f_best=5.859188079833984, f_min=3.8192841763866454
2025-04-30 15:27:25,146 - INFO - cur_node_number 22,f_best 5.859188079833984,f_min 3.8192841763866454,k 279.30924007151873
2025-04-30 15:27:25,147 - INFO - f_best_current 5.859188079833984,f_min 3.8192841763866454
2025-04-30 15:27:25,147 - INFO - 回退,len(queue)=2
2025-04-30 15:27:25,147 - INFO - 回退,len(queue)=1
2025-04-30 15:27:25,147 - INFO - 回退,len(queue)=0
2025-04-30 15:27:38,437 - INFO - tree_node.f_best*ep:6.046959400177002,left_f_best6.677410125732422,right_f_best6.094564914703369,i:1
2025-04-30 15:27:50,914 - INFO - tree_node.f_best*ep:6.046959400177002,left_f_best6.633374214172363,right_f_best6.023646354675293,i:2
2025-04-30 15:28:41,630 - INFO - 添加左子节点，右子节点，len(queue):2
2025-04-30 15:28:41,630 - INFO - Node 1: k=279.30924007151873, f_best=6.046959400177002, f_min=4.106083823371591
2025-04-30 15:28:41,630 - INFO - Node 2: k=99.80740198595788, f_best=6.633374214172363, f_min=6.446464742195531
2025-04-30 15:28:41,630 - INFO - Node 3: k=173.2444623852127, f_best=6.023646354675293, f_min=3.500265662268248
2025-04-30 15:28:41,630 - INFO - cur_node_number 23,f_best 6.023646354675293,f_min 3.500265662268248,k 173.2444623852127
2025-04-30 15:28:41,630 - INFO - f_best_current 6.023646354675293,f_min 3.500265662268248
2025-04-30 15:28:53,634 - INFO - tree_node.f_best*ep:6.023646354675293,left_f_best6.64415168762207,right_f_best6.021618843078613,i:1
2025-04-30 15:29:44,448 - INFO - 添加左子节点，右子节点，len(queue):3
2025-04-30 15:29:44,448 - INFO - Node 1: k=279.30924007151873, f_best=6.046959400177002, f_min=4.106083823371591
2025-04-30 15:29:44,448 - INFO - Node 2: k=99.80740198595788, f_best=6.633374214172363, f_min=6.446464742195531
2025-04-30 15:29:44,448 - INFO - Node 3: k=173.2444623852127, f_best=6.023646354675293, f_min=3.500265662268248
2025-04-30 15:29:44,448 - INFO - Node 4: k=112.46547875022061, f_best=6.64415168762207, f_min=6.47029442709254
2025-04-30 15:29:44,448 - INFO - Node 5: k=156.8359517701323, f_best=6.021618843078613, f_min=4.74958913879891
2025-04-30 15:29:44,448 - INFO - cur_node_number 24,f_best 6.021618843078613,f_min 4.74958913879891,k 156.8359517701323
2025-04-30 15:29:44,449 - INFO - f_best_current 6.021618843078613,f_min 4.74958913879891
2025-04-30 15:29:56,848 - INFO - tree_node.f_best*ep:6.021618843078613,left_f_best6.741424083709717,right_f_best5.98259162902832,i:1
2025-04-30 15:30:49,487 - INFO - 添加左子节点，右子节点，len(queue):4
2025-04-30 15:30:49,487 - INFO - Node 1: k=279.30924007151873, f_best=6.046959400177002, f_min=4.106083823371591
2025-04-30 15:30:49,487 - INFO - Node 2: k=99.80740198595788, f_best=6.633374214172363, f_min=6.446464742195531
2025-04-30 15:30:49,487 - INFO - Node 3: k=173.2444623852127, f_best=6.023646354675293, f_min=3.500265662268248
2025-04-30 15:30:49,487 - INFO - Node 4: k=112.46547875022061, f_best=6.64415168762207, f_min=6.47029442709254
2025-04-30 15:30:49,487 - INFO - Node 5: k=156.8359517701323, f_best=6.021618843078613, f_min=4.74958913879891
2025-04-30 15:30:49,487 - INFO - Node 6: k=118.20234845578986, f_best=6.741424083709717, f_min=5.3512238642565535
2025-04-30 15:30:49,487 - INFO - Node 7: k=169.8308620578499, f_best=5.98259162902832, f_min=5.491381007552263
2025-04-30 15:30:49,488 - INFO - cur_node_number 25,f_best 5.98259162902832,f_min 5.491381007552263,k 169.8308620578499
2025-04-30 15:30:49,488 - INFO - f_best_current 5.98259162902832,f_min 5.491381007552263
2025-04-30 15:30:49,488 - INFO - 回退,len(queue)=2
2025-04-30 15:31:01,603 - INFO - tree_node.f_best*ep:6.021618843078613,left_f_best6.724307060241699,right_f_best6.0097784996032715,i:1
2025-04-30 15:31:54,506 - INFO - 添加左子节点，右子节点，len(queue):4
2025-04-30 15:31:54,506 - INFO - Node 1: k=279.30924007151873, f_best=6.046959400177002, f_min=4.106083823371591
2025-04-30 15:31:54,506 - INFO - Node 2: k=99.80740198595788, f_best=6.633374214172363, f_min=6.446464742195531
2025-04-30 15:31:54,506 - INFO - Node 3: k=173.2444623852127, f_best=6.023646354675293, f_min=3.500265662268248
2025-04-30 15:31:54,506 - INFO - Node 4: k=112.46547875022061, f_best=6.64415168762207, f_min=6.47029442709254
2025-04-30 15:31:54,506 - INFO - Node 5: k=169.8308620578499, f_best=6.021618843078613, f_min=4.74958913879891
2025-04-30 15:31:54,506 - INFO - Node 6: k=159.3189071559386, f_best=6.724307060241699, f_min=5.7357616138178855
2025-04-30 15:31:54,507 - INFO - Node 7: k=136.44147033832655, f_best=6.0097784996032715, f_min=2.8970644644869026
2025-04-30 15:31:54,507 - INFO - cur_node_number 26,f_best 6.0097784996032715,f_min 2.8970644644869026,k 136.44147033832655
2025-04-30 15:31:54,507 - INFO - f_best_current 6.0097784996032715,f_min 2.8970644644869026
2025-04-30 15:32:06,896 - INFO - tree_node.f_best*ep:6.0097784996032715,left_f_best6.663575649261475,right_f_best6.0253143310546875,i:1
2025-04-30 15:32:19,549 - INFO - tree_node.f_best*ep:6.0097784996032715,left_f_best6.7132415771484375,right_f_best6.023952960968018,i:2
2025-04-30 15:32:32,844 - INFO - tree_node.f_best*ep:6.0097784996032715,left_f_best6.696929931640625,right_f_best6.042999267578125,i:3
2025-04-30 15:32:46,709 - INFO - tree_node.f_best*ep:6.0097784996032715,left_f_best6.729083061218262,right_f_best5.9422926902771,i:4
2025-04-30 15:33:39,224 - INFO - 添加左子节点，右子节点，len(queue):5
2025-04-30 15:33:39,224 - INFO - Node 1: k=279.30924007151873, f_best=6.046959400177002, f_min=4.106083823371591
2025-04-30 15:33:39,224 - INFO - Node 2: k=99.80740198595788, f_best=6.633374214172363, f_min=6.446464742195531
2025-04-30 15:33:39,224 - INFO - Node 3: k=173.2444623852127, f_best=6.023646354675293, f_min=3.500265662268248
2025-04-30 15:33:39,224 - INFO - Node 4: k=112.46547875022061, f_best=6.64415168762207, f_min=6.47029442709254
2025-04-30 15:33:39,224 - INFO - Node 5: k=169.8308620578499, f_best=6.021618843078613, f_min=4.74958913879891
2025-04-30 15:33:39,224 - INFO - Node 6: k=159.3189071559386, f_best=6.724307060241699, f_min=5.7357616138178855
2025-04-30 15:33:39,224 - INFO - Node 7: k=136.44147033832655, f_best=6.0097784996032715, f_min=2.8970644644869026
2025-04-30 15:33:39,225 - INFO - Node 8: k=123.00183779451223, f_best=6.729083061218262, f_min=6.356023105456188
2025-04-30 15:33:39,225 - INFO - Node 9: k=161.58823794471908, f_best=5.9422926902771, f_min=4.486609542129372
2025-04-30 15:33:39,225 - INFO - cur_node_number 27,f_best 5.9422926902771,f_min 4.486609542129372,k 161.58823794471908
2025-04-30 15:33:39,225 - INFO - f_best_current 5.9422926902771,f_min 4.486609542129372
2025-04-30 15:33:39,225 - INFO - 回退,len(queue)=3
2025-04-30 15:33:51,392 - INFO - tree_node.f_best*ep:6.0097784996032715,left_f_best6.730172634124756,right_f_best5.925905227661133,i:1
2025-04-30 15:34:45,081 - INFO - 添加左子节点，右子节点，len(queue):5
2025-04-30 15:34:45,081 - INFO - Node 1: k=279.30924007151873, f_best=6.046959400177002, f_min=4.106083823371591
2025-04-30 15:34:45,082 - INFO - Node 2: k=99.80740198595788, f_best=6.633374214172363, f_min=6.446464742195531
2025-04-30 15:34:45,082 - INFO - Node 3: k=173.2444623852127, f_best=6.023646354675293, f_min=3.500265662268248
2025-04-30 15:34:45,082 - INFO - Node 4: k=112.46547875022061, f_best=6.64415168762207, f_min=6.47029442709254
2025-04-30 15:34:45,082 - INFO - Node 5: k=169.8308620578499, f_best=6.021618843078613, f_min=4.74958913879891
2025-04-30 15:34:45,082 - INFO - Node 6: k=159.3189071559386, f_best=6.724307060241699, f_min=5.7357616138178855
2025-04-30 15:34:45,082 - INFO - Node 7: k=161.58823794471908, f_best=6.0097784996032715, f_min=2.8970644644869026
2025-04-30 15:34:45,082 - INFO - Node 8: k=124.23185617245736, f_best=6.730172634124756, f_min=5.260482896841495
2025-04-30 15:34:45,083 - INFO - Node 9: k=187.59892780675926, f_best=5.925905227661133, f_min=5.892194661531903
2025-04-30 15:34:45,083 - INFO - cur_node_number 28,f_best 5.925905227661133,f_min 5.892194661531903,k 187.59892780675926
2025-04-30 15:34:45,083 - INFO - f_best_current 5.925905227661133,f_min 5.892194661531903
2025-04-30 15:34:45,083 - INFO - 结束,fmin= 5.892194661531903, fbestmin=5.925905227661133
