2025-04-27 19:44:23,090 - INFO - Namespace(log_file='outputs/dnn1/img[9]/max/DNN1img9_label5.log', image_path='img[9].png', model_path='network/SimpleNN14.pth', label=5, init_epsilon=0.05, epsilon=0.01, ep=1, min=0)
2025-04-27 19:44:23,101 - INFO - Model output max(1): torch.return_types.max(
values=tensor([6.6428], grad_fn=<MaxBackward0>),
indices=tensor([9]))
2025-04-27 19:44:27,483 - INFO - cur_node_number 1,f_best 0.9771165251731873,f_min -6.617867638102325,k 947.4574591627388
2025-04-27 19:44:27,483 - INFO - f_best_current 0.9771165251731873,f_min -6.617867638102325
2025-04-27 19:44:34,147 - INFO - tree_node.f_best*ep:0.9771165251731873,left_f_best1.7860206365585327,right_f_best0.9814327359199524,i:1
2025-04-27 19:44:42,273 - INFO - tree_node.f_best*ep:0.9771165251731873,left_f_best1.7654534578323364,right_f_best0.9700450301170349,i:2
2025-04-27 19:45:09,877 - INFO - 添加左子节点，右子节点，len(queue):2
2025-04-27 19:45:09,877 - INFO - Node 1: k=947.4574591627388, f_best=0.9771165251731873, f_min=-6.617867638102325
2025-04-27 19:45:09,877 - INFO - Node 2: k=244.00971794651082, f_best=1.7654534578323364, f_min=-0.4850226453954747
2025-04-27 19:45:09,877 - INFO - Node 3: k=172.2499246225699, f_best=0.9700450301170349, f_min=0.8268286414449904
2025-04-27 19:45:09,878 - INFO - cur_node_number 2,f_best 0.9700450301170349,f_min 0.8268286414449904,k 172.2499246225699
2025-04-27 19:45:09,878 - INFO - f_best_current 0.9700450301170349,f_min 0.8268286414449904
2025-04-27 19:45:17,800 - INFO - tree_node.f_best*ep:0.9700450301170349,left_f_best1.771113634109497,right_f_best0.9591551423072815,i:1
2025-04-27 19:45:40,973 - INFO - 添加左子节点，右子节点，len(queue):3
2025-04-27 19:45:40,973 - INFO - Node 1: k=947.4574591627388, f_best=0.9771165251731873, f_min=-6.617867638102325
2025-04-27 19:45:40,973 - INFO - Node 2: k=244.00971794651082, f_best=1.7654534578323364, f_min=-0.4850226453954747
2025-04-27 19:45:40,973 - INFO - Node 3: k=172.2499246225699, f_best=0.9700450301170349, f_min=0.8268286414449904
2025-04-27 19:45:40,973 - INFO - Node 4: k=188.38720578069604, f_best=1.771113634109497, f_min=1.6251447440236007
2025-04-27 19:45:40,973 - INFO - Node 5: k=130.3648696145475, f_best=0.9591551423072815, f_min=0.5701595553773586
2025-04-27 19:45:40,973 - INFO - cur_node_number 3,f_best 0.9591551423072815,f_min 0.5701595553773586,k 130.3648696145475
2025-04-27 19:45:40,973 - INFO - f_best_current 0.9591551423072815,f_min 0.5701595553773586
2025-04-27 19:45:49,177 - INFO - tree_node.f_best*ep:0.9591551423072815,left_f_best1.7785073518753052,right_f_best0.9757764935493469,i:1
2025-04-27 19:45:57,912 - INFO - tree_node.f_best*ep:0.9591551423072815,left_f_best1.7909128665924072,right_f_best0.9562209248542786,i:2
2025-04-27 19:46:25,113 - INFO - 添加左子节点，右子节点，len(queue):4
2025-04-27 19:46:25,113 - INFO - Node 1: k=947.4574591627388, f_best=0.9771165251731873, f_min=-6.617867638102325
2025-04-27 19:46:25,113 - INFO - Node 2: k=244.00971794651082, f_best=1.7654534578323364, f_min=-0.4850226453954747
2025-04-27 19:46:25,113 - INFO - Node 3: k=172.2499246225699, f_best=0.9700450301170349, f_min=0.8268286414449904
2025-04-27 19:46:25,113 - INFO - Node 4: k=188.38720578069604, f_best=1.771113634109497, f_min=1.6251447440236007
2025-04-27 19:46:25,113 - INFO - Node 5: k=130.3648696145475, f_best=0.9591551423072815, f_min=0.5701595553773586
2025-04-27 19:46:25,113 - INFO - Node 6: k=232.16687406870574, f_best=1.7909128665924072, f_min=-0.4645182141030091
2025-04-27 19:46:25,113 - INFO - Node 7: k=155.93560970766222, f_best=0.9562209248542786, f_min=-1.7837082506630395
2025-04-27 19:46:25,113 - INFO - cur_node_number 4,f_best 0.9562209248542786,f_min -1.7837082506630395,k 155.93560970766222
2025-04-27 19:46:25,113 - INFO - f_best_current 0.9562209248542786,f_min -1.7837082506630395
2025-04-27 19:46:25,113 - INFO - 回退,len(queue)=2
2025-04-27 19:46:33,650 - INFO - tree_node.f_best*ep:0.9591551423072815,left_f_best1.7713385820388794,right_f_best0.9582436680793762,i:1
2025-04-27 19:47:00,880 - INFO - 添加左子节点，右子节点，len(queue):4
2025-04-27 19:47:00,880 - INFO - Node 1: k=947.4574591627388, f_best=0.9771165251731873, f_min=-6.617867638102325
2025-04-27 19:47:00,880 - INFO - Node 2: k=244.00971794651082, f_best=1.7654534578323364, f_min=-0.4850226453954747
2025-04-27 19:47:00,880 - INFO - Node 3: k=172.2499246225699, f_best=0.9700450301170349, f_min=0.8268286414449904
2025-04-27 19:47:00,880 - INFO - Node 4: k=188.38720578069604, f_best=1.771113634109497, f_min=1.6251447440236007
2025-04-27 19:47:00,880 - INFO - Node 5: k=155.93560970766222, f_best=0.9591551423072815, f_min=0.5701595553773586
2025-04-27 19:47:00,880 - INFO - Node 6: k=159.06991546278624, f_best=1.7713385820388794, f_min=0.5885414320982818
2025-04-27 19:47:00,880 - INFO - Node 7: k=303.722765861371, f_best=0.9582436680793762, f_min=-1.2393379709974397
2025-04-27 19:47:00,880 - INFO - cur_node_number 5,f_best 0.9582436680793762,f_min -1.2393379709974397,k 303.722765861371
2025-04-27 19:47:00,880 - INFO - f_best_current 0.9582436680793762,f_min -1.2393379709974397
2025-04-27 19:47:00,880 - INFO - 回退,len(queue)=2
2025-04-27 19:47:00,880 - INFO - 回退,len(queue)=1
2025-04-27 19:47:09,113 - INFO - tree_node.f_best*ep:0.9700450301170349,left_f_best1.779841423034668,right_f_best0.9872636198997498,i:1
2025-04-27 19:47:17,648 - INFO - tree_node.f_best*ep:0.9700450301170349,left_f_best1.7662514448165894,right_f_best0.95384281873703,i:2
2025-04-27 19:47:43,547 - INFO - 添加左子节点，右子节点，len(queue):3
2025-04-27 19:47:43,547 - INFO - Node 1: k=947.4574591627388, f_best=0.9771165251731873, f_min=-6.617867638102325
2025-04-27 19:47:43,547 - INFO - Node 2: k=244.00971794651082, f_best=1.7654534578323364, f_min=-0.4850226453954747
2025-04-27 19:47:43,547 - INFO - Node 3: k=303.722765861371, f_best=0.9700450301170349, f_min=0.8268286414449904
2025-04-27 19:47:43,547 - INFO - Node 4: k=177.4692695885584, f_best=1.7662514448165894, f_min=1.7393058890038446
2025-04-27 19:47:43,547 - INFO - Node 5: k=186.52198592148122, f_best=0.95384281873703, f_min=-1.4172809226547542
2025-04-27 19:47:43,547 - INFO - cur_node_number 6,f_best 0.95384281873703,f_min -1.4172809226547542,k 186.52198592148122
2025-04-27 19:47:43,547 - INFO - f_best_current 0.95384281873703,f_min -1.4172809226547542
2025-04-27 19:47:52,035 - INFO - tree_node.f_best*ep:0.95384281873703,left_f_best1.788224458694458,right_f_best0.9650153517723083,i:1
2025-04-27 19:48:00,614 - INFO - tree_node.f_best*ep:0.95384281873703,left_f_best1.775566816329956,right_f_best0.9744009375572205,i:2
2025-04-27 19:48:09,552 - INFO - tree_node.f_best*ep:0.95384281873703,left_f_best1.7626150846481323,right_f_best0.9577868580818176,i:3
2025-04-27 19:48:18,914 - INFO - tree_node.f_best*ep:0.95384281873703,left_f_best1.7444120645523071,right_f_best0.9345605969429016,i:4
2025-04-27 19:48:46,396 - INFO - 添加左子节点，右子节点，len(queue):4
2025-04-27 19:48:46,396 - INFO - Node 1: k=947.4574591627388, f_best=0.9771165251731873, f_min=-6.617867638102325
2025-04-27 19:48:46,396 - INFO - Node 2: k=244.00971794651082, f_best=1.7654534578323364, f_min=-0.4850226453954747
2025-04-27 19:48:46,396 - INFO - Node 3: k=303.722765861371, f_best=0.9700450301170349, f_min=0.8268286414449904
2025-04-27 19:48:46,396 - INFO - Node 4: k=177.4692695885584, f_best=1.7662514448165894, f_min=1.7393058890038446
2025-04-27 19:48:46,396 - INFO - Node 5: k=186.52198592148122, f_best=0.95384281873703, f_min=-1.4172809226547542
2025-04-27 19:48:46,396 - INFO - Node 6: k=172.2499246225699, f_best=1.7444120645523071, f_min=1.638513273846911
2025-04-27 19:48:46,396 - INFO - Node 7: k=269.53853325906334, f_best=0.9345605969429016, f_min=0.9297732097502376
2025-04-27 19:48:46,396 - INFO - cur_node_number 7,f_best 0.9345605969429016,f_min 0.9297732097502376,k 269.53853325906334
2025-04-27 19:48:46,396 - INFO - f_best_current 0.9345605969429016,f_min 0.9297732097502376
2025-04-27 19:48:46,396 - INFO - 结束,fmin= 0.9297732097502376, fbestmin=0.9345605969429016
