2025-04-27 20:11:42,726 - INFO - Namespace(log_file='outputs/dnn1/img[9]/max/DNN1img9_label2.log', image_path='img[9].png', model_path='network/SimpleNN14.pth', label=2, init_epsilon=0.05, epsilon=0.01, ep=1, min=0)
2025-04-27 20:11:42,726 - INFO - Model output max(1): torch.return_types.max(
values=tensor([6.6428], grad_fn=<MaxBackward0>),
indices=tensor([9]))
2025-04-27 20:11:46,584 - INFO - cur_node_number 1,f_best -0.4340791404247284,f_min -2.0810630540881903,k 200.31665786890085
2025-04-27 20:11:46,584 - INFO - f_best_current -0.4340791404247284,f_min -2.0810630540881903
2025-04-27 20:11:55,070 - INFO - tree_node.f_best*ep:-0.4340791404247284,left_f_best0.5240702033042908,right_f_best-0.49703356623649597,i:1
2025-04-27 20:12:20,672 - INFO - 添加左子节点，右子节点，len(queue):2
2025-04-27 20:12:20,672 - INFO - Node 1: k=200.31665786890085, f_best=-0.4340791404247284, f_min=-2.0810630540881903
2025-04-27 20:12:20,672 - INFO - Node 2: k=167.88657598693172, f_best=0.5240702033042908, f_min=0.43250592916319874
2025-04-27 20:12:20,672 - INFO - Node 3: k=162.94905662222178, f_best=-0.49703356623649597, f_min=-0.6625794035089712
2025-04-27 20:12:20,672 - INFO - cur_node_number 2,f_best -0.49703356623649597,f_min -0.6625794035089712,k 162.94905662222178
2025-04-27 20:12:20,672 - INFO - f_best_current -0.49703356623649597,f_min -0.6625794035089712
2025-04-27 20:12:28,826 - INFO - tree_node.f_best*ep:-0.49703356623649597,left_f_best0.5239620208740234,right_f_best-0.4749544560909271,i:1
2025-04-27 20:12:37,408 - INFO - tree_node.f_best*ep:-0.49703356623649597,left_f_best0.49157729744911194,right_f_best-0.48348143696784973,i:2
2025-04-27 20:12:46,449 - INFO - tree_node.f_best*ep:-0.49703356623649597,left_f_best0.48781970143318176,right_f_best-0.533236026763916,i:3
2025-04-27 20:13:11,742 - INFO - 添加左子节点，右子节点，len(queue):3
2025-04-27 20:13:11,742 - INFO - Node 1: k=200.31665786890085, f_best=-0.4340791404247284, f_min=-2.0810630540881903
2025-04-27 20:13:11,742 - INFO - Node 2: k=167.88657598693172, f_best=0.5240702033042908, f_min=0.43250592916319874
2025-04-27 20:13:11,742 - INFO - Node 3: k=162.94905662222178, f_best=-0.49703356623649597, f_min=-0.6625794035089712
2025-04-27 20:13:11,742 - INFO - Node 4: k=108.36162906402232, f_best=0.48781970143318176, f_min=0.3127238404927084
2025-04-27 20:13:11,742 - INFO - Node 5: k=178.214983425534, f_best=-0.533236026763916, f_min=-0.8006380203860317
2025-04-27 20:13:11,742 - INFO - cur_node_number 3,f_best -0.533236026763916,f_min -0.8006380203860317,k 178.214983425534
2025-04-27 20:13:11,742 - INFO - f_best_current -0.533236026763916,f_min -0.8006380203860317
2025-04-27 20:13:11,742 - INFO - 回退,len(queue)=1
2025-04-27 20:13:20,039 - INFO - tree_node.f_best*ep:-0.49703356623649597,left_f_best0.4944920837879181,right_f_best-0.47835323214530945,i:1
2025-04-27 20:13:28,637 - INFO - tree_node.f_best*ep:-0.49703356623649597,left_f_best0.49994680285453796,right_f_best-0.5209951996803284,i:2
2025-04-27 20:13:54,044 - INFO - 添加左子节点，右子节点，len(queue):3
2025-04-27 20:13:54,044 - INFO - Node 1: k=200.31665786890085, f_best=-0.4340791404247284, f_min=-2.0810630540881903
2025-04-27 20:13:54,044 - INFO - Node 2: k=167.88657598693172, f_best=0.5240702033042908, f_min=0.43250592916319874
2025-04-27 20:13:54,044 - INFO - Node 3: k=178.214983425534, f_best=-0.49703356623649597, f_min=-0.6625794035089712
2025-04-27 20:13:54,044 - INFO - Node 4: k=159.73831646134866, f_best=0.49994680285453796, f_min=-0.13032384650796303
2025-04-27 20:13:54,044 - INFO - Node 5: k=150.4807199099421, f_best=-0.5209951996803284, f_min=-1.1133424037916484
2025-04-27 20:13:54,044 - INFO - cur_node_number 4,f_best -0.5209951996803284,f_min -1.1133424037916484,k 150.4807199099421
2025-04-27 20:13:54,044 - INFO - f_best_current -0.5209951996803284,f_min -1.1133424037916484
2025-04-27 20:14:02,417 - INFO - tree_node.f_best*ep:-0.5209951996803284,left_f_best0.5048308372497559,right_f_best-0.5076582431793213,i:1
2025-04-27 20:14:11,201 - INFO - tree_node.f_best*ep:-0.5209951996803284,left_f_best0.5044628381729126,right_f_best-0.515666127204895,i:2
2025-04-27 20:14:20,441 - INFO - tree_node.f_best*ep:-0.5209951996803284,left_f_best0.4830932915210724,right_f_best-0.5377851128578186,i:3
2025-04-27 20:14:46,163 - INFO - 添加左子节点，右子节点，len(queue):4
2025-04-27 20:14:46,163 - INFO - Node 1: k=200.31665786890085, f_best=-0.4340791404247284, f_min=-2.0810630540881903
2025-04-27 20:14:46,163 - INFO - Node 2: k=167.88657598693172, f_best=0.5240702033042908, f_min=0.43250592916319874
2025-04-27 20:14:46,163 - INFO - Node 3: k=178.214983425534, f_best=-0.49703356623649597, f_min=-0.6625794035089712
2025-04-27 20:14:46,163 - INFO - Node 4: k=159.73831646134866, f_best=0.49994680285453796, f_min=-0.13032384650796303
2025-04-27 20:14:46,163 - INFO - Node 5: k=150.4807199099421, f_best=-0.5209951996803284, f_min=-1.1133424037916484
2025-04-27 20:14:46,163 - INFO - Node 6: k=153.50538238013195, f_best=0.4830932915210724, f_min=-0.7769654810845168
2025-04-27 20:14:46,163 - INFO - Node 7: k=138.96642014389158, f_best=-0.5377851128578186, f_min=-3.659044763332531
2025-04-27 20:14:46,163 - INFO - cur_node_number 5,f_best -0.5377851128578186,f_min -3.659044763332531,k 138.96642014389158
2025-04-27 20:14:46,163 - INFO - f_best_current -0.5377851128578186,f_min -3.659044763332531
2025-04-27 20:14:54,586 - INFO - tree_node.f_best*ep:-0.5377851128578186,left_f_best0.5155727863311768,right_f_best-0.4766768515110016,i:1
2025-04-27 20:15:03,398 - INFO - tree_node.f_best*ep:-0.5377851128578186,left_f_best0.503661572933197,right_f_best-0.5054190754890442,i:2
2025-04-27 20:15:12,636 - INFO - tree_node.f_best*ep:-0.5377851128578186,left_f_best0.5018408894538879,right_f_best-0.5132779479026794,i:3
2025-04-27 20:15:22,018 - INFO - tree_node.f_best*ep:-0.5377851128578186,left_f_best0.4699832499027252,right_f_best-0.537285327911377,i:4
2025-04-27 20:15:31,491 - INFO - tree_node.f_best*ep:-0.5377851128578186,left_f_best0.4661591947078705,right_f_best-0.5467584133148193,i:5
2025-04-27 20:15:58,807 - INFO - 添加左子节点，右子节点，len(queue):5
2025-04-27 20:15:58,807 - INFO - Node 1: k=200.31665786890085, f_best=-0.4340791404247284, f_min=-2.0810630540881903
2025-04-27 20:15:58,807 - INFO - Node 2: k=167.88657598693172, f_best=0.5240702033042908, f_min=0.43250592916319874
2025-04-27 20:15:58,807 - INFO - Node 3: k=178.214983425534, f_best=-0.49703356623649597, f_min=-0.6625794035089712
2025-04-27 20:15:58,807 - INFO - Node 4: k=159.73831646134866, f_best=0.49994680285453796, f_min=-0.13032384650796303
2025-04-27 20:15:58,807 - INFO - Node 5: k=150.4807199099421, f_best=-0.5209951996803284, f_min=-1.1133424037916484
2025-04-27 20:15:58,807 - INFO - Node 6: k=153.50538238013195, f_best=0.4830932915210724, f_min=-0.7769654810845168
2025-04-27 20:15:58,807 - INFO - Node 7: k=138.96642014389158, f_best=-0.5377851128578186, f_min=-3.659044763332531
2025-04-27 20:15:58,807 - INFO - Node 8: k=214.40221301861354, f_best=0.4661591947078705, f_min=-0.8122238369887782
2025-04-27 20:15:58,807 - INFO - Node 9: k=153.50538238013195, f_best=-0.5467584133148193, f_min=-2.051361571493544
2025-04-27 20:15:58,807 - INFO - cur_node_number 6,f_best -0.5467584133148193,f_min -2.051361571493544,k 153.50538238013195
2025-04-27 20:15:58,807 - INFO - f_best_current -0.5467584133148193,f_min -2.051361571493544
2025-04-27 20:15:58,807 - INFO - 回退,len(queue)=3
2025-04-27 20:15:58,807 - INFO - 回退,len(queue)=2
2025-04-27 20:16:07,245 - INFO - tree_node.f_best*ep:-0.5209951996803284,left_f_best0.4882566034793854,right_f_best-0.4971703588962555,i:1
2025-04-27 20:16:16,043 - INFO - tree_node.f_best*ep:-0.5209951996803284,left_f_best0.48586979508399963,right_f_best-0.5150817632675171,i:2
2025-04-27 20:16:25,143 - INFO - tree_node.f_best*ep:-0.5209951996803284,left_f_best0.4867457449436188,right_f_best-0.49178341031074524,i:3
2025-04-27 20:16:34,645 - INFO - tree_node.f_best*ep:-0.5209951996803284,left_f_best0.4600818455219269,right_f_best-0.5164458751678467,i:4
2025-04-27 20:16:44,657 - INFO - tree_node.f_best*ep:-0.5209951996803284,left_f_best0.4634193480014801,right_f_best-0.533901572227478,i:5
2025-04-27 20:17:13,595 - INFO - 添加左子节点，右子节点，len(queue):4
2025-04-27 20:17:13,595 - INFO - Node 1: k=200.31665786890085, f_best=-0.4340791404247284, f_min=-2.0810630540881903
2025-04-27 20:17:13,595 - INFO - Node 2: k=167.88657598693172, f_best=0.5240702033042908, f_min=0.43250592916319874
2025-04-27 20:17:13,595 - INFO - Node 3: k=178.214983425534, f_best=-0.49703356623649597, f_min=-0.6625794035089712
2025-04-27 20:17:13,595 - INFO - Node 4: k=159.73831646134866, f_best=0.49994680285453796, f_min=-0.13032384650796303
2025-04-27 20:17:13,595 - INFO - Node 5: k=153.50538238013195, f_best=-0.5209951996803284, f_min=-1.1133424037916484
2025-04-27 20:17:13,595 - INFO - Node 6: k=240.2068721061778, f_best=0.4634193480014801, f_min=0.28405966496848123
2025-04-27 20:17:13,595 - INFO - Node 7: k=178.214983425534, f_best=-0.533901572227478, f_min=-0.973509191075209
2025-04-27 20:17:13,595 - INFO - cur_node_number 7,f_best -0.533901572227478,f_min -0.973509191075209,k 178.214983425534
2025-04-27 20:17:13,595 - INFO - f_best_current -0.533901572227478,f_min -0.973509191075209
2025-04-27 20:17:13,595 - INFO - 回退,len(queue)=2
2025-04-27 20:17:22,004 - INFO - tree_node.f_best*ep:-0.5209951996803284,left_f_best0.5254130363464355,right_f_best-0.49739059805870056,i:1
2025-04-27 20:17:30,775 - INFO - tree_node.f_best*ep:-0.5209951996803284,left_f_best0.5316410064697266,right_f_best-0.51806640625,i:2
2025-04-27 20:17:40,077 - INFO - tree_node.f_best*ep:-0.5209951996803284,left_f_best0.513856053352356,right_f_best-0.5221604108810425,i:3
2025-04-27 20:18:07,250 - INFO - 添加左子节点，右子节点，len(queue):4
2025-04-27 20:18:07,250 - INFO - Node 1: k=200.31665786890085, f_best=-0.4340791404247284, f_min=-2.0810630540881903
2025-04-27 20:18:07,250 - INFO - Node 2: k=167.88657598693172, f_best=0.5240702033042908, f_min=0.43250592916319874
2025-04-27 20:18:07,250 - INFO - Node 3: k=178.214983425534, f_best=-0.49703356623649597, f_min=-0.6625794035089712
2025-04-27 20:18:07,250 - INFO - Node 4: k=159.73831646134866, f_best=0.49994680285453796, f_min=-0.13032384650796303
2025-04-27 20:18:07,250 - INFO - Node 5: k=178.214983425534, f_best=-0.5209951996803284, f_min=-1.1133424037916484
2025-04-27 20:18:07,250 - INFO - Node 6: k=161.33569962596215, f_best=0.513856053352356, f_min=0.4147026349301086
2025-04-27 20:18:07,250 - INFO - Node 7: k=226.28573934294144, f_best=-0.5221604108810425, f_min=-4.752323116126718
2025-04-27 20:18:07,250 - INFO - cur_node_number 8,f_best -0.5221604108810425,f_min -4.752323116126718,k 226.28573934294144
2025-04-27 20:18:07,266 - INFO - f_best_current -0.5221604108810425,f_min -4.752323116126718
2025-04-27 20:18:07,266 - INFO - 回退,len(queue)=2
2025-04-27 20:18:07,266 - INFO - 回退,len(queue)=1
2025-04-27 20:18:07,266 - INFO - 回退,len(queue)=0
2025-04-27 20:18:15,636 - INFO - tree_node.f_best*ep:-0.4340791404247284,left_f_best0.4932263195514679,right_f_best-0.4640979468822479,i:1
2025-04-27 20:18:40,942 - INFO - 添加左子节点，右子节点，len(queue):2
2025-04-27 20:18:40,942 - INFO - Node 1: k=226.28573934294144, f_best=-0.4340791404247284, f_min=-2.0810630540881903
2025-04-27 20:18:40,942 - INFO - Node 2: k=127.06253216961576, f_best=0.4932263195514679, f_min=-0.2564351746364082
2025-04-27 20:18:40,942 - INFO - Node 3: k=167.88657598693172, f_best=-0.4640979468822479, f_min=-0.7336540585602052
2025-04-27 20:18:40,942 - INFO - cur_node_number 9,f_best -0.4640979468822479,f_min -0.7336540585602052,k 167.88657598693172
2025-04-27 20:18:40,942 - INFO - f_best_current -0.4640979468822479,f_min -0.7336540585602052
2025-04-27 20:18:49,224 - INFO - tree_node.f_best*ep:-0.4640979468822479,left_f_best0.5116852521896362,right_f_best-0.4909328520298004,i:1
2025-04-27 20:19:15,074 - INFO - 添加左子节点，右子节点，len(queue):3
2025-04-27 20:19:15,074 - INFO - Node 1: k=226.28573934294144, f_best=-0.4340791404247284, f_min=-2.0810630540881903
2025-04-27 20:19:15,074 - INFO - Node 2: k=127.06253216961576, f_best=0.4932263195514679, f_min=-0.2564351746364082
2025-04-27 20:19:15,074 - INFO - Node 3: k=167.88657598693172, f_best=-0.4640979468822479, f_min=-0.7336540585602052
2025-04-27 20:19:15,074 - INFO - Node 4: k=111.64509478629127, f_best=0.5116852521896362, f_min=-0.3489708270299161
2025-04-27 20:19:15,074 - INFO - Node 5: k=215.3031165795333, f_best=-0.4909328520298004, f_min=-2.515634411609426
2025-04-27 20:19:15,074 - INFO - cur_node_number 10,f_best -0.4909328520298004,f_min -2.515634411609426,k 215.3031165795333
2025-04-27 20:19:15,074 - INFO - f_best_current -0.4909328520298004,f_min -2.515634411609426
2025-04-27 20:19:15,074 - INFO - 回退,len(queue)=1
2025-04-27 20:19:23,406 - INFO - tree_node.f_best*ep:-0.4640979468822479,left_f_best0.5169930458068848,right_f_best-0.49398842453956604,i:1
2025-04-27 20:19:50,631 - INFO - 添加左子节点，右子节点，len(queue):3
2025-04-27 20:19:50,631 - INFO - Node 1: k=226.28573934294144, f_best=-0.4340791404247284, f_min=-2.0810630540881903
2025-04-27 20:19:50,631 - INFO - Node 2: k=127.06253216961576, f_best=0.4932263195514679, f_min=-0.2564351746364082
2025-04-27 20:19:50,631 - INFO - Node 3: k=215.3031165795333, f_best=-0.4640979468822479, f_min=-0.7336540585602052
2025-04-27 20:19:50,631 - INFO - Node 4: k=221.82701631500976, f_best=0.5169930458068848, f_min=-1.6841287560100682
2025-04-27 20:19:50,631 - INFO - Node 5: k=134.87943828443494, f_best=-0.49398842453956604, f_min=-0.7810340780588376
2025-04-27 20:19:50,631 - INFO - cur_node_number 11,f_best -0.49398842453956604,f_min -0.7810340780588376,k 134.87943828443494
2025-04-27 20:19:50,631 - INFO - f_best_current -0.49398842453956604,f_min -0.7810340780588376
2025-04-27 20:19:59,054 - INFO - tree_node.f_best*ep:-0.49398842453956604,left_f_best0.49719372391700745,right_f_best-0.47840824723243713,i:1
2025-04-27 20:20:07,758 - INFO - tree_node.f_best*ep:-0.49398842453956604,left_f_best0.49927523732185364,right_f_best-0.47997555136680603,i:2
2025-04-27 20:20:16,847 - INFO - tree_node.f_best*ep:-0.49398842453956604,left_f_best0.4599457085132599,right_f_best-0.5340498685836792,i:3
2025-04-27 20:20:42,172 - INFO - 添加左子节点，右子节点，len(queue):4
2025-04-27 20:20:42,172 - INFO - Node 1: k=226.28573934294144, f_best=-0.4340791404247284, f_min=-2.0810630540881903
2025-04-27 20:20:42,172 - INFO - Node 2: k=127.06253216961576, f_best=0.4932263195514679, f_min=-0.2564351746364082
2025-04-27 20:20:42,172 - INFO - Node 3: k=215.3031165795333, f_best=-0.4640979468822479, f_min=-0.7336540585602052
2025-04-27 20:20:42,172 - INFO - Node 4: k=221.82701631500976, f_best=0.5169930458068848, f_min=-1.6841287560100682
2025-04-27 20:20:42,172 - INFO - Node 5: k=134.87943828443494, f_best=-0.49398842453956604, f_min=-0.7810340780588376
2025-04-27 20:20:42,172 - INFO - Node 6: k=173.9724238687956, f_best=0.4599457085132599, f_min=-1.1642735318127961
2025-04-27 20:20:42,172 - INFO - Node 7: k=140.3560843453305, f_best=-0.5340498685836792, f_min=-0.5344622080347108
2025-04-27 20:20:42,172 - INFO - cur_node_number 12,f_best -0.5340498685836792,f_min -0.5344622080347108,k 140.3560843453305
2025-04-27 20:20:42,172 - INFO - f_best_current -0.5340498685836792,f_min -0.5344622080347108
2025-04-27 20:20:42,172 - INFO - 结束,fmin= -0.5344622080347108, fbestmin=-0.5340498685836792
