2025-04-27 19:44:16,757 - INFO - Namespace(log_file='outputs/dnn1/img[9]/max/DNN1img9_label0.log', image_path='img[9].png', model_path='network/SimpleNN14.pth', label=0, init_epsilon=0.05, epsilon=0.01, ep=1, min=0)
2025-04-27 19:44:16,770 - INFO - Model output max(1): torch.return_types.max(
values=tensor([6.6428], grad_fn=<MaxBackward0>),
indices=tensor([9]))
2025-04-27 19:44:20,775 - INFO - cur_node_number 1,f_best -1.7667784690856934,f_min -2.9539410940788002,k 262.23271575565207
2025-04-27 19:44:20,776 - INFO - f_best_current -1.7667784690856934,f_min -2.9539410940788002
2025-04-27 19:44:27,453 - INFO - tree_node.f_best*ep:-1.7667784690856934,left_f_best-1.0234920978546143,right_f_best-1.7876477241516113,i:1
2025-04-27 19:44:51,839 - INFO - 添加左子节点，右子节点，len(queue):2
2025-04-27 19:44:51,839 - INFO - Node 1: k=262.23271575565207, f_best=-1.7667784690856934, f_min=-2.9539410940788002
2025-04-27 19:44:51,840 - INFO - Node 2: k=134.10514112693252, f_best=-1.0234920978546143, f_min=-2.1391714493188374
2025-04-27 19:44:51,840 - INFO - Node 3: k=142.3553096054298, f_best=-1.7876477241516113, f_min=-1.809973371412525
2025-04-27 19:44:51,840 - INFO - cur_node_number 2,f_best -1.7876477241516113,f_min -1.809973371412525,k 142.3553096054298
2025-04-27 19:44:51,840 - INFO - f_best_current -1.7876477241516113,f_min -1.809973371412525
2025-04-27 19:44:59,649 - INFO - tree_node.f_best*ep:-1.7876477241516113,left_f_best-1.0277537107467651,right_f_best-1.7856602668762207,i:1
2025-04-27 19:45:07,751 - INFO - tree_node.f_best*ep:-1.7876477241516113,left_f_best-1.0575017929077148,right_f_best-1.8092286586761475,i:2
2025-04-27 19:45:32,031 - INFO - 添加左子节点，右子节点，len(queue):3
2025-04-27 19:45:32,032 - INFO - Node 1: k=262.23271575565207, f_best=-1.7667784690856934, f_min=-2.9539410940788002
2025-04-27 19:45:32,032 - INFO - Node 2: k=134.10514112693252, f_best=-1.0234920978546143, f_min=-2.1391714493188374
2025-04-27 19:45:32,032 - INFO - Node 3: k=142.3553096054298, f_best=-1.7876477241516113, f_min=-1.809973371412525
2025-04-27 19:45:32,032 - INFO - Node 4: k=113.23536210319472, f_best=-1.0575017929077148, f_min=-1.2848307312433462
2025-04-27 19:45:32,032 - INFO - Node 5: k=156.5908405659726, f_best=-1.8092286586761475, f_min=-2.5511488934689623
2025-04-27 19:45:32,032 - INFO - cur_node_number 3,f_best -1.8092286586761475,f_min -2.5511488934689623,k 156.5908405659726
2025-04-27 19:45:32,032 - INFO - f_best_current -1.8092286586761475,f_min -2.5511488934689623
2025-04-27 19:45:32,032 - INFO - 回退,len(queue)=1
2025-04-27 19:45:39,002 - INFO - tree_node.f_best*ep:-1.7876477241516113,left_f_best-1.0326275825500488,right_f_best-1.7775808572769165,i:1
2025-04-27 19:45:47,608 - INFO - tree_node.f_best*ep:-1.7876477241516113,left_f_best-1.0466585159301758,right_f_best-1.8210217952728271,i:2
2025-04-27 19:46:13,462 - INFO - 添加左子节点，右子节点，len(queue):3
2025-04-27 19:46:13,462 - INFO - Node 1: k=262.23271575565207, f_best=-1.7667784690856934, f_min=-2.9539410940788002
2025-04-27 19:46:13,462 - INFO - Node 2: k=134.10514112693252, f_best=-1.0234920978546143, f_min=-2.1391714493188374
2025-04-27 19:46:13,462 - INFO - Node 3: k=156.5908405659726, f_best=-1.7876477241516113, f_min=-1.809973371412525
2025-04-27 19:46:13,462 - INFO - Node 4: k=120.20161863314203, f_best=-1.0466585159301758, f_min=-1.2894644735315524
2025-04-27 19:46:13,462 - INFO - Node 5: k=160.40952603558432, f_best=-1.8210217952728271, f_min=-4.456930178314906
2025-04-27 19:46:13,462 - INFO - cur_node_number 4,f_best -1.8210217952728271,f_min -4.456930178314906,k 160.40952603558432
2025-04-27 19:46:13,462 - INFO - f_best_current -1.8210217952728271,f_min -4.456930178314906
2025-04-27 19:46:13,462 - INFO - 回退,len(queue)=1
2025-04-27 19:46:21,802 - INFO - tree_node.f_best*ep:-1.7876477241516113,left_f_best-1.011650800704956,right_f_best-1.780051827430725,i:1
2025-04-27 19:46:30,434 - INFO - tree_node.f_best*ep:-1.7876477241516113,left_f_best-1.058457374572754,right_f_best-1.7891768217086792,i:2
2025-04-27 19:46:56,975 - INFO - 添加左子节点，右子节点，len(queue):3
2025-04-27 19:46:56,975 - INFO - Node 1: k=262.23271575565207, f_best=-1.7667784690856934, f_min=-2.9539410940788002
2025-04-27 19:46:56,975 - INFO - Node 2: k=134.10514112693252, f_best=-1.0234920978546143, f_min=-2.1391714493188374
2025-04-27 19:46:56,975 - INFO - Node 3: k=160.40952603558432, f_best=-1.7876477241516113, f_min=-1.809973371412525
2025-04-27 19:46:56,975 - INFO - Node 4: k=211.06079460791423, f_best=-1.058457374572754, f_min=-1.7422138236333922
2025-04-27 19:46:56,975 - INFO - Node 5: k=135.44619253820184, f_best=-1.7891768217086792, f_min=-4.76542697743389
2025-04-27 19:46:56,975 - INFO - cur_node_number 5,f_best -1.7891768217086792,f_min -4.76542697743389,k 135.44619253820184
2025-04-27 19:46:56,975 - INFO - f_best_current -1.7891768217086792,f_min -4.76542697743389
2025-04-27 19:47:05,131 - INFO - tree_node.f_best*ep:-1.7891768217086792,left_f_best-1.0481467247009277,right_f_best-1.7801685333251953,i:1
2025-04-27 19:47:13,788 - INFO - tree_node.f_best*ep:-1.7891768217086792,left_f_best-1.0457347631454468,right_f_best-1.7927166223526,i:2
2025-04-27 19:47:36,722 - INFO - 添加左子节点，右子节点，len(queue):4
2025-04-27 19:47:36,722 - INFO - Node 1: k=262.23271575565207, f_best=-1.7667784690856934, f_min=-2.9539410940788002
2025-04-27 19:47:36,722 - INFO - Node 2: k=134.10514112693252, f_best=-1.0234920978546143, f_min=-2.1391714493188374
2025-04-27 19:47:36,738 - INFO - Node 3: k=160.40952603558432, f_best=-1.7876477241516113, f_min=-1.809973371412525
2025-04-27 19:47:36,738 - INFO - Node 4: k=211.06079460791423, f_best=-1.058457374572754, f_min=-1.7422138236333922
2025-04-27 19:47:36,738 - INFO - Node 5: k=135.44619253820184, f_best=-1.7891768217086792, f_min=-4.76542697743389
2025-04-27 19:47:36,738 - INFO - Node 6: k=181.79710459238723, f_best=-1.0457347631454468, f_min=-1.0567187518108767
2025-04-27 19:47:36,738 - INFO - Node 7: k=81.54113239556568, f_best=-1.7927166223526, f_min=-1.8083931898113406
2025-04-27 19:47:36,738 - INFO - cur_node_number 6,f_best -1.7927166223526,f_min -1.8083931898113406,k 81.54113239556568
2025-04-27 19:47:36,738 - INFO - f_best_current -1.7927166223526,f_min -1.8083931898113406
2025-04-27 19:47:36,738 - INFO - 结束,fmin= -1.8083931898113406, fbestmin=-1.7927166223526
