2025-04-27 01:17:19,034 - INFO - Namespace(log_file='outputs/dnn1/img[6]/max/DNN1img6_label7.log', image_path='img[6].png', model_path='network/SimpleNN14.pth', label=7, init_epsilon=0.05, epsilon=0.01, ep=1, min=0)
2025-04-27 01:17:19,046 - INFO - Model output max(1): torch.return_types.max(
values=tensor([9.9357], grad_fn=<MaxBackward0>),
indices=tensor([6]))
2025-04-27 01:17:23,571 - INFO - cur_node_number 1,f_best 6.483601093292236,f_min -2.3630872728899703,k 1033.5899554502603
2025-04-27 01:17:23,571 - INFO - f_best_current 6.483601093292236,f_min -2.3630872728899703
2025-04-27 01:17:30,473 - INFO - tree_node.f_best*ep:6.483601093292236,left_f_best7.20820951461792,right_f_best6.4650983810424805,i:1
2025-04-27 01:17:53,679 - INFO - 添加左子节点，右子节点，len(queue):2
2025-04-27 01:17:53,679 - INFO - Node 1: k=1033.5899554502603, f_best=6.483601093292236, f_min=-2.3630872728899703
2025-04-27 01:17:53,679 - INFO - Node 2: k=107.28874164754686, f_best=7.20820951461792, f_min=6.017856308364117
2025-04-27 01:17:53,679 - INFO - Node 3: k=191.07058400567988, f_best=6.4650983810424805, f_min=4.010108188284903
2025-04-27 01:17:53,679 - INFO - cur_node_number 2,f_best 6.4650983810424805,f_min 4.010108188284903,k 191.07058400567988
2025-04-27 01:17:53,679 - INFO - f_best_current 6.4650983810424805,f_min 4.010108188284903
2025-04-27 01:18:01,173 - INFO - tree_node.f_best*ep:6.4650983810424805,left_f_best7.228943347930908,right_f_best6.445066452026367,i:1
2025-04-27 01:18:23,850 - INFO - 添加左子节点，右子节点，len(queue):3
2025-04-27 01:18:23,850 - INFO - Node 1: k=1033.5899554502603, f_best=6.483601093292236, f_min=-2.3630872728899703
2025-04-27 01:18:23,851 - INFO - Node 2: k=107.28874164754686, f_best=7.20820951461792, f_min=6.017856308364117
2025-04-27 01:18:23,851 - INFO - Node 3: k=191.07058400567988, f_best=6.4650983810424805, f_min=4.010108188284903
2025-04-27 01:18:23,851 - INFO - Node 4: k=176.45047863914257, f_best=7.228943347930908, f_min=5.445101745409374
2025-04-27 01:18:23,851 - INFO - Node 5: k=109.44524535466255, f_best=6.445066452026367, f_min=5.894572699914534
2025-04-27 01:18:23,851 - INFO - cur_node_number 3,f_best 6.445066452026367,f_min 5.894572699914534,k 109.44524535466255
2025-04-27 01:18:23,851 - INFO - f_best_current 6.445066452026367,f_min 5.894572699914534
2025-04-27 01:18:31,231 - INFO - tree_node.f_best*ep:6.445066452026367,left_f_best7.220248222351074,right_f_best6.500074863433838,i:1
2025-04-27 01:18:39,179 - INFO - tree_node.f_best*ep:6.445066452026367,left_f_best7.228496074676514,right_f_best6.4471516609191895,i:2
2025-04-27 01:18:48,704 - INFO - tree_node.f_best*ep:6.445066452026367,left_f_best7.2012038230896,right_f_best6.4673638343811035,i:3
2025-04-27 01:18:58,558 - INFO - tree_node.f_best*ep:6.445066452026367,left_f_best7.176882266998291,right_f_best6.459370136260986,i:4
2025-04-27 01:19:08,982 - INFO - tree_node.f_best*ep:6.445066452026367,left_f_best7.197291851043701,right_f_best6.433274269104004,i:5
2025-04-27 01:19:39,254 - INFO - 添加左子节点，右子节点，len(queue):4
2025-04-27 01:19:39,254 - INFO - Node 1: k=1033.5899554502603, f_best=6.483601093292236, f_min=-2.3630872728899703
2025-04-27 01:19:39,254 - INFO - Node 2: k=107.28874164754686, f_best=7.20820951461792, f_min=6.017856308364117
2025-04-27 01:19:39,254 - INFO - Node 3: k=191.07058400567988, f_best=6.4650983810424805, f_min=4.010108188284903
2025-04-27 01:19:39,254 - INFO - Node 4: k=176.45047863914257, f_best=7.228943347930908, f_min=5.445101745409374
2025-04-27 01:19:39,254 - INFO - Node 5: k=109.44524535466255, f_best=6.445066452026367, f_min=5.894572699914534
2025-04-27 01:19:39,254 - INFO - Node 6: k=171.26109616426905, f_best=7.197291851043701, f_min=4.602025550046164
2025-04-27 01:19:39,254 - INFO - Node 7: k=181.79710459238723, f_best=6.433274269104004, f_min=6.311738943108139
2025-04-27 01:19:39,254 - INFO - cur_node_number 4,f_best 6.433274269104004,f_min 6.311738943108139,k 181.79710459238723
2025-04-27 01:19:39,254 - INFO - f_best_current 6.433274269104004,f_min 6.311738943108139
2025-04-27 01:19:39,254 - INFO - 回退,len(queue)=2
2025-04-27 01:19:48,025 - INFO - tree_node.f_best*ep:6.445066452026367,left_f_best7.2240986824035645,right_f_best6.497283458709717,i:1
2025-04-27 01:19:57,076 - INFO - tree_node.f_best*ep:6.445066452026367,left_f_best7.208103179931641,right_f_best6.470414638519287,i:2
2025-04-27 01:20:06,524 - INFO - tree_node.f_best*ep:6.445066452026367,left_f_best7.196543216705322,right_f_best6.4434967041015625,i:3
2025-04-27 01:20:33,851 - INFO - 添加左子节点，右子节点，len(queue):4
2025-04-27 01:20:33,851 - INFO - Node 1: k=1033.5899554502603, f_best=6.483601093292236, f_min=-2.3630872728899703
2025-04-27 01:20:33,851 - INFO - Node 2: k=107.28874164754686, f_best=7.20820951461792, f_min=6.017856308364117
2025-04-27 01:20:33,851 - INFO - Node 3: k=191.07058400567988, f_best=6.4650983810424805, f_min=4.010108188284903
2025-04-27 01:20:33,851 - INFO - Node 4: k=176.45047863914257, f_best=7.228943347930908, f_min=5.445101745409374
2025-04-27 01:20:33,851 - INFO - Node 5: k=181.79710459238723, f_best=6.445066452026367, f_min=5.894572699914534
2025-04-27 01:20:33,851 - INFO - Node 6: k=187.30573865864116, f_best=7.196543216705322, f_min=6.883213948107368
2025-04-27 01:20:33,851 - INFO - Node 7: k=107.28874164754686, f_best=6.4434967041015625, f_min=5.723420169252677
2025-04-27 01:20:33,851 - INFO - cur_node_number 5,f_best 6.4434967041015625,f_min 5.723420169252677,k 107.28874164754686
2025-04-27 01:20:33,851 - INFO - f_best_current 6.4434967041015625,f_min 5.723420169252677
2025-04-27 01:20:42,670 - INFO - tree_node.f_best*ep:6.4434967041015625,left_f_best7.214014053344727,right_f_best6.4836506843566895,i:1
2025-04-27 01:20:51,725 - INFO - tree_node.f_best*ep:6.4434967041015625,left_f_best7.202761173248291,right_f_best6.469986438751221,i:2
2025-04-27 01:21:01,109 - INFO - tree_node.f_best*ep:6.4434967041015625,left_f_best7.227200031280518,right_f_best6.4760918617248535,i:3
2025-04-27 01:21:11,047 - INFO - tree_node.f_best*ep:6.4434967041015625,left_f_best7.189686298370361,right_f_best6.462870121002197,i:4
2025-04-27 01:21:21,663 - INFO - tree_node.f_best*ep:6.4434967041015625,left_f_best7.177664279937744,right_f_best6.414741039276123,i:5
2025-04-27 01:21:51,609 - INFO - 添加左子节点，右子节点，len(queue):5
2025-04-27 01:21:51,609 - INFO - Node 1: k=1033.5899554502603, f_best=6.483601093292236, f_min=-2.3630872728899703
2025-04-27 01:21:51,609 - INFO - Node 2: k=107.28874164754686, f_best=7.20820951461792, f_min=6.017856308364117
2025-04-27 01:21:51,609 - INFO - Node 3: k=191.07058400567988, f_best=6.4650983810424805, f_min=4.010108188284903
2025-04-27 01:21:51,609 - INFO - Node 4: k=176.45047863914257, f_best=7.228943347930908, f_min=5.445101745409374
2025-04-27 01:21:51,609 - INFO - Node 5: k=181.79710459238723, f_best=6.445066452026367, f_min=5.894572699914534
2025-04-27 01:21:51,609 - INFO - Node 6: k=187.30573865864116, f_best=7.196543216705322, f_min=6.883213948107368
2025-04-27 01:21:51,609 - INFO - Node 7: k=107.28874164754686, f_best=6.4434967041015625, f_min=5.723420169252677
2025-04-27 01:21:51,609 - INFO - Node 8: k=200.81710406844587, f_best=7.177664279937744, f_min=3.9531801754164917
2025-04-27 01:21:51,609 - INFO - Node 9: k=146.05510419764914, f_best=6.414741039276123, f_min=4.784244586704517
2025-04-27 01:21:51,609 - INFO - cur_node_number 6,f_best 6.414741039276123,f_min 4.784244586704517,k 146.05510419764914
2025-04-27 01:21:51,609 - INFO - f_best_current 6.414741039276123,f_min 4.784244586704517
2025-04-27 01:21:51,609 - INFO - 回退,len(queue)=3
2025-04-27 01:22:00,230 - INFO - tree_node.f_best*ep:6.4434967041015625,left_f_best7.219879627227783,right_f_best6.453965187072754,i:1
2025-04-27 01:22:09,275 - INFO - tree_node.f_best*ep:6.4434967041015625,left_f_best7.197430610656738,right_f_best6.469597339630127,i:2
2025-04-27 01:22:18,802 - INFO - tree_node.f_best*ep:6.4434967041015625,left_f_best7.217917442321777,right_f_best6.433316707611084,i:3
2025-04-27 01:22:48,453 - INFO - 添加左子节点，右子节点，len(queue):5
2025-04-27 01:22:48,453 - INFO - Node 1: k=1033.5899554502603, f_best=6.483601093292236, f_min=-2.3630872728899703
2025-04-27 01:22:48,453 - INFO - Node 2: k=107.28874164754686, f_best=7.20820951461792, f_min=6.017856308364117
2025-04-27 01:22:48,453 - INFO - Node 3: k=191.07058400567988, f_best=6.4650983810424805, f_min=4.010108188284903
2025-04-27 01:22:48,453 - INFO - Node 4: k=176.45047863914257, f_best=7.228943347930908, f_min=5.445101745409374
2025-04-27 01:22:48,453 - INFO - Node 5: k=181.79710459238723, f_best=6.445066452026367, f_min=5.894572699914534
2025-04-27 01:22:48,453 - INFO - Node 6: k=187.30573865864116, f_best=7.196543216705322, f_min=6.883213948107368
2025-04-27 01:22:48,453 - INFO - Node 7: k=146.05510419764914, f_best=6.4434967041015625, f_min=5.723420169252677
2025-04-27 01:22:48,453 - INFO - Node 8: k=147.51565523962563, f_best=7.217917442321777, f_min=6.052133779628093
2025-04-27 01:22:48,453 - INFO - Node 9: k=185.45122639469423, f_best=6.433316707611084, f_min=3.954586546070459
2025-04-27 01:22:48,453 - INFO - cur_node_number 7,f_best 6.433316707611084,f_min 3.954586546070459,k 185.45122639469423
2025-04-27 01:22:48,453 - INFO - f_best_current 6.433316707611084,f_min 3.954586546070459
2025-04-27 01:22:48,453 - INFO - 回退,len(queue)=3
2025-04-27 01:22:48,453 - INFO - 回退,len(queue)=2
2025-04-27 01:22:57,401 - INFO - tree_node.f_best*ep:6.445066452026367,left_f_best7.227476596832275,right_f_best6.508349418640137,i:1
2025-04-27 01:23:06,677 - INFO - tree_node.f_best*ep:6.445066452026367,left_f_best7.2268452644348145,right_f_best6.453279972076416,i:2
2025-04-27 01:23:16,172 - INFO - tree_node.f_best*ep:6.445066452026367,left_f_best7.2148756980896,right_f_best6.448230266571045,i:3
2025-04-27 01:23:25,998 - INFO - tree_node.f_best*ep:6.445066452026367,left_f_best7.228610515594482,right_f_best6.447930812835693,i:4
2025-04-27 01:23:36,558 - INFO - tree_node.f_best*ep:6.445066452026367,left_f_best7.190508842468262,right_f_best6.406111240386963,i:5
2025-04-27 01:24:00,589 - INFO - 添加左子节点，右子节点，len(queue):4
2025-04-27 01:24:00,589 - INFO - Node 1: k=1033.5899554502603, f_best=6.483601093292236, f_min=-2.3630872728899703
2025-04-27 01:24:00,589 - INFO - Node 2: k=107.28874164754686, f_best=7.20820951461792, f_min=6.017856308364117
2025-04-27 01:24:00,589 - INFO - Node 3: k=191.07058400567988, f_best=6.4650983810424805, f_min=4.010108188284903
2025-04-27 01:24:00,593 - INFO - Node 4: k=176.45047863914257, f_best=7.228943347930908, f_min=5.445101745409374
2025-04-27 01:24:00,593 - INFO - Node 5: k=185.45122639469423, f_best=6.445066452026367, f_min=5.894572699914534
2025-04-27 01:24:00,593 - INFO - Node 6: k=55.083573653528, f_best=7.190508842468262, f_min=6.89955735212925
2025-04-27 01:24:00,593 - INFO - Node 7: k=156.5908405659726, f_best=6.406111240386963, f_min=4.135378528352703
2025-04-27 01:24:00,593 - INFO - cur_node_number 8,f_best 6.406111240386963,f_min 4.135378528352703,k 156.5908405659726
2025-04-27 01:24:00,593 - INFO - f_best_current 6.406111240386963,f_min 4.135378528352703
2025-04-27 01:24:09,305 - INFO - tree_node.f_best*ep:6.406111240386963,left_f_best7.246318340301514,right_f_best6.49208402633667,i:1
2025-04-27 01:24:18,366 - INFO - tree_node.f_best*ep:6.406111240386963,left_f_best7.203790187835693,right_f_best6.445390224456787,i:2
2025-04-27 01:24:27,781 - INFO - tree_node.f_best*ep:6.406111240386963,left_f_best7.195847988128662,right_f_best6.481001377105713,i:3
2025-04-27 01:24:37,886 - INFO - tree_node.f_best*ep:6.406111240386963,left_f_best7.188331127166748,right_f_best6.423522472381592,i:4
2025-04-27 01:24:48,523 - INFO - tree_node.f_best*ep:6.406111240386963,left_f_best7.182962894439697,right_f_best6.422318935394287,i:5
2025-04-27 01:24:59,546 - INFO - tree_node.f_best*ep:6.406111240386963,left_f_best7.177998065948486,right_f_best6.4156575202941895,i:6
2025-04-27 01:25:11,032 - INFO - tree_node.f_best*ep:6.406111240386963,left_f_best7.175459384918213,right_f_best6.3996901512146,i:7
2025-04-27 01:25:39,267 - INFO - 添加左子节点，右子节点，len(queue):5
2025-04-27 01:25:39,267 - INFO - Node 1: k=1033.5899554502603, f_best=6.483601093292236, f_min=-2.3630872728899703
2025-04-27 01:25:39,267 - INFO - Node 2: k=107.28874164754686, f_best=7.20820951461792, f_min=6.017856308364117
2025-04-27 01:25:39,267 - INFO - Node 3: k=191.07058400567988, f_best=6.4650983810424805, f_min=4.010108188284903
2025-04-27 01:25:39,267 - INFO - Node 4: k=176.45047863914257, f_best=7.228943347930908, f_min=5.445101745409374
2025-04-27 01:25:39,267 - INFO - Node 5: k=185.45122639469423, f_best=6.445066452026367, f_min=5.894572699914534
2025-04-27 01:25:39,267 - INFO - Node 6: k=55.083573653528, f_best=7.190508842468262, f_min=6.89955735212925
2025-04-27 01:25:39,267 - INFO - Node 7: k=156.5908405659726, f_best=6.406111240386963, f_min=4.135378528352703
2025-04-27 01:25:39,267 - INFO - Node 8: k=166.22433266032843, f_best=7.175459384918213, f_min=7.073704127282326
2025-04-27 01:25:39,267 - INFO - Node 9: k=129.61648906622506, f_best=6.3996901512146, f_min=4.7731275433980045
2025-04-27 01:25:39,267 - INFO - cur_node_number 9,f_best 6.3996901512146,f_min 4.7731275433980045,k 129.61648906622506
2025-04-27 01:25:39,267 - INFO - f_best_current 6.3996901512146,f_min 4.7731275433980045
2025-04-27 01:25:48,217 - INFO - tree_node.f_best*ep:6.3996901512146,left_f_best7.219388484954834,right_f_best6.510643482208252,i:1
2025-04-27 01:25:57,496 - INFO - tree_node.f_best*ep:6.3996901512146,left_f_best7.2304368019104,right_f_best6.501965045928955,i:2
2025-04-27 01:26:07,011 - INFO - tree_node.f_best*ep:6.3996901512146,left_f_best7.195945739746094,right_f_best6.440195560455322,i:3
2025-04-27 01:26:16,899 - INFO - tree_node.f_best*ep:6.3996901512146,left_f_best7.194016933441162,right_f_best6.4286322593688965,i:4
2025-04-27 01:26:27,107 - INFO - tree_node.f_best*ep:6.3996901512146,left_f_best7.182014465332031,right_f_best6.468471050262451,i:5
2025-04-27 01:26:37,960 - INFO - tree_node.f_best*ep:6.3996901512146,left_f_best7.1786041259765625,right_f_best6.429275035858154,i:6
2025-04-27 01:26:49,514 - INFO - tree_node.f_best*ep:6.3996901512146,left_f_best7.171844959259033,right_f_best6.396572113037109,i:7
2025-04-27 01:27:18,080 - INFO - 添加左子节点，右子节点，len(queue):6
2025-04-27 01:27:18,080 - INFO - Node 1: k=1033.5899554502603, f_best=6.483601093292236, f_min=-2.3630872728899703
2025-04-27 01:27:18,080 - INFO - Node 2: k=107.28874164754686, f_best=7.20820951461792, f_min=6.017856308364117
2025-04-27 01:27:18,080 - INFO - Node 3: k=191.07058400567988, f_best=6.4650983810424805, f_min=4.010108188284903
2025-04-27 01:27:18,080 - INFO - Node 4: k=176.45047863914257, f_best=7.228943347930908, f_min=5.445101745409374
2025-04-27 01:27:18,080 - INFO - Node 5: k=185.45122639469423, f_best=6.445066452026367, f_min=5.894572699914534
2025-04-27 01:27:18,080 - INFO - Node 6: k=55.083573653528, f_best=7.190508842468262, f_min=6.89955735212925
2025-04-27 01:27:18,080 - INFO - Node 7: k=156.5908405659726, f_best=6.406111240386963, f_min=4.135378528352703
2025-04-27 01:27:18,080 - INFO - Node 8: k=166.22433266032843, f_best=7.175459384918213, f_min=7.073704127282326
2025-04-27 01:27:18,080 - INFO - Node 9: k=129.61648906622506, f_best=6.3996901512146, f_min=4.7731275433980045
2025-04-27 01:27:18,080 - INFO - Node 10: k=123.32564189456845, f_best=7.171844959259033, f_min=6.145462436130401
2025-04-27 01:27:18,080 - INFO - Node 11: k=171.26109616426905, f_best=6.396572113037109, f_min=6.290302758860889
2025-04-27 01:27:18,080 - INFO - cur_node_number 10,f_best 6.396572113037109,f_min 6.290302758860889,k 171.26109616426905
2025-04-27 01:27:18,080 - INFO - f_best_current 6.396572113037109,f_min 6.290302758860889
2025-04-27 01:27:18,080 - INFO - 回退,len(queue)=4
2025-04-27 01:27:18,080 - INFO - 回退,len(queue)=3
2025-04-27 01:27:26,746 - INFO - tree_node.f_best*ep:6.406111240386963,left_f_best7.257618427276611,right_f_best6.47567892074585,i:1
2025-04-27 01:27:35,865 - INFO - tree_node.f_best*ep:6.406111240386963,left_f_best7.21436071395874,right_f_best6.487059116363525,i:2
2025-04-27 01:27:45,494 - INFO - tree_node.f_best*ep:6.406111240386963,left_f_best7.205129146575928,right_f_best6.438395023345947,i:3
2025-04-27 01:27:55,604 - INFO - tree_node.f_best*ep:6.406111240386963,left_f_best7.188536643981934,right_f_best6.419238567352295,i:4
2025-04-27 01:28:06,163 - INFO - tree_node.f_best*ep:6.406111240386963,left_f_best7.209378719329834,right_f_best6.41741418838501,i:5
2025-04-27 01:28:17,204 - INFO - tree_node.f_best*ep:6.406111240386963,left_f_best7.178955554962158,right_f_best6.439770698547363,i:6
2025-04-27 01:28:28,761 - INFO - tree_node.f_best*ep:6.406111240386963,left_f_best7.177285671234131,right_f_best6.439996719360352,i:7
2025-04-27 01:28:40,651 - INFO - tree_node.f_best*ep:6.406111240386963,left_f_best7.168379306793213,right_f_best6.414892673492432,i:8
2025-04-27 01:28:52,908 - INFO - tree_node.f_best*ep:6.406111240386963,left_f_best7.1756367683410645,right_f_best6.400432109832764,i:9
2025-04-27 01:29:22,962 - INFO - 添加左子节点，右子节点，len(queue):5
2025-04-27 01:29:22,962 - INFO - Node 1: k=1033.5899554502603, f_best=6.483601093292236, f_min=-2.3630872728899703
2025-04-27 01:29:22,962 - INFO - Node 2: k=107.28874164754686, f_best=7.20820951461792, f_min=6.017856308364117
2025-04-27 01:29:22,962 - INFO - Node 3: k=191.07058400567988, f_best=6.4650983810424805, f_min=4.010108188284903
2025-04-27 01:29:22,962 - INFO - Node 4: k=176.45047863914257, f_best=7.228943347930908, f_min=5.445101745409374
2025-04-27 01:29:22,962 - INFO - Node 5: k=185.45122639469423, f_best=6.445066452026367, f_min=5.894572699914534
2025-04-27 01:29:22,962 - INFO - Node 6: k=55.083573653528, f_best=7.190508842468262, f_min=6.89955735212925
2025-04-27 01:29:22,962 - INFO - Node 7: k=171.26109616426905, f_best=6.406111240386963, f_min=4.135378528352703
2025-04-27 01:29:22,962 - INFO - Node 8: k=176.45047863914257, f_best=7.1756367683410645, f_min=6.300744982346259
2025-04-27 01:29:22,962 - INFO - Node 9: k=166.22433266032843, f_best=6.400432109832764, f_min=6.055809307415984
2025-04-27 01:29:22,962 - INFO - cur_node_number 11,f_best 6.400432109832764,f_min 6.055809307415984,k 166.22433266032843
2025-04-27 01:29:22,962 - INFO - f_best_current 6.400432109832764,f_min 6.055809307415984
2025-04-27 01:29:31,782 - INFO - tree_node.f_best*ep:6.400432109832764,left_f_best7.230398654937744,right_f_best6.500596046447754,i:1
2025-04-27 01:29:40,893 - INFO - tree_node.f_best*ep:6.400432109832764,left_f_best7.221427917480469,right_f_best6.441940784454346,i:2
2025-04-27 01:29:50,597 - INFO - tree_node.f_best*ep:6.400432109832764,left_f_best7.214193344116211,right_f_best6.466235637664795,i:3
2025-04-27 01:30:00,762 - INFO - tree_node.f_best*ep:6.400432109832764,left_f_best7.186376571655273,right_f_best6.43691873550415,i:4
2025-04-27 01:30:11,322 - INFO - tree_node.f_best*ep:6.400432109832764,left_f_best7.185506343841553,right_f_best6.448968410491943,i:5
2025-04-27 01:30:22,149 - INFO - tree_node.f_best*ep:6.400432109832764,left_f_best7.174060344696045,right_f_best6.421905994415283,i:6
2025-04-27 01:30:33,469 - INFO - tree_node.f_best*ep:6.400432109832764,left_f_best7.183518409729004,right_f_best6.402444362640381,i:7
2025-04-27 01:30:45,431 - INFO - tree_node.f_best*ep:6.400432109832764,left_f_best7.159765720367432,right_f_best6.396813869476318,i:8
2025-04-27 01:31:16,004 - INFO - 添加左子节点，右子节点，len(queue):6
2025-04-27 01:31:16,004 - INFO - Node 1: k=1033.5899554502603, f_best=6.483601093292236, f_min=-2.3630872728899703
2025-04-27 01:31:16,004 - INFO - Node 2: k=107.28874164754686, f_best=7.20820951461792, f_min=6.017856308364117
2025-04-27 01:31:16,004 - INFO - Node 3: k=191.07058400567988, f_best=6.4650983810424805, f_min=4.010108188284903
2025-04-27 01:31:16,004 - INFO - Node 4: k=176.45047863914257, f_best=7.228943347930908, f_min=5.445101745409374
2025-04-27 01:31:16,004 - INFO - Node 5: k=185.45122639469423, f_best=6.445066452026367, f_min=5.894572699914534
2025-04-27 01:31:16,004 - INFO - Node 6: k=55.083573653528, f_best=7.190508842468262, f_min=6.89955735212925
2025-04-27 01:31:16,004 - INFO - Node 7: k=171.26109616426905, f_best=6.406111240386963, f_min=4.135378528352703
2025-04-27 01:31:16,004 - INFO - Node 8: k=176.45047863914257, f_best=7.1756367683410645, f_min=6.300744982346259
2025-04-27 01:31:16,004 - INFO - Node 9: k=166.22433266032843, f_best=6.400432109832764, f_min=6.055809307415984
2025-04-27 01:31:16,004 - INFO - Node 10: k=159.73831646134866, f_best=7.159765720367432, f_min=6.618153480563706
2025-04-27 01:31:16,004 - INFO - Node 11: k=187.30573865864116, f_best=6.396813869476318, f_min=5.925716334013487
2025-04-27 01:31:16,004 - INFO - cur_node_number 12,f_best 6.396813869476318,f_min 5.925716334013487,k 187.30573865864116
2025-04-27 01:31:16,004 - INFO - f_best_current 6.396813869476318,f_min 5.925716334013487
2025-04-27 01:31:16,004 - INFO - 回退,len(queue)=4
2025-04-27 01:31:16,004 - INFO - 回退,len(queue)=3
2025-04-27 01:31:16,004 - INFO - 回退,len(queue)=2
2025-04-27 01:31:24,645 - INFO - tree_node.f_best*ep:6.445066452026367,left_f_best7.231658458709717,right_f_best6.47191858291626,i:1
2025-04-27 01:31:33,624 - INFO - tree_node.f_best*ep:6.445066452026367,left_f_best7.19840669631958,right_f_best6.432620525360107,i:2
2025-04-27 01:32:03,385 - INFO - 添加左子节点，右子节点，len(queue):4
2025-04-27 01:32:03,385 - INFO - Node 1: k=1033.5899554502603, f_best=6.483601093292236, f_min=-2.3630872728899703
2025-04-27 01:32:03,385 - INFO - Node 2: k=107.28874164754686, f_best=7.20820951461792, f_min=6.017856308364117
2025-04-27 01:32:03,385 - INFO - Node 3: k=191.07058400567988, f_best=6.4650983810424805, f_min=4.010108188284903
2025-04-27 01:32:03,385 - INFO - Node 4: k=176.45047863914257, f_best=7.228943347930908, f_min=5.445101745409374
2025-04-27 01:32:03,385 - INFO - Node 5: k=187.30573865864116, f_best=6.445066452026367, f_min=5.894572699914534
2025-04-27 01:32:03,385 - INFO - Node 6: k=150.4807199099421, f_best=7.19840669631958, f_min=4.263409502395916
2025-04-27 01:32:03,385 - INFO - Node 7: k=189.17879604522759, f_best=6.432620525360107, f_min=4.392546331889207
2025-04-27 01:32:03,385 - INFO - cur_node_number 13,f_best 6.432620525360107,f_min 4.392546331889207,k 189.17879604522759
2025-04-27 01:32:03,385 - INFO - f_best_current 6.432620525360107,f_min 4.392546331889207
2025-04-27 01:32:03,385 - INFO - 回退,len(queue)=2
2025-04-27 01:32:12,254 - INFO - tree_node.f_best*ep:6.445066452026367,left_f_best7.242717266082764,right_f_best6.47875452041626,i:1
2025-04-27 01:32:21,421 - INFO - tree_node.f_best*ep:6.445066452026367,left_f_best7.21615743637085,right_f_best6.491682529449463,i:2
2025-04-27 01:32:30,854 - INFO - tree_node.f_best*ep:6.445066452026367,left_f_best7.231851100921631,right_f_best6.4601216316223145,i:3
2025-04-27 01:32:40,850 - INFO - tree_node.f_best*ep:6.445066452026367,left_f_best7.202809810638428,right_f_best6.453994274139404,i:4
2025-04-27 01:32:51,431 - INFO - tree_node.f_best*ep:6.445066452026367,left_f_best7.176103115081787,right_f_best6.468255519866943,i:5
2025-04-27 01:33:02,551 - INFO - tree_node.f_best*ep:6.445066452026367,left_f_best7.1819682121276855,right_f_best6.396426200866699,i:6
2025-04-27 01:33:30,449 - INFO - 添加左子节点，右子节点，len(queue):4
2025-04-27 01:33:30,449 - INFO - Node 1: k=1033.5899554502603, f_best=6.483601093292236, f_min=-2.3630872728899703
2025-04-27 01:33:30,449 - INFO - Node 2: k=107.28874164754686, f_best=7.20820951461792, f_min=6.017856308364117
2025-04-27 01:33:30,449 - INFO - Node 3: k=191.07058400567988, f_best=6.4650983810424805, f_min=4.010108188284903
2025-04-27 01:33:30,449 - INFO - Node 4: k=176.45047863914257, f_best=7.228943347930908, f_min=5.445101745409374
2025-04-27 01:33:30,449 - INFO - Node 5: k=189.17879604522759, f_best=6.445066452026367, f_min=5.894572699914534
2025-04-27 01:33:30,449 - INFO - Node 6: k=122.10459593521628, f_best=7.1819682121276855, f_min=2.7051672424568096
2025-04-27 01:33:30,449 - INFO - Node 7: k=150.4807199099421, f_best=6.396426200866699, f_min=6.117671921225337
2025-04-27 01:33:30,449 - INFO - cur_node_number 14,f_best 6.396426200866699,f_min 6.117671921225337,k 150.4807199099421
2025-04-27 01:33:30,449 - INFO - f_best_current 6.396426200866699,f_min 6.117671921225337
2025-04-27 01:33:39,217 - INFO - tree_node.f_best*ep:6.396426200866699,left_f_best7.231179237365723,right_f_best6.4757184982299805,i:1
2025-04-27 01:33:48,463 - INFO - tree_node.f_best*ep:6.396426200866699,left_f_best7.220522880554199,right_f_best6.456680774688721,i:2
2025-04-27 01:33:57,679 - INFO - tree_node.f_best*ep:6.396426200866699,left_f_best7.199832439422607,right_f_best6.465866565704346,i:3
2025-04-27 01:34:07,408 - INFO - tree_node.f_best*ep:6.396426200866699,left_f_best7.199805736541748,right_f_best6.419951915740967,i:4
2025-04-27 01:34:17,927 - INFO - tree_node.f_best*ep:6.396426200866699,left_f_best7.173869609832764,right_f_best6.421543598175049,i:5
2025-04-27 01:34:29,268 - INFO - tree_node.f_best*ep:6.396426200866699,left_f_best7.174118518829346,right_f_best6.448400020599365,i:6
2025-04-27 01:34:40,806 - INFO - tree_node.f_best*ep:6.396426200866699,left_f_best7.169736862182617,right_f_best6.445516109466553,i:7
2025-04-27 01:34:52,712 - INFO - tree_node.f_best*ep:6.396426200866699,left_f_best7.161914348602295,right_f_best6.397005558013916,i:8
2025-04-27 01:35:05,076 - INFO - tree_node.f_best*ep:6.396426200866699,left_f_best7.176347732543945,right_f_best6.383613109588623,i:9
2025-04-27 01:35:33,700 - INFO - 添加左子节点，右子节点，len(queue):5
2025-04-27 01:35:33,700 - INFO - Node 1: k=1033.5899554502603, f_best=6.483601093292236, f_min=-2.3630872728899703
2025-04-27 01:35:33,700 - INFO - Node 2: k=107.28874164754686, f_best=7.20820951461792, f_min=6.017856308364117
2025-04-27 01:35:33,700 - INFO - Node 3: k=191.07058400567988, f_best=6.4650983810424805, f_min=4.010108188284903
2025-04-27 01:35:33,700 - INFO - Node 4: k=176.45047863914257, f_best=7.228943347930908, f_min=5.445101745409374
2025-04-27 01:35:33,700 - INFO - Node 5: k=189.17879604522759, f_best=6.445066452026367, f_min=5.894572699914534
2025-04-27 01:35:33,700 - INFO - Node 6: k=122.10459593521628, f_best=7.1819682121276855, f_min=2.7051672424568096
2025-04-27 01:35:33,700 - INFO - Node 7: k=150.4807199099421, f_best=6.396426200866699, f_min=6.117671921225337
2025-04-27 01:35:33,700 - INFO - Node 8: k=178.214983425534, f_best=7.176347732543945, f_min=1.368413737285664
2025-04-27 01:35:33,700 - INFO - Node 9: k=134.87943828443494, f_best=6.383613109588623, f_min=6.151479728511731
2025-04-27 01:35:33,700 - INFO - cur_node_number 15,f_best 6.383613109588623,f_min 6.151479728511731,k 134.87943828443494
2025-04-27 01:35:33,700 - INFO - f_best_current 6.383613109588623,f_min 6.151479728511731
2025-04-27 01:35:42,615 - INFO - tree_node.f_best*ep:6.383613109588623,left_f_best7.227372646331787,right_f_best6.484268665313721,i:1
2025-04-27 01:35:51,948 - INFO - tree_node.f_best*ep:6.383613109588623,left_f_best7.228396892547607,right_f_best6.503176212310791,i:2
2025-04-27 01:36:01,681 - INFO - tree_node.f_best*ep:6.383613109588623,left_f_best7.217268466949463,right_f_best6.454097270965576,i:3
2025-04-27 01:36:11,889 - INFO - tree_node.f_best*ep:6.383613109588623,left_f_best7.199808120727539,right_f_best6.429194927215576,i:4
2025-04-27 01:36:22,444 - INFO - tree_node.f_best*ep:6.383613109588623,left_f_best7.1826910972595215,right_f_best6.418765544891357,i:5
2025-04-27 01:36:33,455 - INFO - tree_node.f_best*ep:6.383613109588623,left_f_best7.169576168060303,right_f_best6.419173240661621,i:6
2025-04-27 01:36:44,858 - INFO - tree_node.f_best*ep:6.383613109588623,left_f_best7.169604778289795,right_f_best6.402891635894775,i:7
2025-04-27 01:36:56,760 - INFO - tree_node.f_best*ep:6.383613109588623,left_f_best7.167164325714111,right_f_best6.41222620010376,i:8
2025-04-27 01:37:08,995 - INFO - tree_node.f_best*ep:6.383613109588623,left_f_best7.180533409118652,right_f_best6.398829936981201,i:9
2025-04-27 01:37:21,922 - INFO - tree_node.f_best*ep:6.383613109588623,left_f_best7.157124042510986,right_f_best6.387071132659912,i:10
2025-04-27 01:37:35,236 - INFO - tree_node.f_best*ep:6.383613109588623,left_f_best7.159500598907471,right_f_best6.387568950653076,i:11
2025-04-27 01:37:49,122 - INFO - tree_node.f_best*ep:6.383613109588623,left_f_best7.1650567054748535,right_f_best6.383613109588623,i:12
2025-04-27 01:38:15,412 - INFO - 添加左子节点，右子节点，len(queue):6
2025-04-27 01:38:15,412 - INFO - Node 1: k=1033.5899554502603, f_best=6.483601093292236, f_min=-2.3630872728899703
2025-04-27 01:38:15,414 - INFO - Node 2: k=107.28874164754686, f_best=7.20820951461792, f_min=6.017856308364117
2025-04-27 01:38:15,414 - INFO - Node 3: k=191.07058400567988, f_best=6.4650983810424805, f_min=4.010108188284903
2025-04-27 01:38:15,414 - INFO - Node 4: k=176.45047863914257, f_best=7.228943347930908, f_min=5.445101745409374
2025-04-27 01:38:15,414 - INFO - Node 5: k=189.17879604522759, f_best=6.445066452026367, f_min=5.894572699914534
2025-04-27 01:38:15,414 - INFO - Node 6: k=122.10459593521628, f_best=7.1819682121276855, f_min=2.7051672424568096
2025-04-27 01:38:15,414 - INFO - Node 7: k=150.4807199099421, f_best=6.396426200866699, f_min=6.117671921225337
2025-04-27 01:38:15,414 - INFO - Node 8: k=178.214983425534, f_best=7.176347732543945, f_min=1.368413737285664
2025-04-27 01:38:15,414 - INFO - Node 9: k=134.87943828443494, f_best=6.383613109588623, f_min=6.151479728511731
2025-04-27 01:38:15,414 - INFO - Node 10: k=117.34011666475924, f_best=7.1650567054748535, f_min=6.868326360575338
2025-04-27 01:38:15,414 - INFO - Node 11: k=111.64509478629127, f_best=6.383613109588623, f_min=5.896800736049954
2025-04-27 01:38:15,414 - INFO - cur_node_number 16,f_best 6.383613109588623,f_min 5.896800736049954,k 111.64509478629127
2025-04-27 01:38:15,414 - INFO - f_best_current 6.383613109588623,f_min 5.896800736049954
2025-04-27 01:38:24,343 - INFO - tree_node.f_best*ep:6.383613109588623,left_f_best7.2561774253845215,right_f_best6.517434597015381,i:1
2025-04-27 01:38:33,458 - INFO - tree_node.f_best*ep:6.383613109588623,left_f_best7.232992649078369,right_f_best6.445065498352051,i:2
2025-04-27 01:38:43,032 - INFO - tree_node.f_best*ep:6.383613109588623,left_f_best7.190745830535889,right_f_best6.430137634277344,i:3
2025-04-27 01:38:53,009 - INFO - tree_node.f_best*ep:6.383613109588623,left_f_best7.175958633422852,right_f_best6.438906192779541,i:4
2025-04-27 01:39:03,608 - INFO - tree_node.f_best*ep:6.383613109588623,left_f_best7.190012454986572,right_f_best6.423150539398193,i:5
2025-04-27 01:39:14,780 - INFO - tree_node.f_best*ep:6.383613109588623,left_f_best7.172691822052002,right_f_best6.397719860076904,i:6
2025-04-27 01:39:26,215 - INFO - tree_node.f_best*ep:6.383613109588623,left_f_best7.171380996704102,right_f_best6.415717601776123,i:7
2025-04-27 01:39:38,263 - INFO - tree_node.f_best*ep:6.383613109588623,left_f_best7.168941974639893,right_f_best6.424103260040283,i:8
2025-04-27 01:39:50,705 - INFO - tree_node.f_best*ep:6.383613109588623,left_f_best7.169581890106201,right_f_best6.391462326049805,i:9
2025-04-27 01:40:03,694 - INFO - tree_node.f_best*ep:6.383613109588623,left_f_best7.175426959991455,right_f_best6.380466938018799,i:10
2025-04-27 01:40:34,170 - INFO - 添加左子节点，右子节点，len(queue):7
2025-04-27 01:40:34,170 - INFO - Node 1: k=1033.5899554502603, f_best=6.483601093292236, f_min=-2.3630872728899703
2025-04-27 01:40:34,170 - INFO - Node 2: k=107.28874164754686, f_best=7.20820951461792, f_min=6.017856308364117
2025-04-27 01:40:34,170 - INFO - Node 3: k=191.07058400567988, f_best=6.4650983810424805, f_min=4.010108188284903
2025-04-27 01:40:34,170 - INFO - Node 4: k=176.45047863914257, f_best=7.228943347930908, f_min=5.445101745409374
2025-04-27 01:40:34,170 - INFO - Node 5: k=189.17879604522759, f_best=6.445066452026367, f_min=5.894572699914534
2025-04-27 01:40:34,170 - INFO - Node 6: k=122.10459593521628, f_best=7.1819682121276855, f_min=2.7051672424568096
2025-04-27 01:40:34,170 - INFO - Node 7: k=150.4807199099421, f_best=6.396426200866699, f_min=6.117671921225337
2025-04-27 01:40:34,170 - INFO - Node 8: k=178.214983425534, f_best=7.176347732543945, f_min=1.368413737285664
2025-04-27 01:40:34,170 - INFO - Node 9: k=134.87943828443494, f_best=6.383613109588623, f_min=6.151479728511731
2025-04-27 01:40:34,170 - INFO - Node 10: k=117.34011666475924, f_best=7.1650567054748535, f_min=6.868326360575338
2025-04-27 01:40:34,170 - INFO - Node 11: k=111.64509478629127, f_best=6.383613109588623, f_min=5.896800736049954
2025-04-27 01:40:34,170 - INFO - Node 12: k=183.6150756383111, f_best=7.175426959991455, f_min=5.2467256492063825
2025-04-27 01:40:34,170 - INFO - Node 13: k=179.99713325978934, f_best=6.380466938018799, f_min=6.065308585027196
2025-04-27 01:40:34,170 - INFO - cur_node_number 17,f_best 6.380466938018799,f_min 6.065308585027196,k 179.99713325978934
2025-04-27 01:40:34,170 - INFO - f_best_current 6.380466938018799,f_min 6.065308585027196
2025-04-27 01:40:34,170 - INFO - 回退,len(queue)=5
2025-04-27 01:40:34,170 - INFO - 回退,len(queue)=4
2025-04-27 01:40:34,170 - INFO - 回退,len(queue)=3
2025-04-27 01:40:42,689 - INFO - tree_node.f_best*ep:6.396426200866699,left_f_best7.237905025482178,right_f_best6.483355522155762,i:1
2025-04-27 01:40:51,795 - INFO - tree_node.f_best*ep:6.396426200866699,left_f_best7.209769248962402,right_f_best6.438318729400635,i:2
2025-04-27 01:41:01,557 - INFO - tree_node.f_best*ep:6.396426200866699,left_f_best7.2285847663879395,right_f_best6.469224452972412,i:3
2025-04-27 01:41:12,045 - INFO - tree_node.f_best*ep:6.396426200866699,left_f_best7.181274890899658,right_f_best6.431082248687744,i:4
2025-04-27 01:41:22,970 - INFO - tree_node.f_best*ep:6.396426200866699,left_f_best7.190680027008057,right_f_best6.416060924530029,i:5
2025-04-27 01:41:34,161 - INFO - tree_node.f_best*ep:6.396426200866699,left_f_best7.174290657043457,right_f_best6.463924884796143,i:6
2025-04-27 01:41:45,282 - INFO - tree_node.f_best*ep:6.396426200866699,left_f_best7.175473690032959,right_f_best6.400756359100342,i:7
2025-04-27 01:41:56,848 - INFO - tree_node.f_best*ep:6.396426200866699,left_f_best7.173797130584717,right_f_best6.3887457847595215,i:8
2025-04-27 01:42:30,258 - INFO - 添加左子节点，右子节点，len(queue):5
2025-04-27 01:42:30,258 - INFO - Node 1: k=1033.5899554502603, f_best=6.483601093292236, f_min=-2.3630872728899703
2025-04-27 01:42:30,258 - INFO - Node 2: k=107.28874164754686, f_best=7.20820951461792, f_min=6.017856308364117
2025-04-27 01:42:30,258 - INFO - Node 3: k=191.07058400567988, f_best=6.4650983810424805, f_min=4.010108188284903
2025-04-27 01:42:30,258 - INFO - Node 4: k=176.45047863914257, f_best=7.228943347930908, f_min=5.445101745409374
2025-04-27 01:42:30,258 - INFO - Node 5: k=189.17879604522759, f_best=6.445066452026367, f_min=5.894572699914534
2025-04-27 01:42:30,258 - INFO - Node 6: k=122.10459593521628, f_best=7.1819682121276855, f_min=2.7051672424568096
2025-04-27 01:42:30,258 - INFO - Node 7: k=179.99713325978934, f_best=6.396426200866699, f_min=6.117671921225337
2025-04-27 01:42:30,258 - INFO - Node 8: k=194.91110274419404, f_best=7.173797130584717, f_min=6.628272722524343
2025-04-27 01:42:30,258 - INFO - Node 9: k=262.71071842010247, f_best=6.3887457847595215, f_min=2.48542588041164
2025-04-27 01:42:30,258 - INFO - cur_node_number 18,f_best 6.3887457847595215,f_min 2.48542588041164,k 262.71071842010247
2025-04-27 01:42:30,258 - INFO - f_best_current 6.3887457847595215,f_min 2.48542588041164
2025-04-27 01:42:30,258 - INFO - 回退,len(queue)=3
2025-04-27 01:42:30,258 - INFO - 回退,len(queue)=2
2025-04-27 01:42:30,258 - INFO - 回退,len(queue)=1
2025-04-27 01:42:38,981 - INFO - tree_node.f_best*ep:6.4650983810424805,left_f_best7.225776195526123,right_f_best6.450793743133545,i:1
2025-04-27 01:43:09,860 - INFO - 添加左子节点，右子节点，len(queue):3
2025-04-27 01:43:09,860 - INFO - Node 1: k=1033.5899554502603, f_best=6.483601093292236, f_min=-2.3630872728899703
2025-04-27 01:43:09,860 - INFO - Node 2: k=107.28874164754686, f_best=7.20820951461792, f_min=6.017856308364117
2025-04-27 01:43:09,860 - INFO - Node 3: k=262.71071842010247, f_best=6.4650983810424805, f_min=4.010108188284903
2025-04-27 01:43:09,860 - INFO - Node 4: k=179.99713325978934, f_best=7.225776195526123, f_min=6.918052097194959
2025-04-27 01:43:09,860 - INFO - Node 5: k=181.79710459238723, f_best=6.450793743133545, f_min=6.073930126620326
2025-04-27 01:43:09,860 - INFO - cur_node_number 19,f_best 6.450793743133545,f_min 6.073930126620326,k 181.79710459238723
2025-04-27 01:43:09,860 - INFO - f_best_current 6.450793743133545,f_min 6.073930126620326
2025-04-27 01:43:18,877 - INFO - tree_node.f_best*ep:6.450793743133545,left_f_best7.262092590332031,right_f_best6.48957633972168,i:1
2025-04-27 01:43:28,238 - INFO - tree_node.f_best*ep:6.450793743133545,left_f_best7.2157087326049805,right_f_best6.467475414276123,i:2
2025-04-27 01:43:38,025 - INFO - tree_node.f_best*ep:6.450793743133545,left_f_best7.197167873382568,right_f_best6.447871685028076,i:3
2025-04-27 01:44:06,893 - INFO - 添加左子节点，右子节点，len(queue):4
2025-04-27 01:44:06,893 - INFO - Node 1: k=1033.5899554502603, f_best=6.483601093292236, f_min=-2.3630872728899703
2025-04-27 01:44:06,893 - INFO - Node 2: k=107.28874164754686, f_best=7.20820951461792, f_min=6.017856308364117
2025-04-27 01:44:06,893 - INFO - Node 3: k=262.71071842010247, f_best=6.4650983810424805, f_min=4.010108188284903
2025-04-27 01:44:06,893 - INFO - Node 4: k=179.99713325978934, f_best=7.225776195526123, f_min=6.918052097194959
2025-04-27 01:44:06,893 - INFO - Node 5: k=181.79710459238723, f_best=6.450793743133545, f_min=6.073930126620326
2025-04-27 01:44:06,893 - INFO - Node 6: k=169.56544174680104, f_best=7.197167873382568, f_min=3.179640767253659
2025-04-27 01:44:06,893 - INFO - Node 7: k=148.9908117920219, f_best=6.447871685028076, f_min=6.16279341882273
2025-04-27 01:44:06,893 - INFO - cur_node_number 20,f_best 6.447871685028076,f_min 6.16279341882273,k 148.9908117920219
2025-04-27 01:44:06,893 - INFO - f_best_current 6.447871685028076,f_min 6.16279341882273
2025-04-27 01:44:15,754 - INFO - tree_node.f_best*ep:6.447871685028076,left_f_best7.222445011138916,right_f_best6.466653823852539,i:1
2025-04-27 01:44:25,190 - INFO - tree_node.f_best*ep:6.447871685028076,left_f_best7.219841480255127,right_f_best6.461517810821533,i:2
2025-04-27 01:44:35,082 - INFO - tree_node.f_best*ep:6.447871685028076,left_f_best7.190446376800537,right_f_best6.437337875366211,i:3
2025-04-27 01:45:04,055 - INFO - 添加左子节点，右子节点，len(queue):5
2025-04-27 01:45:04,055 - INFO - Node 1: k=1033.5899554502603, f_best=6.483601093292236, f_min=-2.3630872728899703
2025-04-27 01:45:04,055 - INFO - Node 2: k=107.28874164754686, f_best=7.20820951461792, f_min=6.017856308364117
2025-04-27 01:45:04,071 - INFO - Node 3: k=262.71071842010247, f_best=6.4650983810424805, f_min=4.010108188284903
2025-04-27 01:45:04,071 - INFO - Node 4: k=179.99713325978934, f_best=7.225776195526123, f_min=6.918052097194959
2025-04-27 01:45:04,071 - INFO - Node 5: k=181.79710459238723, f_best=6.450793743133545, f_min=6.073930126620326
2025-04-27 01:45:04,071 - INFO - Node 6: k=169.56544174680104, f_best=7.197167873382568, f_min=3.179640767253659
2025-04-27 01:45:04,071 - INFO - Node 7: k=148.9908117920219, f_best=6.447871685028076, f_min=6.16279341882273
2025-04-27 01:45:04,071 - INFO - Node 8: k=137.59051499395207, f_best=7.190446376800537, f_min=7.134585262328073
2025-04-27 01:45:04,071 - INFO - Node 9: k=143.17724164067164, f_best=6.437337875366211, f_min=5.669909561760505
2025-04-27 01:45:04,071 - INFO - cur_node_number 21,f_best 6.437337875366211,f_min 5.669909561760505,k 143.17724164067164
2025-04-27 01:45:04,071 - INFO - f_best_current 6.437337875366211,f_min 5.669909561760505
2025-04-27 01:45:12,861 - INFO - tree_node.f_best*ep:6.437337875366211,left_f_best7.22657585144043,right_f_best6.499276161193848,i:1
2025-04-27 01:45:22,010 - INFO - tree_node.f_best*ep:6.437337875366211,left_f_best7.239412784576416,right_f_best6.455263614654541,i:2
2025-04-27 01:45:31,570 - INFO - tree_node.f_best*ep:6.437337875366211,left_f_best7.207637310028076,right_f_best6.458850860595703,i:3
2025-04-27 01:45:41,866 - INFO - tree_node.f_best*ep:6.437337875366211,left_f_best7.196402072906494,right_f_best6.4076361656188965,i:4
2025-04-27 01:46:09,426 - INFO - 添加左子节点，右子节点，len(queue):6
2025-04-27 01:46:09,426 - INFO - Node 1: k=1033.5899554502603, f_best=6.483601093292236, f_min=-2.3630872728899703
2025-04-27 01:46:09,426 - INFO - Node 2: k=107.28874164754686, f_best=7.20820951461792, f_min=6.017856308364117
2025-04-27 01:46:09,426 - INFO - Node 3: k=262.71071842010247, f_best=6.4650983810424805, f_min=4.010108188284903
2025-04-27 01:46:09,426 - INFO - Node 4: k=179.99713325978934, f_best=7.225776195526123, f_min=6.918052097194959
2025-04-27 01:46:09,426 - INFO - Node 5: k=181.79710459238723, f_best=6.450793743133545, f_min=6.073930126620326
2025-04-27 01:46:09,426 - INFO - Node 6: k=169.56544174680104, f_best=7.197167873382568, f_min=3.179640767253659
2025-04-27 01:46:09,426 - INFO - Node 7: k=148.9908117920219, f_best=6.447871685028076, f_min=6.16279341882273
2025-04-27 01:46:09,426 - INFO - Node 8: k=137.59051499395207, f_best=7.190446376800537, f_min=7.134585262328073
2025-04-27 01:46:09,426 - INFO - Node 9: k=143.17724164067164, f_best=6.437337875366211, f_min=5.669909561760505
2025-04-27 01:46:09,426 - INFO - Node 10: k=136.2282326672793, f_best=7.196402072906494, f_min=6.068323117870932
2025-04-27 01:46:09,426 - INFO - Node 11: k=115.02805280341069, f_best=6.4076361656188965, f_min=5.6753931924777135
2025-04-27 01:46:09,426 - INFO - cur_node_number 22,f_best 6.4076361656188965,f_min 5.6753931924777135,k 115.02805280341069
2025-04-27 01:46:09,426 - INFO - f_best_current 6.4076361656188965,f_min 5.6753931924777135
2025-04-27 01:46:18,394 - INFO - tree_node.f_best*ep:6.4076361656188965,left_f_best7.241823673248291,right_f_best6.455708026885986,i:1
2025-04-27 01:46:27,665 - INFO - tree_node.f_best*ep:6.4076361656188965,left_f_best7.223404407501221,right_f_best6.465420246124268,i:2
2025-04-27 01:46:37,439 - INFO - tree_node.f_best*ep:6.4076361656188965,left_f_best7.195618152618408,right_f_best6.436196804046631,i:3
2025-04-27 01:46:47,673 - INFO - tree_node.f_best*ep:6.4076361656188965,left_f_best7.1868062019348145,right_f_best6.42019510269165,i:4
2025-04-27 01:46:58,366 - INFO - tree_node.f_best*ep:6.4076361656188965,left_f_best7.187799453735352,right_f_best6.4112443923950195,i:5
2025-04-27 01:47:09,614 - INFO - tree_node.f_best*ep:6.4076361656188965,left_f_best7.183753490447998,right_f_best6.446792125701904,i:6
2025-04-27 01:47:21,212 - INFO - tree_node.f_best*ep:6.4076361656188965,left_f_best7.167716979980469,right_f_best6.412606716156006,i:7
2025-04-27 01:47:33,145 - INFO - tree_node.f_best*ep:6.4076361656188965,left_f_best7.1734185218811035,right_f_best6.401397705078125,i:8
2025-04-27 01:48:01,348 - INFO - 添加左子节点，右子节点，len(queue):7
2025-04-27 01:48:01,348 - INFO - Node 1: k=1033.5899554502603, f_best=6.483601093292236, f_min=-2.3630872728899703
2025-04-27 01:48:01,348 - INFO - Node 2: k=107.28874164754686, f_best=7.20820951461792, f_min=6.017856308364117
2025-04-27 01:48:01,348 - INFO - Node 3: k=262.71071842010247, f_best=6.4650983810424805, f_min=4.010108188284903
2025-04-27 01:48:01,348 - INFO - Node 4: k=179.99713325978934, f_best=7.225776195526123, f_min=6.918052097194959
2025-04-27 01:48:01,348 - INFO - Node 5: k=181.79710459238723, f_best=6.450793743133545, f_min=6.073930126620326
2025-04-27 01:48:01,348 - INFO - Node 6: k=169.56544174680104, f_best=7.197167873382568, f_min=3.179640767253659
2025-04-27 01:48:01,348 - INFO - Node 7: k=148.9908117920219, f_best=6.447871685028076, f_min=6.16279341882273
2025-04-27 01:48:01,348 - INFO - Node 8: k=137.59051499395207, f_best=7.190446376800537, f_min=7.134585262328073
2025-04-27 01:48:01,348 - INFO - Node 9: k=143.17724164067164, f_best=6.437337875366211, f_min=5.669909561760505
2025-04-27 01:48:01,348 - INFO - Node 10: k=136.2282326672793, f_best=7.196402072906494, f_min=6.068323117870932
2025-04-27 01:48:01,348 - INFO - Node 11: k=115.02805280341069, f_best=6.4076361656188965, f_min=5.6753931924777135
2025-04-27 01:48:01,348 - INFO - Node 12: k=200.81710406844587, f_best=7.1734185218811035, f_min=5.522089713883361
2025-04-27 01:48:01,348 - INFO - Node 13: k=90.59219809147346, f_best=6.401397705078125, f_min=6.036365162341099
2025-04-27 01:48:01,348 - INFO - cur_node_number 23,f_best 6.401397705078125,f_min 6.036365162341099,k 90.59219809147346
2025-04-27 01:48:01,348 - INFO - f_best_current 6.401397705078125,f_min 6.036365162341099
2025-04-27 01:48:10,324 - INFO - tree_node.f_best*ep:6.401397705078125,left_f_best7.259888172149658,right_f_best6.515317440032959,i:1
2025-04-27 01:48:19,689 - INFO - tree_node.f_best*ep:6.401397705078125,left_f_best7.22040319442749,right_f_best6.440699100494385,i:2
2025-04-27 01:48:29,385 - INFO - tree_node.f_best*ep:6.401397705078125,left_f_best7.223130226135254,right_f_best6.4256768226623535,i:3
2025-04-27 01:48:39,762 - INFO - tree_node.f_best*ep:6.401397705078125,left_f_best7.210890769958496,right_f_best6.426521301269531,i:4
2025-04-27 01:48:50,532 - INFO - tree_node.f_best*ep:6.401397705078125,left_f_best7.175451755523682,right_f_best6.432164192199707,i:5
2025-04-27 01:49:01,804 - INFO - tree_node.f_best*ep:6.401397705078125,left_f_best7.17096471786499,right_f_best6.434972763061523,i:6
2025-04-27 01:49:13,325 - INFO - tree_node.f_best*ep:6.401397705078125,left_f_best7.176114082336426,right_f_best6.396200656890869,i:7
2025-04-27 01:49:42,105 - INFO - 添加左子节点，右子节点，len(queue):8
2025-04-27 01:49:42,105 - INFO - Node 1: k=1033.5899554502603, f_best=6.483601093292236, f_min=-2.3630872728899703
2025-04-27 01:49:42,105 - INFO - Node 2: k=107.28874164754686, f_best=7.20820951461792, f_min=6.017856308364117
2025-04-27 01:49:42,105 - INFO - Node 3: k=262.71071842010247, f_best=6.4650983810424805, f_min=4.010108188284903
2025-04-27 01:49:42,105 - INFO - Node 4: k=179.99713325978934, f_best=7.225776195526123, f_min=6.918052097194959
2025-04-27 01:49:42,105 - INFO - Node 5: k=181.79710459238723, f_best=6.450793743133545, f_min=6.073930126620326
2025-04-27 01:49:42,105 - INFO - Node 6: k=169.56544174680104, f_best=7.197167873382568, f_min=3.179640767253659
2025-04-27 01:49:42,105 - INFO - Node 7: k=148.9908117920219, f_best=6.447871685028076, f_min=6.16279341882273
2025-04-27 01:49:42,105 - INFO - Node 8: k=137.59051499395207, f_best=7.190446376800537, f_min=7.134585262328073
2025-04-27 01:49:42,105 - INFO - Node 9: k=143.17724164067164, f_best=6.437337875366211, f_min=5.669909561760505
2025-04-27 01:49:42,105 - INFO - Node 10: k=136.2282326672793, f_best=7.196402072906494, f_min=6.068323117870932
2025-04-27 01:49:42,105 - INFO - Node 11: k=115.02805280341069, f_best=6.4076361656188965, f_min=5.6753931924777135
2025-04-27 01:49:42,105 - INFO - Node 12: k=200.81710406844587, f_best=7.1734185218811035, f_min=5.522089713883361
2025-04-27 01:49:42,105 - INFO - Node 13: k=90.59219809147346, f_best=6.401397705078125, f_min=6.036365162341099
2025-04-27 01:49:42,105 - INFO - Node 14: k=187.30573865864116, f_best=7.176114082336426, f_min=3.6718394802564944
2025-04-27 01:49:42,105 - INFO - Node 15: k=123.32564189456845, f_best=6.396200656890869, f_min=5.596110758709074
2025-04-27 01:49:42,105 - INFO - cur_node_number 24,f_best 6.396200656890869,f_min 5.596110758709074,k 123.32564189456845
2025-04-27 01:49:42,105 - INFO - f_best_current 6.396200656890869,f_min 5.596110758709074
2025-04-27 01:49:42,105 - INFO - 回退,len(queue)=6
2025-04-27 01:49:42,105 - INFO - 回退,len(queue)=5
2025-04-27 01:49:50,955 - INFO - tree_node.f_best*ep:6.4076361656188965,left_f_best7.2363505363464355,right_f_best6.502675533294678,i:1
2025-04-27 01:50:00,337 - INFO - tree_node.f_best*ep:6.4076361656188965,left_f_best7.2311015129089355,right_f_best6.489696502685547,i:2
2025-04-27 01:50:10,268 - INFO - tree_node.f_best*ep:6.4076361656188965,left_f_best7.216679096221924,right_f_best6.425746440887451,i:3
2025-04-27 01:50:20,615 - INFO - tree_node.f_best*ep:6.4076361656188965,left_f_best7.181835651397705,right_f_best6.4179911613464355,i:4
2025-04-27 01:50:31,146 - INFO - tree_node.f_best*ep:6.4076361656188965,left_f_best7.185732364654541,right_f_best6.45723295211792,i:5
2025-04-27 01:50:42,154 - INFO - tree_node.f_best*ep:6.4076361656188965,left_f_best7.161825656890869,right_f_best6.439324855804443,i:6
2025-04-27 01:50:53,540 - INFO - tree_node.f_best*ep:6.4076361656188965,left_f_best7.1829047203063965,right_f_best6.420612335205078,i:7
2025-04-27 01:51:05,730 - INFO - tree_node.f_best*ep:6.4076361656188965,left_f_best7.163127422332764,right_f_best6.412581920623779,i:8
2025-04-27 01:51:18,565 - INFO - tree_node.f_best*ep:6.4076361656188965,left_f_best7.174549579620361,right_f_best6.4040207862854,i:9
2025-04-27 01:51:49,061 - INFO - 添加左子节点，右子节点，len(queue):7
2025-04-27 01:51:49,061 - INFO - Node 1: k=1033.5899554502603, f_best=6.483601093292236, f_min=-2.3630872728899703
2025-04-27 01:51:49,061 - INFO - Node 2: k=107.28874164754686, f_best=7.20820951461792, f_min=6.017856308364117
2025-04-27 01:51:49,061 - INFO - Node 3: k=262.71071842010247, f_best=6.4650983810424805, f_min=4.010108188284903
2025-04-27 01:51:49,061 - INFO - Node 4: k=179.99713325978934, f_best=7.225776195526123, f_min=6.918052097194959
2025-04-27 01:51:49,061 - INFO - Node 5: k=181.79710459238723, f_best=6.450793743133545, f_min=6.073930126620326
2025-04-27 01:51:49,061 - INFO - Node 6: k=169.56544174680104, f_best=7.197167873382568, f_min=3.179640767253659
2025-04-27 01:51:49,061 - INFO - Node 7: k=148.9908117920219, f_best=6.447871685028076, f_min=6.16279341882273
2025-04-27 01:51:49,061 - INFO - Node 8: k=137.59051499395207, f_best=7.190446376800537, f_min=7.134585262328073
2025-04-27 01:51:49,061 - INFO - Node 9: k=143.17724164067164, f_best=6.437337875366211, f_min=5.669909561760505
2025-04-27 01:51:49,061 - INFO - Node 10: k=136.2282326672793, f_best=7.196402072906494, f_min=6.068323117870932
2025-04-27 01:51:49,061 - INFO - Node 11: k=123.32564189456845, f_best=6.4076361656188965, f_min=5.6753931924777135
2025-04-27 01:51:49,061 - INFO - Node 12: k=191.07058400567988, f_best=7.174549579620361, f_min=6.496432182369972
2025-04-27 01:51:49,061 - INFO - Node 13: k=143.17724164067164, f_best=6.4040207862854, f_min=5.8963659576229475
2025-04-27 01:51:49,061 - INFO - cur_node_number 25,f_best 6.4040207862854,f_min 5.8963659576229475,k 143.17724164067164
2025-04-27 01:51:49,061 - INFO - f_best_current 6.4040207862854,f_min 5.8963659576229475
2025-04-27 01:51:49,061 - INFO - 回退,len(queue)=5
2025-04-27 01:51:57,939 - INFO - tree_node.f_best*ep:6.4076361656188965,left_f_best7.273380756378174,right_f_best6.496480464935303,i:1
2025-04-27 01:52:07,097 - INFO - tree_node.f_best*ep:6.4076361656188965,left_f_best7.196375370025635,right_f_best6.455410957336426,i:2
2025-04-27 01:52:16,693 - INFO - tree_node.f_best*ep:6.4076361656188965,left_f_best7.200889587402344,right_f_best6.439016819000244,i:3
2025-04-27 01:52:26,835 - INFO - tree_node.f_best*ep:6.4076361656188965,left_f_best7.18139123916626,right_f_best6.462532043457031,i:4
2025-04-27 01:52:37,595 - INFO - tree_node.f_best*ep:6.4076361656188965,left_f_best7.189406394958496,right_f_best6.405554294586182,i:5
2025-04-27 01:53:07,571 - INFO - 添加左子节点，右子节点，len(queue):7
2025-04-27 01:53:07,571 - INFO - Node 1: k=1033.5899554502603, f_best=6.483601093292236, f_min=-2.3630872728899703
2025-04-27 01:53:07,571 - INFO - Node 2: k=107.28874164754686, f_best=7.20820951461792, f_min=6.017856308364117
2025-04-27 01:53:07,573 - INFO - Node 3: k=262.71071842010247, f_best=6.4650983810424805, f_min=4.010108188284903
2025-04-27 01:53:07,573 - INFO - Node 4: k=179.99713325978934, f_best=7.225776195526123, f_min=6.918052097194959
2025-04-27 01:53:07,573 - INFO - Node 5: k=181.79710459238723, f_best=6.450793743133545, f_min=6.073930126620326
2025-04-27 01:53:07,573 - INFO - Node 6: k=169.56544174680104, f_best=7.197167873382568, f_min=3.179640767253659
2025-04-27 01:53:07,573 - INFO - Node 7: k=148.9908117920219, f_best=6.447871685028076, f_min=6.16279341882273
2025-04-27 01:53:07,573 - INFO - Node 8: k=137.59051499395207, f_best=7.190446376800537, f_min=7.134585262328073
2025-04-27 01:53:07,573 - INFO - Node 9: k=143.17724164067164, f_best=6.437337875366211, f_min=5.669909561760505
2025-04-27 01:53:07,573 - INFO - Node 10: k=136.2282326672793, f_best=7.196402072906494, f_min=6.068323117870932
2025-04-27 01:53:07,573 - INFO - Node 11: k=143.17724164067164, f_best=6.4076361656188965, f_min=5.6753931924777135
2025-04-27 01:53:07,573 - INFO - Node 12: k=162.94905662222178, f_best=7.189406394958496, f_min=6.6256760703026885
2025-04-27 01:53:07,573 - INFO - Node 13: k=147.51565523962563, f_best=6.405554294586182, f_min=4.1873036797906025
2025-04-27 01:53:07,573 - INFO - cur_node_number 26,f_best 6.405554294586182,f_min 4.1873036797906025,k 147.51565523962563
2025-04-27 01:53:07,573 - INFO - f_best_current 6.405554294586182,f_min 4.1873036797906025
2025-04-27 01:53:07,573 - INFO - 回退,len(queue)=5
2025-04-27 01:53:07,575 - INFO - 回退,len(queue)=4
2025-04-27 01:53:16,619 - INFO - tree_node.f_best*ep:6.437337875366211,left_f_best7.2543182373046875,right_f_best6.465050220489502,i:1
2025-04-27 01:53:25,955 - INFO - tree_node.f_best*ep:6.437337875366211,left_f_best7.220840930938721,right_f_best6.488857269287109,i:2
2025-04-27 01:53:35,863 - INFO - tree_node.f_best*ep:6.437337875366211,left_f_best7.197281837463379,right_f_best6.463326930999756,i:3
2025-04-27 01:53:45,936 - INFO - tree_node.f_best*ep:6.437337875366211,left_f_best7.193923473358154,right_f_best6.454967975616455,i:4
2025-04-27 01:53:56,458 - INFO - tree_node.f_best*ep:6.437337875366211,left_f_best7.165771961212158,right_f_best6.449378490447998,i:5
2025-04-27 01:54:07,193 - INFO - tree_node.f_best*ep:6.437337875366211,left_f_best7.175435543060303,right_f_best6.398289203643799,i:6
2025-04-27 01:54:37,173 - INFO - 添加左子节点，右子节点，len(queue):6
2025-04-27 01:54:37,173 - INFO - Node 1: k=1033.5899554502603, f_best=6.483601093292236, f_min=-2.3630872728899703
2025-04-27 01:54:37,173 - INFO - Node 2: k=107.28874164754686, f_best=7.20820951461792, f_min=6.017856308364117
2025-04-27 01:54:37,173 - INFO - Node 3: k=262.71071842010247, f_best=6.4650983810424805, f_min=4.010108188284903
2025-04-27 01:54:37,173 - INFO - Node 4: k=179.99713325978934, f_best=7.225776195526123, f_min=6.918052097194959
2025-04-27 01:54:37,173 - INFO - Node 5: k=181.79710459238723, f_best=6.450793743133545, f_min=6.073930126620326
2025-04-27 01:54:37,173 - INFO - Node 6: k=169.56544174680104, f_best=7.197167873382568, f_min=3.179640767253659
2025-04-27 01:54:37,173 - INFO - Node 7: k=148.9908117920219, f_best=6.447871685028076, f_min=6.16279341882273
2025-04-27 01:54:37,173 - INFO - Node 8: k=137.59051499395207, f_best=7.190446376800537, f_min=7.134585262328073
2025-04-27 01:54:37,173 - INFO - Node 9: k=147.51565523962563, f_best=6.437337875366211, f_min=5.669909561760505
2025-04-27 01:54:37,173 - INFO - Node 10: k=172.97370712591174, f_best=7.175435543060303, f_min=7.083182530282102
2025-04-27 01:54:37,173 - INFO - Node 11: k=151.98552710904153, f_best=6.398289203643799, f_min=3.3983638054660332
2025-04-27 01:54:37,173 - INFO - cur_node_number 27,f_best 6.398289203643799,f_min 3.3983638054660332,k 151.98552710904153
2025-04-27 01:54:37,173 - INFO - f_best_current 6.398289203643799,f_min 3.3983638054660332
2025-04-27 01:54:37,173 - INFO - 回退,len(queue)=4
2025-04-27 01:54:37,173 - INFO - 回退,len(queue)=3
2025-04-27 01:54:46,265 - INFO - tree_node.f_best*ep:6.447871685028076,left_f_best7.24275541305542,right_f_best6.493380069732666,i:1
2025-04-27 01:54:55,777 - INFO - tree_node.f_best*ep:6.447871685028076,left_f_best7.212604999542236,right_f_best6.483235836029053,i:2
2025-04-27 01:55:05,831 - INFO - tree_node.f_best*ep:6.447871685028076,left_f_best7.210353374481201,right_f_best6.427487373352051,i:3
2025-04-27 01:55:36,184 - INFO - 添加左子节点，右子节点，len(queue):5
2025-04-27 01:55:36,184 - INFO - Node 1: k=1033.5899554502603, f_best=6.483601093292236, f_min=-2.3630872728899703
2025-04-27 01:55:36,184 - INFO - Node 2: k=107.28874164754686, f_best=7.20820951461792, f_min=6.017856308364117
2025-04-27 01:55:36,184 - INFO - Node 3: k=262.71071842010247, f_best=6.4650983810424805, f_min=4.010108188284903
2025-04-27 01:55:36,184 - INFO - Node 4: k=179.99713325978934, f_best=7.225776195526123, f_min=6.918052097194959
2025-04-27 01:55:36,184 - INFO - Node 5: k=181.79710459238723, f_best=6.450793743133545, f_min=6.073930126620326
2025-04-27 01:55:36,184 - INFO - Node 6: k=169.56544174680104, f_best=7.197167873382568, f_min=3.179640767253659
2025-04-27 01:55:36,184 - INFO - Node 7: k=151.98552710904153, f_best=6.447871685028076, f_min=6.16279341882273
2025-04-27 01:55:36,184 - INFO - Node 8: k=230.83408270373457, f_best=7.210353374481201, f_min=6.69754050460142
2025-04-27 01:55:36,184 - INFO - Node 9: k=138.96642014389158, f_best=6.427487373352051, f_min=6.269537900217074
2025-04-27 01:55:36,184 - INFO - cur_node_number 28,f_best 6.427487373352051,f_min 6.269537900217074,k 138.96642014389158
2025-04-27 01:55:36,184 - INFO - f_best_current 6.427487373352051,f_min 6.269537900217074
2025-04-27 01:55:44,561 - INFO - tree_node.f_best*ep:6.427487373352051,left_f_best7.225035190582275,right_f_best6.490591526031494,i:1
2025-04-27 01:55:53,216 - INFO - tree_node.f_best*ep:6.427487373352051,left_f_best7.2154693603515625,right_f_best6.512882709503174,i:2
2025-04-27 01:56:02,474 - INFO - tree_node.f_best*ep:6.427487373352051,left_f_best7.20323371887207,right_f_best6.472278594970703,i:3
2025-04-27 01:56:12,371 - INFO - tree_node.f_best*ep:6.427487373352051,left_f_best7.184912204742432,right_f_best6.4361653327941895,i:4
2025-04-27 01:56:22,695 - INFO - tree_node.f_best*ep:6.427487373352051,left_f_best7.1837158203125,right_f_best6.4368109703063965,i:5
2025-04-27 01:56:33,452 - INFO - tree_node.f_best*ep:6.427487373352051,left_f_best7.16989278793335,right_f_best6.401429653167725,i:6
2025-04-27 01:57:00,952 - INFO - 添加左子节点，右子节点，len(queue):6
2025-04-27 01:57:00,952 - INFO - Node 1: k=1033.5899554502603, f_best=6.483601093292236, f_min=-2.3630872728899703
2025-04-27 01:57:00,952 - INFO - Node 2: k=107.28874164754686, f_best=7.20820951461792, f_min=6.017856308364117
2025-04-27 01:57:00,952 - INFO - Node 3: k=262.71071842010247, f_best=6.4650983810424805, f_min=4.010108188284903
2025-04-27 01:57:00,952 - INFO - Node 4: k=179.99713325978934, f_best=7.225776195526123, f_min=6.918052097194959
2025-04-27 01:57:00,952 - INFO - Node 5: k=181.79710459238723, f_best=6.450793743133545, f_min=6.073930126620326
2025-04-27 01:57:00,952 - INFO - Node 6: k=169.56544174680104, f_best=7.197167873382568, f_min=3.179640767253659
2025-04-27 01:57:00,952 - INFO - Node 7: k=151.98552710904153, f_best=6.447871685028076, f_min=6.16279341882273
2025-04-27 01:57:00,952 - INFO - Node 8: k=230.83408270373457, f_best=7.210353374481201, f_min=6.69754050460142
2025-04-27 01:57:00,952 - INFO - Node 9: k=138.96642014389158, f_best=6.427487373352051, f_min=6.269537900217074
2025-04-27 01:57:00,952 - INFO - Node 10: k=185.45122639469423, f_best=7.16989278793335, f_min=6.901757341817756
2025-04-27 01:57:00,952 - INFO - Node 11: k=132.22178049645618, f_best=6.401429653167725, f_min=5.940153935587659
2025-04-27 01:57:00,952 - INFO - cur_node_number 29,f_best 6.401429653167725,f_min 5.940153935587659,k 132.22178049645618
2025-04-27 01:57:00,952 - INFO - f_best_current 6.401429653167725,f_min 5.940153935587659
2025-04-27 01:57:09,580 - INFO - tree_node.f_best*ep:6.401429653167725,left_f_best7.233694553375244,right_f_best6.450063228607178,i:1
2025-04-27 01:57:18,475 - INFO - tree_node.f_best*ep:6.401429653167725,left_f_best7.213937759399414,right_f_best6.4595627784729,i:2
2025-04-27 01:57:27,591 - INFO - tree_node.f_best*ep:6.401429653167725,left_f_best7.206381320953369,right_f_best6.4443745613098145,i:3
2025-04-27 01:57:36,984 - INFO - tree_node.f_best*ep:6.401429653167725,left_f_best7.198957443237305,right_f_best6.42708158493042,i:4
2025-04-27 01:57:47,125 - INFO - tree_node.f_best*ep:6.401429653167725,left_f_best7.182729244232178,right_f_best6.456859588623047,i:5
2025-04-27 01:57:57,966 - INFO - tree_node.f_best*ep:6.401429653167725,left_f_best7.186071395874023,right_f_best6.436216831207275,i:6
2025-04-27 01:58:09,082 - INFO - tree_node.f_best*ep:6.401429653167725,left_f_best7.1681413650512695,right_f_best6.4476237297058105,i:7
2025-04-27 01:58:20,376 - INFO - tree_node.f_best*ep:6.401429653167725,left_f_best7.167402744293213,right_f_best6.380364894866943,i:8
2025-04-27 01:58:50,077 - INFO - 添加左子节点，右子节点，len(queue):7
2025-04-27 01:58:50,077 - INFO - Node 1: k=1033.5899554502603, f_best=6.483601093292236, f_min=-2.3630872728899703
2025-04-27 01:58:50,077 - INFO - Node 2: k=107.28874164754686, f_best=7.20820951461792, f_min=6.017856308364117
2025-04-27 01:58:50,077 - INFO - Node 3: k=262.71071842010247, f_best=6.4650983810424805, f_min=4.010108188284903
2025-04-27 01:58:50,077 - INFO - Node 4: k=179.99713325978934, f_best=7.225776195526123, f_min=6.918052097194959
2025-04-27 01:58:50,077 - INFO - Node 5: k=181.79710459238723, f_best=6.450793743133545, f_min=6.073930126620326
2025-04-27 01:58:50,077 - INFO - Node 6: k=169.56544174680104, f_best=7.197167873382568, f_min=3.179640767253659
2025-04-27 01:58:50,077 - INFO - Node 7: k=151.98552710904153, f_best=6.447871685028076, f_min=6.16279341882273
2025-04-27 01:58:50,077 - INFO - Node 8: k=230.83408270373457, f_best=7.210353374481201, f_min=6.69754050460142
2025-04-27 01:58:50,077 - INFO - Node 9: k=138.96642014389158, f_best=6.427487373352051, f_min=6.269537900217074
2025-04-27 01:58:50,077 - INFO - Node 10: k=185.45122639469423, f_best=7.16989278793335, f_min=6.901757341817756
2025-04-27 01:58:50,077 - INFO - Node 11: k=132.22178049645618, f_best=6.401429653167725, f_min=5.940153935587659
2025-04-27 01:58:50,077 - INFO - Node 12: k=184.38661373557323, f_best=7.167402744293213, f_min=2.7586324686544685
2025-04-27 01:58:50,077 - INFO - Node 13: k=202.82527510913033, f_best=6.380364894866943, f_min=3.9991155836878534
2025-04-27 01:58:50,077 - INFO - cur_node_number 30,f_best 6.380364894866943,f_min 3.9991155836878534,k 202.82527510913033
2025-04-27 01:58:50,077 - INFO - f_best_current 6.380364894866943,f_min 3.9991155836878534
2025-04-27 01:58:50,077 - INFO - 回退,len(queue)=5
2025-04-27 01:58:50,077 - INFO - 回退,len(queue)=4
2025-04-27 01:58:50,077 - INFO - 回退,len(queue)=3
2025-04-27 01:58:50,077 - INFO - 回退,len(queue)=2
2025-04-27 01:58:58,602 - INFO - tree_node.f_best*ep:6.450793743133545,left_f_best7.240713596343994,right_f_best6.500791072845459,i:1
2025-04-27 01:59:07,698 - INFO - tree_node.f_best*ep:6.450793743133545,left_f_best7.226813316345215,right_f_best6.480593681335449,i:2
2025-04-27 01:59:17,337 - INFO - tree_node.f_best*ep:6.450793743133545,left_f_best7.189579010009766,right_f_best6.454188823699951,i:3
2025-04-27 01:59:27,157 - INFO - tree_node.f_best*ep:6.450793743133545,left_f_best7.213140964508057,right_f_best6.43500280380249,i:4
2025-04-27 01:59:51,277 - INFO - 添加左子节点，右子节点，len(queue):4
2025-04-27 01:59:51,277 - INFO - Node 1: k=1033.5899554502603, f_best=6.483601093292236, f_min=-2.3630872728899703
2025-04-27 01:59:51,277 - INFO - Node 2: k=107.28874164754686, f_best=7.20820951461792, f_min=6.017856308364117
2025-04-27 01:59:51,277 - INFO - Node 3: k=262.71071842010247, f_best=6.4650983810424805, f_min=4.010108188284903
2025-04-27 01:59:51,277 - INFO - Node 4: k=179.99713325978934, f_best=7.225776195526123, f_min=6.918052097194959
2025-04-27 01:59:51,277 - INFO - Node 5: k=202.82527510913033, f_best=6.450793743133545, f_min=6.073930126620326
2025-04-27 01:59:51,277 - INFO - Node 6: k=96.16544376133655, f_best=7.213140964508057, f_min=6.759231873420504
2025-04-27 01:59:51,277 - INFO - Node 7: k=123.32564189456845, f_best=6.43500280380249, f_min=5.582661975777228
2025-04-27 01:59:51,277 - INFO - cur_node_number 31,f_best 6.43500280380249,f_min 5.582661975777228,k 123.32564189456845
2025-04-27 01:59:51,277 - INFO - f_best_current 6.43500280380249,f_min 5.582661975777228
2025-04-27 01:59:59,690 - INFO - tree_node.f_best*ep:6.43500280380249,left_f_best7.2461066246032715,right_f_best6.489259243011475,i:1
2025-04-27 02:00:08,610 - INFO - tree_node.f_best*ep:6.43500280380249,left_f_best7.20145845413208,right_f_best6.501832962036133,i:2
2025-04-27 02:00:17,884 - INFO - tree_node.f_best*ep:6.43500280380249,left_f_best7.220841884613037,right_f_best6.4557623863220215,i:3
2025-04-27 02:00:27,524 - INFO - tree_node.f_best*ep:6.43500280380249,left_f_best7.196936130523682,right_f_best6.437362194061279,i:4
2025-04-27 02:00:37,636 - INFO - tree_node.f_best*ep:6.43500280380249,left_f_best7.188345432281494,right_f_best6.420494079589844,i:5
2025-04-27 02:01:07,925 - INFO - 添加左子节点，右子节点，len(queue):5
2025-04-27 02:01:07,925 - INFO - Node 1: k=1033.5899554502603, f_best=6.483601093292236, f_min=-2.3630872728899703
2025-04-27 02:01:07,925 - INFO - Node 2: k=107.28874164754686, f_best=7.20820951461792, f_min=6.017856308364117
2025-04-27 02:01:07,925 - INFO - Node 3: k=262.71071842010247, f_best=6.4650983810424805, f_min=4.010108188284903
2025-04-27 02:01:07,925 - INFO - Node 4: k=179.99713325978934, f_best=7.225776195526123, f_min=6.918052097194959
2025-04-27 02:01:07,925 - INFO - Node 5: k=202.82527510913033, f_best=6.450793743133545, f_min=6.073930126620326
2025-04-27 02:01:07,925 - INFO - Node 6: k=96.16544376133655, f_best=7.213140964508057, f_min=6.759231873420504
2025-04-27 02:01:07,925 - INFO - Node 7: k=123.32564189456845, f_best=6.43500280380249, f_min=5.582661975777228
2025-04-27 02:01:07,925 - INFO - Node 8: k=156.5908405659726, f_best=7.188345432281494, f_min=3.1478501085175594
2025-04-27 02:01:07,925 - INFO - Node 9: k=242.60894082723956, f_best=6.420494079589844, f_min=4.008332863651958
2025-04-27 02:01:07,925 - INFO - cur_node_number 32,f_best 6.420494079589844,f_min 4.008332863651958,k 242.60894082723956
2025-04-27 02:01:07,925 - INFO - f_best_current 6.420494079589844,f_min 4.008332863651958
2025-04-27 02:01:07,925 - INFO - 回退,len(queue)=3
2025-04-27 02:01:07,925 - INFO - 回退,len(queue)=2
2025-04-27 02:01:16,480 - INFO - tree_node.f_best*ep:6.450793743133545,left_f_best7.227242946624756,right_f_best6.46514368057251,i:1
2025-04-27 02:01:25,180 - INFO - tree_node.f_best*ep:6.450793743133545,left_f_best7.206657886505127,right_f_best6.476953983306885,i:2
2025-04-27 02:01:34,203 - INFO - tree_node.f_best*ep:6.450793743133545,left_f_best7.2220683097839355,right_f_best6.438979625701904,i:3
2025-04-27 02:01:57,696 - INFO - 添加左子节点，右子节点，len(queue):4
2025-04-27 02:01:57,696 - INFO - Node 1: k=1033.5899554502603, f_best=6.483601093292236, f_min=-2.3630872728899703
2025-04-27 02:01:57,696 - INFO - Node 2: k=107.28874164754686, f_best=7.20820951461792, f_min=6.017856308364117
2025-04-27 02:01:57,696 - INFO - Node 3: k=262.71071842010247, f_best=6.4650983810424805, f_min=4.010108188284903
2025-04-27 02:01:57,696 - INFO - Node 4: k=179.99713325978934, f_best=7.225776195526123, f_min=6.918052097194959
2025-04-27 02:01:57,696 - INFO - Node 5: k=242.60894082723956, f_best=6.450793743133545, f_min=6.073930126620326
2025-04-27 02:01:57,696 - INFO - Node 6: k=164.578547188444, f_best=7.2220683097839355, f_min=7.0788560283444895
2025-04-27 02:01:57,696 - INFO - Node 7: k=69.24903171568735, f_best=6.438979625701904, f_min=5.45767138397423
2025-04-27 02:01:57,696 - INFO - cur_node_number 33,f_best 6.438979625701904,f_min 5.45767138397423,k 69.24903171568735
2025-04-27 02:01:57,696 - INFO - f_best_current 6.438979625701904,f_min 5.45767138397423
2025-04-27 02:02:06,251 - INFO - tree_node.f_best*ep:6.438979625701904,left_f_best7.237210750579834,right_f_best6.483487606048584,i:1
2025-04-27 02:02:15,132 - INFO - tree_node.f_best*ep:6.438979625701904,left_f_best7.208133220672607,right_f_best6.461739540100098,i:2
2025-04-27 02:02:24,500 - INFO - tree_node.f_best*ep:6.438979625701904,left_f_best7.19349479675293,right_f_best6.471587181091309,i:3
2025-04-27 02:02:34,481 - INFO - tree_node.f_best*ep:6.438979625701904,left_f_best7.191717624664307,right_f_best6.451073169708252,i:4
2025-04-27 02:02:44,800 - INFO - tree_node.f_best*ep:6.438979625701904,left_f_best7.187402248382568,right_f_best6.451450824737549,i:5
2025-04-27 02:02:55,139 - INFO - tree_node.f_best*ep:6.438979625701904,left_f_best7.172178745269775,right_f_best6.399399757385254,i:6
2025-04-27 02:03:20,724 - INFO - 添加左子节点，右子节点，len(queue):5
2025-04-27 02:03:20,724 - INFO - Node 1: k=1033.5899554502603, f_best=6.483601093292236, f_min=-2.3630872728899703
2025-04-27 02:03:20,724 - INFO - Node 2: k=107.28874164754686, f_best=7.20820951461792, f_min=6.017856308364117
2025-04-27 02:03:20,724 - INFO - Node 3: k=262.71071842010247, f_best=6.4650983810424805, f_min=4.010108188284903
2025-04-27 02:03:20,724 - INFO - Node 4: k=179.99713325978934, f_best=7.225776195526123, f_min=6.918052097194959
2025-04-27 02:03:20,724 - INFO - Node 5: k=242.60894082723956, f_best=6.450793743133545, f_min=6.073930126620326
2025-04-27 02:03:20,724 - INFO - Node 6: k=164.578547188444, f_best=7.2220683097839355, f_min=7.0788560283444895
2025-04-27 02:03:20,724 - INFO - Node 7: k=69.24903171568735, f_best=6.438979625701904, f_min=5.45767138397423
2025-04-27 02:03:20,724 - INFO - Node 8: k=162.94905662222178, f_best=7.172178745269775, f_min=7.106188021923117
2025-04-27 02:03:20,724 - INFO - Node 9: k=113.88916119149573, f_best=6.399399757385254, f_min=5.90048012758416
2025-04-27 02:03:20,724 - INFO - cur_node_number 34,f_best 6.399399757385254,f_min 5.90048012758416,k 113.88916119149573
2025-04-27 02:03:20,724 - INFO - f_best_current 6.399399757385254,f_min 5.90048012758416
2025-04-27 02:03:20,724 - INFO - 回退,len(queue)=3
2025-04-27 02:03:29,171 - INFO - tree_node.f_best*ep:6.438979625701904,left_f_best7.213048934936523,right_f_best6.46579122543335,i:1
2025-04-27 02:03:38,116 - INFO - tree_node.f_best*ep:6.438979625701904,left_f_best7.230604648590088,right_f_best6.448779582977295,i:2
2025-04-27 02:03:47,661 - INFO - tree_node.f_best*ep:6.438979625701904,left_f_best7.210206508636475,right_f_best6.446518421173096,i:3
2025-04-27 02:03:57,757 - INFO - tree_node.f_best*ep:6.438979625701904,left_f_best7.188971996307373,right_f_best6.464334011077881,i:4
2025-04-27 02:04:08,009 - INFO - tree_node.f_best*ep:6.438979625701904,left_f_best7.1937947273254395,right_f_best6.418939113616943,i:5
2025-04-27 02:04:35,331 - INFO - 添加左子节点，右子节点，len(queue):5
2025-04-27 02:04:35,331 - INFO - Node 1: k=1033.5899554502603, f_best=6.483601093292236, f_min=-2.3630872728899703
2025-04-27 02:04:35,331 - INFO - Node 2: k=107.28874164754686, f_best=7.20820951461792, f_min=6.017856308364117
2025-04-27 02:04:35,331 - INFO - Node 3: k=262.71071842010247, f_best=6.4650983810424805, f_min=4.010108188284903
2025-04-27 02:04:35,331 - INFO - Node 4: k=179.99713325978934, f_best=7.225776195526123, f_min=6.918052097194959
2025-04-27 02:04:35,331 - INFO - Node 5: k=242.60894082723956, f_best=6.450793743133545, f_min=6.073930126620326
2025-04-27 02:04:35,331 - INFO - Node 6: k=164.578547188444, f_best=7.2220683097839355, f_min=7.0788560283444895
2025-04-27 02:04:35,331 - INFO - Node 7: k=113.88916119149573, f_best=6.438979625701904, f_min=5.45767138397423
2025-04-27 02:04:35,331 - INFO - Node 8: k=179.99713325978934, f_best=7.1937947273254395, f_min=5.461802182249812
2025-04-27 02:04:35,331 - INFO - Node 9: k=148.9908117920219, f_best=6.418939113616943, f_min=6.153080968014365
2025-04-27 02:04:35,331 - INFO - cur_node_number 35,f_best 6.418939113616943,f_min 6.153080968014365,k 148.9908117920219
2025-04-27 02:04:35,331 - INFO - f_best_current 6.418939113616943,f_min 6.153080968014365
2025-04-27 02:04:35,331 - INFO - 回退,len(queue)=3
2025-04-27 02:04:43,984 - INFO - tree_node.f_best*ep:6.438979625701904,left_f_best7.242490291595459,right_f_best6.465841770172119,i:1
2025-04-27 02:04:53,065 - INFO - tree_node.f_best*ep:6.438979625701904,left_f_best7.213533401489258,right_f_best6.452337265014648,i:2
2025-04-27 02:05:02,499 - INFO - tree_node.f_best*ep:6.438979625701904,left_f_best7.210046291351318,right_f_best6.470089435577393,i:3
2025-04-27 02:05:12,214 - INFO - tree_node.f_best*ep:6.438979625701904,left_f_best7.195466995239258,right_f_best6.454675197601318,i:4
2025-04-27 02:05:22,269 - INFO - tree_node.f_best*ep:6.438979625701904,left_f_best7.186440944671631,right_f_best6.420597076416016,i:5
2025-04-27 02:05:49,087 - INFO - 添加左子节点，右子节点，len(queue):5
2025-04-27 02:05:49,087 - INFO - Node 1: k=1033.5899554502603, f_best=6.483601093292236, f_min=-2.3630872728899703
2025-04-27 02:05:49,087 - INFO - Node 2: k=107.28874164754686, f_best=7.20820951461792, f_min=6.017856308364117
2025-04-27 02:05:49,087 - INFO - Node 3: k=262.71071842010247, f_best=6.4650983810424805, f_min=4.010108188284903
2025-04-27 02:05:49,087 - INFO - Node 4: k=179.99713325978934, f_best=7.225776195526123, f_min=6.918052097194959
2025-04-27 02:05:49,087 - INFO - Node 5: k=242.60894082723956, f_best=6.450793743133545, f_min=6.073930126620326
2025-04-27 02:05:49,087 - INFO - Node 6: k=164.578547188444, f_best=7.2220683097839355, f_min=7.0788560283444895
2025-04-27 02:05:49,087 - INFO - Node 7: k=148.9908117920219, f_best=6.438979625701904, f_min=5.45767138397423
2025-04-27 02:05:49,087 - INFO - Node 8: k=164.578547188444, f_best=7.186440944671631, f_min=7.003945158638999
2025-04-27 02:05:49,087 - INFO - Node 9: k=107.28874164754686, f_best=6.420597076416016, f_min=6.173922537494946
2025-04-27 02:05:49,087 - INFO - cur_node_number 36,f_best 6.420597076416016,f_min 6.173922537494946,k 107.28874164754686
2025-04-27 02:05:49,087 - INFO - f_best_current 6.420597076416016,f_min 6.173922537494946
2025-04-27 02:05:57,616 - INFO - tree_node.f_best*ep:6.420597076416016,left_f_best7.225658893585205,right_f_best6.4881415367126465,i:1
2025-04-27 02:06:06,322 - INFO - tree_node.f_best*ep:6.420597076416016,left_f_best7.209670543670654,right_f_best6.476840496063232,i:2
2025-04-27 02:06:15,340 - INFO - tree_node.f_best*ep:6.420597076416016,left_f_best7.205443859100342,right_f_best6.425928592681885,i:3
2025-04-27 02:06:25,024 - INFO - tree_node.f_best*ep:6.420597076416016,left_f_best7.193704128265381,right_f_best6.441946506500244,i:4
2025-04-27 02:06:35,279 - INFO - tree_node.f_best*ep:6.420597076416016,left_f_best7.173119068145752,right_f_best6.422606468200684,i:5
2025-04-27 02:06:45,812 - INFO - tree_node.f_best*ep:6.420597076416016,left_f_best7.1979851722717285,right_f_best6.415384292602539,i:6
2025-04-27 02:07:13,477 - INFO - 添加左子节点，右子节点，len(queue):6
2025-04-27 02:07:13,477 - INFO - Node 1: k=1033.5899554502603, f_best=6.483601093292236, f_min=-2.3630872728899703
2025-04-27 02:07:13,477 - INFO - Node 2: k=107.28874164754686, f_best=7.20820951461792, f_min=6.017856308364117
2025-04-27 02:07:13,477 - INFO - Node 3: k=262.71071842010247, f_best=6.4650983810424805, f_min=4.010108188284903
2025-04-27 02:07:13,477 - INFO - Node 4: k=179.99713325978934, f_best=7.225776195526123, f_min=6.918052097194959
2025-04-27 02:07:13,477 - INFO - Node 5: k=242.60894082723956, f_best=6.450793743133545, f_min=6.073930126620326
2025-04-27 02:07:13,477 - INFO - Node 6: k=164.578547188444, f_best=7.2220683097839355, f_min=7.0788560283444895
2025-04-27 02:07:13,492 - INFO - Node 7: k=148.9908117920219, f_best=6.438979625701904, f_min=5.45767138397423
2025-04-27 02:07:13,492 - INFO - Node 8: k=164.578547188444, f_best=7.186440944671631, f_min=7.003945158638999
2025-04-27 02:07:13,492 - INFO - Node 9: k=107.28874164754686, f_best=6.420597076416016, f_min=6.173922537494946
2025-04-27 02:07:13,492 - INFO - Node 10: k=130.9126539568873, f_best=7.1979851722717285, f_min=6.781523276645203
2025-04-27 02:07:13,492 - INFO - Node 11: k=194.91110274419404, f_best=6.415384292602539, f_min=4.617114516425318
2025-04-27 02:07:13,492 - INFO - cur_node_number 37,f_best 6.415384292602539,f_min 4.617114516425318,k 194.91110274419404
2025-04-27 02:07:13,492 - INFO - f_best_current 6.415384292602539,f_min 4.617114516425318
2025-04-27 02:07:13,492 - INFO - 回退,len(queue)=4
2025-04-27 02:07:13,492 - INFO - 回退,len(queue)=3
2025-04-27 02:07:22,241 - INFO - tree_node.f_best*ep:6.438979625701904,left_f_best7.24206018447876,right_f_best6.488378047943115,i:1
2025-04-27 02:07:31,109 - INFO - tree_node.f_best*ep:6.438979625701904,left_f_best7.223158359527588,right_f_best6.442917346954346,i:2
2025-04-27 02:07:40,519 - INFO - tree_node.f_best*ep:6.438979625701904,left_f_best7.2124786376953125,right_f_best6.435638427734375,i:3
2025-04-27 02:08:09,266 - INFO - 添加左子节点，右子节点，len(queue):5
2025-04-27 02:08:09,266 - INFO - Node 1: k=1033.5899554502603, f_best=6.483601093292236, f_min=-2.3630872728899703
2025-04-27 02:08:09,266 - INFO - Node 2: k=107.28874164754686, f_best=7.20820951461792, f_min=6.017856308364117
2025-04-27 02:08:09,266 - INFO - Node 3: k=262.71071842010247, f_best=6.4650983810424805, f_min=4.010108188284903
2025-04-27 02:08:09,266 - INFO - Node 4: k=179.99713325978934, f_best=7.225776195526123, f_min=6.918052097194959
2025-04-27 02:08:09,266 - INFO - Node 5: k=242.60894082723956, f_best=6.450793743133545, f_min=6.073930126620326
2025-04-27 02:08:09,266 - INFO - Node 6: k=164.578547188444, f_best=7.2220683097839355, f_min=7.0788560283444895
2025-04-27 02:08:09,266 - INFO - Node 7: k=194.91110274419404, f_best=6.438979625701904, f_min=5.45767138397423
2025-04-27 02:08:09,266 - INFO - Node 8: k=211.06079460791423, f_best=7.2124786376953125, f_min=6.9147236008457185
2025-04-27 02:08:09,266 - INFO - Node 9: k=132.22178049645618, f_best=6.435638427734375, f_min=6.248255945259189
2025-04-27 02:08:09,266 - INFO - cur_node_number 38,f_best 6.435638427734375,f_min 6.248255945259189,k 132.22178049645618
2025-04-27 02:08:09,266 - INFO - f_best_current 6.435638427734375,f_min 6.248255945259189
2025-04-27 02:08:17,789 - INFO - tree_node.f_best*ep:6.435638427734375,left_f_best7.236570835113525,right_f_best6.464573860168457,i:1
2025-04-27 02:08:26,625 - INFO - tree_node.f_best*ep:6.435638427734375,left_f_best7.213350296020508,right_f_best6.481042861938477,i:2
2025-04-27 02:08:35,736 - INFO - tree_node.f_best*ep:6.435638427734375,left_f_best7.196575164794922,right_f_best6.43650484085083,i:3
2025-04-27 02:08:45,383 - INFO - tree_node.f_best*ep:6.435638427734375,left_f_best7.199971675872803,right_f_best6.451839923858643,i:4
2025-04-27 02:08:55,362 - INFO - tree_node.f_best*ep:6.435638427734375,left_f_best7.188571929931641,right_f_best6.428532123565674,i:5
2025-04-27 02:09:20,256 - INFO - 添加左子节点，右子节点，len(queue):6
2025-04-27 02:09:20,256 - INFO - Node 1: k=1033.5899554502603, f_best=6.483601093292236, f_min=-2.3630872728899703
2025-04-27 02:09:20,256 - INFO - Node 2: k=107.28874164754686, f_best=7.20820951461792, f_min=6.017856308364117
2025-04-27 02:09:20,256 - INFO - Node 3: k=262.71071842010247, f_best=6.4650983810424805, f_min=4.010108188284903
2025-04-27 02:09:20,256 - INFO - Node 4: k=179.99713325978934, f_best=7.225776195526123, f_min=6.918052097194959
2025-04-27 02:09:20,256 - INFO - Node 5: k=242.60894082723956, f_best=6.450793743133545, f_min=6.073930126620326
2025-04-27 02:09:20,256 - INFO - Node 6: k=164.578547188444, f_best=7.2220683097839355, f_min=7.0788560283444895
2025-04-27 02:09:20,256 - INFO - Node 7: k=194.91110274419404, f_best=6.438979625701904, f_min=5.45767138397423
2025-04-27 02:09:20,256 - INFO - Node 8: k=211.06079460791423, f_best=7.2124786376953125, f_min=6.9147236008457185
2025-04-27 02:09:20,256 - INFO - Node 9: k=132.22178049645618, f_best=6.435638427734375, f_min=6.248255945259189
2025-04-27 02:09:20,256 - INFO - Node 10: k=82.01193512917347, f_best=7.188571929931641, f_min=6.6700715323031545
2025-04-27 02:09:20,256 - INFO - Node 11: k=178.214983425534, f_best=6.428532123565674, f_min=6.171863763500369
2025-04-27 02:09:20,256 - INFO - cur_node_number 39,f_best 6.428532123565674,f_min 6.171863763500369,k 178.214983425534
2025-04-27 02:09:20,256 - INFO - f_best_current 6.428532123565674,f_min 6.171863763500369
2025-04-27 02:09:20,256 - INFO - 回退,len(queue)=4
2025-04-27 02:09:28,829 - INFO - tree_node.f_best*ep:6.435638427734375,left_f_best7.223733425140381,right_f_best6.4980549812316895,i:1
2025-04-27 02:09:37,567 - INFO - tree_node.f_best*ep:6.435638427734375,left_f_best7.225287914276123,right_f_best6.436279773712158,i:2
2025-04-27 02:09:46,715 - INFO - tree_node.f_best*ep:6.435638427734375,left_f_best7.196615695953369,right_f_best6.417300224304199,i:3
2025-04-27 02:10:12,679 - INFO - 添加左子节点，右子节点，len(queue):6
2025-04-27 02:10:12,679 - INFO - Node 1: k=1033.5899554502603, f_best=6.483601093292236, f_min=-2.3630872728899703
2025-04-27 02:10:12,679 - INFO - Node 2: k=107.28874164754686, f_best=7.20820951461792, f_min=6.017856308364117
2025-04-27 02:10:12,679 - INFO - Node 3: k=262.71071842010247, f_best=6.4650983810424805, f_min=4.010108188284903
2025-04-27 02:10:12,679 - INFO - Node 4: k=179.99713325978934, f_best=7.225776195526123, f_min=6.918052097194959
2025-04-27 02:10:12,679 - INFO - Node 5: k=242.60894082723956, f_best=6.450793743133545, f_min=6.073930126620326
2025-04-27 02:10:12,679 - INFO - Node 6: k=164.578547188444, f_best=7.2220683097839355, f_min=7.0788560283444895
2025-04-27 02:10:12,679 - INFO - Node 7: k=194.91110274419404, f_best=6.438979625701904, f_min=5.45767138397423
2025-04-27 02:10:12,679 - INFO - Node 8: k=211.06079460791423, f_best=7.2124786376953125, f_min=6.9147236008457185
2025-04-27 02:10:12,679 - INFO - Node 9: k=178.214983425534, f_best=6.435638427734375, f_min=6.248255945259189
2025-04-27 02:10:12,679 - INFO - Node 10: k=118.51351783140683, f_best=7.196615695953369, f_min=6.345570098064854
2025-04-27 02:10:12,679 - INFO - Node 11: k=141.7596451887838, f_best=6.417300224304199, f_min=5.922079957384085
2025-04-27 02:10:12,679 - INFO - cur_node_number 40,f_best 6.417300224304199,f_min 5.922079957384085,k 141.7596451887838
2025-04-27 02:10:12,679 - INFO - f_best_current 6.417300224304199,f_min 5.922079957384085
2025-04-27 02:10:21,278 - INFO - tree_node.f_best*ep:6.417300224304199,left_f_best7.250081539154053,right_f_best6.464413166046143,i:1
2025-04-27 02:10:29,957 - INFO - tree_node.f_best*ep:6.417300224304199,left_f_best7.205016613006592,right_f_best6.470366954803467,i:2
2025-04-27 02:10:39,342 - INFO - tree_node.f_best*ep:6.417300224304199,left_f_best7.196582317352295,right_f_best6.4517011642456055,i:3
2025-04-27 02:10:49,087 - INFO - tree_node.f_best*ep:6.417300224304199,left_f_best7.202808856964111,right_f_best6.446281909942627,i:4
2025-04-27 02:10:58,589 - INFO - tree_node.f_best*ep:6.417300224304199,left_f_best7.205021381378174,right_f_best6.418555736541748,i:5
2025-04-27 02:11:08,084 - INFO - tree_node.f_best*ep:6.417300224304199,left_f_best7.178873538970947,right_f_best6.425232887268066,i:6
2025-04-27 02:11:18,283 - INFO - tree_node.f_best*ep:6.417300224304199,left_f_best7.1632914543151855,right_f_best6.398295879364014,i:7
2025-04-27 02:11:43,467 - INFO - 添加左子节点，右子节点，len(queue):7
2025-04-27 02:11:43,467 - INFO - Node 1: k=1033.5899554502603, f_best=6.483601093292236, f_min=-2.3630872728899703
2025-04-27 02:11:43,467 - INFO - Node 2: k=107.28874164754686, f_best=7.20820951461792, f_min=6.017856308364117
2025-04-27 02:11:43,467 - INFO - Node 3: k=262.71071842010247, f_best=6.4650983810424805, f_min=4.010108188284903
2025-04-27 02:11:43,467 - INFO - Node 4: k=179.99713325978934, f_best=7.225776195526123, f_min=6.918052097194959
2025-04-27 02:11:43,467 - INFO - Node 5: k=242.60894082723956, f_best=6.450793743133545, f_min=6.073930126620326
2025-04-27 02:11:43,467 - INFO - Node 6: k=164.578547188444, f_best=7.2220683097839355, f_min=7.0788560283444895
2025-04-27 02:11:43,467 - INFO - Node 7: k=194.91110274419404, f_best=6.438979625701904, f_min=5.45767138397423
2025-04-27 02:11:43,467 - INFO - Node 8: k=211.06079460791423, f_best=7.2124786376953125, f_min=6.9147236008457185
2025-04-27 02:11:43,467 - INFO - Node 9: k=178.214983425534, f_best=6.435638427734375, f_min=6.248255945259189
2025-04-27 02:11:43,467 - INFO - Node 10: k=118.51351783140683, f_best=7.196615695953369, f_min=6.345570098064854
2025-04-27 02:11:43,467 - INFO - Node 11: k=141.7596451887838, f_best=6.417300224304199, f_min=5.922079957384085
2025-04-27 02:11:43,467 - INFO - Node 12: k=133.54399830142074, f_best=7.1632914543151855, f_min=6.934724703114625
2025-04-27 02:11:43,467 - INFO - Node 13: k=167.88657598693172, f_best=6.398295879364014, f_min=6.356023407455723
2025-04-27 02:11:43,467 - INFO - cur_node_number 41,f_best 6.398295879364014,f_min 6.356023407455723,k 167.88657598693172
2025-04-27 02:11:43,467 - INFO - f_best_current 6.398295879364014,f_min 6.356023407455723
2025-04-27 02:11:43,467 - INFO - 结束,fmin= 6.356023407455723, fbestmin=6.398295879364014
