2025-04-27 01:16:59,433 - INFO - Namespace(log_file='outputs/dnn1/img[6]/max/DNN1img6_label1.log', image_path='img[6].png', model_path='network/SimpleNN14.pth', label=1, init_epsilon=0.05, epsilon=0.01, ep=1, min=0)
2025-04-27 01:16:59,445 - INFO - Model output max(1): torch.return_types.max(
values=tensor([9.9357], grad_fn=<MaxBackward0>),
indices=tensor([6]))
2025-04-27 01:17:04,376 - INFO - cur_node_number 1,f_best 4.5509819984436035,f_min 3.729373360198224,k 445.6791962769645
2025-04-27 01:17:04,376 - INFO - f_best_current 4.5509819984436035,f_min 3.729373360198224
2025-04-27 01:17:11,806 - INFO - tree_node.f_best*ep:4.5509819984436035,left_f_best5.060927867889404,right_f_best4.544341564178467,i:1
2025-04-27 01:17:32,820 - INFO - 添加左子节点，右子节点，len(queue):2
2025-04-27 01:17:32,820 - INFO - Node 1: k=445.6791962769645, f_best=4.5509819984436035, f_min=3.729373360198224
2025-04-27 01:17:32,820 - INFO - Node 2: k=70.71620864912089, f_best=5.060927867889404, f_min=4.048274990042955
2025-04-27 01:17:32,820 - INFO - Node 3: k=89.79082033460108, f_best=4.544341564178467, f_min=2.96446739918656
2025-04-27 01:17:32,820 - INFO - cur_node_number 2,f_best 4.544341564178467,f_min 2.96446739918656,k 89.79082033460108
2025-04-27 01:17:32,820 - INFO - f_best_current 4.544341564178467,f_min 2.96446739918656
2025-04-27 01:17:40,010 - INFO - tree_node.f_best*ep:4.544341564178467,left_f_best5.040558338165283,right_f_best4.541252613067627,i:1
2025-04-27 01:18:02,276 - INFO - 添加左子节点，右子节点，len(queue):3
2025-04-27 01:18:02,276 - INFO - Node 1: k=445.6791962769645, f_best=4.5509819984436035, f_min=3.729373360198224
2025-04-27 01:18:02,276 - INFO - Node 2: k=70.71620864912089, f_best=5.060927867889404, f_min=4.048274990042955
2025-04-27 01:18:02,276 - INFO - Node 3: k=89.79082033460108, f_best=4.544341564178467, f_min=2.96446739918656
2025-04-27 01:18:02,276 - INFO - Node 4: k=81.2864583000958, f_best=5.040558338165283, f_min=3.4210787403826544
2025-04-27 01:18:02,276 - INFO - Node 5: k=71.4233707356121, f_best=4.541252613067627, f_min=4.038785379541423
2025-04-27 01:18:02,277 - INFO - cur_node_number 3,f_best 4.541252613067627,f_min 4.038785379541423,k 71.4233707356121
2025-04-27 01:18:02,277 - INFO - f_best_current 4.541252613067627,f_min 4.038785379541423
2025-04-27 01:18:09,573 - INFO - tree_node.f_best*ep:4.541252613067627,left_f_best5.065619468688965,right_f_best4.546416759490967,i:1
2025-04-27 01:18:17,195 - INFO - tree_node.f_best*ep:4.541252613067627,left_f_best5.059215068817139,right_f_best4.542394161224365,i:2
2025-04-27 01:18:25,091 - INFO - tree_node.f_best*ep:4.541252613067627,left_f_best5.0309319496154785,right_f_best4.530055522918701,i:3
2025-04-27 01:18:49,661 - INFO - 添加左子节点，右子节点，len(queue):4
2025-04-27 01:18:49,661 - INFO - Node 1: k=445.6791962769645, f_best=4.5509819984436035, f_min=3.729373360198224
2025-04-27 01:18:49,661 - INFO - Node 2: k=70.71620864912089, f_best=5.060927867889404, f_min=4.048274990042955
2025-04-27 01:18:49,661 - INFO - Node 3: k=89.79082033460108, f_best=4.544341564178467, f_min=2.96446739918656
2025-04-27 01:18:49,661 - INFO - Node 4: k=81.2864583000958, f_best=5.040558338165283, f_min=3.4210787403826544
2025-04-27 01:18:49,661 - INFO - Node 5: k=71.4233707356121, f_best=4.541252613067627, f_min=4.038785379541423
2025-04-27 01:18:49,661 - INFO - Node 6: k=75.06668045514655, f_best=5.0309319496154785, f_min=4.079927104257877
2025-04-27 01:18:49,661 - INFO - Node 7: k=83.74951927304701, f_best=4.530055522918701, f_min=4.082347160272548
2025-04-27 01:18:49,661 - INFO - cur_node_number 4,f_best 4.530055522918701,f_min 4.082347160272548,k 83.74951927304701
2025-04-27 01:18:49,661 - INFO - f_best_current 4.530055522918701,f_min 4.082347160272548
2025-04-27 01:18:49,661 - INFO - 回退,len(queue)=2
2025-04-27 01:18:58,306 - INFO - tree_node.f_best*ep:4.541252613067627,left_f_best5.041319370269775,right_f_best4.538108825683594,i:1
2025-04-27 01:19:28,985 - INFO - 添加左子节点，右子节点，len(queue):4
2025-04-27 01:19:28,985 - INFO - Node 1: k=445.6791962769645, f_best=4.5509819984436035, f_min=3.729373360198224
2025-04-27 01:19:28,985 - INFO - Node 2: k=70.71620864912089, f_best=5.060927867889404, f_min=4.048274990042955
2025-04-27 01:19:28,985 - INFO - Node 3: k=89.79082033460108, f_best=4.544341564178467, f_min=2.96446739918656
2025-04-27 01:19:28,985 - INFO - Node 4: k=81.2864583000958, f_best=5.040558338165283, f_min=3.4210787403826544
2025-04-27 01:19:28,985 - INFO - Node 5: k=83.74951927304701, f_best=4.541252613067627, f_min=4.038785379541423
2025-04-27 01:19:28,985 - INFO - Node 6: k=118.63979981849221, f_best=5.041319370269775, f_min=4.830103819375836
2025-04-27 01:19:28,985 - INFO - Node 7: k=108.47709371389863, f_best=4.538108825683594, f_min=3.4978891337486857
2025-04-27 01:19:28,985 - INFO - cur_node_number 5,f_best 4.538108825683594,f_min 3.4978891337486857,k 108.47709371389863
2025-04-27 01:19:28,985 - INFO - f_best_current 4.538108825683594,f_min 3.4978891337486857
2025-04-27 01:19:28,985 - INFO - 回退,len(queue)=2
2025-04-27 01:19:28,985 - INFO - 回退,len(queue)=1
2025-04-27 01:19:37,685 - INFO - tree_node.f_best*ep:4.544341564178467,left_f_best5.043010234832764,right_f_best4.55618143081665,i:1
2025-04-27 01:19:46,813 - INFO - tree_node.f_best*ep:4.544341564178467,left_f_best5.045530319213867,right_f_best4.534298896789551,i:2
2025-04-27 01:20:16,059 - INFO - 添加左子节点，右子节点，len(queue):3
2025-04-27 01:20:16,059 - INFO - Node 1: k=445.6791962769645, f_best=4.5509819984436035, f_min=3.729373360198224
2025-04-27 01:20:16,059 - INFO - Node 2: k=70.71620864912089, f_best=5.060927867889404, f_min=4.048274990042955
2025-04-27 01:20:16,059 - INFO - Node 3: k=108.47709371389863, f_best=4.544341564178467, f_min=2.96446739918656
2025-04-27 01:20:16,059 - INFO - Node 4: k=141.91069706886066, f_best=5.045530319213867, f_min=3.094870186871958
2025-04-27 01:20:16,059 - INFO - Node 5: k=78.89583558600428, f_best=4.534298896789551, f_min=4.343563398407696
2025-04-27 01:20:16,059 - INFO - cur_node_number 6,f_best 4.534298896789551,f_min 4.343563398407696,k 78.89583558600428
2025-04-27 01:20:16,059 - INFO - f_best_current 4.534298896789551,f_min 4.343563398407696
2025-04-27 01:20:24,545 - INFO - tree_node.f_best*ep:4.534298896789551,left_f_best5.059378147125244,right_f_best4.543397903442383,i:1
2025-04-27 01:20:33,606 - INFO - tree_node.f_best*ep:4.534298896789551,left_f_best5.036416530609131,right_f_best4.549674034118652,i:2
2025-04-27 01:20:43,251 - INFO - tree_node.f_best*ep:4.534298896789551,left_f_best5.022824764251709,right_f_best4.5292067527771,i:3
2025-04-27 01:21:11,015 - INFO - 添加左子节点，右子节点，len(queue):4
2025-04-27 01:21:11,015 - INFO - Node 1: k=445.6791962769645, f_best=4.5509819984436035, f_min=3.729373360198224
2025-04-27 01:21:11,015 - INFO - Node 2: k=70.71620864912089, f_best=5.060927867889404, f_min=4.048274990042955
2025-04-27 01:21:11,015 - INFO - Node 3: k=108.47709371389863, f_best=4.544341564178467, f_min=2.96446739918656
2025-04-27 01:21:11,015 - INFO - Node 4: k=141.91069706886066, f_best=5.045530319213867, f_min=3.094870186871958
2025-04-27 01:21:11,015 - INFO - Node 5: k=78.89583558600428, f_best=4.534298896789551, f_min=4.343563398407696
2025-04-27 01:21:11,015 - INFO - Node 6: k=149.1495688360692, f_best=5.022824764251709, f_min=4.062033071443693
2025-04-27 01:21:11,015 - INFO - Node 7: k=56.5754077456903, f_best=4.5292067527771, f_min=4.2853345860648915
2025-04-27 01:21:11,015 - INFO - cur_node_number 7,f_best 4.5292067527771,f_min 4.2853345860648915,k 56.5754077456903
2025-04-27 01:21:11,015 - INFO - f_best_current 4.5292067527771,f_min 4.2853345860648915
2025-04-27 01:21:19,904 - INFO - tree_node.f_best*ep:4.5292067527771,left_f_best5.056635856628418,right_f_best4.538191795349121,i:1
2025-04-27 01:21:28,885 - INFO - tree_node.f_best*ep:4.5292067527771,left_f_best5.041459083557129,right_f_best4.5398688316345215,i:2
2025-04-27 01:21:38,421 - INFO - tree_node.f_best*ep:4.5292067527771,left_f_best5.036009311676025,right_f_best4.530186176300049,i:3
2025-04-27 01:21:48,343 - INFO - tree_node.f_best*ep:4.5292067527771,left_f_best5.030529022216797,right_f_best4.5182271003723145,i:4
2025-04-27 01:22:14,834 - INFO - 添加左子节点，右子节点，len(queue):5
2025-04-27 01:22:14,834 - INFO - Node 1: k=445.6791962769645, f_best=4.5509819984436035, f_min=3.729373360198224
2025-04-27 01:22:14,834 - INFO - Node 2: k=70.71620864912089, f_best=5.060927867889404, f_min=4.048274990042955
2025-04-27 01:22:14,834 - INFO - Node 3: k=108.47709371389863, f_best=4.544341564178467, f_min=2.96446739918656
2025-04-27 01:22:14,834 - INFO - Node 4: k=141.91069706886066, f_best=5.045530319213867, f_min=3.094870186871958
2025-04-27 01:22:14,834 - INFO - Node 5: k=78.89583558600428, f_best=4.534298896789551, f_min=4.343563398407696
2025-04-27 01:22:14,834 - INFO - Node 6: k=149.1495688360692, f_best=5.022824764251709, f_min=4.062033071443693
2025-04-27 01:22:14,834 - INFO - Node 7: k=56.5754077456903, f_best=4.5292067527771, f_min=4.2853345860648915
2025-04-27 01:22:14,834 - INFO - Node 8: k=67.28404608727813, f_best=5.030529022216797, f_min=4.558205717546116
2025-04-27 01:22:14,834 - INFO - Node 9: k=88.02158644701606, f_best=4.5182271003723145, f_min=3.868262195205716
2025-04-27 01:22:14,834 - INFO - cur_node_number 8,f_best 4.5182271003723145,f_min 3.868262195205716,k 88.02158644701606
2025-04-27 01:22:14,834 - INFO - f_best_current 4.5182271003723145,f_min 3.868262195205716
2025-04-27 01:22:14,834 - INFO - 回退,len(queue)=3
2025-04-27 01:22:14,834 - INFO - 回退,len(queue)=2
2025-04-27 01:22:23,351 - INFO - tree_node.f_best*ep:4.534298896789551,left_f_best5.054328918457031,right_f_best4.553874492645264,i:1
2025-04-27 01:22:32,418 - INFO - tree_node.f_best*ep:4.534298896789551,left_f_best5.036971569061279,right_f_best4.553086757659912,i:2
2025-04-27 01:22:42,030 - INFO - tree_node.f_best*ep:4.534298896789551,left_f_best5.028834819793701,right_f_best4.535778522491455,i:3
2025-04-27 01:22:52,144 - INFO - tree_node.f_best*ep:4.534298896789551,left_f_best5.032889366149902,right_f_best4.519742488861084,i:4
2025-04-27 01:23:21,511 - INFO - 添加左子节点，右子节点，len(queue):4
2025-04-27 01:23:21,511 - INFO - Node 1: k=445.6791962769645, f_best=4.5509819984436035, f_min=3.729373360198224
2025-04-27 01:23:21,511 - INFO - Node 2: k=70.71620864912089, f_best=5.060927867889404, f_min=4.048274990042955
2025-04-27 01:23:21,511 - INFO - Node 3: k=108.47709371389863, f_best=4.544341564178467, f_min=2.96446739918656
2025-04-27 01:23:21,511 - INFO - Node 4: k=141.91069706886066, f_best=5.045530319213867, f_min=3.094870186871958
2025-04-27 01:23:21,511 - INFO - Node 5: k=88.02158644701606, f_best=4.534298896789551, f_min=4.343563398407696
2025-04-27 01:23:21,511 - INFO - Node 6: k=121.0244597948439, f_best=5.032889366149902, f_min=3.2570775815584057
2025-04-27 01:23:21,511 - INFO - Node 7: k=80.48164188128297, f_best=4.519742488861084, f_min=4.352670947853312
2025-04-27 01:23:21,511 - INFO - cur_node_number 9,f_best 4.519742488861084,f_min 4.352670947853312,k 80.48164188128297
2025-04-27 01:23:21,511 - INFO - f_best_current 4.519742488861084,f_min 4.352670947853312
2025-04-27 01:23:30,203 - INFO - tree_node.f_best*ep:4.519742488861084,left_f_best5.060209274291992,right_f_best4.5490546226501465,i:1
2025-04-27 01:23:39,306 - INFO - tree_node.f_best*ep:4.519742488861084,left_f_best5.048799991607666,right_f_best4.541121006011963,i:2
2025-04-27 01:23:48,926 - INFO - tree_node.f_best*ep:4.519742488861084,left_f_best5.037243366241455,right_f_best4.530736923217773,i:3
2025-04-27 01:23:59,083 - INFO - tree_node.f_best*ep:4.519742488861084,left_f_best5.02786111831665,right_f_best4.520324230194092,i:4
2025-04-27 01:24:09,572 - INFO - tree_node.f_best*ep:4.519742488861084,left_f_best5.026439189910889,right_f_best4.518575191497803,i:5
2025-04-27 01:24:39,062 - INFO - 添加左子节点，右子节点，len(queue):5
2025-04-27 01:24:39,062 - INFO - Node 1: k=445.6791962769645, f_best=4.5509819984436035, f_min=3.729373360198224
2025-04-27 01:24:39,062 - INFO - Node 2: k=70.71620864912089, f_best=5.060927867889404, f_min=4.048274990042955
2025-04-27 01:24:39,062 - INFO - Node 3: k=108.47709371389863, f_best=4.544341564178467, f_min=2.96446739918656
2025-04-27 01:24:39,062 - INFO - Node 4: k=141.91069706886066, f_best=5.045530319213867, f_min=3.094870186871958
2025-04-27 01:24:39,062 - INFO - Node 5: k=88.02158644701606, f_best=4.534298896789551, f_min=4.343563398407696
2025-04-27 01:24:39,062 - INFO - Node 6: k=121.0244597948439, f_best=5.032889366149902, f_min=3.2570775815584057
2025-04-27 01:24:39,062 - INFO - Node 7: k=80.48164188128297, f_best=4.519742488861084, f_min=4.352670947853312
2025-04-27 01:24:39,062 - INFO - Node 8: k=110.65748329754798, f_best=5.026439189910889, f_min=3.904296379344487
2025-04-27 01:24:39,062 - INFO - Node 9: k=94.37105457838918, f_best=4.518575191497803, f_min=4.297198507659687
2025-04-27 01:24:39,062 - INFO - cur_node_number 10,f_best 4.518575191497803,f_min 4.297198507659687,k 94.37105457838918
2025-04-27 01:24:39,062 - INFO - f_best_current 4.518575191497803,f_min 4.297198507659687
2025-04-27 01:24:39,062 - INFO - 回退,len(queue)=3
2025-04-27 01:24:39,062 - INFO - 回退,len(queue)=2
2025-04-27 01:24:47,910 - INFO - tree_node.f_best*ep:4.534298896789551,left_f_best5.061500072479248,right_f_best4.535768032073975,i:1
2025-04-27 01:24:57,080 - INFO - tree_node.f_best*ep:4.534298896789551,left_f_best5.0390400886535645,right_f_best4.53408145904541,i:2
2025-04-27 01:25:29,163 - INFO - 添加左子节点，右子节点，len(queue):4
2025-04-27 01:25:29,163 - INFO - Node 1: k=445.6791962769645, f_best=4.5509819984436035, f_min=3.729373360198224
2025-04-27 01:25:29,163 - INFO - Node 2: k=70.71620864912089, f_best=5.060927867889404, f_min=4.048274990042955
2025-04-27 01:25:29,163 - INFO - Node 3: k=108.47709371389863, f_best=4.544341564178467, f_min=2.96446739918656
2025-04-27 01:25:29,163 - INFO - Node 4: k=141.91069706886066, f_best=5.045530319213867, f_min=3.094870186871958
2025-04-27 01:25:29,163 - INFO - Node 5: k=94.37105457838918, f_best=4.534298896789551, f_min=4.343563398407696
2025-04-27 01:25:29,163 - INFO - Node 6: k=135.02315896537655, f_best=5.0390400886535645, f_min=4.2403856331311545
2025-04-27 01:25:29,163 - INFO - Node 7: k=127.19792355230435, f_best=4.53408145904541, f_min=4.460232540205652
2025-04-27 01:25:29,163 - INFO - cur_node_number 11,f_best 4.53408145904541,f_min 4.460232540205652,k 127.19792355230435
2025-04-27 01:25:29,163 - INFO - f_best_current 4.53408145904541,f_min 4.460232540205652
2025-04-27 01:25:29,163 - INFO - 回退,len(queue)=2
2025-04-27 01:25:29,163 - INFO - 回退,len(queue)=1
2025-04-27 01:25:37,918 - INFO - tree_node.f_best*ep:4.544341564178467,left_f_best5.058056354522705,right_f_best4.547213077545166,i:1
2025-04-27 01:25:47,192 - INFO - tree_node.f_best*ep:4.544341564178467,left_f_best5.053747177124023,right_f_best4.545254230499268,i:2
2025-04-27 01:25:56,961 - INFO - tree_node.f_best*ep:4.544341564178467,left_f_best5.033777236938477,right_f_best4.5329976081848145,i:3
2025-04-27 01:26:24,548 - INFO - 添加左子节点，右子节点，len(queue):3
2025-04-27 01:26:24,548 - INFO - Node 1: k=445.6791962769645, f_best=4.5509819984436035, f_min=3.729373360198224
2025-04-27 01:26:24,548 - INFO - Node 2: k=70.71620864912089, f_best=5.060927867889404, f_min=4.048274990042955
2025-04-27 01:26:24,548 - INFO - Node 3: k=127.19792355230435, f_best=4.544341564178467, f_min=2.96446739918656
2025-04-27 01:26:24,548 - INFO - Node 4: k=77.34127593961796, f_best=5.033777236938477, f_min=4.900134163496659
2025-04-27 01:26:24,548 - INFO - Node 5: k=110.19445367526947, f_best=4.5329976081848145, f_min=3.8945796422476633
2025-04-27 01:26:24,548 - INFO - cur_node_number 12,f_best 4.5329976081848145,f_min 3.8945796422476633,k 110.19445367526947
2025-04-27 01:26:24,548 - INFO - f_best_current 4.5329976081848145,f_min 3.8945796422476633
2025-04-27 01:26:33,252 - INFO - tree_node.f_best*ep:4.5329976081848145,left_f_best5.054301738739014,right_f_best4.558320045471191,i:1
2025-04-27 01:26:42,482 - INFO - tree_node.f_best*ep:4.5329976081848145,left_f_best5.038138389587402,right_f_best4.536330699920654,i:2
2025-04-27 01:26:52,258 - INFO - tree_node.f_best*ep:4.5329976081848145,left_f_best5.049655437469482,right_f_best4.529753684997559,i:3
2025-04-27 01:27:16,546 - INFO - 添加左子节点，右子节点，len(queue):4
2025-04-27 01:27:16,546 - INFO - Node 1: k=445.6791962769645, f_best=4.5509819984436035, f_min=3.729373360198224
2025-04-27 01:27:16,546 - INFO - Node 2: k=70.71620864912089, f_best=5.060927867889404, f_min=4.048274990042955
2025-04-27 01:27:16,546 - INFO - Node 3: k=127.19792355230435, f_best=4.544341564178467, f_min=2.96446739918656
2025-04-27 01:27:16,546 - INFO - Node 4: k=77.34127593961796, f_best=5.033777236938477, f_min=4.900134163496659
2025-04-27 01:27:16,546 - INFO - Node 5: k=110.19445367526947, f_best=4.5329976081848145, f_min=3.8945796422476633
2025-04-27 01:27:16,546 - INFO - Node 6: k=95.31476512417306, f_best=5.049655437469482, f_min=4.650262402700719
2025-04-27 01:27:16,546 - INFO - Node 7: k=42.818280880631335, f_best=4.529753684997559, f_min=4.312623044769225
2025-04-27 01:27:16,546 - INFO - cur_node_number 13,f_best 4.529753684997559,f_min 4.312623044769225,k 42.818280880631335
2025-04-27 01:27:16,546 - INFO - f_best_current 4.529753684997559,f_min 4.312623044769225
2025-04-27 01:27:25,206 - INFO - tree_node.f_best*ep:4.529753684997559,left_f_best5.050970554351807,right_f_best4.544512748718262,i:1
2025-04-27 01:27:34,218 - INFO - tree_node.f_best*ep:4.529753684997559,left_f_best5.0548577308654785,right_f_best4.532088756561279,i:2
2025-04-27 01:27:43,889 - INFO - tree_node.f_best*ep:4.529753684997559,left_f_best5.047098636627197,right_f_best4.5296549797058105,i:3
2025-04-27 01:28:15,414 - INFO - 添加左子节点，右子节点，len(queue):5
2025-04-27 01:28:15,414 - INFO - Node 1: k=445.6791962769645, f_best=4.5509819984436035, f_min=3.729373360198224
2025-04-27 01:28:15,414 - INFO - Node 2: k=70.71620864912089, f_best=5.060927867889404, f_min=4.048274990042955
2025-04-27 01:28:15,414 - INFO - Node 3: k=127.19792355230435, f_best=4.544341564178467, f_min=2.96446739918656
2025-04-27 01:28:15,414 - INFO - Node 4: k=77.34127593961796, f_best=5.033777236938477, f_min=4.900134163496659
2025-04-27 01:28:15,414 - INFO - Node 5: k=110.19445367526947, f_best=4.5329976081848145, f_min=3.8945796422476633
2025-04-27 01:28:15,414 - INFO - Node 6: k=95.31476512417306, f_best=5.049655437469482, f_min=4.650262402700719
2025-04-27 01:28:15,414 - INFO - Node 7: k=42.818280880631335, f_best=4.529753684997559, f_min=4.312623044769225
2025-04-27 01:28:15,414 - INFO - Node 8: k=139.1144957051864, f_best=5.047098636627197, f_min=1.5464787877226627
2025-04-27 01:28:15,414 - INFO - Node 9: k=97.23059190316894, f_best=4.5296549797058105, f_min=4.236683958165941
2025-04-27 01:28:15,414 - INFO - cur_node_number 14,f_best 4.5296549797058105,f_min 4.236683958165941,k 97.23059190316894
2025-04-27 01:28:15,414 - INFO - f_best_current 4.5296549797058105,f_min 4.236683958165941
2025-04-27 01:28:15,414 - INFO - 回退,len(queue)=3
2025-04-27 01:28:24,417 - INFO - tree_node.f_best*ep:4.529753684997559,left_f_best5.058891773223877,right_f_best4.541921615600586,i:1
2025-04-27 01:28:33,621 - INFO - tree_node.f_best*ep:4.529753684997559,left_f_best5.076287746429443,right_f_best4.534436225891113,i:2
2025-04-27 01:28:43,319 - INFO - tree_node.f_best*ep:4.529753684997559,left_f_best5.0352044105529785,right_f_best4.522278308868408,i:3
2025-04-27 01:29:12,416 - INFO - 添加左子节点，右子节点，len(queue):5
2025-04-27 01:29:12,416 - INFO - Node 1: k=445.6791962769645, f_best=4.5509819984436035, f_min=3.729373360198224
2025-04-27 01:29:12,416 - INFO - Node 2: k=70.71620864912089, f_best=5.060927867889404, f_min=4.048274990042955
2025-04-27 01:29:12,416 - INFO - Node 3: k=127.19792355230435, f_best=4.544341564178467, f_min=2.96446739918656
2025-04-27 01:29:12,416 - INFO - Node 4: k=77.34127593961796, f_best=5.033777236938477, f_min=4.900134163496659
2025-04-27 01:29:12,416 - INFO - Node 5: k=110.19445367526947, f_best=4.5329976081848145, f_min=3.8945796422476633
2025-04-27 01:29:12,416 - INFO - Node 6: k=95.31476512417306, f_best=5.049655437469482, f_min=4.650262402700719
2025-04-27 01:29:12,416 - INFO - Node 7: k=97.23059190316894, f_best=4.529753684997559, f_min=4.312623044769225
2025-04-27 01:29:12,416 - INFO - Node 8: k=119.82619781667714, f_best=5.0352044105529785, f_min=4.678908874275294
2025-04-27 01:29:12,416 - INFO - Node 9: k=78.89583558600428, f_best=4.522278308868408, f_min=3.1579468456352515
2025-04-27 01:29:12,416 - INFO - cur_node_number 15,f_best 4.522278308868408,f_min 3.1579468456352515,k 78.89583558600428
2025-04-27 01:29:12,416 - INFO - f_best_current 4.522278308868408,f_min 3.1579468456352515
2025-04-27 01:29:21,187 - INFO - tree_node.f_best*ep:4.522278308868408,left_f_best5.039798259735107,right_f_best4.545351505279541,i:1
2025-04-27 01:29:30,291 - INFO - tree_node.f_best*ep:4.522278308868408,left_f_best5.056837558746338,right_f_best4.5368123054504395,i:2
2025-04-27 01:29:39,906 - INFO - tree_node.f_best*ep:4.522278308868408,left_f_best5.044274806976318,right_f_best4.527960300445557,i:3
2025-04-27 01:29:49,995 - INFO - tree_node.f_best*ep:4.522278308868408,left_f_best5.029215335845947,right_f_best4.522711753845215,i:4
2025-04-27 01:30:00,653 - INFO - tree_node.f_best*ep:4.522278308868408,left_f_best5.02956485748291,right_f_best4.513801097869873,i:5
2025-04-27 01:30:29,793 - INFO - 添加左子节点，右子节点，len(queue):6
2025-04-27 01:30:29,793 - INFO - Node 1: k=445.6791962769645, f_best=4.5509819984436035, f_min=3.729373360198224
2025-04-27 01:30:29,793 - INFO - Node 2: k=70.71620864912089, f_best=5.060927867889404, f_min=4.048274990042955
2025-04-27 01:30:29,793 - INFO - Node 3: k=127.19792355230435, f_best=4.544341564178467, f_min=2.96446739918656
2025-04-27 01:30:29,793 - INFO - Node 4: k=77.34127593961796, f_best=5.033777236938477, f_min=4.900134163496659
2025-04-27 01:30:29,793 - INFO - Node 5: k=110.19445367526947, f_best=4.5329976081848145, f_min=3.8945796422476633
2025-04-27 01:30:29,793 - INFO - Node 6: k=95.31476512417306, f_best=5.049655437469482, f_min=4.650262402700719
2025-04-27 01:30:29,793 - INFO - Node 7: k=97.23059190316894, f_best=4.529753684997559, f_min=4.312623044769225
2025-04-27 01:30:29,793 - INFO - Node 8: k=119.82619781667714, f_best=5.0352044105529785, f_min=4.678908874275294
2025-04-27 01:30:29,793 - INFO - Node 9: k=78.89583558600428, f_best=4.522278308868408, f_min=3.1579468456352515
2025-04-27 01:30:29,793 - INFO - Node 10: k=108.47709371389863, f_best=5.02956485748291, f_min=4.241188457437147
2025-04-27 01:30:29,793 - INFO - Node 11: k=82.92031611192773, f_best=4.513801097869873, f_min=3.2611435704370706
2025-04-27 01:30:29,793 - INFO - cur_node_number 16,f_best 4.513801097869873,f_min 3.2611435704370706,k 82.92031611192773
2025-04-27 01:30:29,793 - INFO - f_best_current 4.513801097869873,f_min 3.2611435704370706
2025-04-27 01:30:29,793 - INFO - 回退,len(queue)=4
2025-04-27 01:30:38,569 - INFO - tree_node.f_best*ep:4.522278308868408,left_f_best5.055577754974365,right_f_best4.548201084136963,i:1
2025-04-27 01:30:47,910 - INFO - tree_node.f_best*ep:4.522278308868408,left_f_best5.04826545715332,right_f_best4.540578365325928,i:2
2025-04-27 01:30:57,628 - INFO - tree_node.f_best*ep:4.522278308868408,left_f_best5.031187057495117,right_f_best4.540099143981934,i:3
2025-04-27 01:31:07,815 - INFO - tree_node.f_best*ep:4.522278308868408,left_f_best5.033207893371582,right_f_best4.5260114669799805,i:4
2025-04-27 01:31:18,249 - INFO - tree_node.f_best*ep:4.522278308868408,left_f_best5.025261878967285,right_f_best4.525224208831787,i:5
2025-04-27 01:31:29,023 - INFO - tree_node.f_best*ep:4.522278308868408,left_f_best5.020991325378418,right_f_best4.514235496520996,i:6
2025-04-27 01:31:58,660 - INFO - 添加左子节点，右子节点，len(queue):6
2025-04-27 01:31:58,660 - INFO - Node 1: k=445.6791962769645, f_best=4.5509819984436035, f_min=3.729373360198224
2025-04-27 01:31:58,660 - INFO - Node 2: k=70.71620864912089, f_best=5.060927867889404, f_min=4.048274990042955
2025-04-27 01:31:58,660 - INFO - Node 3: k=127.19792355230435, f_best=4.544341564178467, f_min=2.96446739918656
2025-04-27 01:31:58,660 - INFO - Node 4: k=77.34127593961796, f_best=5.033777236938477, f_min=4.900134163496659
2025-04-27 01:31:58,660 - INFO - Node 5: k=110.19445367526947, f_best=4.5329976081848145, f_min=3.8945796422476633
2025-04-27 01:31:58,660 - INFO - Node 6: k=95.31476512417306, f_best=5.049655437469482, f_min=4.650262402700719
2025-04-27 01:31:58,660 - INFO - Node 7: k=97.23059190316894, f_best=4.529753684997559, f_min=4.312623044769225
2025-04-27 01:31:58,660 - INFO - Node 8: k=119.82619781667714, f_best=5.0352044105529785, f_min=4.678908874275294
2025-04-27 01:31:58,660 - INFO - Node 9: k=82.92031611192773, f_best=4.522278308868408, f_min=3.1579468456352515
2025-04-27 01:31:58,660 - INFO - Node 10: k=92.51157198155983, f_best=5.020991325378418, f_min=4.251305798969042
2025-04-27 01:31:58,660 - INFO - Node 11: k=119.82619781667714, f_best=4.514235496520996, f_min=4.101311920251646
2025-04-27 01:31:58,660 - INFO - cur_node_number 17,f_best 4.514235496520996,f_min 4.101311920251646,k 119.82619781667714
2025-04-27 01:31:58,660 - INFO - f_best_current 4.514235496520996,f_min 4.101311920251646
2025-04-27 01:31:58,660 - INFO - 回退,len(queue)=4
2025-04-27 01:31:58,660 - INFO - 回退,len(queue)=3
2025-04-27 01:31:58,660 - INFO - 回退,len(queue)=2
2025-04-27 01:32:07,608 - INFO - tree_node.f_best*ep:4.5329976081848145,left_f_best5.046347141265869,right_f_best4.549147605895996,i:1
2025-04-27 01:32:16,790 - INFO - tree_node.f_best*ep:4.5329976081848145,left_f_best5.0556182861328125,right_f_best4.55063009262085,i:2
2025-04-27 01:32:26,303 - INFO - tree_node.f_best*ep:4.5329976081848145,left_f_best5.041685581207275,right_f_best4.528782367706299,i:3
2025-04-27 01:32:58,577 - INFO - 添加左子节点，右子节点，len(queue):4
2025-04-27 01:32:58,577 - INFO - Node 1: k=445.6791962769645, f_best=4.5509819984436035, f_min=3.729373360198224
2025-04-27 01:32:58,577 - INFO - Node 2: k=70.71620864912089, f_best=5.060927867889404, f_min=4.048274990042955
2025-04-27 01:32:58,577 - INFO - Node 3: k=127.19792355230435, f_best=4.544341564178467, f_min=2.96446739918656
2025-04-27 01:32:58,577 - INFO - Node 4: k=77.34127593961796, f_best=5.033777236938477, f_min=4.900134163496659
2025-04-27 01:32:58,577 - INFO - Node 5: k=119.82619781667714, f_best=4.5329976081848145, f_min=3.8945796422476633
2025-04-27 01:32:58,577 - INFO - Node 6: k=108.47709371389863, f_best=5.041685581207275, f_min=3.975981465157929
2025-04-27 01:32:58,577 - INFO - Node 7: k=162.44012447492673, f_best=4.528782367706299, f_min=3.71882129671485
2025-04-27 01:32:58,577 - INFO - cur_node_number 18,f_best 4.528782367706299,f_min 3.71882129671485,k 162.44012447492673
2025-04-27 01:32:58,577 - INFO - f_best_current 4.528782367706299,f_min 3.71882129671485
2025-04-27 01:32:58,577 - INFO - 回退,len(queue)=2
2025-04-27 01:32:58,577 - INFO - 回退,len(queue)=1
2025-04-27 01:33:07,549 - INFO - tree_node.f_best*ep:4.544341564178467,left_f_best5.036844730377197,right_f_best4.546418190002441,i:1
2025-04-27 01:33:16,761 - INFO - tree_node.f_best*ep:4.544341564178467,left_f_best5.068347930908203,right_f_best4.534186363220215,i:2
2025-04-27 01:33:44,990 - INFO - 添加左子节点，右子节点，len(queue):3
2025-04-27 01:33:44,990 - INFO - Node 1: k=445.6791962769645, f_best=4.5509819984436035, f_min=3.729373360198224
2025-04-27 01:33:44,990 - INFO - Node 2: k=70.71620864912089, f_best=5.060927867889404, f_min=4.048274990042955
2025-04-27 01:33:44,990 - INFO - Node 3: k=162.44012447492673, f_best=4.544341564178467, f_min=2.96446739918656
2025-04-27 01:33:44,990 - INFO - Node 4: k=83.74951927304701, f_best=5.068347930908203, f_min=4.718272976027492
2025-04-27 01:33:44,990 - INFO - Node 5: k=92.51157198155983, f_best=4.534186363220215, f_min=4.417446333626685
2025-04-27 01:33:44,990 - INFO - cur_node_number 19,f_best 4.534186363220215,f_min 4.417446333626685,k 92.51157198155983
2025-04-27 01:33:44,990 - INFO - f_best_current 4.534186363220215,f_min 4.417446333626685
2025-04-27 01:33:53,644 - INFO - tree_node.f_best*ep:4.534186363220215,left_f_best5.051024913787842,right_f_best4.533078193664551,i:1
2025-04-27 01:34:19,235 - INFO - 添加左子节点，右子节点，len(queue):4
2025-04-27 01:34:19,235 - INFO - Node 1: k=445.6791962769645, f_best=4.5509819984436035, f_min=3.729373360198224
2025-04-27 01:34:19,235 - INFO - Node 2: k=70.71620864912089, f_best=5.060927867889404, f_min=4.048274990042955
2025-04-27 01:34:19,246 - INFO - Node 3: k=162.44012447492673, f_best=4.544341564178467, f_min=2.96446739918656
2025-04-27 01:34:19,246 - INFO - Node 4: k=83.74951927304701, f_best=5.068347930908203, f_min=4.718272976027492
2025-04-27 01:34:19,246 - INFO - Node 5: k=92.51157198155983, f_best=4.534186363220215, f_min=4.417446333626685
2025-04-27 01:34:19,246 - INFO - Node 6: k=93.43668770137542, f_best=5.051024913787842, f_min=2.135545359803018
2025-04-27 01:34:19,246 - INFO - Node 7: k=54.05574739020538, f_best=4.533078193664551, f_min=2.9252248296506878
2025-04-27 01:34:19,246 - INFO - cur_node_number 20,f_best 4.533078193664551,f_min 2.9252248296506878,k 54.05574739020538
2025-04-27 01:34:19,246 - INFO - f_best_current 4.533078193664551,f_min 2.9252248296506878
2025-04-27 01:34:28,292 - INFO - tree_node.f_best*ep:4.533078193664551,left_f_best5.052399158477783,right_f_best4.567234516143799,i:1
2025-04-27 01:34:37,557 - INFO - tree_node.f_best*ep:4.533078193664551,left_f_best5.051092624664307,right_f_best4.539307117462158,i:2
2025-04-27 01:34:47,322 - INFO - tree_node.f_best*ep:4.533078193664551,left_f_best5.031261444091797,right_f_best4.535693168640137,i:3
2025-04-27 01:34:57,499 - INFO - tree_node.f_best*ep:4.533078193664551,left_f_best5.024547576904297,right_f_best4.5240912437438965,i:4
2025-04-27 01:35:23,393 - INFO - 添加左子节点，右子节点，len(queue):5
2025-04-27 01:35:23,393 - INFO - Node 1: k=445.6791962769645, f_best=4.5509819984436035, f_min=3.729373360198224
2025-04-27 01:35:23,393 - INFO - Node 2: k=70.71620864912089, f_best=5.060927867889404, f_min=4.048274990042955
2025-04-27 01:35:23,393 - INFO - Node 3: k=162.44012447492673, f_best=4.544341564178467, f_min=2.96446739918656
2025-04-27 01:35:23,393 - INFO - Node 4: k=83.74951927304701, f_best=5.068347930908203, f_min=4.718272976027492
2025-04-27 01:35:23,393 - INFO - Node 5: k=92.51157198155983, f_best=4.534186363220215, f_min=4.417446333626685
2025-04-27 01:35:23,393 - INFO - Node 6: k=93.43668770137542, f_best=5.051024913787842, f_min=2.135545359803018
2025-04-27 01:35:23,393 - INFO - Node 7: k=54.05574739020538, f_best=4.533078193664551, f_min=2.9252248296506878
2025-04-27 01:35:23,393 - INFO - Node 8: k=59.11997482461371, f_best=5.024547576904297, f_min=4.25846132771585
2025-04-27 01:35:23,393 - INFO - Node 9: k=87.15008559110501, f_best=4.5240912437438965, f_min=3.1249163801458053
2025-04-27 01:35:23,393 - INFO - cur_node_number 21,f_best 4.5240912437438965,f_min 3.1249163801458053,k 87.15008559110501
2025-04-27 01:35:23,393 - INFO - f_best_current 4.5240912437438965,f_min 3.1249163801458053
2025-04-27 01:35:23,393 - INFO - 回退,len(queue)=3
2025-04-27 01:35:32,150 - INFO - tree_node.f_best*ep:4.533078193664551,left_f_best5.054778575897217,right_f_best4.5504326820373535,i:1
2025-04-27 01:35:41,364 - INFO - tree_node.f_best*ep:4.533078193664551,left_f_best5.055308818817139,right_f_best4.532497882843018,i:2
2025-04-27 01:36:13,192 - INFO - 添加左子节点，右子节点，len(queue):5
2025-04-27 01:36:13,192 - INFO - Node 1: k=445.6791962769645, f_best=4.5509819984436035, f_min=3.729373360198224
2025-04-27 01:36:13,192 - INFO - Node 2: k=70.71620864912089, f_best=5.060927867889404, f_min=4.048274990042955
2025-04-27 01:36:13,192 - INFO - Node 3: k=162.44012447492673, f_best=4.544341564178467, f_min=2.96446739918656
2025-04-27 01:36:13,192 - INFO - Node 4: k=83.74951927304701, f_best=5.068347930908203, f_min=4.718272976027492
2025-04-27 01:36:13,192 - INFO - Node 5: k=92.51157198155983, f_best=4.534186363220215, f_min=4.417446333626685
2025-04-27 01:36:13,192 - INFO - Node 6: k=93.43668770137542, f_best=5.051024913787842, f_min=2.135545359803018
2025-04-27 01:36:13,192 - INFO - Node 7: k=87.15008559110501, f_best=4.533078193664551, f_min=2.9252248296506878
2025-04-27 01:36:13,192 - INFO - Node 8: k=94.37105457838918, f_best=5.055308818817139, f_min=4.3235930928794915
2025-04-27 01:36:13,192 - INFO - Node 9: k=144.76310207994476, f_best=4.532497882843018, f_min=3.8451132160025736
2025-04-27 01:36:13,192 - INFO - cur_node_number 22,f_best 4.532497882843018,f_min 3.8451132160025736,k 144.76310207994476
2025-04-27 01:36:13,192 - INFO - f_best_current 4.532497882843018,f_min 3.8451132160025736
2025-04-27 01:36:13,192 - INFO - 回退,len(queue)=3
2025-04-27 01:36:13,192 - INFO - 回退,len(queue)=2
2025-04-27 01:36:22,053 - INFO - tree_node.f_best*ep:4.534186363220215,left_f_best5.0416388511657715,right_f_best4.552433967590332,i:1
2025-04-27 01:36:31,234 - INFO - tree_node.f_best*ep:4.534186363220215,left_f_best5.046092510223389,right_f_best4.537858963012695,i:2
2025-04-27 01:36:40,917 - INFO - tree_node.f_best*ep:4.534186363220215,left_f_best5.036981105804443,right_f_best4.524176597595215,i:3
2025-04-27 01:37:10,722 - INFO - 添加左子节点，右子节点，len(queue):4
2025-04-27 01:37:10,722 - INFO - Node 1: k=445.6791962769645, f_best=4.5509819984436035, f_min=3.729373360198224
2025-04-27 01:37:10,722 - INFO - Node 2: k=70.71620864912089, f_best=5.060927867889404, f_min=4.048274990042955
2025-04-27 01:37:10,722 - INFO - Node 3: k=162.44012447492673, f_best=4.544341564178467, f_min=2.96446739918656
2025-04-27 01:37:10,722 - INFO - Node 4: k=83.74951927304701, f_best=5.068347930908203, f_min=4.718272976027492
2025-04-27 01:37:10,722 - INFO - Node 5: k=144.76310207994476, f_best=4.534186363220215, f_min=4.417446333626685
2025-04-27 01:37:10,722 - INFO - Node 6: k=163.12268686323117, f_best=5.036981105804443, f_min=4.273474260973671
2025-04-27 01:37:10,722 - INFO - Node 7: k=62.75704457935128, f_best=4.524176597595215, f_min=3.9564199355581877
2025-04-27 01:37:10,722 - INFO - cur_node_number 23,f_best 4.524176597595215,f_min 3.9564199355581877,k 62.75704457935128
2025-04-27 01:37:10,722 - INFO - f_best_current 4.524176597595215,f_min 3.9564199355581877
2025-04-27 01:37:19,564 - INFO - tree_node.f_best*ep:4.524176597595215,left_f_best5.051288604736328,right_f_best4.539673328399658,i:1
2025-04-27 01:37:28,810 - INFO - tree_node.f_best*ep:4.524176597595215,left_f_best5.044066429138184,right_f_best4.526888370513916,i:2
2025-04-27 01:37:38,454 - INFO - tree_node.f_best*ep:4.524176597595215,left_f_best5.032484531402588,right_f_best4.535041809082031,i:3
2025-04-27 01:37:48,715 - INFO - tree_node.f_best*ep:4.524176597595215,left_f_best5.030105113983154,right_f_best4.52386999130249,i:4
2025-04-27 01:38:13,919 - INFO - 添加左子节点，右子节点，len(queue):5
2025-04-27 01:38:13,919 - INFO - Node 1: k=445.6791962769645, f_best=4.5509819984436035, f_min=3.729373360198224
2025-04-27 01:38:13,919 - INFO - Node 2: k=70.71620864912089, f_best=5.060927867889404, f_min=4.048274990042955
2025-04-27 01:38:13,919 - INFO - Node 3: k=162.44012447492673, f_best=4.544341564178467, f_min=2.96446739918656
2025-04-27 01:38:13,919 - INFO - Node 4: k=83.74951927304701, f_best=5.068347930908203, f_min=4.718272976027492
2025-04-27 01:38:13,919 - INFO - Node 5: k=144.76310207994476, f_best=4.534186363220215, f_min=4.417446333626685
2025-04-27 01:38:13,919 - INFO - Node 6: k=163.12268686323117, f_best=5.036981105804443, f_min=4.273474260973671
2025-04-27 01:38:13,919 - INFO - Node 7: k=62.75704457935128, f_best=4.524176597595215, f_min=3.9564199355581877
2025-04-27 01:38:13,919 - INFO - Node 8: k=52.99063561435681, f_best=5.030105113983154, f_min=4.970003035356967
2025-04-27 01:38:13,919 - INFO - Node 9: k=75.06668045514655, f_best=4.52386999130249, f_min=3.9817349204072343
2025-04-27 01:38:13,919 - INFO - cur_node_number 24,f_best 4.52386999130249,f_min 3.9817349204072343,k 75.06668045514655
2025-04-27 01:38:13,935 - INFO - f_best_current 4.52386999130249,f_min 3.9817349204072343
2025-04-27 01:38:13,935 - INFO - 回退,len(queue)=3
2025-04-27 01:38:22,804 - INFO - tree_node.f_best*ep:4.524176597595215,left_f_best5.043087482452393,right_f_best4.538304328918457,i:1
2025-04-27 01:38:31,940 - INFO - tree_node.f_best*ep:4.524176597595215,left_f_best5.061416149139404,right_f_best4.538152694702148,i:2
2025-04-27 01:38:41,512 - INFO - tree_node.f_best*ep:4.524176597595215,left_f_best5.04268217086792,right_f_best4.535810947418213,i:3
2025-04-27 01:38:51,533 - INFO - tree_node.f_best*ep:4.524176597595215,left_f_best5.024078845977783,right_f_best4.518238067626953,i:4
2025-04-27 01:39:24,127 - INFO - 添加左子节点，右子节点，len(queue):5
2025-04-27 01:39:24,127 - INFO - Node 1: k=445.6791962769645, f_best=4.5509819984436035, f_min=3.729373360198224
2025-04-27 01:39:24,127 - INFO - Node 2: k=70.71620864912089, f_best=5.060927867889404, f_min=4.048274990042955
2025-04-27 01:39:24,127 - INFO - Node 3: k=162.44012447492673, f_best=4.544341564178467, f_min=2.96446739918656
2025-04-27 01:39:24,127 - INFO - Node 4: k=83.74951927304701, f_best=5.068347930908203, f_min=4.718272976027492
2025-04-27 01:39:24,127 - INFO - Node 5: k=144.76310207994476, f_best=4.534186363220215, f_min=4.417446333626685
2025-04-27 01:39:24,127 - INFO - Node 6: k=163.12268686323117, f_best=5.036981105804443, f_min=4.273474260973671
2025-04-27 01:39:24,127 - INFO - Node 7: k=75.06668045514655, f_best=4.524176597595215, f_min=3.9564199355581877
2025-04-27 01:39:24,127 - INFO - Node 8: k=152.14747516967418, f_best=5.024078845977783, f_min=4.660385035425861
2025-04-27 01:39:24,127 - INFO - Node 9: k=106.33966641887916, f_best=4.518238067626953, f_min=4.410956151516075
2025-04-27 01:39:24,127 - INFO - cur_node_number 25,f_best 4.518238067626953,f_min 4.410956151516075,k 106.33966641887916
2025-04-27 01:39:24,127 - INFO - f_best_current 4.518238067626953,f_min 4.410956151516075
2025-04-27 01:39:24,127 - INFO - 回退,len(queue)=3
2025-04-27 01:39:33,061 - INFO - tree_node.f_best*ep:4.524176597595215,left_f_best5.046048641204834,right_f_best4.566483020782471,i:1
2025-04-27 01:39:42,374 - INFO - tree_node.f_best*ep:4.524176597595215,left_f_best5.046457767486572,right_f_best4.5508527755737305,i:2
2025-04-27 01:39:52,056 - INFO - tree_node.f_best*ep:4.524176597595215,left_f_best5.035480976104736,right_f_best4.535237789154053,i:3
2025-04-27 01:40:02,279 - INFO - tree_node.f_best*ep:4.524176597595215,left_f_best5.027677059173584,right_f_best4.524598121643066,i:4
2025-04-27 01:40:12,884 - INFO - tree_node.f_best*ep:4.524176597595215,left_f_best5.0253005027771,right_f_best4.518002986907959,i:5
2025-04-27 01:40:39,613 - INFO - 添加左子节点，右子节点，len(queue):5
2025-04-27 01:40:39,613 - INFO - Node 1: k=445.6791962769645, f_best=4.5509819984436035, f_min=3.729373360198224
2025-04-27 01:40:39,613 - INFO - Node 2: k=70.71620864912089, f_best=5.060927867889404, f_min=4.048274990042955
2025-04-27 01:40:39,613 - INFO - Node 3: k=162.44012447492673, f_best=4.544341564178467, f_min=2.96446739918656
2025-04-27 01:40:39,613 - INFO - Node 4: k=83.74951927304701, f_best=5.068347930908203, f_min=4.718272976027492
2025-04-27 01:40:39,613 - INFO - Node 5: k=144.76310207994476, f_best=4.534186363220215, f_min=4.417446333626685
2025-04-27 01:40:39,613 - INFO - Node 6: k=163.12268686323117, f_best=5.036981105804443, f_min=4.273474260973671
2025-04-27 01:40:39,613 - INFO - Node 7: k=106.33966641887916, f_best=4.524176597595215, f_min=3.9564199355581877
2025-04-27 01:40:39,613 - INFO - Node 8: k=102.19032926740226, f_best=5.0253005027771, f_min=4.560939825389596
2025-04-27 01:40:39,613 - INFO - Node 9: k=66.61786741314666, f_best=4.518002986907959, f_min=3.9634789547667424
2025-04-27 01:40:39,613 - INFO - cur_node_number 26,f_best 4.518002986907959,f_min 3.9634789547667424,k 66.61786741314666
2025-04-27 01:40:39,613 - INFO - f_best_current 4.518002986907959,f_min 3.9634789547667424
2025-04-27 01:40:48,183 - INFO - tree_node.f_best*ep:4.518002986907959,left_f_best5.0475263595581055,right_f_best4.540874004364014,i:1
2025-04-27 01:40:57,457 - INFO - tree_node.f_best*ep:4.518002986907959,left_f_best5.060593128204346,right_f_best4.535303592681885,i:2
2025-04-27 01:41:07,432 - INFO - tree_node.f_best*ep:4.518002986907959,left_f_best5.0371317863464355,right_f_best4.533931255340576,i:3
2025-04-27 01:41:17,932 - INFO - tree_node.f_best*ep:4.518002986907959,left_f_best5.038549423217773,right_f_best4.52392578125,i:4
2025-04-27 01:41:28,760 - INFO - tree_node.f_best*ep:4.518002986907959,left_f_best5.021656513214111,right_f_best4.515439987182617,i:5
2025-04-27 01:41:59,327 - INFO - 添加左子节点，右子节点，len(queue):6
2025-04-27 01:41:59,327 - INFO - Node 1: k=445.6791962769645, f_best=4.5509819984436035, f_min=3.729373360198224
2025-04-27 01:41:59,327 - INFO - Node 2: k=70.71620864912089, f_best=5.060927867889404, f_min=4.048274990042955
2025-04-27 01:41:59,327 - INFO - Node 3: k=162.44012447492673, f_best=4.544341564178467, f_min=2.96446739918656
2025-04-27 01:41:59,327 - INFO - Node 4: k=83.74951927304701, f_best=5.068347930908203, f_min=4.718272976027492
2025-04-27 01:41:59,327 - INFO - Node 5: k=144.76310207994476, f_best=4.534186363220215, f_min=4.417446333626685
2025-04-27 01:41:59,327 - INFO - Node 6: k=163.12268686323117, f_best=5.036981105804443, f_min=4.273474260973671
2025-04-27 01:41:59,327 - INFO - Node 7: k=106.33966641887916, f_best=4.524176597595215, f_min=3.9564199355581877
2025-04-27 01:41:59,327 - INFO - Node 8: k=102.19032926740226, f_best=5.0253005027771, f_min=4.560939825389596
2025-04-27 01:41:59,327 - INFO - Node 9: k=66.61786741314666, f_best=4.518002986907959, f_min=3.9634789547667424
2025-04-27 01:41:59,327 - INFO - Node 10: k=105.28679843453382, f_best=5.021656513214111, f_min=3.7016680228780388
2025-04-27 01:41:59,327 - INFO - Node 11: k=127.19792355230435, f_best=4.515439987182617, f_min=4.099306295817769
2025-04-27 01:41:59,327 - INFO - cur_node_number 27,f_best 4.515439987182617,f_min 4.099306295817769,k 127.19792355230435
2025-04-27 01:41:59,327 - INFO - f_best_current 4.515439987182617,f_min 4.099306295817769
2025-04-27 01:41:59,327 - INFO - 回退,len(queue)=4
2025-04-27 01:41:59,327 - INFO - 回退,len(queue)=3
2025-04-27 01:42:08,177 - INFO - tree_node.f_best*ep:4.524176597595215,left_f_best5.050129413604736,right_f_best4.559584140777588,i:1
2025-04-27 01:42:17,486 - INFO - tree_node.f_best*ep:4.524176597595215,left_f_best5.038506984710693,right_f_best4.534030914306641,i:2
2025-04-27 01:42:27,104 - INFO - tree_node.f_best*ep:4.524176597595215,left_f_best5.041429042816162,right_f_best4.523777484893799,i:3
2025-04-27 01:42:53,798 - INFO - 添加左子节点，右子节点，len(queue):5
2025-04-27 01:42:53,798 - INFO - Node 1: k=445.6791962769645, f_best=4.5509819984436035, f_min=3.729373360198224
2025-04-27 01:42:53,798 - INFO - Node 2: k=70.71620864912089, f_best=5.060927867889404, f_min=4.048274990042955
2025-04-27 01:42:53,798 - INFO - Node 3: k=162.44012447492673, f_best=4.544341564178467, f_min=2.96446739918656
2025-04-27 01:42:53,798 - INFO - Node 4: k=83.74951927304701, f_best=5.068347930908203, f_min=4.718272976027492
2025-04-27 01:42:53,798 - INFO - Node 5: k=144.76310207994476, f_best=4.534186363220215, f_min=4.417446333626685
2025-04-27 01:42:53,798 - INFO - Node 6: k=163.12268686323117, f_best=5.036981105804443, f_min=4.273474260973671
2025-04-27 01:42:53,798 - INFO - Node 7: k=127.19792355230435, f_best=4.524176597595215, f_min=3.9564199355581877
2025-04-27 01:42:53,798 - INFO - Node 8: k=75.06668045514655, f_best=5.041429042816162, f_min=3.619635861104598
2025-04-27 01:42:53,798 - INFO - Node 9: k=81.2864583000958, f_best=4.523777484893799, f_min=4.465081446379372
2025-04-27 01:42:53,798 - INFO - cur_node_number 28,f_best 4.523777484893799,f_min 4.465081446379372,k 81.2864583000958
2025-04-27 01:42:53,798 - INFO - f_best_current 4.523777484893799,f_min 4.465081446379372
2025-04-27 01:43:02,745 - INFO - tree_node.f_best*ep:4.523777484893799,left_f_best5.059493064880371,right_f_best4.553080081939697,i:1
2025-04-27 01:43:12,136 - INFO - tree_node.f_best*ep:4.523777484893799,left_f_best5.068005561828613,right_f_best4.552577972412109,i:2
2025-04-27 01:43:21,913 - INFO - tree_node.f_best*ep:4.523777484893799,left_f_best5.037265300750732,right_f_best4.52694034576416,i:3
2025-04-27 01:43:32,116 - INFO - tree_node.f_best*ep:4.523777484893799,left_f_best5.03105354309082,right_f_best4.526790142059326,i:4
2025-04-27 01:43:42,812 - INFO - tree_node.f_best*ep:4.523777484893799,left_f_best5.032219886779785,right_f_best4.525600910186768,i:5
2025-04-27 01:43:53,533 - INFO - tree_node.f_best*ep:4.523777484893799,left_f_best5.018980503082275,right_f_best4.509312152862549,i:6
2025-04-27 01:44:21,123 - INFO - 添加左子节点，右子节点，len(queue):6
2025-04-27 01:44:21,123 - INFO - Node 1: k=445.6791962769645, f_best=4.5509819984436035, f_min=3.729373360198224
2025-04-27 01:44:21,123 - INFO - Node 2: k=70.71620864912089, f_best=5.060927867889404, f_min=4.048274990042955
2025-04-27 01:44:21,123 - INFO - Node 3: k=162.44012447492673, f_best=4.544341564178467, f_min=2.96446739918656
2025-04-27 01:44:21,123 - INFO - Node 4: k=83.74951927304701, f_best=5.068347930908203, f_min=4.718272976027492
2025-04-27 01:44:21,123 - INFO - Node 5: k=144.76310207994476, f_best=4.534186363220215, f_min=4.417446333626685
2025-04-27 01:44:21,123 - INFO - Node 6: k=163.12268686323117, f_best=5.036981105804443, f_min=4.273474260973671
2025-04-27 01:44:21,123 - INFO - Node 7: k=127.19792355230435, f_best=4.524176597595215, f_min=3.9564199355581877
2025-04-27 01:44:21,123 - INFO - Node 8: k=75.06668045514655, f_best=5.041429042816162, f_min=3.619635861104598
2025-04-27 01:44:21,123 - INFO - Node 9: k=81.2864583000958, f_best=4.523777484893799, f_min=4.465081446379372
2025-04-27 01:44:21,123 - INFO - Node 10: k=64.01846117539624, f_best=5.018980503082275, f_min=4.8054598755225015
2025-04-27 01:44:21,123 - INFO - Node 11: k=116.30212706449583, f_best=4.509312152862549, f_min=4.182619386085207
2025-04-27 01:44:21,123 - INFO - cur_node_number 29,f_best 4.509312152862549,f_min 4.182619386085207,k 116.30212706449583
2025-04-27 01:44:21,123 - INFO - f_best_current 4.509312152862549,f_min 4.182619386085207
2025-04-27 01:44:21,123 - INFO - 回退,len(queue)=4
2025-04-27 01:44:30,120 - INFO - tree_node.f_best*ep:4.523777484893799,left_f_best5.0593461990356445,right_f_best4.5532755851745605,i:1
2025-04-27 01:44:39,556 - INFO - tree_node.f_best*ep:4.523777484893799,left_f_best5.046477317810059,right_f_best4.534125804901123,i:2
2025-04-27 01:44:49,286 - INFO - tree_node.f_best*ep:4.523777484893799,left_f_best5.047154903411865,right_f_best4.525954723358154,i:3
2025-04-27 01:44:59,618 - INFO - tree_node.f_best*ep:4.523777484893799,left_f_best5.024846076965332,right_f_best4.520740985870361,i:4
2025-04-27 01:45:28,415 - INFO - 添加左子节点，右子节点，len(queue):6
2025-04-27 01:45:28,415 - INFO - Node 1: k=445.6791962769645, f_best=4.5509819984436035, f_min=3.729373360198224
2025-04-27 01:45:28,415 - INFO - Node 2: k=70.71620864912089, f_best=5.060927867889404, f_min=4.048274990042955
2025-04-27 01:45:28,415 - INFO - Node 3: k=162.44012447492673, f_best=4.544341564178467, f_min=2.96446739918656
2025-04-27 01:45:28,415 - INFO - Node 4: k=83.74951927304701, f_best=5.068347930908203, f_min=4.718272976027492
2025-04-27 01:45:28,415 - INFO - Node 5: k=144.76310207994476, f_best=4.534186363220215, f_min=4.417446333626685
2025-04-27 01:45:28,415 - INFO - Node 6: k=163.12268686323117, f_best=5.036981105804443, f_min=4.273474260973671
2025-04-27 01:45:28,415 - INFO - Node 7: k=127.19792355230435, f_best=4.524176597595215, f_min=3.9564199355581877
2025-04-27 01:45:28,415 - INFO - Node 8: k=75.06668045514655, f_best=5.041429042816162, f_min=3.619635861104598
2025-04-27 01:45:28,430 - INFO - Node 9: k=116.30212706449583, f_best=4.523777484893799, f_min=4.465081446379372
2025-04-27 01:45:28,430 - INFO - Node 10: k=72.8589804873979, f_best=5.024846076965332, f_min=4.673800677554482
2025-04-27 01:45:28,430 - INFO - Node 11: k=115.15062085593647, f_best=4.520740985870361, f_min=4.432956862120591
2025-04-27 01:45:28,430 - INFO - cur_node_number 30,f_best 4.520740985870361,f_min 4.432956862120591,k 115.15062085593647
2025-04-27 01:45:28,430 - INFO - f_best_current 4.520740985870361,f_min 4.432956862120591
2025-04-27 01:45:37,249 - INFO - tree_node.f_best*ep:4.520740985870361,left_f_best5.05971622467041,right_f_best4.5324015617370605,i:1
2025-04-27 01:45:46,654 - INFO - tree_node.f_best*ep:4.520740985870361,left_f_best5.054170608520508,right_f_best4.554072856903076,i:2
2025-04-27 01:45:56,516 - INFO - tree_node.f_best*ep:4.520740985870361,left_f_best5.02331018447876,right_f_best4.535818576812744,i:3
2025-04-27 01:46:06,741 - INFO - tree_node.f_best*ep:4.520740985870361,left_f_best5.027009010314941,right_f_best4.540297031402588,i:4
2025-04-27 01:46:17,420 - INFO - tree_node.f_best*ep:4.520740985870361,left_f_best5.024535179138184,right_f_best4.518980979919434,i:5
2025-04-27 01:46:47,058 - INFO - 添加左子节点，右子节点，len(queue):7
2025-04-27 01:46:47,058 - INFO - Node 1: k=445.6791962769645, f_best=4.5509819984436035, f_min=3.729373360198224
2025-04-27 01:46:47,058 - INFO - Node 2: k=70.71620864912089, f_best=5.060927867889404, f_min=4.048274990042955
2025-04-27 01:46:47,058 - INFO - Node 3: k=162.44012447492673, f_best=4.544341564178467, f_min=2.96446739918656
2025-04-27 01:46:47,058 - INFO - Node 4: k=83.74951927304701, f_best=5.068347930908203, f_min=4.718272976027492
2025-04-27 01:46:47,058 - INFO - Node 5: k=144.76310207994476, f_best=4.534186363220215, f_min=4.417446333626685
2025-04-27 01:46:47,058 - INFO - Node 6: k=163.12268686323117, f_best=5.036981105804443, f_min=4.273474260973671
2025-04-27 01:46:47,058 - INFO - Node 7: k=127.19792355230435, f_best=4.524176597595215, f_min=3.9564199355581877
2025-04-27 01:46:47,058 - INFO - Node 8: k=75.06668045514655, f_best=5.041429042816162, f_min=3.619635861104598
2025-04-27 01:46:47,058 - INFO - Node 9: k=116.30212706449583, f_best=4.523777484893799, f_min=4.465081446379372
2025-04-27 01:46:47,058 - INFO - Node 10: k=72.8589804873979, f_best=5.024846076965332, f_min=4.673800677554482
2025-04-27 01:46:47,058 - INFO - Node 11: k=115.15062085593647, f_best=4.520740985870361, f_min=4.432956862120591
2025-04-27 01:46:47,058 - INFO - Node 12: k=82.09932288309676, f_best=5.024535179138184, f_min=4.6855023550233454
2025-04-27 01:46:47,058 - INFO - Node 13: k=104.24435488567705, f_best=4.518980979919434, f_min=4.140926470867271
2025-04-27 01:46:47,058 - INFO - cur_node_number 31,f_best 4.518980979919434,f_min 4.140926470867271,k 104.24435488567705
2025-04-27 01:46:47,058 - INFO - f_best_current 4.518980979919434,f_min 4.140926470867271
2025-04-27 01:46:56,064 - INFO - tree_node.f_best*ep:4.518980979919434,left_f_best5.051539897918701,right_f_best4.556967258453369,i:1
2025-04-27 01:47:05,424 - INFO - tree_node.f_best*ep:4.518980979919434,left_f_best5.048673152923584,right_f_best4.526522159576416,i:2
2025-04-27 01:47:15,256 - INFO - tree_node.f_best*ep:4.518980979919434,left_f_best5.033144950866699,right_f_best4.536543846130371,i:3
2025-04-27 01:47:25,327 - INFO - tree_node.f_best*ep:4.518980979919434,left_f_best5.036216735839844,right_f_best4.508730411529541,i:4
2025-04-27 01:47:56,121 - INFO - 添加左子节点，右子节点，len(queue):8
2025-04-27 01:47:56,121 - INFO - Node 1: k=445.6791962769645, f_best=4.5509819984436035, f_min=3.729373360198224
2025-04-27 01:47:56,121 - INFO - Node 2: k=70.71620864912089, f_best=5.060927867889404, f_min=4.048274990042955
2025-04-27 01:47:56,121 - INFO - Node 3: k=162.44012447492673, f_best=4.544341564178467, f_min=2.96446739918656
2025-04-27 01:47:56,121 - INFO - Node 4: k=83.74951927304701, f_best=5.068347930908203, f_min=4.718272976027492
2025-04-27 01:47:56,121 - INFO - Node 5: k=144.76310207994476, f_best=4.534186363220215, f_min=4.417446333626685
2025-04-27 01:47:56,121 - INFO - Node 6: k=163.12268686323117, f_best=5.036981105804443, f_min=4.273474260973671
2025-04-27 01:47:56,121 - INFO - Node 7: k=127.19792355230435, f_best=4.524176597595215, f_min=3.9564199355581877
2025-04-27 01:47:56,121 - INFO - Node 8: k=75.06668045514655, f_best=5.041429042816162, f_min=3.619635861104598
2025-04-27 01:47:56,121 - INFO - Node 9: k=116.30212706449583, f_best=4.523777484893799, f_min=4.465081446379372
2025-04-27 01:47:56,121 - INFO - Node 10: k=72.8589804873979, f_best=5.024846076965332, f_min=4.673800677554482
2025-04-27 01:47:56,121 - INFO - Node 11: k=115.15062085593647, f_best=4.520740985870361, f_min=4.432956862120591
2025-04-27 01:47:56,121 - INFO - Node 12: k=82.09932288309676, f_best=5.024535179138184, f_min=4.6855023550233454
2025-04-27 01:47:56,121 - INFO - Node 13: k=104.24435488567705, f_best=4.518980979919434, f_min=4.140926470867271
2025-04-27 01:47:56,121 - INFO - Node 14: k=109.56186465103761, f_best=5.036216735839844, f_min=4.7347202939618
2025-04-27 01:47:56,121 - INFO - Node 15: k=109.56186465103761, f_best=4.508730411529541, f_min=4.379665902920351
2025-04-27 01:47:56,121 - INFO - cur_node_number 32,f_best 4.508730411529541,f_min 4.379665902920351,k 109.56186465103761
2025-04-27 01:47:56,121 - INFO - f_best_current 4.508730411529541,f_min 4.379665902920351
2025-04-27 01:47:56,121 - INFO - 回退,len(queue)=6
2025-04-27 01:48:04,968 - INFO - tree_node.f_best*ep:4.518980979919434,left_f_best5.052907466888428,right_f_best4.550022125244141,i:1
2025-04-27 01:48:14,356 - INFO - tree_node.f_best*ep:4.518980979919434,left_f_best5.035146236419678,right_f_best4.530389785766602,i:2
2025-04-27 01:48:24,083 - INFO - tree_node.f_best*ep:4.518980979919434,left_f_best5.038246154785156,right_f_best4.526218414306641,i:3
2025-04-27 01:48:34,364 - INFO - tree_node.f_best*ep:4.518980979919434,left_f_best5.029420375823975,right_f_best4.520680904388428,i:4
2025-04-27 01:48:45,177 - INFO - tree_node.f_best*ep:4.518980979919434,left_f_best5.0280938148498535,right_f_best4.520564079284668,i:5
2025-04-27 01:48:56,434 - INFO - tree_node.f_best*ep:4.518980979919434,left_f_best5.015241622924805,right_f_best4.511737823486328,i:6
2025-04-27 01:49:25,161 - INFO - 添加左子节点，右子节点，len(queue):8
2025-04-27 01:49:25,161 - INFO - Node 1: k=445.6791962769645, f_best=4.5509819984436035, f_min=3.729373360198224
2025-04-27 01:49:25,161 - INFO - Node 2: k=70.71620864912089, f_best=5.060927867889404, f_min=4.048274990042955
2025-04-27 01:49:25,161 - INFO - Node 3: k=162.44012447492673, f_best=4.544341564178467, f_min=2.96446739918656
2025-04-27 01:49:25,161 - INFO - Node 4: k=83.74951927304701, f_best=5.068347930908203, f_min=4.718272976027492
2025-04-27 01:49:25,161 - INFO - Node 5: k=144.76310207994476, f_best=4.534186363220215, f_min=4.417446333626685
2025-04-27 01:49:25,161 - INFO - Node 6: k=163.12268686323117, f_best=5.036981105804443, f_min=4.273474260973671
2025-04-27 01:49:25,161 - INFO - Node 7: k=127.19792355230435, f_best=4.524176597595215, f_min=3.9564199355581877
2025-04-27 01:49:25,161 - INFO - Node 8: k=75.06668045514655, f_best=5.041429042816162, f_min=3.619635861104598
2025-04-27 01:49:25,161 - INFO - Node 9: k=116.30212706449583, f_best=4.523777484893799, f_min=4.465081446379372
2025-04-27 01:49:25,161 - INFO - Node 10: k=72.8589804873979, f_best=5.024846076965332, f_min=4.673800677554482
2025-04-27 01:49:25,161 - INFO - Node 11: k=115.15062085593647, f_best=4.520740985870361, f_min=4.432956862120591
2025-04-27 01:49:25,161 - INFO - Node 12: k=82.09932288309676, f_best=5.024535179138184, f_min=4.6855023550233454
2025-04-27 01:49:25,161 - INFO - Node 13: k=109.56186465103761, f_best=4.518980979919434, f_min=4.140926470867271
2025-04-27 01:49:25,161 - INFO - Node 14: k=95.31476512417306, f_best=5.015241622924805, f_min=4.48856224768906
2025-04-27 01:49:25,161 - INFO - Node 15: k=88.90180231148622, f_best=4.511737823486328, f_min=3.570218371950432
2025-04-27 01:49:25,161 - INFO - cur_node_number 33,f_best 4.511737823486328,f_min 3.570218371950432,k 88.90180231148622
2025-04-27 01:49:25,161 - INFO - f_best_current 4.511737823486328,f_min 3.570218371950432
2025-04-27 01:49:33,871 - INFO - tree_node.f_best*ep:4.511737823486328,left_f_best5.059466361999512,right_f_best4.543262481689453,i:1
2025-04-27 01:49:43,031 - INFO - tree_node.f_best*ep:4.511737823486328,left_f_best5.05137300491333,right_f_best4.536305904388428,i:2
2025-04-27 01:49:52,766 - INFO - tree_node.f_best*ep:4.511737823486328,left_f_best5.050255298614502,right_f_best4.520692825317383,i:3
2025-04-27 01:50:03,093 - INFO - tree_node.f_best*ep:4.511737823486328,left_f_best5.027669429779053,right_f_best4.5184454917907715,i:4
2025-04-27 01:50:13,863 - INFO - tree_node.f_best*ep:4.511737823486328,left_f_best5.02053165435791,right_f_best4.510807514190674,i:5
2025-04-27 01:50:40,116 - INFO - 添加左子节点，右子节点，len(queue):9
2025-04-27 01:50:40,116 - INFO - Node 1: k=445.6791962769645, f_best=4.5509819984436035, f_min=3.729373360198224
2025-04-27 01:50:40,116 - INFO - Node 2: k=70.71620864912089, f_best=5.060927867889404, f_min=4.048274990042955
2025-04-27 01:50:40,116 - INFO - Node 3: k=162.44012447492673, f_best=4.544341564178467, f_min=2.96446739918656
2025-04-27 01:50:40,116 - INFO - Node 4: k=83.74951927304701, f_best=5.068347930908203, f_min=4.718272976027492
2025-04-27 01:50:40,116 - INFO - Node 5: k=144.76310207994476, f_best=4.534186363220215, f_min=4.417446333626685
2025-04-27 01:50:40,116 - INFO - Node 6: k=163.12268686323117, f_best=5.036981105804443, f_min=4.273474260973671
2025-04-27 01:50:40,116 - INFO - Node 7: k=127.19792355230435, f_best=4.524176597595215, f_min=3.9564199355581877
2025-04-27 01:50:40,116 - INFO - Node 8: k=75.06668045514655, f_best=5.041429042816162, f_min=3.619635861104598
2025-04-27 01:50:40,116 - INFO - Node 9: k=116.30212706449583, f_best=4.523777484893799, f_min=4.465081446379372
2025-04-27 01:50:40,116 - INFO - Node 10: k=72.8589804873979, f_best=5.024846076965332, f_min=4.673800677554482
2025-04-27 01:50:40,116 - INFO - Node 11: k=115.15062085593647, f_best=4.520740985870361, f_min=4.432956862120591
2025-04-27 01:50:40,116 - INFO - Node 12: k=82.09932288309676, f_best=5.024535179138184, f_min=4.6855023550233454
2025-04-27 01:50:40,116 - INFO - Node 13: k=109.56186465103761, f_best=4.518980979919434, f_min=4.140926470867271
2025-04-27 01:50:40,116 - INFO - Node 14: k=95.31476512417306, f_best=5.015241622924805, f_min=4.48856224768906
2025-04-27 01:50:40,116 - INFO - Node 15: k=88.90180231148622, f_best=4.511737823486328, f_min=3.570218371950432
2025-04-27 01:50:40,116 - INFO - Node 16: k=47.971731142566625, f_best=5.02053165435791, f_min=4.4744527112979995
2025-04-27 01:50:40,116 - INFO - Node 17: k=108.47709371389863, f_best=4.510807514190674, f_min=3.616296002815943
2025-04-27 01:50:40,116 - INFO - cur_node_number 34,f_best 4.510807514190674,f_min 3.616296002815943,k 108.47709371389863
2025-04-27 01:50:40,116 - INFO - f_best_current 4.510807514190674,f_min 3.616296002815943
2025-04-27 01:50:40,116 - INFO - 回退,len(queue)=7
2025-04-27 01:50:48,901 - INFO - tree_node.f_best*ep:4.511737823486328,left_f_best5.060420513153076,right_f_best4.5400261878967285,i:1
2025-04-27 01:50:58,299 - INFO - tree_node.f_best*ep:4.511737823486328,left_f_best5.043076992034912,right_f_best4.537600994110107,i:2
2025-04-27 01:51:08,202 - INFO - tree_node.f_best*ep:4.511737823486328,left_f_best5.037322998046875,right_f_best4.535226345062256,i:3
2025-04-27 01:51:18,730 - INFO - tree_node.f_best*ep:4.511737823486328,left_f_best5.024970054626465,right_f_best4.5224080085754395,i:4
2025-04-27 01:51:29,490 - INFO - tree_node.f_best*ep:4.511737823486328,left_f_best5.027368545532227,right_f_best4.527308940887451,i:5
2025-04-27 01:51:40,639 - INFO - tree_node.f_best*ep:4.511737823486328,left_f_best5.01675271987915,right_f_best4.520438194274902,i:6
2025-04-27 01:51:52,207 - INFO - tree_node.f_best*ep:4.511737823486328,left_f_best5.0252180099487305,right_f_best4.514724254608154,i:7
2025-04-27 01:52:04,072 - INFO - tree_node.f_best*ep:4.511737823486328,left_f_best5.019195556640625,right_f_best4.510768890380859,i:8
2025-04-27 01:52:33,646 - INFO - 添加左子节点，右子节点，len(queue):9
2025-04-27 01:52:33,646 - INFO - Node 1: k=445.6791962769645, f_best=4.5509819984436035, f_min=3.729373360198224
2025-04-27 01:52:33,646 - INFO - Node 2: k=70.71620864912089, f_best=5.060927867889404, f_min=4.048274990042955
2025-04-27 01:52:33,646 - INFO - Node 3: k=162.44012447492673, f_best=4.544341564178467, f_min=2.96446739918656
2025-04-27 01:52:33,646 - INFO - Node 4: k=83.74951927304701, f_best=5.068347930908203, f_min=4.718272976027492
2025-04-27 01:52:33,646 - INFO - Node 5: k=144.76310207994476, f_best=4.534186363220215, f_min=4.417446333626685
2025-04-27 01:52:33,646 - INFO - Node 6: k=163.12268686323117, f_best=5.036981105804443, f_min=4.273474260973671
2025-04-27 01:52:33,646 - INFO - Node 7: k=127.19792355230435, f_best=4.524176597595215, f_min=3.9564199355581877
2025-04-27 01:52:33,646 - INFO - Node 8: k=75.06668045514655, f_best=5.041429042816162, f_min=3.619635861104598
2025-04-27 01:52:33,646 - INFO - Node 9: k=116.30212706449583, f_best=4.523777484893799, f_min=4.465081446379372
2025-04-27 01:52:33,646 - INFO - Node 10: k=72.8589804873979, f_best=5.024846076965332, f_min=4.673800677554482
2025-04-27 01:52:33,646 - INFO - Node 11: k=115.15062085593647, f_best=4.520740985870361, f_min=4.432956862120591
2025-04-27 01:52:33,646 - INFO - Node 12: k=82.09932288309676, f_best=5.024535179138184, f_min=4.6855023550233454
2025-04-27 01:52:33,646 - INFO - Node 13: k=109.56186465103761, f_best=4.518980979919434, f_min=4.140926470867271
2025-04-27 01:52:33,646 - INFO - Node 14: k=95.31476512417306, f_best=5.015241622924805, f_min=4.48856224768906
2025-04-27 01:52:33,646 - INFO - Node 15: k=108.47709371389863, f_best=4.511737823486328, f_min=3.570218371950432
2025-04-27 01:52:33,646 - INFO - Node 16: k=117.4651483351408, f_best=5.019195556640625, f_min=3.928406428078233
2025-04-27 01:52:33,646 - INFO - Node 17: k=76.575520732295, f_best=4.510768890380859, f_min=4.080850153300162
2025-04-27 01:52:33,646 - INFO - cur_node_number 35,f_best 4.510768890380859,f_min 4.080850153300162,k 76.575520732295
2025-04-27 01:52:33,646 - INFO - f_best_current 4.510768890380859,f_min 4.080850153300162
2025-04-27 01:52:42,719 - INFO - tree_node.f_best*ep:4.510768890380859,left_f_best5.046187877655029,right_f_best4.538013935089111,i:1
2025-04-27 01:52:52,206 - INFO - tree_node.f_best*ep:4.510768890380859,left_f_best5.042420387268066,right_f_best4.534403324127197,i:2
2025-04-27 01:53:02,097 - INFO - tree_node.f_best*ep:4.510768890380859,left_f_best5.033302307128906,right_f_best4.530224323272705,i:3
2025-04-27 01:53:12,396 - INFO - tree_node.f_best*ep:4.510768890380859,left_f_best5.037410736083984,right_f_best4.523736476898193,i:4
2025-04-27 01:53:23,036 - INFO - tree_node.f_best*ep:4.510768890380859,left_f_best5.023542881011963,right_f_best4.522921562194824,i:5
2025-04-27 01:53:34,314 - INFO - tree_node.f_best*ep:4.510768890380859,left_f_best5.019440174102783,right_f_best4.5125651359558105,i:6
2025-04-27 01:53:45,794 - INFO - tree_node.f_best*ep:4.510768890380859,left_f_best5.015089511871338,right_f_best4.510535717010498,i:7
2025-04-27 01:54:15,526 - INFO - 添加左子节点，右子节点，len(queue):10
2025-04-27 01:54:15,526 - INFO - Node 1: k=445.6791962769645, f_best=4.5509819984436035, f_min=3.729373360198224
2025-04-27 01:54:15,526 - INFO - Node 2: k=70.71620864912089, f_best=5.060927867889404, f_min=4.048274990042955
2025-04-27 01:54:15,526 - INFO - Node 3: k=162.44012447492673, f_best=4.544341564178467, f_min=2.96446739918656
2025-04-27 01:54:15,526 - INFO - Node 4: k=83.74951927304701, f_best=5.068347930908203, f_min=4.718272976027492
2025-04-27 01:54:15,526 - INFO - Node 5: k=144.76310207994476, f_best=4.534186363220215, f_min=4.417446333626685
2025-04-27 01:54:15,526 - INFO - Node 6: k=163.12268686323117, f_best=5.036981105804443, f_min=4.273474260973671
2025-04-27 01:54:15,526 - INFO - Node 7: k=127.19792355230435, f_best=4.524176597595215, f_min=3.9564199355581877
2025-04-27 01:54:15,526 - INFO - Node 8: k=75.06668045514655, f_best=5.041429042816162, f_min=3.619635861104598
2025-04-27 01:54:15,526 - INFO - Node 9: k=116.30212706449583, f_best=4.523777484893799, f_min=4.465081446379372
2025-04-27 01:54:15,526 - INFO - Node 10: k=72.8589804873979, f_best=5.024846076965332, f_min=4.673800677554482
2025-04-27 01:54:15,526 - INFO - Node 11: k=115.15062085593647, f_best=4.520740985870361, f_min=4.432956862120591
2025-04-27 01:54:15,526 - INFO - Node 12: k=82.09932288309676, f_best=5.024535179138184, f_min=4.6855023550233454
2025-04-27 01:54:15,526 - INFO - Node 13: k=109.56186465103761, f_best=4.518980979919434, f_min=4.140926470867271
2025-04-27 01:54:15,526 - INFO - Node 14: k=95.31476512417306, f_best=5.015241622924805, f_min=4.48856224768906
2025-04-27 01:54:15,526 - INFO - Node 15: k=108.47709371389863, f_best=4.511737823486328, f_min=3.570218371950432
2025-04-27 01:54:15,526 - INFO - Node 16: k=117.4651483351408, f_best=5.019195556640625, f_min=3.928406428078233
2025-04-27 01:54:15,526 - INFO - Node 17: k=76.575520732295, f_best=4.510768890380859, f_min=4.080850153300162
2025-04-27 01:54:15,526 - INFO - Node 18: k=136.3733905550303, f_best=5.015089511871338, f_min=3.539397038995048
2025-04-27 01:54:15,526 - INFO - Node 19: k=79.68479394186433, f_best=4.510535717010498, f_min=4.400061485438073
2025-04-27 01:54:15,526 - INFO - cur_node_number 36,f_best 4.510535717010498,f_min 4.400061485438073,k 79.68479394186433
2025-04-27 01:54:15,526 - INFO - f_best_current 4.510535717010498,f_min 4.400061485438073
2025-04-27 01:54:15,526 - INFO - 回退,len(queue)=8
2025-04-27 01:54:24,314 - INFO - tree_node.f_best*ep:4.510768890380859,left_f_best5.058358669281006,right_f_best4.54867696762085,i:1
2025-04-27 01:54:33,672 - INFO - tree_node.f_best*ep:4.510768890380859,left_f_best5.045919418334961,right_f_best4.531095504760742,i:2
2025-04-27 01:54:43,564 - INFO - tree_node.f_best*ep:4.510768890380859,left_f_best5.06080961227417,right_f_best4.550052165985107,i:3
2025-04-27 01:54:54,034 - INFO - tree_node.f_best*ep:4.510768890380859,left_f_best5.030533313751221,right_f_best4.520749568939209,i:4
2025-04-27 01:55:04,999 - INFO - tree_node.f_best*ep:4.510768890380859,left_f_best5.027751445770264,right_f_best4.517953872680664,i:5
2025-04-27 01:55:15,894 - INFO - tree_node.f_best*ep:4.510768890380859,left_f_best5.014561653137207,right_f_best4.515750408172607,i:6
2025-04-27 01:55:27,195 - INFO - tree_node.f_best*ep:4.510768890380859,left_f_best5.0206427574157715,right_f_best4.508941173553467,i:7
2025-04-27 01:55:54,189 - INFO - 添加左子节点，右子节点，len(queue):10
2025-04-27 01:55:54,189 - INFO - Node 1: k=445.6791962769645, f_best=4.5509819984436035, f_min=3.729373360198224
2025-04-27 01:55:54,189 - INFO - Node 2: k=70.71620864912089, f_best=5.060927867889404, f_min=4.048274990042955
2025-04-27 01:55:54,189 - INFO - Node 3: k=162.44012447492673, f_best=4.544341564178467, f_min=2.96446739918656
2025-04-27 01:55:54,189 - INFO - Node 4: k=83.74951927304701, f_best=5.068347930908203, f_min=4.718272976027492
2025-04-27 01:55:54,189 - INFO - Node 5: k=144.76310207994476, f_best=4.534186363220215, f_min=4.417446333626685
2025-04-27 01:55:54,189 - INFO - Node 6: k=163.12268686323117, f_best=5.036981105804443, f_min=4.273474260973671
2025-04-27 01:55:54,189 - INFO - Node 7: k=127.19792355230435, f_best=4.524176597595215, f_min=3.9564199355581877
2025-04-27 01:55:54,189 - INFO - Node 8: k=75.06668045514655, f_best=5.041429042816162, f_min=3.619635861104598
2025-04-27 01:55:54,189 - INFO - Node 9: k=116.30212706449583, f_best=4.523777484893799, f_min=4.465081446379372
2025-04-27 01:55:54,189 - INFO - Node 10: k=72.8589804873979, f_best=5.024846076965332, f_min=4.673800677554482
2025-04-27 01:55:54,189 - INFO - Node 11: k=115.15062085593647, f_best=4.520740985870361, f_min=4.432956862120591
2025-04-27 01:55:54,189 - INFO - Node 12: k=82.09932288309676, f_best=5.024535179138184, f_min=4.6855023550233454
2025-04-27 01:55:54,189 - INFO - Node 13: k=109.56186465103761, f_best=4.518980979919434, f_min=4.140926470867271
2025-04-27 01:55:54,189 - INFO - Node 14: k=95.31476512417306, f_best=5.015241622924805, f_min=4.48856224768906
2025-04-27 01:55:54,189 - INFO - Node 15: k=108.47709371389863, f_best=4.511737823486328, f_min=3.570218371950432
2025-04-27 01:55:54,189 - INFO - Node 16: k=117.4651483351408, f_best=5.019195556640625, f_min=3.928406428078233
2025-04-27 01:55:54,189 - INFO - Node 17: k=79.68479394186433, f_best=4.510768890380859, f_min=4.080850153300162
2025-04-27 01:55:54,189 - INFO - Node 18: k=103.21223256007629, f_best=5.0206427574157715, f_min=4.949491967029189
2025-04-27 01:55:54,189 - INFO - Node 19: k=78.11468869901414, f_best=4.508941173553467, f_min=3.9147535441211403
2025-04-27 01:55:54,189 - INFO - cur_node_number 37,f_best 4.508941173553467,f_min 3.9147535441211403,k 78.11468869901414
2025-04-27 01:55:54,189 - INFO - f_best_current 4.508941173553467,f_min 3.9147535441211403
2025-04-27 01:56:02,616 - INFO - tree_node.f_best*ep:4.508941173553467,left_f_best5.05157470703125,right_f_best4.537271499633789,i:1
2025-04-27 01:56:11,665 - INFO - tree_node.f_best*ep:4.508941173553467,left_f_best5.04705286026001,right_f_best4.538419246673584,i:2
2025-04-27 01:56:21,071 - INFO - tree_node.f_best*ep:4.508941173553467,left_f_best5.046998500823975,right_f_best4.528769016265869,i:3
2025-04-27 01:56:30,935 - INFO - tree_node.f_best*ep:4.508941173553467,left_f_best5.02130651473999,right_f_best4.52076530456543,i:4
2025-04-27 01:56:41,050 - INFO - tree_node.f_best*ep:4.508941173553467,left_f_best5.019733428955078,right_f_best4.5123982429504395,i:5
2025-04-27 01:56:51,446 - INFO - tree_node.f_best*ep:4.508941173553467,left_f_best5.0225396156311035,right_f_best4.511175632476807,i:6
2025-04-27 01:57:02,113 - INFO - tree_node.f_best*ep:4.508941173553467,left_f_best5.016463756561279,right_f_best4.513206958770752,i:7
2025-04-27 01:57:13,770 - INFO - tree_node.f_best*ep:4.508941173553467,left_f_best5.012551784515381,right_f_best4.50451135635376,i:8
2025-04-27 01:57:41,804 - INFO - 添加左子节点，右子节点，len(queue):11
2025-04-27 01:57:41,804 - INFO - Node 1: k=445.6791962769645, f_best=4.5509819984436035, f_min=3.729373360198224
2025-04-27 01:57:41,804 - INFO - Node 2: k=70.71620864912089, f_best=5.060927867889404, f_min=4.048274990042955
2025-04-27 01:57:41,804 - INFO - Node 3: k=162.44012447492673, f_best=4.544341564178467, f_min=2.96446739918656
2025-04-27 01:57:41,804 - INFO - Node 4: k=83.74951927304701, f_best=5.068347930908203, f_min=4.718272976027492
2025-04-27 01:57:41,804 - INFO - Node 5: k=144.76310207994476, f_best=4.534186363220215, f_min=4.417446333626685
2025-04-27 01:57:41,804 - INFO - Node 6: k=163.12268686323117, f_best=5.036981105804443, f_min=4.273474260973671
2025-04-27 01:57:41,804 - INFO - Node 7: k=127.19792355230435, f_best=4.524176597595215, f_min=3.9564199355581877
2025-04-27 01:57:41,804 - INFO - Node 8: k=75.06668045514655, f_best=5.041429042816162, f_min=3.619635861104598
2025-04-27 01:57:41,804 - INFO - Node 9: k=116.30212706449583, f_best=4.523777484893799, f_min=4.465081446379372
2025-04-27 01:57:41,804 - INFO - Node 10: k=72.8589804873979, f_best=5.024846076965332, f_min=4.673800677554482
2025-04-27 01:57:41,804 - INFO - Node 11: k=115.15062085593647, f_best=4.520740985870361, f_min=4.432956862120591
2025-04-27 01:57:41,804 - INFO - Node 12: k=82.09932288309676, f_best=5.024535179138184, f_min=4.6855023550233454
2025-04-27 01:57:41,804 - INFO - Node 13: k=109.56186465103761, f_best=4.518980979919434, f_min=4.140926470867271
2025-04-27 01:57:41,804 - INFO - Node 14: k=95.31476512417306, f_best=5.015241622924805, f_min=4.48856224768906
2025-04-27 01:57:41,804 - INFO - Node 15: k=108.47709371389863, f_best=4.511737823486328, f_min=3.570218371950432
2025-04-27 01:57:41,804 - INFO - Node 16: k=117.4651483351408, f_best=5.019195556640625, f_min=3.928406428078233
2025-04-27 01:57:41,804 - INFO - Node 17: k=79.68479394186433, f_best=4.510768890380859, f_min=4.080850153300162
2025-04-27 01:57:41,804 - INFO - Node 18: k=103.21223256007629, f_best=5.0206427574157715, f_min=4.949491967029189
2025-04-27 01:57:41,804 - INFO - Node 19: k=78.11468869901414, f_best=4.508941173553467, f_min=3.9147535441211403
2025-04-27 01:57:41,804 - INFO - Node 20: k=95.31476512417306, f_best=5.012551784515381, f_min=4.720507546423505
2025-04-27 01:57:41,804 - INFO - Node 21: k=111.76405813052347, f_best=4.50451135635376, f_min=4.4117780796677835
2025-04-27 01:57:41,804 - INFO - cur_node_number 38,f_best 4.50451135635376,f_min 4.4117780796677835,k 111.76405813052347
2025-04-27 01:57:41,804 - INFO - f_best_current 4.50451135635376,f_min 4.4117780796677835
2025-04-27 01:57:41,804 - INFO - 回退,len(queue)=9
2025-04-27 01:57:41,804 - INFO - 回退,len(queue)=8
2025-04-27 01:57:41,804 - INFO - 回退,len(queue)=7
2025-04-27 01:57:41,804 - INFO - 回退,len(queue)=6
2025-04-27 01:57:50,427 - INFO - tree_node.f_best*ep:4.518980979919434,left_f_best5.063303470611572,right_f_best4.534951686859131,i:1
2025-04-27 01:57:59,363 - INFO - tree_node.f_best*ep:4.518980979919434,left_f_best5.050889492034912,right_f_best4.532341957092285,i:2
2025-04-27 01:58:08,737 - INFO - tree_node.f_best*ep:4.518980979919434,left_f_best5.046390056610107,right_f_best4.523067951202393,i:3
2025-04-27 01:58:18,440 - INFO - tree_node.f_best*ep:4.518980979919434,left_f_best5.040884494781494,right_f_best4.532694339752197,i:4
2025-04-27 01:58:28,412 - INFO - tree_node.f_best*ep:4.518980979919434,left_f_best5.0219645500183105,right_f_best4.5174241065979,i:5
2025-04-27 01:58:56,280 - INFO - 添加左子节点，右子节点，len(queue):8
2025-04-27 01:58:56,280 - INFO - Node 1: k=445.6791962769645, f_best=4.5509819984436035, f_min=3.729373360198224
2025-04-27 01:58:56,280 - INFO - Node 2: k=70.71620864912089, f_best=5.060927867889404, f_min=4.048274990042955
2025-04-27 01:58:56,280 - INFO - Node 3: k=162.44012447492673, f_best=4.544341564178467, f_min=2.96446739918656
2025-04-27 01:58:56,280 - INFO - Node 4: k=83.74951927304701, f_best=5.068347930908203, f_min=4.718272976027492
2025-04-27 01:58:56,280 - INFO - Node 5: k=144.76310207994476, f_best=4.534186363220215, f_min=4.417446333626685
2025-04-27 01:58:56,280 - INFO - Node 6: k=163.12268686323117, f_best=5.036981105804443, f_min=4.273474260973671
2025-04-27 01:58:56,280 - INFO - Node 7: k=127.19792355230435, f_best=4.524176597595215, f_min=3.9564199355581877
2025-04-27 01:58:56,280 - INFO - Node 8: k=75.06668045514655, f_best=5.041429042816162, f_min=3.619635861104598
2025-04-27 01:58:56,280 - INFO - Node 9: k=116.30212706449583, f_best=4.523777484893799, f_min=4.465081446379372
2025-04-27 01:58:56,280 - INFO - Node 10: k=72.8589804873979, f_best=5.024846076965332, f_min=4.673800677554482
2025-04-27 01:58:56,280 - INFO - Node 11: k=115.15062085593647, f_best=4.520740985870361, f_min=4.432956862120591
2025-04-27 01:58:56,280 - INFO - Node 12: k=82.09932288309676, f_best=5.024535179138184, f_min=4.6855023550233454
2025-04-27 01:58:56,280 - INFO - Node 13: k=111.76405813052347, f_best=4.518980979919434, f_min=4.140926470867271
2025-04-27 01:58:56,280 - INFO - Node 14: k=127.19792355230435, f_best=5.0219645500183105, f_min=4.9110701433946815
2025-04-27 01:58:56,280 - INFO - Node 15: k=85.43288461043527, f_best=4.5174241065979, f_min=3.8585724874660627
2025-04-27 01:58:56,280 - INFO - cur_node_number 39,f_best 4.5174241065979,f_min 3.8585724874660627,k 85.43288461043527
2025-04-27 01:58:56,280 - INFO - f_best_current 4.5174241065979,f_min 3.8585724874660627
2025-04-27 01:59:04,980 - INFO - tree_node.f_best*ep:4.5174241065979,left_f_best5.048482418060303,right_f_best4.558912754058838,i:1
2025-04-27 01:59:14,119 - INFO - tree_node.f_best*ep:4.5174241065979,left_f_best5.047651767730713,right_f_best4.5406813621521,i:2
2025-04-27 01:59:23,580 - INFO - tree_node.f_best*ep:4.5174241065979,left_f_best5.047398090362549,right_f_best4.540578365325928,i:3
2025-04-27 01:59:33,387 - INFO - tree_node.f_best*ep:4.5174241065979,left_f_best5.035436153411865,right_f_best4.526017665863037,i:4
2025-04-27 01:59:43,346 - INFO - tree_node.f_best*ep:4.5174241065979,left_f_best5.01576042175293,right_f_best4.530043601989746,i:5
2025-04-27 01:59:53,836 - INFO - tree_node.f_best*ep:4.5174241065979,left_f_best5.023848533630371,right_f_best4.521917343139648,i:6
2025-04-27 02:00:04,840 - INFO - tree_node.f_best*ep:4.5174241065979,left_f_best5.022751808166504,right_f_best4.514308452606201,i:7
2025-04-27 02:00:32,542 - INFO - 添加左子节点，右子节点，len(queue):9
2025-04-27 02:00:32,542 - INFO - Node 1: k=445.6791962769645, f_best=4.5509819984436035, f_min=3.729373360198224
2025-04-27 02:00:32,542 - INFO - Node 2: k=70.71620864912089, f_best=5.060927867889404, f_min=4.048274990042955
2025-04-27 02:00:32,542 - INFO - Node 3: k=162.44012447492673, f_best=4.544341564178467, f_min=2.96446739918656
2025-04-27 02:00:32,557 - INFO - Node 4: k=83.74951927304701, f_best=5.068347930908203, f_min=4.718272976027492
2025-04-27 02:00:32,557 - INFO - Node 5: k=144.76310207994476, f_best=4.534186363220215, f_min=4.417446333626685
2025-04-27 02:00:32,557 - INFO - Node 6: k=163.12268686323117, f_best=5.036981105804443, f_min=4.273474260973671
2025-04-27 02:00:32,557 - INFO - Node 7: k=127.19792355230435, f_best=4.524176597595215, f_min=3.9564199355581877
2025-04-27 02:00:32,557 - INFO - Node 8: k=75.06668045514655, f_best=5.041429042816162, f_min=3.619635861104598
2025-04-27 02:00:32,557 - INFO - Node 9: k=116.30212706449583, f_best=4.523777484893799, f_min=4.465081446379372
2025-04-27 02:00:32,557 - INFO - Node 10: k=72.8589804873979, f_best=5.024846076965332, f_min=4.673800677554482
2025-04-27 02:00:32,557 - INFO - Node 11: k=115.15062085593647, f_best=4.520740985870361, f_min=4.432956862120591
2025-04-27 02:00:32,557 - INFO - Node 12: k=82.09932288309676, f_best=5.024535179138184, f_min=4.6855023550233454
2025-04-27 02:00:32,557 - INFO - Node 13: k=111.76405813052347, f_best=4.518980979919434, f_min=4.140926470867271
2025-04-27 02:00:32,557 - INFO - Node 14: k=127.19792355230435, f_best=5.0219645500183105, f_min=4.9110701433946815
2025-04-27 02:00:32,557 - INFO - Node 15: k=85.43288461043527, f_best=4.5174241065979, f_min=3.8585724874660627
2025-04-27 02:00:32,557 - INFO - Node 16: k=91.59561582332655, f_best=5.022751808166504, f_min=4.814867297843193
2025-04-27 02:00:32,557 - INFO - Node 17: k=97.23059190316894, f_best=4.514308452606201, f_min=4.234538255134339
2025-04-27 02:00:32,557 - INFO - cur_node_number 40,f_best 4.514308452606201,f_min 4.234538255134339,k 97.23059190316894
2025-04-27 02:00:32,557 - INFO - f_best_current 4.514308452606201,f_min 4.234538255134339
2025-04-27 02:00:32,557 - INFO - 回退,len(queue)=7
2025-04-27 02:00:41,089 - INFO - tree_node.f_best*ep:4.5174241065979,left_f_best5.051889896392822,right_f_best4.564919948577881,i:1
2025-04-27 02:00:49,838 - INFO - tree_node.f_best*ep:4.5174241065979,left_f_best5.033576011657715,right_f_best4.535667896270752,i:2
2025-04-27 02:00:59,197 - INFO - tree_node.f_best*ep:4.5174241065979,left_f_best5.0438737869262695,right_f_best4.533073902130127,i:3
2025-04-27 02:01:08,995 - INFO - tree_node.f_best*ep:4.5174241065979,left_f_best5.023354530334473,right_f_best4.519458293914795,i:4
2025-04-27 02:01:19,085 - INFO - tree_node.f_best*ep:4.5174241065979,left_f_best5.030227184295654,right_f_best4.525686740875244,i:5
2025-04-27 02:01:29,525 - INFO - tree_node.f_best*ep:4.5174241065979,left_f_best5.013639450073242,right_f_best4.507216930389404,i:6
2025-04-27 02:01:54,024 - INFO - 添加左子节点，右子节点，len(queue):9
2025-04-27 02:01:54,024 - INFO - Node 1: k=445.6791962769645, f_best=4.5509819984436035, f_min=3.729373360198224
2025-04-27 02:01:54,024 - INFO - Node 2: k=70.71620864912089, f_best=5.060927867889404, f_min=4.048274990042955
2025-04-27 02:01:54,024 - INFO - Node 3: k=162.44012447492673, f_best=4.544341564178467, f_min=2.96446739918656
2025-04-27 02:01:54,024 - INFO - Node 4: k=83.74951927304701, f_best=5.068347930908203, f_min=4.718272976027492
2025-04-27 02:01:54,024 - INFO - Node 5: k=144.76310207994476, f_best=4.534186363220215, f_min=4.417446333626685
2025-04-27 02:01:54,024 - INFO - Node 6: k=163.12268686323117, f_best=5.036981105804443, f_min=4.273474260973671
2025-04-27 02:01:54,024 - INFO - Node 7: k=127.19792355230435, f_best=4.524176597595215, f_min=3.9564199355581877
2025-04-27 02:01:54,024 - INFO - Node 8: k=75.06668045514655, f_best=5.041429042816162, f_min=3.619635861104598
2025-04-27 02:01:54,024 - INFO - Node 9: k=116.30212706449583, f_best=4.523777484893799, f_min=4.465081446379372
2025-04-27 02:01:54,024 - INFO - Node 10: k=72.8589804873979, f_best=5.024846076965332, f_min=4.673800677554482
2025-04-27 02:01:54,024 - INFO - Node 11: k=115.15062085593647, f_best=4.520740985870361, f_min=4.432956862120591
2025-04-27 02:01:54,024 - INFO - Node 12: k=82.09932288309676, f_best=5.024535179138184, f_min=4.6855023550233454
2025-04-27 02:01:54,024 - INFO - Node 13: k=111.76405813052347, f_best=4.518980979919434, f_min=4.140926470867271
2025-04-27 02:01:54,024 - INFO - Node 14: k=127.19792355230435, f_best=5.0219645500183105, f_min=4.9110701433946815
2025-04-27 02:01:54,024 - INFO - Node 15: k=97.23059190316894, f_best=4.5174241065979, f_min=3.8585724874660627
2025-04-27 02:01:54,024 - INFO - Node 16: k=54.59630486410744, f_best=5.013639450073242, f_min=4.869949979708508
2025-04-27 02:01:54,024 - INFO - Node 17: k=95.31476512417306, f_best=4.507216930389404, f_min=4.4175691402037955
2025-04-27 02:01:54,024 - INFO - cur_node_number 41,f_best 4.507216930389404,f_min 4.4175691402037955,k 95.31476512417306
2025-04-27 02:01:54,024 - INFO - f_best_current 4.507216930389404,f_min 4.4175691402037955
2025-04-27 02:02:02,403 - INFO - tree_node.f_best*ep:4.507216930389404,left_f_best5.03641939163208,right_f_best4.5367817878723145,i:1
2025-04-27 02:02:11,313 - INFO - tree_node.f_best*ep:4.507216930389404,left_f_best5.047770023345947,right_f_best4.537231922149658,i:2
2025-04-27 02:02:20,577 - INFO - tree_node.f_best*ep:4.507216930389404,left_f_best5.0323333740234375,right_f_best4.529532432556152,i:3
2025-04-27 02:02:30,607 - INFO - tree_node.f_best*ep:4.507216930389404,left_f_best5.029486656188965,right_f_best4.526675224304199,i:4
2025-04-27 02:02:40,986 - INFO - tree_node.f_best*ep:4.507216930389404,left_f_best5.0248613357543945,right_f_best4.515075206756592,i:5
2025-04-27 02:02:51,498 - INFO - tree_node.f_best*ep:4.507216930389404,left_f_best5.022341251373291,right_f_best4.517179012298584,i:6
2025-04-27 02:03:02,010 - INFO - tree_node.f_best*ep:4.507216930389404,left_f_best5.011892795562744,right_f_best4.510307788848877,i:7
2025-04-27 02:03:13,085 - INFO - tree_node.f_best*ep:4.507216930389404,left_f_best5.012689113616943,right_f_best4.506894111633301,i:8
2025-04-27 02:03:38,618 - INFO - 添加左子节点，右子节点，len(queue):10
2025-04-27 02:03:38,618 - INFO - Node 1: k=445.6791962769645, f_best=4.5509819984436035, f_min=3.729373360198224
2025-04-27 02:03:38,618 - INFO - Node 2: k=70.71620864912089, f_best=5.060927867889404, f_min=4.048274990042955
2025-04-27 02:03:38,618 - INFO - Node 3: k=162.44012447492673, f_best=4.544341564178467, f_min=2.96446739918656
2025-04-27 02:03:38,618 - INFO - Node 4: k=83.74951927304701, f_best=5.068347930908203, f_min=4.718272976027492
2025-04-27 02:03:38,618 - INFO - Node 5: k=144.76310207994476, f_best=4.534186363220215, f_min=4.417446333626685
2025-04-27 02:03:38,618 - INFO - Node 6: k=163.12268686323117, f_best=5.036981105804443, f_min=4.273474260973671
2025-04-27 02:03:38,618 - INFO - Node 7: k=127.19792355230435, f_best=4.524176597595215, f_min=3.9564199355581877
2025-04-27 02:03:38,618 - INFO - Node 8: k=75.06668045514655, f_best=5.041429042816162, f_min=3.619635861104598
2025-04-27 02:03:38,618 - INFO - Node 9: k=116.30212706449583, f_best=4.523777484893799, f_min=4.465081446379372
2025-04-27 02:03:38,618 - INFO - Node 10: k=72.8589804873979, f_best=5.024846076965332, f_min=4.673800677554482
2025-04-27 02:03:38,618 - INFO - Node 11: k=115.15062085593647, f_best=4.520740985870361, f_min=4.432956862120591
2025-04-27 02:03:38,618 - INFO - Node 12: k=82.09932288309676, f_best=5.024535179138184, f_min=4.6855023550233454
2025-04-27 02:03:38,618 - INFO - Node 13: k=111.76405813052347, f_best=4.518980979919434, f_min=4.140926470867271
2025-04-27 02:03:38,618 - INFO - Node 14: k=127.19792355230435, f_best=5.0219645500183105, f_min=4.9110701433946815
2025-04-27 02:03:38,618 - INFO - Node 15: k=97.23059190316894, f_best=4.5174241065979, f_min=3.8585724874660627
2025-04-27 02:03:38,618 - INFO - Node 16: k=54.59630486410744, f_best=5.013639450073242, f_min=4.869949979708508
2025-04-27 02:03:38,618 - INFO - Node 17: k=95.31476512417306, f_best=4.507216930389404, f_min=4.4175691402037955
2025-04-27 02:03:38,618 - INFO - Node 18: k=85.43288461043527, f_best=5.012689113616943, f_min=4.976518930422117
2025-04-27 02:03:38,618 - INFO - Node 19: k=66.61786741314666, f_best=4.506894111633301, f_min=4.243579302840772
2025-04-27 02:03:38,634 - INFO - cur_node_number 42,f_best 4.506894111633301,f_min 4.243579302840772,k 66.61786741314666
2025-04-27 02:03:38,634 - INFO - f_best_current 4.506894111633301,f_min 4.243579302840772
2025-04-27 02:03:47,362 - INFO - tree_node.f_best*ep:4.506894111633301,left_f_best5.050510883331299,right_f_best4.547623634338379,i:1
2025-04-27 02:03:56,517 - INFO - tree_node.f_best*ep:4.506894111633301,left_f_best5.044068813323975,right_f_best4.5322160720825195,i:2
2025-04-27 02:04:05,982 - INFO - tree_node.f_best*ep:4.506894111633301,left_f_best5.0431718826293945,right_f_best4.537503719329834,i:3
2025-04-27 02:04:15,421 - INFO - tree_node.f_best*ep:4.506894111633301,left_f_best5.029665470123291,right_f_best4.521543025970459,i:4
2025-04-27 02:04:25,050 - INFO - tree_node.f_best*ep:4.506894111633301,left_f_best5.0271220207214355,right_f_best4.519311428070068,i:5
2025-04-27 02:04:35,315 - INFO - tree_node.f_best*ep:4.506894111633301,left_f_best5.026956558227539,right_f_best4.544046401977539,i:6
2025-04-27 02:04:46,480 - INFO - tree_node.f_best*ep:4.506894111633301,left_f_best5.021188735961914,right_f_best4.514497756958008,i:7
2025-04-27 02:04:58,167 - INFO - tree_node.f_best*ep:4.506894111633301,left_f_best5.011434078216553,right_f_best4.513827800750732,i:8
2025-04-27 02:05:10,103 - INFO - tree_node.f_best*ep:4.506894111633301,left_f_best5.014333724975586,right_f_best4.506599426269531,i:9
2025-04-27 02:05:37,723 - INFO - 添加左子节点，右子节点，len(queue):11
2025-04-27 02:05:37,723 - INFO - Node 1: k=445.6791962769645, f_best=4.5509819984436035, f_min=3.729373360198224
2025-04-27 02:05:37,723 - INFO - Node 2: k=70.71620864912089, f_best=5.060927867889404, f_min=4.048274990042955
2025-04-27 02:05:37,723 - INFO - Node 3: k=162.44012447492673, f_best=4.544341564178467, f_min=2.96446739918656
2025-04-27 02:05:37,723 - INFO - Node 4: k=83.74951927304701, f_best=5.068347930908203, f_min=4.718272976027492
2025-04-27 02:05:37,723 - INFO - Node 5: k=144.76310207994476, f_best=4.534186363220215, f_min=4.417446333626685
2025-04-27 02:05:37,723 - INFO - Node 6: k=163.12268686323117, f_best=5.036981105804443, f_min=4.273474260973671
2025-04-27 02:05:37,723 - INFO - Node 7: k=127.19792355230435, f_best=4.524176597595215, f_min=3.9564199355581877
2025-04-27 02:05:37,723 - INFO - Node 8: k=75.06668045514655, f_best=5.041429042816162, f_min=3.619635861104598
2025-04-27 02:05:37,723 - INFO - Node 9: k=116.30212706449583, f_best=4.523777484893799, f_min=4.465081446379372
2025-04-27 02:05:37,723 - INFO - Node 10: k=72.8589804873979, f_best=5.024846076965332, f_min=4.673800677554482
2025-04-27 02:05:37,723 - INFO - Node 11: k=115.15062085593647, f_best=4.520740985870361, f_min=4.432956862120591
2025-04-27 02:05:37,723 - INFO - Node 12: k=82.09932288309676, f_best=5.024535179138184, f_min=4.6855023550233454
2025-04-27 02:05:37,723 - INFO - Node 13: k=111.76405813052347, f_best=4.518980979919434, f_min=4.140926470867271
2025-04-27 02:05:37,723 - INFO - Node 14: k=127.19792355230435, f_best=5.0219645500183105, f_min=4.9110701433946815
2025-04-27 02:05:37,723 - INFO - Node 15: k=97.23059190316894, f_best=4.5174241065979, f_min=3.8585724874660627
2025-04-27 02:05:37,723 - INFO - Node 16: k=54.59630486410744, f_best=5.013639450073242, f_min=4.869949979708508
2025-04-27 02:05:37,723 - INFO - Node 17: k=95.31476512417306, f_best=4.507216930389404, f_min=4.4175691402037955
2025-04-27 02:05:37,723 - INFO - Node 18: k=85.43288461043527, f_best=5.012689113616943, f_min=4.976518930422117
2025-04-27 02:05:37,723 - INFO - Node 19: k=66.61786741314666, f_best=4.506894111633301, f_min=4.243579302840772
2025-04-27 02:05:37,738 - INFO - Node 20: k=141.91069706886066, f_best=5.014333724975586, f_min=3.8222528977958063
2025-04-27 02:05:37,738 - INFO - Node 21: k=65.95828456747194, f_best=4.506599426269531, f_min=4.497364899167678
2025-04-27 02:05:37,738 - INFO - cur_node_number 43,f_best 4.506599426269531,f_min 4.497364899167678,k 65.95828456747194
2025-04-27 02:05:37,738 - INFO - f_best_current 4.506599426269531,f_min 4.497364899167678
2025-04-27 02:05:37,738 - INFO - 结束,fmin= 4.497364899167678, fbestmin=4.506599426269531
