2025-04-27 04:25:27,176 - INFO - Namespace(log_file='outputs/dnn1/img[6]/max/DNN1img6_label5.log', image_path='img[6].png', model_path='network/SimpleNN14.pth', label=5, init_epsilon=0.05, epsilon=0.01, ep=1, min=0)
2025-04-27 04:25:27,191 - INFO - Model output max(1): torch.return_types.max(
values=tensor([9.9357], grad_fn=<MaxBackward0>),
indices=tensor([6]))
2025-04-27 04:25:30,544 - INFO - cur_node_number 1,f_best -2.930102825164795,f_min -4.028203676934936,k 415.37662175695266
2025-04-27 04:25:30,544 - INFO - f_best_current -2.930102825164795,f_min -4.028203676934936
2025-04-27 04:25:35,831 - INFO - tree_node.f_best*ep:-2.930102825164795,left_f_best-2.046546459197998,right_f_best-2.9674243927001953,i:1
2025-04-27 04:25:52,567 - INFO - 添加左子节点，右子节点，len(queue):2
2025-04-27 04:25:52,567 - INFO - Node 1: k=415.37662175695266, f_best=-2.930102825164795, f_min=-4.028203676934936
2025-04-27 04:25:52,567 - INFO - Node 2: k=150.4807199099421, f_best=-2.046546459197998, f_min=-2.4285936068745286
2025-04-27 04:25:52,567 - INFO - Node 3: k=176.45047863914257, f_best=-2.9674243927001953, f_min=-3.3642135211221103
2025-04-27 04:25:52,567 - INFO - cur_node_number 2,f_best -2.9674243927001953,f_min -3.3642135211221103,k 176.45047863914257
2025-04-27 04:25:52,567 - INFO - f_best_current -2.9674243927001953,f_min -3.3642135211221103
2025-04-27 04:25:57,862 - INFO - tree_node.f_best*ep:-2.9674243927001953,left_f_best-2.0608372688293457,right_f_best-2.975304365158081,i:1
2025-04-27 04:26:15,174 - INFO - 添加左子节点，右子节点，len(queue):3
2025-04-27 04:26:15,174 - INFO - Node 1: k=415.37662175695266, f_best=-2.930102825164795, f_min=-4.028203676934936
2025-04-27 04:26:15,174 - INFO - Node 2: k=150.4807199099421, f_best=-2.046546459197998, f_min=-2.4285936068745286
2025-04-27 04:26:15,174 - INFO - Node 3: k=176.45047863914257, f_best=-2.9674243927001953, f_min=-3.3642135211221103
2025-04-27 04:26:15,174 - INFO - Node 4: k=181.79710459238723, f_best=-2.0608372688293457, f_min=-3.8527394445973187
2025-04-27 04:26:15,174 - INFO - Node 5: k=137.01478814486555, f_best=-2.975304365158081, f_min=-4.696647928362836
2025-04-27 04:26:15,174 - INFO - cur_node_number 3,f_best -2.975304365158081,f_min -4.696647928362836,k 137.01478814486555
2025-04-27 04:26:15,174 - INFO - f_best_current -2.975304365158081,f_min -4.696647928362836
2025-04-27 04:26:20,469 - INFO - tree_node.f_best*ep:-2.975304365158081,left_f_best-2.0534517765045166,right_f_best-2.9781103134155273,i:1
2025-04-27 04:26:37,842 - INFO - 添加左子节点，右子节点，len(queue):4
2025-04-27 04:26:37,842 - INFO - Node 1: k=415.37662175695266, f_best=-2.930102825164795, f_min=-4.028203676934936
2025-04-27 04:26:37,842 - INFO - Node 2: k=150.4807199099421, f_best=-2.046546459197998, f_min=-2.4285936068745286
2025-04-27 04:26:37,842 - INFO - Node 3: k=176.45047863914257, f_best=-2.9674243927001953, f_min=-3.3642135211221103
2025-04-27 04:26:37,842 - INFO - Node 4: k=181.79710459238723, f_best=-2.0608372688293457, f_min=-3.8527394445973187
2025-04-27 04:26:37,842 - INFO - Node 5: k=137.01478814486555, f_best=-2.975304365158081, f_min=-4.696647928362836
2025-04-27 04:26:37,842 - INFO - Node 6: k=179.99713325978934, f_best=-2.0534517765045166, f_min=-2.1551529365533497
2025-04-27 04:26:37,842 - INFO - Node 7: k=162.26722076358823, f_best=-2.9781103134155273, f_min=-6.471076738196643
2025-04-27 04:26:37,842 - INFO - cur_node_number 4,f_best -2.9781103134155273,f_min -6.471076738196643,k 162.26722076358823
2025-04-27 04:26:37,842 - INFO - f_best_current -2.9781103134155273,f_min -6.471076738196643
2025-04-27 04:26:37,842 - INFO - 回退,len(queue)=2
2025-04-27 04:26:43,039 - INFO - tree_node.f_best*ep:-2.975304365158081,left_f_best-2.061519145965576,right_f_best-2.950838565826416,i:1
2025-04-27 04:26:48,512 - INFO - tree_node.f_best*ep:-2.975304365158081,left_f_best-2.076961040496826,right_f_best-2.98252534866333,i:2
2025-04-27 04:27:06,098 - INFO - 添加左子节点，右子节点，len(queue):4
2025-04-27 04:27:06,098 - INFO - Node 1: k=415.37662175695266, f_best=-2.930102825164795, f_min=-4.028203676934936
2025-04-27 04:27:06,098 - INFO - Node 2: k=150.4807199099421, f_best=-2.046546459197998, f_min=-2.4285936068745286
2025-04-27 04:27:06,098 - INFO - Node 3: k=176.45047863914257, f_best=-2.9674243927001953, f_min=-3.3642135211221103
2025-04-27 04:27:06,098 - INFO - Node 4: k=181.79710459238723, f_best=-2.0608372688293457, f_min=-3.8527394445973187
2025-04-27 04:27:06,098 - INFO - Node 5: k=162.26722076358823, f_best=-2.975304365158081, f_min=-4.696647928362836
2025-04-27 04:27:06,098 - INFO - Node 6: k=137.59051499395207, f_best=-2.076961040496826, f_min=-2.5268265568383868
2025-04-27 04:27:06,098 - INFO - Node 7: k=174.70344419717085, f_best=-2.98252534866333, f_min=-4.111265871017167
2025-04-27 04:27:06,098 - INFO - cur_node_number 5,f_best -2.98252534866333,f_min -4.111265871017167,k 174.70344419717085
2025-04-27 04:27:06,098 - INFO - f_best_current -2.98252534866333,f_min -4.111265871017167
2025-04-27 04:27:06,098 - INFO - 回退,len(queue)=2
2025-04-27 04:27:11,425 - INFO - tree_node.f_best*ep:-2.975304365158081,left_f_best-2.0815343856811523,right_f_best-2.9780707359313965,i:1
2025-04-27 04:27:28,143 - INFO - 添加左子节点，右子节点，len(queue):4
2025-04-27 04:27:28,143 - INFO - Node 1: k=415.37662175695266, f_best=-2.930102825164795, f_min=-4.028203676934936
2025-04-27 04:27:28,143 - INFO - Node 2: k=150.4807199099421, f_best=-2.046546459197998, f_min=-2.4285936068745286
2025-04-27 04:27:28,143 - INFO - Node 3: k=176.45047863914257, f_best=-2.9674243927001953, f_min=-3.3642135211221103
2025-04-27 04:27:28,143 - INFO - Node 4: k=181.79710459238723, f_best=-2.0608372688293457, f_min=-3.8527394445973187
2025-04-27 04:27:28,143 - INFO - Node 5: k=174.70344419717085, f_best=-2.975304365158081, f_min=-4.696647928362836
2025-04-27 04:27:28,143 - INFO - Node 6: k=132.22178049645618, f_best=-2.0815343856811523, f_min=-2.9028396465455444
2025-04-27 04:27:28,143 - INFO - Node 7: k=166.22433266032843, f_best=-2.9780707359313965, f_min=-3.186080444581421
2025-04-27 04:27:28,143 - INFO - cur_node_number 6,f_best -2.9780707359313965,f_min -3.186080444581421,k 166.22433266032843
2025-04-27 04:27:28,143 - INFO - f_best_current -2.9780707359313965,f_min -3.186080444581421
2025-04-27 04:27:33,268 - INFO - tree_node.f_best*ep:-2.9780707359313965,left_f_best-2.0523805618286133,right_f_best-2.947920322418213,i:1
2025-04-27 04:27:38,667 - INFO - tree_node.f_best*ep:-2.9780707359313965,left_f_best-2.072300910949707,right_f_best-2.9996583461761475,i:2
2025-04-27 04:27:57,041 - INFO - 添加左子节点，右子节点，len(queue):5
2025-04-27 04:27:57,041 - INFO - Node 1: k=415.37662175695266, f_best=-2.930102825164795, f_min=-4.028203676934936
2025-04-27 04:27:57,041 - INFO - Node 2: k=150.4807199099421, f_best=-2.046546459197998, f_min=-2.4285936068745286
2025-04-27 04:27:57,041 - INFO - Node 3: k=176.45047863914257, f_best=-2.9674243927001953, f_min=-3.3642135211221103
2025-04-27 04:27:57,041 - INFO - Node 4: k=181.79710459238723, f_best=-2.0608372688293457, f_min=-3.8527394445973187
2025-04-27 04:27:57,041 - INFO - Node 5: k=174.70344419717085, f_best=-2.975304365158081, f_min=-4.696647928362836
2025-04-27 04:27:57,041 - INFO - Node 6: k=132.22178049645618, f_best=-2.0815343856811523, f_min=-2.9028396465455444
2025-04-27 04:27:57,041 - INFO - Node 7: k=166.22433266032843, f_best=-2.9780707359313965, f_min=-3.186080444581421
2025-04-27 04:27:57,041 - INFO - Node 8: k=187.30573865864116, f_best=-2.072300910949707, f_min=-8.705819067088669
2025-04-27 04:27:57,041 - INFO - Node 9: k=156.5908405659726, f_best=-2.9996583461761475, f_min=-4.81648578495151
2025-04-27 04:27:57,041 - INFO - cur_node_number 7,f_best -2.9996583461761475,f_min -4.81648578495151,k 156.5908405659726
2025-04-27 04:27:57,041 - INFO - f_best_current -2.9996583461761475,f_min -4.81648578495151
2025-04-27 04:28:02,345 - INFO - tree_node.f_best*ep:-2.9996583461761475,left_f_best-2.0588297843933105,right_f_best-2.9841487407684326,i:1
2025-04-27 04:28:07,830 - INFO - tree_node.f_best*ep:-2.9996583461761475,left_f_best-2.0568385124206543,right_f_best-2.9840071201324463,i:2
2025-04-27 04:28:13,607 - INFO - tree_node.f_best*ep:-2.9996583461761475,left_f_best-2.0560173988342285,right_f_best-3.018510341644287,i:3
2025-04-27 04:28:30,822 - INFO - 添加左子节点，右子节点，len(queue):6
2025-04-27 04:28:30,822 - INFO - Node 1: k=415.37662175695266, f_best=-2.930102825164795, f_min=-4.028203676934936
2025-04-27 04:28:30,822 - INFO - Node 2: k=150.4807199099421, f_best=-2.046546459197998, f_min=-2.4285936068745286
2025-04-27 04:28:30,822 - INFO - Node 3: k=176.45047863914257, f_best=-2.9674243927001953, f_min=-3.3642135211221103
2025-04-27 04:28:30,822 - INFO - Node 4: k=181.79710459238723, f_best=-2.0608372688293457, f_min=-3.8527394445973187
2025-04-27 04:28:30,822 - INFO - Node 5: k=174.70344419717085, f_best=-2.975304365158081, f_min=-4.696647928362836
2025-04-27 04:28:30,822 - INFO - Node 6: k=132.22178049645618, f_best=-2.0815343856811523, f_min=-2.9028396465455444
2025-04-27 04:28:30,822 - INFO - Node 7: k=166.22433266032843, f_best=-2.9780707359313965, f_min=-3.186080444581421
2025-04-27 04:28:30,822 - INFO - Node 8: k=187.30573865864116, f_best=-2.072300910949707, f_min=-8.705819067088669
2025-04-27 04:28:30,822 - INFO - Node 9: k=156.5908405659726, f_best=-2.9996583461761475, f_min=-4.81648578495151
2025-04-27 04:28:30,822 - INFO - Node 10: k=146.05510419764914, f_best=-2.0560173988342285, f_min=-3.1571647435603154
2025-04-27 04:28:30,822 - INFO - Node 11: k=167.88657598693172, f_best=-3.018510341644287, f_min=-3.924373507420569
2025-04-27 04:28:30,822 - INFO - cur_node_number 8,f_best -3.018510341644287,f_min -3.924373507420569,k 167.88657598693172
2025-04-27 04:28:30,822 - INFO - f_best_current -3.018510341644287,f_min -3.924373507420569
2025-04-27 04:28:30,822 - INFO - 回退,len(queue)=4
2025-04-27 04:28:30,822 - INFO - 回退,len(queue)=3
2025-04-27 04:28:35,879 - INFO - tree_node.f_best*ep:-2.9780707359313965,left_f_best-2.0521903038024902,right_f_best-2.9629499912261963,i:1
2025-04-27 04:28:41,213 - INFO - tree_node.f_best*ep:-2.9780707359313965,left_f_best-2.075946807861328,right_f_best-2.988619327545166,i:2
2025-04-27 04:28:57,217 - INFO - 添加左子节点，右子节点，len(queue):5
2025-04-27 04:28:57,217 - INFO - Node 1: k=415.37662175695266, f_best=-2.930102825164795, f_min=-4.028203676934936
2025-04-27 04:28:57,217 - INFO - Node 2: k=150.4807199099421, f_best=-2.046546459197998, f_min=-2.4285936068745286
2025-04-27 04:28:57,217 - INFO - Node 3: k=176.45047863914257, f_best=-2.9674243927001953, f_min=-3.3642135211221103
2025-04-27 04:28:57,217 - INFO - Node 4: k=181.79710459238723, f_best=-2.0608372688293457, f_min=-3.8527394445973187
2025-04-27 04:28:57,217 - INFO - Node 5: k=174.70344419717085, f_best=-2.975304365158081, f_min=-4.696647928362836
2025-04-27 04:28:57,217 - INFO - Node 6: k=132.22178049645618, f_best=-2.0815343856811523, f_min=-2.9028396465455444
2025-04-27 04:28:57,217 - INFO - Node 7: k=167.88657598693172, f_best=-2.9780707359313965, f_min=-3.186080444581421
2025-04-27 04:28:57,217 - INFO - Node 8: k=127.06253216961576, f_best=-2.075946807861328, f_min=-2.9104660018128925
2025-04-27 04:28:57,217 - INFO - Node 9: k=134.3150555287379, f_best=-2.988619327545166, f_min=-3.1091935207477945
2025-04-27 04:28:57,217 - INFO - cur_node_number 9,f_best -2.988619327545166,f_min -3.1091935207477945,k 134.3150555287379
2025-04-27 04:28:57,217 - INFO - f_best_current -2.988619327545166,f_min -3.1091935207477945
2025-04-27 04:29:02,507 - INFO - tree_node.f_best*ep:-2.988619327545166,left_f_best-2.0517802238464355,right_f_best-2.971747398376465,i:1
2025-04-27 04:29:07,947 - INFO - tree_node.f_best*ep:-2.988619327545166,left_f_best-2.076949119567871,right_f_best-2.9931843280792236,i:2
2025-04-27 04:29:27,201 - INFO - 添加左子节点，右子节点，len(queue):6
2025-04-27 04:29:27,201 - INFO - Node 1: k=415.37662175695266, f_best=-2.930102825164795, f_min=-4.028203676934936
2025-04-27 04:29:27,201 - INFO - Node 2: k=150.4807199099421, f_best=-2.046546459197998, f_min=-2.4285936068745286
2025-04-27 04:29:27,201 - INFO - Node 3: k=176.45047863914257, f_best=-2.9674243927001953, f_min=-3.3642135211221103
2025-04-27 04:29:27,201 - INFO - Node 4: k=181.79710459238723, f_best=-2.0608372688293457, f_min=-3.8527394445973187
2025-04-27 04:29:27,201 - INFO - Node 5: k=174.70344419717085, f_best=-2.975304365158081, f_min=-4.696647928362836
2025-04-27 04:29:27,201 - INFO - Node 6: k=132.22178049645618, f_best=-2.0815343856811523, f_min=-2.9028396465455444
2025-04-27 04:29:27,201 - INFO - Node 7: k=167.88657598693172, f_best=-2.9780707359313965, f_min=-3.186080444581421
2025-04-27 04:29:27,201 - INFO - Node 8: k=127.06253216961576, f_best=-2.075946807861328, f_min=-2.9104660018128925
2025-04-27 04:29:27,201 - INFO - Node 9: k=134.3150555287379, f_best=-2.988619327545166, f_min=-3.1091935207477945
2025-04-27 04:29:27,201 - INFO - Node 10: k=208.97108377021212, f_best=-2.076949119567871, f_min=-2.114534279116924
2025-04-27 04:29:27,201 - INFO - Node 11: k=211.06079460791423, f_best=-2.9931843280792236, f_min=-4.782805859082146
2025-04-27 04:29:27,201 - INFO - cur_node_number 10,f_best -2.9931843280792236,f_min -4.782805859082146,k 211.06079460791423
2025-04-27 04:29:27,201 - INFO - f_best_current -2.9931843280792236,f_min -4.782805859082146
2025-04-27 04:29:27,201 - INFO - 回退,len(queue)=4
2025-04-27 04:29:27,201 - INFO - 回退,len(queue)=3
2025-04-27 04:29:27,201 - INFO - 回退,len(queue)=2
2025-04-27 04:29:27,201 - INFO - 回退,len(queue)=1
2025-04-27 04:29:32,410 - INFO - tree_node.f_best*ep:-2.9674243927001953,left_f_best-2.0556998252868652,right_f_best-2.9691526889801025,i:1
2025-04-27 04:29:47,768 - INFO - 添加左子节点，右子节点，len(queue):3
2025-04-27 04:29:47,768 - INFO - Node 1: k=415.37662175695266, f_best=-2.930102825164795, f_min=-4.028203676934936
2025-04-27 04:29:47,768 - INFO - Node 2: k=150.4807199099421, f_best=-2.046546459197998, f_min=-2.4285936068745286
2025-04-27 04:29:47,768 - INFO - Node 3: k=211.06079460791423, f_best=-2.9674243927001953, f_min=-3.3642135211221103
2025-04-27 04:29:47,768 - INFO - Node 4: k=169.56544174680104, f_best=-2.0556998252868652, f_min=-2.4291638700951808
2025-04-27 04:29:47,768 - INFO - Node 5: k=103.10237190758744, f_best=-2.9691526889801025, f_min=-3.1948504537172084
2025-04-27 04:29:47,768 - INFO - cur_node_number 11,f_best -2.9691526889801025,f_min -3.1948504537172084,k 103.10237190758744
2025-04-27 04:29:47,768 - INFO - f_best_current -2.9691526889801025,f_min -3.1948504537172084
2025-04-27 04:29:53,027 - INFO - tree_node.f_best*ep:-2.9691526889801025,left_f_best-2.0672450065612793,right_f_best-2.9846980571746826,i:1
2025-04-27 04:30:09,799 - INFO - 添加左子节点，右子节点，len(queue):4
2025-04-27 04:30:09,799 - INFO - Node 1: k=415.37662175695266, f_best=-2.930102825164795, f_min=-4.028203676934936
2025-04-27 04:30:09,799 - INFO - Node 2: k=150.4807199099421, f_best=-2.046546459197998, f_min=-2.4285936068745286
2025-04-27 04:30:09,799 - INFO - Node 3: k=211.06079460791423, f_best=-2.9674243927001953, f_min=-3.3642135211221103
2025-04-27 04:30:09,799 - INFO - Node 4: k=169.56544174680104, f_best=-2.0556998252868652, f_min=-2.4291638700951808
2025-04-27 04:30:09,799 - INFO - Node 5: k=103.10237190758744, f_best=-2.9691526889801025, f_min=-3.1948504537172084
2025-04-27 04:30:09,799 - INFO - Node 6: k=181.79710459238723, f_best=-2.0672450065612793, f_min=-5.862584671118384
2025-04-27 04:30:09,799 - INFO - Node 7: k=120.38976989012882, f_best=-2.9846980571746826, f_min=-3.6658799025135522
2025-04-27 04:30:09,799 - INFO - cur_node_number 12,f_best -2.9846980571746826,f_min -3.6658799025135522,k 120.38976989012882
2025-04-27 04:30:09,799 - INFO - f_best_current -2.9846980571746826,f_min -3.6658799025135522
2025-04-27 04:30:09,799 - INFO - 回退,len(queue)=2
2025-04-27 04:30:15,089 - INFO - tree_node.f_best*ep:-2.9691526889801025,left_f_best-2.044053077697754,right_f_best-2.9482131004333496,i:1
2025-04-27 04:30:20,614 - INFO - tree_node.f_best*ep:-2.9691526889801025,left_f_best-2.025017261505127,right_f_best-2.996647834777832,i:2
2025-04-27 04:30:35,558 - INFO - 添加左子节点，右子节点，len(queue):4
2025-04-27 04:30:35,558 - INFO - Node 1: k=415.37662175695266, f_best=-2.930102825164795, f_min=-4.028203676934936
2025-04-27 04:30:35,558 - INFO - Node 2: k=150.4807199099421, f_best=-2.046546459197998, f_min=-2.4285936068745286
2025-04-27 04:30:35,558 - INFO - Node 3: k=211.06079460791423, f_best=-2.9674243927001953, f_min=-3.3642135211221103
2025-04-27 04:30:35,558 - INFO - Node 4: k=169.56544174680104, f_best=-2.0556998252868652, f_min=-2.4291638700951808
2025-04-27 04:30:35,558 - INFO - Node 5: k=120.38976989012882, f_best=-2.9691526889801025, f_min=-3.1948504537172084
2025-04-27 04:30:35,558 - INFO - Node 6: k=109.44524535466255, f_best=-2.025017261505127, f_min=-2.150809422988459
2025-04-27 04:30:35,558 - INFO - Node 7: k=134.87943828443494, f_best=-2.996647834777832, f_min=-3.0300496068493885
2025-04-27 04:30:35,558 - INFO - cur_node_number 13,f_best -2.996647834777832,f_min -3.0300496068493885,k 134.87943828443494
2025-04-27 04:30:35,558 - INFO - f_best_current -2.996647834777832,f_min -3.0300496068493885
2025-04-27 04:30:35,558 - INFO - 回退,len(queue)=2
2025-04-27 04:30:40,829 - INFO - tree_node.f_best*ep:-2.9691526889801025,left_f_best-2.0564088821411133,right_f_best-2.992194890975952,i:1
2025-04-27 04:30:58,151 - INFO - 添加左子节点，右子节点，len(queue):4
2025-04-27 04:30:58,151 - INFO - Node 1: k=415.37662175695266, f_best=-2.930102825164795, f_min=-4.028203676934936
2025-04-27 04:30:58,151 - INFO - Node 2: k=150.4807199099421, f_best=-2.046546459197998, f_min=-2.4285936068745286
2025-04-27 04:30:58,151 - INFO - Node 3: k=211.06079460791423, f_best=-2.9674243927001953, f_min=-3.3642135211221103
2025-04-27 04:30:58,151 - INFO - Node 4: k=169.56544174680104, f_best=-2.0556998252868652, f_min=-2.4291638700951808
2025-04-27 04:30:58,151 - INFO - Node 5: k=134.87943828443494, f_best=-2.9691526889801025, f_min=-3.1948504537172084
2025-04-27 04:30:58,151 - INFO - Node 6: k=143.17724164067164, f_best=-2.0564088821411133, f_min=-2.3215815872172243
2025-04-27 04:30:58,151 - INFO - Node 7: k=182.84676592636134, f_best=-2.992194890975952, f_min=-3.69494512800793
2025-04-27 04:30:58,151 - INFO - cur_node_number 14,f_best -2.992194890975952,f_min -3.69494512800793,k 182.84676592636134
2025-04-27 04:30:58,151 - INFO - f_best_current -2.992194890975952,f_min -3.69494512800793
2025-04-27 04:30:58,151 - INFO - 回退,len(queue)=2
2025-04-27 04:31:03,489 - INFO - tree_node.f_best*ep:-2.9691526889801025,left_f_best-2.043591022491455,right_f_best-2.973681926727295,i:1
2025-04-27 04:31:21,728 - INFO - 添加左子节点，右子节点，len(queue):4
2025-04-27 04:31:21,728 - INFO - Node 1: k=415.37662175695266, f_best=-2.930102825164795, f_min=-4.028203676934936
2025-04-27 04:31:21,728 - INFO - Node 2: k=150.4807199099421, f_best=-2.046546459197998, f_min=-2.4285936068745286
2025-04-27 04:31:21,728 - INFO - Node 3: k=211.06079460791423, f_best=-2.9674243927001953, f_min=-3.3642135211221103
2025-04-27 04:31:21,728 - INFO - Node 4: k=169.56544174680104, f_best=-2.0556998252868652, f_min=-2.4291638700951808
2025-04-27 04:31:21,728 - INFO - Node 5: k=182.84676592636134, f_best=-2.9691526889801025, f_min=-3.1948504537172084
2025-04-27 04:31:21,728 - INFO - Node 6: k=213.17140255399337, f_best=-2.043591022491455, f_min=-5.32235389474863
2025-04-27 04:31:21,728 - INFO - Node 7: k=159.73831646134866, f_best=-2.973681926727295, f_min=-3.823830992495459
2025-04-27 04:31:21,728 - INFO - cur_node_number 15,f_best -2.973681926727295,f_min -3.823830992495459,k 159.73831646134866
2025-04-27 04:31:21,728 - INFO - f_best_current -2.973681926727295,f_min -3.823830992495459
2025-04-27 04:31:26,893 - INFO - tree_node.f_best*ep:-2.973681926727295,left_f_best-2.0513381958007812,right_f_best-2.98954176902771,i:1
2025-04-27 04:31:44,926 - INFO - 添加左子节点，右子节点，len(queue):5
2025-04-27 04:31:44,926 - INFO - Node 1: k=415.37662175695266, f_best=-2.930102825164795, f_min=-4.028203676934936
2025-04-27 04:31:44,926 - INFO - Node 2: k=150.4807199099421, f_best=-2.046546459197998, f_min=-2.4285936068745286
2025-04-27 04:31:44,926 - INFO - Node 3: k=211.06079460791423, f_best=-2.9674243927001953, f_min=-3.3642135211221103
2025-04-27 04:31:44,926 - INFO - Node 4: k=169.56544174680104, f_best=-2.0556998252868652, f_min=-2.4291638700951808
2025-04-27 04:31:44,926 - INFO - Node 5: k=182.84676592636134, f_best=-2.9691526889801025, f_min=-3.1948504537172084
2025-04-27 04:31:44,926 - INFO - Node 6: k=213.17140255399337, f_best=-2.043591022491455, f_min=-5.32235389474863
2025-04-27 04:31:44,926 - INFO - Node 7: k=159.73831646134866, f_best=-2.973681926727295, f_min=-3.823830992495459
2025-04-27 04:31:44,926 - INFO - Node 8: k=185.45122639469423, f_best=-2.0513381958007812, f_min=-4.261936829660044
2025-04-27 04:31:44,926 - INFO - Node 9: k=181.79710459238723, f_best=-2.98954176902771, f_min=-5.632721801379375
2025-04-27 04:31:44,926 - INFO - cur_node_number 16,f_best -2.98954176902771,f_min -5.632721801379375,k 181.79710459238723
2025-04-27 04:31:44,926 - INFO - f_best_current -2.98954176902771,f_min -5.632721801379375
2025-04-27 04:31:44,926 - INFO - 回退,len(queue)=3
2025-04-27 04:31:50,253 - INFO - tree_node.f_best*ep:-2.973681926727295,left_f_best-2.0558524131774902,right_f_best-2.959321975708008,i:1
2025-04-27 04:31:55,787 - INFO - tree_node.f_best*ep:-2.973681926727295,left_f_best-2.0673322677612305,right_f_best-3.0191965103149414,i:2
2025-04-27 04:32:13,716 - INFO - 添加左子节点，右子节点，len(queue):5
2025-04-27 04:32:13,716 - INFO - Node 1: k=415.37662175695266, f_best=-2.930102825164795, f_min=-4.028203676934936
2025-04-27 04:32:13,716 - INFO - Node 2: k=150.4807199099421, f_best=-2.046546459197998, f_min=-2.4285936068745286
2025-04-27 04:32:13,716 - INFO - Node 3: k=211.06079460791423, f_best=-2.9674243927001953, f_min=-3.3642135211221103
2025-04-27 04:32:13,716 - INFO - Node 4: k=169.56544174680104, f_best=-2.0556998252868652, f_min=-2.4291638700951808
2025-04-27 04:32:13,716 - INFO - Node 5: k=182.84676592636134, f_best=-2.9691526889801025, f_min=-3.1948504537172084
2025-04-27 04:32:13,716 - INFO - Node 6: k=213.17140255399337, f_best=-2.043591022491455, f_min=-5.32235389474863
2025-04-27 04:32:13,716 - INFO - Node 7: k=181.79710459238723, f_best=-2.973681926727295, f_min=-3.823830992495459
2025-04-27 04:32:13,716 - INFO - Node 8: k=174.70344419717085, f_best=-2.0673322677612305, f_min=-2.784188671672382
2025-04-27 04:32:13,716 - INFO - Node 9: k=198.82881590935236, f_best=-3.0191965103149414, f_min=-9.926421946227492
2025-04-27 04:32:13,716 - INFO - cur_node_number 17,f_best -3.0191965103149414,f_min -9.926421946227492,k 198.82881590935236
2025-04-27 04:32:13,716 - INFO - f_best_current -3.0191965103149414,f_min -9.926421946227492
2025-04-27 04:32:13,716 - INFO - 回退,len(queue)=3
2025-04-27 04:32:13,716 - INFO - 回退,len(queue)=2
2025-04-27 04:32:18,904 - INFO - tree_node.f_best*ep:-2.9691526889801025,left_f_best-2.068875312805176,right_f_best-2.9857516288757324,i:1
2025-04-27 04:32:36,565 - INFO - 添加左子节点，右子节点，len(queue):4
2025-04-27 04:32:36,565 - INFO - Node 1: k=415.37662175695266, f_best=-2.930102825164795, f_min=-4.028203676934936
2025-04-27 04:32:36,565 - INFO - Node 2: k=150.4807199099421, f_best=-2.046546459197998, f_min=-2.4285936068745286
2025-04-27 04:32:36,565 - INFO - Node 3: k=211.06079460791423, f_best=-2.9674243927001953, f_min=-3.3642135211221103
2025-04-27 04:32:36,565 - INFO - Node 4: k=169.56544174680104, f_best=-2.0556998252868652, f_min=-2.4291638700951808
2025-04-27 04:32:36,565 - INFO - Node 5: k=198.82881590935236, f_best=-2.9691526889801025, f_min=-3.1948504537172084
2025-04-27 04:32:36,565 - INFO - Node 6: k=181.79710459238723, f_best=-2.068875312805176, f_min=-2.889575681640963
2025-04-27 04:32:36,565 - INFO - Node 7: k=151.34956649334728, f_best=-2.9857516288757324, f_min=-3.823454199421576
2025-04-27 04:32:36,565 - INFO - cur_node_number 18,f_best -2.9857516288757324,f_min -3.823454199421576,k 151.34956649334728
2025-04-27 04:32:36,580 - INFO - f_best_current -2.9857516288757324,f_min -3.823454199421576
2025-04-27 04:32:41,847 - INFO - tree_node.f_best*ep:-2.9857516288757324,left_f_best-2.0654258728027344,right_f_best-3.0005412101745605,i:1
2025-04-27 04:32:58,743 - INFO - 添加左子节点，右子节点，len(queue):5
2025-04-27 04:32:58,743 - INFO - Node 1: k=415.37662175695266, f_best=-2.930102825164795, f_min=-4.028203676934936
2025-04-27 04:32:58,743 - INFO - Node 2: k=150.4807199099421, f_best=-2.046546459197998, f_min=-2.4285936068745286
2025-04-27 04:32:58,743 - INFO - Node 3: k=211.06079460791423, f_best=-2.9674243927001953, f_min=-3.3642135211221103
2025-04-27 04:32:58,743 - INFO - Node 4: k=169.56544174680104, f_best=-2.0556998252868652, f_min=-2.4291638700951808
2025-04-27 04:32:58,743 - INFO - Node 5: k=198.82881590935236, f_best=-2.9691526889801025, f_min=-3.1948504537172084
2025-04-27 04:32:58,743 - INFO - Node 6: k=181.79710459238723, f_best=-2.068875312805176, f_min=-2.889575681640963
2025-04-27 04:32:58,743 - INFO - Node 7: k=151.34956649334728, f_best=-2.9857516288757324, f_min=-3.823454199421576
2025-04-27 04:32:58,743 - INFO - Node 8: k=166.22433266032843, f_best=-2.0654258728027344, f_min=-4.459185314371098
2025-04-27 04:32:58,743 - INFO - Node 9: k=144.60901405707835, f_best=-3.0005412101745605, f_min=-3.2390911282318484
2025-04-27 04:32:58,743 - INFO - cur_node_number 19,f_best -3.0005412101745605,f_min -3.2390911282318484,k 144.60901405707835
2025-04-27 04:32:58,743 - INFO - f_best_current -3.0005412101745605,f_min -3.2390911282318484
2025-04-27 04:33:03,881 - INFO - tree_node.f_best*ep:-3.0005412101745605,left_f_best-2.0268211364746094,right_f_best-2.993020534515381,i:1
2025-04-27 04:33:09,436 - INFO - tree_node.f_best*ep:-3.0005412101745605,left_f_best-2.0697340965270996,right_f_best-2.9935414791107178,i:2
2025-04-27 04:33:15,209 - INFO - tree_node.f_best*ep:-3.0005412101745605,left_f_best-2.0932767391204834,right_f_best-3.0084340572357178,i:3
2025-04-27 04:33:32,619 - INFO - 添加左子节点，右子节点，len(queue):6
2025-04-27 04:33:32,619 - INFO - Node 1: k=415.37662175695266, f_best=-2.930102825164795, f_min=-4.028203676934936
2025-04-27 04:33:32,619 - INFO - Node 2: k=150.4807199099421, f_best=-2.046546459197998, f_min=-2.4285936068745286
2025-04-27 04:33:32,619 - INFO - Node 3: k=211.06079460791423, f_best=-2.9674243927001953, f_min=-3.3642135211221103
2025-04-27 04:33:32,619 - INFO - Node 4: k=169.56544174680104, f_best=-2.0556998252868652, f_min=-2.4291638700951808
2025-04-27 04:33:32,619 - INFO - Node 5: k=198.82881590935236, f_best=-2.9691526889801025, f_min=-3.1948504537172084
2025-04-27 04:33:32,619 - INFO - Node 6: k=181.79710459238723, f_best=-2.068875312805176, f_min=-2.889575681640963
2025-04-27 04:33:32,619 - INFO - Node 7: k=151.34956649334728, f_best=-2.9857516288757324, f_min=-3.823454199421576
2025-04-27 04:33:32,619 - INFO - Node 8: k=166.22433266032843, f_best=-2.0654258728027344, f_min=-4.459185314371098
2025-04-27 04:33:32,619 - INFO - Node 9: k=144.60901405707835, f_best=-3.0005412101745605, f_min=-3.2390911282318484
2025-04-27 04:33:32,619 - INFO - Node 10: k=102.08155634414598, f_best=-2.0932767391204834, f_min=-2.4425935477001985
2025-04-27 04:33:32,619 - INFO - Node 11: k=230.83408270373457, f_best=-3.0084340572357178, f_min=-5.070679252839909
2025-04-27 04:33:32,619 - INFO - cur_node_number 20,f_best -3.0084340572357178,f_min -5.070679252839909,k 230.83408270373457
2025-04-27 04:33:32,619 - INFO - f_best_current -3.0084340572357178,f_min -5.070679252839909
2025-04-27 04:33:32,619 - INFO - 回退,len(queue)=4
2025-04-27 04:33:32,619 - INFO - 回退,len(queue)=3
2025-04-27 04:33:32,619 - INFO - 回退,len(queue)=2
2025-04-27 04:33:32,619 - INFO - 回退,len(queue)=1
2025-04-27 04:33:37,938 - INFO - tree_node.f_best*ep:-2.9674243927001953,left_f_best-2.074488639831543,right_f_best-2.9573397636413574,i:1
2025-04-27 04:33:43,456 - INFO - tree_node.f_best*ep:-2.9674243927001953,left_f_best-2.062403440475464,right_f_best-3.0003345012664795,i:2
2025-04-27 04:33:58,589 - INFO - 添加左子节点，右子节点，len(queue):3
2025-04-27 04:33:58,589 - INFO - Node 1: k=415.37662175695266, f_best=-2.930102825164795, f_min=-4.028203676934936
2025-04-27 04:33:58,589 - INFO - Node 2: k=150.4807199099421, f_best=-2.046546459197998, f_min=-2.4285936068745286
2025-04-27 04:33:58,589 - INFO - Node 3: k=230.83408270373457, f_best=-2.9674243927001953, f_min=-3.3642135211221103
2025-04-27 04:33:58,589 - INFO - Node 4: k=93.33723228584321, f_best=-2.062403440475464, f_min=-2.7152465815106552
2025-04-27 04:33:58,589 - INFO - Node 5: k=159.73831646134866, f_best=-3.0003345012664795, f_min=-5.015811743052836
2025-04-27 04:33:58,589 - INFO - cur_node_number 21,f_best -3.0003345012664795,f_min -5.015811743052836,k 159.73831646134866
2025-04-27 04:33:58,589 - INFO - f_best_current -3.0003345012664795,f_min -5.015811743052836
2025-04-27 04:34:03,746 - INFO - tree_node.f_best*ep:-3.0003345012664795,left_f_best-2.056164503097534,right_f_best-3.000809669494629,i:1
2025-04-27 04:34:22,500 - INFO - 添加左子节点，右子节点，len(queue):4
2025-04-27 04:34:22,500 - INFO - Node 1: k=415.37662175695266, f_best=-2.930102825164795, f_min=-4.028203676934936
2025-04-27 04:34:22,500 - INFO - Node 2: k=150.4807199099421, f_best=-2.046546459197998, f_min=-2.4285936068745286
2025-04-27 04:34:22,500 - INFO - Node 3: k=230.83408270373457, f_best=-2.9674243927001953, f_min=-3.3642135211221103
2025-04-27 04:34:22,500 - INFO - Node 4: k=93.33723228584321, f_best=-2.062403440475464, f_min=-2.7152465815106552
2025-04-27 04:34:22,500 - INFO - Node 5: k=159.73831646134866, f_best=-3.0003345012664795, f_min=-5.015811743052836
2025-04-27 04:34:22,500 - INFO - Node 6: k=185.45122639469423, f_best=-2.056164503097534, f_min=-2.8006191235708684
2025-04-27 04:34:22,500 - INFO - Node 7: k=192.98128984573668, f_best=-3.000809669494629, f_min=-3.4119055391975053
2025-04-27 04:34:22,500 - INFO - cur_node_number 22,f_best -3.000809669494629,f_min -3.4119055391975053,k 192.98128984573668
2025-04-27 04:34:22,500 - INFO - f_best_current -3.000809669494629,f_min -3.4119055391975053
2025-04-27 04:34:22,500 - INFO - 回退,len(queue)=2
2025-04-27 04:34:27,773 - INFO - tree_node.f_best*ep:-3.0003345012664795,left_f_best-2.040825128555298,right_f_best-2.9759061336517334,i:1
2025-04-27 04:34:33,283 - INFO - tree_node.f_best*ep:-3.0003345012664795,left_f_best-2.0494658946990967,right_f_best-2.9741852283477783,i:2
2025-04-27 04:34:39,004 - INFO - tree_node.f_best*ep:-3.0003345012664795,left_f_best-2.082378387451172,right_f_best-3.0170445442199707,i:3
2025-04-27 04:34:56,166 - INFO - 添加左子节点，右子节点，len(queue):4
2025-04-27 04:34:56,166 - INFO - Node 1: k=415.37662175695266, f_best=-2.930102825164795, f_min=-4.028203676934936
2025-04-27 04:34:56,166 - INFO - Node 2: k=150.4807199099421, f_best=-2.046546459197998, f_min=-2.4285936068745286
2025-04-27 04:34:56,166 - INFO - Node 3: k=230.83408270373457, f_best=-2.9674243927001953, f_min=-3.3642135211221103
2025-04-27 04:34:56,166 - INFO - Node 4: k=93.33723228584321, f_best=-2.062403440475464, f_min=-2.7152465815106552
2025-04-27 04:34:56,166 - INFO - Node 5: k=192.98128984573668, f_best=-3.0003345012664795, f_min=-5.015811743052836
2025-04-27 04:34:56,166 - INFO - Node 6: k=94.27060460870165, f_best=-2.082378387451172, f_min=-2.0998970409013964
2025-04-27 04:34:56,166 - INFO - Node 7: k=233.1424235307719, f_best=-3.0170445442199707, f_min=-3.74495557076807
2025-04-27 04:34:56,166 - INFO - cur_node_number 23,f_best -3.0170445442199707,f_min -3.74495557076807,k 233.1424235307719
2025-04-27 04:34:56,166 - INFO - f_best_current -3.0170445442199707,f_min -3.74495557076807
2025-04-27 04:34:56,166 - INFO - 回退,len(queue)=2
2025-04-27 04:34:56,166 - INFO - 回退,len(queue)=1
2025-04-27 04:35:01,371 - INFO - tree_node.f_best*ep:-2.9674243927001953,left_f_best-2.0673296451568604,right_f_best-2.977764368057251,i:1
2025-04-27 04:35:17,889 - INFO - 添加左子节点，右子节点，len(queue):3
2025-04-27 04:35:17,889 - INFO - Node 1: k=415.37662175695266, f_best=-2.930102825164795, f_min=-4.028203676934936
2025-04-27 04:35:17,889 - INFO - Node 2: k=150.4807199099421, f_best=-2.046546459197998, f_min=-2.4285936068745286
2025-04-27 04:35:17,889 - INFO - Node 3: k=233.1424235307719, f_best=-2.9674243927001953, f_min=-3.3642135211221103
2025-04-27 04:35:17,889 - INFO - Node 4: k=162.94905662222178, f_best=-2.0673296451568604, f_min=-2.1376189762149806
2025-04-27 04:35:17,889 - INFO - Node 5: k=144.60901405707835, f_best=-2.977764368057251, f_min=-3.5035602768984972
2025-04-27 04:35:17,889 - INFO - cur_node_number 24,f_best -2.977764368057251,f_min -3.5035602768984972,k 144.60901405707835
2025-04-27 04:35:17,889 - INFO - f_best_current -2.977764368057251,f_min -3.5035602768984972
2025-04-27 04:35:23,168 - INFO - tree_node.f_best*ep:-2.977764368057251,left_f_best-2.054196357727051,right_f_best-2.964858055114746,i:1
2025-04-27 04:35:28,656 - INFO - tree_node.f_best*ep:-2.977764368057251,left_f_best-2.072978973388672,right_f_best-3.005048990249634,i:2
2025-04-27 04:35:45,665 - INFO - 添加左子节点，右子节点，len(queue):4
2025-04-27 04:35:45,665 - INFO - Node 1: k=415.37662175695266, f_best=-2.930102825164795, f_min=-4.028203676934936
2025-04-27 04:35:45,665 - INFO - Node 2: k=150.4807199099421, f_best=-2.046546459197998, f_min=-2.4285936068745286
2025-04-27 04:35:45,665 - INFO - Node 3: k=233.1424235307719, f_best=-2.9674243927001953, f_min=-3.3642135211221103
2025-04-27 04:35:45,665 - INFO - Node 4: k=162.94905662222178, f_best=-2.0673296451568604, f_min=-2.1376189762149806
2025-04-27 04:35:45,665 - INFO - Node 5: k=144.60901405707835, f_best=-2.977764368057251, f_min=-3.5035602768984972
2025-04-27 04:35:45,665 - INFO - Node 6: k=159.73831646134866, f_best=-2.072978973388672, f_min=-3.4355586858973766
2025-04-27 04:35:45,665 - INFO - Node 7: k=138.96642014389158, f_best=-3.005048990249634, f_min=-3.61670844341279
2025-04-27 04:35:45,665 - INFO - cur_node_number 25,f_best -3.005048990249634,f_min -3.61670844341279,k 138.96642014389158
2025-04-27 04:35:45,665 - INFO - f_best_current -3.005048990249634,f_min -3.61670844341279
2025-04-27 04:35:50,898 - INFO - tree_node.f_best*ep:-3.005048990249634,left_f_best-2.030268669128418,right_f_best-2.9555187225341797,i:1
2025-04-27 04:35:56,259 - INFO - tree_node.f_best*ep:-3.005048990249634,left_f_best-2.0666472911834717,right_f_best-2.9891817569732666,i:2
2025-04-27 04:36:01,994 - INFO - tree_node.f_best*ep:-3.005048990249634,left_f_best-2.087209463119507,right_f_best-3.000929832458496,i:3
2025-04-27 04:36:07,912 - INFO - tree_node.f_best*ep:-3.005048990249634,left_f_best-2.1000049114227295,right_f_best-3.031463146209717,i:4
2025-04-27 04:36:25,398 - INFO - 添加左子节点，右子节点，len(queue):5
2025-04-27 04:36:25,398 - INFO - Node 1: k=415.37662175695266, f_best=-2.930102825164795, f_min=-4.028203676934936
2025-04-27 04:36:25,398 - INFO - Node 2: k=150.4807199099421, f_best=-2.046546459197998, f_min=-2.4285936068745286
2025-04-27 04:36:25,398 - INFO - Node 3: k=233.1424235307719, f_best=-2.9674243927001953, f_min=-3.3642135211221103
2025-04-27 04:36:25,398 - INFO - Node 4: k=162.94905662222178, f_best=-2.0673296451568604, f_min=-2.1376189762149806
2025-04-27 04:36:25,398 - INFO - Node 5: k=144.60901405707835, f_best=-2.977764368057251, f_min=-3.5035602768984972
2025-04-27 04:36:25,398 - INFO - Node 6: k=159.73831646134866, f_best=-2.072978973388672, f_min=-3.4355586858973766
2025-04-27 04:36:25,398 - INFO - Node 7: k=138.96642014389158, f_best=-3.005048990249634, f_min=-3.61670844341279
2025-04-27 04:36:25,398 - INFO - Node 8: k=230.83408270373457, f_best=-2.1000049114227295, f_min=-2.1439851536852075
2025-04-27 04:36:25,398 - INFO - Node 9: k=120.38976989012882, f_best=-3.031463146209717, f_min=-3.270703050319753
2025-04-27 04:36:25,398 - INFO - cur_node_number 26,f_best -3.031463146209717,f_min -3.270703050319753,k 120.38976989012882
2025-04-27 04:36:25,398 - INFO - f_best_current -3.031463146209717,f_min -3.270703050319753
2025-04-27 04:36:30,692 - INFO - tree_node.f_best*ep:-3.031463146209717,left_f_best-2.029611587524414,right_f_best-2.9616103172302246,i:1
2025-04-27 04:36:36,233 - INFO - tree_node.f_best*ep:-3.031463146209717,left_f_best-2.069525718688965,right_f_best-2.996429681777954,i:2
2025-04-27 04:36:42,029 - INFO - tree_node.f_best*ep:-3.031463146209717,left_f_best-2.067284107208252,right_f_best-3.0162835121154785,i:3
2025-04-27 04:36:47,894 - INFO - tree_node.f_best*ep:-3.031463146209717,left_f_best-2.0959596633911133,right_f_best-3.00346302986145,i:4
2025-04-27 04:36:54,095 - INFO - tree_node.f_best*ep:-3.031463146209717,left_f_best-2.1052982807159424,right_f_best-3.030047655105591,i:5
2025-04-27 04:37:00,693 - INFO - tree_node.f_best*ep:-3.031463146209717,left_f_best-2.11787748336792,right_f_best-3.048321485519409,i:6
2025-04-27 04:37:18,809 - INFO - 添加左子节点，右子节点，len(queue):6
2025-04-27 04:37:18,809 - INFO - Node 1: k=415.37662175695266, f_best=-2.930102825164795, f_min=-4.028203676934936
2025-04-27 04:37:18,809 - INFO - Node 2: k=150.4807199099421, f_best=-2.046546459197998, f_min=-2.4285936068745286
2025-04-27 04:37:18,809 - INFO - Node 3: k=233.1424235307719, f_best=-2.9674243927001953, f_min=-3.3642135211221103
2025-04-27 04:37:18,809 - INFO - Node 4: k=162.94905662222178, f_best=-2.0673296451568604, f_min=-2.1376189762149806
2025-04-27 04:37:18,809 - INFO - Node 5: k=144.60901405707835, f_best=-2.977764368057251, f_min=-3.5035602768984972
2025-04-27 04:37:18,809 - INFO - Node 6: k=159.73831646134866, f_best=-2.072978973388672, f_min=-3.4355586858973766
2025-04-27 04:37:18,809 - INFO - Node 7: k=138.96642014389158, f_best=-3.005048990249634, f_min=-3.61670844341279
2025-04-27 04:37:18,809 - INFO - Node 8: k=230.83408270373457, f_best=-2.1000049114227295, f_min=-2.1439851536852075
2025-04-27 04:37:18,809 - INFO - Node 9: k=120.38976989012882, f_best=-3.031463146209717, f_min=-3.270703050319753
2025-04-27 04:37:18,809 - INFO - Node 10: k=161.33569962596215, f_best=-2.11787748336792, f_min=-3.123826446021667
2025-04-27 04:37:18,809 - INFO - Node 11: k=181.79710459238723, f_best=-3.048321485519409, f_min=-3.1401938435847114
2025-04-27 04:37:18,809 - INFO - cur_node_number 27,f_best -3.048321485519409,f_min -3.1401938435847114,k 181.79710459238723
2025-04-27 04:37:18,809 - INFO - f_best_current -3.048321485519409,f_min -3.1401938435847114
2025-04-27 04:37:18,809 - INFO - 回退,len(queue)=4
2025-04-27 04:37:18,809 - INFO - 回退,len(queue)=3
2025-04-27 04:37:18,809 - INFO - 回退,len(queue)=2
2025-04-27 04:37:24,119 - INFO - tree_node.f_best*ep:-2.977764368057251,left_f_best-2.0495076179504395,right_f_best-2.9803240299224854,i:1
2025-04-27 04:37:44,220 - INFO - 添加左子节点，右子节点，len(queue):4
2025-04-27 04:37:44,220 - INFO - Node 1: k=415.37662175695266, f_best=-2.930102825164795, f_min=-4.028203676934936
2025-04-27 04:37:44,220 - INFO - Node 2: k=150.4807199099421, f_best=-2.046546459197998, f_min=-2.4285936068745286
2025-04-27 04:37:44,220 - INFO - Node 3: k=233.1424235307719, f_best=-2.9674243927001953, f_min=-3.3642135211221103
2025-04-27 04:37:44,220 - INFO - Node 4: k=162.94905662222178, f_best=-2.0673296451568604, f_min=-2.1376189762149806
2025-04-27 04:37:44,220 - INFO - Node 5: k=181.79710459238723, f_best=-2.977764368057251, f_min=-3.5035602768984972
2025-04-27 04:37:44,220 - INFO - Node 6: k=293.09803287101323, f_best=-2.0495076179504395, f_min=-6.311930841928188
2025-04-27 04:37:44,220 - INFO - Node 7: k=185.45122639469423, f_best=-2.9803240299224854, f_min=-3.14165545445303
2025-04-27 04:37:44,220 - INFO - cur_node_number 28,f_best -2.9803240299224854,f_min -3.14165545445303,k 185.45122639469423
2025-04-27 04:37:44,220 - INFO - f_best_current -2.9803240299224854,f_min -3.14165545445303
2025-04-27 04:37:44,220 - INFO - 回退,len(queue)=2
2025-04-27 04:37:49,501 - INFO - tree_node.f_best*ep:-2.977764368057251,left_f_best-2.0543246269226074,right_f_best-2.996649980545044,i:1
2025-04-27 04:38:06,745 - INFO - 添加左子节点，右子节点，len(queue):4
2025-04-27 04:38:06,745 - INFO - Node 1: k=415.37662175695266, f_best=-2.930102825164795, f_min=-4.028203676934936
2025-04-27 04:38:06,745 - INFO - Node 2: k=150.4807199099421, f_best=-2.046546459197998, f_min=-2.4285936068745286
2025-04-27 04:38:06,745 - INFO - Node 3: k=233.1424235307719, f_best=-2.9674243927001953, f_min=-3.3642135211221103
2025-04-27 04:38:06,745 - INFO - Node 4: k=162.94905662222178, f_best=-2.0673296451568604, f_min=-2.1376189762149806
2025-04-27 04:38:06,745 - INFO - Node 5: k=185.45122639469423, f_best=-2.977764368057251, f_min=-3.5035602768984972
2025-04-27 04:38:06,745 - INFO - Node 6: k=153.50538238013195, f_best=-2.0543246269226074, f_min=-3.637539362388452
2025-04-27 04:38:06,745 - INFO - Node 7: k=196.03648176808747, f_best=-2.996649980545044, f_min=-6.768540164983278
2025-04-27 04:38:06,745 - INFO - cur_node_number 29,f_best -2.996649980545044,f_min -6.768540164983278,k 196.03648176808747
2025-04-27 04:38:06,745 - INFO - f_best_current -2.996649980545044,f_min -6.768540164983278
2025-04-27 04:38:06,745 - INFO - 回退,len(queue)=2
2025-04-27 04:38:12,127 - INFO - tree_node.f_best*ep:-2.977764368057251,left_f_best-2.056588649749756,right_f_best-2.9725379943847656,i:1
2025-04-27 04:38:17,718 - INFO - tree_node.f_best*ep:-2.977764368057251,left_f_best-2.067042827606201,right_f_best-2.9659581184387207,i:2
2025-04-27 04:38:23,583 - INFO - tree_node.f_best*ep:-2.977764368057251,left_f_best-2.0780043601989746,right_f_best-3.0147533416748047,i:3
2025-04-27 04:38:41,781 - INFO - 添加左子节点，右子节点，len(queue):4
2025-04-27 04:38:41,781 - INFO - Node 1: k=415.37662175695266, f_best=-2.930102825164795, f_min=-4.028203676934936
2025-04-27 04:38:41,781 - INFO - Node 2: k=150.4807199099421, f_best=-2.046546459197998, f_min=-2.4285936068745286
2025-04-27 04:38:41,781 - INFO - Node 3: k=233.1424235307719, f_best=-2.9674243927001953, f_min=-3.3642135211221103
2025-04-27 04:38:41,781 - INFO - Node 4: k=162.94905662222178, f_best=-2.0673296451568604, f_min=-2.1376189762149806
2025-04-27 04:38:41,781 - INFO - Node 5: k=196.03648176808747, f_best=-2.977764368057251, f_min=-3.5035602768984972
2025-04-27 04:38:41,781 - INFO - Node 6: k=150.4807199099421, f_best=-2.0780043601989746, f_min=-2.8025975467071476
2025-04-27 04:38:41,781 - INFO - Node 7: k=208.09667564975044, f_best=-3.0147533416748047, f_min=-3.2349530138199043
2025-04-27 04:38:41,781 - INFO - cur_node_number 30,f_best -3.0147533416748047,f_min -3.2349530138199043,k 208.09667564975044
2025-04-27 04:38:41,781 - INFO - f_best_current -3.0147533416748047,f_min -3.2349530138199043
2025-04-27 04:38:41,781 - INFO - 回退,len(queue)=2
2025-04-27 04:38:47,063 - INFO - tree_node.f_best*ep:-2.977764368057251,left_f_best-2.0644874572753906,right_f_best-2.9820914268493652,i:1
2025-04-27 04:39:04,493 - INFO - 添加左子节点，右子节点，len(queue):4
2025-04-27 04:39:04,493 - INFO - Node 1: k=415.37662175695266, f_best=-2.930102825164795, f_min=-4.028203676934936
2025-04-27 04:39:04,493 - INFO - Node 2: k=150.4807199099421, f_best=-2.046546459197998, f_min=-2.4285936068745286
2025-04-27 04:39:04,493 - INFO - Node 3: k=233.1424235307719, f_best=-2.9674243927001953, f_min=-3.3642135211221103
2025-04-27 04:39:04,493 - INFO - Node 4: k=162.94905662222178, f_best=-2.0673296451568604, f_min=-2.1376189762149806
2025-04-27 04:39:04,493 - INFO - Node 5: k=208.09667564975044, f_best=-2.977764368057251, f_min=-3.5035602768984972
2025-04-27 04:39:04,493 - INFO - Node 6: k=187.30573865864116, f_best=-2.0644874572753906, f_min=-3.181498558647945
2025-04-27 04:39:04,493 - INFO - Node 7: k=173.9724238687956, f_best=-2.9820914268493652, f_min=-4.516846884858751
2025-04-27 04:39:04,493 - INFO - cur_node_number 31,f_best -2.9820914268493652,f_min -4.516846884858751,k 173.9724238687956
2025-04-27 04:39:04,493 - INFO - f_best_current -2.9820914268493652,f_min -4.516846884858751
2025-04-27 04:39:09,836 - INFO - tree_node.f_best*ep:-2.9820914268493652,left_f_best-2.0595924854278564,right_f_best-2.951856851577759,i:1
2025-04-27 04:39:15,384 - INFO - tree_node.f_best*ep:-2.9820914268493652,left_f_best-2.082465648651123,right_f_best-3.0146493911743164,i:2
2025-04-27 04:39:35,484 - INFO - 添加左子节点，右子节点，len(queue):5
2025-04-27 04:39:35,484 - INFO - Node 1: k=415.37662175695266, f_best=-2.930102825164795, f_min=-4.028203676934936
2025-04-27 04:39:35,484 - INFO - Node 2: k=150.4807199099421, f_best=-2.046546459197998, f_min=-2.4285936068745286
2025-04-27 04:39:35,484 - INFO - Node 3: k=233.1424235307719, f_best=-2.9674243927001953, f_min=-3.3642135211221103
2025-04-27 04:39:35,484 - INFO - Node 4: k=162.94905662222178, f_best=-2.0673296451568604, f_min=-2.1376189762149806
2025-04-27 04:39:35,484 - INFO - Node 5: k=208.09667564975044, f_best=-2.977764368057251, f_min=-3.5035602768984972
2025-04-27 04:39:35,484 - INFO - Node 6: k=187.30573865864116, f_best=-2.0644874572753906, f_min=-3.181498558647945
2025-04-27 04:39:35,484 - INFO - Node 7: k=173.9724238687956, f_best=-2.9820914268493652, f_min=-4.516846884858751
2025-04-27 04:39:35,484 - INFO - Node 8: k=213.17140255399337, f_best=-2.082465648651123, f_min=-2.603520668220881
2025-04-27 04:39:35,484 - INFO - Node 9: k=254.984435053545, f_best=-3.0146493911743164, f_min=-4.317324890331292
2025-04-27 04:39:35,484 - INFO - cur_node_number 32,f_best -3.0146493911743164,f_min -4.317324890331292,k 254.984435053545
2025-04-27 04:39:35,484 - INFO - f_best_current -3.0146493911743164,f_min -4.317324890331292
2025-04-27 04:39:35,484 - INFO - 回退,len(queue)=3
2025-04-27 04:39:35,484 - INFO - 回退,len(queue)=2
2025-04-27 04:39:35,484 - INFO - 回退,len(queue)=1
2025-04-27 04:39:40,800 - INFO - tree_node.f_best*ep:-2.9674243927001953,left_f_best-2.0752875804901123,right_f_best-2.9801158905029297,i:1
2025-04-27 04:39:57,354 - INFO - 添加左子节点，右子节点，len(queue):3
2025-04-27 04:39:57,354 - INFO - Node 1: k=415.37662175695266, f_best=-2.930102825164795, f_min=-4.028203676934936
2025-04-27 04:39:57,354 - INFO - Node 2: k=150.4807199099421, f_best=-2.046546459197998, f_min=-2.4285936068745286
2025-04-27 04:39:57,354 - INFO - Node 3: k=254.984435053545, f_best=-2.9674243927001953, f_min=-3.3642135211221103
2025-04-27 04:39:57,354 - INFO - Node 4: k=181.79710459238723, f_best=-2.0752875804901123, f_min=-2.6171211038272304
2025-04-27 04:39:57,354 - INFO - Node 5: k=138.96642014389158, f_best=-2.9801158905029297, f_min=-3.071676818452943
2025-04-27 04:39:57,354 - INFO - cur_node_number 33,f_best -2.9801158905029297,f_min -3.071676818452943,k 138.96642014389158
2025-04-27 04:39:57,354 - INFO - f_best_current -2.9801158905029297,f_min -3.071676818452943
2025-04-27 04:40:02,697 - INFO - tree_node.f_best*ep:-2.9801158905029297,left_f_best-2.0638742446899414,right_f_best-2.9600255489349365,i:1
2025-04-27 04:40:08,199 - INFO - tree_node.f_best*ep:-2.9801158905029297,left_f_best-2.066117763519287,right_f_best-2.996446371078491,i:2
2025-04-27 04:40:25,842 - INFO - 添加左子节点，右子节点，len(queue):4
2025-04-27 04:40:25,842 - INFO - Node 1: k=415.37662175695266, f_best=-2.930102825164795, f_min=-4.028203676934936
2025-04-27 04:40:25,842 - INFO - Node 2: k=150.4807199099421, f_best=-2.046546459197998, f_min=-2.4285936068745286
2025-04-27 04:40:25,842 - INFO - Node 3: k=254.984435053545, f_best=-2.9674243927001953, f_min=-3.3642135211221103
2025-04-27 04:40:25,842 - INFO - Node 4: k=181.79710459238723, f_best=-2.0752875804901123, f_min=-2.6171211038272304
2025-04-27 04:40:25,842 - INFO - Node 5: k=138.96642014389158, f_best=-2.9801158905029297, f_min=-3.071676818452943
2025-04-27 04:40:25,842 - INFO - Node 6: k=118.51351783140683, f_best=-2.066117763519287, f_min=-3.0862945625594875
2025-04-27 04:40:25,842 - INFO - Node 7: k=215.3031165795333, f_best=-2.996446371078491, f_min=-3.412104909812115
2025-04-27 04:40:25,842 - INFO - cur_node_number 34,f_best -2.996446371078491,f_min -3.412104909812115,k 215.3031165795333
2025-04-27 04:40:25,842 - INFO - f_best_current -2.996446371078491,f_min -3.412104909812115
2025-04-27 04:40:25,842 - INFO - 回退,len(queue)=2
2025-04-27 04:40:31,149 - INFO - tree_node.f_best*ep:-2.9801158905029297,left_f_best-2.0657856464385986,right_f_best-2.978175401687622,i:1
2025-04-27 04:40:36,621 - INFO - tree_node.f_best*ep:-2.9801158905029297,left_f_best-2.0751736164093018,right_f_best-3.0061087608337402,i:2
2025-04-27 04:40:53,551 - INFO - 添加左子节点，右子节点，len(queue):4
2025-04-27 04:40:53,551 - INFO - Node 1: k=415.37662175695266, f_best=-2.930102825164795, f_min=-4.028203676934936
2025-04-27 04:40:53,567 - INFO - Node 2: k=150.4807199099421, f_best=-2.046546459197998, f_min=-2.4285936068745286
2025-04-27 04:40:53,567 - INFO - Node 3: k=254.984435053545, f_best=-2.9674243927001953, f_min=-3.3642135211221103
2025-04-27 04:40:53,567 - INFO - Node 4: k=181.79710459238723, f_best=-2.0752875804901123, f_min=-2.6171211038272304
2025-04-27 04:40:53,567 - INFO - Node 5: k=215.3031165795333, f_best=-2.9801158905029297, f_min=-3.071676818452943
2025-04-27 04:40:53,567 - INFO - Node 6: k=133.54399830142074, f_best=-2.0751736164093018, f_min=-4.3073253693783045
2025-04-27 04:40:53,567 - INFO - Node 7: k=185.45122639469423, f_best=-3.0061087608337402, f_min=-3.65581804334397
2025-04-27 04:40:53,567 - INFO - cur_node_number 35,f_best -3.0061087608337402,f_min -3.65581804334397,k 185.45122639469423
2025-04-27 04:40:53,567 - INFO - f_best_current -3.0061087608337402,f_min -3.65581804334397
2025-04-27 04:40:58,732 - INFO - tree_node.f_best*ep:-3.0061087608337402,left_f_best-2.049121141433716,right_f_best-2.9761104583740234,i:1
2025-04-27 04:41:04,167 - INFO - tree_node.f_best*ep:-3.0061087608337402,left_f_best-2.0535824298858643,right_f_best-2.987426280975342,i:2
2025-04-27 04:41:09,965 - INFO - tree_node.f_best*ep:-3.0061087608337402,left_f_best-2.085806131362915,right_f_best-3.004760265350342,i:3
2025-04-27 04:41:16,045 - INFO - tree_node.f_best*ep:-3.0061087608337402,left_f_best-2.0719640254974365,right_f_best-3.0278663635253906,i:4
2025-04-27 04:41:33,006 - INFO - 添加左子节点，右子节点，len(queue):5
2025-04-27 04:41:33,006 - INFO - Node 1: k=415.37662175695266, f_best=-2.930102825164795, f_min=-4.028203676934936
2025-04-27 04:41:33,006 - INFO - Node 2: k=150.4807199099421, f_best=-2.046546459197998, f_min=-2.4285936068745286
2025-04-27 04:41:33,006 - INFO - Node 3: k=254.984435053545, f_best=-2.9674243927001953, f_min=-3.3642135211221103
2025-04-27 04:41:33,006 - INFO - Node 4: k=181.79710459238723, f_best=-2.0752875804901123, f_min=-2.6171211038272304
2025-04-27 04:41:33,006 - INFO - Node 5: k=215.3031165795333, f_best=-2.9801158905029297, f_min=-3.071676818452943
2025-04-27 04:41:33,006 - INFO - Node 6: k=133.54399830142074, f_best=-2.0751736164093018, f_min=-4.3073253693783045
2025-04-27 04:41:33,006 - INFO - Node 7: k=185.45122639469423, f_best=-3.0061087608337402, f_min=-3.65581804334397
2025-04-27 04:41:33,006 - INFO - Node 8: k=160.6606146174141, f_best=-2.0719640254974365, f_min=-2.1342068100730103
2025-04-27 04:41:33,006 - INFO - Node 9: k=146.05510419764914, f_best=-3.0278663635253906, f_min=-3.9074659052839706
2025-04-27 04:41:33,006 - INFO - cur_node_number 36,f_best -3.0278663635253906,f_min -3.9074659052839706,k 146.05510419764914
2025-04-27 04:41:33,006 - INFO - f_best_current -3.0278663635253906,f_min -3.9074659052839706
2025-04-27 04:41:38,306 - INFO - tree_node.f_best*ep:-3.0278663635253906,left_f_best-2.055257797241211,right_f_best-2.948486328125,i:1
2025-04-27 04:41:43,825 - INFO - tree_node.f_best*ep:-3.0278663635253906,left_f_best-2.0772247314453125,right_f_best-2.979861259460449,i:2
2025-04-27 04:41:49,581 - INFO - tree_node.f_best*ep:-3.0278663635253906,left_f_best-2.094540596008301,right_f_best-3.0287203788757324,i:3
2025-04-27 04:42:06,895 - INFO - 添加左子节点，右子节点，len(queue):6
2025-04-27 04:42:06,895 - INFO - Node 1: k=415.37662175695266, f_best=-2.930102825164795, f_min=-4.028203676934936
2025-04-27 04:42:06,895 - INFO - Node 2: k=150.4807199099421, f_best=-2.046546459197998, f_min=-2.4285936068745286
2025-04-27 04:42:06,895 - INFO - Node 3: k=254.984435053545, f_best=-2.9674243927001953, f_min=-3.3642135211221103
2025-04-27 04:42:06,895 - INFO - Node 4: k=181.79710459238723, f_best=-2.0752875804901123, f_min=-2.6171211038272304
2025-04-27 04:42:06,895 - INFO - Node 5: k=215.3031165795333, f_best=-2.9801158905029297, f_min=-3.071676818452943
2025-04-27 04:42:06,895 - INFO - Node 6: k=133.54399830142074, f_best=-2.0751736164093018, f_min=-4.3073253693783045
2025-04-27 04:42:06,895 - INFO - Node 7: k=185.45122639469423, f_best=-3.0061087608337402, f_min=-3.65581804334397
2025-04-27 04:42:06,895 - INFO - Node 8: k=160.6606146174141, f_best=-2.0719640254974365, f_min=-2.1342068100730103
2025-04-27 04:42:06,895 - INFO - Node 9: k=146.05510419764914, f_best=-3.0278663635253906, f_min=-3.9074659052839706
2025-04-27 04:42:06,895 - INFO - Node 10: k=122.10459593521628, f_best=-2.094540596008301, f_min=-2.583822667779714
2025-04-27 04:42:06,895 - INFO - Node 11: k=191.07058400567988, f_best=-3.0287203788757324, f_min=-4.807830246933008
2025-04-27 04:42:06,895 - INFO - cur_node_number 37,f_best -3.0287203788757324,f_min -4.807830246933008,k 191.07058400567988
2025-04-27 04:42:06,895 - INFO - f_best_current -3.0287203788757324,f_min -4.807830246933008
2025-04-27 04:42:06,895 - INFO - 回退,len(queue)=4
2025-04-27 04:42:06,895 - INFO - 回退,len(queue)=3
2025-04-27 04:42:12,188 - INFO - tree_node.f_best*ep:-3.0061087608337402,left_f_best-2.060302495956421,right_f_best-2.9753165245056152,i:1
2025-04-27 04:42:17,640 - INFO - tree_node.f_best*ep:-3.0061087608337402,left_f_best-2.05238676071167,right_f_best-2.9866552352905273,i:2
2025-04-27 04:42:23,280 - INFO - tree_node.f_best*ep:-3.0061087608337402,left_f_best-2.0863800048828125,right_f_best-3.017275333404541,i:3
2025-04-27 04:42:40,788 - INFO - 添加左子节点，右子节点，len(queue):5
2025-04-27 04:42:40,788 - INFO - Node 1: k=415.37662175695266, f_best=-2.930102825164795, f_min=-4.028203676934936
2025-04-27 04:42:40,788 - INFO - Node 2: k=150.4807199099421, f_best=-2.046546459197998, f_min=-2.4285936068745286
2025-04-27 04:42:40,788 - INFO - Node 3: k=254.984435053545, f_best=-2.9674243927001953, f_min=-3.3642135211221103
2025-04-27 04:42:40,788 - INFO - Node 4: k=181.79710459238723, f_best=-2.0752875804901123, f_min=-2.6171211038272304
2025-04-27 04:42:40,788 - INFO - Node 5: k=215.3031165795333, f_best=-2.9801158905029297, f_min=-3.071676818452943
2025-04-27 04:42:40,788 - INFO - Node 6: k=133.54399830142074, f_best=-2.0751736164093018, f_min=-4.3073253693783045
2025-04-27 04:42:40,788 - INFO - Node 7: k=191.07058400567988, f_best=-3.0061087608337402, f_min=-3.65581804334397
2025-04-27 04:42:40,788 - INFO - Node 8: k=206.90206313882388, f_best=-2.0863800048828125, f_min=-4.153004974652504
2025-04-27 04:42:40,788 - INFO - Node 9: k=144.60901405707835, f_best=-3.017275333404541, f_min=-3.7542216541505695
2025-04-27 04:42:40,788 - INFO - cur_node_number 38,f_best -3.017275333404541,f_min -3.7542216541505695,k 144.60901405707835
2025-04-27 04:42:40,788 - INFO - f_best_current -3.017275333404541,f_min -3.7542216541505695
2025-04-27 04:42:46,110 - INFO - tree_node.f_best*ep:-3.017275333404541,left_f_best-2.041053295135498,right_f_best-3.007105827331543,i:1
2025-04-27 04:42:51,642 - INFO - tree_node.f_best*ep:-3.017275333404541,left_f_best-2.076192855834961,right_f_best-2.9889743328094482,i:2
2025-04-27 04:42:57,473 - INFO - tree_node.f_best*ep:-3.017275333404541,left_f_best-2.0859317779541016,right_f_best-3.0289571285247803,i:3
2025-04-27 04:43:14,498 - INFO - 添加左子节点，右子节点，len(queue):6
2025-04-27 04:43:14,498 - INFO - Node 1: k=415.37662175695266, f_best=-2.930102825164795, f_min=-4.028203676934936
2025-04-27 04:43:14,498 - INFO - Node 2: k=150.4807199099421, f_best=-2.046546459197998, f_min=-2.4285936068745286
2025-04-27 04:43:14,498 - INFO - Node 3: k=254.984435053545, f_best=-2.9674243927001953, f_min=-3.3642135211221103
2025-04-27 04:43:14,498 - INFO - Node 4: k=181.79710459238723, f_best=-2.0752875804901123, f_min=-2.6171211038272304
2025-04-27 04:43:14,498 - INFO - Node 5: k=215.3031165795333, f_best=-2.9801158905029297, f_min=-3.071676818452943
2025-04-27 04:43:14,498 - INFO - Node 6: k=133.54399830142074, f_best=-2.0751736164093018, f_min=-4.3073253693783045
2025-04-27 04:43:14,498 - INFO - Node 7: k=191.07058400567988, f_best=-3.0061087608337402, f_min=-3.65581804334397
2025-04-27 04:43:14,498 - INFO - Node 8: k=206.90206313882388, f_best=-2.0863800048828125, f_min=-4.153004974652504
2025-04-27 04:43:14,498 - INFO - Node 9: k=144.60901405707835, f_best=-3.017275333404541, f_min=-3.7542216541505695
2025-04-27 04:43:14,498 - INFO - Node 10: k=117.34011666475924, f_best=-2.0859317779541016, f_min=-5.609616290845224
2025-04-27 04:43:14,498 - INFO - Node 11: k=181.79710459238723, f_best=-3.0289571285247803, f_min=-6.146700246678847
2025-04-27 04:43:14,498 - INFO - cur_node_number 39,f_best -3.0289571285247803,f_min -6.146700246678847,k 181.79710459238723
2025-04-27 04:43:14,498 - INFO - f_best_current -3.0289571285247803,f_min -6.146700246678847
2025-04-27 04:43:14,498 - INFO - 回退,len(queue)=4
2025-04-27 04:43:19,837 - INFO - tree_node.f_best*ep:-3.017275333404541,left_f_best-2.0609562397003174,right_f_best-2.9715163707733154,i:1
2025-04-27 04:43:25,418 - INFO - tree_node.f_best*ep:-3.017275333404541,left_f_best-2.078456401824951,right_f_best-2.996558904647827,i:2
2025-04-27 04:43:31,150 - INFO - tree_node.f_best*ep:-3.017275333404541,left_f_best-2.0941264629364014,right_f_best-3.006657600402832,i:3
2025-04-27 04:43:37,053 - INFO - tree_node.f_best*ep:-3.017275333404541,left_f_best-2.1087002754211426,right_f_best-3.023613452911377,i:4
2025-04-27 04:43:54,439 - INFO - 添加左子节点，右子节点，len(queue):6
2025-04-27 04:43:54,439 - INFO - Node 1: k=415.37662175695266, f_best=-2.930102825164795, f_min=-4.028203676934936
2025-04-27 04:43:54,439 - INFO - Node 2: k=150.4807199099421, f_best=-2.046546459197998, f_min=-2.4285936068745286
2025-04-27 04:43:54,439 - INFO - Node 3: k=254.984435053545, f_best=-2.9674243927001953, f_min=-3.3642135211221103
2025-04-27 04:43:54,439 - INFO - Node 4: k=181.79710459238723, f_best=-2.0752875804901123, f_min=-2.6171211038272304
2025-04-27 04:43:54,439 - INFO - Node 5: k=215.3031165795333, f_best=-2.9801158905029297, f_min=-3.071676818452943
2025-04-27 04:43:54,439 - INFO - Node 6: k=133.54399830142074, f_best=-2.0751736164093018, f_min=-4.3073253693783045
2025-04-27 04:43:54,442 - INFO - Node 7: k=191.07058400567988, f_best=-3.0061087608337402, f_min=-3.65581804334397
2025-04-27 04:43:54,442 - INFO - Node 8: k=206.90206313882388, f_best=-2.0863800048828125, f_min=-4.153004974652504
2025-04-27 04:43:54,442 - INFO - Node 9: k=181.79710459238723, f_best=-3.017275333404541, f_min=-3.7542216541505695
2025-04-27 04:43:54,442 - INFO - Node 10: k=183.6150756383111, f_best=-2.1087002754211426, f_min=-2.656398871433339
2025-04-27 04:43:54,442 - INFO - Node 11: k=146.05510419764914, f_best=-3.023613452911377, f_min=-3.274080033723294
2025-04-27 04:43:54,442 - INFO - cur_node_number 40,f_best -3.023613452911377,f_min -3.274080033723294,k 146.05510419764914
2025-04-27 04:43:54,442 - INFO - f_best_current -3.023613452911377,f_min -3.274080033723294
2025-04-27 04:43:59,793 - INFO - tree_node.f_best*ep:-3.023613452911377,left_f_best-2.026902675628662,right_f_best-3.0082926750183105,i:1
2025-04-27 04:44:05,458 - INFO - tree_node.f_best*ep:-3.023613452911377,left_f_best-2.099456548690796,right_f_best-3.0130677223205566,i:2
2025-04-27 04:44:11,342 - INFO - tree_node.f_best*ep:-3.023613452911377,left_f_best-2.0689899921417236,right_f_best-3.001049518585205,i:3
2025-04-27 04:44:17,559 - INFO - tree_node.f_best*ep:-3.023613452911377,left_f_best-2.1180968284606934,right_f_best-3.0267550945281982,i:4
2025-04-27 04:44:35,973 - INFO - 添加左子节点，右子节点，len(queue):7
2025-04-27 04:44:35,973 - INFO - Node 1: k=415.37662175695266, f_best=-2.930102825164795, f_min=-4.028203676934936
2025-04-27 04:44:35,973 - INFO - Node 2: k=150.4807199099421, f_best=-2.046546459197998, f_min=-2.4285936068745286
2025-04-27 04:44:35,973 - INFO - Node 3: k=254.984435053545, f_best=-2.9674243927001953, f_min=-3.3642135211221103
2025-04-27 04:44:35,973 - INFO - Node 4: k=181.79710459238723, f_best=-2.0752875804901123, f_min=-2.6171211038272304
2025-04-27 04:44:35,973 - INFO - Node 5: k=215.3031165795333, f_best=-2.9801158905029297, f_min=-3.071676818452943
2025-04-27 04:44:35,973 - INFO - Node 6: k=133.54399830142074, f_best=-2.0751736164093018, f_min=-4.3073253693783045
2025-04-27 04:44:35,973 - INFO - Node 7: k=191.07058400567988, f_best=-3.0061087608337402, f_min=-3.65581804334397
2025-04-27 04:44:35,973 - INFO - Node 8: k=206.90206313882388, f_best=-2.0863800048828125, f_min=-4.153004974652504
2025-04-27 04:44:35,973 - INFO - Node 9: k=181.79710459238723, f_best=-3.017275333404541, f_min=-3.7542216541505695
2025-04-27 04:44:35,973 - INFO - Node 10: k=183.6150756383111, f_best=-2.1087002754211426, f_min=-2.656398871433339
2025-04-27 04:44:35,973 - INFO - Node 11: k=146.05510419764914, f_best=-3.023613452911377, f_min=-3.274080033723294
2025-04-27 04:44:35,973 - INFO - Node 12: k=189.17879604522759, f_best=-2.1180968284606934, f_min=-4.530223188969103
2025-04-27 04:44:35,973 - INFO - Node 13: k=150.4807199099421, f_best=-3.0267550945281982, f_min=-4.858632816215504
2025-04-27 04:44:35,973 - INFO - cur_node_number 41,f_best -3.0267550945281982,f_min -4.858632816215504,k 150.4807199099421
2025-04-27 04:44:35,973 - INFO - f_best_current -3.0267550945281982,f_min -4.858632816215504
2025-04-27 04:44:35,973 - INFO - 回退,len(queue)=5
2025-04-27 04:44:41,300 - INFO - tree_node.f_best*ep:-3.023613452911377,left_f_best-2.0723774433135986,right_f_best-2.9688949584960938,i:1
2025-04-27 04:44:46,860 - INFO - tree_node.f_best*ep:-3.023613452911377,left_f_best-2.0753726959228516,right_f_best-3.0051815509796143,i:2
2025-04-27 04:44:52,633 - INFO - tree_node.f_best*ep:-3.023613452911377,left_f_best-2.097764015197754,right_f_best-2.987680435180664,i:3
2025-04-27 04:44:58,610 - INFO - tree_node.f_best*ep:-3.023613452911377,left_f_best-2.101311206817627,right_f_best-3.0143473148345947,i:4
2025-04-27 04:45:04,792 - INFO - tree_node.f_best*ep:-3.023613452911377,left_f_best-2.1094250679016113,right_f_best-3.0101001262664795,i:5
2025-04-27 04:45:11,400 - INFO - tree_node.f_best*ep:-3.023613452911377,left_f_best-2.121856689453125,right_f_best-3.0402872562408447,i:6
2025-04-27 04:45:29,512 - INFO - 添加左子节点，右子节点，len(queue):7
2025-04-27 04:45:29,512 - INFO - Node 1: k=415.37662175695266, f_best=-2.930102825164795, f_min=-4.028203676934936
2025-04-27 04:45:29,512 - INFO - Node 2: k=150.4807199099421, f_best=-2.046546459197998, f_min=-2.4285936068745286
2025-04-27 04:45:29,512 - INFO - Node 3: k=254.984435053545, f_best=-2.9674243927001953, f_min=-3.3642135211221103
2025-04-27 04:45:29,512 - INFO - Node 4: k=181.79710459238723, f_best=-2.0752875804901123, f_min=-2.6171211038272304
2025-04-27 04:45:29,512 - INFO - Node 5: k=215.3031165795333, f_best=-2.9801158905029297, f_min=-3.071676818452943
2025-04-27 04:45:29,512 - INFO - Node 6: k=133.54399830142074, f_best=-2.0751736164093018, f_min=-4.3073253693783045
2025-04-27 04:45:29,512 - INFO - Node 7: k=191.07058400567988, f_best=-3.0061087608337402, f_min=-3.65581804334397
2025-04-27 04:45:29,512 - INFO - Node 8: k=206.90206313882388, f_best=-2.0863800048828125, f_min=-4.153004974652504
2025-04-27 04:45:29,512 - INFO - Node 9: k=181.79710459238723, f_best=-3.017275333404541, f_min=-3.7542216541505695
2025-04-27 04:45:29,512 - INFO - Node 10: k=183.6150756383111, f_best=-2.1087002754211426, f_min=-2.656398871433339
2025-04-27 04:45:29,512 - INFO - Node 11: k=150.4807199099421, f_best=-3.023613452911377, f_min=-3.274080033723294
2025-04-27 04:45:29,512 - INFO - Node 12: k=146.05510419764914, f_best=-2.121856689453125, f_min=-2.2612182698194374
2025-04-27 04:45:29,512 - INFO - Node 13: k=192.98128984573668, f_best=-3.0402872562408447, f_min=-3.9379920639230477
2025-04-27 04:45:29,512 - INFO - cur_node_number 42,f_best -3.0402872562408447,f_min -3.9379920639230477,k 192.98128984573668
2025-04-27 04:45:29,512 - INFO - f_best_current -3.0402872562408447,f_min -3.9379920639230477
2025-04-27 04:45:29,512 - INFO - 回退,len(queue)=5
2025-04-27 04:45:29,512 - INFO - 回退,len(queue)=4
2025-04-27 04:45:29,512 - INFO - 回退,len(queue)=3
2025-04-27 04:45:34,812 - INFO - tree_node.f_best*ep:-3.0061087608337402,left_f_best-2.0569510459899902,right_f_best-2.981647491455078,i:1
2025-04-27 04:45:40,353 - INFO - tree_node.f_best*ep:-3.0061087608337402,left_f_best-2.077338695526123,right_f_best-2.9850354194641113,i:2
2025-04-27 04:45:46,197 - INFO - tree_node.f_best*ep:-3.0061087608337402,left_f_best-2.050236701965332,right_f_best-3.013936758041382,i:3
2025-04-27 04:46:04,603 - INFO - 添加左子节点，右子节点，len(queue):5
2025-04-27 04:46:04,603 - INFO - Node 1: k=415.37662175695266, f_best=-2.930102825164795, f_min=-4.028203676934936
2025-04-27 04:46:04,603 - INFO - Node 2: k=150.4807199099421, f_best=-2.046546459197998, f_min=-2.4285936068745286
2025-04-27 04:46:04,603 - INFO - Node 3: k=254.984435053545, f_best=-2.9674243927001953, f_min=-3.3642135211221103
2025-04-27 04:46:04,603 - INFO - Node 4: k=181.79710459238723, f_best=-2.0752875804901123, f_min=-2.6171211038272304
2025-04-27 04:46:04,603 - INFO - Node 5: k=215.3031165795333, f_best=-2.9801158905029297, f_min=-3.071676818452943
2025-04-27 04:46:04,603 - INFO - Node 6: k=133.54399830142074, f_best=-2.0751736164093018, f_min=-4.3073253693783045
2025-04-27 04:46:04,603 - INFO - Node 7: k=192.98128984573668, f_best=-3.0061087608337402, f_min=-3.65581804334397
2025-04-27 04:46:04,603 - INFO - Node 8: k=204.85352786022165, f_best=-2.050236701965332, f_min=-3.951549601748411
2025-04-27 04:46:04,603 - INFO - Node 9: k=169.56544174680104, f_best=-3.013936758041382, f_min=-3.736224305995165
2025-04-27 04:46:04,603 - INFO - cur_node_number 43,f_best -3.013936758041382,f_min -3.736224305995165,k 169.56544174680104
2025-04-27 04:46:04,603 - INFO - f_best_current -3.013936758041382,f_min -3.736224305995165
2025-04-27 04:46:09,776 - INFO - tree_node.f_best*ep:-3.013936758041382,left_f_best-2.0355873107910156,right_f_best-2.9833357334136963,i:1
2025-04-27 04:46:15,169 - INFO - tree_node.f_best*ep:-3.013936758041382,left_f_best-2.068101644515991,right_f_best-2.9838509559631348,i:2
2025-04-27 04:46:20,959 - INFO - tree_node.f_best*ep:-3.013936758041382,left_f_best-2.0967836380004883,right_f_best-3.0097498893737793,i:3
2025-04-27 04:46:27,026 - INFO - tree_node.f_best*ep:-3.013936758041382,left_f_best-2.1006486415863037,right_f_best-3.0421624183654785,i:4
2025-04-27 04:46:44,358 - INFO - 添加左子节点，右子节点，len(queue):6
2025-04-27 04:46:44,358 - INFO - Node 1: k=415.37662175695266, f_best=-2.930102825164795, f_min=-4.028203676934936
2025-04-27 04:46:44,358 - INFO - Node 2: k=150.4807199099421, f_best=-2.046546459197998, f_min=-2.4285936068745286
2025-04-27 04:46:44,358 - INFO - Node 3: k=254.984435053545, f_best=-2.9674243927001953, f_min=-3.3642135211221103
2025-04-27 04:46:44,358 - INFO - Node 4: k=181.79710459238723, f_best=-2.0752875804901123, f_min=-2.6171211038272304
2025-04-27 04:46:44,358 - INFO - Node 5: k=215.3031165795333, f_best=-2.9801158905029297, f_min=-3.071676818452943
2025-04-27 04:46:44,358 - INFO - Node 6: k=133.54399830142074, f_best=-2.0751736164093018, f_min=-4.3073253693783045
2025-04-27 04:46:44,358 - INFO - Node 7: k=192.98128984573668, f_best=-3.0061087608337402, f_min=-3.65581804334397
2025-04-27 04:46:44,358 - INFO - Node 8: k=204.85352786022165, f_best=-2.050236701965332, f_min=-3.951549601748411
2025-04-27 04:46:44,358 - INFO - Node 9: k=169.56544174680104, f_best=-3.013936758041382, f_min=-3.736224305995165
2025-04-27 04:46:44,358 - INFO - Node 10: k=137.59051499395207, f_best=-2.1006486415863037, f_min=-4.119343649518669
2025-04-27 04:46:44,358 - INFO - Node 11: k=169.56544174680104, f_best=-3.0421624183654785, f_min=-3.0712234468046518
2025-04-27 04:46:44,358 - INFO - cur_node_number 44,f_best -3.0421624183654785,f_min -3.0712234468046518,k 169.56544174680104
2025-04-27 04:46:44,358 - INFO - f_best_current -3.0421624183654785,f_min -3.0712234468046518
2025-04-27 04:46:44,358 - INFO - 结束,fmin= -3.0712234468046518, fbestmin=-3.0421624183654785
