2025-04-27 13:40:08,719 - INFO - Namespace(log_file='outputs/dnn1/img[6]/max/DNN1img6_label6.log', image_path='img[6].png', model_path='network/SimpleNN14.pth', label=6, init_epsilon=0.05, epsilon=0.01, ep=1, min=0)
2025-04-27 13:40:08,729 - INFO - Model output max(1): torch.return_types.max(
values=tensor([9.9357], grad_fn=<MaxBackward0>),
indices=tensor([6]))
2025-04-27 13:40:12,172 - INFO - cur_node_number 1,f_best -12.453398704528809,f_min -13.178692903155024,k 415.37662175695266
2025-04-27 13:40:12,172 - INFO - f_best_current -12.453398704528809,f_min -13.178692903155024
2025-04-27 13:40:17,634 - INFO - tree_node.f_best*ep:-12.453398704528809,left_f_best-11.649004936218262,right_f_best-12.481139183044434,i:1
2025-04-27 13:40:36,543 - INFO - 添加左子节点，右子节点，len(queue):2
2025-04-27 13:40:36,543 - INFO - Node 1: k=415.37662175695266, f_best=-12.453398704528809, f_min=-13.178692903155024
2025-04-27 13:40:36,543 - INFO - Node 2: k=211.06079460791423, f_best=-11.649004936218262, f_min=-11.772574566547519
2025-04-27 13:40:36,543 - INFO - Node 3: k=165.27009508398856, f_best=-12.481139183044434, f_min=-13.43766938499084
2025-04-27 13:40:36,543 - INFO - cur_node_number 2,f_best -12.481139183044434,f_min -13.43766938499084,k 165.27009508398856
2025-04-27 13:40:36,543 - INFO - f_best_current -12.481139183044434,f_min -13.43766938499084
2025-04-27 13:40:41,998 - INFO - tree_node.f_best*ep:-12.481139183044434,left_f_best-11.644950866699219,right_f_best-12.462252616882324,i:1
2025-04-27 13:40:47,746 - INFO - tree_node.f_best*ep:-12.481139183044434,left_f_best-11.64765453338623,right_f_best-12.486760139465332,i:2
2025-04-27 13:41:07,025 - INFO - 添加左子节点，右子节点，len(queue):3
2025-04-27 13:41:07,025 - INFO - Node 1: k=415.37662175695266, f_best=-12.453398704528809, f_min=-13.178692903155024
2025-04-27 13:41:07,025 - INFO - Node 2: k=211.06079460791423, f_best=-11.649004936218262, f_min=-11.772574566547519
2025-04-27 13:41:07,025 - INFO - Node 3: k=165.27009508398856, f_best=-12.481139183044434, f_min=-13.43766938499084
2025-04-27 13:41:07,025 - INFO - Node 4: k=234.12207218552808, f_best=-11.64765453338623, f_min=-12.150218194821718
2025-04-27 13:41:07,025 - INFO - Node 5: k=152.6241599881199, f_best=-12.486760139465332, f_min=-12.895348535540506
2025-04-27 13:41:07,025 - INFO - cur_node_number 3,f_best -12.486760139465332,f_min -12.895348535540506,k 152.6241599881199
2025-04-27 13:41:07,025 - INFO - f_best_current -12.486760139465332,f_min -12.895348535540506
2025-04-27 13:41:12,196 - INFO - tree_node.f_best*ep:-12.486760139465332,left_f_best-11.635270118713379,right_f_best-12.470500946044922,i:1
2025-04-27 13:41:17,626 - INFO - tree_node.f_best*ep:-12.486760139465332,left_f_best-11.650579452514648,right_f_best-12.482943534851074,i:2
2025-04-27 13:41:23,328 - INFO - tree_node.f_best*ep:-12.486760139465332,left_f_best-11.67642879486084,right_f_best-12.501380920410156,i:3
2025-04-27 13:41:40,593 - INFO - 添加左子节点，右子节点，len(queue):4
2025-04-27 13:41:40,593 - INFO - Node 1: k=415.37662175695266, f_best=-12.453398704528809, f_min=-13.178692903155024
2025-04-27 13:41:40,593 - INFO - Node 2: k=211.06079460791423, f_best=-11.649004936218262, f_min=-11.772574566547519
2025-04-27 13:41:40,593 - INFO - Node 3: k=165.27009508398856, f_best=-12.481139183044434, f_min=-13.43766938499084
2025-04-27 13:41:40,594 - INFO - Node 4: k=234.12207218552808, f_best=-11.64765453338623, f_min=-12.150218194821718
2025-04-27 13:41:40,594 - INFO - Node 5: k=152.6241599881199, f_best=-12.486760139465332, f_min=-12.895348535540506
2025-04-27 13:41:40,594 - INFO - Node 6: k=161.33569962596215, f_best=-11.67642879486084, f_min=-12.080411392949827
2025-04-27 13:41:40,594 - INFO - Node 7: k=148.13550602020177, f_best=-12.501380920410156, f_min=-12.92913115171632
2025-04-27 13:41:40,594 - INFO - cur_node_number 4,f_best -12.501380920410156,f_min -12.92913115171632,k 148.13550602020177
2025-04-27 13:41:40,594 - INFO - f_best_current -12.501380920410156,f_min -12.92913115171632
2025-04-27 13:41:45,833 - INFO - tree_node.f_best*ep:-12.501380920410156,left_f_best-11.639180183410645,right_f_best-12.465514183044434,i:1
2025-04-27 13:41:51,436 - INFO - tree_node.f_best*ep:-12.501380920410156,left_f_best-11.647488594055176,right_f_best-12.463793754577637,i:2
2025-04-27 13:41:57,154 - INFO - tree_node.f_best*ep:-12.501380920410156,left_f_best-11.658899307250977,right_f_best-12.503116607666016,i:3
2025-04-27 13:42:13,598 - INFO - 添加左子节点，右子节点，len(queue):5
2025-04-27 13:42:13,598 - INFO - Node 1: k=415.37662175695266, f_best=-12.453398704528809, f_min=-13.178692903155024
2025-04-27 13:42:13,598 - INFO - Node 2: k=211.06079460791423, f_best=-11.649004936218262, f_min=-11.772574566547519
2025-04-27 13:42:13,598 - INFO - Node 3: k=165.27009508398856, f_best=-12.481139183044434, f_min=-13.43766938499084
2025-04-27 13:42:13,598 - INFO - Node 4: k=234.12207218552808, f_best=-11.64765453338623, f_min=-12.150218194821718
2025-04-27 13:42:13,598 - INFO - Node 5: k=152.6241599881199, f_best=-12.486760139465332, f_min=-12.895348535540506
2025-04-27 13:42:13,598 - INFO - Node 6: k=161.33569962596215, f_best=-11.67642879486084, f_min=-12.080411392949827
2025-04-27 13:42:13,598 - INFO - Node 7: k=148.13550602020177, f_best=-12.501380920410156, f_min=-12.92913115171632
2025-04-27 13:42:13,598 - INFO - Node 8: k=128.33315749131194, f_best=-11.658899307250977, f_min=-12.441435008466215
2025-04-27 13:42:13,598 - INFO - Node 9: k=120.20161863314203, f_best=-12.503116607666016, f_min=-12.760858835212275
2025-04-27 13:42:13,599 - INFO - cur_node_number 5,f_best -12.503116607666016,f_min -12.760858835212275,k 120.20161863314203
2025-04-27 13:42:13,599 - INFO - f_best_current -12.503116607666016,f_min -12.760858835212275
2025-04-27 13:42:18,985 - INFO - tree_node.f_best*ep:-12.503116607666016,left_f_best-11.656760215759277,right_f_best-12.469149589538574,i:1
2025-04-27 13:42:24,649 - INFO - tree_node.f_best*ep:-12.503116607666016,left_f_best-11.630023002624512,right_f_best-12.470651626586914,i:2
2025-04-27 13:42:30,369 - INFO - tree_node.f_best*ep:-12.503116607666016,left_f_best-11.645115852355957,right_f_best-12.497701644897461,i:3
2025-04-27 13:42:36,326 - INFO - tree_node.f_best*ep:-12.503116607666016,left_f_best-11.66275405883789,right_f_best-12.505032539367676,i:4
2025-04-27 13:42:54,164 - INFO - 添加左子节点，右子节点，len(queue):6
2025-04-27 13:42:54,164 - INFO - Node 1: k=415.37662175695266, f_best=-12.453398704528809, f_min=-13.178692903155024
2025-04-27 13:42:54,164 - INFO - Node 2: k=211.06079460791423, f_best=-11.649004936218262, f_min=-11.772574566547519
2025-04-27 13:42:54,164 - INFO - Node 3: k=165.27009508398856, f_best=-12.481139183044434, f_min=-13.43766938499084
2025-04-27 13:42:54,164 - INFO - Node 4: k=234.12207218552808, f_best=-11.64765453338623, f_min=-12.150218194821718
2025-04-27 13:42:54,164 - INFO - Node 5: k=152.6241599881199, f_best=-12.486760139465332, f_min=-12.895348535540506
2025-04-27 13:42:54,164 - INFO - Node 6: k=161.33569962596215, f_best=-11.67642879486084, f_min=-12.080411392949827
2025-04-27 13:42:54,164 - INFO - Node 7: k=148.13550602020177, f_best=-12.501380920410156, f_min=-12.92913115171632
2025-04-27 13:42:54,164 - INFO - Node 8: k=128.33315749131194, f_best=-11.658899307250977, f_min=-12.441435008466215
2025-04-27 13:42:54,164 - INFO - Node 9: k=120.20161863314203, f_best=-12.503116607666016, f_min=-12.760858835212275
2025-04-27 13:42:54,164 - INFO - Node 10: k=196.86021377163598, f_best=-11.66275405883789, f_min=-13.446951588623051
2025-04-27 13:42:54,165 - INFO - Node 11: k=128.33315749131194, f_best=-12.505032539367676, f_min=-13.23563368926807
2025-04-27 13:42:54,165 - INFO - cur_node_number 6,f_best -12.505032539367676,f_min -13.23563368926807,k 128.33315749131194
2025-04-27 13:42:54,165 - INFO - f_best_current -12.505032539367676,f_min -13.23563368926807
2025-04-27 13:42:54,165 - INFO - 回退,len(queue)=4
2025-04-27 13:42:59,527 - INFO - tree_node.f_best*ep:-12.503116607666016,left_f_best-11.647278785705566,right_f_best-12.469961166381836,i:1
2025-04-27 13:43:05,034 - INFO - tree_node.f_best*ep:-12.503116607666016,left_f_best-11.627107620239258,right_f_best-12.470831871032715,i:2
2025-04-27 13:43:10,835 - INFO - tree_node.f_best*ep:-12.503116607666016,left_f_best-11.665342330932617,right_f_best-12.505037307739258,i:3
2025-04-27 13:43:27,686 - INFO - 添加左子节点，右子节点，len(queue):6
2025-04-27 13:43:27,686 - INFO - Node 1: k=415.37662175695266, f_best=-12.453398704528809, f_min=-13.178692903155024
2025-04-27 13:43:27,687 - INFO - Node 2: k=211.06079460791423, f_best=-11.649004936218262, f_min=-11.772574566547519
2025-04-27 13:43:27,687 - INFO - Node 3: k=165.27009508398856, f_best=-12.481139183044434, f_min=-13.43766938499084
2025-04-27 13:43:27,687 - INFO - Node 4: k=234.12207218552808, f_best=-11.64765453338623, f_min=-12.150218194821718
2025-04-27 13:43:27,687 - INFO - Node 5: k=152.6241599881199, f_best=-12.486760139465332, f_min=-12.895348535540506
2025-04-27 13:43:27,687 - INFO - Node 6: k=161.33569962596215, f_best=-11.67642879486084, f_min=-12.080411392949827
2025-04-27 13:43:27,687 - INFO - Node 7: k=148.13550602020177, f_best=-12.501380920410156, f_min=-12.92913115171632
2025-04-27 13:43:27,687 - INFO - Node 8: k=128.33315749131194, f_best=-11.658899307250977, f_min=-12.441435008466215
2025-04-27 13:43:27,687 - INFO - Node 9: k=128.33315749131194, f_best=-12.503116607666016, f_min=-12.760858835212275
2025-04-27 13:43:27,687 - INFO - Node 10: k=124.55889831351413, f_best=-11.665342330932617, f_min=-12.357411728286934
2025-04-27 13:43:27,687 - INFO - Node 11: k=182.56100369858737, f_best=-12.505037307739258, f_min=-13.61485407235341
2025-04-27 13:43:27,687 - INFO - cur_node_number 7,f_best -12.505037307739258,f_min -13.61485407235341,k 182.56100369858737
2025-04-27 13:43:27,687 - INFO - f_best_current -12.505037307739258,f_min -13.61485407235341
2025-04-27 13:43:27,688 - INFO - 回退,len(queue)=4
2025-04-27 13:43:27,688 - INFO - 回退,len(queue)=3
2025-04-27 13:43:27,688 - INFO - 回退,len(queue)=2
2025-04-27 13:43:27,688 - INFO - 回退,len(queue)=1
2025-04-27 13:43:32,936 - INFO - tree_node.f_best*ep:-12.481139183044434,left_f_best-11.624478340148926,right_f_best-12.466721534729004,i:1
2025-04-27 13:43:38,412 - INFO - tree_node.f_best*ep:-12.481139183044434,left_f_best-11.646671295166016,right_f_best-12.492630958557129,i:2
2025-04-27 13:43:54,553 - INFO - 添加左子节点，右子节点，len(queue):3
2025-04-27 13:43:54,553 - INFO - Node 1: k=415.37662175695266, f_best=-12.453398704528809, f_min=-13.178692903155024
2025-04-27 13:43:54,553 - INFO - Node 2: k=211.06079460791423, f_best=-11.649004936218262, f_min=-11.772574566547519
2025-04-27 13:43:54,553 - INFO - Node 3: k=182.56100369858737, f_best=-12.481139183044434, f_min=-13.43766938499084
2025-04-27 13:43:54,553 - INFO - Node 4: k=128.33315749131194, f_best=-11.646671295166016, f_min=-12.1773379724209
2025-04-27 13:43:54,553 - INFO - Node 5: k=109.90512685438014, f_best=-12.492630958557129, f_min=-13.035882179546206
2025-04-27 13:43:54,554 - INFO - cur_node_number 8,f_best -12.492630958557129,f_min -13.035882179546206,k 109.90512685438014
2025-04-27 13:43:54,554 - INFO - f_best_current -12.492630958557129,f_min -13.035882179546206
2025-04-27 13:43:59,704 - INFO - tree_node.f_best*ep:-12.492630958557129,left_f_best-11.639872550964355,right_f_best-12.45535945892334,i:1
2025-04-27 13:44:05,007 - INFO - tree_node.f_best*ep:-12.492630958557129,left_f_best-11.657332420349121,right_f_best-12.468369483947754,i:2
2025-04-27 13:44:10,602 - INFO - tree_node.f_best*ep:-12.492630958557129,left_f_best-11.654562950134277,right_f_best-12.489602088928223,i:3
2025-04-27 13:44:16,501 - INFO - tree_node.f_best*ep:-12.492630958557129,left_f_best-11.661848068237305,right_f_best-12.496115684509277,i:4
2025-04-27 13:44:34,073 - INFO - 添加左子节点，右子节点，len(queue):4
2025-04-27 13:44:34,074 - INFO - Node 1: k=415.37662175695266, f_best=-12.453398704528809, f_min=-13.178692903155024
2025-04-27 13:44:34,074 - INFO - Node 2: k=211.06079460791423, f_best=-11.649004936218262, f_min=-11.772574566547519
2025-04-27 13:44:34,074 - INFO - Node 3: k=182.56100369858737, f_best=-12.481139183044434, f_min=-13.43766938499084
2025-04-27 13:44:34,074 - INFO - Node 4: k=128.33315749131194, f_best=-11.646671295166016, f_min=-12.1773379724209
2025-04-27 13:44:34,074 - INFO - Node 5: k=109.90512685438014, f_best=-12.492630958557129, f_min=-13.035882179546206
2025-04-27 13:44:34,074 - INFO - Node 6: k=169.56544174680104, f_best=-11.661848068237305, f_min=-11.941403281807652
2025-04-27 13:44:34,074 - INFO - Node 7: k=125.08228635813833, f_best=-12.496115684509277, f_min=-12.97854035274213
2025-04-27 13:44:34,074 - INFO - cur_node_number 9,f_best -12.496115684509277,f_min -12.97854035274213,k 125.08228635813833
2025-04-27 13:44:34,074 - INFO - f_best_current -12.496115684509277,f_min -12.97854035274213
2025-04-27 13:44:34,075 - INFO - 回退,len(queue)=2
2025-04-27 13:44:39,326 - INFO - tree_node.f_best*ep:-12.492630958557129,left_f_best-11.625947952270508,right_f_best-12.465611457824707,i:1
2025-04-27 13:44:44,703 - INFO - tree_node.f_best*ep:-12.492630958557129,left_f_best-11.645095825195312,right_f_best-12.494376182556152,i:2
2025-04-27 13:45:03,329 - INFO - 添加左子节点，右子节点，len(queue):4
2025-04-27 13:45:03,329 - INFO - Node 1: k=415.37662175695266, f_best=-12.453398704528809, f_min=-13.178692903155024
2025-04-27 13:45:03,329 - INFO - Node 2: k=211.06079460791423, f_best=-11.649004936218262, f_min=-11.772574566547519
2025-04-27 13:45:03,329 - INFO - Node 3: k=182.56100369858737, f_best=-12.481139183044434, f_min=-13.43766938499084
2025-04-27 13:45:03,329 - INFO - Node 4: k=128.33315749131194, f_best=-11.646671295166016, f_min=-12.1773379724209
2025-04-27 13:45:03,329 - INFO - Node 5: k=125.08228635813833, f_best=-12.492630958557129, f_min=-13.035882179546206
2025-04-27 13:45:03,329 - INFO - Node 6: k=179.99713325978934, f_best=-11.645095825195312, f_min=-14.213574411922309
2025-04-27 13:45:03,329 - INFO - Node 7: k=214.06713433279995, f_best=-12.494376182556152, f_min=-15.184165145382394
2025-04-27 13:45:03,329 - INFO - cur_node_number 10,f_best -12.494376182556152,f_min -15.184165145382394,k 214.06713433279995
2025-04-27 13:45:03,329 - INFO - f_best_current -12.494376182556152,f_min -15.184165145382394
2025-04-27 13:45:03,330 - INFO - 回退,len(queue)=2
2025-04-27 13:45:03,330 - INFO - 回退,len(queue)=1
2025-04-27 13:45:08,513 - INFO - tree_node.f_best*ep:-12.481139183044434,left_f_best-11.64583683013916,right_f_best-12.49478530883789,i:1
2025-04-27 13:45:25,332 - INFO - 添加左子节点，右子节点，len(queue):3
2025-04-27 13:45:25,332 - INFO - Node 1: k=415.37662175695266, f_best=-12.453398704528809, f_min=-13.178692903155024
2025-04-27 13:45:25,332 - INFO - Node 2: k=211.06079460791423, f_best=-11.649004936218262, f_min=-11.772574566547519
2025-04-27 13:45:25,332 - INFO - Node 3: k=214.06713433279995, f_best=-12.481139183044434, f_min=-13.43766938499084
2025-04-27 13:45:25,332 - INFO - Node 4: k=124.55889831351413, f_best=-11.64583683013916, f_min=-12.326080638192252
2025-04-27 13:45:25,332 - INFO - Node 5: k=142.3553096054298, f_best=-12.49478530883789, f_min=-13.083336426438109
2025-04-27 13:45:25,333 - INFO - cur_node_number 11,f_best -12.49478530883789,f_min -13.083336426438109,k 142.3553096054298
2025-04-27 13:45:25,333 - INFO - f_best_current -12.49478530883789,f_min -13.083336426438109
2025-04-27 13:45:30,578 - INFO - tree_node.f_best*ep:-12.49478530883789,left_f_best-11.639223098754883,right_f_best-12.460055351257324,i:1
2025-04-27 13:45:36,027 - INFO - tree_node.f_best*ep:-12.49478530883789,left_f_best-11.646479606628418,right_f_best-12.483019828796387,i:2
2025-04-27 13:45:41,559 - INFO - tree_node.f_best*ep:-12.49478530883789,left_f_best-11.66727352142334,right_f_best-12.494912147521973,i:3
2025-04-27 13:45:59,369 - INFO - 添加左子节点，右子节点，len(queue):4
2025-04-27 13:45:59,369 - INFO - Node 1: k=415.37662175695266, f_best=-12.453398704528809, f_min=-13.178692903155024
2025-04-27 13:45:59,369 - INFO - Node 2: k=211.06079460791423, f_best=-11.649004936218262, f_min=-11.772574566547519
2025-04-27 13:45:59,369 - INFO - Node 3: k=214.06713433279995, f_best=-12.481139183044434, f_min=-13.43766938499084
2025-04-27 13:45:59,369 - INFO - Node 4: k=124.55889831351413, f_best=-11.64583683013916, f_min=-12.326080638192252
2025-04-27 13:45:59,369 - INFO - Node 5: k=142.3553096054298, f_best=-12.49478530883789, f_min=-13.083336426438109
2025-04-27 13:45:59,369 - INFO - Node 6: k=208.97108377021212, f_best=-11.66727352142334, f_min=-13.732293342060075
2025-04-27 13:45:59,369 - INFO - Node 7: k=138.16866100821971, f_best=-12.494912147521973, f_min=-14.3718132764252
2025-04-27 13:45:59,369 - INFO - cur_node_number 12,f_best -12.494912147521973,f_min -14.3718132764252,k 138.16866100821971
2025-04-27 13:45:59,369 - INFO - f_best_current -12.494912147521973,f_min -14.3718132764252
2025-04-27 13:46:04,621 - INFO - tree_node.f_best*ep:-12.494912147521973,left_f_best-11.63242244720459,right_f_best-12.469558715820312,i:1
2025-04-27 13:46:10,139 - INFO - tree_node.f_best*ep:-12.494912147521973,left_f_best-11.648996353149414,right_f_best-12.464983940124512,i:2
2025-04-27 13:46:15,930 - INFO - tree_node.f_best*ep:-12.494912147521973,left_f_best-11.654183387756348,right_f_best-12.501686096191406,i:3
2025-04-27 13:46:31,455 - INFO - 添加左子节点，右子节点，len(queue):5
2025-04-27 13:46:31,455 - INFO - Node 1: k=415.37662175695266, f_best=-12.453398704528809, f_min=-13.178692903155024
2025-04-27 13:46:31,471 - INFO - Node 2: k=211.06079460791423, f_best=-11.649004936218262, f_min=-11.772574566547519
2025-04-27 13:46:31,471 - INFO - Node 3: k=214.06713433279995, f_best=-12.481139183044434, f_min=-13.43766938499084
2025-04-27 13:46:31,471 - INFO - Node 4: k=124.55889831351413, f_best=-11.64583683013916, f_min=-12.326080638192252
2025-04-27 13:46:31,471 - INFO - Node 5: k=142.3553096054298, f_best=-12.49478530883789, f_min=-13.083336426438109
2025-04-27 13:46:31,471 - INFO - Node 6: k=208.97108377021212, f_best=-11.66727352142334, f_min=-13.732293342060075
2025-04-27 13:46:31,471 - INFO - Node 7: k=138.16866100821971, f_best=-12.494912147521973, f_min=-14.3718132764252
2025-04-27 13:46:31,471 - INFO - Node 8: k=109.44524535466255, f_best=-11.654183387756348, f_min=-12.401501234196076
2025-04-27 13:46:31,471 - INFO - Node 9: k=114.36771572422667, f_best=-12.501686096191406, f_min=-13.137368633524602
2025-04-27 13:46:31,471 - INFO - cur_node_number 13,f_best -12.501686096191406,f_min -13.137368633524602,k 114.36771572422667
2025-04-27 13:46:31,471 - INFO - f_best_current -12.501686096191406,f_min -13.137368633524602
2025-04-27 13:46:36,750 - INFO - tree_node.f_best*ep:-12.501686096191406,left_f_best-11.64209270477295,right_f_best-12.468274116516113,i:1
2025-04-27 13:46:42,222 - INFO - tree_node.f_best*ep:-12.501686096191406,left_f_best-11.638031959533691,right_f_best-12.487494468688965,i:2
2025-04-27 13:46:47,954 - INFO - tree_node.f_best*ep:-12.501686096191406,left_f_best-11.649242401123047,right_f_best-12.497464179992676,i:3
2025-04-27 13:46:53,780 - INFO - tree_node.f_best*ep:-12.501686096191406,left_f_best-11.6583890914917,right_f_best-12.507752418518066,i:4
2025-04-27 13:47:09,613 - INFO - 添加左子节点，右子节点，len(queue):6
2025-04-27 13:47:09,613 - INFO - Node 1: k=415.37662175695266, f_best=-12.453398704528809, f_min=-13.178692903155024
2025-04-27 13:47:09,613 - INFO - Node 2: k=211.06079460791423, f_best=-11.649004936218262, f_min=-11.772574566547519
2025-04-27 13:47:09,613 - INFO - Node 3: k=214.06713433279995, f_best=-12.481139183044434, f_min=-13.43766938499084
2025-04-27 13:47:09,613 - INFO - Node 4: k=124.55889831351413, f_best=-11.64583683013916, f_min=-12.326080638192252
2025-04-27 13:47:09,613 - INFO - Node 5: k=142.3553096054298, f_best=-12.49478530883789, f_min=-13.083336426438109
2025-04-27 13:47:09,613 - INFO - Node 6: k=208.97108377021212, f_best=-11.66727352142334, f_min=-13.732293342060075
2025-04-27 13:47:09,613 - INFO - Node 7: k=138.16866100821971, f_best=-12.494912147521973, f_min=-14.3718132764252
2025-04-27 13:47:09,613 - INFO - Node 8: k=109.44524535466255, f_best=-11.654183387756348, f_min=-12.401501234196076
2025-04-27 13:47:09,613 - INFO - Node 9: k=114.36771572422667, f_best=-12.501686096191406, f_min=-13.137368633524602
2025-04-27 13:47:09,613 - INFO - Node 10: k=110.53969780820917, f_best=-11.6583890914917, f_min=-12.013049798847533
2025-04-27 13:47:09,613 - INFO - Node 11: k=148.13550602020177, f_best=-12.507752418518066, f_min=-13.773603774803632
2025-04-27 13:47:09,613 - INFO - cur_node_number 14,f_best -12.507752418518066,f_min -13.773603774803632,k 148.13550602020177
2025-04-27 13:47:09,613 - INFO - f_best_current -12.507752418518066,f_min -13.773603774803632
2025-04-27 13:47:09,613 - INFO - 回退,len(queue)=4
2025-04-27 13:47:09,613 - INFO - 回退,len(queue)=3
2025-04-27 13:47:09,613 - INFO - 回退,len(queue)=2
2025-04-27 13:47:14,889 - INFO - tree_node.f_best*ep:-12.49478530883789,left_f_best-11.635899543762207,right_f_best-12.454924583435059,i:1
2025-04-27 13:47:20,343 - INFO - tree_node.f_best*ep:-12.49478530883789,left_f_best-11.645459175109863,right_f_best-12.494115829467773,i:2
2025-04-27 13:47:26,043 - INFO - tree_node.f_best*ep:-12.49478530883789,left_f_best-11.668699264526367,right_f_best-12.496943473815918,i:3
2025-04-27 13:47:42,932 - INFO - 添加左子节点，右子节点，len(queue):4
2025-04-27 13:47:42,932 - INFO - Node 1: k=415.37662175695266, f_best=-12.453398704528809, f_min=-13.178692903155024
2025-04-27 13:47:42,932 - INFO - Node 2: k=211.06079460791423, f_best=-11.649004936218262, f_min=-11.772574566547519
2025-04-27 13:47:42,932 - INFO - Node 3: k=214.06713433279995, f_best=-12.481139183044434, f_min=-13.43766938499084
2025-04-27 13:47:42,933 - INFO - Node 4: k=124.55889831351413, f_best=-11.64583683013916, f_min=-12.326080638192252
2025-04-27 13:47:42,933 - INFO - Node 5: k=148.13550602020177, f_best=-12.49478530883789, f_min=-13.083336426438109
2025-04-27 13:47:42,933 - INFO - Node 6: k=127.06253216961576, f_best=-11.668699264526367, f_min=-13.428921845136756
2025-04-27 13:47:42,933 - INFO - Node 7: k=151.11302969120783, f_best=-12.496943473815918, f_min=-13.00073639850234
2025-04-27 13:47:42,933 - INFO - cur_node_number 15,f_best -12.496943473815918,f_min -13.00073639850234,k 151.11302969120783
2025-04-27 13:47:42,933 - INFO - f_best_current -12.496943473815918,f_min -13.00073639850234
2025-04-27 13:47:42,933 - INFO - 回退,len(queue)=2
2025-04-27 13:47:48,001 - INFO - tree_node.f_best*ep:-12.49478530883789,left_f_best-11.641829490661621,right_f_best-12.469571113586426,i:1
2025-04-27 13:47:53,501 - INFO - tree_node.f_best*ep:-12.49478530883789,left_f_best-11.658846855163574,right_f_best-12.49145221710205,i:2
2025-04-27 13:47:59,249 - INFO - tree_node.f_best*ep:-12.49478530883789,left_f_best-11.65070915222168,right_f_best-12.507075309753418,i:3
2025-04-27 13:48:17,327 - INFO - 添加左子节点，右子节点，len(queue):4
2025-04-27 13:48:17,327 - INFO - Node 1: k=415.37662175695266, f_best=-12.453398704528809, f_min=-13.178692903155024
2025-04-27 13:48:17,328 - INFO - Node 2: k=211.06079460791423, f_best=-11.649004936218262, f_min=-11.772574566547519
2025-04-27 13:48:17,328 - INFO - Node 3: k=214.06713433279995, f_best=-12.481139183044434, f_min=-13.43766938499084
2025-04-27 13:48:17,328 - INFO - Node 4: k=124.55889831351413, f_best=-11.64583683013916, f_min=-12.326080638192252
2025-04-27 13:48:17,328 - INFO - Node 5: k=151.11302969120783, f_best=-12.49478530883789, f_min=-13.083336426438109
2025-04-27 13:48:17,328 - INFO - Node 6: k=106.22647687875926, f_best=-11.65070915222168, f_min=-12.89303206196064
2025-04-27 13:48:17,328 - INFO - Node 7: k=219.63070922278195, f_best=-12.507075309753418, f_min=-14.225088084362142
2025-04-27 13:48:17,328 - INFO - cur_node_number 16,f_best -12.507075309753418,f_min -14.225088084362142,k 219.63070922278195
2025-04-27 13:48:17,328 - INFO - f_best_current -12.507075309753418,f_min -14.225088084362142
2025-04-27 13:48:17,328 - INFO - 回退,len(queue)=2
2025-04-27 13:48:17,328 - INFO - 回退,len(queue)=1
2025-04-27 13:48:22,885 - INFO - tree_node.f_best*ep:-12.481139183044434,left_f_best-11.62348461151123,right_f_best-12.467860221862793,i:1
2025-04-27 13:48:28,483 - INFO - tree_node.f_best*ep:-12.481139183044434,left_f_best-11.63980770111084,right_f_best-12.470260620117188,i:2
2025-04-27 13:48:34,194 - INFO - tree_node.f_best*ep:-12.481139183044434,left_f_best-11.659989356994629,right_f_best-12.49295711517334,i:3
2025-04-27 13:48:52,971 - INFO - 添加左子节点，右子节点，len(queue):3
2025-04-27 13:48:52,972 - INFO - Node 1: k=415.37662175695266, f_best=-12.453398704528809, f_min=-13.178692903155024
2025-04-27 13:48:52,972 - INFO - Node 2: k=211.06079460791423, f_best=-11.649004936218262, f_min=-11.772574566547519
2025-04-27 13:48:52,972 - INFO - Node 3: k=219.63070922278195, f_best=-12.481139183044434, f_min=-13.43766938499084
2025-04-27 13:48:52,972 - INFO - Node 4: k=151.98552710904153, f_best=-11.659989356994629, f_min=-12.305808145149058
2025-04-27 13:48:52,972 - INFO - Node 5: k=189.97371251837487, f_best=-12.49295711517334, f_min=-12.942073707046802
2025-04-27 13:48:52,972 - INFO - cur_node_number 17,f_best -12.49295711517334,f_min -12.942073707046802,k 189.97371251837487
2025-04-27 13:48:52,972 - INFO - f_best_current -12.49295711517334,f_min -12.942073707046802
2025-04-27 13:48:58,771 - INFO - tree_node.f_best*ep:-12.49295711517334,left_f_best-11.628581047058105,right_f_best-12.476771354675293,i:1
2025-04-27 13:49:05,063 - INFO - tree_node.f_best*ep:-12.49295711517334,left_f_best-11.657247543334961,right_f_best-12.503020286560059,i:2
2025-04-27 13:49:26,129 - INFO - 添加左子节点，右子节点，len(queue):4
2025-04-27 13:49:26,129 - INFO - Node 1: k=415.37662175695266, f_best=-12.453398704528809, f_min=-13.178692903155024
2025-04-27 13:49:26,129 - INFO - Node 2: k=211.06079460791423, f_best=-11.649004936218262, f_min=-11.772574566547519
2025-04-27 13:49:26,129 - INFO - Node 3: k=219.63070922278195, f_best=-12.481139183044434, f_min=-13.43766938499084
2025-04-27 13:49:26,129 - INFO - Node 4: k=151.98552710904153, f_best=-11.659989356994629, f_min=-12.305808145149058
2025-04-27 13:49:26,129 - INFO - Node 5: k=189.97371251837487, f_best=-12.49295711517334, f_min=-12.942073707046802
2025-04-27 13:49:26,129 - INFO - Node 6: k=162.94905662222178, f_best=-11.657247543334961, f_min=-11.939669079699343
2025-04-27 13:49:26,129 - INFO - Node 7: k=154.1504015880011, f_best=-12.503020286560059, f_min=-13.13721994475327
2025-04-27 13:49:26,130 - INFO - cur_node_number 18,f_best -12.503020286560059,f_min -13.13721994475327,k 154.1504015880011
2025-04-27 13:49:26,130 - INFO - f_best_current -12.503020286560059,f_min -13.13721994475327
2025-04-27 13:49:32,507 - INFO - tree_node.f_best*ep:-12.503020286560059,left_f_best-11.640276908874512,right_f_best-12.46841812133789,i:1
2025-04-27 13:49:38,691 - INFO - tree_node.f_best*ep:-12.503020286560059,left_f_best-11.648871421813965,right_f_best-12.473609924316406,i:2
2025-04-27 13:49:45,498 - INFO - tree_node.f_best*ep:-12.503020286560059,left_f_best-11.649260520935059,right_f_best-12.492949485778809,i:3
2025-04-27 13:49:52,815 - INFO - tree_node.f_best*ep:-12.503020286560059,left_f_best-11.682400703430176,right_f_best-12.5001802444458,i:4
2025-04-27 13:50:00,428 - INFO - tree_node.f_best*ep:-12.503020286560059,left_f_best-11.67752742767334,right_f_best-12.506416320800781,i:5
2025-04-27 13:50:20,573 - INFO - 添加左子节点，右子节点，len(queue):5
2025-04-27 13:50:20,573 - INFO - Node 1: k=415.37662175695266, f_best=-12.453398704528809, f_min=-13.178692903155024
2025-04-27 13:50:20,573 - INFO - Node 2: k=211.06079460791423, f_best=-11.649004936218262, f_min=-11.772574566547519
2025-04-27 13:50:20,573 - INFO - Node 3: k=219.63070922278195, f_best=-12.481139183044434, f_min=-13.43766938499084
2025-04-27 13:50:20,573 - INFO - Node 4: k=151.98552710904153, f_best=-11.659989356994629, f_min=-12.305808145149058
2025-04-27 13:50:20,573 - INFO - Node 5: k=189.97371251837487, f_best=-12.49295711517334, f_min=-12.942073707046802
2025-04-27 13:50:20,573 - INFO - Node 6: k=162.94905662222178, f_best=-11.657247543334961, f_min=-11.939669079699343
2025-04-27 13:50:20,573 - INFO - Node 7: k=154.1504015880011, f_best=-12.503020286560059, f_min=-13.13721994475327
2025-04-27 13:50:20,573 - INFO - Node 8: k=198.82881590935236, f_best=-11.67752742767334, f_min=-13.200181309822256
2025-04-27 13:50:20,573 - INFO - Node 9: k=125.08228635813833, f_best=-12.506416320800781, f_min=-14.953030063393271
2025-04-27 13:50:20,573 - INFO - cur_node_number 19,f_best -12.506416320800781,f_min -14.953030063393271,k 125.08228635813833
2025-04-27 13:50:20,573 - INFO - f_best_current -12.506416320800781,f_min -14.953030063393271
2025-04-27 13:50:27,102 - INFO - tree_node.f_best*ep:-12.506416320800781,left_f_best-11.643136978149414,right_f_best-12.455016136169434,i:1
2025-04-27 13:50:33,867 - INFO - tree_node.f_best*ep:-12.506416320800781,left_f_best-11.6483793258667,right_f_best-12.470982551574707,i:2
2025-04-27 13:50:40,997 - INFO - tree_node.f_best*ep:-12.506416320800781,left_f_best-11.65814208984375,right_f_best-12.497801780700684,i:3
2025-04-27 13:50:48,168 - INFO - tree_node.f_best*ep:-12.506416320800781,left_f_best-11.662492752075195,right_f_best-12.51602554321289,i:4
2025-04-27 13:51:09,297 - INFO - 添加左子节点，右子节点，len(queue):6
2025-04-27 13:51:09,297 - INFO - Node 1: k=415.37662175695266, f_best=-12.453398704528809, f_min=-13.178692903155024
2025-04-27 13:51:09,297 - INFO - Node 2: k=211.06079460791423, f_best=-11.649004936218262, f_min=-11.772574566547519
2025-04-27 13:51:09,297 - INFO - Node 3: k=219.63070922278195, f_best=-12.481139183044434, f_min=-13.43766938499084
2025-04-27 13:51:09,297 - INFO - Node 4: k=151.98552710904153, f_best=-11.659989356994629, f_min=-12.305808145149058
2025-04-27 13:51:09,297 - INFO - Node 5: k=189.97371251837487, f_best=-12.49295711517334, f_min=-12.942073707046802
2025-04-27 13:51:09,297 - INFO - Node 6: k=162.94905662222178, f_best=-11.657247543334961, f_min=-11.939669079699343
2025-04-27 13:51:09,297 - INFO - Node 7: k=154.1504015880011, f_best=-12.503020286560059, f_min=-13.13721994475327
2025-04-27 13:51:09,297 - INFO - Node 8: k=198.82881590935236, f_best=-11.67752742767334, f_min=-13.200181309822256
2025-04-27 13:51:09,297 - INFO - Node 9: k=125.08228635813833, f_best=-12.506416320800781, f_min=-14.953030063393271
2025-04-27 13:51:09,297 - INFO - Node 10: k=194.91110274419404, f_best=-11.662492752075195, f_min=-11.865294532738517
2025-04-27 13:51:09,297 - INFO - Node 11: k=162.01362129594017, f_best=-12.51602554321289, f_min=-12.540091002909321
2025-04-27 13:51:09,297 - INFO - cur_node_number 20,f_best -12.51602554321289,f_min -12.540091002909321,k 162.01362129594017
2025-04-27 13:51:09,311 - INFO - f_best_current -12.51602554321289,f_min -12.540091002909321
2025-04-27 13:51:09,311 - INFO - 结束,fmin= -12.540091002909321, fbestmin=-12.51602554321289
