2025-05-06 15:08:29,275 - INFO - Namespace(log_file='outputsconfidence/DNN6/img[3]/max/DNN6img3_label3.log', image_path='img[3].png', model_path='network/DNN6.pth', label=3, init_epsilon=0.05, epsilon=0.01, ep=1, min=0)
2025-05-06 15:08:29,275 - INFO - Model output: -22.442581176757812
2025-05-06 15:08:44,423 - INFO - cur_node_number 1,f_best -29.979352951049805,f_min -34.07479863756089,k 816.1969551393234
2025-05-06 15:08:44,423 - INFO - f_best_current -29.979352951049805,f_min -34.07479863756089
2025-05-06 15:09:08,540 - INFO - tree_node.f_best:-29.979352951049805,left_f_best-28.036619186401367,right_f_best-30.241531372070312,i:1
2025-05-06 15:09:20,167 - INFO - 添加左子节点，右子节点，len(queue):2
2025-05-06 15:09:20,173 - INFO - Node 1: k=816.1969551393234, f_best=-29.979352951049805, f_min=-34.07479863756089
2025-05-06 15:09:20,173 - INFO - Node 2: k=368.4227838451179, f_best=-28.036619186401367, f_min=-29.528727506039104
2025-05-06 15:09:20,173 - INFO - Node 3: k=652.6834353714405, f_best=-30.241531372070312, f_min=-47.56751522441664
2025-05-06 15:09:20,173 - INFO - cur_node_number 2,f_best -30.241531372070312,f_min -47.56751522441664,k 652.6834353714405
2025-05-06 15:09:20,173 - INFO - f_best_current -30.241531372070312,f_min -47.56751522441664
2025-05-06 15:09:44,201 - INFO - tree_node.f_best:-30.241531372070312,left_f_best-28.144756317138672,right_f_best-30.029949188232422,i:1
2025-05-06 15:10:08,886 - INFO - tree_node.f_best:-30.241531372070312,left_f_best-28.050888061523438,right_f_best-30.10361671447754,i:2
2025-05-06 15:10:35,056 - INFO - tree_node.f_best:-30.241531372070312,left_f_best-27.91713523864746,right_f_best-30.170631408691406,i:3
2025-05-06 15:11:02,089 - INFO - tree_node.f_best:-30.241531372070312,left_f_best-28.254804611206055,right_f_best-30.335437774658203,i:4
2025-05-06 15:11:16,213 - INFO - 添加左子节点，右子节点，len(queue):3
2025-05-06 15:11:16,213 - INFO - Node 1: k=816.1969551393234, f_best=-29.979352951049805, f_min=-34.07479863756089
2025-05-06 15:11:16,213 - INFO - Node 2: k=368.4227838451179, f_best=-28.036619186401367, f_min=-29.528727506039104
2025-05-06 15:11:16,213 - INFO - Node 3: k=652.6834353714405, f_best=-30.241531372070312, f_min=-47.56751522441664
2025-05-06 15:11:16,213 - INFO - Node 4: k=789.7469567994442, f_best=-28.254804611206055, f_min=-29.21688369014373
2025-05-06 15:11:16,213 - INFO - Node 5: k=955.5938177273264, f_best=-30.335437774658203, f_min=-33.938244161479815
2025-05-06 15:11:16,213 - INFO - cur_node_number 3,f_best -30.335437774658203,f_min -33.938244161479815,k 955.5938177273264
2025-05-06 15:11:16,213 - INFO - f_best_current -30.335437774658203,f_min -33.938244161479815
2025-05-06 15:11:16,213 - INFO - 回退,len(queue)=1
2025-05-06 15:11:16,213 - INFO - 回退,len(queue)=0
2025-05-06 15:11:40,085 - INFO - tree_node.f_best:-29.979352951049805,left_f_best-28.20364761352539,right_f_best-29.964006423950195,i:1
2025-05-06 15:12:04,804 - INFO - tree_node.f_best:-29.979352951049805,left_f_best-27.98537826538086,right_f_best-30.263031005859375,i:2
2025-05-06 15:12:18,972 - INFO - 添加左子节点，右子节点，len(queue):2
2025-05-06 15:12:18,972 - INFO - Node 1: k=955.5938177273264, f_best=-29.979352951049805, f_min=-34.07479863756089
2025-05-06 15:12:18,972 - INFO - Node 2: k=1051.1531995000591, f_best=-27.98537826538086, f_min=-41.46986840018508
2025-05-06 15:12:18,972 - INFO - Node 3: k=868.7216524793876, f_best=-30.263031005859375, f_min=-42.689244673274516
2025-05-06 15:12:18,972 - INFO - cur_node_number 4,f_best -30.263031005859375,f_min -42.689244673274516,k 868.7216524793876
2025-05-06 15:12:18,972 - INFO - f_best_current -30.263031005859375,f_min -42.689244673274516
2025-05-06 15:12:42,630 - INFO - tree_node.f_best:-30.263031005859375,left_f_best-28.146379470825195,right_f_best-30.156343460083008,i:1
2025-05-06 15:13:07,244 - INFO - tree_node.f_best:-30.263031005859375,left_f_best-28.06686782836914,right_f_best-30.16497039794922,i:2
2025-05-06 15:13:33,032 - INFO - tree_node.f_best:-30.263031005859375,left_f_best-28.055315017700195,right_f_best-30.20150375366211,i:3
2025-05-06 15:13:59,894 - INFO - tree_node.f_best:-30.263031005859375,left_f_best-28.435821533203125,right_f_best-30.342002868652344,i:4
2025-05-06 15:14:12,717 - INFO - 添加左子节点，右子节点，len(queue):3
2025-05-06 15:14:12,717 - INFO - Node 1: k=955.5938177273264, f_best=-29.979352951049805, f_min=-34.07479863756089
2025-05-06 15:14:12,717 - INFO - Node 2: k=1051.1531995000591, f_best=-27.98537826538086, f_min=-41.46986840018508
2025-05-06 15:14:12,717 - INFO - Node 3: k=868.7216524793876, f_best=-30.263031005859375, f_min=-42.689244673274516
2025-05-06 15:14:12,717 - INFO - Node 4: k=717.9517789085855, f_best=-28.435821533203125, f_min=-33.11655257354505
2025-05-06 15:14:12,717 - INFO - Node 5: k=652.6834353714405, f_best=-30.342002868652344, f_min=-37.70944762068393
2025-05-06 15:14:12,717 - INFO - cur_node_number 5,f_best -30.342002868652344,f_min -37.70944762068393,k 652.6834353714405
2025-05-06 15:14:12,733 - INFO - f_best_current -30.342002868652344,f_min -37.70944762068393
2025-05-06 15:14:36,324 - INFO - tree_node.f_best:-30.342002868652344,left_f_best-28.01349639892578,right_f_best-30.061206817626953,i:1
2025-05-06 15:15:01,215 - INFO - tree_node.f_best:-30.342002868652344,left_f_best-28.27002716064453,right_f_best-30.10904312133789,i:2
2025-05-06 15:15:27,090 - INFO - tree_node.f_best:-30.342002868652344,left_f_best-28.375694274902344,right_f_best-30.33876609802246,i:3
2025-05-06 15:15:53,721 - INFO - tree_node.f_best:-30.342002868652344,left_f_best-28.102210998535156,right_f_best-30.16428565979004,i:4
2025-05-06 15:16:22,061 - INFO - tree_node.f_best:-30.342002868652344,left_f_best-28.10079002380371,right_f_best-30.38780975341797,i:5
2025-05-06 15:16:33,517 - INFO - 添加左子节点，右子节点，len(queue):4
2025-05-06 15:16:33,517 - INFO - Node 1: k=955.5938177273264, f_best=-29.979352951049805, f_min=-34.07479863756089
2025-05-06 15:16:33,517 - INFO - Node 2: k=1051.1531995000591, f_best=-27.98537826538086, f_min=-41.46986840018508
2025-05-06 15:16:33,517 - INFO - Node 3: k=868.7216524793876, f_best=-30.263031005859375, f_min=-42.689244673274516
2025-05-06 15:16:33,517 - INFO - Node 4: k=717.9517789085855, f_best=-28.435821533203125, f_min=-33.11655257354505
2025-05-06 15:16:33,517 - INFO - Node 5: k=652.6834353714405, f_best=-30.342002868652344, f_min=-37.70944762068393
2025-05-06 15:16:33,517 - INFO - Node 6: k=304.4816395414197, f_best=-28.10079002380371, f_min=-30.53634547261754
2025-05-06 15:16:33,517 - INFO - Node 7: k=717.9517789085846, f_best=-30.38780975341797, f_min=-33.84221894379698
2025-05-06 15:16:33,517 - INFO - cur_node_number 6,f_best -30.38780975341797,f_min -33.84221894379698,k 717.9517789085846
2025-05-06 15:16:33,517 - INFO - f_best_current -30.38780975341797,f_min -33.84221894379698
2025-05-06 15:16:33,517 - INFO - 回退,len(queue)=2
2025-05-06 15:16:57,459 - INFO - tree_node.f_best:-30.342002868652344,left_f_best-27.931184768676758,right_f_best-30.167531967163086,i:1
2025-05-06 15:17:22,105 - INFO - tree_node.f_best:-30.342002868652344,left_f_best-28.15177345275879,right_f_best-30.270511627197266,i:2
2025-05-06 15:17:48,136 - INFO - tree_node.f_best:-30.342002868652344,left_f_best-28.14306640625,right_f_best-30.189804077148438,i:3
2025-05-06 15:18:15,233 - INFO - tree_node.f_best:-30.342002868652344,left_f_best-28.304645538330078,right_f_best-30.13458251953125,i:4
2025-05-06 15:18:43,709 - INFO - tree_node.f_best:-30.342002868652344,left_f_best-28.18000030517578,right_f_best-30.224382400512695,i:5
2025-05-06 15:19:13,353 - INFO - tree_node.f_best:-30.342002868652344,left_f_best-28.255226135253906,right_f_best-30.150474548339844,i:6
2025-05-06 15:19:43,450 - INFO - tree_node.f_best:-30.342002868652344,left_f_best-28.01140594482422,right_f_best-30.098562240600586,i:7
2025-05-06 15:20:15,094 - INFO - tree_node.f_best:-30.342002868652344,left_f_best-28.066303253173828,right_f_best-30.25138282775879,i:8
2025-05-06 15:20:48,113 - INFO - tree_node.f_best:-30.342002868652344,left_f_best-28.179296493530273,right_f_best-30.332122802734375,i:9
2025-05-06 15:21:22,632 - INFO - tree_node.f_best:-30.342002868652344,left_f_best-28.356435775756836,right_f_best-30.36878204345703,i:10
2025-05-06 15:21:35,943 - INFO - 添加左子节点，右子节点，len(queue):4
2025-05-06 15:21:35,943 - INFO - Node 1: k=955.5938177273264, f_best=-29.979352951049805, f_min=-34.07479863756089
2025-05-06 15:21:35,943 - INFO - Node 2: k=1051.1531995000591, f_best=-27.98537826538086, f_min=-41.46986840018508
2025-05-06 15:21:35,943 - INFO - Node 3: k=868.7216524793876, f_best=-30.263031005859375, f_min=-42.689244673274516
2025-05-06 15:21:35,943 - INFO - Node 4: k=717.9517789085855, f_best=-28.435821533203125, f_min=-33.11655257354505
2025-05-06 15:21:35,943 - INFO - Node 5: k=717.9517789085846, f_best=-30.342002868652344, f_min=-37.70944762068393
2025-05-06 15:21:35,943 - INFO - Node 6: k=539.4077978276373, f_best=-28.356435775756836, f_min=-30.758708446937817
2025-05-06 15:21:35,943 - INFO - Node 7: k=1271.8953713950718, f_best=-30.36878204345703, f_min=-37.035861370997736
2025-05-06 15:21:35,959 - INFO - cur_node_number 7,f_best -30.36878204345703,f_min -37.035861370997736,k 1271.8953713950718
2025-05-06 15:21:35,959 - INFO - f_best_current -30.36878204345703,f_min -37.035861370997736
2025-05-06 15:21:35,959 - INFO - 回退,len(queue)=2
2025-05-06 15:21:35,959 - INFO - 回退,len(queue)=1
2025-05-06 15:21:35,959 - INFO - 回退,len(queue)=0
2025-05-06 15:21:59,367 - INFO - tree_node.f_best:-29.979352951049805,left_f_best-28.01237678527832,right_f_best-29.975507736206055,i:1
2025-05-06 15:22:23,881 - INFO - tree_node.f_best:-29.979352951049805,left_f_best-27.887968063354492,right_f_best-30.235376358032227,i:2
2025-05-06 15:22:37,547 - INFO - 添加左子节点，右子节点，len(queue):2
2025-05-06 15:22:37,547 - INFO - Node 1: k=1271.8953713950718, f_best=-29.979352951049805, f_min=-34.07479863756089
2025-05-06 15:22:37,547 - INFO - Node 2: k=1051.1531995000591, f_best=-27.887968063354492, f_min=-30.467239132391114
2025-05-06 15:22:37,547 - INFO - Node 3: k=652.6834353714405, f_best=-30.235376358032227, f_min=-32.22748348384084
2025-05-06 15:22:37,547 - INFO - cur_node_number 8,f_best -30.235376358032227,f_min -32.22748348384084,k 652.6834353714405
2025-05-06 15:22:37,547 - INFO - f_best_current -30.235376358032227,f_min -32.22748348384084
2025-05-06 15:23:01,082 - INFO - tree_node.f_best:-30.235376358032227,left_f_best-27.85993766784668,right_f_best-30.156879425048828,i:1
2025-05-06 15:23:25,543 - INFO - tree_node.f_best:-30.235376358032227,left_f_best-28.022903442382812,right_f_best-30.114643096923828,i:2
2025-05-06 15:23:51,723 - INFO - tree_node.f_best:-30.235376358032227,left_f_best-28.187828063964844,right_f_best-30.046890258789062,i:3
2025-05-06 15:24:18,693 - INFO - tree_node.f_best:-30.235376358032227,left_f_best-28.22376823425293,right_f_best-30.27245330810547,i:4
2025-05-06 15:24:33,080 - INFO - 添加左子节点，右子节点，len(queue):3
2025-05-06 15:24:33,080 - INFO - Node 1: k=1271.8953713950718, f_best=-29.979352951049805, f_min=-34.07479863756089
2025-05-06 15:24:33,080 - INFO - Node 2: k=1051.1531995000591, f_best=-27.887968063354492, f_min=-30.467239132391114
2025-05-06 15:24:33,080 - INFO - Node 3: k=652.6834353714405, f_best=-30.235376358032227, f_min=-32.22748348384084
2025-05-06 15:24:33,080 - INFO - Node 4: k=1156.2685194500666, f_best=-28.22376823425293, f_min=-56.23340807945715
2025-05-06 15:24:33,080 - INFO - Node 5: k=955.5938177273264, f_best=-30.27245330810547, f_min=-31.446542442161444
2025-05-06 15:24:33,080 - INFO - cur_node_number 9,f_best -30.27245330810547,f_min -31.446542442161444,k 955.5938177273264
2025-05-06 15:24:33,080 - INFO - f_best_current -30.27245330810547,f_min -31.446542442161444
2025-05-06 15:24:33,080 - INFO - 回退,len(queue)=1
2025-05-06 15:24:57,024 - INFO - tree_node.f_best:-30.235376358032227,left_f_best-28.0551815032959,right_f_best-30.117712020874023,i:1
2025-05-06 15:25:21,554 - INFO - tree_node.f_best:-30.235376358032227,left_f_best-28.05682373046875,right_f_best-30.08881378173828,i:2
2025-05-06 15:25:47,627 - INFO - tree_node.f_best:-30.235376358032227,left_f_best-27.89807891845703,right_f_best-30.23824691772461,i:3
2025-05-06 15:26:00,516 - INFO - 添加左子节点，右子节点，len(queue):3
2025-05-06 15:26:00,516 - INFO - Node 1: k=1271.8953713950718, f_best=-29.979352951049805, f_min=-34.07479863756089
2025-05-06 15:26:00,516 - INFO - Node 2: k=1051.1531995000591, f_best=-27.887968063354492, f_min=-30.467239132391114
2025-05-06 15:26:00,516 - INFO - Node 3: k=955.5938177273264, f_best=-30.235376358032227, f_min=-32.22748348384084
2025-05-06 15:26:00,516 - INFO - Node 4: k=868.7216524793887, f_best=-27.89807891845703, f_min=-30.00987401034945
2025-05-06 15:26:00,516 - INFO - Node 5: k=593.3485776104004, f_best=-30.23824691772461, f_min=-33.908693615512675
2025-05-06 15:26:00,516 - INFO - cur_node_number 10,f_best -30.23824691772461,f_min -33.908693615512675,k 593.3485776104004
2025-05-06 15:26:00,516 - INFO - f_best_current -30.23824691772461,f_min -33.908693615512675
2025-05-06 15:26:24,726 - INFO - tree_node.f_best:-30.23824691772461,left_f_best-28.025836944580078,right_f_best-30.07288360595703,i:1
2025-05-06 15:26:49,315 - INFO - tree_node.f_best:-30.23824691772461,left_f_best-28.021404266357422,right_f_best-30.045377731323242,i:2
2025-05-06 15:27:15,355 - INFO - tree_node.f_best:-30.23824691772461,left_f_best-28.330429077148438,right_f_best-30.186573028564453,i:3
2025-05-06 15:27:42,781 - INFO - tree_node.f_best:-30.23824691772461,left_f_best-27.94968032836914,right_f_best-30.086441040039062,i:4
2025-05-06 15:28:11,347 - INFO - tree_node.f_best:-30.23824691772461,left_f_best-28.113027572631836,right_f_best-30.170162200927734,i:5
2025-05-06 15:28:41,256 - INFO - tree_node.f_best:-30.23824691772461,left_f_best-28.328420639038086,right_f_best-30.344894409179688,i:6
2025-05-06 15:28:53,058 - INFO - 添加左子节点，右子节点，len(queue):4
2025-05-06 15:28:53,058 - INFO - Node 1: k=1271.8953713950718, f_best=-29.979352951049805, f_min=-34.07479863756089
2025-05-06 15:28:53,058 - INFO - Node 2: k=1051.1531995000591, f_best=-27.887968063354492, f_min=-30.467239132391114
2025-05-06 15:28:53,058 - INFO - Node 3: k=955.5938177273264, f_best=-30.235376358032227, f_min=-32.22748348384084
2025-05-06 15:28:53,058 - INFO - Node 4: k=868.7216524793887, f_best=-27.89807891845703, f_min=-30.00987401034945
2025-05-06 15:28:53,058 - INFO - Node 5: k=593.3485776104004, f_best=-30.23824691772461, f_min=-33.908693615512675
2025-05-06 15:28:53,058 - INFO - Node 6: k=593.3485776104011, f_best=-28.328420639038086, f_min=-44.67990445315263
2025-05-06 15:28:53,058 - INFO - Node 7: k=445.79156845259223, f_best=-30.344894409179688, f_min=-32.91410343345888
2025-05-06 15:28:53,058 - INFO - cur_node_number 11,f_best -30.344894409179688,f_min -32.91410343345888,k 445.79156845259223
2025-05-06 15:28:53,058 - INFO - f_best_current -30.344894409179688,f_min -32.91410343345888
2025-05-06 15:29:16,552 - INFO - tree_node.f_best:-30.344894409179688,left_f_best-28.112464904785156,right_f_best-30.088455200195312,i:1
2025-05-06 15:29:41,005 - INFO - tree_node.f_best:-30.344894409179688,left_f_best-28.037525177001953,right_f_best-30.08190155029297,i:2
2025-05-06 15:30:06,227 - INFO - tree_node.f_best:-30.344894409179688,left_f_best-28.256797790527344,right_f_best-30.119037628173828,i:3
2025-05-06 15:30:32,470 - INFO - tree_node.f_best:-30.344894409179688,left_f_best-28.367061614990234,right_f_best-30.276784896850586,i:4
2025-05-06 15:31:00,141 - INFO - tree_node.f_best:-30.344894409179688,left_f_best-28.09040069580078,right_f_best-30.069679260253906,i:5
2025-05-06 15:31:28,717 - INFO - tree_node.f_best:-30.344894409179688,left_f_best-28.347427368164062,right_f_best-30.198097229003906,i:6
2025-05-06 15:31:58,700 - INFO - tree_node.f_best:-30.344894409179688,left_f_best-28.270488739013672,right_f_best-30.239952087402344,i:7
2025-05-06 15:32:29,699 - INFO - tree_node.f_best:-30.344894409179688,left_f_best-28.18919563293457,right_f_best-30.342567443847656,i:8
2025-05-06 15:33:01,873 - INFO - tree_node.f_best:-30.344894409179688,left_f_best-28.301109313964844,right_f_best-30.454465866088867,i:9
2025-05-06 15:33:16,132 - INFO - 添加左子节点，右子节点，len(queue):5
2025-05-06 15:33:16,132 - INFO - Node 1: k=1271.8953713950718, f_best=-29.979352951049805, f_min=-34.07479863756089
2025-05-06 15:33:16,132 - INFO - Node 2: k=1051.1531995000591, f_best=-27.887968063354492, f_min=-30.467239132391114
2025-05-06 15:33:16,132 - INFO - Node 3: k=955.5938177273264, f_best=-30.235376358032227, f_min=-32.22748348384084
2025-05-06 15:33:16,132 - INFO - Node 4: k=868.7216524793887, f_best=-27.89807891845703, f_min=-30.00987401034945
2025-05-06 15:33:16,132 - INFO - Node 5: k=593.3485776104004, f_best=-30.23824691772461, f_min=-33.908693615512675
2025-05-06 15:33:16,132 - INFO - Node 6: k=593.3485776104011, f_best=-28.328420639038086, f_min=-44.67990445315263
2025-05-06 15:33:16,132 - INFO - Node 7: k=445.79156845259223, f_best=-30.344894409179688, f_min=-32.91410343345888
2025-05-06 15:33:16,132 - INFO - Node 8: k=1156.2685194500666, f_best=-28.301109313964844, f_min=-33.09565944644419
2025-05-06 15:33:16,132 - INFO - Node 9: k=1051.1531995000591, f_best=-30.454465866088867, f_min=-34.36208868732501
2025-05-06 15:33:16,132 - INFO - cur_node_number 12,f_best -30.454465866088867,f_min -34.36208868732501,k 1051.1531995000591
2025-05-06 15:33:16,132 - INFO - f_best_current -30.454465866088867,f_min -34.36208868732501
2025-05-06 15:33:16,132 - INFO - 回退,len(queue)=3
2025-05-06 15:33:16,132 - INFO - 回退,len(queue)=2
2025-05-06 15:33:16,132 - INFO - 回退,len(queue)=1
2025-05-06 15:33:39,373 - INFO - tree_node.f_best:-30.235376358032227,left_f_best-28.141433715820312,right_f_best-29.94066047668457,i:1
2025-05-06 15:34:03,390 - INFO - tree_node.f_best:-30.235376358032227,left_f_best-28.097972869873047,right_f_best-30.057422637939453,i:2
2025-05-06 15:34:28,435 - INFO - tree_node.f_best:-30.235376358032227,left_f_best-28.15347671508789,right_f_best-30.093727111816406,i:3
2025-05-06 15:34:54,672 - INFO - tree_node.f_best:-30.235376358032227,left_f_best-28.101953506469727,right_f_best-30.325653076171875,i:4
2025-05-06 15:35:05,665 - INFO - 添加左子节点，右子节点，len(queue):3
2025-05-06 15:35:05,665 - INFO - Node 1: k=1271.8953713950718, f_best=-29.979352951049805, f_min=-34.07479863756089
2025-05-06 15:35:05,665 - INFO - Node 2: k=1051.1531995000591, f_best=-27.887968063354492, f_min=-30.467239132391114
2025-05-06 15:35:05,665 - INFO - Node 3: k=1051.1531995000591, f_best=-30.235376358032227, f_min=-32.22748348384084
2025-05-06 15:35:05,665 - INFO - Node 4: k=405.26506222962973, f_best=-28.101953506469727, f_min=-30.10757099696002
2025-05-06 15:35:05,665 - INFO - Node 5: k=490.3707252978515, f_best=-30.325653076171875, f_min=-31.909607763744134
2025-05-06 15:35:05,665 - INFO - cur_node_number 13,f_best -30.325653076171875,f_min -31.909607763744134,k 490.3707252978515
2025-05-06 15:35:05,665 - INFO - f_best_current -30.325653076171875,f_min -31.909607763744134
2025-05-06 15:35:28,918 - INFO - tree_node.f_best:-30.325653076171875,left_f_best-28.018630981445312,right_f_best-29.979217529296875,i:1
2025-05-06 15:35:52,930 - INFO - tree_node.f_best:-30.325653076171875,left_f_best-28.19641876220703,right_f_best-30.31033706665039,i:2
2025-05-06 15:36:18,268 - INFO - tree_node.f_best:-30.325653076171875,left_f_best-28.348373413085938,right_f_best-30.15349006652832,i:3
2025-05-06 15:36:44,510 - INFO - tree_node.f_best:-30.325653076171875,left_f_best-28.091541290283203,right_f_best-30.28297996520996,i:4
2025-05-06 15:37:11,765 - INFO - tree_node.f_best:-30.325653076171875,left_f_best-28.206928253173828,right_f_best-30.182308197021484,i:5
2025-05-06 15:37:40,420 - INFO - tree_node.f_best:-30.325653076171875,left_f_best-28.133726119995117,right_f_best-30.21881103515625,i:6
2025-05-06 15:38:10,078 - INFO - tree_node.f_best:-30.325653076171875,left_f_best-28.213359832763672,right_f_best-30.291488647460938,i:7
2025-05-06 15:38:41,133 - INFO - tree_node.f_best:-30.325653076171875,left_f_best-28.272689819335938,right_f_best-30.37835693359375,i:8
2025-05-06 15:38:54,737 - INFO - 添加左子节点，右子节点，len(queue):4
2025-05-06 15:38:54,737 - INFO - Node 1: k=1271.8953713950718, f_best=-29.979352951049805, f_min=-34.07479863756089
2025-05-06 15:38:54,737 - INFO - Node 2: k=1051.1531995000591, f_best=-27.887968063354492, f_min=-30.467239132391114
2025-05-06 15:38:54,737 - INFO - Node 3: k=1051.1531995000591, f_best=-30.235376358032227, f_min=-32.22748348384084
2025-05-06 15:38:54,737 - INFO - Node 4: k=405.26506222962973, f_best=-28.101953506469727, f_min=-30.10757099696002
2025-05-06 15:38:54,737 - INFO - Node 5: k=490.3707252978515, f_best=-30.325653076171875, f_min=-31.909607763744134
2025-05-06 15:38:54,737 - INFO - Node 6: k=868.7216524793887, f_best=-28.272689819335938, f_min=-29.554215652686253
2025-05-06 15:38:54,737 - INFO - Node 7: k=955.5938177273264, f_best=-30.37835693359375, f_min=-33.7619642235004
2025-05-06 15:38:54,737 - INFO - cur_node_number 14,f_best -30.37835693359375,f_min -33.7619642235004,k 955.5938177273264
2025-05-06 15:38:54,737 - INFO - f_best_current -30.37835693359375,f_min -33.7619642235004
2025-05-06 15:38:54,737 - INFO - 回退,len(queue)=2
2025-05-06 15:39:17,432 - INFO - tree_node.f_best:-30.325653076171875,left_f_best-28.04076385498047,right_f_best-29.929460525512695,i:1
2025-05-06 15:39:41,274 - INFO - tree_node.f_best:-30.325653076171875,left_f_best-28.278512954711914,right_f_best-30.00308609008789,i:2
2025-05-06 15:40:06,193 - INFO - tree_node.f_best:-30.325653076171875,left_f_best-28.37091636657715,right_f_best-30.110702514648438,i:3
2025-05-06 15:40:32,243 - INFO - tree_node.f_best:-30.325653076171875,left_f_best-28.063690185546875,right_f_best-30.195720672607422,i:4
2025-05-06 15:40:59,492 - INFO - tree_node.f_best:-30.325653076171875,left_f_best-28.088783264160156,right_f_best-30.18271255493164,i:5
2025-05-06 15:41:27,888 - INFO - tree_node.f_best:-30.325653076171875,left_f_best-28.163753509521484,right_f_best-30.298080444335938,i:6
2025-05-06 15:41:57,457 - INFO - tree_node.f_best:-30.325653076171875,left_f_best-28.165447235107422,right_f_best-30.26995849609375,i:7
2025-05-06 15:42:28,265 - INFO - tree_node.f_best:-30.325653076171875,left_f_best-28.051963806152344,right_f_best-30.2608585357666,i:8
2025-05-06 15:43:00,286 - INFO - tree_node.f_best:-30.325653076171875,left_f_best-28.191713333129883,right_f_best-30.36428451538086,i:9
2025-05-06 15:43:12,259 - INFO - 添加左子节点，右子节点，len(queue):4
2025-05-06 15:43:12,259 - INFO - Node 1: k=1271.8953713950718, f_best=-29.979352951049805, f_min=-34.07479863756089
2025-05-06 15:43:12,259 - INFO - Node 2: k=1051.1531995000591, f_best=-27.887968063354492, f_min=-30.467239132391114
2025-05-06 15:43:12,259 - INFO - Node 3: k=1051.1531995000591, f_best=-30.235376358032227, f_min=-32.22748348384084
2025-05-06 15:43:12,259 - INFO - Node 4: k=405.26506222962973, f_best=-28.101953506469727, f_min=-30.10757099696002
2025-05-06 15:43:12,259 - INFO - Node 5: k=955.5938177273264, f_best=-30.325653076171875, f_min=-31.909607763744134
2025-05-06 15:43:12,259 - INFO - Node 6: k=445.79156845259274, f_best=-28.191713333129883, f_min=-31.687572143138823
2025-05-06 15:43:12,259 - INFO - Node 7: k=868.7216524793876, f_best=-30.36428451538086, f_min=-45.66234089598947
2025-05-06 15:43:12,259 - INFO - cur_node_number 15,f_best -30.36428451538086,f_min -45.66234089598947,k 868.7216524793876
2025-05-06 15:43:12,259 - INFO - f_best_current -30.36428451538086,f_min -45.66234089598947
2025-05-06 15:43:35,369 - INFO - tree_node.f_best:-30.36428451538086,left_f_best-27.93439483642578,right_f_best-30.299039840698242,i:1
2025-05-06 15:43:59,297 - INFO - tree_node.f_best:-30.36428451538086,left_f_best-28.33873176574707,right_f_best-30.192150115966797,i:2
2025-05-06 15:44:24,199 - INFO - tree_node.f_best:-30.36428451538086,left_f_best-28.252702713012695,right_f_best-30.28234100341797,i:3
2025-05-06 15:44:50,417 - INFO - tree_node.f_best:-30.36428451538086,left_f_best-27.983600616455078,right_f_best-30.116714477539062,i:4
2025-05-06 15:45:17,942 - INFO - tree_node.f_best:-30.36428451538086,left_f_best-28.170738220214844,right_f_best-30.263839721679688,i:5
2025-05-06 15:45:46,254 - INFO - tree_node.f_best:-30.36428451538086,left_f_best-28.189163208007812,right_f_best-30.13776397705078,i:6
2025-05-06 15:46:15,756 - INFO - tree_node.f_best:-30.36428451538086,left_f_best-28.36412811279297,right_f_best-30.020830154418945,i:7
2025-05-06 15:46:46,553 - INFO - tree_node.f_best:-30.36428451538086,left_f_best-28.353191375732422,right_f_best-30.33769416809082,i:8
2025-05-06 15:47:18,521 - INFO - tree_node.f_best:-30.36428451538086,left_f_best-28.283493041992188,right_f_best-30.079986572265625,i:9
2025-05-06 15:47:51,519 - INFO - tree_node.f_best:-30.36428451538086,left_f_best-28.093509674072266,right_f_best-30.41010284423828,i:10
2025-05-06 15:48:03,680 - INFO - 添加左子节点，右子节点，len(queue):5
2025-05-06 15:48:03,680 - INFO - Node 1: k=1271.8953713950718, f_best=-29.979352951049805, f_min=-34.07479863756089
2025-05-06 15:48:03,680 - INFO - Node 2: k=1051.1531995000591, f_best=-27.887968063354492, f_min=-30.467239132391114
2025-05-06 15:48:03,680 - INFO - Node 3: k=1051.1531995000591, f_best=-30.235376358032227, f_min=-32.22748348384084
2025-05-06 15:48:03,680 - INFO - Node 4: k=405.26506222962973, f_best=-28.101953506469727, f_min=-30.10757099696002
2025-05-06 15:48:03,680 - INFO - Node 5: k=955.5938177273264, f_best=-30.325653076171875, f_min=-31.909607763744134
2025-05-06 15:48:03,695 - INFO - Node 6: k=445.79156845259274, f_best=-28.191713333129883, f_min=-31.687572143138823
2025-05-06 15:48:03,695 - INFO - Node 7: k=868.7216524793876, f_best=-30.36428451538086, f_min=-45.66234089598947
2025-05-06 15:48:03,695 - INFO - Node 8: k=539.4077978276373, f_best=-28.093509674072266, f_min=-30.35994979570387
2025-05-06 15:48:03,695 - INFO - Node 9: k=789.7469567994442, f_best=-30.41010284423828, f_min=-31.4972722664279
2025-05-06 15:48:03,695 - INFO - cur_node_number 16,f_best -30.41010284423828,f_min -31.4972722664279,k 789.7469567994442
2025-05-06 15:48:03,695 - INFO - f_best_current -30.41010284423828,f_min -31.4972722664279
2025-05-06 15:48:26,945 - INFO - tree_node.f_best:-30.41010284423828,left_f_best-27.90142059326172,right_f_best-29.925813674926758,i:1
2025-05-06 15:48:50,909 - INFO - tree_node.f_best:-30.41010284423828,left_f_best-28.142221450805664,right_f_best-30.164125442504883,i:2
2025-05-06 15:49:16,170 - INFO - tree_node.f_best:-30.41010284423828,left_f_best-28.162185668945312,right_f_best-30.302967071533203,i:3
2025-05-06 15:49:42,090 - INFO - tree_node.f_best:-30.41010284423828,left_f_best-28.310623168945312,right_f_best-30.00186538696289,i:4
2025-05-06 15:50:09,242 - INFO - tree_node.f_best:-30.41010284423828,left_f_best-28.02855682373047,right_f_best-30.273502349853516,i:5
2025-05-06 15:50:37,580 - INFO - tree_node.f_best:-30.41010284423828,left_f_best-28.285037994384766,right_f_best-30.349590301513672,i:6
2025-05-06 15:51:07,342 - INFO - tree_node.f_best:-30.41010284423828,left_f_best-28.21247100830078,right_f_best-30.294700622558594,i:7
2025-05-06 15:51:38,151 - INFO - tree_node.f_best:-30.41010284423828,left_f_best-28.243974685668945,right_f_best-30.30986785888672,i:8
2025-05-06 15:52:10,169 - INFO - tree_node.f_best:-30.41010284423828,left_f_best-28.210412979125977,right_f_best-30.197418212890625,i:9
2025-05-06 15:52:43,178 - INFO - tree_node.f_best:-30.41010284423828,left_f_best-28.229482650756836,right_f_best-30.360519409179688,i:10
2025-05-06 15:53:17,403 - INFO - tree_node.f_best:-30.41010284423828,left_f_best-28.41097640991211,right_f_best-30.287338256835938,i:11
2025-05-06 15:53:52,663 - INFO - tree_node.f_best:-30.41010284423828,left_f_best-28.44526481628418,right_f_best-30.41010284423828,i:12
2025-05-06 15:54:02,462 - INFO - 添加左子节点，右子节点，len(queue):6
2025-05-06 15:54:02,462 - INFO - Node 1: k=1271.8953713950718, f_best=-29.979352951049805, f_min=-34.07479863756089
2025-05-06 15:54:02,462 - INFO - Node 2: k=1051.1531995000591, f_best=-27.887968063354492, f_min=-30.467239132391114
2025-05-06 15:54:02,462 - INFO - Node 3: k=1051.1531995000591, f_best=-30.235376358032227, f_min=-32.22748348384084
2025-05-06 15:54:02,462 - INFO - Node 4: k=405.26506222962973, f_best=-28.101953506469727, f_min=-30.10757099696002
2025-05-06 15:54:02,462 - INFO - Node 5: k=955.5938177273264, f_best=-30.325653076171875, f_min=-31.909607763744134
2025-05-06 15:54:02,462 - INFO - Node 6: k=445.79156845259274, f_best=-28.191713333129883, f_min=-31.687572143138823
2025-05-06 15:54:02,462 - INFO - Node 7: k=868.7216524793876, f_best=-30.36428451538086, f_min=-45.66234089598947
2025-05-06 15:54:02,462 - INFO - Node 8: k=539.4077978276373, f_best=-28.093509674072266, f_min=-30.35994979570387
2025-05-06 15:54:02,462 - INFO - Node 9: k=789.7469567994442, f_best=-30.41010284423828, f_min=-31.4972722664279
2025-05-06 15:54:02,462 - INFO - Node 10: k=334.9298034955617, f_best=-28.44526481628418, f_min=-35.93907584224053
2025-05-06 15:54:02,462 - INFO - Node 11: k=304.4816395414194, f_best=-30.41010284423828, f_min=-30.494568437753514
2025-05-06 15:54:02,462 - INFO - cur_node_number 17,f_best -30.41010284423828,f_min -30.494568437753514,k 304.4816395414194
2025-05-06 15:54:02,462 - INFO - f_best_current -30.41010284423828,f_min -30.494568437753514
2025-05-06 15:54:02,462 - INFO - bestx
2025-05-06 15:54:02,462 - INFO - [1.63573457e-03 3.98834543e-03 7.78361035e-04 7.66854294e-05
 4.90150022e-02 4.99996990e-02 4.32319498e-02 4.90130088e-02
 4.99937894e-02 4.95423724e-02 4.83479638e-04 6.01026052e-03
 7.33939245e-05 1.09254387e-04 5.37007871e-04 2.82970676e-04
 3.44316498e-07 7.12014811e-05 4.98781366e-02 1.63096644e-04
 3.99804630e-05 1.46402463e-04 4.99764744e-02 4.97867021e-02
 4.88591468e-05 5.28807988e-05 3.07189566e-02 1.77514996e-03
 4.99481061e-02 4.99809984e-02 4.99942456e-02 4.99908200e-02
 1.59731190e-01 3.07530657e-01 2.51207511e-05 6.49686313e-04
 4.99984131e-02 4.92166702e-02 4.60805798e-05 2.05109859e-04
 4.99990360e-02 4.88615962e-02 7.75978603e-03 2.74128836e-03
 4.99841045e-02 4.99870788e-02 5.47677148e-01 9.63692859e-01
 2.91227025e-01 6.17522679e-02 4.99994104e-02 9.48153118e-05
 2.21333322e-02 4.98369733e-02 4.19219210e-02 9.16721129e-03
 9.06474524e-06 1.03902926e-04 3.79622613e-03 4.98429846e-02
 1.66900286e-04 2.47100027e-01 6.45145745e-01 8.42155221e-01
 2.36336353e-01 1.49152203e-04 4.99943891e-02 2.60050124e-02
 2.38406550e-02 4.98960843e-02 4.96865572e-02 1.31334189e-05
 1.47731682e-05 5.06679676e-04 1.29699051e-05 7.78028118e-04
 1.73714453e-06 1.10852411e-01 8.21929516e-01 3.08772268e-01
 4.99965399e-02 1.69779606e-04 5.89505075e-04 4.98086938e-02
 4.97708072e-02 4.98652007e-02 1.23511045e-02 1.98546856e-03
 1.15613961e-04 4.64423058e-02 5.80540998e-05 4.14626364e-01
 8.61634380e-01 1.50313122e-01 4.98541791e-02 4.29109424e-04
 1.15240193e-04 4.96222903e-02 3.75404597e-02 5.49657026e-03
 2.52682958e-07 1.98897794e-05 2.82830550e-02 2.87940684e-01
 8.81358374e-01 6.49720886e-01 1.85554721e-01 5.61177088e-06
 1.68026111e-03 3.12489520e-04 3.12171042e-02 1.84096719e-02
 1.50952593e-04 5.72337524e-05 2.89808419e-02 4.98932454e-02
 9.70563734e-02 9.16619099e-01 8.81365824e-01 8.73462537e-01
 5.63381430e-01 5.65731196e-02 7.42415726e-03 1.65677410e-05
 4.40750798e-02 4.99987169e-02 3.40967718e-05 1.11548528e-04
 1.05857378e-05 6.62185661e-05 1.93863873e-04 7.70104284e-05
 1.32876198e-04 1.00890677e-01 9.95024037e-01 1.00865624e-01
 1.06802729e-06 1.07705079e-04 4.98194735e-02 4.93441171e-02
 3.16432574e-02 4.99878994e-02 4.99945992e-02 2.70941569e-04
 1.01398278e-03 4.69432955e-03 3.72077730e-05 3.69698545e-01
 5.72647653e-01 4.90152202e-02 1.46852107e-04 1.18448490e-02
 4.99693072e-02 2.18058923e-02 4.99945147e-02 4.99380285e-02
 4.99856151e-02 4.97480368e-02 4.93042868e-02 1.70318804e-01
 5.04077058e-01 8.30361308e-01 2.70769862e-06 1.91345647e-04
 3.12509634e-02 4.99960357e-02 1.79242176e-02 4.58037931e-03
 3.69700319e-03 3.43097320e-05 1.94437792e-04 4.99649639e-02
 4.99952297e-02 1.87215943e-01 4.46017733e-01 5.39330906e-08
 6.16625460e-06 5.18130326e-04 4.97064999e-02 4.99569847e-02
 3.14755619e-05 4.99683687e-02 4.90856657e-02 4.99970979e-02
 4.99645559e-02 4.98060176e-02 4.99382678e-02 4.99944926e-02
 2.96972463e-02 8.70907053e-05 1.16354822e-02 4.93943638e-02
 4.99999260e-02 3.42673049e-03 6.10192024e-04 4.89154194e-02]
2025-05-06 15:54:02,462 - INFO - 结束,fmin= -30.494568437753514, fbestmin=-30.41010284423828
