2025-05-06 19:40:45,339 - INFO - Namespace(log_file='outputsconfidence/DNN6/img[3]/min/DNN6img3_label3.log', image_path='img[3].png', model_path='network/DNN6.pth', label=3, init_epsilon=0.05, epsilon=0.01, ep=1, min=1)
2025-05-06 19:40:45,349 - INFO - Model output: 22.442581176757812
2025-05-06 19:40:58,812 - INFO - cur_node_number 1,f_best 11.461196899414062,f_min -1.816235144600796,k 1422.1415746347564
2025-05-06 19:40:58,812 - INFO - f_best_current 11.461196899414062,f_min -1.816235144600796
2025-05-06 19:41:21,034 - INFO - tree_node.f_best:11.461196899414062,left_f_best13.552057266235352,right_f_best11.605440139770508,i:1
2025-05-06 19:41:45,219 - INFO - tree_node.f_best:11.461196899414062,left_f_best13.9486083984375,right_f_best11.480831146240234,i:2
2025-05-06 19:42:10,240 - INFO - tree_node.f_best:11.461196899414062,left_f_best13.634520530700684,right_f_best11.525447845458984,i:3
2025-05-06 19:42:36,911 - INFO - tree_node.f_best:11.461196899414062,left_f_best13.83105182647705,right_f_best11.490076065063477,i:4
2025-05-06 19:43:04,762 - INFO - tree_node.f_best:11.461196899414062,left_f_best13.43238639831543,right_f_best11.428781509399414,i:5
2025-05-06 19:43:18,743 - INFO - 添加左子节点，右子节点，len(queue):2
2025-05-06 19:43:18,744 - INFO - Node 1: k=1422.1415746347564, f_best=11.461196899414062, f_min=-1.816235144600796
2025-05-06 19:43:18,744 - INFO - Node 2: k=1156.2685194500666, f_best=13.43238639831543, f_min=-0.7341491503721045
2025-05-06 19:43:18,744 - INFO - Node 3: k=1399.0849085345808, f_best=11.428781509399414, f_min=2.9281829945757636
2025-05-06 19:43:18,744 - INFO - cur_node_number 2,f_best 11.428781509399414,f_min 2.9281829945757636,k 1399.0849085345808
2025-05-06 19:43:18,744 - INFO - f_best_current 11.428781509399414,f_min 2.9281829945757636
2025-05-06 19:43:41,136 - INFO - tree_node.f_best:11.428781509399414,left_f_best13.903034210205078,right_f_best11.656393051147461,i:1
2025-05-06 19:44:04,895 - INFO - tree_node.f_best:11.428781509399414,left_f_best13.825542449951172,right_f_best11.511666297912598,i:2
2025-05-06 19:44:31,063 - INFO - tree_node.f_best:11.428781509399414,left_f_best13.479665756225586,right_f_best11.329606056213379,i:3
2025-05-06 19:44:42,422 - INFO - 添加左子节点，右子节点，len(queue):3
2025-05-06 19:44:42,422 - INFO - Node 1: k=1422.1415746347564, f_best=11.461196899414062, f_min=-1.816235144600796
2025-05-06 19:44:42,422 - INFO - Node 2: k=1156.2685194500666, f_best=13.43238639831543, f_min=-0.7341491503721045
2025-05-06 19:44:42,422 - INFO - Node 3: k=1399.0849085345808, f_best=11.428781509399414, f_min=2.9281829945757636
2025-05-06 19:44:42,422 - INFO - Node 4: k=593.3485776104011, f_best=13.479665756225586, f_min=10.642426090840672
2025-05-06 19:44:42,422 - INFO - Node 5: k=490.37072529785206, f_best=11.329606056213379, f_min=10.131146500687464
2025-05-06 19:44:42,422 - INFO - cur_node_number 3,f_best 11.329606056213379,f_min 10.131146500687464,k 490.37072529785206
2025-05-06 19:44:42,422 - INFO - f_best_current 11.329606056213379,f_min 10.131146500687464
2025-05-06 19:45:06,108 - INFO - tree_node.f_best:11.329606056213379,left_f_best13.822713851928711,right_f_best11.25405502319336,i:1
2025-05-06 19:45:16,341 - INFO - 添加左子节点，右子节点，len(queue):4
2025-05-06 19:45:16,341 - INFO - Node 1: k=1422.1415746347564, f_best=11.461196899414062, f_min=-1.816235144600796
2025-05-06 19:45:16,341 - INFO - Node 2: k=1156.2685194500666, f_best=13.43238639831543, f_min=-0.7341491503721045
2025-05-06 19:45:16,341 - INFO - Node 3: k=1399.0849085345808, f_best=11.428781509399414, f_min=2.9281829945757636
2025-05-06 19:45:16,341 - INFO - Node 4: k=593.3485776104011, f_best=13.479665756225586, f_min=10.642426090840672
2025-05-06 19:45:16,341 - INFO - Node 5: k=490.37072529785206, f_best=11.329606056213379, f_min=10.131146500687464
2025-05-06 19:45:16,341 - INFO - Node 6: k=445.79156845259274, f_best=13.822713851928711, f_min=13.58389707346214
2025-05-06 19:45:16,341 - INFO - Node 7: k=368.4227838451179, f_best=11.25405502319336, f_min=11.035642352619107
2025-05-06 19:45:16,341 - INFO - cur_node_number 4,f_best 11.25405502319336,f_min 11.035642352619107,k 368.4227838451179
2025-05-06 19:45:16,341 - INFO - f_best_current 11.25405502319336,f_min 11.035642352619107
2025-05-06 19:45:40,358 - INFO - tree_node.f_best:11.25405502319336,left_f_best13.921087265014648,right_f_best11.568791389465332,i:1
2025-05-06 19:46:05,355 - INFO - tree_node.f_best:11.25405502319336,left_f_best13.552481651306152,right_f_best11.661060333251953,i:2
2025-05-06 19:46:31,352 - INFO - tree_node.f_best:11.25405502319336,left_f_best13.89252758026123,right_f_best11.366179466247559,i:3
2025-05-06 19:46:58,823 - INFO - tree_node.f_best:11.25405502319336,left_f_best13.65821647644043,right_f_best11.415797233581543,i:4
2025-05-06 19:47:27,415 - INFO - tree_node.f_best:11.25405502319336,left_f_best13.985547065734863,right_f_best11.44774055480957,i:5
2025-05-06 19:47:57,164 - INFO - tree_node.f_best:11.25405502319336,left_f_best13.745080947875977,right_f_best10.897249221801758,i:6
2025-05-06 19:48:09,540 - INFO - 添加左子节点，右子节点，len(queue):5
2025-05-06 19:48:09,540 - INFO - Node 1: k=1422.1415746347564, f_best=11.461196899414062, f_min=-1.816235144600796
2025-05-06 19:48:09,540 - INFO - Node 2: k=1156.2685194500666, f_best=13.43238639831543, f_min=-0.7341491503721045
2025-05-06 19:48:09,540 - INFO - Node 3: k=1399.0849085345808, f_best=11.428781509399414, f_min=2.9281829945757636
2025-05-06 19:48:09,540 - INFO - Node 4: k=593.3485776104011, f_best=13.479665756225586, f_min=10.642426090840672
2025-05-06 19:48:09,540 - INFO - Node 5: k=490.37072529785206, f_best=11.329606056213379, f_min=10.131146500687464
2025-05-06 19:48:09,540 - INFO - Node 6: k=445.79156845259274, f_best=13.822713851928711, f_min=13.58389707346214
2025-05-06 19:48:09,540 - INFO - Node 7: k=368.4227838451179, f_best=11.25405502319336, f_min=11.035642352619107
2025-05-06 19:48:09,540 - INFO - Node 8: k=593.3485776104011, f_best=13.745080947875977, f_min=11.752596126729259
2025-05-06 19:48:09,540 - INFO - Node 9: k=789.7469567994442, f_best=10.897249221801758, f_min=10.746325631080254
2025-05-06 19:48:09,540 - INFO - cur_node_number 5,f_best 10.897249221801758,f_min 10.746325631080254,k 789.7469567994442
2025-05-06 19:48:09,540 - INFO - f_best_current 10.897249221801758,f_min 10.746325631080254
2025-05-06 19:48:09,540 - INFO - 回退,len(queue)=3
2025-05-06 19:48:09,540 - INFO - 回退,len(queue)=2
2025-05-06 19:48:33,258 - INFO - tree_node.f_best:11.329606056213379,left_f_best13.759084701538086,right_f_best11.515484809875488,i:1
2025-05-06 19:48:58,132 - INFO - tree_node.f_best:11.329606056213379,left_f_best13.560466766357422,right_f_best11.514841079711914,i:2
2025-05-06 19:49:24,232 - INFO - tree_node.f_best:11.329606056213379,left_f_best13.782488822937012,right_f_best11.415820121765137,i:3
2025-05-06 19:49:51,713 - INFO - tree_node.f_best:11.329606056213379,left_f_best13.63803768157959,right_f_best11.477322578430176,i:4
2025-05-06 19:50:20,338 - INFO - tree_node.f_best:11.329606056213379,left_f_best13.593204498291016,right_f_best10.971128463745117,i:5
2025-05-06 19:50:33,114 - INFO - 添加左子节点，右子节点，len(queue):4
2025-05-06 19:50:33,114 - INFO - Node 1: k=1422.1415746347564, f_best=11.461196899414062, f_min=-1.816235144600796
2025-05-06 19:50:33,114 - INFO - Node 2: k=1156.2685194500666, f_best=13.43238639831543, f_min=-0.7341491503721045
2025-05-06 19:50:33,114 - INFO - Node 3: k=1399.0849085345808, f_best=11.428781509399414, f_min=2.9281829945757636
2025-05-06 19:50:33,114 - INFO - Node 4: k=593.3485776104011, f_best=13.479665756225586, f_min=10.642426090840672
2025-05-06 19:50:33,114 - INFO - Node 5: k=789.7469567994442, f_best=11.329606056213379, f_min=10.131146500687464
2025-05-06 19:50:33,114 - INFO - Node 6: k=652.6834353714413, f_best=13.593204498291016, f_min=9.644927101177018
2025-05-06 19:50:33,114 - INFO - Node 7: k=868.7216524793887, f_best=10.971128463745117, f_min=6.960667028259195
2025-05-06 19:50:33,114 - INFO - cur_node_number 6,f_best 10.971128463745117,f_min 6.960667028259195,k 868.7216524793887
2025-05-06 19:50:33,114 - INFO - f_best_current 10.971128463745117,f_min 6.960667028259195
2025-05-06 19:50:33,114 - INFO - 回退,len(queue)=2
2025-05-06 19:50:57,395 - INFO - tree_node.f_best:11.329606056213379,left_f_best13.640750885009766,right_f_best11.09605598449707,i:1
2025-05-06 19:51:07,581 - INFO - 添加左子节点，右子节点，len(queue):4
2025-05-06 19:51:07,581 - INFO - Node 1: k=1422.1415746347564, f_best=11.461196899414062, f_min=-1.816235144600796
2025-05-06 19:51:07,581 - INFO - Node 2: k=1156.2685194500666, f_best=13.43238639831543, f_min=-0.7341491503721045
2025-05-06 19:51:07,581 - INFO - Node 3: k=1399.0849085345808, f_best=11.428781509399414, f_min=2.9281829945757636
2025-05-06 19:51:07,581 - INFO - Node 4: k=593.3485776104011, f_best=13.479665756225586, f_min=10.642426090840672
2025-05-06 19:51:07,581 - INFO - Node 5: k=868.7216524793887, f_best=11.329606056213379, f_min=10.131146500687464
2025-05-06 19:51:07,581 - INFO - Node 6: k=445.79156845259274, f_best=13.640750885009766, f_min=11.154766940197078
2025-05-06 19:51:07,581 - INFO - Node 7: k=368.4227838451179, f_best=11.09605598449707, f_min=10.29389999633895
2025-05-06 19:51:07,581 - INFO - cur_node_number 7,f_best 11.09605598449707,f_min 10.29389999633895,k 368.4227838451179
2025-05-06 19:51:07,581 - INFO - f_best_current 11.09605598449707,f_min 10.29389999633895
2025-05-06 19:51:31,486 - INFO - tree_node.f_best:11.09605598449707,left_f_best13.759344100952148,right_f_best11.67355728149414,i:1
2025-05-06 19:51:56,271 - INFO - tree_node.f_best:11.09605598449707,left_f_best13.907493591308594,right_f_best11.582527160644531,i:2
2025-05-06 19:52:22,557 - INFO - tree_node.f_best:11.09605598449707,left_f_best13.717061996459961,right_f_best10.852113723754883,i:3
2025-05-06 19:52:36,180 - INFO - 添加左子节点，右子节点，len(queue):5
2025-05-06 19:52:36,180 - INFO - Node 1: k=1422.1415746347564, f_best=11.461196899414062, f_min=-1.816235144600796
2025-05-06 19:52:36,180 - INFO - Node 2: k=1156.2685194500666, f_best=13.43238639831543, f_min=-0.7341491503721045
2025-05-06 19:52:36,180 - INFO - Node 3: k=1399.0849085345808, f_best=11.428781509399414, f_min=2.9281829945757636
2025-05-06 19:52:36,180 - INFO - Node 4: k=593.3485776104011, f_best=13.479665756225586, f_min=10.642426090840672
2025-05-06 19:52:36,180 - INFO - Node 5: k=868.7216524793887, f_best=11.329606056213379, f_min=10.131146500687464
2025-05-06 19:52:36,180 - INFO - Node 6: k=445.79156845259274, f_best=13.640750885009766, f_min=11.154766940197078
2025-05-06 19:52:36,180 - INFO - Node 7: k=368.4227838451179, f_best=11.09605598449707, f_min=10.29389999633895
2025-05-06 19:52:36,180 - INFO - Node 8: k=1156.2685194500666, f_best=13.717061996459961, f_min=10.804067580651463
2025-05-06 19:52:36,180 - INFO - Node 9: k=868.7216524793876, f_best=10.852113723754883, f_min=7.276565310152364
2025-05-06 19:52:36,180 - INFO - cur_node_number 8,f_best 10.852113723754883,f_min 7.276565310152364,k 868.7216524793876
2025-05-06 19:52:36,180 - INFO - f_best_current 10.852113723754883,f_min 7.276565310152364
2025-05-06 19:52:36,180 - INFO - 回退,len(queue)=3
2025-05-06 19:53:00,298 - INFO - tree_node.f_best:11.09605598449707,left_f_best13.645119667053223,right_f_best11.508764266967773,i:1
2025-05-06 19:53:24,710 - INFO - tree_node.f_best:11.09605598449707,left_f_best13.845605850219727,right_f_best11.50561237335205,i:2
2025-05-06 19:53:50,990 - INFO - tree_node.f_best:11.09605598449707,left_f_best13.551820755004883,right_f_best11.489819526672363,i:3
2025-05-06 19:54:18,424 - INFO - tree_node.f_best:11.09605598449707,left_f_best13.320032119750977,right_f_best11.4190092086792,i:4
2025-05-06 19:54:47,059 - INFO - tree_node.f_best:11.09605598449707,left_f_best13.57780933380127,right_f_best11.373908996582031,i:5
2025-05-06 19:55:16,542 - INFO - tree_node.f_best:11.09605598449707,left_f_best13.239952087402344,right_f_best10.761140823364258,i:6
2025-05-06 19:55:27,875 - INFO - 添加左子节点，右子节点，len(queue):5
2025-05-06 19:55:27,875 - INFO - Node 1: k=1422.1415746347564, f_best=11.461196899414062, f_min=-1.816235144600796
2025-05-06 19:55:27,875 - INFO - Node 2: k=1156.2685194500666, f_best=13.43238639831543, f_min=-0.7341491503721045
2025-05-06 19:55:27,875 - INFO - Node 3: k=1399.0849085345808, f_best=11.428781509399414, f_min=2.9281829945757636
2025-05-06 19:55:27,875 - INFO - Node 4: k=593.3485776104011, f_best=13.479665756225586, f_min=10.642426090840672
2025-05-06 19:55:27,875 - INFO - Node 5: k=868.7216524793887, f_best=11.329606056213379, f_min=10.131146500687464
2025-05-06 19:55:27,875 - INFO - Node 6: k=445.79156845259274, f_best=13.640750885009766, f_min=11.154766940197078
2025-05-06 19:55:27,875 - INFO - Node 7: k=868.7216524793876, f_best=11.09605598449707, f_min=10.29389999633895
2025-05-06 19:55:27,890 - INFO - Node 8: k=445.79156845259274, f_best=13.239952087402344, f_min=12.22878181217493
2025-05-06 19:55:27,890 - INFO - Node 9: k=593.3485776104011, f_best=10.761140823364258, f_min=8.661817979476837
2025-05-06 19:55:27,890 - INFO - cur_node_number 9,f_best 10.761140823364258,f_min 8.661817979476837,k 593.3485776104011
2025-05-06 19:55:27,890 - INFO - f_best_current 10.761140823364258,f_min 8.661817979476837
2025-05-06 19:55:51,670 - INFO - tree_node.f_best:10.761140823364258,left_f_best13.54121208190918,right_f_best11.453364372253418,i:1
2025-05-06 19:56:16,877 - INFO - tree_node.f_best:10.761140823364258,left_f_best13.216733932495117,right_f_best11.558613777160645,i:2
2025-05-06 19:56:43,150 - INFO - tree_node.f_best:10.761140823364258,left_f_best13.91254711151123,right_f_best11.548868179321289,i:3
2025-05-06 19:57:10,679 - INFO - tree_node.f_best:10.761140823364258,left_f_best13.541743278503418,right_f_best11.009369850158691,i:4
2025-05-06 19:57:39,334 - INFO - tree_node.f_best:10.761140823364258,left_f_best13.306463241577148,right_f_best11.180205345153809,i:5
2025-05-06 19:58:08,546 - INFO - tree_node.f_best:10.761140823364258,left_f_best13.266693115234375,right_f_best11.34721565246582,i:6
2025-05-06 19:58:39,631 - INFO - tree_node.f_best:10.761140823364258,left_f_best13.602773666381836,right_f_best11.374072074890137,i:7
2025-05-06 19:59:11,953 - INFO - tree_node.f_best:10.761140823364258,left_f_best13.696256637573242,right_f_best11.278860092163086,i:8
2025-05-06 19:59:45,418 - INFO - tree_node.f_best:10.761140823364258,left_f_best13.833559036254883,right_f_best11.318498611450195,i:9
2025-05-06 20:00:19,859 - INFO - tree_node.f_best:10.761140823364258,left_f_best13.28575325012207,right_f_best10.731633186340332,i:10
2025-05-06 20:00:32,082 - INFO - 添加左子节点，右子节点，len(queue):6
2025-05-06 20:00:32,082 - INFO - Node 1: k=1422.1415746347564, f_best=11.461196899414062, f_min=-1.816235144600796
2025-05-06 20:00:32,082 - INFO - Node 2: k=1156.2685194500666, f_best=13.43238639831543, f_min=-0.7341491503721045
2025-05-06 20:00:32,082 - INFO - Node 3: k=1399.0849085345808, f_best=11.428781509399414, f_min=2.9281829945757636
2025-05-06 20:00:32,082 - INFO - Node 4: k=593.3485776104011, f_best=13.479665756225586, f_min=10.642426090840672
2025-05-06 20:00:32,082 - INFO - Node 5: k=868.7216524793887, f_best=11.329606056213379, f_min=10.131146500687464
2025-05-06 20:00:32,082 - INFO - Node 6: k=445.79156845259274, f_best=13.640750885009766, f_min=11.154766940197078
2025-05-06 20:00:32,082 - INFO - Node 7: k=868.7216524793876, f_best=11.09605598449707, f_min=10.29389999633895
2025-05-06 20:00:32,082 - INFO - Node 8: k=445.79156845259274, f_best=13.239952087402344, f_min=12.22878181217493
2025-05-06 20:00:32,082 - INFO - Node 9: k=593.3485776104011, f_best=10.761140823364258, f_min=8.661817979476837
2025-05-06 20:00:32,082 - INFO - Node 10: k=652.6834353714413, f_best=13.28575325012207, f_min=10.305526031830595
2025-05-06 20:00:32,082 - INFO - Node 11: k=717.9517789085846, f_best=10.731633186340332, f_min=9.399484055405992
2025-05-06 20:00:32,082 - INFO - cur_node_number 10,f_best 10.731633186340332,f_min 9.399484055405992,k 717.9517789085846
2025-05-06 20:00:32,082 - INFO - f_best_current 10.731633186340332,f_min 9.399484055405992
2025-05-06 20:00:32,082 - INFO - 回退,len(queue)=4
2025-05-06 20:00:55,714 - INFO - tree_node.f_best:10.761140823364258,left_f_best14.088974952697754,right_f_best11.457321166992188,i:1
2025-05-06 20:01:20,352 - INFO - tree_node.f_best:10.761140823364258,left_f_best13.799202919006348,right_f_best11.126527786254883,i:2
2025-05-06 20:01:46,816 - INFO - tree_node.f_best:10.761140823364258,left_f_best13.69164752960205,right_f_best11.086763381958008,i:3
2025-05-06 20:02:14,043 - INFO - tree_node.f_best:10.761140823364258,left_f_best13.597843170166016,right_f_best11.499025344848633,i:4
2025-05-06 20:02:42,631 - INFO - tree_node.f_best:10.761140823364258,left_f_best13.798168182373047,right_f_best11.338891983032227,i:5
2025-05-06 20:03:12,433 - INFO - tree_node.f_best:10.761140823364258,left_f_best13.773045539855957,right_f_best11.035280227661133,i:6
2025-05-06 20:03:43,063 - INFO - tree_node.f_best:10.761140823364258,left_f_best13.66520881652832,right_f_best11.446702003479004,i:7
2025-05-06 20:04:15,400 - INFO - tree_node.f_best:10.761140823364258,left_f_best13.542978286743164,right_f_best11.278447151184082,i:8
2025-05-06 20:04:48,520 - INFO - tree_node.f_best:10.761140823364258,left_f_best13.737409591674805,right_f_best11.389851570129395,i:9
2025-05-06 20:05:23,189 - INFO - tree_node.f_best:10.761140823364258,left_f_best13.657039642333984,right_f_best11.286027908325195,i:10
2025-05-06 20:05:58,725 - INFO - tree_node.f_best:10.761140823364258,left_f_best13.509781837463379,right_f_best11.262683868408203,i:11
2025-05-06 20:06:35,485 - INFO - tree_node.f_best:10.761140823364258,left_f_best13.443174362182617,right_f_best10.761140823364258,i:12
2025-05-06 20:06:48,767 - INFO - 添加左子节点，右子节点，len(queue):6
2025-05-06 20:06:48,767 - INFO - Node 1: k=1422.1415746347564, f_best=11.461196899414062, f_min=-1.816235144600796
2025-05-06 20:06:48,767 - INFO - Node 2: k=1156.2685194500666, f_best=13.43238639831543, f_min=-0.7341491503721045
2025-05-06 20:06:48,767 - INFO - Node 3: k=1399.0849085345808, f_best=11.428781509399414, f_min=2.9281829945757636
2025-05-06 20:06:48,767 - INFO - Node 4: k=593.3485776104011, f_best=13.479665756225586, f_min=10.642426090840672
2025-05-06 20:06:48,767 - INFO - Node 5: k=868.7216524793887, f_best=11.329606056213379, f_min=10.131146500687464
2025-05-06 20:06:48,767 - INFO - Node 6: k=445.79156845259274, f_best=13.640750885009766, f_min=11.154766940197078
2025-05-06 20:06:48,767 - INFO - Node 7: k=868.7216524793876, f_best=11.09605598449707, f_min=10.29389999633895
2025-05-06 20:06:48,767 - INFO - Node 8: k=445.79156845259274, f_best=13.239952087402344, f_min=12.22878181217493
2025-05-06 20:06:48,767 - INFO - Node 9: k=717.9517789085846, f_best=10.761140823364258, f_min=8.661817979476837
2025-05-06 20:06:48,767 - INFO - Node 10: k=1271.8953713950734, f_best=13.443174362182617, f_min=-3.021380090722232
2025-05-06 20:06:48,767 - INFO - Node 11: k=593.3485776104011, f_best=10.761140823364258, f_min=7.444696157719591
2025-05-06 20:06:48,767 - INFO - cur_node_number 11,f_best 10.761140823364258,f_min 7.444696157719591,k 593.3485776104011
2025-05-06 20:06:48,767 - INFO - f_best_current 10.761140823364258,f_min 7.444696157719591
2025-05-06 20:07:12,920 - INFO - tree_node.f_best:10.761140823364258,left_f_best13.96165657043457,right_f_best11.645261764526367,i:1
2025-05-06 20:07:37,932 - INFO - tree_node.f_best:10.761140823364258,left_f_best13.85409927368164,right_f_best11.11886978149414,i:2
2025-05-06 20:08:03,688 - INFO - tree_node.f_best:10.761140823364258,left_f_best13.63547134399414,right_f_best11.414766311645508,i:3
2025-05-06 20:08:31,196 - INFO - tree_node.f_best:10.761140823364258,left_f_best13.5687255859375,right_f_best11.628252029418945,i:4
2025-05-06 20:08:59,891 - INFO - tree_node.f_best:10.761140823364258,left_f_best13.535547256469727,right_f_best11.347460746765137,i:5
2025-05-06 20:09:29,792 - INFO - tree_node.f_best:10.761140823364258,left_f_best13.407129287719727,right_f_best11.387615203857422,i:6
2025-05-06 20:10:00,866 - INFO - tree_node.f_best:10.761140823364258,left_f_best13.418587684631348,right_f_best11.426403045654297,i:7
2025-05-06 20:10:32,744 - INFO - tree_node.f_best:10.761140823364258,left_f_best13.264959335327148,right_f_best11.372775077819824,i:8
2025-05-06 20:11:06,158 - INFO - tree_node.f_best:10.761140823364258,left_f_best13.54719352722168,right_f_best10.613819122314453,i:9
2025-05-06 20:11:16,109 - INFO - 添加左子节点，右子节点，len(queue):7
2025-05-06 20:11:16,109 - INFO - Node 1: k=1422.1415746347564, f_best=11.461196899414062, f_min=-1.816235144600796
2025-05-06 20:11:16,109 - INFO - Node 2: k=1156.2685194500666, f_best=13.43238639831543, f_min=-0.7341491503721045
2025-05-06 20:11:16,109 - INFO - Node 3: k=1399.0849085345808, f_best=11.428781509399414, f_min=2.9281829945757636
2025-05-06 20:11:16,109 - INFO - Node 4: k=593.3485776104011, f_best=13.479665756225586, f_min=10.642426090840672
2025-05-06 20:11:16,109 - INFO - Node 5: k=868.7216524793887, f_best=11.329606056213379, f_min=10.131146500687464
2025-05-06 20:11:16,109 - INFO - Node 6: k=445.79156845259274, f_best=13.640750885009766, f_min=11.154766940197078
2025-05-06 20:11:16,109 - INFO - Node 7: k=868.7216524793876, f_best=11.09605598449707, f_min=10.29389999633895
2025-05-06 20:11:16,109 - INFO - Node 8: k=445.79156845259274, f_best=13.239952087402344, f_min=12.22878181217493
2025-05-06 20:11:16,109 - INFO - Node 9: k=717.9517789085846, f_best=10.761140823364258, f_min=8.661817979476837
2025-05-06 20:11:16,109 - INFO - Node 10: k=1271.8953713950734, f_best=13.443174362182617, f_min=-3.021380090722232
2025-05-06 20:11:16,109 - INFO - Node 11: k=593.3485776104011, f_best=10.761140823364258, f_min=7.444696157719591
2025-05-06 20:11:16,109 - INFO - Node 12: k=445.79156845259274, f_best=13.54719352722168, f_min=12.976844372553387
2025-05-06 20:11:16,109 - INFO - Node 13: k=304.4816395414194, f_best=10.613819122314453, f_min=7.740237584174793
2025-05-06 20:11:16,109 - INFO - cur_node_number 12,f_best 10.613819122314453,f_min 7.740237584174793,k 304.4816395414194
2025-05-06 20:11:16,109 - INFO - f_best_current 10.613819122314453,f_min 7.740237584174793
2025-05-06 20:11:40,148 - INFO - tree_node.f_best:10.613819122314453,left_f_best13.84135913848877,right_f_best11.484112739562988,i:1
2025-05-06 20:12:05,108 - INFO - tree_node.f_best:10.613819122314453,left_f_best13.57451057434082,right_f_best11.538737297058105,i:2
2025-05-06 20:12:30,188 - INFO - tree_node.f_best:10.613819122314453,left_f_best13.801820755004883,right_f_best11.127998352050781,i:3
2025-05-06 20:12:56,625 - INFO - tree_node.f_best:10.613819122314453,left_f_best14.015840530395508,right_f_best11.405122756958008,i:4
2025-05-06 20:13:23,516 - INFO - tree_node.f_best:10.613819122314453,left_f_best13.72145938873291,right_f_best11.298007011413574,i:5
2025-05-06 20:13:51,830 - INFO - tree_node.f_best:10.613819122314453,left_f_best13.486488342285156,right_f_best11.346948623657227,i:6
2025-05-06 20:14:21,658 - INFO - tree_node.f_best:10.613819122314453,left_f_best13.446144104003906,right_f_best11.43045711517334,i:7
2025-05-06 20:14:52,437 - INFO - tree_node.f_best:10.613819122314453,left_f_best13.616878509521484,right_f_best10.72609806060791,i:8
2025-05-06 20:15:24,462 - INFO - tree_node.f_best:10.613819122314453,left_f_best13.575901985168457,right_f_best10.8390531539917,i:9
2025-05-06 20:15:57,871 - INFO - tree_node.f_best:10.613819122314453,left_f_best13.564502716064453,right_f_best10.806625366210938,i:10
2025-05-06 20:16:31,428 - INFO - tree_node.f_best:10.613819122314453,left_f_best13.445178985595703,right_f_best11.351043701171875,i:11
2025-05-06 20:17:06,556 - INFO - tree_node.f_best:10.613819122314453,left_f_best13.411389350891113,right_f_best10.613819122314453,i:12
2025-05-06 20:17:19,297 - INFO - 添加左子节点，右子节点，len(queue):8
2025-05-06 20:17:19,298 - INFO - Node 1: k=1422.1415746347564, f_best=11.461196899414062, f_min=-1.816235144600796
2025-05-06 20:17:19,298 - INFO - Node 2: k=1156.2685194500666, f_best=13.43238639831543, f_min=-0.7341491503721045
2025-05-06 20:17:19,298 - INFO - Node 3: k=1399.0849085345808, f_best=11.428781509399414, f_min=2.9281829945757636
2025-05-06 20:17:19,298 - INFO - Node 4: k=593.3485776104011, f_best=13.479665756225586, f_min=10.642426090840672
2025-05-06 20:17:19,298 - INFO - Node 5: k=868.7216524793887, f_best=11.329606056213379, f_min=10.131146500687464
2025-05-06 20:17:19,298 - INFO - Node 6: k=445.79156845259274, f_best=13.640750885009766, f_min=11.154766940197078
2025-05-06 20:17:19,298 - INFO - Node 7: k=868.7216524793876, f_best=11.09605598449707, f_min=10.29389999633895
2025-05-06 20:17:19,299 - INFO - Node 8: k=445.79156845259274, f_best=13.239952087402344, f_min=12.22878181217493
2025-05-06 20:17:19,299 - INFO - Node 9: k=717.9517789085846, f_best=10.761140823364258, f_min=8.661817979476837
2025-05-06 20:17:19,299 - INFO - Node 10: k=1271.8953713950734, f_best=13.443174362182617, f_min=-3.021380090722232
2025-05-06 20:17:19,299 - INFO - Node 11: k=593.3485776104011, f_best=10.761140823364258, f_min=7.444696157719591
2025-05-06 20:17:19,299 - INFO - Node 12: k=445.79156845259274, f_best=13.54719352722168, f_min=12.976844372553387
2025-05-06 20:17:19,299 - INFO - Node 13: k=304.4816395414194, f_best=10.613819122314453, f_min=7.740237584174793
2025-05-06 20:17:19,299 - INFO - Node 14: k=593.3485776104011, f_best=13.411389350891113, f_min=11.980172177230997
2025-05-06 20:17:19,299 - INFO - Node 15: k=1399.0849085345808, f_best=10.613819122314453, f_min=7.199218030815246
2025-05-06 20:17:19,300 - INFO - cur_node_number 13,f_best 10.613819122314453,f_min 7.199218030815246,k 1399.0849085345808
2025-05-06 20:17:19,300 - INFO - f_best_current 10.613819122314453,f_min 7.199218030815246
2025-05-06 20:17:19,300 - INFO - 回退,len(queue)=6
2025-05-06 20:17:19,300 - INFO - 回退,len(queue)=5
2025-05-06 20:17:19,300 - INFO - 回退,len(queue)=4
2025-05-06 20:17:19,300 - INFO - 回退,len(queue)=3
2025-05-06 20:17:19,301 - INFO - 回退,len(queue)=2
2025-05-06 20:17:42,698 - INFO - tree_node.f_best:11.329606056213379,left_f_best13.878174781799316,right_f_best11.547332763671875,i:1
2025-05-06 20:18:06,434 - INFO - tree_node.f_best:11.329606056213379,left_f_best13.65239429473877,right_f_best11.674728393554688,i:2
2025-05-06 20:18:31,485 - INFO - tree_node.f_best:11.329606056213379,left_f_best13.901865005493164,right_f_best11.414556503295898,i:3
2025-05-06 20:18:57,254 - INFO - tree_node.f_best:11.329606056213379,left_f_best13.441238403320312,right_f_best11.485038757324219,i:4
2025-05-06 20:19:24,767 - INFO - tree_node.f_best:11.329606056213379,left_f_best13.422370910644531,right_f_best10.89176082611084,i:5
2025-05-06 20:19:36,032 - INFO - 添加左子节点，右子节点，len(queue):4
2025-05-06 20:19:36,032 - INFO - Node 1: k=1422.1415746347564, f_best=11.461196899414062, f_min=-1.816235144600796
2025-05-06 20:19:36,032 - INFO - Node 2: k=1156.2685194500666, f_best=13.43238639831543, f_min=-0.7341491503721045
2025-05-06 20:19:36,032 - INFO - Node 3: k=1399.0849085345808, f_best=11.428781509399414, f_min=2.9281829945757636
2025-05-06 20:19:36,032 - INFO - Node 4: k=593.3485776104011, f_best=13.479665756225586, f_min=10.642426090840672
2025-05-06 20:19:36,033 - INFO - Node 5: k=1399.0849085345808, f_best=11.329606056213379, f_min=10.131146500687464
2025-05-06 20:19:36,033 - INFO - Node 6: k=593.3485776104011, f_best=13.422370910644531, f_min=10.574530182469971
2025-05-06 20:19:36,033 - INFO - Node 7: k=789.7469567994432, f_best=10.89176082611084, f_min=10.888239289413832
2025-05-06 20:19:36,033 - INFO - cur_node_number 14,f_best 10.89176082611084,f_min 10.888239289413832,k 789.7469567994432
2025-05-06 20:19:36,033 - INFO - f_best_current 10.89176082611084,f_min 10.888239289413832
2025-05-06 20:19:36,033 - INFO - bestx
2025-05-06 20:19:36,033 - INFO - [1.18076042e-02 4.99430784e-02 4.68219187e-02 4.87859318e-02
 4.33256948e-02 2.04740262e-03 4.58371872e-02 3.47903634e-05
 2.76113475e-05 1.82339301e-04 1.24105442e-02 4.97129081e-02
 4.89440280e-02 4.90605561e-02 1.36315788e-02 4.08973186e-02
 1.03792591e-02 4.14947807e-02 1.04695378e-02 4.90715267e-02
 4.96475128e-02 4.99995378e-02 4.99990039e-02 4.99985658e-02
 4.89857478e-02 4.99623299e-02 4.99253856e-02 4.98664901e-02
 1.08597095e-06 7.91550716e-03 4.90546304e-02 4.49465218e-03
 7.35758642e-02 3.47075352e-01 4.76063319e-02 2.87641502e-02
 1.21724530e-04 1.14483287e-05 1.38964754e-05 1.51712589e-06
 3.94421494e-05 8.86884534e-04 3.19323006e-03 3.30251667e-02
 4.98178633e-02 1.32591455e-05 4.50732517e-01 8.63932224e-01
 2.91215539e-01 1.50727836e-02 4.92076470e-02 4.99503728e-02
 4.99961603e-02 4.97037307e-02 4.93037809e-02 4.84247097e-02
 1.40870990e-02 4.49196702e-02 4.80273896e-02 1.91753002e-05
 4.99999960e-02 2.69545340e-01 5.46775857e-01 8.40690266e-01
 3.35538379e-01 4.99998800e-02 4.98978008e-02 4.83368330e-02
 6.81017584e-04 3.22167656e-04 3.33531706e-02 4.58148927e-02
 4.99921982e-02 4.99956155e-02 4.99964083e-02 4.47596633e-02
 4.99669706e-02 2.10768874e-01 8.46538578e-01 2.09120211e-01
 3.14783487e-05 3.74344316e-04 1.02836188e-04 4.70791962e-02
 1.27415858e-02 3.80139485e-03 3.23186660e-02 2.61580883e-03
 1.71364393e-04 1.09197461e-03 1.50401211e-02 3.14799303e-01
 7.61904161e-01 2.49867894e-01 4.11035042e-05 4.99970451e-02
 4.17897296e-02 4.98522458e-02 4.99594972e-02 4.77637765e-02
 2.88628554e-02 4.99672964e-02 1.14039406e-02 3.86027149e-01
 7.82397712e-01 5.50151540e-01 2.83517216e-01 4.99631551e-02
 1.04174122e-03 1.03715589e-03 1.03675568e-05 3.20562255e-03
 3.56165998e-03 9.45924146e-06 1.72055788e-03 8.98609907e-04
 2.91670630e-03 8.16667288e-01 7.81374250e-01 7.74464602e-01
 4.69323965e-01 1.37838930e-03 4.99957599e-02 4.93414086e-02
 4.95080733e-02 4.99999332e-02 3.39934283e-04 2.73591180e-02
 4.89256540e-02 4.98737438e-02 4.99999835e-02 7.34920999e-02
 5.35943208e-02 9.84637762e-02 8.96596994e-01 1.00844901e-01
 4.99766976e-02 4.99609201e-02 4.87697091e-02 4.99299023e-02
 4.97203359e-02 1.52309918e-02 4.84442344e-02 4.99162163e-02
 4.98828724e-02 4.95472533e-02 4.95668608e-02 4.65609434e-01
 5.00762511e-01 8.13275776e-06 1.11741581e-05 2.81294851e-05
 2.47540437e-05 3.42013046e-02 8.50382300e-06 1.62651781e-05
 4.75525290e-04 8.48081336e-05 1.25449869e-04 1.71759802e-01
 4.04906109e-01 7.30403103e-01 5.73229743e-02 4.99999942e-02
 1.98599289e-07 1.24377837e-03 3.02427171e-04 1.54974640e-04
 2.94126308e-02 2.35824818e-05 4.99952814e-02 2.58305035e-05
 6.86733564e-07 8.72683295e-02 3.46453790e-01 8.50444408e-02
 4.98903797e-02 4.94932263e-02 4.99677789e-02 4.99953253e-02
 4.99809704e-02 4.95815529e-02 4.99767654e-02 4.98284572e-02
 4.60790622e-02 1.99480343e-03 6.10951307e-04 6.68022605e-03
 6.42212438e-03 2.29652680e-04 4.26295070e-04 5.43798963e-04
 7.93275906e-05 1.79957506e-02 8.64147422e-05 1.77118630e-02]
2025-05-06 20:19:36,035 - INFO - 结束,fmin= 10.888239289413832, fbestmin=10.89176082611084
