2025-05-03 12:49:06,625 - INFO - Namespace(log_file='outputs/DNN3/img[0]/min/DNN3img0_label2.log', image_path='img[0].png', model_path='network/DNN3.pth', label=2, init_epsilon=0.05, epsilon=0.01, ep=1, min=1)
2025-05-03 12:49:06,640 - INFO - Model output max(1): torch.return_types.max(
values=tensor([24.2042], grad_fn=<MaxBackward0>),
indices=tensor([0]))
2025-05-03 12:49:13,419 - INFO - cur_node_number 1,f_best -1.3300697803497314,f_min -10.088840286742197,k 1271.574760463486
2025-05-03 12:49:13,419 - INFO - f_best_current -1.3300697803497314,f_min -10.088840286742197
2025-05-03 12:49:23,110 - INFO - tree_node.f_best*ep:-1.3300697803497314,left_f_best0.45119184255599976,right_f_best-1.3324495553970337,i:1
2025-05-03 12:50:12,690 - INFO - 添加左子节点，右子节点，len(queue):2
2025-05-03 12:50:12,690 - INFO - Node 1: k=1271.574760463486, f_best=-1.3300697803497314, f_min=-10.088840286742197
2025-05-03 12:50:12,690 - INFO - Node 2: k=282.98617164858365, f_best=0.45119184255599976, f_min=-4.245429059123126
2025-05-03 12:50:12,691 - INFO - Node 3: k=271.94414871472924, f_best=-1.3324495553970337, f_min=-6.0852296621833375
2025-05-03 12:50:12,691 - INFO - cur_node_number 2,f_best -1.3324495553970337,f_min -6.0852296621833375,k 271.94414871472924
2025-05-03 12:50:12,691 - INFO - f_best_current -1.3324495553970337,f_min -6.0852296621833375
2025-05-03 12:50:23,747 - INFO - tree_node.f_best*ep:-1.3324495553970337,left_f_best0.41411298513412476,right_f_best-1.353161334991455,i:1
2025-05-03 12:51:40,013 - INFO - 添加左子节点，右子节点，len(queue):3
2025-05-03 12:51:40,013 - INFO - Node 1: k=1271.574760463486, f_best=-1.3300697803497314, f_min=-10.088840286742197
2025-05-03 12:51:40,014 - INFO - Node 2: k=282.98617164858365, f_best=0.45119184255599976, f_min=-4.245429059123126
2025-05-03 12:51:40,014 - INFO - Node 3: k=271.94414871472924, f_best=-1.3324495553970337, f_min=-6.0852296621833375
2025-05-03 12:51:40,014 - INFO - Node 4: k=280.1843283649343, f_best=0.41411298513412476, f_min=-1.6925524921189208
2025-05-03 12:51:40,014 - INFO - Node 5: k=438.43544823104503, f_best=-1.353161334991455, f_min=-4.342091337397505
2025-05-03 12:51:40,014 - INFO - cur_node_number 3,f_best -1.353161334991455,f_min -4.342091337397505,k 438.43544823104503
2025-05-03 12:51:40,014 - INFO - f_best_current -1.353161334991455,f_min -4.342091337397505
2025-05-03 12:51:40,014 - INFO - 回退,len(queue)=1
2025-05-03 12:51:54,985 - INFO - tree_node.f_best*ep:-1.3324495553970337,left_f_best0.36977702379226685,right_f_best-1.3478317260742188,i:1
2025-05-03 12:52:55,764 - INFO - 添加左子节点，右子节点，len(queue):3
2025-05-03 12:52:55,764 - INFO - Node 1: k=1271.574760463486, f_best=-1.3300697803497314, f_min=-10.088840286742197
2025-05-03 12:52:55,764 - INFO - Node 2: k=282.98617164858365, f_best=0.45119184255599976, f_min=-4.245429059123126
2025-05-03 12:52:55,764 - INFO - Node 3: k=438.43544823104503, f_best=-1.3324495553970337, f_min=-6.0852296621833375
2025-05-03 12:52:55,764 - INFO - Node 4: k=219.74035239457834, f_best=0.36977702379226685, f_min=-1.908352393938003
2025-05-03 12:52:55,764 - INFO - Node 5: k=180.8437040385918, f_best=-1.3478317260742188, f_min=-3.1156820046808207
2025-05-03 12:52:55,764 - INFO - cur_node_number 4,f_best -1.3478317260742188,f_min -3.1156820046808207,k 180.8437040385918
2025-05-03 12:52:55,764 - INFO - f_best_current -1.3478317260742188,f_min -3.1156820046808207
2025-05-03 12:53:10,662 - INFO - tree_node.f_best*ep:-1.3478317260742188,left_f_best0.46251457929611206,right_f_best-1.3604226112365723,i:1
2025-05-03 12:54:16,348 - INFO - 添加左子节点，右子节点，len(queue):4
2025-05-03 12:54:16,348 - INFO - Node 1: k=1271.574760463486, f_best=-1.3300697803497314, f_min=-10.088840286742197
2025-05-03 12:54:16,348 - INFO - Node 2: k=282.98617164858365, f_best=0.45119184255599976, f_min=-4.245429059123126
2025-05-03 12:54:16,348 - INFO - Node 3: k=438.43544823104503, f_best=-1.3324495553970337, f_min=-6.0852296621833375
2025-05-03 12:54:16,348 - INFO - Node 4: k=219.74035239457834, f_best=0.36977702379226685, f_min=-1.908352393938003
2025-05-03 12:54:16,348 - INFO - Node 5: k=180.8437040385918, f_best=-1.3478317260742188, f_min=-3.1156820046808207
2025-05-03 12:54:16,348 - INFO - Node 6: k=296.17679562990287, f_best=0.46251457929611206, f_min=-2.3937118302637828
2025-05-03 12:54:16,348 - INFO - Node 7: k=190.06855044186992, f_best=-1.3604226112365723, f_min=-2.905789047311373
2025-05-03 12:54:16,348 - INFO - cur_node_number 5,f_best -1.3604226112365723,f_min -2.905789047311373,k 190.06855044186992
2025-05-03 12:54:16,348 - INFO - f_best_current -1.3604226112365723,f_min -2.905789047311373
2025-05-03 12:54:16,348 - INFO - 回退,len(queue)=2
2025-05-03 12:54:31,363 - INFO - tree_node.f_best*ep:-1.3478317260742188,left_f_best0.4208260178565979,right_f_best-1.3372294902801514,i:1
2025-05-03 12:54:46,947 - INFO - tree_node.f_best*ep:-1.3478317260742188,left_f_best0.4161922335624695,right_f_best-1.4677772521972656,i:2
2025-05-03 12:55:57,585 - INFO - 添加左子节点，右子节点，len(queue):4
2025-05-03 12:55:57,585 - INFO - Node 1: k=1271.574760463486, f_best=-1.3300697803497314, f_min=-10.088840286742197
2025-05-03 12:55:57,585 - INFO - Node 2: k=282.98617164858365, f_best=0.45119184255599976, f_min=-4.245429059123126
2025-05-03 12:55:57,585 - INFO - Node 3: k=438.43544823104503, f_best=-1.3324495553970337, f_min=-6.0852296621833375
2025-05-03 12:55:57,585 - INFO - Node 4: k=219.74035239457834, f_best=0.36977702379226685, f_min=-1.908352393938003
2025-05-03 12:55:57,585 - INFO - Node 5: k=190.06855044186992, f_best=-1.3478317260742188, f_min=-3.1156820046808207
2025-05-03 12:55:57,585 - INFO - Node 6: k=429.796537820846, f_best=0.4161922335624695, f_min=-3.096409138297531
2025-05-03 12:55:57,585 - INFO - Node 7: k=172.0665792124301, f_best=-1.4677772521972656, f_min=-1.713398983951265
2025-05-03 12:55:57,587 - INFO - cur_node_number 6,f_best -1.4677772521972656,f_min -1.713398983951265,k 172.0665792124301
2025-05-03 12:55:57,587 - INFO - f_best_current -1.4677772521972656,f_min -1.713398983951265
2025-05-03 12:56:12,471 - INFO - tree_node.f_best*ep:-1.4677772521972656,left_f_best0.4328623414039612,right_f_best-1.4006686210632324,i:1
2025-05-03 12:56:27,921 - INFO - tree_node.f_best*ep:-1.4677772521972656,left_f_best0.37617307901382446,right_f_best-1.4090789556503296,i:2
2025-05-03 12:56:44,142 - INFO - tree_node.f_best*ep:-1.4677772521972656,left_f_best0.3719235062599182,right_f_best-1.4064056873321533,i:3
2025-05-03 12:57:01,040 - INFO - tree_node.f_best*ep:-1.4677772521972656,left_f_best0.3702123761177063,right_f_best-1.4304656982421875,i:4
2025-05-03 12:57:18,582 - INFO - tree_node.f_best*ep:-1.4677772521972656,left_f_best0.31206387281417847,right_f_best-1.4804956912994385,i:5
2025-05-03 12:58:23,911 - INFO - 添加左子节点，右子节点，len(queue):5
2025-05-03 12:58:23,911 - INFO - Node 1: k=1271.574760463486, f_best=-1.3300697803497314, f_min=-10.088840286742197
2025-05-03 12:58:23,911 - INFO - Node 2: k=282.98617164858365, f_best=0.45119184255599976, f_min=-4.245429059123126
2025-05-03 12:58:23,911 - INFO - Node 3: k=438.43544823104503, f_best=-1.3324495553970337, f_min=-6.0852296621833375
2025-05-03 12:58:23,911 - INFO - Node 4: k=219.74035239457834, f_best=0.36977702379226685, f_min=-1.908352393938003
2025-05-03 12:58:23,911 - INFO - Node 5: k=190.06855044186992, f_best=-1.3478317260742188, f_min=-3.1156820046808207
2025-05-03 12:58:23,911 - INFO - Node 6: k=429.796537820846, f_best=0.4161922335624695, f_min=-3.096409138297531
2025-05-03 12:58:23,911 - INFO - Node 7: k=172.0665792124301, f_best=-1.4677772521972656, f_min=-1.713398983951265
2025-05-03 12:58:23,911 - INFO - Node 8: k=198.92807444245082, f_best=0.31206387281417847, f_min=-0.4021709584067139
2025-05-03 12:58:23,911 - INFO - Node 9: k=285.8160333650695, f_best=-1.4804956912994385, f_min=-2.175351139219856
2025-05-03 12:58:23,911 - INFO - cur_node_number 7,f_best -1.4804956912994385,f_min -2.175351139219856,k 285.8160333650695
2025-05-03 12:58:23,911 - INFO - f_best_current -1.4804956912994385,f_min -2.175351139219856
2025-05-03 12:58:23,911 - INFO - 回退,len(queue)=3
2025-05-03 12:58:23,911 - INFO - 回退,len(queue)=2
2025-05-03 12:58:38,928 - INFO - tree_node.f_best*ep:-1.3478317260742188,left_f_best0.42710286378860474,right_f_best-1.3903331756591797,i:1
2025-05-03 12:59:42,013 - INFO - 添加左子节点，右子节点，len(queue):4
2025-05-03 12:59:42,013 - INFO - Node 1: k=1271.574760463486, f_best=-1.3300697803497314, f_min=-10.088840286742197
2025-05-03 12:59:42,013 - INFO - Node 2: k=282.98617164858365, f_best=0.45119184255599976, f_min=-4.245429059123126
2025-05-03 12:59:42,013 - INFO - Node 3: k=438.43544823104503, f_best=-1.3324495553970337, f_min=-6.0852296621833375
2025-05-03 12:59:42,013 - INFO - Node 4: k=219.74035239457834, f_best=0.36977702379226685, f_min=-1.908352393938003
2025-05-03 12:59:42,013 - INFO - Node 5: k=285.8160333650695, f_best=-1.3478317260742188, f_min=-3.1156820046808207
2025-05-03 12:59:42,013 - INFO - Node 6: k=146.74203726746768, f_best=0.42710286378860474, f_min=-1.1216337992846093
2025-05-03 12:59:42,013 - INFO - Node 7: k=291.5609356357074, f_best=-1.3903331756591797, f_min=-1.6477937787949486
2025-05-03 12:59:42,013 - INFO - cur_node_number 8,f_best -1.3903331756591797,f_min -1.6477937787949486,k 291.5609356357074
2025-05-03 12:59:42,013 - INFO - f_best_current -1.3903331756591797,f_min -1.6477937787949486
2025-05-03 12:59:42,013 - INFO - 回退,len(queue)=2
2025-05-03 12:59:57,100 - INFO - tree_node.f_best*ep:-1.3478317260742188,left_f_best0.4412868618965149,right_f_best-1.2962026596069336,i:1
2025-05-03 13:00:12,518 - INFO - tree_node.f_best*ep:-1.3478317260742188,left_f_best0.3525245785713196,right_f_best-1.4155800342559814,i:2
2025-05-03 13:01:13,509 - INFO - 添加左子节点，右子节点，len(queue):4
2025-05-03 13:01:13,509 - INFO - Node 1: k=1271.574760463486, f_best=-1.3300697803497314, f_min=-10.088840286742197
2025-05-03 13:01:13,509 - INFO - Node 2: k=282.98617164858365, f_best=0.45119184255599976, f_min=-4.245429059123126
2025-05-03 13:01:13,509 - INFO - Node 3: k=438.43544823104503, f_best=-1.3324495553970337, f_min=-6.0852296621833375
2025-05-03 13:01:13,509 - INFO - Node 4: k=219.74035239457834, f_best=0.36977702379226685, f_min=-1.908352393938003
2025-05-03 13:01:13,509 - INFO - Node 5: k=291.5609356357074, f_best=-1.3478317260742188, f_min=-3.1156820046808207
2025-05-03 13:01:13,509 - INFO - Node 6: k=204.9557940261315, f_best=0.3525245785713196, f_min=-0.6622574184157202
2025-05-03 13:01:13,509 - INFO - Node 7: k=199.7639567223441, f_best=-1.4155800342559814, f_min=-2.4350613260239697
2025-05-03 13:01:13,509 - INFO - cur_node_number 9,f_best -1.4155800342559814,f_min -2.4350613260239697,k 199.7639567223441
2025-05-03 13:01:13,509 - INFO - f_best_current -1.4155800342559814,f_min -2.4350613260239697
2025-05-03 13:01:28,427 - INFO - tree_node.f_best*ep:-1.4155800342559814,left_f_best0.42042356729507446,right_f_best-1.2431972026824951,i:1
2025-05-03 13:01:44,036 - INFO - tree_node.f_best*ep:-1.4155800342559814,left_f_best0.37129849195480347,right_f_best-1.3743393421173096,i:2
2025-05-03 13:02:00,429 - INFO - tree_node.f_best*ep:-1.4155800342559814,left_f_best0.31365305185317993,right_f_best-1.464552640914917,i:3
2025-05-03 13:03:16,227 - INFO - 添加左子节点，右子节点，len(queue):5
2025-05-03 13:03:16,227 - INFO - Node 1: k=1271.574760463486, f_best=-1.3300697803497314, f_min=-10.088840286742197
2025-05-03 13:03:16,227 - INFO - Node 2: k=282.98617164858365, f_best=0.45119184255599976, f_min=-4.245429059123126
2025-05-03 13:03:16,227 - INFO - Node 3: k=438.43544823104503, f_best=-1.3324495553970337, f_min=-6.0852296621833375
2025-05-03 13:03:16,227 - INFO - Node 4: k=219.74035239457834, f_best=0.36977702379226685, f_min=-1.908352393938003
2025-05-03 13:03:16,227 - INFO - Node 5: k=291.5609356357074, f_best=-1.3478317260742188, f_min=-3.1156820046808207
2025-05-03 13:03:16,227 - INFO - Node 6: k=204.9557940261315, f_best=0.3525245785713196, f_min=-0.6622574184157202
2025-05-03 13:03:16,227 - INFO - Node 7: k=199.7639567223441, f_best=-1.4155800342559814, f_min=-2.4350613260239697
2025-05-03 13:03:16,227 - INFO - Node 8: k=408.93665838871124, f_best=0.31365305185317993, f_min=-1.3120555803543539
2025-05-03 13:03:16,227 - INFO - Node 9: k=282.98617164858365, f_best=-1.464552640914917, f_min=-4.346083120284675
2025-05-03 13:03:16,227 - INFO - cur_node_number 10,f_best -1.464552640914917,f_min -4.346083120284675,k 282.98617164858365
2025-05-03 13:03:16,227 - INFO - f_best_current -1.464552640914917,f_min -4.346083120284675
2025-05-03 13:03:16,227 - INFO - 回退,len(queue)=3
2025-05-03 13:03:31,104 - INFO - tree_node.f_best*ep:-1.4155800342559814,left_f_best0.42232435941696167,right_f_best-1.317172884941101,i:1
2025-05-03 13:03:46,658 - INFO - tree_node.f_best*ep:-1.4155800342559814,left_f_best0.39255088567733765,right_f_best-1.3958039283752441,i:2
2025-05-03 13:04:02,884 - INFO - tree_node.f_best*ep:-1.4155800342559814,left_f_best0.36984139680862427,right_f_best-1.467893123626709,i:3
2025-05-03 13:05:07,718 - INFO - 添加左子节点，右子节点，len(queue):5
2025-05-03 13:05:07,718 - INFO - Node 1: k=1271.574760463486, f_best=-1.3300697803497314, f_min=-10.088840286742197
2025-05-03 13:05:07,718 - INFO - Node 2: k=282.98617164858365, f_best=0.45119184255599976, f_min=-4.245429059123126
2025-05-03 13:05:07,718 - INFO - Node 3: k=438.43544823104503, f_best=-1.3324495553970337, f_min=-6.0852296621833375
2025-05-03 13:05:07,718 - INFO - Node 4: k=219.74035239457834, f_best=0.36977702379226685, f_min=-1.908352393938003
2025-05-03 13:05:07,718 - INFO - Node 5: k=291.5609356357074, f_best=-1.3478317260742188, f_min=-3.1156820046808207
2025-05-03 13:05:07,718 - INFO - Node 6: k=204.9557940261315, f_best=0.3525245785713196, f_min=-0.6622574184157202
2025-05-03 13:05:07,718 - INFO - Node 7: k=282.98617164858365, f_best=-1.4155800342559814, f_min=-2.4350613260239697
2025-05-03 13:05:07,718 - INFO - Node 8: k=193.07762920005982, f_best=0.36984139680862427, f_min=-2.9996008874413747
2025-05-03 13:05:07,718 - INFO - Node 9: k=274.66359020187656, f_best=-1.467893123626709, f_min=-5.899517220319467
2025-05-03 13:05:07,718 - INFO - cur_node_number 11,f_best -1.467893123626709,f_min -5.899517220319467,k 274.66359020187656
2025-05-03 13:05:07,718 - INFO - f_best_current -1.467893123626709,f_min -5.899517220319467
2025-05-03 13:05:22,545 - INFO - tree_node.f_best*ep:-1.467893123626709,left_f_best0.39248722791671753,right_f_best-1.3229641914367676,i:1
2025-05-03 13:05:37,874 - INFO - tree_node.f_best*ep:-1.467893123626709,left_f_best0.3477185368537903,right_f_best-1.4165403842926025,i:2
2025-05-03 13:05:54,060 - INFO - tree_node.f_best*ep:-1.467893123626709,left_f_best0.35716956853866577,right_f_best-1.3824098110198975,i:3
2025-05-03 13:06:11,211 - INFO - tree_node.f_best*ep:-1.467893123626709,left_f_best0.37305206060409546,right_f_best-1.4704070091247559,i:4
2025-05-03 13:07:20,877 - INFO - 添加左子节点，右子节点，len(queue):6
2025-05-03 13:07:20,877 - INFO - Node 1: k=1271.574760463486, f_best=-1.3300697803497314, f_min=-10.088840286742197
2025-05-03 13:07:20,877 - INFO - Node 2: k=282.98617164858365, f_best=0.45119184255599976, f_min=-4.245429059123126
2025-05-03 13:07:20,877 - INFO - Node 3: k=438.43544823104503, f_best=-1.3324495553970337, f_min=-6.0852296621833375
2025-05-03 13:07:20,877 - INFO - Node 4: k=219.74035239457834, f_best=0.36977702379226685, f_min=-1.908352393938003
2025-05-03 13:07:20,877 - INFO - Node 5: k=291.5609356357074, f_best=-1.3478317260742188, f_min=-3.1156820046808207
2025-05-03 13:07:20,877 - INFO - Node 6: k=204.9557940261315, f_best=0.3525245785713196, f_min=-0.6622574184157202
2025-05-03 13:07:20,877 - INFO - Node 7: k=282.98617164858365, f_best=-1.4155800342559814, f_min=-2.4350613260239697
2025-05-03 13:07:20,877 - INFO - Node 8: k=193.07762920005982, f_best=0.36984139680862427, f_min=-2.9996008874413747
2025-05-03 13:07:20,877 - INFO - Node 9: k=274.66359020187656, f_best=-1.467893123626709, f_min=-5.899517220319467
2025-05-03 13:07:20,877 - INFO - Node 10: k=201.76159628956754, f_best=0.37305206060409546, f_min=0.11925346491898381
2025-05-03 13:07:20,877 - INFO - Node 11: k=341.87812682040357, f_best=-1.4704070091247559, f_min=-4.33483163926212
2025-05-03 13:07:20,877 - INFO - cur_node_number 12,f_best -1.4704070091247559,f_min -4.33483163926212,k 341.87812682040357
2025-05-03 13:07:20,877 - INFO - f_best_current -1.4704070091247559,f_min -4.33483163926212
2025-05-03 13:07:20,877 - INFO - 回退,len(queue)=4
2025-05-03 13:07:20,877 - INFO - 回退,len(queue)=3
2025-05-03 13:07:20,877 - INFO - 回退,len(queue)=2
2025-05-03 13:07:35,938 - INFO - tree_node.f_best*ep:-1.3478317260742188,left_f_best0.38725537061691284,right_f_best-1.3001866340637207,i:1
2025-05-03 13:07:51,673 - INFO - tree_node.f_best*ep:-1.3478317260742188,left_f_best0.4770365357398987,right_f_best-1.3732966184616089,i:2
2025-05-03 13:08:58,645 - INFO - 添加左子节点，右子节点，len(queue):4
2025-05-03 13:08:58,645 - INFO - Node 1: k=1271.574760463486, f_best=-1.3300697803497314, f_min=-10.088840286742197
2025-05-03 13:08:58,645 - INFO - Node 2: k=282.98617164858365, f_best=0.45119184255599976, f_min=-4.245429059123126
2025-05-03 13:08:58,645 - INFO - Node 3: k=438.43544823104503, f_best=-1.3324495553970337, f_min=-6.0852296621833375
2025-05-03 13:08:58,645 - INFO - Node 4: k=219.74035239457834, f_best=0.36977702379226685, f_min=-1.908352393938003
2025-05-03 13:08:58,645 - INFO - Node 5: k=341.87812682040357, f_best=-1.3478317260742188, f_min=-3.1156820046808207
2025-05-03 13:08:58,645 - INFO - Node 6: k=231.9197521565174, f_best=0.4770365357398987, f_min=-0.7954422351367612
2025-05-03 13:08:58,645 - INFO - Node 7: k=258.74552644749184, f_best=-1.3732966184616089, f_min=-1.79183447244759
2025-05-03 13:08:58,645 - INFO - cur_node_number 13,f_best -1.3732966184616089,f_min -1.79183447244759,k 258.74552644749184
2025-05-03 13:08:58,645 - INFO - f_best_current -1.3732966184616089,f_min -1.79183447244759
2025-05-03 13:09:13,588 - INFO - tree_node.f_best*ep:-1.3732966184616089,left_f_best0.4844486117362976,right_f_best-1.3768537044525146,i:1
2025-05-03 13:10:26,362 - INFO - 添加左子节点，右子节点，len(queue):5
2025-05-03 13:10:26,362 - INFO - Node 1: k=1271.574760463486, f_best=-1.3300697803497314, f_min=-10.088840286742197
2025-05-03 13:10:26,362 - INFO - Node 2: k=282.98617164858365, f_best=0.45119184255599976, f_min=-4.245429059123126
2025-05-03 13:10:26,362 - INFO - Node 3: k=438.43544823104503, f_best=-1.3324495553970337, f_min=-6.0852296621833375
2025-05-03 13:10:26,362 - INFO - Node 4: k=219.74035239457834, f_best=0.36977702379226685, f_min=-1.908352393938003
2025-05-03 13:10:26,362 - INFO - Node 5: k=341.87812682040357, f_best=-1.3478317260742188, f_min=-3.1156820046808207
2025-05-03 13:10:26,362 - INFO - Node 6: k=231.9197521565174, f_best=0.4770365357398987, f_min=-0.7954422351367612
2025-05-03 13:10:26,362 - INFO - Node 7: k=258.74552644749184, f_best=-1.3732966184616089, f_min=-1.79183447244759
2025-05-03 13:10:26,362 - INFO - Node 8: k=269.25163239082104, f_best=0.4844486117362976, f_min=-2.670363574356088
2025-05-03 13:10:26,362 - INFO - Node 9: k=352.23737594118865, f_best=-1.3768537044525146, f_min=-6.356231962721722
2025-05-03 13:10:26,362 - INFO - cur_node_number 14,f_best -1.3768537044525146,f_min -6.356231962721722,k 352.23737594118865
2025-05-03 13:10:26,362 - INFO - f_best_current -1.3768537044525146,f_min -6.356231962721722
2025-05-03 13:10:26,362 - INFO - 回退,len(queue)=3
2025-05-03 13:10:26,362 - INFO - 回退,len(queue)=2
2025-05-03 13:10:41,345 - INFO - tree_node.f_best*ep:-1.3478317260742188,left_f_best0.4648844599723816,right_f_best-1.3100727796554565,i:1
2025-05-03 13:10:56,716 - INFO - tree_node.f_best*ep:-1.3478317260742188,left_f_best0.45055586099624634,right_f_best-1.4357936382293701,i:2
2025-05-03 13:12:04,879 - INFO - 添加左子节点，右子节点，len(queue):4
2025-05-03 13:12:04,879 - INFO - Node 1: k=1271.574760463486, f_best=-1.3300697803497314, f_min=-10.088840286742197
2025-05-03 13:12:04,879 - INFO - Node 2: k=282.98617164858365, f_best=0.45119184255599976, f_min=-4.245429059123126
2025-05-03 13:12:04,879 - INFO - Node 3: k=438.43544823104503, f_best=-1.3324495553970337, f_min=-6.0852296621833375
2025-05-03 13:12:04,895 - INFO - Node 4: k=219.74035239457834, f_best=0.36977702379226685, f_min=-1.908352393938003
2025-05-03 13:12:04,895 - INFO - Node 5: k=352.23737594118865, f_best=-1.3478317260742188, f_min=-3.1156820046808207
2025-05-03 13:12:04,895 - INFO - Node 6: k=350.76349153433017, f_best=0.45055586099624634, f_min=-2.084695953897608
2025-05-03 13:12:04,895 - INFO - Node 7: k=228.66269186061132, f_best=-1.4357936382293701, f_min=-3.3441494137496193
2025-05-03 13:12:04,895 - INFO - cur_node_number 15,f_best -1.4357936382293701,f_min -3.3441494137496193,k 228.66269186061132
2025-05-03 13:12:04,895 - INFO - f_best_current -1.4357936382293701,f_min -3.3441494137496193
2025-05-03 13:12:19,741 - INFO - tree_node.f_best*ep:-1.4357936382293701,left_f_best0.419908344745636,right_f_best-1.3416310548782349,i:1
2025-05-03 13:12:35,161 - INFO - tree_node.f_best*ep:-1.4357936382293701,left_f_best0.3943172097206116,right_f_best-1.3646074533462524,i:2
2025-05-03 13:12:51,370 - INFO - tree_node.f_best*ep:-1.4357936382293701,left_f_best0.3566635251045227,right_f_best-1.456517219543457,i:3
2025-05-03 13:13:57,655 - INFO - 添加左子节点，右子节点，len(queue):5
2025-05-03 13:13:57,655 - INFO - Node 1: k=1271.574760463486, f_best=-1.3300697803497314, f_min=-10.088840286742197
2025-05-03 13:13:57,655 - INFO - Node 2: k=282.98617164858365, f_best=0.45119184255599976, f_min=-4.245429059123126
2025-05-03 13:13:57,655 - INFO - Node 3: k=438.43544823104503, f_best=-1.3324495553970337, f_min=-6.0852296621833375
2025-05-03 13:13:57,655 - INFO - Node 4: k=219.74035239457834, f_best=0.36977702379226685, f_min=-1.908352393938003
2025-05-03 13:13:57,655 - INFO - Node 5: k=352.23737594118865, f_best=-1.3478317260742188, f_min=-3.1156820046808207
2025-05-03 13:13:57,655 - INFO - Node 6: k=350.76349153433017, f_best=0.45055586099624634, f_min=-2.084695953897608
2025-05-03 13:13:57,655 - INFO - Node 7: k=228.66269186061132, f_best=-1.4357936382293701, f_min=-3.3441494137496193
2025-05-03 13:13:57,655 - INFO - Node 8: k=245.15735565171326, f_best=0.3566635251045227, f_min=-2.623062496222701
2025-05-03 13:13:57,655 - INFO - Node 9: k=241.33662409227819, f_best=-1.456517219543457, f_min=-1.7851382968183316
2025-05-03 13:13:57,655 - INFO - cur_node_number 16,f_best -1.456517219543457,f_min -1.7851382968183316,k 241.33662409227819
2025-05-03 13:13:57,655 - INFO - f_best_current -1.456517219543457,f_min -1.7851382968183316
2025-05-03 13:13:57,655 - INFO - 回退,len(queue)=3
2025-05-03 13:14:12,658 - INFO - tree_node.f_best*ep:-1.4357936382293701,left_f_best0.45113855600357056,right_f_best-1.3753740787506104,i:1
2025-05-03 13:14:28,179 - INFO - tree_node.f_best*ep:-1.4357936382293701,left_f_best0.37927907705307007,right_f_best-1.3850059509277344,i:2
2025-05-03 13:14:44,465 - INFO - tree_node.f_best*ep:-1.4357936382293701,left_f_best0.40506619215011597,right_f_best-1.4294451475143433,i:3
2025-05-03 13:15:01,394 - INFO - tree_node.f_best*ep:-1.4357936382293701,left_f_best0.3194659352302551,right_f_best-1.389288067817688,i:4
2025-05-03 13:15:19,043 - INFO - tree_node.f_best*ep:-1.4357936382293701,left_f_best0.29192131757736206,right_f_best-1.5192139148712158,i:5
2025-05-03 13:16:26,888 - INFO - 添加左子节点，右子节点，len(queue):5
2025-05-03 13:16:26,888 - INFO - Node 1: k=1271.574760463486, f_best=-1.3300697803497314, f_min=-10.088840286742197
2025-05-03 13:16:26,888 - INFO - Node 2: k=282.98617164858365, f_best=0.45119184255599976, f_min=-4.245429059123126
2025-05-03 13:16:26,888 - INFO - Node 3: k=438.43544823104503, f_best=-1.3324495553970337, f_min=-6.0852296621833375
2025-05-03 13:16:26,888 - INFO - Node 4: k=219.74035239457834, f_best=0.36977702379226685, f_min=-1.908352393938003
2025-05-03 13:16:26,888 - INFO - Node 5: k=352.23737594118865, f_best=-1.3478317260742188, f_min=-3.1156820046808207
2025-05-03 13:16:26,888 - INFO - Node 6: k=350.76349153433017, f_best=0.45055586099624634, f_min=-2.084695953897608
2025-05-03 13:16:26,888 - INFO - Node 7: k=241.33662409227819, f_best=-1.4357936382293701, f_min=-3.3441494137496193
2025-05-03 13:16:26,888 - INFO - Node 8: k=268.1249893665208, f_best=0.29192131757736206, f_min=-3.8040111953341693
2025-05-03 13:16:26,888 - INFO - Node 9: k=261.33298171196674, f_best=-1.5192139148712158, f_min=-4.2704957405912864
2025-05-03 13:16:26,888 - INFO - cur_node_number 17,f_best -1.5192139148712158,f_min -4.2704957405912864,k 261.33298171196674
2025-05-03 13:16:26,888 - INFO - f_best_current -1.5192139148712158,f_min -4.2704957405912864
2025-05-03 13:16:26,888 - INFO - 回退,len(queue)=3
2025-05-03 13:16:41,727 - INFO - tree_node.f_best*ep:-1.4357936382293701,left_f_best0.499040424823761,right_f_best-1.2875542640686035,i:1
2025-05-03 13:16:57,317 - INFO - tree_node.f_best*ep:-1.4357936382293701,left_f_best0.43976491689682007,right_f_best-1.4931857585906982,i:2
2025-05-03 13:18:02,869 - INFO - 添加左子节点，右子节点，len(queue):5
2025-05-03 13:18:02,869 - INFO - Node 1: k=1271.574760463486, f_best=-1.3300697803497314, f_min=-10.088840286742197
2025-05-03 13:18:02,869 - INFO - Node 2: k=282.98617164858365, f_best=0.45119184255599976, f_min=-4.245429059123126
2025-05-03 13:18:02,869 - INFO - Node 3: k=438.43544823104503, f_best=-1.3324495553970337, f_min=-6.0852296621833375
2025-05-03 13:18:02,869 - INFO - Node 4: k=219.74035239457834, f_best=0.36977702379226685, f_min=-1.908352393938003
2025-05-03 13:18:02,869 - INFO - Node 5: k=352.23737594118865, f_best=-1.3478317260742188, f_min=-3.1156820046808207
2025-05-03 13:18:02,869 - INFO - Node 6: k=350.76349153433017, f_best=0.45055586099624634, f_min=-2.084695953897608
2025-05-03 13:18:02,869 - INFO - Node 7: k=261.33298171196674, f_best=-1.4357936382293701, f_min=-3.3441494137496193
2025-05-03 13:18:02,869 - INFO - Node 8: k=256.1836895519721, f_best=0.43976491689682007, f_min=0.09941474728839239
2025-05-03 13:18:02,869 - INFO - Node 9: k=199.7639567223441, f_best=-1.4931857585906982, f_min=-1.7936132108752645
2025-05-03 13:18:02,885 - INFO - cur_node_number 18,f_best -1.4931857585906982,f_min -1.7936132108752645,k 199.7639567223441
2025-05-03 13:18:02,885 - INFO - f_best_current -1.4931857585906982,f_min -1.7936132108752645
2025-05-03 13:18:17,914 - INFO - tree_node.f_best*ep:-1.4931857585906982,left_f_best0.41053658723831177,right_f_best-1.3856133222579956,i:1
2025-05-03 13:18:33,437 - INFO - tree_node.f_best*ep:-1.4931857585906982,left_f_best0.3507623076438904,right_f_best-1.3242549896240234,i:2
2025-05-03 13:18:49,698 - INFO - tree_node.f_best*ep:-1.4931857585906982,left_f_best0.3532392382621765,right_f_best-1.4112162590026855,i:3
2025-05-03 13:19:06,680 - INFO - tree_node.f_best*ep:-1.4931857585906982,left_f_best0.35506826639175415,right_f_best-1.4494693279266357,i:4
2025-05-03 13:19:24,323 - INFO - tree_node.f_best*ep:-1.4931857585906982,left_f_best0.31500178575515747,right_f_best-1.47402822971344,i:5
2025-05-03 13:19:42,719 - INFO - tree_node.f_best*ep:-1.4931857585906982,left_f_best0.3228045105934143,right_f_best-1.5109233856201172,i:6
2025-05-03 13:20:53,340 - INFO - 添加左子节点，右子节点，len(queue):6
2025-05-03 13:20:53,340 - INFO - Node 1: k=1271.574760463486, f_best=-1.3300697803497314, f_min=-10.088840286742197
2025-05-03 13:20:53,340 - INFO - Node 2: k=282.98617164858365, f_best=0.45119184255599976, f_min=-4.245429059123126
2025-05-03 13:20:53,340 - INFO - Node 3: k=438.43544823104503, f_best=-1.3324495553970337, f_min=-6.0852296621833375
2025-05-03 13:20:53,340 - INFO - Node 4: k=219.74035239457834, f_best=0.36977702379226685, f_min=-1.908352393938003
2025-05-03 13:20:53,340 - INFO - Node 5: k=352.23737594118865, f_best=-1.3478317260742188, f_min=-3.1156820046808207
2025-05-03 13:20:53,340 - INFO - Node 6: k=350.76349153433017, f_best=0.45055586099624634, f_min=-2.084695953897608
2025-05-03 13:20:53,340 - INFO - Node 7: k=261.33298171196674, f_best=-1.4357936382293701, f_min=-3.3441494137496193
2025-05-03 13:20:53,340 - INFO - Node 8: k=256.1836895519721, f_best=0.43976491689682007, f_min=0.09941474728839239
2025-05-03 13:20:53,340 - INFO - Node 9: k=199.7639567223441, f_best=-1.4931857585906982, f_min=-1.7936132108752645
2025-05-03 13:20:53,340 - INFO - Node 10: k=348.7498771694937, f_best=0.3228045105934143, f_min=-2.2608299502207956
2025-05-03 13:20:53,340 - INFO - Node 11: k=250.08501850031269, f_best=-1.5109233856201172, f_min=-2.1010584888845187
2025-05-03 13:20:53,340 - INFO - cur_node_number 19,f_best -1.5109233856201172,f_min -2.1010584888845187,k 250.08501850031269
2025-05-03 13:20:53,340 - INFO - f_best_current -1.5109233856201172,f_min -2.1010584888845187
2025-05-03 13:20:53,340 - INFO - 回退,len(queue)=4
2025-05-03 13:21:08,277 - INFO - tree_node.f_best*ep:-1.4931857585906982,left_f_best0.49379783868789673,right_f_best-1.3230838775634766,i:1
2025-05-03 13:21:23,774 - INFO - tree_node.f_best*ep:-1.4931857585906982,left_f_best0.34396892786026,right_f_best-1.3426662683486938,i:2
2025-05-03 13:21:39,998 - INFO - tree_node.f_best*ep:-1.4931857585906982,left_f_best0.44145911931991577,right_f_best-1.379921555519104,i:3
2025-05-03 13:21:56,969 - INFO - tree_node.f_best*ep:-1.4931857585906982,left_f_best0.38238948583602905,right_f_best-1.4247676134109497,i:4
2025-05-03 13:22:14,590 - INFO - tree_node.f_best*ep:-1.4931857585906982,left_f_best0.27187544107437134,right_f_best-1.4405760765075684,i:5
2025-05-03 13:22:32,965 - INFO - tree_node.f_best*ep:-1.4931857585906982,left_f_best0.2905580401420593,right_f_best-1.4838075637817383,i:6
2025-05-03 13:22:52,087 - INFO - tree_node.f_best*ep:-1.4931857585906982,left_f_best0.3720002770423889,right_f_best-1.4936704635620117,i:7
2025-05-03 13:23:56,733 - INFO - 添加左子节点，右子节点，len(queue):6
2025-05-03 13:23:56,733 - INFO - Node 1: k=1271.574760463486, f_best=-1.3300697803497314, f_min=-10.088840286742197
2025-05-03 13:23:56,733 - INFO - Node 2: k=282.98617164858365, f_best=0.45119184255599976, f_min=-4.245429059123126
2025-05-03 13:23:56,733 - INFO - Node 3: k=438.43544823104503, f_best=-1.3324495553970337, f_min=-6.0852296621833375
2025-05-03 13:23:56,733 - INFO - Node 4: k=219.74035239457834, f_best=0.36977702379226685, f_min=-1.908352393938003
2025-05-03 13:23:56,733 - INFO - Node 5: k=352.23737594118865, f_best=-1.3478317260742188, f_min=-3.1156820046808207
2025-05-03 13:23:56,733 - INFO - Node 6: k=350.76349153433017, f_best=0.45055586099624634, f_min=-2.084695953897608
2025-05-03 13:23:56,733 - INFO - Node 7: k=261.33298171196674, f_best=-1.4357936382293701, f_min=-3.3441494137496193
2025-05-03 13:23:56,733 - INFO - Node 8: k=256.1836895519721, f_best=0.43976491689682007, f_min=0.09941474728839239
2025-05-03 13:23:56,733 - INFO - Node 9: k=250.08501850031269, f_best=-1.4931857585906982, f_min=-1.7936132108752645
2025-05-03 13:23:56,733 - INFO - Node 10: k=207.8751744187377, f_best=0.3720002770423889, f_min=0.3232452412694329
2025-05-03 13:23:56,733 - INFO - Node 11: k=238.94715256661206, f_best=-1.4936704635620117, f_min=-8.018941550875752
2025-05-03 13:23:56,733 - INFO - cur_node_number 20,f_best -1.4936704635620117,f_min -8.018941550875752,k 238.94715256661206
2025-05-03 13:23:56,733 - INFO - f_best_current -1.4936704635620117,f_min -8.018941550875752
2025-05-03 13:24:11,856 - INFO - tree_node.f_best*ep:-1.4936704635620117,left_f_best0.4023774266242981,right_f_best-1.3689063787460327,i:1
2025-05-03 13:24:27,523 - INFO - tree_node.f_best*ep:-1.4936704635620117,left_f_best0.3949015736579895,right_f_best-1.4052255153656006,i:2
2025-05-03 13:24:43,934 - INFO - tree_node.f_best*ep:-1.4936704635620117,left_f_best0.3941647410392761,right_f_best-1.4556806087493896,i:3
2025-05-03 13:25:01,061 - INFO - tree_node.f_best*ep:-1.4936704635620117,left_f_best0.3459121584892273,right_f_best-1.436861276626587,i:4
2025-05-03 13:25:18,929 - INFO - tree_node.f_best*ep:-1.4936704635620117,left_f_best0.35255616903305054,right_f_best-1.4306498765945435,i:5
2025-05-03 13:25:37,442 - INFO - tree_node.f_best*ep:-1.4936704635620117,left_f_best0.24625663459300995,right_f_best-1.473010778427124,i:6
2025-05-03 13:25:56,733 - INFO - tree_node.f_best*ep:-1.4936704635620117,left_f_best0.3046112656593323,right_f_best-1.508506417274475,i:7
2025-05-03 13:27:02,432 - INFO - 添加左子节点，右子节点，len(queue):7
2025-05-03 13:27:02,432 - INFO - Node 1: k=1271.574760463486, f_best=-1.3300697803497314, f_min=-10.088840286742197
2025-05-03 13:27:02,432 - INFO - Node 2: k=282.98617164858365, f_best=0.45119184255599976, f_min=-4.245429059123126
2025-05-03 13:27:02,432 - INFO - Node 3: k=438.43544823104503, f_best=-1.3324495553970337, f_min=-6.0852296621833375
2025-05-03 13:27:02,432 - INFO - Node 4: k=219.74035239457834, f_best=0.36977702379226685, f_min=-1.908352393938003
2025-05-03 13:27:02,432 - INFO - Node 5: k=352.23737594118865, f_best=-1.3478317260742188, f_min=-3.1156820046808207
2025-05-03 13:27:02,432 - INFO - Node 6: k=350.76349153433017, f_best=0.45055586099624634, f_min=-2.084695953897608
2025-05-03 13:27:02,432 - INFO - Node 7: k=261.33298171196674, f_best=-1.4357936382293701, f_min=-3.3441494137496193
2025-05-03 13:27:02,432 - INFO - Node 8: k=256.1836895519721, f_best=0.43976491689682007, f_min=0.09941474728839239
2025-05-03 13:27:02,432 - INFO - Node 9: k=250.08501850031269, f_best=-1.4931857585906982, f_min=-1.7936132108752645
2025-05-03 13:27:02,432 - INFO - Node 10: k=207.8751744187377, f_best=0.3720002770423889, f_min=0.3232452412694329
2025-05-03 13:27:02,432 - INFO - Node 11: k=238.94715256661206, f_best=-1.4936704635620117, f_min=-8.018941550875752
2025-05-03 13:27:02,432 - INFO - Node 12: k=372.3425143588548, f_best=0.3046112656593323, f_min=-1.6733967038871924
2025-05-03 13:27:02,432 - INFO - Node 13: k=169.65009153428284, f_best=-1.508506417274475, f_min=-2.2963996734260945
2025-05-03 13:27:02,432 - INFO - cur_node_number 21,f_best -1.508506417274475,f_min -2.2963996734260945,k 169.65009153428284
2025-05-03 13:27:02,435 - INFO - f_best_current -1.508506417274475,f_min -2.2963996734260945
2025-05-03 13:27:17,237 - INFO - tree_node.f_best*ep:-1.508506417274475,left_f_best0.43987351655960083,right_f_best-1.3197790384292603,i:1
2025-05-03 13:27:32,655 - INFO - tree_node.f_best*ep:-1.508506417274475,left_f_best0.3317614197731018,right_f_best-1.380999207496643,i:2
2025-05-03 13:27:48,904 - INFO - tree_node.f_best*ep:-1.508506417274475,left_f_best0.36558955907821655,right_f_best-1.480813980102539,i:3
2025-05-03 13:28:06,001 - INFO - tree_node.f_best*ep:-1.508506417274475,left_f_best0.31905585527420044,right_f_best-1.4144885540008545,i:4
2025-05-03 13:28:23,776 - INFO - tree_node.f_best*ep:-1.508506417274475,left_f_best0.37600237131118774,right_f_best-1.4506571292877197,i:5
2025-05-03 13:28:42,242 - INFO - tree_node.f_best*ep:-1.508506417274475,left_f_best0.2828003764152527,right_f_best-1.4951059818267822,i:6
2025-05-03 13:29:01,373 - INFO - tree_node.f_best*ep:-1.508506417274475,left_f_best0.28123682737350464,right_f_best-1.4899042844772339,i:7
2025-05-03 13:29:21,173 - INFO - tree_node.f_best*ep:-1.508506417274475,left_f_best0.2718730568885803,right_f_best-1.4862254858016968,i:8
2025-05-03 13:29:41,849 - INFO - tree_node.f_best*ep:-1.508506417274475,left_f_best0.2884802222251892,right_f_best-1.5345948934555054,i:9
2025-05-03 13:30:52,168 - INFO - 添加左子节点，右子节点，len(queue):8
2025-05-03 13:30:52,168 - INFO - Node 1: k=1271.574760463486, f_best=-1.3300697803497314, f_min=-10.088840286742197
2025-05-03 13:30:52,168 - INFO - Node 2: k=282.98617164858365, f_best=0.45119184255599976, f_min=-4.245429059123126
2025-05-03 13:30:52,168 - INFO - Node 3: k=438.43544823104503, f_best=-1.3324495553970337, f_min=-6.0852296621833375
2025-05-03 13:30:52,168 - INFO - Node 4: k=219.74035239457834, f_best=0.36977702379226685, f_min=-1.908352393938003
2025-05-03 13:30:52,168 - INFO - Node 5: k=352.23737594118865, f_best=-1.3478317260742188, f_min=-3.1156820046808207
2025-05-03 13:30:52,168 - INFO - Node 6: k=350.76349153433017, f_best=0.45055586099624634, f_min=-2.084695953897608
2025-05-03 13:30:52,168 - INFO - Node 7: k=261.33298171196674, f_best=-1.4357936382293701, f_min=-3.3441494137496193
2025-05-03 13:30:52,168 - INFO - Node 8: k=256.1836895519721, f_best=0.43976491689682007, f_min=0.09941474728839239
2025-05-03 13:30:52,168 - INFO - Node 9: k=250.08501850031269, f_best=-1.4931857585906982, f_min=-1.7936132108752645
2025-05-03 13:30:52,168 - INFO - Node 10: k=207.8751744187377, f_best=0.3720002770423889, f_min=0.3232452412694329
2025-05-03 13:30:52,168 - INFO - Node 11: k=238.94715256661206, f_best=-1.4936704635620117, f_min=-8.018941550875752
2025-05-03 13:30:52,168 - INFO - Node 12: k=372.3425143588548, f_best=0.3046112656593323, f_min=-1.6733967038871924
2025-05-03 13:30:52,168 - INFO - Node 13: k=169.65009153428284, f_best=-1.508506417274475, f_min=-2.2963996734260945
2025-05-03 13:30:52,168 - INFO - Node 14: k=271.94414871472924, f_best=0.2884802222251892, f_min=-0.3348786624355853
2025-05-03 13:30:52,168 - INFO - Node 15: k=266.5857746443773, f_best=-1.5345948934555054, f_min=-2.8371077023548423
2025-05-03 13:30:52,168 - INFO - cur_node_number 22,f_best -1.5345948934555054,f_min -2.8371077023548423,k 266.5857746443773
2025-05-03 13:30:52,168 - INFO - f_best_current -1.5345948934555054,f_min -2.8371077023548423
2025-05-03 13:30:52,168 - INFO - 回退,len(queue)=6
2025-05-03 13:30:52,168 - INFO - 回退,len(queue)=5
2025-05-03 13:30:52,168 - INFO - 回退,len(queue)=4
2025-05-03 13:30:52,168 - INFO - 回退,len(queue)=3
2025-05-03 13:31:07,338 - INFO - tree_node.f_best*ep:-1.4357936382293701,left_f_best0.43444639444351196,right_f_best-1.3381023406982422,i:1
2025-05-03 13:31:23,011 - INFO - tree_node.f_best*ep:-1.4357936382293701,left_f_best0.4268147349357605,right_f_best-1.3778635263442993,i:2
2025-05-03 13:31:39,413 - INFO - tree_node.f_best*ep:-1.4357936382293701,left_f_best0.417619526386261,right_f_best-1.4127182960510254,i:3
2025-05-03 13:31:56,642 - INFO - tree_node.f_best*ep:-1.4357936382293701,left_f_best0.33453184366226196,right_f_best-1.4105273485183716,i:4
2025-05-03 13:32:14,567 - INFO - tree_node.f_best*ep:-1.4357936382293701,left_f_best0.3185611367225647,right_f_best-1.4423316717147827,i:5
2025-05-03 13:33:23,486 - INFO - 添加左子节点，右子节点，len(queue):5
2025-05-03 13:33:23,486 - INFO - Node 1: k=1271.574760463486, f_best=-1.3300697803497314, f_min=-10.088840286742197
2025-05-03 13:33:23,486 - INFO - Node 2: k=282.98617164858365, f_best=0.45119184255599976, f_min=-4.245429059123126
2025-05-03 13:33:23,486 - INFO - Node 3: k=438.43544823104503, f_best=-1.3324495553970337, f_min=-6.0852296621833375
2025-05-03 13:33:23,486 - INFO - Node 4: k=219.74035239457834, f_best=0.36977702379226685, f_min=-1.908352393938003
2025-05-03 13:33:23,486 - INFO - Node 5: k=352.23737594118865, f_best=-1.3478317260742188, f_min=-3.1156820046808207
2025-05-03 13:33:23,486 - INFO - Node 6: k=350.76349153433017, f_best=0.45055586099624634, f_min=-2.084695953897608
2025-05-03 13:33:23,486 - INFO - Node 7: k=266.5857746443773, f_best=-1.4357936382293701, f_min=-3.3441494137496193
2025-05-03 13:33:23,486 - INFO - Node 8: k=337.076820926656, f_best=0.3185611367225647, f_min=0.1925956203667738
2025-05-03 13:33:23,486 - INFO - Node 9: k=216.31574007958787, f_best=-1.4423316717147827, f_min=-5.766780856673904
2025-05-03 13:33:23,486 - INFO - cur_node_number 23,f_best -1.4423316717147827,f_min -5.766780856673904,k 216.31574007958787
2025-05-03 13:33:23,486 - INFO - f_best_current -1.4423316717147827,f_min -5.766780856673904
2025-05-03 13:33:38,568 - INFO - tree_node.f_best*ep:-1.4423316717147827,left_f_best0.4132673144340515,right_f_best-1.4090137481689453,i:1
2025-05-03 13:33:54,197 - INFO - tree_node.f_best*ep:-1.4423316717147827,left_f_best0.37131422758102417,right_f_best-1.3663427829742432,i:2
2025-05-03 13:34:10,345 - INFO - tree_node.f_best*ep:-1.4423316717147827,left_f_best0.39613181352615356,right_f_best-1.4131306409835815,i:3
2025-05-03 13:34:27,231 - INFO - tree_node.f_best*ep:-1.4423316717147827,left_f_best0.347602903842926,right_f_best-1.4427287578582764,i:4
2025-05-03 13:35:40,348 - INFO - 添加左子节点，右子节点，len(queue):6
2025-05-03 13:35:40,348 - INFO - Node 1: k=1271.574760463486, f_best=-1.3300697803497314, f_min=-10.088840286742197
2025-05-03 13:35:40,348 - INFO - Node 2: k=282.98617164858365, f_best=0.45119184255599976, f_min=-4.245429059123126
2025-05-03 13:35:40,348 - INFO - Node 3: k=438.43544823104503, f_best=-1.3324495553970337, f_min=-6.0852296621833375
2025-05-03 13:35:40,348 - INFO - Node 4: k=219.74035239457834, f_best=0.36977702379226685, f_min=-1.908352393938003
2025-05-03 13:35:40,348 - INFO - Node 5: k=352.23737594118865, f_best=-1.3478317260742188, f_min=-3.1156820046808207
2025-05-03 13:35:40,348 - INFO - Node 6: k=350.76349153433017, f_best=0.45055586099624634, f_min=-2.084695953897608
2025-05-03 13:35:40,348 - INFO - Node 7: k=266.5857746443773, f_best=-1.4357936382293701, f_min=-3.3441494137496193
2025-05-03 13:35:40,348 - INFO - Node 8: k=337.076820926656, f_best=0.3185611367225647, f_min=0.1925956203667738
2025-05-03 13:35:40,348 - INFO - Node 9: k=216.31574007958787, f_best=-1.4423316717147827, f_min=-5.766780856673904
2025-05-03 13:35:40,348 - INFO - Node 10: k=265.47028650150577, f_best=0.347602903842926, f_min=-0.44828324277477805
2025-05-03 13:35:40,348 - INFO - Node 11: k=389.08919886142127, f_best=-1.4427287578582764, f_min=-6.4022607166716625
2025-05-03 13:35:40,348 - INFO - cur_node_number 24,f_best -1.4427287578582764,f_min -6.4022607166716625,k 389.08919886142127
2025-05-03 13:35:40,348 - INFO - f_best_current -1.4427287578582764,f_min -6.4022607166716625
2025-05-03 13:35:40,348 - INFO - 回退,len(queue)=4
2025-05-03 13:35:40,348 - INFO - 回退,len(queue)=3
2025-05-03 13:35:40,348 - INFO - 回退,len(queue)=2
2025-05-03 13:35:55,271 - INFO - tree_node.f_best*ep:-1.3478317260742188,left_f_best0.5132701992988586,right_f_best-1.3292820453643799,i:1
2025-05-03 13:36:10,704 - INFO - tree_node.f_best*ep:-1.3478317260742188,left_f_best0.3774128556251526,right_f_best-1.3743610382080078,i:2
2025-05-03 13:37:16,205 - INFO - 添加左子节点，右子节点，len(queue):4
2025-05-03 13:37:16,205 - INFO - Node 1: k=1271.574760463486, f_best=-1.3300697803497314, f_min=-10.088840286742197
2025-05-03 13:37:16,205 - INFO - Node 2: k=282.98617164858365, f_best=0.45119184255599976, f_min=-4.245429059123126
2025-05-03 13:37:16,205 - INFO - Node 3: k=438.43544823104503, f_best=-1.3324495553970337, f_min=-6.0852296621833375
2025-05-03 13:37:16,205 - INFO - Node 4: k=219.74035239457834, f_best=0.36977702379226685, f_min=-1.908352393938003
2025-05-03 13:37:16,205 - INFO - Node 5: k=389.08919886142127, f_best=-1.3478317260742188, f_min=-3.1156820046808207
2025-05-03 13:37:16,205 - INFO - Node 6: k=248.64936513889833, f_best=0.3774128556251526, f_min=0.005463679211970884
2025-05-03 13:37:16,205 - INFO - Node 7: k=230.94931877921744, f_best=-1.3743610382080078, f_min=-10.928546661938526
2025-05-03 13:37:16,205 - INFO - cur_node_number 25,f_best -1.3743610382080078,f_min -10.928546661938526,k 230.94931877921744
2025-05-03 13:37:16,205 - INFO - f_best_current -1.3743610382080078,f_min -10.928546661938526
2025-05-03 13:37:31,360 - INFO - tree_node.f_best*ep:-1.3743610382080078,left_f_best0.4612559676170349,right_f_best-1.322969675064087,i:1
2025-05-03 13:37:47,097 - INFO - tree_node.f_best*ep:-1.3743610382080078,left_f_best0.5094621777534485,right_f_best-1.3354474306106567,i:2
2025-05-03 13:38:03,570 - INFO - tree_node.f_best*ep:-1.3743610382080078,left_f_best0.3963703513145447,right_f_best-1.3962295055389404,i:3
2025-05-03 13:39:10,636 - INFO - 添加左子节点，右子节点，len(queue):5
2025-05-03 13:39:10,636 - INFO - Node 1: k=1271.574760463486, f_best=-1.3300697803497314, f_min=-10.088840286742197
2025-05-03 13:39:10,636 - INFO - Node 2: k=282.98617164858365, f_best=0.45119184255599976, f_min=-4.245429059123126
2025-05-03 13:39:10,636 - INFO - Node 3: k=438.43544823104503, f_best=-1.3324495553970337, f_min=-6.0852296621833375
2025-05-03 13:39:10,636 - INFO - Node 4: k=219.74035239457834, f_best=0.36977702379226685, f_min=-1.908352393938003
2025-05-03 13:39:10,636 - INFO - Node 5: k=389.08919886142127, f_best=-1.3478317260742188, f_min=-3.1156820046808207
2025-05-03 13:39:10,636 - INFO - Node 6: k=248.64936513889833, f_best=0.3774128556251526, f_min=0.005463679211970884
2025-05-03 13:39:10,636 - INFO - Node 7: k=230.94931877921744, f_best=-1.3743610382080078, f_min=-10.928546661938526
2025-05-03 13:39:10,636 - INFO - Node 8: k=195.0084054920604, f_best=0.3963703513145447, f_min=-0.6013909081757447
2025-05-03 13:39:10,636 - INFO - Node 9: k=328.5381600830113, f_best=-1.3962295055389404, f_min=-2.7203587271687866
2025-05-03 13:39:10,636 - INFO - cur_node_number 26,f_best -1.3962295055389404,f_min -2.7203587271687866,k 328.5381600830113
2025-05-03 13:39:10,636 - INFO - f_best_current -1.3962295055389404,f_min -2.7203587271687866
2025-05-03 13:39:10,636 - INFO - 回退,len(queue)=3
2025-05-03 13:39:25,621 - INFO - tree_node.f_best*ep:-1.3743610382080078,left_f_best0.46696704626083374,right_f_best-1.376552700996399,i:1
2025-05-03 13:40:28,998 - INFO - 添加左子节点，右子节点，len(queue):5
2025-05-03 13:40:28,998 - INFO - Node 1: k=1271.574760463486, f_best=-1.3300697803497314, f_min=-10.088840286742197
2025-05-03 13:40:28,998 - INFO - Node 2: k=282.98617164858365, f_best=0.45119184255599976, f_min=-4.245429059123126
2025-05-03 13:40:28,998 - INFO - Node 3: k=438.43544823104503, f_best=-1.3324495553970337, f_min=-6.0852296621833375
2025-05-03 13:40:28,998 - INFO - Node 4: k=219.74035239457834, f_best=0.36977702379226685, f_min=-1.908352393938003
2025-05-03 13:40:28,998 - INFO - Node 5: k=389.08919886142127, f_best=-1.3478317260742188, f_min=-3.1156820046808207
2025-05-03 13:40:28,998 - INFO - Node 6: k=248.64936513889833, f_best=0.3774128556251526, f_min=0.005463679211970884
2025-05-03 13:40:28,998 - INFO - Node 7: k=328.5381600830113, f_best=-1.3743610382080078, f_min=-10.928546661938526
2025-05-03 13:40:28,998 - INFO - Node 8: k=165.35260056554088, f_best=0.46696704626083374, f_min=-0.7563298527174993
2025-05-03 13:40:28,998 - INFO - Node 9: k=253.6472173781902, f_best=-1.376552700996399, f_min=-4.357864996023636
2025-05-03 13:40:28,998 - INFO - cur_node_number 27,f_best -1.376552700996399,f_min -4.357864996023636,k 253.6472173781902
2025-05-03 13:40:28,998 - INFO - f_best_current -1.376552700996399,f_min -4.357864996023636
2025-05-03 13:40:43,896 - INFO - tree_node.f_best*ep:-1.376552700996399,left_f_best0.46853333711624146,right_f_best-1.337341547012329,i:1
2025-05-03 13:40:59,260 - INFO - tree_node.f_best*ep:-1.376552700996399,left_f_best0.41523319482803345,right_f_best-1.434135913848877,i:2
2025-05-03 13:42:08,941 - INFO - 添加左子节点，右子节点，len(queue):6
2025-05-03 13:42:08,941 - INFO - Node 1: k=1271.574760463486, f_best=-1.3300697803497314, f_min=-10.088840286742197
2025-05-03 13:42:08,941 - INFO - Node 2: k=282.98617164858365, f_best=0.45119184255599976, f_min=-4.245429059123126
2025-05-03 13:42:08,941 - INFO - Node 3: k=438.43544823104503, f_best=-1.3324495553970337, f_min=-6.0852296621833375
2025-05-03 13:42:08,941 - INFO - Node 4: k=219.74035239457834, f_best=0.36977702379226685, f_min=-1.908352393938003
2025-05-03 13:42:08,941 - INFO - Node 5: k=389.08919886142127, f_best=-1.3478317260742188, f_min=-3.1156820046808207
2025-05-03 13:42:08,941 - INFO - Node 6: k=248.64936513889833, f_best=0.3774128556251526, f_min=0.005463679211970884
2025-05-03 13:42:08,941 - INFO - Node 7: k=328.5381600830113, f_best=-1.3743610382080078, f_min=-10.928546661938526
2025-05-03 13:42:08,941 - INFO - Node 8: k=165.35260056554088, f_best=0.46696704626083374, f_min=-0.7563298527174993
2025-05-03 13:42:08,941 - INFO - Node 9: k=253.6472173781902, f_best=-1.376552700996399, f_min=-4.357864996023636
2025-05-03 13:42:08,941 - INFO - Node 10: k=279.01193911600893, f_best=0.41523319482803345, f_min=-1.259519854304017
2025-05-03 13:42:08,941 - INFO - Node 11: k=288.67419369872016, f_best=-1.434135913848877, f_min=-2.652527878888577
2025-05-03 13:42:08,941 - INFO - cur_node_number 28,f_best -1.434135913848877,f_min -2.652527878888577,k 288.67419369872016
2025-05-03 13:42:08,941 - INFO - f_best_current -1.434135913848877,f_min -2.652527878888577
2025-05-03 13:42:08,941 - INFO - 回退,len(queue)=4
2025-05-03 13:42:23,804 - INFO - tree_node.f_best*ep:-1.376552700996399,left_f_best0.42445510625839233,right_f_best-1.3489798307418823,i:1
2025-05-03 13:42:39,319 - INFO - tree_node.f_best*ep:-1.376552700996399,left_f_best0.3413216471672058,right_f_best-1.4173451662063599,i:2
2025-05-03 13:43:50,968 - INFO - 添加左子节点，右子节点，len(queue):6
2025-05-03 13:43:50,968 - INFO - Node 1: k=1271.574760463486, f_best=-1.3300697803497314, f_min=-10.088840286742197
2025-05-03 13:43:50,968 - INFO - Node 2: k=282.98617164858365, f_best=0.45119184255599976, f_min=-4.245429059123126
2025-05-03 13:43:50,968 - INFO - Node 3: k=438.43544823104503, f_best=-1.3324495553970337, f_min=-6.0852296621833375
2025-05-03 13:43:50,968 - INFO - Node 4: k=219.74035239457834, f_best=0.36977702379226685, f_min=-1.908352393938003
2025-05-03 13:43:50,968 - INFO - Node 5: k=389.08919886142127, f_best=-1.3478317260742188, f_min=-3.1156820046808207
2025-05-03 13:43:50,968 - INFO - Node 6: k=248.64936513889833, f_best=0.3774128556251526, f_min=0.005463679211970884
2025-05-03 13:43:50,968 - INFO - Node 7: k=328.5381600830113, f_best=-1.3743610382080078, f_min=-10.928546661938526
2025-05-03 13:43:50,968 - INFO - Node 8: k=165.35260056554088, f_best=0.46696704626083374, f_min=-0.7563298527174993
2025-05-03 13:43:50,968 - INFO - Node 9: k=288.67419369872016, f_best=-1.376552700996399, f_min=-4.357864996023636
2025-05-03 13:43:50,968 - INFO - Node 10: k=271.94414871472924, f_best=0.3413216471672058, f_min=-8.655338740663865
2025-05-03 13:43:50,968 - INFO - Node 11: k=315.7187142523228, f_best=-1.4173451662063599, f_min=-2.2083659943218663
2025-05-03 13:43:50,968 - INFO - cur_node_number 29,f_best -1.4173451662063599,f_min -2.2083659943218663,k 315.7187142523228
2025-05-03 13:43:50,968 - INFO - f_best_current -1.4173451662063599,f_min -2.2083659943218663
2025-05-03 13:43:50,968 - INFO - 回退,len(queue)=4
2025-05-03 13:44:06,092 - INFO - tree_node.f_best*ep:-1.376552700996399,left_f_best0.4378477931022644,right_f_best-1.3248683214187622,i:1
2025-05-03 13:44:21,804 - INFO - tree_node.f_best*ep:-1.376552700996399,left_f_best0.4073273539543152,right_f_best-1.3251031637191772,i:2
2025-05-03 13:44:38,232 - INFO - tree_node.f_best*ep:-1.376552700996399,left_f_best0.36036819219589233,right_f_best-1.4111039638519287,i:3
2025-05-03 13:45:35,526 - INFO - 添加左子节点，右子节点，len(queue):6
2025-05-03 13:45:35,526 - INFO - Node 1: k=1271.574760463486, f_best=-1.3300697803497314, f_min=-10.088840286742197
2025-05-03 13:45:35,526 - INFO - Node 2: k=282.98617164858365, f_best=0.45119184255599976, f_min=-4.245429059123126
2025-05-03 13:45:35,526 - INFO - Node 3: k=438.43544823104503, f_best=-1.3324495553970337, f_min=-6.0852296621833375
2025-05-03 13:45:35,526 - INFO - Node 4: k=219.74035239457834, f_best=0.36977702379226685, f_min=-1.908352393938003
2025-05-03 13:45:35,526 - INFO - Node 5: k=389.08919886142127, f_best=-1.3478317260742188, f_min=-3.1156820046808207
2025-05-03 13:45:35,526 - INFO - Node 6: k=248.64936513889833, f_best=0.3774128556251526, f_min=0.005463679211970884
2025-05-03 13:45:35,526 - INFO - Node 7: k=328.5381600830113, f_best=-1.3743610382080078, f_min=-10.928546661938526
2025-05-03 13:45:35,526 - INFO - Node 8: k=165.35260056554088, f_best=0.46696704626083374, f_min=-0.7563298527174993
2025-05-03 13:45:35,526 - INFO - Node 9: k=315.7187142523228, f_best=-1.376552700996399, f_min=-4.357864996023636
2025-05-03 13:45:35,526 - INFO - Node 10: k=204.9557940261315, f_best=0.36036819219589233, f_min=-1.5173053264270493
2025-05-03 13:45:35,526 - INFO - Node 11: k=136.8689475438744, f_best=-1.4111039638519287, f_min=-3.043703313152946
2025-05-03 13:45:35,526 - INFO - cur_node_number 30,f_best -1.4111039638519287,f_min -3.043703313152946,k 136.8689475438744
2025-05-03 13:45:35,526 - INFO - f_best_current -1.4111039638519287,f_min -3.043703313152946
2025-05-03 13:45:50,385 - INFO - tree_node.f_best*ep:-1.4111039638519287,left_f_best0.48989301919937134,right_f_best-1.3124918937683105,i:1
2025-05-03 13:46:05,762 - INFO - tree_node.f_best*ep:-1.4111039638519287,left_f_best0.40573567152023315,right_f_best-1.422043800354004,i:2
2025-05-03 13:47:04,013 - INFO - 添加左子节点，右子节点，len(queue):7
2025-05-03 13:47:04,013 - INFO - Node 1: k=1271.574760463486, f_best=-1.3300697803497314, f_min=-10.088840286742197
2025-05-03 13:47:04,013 - INFO - Node 2: k=282.98617164858365, f_best=0.45119184255599976, f_min=-4.245429059123126
2025-05-03 13:47:04,013 - INFO - Node 3: k=438.43544823104503, f_best=-1.3324495553970337, f_min=-6.0852296621833375
2025-05-03 13:47:04,013 - INFO - Node 4: k=219.74035239457834, f_best=0.36977702379226685, f_min=-1.908352393938003
2025-05-03 13:47:04,013 - INFO - Node 5: k=389.08919886142127, f_best=-1.3478317260742188, f_min=-3.1156820046808207
2025-05-03 13:47:04,013 - INFO - Node 6: k=248.64936513889833, f_best=0.3774128556251526, f_min=0.005463679211970884
2025-05-03 13:47:04,013 - INFO - Node 7: k=328.5381600830113, f_best=-1.3743610382080078, f_min=-10.928546661938526
2025-05-03 13:47:04,013 - INFO - Node 8: k=165.35260056554088, f_best=0.46696704626083374, f_min=-0.7563298527174993
2025-05-03 13:47:04,013 - INFO - Node 9: k=315.7187142523228, f_best=-1.376552700996399, f_min=-4.357864996023636
2025-05-03 13:47:04,013 - INFO - Node 10: k=204.9557940261315, f_best=0.36036819219589233, f_min=-1.5173053264270493
2025-05-03 13:47:04,013 - INFO - Node 11: k=136.8689475438744, f_best=-1.4111039638519287, f_min=-3.043703313152946
2025-05-03 13:47:04,013 - INFO - Node 12: k=191.1659695050097, f_best=0.40573567152023315, f_min=-0.10277162672718987
2025-05-03 13:47:04,013 - INFO - Node 13: k=163.71544610449592, f_best=-1.422043800354004, f_min=-1.636093196998445
2025-05-03 13:47:04,013 - INFO - cur_node_number 31,f_best -1.422043800354004,f_min -1.636093196998445,k 163.71544610449592
2025-05-03 13:47:04,013 - INFO - f_best_current -1.422043800354004,f_min -1.636093196998445
2025-05-03 13:47:04,013 - INFO - 回退,len(queue)=5
2025-05-03 13:47:18,968 - INFO - tree_node.f_best*ep:-1.4111039638519287,left_f_best0.5086274743080139,right_f_best-1.4091250896453857,i:1
2025-05-03 13:47:34,519 - INFO - tree_node.f_best*ep:-1.4111039638519287,left_f_best0.45856767892837524,right_f_best-1.3941324949264526,i:2
2025-05-03 13:47:50,787 - INFO - tree_node.f_best*ep:-1.4111039638519287,left_f_best0.35379737615585327,right_f_best-1.4257521629333496,i:3
2025-05-03 13:48:51,096 - INFO - 添加左子节点，右子节点，len(queue):7
2025-05-03 13:48:51,096 - INFO - Node 1: k=1271.574760463486, f_best=-1.3300697803497314, f_min=-10.088840286742197
2025-05-03 13:48:51,096 - INFO - Node 2: k=282.98617164858365, f_best=0.45119184255599976, f_min=-4.245429059123126
2025-05-03 13:48:51,096 - INFO - Node 3: k=438.43544823104503, f_best=-1.3324495553970337, f_min=-6.0852296621833375
2025-05-03 13:48:51,096 - INFO - Node 4: k=219.74035239457834, f_best=0.36977702379226685, f_min=-1.908352393938003
2025-05-03 13:48:51,096 - INFO - Node 5: k=389.08919886142127, f_best=-1.3478317260742188, f_min=-3.1156820046808207
2025-05-03 13:48:51,096 - INFO - Node 6: k=248.64936513889833, f_best=0.3774128556251526, f_min=0.005463679211970884
2025-05-03 13:48:51,096 - INFO - Node 7: k=328.5381600830113, f_best=-1.3743610382080078, f_min=-10.928546661938526
2025-05-03 13:48:51,096 - INFO - Node 8: k=165.35260056554088, f_best=0.46696704626083374, f_min=-0.7563298527174993
2025-05-03 13:48:51,096 - INFO - Node 9: k=315.7187142523228, f_best=-1.376552700996399, f_min=-4.357864996023636
2025-05-03 13:48:51,096 - INFO - Node 10: k=204.9557940261315, f_best=0.36036819219589233, f_min=-1.5173053264270493
2025-05-03 13:48:51,096 - INFO - Node 11: k=163.71544610449592, f_best=-1.4111039638519287, f_min=-3.043703313152946
2025-05-03 13:48:51,096 - INFO - Node 12: k=137.6592023852847, f_best=0.35379737615585327, f_min=-0.17724282900326216
2025-05-03 13:48:51,096 - INFO - Node 13: k=266.5857746443773, f_best=-1.4257521629333496, f_min=-4.700305392565497
2025-05-03 13:48:51,096 - INFO - cur_node_number 32,f_best -1.4257521629333496,f_min -4.700305392565497,k 266.5857746443773
2025-05-03 13:48:51,096 - INFO - f_best_current -1.4257521629333496,f_min -4.700305392565497
2025-05-03 13:48:51,096 - INFO - 回退,len(queue)=5
2025-05-03 13:49:06,008 - INFO - tree_node.f_best*ep:-1.4111039638519287,left_f_best0.3916929364204407,right_f_best-1.3687028884887695,i:1
2025-05-03 13:49:21,531 - INFO - tree_node.f_best*ep:-1.4111039638519287,left_f_best0.3826144337654114,right_f_best-1.4513078927993774,i:2
2025-05-03 13:50:30,247 - INFO - 添加左子节点，右子节点，len(queue):7
2025-05-03 13:50:30,247 - INFO - Node 1: k=1271.574760463486, f_best=-1.3300697803497314, f_min=-10.088840286742197
2025-05-03 13:50:30,247 - INFO - Node 2: k=282.98617164858365, f_best=0.45119184255599976, f_min=-4.245429059123126
2025-05-03 13:50:30,247 - INFO - Node 3: k=438.43544823104503, f_best=-1.3324495553970337, f_min=-6.0852296621833375
2025-05-03 13:50:30,247 - INFO - Node 4: k=219.74035239457834, f_best=0.36977702379226685, f_min=-1.908352393938003
2025-05-03 13:50:30,247 - INFO - Node 5: k=389.08919886142127, f_best=-1.3478317260742188, f_min=-3.1156820046808207
2025-05-03 13:50:30,247 - INFO - Node 6: k=248.64936513889833, f_best=0.3774128556251526, f_min=0.005463679211970884
2025-05-03 13:50:30,247 - INFO - Node 7: k=328.5381600830113, f_best=-1.3743610382080078, f_min=-10.928546661938526
2025-05-03 13:50:30,247 - INFO - Node 8: k=165.35260056554088, f_best=0.46696704626083374, f_min=-0.7563298527174993
2025-05-03 13:50:30,247 - INFO - Node 9: k=315.7187142523228, f_best=-1.376552700996399, f_min=-4.357864996023636
2025-05-03 13:50:30,247 - INFO - Node 10: k=204.9557940261315, f_best=0.36036819219589233, f_min=-1.5173053264270493
2025-05-03 13:50:30,247 - INFO - Node 11: k=266.5857746443773, f_best=-1.4111039638519287, f_min=-3.043703313152946
2025-05-03 13:50:30,247 - INFO - Node 12: k=175.52511745459995, f_best=0.3826144337654114, f_min=0.2287772978106659
2025-05-03 13:50:30,247 - INFO - Node 13: k=377.64614307995555, f_best=-1.4513078927993774, f_min=-1.8071775554981286
2025-05-03 13:50:30,263 - INFO - cur_node_number 33,f_best -1.4513078927993774,f_min -1.8071775554981286,k 377.64614307995555
2025-05-03 13:50:30,263 - INFO - f_best_current -1.4513078927993774,f_min -1.8071775554981286
2025-05-03 13:50:30,263 - INFO - 回退,len(queue)=5
2025-05-03 13:50:30,263 - INFO - 回退,len(queue)=4
2025-05-03 13:50:30,263 - INFO - 回退,len(queue)=3
2025-05-03 13:50:45,243 - INFO - tree_node.f_best*ep:-1.3743610382080078,left_f_best0.5052035450935364,right_f_best-1.247403621673584,i:1
2025-05-03 13:51:00,842 - INFO - tree_node.f_best*ep:-1.3743610382080078,left_f_best0.41809719800949097,right_f_best-1.3936556577682495,i:2
2025-05-03 13:52:11,305 - INFO - 添加左子节点，右子节点，len(queue):5
2025-05-03 13:52:11,305 - INFO - Node 1: k=1271.574760463486, f_best=-1.3300697803497314, f_min=-10.088840286742197
2025-05-03 13:52:11,305 - INFO - Node 2: k=282.98617164858365, f_best=0.45119184255599976, f_min=-4.245429059123126
2025-05-03 13:52:11,305 - INFO - Node 3: k=438.43544823104503, f_best=-1.3324495553970337, f_min=-6.0852296621833375
2025-05-03 13:52:11,305 - INFO - Node 4: k=219.74035239457834, f_best=0.36977702379226685, f_min=-1.908352393938003
2025-05-03 13:52:11,305 - INFO - Node 5: k=389.08919886142127, f_best=-1.3478317260742188, f_min=-3.1156820046808207
2025-05-03 13:52:11,305 - INFO - Node 6: k=248.64936513889833, f_best=0.3774128556251526, f_min=0.005463679211970884
2025-05-03 13:52:11,305 - INFO - Node 7: k=377.64614307995555, f_best=-1.3743610382080078, f_min=-10.928546661938526
2025-05-03 13:52:11,305 - INFO - Node 8: k=263.9463115290864, f_best=0.41809719800949097, f_min=-2.186113591051253
2025-05-03 13:52:11,305 - INFO - Node 9: k=269.25163239082104, f_best=-1.3936556577682495, f_min=-2.169316919400444
2025-05-03 13:52:11,305 - INFO - cur_node_number 34,f_best -1.3936556577682495,f_min -2.169316919400444,k 269.25163239082104
2025-05-03 13:52:11,305 - INFO - f_best_current -1.3936556577682495,f_min -2.169316919400444
2025-05-03 13:52:26,445 - INFO - tree_node.f_best*ep:-1.3936556577682495,left_f_best0.3878163695335388,right_f_best-1.301444172859192,i:1
2025-05-03 13:52:42,017 - INFO - tree_node.f_best*ep:-1.3936556577682495,left_f_best0.4111557602882385,right_f_best-1.357161521911621,i:2
2025-05-03 13:52:58,135 - INFO - tree_node.f_best*ep:-1.3936556577682495,left_f_best0.3930516839027405,right_f_best-1.302034854888916,i:3
2025-05-03 13:53:15,135 - INFO - tree_node.f_best*ep:-1.3936556577682495,left_f_best0.3948816657066345,right_f_best-1.437114953994751,i:4
2025-05-03 13:54:26,943 - INFO - 添加左子节点，右子节点，len(queue):6
2025-05-03 13:54:26,943 - INFO - Node 1: k=1271.574760463486, f_best=-1.3300697803497314, f_min=-10.088840286742197
2025-05-03 13:54:26,943 - INFO - Node 2: k=282.98617164858365, f_best=0.45119184255599976, f_min=-4.245429059123126
2025-05-03 13:54:26,943 - INFO - Node 3: k=438.43544823104503, f_best=-1.3324495553970337, f_min=-6.0852296621833375
2025-05-03 13:54:26,943 - INFO - Node 4: k=219.74035239457834, f_best=0.36977702379226685, f_min=-1.908352393938003
2025-05-03 13:54:26,943 - INFO - Node 5: k=389.08919886142127, f_best=-1.3478317260742188, f_min=-3.1156820046808207
2025-05-03 13:54:26,943 - INFO - Node 6: k=248.64936513889833, f_best=0.3774128556251526, f_min=0.005463679211970884
2025-05-03 13:54:26,943 - INFO - Node 7: k=377.64614307995555, f_best=-1.3743610382080078, f_min=-10.928546661938526
2025-05-03 13:54:26,943 - INFO - Node 8: k=263.9463115290864, f_best=0.41809719800949097, f_min=-2.186113591051253
2025-05-03 13:54:26,943 - INFO - Node 9: k=269.25163239082104, f_best=-1.3936556577682495, f_min=-2.169316919400444
2025-05-03 13:54:26,943 - INFO - Node 10: k=287.4662798831631, f_best=0.3948816657066345, f_min=-0.33618817881324503
2025-05-03 13:54:26,943 - INFO - Node 11: k=318.87590139484604, f_best=-1.437114953994751, f_min=-1.704125886424663
2025-05-03 13:54:26,943 - INFO - cur_node_number 35,f_best -1.437114953994751,f_min -1.704125886424663,k 318.87590139484604
2025-05-03 13:54:26,943 - INFO - f_best_current -1.437114953994751,f_min -1.704125886424663
2025-05-03 13:54:26,943 - INFO - 回退,len(queue)=4
2025-05-03 13:54:41,961 - INFO - tree_node.f_best*ep:-1.3936556577682495,left_f_best0.4516144394874573,right_f_best-1.357365608215332,i:1
2025-05-03 13:54:57,550 - INFO - tree_node.f_best*ep:-1.3936556577682495,left_f_best0.3858857750892639,right_f_best-1.39559006690979,i:2
2025-05-03 13:56:00,161 - INFO - 添加左子节点，右子节点，len(queue):6
2025-05-03 13:56:00,161 - INFO - Node 1: k=1271.574760463486, f_best=-1.3300697803497314, f_min=-10.088840286742197
2025-05-03 13:56:00,161 - INFO - Node 2: k=282.98617164858365, f_best=0.45119184255599976, f_min=-4.245429059123126
2025-05-03 13:56:00,177 - INFO - Node 3: k=438.43544823104503, f_best=-1.3324495553970337, f_min=-6.0852296621833375
2025-05-03 13:56:00,177 - INFO - Node 4: k=219.74035239457834, f_best=0.36977702379226685, f_min=-1.908352393938003
2025-05-03 13:56:00,177 - INFO - Node 5: k=389.08919886142127, f_best=-1.3478317260742188, f_min=-3.1156820046808207
2025-05-03 13:56:00,177 - INFO - Node 6: k=248.64936513889833, f_best=0.3774128556251526, f_min=0.005463679211970884
2025-05-03 13:56:00,177 - INFO - Node 7: k=377.64614307995555, f_best=-1.3743610382080078, f_min=-10.928546661938526
2025-05-03 13:56:00,177 - INFO - Node 8: k=263.9463115290864, f_best=0.41809719800949097, f_min=-2.186113591051253
2025-05-03 13:56:00,177 - INFO - Node 9: k=318.87590139484604, f_best=-1.3936556577682495, f_min=-2.169316919400444
2025-05-03 13:56:00,177 - INFO - Node 10: k=185.54380662059896, f_best=0.3858857750892639, f_min=-2.9795116731447706
2025-05-03 13:56:00,177 - INFO - Node 11: k=236.58133917486342, f_best=-1.39559006690979, f_min=-5.640259217922903
2025-05-03 13:56:00,177 - INFO - cur_node_number 36,f_best -1.39559006690979,f_min -5.640259217922903,k 236.58133917486342
2025-05-03 13:56:00,177 - INFO - f_best_current -1.39559006690979,f_min -5.640259217922903
2025-05-03 13:56:15,022 - INFO - tree_node.f_best*ep:-1.39559006690979,left_f_best0.4688090682029724,right_f_best-1.4147980213165283,i:1
2025-05-03 13:57:24,516 - INFO - 添加左子节点，右子节点，len(queue):7
2025-05-03 13:57:24,516 - INFO - Node 1: k=1271.574760463486, f_best=-1.3300697803497314, f_min=-10.088840286742197
2025-05-03 13:57:24,516 - INFO - Node 2: k=282.98617164858365, f_best=0.45119184255599976, f_min=-4.245429059123126
2025-05-03 13:57:24,516 - INFO - Node 3: k=438.43544823104503, f_best=-1.3324495553970337, f_min=-6.0852296621833375
2025-05-03 13:57:24,516 - INFO - Node 4: k=219.74035239457834, f_best=0.36977702379226685, f_min=-1.908352393938003
2025-05-03 13:57:24,516 - INFO - Node 5: k=389.08919886142127, f_best=-1.3478317260742188, f_min=-3.1156820046808207
2025-05-03 13:57:24,516 - INFO - Node 6: k=248.64936513889833, f_best=0.3774128556251526, f_min=0.005463679211970884
2025-05-03 13:57:24,516 - INFO - Node 7: k=377.64614307995555, f_best=-1.3743610382080078, f_min=-10.928546661938526
2025-05-03 13:57:24,516 - INFO - Node 8: k=263.9463115290864, f_best=0.41809719800949097, f_min=-2.186113591051253
2025-05-03 13:57:24,516 - INFO - Node 9: k=318.87590139484604, f_best=-1.3936556577682495, f_min=-2.169316919400444
2025-05-03 13:57:24,516 - INFO - Node 10: k=185.54380662059896, f_best=0.3858857750892639, f_min=-2.9795116731447706
2025-05-03 13:57:24,516 - INFO - Node 11: k=236.58133917486342, f_best=-1.39559006690979, f_min=-5.640259217922903
2025-05-03 13:57:24,531 - INFO - Node 12: k=325.28530701288247, f_best=0.4688090682029724, f_min=-4.508883105881978
2025-05-03 13:57:24,531 - INFO - Node 13: k=240.32678722842198, f_best=-1.4147980213165283, f_min=-2.9451714931146853
2025-05-03 13:57:24,531 - INFO - cur_node_number 37,f_best -1.4147980213165283,f_min -2.9451714931146853,k 240.32678722842198
2025-05-03 13:57:24,531 - INFO - f_best_current -1.4147980213165283,f_min -2.9451714931146853
2025-05-03 13:57:24,531 - INFO - 回退,len(queue)=5
2025-05-03 13:57:39,544 - INFO - tree_node.f_best*ep:-1.39559006690979,left_f_best0.4382748007774353,right_f_best-1.3144170045852661,i:1
2025-05-03 13:57:55,166 - INFO - tree_node.f_best*ep:-1.39559006690979,left_f_best0.4376583695411682,right_f_best-1.4154424667358398,i:2
2025-05-03 13:59:03,971 - INFO - 添加左子节点，右子节点，len(queue):7
2025-05-03 13:59:03,971 - INFO - Node 1: k=1271.574760463486, f_best=-1.3300697803497314, f_min=-10.088840286742197
2025-05-03 13:59:03,971 - INFO - Node 2: k=282.98617164858365, f_best=0.45119184255599976, f_min=-4.245429059123126
2025-05-03 13:59:03,971 - INFO - Node 3: k=438.43544823104503, f_best=-1.3324495553970337, f_min=-6.0852296621833375
2025-05-03 13:59:03,971 - INFO - Node 4: k=219.74035239457834, f_best=0.36977702379226685, f_min=-1.908352393938003
2025-05-03 13:59:03,971 - INFO - Node 5: k=389.08919886142127, f_best=-1.3478317260742188, f_min=-3.1156820046808207
2025-05-03 13:59:03,971 - INFO - Node 6: k=248.64936513889833, f_best=0.3774128556251526, f_min=0.005463679211970884
2025-05-03 13:59:03,971 - INFO - Node 7: k=377.64614307995555, f_best=-1.3743610382080078, f_min=-10.928546661938526
2025-05-03 13:59:03,971 - INFO - Node 8: k=263.9463115290864, f_best=0.41809719800949097, f_min=-2.186113591051253
2025-05-03 13:59:03,971 - INFO - Node 9: k=318.87590139484604, f_best=-1.3936556577682495, f_min=-2.169316919400444
2025-05-03 13:59:03,971 - INFO - Node 10: k=185.54380662059896, f_best=0.3858857750892639, f_min=-2.9795116731447706
2025-05-03 13:59:03,971 - INFO - Node 11: k=240.32678722842198, f_best=-1.39559006690979, f_min=-5.640259217922903
2025-05-03 13:59:03,971 - INFO - Node 12: k=193.8889283057515, f_best=0.4376583695411682, f_min=-0.08916102791135927
2025-05-03 13:59:03,971 - INFO - Node 13: k=325.28530701288247, f_best=-1.4154424667358398, f_min=-1.6480299677677976
2025-05-03 13:59:03,971 - INFO - cur_node_number 38,f_best -1.4154424667358398,f_min -1.6480299677677976,k 325.28530701288247
2025-05-03 13:59:03,971 - INFO - f_best_current -1.4154424667358398,f_min -1.6480299677677976
2025-05-03 13:59:03,971 - INFO - 回退,len(queue)=5
2025-05-03 13:59:03,971 - INFO - 回退,len(queue)=4
2025-05-03 13:59:19,104 - INFO - tree_node.f_best*ep:-1.3936556577682495,left_f_best0.43684667348861694,right_f_best-1.2513196468353271,i:1
2025-05-03 13:59:34,686 - INFO - tree_node.f_best*ep:-1.3936556577682495,left_f_best0.43124300241470337,right_f_best-1.3074783086776733,i:2
2025-05-03 13:59:51,123 - INFO - tree_node.f_best*ep:-1.3936556577682495,left_f_best0.4190714955329895,right_f_best-1.4259910583496094,i:3
2025-05-03 14:00:59,967 - INFO - 添加左子节点，右子节点，len(queue):6
2025-05-03 14:00:59,967 - INFO - Node 1: k=1271.574760463486, f_best=-1.3300697803497314, f_min=-10.088840286742197
2025-05-03 14:00:59,967 - INFO - Node 2: k=282.98617164858365, f_best=0.45119184255599976, f_min=-4.245429059123126
2025-05-03 14:00:59,967 - INFO - Node 3: k=438.43544823104503, f_best=-1.3324495553970337, f_min=-6.0852296621833375
2025-05-03 14:00:59,967 - INFO - Node 4: k=219.74035239457834, f_best=0.36977702379226685, f_min=-1.908352393938003
2025-05-03 14:00:59,967 - INFO - Node 5: k=389.08919886142127, f_best=-1.3478317260742188, f_min=-3.1156820046808207
2025-05-03 14:00:59,967 - INFO - Node 6: k=248.64936513889833, f_best=0.3774128556251526, f_min=0.005463679211970884
2025-05-03 14:00:59,967 - INFO - Node 7: k=377.64614307995555, f_best=-1.3743610382080078, f_min=-10.928546661938526
2025-05-03 14:00:59,967 - INFO - Node 8: k=263.9463115290864, f_best=0.41809719800949097, f_min=-2.186113591051253
2025-05-03 14:00:59,967 - INFO - Node 9: k=325.28530701288247, f_best=-1.3936556577682495, f_min=-2.169316919400444
2025-05-03 14:00:59,967 - INFO - Node 10: k=280.1843283649343, f_best=0.4190714955329895, f_min=-1.2528988165104238
2025-05-03 14:00:59,967 - INFO - Node 11: k=234.23894967808258, f_best=-1.4259910583496094, f_min=-2.436943397662617
2025-05-03 14:00:59,967 - INFO - cur_node_number 39,f_best -1.4259910583496094,f_min -2.436943397662617,k 234.23894967808258
2025-05-03 14:00:59,967 - INFO - f_best_current -1.4259910583496094,f_min -2.436943397662617
2025-05-03 14:01:14,905 - INFO - tree_node.f_best*ep:-1.4259910583496094,left_f_best0.41684848070144653,right_f_best-1.323675513267517,i:1
2025-05-03 14:01:30,316 - INFO - tree_node.f_best*ep:-1.4259910583496094,left_f_best0.44693654775619507,right_f_best-1.3530415296554565,i:2
2025-05-03 14:01:46,635 - INFO - tree_node.f_best*ep:-1.4259910583496094,left_f_best0.4030161499977112,right_f_best-1.382767677307129,i:3
2025-05-03 14:02:03,729 - INFO - tree_node.f_best*ep:-1.4259910583496094,left_f_best0.3745495676994324,right_f_best-1.4566245079040527,i:4
2025-05-03 14:03:12,800 - INFO - 添加左子节点，右子节点，len(queue):7
2025-05-03 14:03:12,800 - INFO - Node 1: k=1271.574760463486, f_best=-1.3300697803497314, f_min=-10.088840286742197
2025-05-03 14:03:12,800 - INFO - Node 2: k=282.98617164858365, f_best=0.45119184255599976, f_min=-4.245429059123126
2025-05-03 14:03:12,800 - INFO - Node 3: k=438.43544823104503, f_best=-1.3324495553970337, f_min=-6.0852296621833375
2025-05-03 14:03:12,800 - INFO - Node 4: k=219.74035239457834, f_best=0.36977702379226685, f_min=-1.908352393938003
2025-05-03 14:03:12,800 - INFO - Node 5: k=389.08919886142127, f_best=-1.3478317260742188, f_min=-3.1156820046808207
2025-05-03 14:03:12,800 - INFO - Node 6: k=248.64936513889833, f_best=0.3774128556251526, f_min=0.005463679211970884
2025-05-03 14:03:12,800 - INFO - Node 7: k=377.64614307995555, f_best=-1.3743610382080078, f_min=-10.928546661938526
2025-05-03 14:03:12,800 - INFO - Node 8: k=263.9463115290864, f_best=0.41809719800949097, f_min=-2.186113591051253
2025-05-03 14:03:12,800 - INFO - Node 9: k=325.28530701288247, f_best=-1.3936556577682495, f_min=-2.169316919400444
2025-05-03 14:03:12,800 - INFO - Node 10: k=280.1843283649343, f_best=0.4190714955329895, f_min=-1.2528988165104238
2025-05-03 14:03:12,800 - INFO - Node 11: k=234.23894967808258, f_best=-1.4259910583496094, f_min=-2.436943397662617
2025-05-03 14:03:12,800 - INFO - Node 12: k=238.94715256661206, f_best=0.3745495676994324, f_min=0.23319677338895417
2025-05-03 14:03:12,800 - INFO - Node 13: k=282.98617164858365, f_best=-1.4566245079040527, f_min=-2.1590903237247403
2025-05-03 14:03:12,800 - INFO - cur_node_number 40,f_best -1.4566245079040527,f_min -2.1590903237247403,k 282.98617164858365
2025-05-03 14:03:12,800 - INFO - f_best_current -1.4566245079040527,f_min -2.1590903237247403
2025-05-03 14:03:12,800 - INFO - 回退,len(queue)=5
2025-05-03 14:03:27,841 - INFO - tree_node.f_best*ep:-1.4259910583496094,left_f_best0.41600745916366577,right_f_best-1.2650288343429565,i:1
2025-05-03 14:03:43,509 - INFO - tree_node.f_best*ep:-1.4259910583496094,left_f_best0.4597647786140442,right_f_best-1.3671483993530273,i:2
2025-05-03 14:03:59,787 - INFO - tree_node.f_best*ep:-1.4259910583496094,left_f_best0.32953256368637085,right_f_best-1.4648586511611938,i:3
2025-05-03 14:05:14,781 - INFO - 添加左子节点，右子节点，len(queue):7
2025-05-03 14:05:14,781 - INFO - Node 1: k=1271.574760463486, f_best=-1.3300697803497314, f_min=-10.088840286742197
2025-05-03 14:05:14,781 - INFO - Node 2: k=282.98617164858365, f_best=0.45119184255599976, f_min=-4.245429059123126
2025-05-03 14:05:14,781 - INFO - Node 3: k=438.43544823104503, f_best=-1.3324495553970337, f_min=-6.0852296621833375
2025-05-03 14:05:14,781 - INFO - Node 4: k=219.74035239457834, f_best=0.36977702379226685, f_min=-1.908352393938003
2025-05-03 14:05:14,781 - INFO - Node 5: k=389.08919886142127, f_best=-1.3478317260742188, f_min=-3.1156820046808207
2025-05-03 14:05:14,781 - INFO - Node 6: k=248.64936513889833, f_best=0.3774128556251526, f_min=0.005463679211970884
2025-05-03 14:05:14,781 - INFO - Node 7: k=377.64614307995555, f_best=-1.3743610382080078, f_min=-10.928546661938526
2025-05-03 14:05:14,781 - INFO - Node 8: k=263.9463115290864, f_best=0.41809719800949097, f_min=-2.186113591051253
2025-05-03 14:05:14,781 - INFO - Node 9: k=325.28530701288247, f_best=-1.3936556577682495, f_min=-2.169316919400444
2025-05-03 14:05:14,781 - INFO - Node 10: k=280.1843283649343, f_best=0.4190714955329895, f_min=-1.2528988165104238
2025-05-03 14:05:14,781 - INFO - Node 11: k=282.98617164858365, f_best=-1.4259910583496094, f_min=-2.436943397662617
2025-05-03 14:05:14,781 - INFO - Node 12: k=385.23683055586264, f_best=0.32953256368637085, f_min=-1.9580081690746738
2025-05-03 14:05:14,781 - INFO - Node 13: k=288.67419369872016, f_best=-1.4648586511611938, f_min=-3.223884029159308
2025-05-03 14:05:14,781 - INFO - cur_node_number 41,f_best -1.4648586511611938,f_min -3.223884029159308,k 288.67419369872016
2025-05-03 14:05:14,781 - INFO - f_best_current -1.4648586511611938,f_min -3.223884029159308
2025-05-03 14:05:14,781 - INFO - 回退,len(queue)=5
2025-05-03 14:05:29,885 - INFO - tree_node.f_best*ep:-1.4259910583496094,left_f_best0.3793427348136902,right_f_best-1.3838897943496704,i:1
2025-05-03 14:05:45,554 - INFO - tree_node.f_best*ep:-1.4259910583496094,left_f_best0.4554447531700134,right_f_best-1.391795039176941,i:2
2025-05-03 14:06:01,929 - INFO - tree_node.f_best*ep:-1.4259910583496094,left_f_best0.47593337297439575,right_f_best-1.422425389289856,i:3
2025-05-03 14:06:19,058 - INFO - tree_node.f_best*ep:-1.4259910583496094,left_f_best0.41780370473861694,right_f_best-1.4479734897613525,i:4
2025-05-03 14:07:20,884 - INFO - 添加左子节点，右子节点，len(queue):7
2025-05-03 14:07:20,884 - INFO - Node 1: k=1271.574760463486, f_best=-1.3300697803497314, f_min=-10.088840286742197
2025-05-03 14:07:20,884 - INFO - Node 2: k=282.98617164858365, f_best=0.45119184255599976, f_min=-4.245429059123126
2025-05-03 14:07:20,884 - INFO - Node 3: k=438.43544823104503, f_best=-1.3324495553970337, f_min=-6.0852296621833375
2025-05-03 14:07:20,884 - INFO - Node 4: k=219.74035239457834, f_best=0.36977702379226685, f_min=-1.908352393938003
2025-05-03 14:07:20,884 - INFO - Node 5: k=389.08919886142127, f_best=-1.3478317260742188, f_min=-3.1156820046808207
2025-05-03 14:07:20,884 - INFO - Node 6: k=248.64936513889833, f_best=0.3774128556251526, f_min=0.005463679211970884
2025-05-03 14:07:20,884 - INFO - Node 7: k=377.64614307995555, f_best=-1.3743610382080078, f_min=-10.928546661938526
2025-05-03 14:07:20,884 - INFO - Node 8: k=263.9463115290864, f_best=0.41809719800949097, f_min=-2.186113591051253
2025-05-03 14:07:20,884 - INFO - Node 9: k=325.28530701288247, f_best=-1.3936556577682495, f_min=-2.169316919400444
2025-05-03 14:07:20,884 - INFO - Node 10: k=280.1843283649343, f_best=0.4190714955329895, f_min=-1.2528988165104238
2025-05-03 14:07:20,884 - INFO - Node 11: k=288.67419369872016, f_best=-1.4259910583496094, f_min=-2.436943397662617
2025-05-03 14:07:20,884 - INFO - Node 12: k=182.6521410789777, f_best=0.41780370473861694, f_min=-3.1395240282745362
2025-05-03 14:07:20,884 - INFO - Node 13: k=201.76159628956754, f_best=-1.4479734897613525, f_min=-3.550850073456786
2025-05-03 14:07:20,884 - INFO - cur_node_number 42,f_best -1.4479734897613525,f_min -3.550850073456786,k 201.76159628956754
2025-05-03 14:07:20,884 - INFO - f_best_current -1.4479734897613525,f_min -3.550850073456786
2025-05-03 14:07:35,944 - INFO - tree_node.f_best*ep:-1.4479734897613525,left_f_best0.41843265295028687,right_f_best-1.4077128171920776,i:1
2025-05-03 14:07:51,578 - INFO - tree_node.f_best*ep:-1.4479734897613525,left_f_best0.4608646035194397,right_f_best-1.438269853591919,i:2
2025-05-03 14:08:07,813 - INFO - tree_node.f_best*ep:-1.4479734897613525,left_f_best0.39570170640945435,right_f_best-1.4207162857055664,i:3
2025-05-03 14:08:24,689 - INFO - tree_node.f_best*ep:-1.4479734897613525,left_f_best0.35671013593673706,right_f_best-1.4437456130981445,i:4
2025-05-03 14:08:42,385 - INFO - tree_node.f_best*ep:-1.4479734897613525,left_f_best0.30749064683914185,right_f_best-1.4017574787139893,i:5
2025-05-03 14:09:00,950 - INFO - tree_node.f_best*ep:-1.4479734897613525,left_f_best0.32418519258499146,right_f_best-1.47463059425354,i:6
2025-05-03 14:10:08,328 - INFO - 添加左子节点，右子节点，len(queue):8
2025-05-03 14:10:08,328 - INFO - Node 1: k=1271.574760463486, f_best=-1.3300697803497314, f_min=-10.088840286742197
2025-05-03 14:10:08,328 - INFO - Node 2: k=282.98617164858365, f_best=0.45119184255599976, f_min=-4.245429059123126
2025-05-03 14:10:08,328 - INFO - Node 3: k=438.43544823104503, f_best=-1.3324495553970337, f_min=-6.0852296621833375
2025-05-03 14:10:08,328 - INFO - Node 4: k=219.74035239457834, f_best=0.36977702379226685, f_min=-1.908352393938003
2025-05-03 14:10:08,328 - INFO - Node 5: k=389.08919886142127, f_best=-1.3478317260742188, f_min=-3.1156820046808207
2025-05-03 14:10:08,344 - INFO - Node 6: k=248.64936513889833, f_best=0.3774128556251526, f_min=0.005463679211970884
2025-05-03 14:10:08,344 - INFO - Node 7: k=377.64614307995555, f_best=-1.3743610382080078, f_min=-10.928546661938526
2025-05-03 14:10:08,344 - INFO - Node 8: k=263.9463115290864, f_best=0.41809719800949097, f_min=-2.186113591051253
2025-05-03 14:10:08,344 - INFO - Node 9: k=325.28530701288247, f_best=-1.3936556577682495, f_min=-2.169316919400444
2025-05-03 14:10:08,344 - INFO - Node 10: k=280.1843283649343, f_best=0.4190714955329895, f_min=-1.2528988165104238
2025-05-03 14:10:08,344 - INFO - Node 11: k=288.67419369872016, f_best=-1.4259910583496094, f_min=-2.436943397662617
2025-05-03 14:10:08,344 - INFO - Node 12: k=182.6521410789777, f_best=0.41780370473861694, f_min=-3.1395240282745362
2025-05-03 14:10:08,344 - INFO - Node 13: k=201.76159628956754, f_best=-1.4479734897613525, f_min=-3.550850073456786
2025-05-03 14:10:08,344 - INFO - Node 14: k=271.94414871472924, f_best=0.32418519258499146, f_min=-2.657583456904831
2025-05-03 14:10:08,344 - INFO - Node 15: k=214.17400007879988, f_best=-1.47463059425354, f_min=-1.4809482336104338
2025-05-03 14:10:08,344 - INFO - cur_node_number 43,f_best -1.47463059425354,f_min -1.4809482336104338,k 214.17400007879988
2025-05-03 14:10:08,344 - INFO - f_best_current -1.47463059425354,f_min -1.4809482336104338
2025-05-03 14:10:08,344 - INFO - 结束,fmin= -1.4809482336104338, fbestmin=-1.47463059425354
