2025-04-29 20:12:02,712 - INFO - Namespace(log_file='outputs/DNN3/img[0]/min/DNN3img0_label7.log', image_path='img[0].png', model_path='network/DNN3.pth', label=7, init_epsilon=0.05, epsilon=0.01, ep=1, min=1)
2025-04-29 20:12:02,724 - INFO - Model output max(1): torch.return_types.max(
values=tensor([24.2042], grad_fn=<MaxBackward0>),
indices=tensor([0]))
2025-04-29 20:12:10,002 - INFO - cur_node_number 1,f_best -12.838912010192871,f_min -18.503081004600972,k 603.1268547910955
2025-04-29 20:12:10,002 - INFO - f_best_current -12.838912010192871,f_min -18.503081004600972
2025-04-29 20:12:21,444 - INFO - tree_node.f_best*ep:-12.838912010192871,left_f_best-11.497825622558594,right_f_best-12.851469993591309,i:1
2025-04-29 20:13:17,585 - INFO - 添加左子节点，右子节点，len(queue):2
2025-04-29 20:13:17,585 - INFO - Node 1: k=603.1268547910955, f_best=-12.838912010192871, f_min=-18.503081004600972
2025-04-29 20:13:17,585 - INFO - Node 2: k=170.81143262093627, f_best=-11.497825622558594, f_min=-14.537882793481913
2025-04-29 20:13:17,585 - INFO - Node 3: k=142.80131513288492, f_best=-12.851469993591309, f_min=-13.55277955622114
2025-04-29 20:13:17,586 - INFO - cur_node_number 2,f_best -12.851469993591309,f_min -13.55277955622114,k 142.80131513288492
2025-04-29 20:13:17,586 - INFO - f_best_current -12.851469993591309,f_min -13.55277955622114
2025-04-29 20:13:30,679 - INFO - tree_node.f_best*ep:-12.851469993591309,left_f_best-11.49945068359375,right_f_best-12.872618675231934,i:1
2025-04-29 20:14:30,372 - INFO - 添加左子节点，右子节点，len(queue):3
2025-04-29 20:14:30,372 - INFO - Node 1: k=603.1268547910955, f_best=-12.838912010192871, f_min=-18.503081004600972
2025-04-29 20:14:30,373 - INFO - Node 2: k=170.81143262093627, f_best=-11.497825622558594, f_min=-14.537882793481913
2025-04-29 20:14:30,373 - INFO - Node 3: k=142.80131513288492, f_best=-12.851469993591309, f_min=-13.55277955622114
2025-04-29 20:14:30,373 - INFO - Node 4: k=175.98718984078326, f_best=-11.49945068359375, f_min=-13.228069045582743
2025-04-29 20:14:30,373 - INFO - Node 5: k=200.28983820013318, f_best=-12.872618675231934, f_min=-15.404967292995934
2025-04-29 20:14:30,373 - INFO - cur_node_number 3,f_best -12.872618675231934,f_min -15.404967292995934,k 200.28983820013318
2025-04-29 20:14:30,373 - INFO - f_best_current -12.872618675231934,f_min -15.404967292995934
2025-04-29 20:14:30,373 - INFO - 回退,len(queue)=1
2025-04-29 20:14:43,040 - INFO - tree_node.f_best*ep:-12.851469993591309,left_f_best-11.454283714294434,right_f_best-12.821432113647461,i:1
2025-04-29 20:14:56,194 - INFO - tree_node.f_best*ep:-12.851469993591309,left_f_best-11.523600578308105,right_f_best-12.894364356994629,i:2
2025-04-29 20:15:59,485 - INFO - 添加左子节点，右子节点，len(queue):3
2025-04-29 20:15:59,486 - INFO - Node 1: k=603.1268547910955, f_best=-12.838912010192871, f_min=-18.503081004600972
2025-04-29 20:15:59,486 - INFO - Node 2: k=170.81143262093627, f_best=-11.497825622558594, f_min=-14.537882793481913
2025-04-29 20:15:59,486 - INFO - Node 3: k=200.28983820013318, f_best=-12.851469993591309, f_min=-13.55277955622114
2025-04-29 20:15:59,486 - INFO - Node 4: k=246.83558233133826, f_best=-11.523600578308105, f_min=-12.91277240391355
2025-04-29 20:15:59,486 - INFO - Node 5: k=223.45703263860636, f_best=-12.894364356994629, f_min=-13.826011161811039
2025-04-29 20:15:59,486 - INFO - cur_node_number 4,f_best -12.894364356994629,f_min -13.826011161811039,k 223.45703263860636
2025-04-29 20:15:59,487 - INFO - f_best_current -12.894364356994629,f_min -13.826011161811039
2025-04-29 20:15:59,487 - INFO - 回退,len(queue)=1
2025-04-29 20:16:12,032 - INFO - tree_node.f_best*ep:-12.851469993591309,left_f_best-11.500207901000977,right_f_best-12.865875244140625,i:1
2025-04-29 20:17:07,084 - INFO - 添加左子节点，右子节点，len(queue):3
2025-04-29 20:17:07,084 - INFO - Node 1: k=603.1268547910955, f_best=-12.838912010192871, f_min=-18.503081004600972
2025-04-29 20:17:07,084 - INFO - Node 2: k=170.81143262093627, f_best=-11.497825622558594, f_min=-14.537882793481913
2025-04-29 20:17:07,084 - INFO - Node 3: k=223.45703263860636, f_best=-12.851469993591309, f_min=-13.55277955622114
2025-04-29 20:17:07,084 - INFO - Node 4: k=125.47417473418193, f_best=-11.500207901000977, f_min=-12.417193317141027
2025-04-29 20:17:07,084 - INFO - Node 5: k=198.30677049518135, f_best=-12.865875244140625, f_min=-16.05042852029328
2025-04-29 20:17:07,085 - INFO - cur_node_number 5,f_best -12.865875244140625,f_min -16.05042852029328,k 198.30677049518135
2025-04-29 20:17:07,085 - INFO - f_best_current -12.865875244140625,f_min -16.05042852029328
2025-04-29 20:17:19,309 - INFO - tree_node.f_best*ep:-12.865875244140625,left_f_best-11.444212913513184,right_f_best-12.836735725402832,i:1
2025-04-29 20:17:32,028 - INFO - tree_node.f_best*ep:-12.865875244140625,left_f_best-11.474637985229492,right_f_best-12.880715370178223,i:2
2025-04-29 20:18:21,831 - INFO - 添加左子节点，右子节点，len(queue):4
2025-04-29 20:18:21,831 - INFO - Node 1: k=603.1268547910955, f_best=-12.838912010192871, f_min=-18.503081004600972
2025-04-29 20:18:21,832 - INFO - Node 2: k=170.81143262093627, f_best=-11.497825622558594, f_min=-14.537882793481913
2025-04-29 20:18:21,832 - INFO - Node 3: k=223.45703263860636, f_best=-12.851469993591309, f_min=-13.55277955622114
2025-04-29 20:18:21,832 - INFO - Node 4: k=125.47417473418193, f_best=-11.500207901000977, f_min=-12.417193317141027
2025-04-29 20:18:21,832 - INFO - Node 5: k=198.30677049518135, f_best=-12.865875244140625, f_min=-16.05042852029328
2025-04-29 20:18:21,832 - INFO - Node 6: k=112.46547875022061, f_best=-11.474637985229492, f_min=-12.03911633101552
2025-04-29 20:18:21,832 - INFO - Node 7: k=138.60154957908892, f_best=-12.880715370178223, f_min=-14.233282761108967
2025-04-29 20:18:21,832 - INFO - cur_node_number 6,f_best -12.880715370178223,f_min -14.233282761108967,k 138.60154957908892
2025-04-29 20:18:21,832 - INFO - f_best_current -12.880715370178223,f_min -14.233282761108967
2025-04-29 20:18:34,441 - INFO - tree_node.f_best*ep:-12.880715370178223,left_f_best-11.445002555847168,right_f_best-12.800553321838379,i:1
2025-04-29 20:18:47,358 - INFO - tree_node.f_best*ep:-12.880715370178223,left_f_best-11.505905151367188,right_f_best-12.8798189163208,i:2
2025-04-29 20:19:00,769 - INFO - tree_node.f_best*ep:-12.880715370178223,left_f_best-11.465059280395508,right_f_best-12.924517631530762,i:3
2025-04-29 20:19:55,662 - INFO - 添加左子节点，右子节点，len(queue):5
2025-04-29 20:19:55,662 - INFO - Node 1: k=603.1268547910955, f_best=-12.838912010192871, f_min=-18.503081004600972
2025-04-29 20:19:55,662 - INFO - Node 2: k=170.81143262093627, f_best=-11.497825622558594, f_min=-14.537882793481913
2025-04-29 20:19:55,662 - INFO - Node 3: k=223.45703263860636, f_best=-12.851469993591309, f_min=-13.55277955622114
2025-04-29 20:19:55,662 - INFO - Node 4: k=125.47417473418193, f_best=-11.500207901000977, f_min=-12.417193317141027
2025-04-29 20:19:55,663 - INFO - Node 5: k=198.30677049518135, f_best=-12.865875244140625, f_min=-16.05042852029328
2025-04-29 20:19:55,663 - INFO - Node 6: k=112.46547875022061, f_best=-11.474637985229492, f_min=-12.03911633101552
2025-04-29 20:19:55,663 - INFO - Node 7: k=138.60154957908892, f_best=-12.880715370178223, f_min=-14.233282761108967
2025-04-29 20:19:55,663 - INFO - Node 8: k=129.27616770280238, f_best=-11.465059280395508, f_min=-12.307081060617747
2025-04-29 20:19:55,663 - INFO - Node 9: k=198.30677049518135, f_best=-12.924517631530762, f_min=-13.114631062049739
2025-04-29 20:19:55,663 - INFO - cur_node_number 7,f_best -12.924517631530762,f_min -13.114631062049739,k 198.30677049518135
2025-04-29 20:19:55,663 - INFO - f_best_current -12.924517631530762,f_min -13.114631062049739
2025-04-29 20:19:55,664 - INFO - 回退,len(queue)=3
2025-04-29 20:20:08,366 - INFO - tree_node.f_best*ep:-12.880715370178223,left_f_best-11.43033218383789,right_f_best-12.809666633605957,i:1
2025-04-29 20:20:21,065 - INFO - tree_node.f_best*ep:-12.880715370178223,left_f_best-11.583054542541504,right_f_best-12.893779754638672,i:2
2025-04-29 20:21:19,310 - INFO - 添加左子节点，右子节点，len(queue):5
2025-04-29 20:21:19,310 - INFO - Node 1: k=603.1268547910955, f_best=-12.838912010192871, f_min=-18.503081004600972
2025-04-29 20:21:19,311 - INFO - Node 2: k=170.81143262093627, f_best=-11.497825622558594, f_min=-14.537882793481913
2025-04-29 20:21:19,311 - INFO - Node 3: k=223.45703263860636, f_best=-12.851469993591309, f_min=-13.55277955622114
2025-04-29 20:21:19,311 - INFO - Node 4: k=125.47417473418193, f_best=-11.500207901000977, f_min=-12.417193317141027
2025-04-29 20:21:19,311 - INFO - Node 5: k=198.30677049518135, f_best=-12.865875244140625, f_min=-16.05042852029328
2025-04-29 20:21:19,311 - INFO - Node 6: k=112.46547875022061, f_best=-11.474637985229492, f_min=-12.03911633101552
2025-04-29 20:21:19,311 - INFO - Node 7: k=198.30677049518135, f_best=-12.880715370178223, f_min=-14.233282761108967
2025-04-29 20:21:19,311 - INFO - Node 8: k=239.57618436877985, f_best=-11.583054542541504, f_min=-12.650516940466332
2025-04-29 20:21:19,311 - INFO - Node 9: k=186.81394826363504, f_best=-12.893779754638672, f_min=-14.010121603262633
2025-04-29 20:21:19,312 - INFO - cur_node_number 8,f_best -12.893779754638672,f_min -14.010121603262633,k 186.81394826363504
2025-04-29 20:21:19,312 - INFO - f_best_current -12.893779754638672,f_min -14.010121603262633
2025-04-29 20:21:30,057 - INFO - tree_node.f_best*ep:-12.893779754638672,left_f_best-11.455997467041016,right_f_best-12.897658348083496,i:1
2025-04-29 20:22:17,828 - INFO - 添加左子节点，右子节点，len(queue):6
2025-04-29 20:22:17,828 - INFO - Node 1: k=603.1268547910955, f_best=-12.838912010192871, f_min=-18.503081004600972
2025-04-29 20:22:17,829 - INFO - Node 2: k=170.81143262093627, f_best=-11.497825622558594, f_min=-14.537882793481913
2025-04-29 20:22:17,829 - INFO - Node 3: k=223.45703263860636, f_best=-12.851469993591309, f_min=-13.55277955622114
2025-04-29 20:22:17,829 - INFO - Node 4: k=125.47417473418193, f_best=-11.500207901000977, f_min=-12.417193317141027
2025-04-29 20:22:17,829 - INFO - Node 5: k=198.30677049518135, f_best=-12.865875244140625, f_min=-16.05042852029328
2025-04-29 20:22:17,829 - INFO - Node 6: k=112.46547875022061, f_best=-11.474637985229492, f_min=-12.03911633101552
2025-04-29 20:22:17,829 - INFO - Node 7: k=198.30677049518135, f_best=-12.880715370178223, f_min=-14.233282761108967
2025-04-29 20:22:17,829 - INFO - Node 8: k=239.57618436877985, f_best=-11.583054542541504, f_min=-12.650516940466332
2025-04-29 20:22:17,829 - INFO - Node 9: k=186.81394826363504, f_best=-12.893779754638672, f_min=-14.010121603262633
2025-04-29 20:22:17,829 - INFO - Node 10: k=190.56890862373413, f_best=-11.455997467041016, f_min=-11.711725427299825
2025-04-29 20:22:17,829 - INFO - Node 11: k=169.12023031775868, f_best=-12.897658348083496, f_min=-13.335761686700607
2025-04-29 20:22:17,829 - INFO - cur_node_number 9,f_best -12.897658348083496,f_min -13.335761686700607,k 169.12023031775868
2025-04-29 20:22:17,830 - INFO - f_best_current -12.897658348083496,f_min -13.335761686700607
2025-04-29 20:22:28,441 - INFO - tree_node.f_best*ep:-12.897658348083496,left_f_best-11.485854148864746,right_f_best-12.818470001220703,i:1
2025-04-29 20:22:39,358 - INFO - tree_node.f_best*ep:-12.897658348083496,left_f_best-11.445013999938965,right_f_best-12.928852081298828,i:2
2025-04-29 20:23:19,932 - INFO - 添加左子节点，右子节点，len(queue):7
2025-04-29 20:23:19,932 - INFO - Node 1: k=603.1268547910955, f_best=-12.838912010192871, f_min=-18.503081004600972
2025-04-29 20:23:19,932 - INFO - Node 2: k=170.81143262093627, f_best=-11.497825622558594, f_min=-14.537882793481913
2025-04-29 20:23:19,932 - INFO - Node 3: k=223.45703263860636, f_best=-12.851469993591309, f_min=-13.55277955622114
2025-04-29 20:23:19,933 - INFO - Node 4: k=125.47417473418193, f_best=-11.500207901000977, f_min=-12.417193317141027
2025-04-29 20:23:19,933 - INFO - Node 5: k=198.30677049518135, f_best=-12.865875244140625, f_min=-16.05042852029328
2025-04-29 20:23:19,933 - INFO - Node 6: k=112.46547875022061, f_best=-11.474637985229492, f_min=-12.03911633101552
2025-04-29 20:23:19,933 - INFO - Node 7: k=198.30677049518135, f_best=-12.880715370178223, f_min=-14.233282761108967
2025-04-29 20:23:19,933 - INFO - Node 8: k=239.57618436877985, f_best=-11.583054542541504, f_min=-12.650516940466332
2025-04-29 20:23:19,933 - INFO - Node 9: k=186.81394826363504, f_best=-12.893779754638672, f_min=-14.010121603262633
2025-04-29 20:23:19,933 - INFO - Node 10: k=190.56890862373413, f_best=-11.455997467041016, f_min=-11.711725427299825
2025-04-29 20:23:19,933 - INFO - Node 11: k=169.12023031775868, f_best=-12.897658348083496, f_min=-13.335761686700607
2025-04-29 20:23:19,933 - INFO - Node 12: k=160.91209622749798, f_best=-11.445013999938965, f_min=-11.682314569970004
2025-04-29 20:23:19,933 - INFO - Node 13: k=89.45974158384772, f_best=-12.928852081298828, f_min=-13.127596503074983
2025-04-29 20:23:19,934 - INFO - cur_node_number 10,f_best -12.928852081298828,f_min -13.127596503074983,k 89.45974158384772
2025-04-29 20:23:19,934 - INFO - f_best_current -12.928852081298828,f_min -13.127596503074983
2025-04-29 20:23:30,597 - INFO - tree_node.f_best*ep:-12.928852081298828,left_f_best-11.42618465423584,right_f_best-12.805811882019043,i:1
2025-04-29 20:23:41,599 - INFO - tree_node.f_best*ep:-12.928852081298828,left_f_best-11.530030250549316,right_f_best-12.778203010559082,i:2
2025-04-29 20:23:53,125 - INFO - tree_node.f_best*ep:-12.928852081298828,left_f_best-11.453596115112305,right_f_best-12.92236328125,i:3
2025-04-29 20:24:05,161 - INFO - tree_node.f_best*ep:-12.928852081298828,left_f_best-11.51827621459961,right_f_best-12.850955963134766,i:4
2025-04-29 20:24:17,708 - INFO - tree_node.f_best*ep:-12.928852081298828,left_f_best-11.516639709472656,right_f_best-12.882976531982422,i:5
2025-04-29 20:24:30,778 - INFO - tree_node.f_best*ep:-12.928852081298828,left_f_best-11.631689071655273,right_f_best-12.989151954650879,i:6
2025-04-29 20:25:15,228 - INFO - 添加左子节点，右子节点，len(queue):8
2025-04-29 20:25:15,229 - INFO - Node 1: k=603.1268547910955, f_best=-12.838912010192871, f_min=-18.503081004600972
2025-04-29 20:25:15,229 - INFO - Node 2: k=170.81143262093627, f_best=-11.497825622558594, f_min=-14.537882793481913
2025-04-29 20:25:15,229 - INFO - Node 3: k=223.45703263860636, f_best=-12.851469993591309, f_min=-13.55277955622114
2025-04-29 20:25:15,229 - INFO - Node 4: k=125.47417473418193, f_best=-11.500207901000977, f_min=-12.417193317141027
2025-04-29 20:25:15,229 - INFO - Node 5: k=198.30677049518135, f_best=-12.865875244140625, f_min=-16.05042852029328
2025-04-29 20:25:15,229 - INFO - Node 6: k=112.46547875022061, f_best=-11.474637985229492, f_min=-12.03911633101552
2025-04-29 20:25:15,229 - INFO - Node 7: k=198.30677049518135, f_best=-12.880715370178223, f_min=-14.233282761108967
2025-04-29 20:25:15,229 - INFO - Node 8: k=239.57618436877985, f_best=-11.583054542541504, f_min=-12.650516940466332
2025-04-29 20:25:15,230 - INFO - Node 9: k=186.81394826363504, f_best=-12.893779754638672, f_min=-14.010121603262633
2025-04-29 20:25:15,230 - INFO - Node 10: k=190.56890862373413, f_best=-11.455997467041016, f_min=-11.711725427299825
2025-04-29 20:25:15,230 - INFO - Node 11: k=169.12023031775868, f_best=-12.897658348083496, f_min=-13.335761686700607
2025-04-29 20:25:15,230 - INFO - Node 12: k=160.91209622749798, f_best=-11.445013999938965, f_min=-11.682314569970004
2025-04-29 20:25:15,230 - INFO - Node 13: k=89.45974158384772, f_best=-12.928852081298828, f_min=-13.127596503074983
2025-04-29 20:25:15,230 - INFO - Node 14: k=226.99470264617875, f_best=-11.631689071655273, f_min=-12.568876856612405
2025-04-29 20:25:15,230 - INFO - Node 15: k=105.94756838722856, f_best=-12.989151954650879, f_min=-13.17260575385535
2025-04-29 20:25:15,230 - INFO - cur_node_number 11,f_best -12.989151954650879,f_min -13.17260575385535,k 105.94756838722856
2025-04-29 20:25:15,230 - INFO - f_best_current -12.989151954650879,f_min -13.17260575385535
2025-04-29 20:25:15,230 - INFO - 回退,len(queue)=6
2025-04-29 20:25:25,847 - INFO - tree_node.f_best*ep:-12.928852081298828,left_f_best-11.482608795166016,right_f_best-12.82427978515625,i:1
2025-04-29 20:25:36,882 - INFO - tree_node.f_best*ep:-12.928852081298828,left_f_best-11.522075653076172,right_f_best-12.844061851501465,i:2
2025-04-29 20:25:48,414 - INFO - tree_node.f_best*ep:-12.928852081298828,left_f_best-11.533897399902344,right_f_best-12.900222778320312,i:3
2025-04-29 20:26:00,417 - INFO - tree_node.f_best*ep:-12.928852081298828,left_f_best-11.570982933044434,right_f_best-12.885573387145996,i:4
2025-04-29 20:26:12,981 - INFO - tree_node.f_best*ep:-12.928852081298828,left_f_best-11.533161163330078,right_f_best-12.915430068969727,i:5
2025-04-29 20:26:26,053 - INFO - tree_node.f_best*ep:-12.928852081298828,left_f_best-11.521944046020508,right_f_best-12.853464126586914,i:6
2025-04-29 20:26:39,538 - INFO - tree_node.f_best*ep:-12.928852081298828,left_f_best-11.506860733032227,right_f_best-12.94896411895752,i:7
2025-04-29 20:27:23,709 - INFO - 添加左子节点，右子节点，len(queue):8
2025-04-29 20:27:23,709 - INFO - Node 1: k=603.1268547910955, f_best=-12.838912010192871, f_min=-18.503081004600972
2025-04-29 20:27:23,709 - INFO - Node 2: k=170.81143262093627, f_best=-11.497825622558594, f_min=-14.537882793481913
2025-04-29 20:27:23,709 - INFO - Node 3: k=223.45703263860636, f_best=-12.851469993591309, f_min=-13.55277955622114
2025-04-29 20:27:23,709 - INFO - Node 4: k=125.47417473418193, f_best=-11.500207901000977, f_min=-12.417193317141027
2025-04-29 20:27:23,709 - INFO - Node 5: k=198.30677049518135, f_best=-12.865875244140625, f_min=-16.05042852029328
2025-04-29 20:27:23,709 - INFO - Node 6: k=112.46547875022061, f_best=-11.474637985229492, f_min=-12.03911633101552
2025-04-29 20:27:23,709 - INFO - Node 7: k=198.30677049518135, f_best=-12.880715370178223, f_min=-14.233282761108967
2025-04-29 20:27:23,710 - INFO - Node 8: k=239.57618436877985, f_best=-11.583054542541504, f_min=-12.650516940466332
2025-04-29 20:27:23,710 - INFO - Node 9: k=186.81394826363504, f_best=-12.893779754638672, f_min=-14.010121603262633
2025-04-29 20:27:23,710 - INFO - Node 10: k=190.56890862373413, f_best=-11.455997467041016, f_min=-11.711725427299825
2025-04-29 20:27:23,710 - INFO - Node 11: k=169.12023031775868, f_best=-12.897658348083496, f_min=-13.335761686700607
2025-04-29 20:27:23,710 - INFO - Node 12: k=160.91209622749798, f_best=-11.445013999938965, f_min=-11.682314569970004
2025-04-29 20:27:23,710 - INFO - Node 13: k=105.94756838722856, f_best=-12.928852081298828, f_min=-13.127596503074983
2025-04-29 20:27:23,710 - INFO - Node 14: k=175.98718984078326, f_best=-11.506860733032227, f_min=-11.551005147724936
2025-04-29 20:27:23,710 - INFO - Node 15: k=118.20234845578986, f_best=-12.94896411895752, f_min=-13.038321081747199
2025-04-29 20:27:23,710 - INFO - cur_node_number 12,f_best -12.94896411895752,f_min -13.038321081747199,k 118.20234845578986
2025-04-29 20:27:23,710 - INFO - f_best_current -12.94896411895752,f_min -13.038321081747199
2025-04-29 20:27:23,711 - INFO - 结束,fmin= -13.038321081747199, fbestmin=-12.94896411895752
