2025-04-29 14:01:38,982 - INFO - Namespace(log_file='outputs/DNN3/img[0]/min/DNN3img0_label3.log', image_path='img[0].png', model_path='network/DNN3.pth', label=3, init_epsilon=0.05, epsilon=0.01, ep=1, min=1)
2025-04-29 14:01:38,996 - INFO - Model output max(1): torch.return_types.max(
values=tensor([24.2042], grad_fn=<MaxBackward0>),
indices=tensor([0]))
2025-04-29 14:01:46,967 - INFO - cur_node_number 1,f_best -20.973403930664062,f_min -23.921606281452114,k 464.56125215679884
2025-04-29 14:01:46,967 - INFO - f_best_current -20.973403930664062,f_min -23.921606281452114
2025-04-29 14:01:59,353 - INFO - tree_node.f_best*ep:-20.973403930664062,left_f_best-19.130537033081055,right_f_best-21.019269943237305,i:1
2025-04-29 14:03:06,340 - INFO - 添加左子节点，右子节点，len(queue):2
2025-04-29 14:03:06,340 - INFO - Node 1: k=464.56125215679884, f_best=-20.973403930664062, f_min=-23.921606281452114
2025-04-29 14:03:06,341 - INFO - Node 2: k=292.7860549170857, f_best=-19.130537033081055, f_min=-21.78890221801157
2025-04-29 14:03:06,341 - INFO - Node 3: k=236.58133917486342, f_best=-21.019269943237305, f_min=-23.215999095080406
2025-04-29 14:03:06,341 - INFO - cur_node_number 2,f_best -21.019269943237305,f_min -23.215999095080406,k 236.58133917486342
2025-04-29 14:03:06,341 - INFO - f_best_current -21.019269943237305,f_min -23.215999095080406
2025-04-29 14:03:21,427 - INFO - tree_node.f_best*ep:-21.019269943237305,left_f_best-19.157814025878906,right_f_best-21.033288955688477,i:1
2025-04-29 14:04:28,580 - INFO - 添加左子节点，右子节点，len(queue):3
2025-04-29 14:04:28,580 - INFO - Node 1: k=464.56125215679884, f_best=-20.973403930664062, f_min=-23.921606281452114
2025-04-29 14:04:28,580 - INFO - Node 2: k=292.7860549170857, f_best=-19.130537033081055, f_min=-21.78890221801157
2025-04-29 14:04:28,580 - INFO - Node 3: k=236.58133917486342, f_best=-21.019269943237305, f_min=-23.215999095080406
2025-04-29 14:04:28,581 - INFO - Node 4: k=338.4931948716867, f_best=-19.157814025878906, f_min=-21.362644174367233
2025-04-29 14:04:28,581 - INFO - Node 5: k=172.78959131079074, f_best=-21.033288955688477, f_min=-22.763111971329636
2025-04-29 14:04:28,581 - INFO - cur_node_number 3,f_best -21.033288955688477,f_min -22.763111971329636,k 172.78959131079074
2025-04-29 14:04:28,581 - INFO - f_best_current -21.033288955688477,f_min -22.763111971329636
2025-04-29 14:04:43,577 - INFO - tree_node.f_best*ep:-21.033288955688477,left_f_best-19.24698257446289,right_f_best-21.02465057373047,i:1
2025-04-29 14:04:59,003 - INFO - tree_node.f_best*ep:-21.033288955688477,left_f_best-19.23805809020996,right_f_best-21.033048629760742,i:2
2025-04-29 14:05:15,170 - INFO - tree_node.f_best*ep:-21.033288955688477,left_f_best-19.160770416259766,right_f_best-21.067096710205078,i:3
2025-04-29 14:06:18,188 - INFO - 添加左子节点，右子节点，len(queue):4
2025-04-29 14:06:18,189 - INFO - Node 1: k=464.56125215679884, f_best=-20.973403930664062, f_min=-23.921606281452114
2025-04-29 14:06:18,189 - INFO - Node 2: k=292.7860549170857, f_best=-19.130537033081055, f_min=-21.78890221801157
2025-04-29 14:06:18,189 - INFO - Node 3: k=236.58133917486342, f_best=-21.019269943237305, f_min=-23.215999095080406
2025-04-29 14:06:18,189 - INFO - Node 4: k=338.4931948716867, f_best=-19.157814025878906, f_min=-21.362644174367233
2025-04-29 14:06:18,189 - INFO - Node 5: k=172.78959131079074, f_best=-21.033288955688477, f_min=-22.763111971329636
2025-04-29 14:06:18,189 - INFO - Node 6: k=196.6506727996253, f_best=-19.160770416259766, f_min=-20.711038078234196
2025-04-29 14:06:18,189 - INFO - Node 7: k=235.22320586135612, f_best=-21.067096710205078, f_min=-22.84471842741459
2025-04-29 14:06:18,190 - INFO - cur_node_number 4,f_best -21.067096710205078,f_min -22.84471842741459,k 235.22320586135612
2025-04-29 14:06:18,190 - INFO - f_best_current -21.067096710205078,f_min -22.84471842741459
2025-04-29 14:06:18,190 - INFO - 回退,len(queue)=2
2025-04-29 14:06:31,136 - INFO - tree_node.f_best*ep:-21.033288955688477,left_f_best-19.056230545043945,right_f_best-21.018911361694336,i:1
2025-04-29 14:06:44,082 - INFO - tree_node.f_best*ep:-21.033288955688477,left_f_best-19.314306259155273,right_f_best-21.09412956237793,i:2
2025-04-29 14:07:34,910 - INFO - 添加左子节点，右子节点，len(queue):4
2025-04-29 14:07:34,910 - INFO - Node 1: k=464.56125215679884, f_best=-20.973403930664062, f_min=-23.921606281452114
2025-04-29 14:07:34,911 - INFO - Node 2: k=292.7860549170857, f_best=-19.130537033081055, f_min=-21.78890221801157
2025-04-29 14:07:34,911 - INFO - Node 3: k=236.58133917486342, f_best=-21.019269943237305, f_min=-23.215999095080406
2025-04-29 14:07:34,911 - INFO - Node 4: k=338.4931948716867, f_best=-19.157814025878906, f_min=-21.362644174367233
2025-04-29 14:07:34,911 - INFO - Node 5: k=235.22320586135612, f_best=-21.033288955688477, f_min=-22.763111971329636
2025-04-29 14:07:34,911 - INFO - Node 6: k=166.04740098088874, f_best=-19.314306259155273, f_min=-19.823916200738495
2025-04-29 14:07:34,911 - INFO - Node 7: k=162.77561119585212, f_best=-21.09412956237793, f_min=-23.355671384128073
2025-04-29 14:07:34,911 - INFO - cur_node_number 5,f_best -21.09412956237793,f_min -23.355671384128073,k 162.77561119585212
2025-04-29 14:07:34,911 - INFO - f_best_current -21.09412956237793,f_min -23.355671384128073
2025-04-29 14:07:48,679 - INFO - tree_node.f_best*ep:-21.09412956237793,left_f_best-19.21278953552246,right_f_best-21.029680252075195,i:1
2025-04-29 14:08:00,793 - INFO - tree_node.f_best*ep:-21.09412956237793,left_f_best-19.261110305786133,right_f_best-21.04677963256836,i:2
2025-04-29 14:08:13,767 - INFO - tree_node.f_best*ep:-21.09412956237793,left_f_best-19.309619903564453,right_f_best-21.093542098999023,i:3
2025-04-29 14:08:29,253 - INFO - tree_node.f_best*ep:-21.09412956237793,left_f_best-19.30965232849121,right_f_best-21.100099563598633,i:4
2025-04-29 14:09:30,997 - INFO - 添加左子节点，右子节点，len(queue):5
2025-04-29 14:09:30,997 - INFO - Node 1: k=464.56125215679884, f_best=-20.973403930664062, f_min=-23.921606281452114
2025-04-29 14:09:30,997 - INFO - Node 2: k=292.7860549170857, f_best=-19.130537033081055, f_min=-21.78890221801157
2025-04-29 14:09:30,997 - INFO - Node 3: k=236.58133917486342, f_best=-21.019269943237305, f_min=-23.215999095080406
2025-04-29 14:09:30,997 - INFO - Node 4: k=338.4931948716867, f_best=-19.157814025878906, f_min=-21.362644174367233
2025-04-29 14:09:30,997 - INFO - Node 5: k=235.22320586135612, f_best=-21.033288955688477, f_min=-22.763111971329636
2025-04-29 14:09:30,997 - INFO - Node 6: k=166.04740098088874, f_best=-19.314306259155273, f_min=-19.823916200738495
2025-04-29 14:09:30,997 - INFO - Node 7: k=162.77561119585212, f_best=-21.09412956237793, f_min=-23.355671384128073
2025-04-29 14:09:30,998 - INFO - Node 8: k=282.98617164858365, f_best=-19.30965232849121, f_min=-19.34989894971295
2025-04-29 14:09:30,998 - INFO - Node 9: k=267.70594999278575, f_best=-21.100099563598633, f_min=-21.366815360201144
2025-04-29 14:09:30,998 - INFO - cur_node_number 6,f_best -21.100099563598633,f_min -21.366815360201144,k 267.70594999278575
2025-04-29 14:09:30,998 - INFO - f_best_current -21.100099563598633,f_min -21.366815360201144
2025-04-29 14:09:30,998 - INFO - 回退,len(queue)=3
2025-04-29 14:09:30,998 - INFO - 回退,len(queue)=2
2025-04-29 14:09:30,998 - INFO - 回退,len(queue)=1
2025-04-29 14:09:42,863 - INFO - tree_node.f_best*ep:-21.019269943237305,left_f_best-19.165990829467773,right_f_best-21.035995483398438,i:1
2025-04-29 14:10:38,591 - INFO - 添加左子节点，右子节点，len(queue):3
2025-04-29 14:10:38,591 - INFO - Node 1: k=464.56125215679884, f_best=-20.973403930664062, f_min=-23.921606281452114
2025-04-29 14:10:38,591 - INFO - Node 2: k=292.7860549170857, f_best=-19.130537033081055, f_min=-21.78890221801157
2025-04-29 14:10:38,592 - INFO - Node 3: k=267.70594999278575, f_best=-21.019269943237305, f_min=-23.215999095080406
2025-04-29 14:10:38,592 - INFO - Node 4: k=289.8871830862235, f_best=-19.165990829467773, f_min=-20.152795035754025
2025-04-29 14:10:38,592 - INFO - Node 5: k=154.87540883207024, f_best=-21.035995483398438, f_min=-21.253514547567647
2025-04-29 14:10:38,592 - INFO - cur_node_number 7,f_best -21.035995483398438,f_min -21.253514547567647,k 154.87540883207024
2025-04-29 14:10:38,592 - INFO - f_best_current -21.035995483398438,f_min -21.253514547567647
2025-04-29 14:10:50,612 - INFO - tree_node.f_best*ep:-21.035995483398438,left_f_best-19.070180892944336,right_f_best-21.047204971313477,i:1
2025-04-29 14:11:46,581 - INFO - 添加左子节点，右子节点，len(queue):4
2025-04-29 14:11:46,582 - INFO - Node 1: k=464.56125215679884, f_best=-20.973403930664062, f_min=-23.921606281452114
2025-04-29 14:11:46,582 - INFO - Node 2: k=292.7860549170857, f_best=-19.130537033081055, f_min=-21.78890221801157
2025-04-29 14:11:46,582 - INFO - Node 3: k=267.70594999278575, f_best=-21.019269943237305, f_min=-23.215999095080406
2025-04-29 14:11:46,582 - INFO - Node 4: k=289.8871830862235, f_best=-19.165990829467773, f_min=-20.152795035754025
2025-04-29 14:11:46,582 - INFO - Node 5: k=154.87540883207024, f_best=-21.035995483398438, f_min=-21.253514547567647
2025-04-29 14:11:46,582 - INFO - Node 6: k=235.22320586135612, f_best=-19.070180892944336, f_min=-19.24207305002801
2025-04-29 14:11:46,582 - INFO - Node 7: k=204.63547868448802, f_best=-21.047204971313477, f_min=-21.16607072403076
2025-04-29 14:11:46,582 - INFO - cur_node_number 8,f_best -21.047204971313477,f_min -21.16607072403076,k 204.63547868448802
2025-04-29 14:11:46,582 - INFO - f_best_current -21.047204971313477,f_min -21.16607072403076
2025-04-29 14:11:46,583 - INFO - 结束,fmin= -21.16607072403076, fbestmin=-21.047204971313477
