2025-04-27 02:14:03,202 - INFO - Namespace(log_file='outputs/dnn1/img[6]/min/DNN1img6_label9.log', image_path='img[6].png', model_path='network/SimpleNN14.pth', label=9, init_epsilon=0.05, epsilon=0.01, ep=1, min=1)
2025-04-27 02:14:03,217 - INFO - Model output max(1): torch.return_types.max(
values=tensor([9.9357], grad_fn=<MaxBackward0>),
indices=tensor([6]))
2025-04-27 02:14:07,228 - INFO - cur_node_number 1,f_best -16.923641204833984,f_min -20.044902648296556,k 552.866283558504
2025-04-27 02:14:07,228 - INFO - f_best_current -16.923641204833984,f_min -20.044902648296556
2025-04-27 02:14:14,284 - INFO - tree_node.f_best*ep:-16.923641204833984,left_f_best-16.02011489868164,right_f_best-16.890371322631836,i:1
2025-04-27 02:14:21,763 - INFO - tree_node.f_best*ep:-16.923641204833984,left_f_best-16.05935287475586,right_f_best-16.934877395629883,i:2
2025-04-27 02:14:45,660 - INFO - 添加左子节点，右子节点，len(queue):2
2025-04-27 02:14:45,660 - INFO - Node 1: k=552.866283558504, f_best=-16.923641204833984, f_min=-20.044902648296556
2025-04-27 02:14:45,660 - INFO - Node 2: k=249.30393815465163, f_best=-16.05935287475586, f_min=-16.198286141308927
2025-04-27 02:14:45,660 - INFO - Node 3: k=198.30677049518135, f_best=-16.934877395629883, f_min=-18.906804369427846
2025-04-27 02:14:45,660 - INFO - cur_node_number 2,f_best -16.934877395629883,f_min -18.906804369427846,k 198.30677049518135
2025-04-27 02:14:45,660 - INFO - f_best_current -16.934877395629883,f_min -18.906804369427846
2025-04-27 02:14:52,972 - INFO - tree_node.f_best*ep:-16.934877395629883,left_f_best-16.02869415283203,right_f_best-16.913902282714844,i:1
2025-04-27 02:15:00,471 - INFO - tree_node.f_best*ep:-16.934877395629883,left_f_best-16.06431770324707,right_f_best-16.933229446411133,i:2
2025-04-27 02:15:08,046 - INFO - tree_node.f_best*ep:-16.934877395629883,left_f_best-16.06334686279297,right_f_best-16.924388885498047,i:3
2025-04-27 02:15:15,937 - INFO - tree_node.f_best*ep:-16.934877395629883,left_f_best-16.052244186401367,right_f_best-16.962570190429688,i:4
2025-04-27 02:15:38,820 - INFO - 添加左子节点，右子节点，len(queue):3
2025-04-27 02:15:38,820 - INFO - Node 1: k=552.866283558504, f_best=-16.923641204833984, f_min=-20.044902648296556
2025-04-27 02:15:38,820 - INFO - Node 2: k=249.30393815465163, f_best=-16.05935287475586, f_min=-16.198286141308927
2025-04-27 02:15:38,820 - INFO - Node 3: k=198.30677049518135, f_best=-16.934877395629883, f_min=-18.906804369427846
2025-04-27 02:15:38,820 - INFO - Node 4: k=156.17969528079462, f_best=-16.052244186401367, f_min=-18.175060708949786
2025-04-27 02:15:38,820 - INFO - Node 5: k=283.7311367993654, f_best=-16.962570190429688, f_min=-18.62061585549418
2025-04-27 02:15:38,820 - INFO - cur_node_number 3,f_best -16.962570190429688,f_min -18.62061585549418,k 283.7311367993654
2025-04-27 02:15:38,820 - INFO - f_best_current -16.962570190429688,f_min -18.62061585549418
2025-04-27 02:15:38,820 - INFO - 回退,len(queue)=1
2025-04-27 02:15:46,037 - INFO - tree_node.f_best*ep:-16.934877395629883,left_f_best-16.02103042602539,right_f_best-16.94503402709961,i:1
2025-04-27 02:16:09,312 - INFO - 添加左子节点，右子节点，len(queue):3
2025-04-27 02:16:09,312 - INFO - Node 1: k=552.866283558504, f_best=-16.923641204833984, f_min=-20.044902648296556
2025-04-27 02:16:09,312 - INFO - Node 2: k=249.30393815465163, f_best=-16.05935287475586, f_min=-16.198286141308927
2025-04-27 02:16:09,312 - INFO - Node 3: k=283.7311367993654, f_best=-16.934877395629883, f_min=-18.906804369427846
2025-04-27 02:16:09,312 - INFO - Node 4: k=162.52121718977295, f_best=-16.02103042602539, f_min=-16.267942863563803
2025-04-27 02:16:09,312 - INFO - Node 5: k=227.94851899464234, f_best=-16.94503402709961, f_min=-17.182041397978537
2025-04-27 02:16:09,312 - INFO - cur_node_number 4,f_best -16.94503402709961,f_min -17.182041397978537,k 227.94851899464234
2025-04-27 02:16:09,312 - INFO - f_best_current -16.94503402709961,f_min -17.182041397978537
2025-04-27 02:16:16,645 - INFO - tree_node.f_best*ep:-16.94503402709961,left_f_best-16.035629272460938,right_f_best-16.906755447387695,i:1
2025-04-27 02:16:24,327 - INFO - tree_node.f_best*ep:-16.94503402709961,left_f_best-16.05684471130371,right_f_best-16.917814254760742,i:2
2025-04-27 02:16:31,918 - INFO - tree_node.f_best*ep:-16.94503402709961,left_f_best-16.07117462158203,right_f_best-16.965251922607422,i:3
2025-04-27 02:16:51,831 - INFO - 添加左子节点，右子节点，len(queue):4
2025-04-27 02:16:51,831 - INFO - Node 1: k=552.866283558504, f_best=-16.923641204833984, f_min=-20.044902648296556
2025-04-27 02:16:51,831 - INFO - Node 2: k=249.30393815465163, f_best=-16.05935287475586, f_min=-16.198286141308927
2025-04-27 02:16:51,831 - INFO - Node 3: k=283.7311367993654, f_best=-16.934877395629883, f_min=-18.906804369427846
2025-04-27 02:16:51,831 - INFO - Node 4: k=162.52121718977295, f_best=-16.02103042602539, f_min=-16.267942863563803
2025-04-27 02:16:51,831 - INFO - Node 5: k=227.94851899464234, f_best=-16.94503402709961, f_min=-17.182041397978537
2025-04-27 02:16:51,831 - INFO - Node 6: k=190.56890862373413, f_best=-16.07117462158203, f_min=-18.468679862650788
2025-04-27 02:16:51,831 - INFO - Node 7: k=107.00704407110085, f_best=-16.965251922607422, f_min=-17.671369183101433
2025-04-27 02:16:51,831 - INFO - cur_node_number 5,f_best -16.965251922607422,f_min -17.671369183101433,k 107.00704407110085
2025-04-27 02:16:51,831 - INFO - f_best_current -16.965251922607422,f_min -17.671369183101433
2025-04-27 02:16:59,066 - INFO - tree_node.f_best*ep:-16.965251922607422,left_f_best-16.018878936767578,right_f_best-16.9404239654541,i:1
2025-04-27 02:17:06,452 - INFO - tree_node.f_best*ep:-16.965251922607422,left_f_best-16.060199737548828,right_f_best-16.94693946838379,i:2
2025-04-27 02:17:13,941 - INFO - tree_node.f_best*ep:-16.965251922607422,left_f_best-16.058467864990234,right_f_best-16.949745178222656,i:3
2025-04-27 02:17:22,074 - INFO - tree_node.f_best*ep:-16.965251922607422,left_f_best-16.082130432128906,right_f_best-16.96155548095703,i:4
2025-04-27 02:17:30,687 - INFO - tree_node.f_best*ep:-16.965251922607422,left_f_best-16.085853576660156,right_f_best-16.959829330444336,i:5
2025-04-27 02:17:39,657 - INFO - tree_node.f_best*ep:-16.965251922607422,left_f_best-16.096237182617188,right_f_best-16.974830627441406,i:6
2025-04-27 02:18:02,092 - INFO - 添加左子节点，右子节点，len(queue):5
2025-04-27 02:18:02,092 - INFO - Node 1: k=552.866283558504, f_best=-16.923641204833984, f_min=-20.044902648296556
2025-04-27 02:18:02,092 - INFO - Node 2: k=249.30393815465163, f_best=-16.05935287475586, f_min=-16.198286141308927
2025-04-27 02:18:02,092 - INFO - Node 3: k=283.7311367993654, f_best=-16.934877395629883, f_min=-18.906804369427846
2025-04-27 02:18:02,092 - INFO - Node 4: k=162.52121718977295, f_best=-16.02103042602539, f_min=-16.267942863563803
2025-04-27 02:18:02,108 - INFO - Node 5: k=227.94851899464234, f_best=-16.94503402709961, f_min=-17.182041397978537
2025-04-27 02:18:02,108 - INFO - Node 6: k=190.56890862373413, f_best=-16.07117462158203, f_min=-18.468679862650788
2025-04-27 02:18:02,108 - INFO - Node 7: k=107.00704407110085, f_best=-16.965251922607422, f_min=-17.671369183101433
2025-04-27 02:18:02,108 - INFO - Node 8: k=175.98718984078326, f_best=-16.096237182617188, f_min=-17.391692362307367
2025-04-27 02:18:02,108 - INFO - Node 9: k=214.73781620215584, f_best=-16.974830627441406, f_min=-17.09103614834021
2025-04-27 02:18:02,108 - INFO - cur_node_number 6,f_best -16.974830627441406,f_min -17.09103614834021,k 214.73781620215584
2025-04-27 02:18:02,108 - INFO - f_best_current -16.974830627441406,f_min -17.09103614834021
2025-04-27 02:18:02,108 - INFO - 结束,fmin= -17.09103614834021, fbestmin=-16.974830627441406
