2025-04-27 02:08:59,319 - INFO - Namespace(log_file='outputs/dnn1/img[6]/min/DNN1img6_label4.log', image_path='img[6].png', model_path='network/SimpleNN14.pth', label=4, init_epsilon=0.05, epsilon=0.01, ep=1, min=1)
2025-04-27 02:08:59,334 - INFO - Model output max(1): torch.return_types.max(
values=tensor([9.9357], grad_fn=<MaxBackward0>),
indices=tensor([6]))
2025-04-27 02:09:03,490 - INFO - cur_node_number 1,f_best -7.658976078033447,f_min -8.086806194565725,k 377.61511068813894
2025-04-27 02:09:03,490 - INFO - f_best_current -7.658976078033447,f_min -8.086806194565725
2025-04-27 02:09:11,715 - INFO - tree_node.f_best*ep:-7.658976078033447,left_f_best-6.74496603012085,right_f_best-7.693832874298096,i:1
2025-04-27 02:09:39,104 - INFO - 添加左子节点，右子节点，len(queue):2
2025-04-27 02:09:39,104 - INFO - Node 1: k=377.61511068813894, f_best=-7.658976078033447, f_min=-8.086806194565725
2025-04-27 02:09:39,104 - INFO - Node 2: k=99.4956775951478, f_best=-6.74496603012085, f_min=-7.534166340915817
2025-04-27 02:09:39,104 - INFO - Node 3: k=195.73010598139413, f_best=-7.693832874298096, f_min=-8.357516070189376
2025-04-27 02:09:39,104 - INFO - cur_node_number 2,f_best -7.693832874298096,f_min -8.357516070189376,k 195.73010598139413
2025-04-27 02:09:39,104 - INFO - f_best_current -7.693832874298096,f_min -8.357516070189376
2025-04-27 02:09:47,343 - INFO - tree_node.f_best*ep:-7.693832874298096,left_f_best-6.735152721405029,right_f_best-7.675167560577393,i:1
2025-04-27 02:09:55,828 - INFO - tree_node.f_best*ep:-7.693832874298096,left_f_best-6.750240325927734,right_f_best-7.683658599853516,i:2
2025-04-27 02:10:05,014 - INFO - tree_node.f_best*ep:-7.693832874298096,left_f_best-6.752527713775635,right_f_best-7.710658550262451,i:3
2025-04-27 02:10:33,066 - INFO - 添加左子节点，右子节点，len(queue):3
2025-04-27 02:10:33,066 - INFO - Node 1: k=377.61511068813894, f_best=-7.658976078033447, f_min=-8.086806194565725
2025-04-27 02:10:33,066 - INFO - Node 2: k=99.4956775951478, f_best=-6.74496603012085, f_min=-7.534166340915817
2025-04-27 02:10:33,066 - INFO - Node 3: k=195.73010598139413, f_best=-7.693832874298096, f_min=-8.357516070189376
2025-04-27 02:10:33,066 - INFO - Node 4: k=158.82131290651913, f_best=-6.752527713775635, f_min=-7.238568967293759
2025-04-27 02:10:33,066 - INFO - Node 5: k=148.9908117920219, f_best=-7.710658550262451, f_min=-7.732324575462371
2025-04-27 02:10:33,066 - INFO - cur_node_number 3,f_best -7.710658550262451,f_min -7.732324575462371,k 148.9908117920219
2025-04-27 02:10:33,066 - INFO - f_best_current -7.710658550262451,f_min -7.732324575462371
2025-04-27 02:10:33,066 - INFO - 结束,fmin= -7.732324575462371, fbestmin=-7.710658550262451
