2025-04-27 01:17:38,892 - INFO - Namespace(log_file='outputs/dnn1/img[6]/min/DNN1img6_label1.log', image_path='img[6].png', model_path='network/SimpleNN14.pth', label=1, init_epsilon=0.05, epsilon=0.01, ep=1, min=1)
2025-04-27 01:17:38,904 - INFO - Model output max(1): torch.return_types.max(
values=tensor([9.9357], grad_fn=<MaxBackward0>),
indices=tensor([6]))
2025-04-27 01:17:43,499 - INFO - cur_node_number 1,f_best -9.649277687072754,f_min -10.36831685019024,k 236.42318475340514
2025-04-27 01:17:43,499 - INFO - f_best_current -9.649277687072754,f_min -10.36831685019024
2025-04-27 01:17:50,943 - INFO - tree_node.f_best*ep:-9.649277687072754,left_f_best-9.180551528930664,right_f_best-9.648158073425293,i:1
2025-04-27 01:17:58,708 - INFO - tree_node.f_best*ep:-9.649277687072754,left_f_best-9.207478523254395,right_f_best-9.66290283203125,i:2
2025-04-27 01:18:23,227 - INFO - 添加左子节点，右子节点，len(queue):2
2025-04-27 01:18:23,227 - INFO - Node 1: k=236.42318475340514, f_best=-9.649277687072754, f_min=-10.36831685019024
2025-04-27 01:18:23,227 - INFO - Node 2: k=105.8947040529562, f_best=-9.207478523254395, f_min=-12.980097577130437
2025-04-27 01:18:23,227 - INFO - Node 3: k=130.5037798003413, f_best=-9.66290283203125, f_min=-9.814955078466483
2025-04-27 01:18:23,227 - INFO - cur_node_number 2,f_best -9.66290283203125,f_min -9.814955078466483,k 130.5037798003413
2025-04-27 01:18:23,227 - INFO - f_best_current -9.66290283203125,f_min -9.814955078466483
2025-04-27 01:18:30,609 - INFO - tree_node.f_best*ep:-9.66290283203125,left_f_best-9.190160751342773,right_f_best-9.674928665161133,i:1
2025-04-27 01:18:56,772 - INFO - 添加左子节点，右子节点，len(queue):3
2025-04-27 01:18:56,772 - INFO - Node 1: k=236.42318475340514, f_best=-9.649277687072754, f_min=-10.36831685019024
2025-04-27 01:18:56,772 - INFO - Node 2: k=105.8947040529562, f_best=-9.207478523254395, f_min=-12.980097577130437
2025-04-27 01:18:56,772 - INFO - Node 3: k=130.5037798003413, f_best=-9.66290283203125, f_min=-9.814955078466483
2025-04-27 01:18:56,772 - INFO - Node 4: k=90.30925517140636, f_best=-9.190160751342773, f_min=-9.301398099185462
2025-04-27 01:18:56,772 - INFO - Node 5: k=94.91593480219349, f_best=-9.674928665161133, f_min=-9.990997594496548
2025-04-27 01:18:56,772 - INFO - cur_node_number 3,f_best -9.674928665161133,f_min -9.990997594496548,k 94.91593480219349
2025-04-27 01:18:56,772 - INFO - f_best_current -9.674928665161133,f_min -9.990997594496548
2025-04-27 01:19:05,543 - INFO - tree_node.f_best*ep:-9.674928665161133,left_f_best-9.194209098815918,right_f_best-9.666522979736328,i:1
2025-04-27 01:19:14,535 - INFO - tree_node.f_best*ep:-9.674928665161133,left_f_best-9.197773933410645,right_f_best-9.6290283203125,i:2
2025-04-27 01:19:24,009 - INFO - tree_node.f_best*ep:-9.674928665161133,left_f_best-9.202749252319336,right_f_best-9.662616729736328,i:3
2025-04-27 01:19:33,920 - INFO - tree_node.f_best*ep:-9.674928665161133,left_f_best-9.220337867736816,right_f_best-9.685518264770508,i:4
2025-04-27 01:20:03,416 - INFO - 添加左子节点，右子节点，len(queue):4
2025-04-27 01:20:03,416 - INFO - Node 1: k=236.42318475340514, f_best=-9.649277687072754, f_min=-10.36831685019024
2025-04-27 01:20:03,416 - INFO - Node 2: k=105.8947040529562, f_best=-9.207478523254395, f_min=-12.980097577130437
2025-04-27 01:20:03,416 - INFO - Node 3: k=130.5037798003413, f_best=-9.66290283203125, f_min=-9.814955078466483
2025-04-27 01:20:03,416 - INFO - Node 4: k=90.30925517140636, f_best=-9.190160751342773, f_min=-9.301398099185462
2025-04-27 01:20:03,416 - INFO - Node 5: k=94.91593480219349, f_best=-9.674928665161133, f_min=-9.990997594496548
2025-04-27 01:20:03,416 - INFO - Node 6: k=127.9323397709453, f_best=-9.220337867736816, f_min=-9.469739735396615
2025-04-27 01:20:03,416 - INFO - Node 7: k=97.79198254263476, f_best=-9.685518264770508, f_min=-10.752168365473608
2025-04-27 01:20:03,416 - INFO - cur_node_number 4,f_best -9.685518264770508,f_min -10.752168365473608,k 97.79198254263476
2025-04-27 01:20:03,416 - INFO - f_best_current -9.685518264770508,f_min -10.752168365473608
2025-04-27 01:20:03,416 - INFO - 回退,len(queue)=2
2025-04-27 01:20:11,826 - INFO - tree_node.f_best*ep:-9.674928665161133,left_f_best-9.163089752197266,right_f_best-9.641561508178711,i:1
2025-04-27 01:20:20,608 - INFO - tree_node.f_best*ep:-9.674928665161133,left_f_best-9.184736251831055,right_f_best-9.664917945861816,i:2
2025-04-27 01:20:30,008 - INFO - tree_node.f_best*ep:-9.674928665161133,left_f_best-9.1959810256958,right_f_best-9.67502498626709,i:3
2025-04-27 01:20:57,345 - INFO - 添加左子节点，右子节点，len(queue):4
2025-04-27 01:20:57,345 - INFO - Node 1: k=236.42318475340514, f_best=-9.649277687072754, f_min=-10.36831685019024
2025-04-27 01:20:57,345 - INFO - Node 2: k=105.8947040529562, f_best=-9.207478523254395, f_min=-12.980097577130437
2025-04-27 01:20:57,345 - INFO - Node 3: k=130.5037798003413, f_best=-9.66290283203125, f_min=-9.814955078466483
2025-04-27 01:20:57,345 - INFO - Node 4: k=90.30925517140636, f_best=-9.190160751342773, f_min=-9.301398099185462
2025-04-27 01:20:57,345 - INFO - Node 5: k=97.79198254263476, f_best=-9.674928665161133, f_min=-9.990997594496548
2025-04-27 01:20:57,345 - INFO - Node 6: k=86.78541914460465, f_best=-9.1959810256958, f_min=-9.273816692607852
2025-04-27 01:20:57,345 - INFO - Node 7: k=92.12447120035164, f_best=-9.67502498626709, f_min=-10.233358696380037
2025-04-27 01:20:57,345 - INFO - cur_node_number 5,f_best -9.67502498626709,f_min -10.233358696380037,k 92.12447120035164
2025-04-27 01:20:57,345 - INFO - f_best_current -9.67502498626709,f_min -10.233358696380037
2025-04-27 01:21:06,008 - INFO - tree_node.f_best*ep:-9.67502498626709,left_f_best-9.18490219116211,right_f_best-9.638660430908203,i:1
2025-04-27 01:21:15,064 - INFO - tree_node.f_best*ep:-9.67502498626709,left_f_best-9.192745208740234,right_f_best-9.663069725036621,i:2
2025-04-27 01:21:24,616 - INFO - tree_node.f_best*ep:-9.67502498626709,left_f_best-9.200647354125977,right_f_best-9.66348934173584,i:3
2025-04-27 01:21:34,499 - INFO - tree_node.f_best*ep:-9.67502498626709,left_f_best-9.214284896850586,right_f_best-9.681816101074219,i:4
2025-04-27 01:22:02,488 - INFO - 添加左子节点，右子节点，len(queue):5
2025-04-27 01:22:02,488 - INFO - Node 1: k=236.42318475340514, f_best=-9.649277687072754, f_min=-10.36831685019024
2025-04-27 01:22:02,488 - INFO - Node 2: k=105.8947040529562, f_best=-9.207478523254395, f_min=-12.980097577130437
2025-04-27 01:22:02,488 - INFO - Node 3: k=130.5037798003413, f_best=-9.66290283203125, f_min=-9.814955078466483
2025-04-27 01:22:02,488 - INFO - Node 4: k=90.30925517140636, f_best=-9.190160751342773, f_min=-9.301398099185462
2025-04-27 01:22:02,488 - INFO - Node 5: k=97.79198254263476, f_best=-9.674928665161133, f_min=-9.990997594496548
2025-04-27 01:22:02,488 - INFO - Node 6: k=86.78541914460465, f_best=-9.1959810256958, f_min=-9.273816692607852
2025-04-27 01:22:02,488 - INFO - Node 7: k=92.12447120035164, f_best=-9.67502498626709, f_min=-10.233358696380037
2025-04-27 01:22:02,488 - INFO - Node 8: k=126.66568294153001, f_best=-9.214284896850586, f_min=-9.49197907064081
2025-04-27 01:22:02,488 - INFO - Node 9: k=76.25510196454559, f_best=-9.681816101074219, f_min=-10.054942605199813
2025-04-27 01:22:02,488 - INFO - cur_node_number 6,f_best -9.681816101074219,f_min -10.054942605199813,k 76.25510196454559
2025-04-27 01:22:02,488 - INFO - f_best_current -9.681816101074219,f_min -10.054942605199813
2025-04-27 01:22:11,160 - INFO - tree_node.f_best*ep:-9.681816101074219,left_f_best-9.184863090515137,right_f_best-9.64262866973877,i:1
2025-04-27 01:22:20,198 - INFO - tree_node.f_best*ep:-9.681816101074219,left_f_best-9.199783325195312,right_f_best-9.668485641479492,i:2
2025-04-27 01:22:29,487 - INFO - tree_node.f_best*ep:-9.681816101074219,left_f_best-9.210169792175293,right_f_best-9.663261413574219,i:3
2025-04-27 01:22:39,471 - INFO - tree_node.f_best*ep:-9.681816101074219,left_f_best-9.202276229858398,right_f_best-9.687636375427246,i:4
2025-04-27 01:23:09,344 - INFO - 添加左子节点，右子节点，len(queue):6
2025-04-27 01:23:09,344 - INFO - Node 1: k=236.42318475340514, f_best=-9.649277687072754, f_min=-10.36831685019024
2025-04-27 01:23:09,344 - INFO - Node 2: k=105.8947040529562, f_best=-9.207478523254395, f_min=-12.980097577130437
2025-04-27 01:23:09,344 - INFO - Node 3: k=130.5037798003413, f_best=-9.66290283203125, f_min=-9.814955078466483
2025-04-27 01:23:09,344 - INFO - Node 4: k=90.30925517140636, f_best=-9.190160751342773, f_min=-9.301398099185462
2025-04-27 01:23:09,344 - INFO - Node 5: k=97.79198254263476, f_best=-9.674928665161133, f_min=-9.990997594496548
2025-04-27 01:23:09,344 - INFO - Node 6: k=86.78541914460465, f_best=-9.1959810256958, f_min=-9.273816692607852
2025-04-27 01:23:09,344 - INFO - Node 7: k=92.12447120035164, f_best=-9.67502498626709, f_min=-10.233358696380037
2025-04-27 01:23:09,344 - INFO - Node 8: k=126.66568294153001, f_best=-9.214284896850586, f_min=-9.49197907064081
2025-04-27 01:23:09,344 - INFO - Node 9: k=76.25510196454559, f_best=-9.681816101074219, f_min=-10.054942605199813
2025-04-27 01:23:09,344 - INFO - Node 10: k=120.51805111614128, f_best=-9.202276229858398, f_min=-10.255843018391715
2025-04-27 01:23:09,344 - INFO - Node 11: k=98.76990236806111, f_best=-9.687636375427246, f_min=-10.019826281204587
2025-04-27 01:23:09,344 - INFO - cur_node_number 7,f_best -9.687636375427246,f_min -10.019826281204587,k 98.76990236806111
2025-04-27 01:23:09,344 - INFO - f_best_current -9.687636375427246,f_min -10.019826281204587
2025-04-27 01:23:09,344 - INFO - 回退,len(queue)=4
2025-04-27 01:23:09,344 - INFO - 回退,len(queue)=3
2025-04-27 01:23:09,344 - INFO - 回退,len(queue)=2
2025-04-27 01:23:17,995 - INFO - tree_node.f_best*ep:-9.674928665161133,left_f_best-9.181594848632812,right_f_best-9.654332160949707,i:1
2025-04-27 01:23:27,002 - INFO - tree_node.f_best*ep:-9.674928665161133,left_f_best-9.183099746704102,right_f_best-9.66485595703125,i:2
2025-04-27 01:23:36,605 - INFO - tree_node.f_best*ep:-9.674928665161133,left_f_best-9.202343940734863,right_f_best-9.685370445251465,i:3
2025-04-27 01:24:04,879 - INFO - 添加左子节点，右子节点，len(queue):4
2025-04-27 01:24:04,879 - INFO - Node 1: k=236.42318475340514, f_best=-9.649277687072754, f_min=-10.36831685019024
2025-04-27 01:24:04,879 - INFO - Node 2: k=105.8947040529562, f_best=-9.207478523254395, f_min=-12.980097577130437
2025-04-27 01:24:04,879 - INFO - Node 3: k=130.5037798003413, f_best=-9.66290283203125, f_min=-9.814955078466483
2025-04-27 01:24:04,879 - INFO - Node 4: k=90.30925517140636, f_best=-9.190160751342773, f_min=-9.301398099185462
2025-04-27 01:24:04,879 - INFO - Node 5: k=98.76990236806111, f_best=-9.674928665161133, f_min=-9.990997594496548
2025-04-27 01:24:04,879 - INFO - Node 6: k=150.01072961053325, f_best=-9.202343940734863, f_min=-10.586699077780395
2025-04-27 01:24:04,879 - INFO - Node 7: k=61.26305965106357, f_best=-9.685370445251465, f_min=-9.826092829788195
2025-04-27 01:24:04,879 - INFO - cur_node_number 8,f_best -9.685370445251465,f_min -9.826092829788195,k 61.26305965106357
2025-04-27 01:24:04,879 - INFO - f_best_current -9.685370445251465,f_min -9.826092829788195
2025-04-27 01:24:13,637 - INFO - tree_node.f_best*ep:-9.685370445251465,left_f_best-9.182941436767578,right_f_best-9.649565696716309,i:1
2025-04-27 01:24:22,460 - INFO - tree_node.f_best*ep:-9.685370445251465,left_f_best-9.193845748901367,right_f_best-9.66733455657959,i:2
2025-04-27 01:24:31,972 - INFO - tree_node.f_best*ep:-9.685370445251465,left_f_best-9.206583023071289,right_f_best-9.679582595825195,i:3
2025-04-27 01:24:42,014 - INFO - tree_node.f_best*ep:-9.685370445251465,left_f_best-9.202211380004883,right_f_best-9.6739501953125,i:4
2025-04-27 01:24:52,589 - INFO - tree_node.f_best*ep:-9.685370445251465,left_f_best-9.198308944702148,right_f_best-9.68010139465332,i:5
2025-04-27 01:25:03,547 - INFO - tree_node.f_best*ep:-9.685370445251465,left_f_best-9.207091331481934,right_f_best-9.688974380493164,i:6
2025-04-27 01:25:32,814 - INFO - 添加左子节点，右子节点，len(queue):5
2025-04-27 01:25:32,814 - INFO - Node 1: k=236.42318475340514, f_best=-9.649277687072754, f_min=-10.36831685019024
2025-04-27 01:25:32,814 - INFO - Node 2: k=105.8947040529562, f_best=-9.207478523254395, f_min=-12.980097577130437
2025-04-27 01:25:32,814 - INFO - Node 3: k=130.5037798003413, f_best=-9.66290283203125, f_min=-9.814955078466483
2025-04-27 01:25:32,814 - INFO - Node 4: k=90.30925517140636, f_best=-9.190160751342773, f_min=-9.301398099185462
2025-04-27 01:25:32,814 - INFO - Node 5: k=98.76990236806111, f_best=-9.674928665161133, f_min=-9.990997594496548
2025-04-27 01:25:32,814 - INFO - Node 6: k=150.01072961053325, f_best=-9.202343940734863, f_min=-10.586699077780395
2025-04-27 01:25:32,814 - INFO - Node 7: k=61.26305965106357, f_best=-9.685370445251465, f_min=-9.826092829788195
2025-04-27 01:25:32,814 - INFO - Node 8: k=93.04571591235515, f_best=-9.207091331481934, f_min=-10.180617576983423
2025-04-27 01:25:32,814 - INFO - Node 9: k=134.45817483207145, f_best=-9.688974380493164, f_min=-10.444319677710155
2025-04-27 01:25:32,814 - INFO - cur_node_number 9,f_best -9.688974380493164,f_min -10.444319677710155,k 134.45817483207145
2025-04-27 01:25:32,814 - INFO - f_best_current -9.688974380493164,f_min -10.444319677710155
2025-04-27 01:25:32,814 - INFO - 回退,len(queue)=3
2025-04-27 01:25:32,814 - INFO - 回退,len(queue)=2
2025-04-27 01:25:32,814 - INFO - 回退,len(queue)=1
2025-04-27 01:25:41,605 - INFO - tree_node.f_best*ep:-9.66290283203125,left_f_best-9.180747032165527,right_f_best-9.654829025268555,i:1
2025-04-27 01:25:50,905 - INFO - tree_node.f_best*ep:-9.66290283203125,left_f_best-9.191788673400879,right_f_best-9.642314910888672,i:2
2025-04-27 01:26:00,558 - INFO - tree_node.f_best*ep:-9.66290283203125,left_f_best-9.206291198730469,right_f_best-9.680843353271484,i:3
2025-04-27 01:26:28,975 - INFO - 添加左子节点，右子节点，len(queue):3
2025-04-27 01:26:28,975 - INFO - Node 1: k=236.42318475340514, f_best=-9.649277687072754, f_min=-10.36831685019024
2025-04-27 01:26:28,975 - INFO - Node 2: k=105.8947040529562, f_best=-9.207478523254395, f_min=-12.980097577130437
2025-04-27 01:26:28,975 - INFO - Node 3: k=134.45817483207145, f_best=-9.66290283203125, f_min=-9.814955078466483
2025-04-27 01:26:28,975 - INFO - Node 4: k=122.94046394357572, f_best=-9.206291198730469, f_min=-9.401708223823334
2025-04-27 01:26:28,975 - INFO - Node 5: k=91.21234772312043, f_best=-9.680843353271484, f_min=-10.387487768047777
2025-04-27 01:26:28,975 - INFO - cur_node_number 10,f_best -9.680843353271484,f_min -10.387487768047777,k 91.21234772312043
2025-04-27 01:26:28,975 - INFO - f_best_current -9.680843353271484,f_min -10.387487768047777
2025-04-27 01:26:37,787 - INFO - tree_node.f_best*ep:-9.680843353271484,left_f_best-9.176685333251953,right_f_best-9.661274909973145,i:1
2025-04-27 01:26:47,081 - INFO - tree_node.f_best*ep:-9.680843353271484,left_f_best-9.189253807067871,right_f_best-9.657384872436523,i:2
2025-04-27 01:26:56,826 - INFO - tree_node.f_best*ep:-9.680843353271484,left_f_best-9.201461791992188,right_f_best-9.669533729553223,i:3
2025-04-27 01:27:06,989 - INFO - tree_node.f_best*ep:-9.680843353271484,left_f_best-9.224008560180664,right_f_best-9.682839393615723,i:4
2025-04-27 01:27:34,406 - INFO - 添加左子节点，右子节点，len(queue):4
2025-04-27 01:27:34,406 - INFO - Node 1: k=236.42318475340514, f_best=-9.649277687072754, f_min=-10.36831685019024
2025-04-27 01:27:34,406 - INFO - Node 2: k=105.8947040529562, f_best=-9.207478523254395, f_min=-12.980097577130437
2025-04-27 01:27:34,406 - INFO - Node 3: k=134.45817483207145, f_best=-9.66290283203125, f_min=-9.814955078466483
2025-04-27 01:27:34,406 - INFO - Node 4: k=122.94046394357572, f_best=-9.206291198730469, f_min=-9.401708223823334
2025-04-27 01:27:34,406 - INFO - Node 5: k=91.21234772312043, f_best=-9.680843353271484, f_min=-10.387487768047777
2025-04-27 01:27:34,406 - INFO - Node 6: k=113.53345581608382, f_best=-9.224008560180664, f_min=-9.597084419405292
2025-04-27 01:27:34,406 - INFO - Node 7: k=76.25510196454559, f_best=-9.682839393615723, f_min=-9.934863904337362
2025-04-27 01:27:34,406 - INFO - cur_node_number 11,f_best -9.682839393615723,f_min -9.934863904337362,k 76.25510196454559
2025-04-27 01:27:34,406 - INFO - f_best_current -9.682839393615723,f_min -9.934863904337362
2025-04-27 01:27:43,245 - INFO - tree_node.f_best*ep:-9.682839393615723,left_f_best-9.1976957321167,right_f_best-9.635396003723145,i:1
2025-04-27 01:27:52,400 - INFO - tree_node.f_best*ep:-9.682839393615723,left_f_best-9.199601173400879,right_f_best-9.657309532165527,i:2
2025-04-27 01:28:02,010 - INFO - tree_node.f_best*ep:-9.682839393615723,left_f_best-9.205437660217285,right_f_best-9.677757263183594,i:3
2025-04-27 01:28:12,147 - INFO - tree_node.f_best*ep:-9.682839393615723,left_f_best-9.2035551071167,right_f_best-9.682634353637695,i:4
2025-04-27 01:28:22,880 - INFO - tree_node.f_best*ep:-9.682839393615723,left_f_best-9.216859817504883,right_f_best-9.675930976867676,i:5
2025-04-27 01:28:33,919 - INFO - tree_node.f_best*ep:-9.682839393615723,left_f_best-9.232142448425293,right_f_best-9.690842628479004,i:6
2025-04-27 01:29:01,506 - INFO - 添加左子节点，右子节点，len(queue):5
2025-04-27 01:29:01,506 - INFO - Node 1: k=236.42318475340514, f_best=-9.649277687072754, f_min=-10.36831685019024
2025-04-27 01:29:01,506 - INFO - Node 2: k=105.8947040529562, f_best=-9.207478523254395, f_min=-12.980097577130437
2025-04-27 01:29:01,506 - INFO - Node 3: k=134.45817483207145, f_best=-9.66290283203125, f_min=-9.814955078466483
2025-04-27 01:29:01,506 - INFO - Node 4: k=122.94046394357572, f_best=-9.206291198730469, f_min=-9.401708223823334
2025-04-27 01:29:01,506 - INFO - Node 5: k=91.21234772312043, f_best=-9.680843353271484, f_min=-10.387487768047777
2025-04-27 01:29:01,506 - INFO - Node 6: k=113.53345581608382, f_best=-9.224008560180664, f_min=-9.597084419405292
2025-04-27 01:29:01,506 - INFO - Node 7: k=76.25510196454559, f_best=-9.682839393615723, f_min=-9.934863904337362
2025-04-27 01:29:01,506 - INFO - Node 8: k=57.1411618231472, f_best=-9.232142448425293, f_min=-9.356578846338834
2025-04-27 01:29:01,506 - INFO - Node 9: k=150.01072961053325, f_best=-9.690842628479004, f_min=-11.556520907875893
2025-04-27 01:29:01,506 - INFO - cur_node_number 12,f_best -9.690842628479004,f_min -11.556520907875893,k 150.01072961053325
2025-04-27 01:29:01,506 - INFO - f_best_current -9.690842628479004,f_min -11.556520907875893
2025-04-27 01:29:01,506 - INFO - 回退,len(queue)=3
2025-04-27 01:29:01,506 - INFO - 回退,len(queue)=2
2025-04-27 01:29:01,506 - INFO - 回退,len(queue)=1
2025-04-27 01:29:10,282 - INFO - tree_node.f_best*ep:-9.66290283203125,left_f_best-9.18924617767334,right_f_best-9.648252487182617,i:1
2025-04-27 01:29:19,462 - INFO - tree_node.f_best*ep:-9.66290283203125,left_f_best-9.187495231628418,right_f_best-9.664942741394043,i:2
2025-04-27 01:29:50,042 - INFO - 添加左子节点，右子节点，len(queue):3
2025-04-27 01:29:50,042 - INFO - Node 1: k=236.42318475340514, f_best=-9.649277687072754, f_min=-10.36831685019024
2025-04-27 01:29:50,042 - INFO - Node 2: k=105.8947040529562, f_best=-9.207478523254395, f_min=-12.980097577130437
2025-04-27 01:29:50,042 - INFO - Node 3: k=150.01072961053325, f_best=-9.66290283203125, f_min=-9.814955078466483
2025-04-27 01:29:50,042 - INFO - Node 4: k=97.79198254263476, f_best=-9.187495231628418, f_min=-9.213121399376632
2025-04-27 01:29:50,042 - INFO - Node 5: k=153.02594527570497, f_best=-9.664942741394043, f_min=-10.369358062936044
2025-04-27 01:29:50,042 - INFO - cur_node_number 13,f_best -9.664942741394043,f_min -10.369358062936044,k 153.02594527570497
2025-04-27 01:29:50,042 - INFO - f_best_current -9.664942741394043,f_min -10.369358062936044
2025-04-27 01:29:50,042 - INFO - 回退,len(queue)=1
2025-04-27 01:29:58,958 - INFO - tree_node.f_best*ep:-9.66290283203125,left_f_best-9.175872802734375,right_f_best-9.652971267700195,i:1
2025-04-27 01:30:08,260 - INFO - tree_node.f_best*ep:-9.66290283203125,left_f_best-9.200172424316406,right_f_best-9.665037155151367,i:2
2025-04-27 01:30:38,240 - INFO - 添加左子节点，右子节点，len(queue):3
2025-04-27 01:30:38,240 - INFO - Node 1: k=236.42318475340514, f_best=-9.649277687072754, f_min=-10.36831685019024
2025-04-27 01:30:38,240 - INFO - Node 2: k=105.8947040529562, f_best=-9.207478523254395, f_min=-12.980097577130437
2025-04-27 01:30:38,240 - INFO - Node 3: k=153.02594527570497, f_best=-9.66290283203125, f_min=-9.814955078466483
2025-04-27 01:30:38,240 - INFO - Node 4: k=85.92615756891549, f_best=-9.200172424316406, f_min=-9.86472727041064
2025-04-27 01:30:38,255 - INFO - Node 5: k=153.02594527570497, f_best=-9.665037155151367, f_min=-9.924980905765551
2025-04-27 01:30:38,255 - INFO - cur_node_number 14,f_best -9.665037155151367,f_min -9.924980905765551,k 153.02594527570497
2025-04-27 01:30:38,255 - INFO - f_best_current -9.665037155151367,f_min -9.924980905765551
2025-04-27 01:30:47,141 - INFO - tree_node.f_best*ep:-9.665037155151367,left_f_best-9.18143081665039,right_f_best-9.646600723266602,i:1
2025-04-27 01:30:56,310 - INFO - tree_node.f_best*ep:-9.665037155151367,left_f_best-9.195028305053711,right_f_best-9.65949821472168,i:2
2025-04-27 01:31:06,040 - INFO - tree_node.f_best*ep:-9.665037155151367,left_f_best-9.187810897827148,right_f_best-9.665002822875977,i:3
2025-04-27 01:31:16,051 - INFO - tree_node.f_best*ep:-9.665037155151367,left_f_best-9.216493606567383,right_f_best-9.686405181884766,i:4
2025-04-27 01:31:41,763 - INFO - 添加左子节点，右子节点，len(queue):4
2025-04-27 01:31:41,763 - INFO - Node 1: k=236.42318475340514, f_best=-9.649277687072754, f_min=-10.36831685019024
2025-04-27 01:31:41,763 - INFO - Node 2: k=105.8947040529562, f_best=-9.207478523254395, f_min=-12.980097577130437
2025-04-27 01:31:41,763 - INFO - Node 3: k=153.02594527570497, f_best=-9.66290283203125, f_min=-9.814955078466483
2025-04-27 01:31:41,763 - INFO - Node 4: k=85.92615756891549, f_best=-9.200172424316406, f_min=-9.86472727041064
2025-04-27 01:31:41,763 - INFO - Node 5: k=153.02594527570497, f_best=-9.665037155151367, f_min=-9.924980905765551
2025-04-27 01:31:41,763 - INFO - Node 6: k=89.4151041301053, f_best=-9.216493606567383, f_min=-9.483510396878046
2025-04-27 01:31:41,763 - INFO - Node 7: k=74.01245069600591, f_best=-9.686405181884766, f_min=-9.95144881438091
2025-04-27 01:31:41,763 - INFO - cur_node_number 15,f_best -9.686405181884766,f_min -9.95144881438091,k 74.01245069600591
2025-04-27 01:31:41,763 - INFO - f_best_current -9.686405181884766,f_min -9.95144881438091
2025-04-27 01:31:50,435 - INFO - tree_node.f_best*ep:-9.686405181884766,left_f_best-9.18923568725586,right_f_best-9.654769897460938,i:1
2025-04-27 01:31:59,618 - INFO - tree_node.f_best*ep:-9.686405181884766,left_f_best-9.18703842163086,right_f_best-9.664107322692871,i:2
2025-04-27 01:32:09,240 - INFO - tree_node.f_best*ep:-9.686405181884766,left_f_best-9.183212280273438,right_f_best-9.684083938598633,i:3
2025-04-27 01:32:19,316 - INFO - tree_node.f_best*ep:-9.686405181884766,left_f_best-9.207246780395508,right_f_best-9.67120361328125,i:4
2025-04-27 01:32:29,631 - INFO - tree_node.f_best*ep:-9.686405181884766,left_f_best-9.225370407104492,right_f_best-9.688379287719727,i:5
2025-04-27 01:32:55,858 - INFO - 添加左子节点，右子节点，len(queue):5
2025-04-27 01:32:55,874 - INFO - Node 1: k=236.42318475340514, f_best=-9.649277687072754, f_min=-10.36831685019024
2025-04-27 01:32:55,874 - INFO - Node 2: k=105.8947040529562, f_best=-9.207478523254395, f_min=-12.980097577130437
2025-04-27 01:32:55,874 - INFO - Node 3: k=153.02594527570497, f_best=-9.66290283203125, f_min=-9.814955078466483
2025-04-27 01:32:55,874 - INFO - Node 4: k=85.92615756891549, f_best=-9.200172424316406, f_min=-9.86472727041064
2025-04-27 01:32:55,874 - INFO - Node 5: k=153.02594527570497, f_best=-9.665037155151367, f_min=-9.924980905765551
2025-04-27 01:32:55,874 - INFO - Node 6: k=89.4151041301053, f_best=-9.216493606567383, f_min=-9.483510396878046
2025-04-27 01:32:55,874 - INFO - Node 7: k=74.01245069600591, f_best=-9.686405181884766, f_min=-9.95144881438091
2025-04-27 01:32:55,874 - INFO - Node 8: k=59.4613221292259, f_best=-9.225370407104492, f_min=-9.413297375453112
2025-04-27 01:32:55,874 - INFO - Node 9: k=106.95365109348576, f_best=-9.688379287719727, f_min=-10.658548160587543
2025-04-27 01:32:55,874 - INFO - cur_node_number 16,f_best -9.688379287719727,f_min -10.658548160587543,k 106.95365109348576
2025-04-27 01:32:55,874 - INFO - f_best_current -9.688379287719727,f_min -10.658548160587543
2025-04-27 01:32:55,874 - INFO - 回退,len(queue)=3
2025-04-27 01:33:04,802 - INFO - tree_node.f_best*ep:-9.686405181884766,left_f_best-9.175148010253906,right_f_best-9.633256912231445,i:1
2025-04-27 01:33:14,061 - INFO - tree_node.f_best*ep:-9.686405181884766,left_f_best-9.205589294433594,right_f_best-9.661836624145508,i:2
2025-04-27 01:33:23,615 - INFO - tree_node.f_best*ep:-9.686405181884766,left_f_best-9.203849792480469,right_f_best-9.657842636108398,i:3
2025-04-27 01:33:33,520 - INFO - tree_node.f_best*ep:-9.686405181884766,left_f_best-9.222900390625,right_f_best-9.680007934570312,i:4
2025-04-27 01:33:44,065 - INFO - tree_node.f_best*ep:-9.686405181884766,left_f_best-9.207931518554688,right_f_best-9.691752433776855,i:5
2025-04-27 01:34:14,036 - INFO - 添加左子节点，右子节点，len(queue):5
2025-04-27 01:34:14,036 - INFO - Node 1: k=236.42318475340514, f_best=-9.649277687072754, f_min=-10.36831685019024
2025-04-27 01:34:14,036 - INFO - Node 2: k=105.8947040529562, f_best=-9.207478523254395, f_min=-12.980097577130437
2025-04-27 01:34:14,036 - INFO - Node 3: k=153.02594527570497, f_best=-9.66290283203125, f_min=-9.814955078466483
2025-04-27 01:34:14,036 - INFO - Node 4: k=85.92615756891549, f_best=-9.200172424316406, f_min=-9.86472727041064
2025-04-27 01:34:14,036 - INFO - Node 5: k=153.02594527570497, f_best=-9.665037155151367, f_min=-9.924980905765551
2025-04-27 01:34:14,036 - INFO - Node 6: k=89.4151041301053, f_best=-9.216493606567383, f_min=-9.483510396878046
2025-04-27 01:34:14,036 - INFO - Node 7: k=106.95365109348576, f_best=-9.686405181884766, f_min=-9.95144881438091
2025-04-27 01:34:14,036 - INFO - Node 8: k=109.10341948046482, f_best=-9.207931518554688, f_min=-9.54279959921405
2025-04-27 01:34:14,036 - INFO - Node 9: k=144.15736261724882, f_best=-9.691752433776855, f_min=-9.765529275269728
2025-04-27 01:34:14,036 - INFO - cur_node_number 17,f_best -9.691752433776855,f_min -9.765529275269728,k 144.15736261724882
2025-04-27 01:34:14,036 - INFO - f_best_current -9.691752433776855,f_min -9.765529275269728
2025-04-27 01:34:14,036 - INFO - 结束,fmin= -9.765529275269728, fbestmin=-9.691752433776855
