2025-04-27 02:10:36,060 - INFO - Namespace(log_file='outputs/dnn1/img[6]/min/DNN1img6_label5.log', image_path='img[6].png', model_path='network/SimpleNN14.pth', label=5, init_epsilon=0.05, epsilon=0.01, ep=1, min=1)
2025-04-27 02:10:36,076 - INFO - Model output max(1): torch.return_types.max(
values=tensor([9.9357], grad_fn=<MaxBackward0>),
indices=tensor([6]))
2025-04-27 02:10:40,441 - INFO - cur_node_number 1,f_best -4.896897792816162,f_min -7.179698234413081,k 415.37662175695266
2025-04-27 02:10:40,441 - INFO - f_best_current -4.896897792816162,f_min -7.179698234413081
2025-04-27 02:10:48,836 - INFO - tree_node.f_best*ep:-4.896897792816162,left_f_best-4.145202159881592,right_f_best-4.894703388214111,i:1
2025-04-27 02:10:57,130 - INFO - tree_node.f_best*ep:-4.896897792816162,left_f_best-4.144570350646973,right_f_best-4.907754898071289,i:2
2025-04-27 02:11:23,706 - INFO - 添加左子节点，右子节点，len(queue):2
2025-04-27 02:11:23,706 - INFO - Node 1: k=415.37662175695266, f_best=-4.896897792816162, f_min=-7.179698234413081
2025-04-27 02:11:23,706 - INFO - Node 2: k=129.61648906622506, f_best=-4.144570350646973, f_min=-4.510628323585479
2025-04-27 02:11:23,706 - INFO - Node 3: k=245.03503023551195, f_best=-4.907754898071289, f_min=-6.063814878662015
2025-04-27 02:11:23,706 - INFO - cur_node_number 2,f_best -4.907754898071289,f_min -6.063814878662015,k 245.03503023551195
2025-04-27 02:11:23,706 - INFO - f_best_current -4.907754898071289,f_min -6.063814878662015
2025-04-27 02:11:31,519 - INFO - tree_node.f_best*ep:-4.907754898071289,left_f_best-4.1355814933776855,right_f_best-4.903770446777344,i:1
2025-04-27 02:11:39,500 - INFO - tree_node.f_best*ep:-4.907754898071289,left_f_best-4.160684585571289,right_f_best-4.914813041687012,i:2
2025-04-27 02:12:00,281 - INFO - 添加左子节点，右子节点，len(queue):3
2025-04-27 02:12:00,281 - INFO - Node 1: k=415.37662175695266, f_best=-4.896897792816162, f_min=-7.179698234413081
2025-04-27 02:12:00,281 - INFO - Node 2: k=129.61648906622506, f_best=-4.144570350646973, f_min=-4.510628323585479
2025-04-27 02:12:00,281 - INFO - Node 3: k=245.03503023551195, f_best=-4.907754898071289, f_min=-6.063814878662015
2025-04-27 02:12:00,281 - INFO - Node 4: k=151.98552710904153, f_best=-4.160684585571289, f_min=-4.5250933963070565
2025-04-27 02:12:00,281 - INFO - Node 5: k=78.03154224963912, f_best=-4.914813041687012, f_min=-5.44409412426694
2025-04-27 02:12:00,281 - INFO - cur_node_number 3,f_best -4.914813041687012,f_min -5.44409412426694,k 78.03154224963912
2025-04-27 02:12:00,281 - INFO - f_best_current -4.914813041687012,f_min -5.44409412426694
2025-04-27 02:12:07,703 - INFO - tree_node.f_best*ep:-4.914813041687012,left_f_best-4.139108180999756,right_f_best-4.878767490386963,i:1
2025-04-27 02:12:15,466 - INFO - tree_node.f_best*ep:-4.914813041687012,left_f_best-4.147188663482666,right_f_best-4.895323276519775,i:2
2025-04-27 02:12:23,535 - INFO - tree_node.f_best*ep:-4.914813041687012,left_f_best-4.163362979888916,right_f_best-4.907379150390625,i:3
2025-04-27 02:12:31,805 - INFO - tree_node.f_best*ep:-4.914813041687012,left_f_best-4.175169944763184,right_f_best-4.919304847717285,i:4
2025-04-27 02:12:55,459 - INFO - 添加左子节点，右子节点，len(queue):4
2025-04-27 02:12:55,459 - INFO - Node 1: k=415.37662175695266, f_best=-4.896897792816162, f_min=-7.179698234413081
2025-04-27 02:12:55,459 - INFO - Node 2: k=129.61648906622506, f_best=-4.144570350646973, f_min=-4.510628323585479
2025-04-27 02:12:55,459 - INFO - Node 3: k=245.03503023551195, f_best=-4.907754898071289, f_min=-6.063814878662015
2025-04-27 02:12:55,459 - INFO - Node 4: k=151.98552710904153, f_best=-4.160684585571289, f_min=-4.5250933963070565
2025-04-27 02:12:55,459 - INFO - Node 5: k=78.03154224963912, f_best=-4.914813041687012, f_min=-5.44409412426694
2025-04-27 02:12:55,459 - INFO - Node 6: k=167.1840798199457, f_best=-4.175169944763184, f_min=-4.346138564560533
2025-04-27 02:12:55,459 - INFO - Node 7: k=192.98128984573668, f_best=-4.919304847717285, f_min=-5.128216898589017
2025-04-27 02:12:55,459 - INFO - cur_node_number 4,f_best -4.919304847717285,f_min -5.128216898589017,k 192.98128984573668
2025-04-27 02:12:55,459 - INFO - f_best_current -4.919304847717285,f_min -5.128216898589017
2025-04-27 02:12:55,459 - INFO - 回退,len(queue)=2
2025-04-27 02:13:02,853 - INFO - tree_node.f_best*ep:-4.914813041687012,left_f_best-4.125749111175537,right_f_best-4.890786170959473,i:1
2025-04-27 02:13:10,484 - INFO - tree_node.f_best*ep:-4.914813041687012,left_f_best-4.138851642608643,right_f_best-4.910931587219238,i:2
2025-04-27 02:13:18,394 - INFO - tree_node.f_best*ep:-4.914813041687012,left_f_best-4.142614364624023,right_f_best-4.9026875495910645,i:3
2025-04-27 02:13:26,487 - INFO - tree_node.f_best*ep:-4.914813041687012,left_f_best-4.1698784828186035,right_f_best-4.924052715301514,i:4
2025-04-27 02:13:50,085 - INFO - 添加左子节点，右子节点，len(queue):4
2025-04-27 02:13:50,085 - INFO - Node 1: k=415.37662175695266, f_best=-4.896897792816162, f_min=-7.179698234413081
2025-04-27 02:13:50,085 - INFO - Node 2: k=129.61648906622506, f_best=-4.144570350646973, f_min=-4.510628323585479
2025-04-27 02:13:50,085 - INFO - Node 3: k=245.03503023551195, f_best=-4.907754898071289, f_min=-6.063814878662015
2025-04-27 02:13:50,085 - INFO - Node 4: k=151.98552710904153, f_best=-4.160684585571289, f_min=-4.5250933963070565
2025-04-27 02:13:50,085 - INFO - Node 5: k=192.98128984573668, f_best=-4.914813041687012, f_min=-5.44409412426694
2025-04-27 02:13:50,085 - INFO - Node 6: k=172.97370712591174, f_best=-4.1698784828186035, f_min=-4.504056210314957
2025-04-27 02:13:50,085 - INFO - Node 7: k=143.17724164067164, f_best=-4.924052715301514, f_min=-5.353131009112985
2025-04-27 02:13:50,085 - INFO - cur_node_number 5,f_best -4.924052715301514,f_min -5.353131009112985,k 143.17724164067164
2025-04-27 02:13:50,085 - INFO - f_best_current -4.924052715301514,f_min -5.353131009112985
2025-04-27 02:13:57,303 - INFO - tree_node.f_best*ep:-4.924052715301514,left_f_best-4.144786357879639,right_f_best-4.893447399139404,i:1
2025-04-27 02:14:04,695 - INFO - tree_node.f_best*ep:-4.924052715301514,left_f_best-4.151057243347168,right_f_best-4.9130988121032715,i:2
2025-04-27 02:14:12,607 - INFO - tree_node.f_best*ep:-4.924052715301514,left_f_best-4.150238513946533,right_f_best-4.915929317474365,i:3
2025-04-27 02:14:20,850 - INFO - tree_node.f_best*ep:-4.924052715301514,left_f_best-4.147066116333008,right_f_best-4.926469802856445,i:4
2025-04-27 02:14:45,440 - INFO - 添加左子节点，右子节点，len(queue):5
2025-04-27 02:14:45,440 - INFO - Node 1: k=415.37662175695266, f_best=-4.896897792816162, f_min=-7.179698234413081
2025-04-27 02:14:45,440 - INFO - Node 2: k=129.61648906622506, f_best=-4.144570350646973, f_min=-4.510628323585479
2025-04-27 02:14:45,440 - INFO - Node 3: k=245.03503023551195, f_best=-4.907754898071289, f_min=-6.063814878662015
2025-04-27 02:14:45,440 - INFO - Node 4: k=151.98552710904153, f_best=-4.160684585571289, f_min=-4.5250933963070565
2025-04-27 02:14:45,440 - INFO - Node 5: k=192.98128984573668, f_best=-4.914813041687012, f_min=-5.44409412426694
2025-04-27 02:14:45,440 - INFO - Node 6: k=172.97370712591174, f_best=-4.1698784828186035, f_min=-4.504056210314957
2025-04-27 02:14:45,440 - INFO - Node 7: k=143.17724164067164, f_best=-4.924052715301514, f_min=-5.353131009112985
2025-04-27 02:14:45,440 - INFO - Node 8: k=156.5908405659726, f_best=-4.147066116333008, f_min=-4.3315147561424965
2025-04-27 02:14:45,440 - INFO - Node 9: k=198.82881590935236, f_best=-4.926469802856445, f_min=-6.0757591133333335
2025-04-27 02:14:45,440 - INFO - cur_node_number 6,f_best -4.926469802856445,f_min -6.0757591133333335,k 198.82881590935236
2025-04-27 02:14:45,440 - INFO - f_best_current -4.926469802856445,f_min -6.0757591133333335
2025-04-27 02:14:45,440 - INFO - 回退,len(queue)=3
2025-04-27 02:14:45,440 - INFO - 回退,len(queue)=2
2025-04-27 02:14:52,782 - INFO - tree_node.f_best*ep:-4.914813041687012,left_f_best-4.147116661071777,right_f_best-4.900940895080566,i:1
2025-04-27 02:15:00,282 - INFO - tree_node.f_best*ep:-4.914813041687012,left_f_best-4.145789623260498,right_f_best-4.8866868019104,i:2
2025-04-27 02:15:07,921 - INFO - tree_node.f_best*ep:-4.914813041687012,left_f_best-4.151101112365723,right_f_best-4.918604373931885,i:3
2025-04-27 02:15:29,073 - INFO - 添加左子节点，右子节点，len(queue):4
2025-04-27 02:15:29,073 - INFO - Node 1: k=415.37662175695266, f_best=-4.896897792816162, f_min=-7.179698234413081
2025-04-27 02:15:29,073 - INFO - Node 2: k=129.61648906622506, f_best=-4.144570350646973, f_min=-4.510628323585479
2025-04-27 02:15:29,073 - INFO - Node 3: k=245.03503023551195, f_best=-4.907754898071289, f_min=-6.063814878662015
2025-04-27 02:15:29,073 - INFO - Node 4: k=151.98552710904153, f_best=-4.160684585571289, f_min=-4.5250933963070565
2025-04-27 02:15:29,073 - INFO - Node 5: k=198.82881590935236, f_best=-4.914813041687012, f_min=-5.44409412426694
2025-04-27 02:15:29,073 - INFO - Node 6: k=141.7596451887838, f_best=-4.151101112365723, f_min=-4.21408139903815
2025-04-27 02:15:29,073 - INFO - Node 7: k=115.02805280341069, f_best=-4.918604373931885, f_min=-5.938759702537936
2025-04-27 02:15:29,073 - INFO - cur_node_number 7,f_best -4.918604373931885,f_min -5.938759702537936,k 115.02805280341069
2025-04-27 02:15:29,073 - INFO - f_best_current -4.918604373931885,f_min -5.938759702537936
2025-04-27 02:15:36,064 - INFO - tree_node.f_best*ep:-4.918604373931885,left_f_best-4.143529891967773,right_f_best-4.899229049682617,i:1
2025-04-27 02:15:43,509 - INFO - tree_node.f_best*ep:-4.918604373931885,left_f_best-4.1415839195251465,right_f_best-4.905747413635254,i:2
2025-04-27 02:15:51,394 - INFO - tree_node.f_best*ep:-4.918604373931885,left_f_best-4.152721881866455,right_f_best-4.910824298858643,i:3
2025-04-27 02:15:59,763 - INFO - tree_node.f_best*ep:-4.918604373931885,left_f_best-4.16251277923584,right_f_best-4.930262088775635,i:4
2025-04-27 02:16:18,812 - INFO - 添加左子节点，右子节点，len(queue):5
2025-04-27 02:16:18,812 - INFO - Node 1: k=415.37662175695266, f_best=-4.896897792816162, f_min=-7.179698234413081
2025-04-27 02:16:18,812 - INFO - Node 2: k=129.61648906622506, f_best=-4.144570350646973, f_min=-4.510628323585479
2025-04-27 02:16:18,812 - INFO - Node 3: k=245.03503023551195, f_best=-4.907754898071289, f_min=-6.063814878662015
2025-04-27 02:16:18,812 - INFO - Node 4: k=151.98552710904153, f_best=-4.160684585571289, f_min=-4.5250933963070565
2025-04-27 02:16:18,812 - INFO - Node 5: k=198.82881590935236, f_best=-4.914813041687012, f_min=-5.44409412426694
2025-04-27 02:16:18,812 - INFO - Node 6: k=141.7596451887838, f_best=-4.151101112365723, f_min=-4.21408139903815
2025-04-27 02:16:18,812 - INFO - Node 7: k=115.02805280341069, f_best=-4.918604373931885, f_min=-5.938759702537936
2025-04-27 02:16:18,812 - INFO - Node 8: k=100.07014640147631, f_best=-4.16251277923584, f_min=-4.486565996256104
2025-04-27 02:16:18,812 - INFO - Node 9: k=70.64093725317267, f_best=-4.930262088775635, f_min=-5.330200483439057
2025-04-27 02:16:18,812 - INFO - cur_node_number 8,f_best -4.930262088775635,f_min -5.330200483439057,k 70.64093725317267
2025-04-27 02:16:18,812 - INFO - f_best_current -4.930262088775635,f_min -5.330200483439057
2025-04-27 02:16:26,007 - INFO - tree_node.f_best*ep:-4.930262088775635,left_f_best-4.132149696350098,right_f_best-4.882575511932373,i:1
2025-04-27 02:16:33,267 - INFO - tree_node.f_best*ep:-4.930262088775635,left_f_best-4.133299350738525,right_f_best-4.896035671234131,i:2
2025-04-27 02:16:40,757 - INFO - tree_node.f_best*ep:-4.930262088775635,left_f_best-4.16152286529541,right_f_best-4.923353672027588,i:3
2025-04-27 02:16:48,826 - INFO - tree_node.f_best*ep:-4.930262088775635,left_f_best-4.149275302886963,right_f_best-4.928305149078369,i:4
2025-04-27 02:16:57,559 - INFO - tree_node.f_best*ep:-4.930262088775635,left_f_best-4.16444206237793,right_f_best-4.927701473236084,i:5
2025-04-27 02:17:06,373 - INFO - tree_node.f_best*ep:-4.930262088775635,left_f_best-4.180558681488037,right_f_best-4.931158065795898,i:6
2025-04-27 02:17:29,771 - INFO - 添加左子节点，右子节点，len(queue):6
2025-04-27 02:17:29,771 - INFO - Node 1: k=415.37662175695266, f_best=-4.896897792816162, f_min=-7.179698234413081
2025-04-27 02:17:29,771 - INFO - Node 2: k=129.61648906622506, f_best=-4.144570350646973, f_min=-4.510628323585479
2025-04-27 02:17:29,771 - INFO - Node 3: k=245.03503023551195, f_best=-4.907754898071289, f_min=-6.063814878662015
2025-04-27 02:17:29,771 - INFO - Node 4: k=151.98552710904153, f_best=-4.160684585571289, f_min=-4.5250933963070565
2025-04-27 02:17:29,771 - INFO - Node 5: k=198.82881590935236, f_best=-4.914813041687012, f_min=-5.44409412426694
2025-04-27 02:17:29,771 - INFO - Node 6: k=141.7596451887838, f_best=-4.151101112365723, f_min=-4.21408139903815
2025-04-27 02:17:29,771 - INFO - Node 7: k=115.02805280341069, f_best=-4.918604373931885, f_min=-5.938759702537936
2025-04-27 02:17:29,771 - INFO - Node 8: k=100.07014640147631, f_best=-4.16251277923584, f_min=-4.486565996256104
2025-04-27 02:17:29,771 - INFO - Node 9: k=70.64093725317267, f_best=-4.930262088775635, f_min=-5.330200483439057
2025-04-27 02:17:29,771 - INFO - Node 10: k=119.6986530097209, f_best=-4.180558681488037, f_min=-4.235297912283386
2025-04-27 02:17:29,771 - INFO - Node 11: k=200.81710406844587, f_best=-4.931158065795898, f_min=-5.535875365136235
2025-04-27 02:17:29,771 - INFO - cur_node_number 9,f_best -4.931158065795898,f_min -5.535875365136235,k 200.81710406844587
2025-04-27 02:17:29,771 - INFO - f_best_current -4.931158065795898,f_min -5.535875365136235
2025-04-27 02:17:29,771 - INFO - 回退,len(queue)=4
2025-04-27 02:17:29,771 - INFO - 回退,len(queue)=3
2025-04-27 02:17:29,771 - INFO - 回退,len(queue)=2
2025-04-27 02:17:36,946 - INFO - tree_node.f_best*ep:-4.914813041687012,left_f_best-4.1196184158325195,right_f_best-4.911512851715088,i:1
2025-04-27 02:17:44,221 - INFO - tree_node.f_best*ep:-4.914813041687012,left_f_best-4.148260116577148,right_f_best-4.893986225128174,i:2
2025-04-27 02:17:51,786 - INFO - tree_node.f_best*ep:-4.914813041687012,left_f_best-4.153296947479248,right_f_best-4.896684646606445,i:3
2025-04-27 02:18:00,023 - INFO - tree_node.f_best*ep:-4.914813041687012,left_f_best-4.171631336212158,right_f_best-4.931361675262451,i:4
2025-04-27 02:18:21,695 - INFO - 添加左子节点，右子节点，len(queue):4
2025-04-27 02:18:21,695 - INFO - Node 1: k=415.37662175695266, f_best=-4.896897792816162, f_min=-7.179698234413081
2025-04-27 02:18:21,695 - INFO - Node 2: k=129.61648906622506, f_best=-4.144570350646973, f_min=-4.510628323585479
2025-04-27 02:18:21,695 - INFO - Node 3: k=245.03503023551195, f_best=-4.907754898071289, f_min=-6.063814878662015
2025-04-27 02:18:21,695 - INFO - Node 4: k=151.98552710904153, f_best=-4.160684585571289, f_min=-4.5250933963070565
2025-04-27 02:18:21,695 - INFO - Node 5: k=200.81710406844587, f_best=-4.914813041687012, f_min=-5.44409412426694
2025-04-27 02:18:21,695 - INFO - Node 6: k=174.70344419717085, f_best=-4.171631336212158, f_min=-5.306379802979791
2025-04-27 02:18:21,695 - INFO - Node 7: k=164.578547188444, f_best=-4.931361675262451, f_min=-5.4836200372583335
2025-04-27 02:18:21,695 - INFO - cur_node_number 10,f_best -4.931361675262451,f_min -5.4836200372583335,k 164.578547188444
2025-04-27 02:18:21,695 - INFO - f_best_current -4.931361675262451,f_min -5.4836200372583335
2025-04-27 02:18:27,898 - INFO - tree_node.f_best*ep:-4.931361675262451,left_f_best-4.1366753578186035,right_f_best-4.898614406585693,i:1
2025-04-27 02:18:34,268 - INFO - tree_node.f_best*ep:-4.931361675262451,left_f_best-4.131163597106934,right_f_best-4.883603572845459,i:2
2025-04-27 02:18:41,287 - INFO - tree_node.f_best*ep:-4.931361675262451,left_f_best-4.159783363342285,right_f_best-4.9228949546813965,i:3
2025-04-27 02:18:48,520 - INFO - tree_node.f_best*ep:-4.931361675262451,left_f_best-4.174714088439941,right_f_best-4.928643226623535,i:4
2025-04-27 02:18:55,939 - INFO - tree_node.f_best*ep:-4.931361675262451,left_f_best-4.177307605743408,right_f_best-4.926144123077393,i:5
2025-04-27 02:19:03,641 - INFO - tree_node.f_best*ep:-4.931361675262451,left_f_best-4.171990871429443,right_f_best-4.935543060302734,i:6
2025-04-27 02:19:26,247 - INFO - 添加左子节点，右子节点，len(queue):5
2025-04-27 02:19:26,247 - INFO - Node 1: k=415.37662175695266, f_best=-4.896897792816162, f_min=-7.179698234413081
2025-04-27 02:19:26,247 - INFO - Node 2: k=129.61648906622506, f_best=-4.144570350646973, f_min=-4.510628323585479
2025-04-27 02:19:26,247 - INFO - Node 3: k=245.03503023551195, f_best=-4.907754898071289, f_min=-6.063814878662015
2025-04-27 02:19:26,247 - INFO - Node 4: k=151.98552710904153, f_best=-4.160684585571289, f_min=-4.5250933963070565
2025-04-27 02:19:26,247 - INFO - Node 5: k=200.81710406844587, f_best=-4.914813041687012, f_min=-5.44409412426694
2025-04-27 02:19:26,247 - INFO - Node 6: k=174.70344419717085, f_best=-4.171631336212158, f_min=-5.306379802979791
2025-04-27 02:19:26,247 - INFO - Node 7: k=164.578547188444, f_best=-4.931361675262451, f_min=-5.4836200372583335
2025-04-27 02:19:26,247 - INFO - Node 8: k=194.91110274419404, f_best=-4.171990871429443, f_min=-5.215818492230028
2025-04-27 02:19:26,247 - INFO - Node 9: k=224.04528647815985, f_best=-4.935543060302734, f_min=-5.382833388610379
2025-04-27 02:19:26,247 - INFO - cur_node_number 11,f_best -4.935543060302734,f_min -5.382833388610379,k 224.04528647815985
2025-04-27 02:19:26,247 - INFO - f_best_current -4.935543060302734,f_min -5.382833388610379
2025-04-27 02:19:26,247 - INFO - 回退,len(queue)=3
2025-04-27 02:19:26,247 - INFO - 回退,len(queue)=2
2025-04-27 02:19:32,691 - INFO - tree_node.f_best*ep:-4.914813041687012,left_f_best-4.13701868057251,right_f_best-4.892706871032715,i:1
2025-04-27 02:19:39,382 - INFO - tree_node.f_best*ep:-4.914813041687012,left_f_best-4.158803462982178,right_f_best-4.913064956665039,i:2
2025-04-27 02:19:46,237 - INFO - tree_node.f_best*ep:-4.914813041687012,left_f_best-4.1564531326293945,right_f_best-4.918555736541748,i:3
2025-04-27 02:20:05,625 - INFO - 添加左子节点，右子节点，len(queue):4
2025-04-27 02:20:05,625 - INFO - Node 1: k=415.37662175695266, f_best=-4.896897792816162, f_min=-7.179698234413081
2025-04-27 02:20:05,625 - INFO - Node 2: k=129.61648906622506, f_best=-4.144570350646973, f_min=-4.510628323585479
2025-04-27 02:20:05,625 - INFO - Node 3: k=245.03503023551195, f_best=-4.907754898071289, f_min=-6.063814878662015
2025-04-27 02:20:05,625 - INFO - Node 4: k=151.98552710904153, f_best=-4.160684585571289, f_min=-4.5250933963070565
2025-04-27 02:20:05,625 - INFO - Node 5: k=224.04528647815985, f_best=-4.914813041687012, f_min=-5.44409412426694
2025-04-27 02:20:05,625 - INFO - Node 6: k=144.60901405707835, f_best=-4.1564531326293945, f_min=-4.889281195820331
2025-04-27 02:20:05,625 - INFO - Node 7: k=141.7596451887838, f_best=-4.918555736541748, f_min=-6.4180763466902135
2025-04-27 02:20:05,625 - INFO - cur_node_number 12,f_best -4.918555736541748,f_min -6.4180763466902135,k 141.7596451887838
2025-04-27 02:20:05,625 - INFO - f_best_current -4.918555736541748,f_min -6.4180763466902135
2025-04-27 02:20:12,146 - INFO - tree_node.f_best*ep:-4.918555736541748,left_f_best-4.111960411071777,right_f_best-4.901721954345703,i:1
2025-04-27 02:20:18,687 - INFO - tree_node.f_best*ep:-4.918555736541748,left_f_best-4.15910005569458,right_f_best-4.895105838775635,i:2
2025-04-27 02:20:25,755 - INFO - tree_node.f_best*ep:-4.918555736541748,left_f_best-4.152987003326416,right_f_best-4.91692590713501,i:3
2025-04-27 02:20:33,158 - INFO - tree_node.f_best*ep:-4.918555736541748,left_f_best-4.163373947143555,right_f_best-4.9330153465271,i:4
2025-04-27 02:20:53,620 - INFO - 添加左子节点，右子节点，len(queue):5
2025-04-27 02:20:53,620 - INFO - Node 1: k=415.37662175695266, f_best=-4.896897792816162, f_min=-7.179698234413081
2025-04-27 02:20:53,620 - INFO - Node 2: k=129.61648906622506, f_best=-4.144570350646973, f_min=-4.510628323585479
2025-04-27 02:20:53,620 - INFO - Node 3: k=245.03503023551195, f_best=-4.907754898071289, f_min=-6.063814878662015
2025-04-27 02:20:53,620 - INFO - Node 4: k=151.98552710904153, f_best=-4.160684585571289, f_min=-4.5250933963070565
2025-04-27 02:20:53,620 - INFO - Node 5: k=224.04528647815985, f_best=-4.914813041687012, f_min=-5.44409412426694
2025-04-27 02:20:53,620 - INFO - Node 6: k=144.60901405707835, f_best=-4.1564531326293945, f_min=-4.889281195820331
2025-04-27 02:20:53,620 - INFO - Node 7: k=141.7596451887838, f_best=-4.918555736541748, f_min=-6.4180763466902135
2025-04-27 02:20:53,620 - INFO - Node 8: k=192.98128984573668, f_best=-4.163373947143555, f_min=-4.460602121747797
2025-04-27 02:20:53,620 - INFO - Node 9: k=140.3560843453305, f_best=-4.9330153465271, f_min=-5.645335032882031
2025-04-27 02:20:53,620 - INFO - cur_node_number 13,f_best -4.9330153465271,f_min -5.645335032882031,k 140.3560843453305
2025-04-27 02:20:53,620 - INFO - f_best_current -4.9330153465271,f_min -5.645335032882031
2025-04-27 02:21:00,016 - INFO - tree_node.f_best*ep:-4.9330153465271,left_f_best-4.119701862335205,right_f_best-4.891021251678467,i:1
2025-04-27 02:21:06,778 - INFO - tree_node.f_best*ep:-4.9330153465271,left_f_best-4.140038967132568,right_f_best-4.909296035766602,i:2
2025-04-27 02:21:13,659 - INFO - tree_node.f_best*ep:-4.9330153465271,left_f_best-4.145517826080322,right_f_best-4.926347732543945,i:3
2025-04-27 02:21:20,901 - INFO - tree_node.f_best*ep:-4.9330153465271,left_f_best-4.167744159698486,right_f_best-4.922616481781006,i:4
2025-04-27 02:21:28,564 - INFO - tree_node.f_best*ep:-4.9330153465271,left_f_best-4.166989803314209,right_f_best-4.931370735168457,i:5
2025-04-27 02:21:36,713 - INFO - tree_node.f_best*ep:-4.9330153465271,left_f_best-4.170286655426025,right_f_best-4.930774211883545,i:6
2025-04-27 02:21:44,825 - INFO - tree_node.f_best*ep:-4.9330153465271,left_f_best-4.185961723327637,right_f_best-4.942069053649902,i:7
2025-04-27 02:22:06,292 - INFO - 添加左子节点，右子节点，len(queue):6
2025-04-27 02:22:06,292 - INFO - Node 1: k=415.37662175695266, f_best=-4.896897792816162, f_min=-7.179698234413081
2025-04-27 02:22:06,292 - INFO - Node 2: k=129.61648906622506, f_best=-4.144570350646973, f_min=-4.510628323585479
2025-04-27 02:22:06,292 - INFO - Node 3: k=245.03503023551195, f_best=-4.907754898071289, f_min=-6.063814878662015
2025-04-27 02:22:06,292 - INFO - Node 4: k=151.98552710904153, f_best=-4.160684585571289, f_min=-4.5250933963070565
2025-04-27 02:22:06,292 - INFO - Node 5: k=224.04528647815985, f_best=-4.914813041687012, f_min=-5.44409412426694
2025-04-27 02:22:06,292 - INFO - Node 6: k=144.60901405707835, f_best=-4.1564531326293945, f_min=-4.889281195820331
2025-04-27 02:22:06,292 - INFO - Node 7: k=141.7596451887838, f_best=-4.918555736541748, f_min=-6.4180763466902135
2025-04-27 02:22:06,292 - INFO - Node 8: k=192.98128984573668, f_best=-4.163373947143555, f_min=-4.460602121747797
2025-04-27 02:22:06,292 - INFO - Node 9: k=140.3560843453305, f_best=-4.9330153465271, f_min=-5.645335032882031
2025-04-27 02:22:06,292 - INFO - Node 10: k=215.3031165795333, f_best=-4.185961723327637, f_min=-6.90826413497507
2025-04-27 02:22:06,292 - INFO - Node 11: k=178.214983425534, f_best=-4.942069053649902, f_min=-5.7419326956242
2025-04-27 02:22:06,292 - INFO - cur_node_number 14,f_best -4.942069053649902,f_min -5.7419326956242,k 178.214983425534
2025-04-27 02:22:06,292 - INFO - f_best_current -4.942069053649902,f_min -5.7419326956242
2025-04-27 02:22:06,292 - INFO - 回退,len(queue)=4
2025-04-27 02:22:06,292 - INFO - 回退,len(queue)=3
2025-04-27 02:22:12,590 - INFO - tree_node.f_best*ep:-4.918555736541748,left_f_best-4.135100364685059,right_f_best-4.899940013885498,i:1
2025-04-27 02:22:19,308 - INFO - tree_node.f_best*ep:-4.918555736541748,left_f_best-4.1391520500183105,right_f_best-4.883729934692383,i:2
2025-04-27 02:22:26,407 - INFO - tree_node.f_best*ep:-4.918555736541748,left_f_best-4.15170431137085,right_f_best-4.897691249847412,i:3
2025-04-27 02:22:33,750 - INFO - tree_node.f_best*ep:-4.918555736541748,left_f_best-4.162113666534424,right_f_best-4.901965141296387,i:4
2025-04-27 02:22:41,560 - INFO - tree_node.f_best*ep:-4.918555736541748,left_f_best-4.174745082855225,right_f_best-4.920882225036621,i:5
2025-04-27 02:23:00,260 - INFO - 添加左子节点，右子节点，len(queue):5
2025-04-27 02:23:00,260 - INFO - Node 1: k=415.37662175695266, f_best=-4.896897792816162, f_min=-7.179698234413081
2025-04-27 02:23:00,260 - INFO - Node 2: k=129.61648906622506, f_best=-4.144570350646973, f_min=-4.510628323585479
2025-04-27 02:23:00,260 - INFO - Node 3: k=245.03503023551195, f_best=-4.907754898071289, f_min=-6.063814878662015
2025-04-27 02:23:00,260 - INFO - Node 4: k=151.98552710904153, f_best=-4.160684585571289, f_min=-4.5250933963070565
2025-04-27 02:23:00,260 - INFO - Node 5: k=224.04528647815985, f_best=-4.914813041687012, f_min=-5.44409412426694
2025-04-27 02:23:00,260 - INFO - Node 6: k=144.60901405707835, f_best=-4.1564531326293945, f_min=-4.889281195820331
2025-04-27 02:23:00,260 - INFO - Node 7: k=178.214983425534, f_best=-4.918555736541748, f_min=-6.4180763466902135
2025-04-27 02:23:00,260 - INFO - Node 8: k=94.27060460870165, f_best=-4.174745082855225, f_min=-5.954460771703452
2025-04-27 02:23:00,260 - INFO - Node 9: k=169.56544174680104, f_best=-4.920882225036621, f_min=-6.128604878205806
2025-04-27 02:23:00,260 - INFO - cur_node_number 15,f_best -4.920882225036621,f_min -6.128604878205806,k 169.56544174680104
2025-04-27 02:23:00,260 - INFO - f_best_current -4.920882225036621,f_min -6.128604878205806
2025-04-27 02:23:06,398 - INFO - tree_node.f_best*ep:-4.920882225036621,left_f_best-4.13313627243042,right_f_best-4.882536888122559,i:1
2025-04-27 02:23:12,817 - INFO - tree_node.f_best*ep:-4.920882225036621,left_f_best-4.127498149871826,right_f_best-4.898355960845947,i:2
2025-04-27 02:23:19,671 - INFO - tree_node.f_best*ep:-4.920882225036621,left_f_best-4.140405178070068,right_f_best-4.917316436767578,i:3
2025-04-27 02:23:27,119 - INFO - tree_node.f_best*ep:-4.920882225036621,left_f_best-4.165370464324951,right_f_best-4.920048713684082,i:4
2025-04-27 02:23:34,842 - INFO - tree_node.f_best*ep:-4.920882225036621,left_f_best-4.163137912750244,right_f_best-4.938291549682617,i:5
2025-04-27 02:23:53,398 - INFO - 添加左子节点，右子节点，len(queue):6
2025-04-27 02:23:53,398 - INFO - Node 1: k=415.37662175695266, f_best=-4.896897792816162, f_min=-7.179698234413081
2025-04-27 02:23:53,398 - INFO - Node 2: k=129.61648906622506, f_best=-4.144570350646973, f_min=-4.510628323585479
2025-04-27 02:23:53,398 - INFO - Node 3: k=245.03503023551195, f_best=-4.907754898071289, f_min=-6.063814878662015
2025-04-27 02:23:53,398 - INFO - Node 4: k=151.98552710904153, f_best=-4.160684585571289, f_min=-4.5250933963070565
2025-04-27 02:23:53,398 - INFO - Node 5: k=224.04528647815985, f_best=-4.914813041687012, f_min=-5.44409412426694
2025-04-27 02:23:53,398 - INFO - Node 6: k=144.60901405707835, f_best=-4.1564531326293945, f_min=-4.889281195820331
2025-04-27 02:23:53,398 - INFO - Node 7: k=178.214983425534, f_best=-4.918555736541748, f_min=-6.4180763466902135
2025-04-27 02:23:53,398 - INFO - Node 8: k=94.27060460870165, f_best=-4.174745082855225, f_min=-5.954460771703452
2025-04-27 02:23:53,398 - INFO - Node 9: k=169.56544174680104, f_best=-4.920882225036621, f_min=-6.128604878205806
2025-04-27 02:23:53,398 - INFO - Node 10: k=169.56544174680104, f_best=-4.163137912750244, f_min=-4.85207939024167
2025-04-27 02:23:53,398 - INFO - Node 11: k=127.06253216961576, f_best=-4.938291549682617, f_min=-7.356078898166743
2025-04-27 02:23:53,398 - INFO - cur_node_number 16,f_best -4.938291549682617,f_min -7.356078898166743,k 127.06253216961576
2025-04-27 02:23:53,398 - INFO - f_best_current -4.938291549682617,f_min -7.356078898166743
2025-04-27 02:23:59,847 - INFO - tree_node.f_best*ep:-4.938291549682617,left_f_best-4.133199691772461,right_f_best-4.874428749084473,i:1
2025-04-27 02:24:06,559 - INFO - tree_node.f_best*ep:-4.938291549682617,left_f_best-4.140356540679932,right_f_best-4.909020900726318,i:2
2025-04-27 02:24:13,744 - INFO - tree_node.f_best*ep:-4.938291549682617,left_f_best-4.1498703956604,right_f_best-4.921885967254639,i:3
2025-04-27 02:24:21,025 - INFO - tree_node.f_best*ep:-4.938291549682617,left_f_best-4.1591691970825195,right_f_best-4.921553611755371,i:4
2025-04-27 02:24:28,738 - INFO - tree_node.f_best*ep:-4.938291549682617,left_f_best-4.17650842666626,right_f_best-4.928639888763428,i:5
2025-04-27 02:24:36,561 - INFO - tree_node.f_best*ep:-4.938291549682617,left_f_best-4.191253185272217,right_f_best-4.937987804412842,i:6
2025-04-27 02:24:44,980 - INFO - tree_node.f_best*ep:-4.938291549682617,left_f_best-4.186248302459717,right_f_best-4.9216461181640625,i:7
2025-04-27 02:24:53,389 - INFO - tree_node.f_best*ep:-4.938291549682617,left_f_best-4.186452388763428,right_f_best-4.944477558135986,i:8
2025-04-27 02:25:12,889 - INFO - 添加左子节点，右子节点，len(queue):7
2025-04-27 02:25:12,889 - INFO - Node 1: k=415.37662175695266, f_best=-4.896897792816162, f_min=-7.179698234413081
2025-04-27 02:25:12,889 - INFO - Node 2: k=129.61648906622506, f_best=-4.144570350646973, f_min=-4.510628323585479
2025-04-27 02:25:12,889 - INFO - Node 3: k=245.03503023551195, f_best=-4.907754898071289, f_min=-6.063814878662015
2025-04-27 02:25:12,889 - INFO - Node 4: k=151.98552710904153, f_best=-4.160684585571289, f_min=-4.5250933963070565
2025-04-27 02:25:12,889 - INFO - Node 5: k=224.04528647815985, f_best=-4.914813041687012, f_min=-5.44409412426694
2025-04-27 02:25:12,889 - INFO - Node 6: k=144.60901405707835, f_best=-4.1564531326293945, f_min=-4.889281195820331
2025-04-27 02:25:12,889 - INFO - Node 7: k=178.214983425534, f_best=-4.918555736541748, f_min=-6.4180763466902135
2025-04-27 02:25:12,889 - INFO - Node 8: k=94.27060460870165, f_best=-4.174745082855225, f_min=-5.954460771703452
2025-04-27 02:25:12,889 - INFO - Node 9: k=169.56544174680104, f_best=-4.920882225036621, f_min=-6.128604878205806
2025-04-27 02:25:12,889 - INFO - Node 10: k=169.56544174680104, f_best=-4.163137912750244, f_min=-4.85207939024167
2025-04-27 02:25:12,889 - INFO - Node 11: k=127.06253216961576, f_best=-4.938291549682617, f_min=-7.356078898166743
2025-04-27 02:25:12,889 - INFO - Node 12: k=185.45122639469423, f_best=-4.186452388763428, f_min=-4.205682975835771
2025-04-27 02:25:12,889 - INFO - Node 13: k=124.55889831351413, f_best=-4.944477558135986, f_min=-5.125361494061508
2025-04-27 02:25:12,889 - INFO - cur_node_number 17,f_best -4.944477558135986,f_min -5.125361494061508,k 124.55889831351413
2025-04-27 02:25:12,889 - INFO - f_best_current -4.944477558135986,f_min -5.125361494061508
2025-04-27 02:25:19,405 - INFO - tree_node.f_best*ep:-4.944477558135986,left_f_best-4.152487277984619,right_f_best-4.896233558654785,i:1
2025-04-27 02:25:26,154 - INFO - tree_node.f_best*ep:-4.944477558135986,left_f_best-4.156326770782471,right_f_best-4.899354457855225,i:2
2025-04-27 02:25:33,170 - INFO - tree_node.f_best*ep:-4.944477558135986,left_f_best-4.146594524383545,right_f_best-4.919006824493408,i:3
2025-04-27 02:25:40,435 - INFO - tree_node.f_best*ep:-4.944477558135986,left_f_best-4.164840221405029,right_f_best-4.919820785522461,i:4
2025-04-27 02:25:48,172 - INFO - tree_node.f_best*ep:-4.944477558135986,left_f_best-4.164090156555176,right_f_best-4.925404071807861,i:5
2025-04-27 02:25:56,203 - INFO - tree_node.f_best*ep:-4.944477558135986,left_f_best-4.174545764923096,right_f_best-4.93226957321167,i:6
2025-04-27 02:26:04,504 - INFO - tree_node.f_best*ep:-4.944477558135986,left_f_best-4.174596309661865,right_f_best-4.941819667816162,i:7
2025-04-27 02:26:13,197 - INFO - tree_node.f_best*ep:-4.944477558135986,left_f_best-4.19238805770874,right_f_best-4.94218111038208,i:8
2025-04-27 02:26:21,952 - INFO - tree_node.f_best*ep:-4.944477558135986,left_f_best-4.187771797180176,right_f_best-4.94751501083374,i:9
2025-04-27 02:26:42,741 - INFO - 添加左子节点，右子节点，len(queue):8
2025-04-27 02:26:42,741 - INFO - Node 1: k=415.37662175695266, f_best=-4.896897792816162, f_min=-7.179698234413081
2025-04-27 02:26:42,741 - INFO - Node 2: k=129.61648906622506, f_best=-4.144570350646973, f_min=-4.510628323585479
2025-04-27 02:26:42,741 - INFO - Node 3: k=245.03503023551195, f_best=-4.907754898071289, f_min=-6.063814878662015
2025-04-27 02:26:42,741 - INFO - Node 4: k=151.98552710904153, f_best=-4.160684585571289, f_min=-4.5250933963070565
2025-04-27 02:26:42,741 - INFO - Node 5: k=224.04528647815985, f_best=-4.914813041687012, f_min=-5.44409412426694
2025-04-27 02:26:42,741 - INFO - Node 6: k=144.60901405707835, f_best=-4.1564531326293945, f_min=-4.889281195820331
2025-04-27 02:26:42,741 - INFO - Node 7: k=178.214983425534, f_best=-4.918555736541748, f_min=-6.4180763466902135
2025-04-27 02:26:42,741 - INFO - Node 8: k=94.27060460870165, f_best=-4.174745082855225, f_min=-5.954460771703452
2025-04-27 02:26:42,741 - INFO - Node 9: k=169.56544174680104, f_best=-4.920882225036621, f_min=-6.128604878205806
2025-04-27 02:26:42,741 - INFO - Node 10: k=169.56544174680104, f_best=-4.163137912750244, f_min=-4.85207939024167
2025-04-27 02:26:42,741 - INFO - Node 11: k=127.06253216961576, f_best=-4.938291549682617, f_min=-7.356078898166743
2025-04-27 02:26:42,741 - INFO - Node 12: k=185.45122639469423, f_best=-4.186452388763428, f_min=-4.205682975835771
2025-04-27 02:26:42,741 - INFO - Node 13: k=124.55889831351413, f_best=-4.944477558135986, f_min=-5.125361494061508
2025-04-27 02:26:42,741 - INFO - Node 14: k=189.17879604522759, f_best=-4.187771797180176, f_min=-5.561726606398224
2025-04-27 02:26:42,741 - INFO - Node 15: k=144.60901405707835, f_best=-4.94751501083374, f_min=-5.881566771799953
2025-04-27 02:26:42,741 - INFO - cur_node_number 18,f_best -4.94751501083374,f_min -5.881566771799953,k 144.60901405707835
2025-04-27 02:26:42,741 - INFO - f_best_current -4.94751501083374,f_min -5.881566771799953
2025-04-27 02:26:42,741 - INFO - 回退,len(queue)=6
2025-04-27 02:26:42,741 - INFO - 回退,len(queue)=5
2025-04-27 02:26:49,207 - INFO - tree_node.f_best*ep:-4.938291549682617,left_f_best-4.118154048919678,right_f_best-4.88737154006958,i:1
2025-04-27 02:26:56,023 - INFO - tree_node.f_best*ep:-4.938291549682617,left_f_best-4.157027721405029,right_f_best-4.912961483001709,i:2
2025-04-27 02:27:03,210 - INFO - tree_node.f_best*ep:-4.938291549682617,left_f_best-4.155991077423096,right_f_best-4.913075923919678,i:3
2025-04-27 02:27:10,869 - INFO - tree_node.f_best*ep:-4.938291549682617,left_f_best-4.161896228790283,right_f_best-4.927270412445068,i:4
2025-04-27 02:27:18,774 - INFO - tree_node.f_best*ep:-4.938291549682617,left_f_best-4.165983200073242,right_f_best-4.924548625946045,i:5
2025-04-27 02:27:26,787 - INFO - tree_node.f_best*ep:-4.938291549682617,left_f_best-4.188844680786133,right_f_best-4.928623199462891,i:6
2025-04-27 02:27:34,582 - INFO - tree_node.f_best*ep:-4.938291549682617,left_f_best-4.179121971130371,right_f_best-4.9412126541137695,i:7
2025-04-27 02:27:49,861 - INFO - 添加左子节点，右子节点，len(queue):7
2025-04-27 02:27:49,861 - INFO - Node 1: k=415.37662175695266, f_best=-4.896897792816162, f_min=-7.179698234413081
2025-04-27 02:27:49,861 - INFO - Node 2: k=129.61648906622506, f_best=-4.144570350646973, f_min=-4.510628323585479
2025-04-27 02:27:49,861 - INFO - Node 3: k=245.03503023551195, f_best=-4.907754898071289, f_min=-6.063814878662015
2025-04-27 02:27:49,861 - INFO - Node 4: k=151.98552710904153, f_best=-4.160684585571289, f_min=-4.5250933963070565
2025-04-27 02:27:49,861 - INFO - Node 5: k=224.04528647815985, f_best=-4.914813041687012, f_min=-5.44409412426694
2025-04-27 02:27:49,861 - INFO - Node 6: k=144.60901405707835, f_best=-4.1564531326293945, f_min=-4.889281195820331
2025-04-27 02:27:49,861 - INFO - Node 7: k=178.214983425534, f_best=-4.918555736541748, f_min=-6.4180763466902135
2025-04-27 02:27:49,861 - INFO - Node 8: k=94.27060460870165, f_best=-4.174745082855225, f_min=-5.954460771703452
2025-04-27 02:27:49,861 - INFO - Node 9: k=169.56544174680104, f_best=-4.920882225036621, f_min=-6.128604878205806
2025-04-27 02:27:49,861 - INFO - Node 10: k=169.56544174680104, f_best=-4.163137912750244, f_min=-4.85207939024167
2025-04-27 02:27:49,861 - INFO - Node 11: k=144.60901405707835, f_best=-4.938291549682617, f_min=-7.356078898166743
2025-04-27 02:27:49,861 - INFO - Node 12: k=70.64093725317267, f_best=-4.179121971130371, f_min=-4.329611633159402
2025-04-27 02:27:49,861 - INFO - Node 13: k=111.64509478629127, f_best=-4.9412126541137695, f_min=-6.084847980797349
2025-04-27 02:27:49,861 - INFO - cur_node_number 19,f_best -4.9412126541137695,f_min -6.084847980797349,k 111.64509478629127
2025-04-27 02:27:49,861 - INFO - f_best_current -4.9412126541137695,f_min -6.084847980797349
2025-04-27 02:27:56,479 - INFO - tree_node.f_best*ep:-4.9412126541137695,left_f_best-4.121966361999512,right_f_best-4.8771209716796875,i:1
2025-04-27 02:28:03,387 - INFO - tree_node.f_best*ep:-4.9412126541137695,left_f_best-4.146626949310303,right_f_best-4.9141669273376465,i:2
2025-04-27 02:28:10,646 - INFO - tree_node.f_best*ep:-4.9412126541137695,left_f_best-4.159927845001221,right_f_best-4.914149761199951,i:3
2025-04-27 02:28:18,166 - INFO - tree_node.f_best*ep:-4.9412126541137695,left_f_best-4.170536518096924,right_f_best-4.9298415184021,i:4
2025-04-27 02:28:25,658 - INFO - tree_node.f_best*ep:-4.9412126541137695,left_f_best-4.168177127838135,right_f_best-4.9244184494018555,i:5
2025-04-27 02:28:33,234 - INFO - tree_node.f_best*ep:-4.9412126541137695,left_f_best-4.17147970199585,right_f_best-4.9393839836120605,i:6
2025-04-27 02:28:41,324 - INFO - tree_node.f_best*ep:-4.9412126541137695,left_f_best-4.187657833099365,right_f_best-4.932387828826904,i:7
2025-04-27 02:28:49,967 - INFO - tree_node.f_best*ep:-4.9412126541137695,left_f_best-4.173779010772705,right_f_best-4.945590972900391,i:8
2025-04-27 02:29:08,809 - INFO - 添加左子节点，右子节点，len(queue):8
2025-04-27 02:29:08,809 - INFO - Node 1: k=415.37662175695266, f_best=-4.896897792816162, f_min=-7.179698234413081
2025-04-27 02:29:08,809 - INFO - Node 2: k=129.61648906622506, f_best=-4.144570350646973, f_min=-4.510628323585479
2025-04-27 02:29:08,809 - INFO - Node 3: k=245.03503023551195, f_best=-4.907754898071289, f_min=-6.063814878662015
2025-04-27 02:29:08,809 - INFO - Node 4: k=151.98552710904153, f_best=-4.160684585571289, f_min=-4.5250933963070565
2025-04-27 02:29:08,809 - INFO - Node 5: k=224.04528647815985, f_best=-4.914813041687012, f_min=-5.44409412426694
2025-04-27 02:29:08,809 - INFO - Node 6: k=144.60901405707835, f_best=-4.1564531326293945, f_min=-4.889281195820331
2025-04-27 02:29:08,809 - INFO - Node 7: k=178.214983425534, f_best=-4.918555736541748, f_min=-6.4180763466902135
2025-04-27 02:29:08,809 - INFO - Node 8: k=94.27060460870165, f_best=-4.174745082855225, f_min=-5.954460771703452
2025-04-27 02:29:08,809 - INFO - Node 9: k=169.56544174680104, f_best=-4.920882225036621, f_min=-6.128604878205806
2025-04-27 02:29:08,809 - INFO - Node 10: k=169.56544174680104, f_best=-4.163137912750244, f_min=-4.85207939024167
2025-04-27 02:29:08,809 - INFO - Node 11: k=144.60901405707835, f_best=-4.938291549682617, f_min=-7.356078898166743
2025-04-27 02:29:08,809 - INFO - Node 12: k=70.64093725317267, f_best=-4.179121971130371, f_min=-4.329611633159402
2025-04-27 02:29:08,809 - INFO - Node 13: k=111.64509478629127, f_best=-4.9412126541137695, f_min=-6.084847980797349
2025-04-27 02:29:08,809 - INFO - Node 14: k=119.6986530097209, f_best=-4.173779010772705, f_min=-4.301206564168751
2025-04-27 02:29:08,809 - INFO - Node 15: k=112.76154573415418, f_best=-4.945590972900391, f_min=-5.441886382562188
2025-04-27 02:29:08,809 - INFO - cur_node_number 20,f_best -4.945590972900391,f_min -5.441886382562188,k 112.76154573415418
2025-04-27 02:29:08,809 - INFO - f_best_current -4.945590972900391,f_min -5.441886382562188
2025-04-27 02:29:08,809 - INFO - 回退,len(queue)=6
2025-04-27 02:29:15,433 - INFO - tree_node.f_best*ep:-4.9412126541137695,left_f_best-4.128893852233887,right_f_best-4.902348518371582,i:1
2025-04-27 02:29:22,230 - INFO - tree_node.f_best*ep:-4.9412126541137695,left_f_best-4.139869213104248,right_f_best-4.914464950561523,i:2
2025-04-27 02:29:29,211 - INFO - tree_node.f_best*ep:-4.9412126541137695,left_f_best-4.145417213439941,right_f_best-4.917762279510498,i:3
2025-04-27 02:29:36,257 - INFO - tree_node.f_best*ep:-4.9412126541137695,left_f_best-4.167001247406006,right_f_best-4.920064926147461,i:4
2025-04-27 02:29:43,516 - INFO - tree_node.f_best*ep:-4.9412126541137695,left_f_best-4.166680812835693,right_f_best-4.9283766746521,i:5
2025-04-27 02:29:51,222 - INFO - tree_node.f_best*ep:-4.9412126541137695,left_f_best-4.1664533615112305,right_f_best-4.931148052215576,i:6
2025-04-27 02:29:59,705 - INFO - tree_node.f_best*ep:-4.9412126541137695,left_f_best-4.173007488250732,right_f_best-4.929466724395752,i:7
2025-04-27 02:30:08,620 - INFO - tree_node.f_best*ep:-4.9412126541137695,left_f_best-4.197857856750488,right_f_best-4.943594932556152,i:8
2025-04-27 02:30:28,255 - INFO - 添加左子节点，右子节点，len(queue):8
2025-04-27 02:30:28,255 - INFO - Node 1: k=415.37662175695266, f_best=-4.896897792816162, f_min=-7.179698234413081
2025-04-27 02:30:28,255 - INFO - Node 2: k=129.61648906622506, f_best=-4.144570350646973, f_min=-4.510628323585479
2025-04-27 02:30:28,255 - INFO - Node 3: k=245.03503023551195, f_best=-4.907754898071289, f_min=-6.063814878662015
2025-04-27 02:30:28,255 - INFO - Node 4: k=151.98552710904153, f_best=-4.160684585571289, f_min=-4.5250933963070565
2025-04-27 02:30:28,255 - INFO - Node 5: k=224.04528647815985, f_best=-4.914813041687012, f_min=-5.44409412426694
2025-04-27 02:30:28,255 - INFO - Node 6: k=144.60901405707835, f_best=-4.1564531326293945, f_min=-4.889281195820331
2025-04-27 02:30:28,255 - INFO - Node 7: k=178.214983425534, f_best=-4.918555736541748, f_min=-6.4180763466902135
2025-04-27 02:30:28,255 - INFO - Node 8: k=94.27060460870165, f_best=-4.174745082855225, f_min=-5.954460771703452
2025-04-27 02:30:28,255 - INFO - Node 9: k=169.56544174680104, f_best=-4.920882225036621, f_min=-6.128604878205806
2025-04-27 02:30:28,255 - INFO - Node 10: k=169.56544174680104, f_best=-4.163137912750244, f_min=-4.85207939024167
2025-04-27 02:30:28,255 - INFO - Node 11: k=144.60901405707835, f_best=-4.938291549682617, f_min=-7.356078898166743
2025-04-27 02:30:28,255 - INFO - Node 12: k=70.64093725317267, f_best=-4.179121971130371, f_min=-4.329611633159402
2025-04-27 02:30:28,255 - INFO - Node 13: k=112.76154573415418, f_best=-4.9412126541137695, f_min=-6.084847980797349
2025-04-27 02:30:28,255 - INFO - Node 14: k=181.79710459238723, f_best=-4.197857856750488, f_min=-4.991008254933149
2025-04-27 02:30:28,255 - INFO - Node 15: k=98.09836918093941, f_best=-4.943594932556152, f_min=-5.86833565490042
2025-04-27 02:30:28,255 - INFO - cur_node_number 21,f_best -4.943594932556152,f_min -5.86833565490042,k 98.09836918093941
2025-04-27 02:30:28,255 - INFO - f_best_current -4.943594932556152,f_min -5.86833565490042
2025-04-27 02:30:34,783 - INFO - tree_node.f_best*ep:-4.943594932556152,left_f_best-4.132506847381592,right_f_best-4.8905029296875,i:1
2025-04-27 02:30:41,533 - INFO - tree_node.f_best*ep:-4.943594932556152,left_f_best-4.1524786949157715,right_f_best-4.895915508270264,i:2
2025-04-27 02:30:48,406 - INFO - tree_node.f_best*ep:-4.943594932556152,left_f_best-4.145541191101074,right_f_best-4.8949360847473145,i:3
2025-04-27 02:30:55,570 - INFO - tree_node.f_best*ep:-4.943594932556152,left_f_best-4.14799165725708,right_f_best-4.92930269241333,i:4
2025-04-27 02:31:03,134 - INFO - tree_node.f_best*ep:-4.943594932556152,left_f_best-4.174190044403076,right_f_best-4.929630279541016,i:5
2025-04-27 02:31:11,047 - INFO - tree_node.f_best*ep:-4.943594932556152,left_f_best-4.167943477630615,right_f_best-4.93768835067749,i:6
2025-04-27 02:31:19,471 - INFO - tree_node.f_best*ep:-4.943594932556152,left_f_best-4.181625843048096,right_f_best-4.942600727081299,i:7
2025-04-27 02:31:28,229 - INFO - tree_node.f_best*ep:-4.943594932556152,left_f_best-4.1729512214660645,right_f_best-4.93791389465332,i:8
2025-04-27 02:31:37,409 - INFO - tree_node.f_best*ep:-4.943594932556152,left_f_best-4.193204402923584,right_f_best-4.945655822753906,i:9
2025-04-27 02:31:57,672 - INFO - 添加左子节点，右子节点，len(queue):9
2025-04-27 02:31:57,672 - INFO - Node 1: k=415.37662175695266, f_best=-4.896897792816162, f_min=-7.179698234413081
2025-04-27 02:31:57,672 - INFO - Node 2: k=129.61648906622506, f_best=-4.144570350646973, f_min=-4.510628323585479
2025-04-27 02:31:57,672 - INFO - Node 3: k=245.03503023551195, f_best=-4.907754898071289, f_min=-6.063814878662015
2025-04-27 02:31:57,672 - INFO - Node 4: k=151.98552710904153, f_best=-4.160684585571289, f_min=-4.5250933963070565
2025-04-27 02:31:57,672 - INFO - Node 5: k=224.04528647815985, f_best=-4.914813041687012, f_min=-5.44409412426694
2025-04-27 02:31:57,672 - INFO - Node 6: k=144.60901405707835, f_best=-4.1564531326293945, f_min=-4.889281195820331
2025-04-27 02:31:57,672 - INFO - Node 7: k=178.214983425534, f_best=-4.918555736541748, f_min=-6.4180763466902135
2025-04-27 02:31:57,672 - INFO - Node 8: k=94.27060460870165, f_best=-4.174745082855225, f_min=-5.954460771703452
2025-04-27 02:31:57,672 - INFO - Node 9: k=169.56544174680104, f_best=-4.920882225036621, f_min=-6.128604878205806
2025-04-27 02:31:57,672 - INFO - Node 10: k=169.56544174680104, f_best=-4.163137912750244, f_min=-4.85207939024167
2025-04-27 02:31:57,672 - INFO - Node 11: k=144.60901405707835, f_best=-4.938291549682617, f_min=-7.356078898166743
2025-04-27 02:31:57,672 - INFO - Node 12: k=70.64093725317267, f_best=-4.179121971130371, f_min=-4.329611633159402
2025-04-27 02:31:57,672 - INFO - Node 13: k=112.76154573415418, f_best=-4.9412126541137695, f_min=-6.084847980797349
2025-04-27 02:31:57,672 - INFO - Node 14: k=181.79710459238723, f_best=-4.197857856750488, f_min=-4.991008254933149
2025-04-27 02:31:57,672 - INFO - Node 15: k=98.09836918093941, f_best=-4.943594932556152, f_min=-5.86833565490042
2025-04-27 02:31:57,672 - INFO - Node 16: k=119.6986530097209, f_best=-4.193204402923584, f_min=-5.536693384913633
2025-04-27 02:31:57,672 - INFO - Node 17: k=167.88657598693172, f_best=-4.945655822753906, f_min=-5.443026136764274
2025-04-27 02:31:57,672 - INFO - cur_node_number 22,f_best -4.945655822753906,f_min -5.443026136764274,k 167.88657598693172
2025-04-27 02:31:57,672 - INFO - f_best_current -4.945655822753906,f_min -5.443026136764274
2025-04-27 02:31:57,672 - INFO - 回退,len(queue)=7
2025-04-27 02:31:57,672 - INFO - 回退,len(queue)=6
2025-04-27 02:31:57,672 - INFO - 回退,len(queue)=5
2025-04-27 02:32:03,806 - INFO - tree_node.f_best*ep:-4.938291549682617,left_f_best-4.1453166007995605,right_f_best-4.910526752471924,i:1
2025-04-27 02:32:10,339 - INFO - tree_node.f_best*ep:-4.938291549682617,left_f_best-4.147491455078125,right_f_best-4.890485763549805,i:2
2025-04-27 02:32:17,262 - INFO - tree_node.f_best*ep:-4.938291549682617,left_f_best-4.1557440757751465,right_f_best-4.909535884857178,i:3
2025-04-27 02:32:24,555 - INFO - tree_node.f_best*ep:-4.938291549682617,left_f_best-4.153536319732666,right_f_best-4.9127421379089355,i:4
2025-04-27 02:32:32,286 - INFO - tree_node.f_best*ep:-4.938291549682617,left_f_best-4.16278600692749,right_f_best-4.923303604125977,i:5
2025-04-27 02:32:40,414 - INFO - tree_node.f_best*ep:-4.938291549682617,left_f_best-4.178585052490234,right_f_best-4.936235427856445,i:6
2025-04-27 02:32:48,806 - INFO - tree_node.f_best*ep:-4.938291549682617,left_f_best-4.1788482666015625,right_f_best-4.943078994750977,i:7
2025-04-27 02:33:09,457 - INFO - 添加左子节点，右子节点，len(queue):7
2025-04-27 02:33:09,457 - INFO - Node 1: k=415.37662175695266, f_best=-4.896897792816162, f_min=-7.179698234413081
2025-04-27 02:33:09,457 - INFO - Node 2: k=129.61648906622506, f_best=-4.144570350646973, f_min=-4.510628323585479
2025-04-27 02:33:09,457 - INFO - Node 3: k=245.03503023551195, f_best=-4.907754898071289, f_min=-6.063814878662015
2025-04-27 02:33:09,457 - INFO - Node 4: k=151.98552710904153, f_best=-4.160684585571289, f_min=-4.5250933963070565
2025-04-27 02:33:09,457 - INFO - Node 5: k=224.04528647815985, f_best=-4.914813041687012, f_min=-5.44409412426694
2025-04-27 02:33:09,457 - INFO - Node 6: k=144.60901405707835, f_best=-4.1564531326293945, f_min=-4.889281195820331
2025-04-27 02:33:09,457 - INFO - Node 7: k=178.214983425534, f_best=-4.918555736541748, f_min=-6.4180763466902135
2025-04-27 02:33:09,457 - INFO - Node 8: k=94.27060460870165, f_best=-4.174745082855225, f_min=-5.954460771703452
2025-04-27 02:33:09,457 - INFO - Node 9: k=169.56544174680104, f_best=-4.920882225036621, f_min=-6.128604878205806
2025-04-27 02:33:09,457 - INFO - Node 10: k=169.56544174680104, f_best=-4.163137912750244, f_min=-4.85207939024167
2025-04-27 02:33:09,457 - INFO - Node 11: k=167.88657598693172, f_best=-4.938291549682617, f_min=-7.356078898166743
2025-04-27 02:33:09,457 - INFO - Node 12: k=183.6150756383111, f_best=-4.1788482666015625, f_min=-4.232369479042973
2025-04-27 02:33:09,457 - INFO - Node 13: k=172.97370712591174, f_best=-4.943078994750977, f_min=-5.573013963515223
2025-04-27 02:33:09,457 - INFO - cur_node_number 23,f_best -4.943078994750977,f_min -5.573013963515223,k 172.97370712591174
2025-04-27 02:33:09,457 - INFO - f_best_current -4.943078994750977,f_min -5.573013963515223
2025-04-27 02:33:09,457 - INFO - 回退,len(queue)=5
2025-04-27 02:33:09,457 - INFO - 回退,len(queue)=4
2025-04-27 02:33:15,890 - INFO - tree_node.f_best*ep:-4.920882225036621,left_f_best-4.114117622375488,right_f_best-4.905378818511963,i:1
2025-04-27 02:33:22,818 - INFO - tree_node.f_best*ep:-4.920882225036621,left_f_best-4.140014171600342,right_f_best-4.905895709991455,i:2
2025-04-27 02:33:29,847 - INFO - tree_node.f_best*ep:-4.920882225036621,left_f_best-4.161024570465088,right_f_best-4.907069683074951,i:3
2025-04-27 02:33:37,336 - INFO - tree_node.f_best*ep:-4.920882225036621,left_f_best-4.166370391845703,right_f_best-4.924137592315674,i:4
2025-04-27 02:33:55,818 - INFO - 添加左子节点，右子节点，len(queue):6
2025-04-27 02:33:55,818 - INFO - Node 1: k=415.37662175695266, f_best=-4.896897792816162, f_min=-7.179698234413081
2025-04-27 02:33:55,818 - INFO - Node 2: k=129.61648906622506, f_best=-4.144570350646973, f_min=-4.510628323585479
2025-04-27 02:33:55,818 - INFO - Node 3: k=245.03503023551195, f_best=-4.907754898071289, f_min=-6.063814878662015
2025-04-27 02:33:55,818 - INFO - Node 4: k=151.98552710904153, f_best=-4.160684585571289, f_min=-4.5250933963070565
2025-04-27 02:33:55,818 - INFO - Node 5: k=224.04528647815985, f_best=-4.914813041687012, f_min=-5.44409412426694
2025-04-27 02:33:55,818 - INFO - Node 6: k=144.60901405707835, f_best=-4.1564531326293945, f_min=-4.889281195820331
2025-04-27 02:33:55,818 - INFO - Node 7: k=178.214983425534, f_best=-4.918555736541748, f_min=-6.4180763466902135
2025-04-27 02:33:55,818 - INFO - Node 8: k=94.27060460870165, f_best=-4.174745082855225, f_min=-5.954460771703452
2025-04-27 02:33:55,818 - INFO - Node 9: k=172.97370712591174, f_best=-4.920882225036621, f_min=-6.128604878205806
2025-04-27 02:33:55,818 - INFO - Node 10: k=112.76154573415418, f_best=-4.166370391845703, f_min=-4.925002133402813
2025-04-27 02:33:55,818 - INFO - Node 11: k=134.87943828443494, f_best=-4.924137592315674, f_min=-5.093007540292092
2025-04-27 02:33:55,818 - INFO - cur_node_number 24,f_best -4.924137592315674,f_min -5.093007540292092,k 134.87943828443494
2025-04-27 02:33:55,818 - INFO - f_best_current -4.924137592315674,f_min -5.093007540292092
2025-04-27 02:34:02,192 - INFO - tree_node.f_best*ep:-4.924137592315674,left_f_best-4.1242523193359375,right_f_best-4.899847030639648,i:1
2025-04-27 02:34:08,954 - INFO - tree_node.f_best*ep:-4.924137592315674,left_f_best-4.147189617156982,right_f_best-4.897113800048828,i:2
2025-04-27 02:34:16,193 - INFO - tree_node.f_best*ep:-4.924137592315674,left_f_best-4.151926040649414,right_f_best-4.9110236167907715,i:3
2025-04-27 02:34:23,475 - INFO - tree_node.f_best*ep:-4.924137592315674,left_f_best-4.166942596435547,right_f_best-4.929733753204346,i:4
2025-04-27 02:34:45,138 - INFO - 添加左子节点，右子节点，len(queue):7
2025-04-27 02:34:45,138 - INFO - Node 1: k=415.37662175695266, f_best=-4.896897792816162, f_min=-7.179698234413081
2025-04-27 02:34:45,138 - INFO - Node 2: k=129.61648906622506, f_best=-4.144570350646973, f_min=-4.510628323585479
2025-04-27 02:34:45,138 - INFO - Node 3: k=245.03503023551195, f_best=-4.907754898071289, f_min=-6.063814878662015
2025-04-27 02:34:45,138 - INFO - Node 4: k=151.98552710904153, f_best=-4.160684585571289, f_min=-4.5250933963070565
2025-04-27 02:34:45,138 - INFO - Node 5: k=224.04528647815985, f_best=-4.914813041687012, f_min=-5.44409412426694
2025-04-27 02:34:45,138 - INFO - Node 6: k=144.60901405707835, f_best=-4.1564531326293945, f_min=-4.889281195820331
2025-04-27 02:34:45,138 - INFO - Node 7: k=178.214983425534, f_best=-4.918555736541748, f_min=-6.4180763466902135
2025-04-27 02:34:45,138 - INFO - Node 8: k=94.27060460870165, f_best=-4.174745082855225, f_min=-5.954460771703452
2025-04-27 02:34:45,138 - INFO - Node 9: k=172.97370712591174, f_best=-4.920882225036621, f_min=-6.128604878205806
2025-04-27 02:34:45,138 - INFO - Node 10: k=112.76154573415418, f_best=-4.166370391845703, f_min=-4.925002133402813
2025-04-27 02:34:45,138 - INFO - Node 11: k=134.87943828443494, f_best=-4.924137592315674, f_min=-5.093007540292092
2025-04-27 02:34:45,138 - INFO - Node 12: k=159.73831646134866, f_best=-4.166942596435547, f_min=-4.343095083677326
2025-04-27 02:34:45,138 - INFO - Node 13: k=217.45614774532865, f_best=-4.929733753204346, f_min=-8.192522319137424
2025-04-27 02:34:45,138 - INFO - cur_node_number 25,f_best -4.929733753204346,f_min -8.192522319137424,k 217.45614774532865
2025-04-27 02:34:45,138 - INFO - f_best_current -4.929733753204346,f_min -8.192522319137424
2025-04-27 02:34:45,138 - INFO - 回退,len(queue)=5
2025-04-27 02:34:45,138 - INFO - 回退,len(queue)=4
2025-04-27 02:34:45,138 - INFO - 回退,len(queue)=3
2025-04-27 02:34:51,674 - INFO - tree_node.f_best*ep:-4.918555736541748,left_f_best-4.114045143127441,right_f_best-4.906840801239014,i:1
2025-04-27 02:34:58,696 - INFO - tree_node.f_best*ep:-4.918555736541748,left_f_best-4.138761043548584,right_f_best-4.8999199867248535,i:2
2025-04-27 02:35:05,998 - INFO - tree_node.f_best*ep:-4.918555736541748,left_f_best-4.162380218505859,right_f_best-4.9248833656311035,i:3
2025-04-27 02:35:27,754 - INFO - 添加左子节点，右子节点，len(queue):5
2025-04-27 02:35:27,754 - INFO - Node 1: k=415.37662175695266, f_best=-4.896897792816162, f_min=-7.179698234413081
2025-04-27 02:35:27,754 - INFO - Node 2: k=129.61648906622506, f_best=-4.144570350646973, f_min=-4.510628323585479
2025-04-27 02:35:27,754 - INFO - Node 3: k=245.03503023551195, f_best=-4.907754898071289, f_min=-6.063814878662015
2025-04-27 02:35:27,754 - INFO - Node 4: k=151.98552710904153, f_best=-4.160684585571289, f_min=-4.5250933963070565
2025-04-27 02:35:27,754 - INFO - Node 5: k=224.04528647815985, f_best=-4.914813041687012, f_min=-5.44409412426694
2025-04-27 02:35:27,754 - INFO - Node 6: k=144.60901405707835, f_best=-4.1564531326293945, f_min=-4.889281195820331
2025-04-27 02:35:27,754 - INFO - Node 7: k=217.45614774532865, f_best=-4.918555736541748, f_min=-6.4180763466902135
2025-04-27 02:35:27,754 - INFO - Node 8: k=189.17879604522759, f_best=-4.162380218505859, f_min=-4.284777955293066
2025-04-27 02:35:27,754 - INFO - Node 9: k=172.97370712591174, f_best=-4.9248833656311035, f_min=-4.94402217314655
2025-04-27 02:35:27,754 - INFO - cur_node_number 26,f_best -4.9248833656311035,f_min -4.94402217314655,k 172.97370712591174
2025-04-27 02:35:27,754 - INFO - f_best_current -4.9248833656311035,f_min -4.94402217314655
2025-04-27 02:35:27,754 - INFO - 结束,fmin= -4.94402217314655, fbestmin=-4.9248833656311035
