2025-04-27 02:02:24,029 - INFO - Namespace(log_file='outputs/dnn1/img[6]/min/DNN1img6_label8.log', image_path='img[6].png', model_path='network/SimpleNN14.pth', label=8, init_epsilon=0.05, epsilon=0.01, ep=1, min=1)
2025-04-27 02:02:24,045 - INFO - Model output max(1): torch.return_types.max(
values=tensor([9.9357], grad_fn=<MaxBackward0>),
indices=tensor([6]))
2025-04-27 02:02:28,708 - INFO - cur_node_number 1,f_best -7.270997524261475,f_min -13.04410172687858,k 776.5514315929832
2025-04-27 02:02:28,708 - INFO - f_best_current -7.270997524261475,f_min -13.04410172687858
2025-04-27 02:02:37,374 - INFO - tree_node.f_best*ep:-7.270997524261475,left_f_best-6.724103927612305,right_f_best-7.297690391540527,i:1
2025-04-27 02:03:03,264 - INFO - 添加左子节点，右子节点，len(queue):2
2025-04-27 02:03:03,264 - INFO - Node 1: k=776.5514315929832, f_best=-7.270997524261475, f_min=-13.04410172687858
2025-04-27 02:03:03,264 - INFO - Node 2: k=103.97065065838784, f_best=-6.724103927612305, f_min=-7.42099522268154
2025-04-27 02:03:03,264 - INFO - Node 3: k=124.36423133053074, f_best=-7.297690391540527, f_min=-7.758015631112357
2025-04-27 02:03:03,264 - INFO - cur_node_number 2,f_best -7.297690391540527,f_min -7.758015631112357,k 124.36423133053074
2025-04-27 02:03:03,264 - INFO - f_best_current -7.297690391540527,f_min -7.758015631112357
2025-04-27 02:03:11,422 - INFO - tree_node.f_best*ep:-7.297690391540527,left_f_best-6.7105865478515625,right_f_best-7.304121971130371,i:1
2025-04-27 02:03:40,267 - INFO - 添加左子节点，右子节点，len(queue):3
2025-04-27 02:03:40,267 - INFO - Node 1: k=776.5514315929832, f_best=-7.270997524261475, f_min=-13.04410172687858
2025-04-27 02:03:40,267 - INFO - Node 2: k=103.97065065838784, f_best=-6.724103927612305, f_min=-7.42099522268154
2025-04-27 02:03:40,267 - INFO - Node 3: k=124.36423133053074, f_best=-7.297690391540527, f_min=-7.758015631112357
2025-04-27 02:03:40,267 - INFO - Node 4: k=174.43040876687138, f_best=-6.7105865478515625, f_min=-7.449666897044153
2025-04-27 02:03:40,267 - INFO - Node 5: k=115.99676392176079, f_best=-7.304121971130371, f_min=-7.65474648217878
2025-04-27 02:03:40,267 - INFO - cur_node_number 3,f_best -7.304121971130371,f_min -7.65474648217878,k 115.99676392176079
2025-04-27 02:03:40,267 - INFO - f_best_current -7.304121971130371,f_min -7.65474648217878
2025-04-27 02:03:48,872 - INFO - tree_node.f_best*ep:-7.304121971130371,left_f_best-6.729001522064209,right_f_best-7.2896342277526855,i:1
2025-04-27 02:03:57,883 - INFO - tree_node.f_best*ep:-7.304121971130371,left_f_best-6.72391414642334,right_f_best-7.296370506286621,i:2
2025-04-27 02:04:07,098 - INFO - tree_node.f_best*ep:-7.304121971130371,left_f_best-6.733857154846191,right_f_best-7.310956001281738,i:3
2025-04-27 02:04:32,363 - INFO - 添加左子节点，右子节点，len(queue):4
2025-04-27 02:04:32,363 - INFO - Node 1: k=776.5514315929832, f_best=-7.270997524261475, f_min=-13.04410172687858
2025-04-27 02:04:32,363 - INFO - Node 2: k=103.97065065838784, f_best=-6.724103927612305, f_min=-7.42099522268154
2025-04-27 02:04:32,363 - INFO - Node 3: k=124.36423133053074, f_best=-7.297690391540527, f_min=-7.758015631112357
2025-04-27 02:04:32,363 - INFO - Node 4: k=174.43040876687138, f_best=-6.7105865478515625, f_min=-7.449666897044153
2025-04-27 02:04:32,363 - INFO - Node 5: k=115.99676392176079, f_best=-7.304121971130371, f_min=-7.65474648217878
2025-04-27 02:04:32,363 - INFO - Node 6: k=90.45061599558888, f_best=-6.733857154846191, f_min=-7.253218188307073
2025-04-27 02:04:32,363 - INFO - Node 7: k=127.39702610578566, f_best=-7.310956001281738, f_min=-10.243954742486494
2025-04-27 02:04:32,363 - INFO - cur_node_number 4,f_best -7.310956001281738,f_min -10.243954742486494,k 127.39702610578566
2025-04-27 02:04:32,363 - INFO - f_best_current -7.310956001281738,f_min -10.243954742486494
2025-04-27 02:04:32,363 - INFO - 回退,len(queue)=2
2025-04-27 02:04:32,363 - INFO - 回退,len(queue)=1
2025-04-27 02:04:40,847 - INFO - tree_node.f_best*ep:-7.297690391540527,left_f_best-6.7280778884887695,right_f_best-7.30217981338501,i:1
2025-04-27 02:05:09,813 - INFO - 添加左子节点，右子节点，len(queue):3
2025-04-27 02:05:09,813 - INFO - Node 1: k=776.5514315929832, f_best=-7.270997524261475, f_min=-13.04410172687858
2025-04-27 02:05:09,813 - INFO - Node 2: k=103.97065065838784, f_best=-6.724103927612305, f_min=-7.42099522268154
2025-04-27 02:05:09,813 - INFO - Node 3: k=127.39702610578566, f_best=-7.297690391540527, f_min=-7.758015631112357
2025-04-27 02:05:09,813 - INFO - Node 4: k=110.36694074497582, f_best=-6.7280778884887695, f_min=-6.871723642050711
2025-04-27 02:05:09,813 - INFO - Node 5: k=153.90948749828794, f_best=-7.30217981338501, f_min=-8.36034335561817
2025-04-27 02:05:09,813 - INFO - cur_node_number 5,f_best -7.30217981338501,f_min -8.36034335561817,k 153.90948749828794
2025-04-27 02:05:09,813 - INFO - f_best_current -7.30217981338501,f_min -8.36034335561817
2025-04-27 02:05:09,813 - INFO - 回退,len(queue)=1
2025-04-27 02:05:18,051 - INFO - tree_node.f_best*ep:-7.297690391540527,left_f_best-6.716988563537598,right_f_best-7.284964561462402,i:1
2025-04-27 02:05:26,599 - INFO - tree_node.f_best*ep:-7.297690391540527,left_f_best-6.734427452087402,right_f_best-7.29652214050293,i:2
2025-04-27 02:05:35,776 - INFO - tree_node.f_best*ep:-7.297690391540527,left_f_best-6.745265960693359,right_f_best-7.295897483825684,i:3
2025-04-27 02:05:45,619 - INFO - tree_node.f_best*ep:-7.297690391540527,left_f_best-6.758131980895996,right_f_best-7.310762882232666,i:4
2025-04-27 02:06:10,888 - INFO - 添加左子节点，右子节点，len(queue):3
2025-04-27 02:06:10,888 - INFO - Node 1: k=776.5514315929832, f_best=-7.270997524261475, f_min=-13.04410172687858
2025-04-27 02:06:10,888 - INFO - Node 2: k=103.97065065838784, f_best=-6.724103927612305, f_min=-7.42099522268154
2025-04-27 02:06:10,888 - INFO - Node 3: k=153.90948749828794, f_best=-7.297690391540527, f_min=-7.758015631112357
2025-04-27 02:06:10,888 - INFO - Node 4: k=76.37446386207611, f_best=-6.758131980895996, f_min=-7.02682390349446
2025-04-27 02:06:10,888 - INFO - Node 5: k=134.668641836547, f_best=-7.310762882232666, f_min=-10.389778633872083
2025-04-27 02:06:10,888 - INFO - cur_node_number 6,f_best -7.310762882232666,f_min -10.389778633872083,k 134.668641836547
2025-04-27 02:06:10,888 - INFO - f_best_current -7.310762882232666,f_min -10.389778633872083
2025-04-27 02:06:18,964 - INFO - tree_node.f_best*ep:-7.310762882232666,left_f_best-6.725714683532715,right_f_best-7.2781500816345215,i:1
2025-04-27 02:06:27,660 - INFO - tree_node.f_best*ep:-7.310762882232666,left_f_best-6.7416276931762695,right_f_best-7.303421974182129,i:2
2025-04-27 02:06:36,994 - INFO - tree_node.f_best*ep:-7.310762882232666,left_f_best-6.741528511047363,right_f_best-7.319057464599609,i:3
2025-04-27 02:07:01,615 - INFO - 添加左子节点，右子节点，len(queue):4
2025-04-27 02:07:01,615 - INFO - Node 1: k=776.5514315929832, f_best=-7.270997524261475, f_min=-13.04410172687858
2025-04-27 02:07:01,615 - INFO - Node 2: k=103.97065065838784, f_best=-6.724103927612305, f_min=-7.42099522268154
2025-04-27 02:07:01,615 - INFO - Node 3: k=153.90948749828794, f_best=-7.297690391540527, f_min=-7.758015631112357
2025-04-27 02:07:01,615 - INFO - Node 4: k=76.37446386207611, f_best=-6.758131980895996, f_min=-7.02682390349446
2025-04-27 02:07:01,615 - INFO - Node 5: k=134.668641836547, f_best=-7.310762882232666, f_min=-10.389778633872083
2025-04-27 02:07:01,615 - INFO - Node 6: k=103.97065065838784, f_best=-6.741528511047363, f_min=-7.274416451381967
2025-04-27 02:07:01,615 - INFO - Node 7: k=90.83068335072721, f_best=-7.319057464599609, f_min=-7.547072480985662
2025-04-27 02:07:01,615 - INFO - cur_node_number 7,f_best -7.319057464599609,f_min -7.547072480985662,k 90.83068335072721
2025-04-27 02:07:01,615 - INFO - f_best_current -7.319057464599609,f_min -7.547072480985662
2025-04-27 02:07:10,023 - INFO - tree_node.f_best*ep:-7.319057464599609,left_f_best-6.738641738891602,right_f_best-7.303499221801758,i:1
2025-04-27 02:07:18,924 - INFO - tree_node.f_best*ep:-7.319057464599609,left_f_best-6.728105545043945,right_f_best-7.296792030334473,i:2
2025-04-27 02:07:28,143 - INFO - tree_node.f_best*ep:-7.319057464599609,left_f_best-6.740601539611816,right_f_best-7.311161041259766,i:3
2025-04-27 02:07:37,769 - INFO - tree_node.f_best*ep:-7.319057464599609,left_f_best-6.750845432281494,right_f_best-7.326249122619629,i:4
2025-04-27 02:08:03,631 - INFO - 添加左子节点，右子节点，len(queue):5
2025-04-27 02:08:03,631 - INFO - Node 1: k=776.5514315929832, f_best=-7.270997524261475, f_min=-13.04410172687858
2025-04-27 02:08:03,631 - INFO - Node 2: k=103.97065065838784, f_best=-6.724103927612305, f_min=-7.42099522268154
2025-04-27 02:08:03,631 - INFO - Node 3: k=153.90948749828794, f_best=-7.297690391540527, f_min=-7.758015631112357
2025-04-27 02:08:03,631 - INFO - Node 4: k=76.37446386207611, f_best=-6.758131980895996, f_min=-7.02682390349446
2025-04-27 02:08:03,631 - INFO - Node 5: k=134.668641836547, f_best=-7.310762882232666, f_min=-10.389778633872083
2025-04-27 02:08:03,631 - INFO - Node 6: k=103.97065065838784, f_best=-6.741528511047363, f_min=-7.274416451381967
2025-04-27 02:08:03,631 - INFO - Node 7: k=90.83068335072721, f_best=-7.319057464599609, f_min=-7.547072480985662
2025-04-27 02:08:03,631 - INFO - Node 8: k=110.36694074497582, f_best=-6.750845432281494, f_min=-8.295270500977495
2025-04-27 02:08:03,631 - INFO - Node 9: k=100.91288920265809, f_best=-7.326249122619629, f_min=-7.752765239726614
2025-04-27 02:08:03,631 - INFO - cur_node_number 8,f_best -7.326249122619629,f_min -7.752765239726614,k 100.91288920265809
2025-04-27 02:08:03,631 - INFO - f_best_current -7.326249122619629,f_min -7.752765239726614
2025-04-27 02:08:03,631 - INFO - 回退,len(queue)=3
2025-04-27 02:08:12,093 - INFO - tree_node.f_best*ep:-7.319057464599609,left_f_best-6.716039657592773,right_f_best-7.289961814880371,i:1
2025-04-27 02:08:20,895 - INFO - tree_node.f_best*ep:-7.319057464599609,left_f_best-6.736997604370117,right_f_best-7.299705982208252,i:2
2025-04-27 02:08:29,951 - INFO - tree_node.f_best*ep:-7.319057464599609,left_f_best-6.739407062530518,right_f_best-7.30141544342041,i:3
2025-04-27 02:08:39,466 - INFO - tree_node.f_best*ep:-7.319057464599609,left_f_best-6.756465435028076,right_f_best-7.317165851593018,i:4
2025-04-27 02:08:49,385 - INFO - tree_node.f_best*ep:-7.319057464599609,left_f_best-6.756528854370117,right_f_best-7.324740409851074,i:5
2025-04-27 02:09:16,769 - INFO - 添加左子节点，右子节点，len(queue):5
2025-04-27 02:09:16,769 - INFO - Node 1: k=776.5514315929832, f_best=-7.270997524261475, f_min=-13.04410172687858
2025-04-27 02:09:16,769 - INFO - Node 2: k=103.97065065838784, f_best=-6.724103927612305, f_min=-7.42099522268154
2025-04-27 02:09:16,769 - INFO - Node 3: k=153.90948749828794, f_best=-7.297690391540527, f_min=-7.758015631112357
2025-04-27 02:09:16,769 - INFO - Node 4: k=76.37446386207611, f_best=-6.758131980895996, f_min=-7.02682390349446
2025-04-27 02:09:16,769 - INFO - Node 5: k=134.668641836547, f_best=-7.310762882232666, f_min=-10.389778633872083
2025-04-27 02:09:16,769 - INFO - Node 6: k=103.97065065838784, f_best=-6.741528511047363, f_min=-7.274416451381967
2025-04-27 02:09:16,769 - INFO - Node 7: k=100.91288920265809, f_best=-7.319057464599609, f_min=-7.547072480985662
2025-04-27 02:09:16,769 - INFO - Node 8: k=119.51158186535407, f_best=-6.756528854370117, f_min=-7.41363033145808
2025-04-27 02:09:16,769 - INFO - Node 9: k=141.53809600352824, f_best=-7.324740409851074, f_min=-7.50421635627572
2025-04-27 02:09:16,769 - INFO - cur_node_number 9,f_best -7.324740409851074,f_min -7.50421635627572,k 141.53809600352824
2025-04-27 02:09:16,769 - INFO - f_best_current -7.324740409851074,f_min -7.50421635627572
2025-04-27 02:09:16,769 - INFO - 回退,len(queue)=3
2025-04-27 02:09:16,769 - INFO - 回退,len(queue)=2
2025-04-27 02:09:25,140 - INFO - tree_node.f_best*ep:-7.310762882232666,left_f_best-6.728640079498291,right_f_best-7.286216735839844,i:1
2025-04-27 02:09:33,835 - INFO - tree_node.f_best*ep:-7.310762882232666,left_f_best-6.740777015686035,right_f_best-7.294891357421875,i:2
2025-04-27 02:09:42,903 - INFO - tree_node.f_best*ep:-7.310762882232666,left_f_best-6.740317344665527,right_f_best-7.316389083862305,i:3
2025-04-27 02:10:10,544 - INFO - 添加左子节点，右子节点，len(queue):4
2025-04-27 02:10:10,544 - INFO - Node 1: k=776.5514315929832, f_best=-7.270997524261475, f_min=-13.04410172687858
2025-04-27 02:10:10,544 - INFO - Node 2: k=103.97065065838784, f_best=-6.724103927612305, f_min=-7.42099522268154
2025-04-27 02:10:10,544 - INFO - Node 3: k=153.90948749828794, f_best=-7.297690391540527, f_min=-7.758015631112357
2025-04-27 02:10:10,544 - INFO - Node 4: k=76.37446386207611, f_best=-6.758131980895996, f_min=-7.02682390349446
2025-04-27 02:10:10,544 - INFO - Node 5: k=141.53809600352824, f_best=-7.310762882232666, f_min=-10.389778633872083
2025-04-27 02:10:10,544 - INFO - Node 6: k=142.13282948552006, f_best=-6.740317344665527, f_min=-6.880652644003931
2025-04-27 02:10:10,544 - INFO - Node 7: k=106.06046073662144, f_best=-7.316389083862305, f_min=-8.402125725833685
2025-04-27 02:10:10,544 - INFO - cur_node_number 10,f_best -7.316389083862305,f_min -8.402125725833685,k 106.06046073662144
2025-04-27 02:10:10,544 - INFO - f_best_current -7.316389083862305,f_min -8.402125725833685
2025-04-27 02:10:19,006 - INFO - tree_node.f_best*ep:-7.316389083862305,left_f_best-6.706197738647461,right_f_best-7.266482353210449,i:1
2025-04-27 02:10:27,682 - INFO - tree_node.f_best*ep:-7.316389083862305,left_f_best-6.740994453430176,right_f_best-7.305489540100098,i:2
2025-04-27 02:10:36,800 - INFO - tree_node.f_best*ep:-7.316389083862305,left_f_best-6.736118316650391,right_f_best-7.309567928314209,i:3
2025-04-27 02:10:46,576 - INFO - tree_node.f_best*ep:-7.316389083862305,left_f_best-6.738743782043457,right_f_best-7.317736625671387,i:4
2025-04-27 02:11:09,965 - INFO - 添加左子节点，右子节点，len(queue):5
2025-04-27 02:11:09,965 - INFO - Node 1: k=776.5514315929832, f_best=-7.270997524261475, f_min=-13.04410172687858
2025-04-27 02:11:09,965 - INFO - Node 2: k=103.97065065838784, f_best=-6.724103927612305, f_min=-7.42099522268154
2025-04-27 02:11:09,965 - INFO - Node 3: k=153.90948749828794, f_best=-7.297690391540527, f_min=-7.758015631112357
2025-04-27 02:11:09,965 - INFO - Node 4: k=76.37446386207611, f_best=-6.758131980895996, f_min=-7.02682390349446
2025-04-27 02:11:09,965 - INFO - Node 5: k=141.53809600352824, f_best=-7.310762882232666, f_min=-10.389778633872083
2025-04-27 02:11:09,965 - INFO - Node 6: k=142.13282948552006, f_best=-6.740317344665527, f_min=-6.880652644003931
2025-04-27 02:11:09,965 - INFO - Node 7: k=106.06046073662144, f_best=-7.316389083862305, f_min=-8.402125725833685
2025-04-27 02:11:09,965 - INFO - Node 8: k=86.06065754269696, f_best=-6.738743782043457, f_min=-7.112488938657862
2025-04-27 02:11:09,965 - INFO - Node 9: k=111.93900209768718, f_best=-7.317736625671387, f_min=-9.542701741354904
2025-04-27 02:11:09,965 - INFO - cur_node_number 11,f_best -7.317736625671387,f_min -9.542701741354904,k 111.93900209768718
2025-04-27 02:11:09,965 - INFO - f_best_current -7.317736625671387,f_min -9.542701741354904
2025-04-27 02:11:09,965 - INFO - 回退,len(queue)=3
2025-04-27 02:11:17,747 - INFO - tree_node.f_best*ep:-7.316389083862305,left_f_best-6.7403154373168945,right_f_best-7.299732208251953,i:1
2025-04-27 02:11:25,902 - INFO - tree_node.f_best*ep:-7.316389083862305,left_f_best-6.719111442565918,right_f_best-7.300354957580566,i:2
2025-04-27 02:11:34,421 - INFO - tree_node.f_best*ep:-7.316389083862305,left_f_best-6.752241134643555,right_f_best-7.317597389221191,i:3
2025-04-27 02:11:58,195 - INFO - 添加左子节点，右子节点，len(queue):5
2025-04-27 02:11:58,195 - INFO - Node 1: k=776.5514315929832, f_best=-7.270997524261475, f_min=-13.04410172687858
2025-04-27 02:11:58,195 - INFO - Node 2: k=103.97065065838784, f_best=-6.724103927612305, f_min=-7.42099522268154
2025-04-27 02:11:58,195 - INFO - Node 3: k=153.90948749828794, f_best=-7.297690391540527, f_min=-7.758015631112357
2025-04-27 02:11:58,195 - INFO - Node 4: k=76.37446386207611, f_best=-6.758131980895996, f_min=-7.02682390349446
2025-04-27 02:11:58,195 - INFO - Node 5: k=141.53809600352824, f_best=-7.310762882232666, f_min=-10.389778633872083
2025-04-27 02:11:58,195 - INFO - Node 6: k=142.13282948552006, f_best=-6.740317344665527, f_min=-6.880652644003931
2025-04-27 02:11:58,195 - INFO - Node 7: k=111.93900209768718, f_best=-7.316389083862305, f_min=-8.402125725833685
2025-04-27 02:11:58,195 - INFO - Node 8: k=153.26547635925152, f_best=-6.752241134643555, f_min=-7.8611345698273
2025-04-27 02:11:58,195 - INFO - Node 9: k=105.01035716497172, f_best=-7.317597389221191, f_min=-10.902127267235755
2025-04-27 02:11:58,195 - INFO - cur_node_number 12,f_best -7.317597389221191,f_min -10.902127267235755,k 105.01035716497172
2025-04-27 02:11:58,195 - INFO - f_best_current -7.317597389221191,f_min -10.902127267235755
2025-04-27 02:12:05,547 - INFO - tree_node.f_best*ep:-7.317597389221191,left_f_best-6.716876983642578,right_f_best-7.285109519958496,i:1
2025-04-27 02:12:13,379 - INFO - tree_node.f_best*ep:-7.317597389221191,left_f_best-6.735628604888916,right_f_best-7.294295310974121,i:2
2025-04-27 02:12:21,464 - INFO - tree_node.f_best*ep:-7.317597389221191,left_f_best-6.746324062347412,right_f_best-7.308019638061523,i:3
2025-04-27 02:12:29,844 - INFO - tree_node.f_best*ep:-7.317597389221191,left_f_best-6.743928909301758,right_f_best-7.316242218017578,i:4
2025-04-27 02:12:38,391 - INFO - tree_node.f_best*ep:-7.317597389221191,left_f_best-6.74985933303833,right_f_best-7.320878982543945,i:5
2025-04-27 02:12:57,138 - INFO - 添加左子节点，右子节点，len(queue):6
2025-04-27 02:12:57,138 - INFO - Node 1: k=776.5514315929832, f_best=-7.270997524261475, f_min=-13.04410172687858
2025-04-27 02:12:57,138 - INFO - Node 2: k=103.97065065838784, f_best=-6.724103927612305, f_min=-7.42099522268154
2025-04-27 02:12:57,150 - INFO - Node 3: k=153.90948749828794, f_best=-7.297690391540527, f_min=-7.758015631112357
2025-04-27 02:12:57,150 - INFO - Node 4: k=76.37446386207611, f_best=-6.758131980895996, f_min=-7.02682390349446
2025-04-27 02:12:57,150 - INFO - Node 5: k=141.53809600352824, f_best=-7.310762882232666, f_min=-10.389778633872083
2025-04-27 02:12:57,150 - INFO - Node 6: k=142.13282948552006, f_best=-6.740317344665527, f_min=-6.880652644003931
2025-04-27 02:12:57,150 - INFO - Node 7: k=111.93900209768718, f_best=-7.316389083862305, f_min=-8.402125725833685
2025-04-27 02:12:57,150 - INFO - Node 8: k=153.26547635925152, f_best=-6.752241134643555, f_min=-7.8611345698273
2025-04-27 02:12:57,150 - INFO - Node 9: k=105.01035716497172, f_best=-7.317597389221191, f_min=-10.902127267235755
2025-04-27 02:12:57,150 - INFO - Node 10: k=90.45061599558888, f_best=-6.74985933303833, f_min=-7.0126904663620735
2025-04-27 02:12:57,150 - INFO - Node 11: k=67.10738493509001, f_best=-7.320878982543945, f_min=-7.488998649225778
2025-04-27 02:12:57,150 - INFO - cur_node_number 13,f_best -7.320878982543945,f_min -7.488998649225778,k 67.10738493509001
2025-04-27 02:12:57,150 - INFO - f_best_current -7.320878982543945,f_min -7.488998649225778
2025-04-27 02:13:04,502 - INFO - tree_node.f_best*ep:-7.320878982543945,left_f_best-6.723039627075195,right_f_best-7.283953666687012,i:1
2025-04-27 02:13:12,179 - INFO - tree_node.f_best*ep:-7.320878982543945,left_f_best-6.742121696472168,right_f_best-7.280966758728027,i:2
2025-04-27 02:13:20,138 - INFO - tree_node.f_best*ep:-7.320878982543945,left_f_best-6.755480766296387,right_f_best-7.293895721435547,i:3
2025-04-27 02:13:28,291 - INFO - tree_node.f_best*ep:-7.320878982543945,left_f_best-6.756255149841309,right_f_best-7.313490390777588,i:4
2025-04-27 02:13:36,815 - INFO - tree_node.f_best*ep:-7.320878982543945,left_f_best-6.751285552978516,right_f_best-7.333127021789551,i:5
2025-04-27 02:14:00,158 - INFO - 添加左子节点，右子节点，len(queue):7
2025-04-27 02:14:00,158 - INFO - Node 1: k=776.5514315929832, f_best=-7.270997524261475, f_min=-13.04410172687858
2025-04-27 02:14:00,158 - INFO - Node 2: k=103.97065065838784, f_best=-6.724103927612305, f_min=-7.42099522268154
2025-04-27 02:14:00,158 - INFO - Node 3: k=153.90948749828794, f_best=-7.297690391540527, f_min=-7.758015631112357
2025-04-27 02:14:00,158 - INFO - Node 4: k=76.37446386207611, f_best=-6.758131980895996, f_min=-7.02682390349446
2025-04-27 02:14:00,158 - INFO - Node 5: k=141.53809600352824, f_best=-7.310762882232666, f_min=-10.389778633872083
2025-04-27 02:14:00,158 - INFO - Node 6: k=142.13282948552006, f_best=-6.740317344665527, f_min=-6.880652644003931
2025-04-27 02:14:00,158 - INFO - Node 7: k=111.93900209768718, f_best=-7.316389083862305, f_min=-8.402125725833685
2025-04-27 02:14:00,158 - INFO - Node 8: k=153.26547635925152, f_best=-6.752241134643555, f_min=-7.8611345698273
2025-04-27 02:14:00,158 - INFO - Node 9: k=105.01035716497172, f_best=-7.317597389221191, f_min=-10.902127267235755
2025-04-27 02:14:00,158 - INFO - Node 10: k=90.45061599558888, f_best=-6.74985933303833, f_min=-7.0126904663620735
2025-04-27 02:14:00,158 - INFO - Node 11: k=67.10738493509001, f_best=-7.320878982543945, f_min=-7.488998649225778
2025-04-27 02:14:00,158 - INFO - Node 12: k=91.35512215554476, f_best=-6.751285552978516, f_min=-7.786640446515776
2025-04-27 02:14:00,158 - INFO - Node 13: k=157.00306819700353, f_best=-7.333127021789551, f_min=-7.362132083741926
2025-04-27 02:14:00,158 - INFO - cur_node_number 14,f_best -7.333127021789551,f_min -7.362132083741926,k 157.00306819700353
2025-04-27 02:14:00,158 - INFO - f_best_current -7.333127021789551,f_min -7.362132083741926
2025-04-27 02:14:00,158 - INFO - 结束,fmin= -7.362132083741926, fbestmin=-7.333127021789551
