2025-05-06 15:29:13,104 - INFO - Namespace(log_file='outputsconfidence/DNN7/img[0]/max/DNN7img0_label0.log', image_path='img[0].png', model_path='network/DNN7.pth', label=0, init_epsilon=0.05, epsilon=0.01, ep=1, min=0)
2025-05-06 15:29:13,121 - INFO - Model output: -21.003843307495117
2025-05-06 15:29:29,989 - INFO - cur_node_number 1,f_best -29.014179229736328,f_min -29.226497226449283,k 741.997231944839
2025-05-06 15:29:29,989 - INFO - f_best_current -29.014179229736328,f_min -29.226497226449283
2025-05-06 15:29:29,989 - INFO - bestx
2025-05-06 15:29:29,989 - INFO - [4.67667501e-02 4.99552169e-02 4.93732453e-02 4.99204067e-02
 4.94191694e-02 4.96550662e-02 7.25490841e-04 4.99991906e-02
 4.97761036e-02 4.97549431e-02 4.50674491e-02 4.60045650e-02
 4.81695147e-02 4.93175408e-02 4.99446273e-02 4.96824641e-02
 4.88177167e-02 4.99557204e-02 4.99761591e-02 7.39994899e-05
 7.58597031e-07 1.35368318e-06 3.53939713e-03 7.73306948e-03
 4.69271899e-02 4.99334251e-02 4.85777935e-02 4.65733762e-02
 3.03036085e-04 1.09904569e-03 2.79618805e-04 1.45257686e-06
 3.69989052e-06 1.89943451e-01 9.42501276e-01 6.63899831e-01
 5.00847985e-04 1.72053940e-04 2.34068717e-03 2.16761979e-04
 6.61616213e-06 8.95627997e-04 3.43649482e-02 4.62220537e-02
 4.74854062e-02 1.91925546e-03 3.92043010e-01 7.35050650e-01
 9.10644869e-01 8.44141814e-01 7.25963121e-01 2.96884891e-01
 5.23843186e-03 3.20020416e-02 4.99144589e-02 1.00091073e-06
 2.93601159e-02 4.39925334e-02 1.15752514e-03 2.37920336e-01
 9.93891579e-01 2.32354669e-01 3.83997249e-02 1.21925413e-01
 5.30499058e-01 9.99104104e-01 7.73200491e-01 1.40313107e-04
 3.89175314e-02 4.75259146e-02 4.96291201e-02 2.52187378e-05
 2.78415585e-02 8.63887275e-01 6.45312078e-01 4.93872875e-02
 4.82439978e-02 4.99342058e-02 4.98243552e-02 2.14693560e-01
 8.77179192e-01 5.80357625e-01 4.99986275e-02 4.95096569e-03
 2.76088725e-02 4.91092320e-02 7.93921665e-04 9.83138349e-01
 7.73428170e-02 3.90319482e-03 4.80648334e-02 4.93404570e-02
 2.54536324e-05 3.87658397e-04 3.32771135e-01 9.98922585e-01
 4.99709732e-02 4.37912841e-04 4.97073840e-02 3.05918320e-02
 1.52650083e-01 8.85172320e-01 4.93822962e-02 4.89274099e-02
 2.83724932e-02 7.71613942e-04 2.96588775e-05 8.15981613e-05
 7.20307159e-01 7.39557986e-01 3.98237296e-02 4.94100817e-02
 4.99745507e-02 4.72297889e-02 1.81400267e-01 9.67552677e-01
 1.08258728e-01 3.75170632e-02 2.24994675e-02 4.96161542e-02
 4.95098550e-02 3.11410027e-01 9.91585347e-01 1.22136122e-01
 4.46065134e-04 2.23610109e-02 4.97441837e-02 4.94365964e-02
 5.32892166e-02 9.35236478e-01 5.48037724e-01 3.72135065e-03
 4.99814634e-02 8.03305000e-05 3.63669522e-01 9.50145601e-01
 2.81369039e-01 4.27097431e-05 2.92303937e-03 3.43154261e-02
 4.99641399e-02 4.96863610e-02 1.39300203e-02 4.72270062e-01
 8.87625168e-01 4.25447374e-01 2.99142430e-01 8.22415621e-01
 9.95934532e-01 5.06445085e-01 1.59682968e-04 2.96079435e-04
 3.42306094e-03 4.60461965e-02 4.13721041e-03 4.98464629e-02
 4.99918037e-02 7.74413637e-02 5.62480389e-01 9.86848807e-01
 9.91135890e-01 6.02126274e-01 2.01044137e-01 1.73558545e-03
 2.18127396e-04 2.02427623e-04 1.20370659e-02 1.81459026e-04
 1.67767248e-04 3.66812078e-02 2.58489356e-03 7.65098345e-04
 3.42195757e-03 2.64436170e-03 1.86118238e-03 1.05128770e-03
 2.70585907e-05 2.56909733e-04 5.49659017e-04 4.59020490e-02
 3.47750863e-02 1.45059310e-02 4.21412899e-03 4.14434815e-02
 3.33753001e-03 1.88440896e-04 4.87177326e-02 4.20988878e-02
 4.67926935e-03 4.86720222e-02 4.69105289e-02 4.59439949e-02
 3.90407434e-02 5.21146983e-03 1.75175208e-02 6.41721973e-03]
2025-05-06 15:29:29,989 - INFO - ½áÊø,fmin= -29.226497226449283, fbestmin=-29.014179229736328
