2025-04-25 16:20:20,542 - INFO - Model output max(1): torch.return_types.max(
values=tensor([8.8363], grad_fn=<MaxBackward0>),
indices=tensor([0]))
2025-04-25 16:20:24,128 - INFO - cur_node_number 1,f_best -3.4299778938293457,f_min -9.20669287468263,k 588.2965390855929
2025-04-25 16:20:24,128 - INFO - f_best_current -3.4299778938293457,f_min -9.20669287468263
2025-04-25 16:20:29,605 - INFO - tree_node.f_best*ep:-3.4299778938293457,left_f_best-2.859365940093994,right_f_best-3.439404249191284,i:1
2025-04-25 16:20:45,861 - INFO - 添加左子节点，右子节点，len(queue):2
2025-04-25 16:20:45,861 - INFO - Node 1: k=588.2965390855929, f_best=-3.4299778938293457, f_min=-9.20669287468263
2025-04-25 16:20:45,861 - INFO - Node 2: k=112.40936219414239, f_best=-2.859365940093994, f_min=-4.213097007790566
2025-04-25 16:20:45,861 - INFO - Node 3: k=84.71941828261006, f_best=-3.439404249191284, f_min=-5.4342631482059005
2025-04-25 16:20:45,861 - INFO - cur_node_number 2,f_best -3.439404249191284,f_min -5.4342631482059005,k 84.71941828261006
2025-04-25 16:20:45,861 - INFO - f_best_current -3.439404249191284,f_min -5.4342631482059005
2025-04-25 16:20:51,561 - INFO - tree_node.f_best*ep:-3.439404249191284,left_f_best-2.8465700149536133,right_f_best-3.4487998485565186,i:1
2025-04-25 16:21:09,077 - INFO - 添加左子节点，右子节点，len(queue):3
2025-04-25 16:21:09,077 - INFO - Node 1: k=588.2965390855929, f_best=-3.4299778938293457, f_min=-9.20669287468263
2025-04-25 16:21:09,077 - INFO - Node 2: k=112.40936219414239, f_best=-2.859365940093994, f_min=-4.213097007790566
2025-04-25 16:21:09,077 - INFO - Node 3: k=84.71941828261006, f_best=-3.439404249191284, f_min=-5.4342631482059005
2025-04-25 16:21:09,077 - INFO - Node 4: k=119.3248030852884, f_best=-2.8465700149536133, f_min=-2.9450297378184587
2025-04-25 16:21:09,077 - INFO - Node 5: k=114.18897603985069, f_best=-3.4487998485565186, f_min=-4.146135083854006
2025-04-25 16:21:09,077 - INFO - cur_node_number 3,f_best -3.4487998485565186,f_min -4.146135083854006,k 114.18897603985069
2025-04-25 16:21:09,077 - INFO - f_best_current -3.4487998485565186,f_min -4.146135083854006
2025-04-25 16:21:09,077 - INFO - 回退,len(queue)=1
2025-04-25 16:21:14,793 - INFO - tree_node.f_best*ep:-3.439404249191284,left_f_best-2.854020595550537,right_f_best-3.4587767124176025,i:1
2025-04-25 16:21:31,751 - INFO - 添加左子节点，右子节点，len(queue):3
2025-04-25 16:21:31,751 - INFO - Node 1: k=588.2965390855929, f_best=-3.4299778938293457, f_min=-9.20669287468263
2025-04-25 16:21:31,751 - INFO - Node 2: k=112.40936219414239, f_best=-2.859365940093994, f_min=-4.213097007790566
2025-04-25 16:21:31,751 - INFO - Node 3: k=114.18897603985069, f_best=-3.439404249191284, f_min=-5.4342631482059005
2025-04-25 16:21:31,752 - INFO - Node 4: k=110.83069514622493, f_best=-2.854020595550537, f_min=-2.8660396147670326
2025-04-25 16:21:31,752 - INFO - Node 5: k=102.78035647151289, f_best=-3.4587767124176025, f_min=-3.802496657158372
2025-04-25 16:21:31,752 - INFO - cur_node_number 4,f_best -3.4587767124176025,f_min -3.802496657158372,k 102.78035647151289
2025-04-25 16:21:31,752 - INFO - f_best_current -3.4587767124176025,f_min -3.802496657158372
2025-04-25 16:21:37,333 - INFO - tree_node.f_best*ep:-3.4587767124176025,left_f_best-2.8575503826141357,right_f_best-3.4539952278137207,i:1
2025-04-25 16:21:43,091 - INFO - tree_node.f_best*ep:-3.4587767124176025,left_f_best-2.8593199253082275,right_f_best-3.4469265937805176,i:2
2025-04-25 16:21:49,129 - INFO - tree_node.f_best*ep:-3.4587767124176025,left_f_best-2.8713245391845703,right_f_best-3.4628005027770996,i:3
2025-04-25 16:22:07,058 - INFO - 添加左子节点，右子节点，len(queue):4
2025-04-25 16:22:07,059 - INFO - Node 1: k=588.2965390855929, f_best=-3.4299778938293457, f_min=-9.20669287468263
2025-04-25 16:22:07,059 - INFO - Node 2: k=112.40936219414239, f_best=-2.859365940093994, f_min=-4.213097007790566
2025-04-25 16:22:07,059 - INFO - Node 3: k=114.18897603985069, f_best=-3.439404249191284, f_min=-5.4342631482059005
2025-04-25 16:22:07,059 - INFO - Node 4: k=110.83069514622493, f_best=-2.854020595550537, f_min=-2.8660396147670326
2025-04-25 16:22:07,059 - INFO - Node 5: k=102.78035647151289, f_best=-3.4587767124176025, f_min=-3.802496657158372
2025-04-25 16:22:07,059 - INFO - Node 6: k=96.41860066965567, f_best=-2.8713245391845703, f_min=-2.908148634608551
2025-04-25 16:22:07,059 - INFO - Node 7: k=184.09844495530547, f_best=-3.4628005027770996, f_min=-4.8664805641756175
2025-04-25 16:22:07,059 - INFO - cur_node_number 5,f_best -3.4628005027770996,f_min -4.8664805641756175,k 184.09844495530547
2025-04-25 16:22:07,059 - INFO - f_best_current -3.4628005027770996,f_min -4.8664805641756175
2025-04-25 16:22:07,059 - INFO - 回退,len(queue)=2
2025-04-25 16:22:07,060 - INFO - 回退,len(queue)=1
2025-04-25 16:22:12,595 - INFO - tree_node.f_best*ep:-3.439404249191284,left_f_best-2.8691177368164062,right_f_best-3.4542641639709473,i:1
2025-04-25 16:22:31,922 - INFO - 添加左子节点，右子节点，len(queue):3
2025-04-25 16:22:31,922 - INFO - Node 1: k=588.2965390855929, f_best=-3.4299778938293457, f_min=-9.20669287468263
2025-04-25 16:22:31,922 - INFO - Node 2: k=112.40936219414239, f_best=-2.859365940093994, f_min=-4.213097007790566
2025-04-25 16:22:31,923 - INFO - Node 3: k=184.09844495530547, f_best=-3.439404249191284, f_min=-5.4342631482059005
2025-04-25 16:22:31,923 - INFO - Node 4: k=137.16078414619608, f_best=-2.8691177368164062, f_min=-4.899615313149297
2025-04-25 16:22:31,923 - INFO - Node 5: k=137.95272399572556, f_best=-3.4542641639709473, f_min=-6.403352713046843
2025-04-25 16:22:31,923 - INFO - cur_node_number 6,f_best -3.4542641639709473,f_min -6.403352713046843,k 137.95272399572556
2025-04-25 16:22:31,923 - INFO - f_best_current -3.4542641639709473,f_min -6.403352713046843
2025-04-25 16:22:37,391 - INFO - tree_node.f_best*ep:-3.4542641639709473,left_f_best-2.857468605041504,right_f_best-3.4574499130249023,i:1
2025-04-25 16:22:53,359 - INFO - 添加左子节点，右子节点，len(queue):4
2025-04-25 16:22:53,360 - INFO - Node 1: k=588.2965390855929, f_best=-3.4299778938293457, f_min=-9.20669287468263
2025-04-25 16:22:53,360 - INFO - Node 2: k=112.40936219414239, f_best=-2.859365940093994, f_min=-4.213097007790566
2025-04-25 16:22:53,360 - INFO - Node 3: k=184.09844495530547, f_best=-3.439404249191284, f_min=-5.4342631482059005
2025-04-25 16:22:53,360 - INFO - Node 4: k=137.16078414619608, f_best=-2.8691177368164062, f_min=-4.899615313149297
2025-04-25 16:22:53,360 - INFO - Node 5: k=137.95272399572556, f_best=-3.4542641639709473, f_min=-6.403352713046843
2025-04-25 16:22:53,360 - INFO - Node 6: k=95.46396105906503, f_best=-2.857468605041504, f_min=-3.8037521313331126
2025-04-25 16:22:53,360 - INFO - Node 7: k=73.70275670994683, f_best=-3.4574499130249023, f_min=-3.886404332760776
2025-04-25 16:22:53,360 - INFO - cur_node_number 7,f_best -3.4574499130249023,f_min -3.886404332760776,k 73.70275670994683
2025-04-25 16:22:53,360 - INFO - f_best_current -3.4574499130249023,f_min -3.886404332760776
2025-04-25 16:22:58,869 - INFO - tree_node.f_best*ep:-3.4574499130249023,left_f_best-2.8335719108581543,right_f_best-3.4546382427215576,i:1
2025-04-25 16:23:04,536 - INFO - tree_node.f_best*ep:-3.4574499130249023,left_f_best-2.8640575408935547,right_f_best-3.466294765472412,i:2
2025-04-25 16:23:21,233 - INFO - 添加左子节点，右子节点，len(queue):5
2025-04-25 16:23:21,233 - INFO - Node 1: k=588.2965390855929, f_best=-3.4299778938293457, f_min=-9.20669287468263
2025-04-25 16:23:21,233 - INFO - Node 2: k=112.40936219414239, f_best=-2.859365940093994, f_min=-4.213097007790566
2025-04-25 16:23:21,233 - INFO - Node 3: k=184.09844495530547, f_best=-3.439404249191284, f_min=-5.4342631482059005
2025-04-25 16:23:21,233 - INFO - Node 4: k=137.16078414619608, f_best=-2.8691177368164062, f_min=-4.899615313149297
2025-04-25 16:23:21,233 - INFO - Node 5: k=137.95272399572556, f_best=-3.4542641639709473, f_min=-6.403352713046843
2025-04-25 16:23:21,234 - INFO - Node 6: k=95.46396105906503, f_best=-2.857468605041504, f_min=-3.8037521313331126
2025-04-25 16:23:21,234 - INFO - Node 7: k=73.70275670994683, f_best=-3.4574499130249023, f_min=-3.886404332760776
2025-04-25 16:23:21,234 - INFO - Node 8: k=113.53345581608382, f_best=-2.8640575408935547, f_min=-3.198029354035043
2025-04-25 16:23:21,234 - INFO - Node 9: k=77.78782951403295, f_best=-3.466294765472412, f_min=-4.075434988874349
2025-04-25 16:23:21,234 - INFO - cur_node_number 8,f_best -3.466294765472412,f_min -4.075434988874349,k 77.78782951403295
2025-04-25 16:23:21,234 - INFO - f_best_current -3.466294765472412,f_min -4.075434988874349
2025-04-25 16:23:21,234 - INFO - 回退,len(queue)=3
2025-04-25 16:23:26,641 - INFO - tree_node.f_best*ep:-3.4574499130249023,left_f_best-2.8666601181030273,right_f_best-3.4408702850341797,i:1
2025-04-25 16:23:32,198 - INFO - tree_node.f_best*ep:-3.4574499130249023,left_f_best-2.8710033893585205,right_f_best-3.4676461219787598,i:2
2025-04-25 16:23:47,941 - INFO - 添加左子节点，右子节点，len(queue):5
2025-04-25 16:23:47,941 - INFO - Node 1: k=588.2965390855929, f_best=-3.4299778938293457, f_min=-9.20669287468263
2025-04-25 16:23:47,941 - INFO - Node 2: k=112.40936219414239, f_best=-2.859365940093994, f_min=-4.213097007790566
2025-04-25 16:23:47,941 - INFO - Node 3: k=184.09844495530547, f_best=-3.439404249191284, f_min=-5.4342631482059005
2025-04-25 16:23:47,942 - INFO - Node 4: k=137.16078414619608, f_best=-2.8691177368164062, f_min=-4.899615313149297
2025-04-25 16:23:47,942 - INFO - Node 5: k=137.95272399572556, f_best=-3.4542641639709473, f_min=-6.403352713046843
2025-04-25 16:23:47,942 - INFO - Node 6: k=95.46396105906503, f_best=-2.857468605041504, f_min=-3.8037521313331126
2025-04-25 16:23:47,942 - INFO - Node 7: k=77.78782951403295, f_best=-3.4574499130249023, f_min=-3.886404332760776
2025-04-25 16:23:47,942 - INFO - Node 8: k=103.80816003622802, f_best=-2.8710033893585205, f_min=-3.839907181216404
2025-04-25 16:23:47,942 - INFO - Node 9: k=67.38936561616988, f_best=-3.4676461219787598, f_min=-3.6850486953894688
2025-04-25 16:23:47,942 - INFO - cur_node_number 9,f_best -3.4676461219787598,f_min -3.6850486953894688,k 67.38936561616988
2025-04-25 16:23:47,942 - INFO - f_best_current -3.4676461219787598,f_min -3.6850486953894688
2025-04-25 16:23:53,397 - INFO - tree_node.f_best*ep:-3.4676461219787598,left_f_best-2.8592357635498047,right_f_best-3.4587607383728027,i:1
2025-04-25 16:23:59,042 - INFO - tree_node.f_best*ep:-3.4676461219787598,left_f_best-2.868682384490967,right_f_best-3.4668526649475098,i:2
2025-04-25 16:24:04,977 - INFO - tree_node.f_best*ep:-3.4676461219787598,left_f_best-2.8748559951782227,right_f_best-3.4677319526672363,i:3
2025-04-25 16:24:22,026 - INFO - 添加左子节点，右子节点，len(queue):6
2025-04-25 16:24:22,026 - INFO - Node 1: k=588.2965390855929, f_best=-3.4299778938293457, f_min=-9.20669287468263
2025-04-25 16:24:22,026 - INFO - Node 2: k=112.40936219414239, f_best=-2.859365940093994, f_min=-4.213097007790566
2025-04-25 16:24:22,026 - INFO - Node 3: k=184.09844495530547, f_best=-3.439404249191284, f_min=-5.4342631482059005
2025-04-25 16:24:22,026 - INFO - Node 4: k=137.16078414619608, f_best=-2.8691177368164062, f_min=-4.899615313149297
2025-04-25 16:24:22,026 - INFO - Node 5: k=137.95272399572556, f_best=-3.4542641639709473, f_min=-6.403352713046843
2025-04-25 16:24:22,026 - INFO - Node 6: k=95.46396105906503, f_best=-2.857468605041504, f_min=-3.8037521313331126
2025-04-25 16:24:22,026 - INFO - Node 7: k=77.78782951403295, f_best=-3.4574499130249023, f_min=-3.886404332760776
2025-04-25 16:24:22,026 - INFO - Node 8: k=103.80816003622802, f_best=-2.8710033893585205, f_min=-3.839907181216404
2025-04-25 16:24:22,026 - INFO - Node 9: k=67.38936561616988, f_best=-3.4676461219787598, f_min=-3.6850486953894688
2025-04-25 16:24:22,026 - INFO - Node 10: k=91.73899018423448, f_best=-2.8748559951782227, f_min=-3.6936775370013493
2025-04-25 16:24:22,026 - INFO - Node 11: k=93.58294388693758, f_best=-3.4677319526672363, f_min=-4.084027949215397
2025-04-25 16:24:22,027 - INFO - cur_node_number 10,f_best -3.4677319526672363,f_min -4.084027949215397,k 93.58294388693758
2025-04-25 16:24:22,027 - INFO - f_best_current -3.4677319526672363,f_min -4.084027949215397
2025-04-25 16:24:22,027 - INFO - 回退,len(queue)=4
2025-04-25 16:24:22,027 - INFO - 回退,len(queue)=3
2025-04-25 16:24:27,469 - INFO - tree_node.f_best*ep:-3.4574499130249023,left_f_best-2.862117052078247,right_f_best-3.4602622985839844,i:1
2025-04-25 16:24:41,293 - INFO - 添加左子节点，右子节点，len(queue):5
2025-04-25 16:24:41,293 - INFO - Node 1: k=588.2965390855929, f_best=-3.4299778938293457, f_min=-9.20669287468263
2025-04-25 16:24:41,293 - INFO - Node 2: k=112.40936219414239, f_best=-2.859365940093994, f_min=-4.213097007790566
2025-04-25 16:24:41,293 - INFO - Node 3: k=184.09844495530547, f_best=-3.439404249191284, f_min=-5.4342631482059005
2025-04-25 16:24:41,293 - INFO - Node 4: k=137.16078414619608, f_best=-2.8691177368164062, f_min=-4.899615313149297
2025-04-25 16:24:41,293 - INFO - Node 5: k=137.95272399572556, f_best=-3.4542641639709473, f_min=-6.403352713046843
2025-04-25 16:24:41,294 - INFO - Node 6: k=95.46396105906503, f_best=-2.857468605041504, f_min=-3.8037521313331126
2025-04-25 16:24:41,294 - INFO - Node 7: k=93.58294388693758, f_best=-3.4574499130249023, f_min=-3.886404332760776
2025-04-25 16:24:41,294 - INFO - Node 8: k=55.78086776977299, f_best=-2.862117052078247, f_min=-4.562296295716806
2025-04-25 16:24:41,294 - INFO - Node 9: k=84.71941828261006, f_best=-3.4602622985839844, f_min=-4.180121287661223
2025-04-25 16:24:41,294 - INFO - cur_node_number 11,f_best -3.4602622985839844,f_min -4.180121287661223,k 84.71941828261006
2025-04-25 16:24:41,294 - INFO - f_best_current -3.4602622985839844,f_min -4.180121287661223
2025-04-25 16:24:46,654 - INFO - tree_node.f_best*ep:-3.4602622985839844,left_f_best-2.865774631500244,right_f_best-3.45281982421875,i:1
2025-04-25 16:24:52,303 - INFO - tree_node.f_best*ep:-3.4602622985839844,left_f_best-2.864952325820923,right_f_best-3.4653398990631104,i:2
2025-04-25 16:25:10,009 - INFO - 添加左子节点，右子节点，len(queue):6
2025-04-25 16:25:10,009 - INFO - Node 1: k=588.2965390855929, f_best=-3.4299778938293457, f_min=-9.20669287468263
2025-04-25 16:25:10,009 - INFO - Node 2: k=112.40936219414239, f_best=-2.859365940093994, f_min=-4.213097007790566
2025-04-25 16:25:10,010 - INFO - Node 3: k=184.09844495530547, f_best=-3.439404249191284, f_min=-5.4342631482059005
2025-04-25 16:25:10,010 - INFO - Node 4: k=137.16078414619608, f_best=-2.8691177368164062, f_min=-4.899615313149297
2025-04-25 16:25:10,010 - INFO - Node 5: k=137.95272399572556, f_best=-3.4542641639709473, f_min=-6.403352713046843
2025-04-25 16:25:10,010 - INFO - Node 6: k=95.46396105906503, f_best=-2.857468605041504, f_min=-3.8037521313331126
2025-04-25 16:25:10,010 - INFO - Node 7: k=93.58294388693758, f_best=-3.4574499130249023, f_min=-3.886404332760776
2025-04-25 16:25:10,010 - INFO - Node 8: k=55.78086776977299, f_best=-2.862117052078247, f_min=-4.562296295716806
2025-04-25 16:25:10,010 - INFO - Node 9: k=84.71941828261006, f_best=-3.4602622985839844, f_min=-4.180121287661223
2025-04-25 16:25:10,010 - INFO - Node 10: k=157.6627844435041, f_best=-2.864952325820923, f_min=-3.035242428561105
2025-04-25 16:25:10,010 - INFO - Node 11: k=102.35028750359056, f_best=-3.4653398990631104, f_min=-3.590849604620871
2025-04-25 16:25:10,010 - INFO - cur_node_number 12,f_best -3.4653398990631104,f_min -3.590849604620871,k 102.35028750359056
2025-04-25 16:25:10,010 - INFO - f_best_current -3.4653398990631104,f_min -3.590849604620871
2025-04-25 16:25:10,010 - INFO - 回退,len(queue)=4
2025-04-25 16:25:10,010 - INFO - 回退,len(queue)=3
2025-04-25 16:25:15,314 - INFO - tree_node.f_best*ep:-3.4574499130249023,left_f_best-2.858854293823242,right_f_best-3.446965217590332,i:1
2025-04-25 16:25:20,904 - INFO - tree_node.f_best*ep:-3.4574499130249023,left_f_best-2.8724141120910645,right_f_best-3.455471992492676,i:2
2025-04-25 16:25:26,625 - INFO - tree_node.f_best*ep:-3.4574499130249023,left_f_best-2.8743505477905273,right_f_best-3.464261293411255,i:3
2025-04-25 16:25:43,723 - INFO - 添加左子节点，右子节点，len(queue):5
2025-04-25 16:25:43,724 - INFO - Node 1: k=588.2965390855929, f_best=-3.4299778938293457, f_min=-9.20669287468263
2025-04-25 16:25:43,724 - INFO - Node 2: k=112.40936219414239, f_best=-2.859365940093994, f_min=-4.213097007790566
2025-04-25 16:25:43,724 - INFO - Node 3: k=184.09844495530547, f_best=-3.439404249191284, f_min=-5.4342631482059005
2025-04-25 16:25:43,724 - INFO - Node 4: k=137.16078414619608, f_best=-2.8691177368164062, f_min=-4.899615313149297
2025-04-25 16:25:43,724 - INFO - Node 5: k=137.95272399572556, f_best=-3.4542641639709473, f_min=-6.403352713046843
2025-04-25 16:25:43,724 - INFO - Node 6: k=95.46396105906503, f_best=-2.857468605041504, f_min=-3.8037521313331126
2025-04-25 16:25:43,724 - INFO - Node 7: k=102.35028750359056, f_best=-3.4574499130249023, f_min=-3.886404332760776
2025-04-25 16:25:43,724 - INFO - Node 8: k=103.37379037862647, f_best=-2.8743505477905273, f_min=-4.152310327393934
2025-04-25 16:25:43,724 - INFO - Node 9: k=110.19445367526947, f_best=-3.464261293411255, f_min=-4.153502145306902
2025-04-25 16:25:43,724 - INFO - cur_node_number 13,f_best -3.464261293411255,f_min -4.153502145306902,k 110.19445367526947
2025-04-25 16:25:43,725 - INFO - f_best_current -3.464261293411255,f_min -4.153502145306902
2025-04-25 16:25:43,725 - INFO - 回退,len(queue)=3
2025-04-25 16:25:49,054 - INFO - tree_node.f_best*ep:-3.4574499130249023,left_f_best-2.8473548889160156,right_f_best-3.4460182189941406,i:1
2025-04-25 16:25:54,701 - INFO - tree_node.f_best*ep:-3.4574499130249023,left_f_best-2.862277030944824,right_f_best-3.4546382427215576,i:2
2025-04-25 16:26:00,528 - INFO - tree_node.f_best*ep:-3.4574499130249023,left_f_best-2.873790979385376,right_f_best-3.4771015644073486,i:3
2025-04-25 16:26:16,300 - INFO - 添加左子节点，右子节点，len(queue):5
2025-04-25 16:26:16,300 - INFO - Node 1: k=588.2965390855929, f_best=-3.4299778938293457, f_min=-9.20669287468263
2025-04-25 16:26:16,300 - INFO - Node 2: k=112.40936219414239, f_best=-2.859365940093994, f_min=-4.213097007790566
2025-04-25 16:26:16,300 - INFO - Node 3: k=184.09844495530547, f_best=-3.439404249191284, f_min=-5.4342631482059005
2025-04-25 16:26:16,300 - INFO - Node 4: k=137.16078414619608, f_best=-2.8691177368164062, f_min=-4.899615313149297
2025-04-25 16:26:16,300 - INFO - Node 5: k=137.95272399572556, f_best=-3.4542641639709473, f_min=-6.403352713046843
2025-04-25 16:26:16,300 - INFO - Node 6: k=95.46396105906503, f_best=-2.857468605041504, f_min=-3.8037521313331126
2025-04-25 16:26:16,301 - INFO - Node 7: k=110.19445367526947, f_best=-3.4574499130249023, f_min=-3.886404332760776
2025-04-25 16:26:16,301 - INFO - Node 8: k=73.70275670994683, f_best=-2.873790979385376, f_min=-4.803314820631385
2025-04-25 16:26:16,301 - INFO - Node 9: k=99.75760139174172, f_best=-3.4771015644073486, f_min=-3.4992915783482204
2025-04-25 16:26:16,301 - INFO - cur_node_number 14,f_best -3.4771015644073486,f_min -3.4992915783482204,k 99.75760139174172
2025-04-25 16:26:16,301 - INFO - f_best_current -3.4771015644073486,f_min -3.4992915783482204
2025-04-25 16:26:16,301 - INFO - 结束,fmin= -3.4992915783482204, fbestmin=-3.4771015644073486
