2025-04-25 14:32:46,878 - INFO - Model output max(1): torch.return_types.max(
values=tensor([8.8363], grad_fn=<MaxBackward0>),
indices=tensor([0]))
2025-04-25 14:32:51,920 - INFO - cur_node_number 1,f_best -4.366954803466797,f_min -5.128772072985157,k 498.4519461083432
2025-04-25 14:32:51,920 - INFO - f_best_current -4.366954803466797,f_min -5.128772072985157
2025-04-25 14:32:59,870 - INFO - tree_node.f_best*ep:-4.366954803466797,left_f_best-3.560184955596924,right_f_best-4.416359901428223,i:1
2025-04-25 14:33:26,114 - INFO - 添加左子节点，右子节点，len(queue):2
2025-04-25 14:33:26,114 - INFO - Node 1: k=498.4519461083432, f_best=-4.366954803466797, f_min=-5.128772072985157
2025-04-25 14:33:26,114 - INFO - Node 2: k=198.82881590935236, f_best=-3.560184955596924, f_min=-3.6134270335405745
2025-04-25 14:33:26,114 - INFO - Node 3: k=200.81710406844587, f_best=-4.416359901428223, f_min=-4.861497353685081
2025-04-25 14:33:26,115 - INFO - cur_node_number 2,f_best -4.416359901428223,f_min -4.861497353685081,k 200.81710406844587
2025-04-25 14:33:26,115 - INFO - f_best_current -4.416359901428223,f_min -4.861497353685081
2025-04-25 14:33:33,551 - INFO - tree_node.f_best*ep:-4.416359901428223,left_f_best-3.5472779273986816,right_f_best-4.411620616912842,i:1
2025-04-25 14:33:41,166 - INFO - tree_node.f_best*ep:-4.416359901428223,left_f_best-3.5372767448425293,right_f_best-4.4322509765625,i:2
2025-04-25 14:34:03,872 - INFO - 添加左子节点，右子节点，len(queue):3
2025-04-25 14:34:03,872 - INFO - Node 1: k=498.4519461083432, f_best=-4.366954803466797, f_min=-5.128772072985157
2025-04-25 14:34:03,872 - INFO - Node 2: k=198.82881590935236, f_best=-3.560184955596924, f_min=-3.6134270335405745
2025-04-25 14:34:03,872 - INFO - Node 3: k=200.81710406844587, f_best=-4.416359901428223, f_min=-4.861497353685081
2025-04-25 14:34:03,872 - INFO - Node 4: k=140.3560843453305, f_best=-3.5372767448425293, f_min=-3.678866653386649
2025-04-25 14:34:03,872 - INFO - Node 5: k=184.67523358562497, f_best=-4.4322509765625, f_min=-5.597839486775229
2025-04-25 14:34:03,872 - INFO - cur_node_number 3,f_best -4.4322509765625,f_min -5.597839486775229,k 184.67523358562497
2025-04-25 14:34:03,872 - INFO - f_best_current -4.4322509765625,f_min -5.597839486775229
2025-04-25 14:34:11,939 - INFO - tree_node.f_best*ep:-4.4322509765625,left_f_best-3.519167423248291,right_f_best-4.418823719024658,i:1
2025-04-25 14:34:20,481 - INFO - tree_node.f_best*ep:-4.4322509765625,left_f_best-3.5649592876434326,right_f_best-4.418703079223633,i:2
2025-04-25 14:34:29,223 - INFO - tree_node.f_best*ep:-4.4322509765625,left_f_best-3.5517237186431885,right_f_best-4.420226573944092,i:3
2025-04-25 14:34:38,771 - INFO - tree_node.f_best*ep:-4.4322509765625,left_f_best-3.5705082416534424,right_f_best-4.444223403930664,i:4
2025-04-25 14:35:08,324 - INFO - 添加左子节点，右子节点，len(queue):4
2025-04-25 14:35:08,324 - INFO - Node 1: k=498.4519461083432, f_best=-4.366954803466797, f_min=-5.128772072985157
2025-04-25 14:35:08,324 - INFO - Node 2: k=198.82881590935236, f_best=-3.560184955596924, f_min=-3.6134270335405745
2025-04-25 14:35:08,324 - INFO - Node 3: k=200.81710406844587, f_best=-4.416359901428223, f_min=-4.861497353685081
2025-04-25 14:35:08,324 - INFO - Node 4: k=140.3560843453305, f_best=-3.5372767448425293, f_min=-3.678866653386649
2025-04-25 14:35:08,325 - INFO - Node 5: k=184.67523358562497, f_best=-4.4322509765625, f_min=-5.597839486775229
2025-04-25 14:35:08,325 - INFO - Node 6: k=167.88657598693172, f_best=-3.5705082416534424, f_min=-4.455484355801673
2025-04-25 14:35:08,325 - INFO - Node 7: k=167.88657598693172, f_best=-4.444223403930664, f_min=-4.595280575776087
2025-04-25 14:35:08,325 - INFO - cur_node_number 4,f_best -4.444223403930664,f_min -4.595280575776087,k 167.88657598693172
2025-04-25 14:35:08,325 - INFO - f_best_current -4.444223403930664,f_min -4.595280575776087
2025-04-25 14:35:17,884 - INFO - tree_node.f_best*ep:-4.444223403930664,left_f_best-3.5595669746398926,right_f_best-4.414373397827148,i:1
2025-04-25 14:35:28,200 - INFO - tree_node.f_best*ep:-4.444223403930664,left_f_best-3.5374417304992676,right_f_best-4.411466598510742,i:2
2025-04-25 14:35:38,627 - INFO - tree_node.f_best*ep:-4.444223403930664,left_f_best-3.5648353099823,right_f_best-4.417722702026367,i:3
2025-04-25 14:35:49,024 - INFO - tree_node.f_best*ep:-4.444223403930664,left_f_best-3.5872933864593506,right_f_best-4.448556900024414,i:4
2025-04-25 14:36:19,844 - INFO - 添加左子节点，右子节点，len(queue):5
2025-04-25 14:36:19,844 - INFO - Node 1: k=498.4519461083432, f_best=-4.366954803466797, f_min=-5.128772072985157
2025-04-25 14:36:19,845 - INFO - Node 2: k=198.82881590935236, f_best=-3.560184955596924, f_min=-3.6134270335405745
2025-04-25 14:36:19,845 - INFO - Node 3: k=200.81710406844587, f_best=-4.416359901428223, f_min=-4.861497353685081
2025-04-25 14:36:19,845 - INFO - Node 4: k=140.3560843453305, f_best=-3.5372767448425293, f_min=-3.678866653386649
2025-04-25 14:36:19,845 - INFO - Node 5: k=184.67523358562497, f_best=-4.4322509765625, f_min=-5.597839486775229
2025-04-25 14:36:19,845 - INFO - Node 6: k=167.88657598693172, f_best=-3.5705082416534424, f_min=-4.455484355801673
2025-04-25 14:36:19,845 - INFO - Node 7: k=167.88657598693172, f_best=-4.444223403930664, f_min=-4.595280575776087
2025-04-25 14:36:19,845 - INFO - Node 8: k=181.79710459238723, f_best=-3.5872933864593506, f_min=-6.0927116839366136
2025-04-25 14:36:19,846 - INFO - Node 9: k=242.60894082723956, f_best=-4.448556900024414, f_min=-5.402817077079817
2025-04-25 14:36:19,846 - INFO - cur_node_number 5,f_best -4.448556900024414,f_min -5.402817077079817,k 242.60894082723956
2025-04-25 14:36:19,846 - INFO - f_best_current -4.448556900024414,f_min -5.402817077079817
2025-04-25 14:36:19,846 - INFO - 回退,len(queue)=3
2025-04-25 14:36:19,846 - INFO - 回退,len(queue)=2
2025-04-25 14:36:19,846 - INFO - 回退,len(queue)=1
2025-04-25 14:36:28,854 - INFO - tree_node.f_best*ep:-4.416359901428223,left_f_best-3.527979850769043,right_f_best-4.41965389251709,i:1
2025-04-25 14:36:56,749 - INFO - 添加左子节点，右子节点，len(queue):3
2025-04-25 14:36:56,749 - INFO - Node 1: k=498.4519461083432, f_best=-4.366954803466797, f_min=-5.128772072985157
2025-04-25 14:36:56,749 - INFO - Node 2: k=198.82881590935236, f_best=-3.560184955596924, f_min=-3.6134270335405745
2025-04-25 14:36:56,749 - INFO - Node 3: k=242.60894082723956, f_best=-4.416359901428223, f_min=-4.861497353685081
2025-04-25 14:36:56,749 - INFO - Node 4: k=172.97370712591174, f_best=-3.527979850769043, f_min=-3.9449277732901464
2025-04-25 14:36:56,749 - INFO - Node 5: k=202.82527510913033, f_best=-4.41965389251709, f_min=-5.051898725932006
2025-04-25 14:36:56,749 - INFO - cur_node_number 6,f_best -4.41965389251709,f_min -5.051898725932006,k 202.82527510913033
2025-04-25 14:36:56,749 - INFO - f_best_current -4.41965389251709,f_min -5.051898725932006
2025-04-25 14:37:05,308 - INFO - tree_node.f_best*ep:-4.41965389251709,left_f_best-3.538257360458374,right_f_best-4.38016414642334,i:1
2025-04-25 14:37:13,938 - INFO - tree_node.f_best*ep:-4.41965389251709,left_f_best-3.5490939617156982,right_f_best-4.433909893035889,i:2
2025-04-25 14:37:40,158 - INFO - 添加左子节点，右子节点，len(queue):4
2025-04-25 14:37:40,158 - INFO - Node 1: k=498.4519461083432, f_best=-4.366954803466797, f_min=-5.128772072985157
2025-04-25 14:37:40,159 - INFO - Node 2: k=198.82881590935236, f_best=-3.560184955596924, f_min=-3.6134270335405745
2025-04-25 14:37:40,159 - INFO - Node 3: k=242.60894082723956, f_best=-4.416359901428223, f_min=-4.861497353685081
2025-04-25 14:37:40,159 - INFO - Node 4: k=172.97370712591174, f_best=-3.527979850769043, f_min=-3.9449277732901464
2025-04-25 14:37:40,159 - INFO - Node 5: k=202.82527510913033, f_best=-4.41965389251709, f_min=-5.051898725932006
2025-04-25 14:37:40,159 - INFO - Node 6: k=181.79710459238723, f_best=-3.5490939617156982, f_min=-3.6509003246565044
2025-04-25 14:37:40,160 - INFO - Node 7: k=144.60901405707835, f_best=-4.433909893035889, f_min=-5.645399234063007
2025-04-25 14:37:40,160 - INFO - cur_node_number 7,f_best -4.433909893035889,f_min -5.645399234063007,k 144.60901405707835
2025-04-25 14:37:40,160 - INFO - f_best_current -4.433909893035889,f_min -5.645399234063007
2025-04-25 14:37:49,205 - INFO - tree_node.f_best*ep:-4.433909893035889,left_f_best-3.533444404602051,right_f_best-4.388242244720459,i:1
2025-04-25 14:37:58,467 - INFO - tree_node.f_best*ep:-4.433909893035889,left_f_best-3.564631462097168,right_f_best-4.4034504890441895,i:2
2025-04-25 14:38:07,727 - INFO - tree_node.f_best*ep:-4.433909893035889,left_f_best-3.5619378089904785,right_f_best-4.434444427490234,i:3
2025-04-25 14:38:32,147 - INFO - 添加左子节点，右子节点，len(queue):5
2025-04-25 14:38:32,147 - INFO - Node 1: k=498.4519461083432, f_best=-4.366954803466797, f_min=-5.128772072985157
2025-04-25 14:38:32,147 - INFO - Node 2: k=198.82881590935236, f_best=-3.560184955596924, f_min=-3.6134270335405745
2025-04-25 14:38:32,147 - INFO - Node 3: k=242.60894082723956, f_best=-4.416359901428223, f_min=-4.861497353685081
2025-04-25 14:38:32,147 - INFO - Node 4: k=172.97370712591174, f_best=-3.527979850769043, f_min=-3.9449277732901464
2025-04-25 14:38:32,148 - INFO - Node 5: k=202.82527510913033, f_best=-4.41965389251709, f_min=-5.051898725932006
2025-04-25 14:38:32,148 - INFO - Node 6: k=181.79710459238723, f_best=-3.5490939617156982, f_min=-3.6509003246565044
2025-04-25 14:38:32,148 - INFO - Node 7: k=144.60901405707835, f_best=-4.433909893035889, f_min=-5.645399234063007
2025-04-25 14:38:32,148 - INFO - Node 8: k=172.97370712591174, f_best=-3.5619378089904785, f_min=-4.578125330000148
2025-04-25 14:38:32,148 - INFO - Node 9: k=146.05510419764914, f_best=-4.434444427490234, f_min=-4.814571231693662
2025-04-25 14:38:32,148 - INFO - cur_node_number 8,f_best -4.434444427490234,f_min -4.814571231693662,k 146.05510419764914
2025-04-25 14:38:32,148 - INFO - f_best_current -4.434444427490234,f_min -4.814571231693662
2025-04-25 14:38:32,148 - INFO - 回退,len(queue)=3
2025-04-25 14:38:39,781 - INFO - tree_node.f_best*ep:-4.433909893035889,left_f_best-3.52911376953125,right_f_best-4.4041008949279785,i:1
2025-04-25 14:38:47,746 - INFO - tree_node.f_best*ep:-4.433909893035889,left_f_best-3.547011613845825,right_f_best-4.433614730834961,i:2
2025-04-25 14:38:56,069 - INFO - tree_node.f_best*ep:-4.433909893035889,left_f_best-3.5724573135375977,right_f_best-4.437253952026367,i:3
2025-04-25 14:39:19,372 - INFO - 添加左子节点，右子节点，len(queue):5
2025-04-25 14:39:19,372 - INFO - Node 1: k=498.4519461083432, f_best=-4.366954803466797, f_min=-5.128772072985157
2025-04-25 14:39:19,373 - INFO - Node 2: k=198.82881590935236, f_best=-3.560184955596924, f_min=-3.6134270335405745
2025-04-25 14:39:19,373 - INFO - Node 3: k=242.60894082723956, f_best=-4.416359901428223, f_min=-4.861497353685081
2025-04-25 14:39:19,373 - INFO - Node 4: k=172.97370712591174, f_best=-3.527979850769043, f_min=-3.9449277732901464
2025-04-25 14:39:19,373 - INFO - Node 5: k=202.82527510913033, f_best=-4.41965389251709, f_min=-5.051898725932006
2025-04-25 14:39:19,373 - INFO - Node 6: k=181.79710459238723, f_best=-3.5490939617156982, f_min=-3.6509003246565044
2025-04-25 14:39:19,373 - INFO - Node 7: k=146.05510419764914, f_best=-4.433909893035889, f_min=-5.645399234063007
2025-04-25 14:39:19,373 - INFO - Node 8: k=148.9908117920219, f_best=-3.5724573135375977, f_min=-3.841406120936881
2025-04-25 14:39:19,373 - INFO - Node 9: k=164.578547188444, f_best=-4.437253952026367, f_min=-4.6189872535742325
2025-04-25 14:39:19,373 - INFO - cur_node_number 9,f_best -4.437253952026367,f_min -4.6189872535742325,k 164.578547188444
2025-04-25 14:39:19,373 - INFO - f_best_current -4.437253952026367,f_min -4.6189872535742325
2025-04-25 14:39:19,374 - INFO - 回退,len(queue)=3
2025-04-25 14:39:26,468 - INFO - tree_node.f_best*ep:-4.433909893035889,left_f_best-3.56058406829834,right_f_best-4.418400764465332,i:1
2025-04-25 14:39:34,127 - INFO - tree_node.f_best*ep:-4.433909893035889,left_f_best-3.524841785430908,right_f_best-4.43233585357666,i:2
2025-04-25 14:39:42,280 - INFO - tree_node.f_best*ep:-4.433909893035889,left_f_best-3.5721182823181152,right_f_best-4.423303127288818,i:3
2025-04-25 14:39:50,441 - INFO - tree_node.f_best*ep:-4.433909893035889,left_f_best-3.579306125640869,right_f_best-4.4487385749816895,i:4
2025-04-25 14:40:12,263 - INFO - 添加左子节点，右子节点，len(queue):5
2025-04-25 14:40:12,263 - INFO - Node 1: k=498.4519461083432, f_best=-4.366954803466797, f_min=-5.128772072985157
2025-04-25 14:40:12,263 - INFO - Node 2: k=198.82881590935236, f_best=-3.560184955596924, f_min=-3.6134270335405745
2025-04-25 14:40:12,263 - INFO - Node 3: k=242.60894082723956, f_best=-4.416359901428223, f_min=-4.861497353685081
2025-04-25 14:40:12,263 - INFO - Node 4: k=172.97370712591174, f_best=-3.527979850769043, f_min=-3.9449277732901464
2025-04-25 14:40:12,263 - INFO - Node 5: k=202.82527510913033, f_best=-4.41965389251709, f_min=-5.051898725932006
2025-04-25 14:40:12,263 - INFO - Node 6: k=181.79710459238723, f_best=-3.5490939617156982, f_min=-3.6509003246565044
2025-04-25 14:40:12,263 - INFO - Node 7: k=164.578547188444, f_best=-4.433909893035889, f_min=-5.645399234063007
2025-04-25 14:40:12,264 - INFO - Node 8: k=196.86021377163598, f_best=-3.579306125640869, f_min=-4.063706251634358
2025-04-25 14:40:12,264 - INFO - Node 9: k=144.60901405707835, f_best=-4.4487385749816895, f_min=-5.534035362828945
2025-04-25 14:40:12,264 - INFO - cur_node_number 10,f_best -4.4487385749816895,f_min -5.534035362828945,k 144.60901405707835
2025-04-25 14:40:12,264 - INFO - f_best_current -4.4487385749816895,f_min -5.534035362828945
2025-04-25 14:40:18,515 - INFO - tree_node.f_best*ep:-4.4487385749816895,left_f_best-3.548898696899414,right_f_best-4.410015106201172,i:1
2025-04-25 14:40:25,031 - INFO - tree_node.f_best*ep:-4.4487385749816895,left_f_best-3.558802843093872,right_f_best-4.421524524688721,i:2
2025-04-25 14:40:31,896 - INFO - tree_node.f_best*ep:-4.4487385749816895,left_f_best-3.5624775886535645,right_f_best-4.437384128570557,i:3
2025-04-25 14:40:39,187 - INFO - tree_node.f_best*ep:-4.4487385749816895,left_f_best-3.579413652420044,right_f_best-4.4508376121521,i:4
2025-04-25 14:41:01,077 - INFO - 添加左子节点，右子节点，len(queue):6
2025-04-25 14:41:01,077 - INFO - Node 1: k=498.4519461083432, f_best=-4.366954803466797, f_min=-5.128772072985157
2025-04-25 14:41:01,077 - INFO - Node 2: k=198.82881590935236, f_best=-3.560184955596924, f_min=-3.6134270335405745
2025-04-25 14:41:01,077 - INFO - Node 3: k=242.60894082723956, f_best=-4.416359901428223, f_min=-4.861497353685081
2025-04-25 14:41:01,077 - INFO - Node 4: k=172.97370712591174, f_best=-3.527979850769043, f_min=-3.9449277732901464
2025-04-25 14:41:01,077 - INFO - Node 5: k=202.82527510913033, f_best=-4.41965389251709, f_min=-5.051898725932006
2025-04-25 14:41:01,077 - INFO - Node 6: k=181.79710459238723, f_best=-3.5490939617156982, f_min=-3.6509003246565044
2025-04-25 14:41:01,077 - INFO - Node 7: k=164.578547188444, f_best=-4.433909893035889, f_min=-5.645399234063007
2025-04-25 14:41:01,078 - INFO - Node 8: k=196.86021377163598, f_best=-3.579306125640869, f_min=-4.063706251634358
2025-04-25 14:41:01,078 - INFO - Node 9: k=144.60901405707835, f_best=-4.4487385749816895, f_min=-5.534035362828945
2025-04-25 14:41:01,078 - INFO - Node 10: k=133.54399830142074, f_best=-3.579413652420044, f_min=-3.9392374104800183
2025-04-25 14:41:01,078 - INFO - Node 11: k=298.9893033317206, f_best=-4.4508376121521, f_min=-5.344294827207705
2025-04-25 14:41:01,078 - INFO - cur_node_number 11,f_best -4.4508376121521,f_min -5.344294827207705,k 298.9893033317206
2025-04-25 14:41:01,078 - INFO - f_best_current -4.4508376121521,f_min -5.344294827207705
2025-04-25 14:41:01,078 - INFO - 回退,len(queue)=4
2025-04-25 14:41:01,078 - INFO - 回退,len(queue)=3
2025-04-25 14:41:01,078 - INFO - 回退,len(queue)=2
2025-04-25 14:41:01,078 - INFO - 回退,len(queue)=1
2025-04-25 14:41:07,906 - INFO - tree_node.f_best*ep:-4.416359901428223,left_f_best-3.531492233276367,right_f_best-4.418452262878418,i:1
2025-04-25 14:41:27,678 - INFO - 添加左子节点，右子节点，len(queue):3
2025-04-25 14:41:27,679 - INFO - Node 1: k=498.4519461083432, f_best=-4.366954803466797, f_min=-5.128772072985157
2025-04-25 14:41:27,679 - INFO - Node 2: k=198.82881590935236, f_best=-3.560184955596924, f_min=-3.6134270335405745
2025-04-25 14:41:27,679 - INFO - Node 3: k=298.9893033317206, f_best=-4.416359901428223, f_min=-4.861497353685081
2025-04-25 14:41:27,679 - INFO - Node 4: k=138.96642014389158, f_best=-3.531492233276367, f_min=-3.539999671026635
2025-04-25 14:41:27,679 - INFO - Node 5: k=147.51565523962563, f_best=-4.418452262878418, f_min=-5.134671222918769
2025-04-25 14:41:27,679 - INFO - cur_node_number 12,f_best -4.418452262878418,f_min -5.134671222918769,k 147.51565523962563
2025-04-25 14:41:27,679 - INFO - f_best_current -4.418452262878418,f_min -5.134671222918769
2025-04-25 14:41:34,390 - INFO - tree_node.f_best*ep:-4.418452262878418,left_f_best-3.548431396484375,right_f_best-4.387238502502441,i:1
2025-04-25 14:41:40,872 - INFO - tree_node.f_best*ep:-4.418452262878418,left_f_best-3.5650341510772705,right_f_best-4.436209678649902,i:2
2025-04-25 14:42:01,006 - INFO - 添加左子节点，右子节点，len(queue):4
2025-04-25 14:42:01,006 - INFO - Node 1: k=498.4519461083432, f_best=-4.366954803466797, f_min=-5.128772072985157
2025-04-25 14:42:01,006 - INFO - Node 2: k=198.82881590935236, f_best=-3.560184955596924, f_min=-3.6134270335405745
2025-04-25 14:42:01,006 - INFO - Node 3: k=298.9893033317206, f_best=-4.416359901428223, f_min=-4.861497353685081
2025-04-25 14:42:01,006 - INFO - Node 4: k=138.96642014389158, f_best=-3.531492233276367, f_min=-3.539999671026635
2025-04-25 14:42:01,006 - INFO - Node 5: k=147.51565523962563, f_best=-4.418452262878418, f_min=-5.134671222918769
2025-04-25 14:42:01,006 - INFO - Node 6: k=118.51351783140683, f_best=-3.5650341510772705, f_min=-3.650402257225778
2025-04-25 14:42:01,006 - INFO - Node 7: k=228.54859673637085, f_best=-4.436209678649902, f_min=-5.12899094907516
2025-04-25 14:42:01,006 - INFO - cur_node_number 13,f_best -4.436209678649902,f_min -5.12899094907516,k 228.54859673637085
2025-04-25 14:42:01,007 - INFO - f_best_current -4.436209678649902,f_min -5.12899094907516
2025-04-25 14:42:01,007 - INFO - 回退,len(queue)=2
2025-04-25 14:42:07,230 - INFO - tree_node.f_best*ep:-4.418452262878418,left_f_best-3.560182571411133,right_f_best-4.379014015197754,i:1
2025-04-25 14:42:13,796 - INFO - tree_node.f_best*ep:-4.418452262878418,left_f_best-3.5646166801452637,right_f_best-4.430197238922119,i:2
2025-04-25 14:42:32,662 - INFO - 添加左子节点，右子节点，len(queue):4
2025-04-25 14:42:32,662 - INFO - Node 1: k=498.4519461083432, f_best=-4.366954803466797, f_min=-5.128772072985157
2025-04-25 14:42:32,663 - INFO - Node 2: k=198.82881590935236, f_best=-3.560184955596924, f_min=-3.6134270335405745
2025-04-25 14:42:32,663 - INFO - Node 3: k=298.9893033317206, f_best=-4.416359901428223, f_min=-4.861497353685081
2025-04-25 14:42:32,663 - INFO - Node 4: k=138.96642014389158, f_best=-3.531492233276367, f_min=-3.539999671026635
2025-04-25 14:42:32,663 - INFO - Node 5: k=228.54859673637085, f_best=-4.418452262878418, f_min=-5.134671222918769
2025-04-25 14:42:32,663 - INFO - Node 6: k=133.54399830142074, f_best=-3.5646166801452637, f_min=-4.9767069654399165
2025-04-25 14:42:32,663 - INFO - Node 7: k=146.05510419764914, f_best=-4.430197238922119, f_min=-4.857413417449607
2025-04-25 14:42:32,663 - INFO - cur_node_number 14,f_best -4.430197238922119,f_min -4.857413417449607,k 146.05510419764914
2025-04-25 14:42:32,663 - INFO - f_best_current -4.430197238922119,f_min -4.857413417449607
2025-04-25 14:42:38,962 - INFO - tree_node.f_best*ep:-4.430197238922119,left_f_best-3.5237348079681396,right_f_best-4.413076400756836,i:1
2025-04-25 14:42:45,544 - INFO - tree_node.f_best*ep:-4.430197238922119,left_f_best-3.5688533782958984,right_f_best-4.418581962585449,i:2
2025-04-25 14:42:52,539 - INFO - tree_node.f_best*ep:-4.430197238922119,left_f_best-3.5424816608428955,right_f_best-4.434638023376465,i:3
2025-04-25 14:43:12,330 - INFO - 添加左子节点，右子节点，len(queue):5
2025-04-25 14:43:12,330 - INFO - Node 1: k=498.4519461083432, f_best=-4.366954803466797, f_min=-5.128772072985157
2025-04-25 14:43:12,330 - INFO - Node 2: k=198.82881590935236, f_best=-3.560184955596924, f_min=-3.6134270335405745
2025-04-25 14:43:12,330 - INFO - Node 3: k=298.9893033317206, f_best=-4.416359901428223, f_min=-4.861497353685081
2025-04-25 14:43:12,330 - INFO - Node 4: k=138.96642014389158, f_best=-3.531492233276367, f_min=-3.539999671026635
2025-04-25 14:43:12,330 - INFO - Node 5: k=228.54859673637085, f_best=-4.418452262878418, f_min=-5.134671222918769
2025-04-25 14:43:12,331 - INFO - Node 6: k=133.54399830142074, f_best=-3.5646166801452637, f_min=-4.9767069654399165
2025-04-25 14:43:12,331 - INFO - Node 7: k=146.05510419764914, f_best=-4.430197238922119, f_min=-4.857413417449607
2025-04-25 14:43:12,331 - INFO - Node 8: k=176.45047863914257, f_best=-3.5424816608428955, f_min=-3.8319103386038478
2025-04-25 14:43:12,331 - INFO - Node 9: k=144.60901405707835, f_best=-4.434638023376465, f_min=-7.221692607349723
2025-04-25 14:43:12,331 - INFO - cur_node_number 15,f_best -4.434638023376465,f_min -7.221692607349723,k 144.60901405707835
2025-04-25 14:43:12,331 - INFO - f_best_current -4.434638023376465,f_min -7.221692607349723
2025-04-25 14:43:18,596 - INFO - tree_node.f_best*ep:-4.434638023376465,left_f_best-3.527844190597534,right_f_best-4.412885665893555,i:1
2025-04-25 14:43:25,202 - INFO - tree_node.f_best*ep:-4.434638023376465,left_f_best-3.560082197189331,right_f_best-4.414577960968018,i:2
2025-04-25 14:43:32,155 - INFO - tree_node.f_best*ep:-4.434638023376465,left_f_best-3.5724992752075195,right_f_best-4.439253807067871,i:3
2025-04-25 14:43:51,630 - INFO - 添加左子节点，右子节点，len(queue):6
2025-04-25 14:43:51,630 - INFO - Node 1: k=498.4519461083432, f_best=-4.366954803466797, f_min=-5.128772072985157
2025-04-25 14:43:51,630 - INFO - Node 2: k=198.82881590935236, f_best=-3.560184955596924, f_min=-3.6134270335405745
2025-04-25 14:43:51,630 - INFO - Node 3: k=298.9893033317206, f_best=-4.416359901428223, f_min=-4.861497353685081
2025-04-25 14:43:51,630 - INFO - Node 4: k=138.96642014389158, f_best=-3.531492233276367, f_min=-3.539999671026635
2025-04-25 14:43:51,631 - INFO - Node 5: k=228.54859673637085, f_best=-4.418452262878418, f_min=-5.134671222918769
2025-04-25 14:43:51,631 - INFO - Node 6: k=133.54399830142074, f_best=-3.5646166801452637, f_min=-4.9767069654399165
2025-04-25 14:43:51,631 - INFO - Node 7: k=146.05510419764914, f_best=-4.430197238922119, f_min=-4.857413417449607
2025-04-25 14:43:51,631 - INFO - Node 8: k=176.45047863914257, f_best=-3.5424816608428955, f_min=-3.8319103386038478
2025-04-25 14:43:51,631 - INFO - Node 9: k=144.60901405707835, f_best=-4.434638023376465, f_min=-7.221692607349723
2025-04-25 14:43:51,631 - INFO - Node 10: k=138.96642014389158, f_best=-3.5724992752075195, f_min=-5.105827236614459
2025-04-25 14:43:51,631 - INFO - Node 11: k=181.79710459238723, f_best=-4.439253807067871, f_min=-4.770516485886219
2025-04-25 14:43:51,631 - INFO - cur_node_number 16,f_best -4.439253807067871,f_min -4.770516485886219,k 181.79710459238723
2025-04-25 14:43:51,631 - INFO - f_best_current -4.439253807067871,f_min -4.770516485886219
2025-04-25 14:43:51,632 - INFO - 回退,len(queue)=4
2025-04-25 14:43:51,632 - INFO - 回退,len(queue)=3
2025-04-25 14:43:57,887 - INFO - tree_node.f_best*ep:-4.430197238922119,left_f_best-3.5306315422058105,right_f_best-4.428959846496582,i:1
2025-04-25 14:44:04,533 - INFO - tree_node.f_best*ep:-4.430197238922119,left_f_best-3.53914737701416,right_f_best-4.420159339904785,i:2
2025-04-25 14:44:11,443 - INFO - tree_node.f_best*ep:-4.430197238922119,left_f_best-3.580477237701416,right_f_best-4.416774272918701,i:3
2025-04-25 14:44:18,627 - INFO - tree_node.f_best*ep:-4.430197238922119,left_f_best-3.552403450012207,right_f_best-4.446611404418945,i:4
2025-04-25 14:44:37,750 - INFO - 添加左子节点，右子节点，len(queue):5
2025-04-25 14:44:37,750 - INFO - Node 1: k=498.4519461083432, f_best=-4.366954803466797, f_min=-5.128772072985157
2025-04-25 14:44:37,750 - INFO - Node 2: k=198.82881590935236, f_best=-3.560184955596924, f_min=-3.6134270335405745
2025-04-25 14:44:37,750 - INFO - Node 3: k=298.9893033317206, f_best=-4.416359901428223, f_min=-4.861497353685081
2025-04-25 14:44:37,750 - INFO - Node 4: k=138.96642014389158, f_best=-3.531492233276367, f_min=-3.539999671026635
2025-04-25 14:44:37,750 - INFO - Node 5: k=228.54859673637085, f_best=-4.418452262878418, f_min=-5.134671222918769
2025-04-25 14:44:37,750 - INFO - Node 6: k=133.54399830142074, f_best=-3.5646166801452637, f_min=-4.9767069654399165
2025-04-25 14:44:37,750 - INFO - Node 7: k=181.79710459238723, f_best=-4.430197238922119, f_min=-4.857413417449607
2025-04-25 14:44:37,751 - INFO - Node 8: k=141.7596451887838, f_best=-3.552403450012207, f_min=-4.337702924729456
2025-04-25 14:44:37,751 - INFO - Node 9: k=158.15674897163234, f_best=-4.446611404418945, f_min=-4.644040560633584
2025-04-25 14:44:37,751 - INFO - cur_node_number 17,f_best -4.446611404418945,f_min -4.644040560633584,k 158.15674897163234
2025-04-25 14:44:37,751 - INFO - f_best_current -4.446611404418945,f_min -4.644040560633584
2025-04-25 14:44:43,852 - INFO - tree_node.f_best*ep:-4.446611404418945,left_f_best-3.5380325317382812,right_f_best-4.394164085388184,i:1
2025-04-25 14:44:49,566 - INFO - tree_node.f_best*ep:-4.446611404418945,left_f_best-3.574565887451172,right_f_best-4.438921928405762,i:2
2025-04-25 14:44:55,580 - INFO - tree_node.f_best*ep:-4.446611404418945,left_f_best-3.5535480976104736,right_f_best-4.433932304382324,i:3
2025-04-25 14:45:02,023 - INFO - tree_node.f_best*ep:-4.446611404418945,left_f_best-3.583278179168701,right_f_best-4.444165229797363,i:4
2025-04-25 14:45:08,588 - INFO - tree_node.f_best*ep:-4.446611404418945,left_f_best-3.5938100814819336,right_f_best-4.453910827636719,i:5
2025-04-25 14:45:27,372 - INFO - 添加左子节点，右子节点，len(queue):6
2025-04-25 14:45:27,372 - INFO - Node 1: k=498.4519461083432, f_best=-4.366954803466797, f_min=-5.128772072985157
2025-04-25 14:45:27,372 - INFO - Node 2: k=198.82881590935236, f_best=-3.560184955596924, f_min=-3.6134270335405745
2025-04-25 14:45:27,372 - INFO - Node 3: k=298.9893033317206, f_best=-4.416359901428223, f_min=-4.861497353685081
2025-04-25 14:45:27,373 - INFO - Node 4: k=138.96642014389158, f_best=-3.531492233276367, f_min=-3.539999671026635
2025-04-25 14:45:27,373 - INFO - Node 5: k=228.54859673637085, f_best=-4.418452262878418, f_min=-5.134671222918769
2025-04-25 14:45:27,373 - INFO - Node 6: k=133.54399830142074, f_best=-3.5646166801452637, f_min=-4.9767069654399165
2025-04-25 14:45:27,373 - INFO - Node 7: k=181.79710459238723, f_best=-4.430197238922119, f_min=-4.857413417449607
2025-04-25 14:45:27,373 - INFO - Node 8: k=141.7596451887838, f_best=-3.552403450012207, f_min=-4.337702924729456
2025-04-25 14:45:27,373 - INFO - Node 9: k=158.15674897163234, f_best=-4.446611404418945, f_min=-4.644040560633584
2025-04-25 14:45:27,373 - INFO - Node 10: k=159.73831646134866, f_best=-3.5938100814819336, f_min=-5.488936537913105
2025-04-25 14:45:27,373 - INFO - Node 11: k=226.28573934294144, f_best=-4.453910827636719, f_min=-6.891713237389013
2025-04-25 14:45:27,373 - INFO - cur_node_number 18,f_best -4.453910827636719,f_min -6.891713237389013,k 226.28573934294144
2025-04-25 14:45:27,373 - INFO - f_best_current -4.453910827636719,f_min -6.891713237389013
2025-04-25 14:45:27,373 - INFO - 回退,len(queue)=4
2025-04-25 14:45:27,373 - INFO - 回退,len(queue)=3
2025-04-25 14:45:33,499 - INFO - tree_node.f_best*ep:-4.430197238922119,left_f_best-3.5316977500915527,right_f_best-4.403162956237793,i:1
2025-04-25 14:45:39,506 - INFO - tree_node.f_best*ep:-4.430197238922119,left_f_best-3.5710055828094482,right_f_best-4.406459331512451,i:2
2025-04-25 14:45:45,322 - INFO - tree_node.f_best*ep:-4.430197238922119,left_f_best-3.5531678199768066,right_f_best-4.441086769104004,i:3
2025-04-25 14:46:02,408 - INFO - 添加左子节点，右子节点，len(queue):5
2025-04-25 14:46:02,409 - INFO - Node 1: k=498.4519461083432, f_best=-4.366954803466797, f_min=-5.128772072985157
2025-04-25 14:46:02,409 - INFO - Node 2: k=198.82881590935236, f_best=-3.560184955596924, f_min=-3.6134270335405745
2025-04-25 14:46:02,409 - INFO - Node 3: k=298.9893033317206, f_best=-4.416359901428223, f_min=-4.861497353685081
2025-04-25 14:46:02,409 - INFO - Node 4: k=138.96642014389158, f_best=-3.531492233276367, f_min=-3.539999671026635
2025-04-25 14:46:02,409 - INFO - Node 5: k=228.54859673637085, f_best=-4.418452262878418, f_min=-5.134671222918769
2025-04-25 14:46:02,409 - INFO - Node 6: k=133.54399830142074, f_best=-3.5646166801452637, f_min=-4.9767069654399165
2025-04-25 14:46:02,409 - INFO - Node 7: k=226.28573934294144, f_best=-4.430197238922119, f_min=-4.857413417449607
2025-04-25 14:46:02,409 - INFO - Node 8: k=150.4807199099421, f_best=-3.5531678199768066, f_min=-4.272509452272061
2025-04-25 14:46:02,409 - INFO - Node 9: k=141.7596451887838, f_best=-4.441086769104004, f_min=-5.408989092518823
2025-04-25 14:46:02,409 - INFO - cur_node_number 19,f_best -4.441086769104004,f_min -5.408989092518823,k 141.7596451887838
2025-04-25 14:46:02,409 - INFO - f_best_current -4.441086769104004,f_min -5.408989092518823
2025-04-25 14:46:07,763 - INFO - tree_node.f_best*ep:-4.441086769104004,left_f_best-3.529055118560791,right_f_best-4.408845901489258,i:1
2025-04-25 14:46:13,345 - INFO - tree_node.f_best*ep:-4.441086769104004,left_f_best-3.5654988288879395,right_f_best-4.4041008949279785,i:2
2025-04-25 14:46:19,151 - INFO - tree_node.f_best*ep:-4.441086769104004,left_f_best-3.5707788467407227,right_f_best-4.435068607330322,i:3
2025-04-25 14:46:25,156 - INFO - tree_node.f_best*ep:-4.441086769104004,left_f_best-3.5711429119110107,right_f_best-4.45753288269043,i:4
2025-04-25 14:46:43,701 - INFO - 添加左子节点，右子节点，len(queue):6
2025-04-25 14:46:43,701 - INFO - Node 1: k=498.4519461083432, f_best=-4.366954803466797, f_min=-5.128772072985157
2025-04-25 14:46:43,701 - INFO - Node 2: k=198.82881590935236, f_best=-3.560184955596924, f_min=-3.6134270335405745
2025-04-25 14:46:43,701 - INFO - Node 3: k=298.9893033317206, f_best=-4.416359901428223, f_min=-4.861497353685081
2025-04-25 14:46:43,701 - INFO - Node 4: k=138.96642014389158, f_best=-3.531492233276367, f_min=-3.539999671026635
2025-04-25 14:46:43,701 - INFO - Node 5: k=228.54859673637085, f_best=-4.418452262878418, f_min=-5.134671222918769
2025-04-25 14:46:43,701 - INFO - Node 6: k=133.54399830142074, f_best=-3.5646166801452637, f_min=-4.9767069654399165
2025-04-25 14:46:43,701 - INFO - Node 7: k=226.28573934294144, f_best=-4.430197238922119, f_min=-4.857413417449607
2025-04-25 14:46:43,702 - INFO - Node 8: k=150.4807199099421, f_best=-3.5531678199768066, f_min=-4.272509452272061
2025-04-25 14:46:43,702 - INFO - Node 9: k=141.7596451887838, f_best=-4.441086769104004, f_min=-5.408989092518823
2025-04-25 14:46:43,702 - INFO - Node 10: k=169.56544174680104, f_best=-3.5711429119110107, f_min=-5.313513914938085
2025-04-25 14:46:43,702 - INFO - Node 11: k=196.86021377163598, f_best=-4.45753288269043, f_min=-10.326688118743732
2025-04-25 14:46:43,702 - INFO - cur_node_number 20,f_best -4.45753288269043,f_min -10.326688118743732,k 196.86021377163598
2025-04-25 14:46:43,702 - INFO - f_best_current -4.45753288269043,f_min -10.326688118743732
2025-04-25 14:46:43,702 - INFO - 回退,len(queue)=4
2025-04-25 14:46:49,090 - INFO - tree_node.f_best*ep:-4.441086769104004,left_f_best-3.5271530151367188,right_f_best-4.413788318634033,i:1
2025-04-25 14:46:54,692 - INFO - tree_node.f_best*ep:-4.441086769104004,left_f_best-3.534778118133545,right_f_best-4.400801658630371,i:2
2025-04-25 14:47:00,569 - INFO - tree_node.f_best*ep:-4.441086769104004,left_f_best-3.5576982498168945,right_f_best-4.431868553161621,i:3
2025-04-25 14:47:06,646 - INFO - tree_node.f_best*ep:-4.441086769104004,left_f_best-3.5849223136901855,right_f_best-4.434622764587402,i:4
2025-04-25 14:47:12,934 - INFO - tree_node.f_best*ep:-4.441086769104004,left_f_best-3.586787223815918,right_f_best-4.467453479766846,i:5
2025-04-25 14:47:29,307 - INFO - 添加左子节点，右子节点，len(queue):6
2025-04-25 14:47:29,307 - INFO - Node 1: k=498.4519461083432, f_best=-4.366954803466797, f_min=-5.128772072985157
2025-04-25 14:47:29,330 - INFO - Node 2: k=198.82881590935236, f_best=-3.560184955596924, f_min=-3.6134270335405745
2025-04-25 14:47:29,330 - INFO - Node 3: k=298.9893033317206, f_best=-4.416359901428223, f_min=-4.861497353685081
2025-04-25 14:47:29,330 - INFO - Node 4: k=138.96642014389158, f_best=-3.531492233276367, f_min=-3.539999671026635
2025-04-25 14:47:29,330 - INFO - Node 5: k=228.54859673637085, f_best=-4.418452262878418, f_min=-5.134671222918769
2025-04-25 14:47:29,331 - INFO - Node 6: k=133.54399830142074, f_best=-3.5646166801452637, f_min=-4.9767069654399165
2025-04-25 14:47:29,331 - INFO - Node 7: k=226.28573934294144, f_best=-4.430197238922119, f_min=-4.857413417449607
2025-04-25 14:47:29,331 - INFO - Node 8: k=150.4807199099421, f_best=-3.5531678199768066, f_min=-4.272509452272061
2025-04-25 14:47:29,331 - INFO - Node 9: k=196.86021377163598, f_best=-4.441086769104004, f_min=-5.408989092518823
2025-04-25 14:47:29,331 - INFO - Node 10: k=99.07935287274881, f_best=-3.586787223815918, f_min=-3.945381351991273
2025-04-25 14:47:29,331 - INFO - Node 11: k=169.56544174680104, f_best=-4.467453479766846, f_min=-4.522662058855531
2025-04-25 14:47:29,331 - INFO - cur_node_number 21,f_best -4.467453479766846,f_min -4.522662058855531,k 169.56544174680104
2025-04-25 14:47:29,331 - INFO - f_best_current -4.467453479766846,f_min -4.522662058855531
2025-04-25 14:47:34,664 - INFO - tree_node.f_best*ep:-4.467453479766846,left_f_best-3.531733512878418,right_f_best-4.412696838378906,i:1
2025-04-25 14:47:40,231 - INFO - tree_node.f_best*ep:-4.467453479766846,left_f_best-3.563474178314209,right_f_best-4.435556888580322,i:2
2025-04-25 14:47:46,116 - INFO - tree_node.f_best*ep:-4.467453479766846,left_f_best-3.5768511295318604,right_f_best-4.439648628234863,i:3
2025-04-25 14:47:52,265 - INFO - tree_node.f_best*ep:-4.467453479766846,left_f_best-3.5840654373168945,right_f_best-4.451724052429199,i:4
2025-04-25 14:47:58,542 - INFO - tree_node.f_best*ep:-4.467453479766846,left_f_best-3.599806308746338,right_f_best-4.456639766693115,i:5
2025-04-25 14:48:05,084 - INFO - tree_node.f_best*ep:-4.467453479766846,left_f_best-3.5828518867492676,right_f_best-4.463224411010742,i:6
2025-04-25 14:48:11,859 - INFO - tree_node.f_best*ep:-4.467453479766846,left_f_best-3.608832836151123,right_f_best-4.44992733001709,i:7
2025-04-25 14:48:19,115 - INFO - tree_node.f_best*ep:-4.467453479766846,left_f_best-3.5986874103546143,right_f_best-4.474641799926758,i:8
2025-04-25 14:48:35,437 - INFO - 添加左子节点，右子节点，len(queue):7
2025-04-25 14:48:35,437 - INFO - Node 1: k=498.4519461083432, f_best=-4.366954803466797, f_min=-5.128772072985157
2025-04-25 14:48:35,437 - INFO - Node 2: k=198.82881590935236, f_best=-3.560184955596924, f_min=-3.6134270335405745
2025-04-25 14:48:35,437 - INFO - Node 3: k=298.9893033317206, f_best=-4.416359901428223, f_min=-4.861497353685081
2025-04-25 14:48:35,437 - INFO - Node 4: k=138.96642014389158, f_best=-3.531492233276367, f_min=-3.539999671026635
2025-04-25 14:48:35,437 - INFO - Node 5: k=228.54859673637085, f_best=-4.418452262878418, f_min=-5.134671222918769
2025-04-25 14:48:35,437 - INFO - Node 6: k=133.54399830142074, f_best=-3.5646166801452637, f_min=-4.9767069654399165
2025-04-25 14:48:35,437 - INFO - Node 7: k=226.28573934294144, f_best=-4.430197238922119, f_min=-4.857413417449607
2025-04-25 14:48:35,437 - INFO - Node 8: k=150.4807199099421, f_best=-3.5531678199768066, f_min=-4.272509452272061
2025-04-25 14:48:35,437 - INFO - Node 9: k=196.86021377163598, f_best=-4.441086769104004, f_min=-5.408989092518823
2025-04-25 14:48:35,437 - INFO - Node 10: k=99.07935287274881, f_best=-3.586787223815918, f_min=-3.945381351991273
2025-04-25 14:48:35,438 - INFO - Node 11: k=169.56544174680104, f_best=-4.467453479766846, f_min=-4.522662058855531
2025-04-25 14:48:35,438 - INFO - Node 12: k=148.9908117920219, f_best=-3.5986874103546143, f_min=-3.9161073735504033
2025-04-25 14:48:35,438 - INFO - Node 13: k=108.98728816002371, f_best=-4.474641799926758, f_min=-5.544934845152966
2025-04-25 14:48:35,438 - INFO - cur_node_number 22,f_best -4.474641799926758,f_min -5.544934845152966,k 108.98728816002371
2025-04-25 14:48:35,438 - INFO - f_best_current -4.474641799926758,f_min -5.544934845152966
2025-04-25 14:48:40,767 - INFO - tree_node.f_best*ep:-4.474641799926758,left_f_best-3.534459352493286,right_f_best-4.411377429962158,i:1
2025-04-25 14:48:46,436 - INFO - tree_node.f_best*ep:-4.474641799926758,left_f_best-3.551180124282837,right_f_best-4.431235313415527,i:2
2025-04-25 14:48:52,502 - INFO - tree_node.f_best*ep:-4.474641799926758,left_f_best-3.5792346000671387,right_f_best-4.420749187469482,i:3
2025-04-25 14:48:58,932 - INFO - tree_node.f_best*ep:-4.474641799926758,left_f_best-3.577307939529419,right_f_best-4.444991111755371,i:4
2025-04-25 14:49:05,426 - INFO - tree_node.f_best*ep:-4.474641799926758,left_f_best-3.5894997119903564,right_f_best-4.44460391998291,i:5
2025-04-25 14:49:12,588 - INFO - tree_node.f_best*ep:-4.474641799926758,left_f_best-3.6019463539123535,right_f_best-4.464025497436523,i:6
2025-04-25 14:49:19,563 - INFO - tree_node.f_best*ep:-4.474641799926758,left_f_best-3.5980172157287598,right_f_best-4.472649574279785,i:7
2025-04-25 14:49:26,726 - INFO - tree_node.f_best*ep:-4.474641799926758,left_f_best-3.6058897972106934,right_f_best-4.467925071716309,i:8
2025-04-25 14:49:34,323 - INFO - tree_node.f_best*ep:-4.474641799926758,left_f_best-3.6129631996154785,right_f_best-4.480671405792236,i:9
2025-04-25 14:49:51,868 - INFO - 添加左子节点，右子节点，len(queue):8
2025-04-25 14:49:51,868 - INFO - Node 1: k=498.4519461083432, f_best=-4.366954803466797, f_min=-5.128772072985157
2025-04-25 14:49:51,868 - INFO - Node 2: k=198.82881590935236, f_best=-3.560184955596924, f_min=-3.6134270335405745
2025-04-25 14:49:51,868 - INFO - Node 3: k=298.9893033317206, f_best=-4.416359901428223, f_min=-4.861497353685081
2025-04-25 14:49:51,868 - INFO - Node 4: k=138.96642014389158, f_best=-3.531492233276367, f_min=-3.539999671026635
2025-04-25 14:49:51,868 - INFO - Node 5: k=228.54859673637085, f_best=-4.418452262878418, f_min=-5.134671222918769
2025-04-25 14:49:51,869 - INFO - Node 6: k=133.54399830142074, f_best=-3.5646166801452637, f_min=-4.9767069654399165
2025-04-25 14:49:51,869 - INFO - Node 7: k=226.28573934294144, f_best=-4.430197238922119, f_min=-4.857413417449607
2025-04-25 14:49:51,869 - INFO - Node 8: k=150.4807199099421, f_best=-3.5531678199768066, f_min=-4.272509452272061
2025-04-25 14:49:51,869 - INFO - Node 9: k=196.86021377163598, f_best=-4.441086769104004, f_min=-5.408989092518823
2025-04-25 14:49:51,869 - INFO - Node 10: k=99.07935287274881, f_best=-3.586787223815918, f_min=-3.945381351991273
2025-04-25 14:49:51,869 - INFO - Node 11: k=169.56544174680104, f_best=-4.467453479766846, f_min=-4.522662058855531
2025-04-25 14:49:51,869 - INFO - Node 12: k=148.9908117920219, f_best=-3.5986874103546143, f_min=-3.9161073735504033
2025-04-25 14:49:51,869 - INFO - Node 13: k=108.98728816002371, f_best=-4.474641799926758, f_min=-5.544934845152966
2025-04-25 14:49:51,869 - INFO - Node 14: k=150.4807199099421, f_best=-3.6129631996154785, f_min=-3.9669253656575165
2025-04-25 14:49:51,869 - INFO - Node 15: k=132.22178049645618, f_best=-4.480671405792236, f_min=-4.821595704405809
2025-04-25 14:49:51,869 - INFO - cur_node_number 23,f_best -4.480671405792236,f_min -4.821595704405809,k 132.22178049645618
2025-04-25 14:49:51,869 - INFO - f_best_current -4.480671405792236,f_min -4.821595704405809
2025-04-25 14:49:51,869 - INFO - 回退,len(queue)=6
2025-04-25 14:49:57,287 - INFO - tree_node.f_best*ep:-4.474641799926758,left_f_best-3.5335488319396973,right_f_best-4.401374340057373,i:1
2025-04-25 14:50:02,943 - INFO - tree_node.f_best*ep:-4.474641799926758,left_f_best-3.5615506172180176,right_f_best-4.427731990814209,i:2
2025-04-25 14:50:08,788 - INFO - tree_node.f_best*ep:-4.474641799926758,left_f_best-3.5753307342529297,right_f_best-4.4282097816467285,i:3
2025-04-25 14:50:14,836 - INFO - tree_node.f_best*ep:-4.474641799926758,left_f_best-3.582338571548462,right_f_best-4.445041656494141,i:4
2025-04-25 14:50:21,128 - INFO - tree_node.f_best*ep:-4.474641799926758,left_f_best-3.5798139572143555,right_f_best-4.457481384277344,i:5
2025-04-25 14:50:27,843 - INFO - tree_node.f_best*ep:-4.474641799926758,left_f_best-3.6032052040100098,right_f_best-4.458974361419678,i:6
2025-04-25 14:50:34,790 - INFO - tree_node.f_best*ep:-4.474641799926758,left_f_best-3.6024324893951416,right_f_best-4.4676513671875,i:7
2025-04-25 14:50:41,922 - INFO - tree_node.f_best*ep:-4.474641799926758,left_f_best-3.607011556625366,right_f_best-4.474027156829834,i:8
2025-04-25 14:50:49,449 - INFO - tree_node.f_best*ep:-4.474641799926758,left_f_best-3.6089272499084473,right_f_best-4.463362693786621,i:9
2025-04-25 14:50:57,231 - INFO - tree_node.f_best*ep:-4.474641799926758,left_f_best-3.6131250858306885,right_f_best-4.470823764801025,i:10
2025-04-25 14:51:05,242 - INFO - tree_node.f_best*ep:-4.474641799926758,left_f_best-3.6170341968536377,right_f_best-4.4763689041137695,i:11
2025-04-25 14:51:22,306 - INFO - 添加左子节点，右子节点，len(queue):8
2025-04-25 14:51:22,307 - INFO - Node 1: k=498.4519461083432, f_best=-4.366954803466797, f_min=-5.128772072985157
2025-04-25 14:51:22,307 - INFO - Node 2: k=198.82881590935236, f_best=-3.560184955596924, f_min=-3.6134270335405745
2025-04-25 14:51:22,307 - INFO - Node 3: k=298.9893033317206, f_best=-4.416359901428223, f_min=-4.861497353685081
2025-04-25 14:51:22,307 - INFO - Node 4: k=138.96642014389158, f_best=-3.531492233276367, f_min=-3.539999671026635
2025-04-25 14:51:22,307 - INFO - Node 5: k=228.54859673637085, f_best=-4.418452262878418, f_min=-5.134671222918769
2025-04-25 14:51:22,307 - INFO - Node 6: k=133.54399830142074, f_best=-3.5646166801452637, f_min=-4.9767069654399165
2025-04-25 14:51:22,307 - INFO - Node 7: k=226.28573934294144, f_best=-4.430197238922119, f_min=-4.857413417449607
2025-04-25 14:51:22,307 - INFO - Node 8: k=150.4807199099421, f_best=-3.5531678199768066, f_min=-4.272509452272061
2025-04-25 14:51:22,307 - INFO - Node 9: k=196.86021377163598, f_best=-4.441086769104004, f_min=-5.408989092518823
2025-04-25 14:51:22,307 - INFO - Node 10: k=99.07935287274881, f_best=-3.586787223815918, f_min=-3.945381351991273
2025-04-25 14:51:22,307 - INFO - Node 11: k=169.56544174680104, f_best=-4.467453479766846, f_min=-4.522662058855531
2025-04-25 14:51:22,307 - INFO - Node 12: k=148.9908117920219, f_best=-3.5986874103546143, f_min=-3.9161073735504033
2025-04-25 14:51:22,307 - INFO - Node 13: k=132.22178049645618, f_best=-4.474641799926758, f_min=-5.544934845152966
2025-04-25 14:51:22,307 - INFO - Node 14: k=194.91110274419404, f_best=-3.6170341968536377, f_min=-4.217036098654717
2025-04-25 14:51:22,307 - INFO - Node 15: k=137.59051499395207, f_best=-4.4763689041137695, f_min=-5.498786881878914
2025-04-25 14:51:22,308 - INFO - cur_node_number 24,f_best -4.4763689041137695,f_min -5.498786881878914,k 137.59051499395207
2025-04-25 14:51:22,308 - INFO - f_best_current -4.4763689041137695,f_min -5.498786881878914
2025-04-25 14:51:22,308 - INFO - 回退,len(queue)=6
2025-04-25 14:51:27,699 - INFO - tree_node.f_best*ep:-4.474641799926758,left_f_best-3.4942846298217773,right_f_best-4.3933258056640625,i:1
2025-04-25 14:51:33,269 - INFO - tree_node.f_best*ep:-4.474641799926758,left_f_best-3.5579099655151367,right_f_best-4.4297332763671875,i:2
2025-04-25 14:51:39,074 - INFO - tree_node.f_best*ep:-4.474641799926758,left_f_best-3.578369379043579,right_f_best-4.445762634277344,i:3
2025-04-25 14:51:45,120 - INFO - tree_node.f_best*ep:-4.474641799926758,left_f_best-3.586686611175537,right_f_best-4.441929817199707,i:4
2025-04-25 14:51:51,465 - INFO - tree_node.f_best*ep:-4.474641799926758,left_f_best-3.586064577102661,right_f_best-4.4629435539245605,i:5
2025-04-25 14:51:58,137 - INFO - tree_node.f_best*ep:-4.474641799926758,left_f_best-3.5947632789611816,right_f_best-4.466419696807861,i:6
2025-04-25 14:52:05,161 - INFO - tree_node.f_best*ep:-4.474641799926758,left_f_best-3.60589337348938,right_f_best-4.475762844085693,i:7
2025-04-25 14:52:24,472 - INFO - 添加左子节点，右子节点，len(queue):8
2025-04-25 14:52:24,472 - INFO - Node 1: k=498.4519461083432, f_best=-4.366954803466797, f_min=-5.128772072985157
2025-04-25 14:52:24,472 - INFO - Node 2: k=198.82881590935236, f_best=-3.560184955596924, f_min=-3.6134270335405745
2025-04-25 14:52:24,472 - INFO - Node 3: k=298.9893033317206, f_best=-4.416359901428223, f_min=-4.861497353685081
2025-04-25 14:52:24,472 - INFO - Node 4: k=138.96642014389158, f_best=-3.531492233276367, f_min=-3.539999671026635
2025-04-25 14:52:24,472 - INFO - Node 5: k=228.54859673637085, f_best=-4.418452262878418, f_min=-5.134671222918769
2025-04-25 14:52:24,472 - INFO - Node 6: k=133.54399830142074, f_best=-3.5646166801452637, f_min=-4.9767069654399165
2025-04-25 14:52:24,472 - INFO - Node 7: k=226.28573934294144, f_best=-4.430197238922119, f_min=-4.857413417449607
2025-04-25 14:52:24,472 - INFO - Node 8: k=150.4807199099421, f_best=-3.5531678199768066, f_min=-4.272509452272061
2025-04-25 14:52:24,472 - INFO - Node 9: k=196.86021377163598, f_best=-4.441086769104004, f_min=-5.408989092518823
2025-04-25 14:52:24,472 - INFO - Node 10: k=99.07935287274881, f_best=-3.586787223815918, f_min=-3.945381351991273
2025-04-25 14:52:24,472 - INFO - Node 11: k=169.56544174680104, f_best=-4.467453479766846, f_min=-4.522662058855531
2025-04-25 14:52:24,472 - INFO - Node 12: k=148.9908117920219, f_best=-3.5986874103546143, f_min=-3.9161073735504033
2025-04-25 14:52:24,473 - INFO - Node 13: k=137.59051499395207, f_best=-4.474641799926758, f_min=-5.544934845152966
2025-04-25 14:52:24,473 - INFO - Node 14: k=247.4853805378671, f_best=-3.60589337348938, f_min=-5.234400717934477
2025-04-25 14:52:24,473 - INFO - Node 15: k=206.90206313882388, f_best=-4.475762844085693, f_min=-4.707741585112672
2025-04-25 14:52:24,473 - INFO - cur_node_number 25,f_best -4.475762844085693,f_min -4.707741585112672,k 206.90206313882388
2025-04-25 14:52:24,473 - INFO - f_best_current -4.475762844085693,f_min -4.707741585112672
2025-04-25 14:52:24,473 - INFO - 回退,len(queue)=6
2025-04-25 14:52:24,473 - INFO - 回退,len(queue)=5
2025-04-25 14:52:24,473 - INFO - 回退,len(queue)=4
2025-04-25 14:52:29,918 - INFO - tree_node.f_best*ep:-4.441086769104004,left_f_best-3.5334062576293945,right_f_best-4.422554016113281,i:1
2025-04-25 14:52:35,598 - INFO - tree_node.f_best*ep:-4.441086769104004,left_f_best-3.5636978149414062,right_f_best-4.416984558105469,i:2
2025-04-25 14:52:41,505 - INFO - tree_node.f_best*ep:-4.441086769104004,left_f_best-3.5766470432281494,right_f_best-4.437149524688721,i:3
2025-04-25 14:52:47,680 - INFO - tree_node.f_best*ep:-4.441086769104004,left_f_best-3.5728156566619873,right_f_best-4.429193019866943,i:4
2025-04-25 14:52:54,111 - INFO - tree_node.f_best*ep:-4.441086769104004,left_f_best-3.5891847610473633,right_f_best-4.457923889160156,i:5
2025-04-25 14:53:10,418 - INFO - 添加左子节点，右子节点，len(queue):6
2025-04-25 14:53:10,418 - INFO - Node 1: k=498.4519461083432, f_best=-4.366954803466797, f_min=-5.128772072985157
2025-04-25 14:53:10,418 - INFO - Node 2: k=198.82881590935236, f_best=-3.560184955596924, f_min=-3.6134270335405745
2025-04-25 14:53:10,418 - INFO - Node 3: k=298.9893033317206, f_best=-4.416359901428223, f_min=-4.861497353685081
2025-04-25 14:53:10,418 - INFO - Node 4: k=138.96642014389158, f_best=-3.531492233276367, f_min=-3.539999671026635
2025-04-25 14:53:10,418 - INFO - Node 5: k=228.54859673637085, f_best=-4.418452262878418, f_min=-5.134671222918769
2025-04-25 14:53:10,418 - INFO - Node 6: k=133.54399830142074, f_best=-3.5646166801452637, f_min=-4.9767069654399165
2025-04-25 14:53:10,418 - INFO - Node 7: k=226.28573934294144, f_best=-4.430197238922119, f_min=-4.857413417449607
2025-04-25 14:53:10,419 - INFO - Node 8: k=150.4807199099421, f_best=-3.5531678199768066, f_min=-4.272509452272061
2025-04-25 14:53:10,419 - INFO - Node 9: k=206.90206313882388, f_best=-4.441086769104004, f_min=-5.408989092518823
2025-04-25 14:53:10,419 - INFO - Node 10: k=138.96642014389158, f_best=-3.5891847610473633, f_min=-3.738904391075266
2025-04-25 14:53:10,419 - INFO - Node 11: k=146.05510419764914, f_best=-4.457923889160156, f_min=-5.132844428643693
2025-04-25 14:53:10,419 - INFO - cur_node_number 26,f_best -4.457923889160156,f_min -5.132844428643693,k 146.05510419764914
2025-04-25 14:53:10,419 - INFO - f_best_current -4.457923889160156,f_min -5.132844428643693
2025-04-25 14:53:15,867 - INFO - tree_node.f_best*ep:-4.457923889160156,left_f_best-3.5503571033477783,right_f_best-4.41504430770874,i:1
2025-04-25 14:53:21,548 - INFO - tree_node.f_best*ep:-4.457923889160156,left_f_best-3.558779239654541,right_f_best-4.419694423675537,i:2
2025-04-25 14:53:27,363 - INFO - tree_node.f_best*ep:-4.457923889160156,left_f_best-3.55708384513855,right_f_best-4.446508407592773,i:3
2025-04-25 14:53:33,415 - INFO - tree_node.f_best*ep:-4.457923889160156,left_f_best-3.574012041091919,right_f_best-4.434242248535156,i:4
2025-04-25 14:53:39,732 - INFO - tree_node.f_best*ep:-4.457923889160156,left_f_best-3.5733795166015625,right_f_best-4.451403617858887,i:5
2025-04-25 14:53:46,460 - INFO - tree_node.f_best*ep:-4.457923889160156,left_f_best-3.5883865356445312,right_f_best-4.457167625427246,i:6
2025-04-25 14:53:53,451 - INFO - tree_node.f_best*ep:-4.457923889160156,left_f_best-3.599151372909546,right_f_best-4.459047317504883,i:7
2025-04-25 14:54:08,956 - INFO - 添加左子节点，右子节点，len(queue):7
2025-04-25 14:54:08,956 - INFO - Node 1: k=498.4519461083432, f_best=-4.366954803466797, f_min=-5.128772072985157
2025-04-25 14:54:08,956 - INFO - Node 2: k=198.82881590935236, f_best=-3.560184955596924, f_min=-3.6134270335405745
2025-04-25 14:54:08,956 - INFO - Node 3: k=298.9893033317206, f_best=-4.416359901428223, f_min=-4.861497353685081
2025-04-25 14:54:08,956 - INFO - Node 4: k=138.96642014389158, f_best=-3.531492233276367, f_min=-3.539999671026635
2025-04-25 14:54:08,956 - INFO - Node 5: k=228.54859673637085, f_best=-4.418452262878418, f_min=-5.134671222918769
2025-04-25 14:54:08,957 - INFO - Node 6: k=133.54399830142074, f_best=-3.5646166801452637, f_min=-4.9767069654399165
2025-04-25 14:54:08,957 - INFO - Node 7: k=226.28573934294144, f_best=-4.430197238922119, f_min=-4.857413417449607
2025-04-25 14:54:08,957 - INFO - Node 8: k=150.4807199099421, f_best=-3.5531678199768066, f_min=-4.272509452272061
2025-04-25 14:54:08,957 - INFO - Node 9: k=206.90206313882388, f_best=-4.441086769104004, f_min=-5.408989092518823
2025-04-25 14:54:08,957 - INFO - Node 10: k=138.96642014389158, f_best=-3.5891847610473633, f_min=-3.738904391075266
2025-04-25 14:54:08,957 - INFO - Node 11: k=146.05510419764914, f_best=-4.457923889160156, f_min=-5.132844428643693
2025-04-25 14:54:08,957 - INFO - Node 12: k=141.7596451887838, f_best=-3.599151372909546, f_min=-3.6001304482870182
2025-04-25 14:54:08,957 - INFO - Node 13: k=82.01193512917347, f_best=-4.459047317504883, f_min=-4.842325960652033
2025-04-25 14:54:08,957 - INFO - cur_node_number 27,f_best -4.459047317504883,f_min -4.842325960652033,k 82.01193512917347
2025-04-25 14:54:08,957 - INFO - f_best_current -4.459047317504883,f_min -4.842325960652033
2025-04-25 14:54:14,626 - INFO - tree_node.f_best*ep:-4.459047317504883,left_f_best-3.539543628692627,right_f_best-4.399136543273926,i:1
2025-04-25 14:54:20,619 - INFO - tree_node.f_best*ep:-4.459047317504883,left_f_best-3.5641798973083496,right_f_best-4.40952205657959,i:2
2025-04-25 14:54:26,555 - INFO - tree_node.f_best*ep:-4.459047317504883,left_f_best-3.574394702911377,right_f_best-4.43281364440918,i:3
2025-04-25 14:54:32,721 - INFO - tree_node.f_best*ep:-4.459047317504883,left_f_best-3.5849668979644775,right_f_best-4.434185028076172,i:4
2025-04-25 14:54:39,232 - INFO - tree_node.f_best*ep:-4.459047317504883,left_f_best-3.588331460952759,right_f_best-4.4599504470825195,i:5
2025-04-25 14:54:58,035 - INFO - 添加左子节点，右子节点，len(queue):8
2025-04-25 14:54:58,036 - INFO - Node 1: k=498.4519461083432, f_best=-4.366954803466797, f_min=-5.128772072985157
2025-04-25 14:54:58,036 - INFO - Node 2: k=198.82881590935236, f_best=-3.560184955596924, f_min=-3.6134270335405745
2025-04-25 14:54:58,036 - INFO - Node 3: k=298.9893033317206, f_best=-4.416359901428223, f_min=-4.861497353685081
2025-04-25 14:54:58,036 - INFO - Node 4: k=138.96642014389158, f_best=-3.531492233276367, f_min=-3.539999671026635
2025-04-25 14:54:58,036 - INFO - Node 5: k=228.54859673637085, f_best=-4.418452262878418, f_min=-5.134671222918769
2025-04-25 14:54:58,036 - INFO - Node 6: k=133.54399830142074, f_best=-3.5646166801452637, f_min=-4.9767069654399165
2025-04-25 14:54:58,036 - INFO - Node 7: k=226.28573934294144, f_best=-4.430197238922119, f_min=-4.857413417449607
2025-04-25 14:54:58,036 - INFO - Node 8: k=150.4807199099421, f_best=-3.5531678199768066, f_min=-4.272509452272061
2025-04-25 14:54:58,036 - INFO - Node 9: k=206.90206313882388, f_best=-4.441086769104004, f_min=-5.408989092518823
2025-04-25 14:54:58,036 - INFO - Node 10: k=138.96642014389158, f_best=-3.5891847610473633, f_min=-3.738904391075266
2025-04-25 14:54:58,036 - INFO - Node 11: k=146.05510419764914, f_best=-4.457923889160156, f_min=-5.132844428643693
2025-04-25 14:54:58,036 - INFO - Node 12: k=141.7596451887838, f_best=-3.599151372909546, f_min=-3.6001304482870182
2025-04-25 14:54:58,036 - INFO - Node 13: k=82.01193512917347, f_best=-4.459047317504883, f_min=-4.842325960652033
2025-04-25 14:54:58,036 - INFO - Node 14: k=224.04528647815985, f_best=-3.588331460952759, f_min=-4.251139126141425
2025-04-25 14:54:58,037 - INFO - Node 15: k=166.22433266032843, f_best=-4.4599504470825195, f_min=-4.856361503442713
2025-04-25 14:54:58,037 - INFO - cur_node_number 28,f_best -4.4599504470825195,f_min -4.856361503442713,k 166.22433266032843
2025-04-25 14:54:58,037 - INFO - f_best_current -4.4599504470825195,f_min -4.856361503442713
2025-04-25 14:54:58,037 - INFO - 回退,len(queue)=6
2025-04-25 14:54:58,037 - INFO - 回退,len(queue)=5
2025-04-25 14:55:03,300 - INFO - tree_node.f_best*ep:-4.457923889160156,left_f_best-3.5453922748565674,right_f_best-4.389688491821289,i:1
2025-04-25 14:55:08,811 - INFO - tree_node.f_best*ep:-4.457923889160156,left_f_best-3.548759937286377,right_f_best-4.4211249351501465,i:2
2025-04-25 14:55:14,728 - INFO - tree_node.f_best*ep:-4.457923889160156,left_f_best-3.573124408721924,right_f_best-4.42564582824707,i:3
2025-04-25 14:55:21,060 - INFO - tree_node.f_best*ep:-4.457923889160156,left_f_best-3.571017265319824,right_f_best-4.447361469268799,i:4
2025-04-25 14:55:27,467 - INFO - tree_node.f_best*ep:-4.457923889160156,left_f_best-3.5868492126464844,right_f_best-4.458220958709717,i:5
2025-04-25 14:55:42,459 - INFO - 添加左子节点，右子节点，len(queue):7
2025-04-25 14:55:42,460 - INFO - Node 1: k=498.4519461083432, f_best=-4.366954803466797, f_min=-5.128772072985157
2025-04-25 14:55:42,460 - INFO - Node 2: k=198.82881590935236, f_best=-3.560184955596924, f_min=-3.6134270335405745
2025-04-25 14:55:42,460 - INFO - Node 3: k=298.9893033317206, f_best=-4.416359901428223, f_min=-4.861497353685081
2025-04-25 14:55:42,460 - INFO - Node 4: k=138.96642014389158, f_best=-3.531492233276367, f_min=-3.539999671026635
2025-04-25 14:55:42,460 - INFO - Node 5: k=228.54859673637085, f_best=-4.418452262878418, f_min=-5.134671222918769
2025-04-25 14:55:42,460 - INFO - Node 6: k=133.54399830142074, f_best=-3.5646166801452637, f_min=-4.9767069654399165
2025-04-25 14:55:42,460 - INFO - Node 7: k=226.28573934294144, f_best=-4.430197238922119, f_min=-4.857413417449607
2025-04-25 14:55:42,460 - INFO - Node 8: k=150.4807199099421, f_best=-3.5531678199768066, f_min=-4.272509452272061
2025-04-25 14:55:42,460 - INFO - Node 9: k=206.90206313882388, f_best=-4.441086769104004, f_min=-5.408989092518823
2025-04-25 14:55:42,460 - INFO - Node 10: k=138.96642014389158, f_best=-3.5891847610473633, f_min=-3.738904391075266
2025-04-25 14:55:42,460 - INFO - Node 11: k=166.22433266032843, f_best=-4.457923889160156, f_min=-5.132844428643693
2025-04-25 14:55:42,460 - INFO - Node 12: k=113.88916119149573, f_best=-3.5868492126464844, f_min=-3.605942586882975
2025-04-25 14:55:42,460 - INFO - Node 13: k=109.44524535466255, f_best=-4.458220958709717, f_min=-6.151845307326312
2025-04-25 14:55:42,460 - INFO - cur_node_number 29,f_best -4.458220958709717,f_min -6.151845307326312,k 109.44524535466255
2025-04-25 14:55:42,460 - INFO - f_best_current -4.458220958709717,f_min -6.151845307326312
2025-04-25 14:55:47,700 - INFO - tree_node.f_best*ep:-4.458220958709717,left_f_best-3.5417919158935547,right_f_best-4.407312393188477,i:1
2025-04-25 14:55:53,310 - INFO - tree_node.f_best*ep:-4.458220958709717,left_f_best-3.5270633697509766,right_f_best-4.4203948974609375,i:2
2025-04-25 14:55:59,225 - INFO - tree_node.f_best*ep:-4.458220958709717,left_f_best-3.567668914794922,right_f_best-4.440108299255371,i:3
2025-04-25 14:56:05,483 - INFO - tree_node.f_best*ep:-4.458220958709717,left_f_best-3.561034679412842,right_f_best-4.446799278259277,i:4
2025-04-25 14:56:11,980 - INFO - tree_node.f_best*ep:-4.458220958709717,left_f_best-3.5874969959259033,right_f_best-4.4564714431762695,i:5
2025-04-25 14:56:18,675 - INFO - tree_node.f_best*ep:-4.458220958709717,left_f_best-3.5897655487060547,right_f_best-4.466763019561768,i:6
2025-04-25 14:56:38,968 - INFO - 添加左子节点，右子节点，len(queue):8
2025-04-25 14:56:38,968 - INFO - Node 1: k=498.4519461083432, f_best=-4.366954803466797, f_min=-5.128772072985157
2025-04-25 14:56:38,968 - INFO - Node 2: k=198.82881590935236, f_best=-3.560184955596924, f_min=-3.6134270335405745
2025-04-25 14:56:38,968 - INFO - Node 3: k=298.9893033317206, f_best=-4.416359901428223, f_min=-4.861497353685081
2025-04-25 14:56:38,969 - INFO - Node 4: k=138.96642014389158, f_best=-3.531492233276367, f_min=-3.539999671026635
2025-04-25 14:56:38,969 - INFO - Node 5: k=228.54859673637085, f_best=-4.418452262878418, f_min=-5.134671222918769
2025-04-25 14:56:38,969 - INFO - Node 6: k=133.54399830142074, f_best=-3.5646166801452637, f_min=-4.9767069654399165
2025-04-25 14:56:38,969 - INFO - Node 7: k=226.28573934294144, f_best=-4.430197238922119, f_min=-4.857413417449607
2025-04-25 14:56:38,969 - INFO - Node 8: k=150.4807199099421, f_best=-3.5531678199768066, f_min=-4.272509452272061
2025-04-25 14:56:38,969 - INFO - Node 9: k=206.90206313882388, f_best=-4.441086769104004, f_min=-5.408989092518823
2025-04-25 14:56:38,969 - INFO - Node 10: k=138.96642014389158, f_best=-3.5891847610473633, f_min=-3.738904391075266
2025-04-25 14:56:38,969 - INFO - Node 11: k=166.22433266032843, f_best=-4.457923889160156, f_min=-5.132844428643693
2025-04-25 14:56:38,969 - INFO - Node 12: k=113.88916119149573, f_best=-3.5868492126464844, f_min=-3.605942586882975
2025-04-25 14:56:38,969 - INFO - Node 13: k=109.44524535466255, f_best=-4.458220958709717, f_min=-6.151845307326312
2025-04-25 14:56:38,969 - INFO - Node 14: k=308.0489782119751, f_best=-3.5897655487060547, f_min=-3.7751247409269126
2025-04-25 14:56:38,969 - INFO - Node 15: k=198.82881590935236, f_best=-4.466763019561768, f_min=-6.141934880354711
2025-04-25 14:56:38,969 - INFO - cur_node_number 30,f_best -4.466763019561768,f_min -6.141934880354711,k 198.82881590935236
2025-04-25 14:56:38,969 - INFO - f_best_current -4.466763019561768,f_min -6.141934880354711
2025-04-25 14:56:38,969 - INFO - 回退,len(queue)=6
2025-04-25 14:56:38,969 - INFO - 回退,len(queue)=5
2025-04-25 14:56:44,310 - INFO - tree_node.f_best*ep:-4.457923889160156,left_f_best-3.544982433319092,right_f_best-4.423634052276611,i:1
2025-04-25 14:56:49,893 - INFO - tree_node.f_best*ep:-4.457923889160156,left_f_best-3.5566539764404297,right_f_best-4.392803192138672,i:2
2025-04-25 14:56:55,737 - INFO - tree_node.f_best*ep:-4.457923889160156,left_f_best-3.5288491249084473,right_f_best-4.440519332885742,i:3
2025-04-25 14:57:01,854 - INFO - tree_node.f_best*ep:-4.457923889160156,left_f_best-3.564561367034912,right_f_best-4.451665878295898,i:4
2025-04-25 14:57:08,297 - INFO - tree_node.f_best*ep:-4.457923889160156,left_f_best-3.5791566371917725,right_f_best-4.454878807067871,i:5
2025-04-25 14:57:15,038 - INFO - tree_node.f_best*ep:-4.457923889160156,left_f_best-3.5880415439605713,right_f_best-4.4657063484191895,i:6
2025-04-25 14:57:33,208 - INFO - 添加左子节点，右子节点，len(queue):7
2025-04-25 14:57:33,208 - INFO - Node 1: k=498.4519461083432, f_best=-4.366954803466797, f_min=-5.128772072985157
2025-04-25 14:57:33,208 - INFO - Node 2: k=198.82881590935236, f_best=-3.560184955596924, f_min=-3.6134270335405745
2025-04-25 14:57:33,209 - INFO - Node 3: k=298.9893033317206, f_best=-4.416359901428223, f_min=-4.861497353685081
2025-04-25 14:57:33,209 - INFO - Node 4: k=138.96642014389158, f_best=-3.531492233276367, f_min=-3.539999671026635
2025-04-25 14:57:33,209 - INFO - Node 5: k=228.54859673637085, f_best=-4.418452262878418, f_min=-5.134671222918769
2025-04-25 14:57:33,209 - INFO - Node 6: k=133.54399830142074, f_best=-3.5646166801452637, f_min=-4.9767069654399165
2025-04-25 14:57:33,209 - INFO - Node 7: k=226.28573934294144, f_best=-4.430197238922119, f_min=-4.857413417449607
2025-04-25 14:57:33,209 - INFO - Node 8: k=150.4807199099421, f_best=-3.5531678199768066, f_min=-4.272509452272061
2025-04-25 14:57:33,209 - INFO - Node 9: k=206.90206313882388, f_best=-4.441086769104004, f_min=-5.408989092518823
2025-04-25 14:57:33,209 - INFO - Node 10: k=138.96642014389158, f_best=-3.5891847610473633, f_min=-3.738904391075266
2025-04-25 14:57:33,209 - INFO - Node 11: k=198.82881590935236, f_best=-4.457923889160156, f_min=-5.132844428643693
2025-04-25 14:57:33,209 - INFO - Node 12: k=230.83408270373457, f_best=-3.5880415439605713, f_min=-4.375705421930434
2025-04-25 14:57:33,209 - INFO - Node 13: k=172.97370712591174, f_best=-4.4657063484191895, f_min=-4.546672866512381
2025-04-25 14:57:33,209 - INFO - cur_node_number 31,f_best -4.4657063484191895,f_min -4.546672866512381,k 172.97370712591174
2025-04-25 14:57:33,209 - INFO - f_best_current -4.4657063484191895,f_min -4.546672866512381
2025-04-25 14:57:38,529 - INFO - tree_node.f_best*ep:-4.4657063484191895,left_f_best-3.5376152992248535,right_f_best-4.426032066345215,i:1
2025-04-25 14:57:44,188 - INFO - tree_node.f_best*ep:-4.4657063484191895,left_f_best-3.55354905128479,right_f_best-4.423975944519043,i:2
2025-04-25 14:57:50,076 - INFO - tree_node.f_best*ep:-4.4657063484191895,left_f_best-3.563528299331665,right_f_best-4.426382064819336,i:3
2025-04-25 14:57:56,133 - INFO - tree_node.f_best*ep:-4.4657063484191895,left_f_best-3.5744338035583496,right_f_best-4.454171657562256,i:4
2025-04-25 14:58:02,448 - INFO - tree_node.f_best*ep:-4.4657063484191895,left_f_best-3.594156265258789,right_f_best-4.453856945037842,i:5
2025-04-25 14:58:09,170 - INFO - tree_node.f_best*ep:-4.4657063484191895,left_f_best-3.6006112098693848,right_f_best-4.461564064025879,i:6
2025-04-25 14:58:16,187 - INFO - tree_node.f_best*ep:-4.4657063484191895,left_f_best-3.5877835750579834,right_f_best-4.47928524017334,i:7
2025-04-25 14:58:35,358 - INFO - 添加左子节点，右子节点，len(queue):8
2025-04-25 14:58:35,358 - INFO - Node 1: k=498.4519461083432, f_best=-4.366954803466797, f_min=-5.128772072985157
2025-04-25 14:58:35,358 - INFO - Node 2: k=198.82881590935236, f_best=-3.560184955596924, f_min=-3.6134270335405745
2025-04-25 14:58:35,358 - INFO - Node 3: k=298.9893033317206, f_best=-4.416359901428223, f_min=-4.861497353685081
2025-04-25 14:58:35,358 - INFO - Node 4: k=138.96642014389158, f_best=-3.531492233276367, f_min=-3.539999671026635
2025-04-25 14:58:35,358 - INFO - Node 5: k=228.54859673637085, f_best=-4.418452262878418, f_min=-5.134671222918769
2025-04-25 14:58:35,359 - INFO - Node 6: k=133.54399830142074, f_best=-3.5646166801452637, f_min=-4.9767069654399165
2025-04-25 14:58:35,359 - INFO - Node 7: k=226.28573934294144, f_best=-4.430197238922119, f_min=-4.857413417449607
2025-04-25 14:58:35,359 - INFO - Node 8: k=150.4807199099421, f_best=-3.5531678199768066, f_min=-4.272509452272061
2025-04-25 14:58:35,359 - INFO - Node 9: k=206.90206313882388, f_best=-4.441086769104004, f_min=-5.408989092518823
2025-04-25 14:58:35,359 - INFO - Node 10: k=138.96642014389158, f_best=-3.5891847610473633, f_min=-3.738904391075266
2025-04-25 14:58:35,359 - INFO - Node 11: k=198.82881590935236, f_best=-4.457923889160156, f_min=-5.132844428643693
2025-04-25 14:58:35,359 - INFO - Node 12: k=230.83408270373457, f_best=-3.5880415439605713, f_min=-4.375705421930434
2025-04-25 14:58:35,359 - INFO - Node 13: k=172.97370712591174, f_best=-4.4657063484191895, f_min=-4.546672866512381
2025-04-25 14:58:35,359 - INFO - Node 14: k=200.81710406844587, f_best=-3.5877835750579834, f_min=-4.783051438061193
2025-04-25 14:58:35,359 - INFO - Node 15: k=260.10962219812126, f_best=-4.47928524017334, f_min=-4.492009609783054
2025-04-25 14:58:35,359 - INFO - cur_node_number 32,f_best -4.47928524017334,f_min -4.492009609783054,k 260.10962219812126
2025-04-25 14:58:35,359 - INFO - f_best_current -4.47928524017334,f_min -4.492009609783054
2025-04-25 14:58:35,359 - INFO - 结束,fmin= -4.492009609783054, fbestmin=-4.47928524017334
