2025-04-25 16:20:20,525 - INFO - Model output max(1): torch.return_types.max(
values=tensor([8.8363], grad_fn=<MaxBackward0>),
indices=tensor([0]))
2025-04-25 16:20:24,079 - INFO - cur_node_number 1,f_best -7.795708179473877,f_min -8.96811602386515,k 539.2718274951272
2025-04-25 16:20:24,080 - INFO - f_best_current -7.795708179473877,f_min -8.96811602386515
2025-04-25 16:20:29,548 - INFO - tree_node.f_best*ep:-7.795708179473877,left_f_best-7.193421840667725,right_f_best-7.803477764129639,i:1
2025-04-25 16:20:47,206 - INFO - 添加左子节点，右子节点，len(queue):2
2025-04-25 16:20:47,206 - INFO - Node 1: k=539.2718274951272, f_best=-7.795708179473877, f_min=-8.96811602386515
2025-04-25 16:20:47,206 - INFO - Node 2: k=160.1588298677633, f_best=-7.193421840667725, f_min=-9.945639443122673
2025-04-25 16:20:47,207 - INFO - Node 3: k=103.37379037862647, f_best=-7.803477764129639, f_min=-7.982897222028896
2025-04-25 16:20:47,207 - INFO - cur_node_number 2,f_best -7.803477764129639,f_min -7.982897222028896,k 103.37379037862647
2025-04-25 16:20:47,207 - INFO - f_best_current -7.803477764129639,f_min -7.982897222028896
2025-04-25 16:20:52,768 - INFO - tree_node.f_best*ep:-7.803477764129639,left_f_best-7.214176654815674,right_f_best-7.822798252105713,i:1
2025-04-25 16:21:07,625 - INFO - 添加左子节点，右子节点，len(queue):3
2025-04-25 16:21:07,625 - INFO - Node 1: k=539.2718274951272, f_best=-7.795708179473877, f_min=-8.96811602386515
2025-04-25 16:21:07,625 - INFO - Node 2: k=160.1588298677633, f_best=-7.193421840667725, f_min=-9.945639443122673
2025-04-25 16:21:07,625 - INFO - Node 3: k=103.37379037862647, f_best=-7.803477764129639, f_min=-7.982897222028896
2025-04-25 16:21:07,625 - INFO - Node 4: k=71.5351695377825, f_best=-7.214176654815674, f_min=-7.329754719208722
2025-04-25 16:21:07,625 - INFO - Node 5: k=98.35661454311575, f_best=-7.822798252105713, f_min=-8.90075099228443
2025-04-25 16:21:07,625 - INFO - cur_node_number 3,f_best -7.822798252105713,f_min -8.90075099228443,k 98.35661454311575
2025-04-25 16:21:07,625 - INFO - f_best_current -7.822798252105713,f_min -8.90075099228443
2025-04-25 16:21:13,482 - INFO - tree_node.f_best*ep:-7.822798252105713,left_f_best-7.210685729980469,right_f_best-7.829566955566406,i:1
2025-04-25 16:21:27,526 - INFO - 添加左子节点，右子节点，len(queue):4
2025-04-25 16:21:27,526 - INFO - Node 1: k=539.2718274951272, f_best=-7.795708179473877, f_min=-8.96811602386515
2025-04-25 16:21:27,526 - INFO - Node 2: k=160.1588298677633, f_best=-7.193421840667725, f_min=-9.945639443122673
2025-04-25 16:21:27,526 - INFO - Node 3: k=103.37379037862647, f_best=-7.803477764129639, f_min=-7.982897222028896
2025-04-25 16:21:27,526 - INFO - Node 4: k=71.5351695377825, f_best=-7.214176654815674, f_min=-7.329754719208722
2025-04-25 16:21:27,526 - INFO - Node 5: k=98.35661454311575, f_best=-7.822798252105713, f_min=-8.90075099228443
2025-04-25 16:21:27,526 - INFO - Node 6: k=96.41860066965567, f_best=-7.210685729980469, f_min=-7.306731147395112
2025-04-25 16:21:27,526 - INFO - Node 7: k=53.07358170786819, f_best=-7.829566955566406, f_min=-8.435589994949169
2025-04-25 16:21:27,527 - INFO - cur_node_number 4,f_best -7.829566955566406,f_min -8.435589994949169,k 53.07358170786819
2025-04-25 16:21:27,527 - INFO - f_best_current -7.829566955566406,f_min -8.435589994949169
2025-04-25 16:21:32,860 - INFO - tree_node.f_best*ep:-7.829566955566406,left_f_best-7.195624828338623,right_f_best-7.829463481903076,i:1
2025-04-25 16:21:38,652 - INFO - tree_node.f_best*ep:-7.829566955566406,left_f_best-7.212841987609863,right_f_best-7.82444953918457,i:2
2025-04-25 16:21:44,682 - INFO - tree_node.f_best*ep:-7.829566955566406,left_f_best-7.229915142059326,right_f_best-7.840814113616943,i:3
2025-04-25 16:22:03,771 - INFO - 添加左子节点，右子节点，len(queue):5
2025-04-25 16:22:03,771 - INFO - Node 1: k=539.2718274951272, f_best=-7.795708179473877, f_min=-8.96811602386515
2025-04-25 16:22:03,771 - INFO - Node 2: k=160.1588298677633, f_best=-7.193421840667725, f_min=-9.945639443122673
2025-04-25 16:22:03,771 - INFO - Node 3: k=103.37379037862647, f_best=-7.803477764129639, f_min=-7.982897222028896
2025-04-25 16:22:03,771 - INFO - Node 4: k=71.5351695377825, f_best=-7.214176654815674, f_min=-7.329754719208722
2025-04-25 16:22:03,771 - INFO - Node 5: k=98.35661454311575, f_best=-7.822798252105713, f_min=-8.90075099228443
2025-04-25 16:22:03,771 - INFO - Node 6: k=96.41860066965567, f_best=-7.210685729980469, f_min=-7.306731147395112
2025-04-25 16:22:03,772 - INFO - Node 7: k=53.07358170786819, f_best=-7.829566955566406, f_min=-8.435589994949169
2025-04-25 16:22:03,772 - INFO - Node 8: k=205.39280770694145, f_best=-7.229915142059326, f_min=-9.841132519984967
2025-04-25 16:22:03,772 - INFO - Node 9: k=118.82550636486255, f_best=-7.840814113616943, f_min=-7.931388620342204
2025-04-25 16:22:03,772 - INFO - cur_node_number 5,f_best -7.840814113616943,f_min -7.931388620342204,k 118.82550636486255
2025-04-25 16:22:03,772 - INFO - f_best_current -7.840814113616943,f_min -7.931388620342204
2025-04-25 16:22:03,772 - INFO - 回退,len(queue)=3
2025-04-25 16:22:03,772 - INFO - 回退,len(queue)=2
2025-04-25 16:22:03,772 - INFO - 回退,len(queue)=1
2025-04-25 16:22:09,262 - INFO - tree_node.f_best*ep:-7.803477764129639,left_f_best-7.209305286407471,right_f_best-7.827864170074463,i:1
2025-04-25 16:22:24,711 - INFO - 添加左子节点，右子节点，len(queue):3
2025-04-25 16:22:24,712 - INFO - Node 1: k=539.2718274951272, f_best=-7.795708179473877, f_min=-8.96811602386515
2025-04-25 16:22:24,712 - INFO - Node 2: k=160.1588298677633, f_best=-7.193421840667725, f_min=-9.945639443122673
2025-04-25 16:22:24,712 - INFO - Node 3: k=118.82550636486255, f_best=-7.803477764129639, f_min=-7.982897222028896
2025-04-25 16:22:24,712 - INFO - Node 4: k=63.483830785516496, f_best=-7.209305286407471, f_min=-7.323364394116652
2025-04-25 16:22:24,712 - INFO - Node 5: k=96.41860066965567, f_best=-7.827864170074463, f_min=-8.348859842625188
2025-04-25 16:22:24,712 - INFO - cur_node_number 6,f_best -7.827864170074463,f_min -8.348859842625188,k 96.41860066965567
2025-04-25 16:22:24,712 - INFO - f_best_current -7.827864170074463,f_min -8.348859842625188
2025-04-25 16:22:30,135 - INFO - tree_node.f_best*ep:-7.827864170074463,left_f_best-7.210726261138916,right_f_best-7.820202827453613,i:1
2025-04-25 16:22:35,858 - INFO - tree_node.f_best*ep:-7.827864170074463,left_f_best-7.219192028045654,right_f_best-7.820521831512451,i:2
2025-04-25 16:22:41,839 - INFO - tree_node.f_best*ep:-7.827864170074463,left_f_best-7.207559585571289,right_f_best-7.8359174728393555,i:3
2025-04-25 16:23:01,671 - INFO - 添加左子节点，右子节点，len(queue):4
2025-04-25 16:23:01,671 - INFO - Node 1: k=539.2718274951272, f_best=-7.795708179473877, f_min=-8.96811602386515
2025-04-25 16:23:01,672 - INFO - Node 2: k=160.1588298677633, f_best=-7.193421840667725, f_min=-9.945639443122673
2025-04-25 16:23:01,672 - INFO - Node 3: k=118.82550636486255, f_best=-7.803477764129639, f_min=-7.982897222028896
2025-04-25 16:23:01,672 - INFO - Node 4: k=63.483830785516496, f_best=-7.209305286407471, f_min=-7.323364394116652
2025-04-25 16:23:01,672 - INFO - Node 5: k=96.41860066965567, f_best=-7.827864170074463, f_min=-8.348859842625188
2025-04-25 16:23:01,672 - INFO - Node 6: k=165.0118025715864, f_best=-7.207559585571289, f_min=-7.517648793645094
2025-04-25 16:23:01,672 - INFO - Node 7: k=139.33225123568283, f_best=-7.8359174728393555, f_min=-8.614673430342009
2025-04-25 16:23:01,672 - INFO - cur_node_number 7,f_best -7.8359174728393555,f_min -8.614673430342009,k 139.33225123568283
2025-04-25 16:23:01,672 - INFO - f_best_current -7.8359174728393555,f_min -8.614673430342009
2025-04-25 16:23:01,672 - INFO - 回退,len(queue)=2
2025-04-25 16:23:01,672 - INFO - 回退,len(queue)=1
2025-04-25 16:23:07,075 - INFO - tree_node.f_best*ep:-7.803477764129639,left_f_best-7.185152053833008,right_f_best-7.817138195037842,i:1
2025-04-25 16:23:24,046 - INFO - 添加左子节点，右子节点，len(queue):3
2025-04-25 16:23:24,046 - INFO - Node 1: k=539.2718274951272, f_best=-7.795708179473877, f_min=-8.96811602386515
2025-04-25 16:23:24,046 - INFO - Node 2: k=160.1588298677633, f_best=-7.193421840667725, f_min=-9.945639443122673
2025-04-25 16:23:24,046 - INFO - Node 3: k=139.33225123568283, f_best=-7.803477764129639, f_min=-7.982897222028896
2025-04-25 16:23:24,046 - INFO - Node 4: k=80.60761956990734, f_best=-7.185152053833008, f_min=-9.042706196458766
2025-04-25 16:23:24,046 - INFO - Node 5: k=150.87686256081554, f_best=-7.817138195037842, f_min=-11.309343506276491
2025-04-25 16:23:24,046 - INFO - cur_node_number 8,f_best -7.817138195037842,f_min -11.309343506276491,k 150.87686256081554
2025-04-25 16:23:24,046 - INFO - f_best_current -7.817138195037842,f_min -11.309343506276491
2025-04-25 16:23:24,046 - INFO - 回退,len(queue)=1
2025-04-25 16:23:29,469 - INFO - tree_node.f_best*ep:-7.803477764129639,left_f_best-7.212707042694092,right_f_best-7.821542263031006,i:1
2025-04-25 16:23:46,757 - INFO - 添加左子节点，右子节点，len(queue):3
2025-04-25 16:23:46,757 - INFO - Node 1: k=539.2718274951272, f_best=-7.795708179473877, f_min=-8.96811602386515
2025-04-25 16:23:46,758 - INFO - Node 2: k=160.1588298677633, f_best=-7.193421840667725, f_min=-9.945639443122673
2025-04-25 16:23:46,758 - INFO - Node 3: k=150.87686256081554, f_best=-7.803477764129639, f_min=-7.982897222028896
2025-04-25 16:23:46,758 - INFO - Node 4: k=117.6490162028342, f_best=-7.212707042694092, f_min=-9.727709319311089
2025-04-25 16:23:46,758 - INFO - Node 5: k=111.93900209768718, f_best=-7.821542263031006, f_min=-8.738774950049446
2025-04-25 16:23:46,758 - INFO - cur_node_number 9,f_best -7.821542263031006,f_min -8.738774950049446,k 111.93900209768718
2025-04-25 16:23:46,758 - INFO - f_best_current -7.821542263031006,f_min -8.738774950049446
2025-04-25 16:23:52,230 - INFO - tree_node.f_best*ep:-7.821542263031006,left_f_best-7.202346324920654,right_f_best-7.829006671905518,i:1
2025-04-25 16:24:08,685 - INFO - 添加左子节点，右子节点，len(queue):4
2025-04-25 16:24:08,685 - INFO - Node 1: k=539.2718274951272, f_best=-7.795708179473877, f_min=-8.96811602386515
2025-04-25 16:24:08,686 - INFO - Node 2: k=160.1588298677633, f_best=-7.193421840667725, f_min=-9.945639443122673
2025-04-25 16:24:08,686 - INFO - Node 3: k=150.87686256081554, f_best=-7.803477764129639, f_min=-7.982897222028896
2025-04-25 16:24:08,686 - INFO - Node 4: k=117.6490162028342, f_best=-7.212707042694092, f_min=-9.727709319311089
2025-04-25 16:24:08,686 - INFO - Node 5: k=111.93900209768718, f_best=-7.821542263031006, f_min=-8.738774950049446
2025-04-25 16:24:08,686 - INFO - Node 6: k=75.93602394101494, f_best=-7.202346324920654, f_min=-7.2115210701731485
2025-04-25 16:24:08,686 - INFO - Node 7: k=120.01376142851117, f_best=-7.829006671905518, f_min=-8.132968202809934
2025-04-25 16:24:08,686 - INFO - cur_node_number 10,f_best -7.829006671905518,f_min -8.132968202809934,k 120.01376142851117
2025-04-25 16:24:08,686 - INFO - f_best_current -7.829006671905518,f_min -8.132968202809934
2025-04-25 16:24:08,686 - INFO - 回退,len(queue)=2
2025-04-25 16:24:14,158 - INFO - tree_node.f_best*ep:-7.821542263031006,left_f_best-7.199762344360352,right_f_best-7.813317775726318,i:1
2025-04-25 16:24:19,848 - INFO - tree_node.f_best*ep:-7.821542263031006,left_f_best-7.214354991912842,right_f_best-7.838388919830322,i:2
2025-04-25 16:24:36,705 - INFO - 添加左子节点，右子节点，len(queue):4
2025-04-25 16:24:36,705 - INFO - Node 1: k=539.2718274951272, f_best=-7.795708179473877, f_min=-8.96811602386515
2025-04-25 16:24:36,705 - INFO - Node 2: k=160.1588298677633, f_best=-7.193421840667725, f_min=-9.945639443122673
2025-04-25 16:24:36,706 - INFO - Node 3: k=150.87686256081554, f_best=-7.803477764129639, f_min=-7.982897222028896
2025-04-25 16:24:36,706 - INFO - Node 4: k=117.6490162028342, f_best=-7.212707042694092, f_min=-9.727709319311089
2025-04-25 16:24:36,706 - INFO - Node 5: k=120.01376142851117, f_best=-7.821542263031006, f_min=-8.738774950049446
2025-04-25 16:24:36,706 - INFO - Node 6: k=106.50611960088922, f_best=-7.214354991912842, f_min=-8.981573721640416
2025-04-25 16:24:36,706 - INFO - Node 7: k=109.73336153091577, f_best=-7.838388919830322, f_min=-7.870861954027532
2025-04-25 16:24:36,706 - INFO - cur_node_number 11,f_best -7.838388919830322,f_min -7.870861954027532,k 109.73336153091577
2025-04-25 16:24:36,706 - INFO - f_best_current -7.838388919830322,f_min -7.870861954027532
2025-04-25 16:24:36,706 - INFO - 结束,fmin= -7.870861954027532, fbestmin=-7.838388919830322
