2025-04-25 14:32:46,772 - INFO - Model output max(1): torch.return_types.max(
values=tensor([8.8363], grad_fn=<MaxBackward0>),
indices=tensor([0]))
2025-04-25 14:32:51,712 - INFO - cur_node_number 1,f_best 6.179897308349609,f_min 3.812586130861746,k 257.9162015491693
2025-04-25 14:32:51,713 - INFO - f_best_current 6.179897308349609,f_min 3.812586130861746
2025-04-25 14:32:59,702 - INFO - tree_node.f_best*ep:6.179897308349609,left_f_best6.601369380950928,right_f_best6.145592212677002,i:1
2025-04-25 14:33:25,029 - INFO - 添加左子节点，右子节点，len(queue):2
2025-04-25 14:33:25,030 - INFO - Node 1: k=257.9162015491693, f_best=6.179897308349609, f_min=3.812586130861746
2025-04-25 14:33:25,030 - INFO - Node 2: k=77.34127593961796, f_best=6.601369380950928, f_min=4.266717836967018
2025-04-25 14:33:25,030 - INFO - Node 3: k=159.90852550066774, f_best=6.145592212677002, f_min=-0.16066642521309404
2025-04-25 14:33:25,030 - INFO - cur_node_number 2,f_best 6.145592212677002,f_min -0.16066642521309404,k 159.90852550066774
2025-04-25 14:33:25,030 - INFO - f_best_current 6.145592212677002,f_min -0.16066642521309404
2025-04-25 14:33:32,432 - INFO - tree_node.f_best*ep:6.145592212677002,left_f_best6.592329025268555,right_f_best6.164953708648682,i:1
2025-04-25 14:33:40,118 - INFO - tree_node.f_best*ep:6.145592212677002,left_f_best6.539170742034912,right_f_best6.1341986656188965,i:2
2025-04-25 14:34:02,407 - INFO - 添加左子节点，右子节点，len(queue):3
2025-04-25 14:34:02,408 - INFO - Node 1: k=257.9162015491693, f_best=6.179897308349609, f_min=3.812586130861746
2025-04-25 14:34:02,408 - INFO - Node 2: k=77.34127593961796, f_best=6.601369380950928, f_min=4.266717836967018
2025-04-25 14:34:02,408 - INFO - Node 3: k=159.90852550066774, f_best=6.145592212677002, f_min=-0.16066642521309404
2025-04-25 14:34:02,408 - INFO - Node 4: k=96.2679127754148, f_best=6.539170742034912, f_min=6.08995506101337
2025-04-25 14:34:02,408 - INFO - Node 5: k=82.92031611192773, f_best=6.1341986656188965, f_min=5.526576566752738
2025-04-25 14:34:02,408 - INFO - cur_node_number 3,f_best 6.1341986656188965,f_min 5.526576566752738,k 82.92031611192773
2025-04-25 14:34:02,409 - INFO - f_best_current 6.1341986656188965,f_min 5.526576566752738
2025-04-25 14:34:10,364 - INFO - tree_node.f_best*ep:6.1341986656188965,left_f_best6.5655388832092285,right_f_best6.163165092468262,i:1
2025-04-25 14:34:18,878 - INFO - tree_node.f_best*ep:6.1341986656188965,left_f_best6.562076091766357,right_f_best6.177482604980469,i:2
2025-04-25 14:34:27,644 - INFO - tree_node.f_best*ep:6.1341986656188965,left_f_best6.555394649505615,right_f_best6.134182453155518,i:3
2025-04-25 14:34:54,302 - INFO - 添加左子节点，右子节点，len(queue):4
2025-04-25 14:34:54,302 - INFO - Node 1: k=257.9162015491693, f_best=6.179897308349609, f_min=3.812586130861746
2025-04-25 14:34:54,302 - INFO - Node 2: k=77.34127593961796, f_best=6.601369380950928, f_min=4.266717836967018
2025-04-25 14:34:54,302 - INFO - Node 3: k=159.90852550066774, f_best=6.145592212677002, f_min=-0.16066642521309404
2025-04-25 14:34:54,303 - INFO - Node 4: k=96.2679127754148, f_best=6.539170742034912, f_min=6.08995506101337
2025-04-25 14:34:54,303 - INFO - Node 5: k=82.92031611192773, f_best=6.1341986656188965, f_min=5.526576566752738
2025-04-25 14:34:54,303 - INFO - Node 6: k=110.65748329754798, f_best=6.555394649505615, f_min=6.142154853833745
2025-04-25 14:34:54,303 - INFO - Node 7: k=64.01846117539624, f_best=6.134182453155518, f_min=5.940122712462653
2025-04-25 14:34:54,303 - INFO - cur_node_number 4,f_best 6.134182453155518,f_min 5.940122712462653,k 64.01846117539624
2025-04-25 14:34:54,303 - INFO - f_best_current 6.134182453155518,f_min 5.940122712462653
2025-04-25 14:35:03,638 - INFO - tree_node.f_best*ep:6.134182453155518,left_f_best6.585516452789307,right_f_best6.1591572761535645,i:1
2025-04-25 14:35:13,622 - INFO - tree_node.f_best*ep:6.134182453155518,left_f_best6.561849117279053,right_f_best6.144240379333496,i:2
2025-04-25 14:35:24,456 - INFO - tree_node.f_best*ep:6.134182453155518,left_f_best6.561178684234619,right_f_best6.1180853843688965,i:3
2025-04-25 14:35:54,486 - INFO - 添加左子节点，右子节点，len(queue):5
2025-04-25 14:35:54,486 - INFO - Node 1: k=257.9162015491693, f_best=6.179897308349609, f_min=3.812586130861746
2025-04-25 14:35:54,487 - INFO - Node 2: k=77.34127593961796, f_best=6.601369380950928, f_min=4.266717836967018
2025-04-25 14:35:54,487 - INFO - Node 3: k=159.90852550066774, f_best=6.145592212677002, f_min=-0.16066642521309404
2025-04-25 14:35:54,487 - INFO - Node 4: k=96.2679127754148, f_best=6.539170742034912, f_min=6.08995506101337
2025-04-25 14:35:54,487 - INFO - Node 5: k=82.92031611192773, f_best=6.1341986656188965, f_min=5.526576566752738
2025-04-25 14:35:54,487 - INFO - Node 6: k=110.65748329754798, f_best=6.555394649505615, f_min=6.142154853833745
2025-04-25 14:35:54,487 - INFO - Node 7: k=64.01846117539624, f_best=6.134182453155518, f_min=5.940122712462653
2025-04-25 14:35:54,487 - INFO - Node 8: k=101.17854382911115, f_best=6.561178684234619, f_min=5.349968432601145
2025-04-25 14:35:54,487 - INFO - Node 9: k=110.65748329754798, f_best=6.1180853843688965, f_min=5.967881649357423
2025-04-25 14:35:54,488 - INFO - cur_node_number 5,f_best 6.1180853843688965,f_min 5.967881649357423,k 110.65748329754798
2025-04-25 14:35:54,488 - INFO - f_best_current 6.1180853843688965,f_min 5.967881649357423
2025-04-25 14:35:54,488 - INFO - 回退,len(queue)=3
2025-04-25 14:35:54,488 - INFO - 回退,len(queue)=2
2025-04-25 14:36:03,513 - INFO - tree_node.f_best*ep:6.1341986656188965,left_f_best6.5732645988464355,right_f_best6.151068210601807,i:1
2025-04-25 14:36:12,886 - INFO - tree_node.f_best*ep:6.1341986656188965,left_f_best6.555619239807129,right_f_best6.1274847984313965,i:2
2025-04-25 14:36:40,604 - INFO - 添加左子节点，右子节点，len(queue):4
2025-04-25 14:36:40,604 - INFO - Node 1: k=257.9162015491693, f_best=6.179897308349609, f_min=3.812586130861746
2025-04-25 14:36:40,604 - INFO - Node 2: k=77.34127593961796, f_best=6.601369380950928, f_min=4.266717836967018
2025-04-25 14:36:40,604 - INFO - Node 3: k=159.90852550066774, f_best=6.145592212677002, f_min=-0.16066642521309404
2025-04-25 14:36:40,605 - INFO - Node 4: k=96.2679127754148, f_best=6.539170742034912, f_min=6.08995506101337
2025-04-25 14:36:40,605 - INFO - Node 5: k=110.65748329754798, f_best=6.1341986656188965, f_min=5.526576566752738
2025-04-25 14:36:40,605 - INFO - Node 6: k=98.20289782220064, f_best=6.555619239807129, f_min=6.4950965382431605
2025-04-25 14:36:40,605 - INFO - Node 7: k=103.21223256007629, f_best=6.1274847984313965, f_min=4.9199720894630445
2025-04-25 14:36:40,605 - INFO - cur_node_number 6,f_best 6.1274847984313965,f_min 4.9199720894630445,k 103.21223256007629
2025-04-25 14:36:40,605 - INFO - f_best_current 6.1274847984313965,f_min 4.9199720894630445
2025-04-25 14:36:49,176 - INFO - tree_node.f_best*ep:6.1274847984313965,left_f_best6.590164661407471,right_f_best6.177574157714844,i:1
2025-04-25 14:36:57,777 - INFO - tree_node.f_best*ep:6.1274847984313965,left_f_best6.527223110198975,right_f_best6.143243789672852,i:2
2025-04-25 14:37:07,184 - INFO - tree_node.f_best*ep:6.1274847984313965,left_f_best6.54811429977417,right_f_best6.1457438468933105,i:3
2025-04-25 14:37:16,655 - INFO - tree_node.f_best*ep:6.1274847984313965,left_f_best6.542543411254883,right_f_best6.116770267486572,i:4
2025-04-25 14:37:43,439 - INFO - 添加左子节点，右子节点，len(queue):5
2025-04-25 14:37:43,439 - INFO - Node 1: k=257.9162015491693, f_best=6.179897308349609, f_min=3.812586130861746
2025-04-25 14:37:43,439 - INFO - Node 2: k=77.34127593961796, f_best=6.601369380950928, f_min=4.266717836967018
2025-04-25 14:37:43,440 - INFO - Node 3: k=159.90852550066774, f_best=6.145592212677002, f_min=-0.16066642521309404
2025-04-25 14:37:43,440 - INFO - Node 4: k=96.2679127754148, f_best=6.539170742034912, f_min=6.08995506101337
2025-04-25 14:37:43,440 - INFO - Node 5: k=110.65748329754798, f_best=6.1341986656188965, f_min=5.526576566752738
2025-04-25 14:37:43,440 - INFO - Node 6: k=98.20289782220064, f_best=6.555619239807129, f_min=6.4950965382431605
2025-04-25 14:37:43,440 - INFO - Node 7: k=103.21223256007629, f_best=6.1274847984313965, f_min=4.9199720894630445
2025-04-25 14:37:43,440 - INFO - Node 8: k=101.17854382911115, f_best=6.542543411254883, f_min=6.242027215229427
2025-04-25 14:37:43,440 - INFO - Node 9: k=103.21223256007629, f_best=6.116770267486572, f_min=6.038697271570982
2025-04-25 14:37:43,441 - INFO - cur_node_number 7,f_best 6.116770267486572,f_min 6.038697271570982,k 103.21223256007629
2025-04-25 14:37:43,441 - INFO - f_best_current 6.116770267486572,f_min 6.038697271570982
2025-04-25 14:37:52,461 - INFO - tree_node.f_best*ep:6.116770267486572,left_f_best6.566932201385498,right_f_best6.1720051765441895,i:1
2025-04-25 14:38:01,652 - INFO - tree_node.f_best*ep:6.116770267486572,left_f_best6.5806498527526855,right_f_best6.1428446769714355,i:2
2025-04-25 14:38:10,856 - INFO - tree_node.f_best*ep:6.116770267486572,left_f_best6.557192325592041,right_f_best6.137939929962158,i:3
2025-04-25 14:38:20,206 - INFO - tree_node.f_best*ep:6.116770267486572,left_f_best6.529289722442627,right_f_best6.132264614105225,i:4
2025-04-25 14:38:29,552 - INFO - tree_node.f_best*ep:6.116770267486572,left_f_best6.52465295791626,right_f_best6.113460063934326,i:5
2025-04-25 14:38:54,753 - INFO - 添加左子节点，右子节点，len(queue):6
2025-04-25 14:38:54,753 - INFO - Node 1: k=257.9162015491693, f_best=6.179897308349609, f_min=3.812586130861746
2025-04-25 14:38:54,753 - INFO - Node 2: k=77.34127593961796, f_best=6.601369380950928, f_min=4.266717836967018
2025-04-25 14:38:54,753 - INFO - Node 3: k=159.90852550066774, f_best=6.145592212677002, f_min=-0.16066642521309404
2025-04-25 14:38:54,753 - INFO - Node 4: k=96.2679127754148, f_best=6.539170742034912, f_min=6.08995506101337
2025-04-25 14:38:54,753 - INFO - Node 5: k=110.65748329754798, f_best=6.1341986656188965, f_min=5.526576566752738
2025-04-25 14:38:54,753 - INFO - Node 6: k=98.20289782220064, f_best=6.555619239807129, f_min=6.4950965382431605
2025-04-25 14:38:54,754 - INFO - Node 7: k=103.21223256007629, f_best=6.1274847984313965, f_min=4.9199720894630445
2025-04-25 14:38:54,754 - INFO - Node 8: k=101.17854382911115, f_best=6.542543411254883, f_min=6.242027215229427
2025-04-25 14:38:54,754 - INFO - Node 9: k=103.21223256007629, f_best=6.116770267486572, f_min=6.038697271570982
2025-04-25 14:38:54,754 - INFO - Node 10: k=96.2679127754148, f_best=6.52465295791626, f_min=6.184398801333373
2025-04-25 14:38:54,754 - INFO - Node 11: k=128.46990278782738, f_best=6.113460063934326, f_min=6.070142423956895
2025-04-25 14:38:54,754 - INFO - cur_node_number 8,f_best 6.113460063934326,f_min 6.070142423956895,k 128.46990278782738
2025-04-25 14:38:54,754 - INFO - f_best_current 6.113460063934326,f_min 6.070142423956895
2025-04-25 14:38:54,754 - INFO - 结束,fmin= 6.070142423956895, fbestmin=6.113460063934326
