2025-04-25 14:32:46,704 - INFO - Model output max(1): torch.return_types.max(
values=tensor([8.8363], grad_fn=<MaxBackward0>),
indices=tensor([0]))
2025-04-25 14:32:51,738 - INFO - cur_node_number 1,f_best -11.116680145263672,f_min -12.93089710870936,k 236.42318475340514
2025-04-25 14:32:51,738 - INFO - f_best_current -11.116680145263672,f_min -12.93089710870936
2025-04-25 14:32:59,601 - INFO - tree_node.f_best*ep:-11.116680145263672,left_f_best-10.416820526123047,right_f_best-11.128958702087402,i:1
2025-04-25 14:33:22,784 - INFO - 添加左子节点，右子节点，len(queue):2
2025-04-25 14:33:22,786 - INFO - Node 1: k=236.42318475340514, f_best=-11.116680145263672, f_min=-12.93089710870936
2025-04-25 14:33:22,786 - INFO - Node 2: k=74.01245069600591, f_best=-10.416820526123047, f_min=-10.446791208421018
2025-04-25 14:33:22,786 - INFO - Node 3: k=129.95770633051197, f_best=-11.128958702087402, f_min=-11.937944312963737
2025-04-25 14:33:22,786 - INFO - cur_node_number 2,f_best -11.128958702087402,f_min -11.937944312963737,k 129.95770633051197
2025-04-25 14:33:22,787 - INFO - f_best_current -11.128958702087402,f_min -11.937944312963737
2025-04-25 14:33:30,089 - INFO - tree_node.f_best*ep:-11.128958702087402,left_f_best-10.428289413452148,right_f_best-11.128179550170898,i:1
2025-04-25 14:33:37,799 - INFO - tree_node.f_best*ep:-11.128958702087402,left_f_best-10.437894821166992,right_f_best-11.134744644165039,i:2
2025-04-25 14:33:59,620 - INFO - 添加左子节点，右子节点，len(queue):3
2025-04-25 14:33:59,621 - INFO - Node 1: k=236.42318475340514, f_best=-11.116680145263672, f_min=-12.93089710870936
2025-04-25 14:33:59,621 - INFO - Node 2: k=74.01245069600591, f_best=-10.416820526123047, f_min=-10.446791208421018
2025-04-25 14:33:59,621 - INFO - Node 3: k=129.95770633051197, f_best=-11.128958702087402, f_min=-11.937944312963737
2025-04-25 14:33:59,621 - INFO - Node 4: k=109.10341948046482, f_best=-10.437894821166992, f_min=-10.953404549146398
2025-04-25 14:33:59,621 - INFO - Node 5: k=87.28650137599143, f_best=-11.134744644165039, f_min=-11.571952918226089
2025-04-25 14:33:59,621 - INFO - cur_node_number 3,f_best -11.134744644165039,f_min -11.571952918226089,k 87.28650137599143
2025-04-25 14:33:59,621 - INFO - f_best_current -11.134744644165039,f_min -11.571952918226089
2025-04-25 14:34:06,946 - INFO - tree_node.f_best*ep:-11.134744644165039,left_f_best-10.42551326751709,right_f_best-11.107230186462402,i:1
2025-04-25 14:34:15,596 - INFO - tree_node.f_best*ep:-11.134744644165039,left_f_best-10.425186157226562,right_f_best-11.11884593963623,i:2
2025-04-25 14:34:24,500 - INFO - tree_node.f_best*ep:-11.134744644165039,left_f_best-10.441303253173828,right_f_best-11.147012710571289,i:3
2025-04-25 14:34:53,328 - INFO - 添加左子节点，右子节点，len(queue):4
2025-04-25 14:34:53,328 - INFO - Node 1: k=236.42318475340514, f_best=-11.116680145263672, f_min=-12.93089710870936
2025-04-25 14:34:53,328 - INFO - Node 2: k=74.01245069600591, f_best=-10.416820526123047, f_min=-10.446791208421018
2025-04-25 14:34:53,328 - INFO - Node 3: k=129.95770633051197, f_best=-11.128958702087402, f_min=-11.937944312963737
2025-04-25 14:34:53,329 - INFO - Node 4: k=109.10341948046482, f_best=-10.437894821166992, f_min=-10.953404549146398
2025-04-25 14:34:53,329 - INFO - Node 5: k=87.28650137599143, f_best=-11.134744644165039, f_min=-11.571952918226089
2025-04-25 14:34:53,329 - INFO - Node 6: k=118.82550636486255, f_best=-10.441303253173828, f_min=-10.785430292940873
2025-04-25 14:34:53,329 - INFO - Node 7: k=126.66568294153001, f_best=-11.147012710571289, f_min=-11.425511996837486
2025-04-25 14:34:53,329 - INFO - cur_node_number 4,f_best -11.147012710571289,f_min -11.425511996837486,k 126.66568294153001
2025-04-25 14:34:53,329 - INFO - f_best_current -11.147012710571289,f_min -11.425511996837486
2025-04-25 14:34:53,330 - INFO - 回退,len(queue)=2
2025-04-25 14:35:02,646 - INFO - tree_node.f_best*ep:-11.134744644165039,left_f_best-10.425592422485352,right_f_best-11.123372077941895,i:1
2025-04-25 14:35:12,578 - INFO - tree_node.f_best*ep:-11.134744644165039,left_f_best-10.412010192871094,right_f_best-11.131675720214844,i:2
2025-04-25 14:35:23,363 - INFO - tree_node.f_best*ep:-11.134744644165039,left_f_best-10.442816734313965,right_f_best-11.142879486083984,i:3
2025-04-25 14:35:52,122 - INFO - 添加左子节点，右子节点，len(queue):4
2025-04-25 14:35:52,122 - INFO - Node 1: k=236.42318475340514, f_best=-11.116680145263672, f_min=-12.93089710870936
2025-04-25 14:35:52,122 - INFO - Node 2: k=74.01245069600591, f_best=-10.416820526123047, f_min=-10.446791208421018
2025-04-25 14:35:52,122 - INFO - Node 3: k=129.95770633051197, f_best=-11.128958702087402, f_min=-11.937944312963737
2025-04-25 14:35:52,123 - INFO - Node 4: k=109.10341948046482, f_best=-10.437894821166992, f_min=-10.953404549146398
2025-04-25 14:35:52,123 - INFO - Node 5: k=126.66568294153001, f_best=-11.134744644165039, f_min=-11.571952918226089
2025-04-25 14:35:52,123 - INFO - Node 6: k=120.51805111614128, f_best=-10.442816734313965, f_min=-11.558458746842916
2025-04-25 14:35:52,123 - INFO - Node 7: k=90.83068335072721, f_best=-11.142879486083984, f_min=-11.642438064196085
2025-04-25 14:35:52,123 - INFO - cur_node_number 5,f_best -11.142879486083984,f_min -11.642438064196085,k 90.83068335072721
2025-04-25 14:35:52,123 - INFO - f_best_current -11.142879486083984,f_min -11.642438064196085
2025-04-25 14:36:01,071 - INFO - tree_node.f_best*ep:-11.142879486083984,left_f_best-10.405723571777344,right_f_best-11.119682312011719,i:1
2025-04-25 14:36:10,553 - INFO - tree_node.f_best*ep:-11.142879486083984,left_f_best-10.423263549804688,right_f_best-11.118605613708496,i:2
2025-04-25 14:36:20,192 - INFO - tree_node.f_best*ep:-11.142879486083984,left_f_best-10.437187194824219,right_f_best-11.146917343139648,i:3
2025-04-25 14:36:46,193 - INFO - 添加左子节点，右子节点，len(queue):5
2025-04-25 14:36:46,193 - INFO - Node 1: k=236.42318475340514, f_best=-11.116680145263672, f_min=-12.93089710870936
2025-04-25 14:36:46,193 - INFO - Node 2: k=74.01245069600591, f_best=-10.416820526123047, f_min=-10.446791208421018
2025-04-25 14:36:46,193 - INFO - Node 3: k=129.95770633051197, f_best=-11.128958702087402, f_min=-11.937944312963737
2025-04-25 14:36:46,193 - INFO - Node 4: k=109.10341948046482, f_best=-10.437894821166992, f_min=-10.953404549146398
2025-04-25 14:36:46,193 - INFO - Node 5: k=126.66568294153001, f_best=-11.134744644165039, f_min=-11.571952918226089
2025-04-25 14:36:46,193 - INFO - Node 6: k=120.51805111614128, f_best=-10.442816734313965, f_min=-11.558458746842916
2025-04-25 14:36:46,194 - INFO - Node 7: k=90.83068335072721, f_best=-11.142879486083984, f_min=-11.642438064196085
2025-04-25 14:36:46,194 - INFO - Node 8: k=111.93900209768718, f_best=-10.437187194824219, f_min=-12.515463380201709
2025-04-25 14:36:46,194 - INFO - Node 9: k=84.23307280552444, f_best=-11.146917343139648, f_min=-11.23554645518061
2025-04-25 14:36:46,194 - INFO - cur_node_number 6,f_best -11.146917343139648,f_min -11.23554645518061,k 84.23307280552444
2025-04-25 14:36:46,194 - INFO - f_best_current -11.146917343139648,f_min -11.23554645518061
2025-04-25 14:36:46,194 - INFO - 结束,fmin= -11.23554645518061, fbestmin=-11.146917343139648
