2025-04-25 14:32:46,798 - INFO - Model output max(1): torch.return_types.max(
values=tensor([8.8363], grad_fn=<MaxBackward0>),
indices=tensor([0]))
2025-04-25 14:32:52,009 - INFO - cur_node_number 1,f_best -8.165006637573242,f_min -20.4876358418951,k 776.5514315929832
2025-04-25 14:32:52,010 - INFO - f_best_current -8.165006637573242,f_min -20.4876358418951
2025-04-25 14:32:59,903 - INFO - tree_node.f_best*ep:-8.165006637573242,left_f_best-7.410749912261963,right_f_best-8.158331871032715,i:1
2025-04-25 14:33:07,450 - INFO - tree_node.f_best*ep:-8.165006637573242,left_f_best-7.400214672088623,right_f_best-8.191746711730957,i:2
2025-04-25 14:33:30,213 - INFO - 添加左子节点，右子节点，len(queue):2
2025-04-25 14:33:30,213 - INFO - Node 1: k=776.5514315929832, f_best=-8.165006637573242, f_min=-20.4876358418951
2025-04-25 14:33:30,213 - INFO - Node 2: k=87.65327333605069, f_best=-7.400214672088623, f_min=-7.447220917526465
2025-04-25 14:33:30,213 - INFO - Node 3: k=102.35028750359056, f_best=-8.191746711730957, f_min=-8.585827369275194
2025-04-25 14:33:30,213 - INFO - cur_node_number 2,f_best -8.191746711730957,f_min -8.585827369275194,k 102.35028750359056
2025-04-25 14:33:30,214 - INFO - f_best_current -8.191746711730957,f_min -8.585827369275194
2025-04-25 14:33:37,604 - INFO - tree_node.f_best*ep:-8.191746711730957,left_f_best-7.386633396148682,right_f_best-8.180869102478027,i:1
2025-04-25 14:33:45,005 - INFO - tree_node.f_best*ep:-8.191746711730957,left_f_best-7.405563831329346,right_f_best-8.186553001403809,i:2
2025-04-25 14:33:52,619 - INFO - tree_node.f_best*ep:-8.191746711730957,left_f_best-7.420689105987549,right_f_best-8.198351860046387,i:3
2025-04-25 14:34:16,100 - INFO - 添加左子节点，右子节点，len(queue):3
2025-04-25 14:34:16,100 - INFO - Node 1: k=776.5514315929832, f_best=-8.165006637573242, f_min=-20.4876358418951
2025-04-25 14:34:16,100 - INFO - Node 2: k=87.65327333605069, f_best=-7.400214672088623, f_min=-7.447220917526465
2025-04-25 14:34:16,100 - INFO - Node 3: k=102.35028750359056, f_best=-8.191746711730957, f_min=-8.585827369275194
2025-04-25 14:34:16,100 - INFO - Node 4: k=94.91593480219349, f_best=-7.420689105987549, f_min=-7.602957199602315
2025-04-25 14:34:16,100 - INFO - Node 5: k=99.34018068854691, f_best=-8.198351860046387, f_min=-8.884160575125406
2025-04-25 14:34:16,101 - INFO - cur_node_number 3,f_best -8.198351860046387,f_min -8.884160575125406,k 99.34018068854691
2025-04-25 14:34:16,101 - INFO - f_best_current -8.198351860046387,f_min -8.884160575125406
2025-04-25 14:34:24,231 - INFO - tree_node.f_best*ep:-8.198351860046387,left_f_best-7.381149768829346,right_f_best-8.18505859375,i:1
2025-04-25 14:34:32,667 - INFO - tree_node.f_best*ep:-8.198351860046387,left_f_best-7.40176248550415,right_f_best-8.188971519470215,i:2
2025-04-25 14:34:41,929 - INFO - tree_node.f_best*ep:-8.198351860046387,left_f_best-7.397653102874756,right_f_best-8.1806058883667,i:3
2025-04-25 14:34:52,188 - INFO - tree_node.f_best*ep:-8.198351860046387,left_f_best-7.411221981048584,right_f_best-8.188475608825684,i:4
2025-04-25 14:35:03,446 - INFO - tree_node.f_best*ep:-8.198351860046387,left_f_best-7.390029430389404,right_f_best-8.203993797302246,i:5
2025-04-25 14:35:31,021 - INFO - 添加左子节点，右子节点，len(queue):4
2025-04-25 14:35:31,021 - INFO - Node 1: k=776.5514315929832, f_best=-8.165006637573242, f_min=-20.4876358418951
2025-04-25 14:35:31,021 - INFO - Node 2: k=87.65327333605069, f_best=-7.400214672088623, f_min=-7.447220917526465
2025-04-25 14:35:31,021 - INFO - Node 3: k=102.35028750359056, f_best=-8.191746711730957, f_min=-8.585827369275194
2025-04-25 14:35:31,021 - INFO - Node 4: k=94.91593480219349, f_best=-7.420689105987549, f_min=-7.602957199602315
2025-04-25 14:35:31,022 - INFO - Node 5: k=99.34018068854691, f_best=-8.198351860046387, f_min=-8.884160575125406
2025-04-25 14:35:31,022 - INFO - Node 6: k=59.4613221292259, f_best=-7.390029430389404, f_min=-7.390888193910087
2025-04-25 14:35:31,022 - INFO - Node 7: k=133.8955547900328, f_best=-8.203993797302246, f_min=-12.06582864541815
2025-04-25 14:35:31,022 - INFO - cur_node_number 4,f_best -8.203993797302246,f_min -12.06582864541815,k 133.8955547900328
2025-04-25 14:35:31,022 - INFO - f_best_current -8.203993797302246,f_min -12.06582864541815
2025-04-25 14:35:31,022 - INFO - 回退,len(queue)=2
2025-04-25 14:35:31,023 - INFO - 回退,len(queue)=1
2025-04-25 14:35:40,456 - INFO - tree_node.f_best*ep:-8.191746711730957,left_f_best-7.396617412567139,right_f_best-8.183363914489746,i:1
2025-04-25 14:35:49,939 - INFO - tree_node.f_best*ep:-8.191746711730957,left_f_best-7.399293422698975,right_f_best-8.190394401550293,i:2
2025-04-25 14:35:59,839 - INFO - tree_node.f_best*ep:-8.191746711730957,left_f_best-7.417829990386963,right_f_best-8.179546356201172,i:3
2025-04-25 14:36:10,150 - INFO - tree_node.f_best*ep:-8.191746711730957,left_f_best-7.425285816192627,right_f_best-8.20580768585205,i:4
2025-04-25 14:36:36,286 - INFO - 添加左子节点，右子节点，len(queue):3
2025-04-25 14:36:36,286 - INFO - Node 1: k=776.5514315929832, f_best=-8.165006637573242, f_min=-20.4876358418951
2025-04-25 14:36:36,286 - INFO - Node 2: k=87.65327333605069, f_best=-7.400214672088623, f_min=-7.447220917526465
2025-04-25 14:36:36,287 - INFO - Node 3: k=133.8955547900328, f_best=-8.191746711730957, f_min=-8.585827369275194
2025-04-25 14:36:36,287 - INFO - Node 4: k=103.80816003622802, f_best=-7.425285816192627, f_min=-7.431294908743439
2025-04-25 14:36:36,287 - INFO - Node 5: k=94.51877332580696, f_best=-8.20580768585205, f_min=-8.399414043713023
2025-04-25 14:36:36,287 - INFO - cur_node_number 5,f_best -8.20580768585205,f_min -8.399414043713023,k 94.51877332580696
2025-04-25 14:36:36,287 - INFO - f_best_current -8.20580768585205,f_min -8.399414043713023
2025-04-25 14:36:45,088 - INFO - tree_node.f_best*ep:-8.20580768585205,left_f_best-7.394975185394287,right_f_best-8.18586540222168,i:1
2025-04-25 14:36:53,667 - INFO - tree_node.f_best*ep:-8.20580768585205,left_f_best-7.406134128570557,right_f_best-8.18498706817627,i:2
2025-04-25 14:37:02,818 - INFO - tree_node.f_best*ep:-8.20580768585205,left_f_best-7.409821033477783,right_f_best-8.209321975708008,i:3
2025-04-25 14:37:27,110 - INFO - 添加左子节点，右子节点，len(queue):4
2025-04-25 14:37:27,111 - INFO - Node 1: k=776.5514315929832, f_best=-8.165006637573242, f_min=-20.4876358418951
2025-04-25 14:37:27,111 - INFO - Node 2: k=87.65327333605069, f_best=-7.400214672088623, f_min=-7.447220917526465
2025-04-25 14:37:27,111 - INFO - Node 3: k=133.8955547900328, f_best=-8.191746711730957, f_min=-8.585827369275194
2025-04-25 14:37:27,111 - INFO - Node 4: k=103.80816003622802, f_best=-7.425285816192627, f_min=-7.431294908743439
2025-04-25 14:37:27,111 - INFO - Node 5: k=94.51877332580696, f_best=-8.20580768585205, f_min=-8.399414043713023
2025-04-25 14:37:27,111 - INFO - Node 6: k=82.57334850066115, f_best=-7.409821033477783, f_min=-9.096343366676138
2025-04-25 14:37:27,111 - INFO - Node 7: k=117.6490162028342, f_best=-8.209321975708008, f_min=-8.451013033824438
2025-04-25 14:37:27,111 - INFO - cur_node_number 6,f_best -8.209321975708008,f_min -8.451013033824438,k 117.6490162028342
2025-04-25 14:37:27,112 - INFO - f_best_current -8.209321975708008,f_min -8.451013033824438
2025-04-25 14:37:27,112 - INFO - 回退,len(queue)=2
2025-04-25 14:37:35,576 - INFO - tree_node.f_best*ep:-8.20580768585205,left_f_best-7.371866226196289,right_f_best-8.165318489074707,i:1
2025-04-25 14:37:45,141 - INFO - tree_node.f_best*ep:-8.20580768585205,left_f_best-7.414611339569092,right_f_best-8.179747581481934,i:2
2025-04-25 14:37:54,929 - INFO - tree_node.f_best*ep:-8.20580768585205,left_f_best-7.422816753387451,right_f_best-8.19655704498291,i:3
2025-04-25 14:38:04,771 - INFO - tree_node.f_best*ep:-8.20580768585205,left_f_best-7.433586597442627,right_f_best-8.207967758178711,i:4
2025-04-25 14:38:27,907 - INFO - 添加左子节点，右子节点，len(queue):4
2025-04-25 14:38:27,907 - INFO - Node 1: k=776.5514315929832, f_best=-8.165006637573242, f_min=-20.4876358418951
2025-04-25 14:38:27,907 - INFO - Node 2: k=87.65327333605069, f_best=-7.400214672088623, f_min=-7.447220917526465
2025-04-25 14:38:27,907 - INFO - Node 3: k=133.8955547900328, f_best=-8.191746711730957, f_min=-8.585827369275194
2025-04-25 14:38:27,907 - INFO - Node 4: k=103.80816003622802, f_best=-7.425285816192627, f_min=-7.431294908743439
2025-04-25 14:38:27,907 - INFO - Node 5: k=117.6490162028342, f_best=-8.20580768585205, f_min=-8.399414043713023
2025-04-25 14:38:27,908 - INFO - Node 6: k=109.10341948046482, f_best=-7.433586597442627, f_min=-8.675674646736297
2025-04-25 14:38:27,908 - INFO - Node 7: k=85.56661246543617, f_best=-8.207967758178711, f_min=-8.64707996023617
2025-04-25 14:38:27,908 - INFO - cur_node_number 7,f_best -8.207967758178711,f_min -8.64707996023617,k 85.56661246543617
2025-04-25 14:38:27,908 - INFO - f_best_current -8.207967758178711,f_min -8.64707996023617
2025-04-25 14:38:35,528 - INFO - tree_node.f_best*ep:-8.207967758178711,left_f_best-7.384864330291748,right_f_best-8.183487892150879,i:1
2025-04-25 14:38:43,457 - INFO - tree_node.f_best*ep:-8.207967758178711,left_f_best-7.390859127044678,right_f_best-8.177844047546387,i:2
2025-04-25 14:38:51,785 - INFO - tree_node.f_best*ep:-8.207967758178711,left_f_best-7.406705379486084,right_f_best-8.192107200622559,i:3
2025-04-25 14:39:00,457 - INFO - tree_node.f_best*ep:-8.207967758178711,left_f_best-7.413390636444092,right_f_best-8.198593139648438,i:4
2025-04-25 14:39:09,460 - INFO - tree_node.f_best*ep:-8.207967758178711,left_f_best-7.432358264923096,right_f_best-8.199971199035645,i:5
2025-04-25 14:39:18,688 - INFO - tree_node.f_best*ep:-8.207967758178711,left_f_best-7.429570198059082,right_f_best-8.196330070495605,i:6
2025-04-25 14:39:27,948 - INFO - tree_node.f_best*ep:-8.207967758178711,left_f_best-7.432936191558838,right_f_best-8.218749046325684,i:7
2025-04-25 14:39:47,828 - INFO - 添加左子节点，右子节点，len(queue):5
2025-04-25 14:39:47,829 - INFO - Node 1: k=776.5514315929832, f_best=-8.165006637573242, f_min=-20.4876358418951
2025-04-25 14:39:47,829 - INFO - Node 2: k=87.65327333605069, f_best=-7.400214672088623, f_min=-7.447220917526465
2025-04-25 14:39:47,829 - INFO - Node 3: k=133.8955547900328, f_best=-8.191746711730957, f_min=-8.585827369275194
2025-04-25 14:39:47,829 - INFO - Node 4: k=103.80816003622802, f_best=-7.425285816192627, f_min=-7.431294908743439
2025-04-25 14:39:47,829 - INFO - Node 5: k=117.6490162028342, f_best=-8.20580768585205, f_min=-8.399414043713023
2025-04-25 14:39:47,829 - INFO - Node 6: k=109.10341948046482, f_best=-7.433586597442627, f_min=-8.675674646736297
2025-04-25 14:39:47,829 - INFO - Node 7: k=85.56661246543617, f_best=-8.207967758178711, f_min=-8.64707996023617
2025-04-25 14:39:47,829 - INFO - Node 8: k=101.3369183203867, f_best=-7.432936191558838, f_min=-7.762329809216226
2025-04-25 14:39:47,829 - INFO - Node 9: k=61.616780713128, f_best=-8.218749046325684, f_min=-8.236415444506292
2025-04-25 14:39:47,829 - INFO - cur_node_number 8,f_best -8.218749046325684,f_min -8.236415444506292,k 61.616780713128
2025-04-25 14:39:47,830 - INFO - f_best_current -8.218749046325684,f_min -8.236415444506292
2025-04-25 14:39:47,830 - INFO - 结束,fmin= -8.236415444506292, fbestmin=-8.218749046325684
