2025-05-01 14:29:43,246 - INFO - Namespace(log_file='outputs/DNN7/img[0]/max/DNN7img0_label7.log', image_path='img[0].png', model_path='network/DNN7.pth', label=7, init_epsilon=0.05, epsilon=0.01, ep=1, min=0)
2025-05-01 14:29:43,293 - INFO - Model output max(1): torch.return_types.max(
values=tensor([21.0038], grad_fn=<MaxBackward0>),
indices=tensor([0]))
2025-05-01 14:30:01,936 - INFO - cur_node_number 1,f_best -6.433140754699707,f_min -6.535982283105113,k 472.3362008908122
2025-05-01 14:30:01,936 - INFO - f_best_current -6.433140754699707,f_min -6.535982283105113
2025-05-01 14:30:29,463 - INFO - tree_node.f_best*ep:-6.433140754699707,left_f_best-4.827476978302002,right_f_best-6.439204692840576,i:1
2025-05-01 14:32:57,502 - INFO - 添加左子节点，右子节点，len(queue):2
2025-05-01 14:32:57,502 - INFO - Node 1: k=472.3362008908122, f_best=-6.433140754699707, f_min=-6.535982283105113
2025-05-01 14:32:57,502 - INFO - Node 2: k=464.18608651259603, f_best=-4.827476978302002, f_min=-9.405195201377865
2025-05-01 14:32:57,502 - INFO - Node 3: k=247.99651077161934, f_best=-6.439204692840576, f_min=-6.973297911132249
2025-05-01 14:32:57,502 - INFO - cur_node_number 2,f_best -6.439204692840576,f_min -6.973297911132249,k 247.99651077161934
2025-05-01 14:32:57,502 - INFO - f_best_current -6.439204692840576,f_min -6.973297911132249
2025-05-01 14:33:27,981 - INFO - tree_node.f_best*ep:-6.439204692840576,left_f_best-4.682991981506348,right_f_best-6.545225620269775,i:1
2025-05-01 14:35:58,229 - INFO - 添加左子节点，右子节点，len(queue):3
2025-05-01 14:35:58,229 - INFO - Node 1: k=472.3362008908122, f_best=-6.433140754699707, f_min=-6.535982283105113
2025-05-01 14:35:58,229 - INFO - Node 2: k=464.18608651259603, f_best=-4.827476978302002, f_min=-9.405195201377865
2025-05-01 14:35:58,229 - INFO - Node 3: k=247.99651077161934, f_best=-6.439204692840576, f_min=-6.973297911132249
2025-05-01 14:35:58,229 - INFO - Node 4: k=285.0655941048827, f_best=-4.682991981506348, f_min=-6.220630437928776
2025-05-01 14:35:58,229 - INFO - Node 5: k=344.39029570161165, f_best=-6.545225620269775, f_min=-11.371610522061019
2025-05-01 14:35:58,229 - INFO - cur_node_number 3,f_best -6.545225620269775,f_min -11.371610522061019,k 344.39029570161165
2025-05-01 14:35:58,229 - INFO - f_best_current -6.545225620269775,f_min -11.371610522061019
2025-05-01 14:35:58,229 - INFO - 回退,len(queue)=1
2025-05-01 14:36:26,034 - INFO - tree_node.f_best*ep:-6.439204692840576,left_f_best-4.97131872177124,right_f_best-6.3337178230285645,i:1
2025-05-01 14:36:53,328 - INFO - tree_node.f_best*ep:-6.439204692840576,left_f_best-5.158311367034912,right_f_best-6.740458011627197,i:2
2025-05-01 14:38:58,201 - INFO - 添加左子节点，右子节点，len(queue):3
2025-05-01 14:38:58,201 - INFO - Node 1: k=472.3362008908122, f_best=-6.433140754699707, f_min=-6.535982283105113
2025-05-01 14:38:58,201 - INFO - Node 2: k=464.18608651259603, f_best=-4.827476978302002, f_min=-9.405195201377865
2025-05-01 14:38:58,201 - INFO - Node 3: k=344.39029570161165, f_best=-6.439204692840576, f_min=-6.973297911132249
2025-05-01 14:38:58,201 - INFO - Node 4: k=231.3108231010619, f_best=-5.158311367034912, f_min=-6.311694644832642
2025-05-01 14:38:58,201 - INFO - Node 5: k=224.50800601092487, f_best=-6.740458011627197, f_min=-9.201682021714078
2025-05-01 14:38:58,201 - INFO - cur_node_number 4,f_best -6.740458011627197,f_min -9.201682021714078,k 224.50800601092487
2025-05-01 14:38:58,201 - INFO - f_best_current -6.740458011627197,f_min -9.201682021714078
2025-05-01 14:39:27,044 - INFO - tree_node.f_best*ep:-6.740458011627197,left_f_best-4.7781453132629395,right_f_best-6.637918949127197,i:1
2025-05-01 14:39:57,262 - INFO - tree_node.f_best*ep:-6.740458011627197,left_f_best-4.919647216796875,right_f_best-6.664469242095947,i:2
2025-05-01 14:40:31,576 - INFO - tree_node.f_best*ep:-6.740458011627197,left_f_best-4.956386089324951,right_f_best-6.711314678192139,i:3
2025-05-01 14:41:01,427 - INFO - tree_node.f_best*ep:-6.740458011627197,left_f_best-5.414845943450928,right_f_best-6.713374614715576,i:4
2025-05-01 14:41:30,318 - INFO - tree_node.f_best*ep:-6.740458011627197,left_f_best-5.137750148773193,right_f_best-6.554447650909424,i:5
2025-05-01 14:42:00,072 - INFO - tree_node.f_best*ep:-6.740458011627197,left_f_best-5.224902629852295,right_f_best-6.608457565307617,i:6
2025-05-01 14:42:31,276 - INFO - tree_node.f_best*ep:-6.740458011627197,left_f_best-5.450859546661377,right_f_best-6.838613510131836,i:7
2025-05-01 14:44:45,008 - INFO - 添加左子节点，右子节点，len(queue):4
2025-05-01 14:44:45,008 - INFO - Node 1: k=472.3362008908122, f_best=-6.433140754699707, f_min=-6.535982283105113
2025-05-01 14:44:45,008 - INFO - Node 2: k=464.18608651259603, f_best=-4.827476978302002, f_min=-9.405195201377865
2025-05-01 14:44:45,008 - INFO - Node 3: k=344.39029570161165, f_best=-6.439204692840576, f_min=-6.973297911132249
2025-05-01 14:44:45,008 - INFO - Node 4: k=231.3108231010619, f_best=-5.158311367034912, f_min=-6.311694644832642
2025-05-01 14:44:45,008 - INFO - Node 5: k=224.50800601092487, f_best=-6.740458011627197, f_min=-9.201682021714078
2025-05-01 14:44:45,008 - INFO - Node 6: k=299.606804341959, f_best=-5.450859546661377, f_min=-7.097779391961012
2025-05-01 14:44:45,008 - INFO - Node 7: k=340.9804907936749, f_best=-6.838613510131836, f_min=-7.16315915440282
2025-05-01 14:44:45,008 - INFO - cur_node_number 5,f_best -6.838613510131836,f_min -7.16315915440282,k 340.9804907936749
2025-05-01 14:44:45,023 - INFO - f_best_current -6.838613510131836,f_min -7.16315915440282
2025-05-01 14:44:45,023 - INFO - 回退,len(queue)=2
2025-05-01 14:45:09,639 - INFO - tree_node.f_best*ep:-6.740458011627197,left_f_best-5.032324314117432,right_f_best-6.575990200042725,i:1
2025-05-01 14:45:34,852 - INFO - tree_node.f_best*ep:-6.740458011627197,left_f_best-5.023775577545166,right_f_best-6.538772106170654,i:2
2025-05-01 14:46:00,958 - INFO - tree_node.f_best*ep:-6.740458011627197,left_f_best-5.219569683074951,right_f_best-6.702542781829834,i:3
2025-05-01 14:46:28,418 - INFO - tree_node.f_best*ep:-6.740458011627197,left_f_best-5.1814284324646,right_f_best-6.8554558753967285,i:4
2025-05-01 14:48:55,514 - INFO - 添加左子节点，右子节点，len(queue):4
2025-05-01 14:48:55,514 - INFO - Node 1: k=472.3362008908122, f_best=-6.433140754699707, f_min=-6.535982283105113
2025-05-01 14:48:55,514 - INFO - Node 2: k=464.18608651259603, f_best=-4.827476978302002, f_min=-9.405195201377865
2025-05-01 14:48:55,514 - INFO - Node 3: k=344.39029570161165, f_best=-6.439204692840576, f_min=-6.973297911132249
2025-05-01 14:48:55,514 - INFO - Node 4: k=231.3108231010619, f_best=-5.158311367034912, f_min=-6.311694644832642
2025-05-01 14:48:55,514 - INFO - Node 5: k=340.9804907936749, f_best=-6.740458011627197, f_min=-9.201682021714078
2025-05-01 14:48:55,514 - INFO - Node 6: k=502.6470164394208, f_best=-5.1814284324646, f_min=-5.551280333063914
2025-05-01 14:48:55,514 - INFO - Node 7: k=376.6545944642649, f_best=-6.8554558753967285, f_min=-12.749049281414045
2025-05-01 14:48:55,514 - INFO - cur_node_number 6,f_best -6.8554558753967285,f_min -12.749049281414045,k 376.6545944642649
2025-05-01 14:48:55,514 - INFO - f_best_current -6.8554558753967285,f_min -12.749049281414045
2025-05-01 14:48:55,514 - INFO - 回退,len(queue)=2
2025-05-01 14:48:55,514 - INFO - 回退,len(queue)=1
2025-05-01 14:49:21,220 - INFO - tree_node.f_best*ep:-6.439204692840576,left_f_best-4.823827266693115,right_f_best-6.615468978881836,i:1
2025-05-01 14:51:32,532 - INFO - 添加左子节点，右子节点，len(queue):3
2025-05-01 14:51:32,532 - INFO - Node 1: k=472.3362008908122, f_best=-6.433140754699707, f_min=-6.535982283105113
2025-05-01 14:51:32,532 - INFO - Node 2: k=464.18608651259603, f_best=-4.827476978302002, f_min=-9.405195201377865
2025-05-01 14:51:32,532 - INFO - Node 3: k=376.6545944642649, f_best=-6.439204692840576, f_min=-6.973297911132249
2025-05-01 14:51:32,532 - INFO - Node 4: k=344.39029570161165, f_best=-4.823827266693115, f_min=-6.836701591097153
2025-05-01 14:51:32,532 - INFO - Node 5: k=273.94243282310885, f_best=-6.615468978881836, f_min=-6.910746529612879
2025-05-01 14:51:32,532 - INFO - cur_node_number 7,f_best -6.615468978881836,f_min -6.910746529612879,k 273.94243282310885
2025-05-01 14:51:32,532 - INFO - f_best_current -6.615468978881836,f_min -6.910746529612879
2025-05-01 14:51:57,544 - INFO - tree_node.f_best*ep:-6.615468978881836,left_f_best-5.081766605377197,right_f_best-6.5384674072265625,i:1
2025-05-01 14:52:23,235 - INFO - tree_node.f_best*ep:-6.615468978881836,left_f_best-4.8563456535339355,right_f_best-6.413156986236572,i:2
2025-05-01 14:52:49,817 - INFO - tree_node.f_best*ep:-6.615468978881836,left_f_best-5.113182544708252,right_f_best-6.605857849121094,i:3
2025-05-01 14:53:17,182 - INFO - tree_node.f_best*ep:-6.615468978881836,left_f_best-5.044528961181641,right_f_best-6.740179538726807,i:4
2025-05-01 14:55:22,556 - INFO - 添加左子节点，右子节点，len(queue):4
2025-05-01 14:55:22,556 - INFO - Node 1: k=472.3362008908122, f_best=-6.433140754699707, f_min=-6.535982283105113
2025-05-01 14:55:22,556 - INFO - Node 2: k=464.18608651259603, f_best=-4.827476978302002, f_min=-9.405195201377865
2025-05-01 14:55:22,556 - INFO - Node 3: k=376.6545944642649, f_best=-6.439204692840576, f_min=-6.973297911132249
2025-05-01 14:55:22,556 - INFO - Node 4: k=344.39029570161165, f_best=-4.823827266693115, f_min=-6.836701591097153
2025-05-01 14:55:22,556 - INFO - Node 5: k=273.94243282310885, f_best=-6.615468978881836, f_min=-6.910746529612879
2025-05-01 14:55:22,556 - INFO - Node 6: k=282.2431624800819, f_best=-5.044528961181641, f_min=-5.937478447687681
2025-05-01 14:55:22,556 - INFO - Node 7: k=305.6289011092324, f_best=-6.740179538726807, f_min=-8.944643261736928
2025-05-01 14:55:22,556 - INFO - cur_node_number 8,f_best -6.740179538726807,f_min -8.944643261736928,k 305.6289011092324
2025-05-01 14:55:22,556 - INFO - f_best_current -6.740179538726807,f_min -8.944643261736928
2025-05-01 14:55:22,556 - INFO - 回退,len(queue)=2
2025-05-01 14:55:48,108 - INFO - tree_node.f_best*ep:-6.615468978881836,left_f_best-5.0543317794799805,right_f_best-6.611367702484131,i:1
2025-05-01 14:56:14,743 - INFO - tree_node.f_best*ep:-6.615468978881836,left_f_best-4.68110990524292,right_f_best-6.605190277099609,i:2
2025-05-01 14:56:43,206 - INFO - tree_node.f_best*ep:-6.615468978881836,left_f_best-4.937196254730225,right_f_best-6.628977298736572,i:3
2025-05-01 14:59:02,364 - INFO - 添加左子节点，右子节点，len(queue):4
2025-05-01 14:59:02,364 - INFO - Node 1: k=472.3362008908122, f_best=-6.433140754699707, f_min=-6.535982283105113
2025-05-01 14:59:02,364 - INFO - Node 2: k=464.18608651259603, f_best=-4.827476978302002, f_min=-9.405195201377865
2025-05-01 14:59:02,364 - INFO - Node 3: k=376.6545944642649, f_best=-6.439204692840576, f_min=-6.973297911132249
2025-05-01 14:59:02,364 - INFO - Node 4: k=344.39029570161165, f_best=-4.823827266693115, f_min=-6.836701591097153
2025-05-01 14:59:02,364 - INFO - Node 5: k=305.6289011092324, f_best=-6.615468978881836, f_min=-6.910746529612879
2025-05-01 14:59:02,364 - INFO - Node 6: k=335.666373585713, f_best=-4.937196254730225, f_min=-5.841677571979744
2025-05-01 14:59:02,364 - INFO - Node 7: k=384.2253518129966, f_best=-6.628977298736572, f_min=-8.826563312595681
2025-05-01 14:59:02,364 - INFO - cur_node_number 9,f_best -6.628977298736572,f_min -8.826563312595681,k 384.2253518129966
2025-05-01 14:59:02,364 - INFO - f_best_current -6.628977298736572,f_min -8.826563312595681
2025-05-01 14:59:02,364 - INFO - 回退,len(queue)=2
2025-05-01 14:59:02,364 - INFO - 回退,len(queue)=1
2025-05-01 14:59:26,655 - INFO - tree_node.f_best*ep:-6.439204692840576,left_f_best-4.756568431854248,right_f_best-6.558993816375732,i:1
2025-05-01 15:01:57,068 - INFO - 添加左子节点，右子节点，len(queue):3
2025-05-01 15:01:57,068 - INFO - Node 1: k=472.3362008908122, f_best=-6.433140754699707, f_min=-6.535982283105113
2025-05-01 15:01:57,068 - INFO - Node 2: k=464.18608651259603, f_best=-4.827476978302002, f_min=-9.405195201377865
2025-05-01 15:01:57,068 - INFO - Node 3: k=384.2253518129966, f_best=-6.439204692840576, f_min=-6.973297911132249
2025-05-01 15:01:57,068 - INFO - Node 4: k=349.29577437545106, f_best=-4.756568431854248, f_min=-6.903139938007371
2025-05-01 15:01:57,068 - INFO - Node 5: k=523.0565009213973, f_best=-6.558993816375732, f_min=-12.914072070958355
2025-05-01 15:01:57,068 - INFO - cur_node_number 10,f_best -6.558993816375732,f_min -12.914072070958355,k 523.0565009213973
2025-05-01 15:01:57,068 - INFO - f_best_current -6.558993816375732,f_min -12.914072070958355
2025-05-01 15:01:57,068 - INFO - 回退,len(queue)=1
2025-05-01 15:01:57,068 - INFO - 回退,len(queue)=0
2025-05-01 15:02:22,825 - INFO - tree_node.f_best*ep:-6.433140754699707,left_f_best-5.084001064300537,right_f_best-6.312035083770752,i:1
2025-05-01 15:02:49,271 - INFO - tree_node.f_best*ep:-6.433140754699707,left_f_best-4.885002613067627,right_f_best-6.6956610679626465,i:2
2025-05-01 15:04:50,952 - INFO - 添加左子节点，右子节点，len(queue):2
2025-05-01 15:04:50,952 - INFO - Node 1: k=523.0565009213973, f_best=-6.433140754699707, f_min=-6.535982283105113
2025-05-01 15:04:50,952 - INFO - Node 2: k=308.6851901203247, f_best=-4.885002613067627, f_min=-5.005128092141604
2025-05-01 15:04:50,952 - INFO - Node 3: k=233.62393133207254, f_best=-6.6956610679626465, f_min=-7.603154003463715
2025-05-01 15:04:50,952 - INFO - cur_node_number 11,f_best -6.6956610679626465,f_min -7.603154003463715,k 233.62393133207254
2025-05-01 15:04:50,952 - INFO - f_best_current -6.6956610679626465,f_min -7.603154003463715
2025-05-01 15:05:15,337 - INFO - tree_node.f_best*ep:-6.6956610679626465,left_f_best-4.778929233551025,right_f_best-6.404984474182129,i:1
2025-05-01 15:05:41,021 - INFO - tree_node.f_best*ep:-6.6956610679626465,left_f_best-4.906022071838379,right_f_best-6.57036828994751,i:2
2025-05-01 15:06:08,025 - INFO - tree_node.f_best*ep:-6.6956610679626465,left_f_best-5.0640034675598145,right_f_best-6.643547534942627,i:3
2025-05-01 15:06:36,197 - INFO - tree_node.f_best*ep:-6.6956610679626465,left_f_best-4.955432415008545,right_f_best-6.592926502227783,i:4
2025-05-01 15:07:05,444 - INFO - tree_node.f_best*ep:-6.6956610679626465,left_f_best-4.990815162658691,right_f_best-6.615406513214111,i:5
2025-05-01 15:07:35,864 - INFO - tree_node.f_best*ep:-6.6956610679626465,left_f_best-5.096275806427002,right_f_best-6.800611972808838,i:6
2025-05-01 15:10:10,061 - INFO - 添加左子节点，右子节点，len(queue):3
2025-05-01 15:10:10,061 - INFO - Node 1: k=523.0565009213973, f_best=-6.433140754699707, f_min=-6.535982283105113
2025-05-01 15:10:10,061 - INFO - Node 2: k=308.6851901203247, f_best=-4.885002613067627, f_min=-5.005128092141604
2025-05-01 15:10:10,061 - INFO - Node 3: k=233.62393133207254, f_best=-6.6956610679626465, f_min=-7.603154003463715
2025-05-01 15:10:10,061 - INFO - Node 4: k=432.9547436341466, f_best=-5.096275806427002, f_min=-6.483509861091079
2025-05-01 15:10:10,061 - INFO - Node 5: k=572.0591918395459, f_best=-6.800611972808838, f_min=-15.768782493687468
2025-05-01 15:10:10,061 - INFO - cur_node_number 12,f_best -6.800611972808838,f_min -15.768782493687468,k 572.0591918395459
2025-05-01 15:10:10,061 - INFO - f_best_current -6.800611972808838,f_min -15.768782493687468
2025-05-01 15:10:10,061 - INFO - 回退,len(queue)=1
2025-05-01 15:10:10,061 - INFO - 回退,len(queue)=0
2025-05-01 15:10:35,721 - INFO - tree_node.f_best*ep:-6.433140754699707,left_f_best-4.834136486053467,right_f_best-6.574706077575684,i:1
2025-05-01 15:12:58,020 - INFO - 添加左子节点，右子节点，len(queue):2
2025-05-01 15:12:58,020 - INFO - Node 1: k=572.0591918395459, f_best=-6.433140754699707, f_min=-6.535982283105113
2025-05-01 15:12:58,020 - INFO - Node 2: k=276.68185715133995, f_best=-4.834136486053467, f_min=-6.95850963007797
2025-05-01 15:12:58,020 - INFO - Node 3: k=528.2870659306112, f_best=-6.574706077575684, f_min=-16.30067088573196
2025-05-01 15:12:58,020 - INFO - cur_node_number 13,f_best -6.574706077575684,f_min -16.30067088573196,k 528.2870659306112
2025-05-01 15:12:58,020 - INFO - f_best_current -6.574706077575684,f_min -16.30067088573196
2025-05-01 15:13:23,917 - INFO - tree_node.f_best*ep:-6.574706077575684,left_f_best-4.959730625152588,right_f_best-6.568474292755127,i:1
2025-05-01 15:13:50,331 - INFO - tree_node.f_best*ep:-6.574706077575684,left_f_best-4.976065158843994,right_f_best-6.600670337677002,i:2
2025-05-01 15:16:20,889 - INFO - 添加左子节点，右子节点，len(queue):3
2025-05-01 15:16:20,889 - INFO - Node 1: k=572.0591918395459, f_best=-6.433140754699707, f_min=-6.535982283105113
2025-05-01 15:16:20,889 - INFO - Node 2: k=276.68185715133995, f_best=-4.834136486053467, f_min=-6.95850963007797
2025-05-01 15:16:20,889 - INFO - Node 3: k=528.2870659306112, f_best=-6.574706077575684, f_min=-16.30067088573196
2025-05-01 15:16:20,889 - INFO - Node 4: k=376.6545944642649, f_best=-4.976065158843994, f_min=-7.452603805531908
2025-05-01 15:16:20,889 - INFO - Node 5: k=549.7376392385283, f_best=-6.600670337677002, f_min=-6.85653864518099
2025-05-01 15:16:20,889 - INFO - cur_node_number 14,f_best -6.600670337677002,f_min -6.85653864518099,k 549.7376392385283
2025-05-01 15:16:20,889 - INFO - f_best_current -6.600670337677002,f_min -6.85653864518099
2025-05-01 15:16:20,889 - INFO - 回退,len(queue)=1
2025-05-01 15:16:46,569 - INFO - tree_node.f_best*ep:-6.574706077575684,left_f_best-5.043339252471924,right_f_best-6.387328624725342,i:1
2025-05-01 15:17:13,068 - INFO - tree_node.f_best*ep:-6.574706077575684,left_f_best-4.846042633056641,right_f_best-6.55486536026001,i:2
2025-05-01 15:17:40,139 - INFO - tree_node.f_best*ep:-6.574706077575684,left_f_best-5.160876274108887,right_f_best-6.885450839996338,i:3
2025-05-01 15:20:05,359 - INFO - 添加左子节点，右子节点，len(queue):3
2025-05-01 15:20:05,359 - INFO - Node 1: k=572.0591918395459, f_best=-6.433140754699707, f_min=-6.535982283105113
2025-05-01 15:20:05,359 - INFO - Node 2: k=276.68185715133995, f_best=-4.834136486053467, f_min=-6.95850963007797
2025-05-01 15:20:05,359 - INFO - Node 3: k=549.7376392385283, f_best=-6.574706077575684, f_min=-16.30067088573196
2025-05-01 15:20:05,359 - INFO - Node 4: k=318.0386600661607, f_best=-5.160876274108887, f_min=-7.342721100983908
2025-05-01 15:20:05,359 - INFO - Node 5: k=589.393157411476, f_best=-6.885450839996338, f_min=-13.836521440614888
2025-05-01 15:20:05,359 - INFO - cur_node_number 15,f_best -6.885450839996338,f_min -13.836521440614888,k 589.393157411476
2025-05-01 15:20:05,359 - INFO - f_best_current -6.885450839996338,f_min -13.836521440614888
2025-05-01 15:20:05,375 - INFO - 回退,len(queue)=1
2025-05-01 15:20:05,375 - INFO - 回退,len(queue)=0
2025-05-01 15:20:30,152 - INFO - tree_node.f_best*ep:-6.433140754699707,left_f_best-4.917962074279785,right_f_best-6.61188268661499,i:1
2025-05-01 15:22:41,955 - INFO - 添加左子节点，右子节点，len(queue):2
2025-05-01 15:22:41,955 - INFO - Node 1: k=589.393157411476, f_best=-6.433140754699707, f_min=-6.535982283105113
2025-05-01 15:22:41,955 - INFO - Node 2: k=409.5767657947404, f_best=-4.917962074279785, f_min=-6.987749919344424
2025-05-01 15:22:41,955 - INFO - Node 3: k=224.50800601092487, f_best=-6.61188268661499, f_min=-7.366296031142156
2025-05-01 15:22:41,955 - INFO - cur_node_number 16,f_best -6.61188268661499,f_min -7.366296031142156,k 224.50800601092487
2025-05-01 15:22:41,955 - INFO - f_best_current -6.61188268661499,f_min -7.366296031142156
2025-05-01 15:23:07,759 - INFO - tree_node.f_best*ep:-6.61188268661499,left_f_best-4.808773994445801,right_f_best-6.577554225921631,i:1
2025-05-01 15:23:34,866 - INFO - tree_node.f_best*ep:-6.61188268661499,left_f_best-4.838058948516846,right_f_best-6.731894016265869,i:2
2025-05-01 15:25:54,348 - INFO - 添加左子节点，右子节点，len(queue):3
2025-05-01 15:25:54,348 - INFO - Node 1: k=589.393157411476, f_best=-6.433140754699707, f_min=-6.535982283105113
2025-05-01 15:25:54,348 - INFO - Node 2: k=409.5767657947404, f_best=-4.917962074279785, f_min=-6.987749919344424
2025-05-01 15:25:54,348 - INFO - Node 3: k=224.50800601092487, f_best=-6.61188268661499, f_min=-7.366296031142156
2025-05-01 15:25:54,348 - INFO - Node 4: k=533.5699365899173, f_best=-4.838058948516846, f_min=-10.558716186569654
2025-05-01 15:25:54,348 - INFO - Node 5: k=267.4209997537312, f_best=-6.731894016265869, f_min=-7.095053881188505
2025-05-01 15:25:54,348 - INFO - cur_node_number 17,f_best -6.731894016265869,f_min -7.095053881188505,k 267.4209997537312
2025-05-01 15:25:54,348 - INFO - f_best_current -6.731894016265869,f_min -7.095053881188505
2025-05-01 15:25:54,348 - INFO - 回退,len(queue)=1
2025-05-01 15:26:19,234 - INFO - tree_node.f_best*ep:-6.61188268661499,left_f_best-5.084925174713135,right_f_best-6.502917289733887,i:1
2025-05-01 15:26:44,839 - INFO - tree_node.f_best*ep:-6.61188268661499,left_f_best-5.019167423248291,right_f_best-6.653947353363037,i:2
2025-05-01 15:28:59,031 - INFO - 添加左子节点，右子节点，len(queue):3
2025-05-01 15:28:59,031 - INFO - Node 1: k=589.393157411476, f_best=-6.433140754699707, f_min=-6.535982283105113
2025-05-01 15:28:59,031 - INFO - Node 2: k=409.5767657947404, f_best=-4.917962074279785, f_min=-6.987749919344424
2025-05-01 15:28:59,031 - INFO - Node 3: k=267.4209997537312, f_best=-6.61188268661499, f_min=-7.366296031142156
2025-05-01 15:28:59,031 - INFO - Node 4: k=361.95766193930467, f_best=-5.019167423248291, f_min=-6.360415005521645
2025-05-01 15:28:59,031 - INFO - Node 5: k=308.6851901203247, f_best=-6.653947353363037, f_min=-8.128021910866664
2025-05-01 15:28:59,046 - INFO - cur_node_number 18,f_best -6.653947353363037,f_min -8.128021910866664,k 308.6851901203247
2025-05-01 15:28:59,046 - INFO - f_best_current -6.653947353363037,f_min -8.128021910866664
2025-05-01 15:28:59,046 - INFO - 回退,len(queue)=1
2025-05-01 15:29:24,755 - INFO - tree_node.f_best*ep:-6.61188268661499,left_f_best-4.9345855712890625,right_f_best-6.626614093780518,i:1
2025-05-01 15:31:54,168 - INFO - 添加左子节点，右子节点，len(queue):3
2025-05-01 15:31:54,168 - INFO - Node 1: k=589.393157411476, f_best=-6.433140754699707, f_min=-6.535982283105113
2025-05-01 15:31:54,168 - INFO - Node 2: k=409.5767657947404, f_best=-4.917962074279785, f_min=-6.987749919344424
2025-05-01 15:31:54,168 - INFO - Node 3: k=308.6851901203247, f_best=-6.61188268661499, f_min=-7.366296031142156
2025-05-01 15:31:54,168 - INFO - Node 4: k=356.31661944039763, f_best=-4.9345855712890625, f_min=-7.134029567641846
2025-05-01 15:31:54,168 - INFO - Node 5: k=473.51622685149925, f_best=-6.626614093780518, f_min=-11.108350449036152
2025-05-01 15:31:54,168 - INFO - cur_node_number 19,f_best -6.626614093780518,f_min -11.108350449036152,k 473.51622685149925
2025-05-01 15:31:54,168 - INFO - f_best_current -6.626614093780518,f_min -11.108350449036152
2025-05-01 15:31:54,168 - INFO - 回退,len(queue)=1
2025-05-01 15:32:19,692 - INFO - tree_node.f_best*ep:-6.61188268661499,left_f_best-4.801965713500977,right_f_best-6.6477532386779785,i:1
2025-05-01 15:34:30,548 - INFO - 添加左子节点，右子节点，len(queue):3
2025-05-01 15:34:30,548 - INFO - Node 1: k=589.393157411476, f_best=-6.433140754699707, f_min=-6.535982283105113
2025-05-01 15:34:30,548 - INFO - Node 2: k=409.5767657947404, f_best=-4.917962074279785, f_min=-6.987749919344424
2025-05-01 15:34:30,548 - INFO - Node 3: k=473.51622685149925, f_best=-6.61188268661499, f_min=-7.366296031142156
2025-05-01 15:34:30,548 - INFO - Node 4: k=273.94243282310885, f_best=-4.801965713500977, f_min=-8.656243559469658
2025-05-01 15:34:30,548 - INFO - Node 5: k=422.64788699429613, f_best=-6.6477532386779785, f_min=-9.45976509927641
2025-05-01 15:34:30,548 - INFO - cur_node_number 20,f_best -6.6477532386779785,f_min -9.45976509927641,k 422.64788699429613
2025-05-01 15:34:30,548 - INFO - f_best_current -6.6477532386779785,f_min -9.45976509927641
2025-05-01 15:34:55,677 - INFO - tree_node.f_best*ep:-6.6477532386779785,left_f_best-5.240535259246826,right_f_best-6.397027492523193,i:1
2025-05-01 15:35:21,479 - INFO - tree_node.f_best*ep:-6.6477532386779785,left_f_best-4.859036922454834,right_f_best-6.4132280349731445,i:2
2025-05-01 15:35:48,420 - INFO - tree_node.f_best*ep:-6.6477532386779785,left_f_best-4.992110252380371,right_f_best-6.624175548553467,i:3
2025-05-01 15:36:16,478 - INFO - tree_node.f_best*ep:-6.6477532386779785,left_f_best-4.930600643157959,right_f_best-6.801022529602051,i:4
2025-05-01 15:38:34,728 - INFO - 添加左子节点，右子节点，len(queue):4
2025-05-01 15:38:34,728 - INFO - Node 1: k=589.393157411476, f_best=-6.433140754699707, f_min=-6.535982283105113
2025-05-01 15:38:34,728 - INFO - Node 2: k=409.5767657947404, f_best=-4.917962074279785, f_min=-6.987749919344424
2025-05-01 15:38:34,728 - INFO - Node 3: k=473.51622685149925, f_best=-6.61188268661499, f_min=-7.366296031142156
2025-05-01 15:38:34,728 - INFO - Node 4: k=273.94243282310885, f_best=-4.801965713500977, f_min=-8.656243559469658
2025-05-01 15:38:34,728 - INFO - Node 5: k=422.64788699429613, f_best=-6.6477532386779785, f_min=-9.45976509927641
2025-05-01 15:38:34,728 - INFO - Node 6: k=324.4312371334905, f_best=-4.930600643157959, f_min=-6.592936504628597
2025-05-01 15:38:34,728 - INFO - Node 7: k=380.42114040890755, f_best=-6.801022529602051, f_min=-7.477992530541087
2025-05-01 15:38:34,728 - INFO - cur_node_number 21,f_best -6.801022529602051,f_min -7.477992530541087,k 380.42114040890755
2025-05-01 15:38:34,728 - INFO - f_best_current -6.801022529602051,f_min -7.477992530541087
2025-05-01 15:39:00,388 - INFO - tree_node.f_best*ep:-6.801022529602051,left_f_best-5.073460102081299,right_f_best-6.388582706451416,i:1
2025-05-01 15:39:26,705 - INFO - tree_node.f_best*ep:-6.801022529602051,left_f_best-5.108993053436279,right_f_best-6.476924419403076,i:2
2025-05-01 15:39:53,886 - INFO - tree_node.f_best*ep:-6.801022529602051,left_f_best-5.167604446411133,right_f_best-6.62445592880249,i:3
2025-05-01 15:40:22,376 - INFO - tree_node.f_best*ep:-6.801022529602051,left_f_best-5.01080846786499,right_f_best-6.660215854644775,i:4
2025-05-01 15:40:52,551 - INFO - tree_node.f_best*ep:-6.801022529602051,left_f_best-5.1531572341918945,right_f_best-6.787144184112549,i:5
2025-05-01 15:41:23,646 - INFO - tree_node.f_best*ep:-6.801022529602051,left_f_best-5.24138879776001,right_f_best-6.7619524002075195,i:6
2025-05-01 15:41:55,645 - INFO - tree_node.f_best*ep:-6.801022529602051,left_f_best-5.291961669921875,right_f_best-6.83259916305542,i:7
2025-05-01 15:44:07,784 - INFO - 添加左子节点，右子节点，len(queue):5
2025-05-01 15:44:07,784 - INFO - Node 1: k=589.393157411476, f_best=-6.433140754699707, f_min=-6.535982283105113
2025-05-01 15:44:07,784 - INFO - Node 2: k=409.5767657947404, f_best=-4.917962074279785, f_min=-6.987749919344424
2025-05-01 15:44:07,784 - INFO - Node 3: k=473.51622685149925, f_best=-6.61188268661499, f_min=-7.366296031142156
2025-05-01 15:44:07,784 - INFO - Node 4: k=273.94243282310885, f_best=-4.801965713500977, f_min=-8.656243559469658
2025-05-01 15:44:07,784 - INFO - Node 5: k=422.64788699429613, f_best=-6.6477532386779785, f_min=-9.45976509927641
2025-05-01 15:44:07,784 - INFO - Node 6: k=324.4312371334905, f_best=-4.930600643157959, f_min=-6.592936504628597
2025-05-01 15:44:07,784 - INFO - Node 7: k=380.42114040890755, f_best=-6.801022529602051, f_min=-7.477992530541087
2025-05-01 15:44:07,784 - INFO - Node 8: k=330.95230499987366, f_best=-5.291961669921875, f_min=-6.051411649737929
2025-05-01 15:44:07,784 - INFO - Node 9: k=347.83419865862777, f_best=-6.83259916305542, f_min=-8.986105358289933
2025-05-01 15:44:07,784 - INFO - cur_node_number 22,f_best -6.83259916305542,f_min -8.986105358289933,k 347.83419865862777
2025-05-01 15:44:07,784 - INFO - f_best_current -6.83259916305542,f_min -8.986105358289933
2025-05-01 15:44:32,871 - INFO - tree_node.f_best*ep:-6.83259916305542,left_f_best-4.712981700897217,right_f_best-6.5063042640686035,i:1
2025-05-01 15:44:59,409 - INFO - tree_node.f_best*ep:-6.83259916305542,left_f_best-4.927279949188232,right_f_best-6.569118022918701,i:2
2025-05-01 15:45:26,889 - INFO - tree_node.f_best*ep:-6.83259916305542,left_f_best-4.958190441131592,right_f_best-6.539669513702393,i:3
2025-05-01 15:45:55,013 - INFO - tree_node.f_best*ep:-6.83259916305542,left_f_best-4.982273578643799,right_f_best-6.636616230010986,i:4
2025-05-01 15:46:24,535 - INFO - tree_node.f_best*ep:-6.83259916305542,left_f_best-5.100819110870361,right_f_best-6.643157482147217,i:5
2025-05-01 15:46:55,076 - INFO - tree_node.f_best*ep:-6.83259916305542,left_f_best-5.016571998596191,right_f_best-6.784797191619873,i:6
2025-05-01 15:47:26,146 - INFO - tree_node.f_best*ep:-6.83259916305542,left_f_best-5.112630844116211,right_f_best-6.799492359161377,i:7
2025-05-01 15:47:59,503 - INFO - tree_node.f_best*ep:-6.83259916305542,left_f_best-5.165004253387451,right_f_best-6.964804172515869,i:8
2025-05-01 15:50:24,224 - INFO - 添加左子节点，右子节点，len(queue):6
2025-05-01 15:50:24,224 - INFO - Node 1: k=589.393157411476, f_best=-6.433140754699707, f_min=-6.535982283105113
2025-05-01 15:50:24,224 - INFO - Node 2: k=409.5767657947404, f_best=-4.917962074279785, f_min=-6.987749919344424
2025-05-01 15:50:24,224 - INFO - Node 3: k=473.51622685149925, f_best=-6.61188268661499, f_min=-7.366296031142156
2025-05-01 15:50:24,224 - INFO - Node 4: k=273.94243282310885, f_best=-4.801965713500977, f_min=-8.656243559469658
2025-05-01 15:50:24,224 - INFO - Node 5: k=422.64788699429613, f_best=-6.6477532386779785, f_min=-9.45976509927641
2025-05-01 15:50:24,224 - INFO - Node 6: k=324.4312371334905, f_best=-4.930600643157959, f_min=-6.592936504628597
2025-05-01 15:50:24,224 - INFO - Node 7: k=380.42114040890755, f_best=-6.801022529602051, f_min=-7.477992530541087
2025-05-01 15:50:24,224 - INFO - Node 8: k=330.95230499987366, f_best=-5.291961669921875, f_min=-6.051411649737929
2025-05-01 15:50:24,224 - INFO - Node 9: k=347.83419865862777, f_best=-6.83259916305542, f_min=-8.986105358289933
2025-05-01 15:50:24,224 - INFO - Node 10: k=517.8777236845517, f_best=-5.165004253387451, f_min=-10.883976003773569
2025-05-01 15:50:24,224 - INFO - Node 11: k=287.9162500459315, f_best=-6.964804172515869, f_min=-9.317059035602142
2025-05-01 15:50:24,224 - INFO - cur_node_number 23,f_best -6.964804172515869,f_min -9.317059035602142,k 287.9162500459315
2025-05-01 15:50:24,224 - INFO - f_best_current -6.964804172515869,f_min -9.317059035602142
2025-05-01 15:50:48,587 - INFO - tree_node.f_best*ep:-6.964804172515869,left_f_best-4.816610336303711,right_f_best-6.354093074798584,i:1
2025-05-01 15:51:13,781 - INFO - tree_node.f_best*ep:-6.964804172515869,left_f_best-4.813015937805176,right_f_best-6.489251613616943,i:2
2025-05-01 15:51:40,118 - INFO - tree_node.f_best*ep:-6.964804172515869,left_f_best-4.901241779327393,right_f_best-6.608791828155518,i:3
2025-05-01 15:52:08,365 - INFO - tree_node.f_best*ep:-6.964804172515869,left_f_best-5.109658241271973,right_f_best-6.420909881591797,i:4
2025-05-01 15:52:38,022 - INFO - tree_node.f_best*ep:-6.964804172515869,left_f_best-5.061745643615723,right_f_best-6.8305983543396,i:5
2025-05-01 15:53:08,655 - INFO - tree_node.f_best*ep:-6.964804172515869,left_f_best-5.192441463470459,right_f_best-6.873311519622803,i:6
2025-05-01 15:53:41,370 - INFO - tree_node.f_best*ep:-6.964804172515869,left_f_best-5.262061595916748,right_f_best-6.77665376663208,i:7
2025-05-01 15:54:14,426 - INFO - tree_node.f_best*ep:-6.964804172515869,left_f_best-5.135739803314209,right_f_best-6.751231670379639,i:8
2025-05-01 15:54:48,576 - INFO - tree_node.f_best*ep:-6.964804172515869,left_f_best-5.15671968460083,right_f_best-6.9022297859191895,i:9
2025-05-01 15:55:23,894 - INFO - tree_node.f_best*ep:-6.964804172515869,left_f_best-5.414048671722412,right_f_best-6.804010391235352,i:10
2025-05-01 15:55:59,803 - INFO - tree_node.f_best*ep:-6.964804172515869,left_f_best-5.272068977355957,right_f_best-6.749441146850586,i:11
2025-05-01 15:56:37,615 - INFO - tree_node.f_best*ep:-6.964804172515869,left_f_best-5.546805381774902,right_f_best-6.964804172515869,i:12
2025-05-01 15:59:00,259 - INFO - 添加左子节点，右子节点，len(queue):7
2025-05-01 15:59:00,259 - INFO - Node 1: k=589.393157411476, f_best=-6.433140754699707, f_min=-6.535982283105113
2025-05-01 15:59:00,259 - INFO - Node 2: k=409.5767657947404, f_best=-4.917962074279785, f_min=-6.987749919344424
2025-05-01 15:59:00,259 - INFO - Node 3: k=473.51622685149925, f_best=-6.61188268661499, f_min=-7.366296031142156
2025-05-01 15:59:00,259 - INFO - Node 4: k=273.94243282310885, f_best=-4.801965713500977, f_min=-8.656243559469658
2025-05-01 15:59:00,259 - INFO - Node 5: k=422.64788699429613, f_best=-6.6477532386779785, f_min=-9.45976509927641
2025-05-01 15:59:00,259 - INFO - Node 6: k=324.4312371334905, f_best=-4.930600643157959, f_min=-6.592936504628597
2025-05-01 15:59:00,259 - INFO - Node 7: k=380.42114040890755, f_best=-6.801022529602051, f_min=-7.477992530541087
2025-05-01 15:59:00,259 - INFO - Node 8: k=330.95230499987366, f_best=-5.291961669921875, f_min=-6.051411649737929
2025-05-01 15:59:00,259 - INFO - Node 9: k=347.83419865862777, f_best=-6.83259916305542, f_min=-8.986105358289933
2025-05-01 15:59:00,259 - INFO - Node 10: k=517.8777236845517, f_best=-5.165004253387451, f_min=-10.883976003773569
2025-05-01 15:59:00,259 - INFO - Node 11: k=287.9162500459315, f_best=-6.964804172515869, f_min=-9.317059035602142
2025-05-01 15:59:00,259 - INFO - Node 12: k=384.2253518129966, f_best=-5.546805381774902, f_min=-7.560154068261909
2025-05-01 15:59:00,259 - INFO - Node 13: k=424.4238247565401, f_best=-6.964804172515869, f_min=-8.25646119449084
2025-05-01 15:59:00,259 - INFO - cur_node_number 24,f_best -6.964804172515869,f_min -8.25646119449084,k 424.4238247565401
2025-05-01 15:59:00,259 - INFO - f_best_current -6.964804172515869,f_min -8.25646119449084
2025-05-01 15:59:00,259 - INFO - 回退,len(queue)=5
2025-05-01 15:59:00,259 - INFO - 回退,len(queue)=4
2025-05-01 15:59:00,259 - INFO - 回退,len(queue)=3
2025-05-01 15:59:00,259 - INFO - 回退,len(queue)=2
2025-05-01 15:59:25,072 - INFO - tree_node.f_best*ep:-6.6477532386779785,left_f_best-4.917456150054932,right_f_best-6.563218593597412,i:1
2025-05-01 15:59:51,027 - INFO - tree_node.f_best*ep:-6.6477532386779785,left_f_best-4.928341388702393,right_f_best-6.5918803215026855,i:2
2025-05-01 16:00:18,538 - INFO - tree_node.f_best*ep:-6.6477532386779785,left_f_best-4.985371112823486,right_f_best-6.690919399261475,i:3
2025-05-01 16:02:40,460 - INFO - 添加左子节点，右子节点，len(queue):4
2025-05-01 16:02:40,476 - INFO - Node 1: k=589.393157411476, f_best=-6.433140754699707, f_min=-6.535982283105113
2025-05-01 16:02:40,476 - INFO - Node 2: k=409.5767657947404, f_best=-4.917962074279785, f_min=-6.987749919344424
2025-05-01 16:02:40,476 - INFO - Node 3: k=473.51622685149925, f_best=-6.61188268661499, f_min=-7.366296031142156
2025-05-01 16:02:40,476 - INFO - Node 4: k=273.94243282310885, f_best=-4.801965713500977, f_min=-8.656243559469658
2025-05-01 16:02:40,476 - INFO - Node 5: k=424.4238247565401, f_best=-6.6477532386779785, f_min=-9.45976509927641
2025-05-01 16:02:40,476 - INFO - Node 6: k=314.88976244174324, f_best=-4.985371112823486, f_min=-8.05276831439005
2025-05-01 16:02:40,476 - INFO - Node 7: k=468.827947377722, f_best=-6.690919399261475, f_min=-7.509585335457814
2025-05-01 16:02:40,476 - INFO - cur_node_number 25,f_best -6.690919399261475,f_min -7.509585335457814,k 468.827947377722
2025-05-01 16:02:40,476 - INFO - f_best_current -6.690919399261475,f_min -7.509585335457814
2025-05-01 16:02:40,476 - INFO - 回退,len(queue)=2
2025-05-01 16:03:04,728 - INFO - tree_node.f_best*ep:-6.6477532386779785,left_f_best-4.766157627105713,right_f_best-6.493489742279053,i:1
2025-05-01 16:03:29,936 - INFO - tree_node.f_best*ep:-6.6477532386779785,left_f_best-5.158289432525635,right_f_best-6.6488847732543945,i:2
2025-05-01 16:05:31,997 - INFO - 添加左子节点，右子节点，len(queue):4
2025-05-01 16:05:31,997 - INFO - Node 1: k=589.393157411476, f_best=-6.433140754699707, f_min=-6.535982283105113
2025-05-01 16:05:31,997 - INFO - Node 2: k=409.5767657947404, f_best=-4.917962074279785, f_min=-6.987749919344424
2025-05-01 16:05:31,997 - INFO - Node 3: k=473.51622685149925, f_best=-6.61188268661499, f_min=-7.366296031142156
2025-05-01 16:05:31,997 - INFO - Node 4: k=273.94243282310885, f_best=-4.801965713500977, f_min=-8.656243559469658
2025-05-01 16:05:31,997 - INFO - Node 5: k=468.827947377722, f_best=-6.6477532386779785, f_min=-9.45976509927641
2025-05-01 16:05:31,997 - INFO - Node 6: k=271.23013150802853, f_best=-5.158289432525635, f_min=-6.0389070728761
2025-05-01 16:05:31,997 - INFO - Node 7: k=273.94243282310885, f_best=-6.6488847732543945, f_min=-7.987806087881836
2025-05-01 16:05:31,997 - INFO - cur_node_number 26,f_best -6.6488847732543945,f_min -7.987806087881836,k 273.94243282310885
2025-05-01 16:05:31,997 - INFO - f_best_current -6.6488847732543945,f_min -7.987806087881836
2025-05-01 16:05:57,026 - INFO - tree_node.f_best*ep:-6.6488847732543945,left_f_best-4.772643566131592,right_f_best-6.436063289642334,i:1
2025-05-01 16:06:23,522 - INFO - tree_node.f_best*ep:-6.6488847732543945,left_f_best-5.166597843170166,right_f_best-6.504749298095703,i:2
2025-05-01 16:06:51,395 - INFO - tree_node.f_best*ep:-6.6488847732543945,left_f_best-4.830682277679443,right_f_best-6.54359245300293,i:3
2025-05-01 16:07:19,844 - INFO - tree_node.f_best*ep:-6.6488847732543945,left_f_best-5.215044021606445,right_f_best-6.610372066497803,i:4
2025-05-01 16:07:49,355 - INFO - tree_node.f_best*ep:-6.6488847732543945,left_f_best-5.039376258850098,right_f_best-6.700841426849365,i:5
2025-05-01 16:10:01,839 - INFO - 添加左子节点，右子节点，len(queue):5
2025-05-01 16:10:01,839 - INFO - Node 1: k=589.393157411476, f_best=-6.433140754699707, f_min=-6.535982283105113
2025-05-01 16:10:01,839 - INFO - Node 2: k=409.5767657947404, f_best=-4.917962074279785, f_min=-6.987749919344424
2025-05-01 16:10:01,839 - INFO - Node 3: k=473.51622685149925, f_best=-6.61188268661499, f_min=-7.366296031142156
2025-05-01 16:10:01,839 - INFO - Node 4: k=273.94243282310885, f_best=-4.801965713500977, f_min=-8.656243559469658
2025-05-01 16:10:01,839 - INFO - Node 5: k=468.827947377722, f_best=-6.6477532386779785, f_min=-9.45976509927641
2025-05-01 16:10:01,839 - INFO - Node 6: k=271.23013150802853, f_best=-5.158289432525635, f_min=-6.0389070728761
2025-05-01 16:10:01,839 - INFO - Node 7: k=273.94243282310885, f_best=-6.6488847732543945, f_min=-7.987806087881836
2025-05-01 16:10:01,839 - INFO - Node 8: k=380.42114040890755, f_best=-5.039376258850098, f_min=-6.091770854010974
2025-05-01 16:10:01,839 - INFO - Node 9: k=290.7954125463908, f_best=-6.700841426849365, f_min=-7.3508638933835755
2025-05-01 16:10:01,839 - INFO - cur_node_number 27,f_best -6.700841426849365,f_min -7.3508638933835755,k 290.7954125463908
2025-05-01 16:10:01,839 - INFO - f_best_current -6.700841426849365,f_min -7.3508638933835755
2025-05-01 16:10:01,839 - INFO - 回退,len(queue)=3
2025-05-01 16:10:26,913 - INFO - tree_node.f_best*ep:-6.6488847732543945,left_f_best-4.861778736114502,right_f_best-6.460870265960693,i:1
2025-05-01 16:10:52,632 - INFO - tree_node.f_best*ep:-6.6488847732543945,left_f_best-5.115212917327881,right_f_best-6.5747809410095215,i:2
2025-05-01 16:11:19,594 - INFO - tree_node.f_best*ep:-6.6488847732543945,left_f_best-4.999576568603516,right_f_best-6.45759916305542,i:3
2025-05-01 16:11:47,918 - INFO - tree_node.f_best*ep:-6.6488847732543945,left_f_best-5.041412830352783,right_f_best-6.594311237335205,i:4
2025-05-01 16:12:17,408 - INFO - tree_node.f_best*ep:-6.6488847732543945,left_f_best-4.989226818084717,right_f_best-6.7301926612854,i:5
2025-05-01 16:14:38,945 - INFO - 添加左子节点，右子节点，len(queue):5
2025-05-01 16:14:38,945 - INFO - Node 1: k=589.393157411476, f_best=-6.433140754699707, f_min=-6.535982283105113
2025-05-01 16:14:38,945 - INFO - Node 2: k=409.5767657947404, f_best=-4.917962074279785, f_min=-6.987749919344424
2025-05-01 16:14:38,945 - INFO - Node 3: k=473.51622685149925, f_best=-6.61188268661499, f_min=-7.366296031142156
2025-05-01 16:14:38,945 - INFO - Node 4: k=273.94243282310885, f_best=-4.801965713500977, f_min=-8.656243559469658
2025-05-01 16:14:38,945 - INFO - Node 5: k=468.827947377722, f_best=-6.6477532386779785, f_min=-9.45976509927641
2025-05-01 16:14:38,945 - INFO - Node 6: k=271.23013150802853, f_best=-5.158289432525635, f_min=-6.0389070728761
2025-05-01 16:14:38,945 - INFO - Node 7: k=290.7954125463908, f_best=-6.6488847732543945, f_min=-7.987806087881836
2025-05-01 16:14:38,945 - INFO - Node 8: k=369.23301094428473, f_best=-4.989226818084717, f_min=-7.237832131271716
2025-05-01 16:14:38,945 - INFO - Node 9: k=424.4238247565401, f_best=-6.7301926612854, f_min=-15.56679432808778
2025-05-01 16:14:38,945 - INFO - cur_node_number 28,f_best -6.7301926612854,f_min -15.56679432808778,k 424.4238247565401
2025-05-01 16:14:38,945 - INFO - f_best_current -6.7301926612854,f_min -15.56679432808778
2025-05-01 16:14:38,945 - INFO - 回退,len(queue)=3
2025-05-01 16:15:03,908 - INFO - tree_node.f_best*ep:-6.6488847732543945,left_f_best-4.772239685058594,right_f_best-6.479869365692139,i:1
2025-05-01 16:15:29,703 - INFO - tree_node.f_best*ep:-6.6488847732543945,left_f_best-4.987115383148193,right_f_best-6.646728038787842,i:2
2025-05-01 16:15:56,003 - INFO - tree_node.f_best*ep:-6.6488847732543945,left_f_best-4.846914768218994,right_f_best-6.546581745147705,i:3
2025-05-01 16:16:23,528 - INFO - tree_node.f_best*ep:-6.6488847732543945,left_f_best-4.951107501983643,right_f_best-6.572268009185791,i:4
2025-05-01 16:16:52,113 - INFO - tree_node.f_best*ep:-6.6488847732543945,left_f_best-5.14043664932251,right_f_best-6.612440586090088,i:5
2025-05-01 16:17:22,468 - INFO - tree_node.f_best*ep:-6.6488847732543945,left_f_best-5.040894031524658,right_f_best-6.838321685791016,i:6
2025-05-01 16:19:31,022 - INFO - 添加左子节点，右子节点，len(queue):5
2025-05-01 16:19:31,022 - INFO - Node 1: k=589.393157411476, f_best=-6.433140754699707, f_min=-6.535982283105113
2025-05-01 16:19:31,022 - INFO - Node 2: k=409.5767657947404, f_best=-4.917962074279785, f_min=-6.987749919344424
2025-05-01 16:19:31,022 - INFO - Node 3: k=473.51622685149925, f_best=-6.61188268661499, f_min=-7.366296031142156
2025-05-01 16:19:31,022 - INFO - Node 4: k=273.94243282310885, f_best=-4.801965713500977, f_min=-8.656243559469658
2025-05-01 16:19:31,022 - INFO - Node 5: k=468.827947377722, f_best=-6.6477532386779785, f_min=-9.45976509927641
2025-05-01 16:19:31,022 - INFO - Node 6: k=271.23013150802853, f_best=-5.158289432525635, f_min=-6.0389070728761
2025-05-01 16:19:31,022 - INFO - Node 7: k=424.4238247565401, f_best=-6.6488847732543945, f_min=-7.987806087881836
2025-05-01 16:19:31,022 - INFO - Node 8: k=273.94243282310885, f_best=-5.040894031524658, f_min=-5.55125512891027
2025-05-01 16:19:31,022 - INFO - Node 9: k=293.7033666718547, f_best=-6.838321685791016, f_min=-6.839853876184861
2025-05-01 16:19:31,022 - INFO - cur_node_number 29,f_best -6.838321685791016,f_min -6.839853876184861,k 293.7033666718547
2025-05-01 16:19:31,022 - INFO - f_best_current -6.838321685791016,f_min -6.839853876184861
2025-05-01 16:19:31,022 - INFO - 结束,fmin= -6.839853876184861, fbestmin=-6.838321685791016
