2025-05-02 00:58:08,920 - INFO - Namespace(log_file='outputs/DNN7/img[0]/max/DNN7img0_label0.log', image_path='img[0].png', model_path='network/DNN7.pth', label=0, init_epsilon=0.05, epsilon=0.01, ep=1, min=0)
2025-05-02 00:58:08,968 - INFO - Model output max(1): torch.return_types.max(
values=tensor([21.0038], grad_fn=<MaxBackward0>),
indices=tensor([0]))
2025-05-02 00:58:18,616 - INFO - cur_node_number 1,f_best -29.130409240722656,f_min -30.44820157022332,k 979.436346167188
2025-05-02 00:58:18,616 - INFO - f_best_current -29.130409240722656,f_min -30.44820157022332
2025-05-02 00:58:33,755 - INFO - tree_node.f_best*ep:-29.130409240722656,left_f_best-27.77469825744629,right_f_best-29.154008865356445,i:1
2025-05-02 01:00:18,232 - INFO - 添加左子节点，右子节点，len(queue):2
2025-05-02 01:00:18,232 - INFO - Node 1: k=979.436346167188, f_best=-29.130409240722656, f_min=-30.44820157022332
2025-05-02 01:00:18,232 - INFO - Node 2: k=286.2634204015845, f_best=-27.77469825744629, f_min=-30.471827013312577
2025-05-02 01:00:18,232 - INFO - Node 3: k=303.8743891362473, f_best=-29.154008865356445, f_min=-30.050386059618177
2025-05-02 01:00:18,232 - INFO - cur_node_number 2,f_best -29.154008865356445,f_min -30.050386059618177,k 303.8743891362473
2025-05-02 01:00:18,232 - INFO - f_best_current -29.154008865356445,f_min -30.050386059618177
2025-05-02 01:00:37,900 - INFO - tree_node.f_best*ep:-29.154008865356445,left_f_best-27.744165420532227,right_f_best-29.226465225219727,i:1
2025-05-02 01:02:12,209 - INFO - 添加左子节点，右子节点，len(queue):3
2025-05-02 01:02:12,209 - INFO - Node 1: k=979.436346167188, f_best=-29.130409240722656, f_min=-30.44820157022332
2025-05-02 01:02:12,209 - INFO - Node 2: k=286.2634204015845, f_best=-27.77469825744629, f_min=-30.471827013312577
2025-05-02 01:02:12,209 - INFO - Node 3: k=303.8743891362473, f_best=-29.154008865356445, f_min=-30.050386059618177
2025-05-02 01:02:12,209 - INFO - Node 4: k=193.3798530722767, f_best=-27.744165420532227, f_min=-28.25498520898327
2025-05-02 01:02:12,209 - INFO - Node 5: k=380.42114040890755, f_best=-29.226465225219727, f_min=-31.653113098109316
2025-05-02 01:02:12,209 - INFO - cur_node_number 3,f_best -29.226465225219727,f_min -31.653113098109316,k 380.42114040890755
2025-05-02 01:02:12,209 - INFO - f_best_current -29.226465225219727,f_min -31.653113098109316
2025-05-02 01:02:12,209 - INFO - 回退,len(queue)=1
2025-05-02 01:02:31,466 - INFO - tree_node.f_best*ep:-29.154008865356445,left_f_best-27.728796005249023,right_f_best-29.240440368652344,i:1
2025-05-02 01:04:21,979 - INFO - 添加左子节点，右子节点，len(queue):3
2025-05-02 01:04:21,979 - INFO - Node 1: k=979.436346167188, f_best=-29.130409240722656, f_min=-30.44820157022332
2025-05-02 01:04:21,979 - INFO - Node 2: k=286.2634204015845, f_best=-27.77469825744629, f_min=-30.471827013312577
2025-05-02 01:04:21,979 - INFO - Node 3: k=380.42114040890755, f_best=-29.154008865356445, f_min=-30.050386059618177
2025-05-02 01:04:21,979 - INFO - Node 4: k=359.87978563480164, f_best=-27.728796005249023, f_min=-28.424582090050535
2025-05-02 01:04:21,979 - INFO - Node 5: k=416.0609986830116, f_best=-29.240440368652344, f_min=-30.838065742518666
2025-05-02 01:04:21,979 - INFO - cur_node_number 4,f_best -29.240440368652344,f_min -30.838065742518666,k 416.0609986830116
2025-05-02 01:04:21,979 - INFO - f_best_current -29.240440368652344,f_min -30.838065742518666
2025-05-02 01:04:21,979 - INFO - 回退,len(queue)=1
2025-05-02 01:04:41,674 - INFO - tree_node.f_best*ep:-29.154008865356445,left_f_best-27.787527084350586,right_f_best-29.088266372680664,i:1
2025-05-02 01:05:01,948 - INFO - tree_node.f_best*ep:-29.154008865356445,left_f_best-27.71417236328125,right_f_best-29.150182723999023,i:2
2025-05-02 01:05:23,164 - INFO - tree_node.f_best*ep:-29.154008865356445,left_f_best-27.819639205932617,right_f_best-29.261816024780273,i:3
2025-05-02 01:07:10,562 - INFO - 添加左子节点，右子节点，len(queue):3
2025-05-02 01:07:10,562 - INFO - Node 1: k=979.436346167188, f_best=-29.130409240722656, f_min=-30.44820157022332
2025-05-02 01:07:10,562 - INFO - Node 2: k=286.2634204015845, f_best=-27.77469825744629, f_min=-30.471827013312577
2025-05-02 01:07:10,562 - INFO - Node 3: k=416.0609986830116, f_best=-29.154008865356445, f_min=-30.050386059618177
2025-05-02 01:07:10,562 - INFO - Node 4: k=523.0565009213973, f_best=-27.819639205932617, f_min=-30.384914399124682
2025-05-02 01:07:10,562 - INFO - Node 5: k=282.2431624800819, f_best=-29.261816024780273, f_min=-30.53293125975506
2025-05-02 01:07:10,562 - INFO - cur_node_number 5,f_best -29.261816024780273,f_min -30.53293125975506,k 282.2431624800819
2025-05-02 01:07:10,562 - INFO - f_best_current -29.261816024780273,f_min -30.53293125975506
2025-05-02 01:07:29,724 - INFO - tree_node.f_best*ep:-29.261816024780273,left_f_best-27.78314781188965,right_f_best-29.21831703186035,i:1
2025-05-02 01:07:49,356 - INFO - tree_node.f_best*ep:-29.261816024780273,left_f_best-27.763959884643555,right_f_best-29.277671813964844,i:2
2025-05-02 01:09:42,142 - INFO - 添加左子节点，右子节点，len(queue):4
2025-05-02 01:09:42,142 - INFO - Node 1: k=979.436346167188, f_best=-29.130409240722656, f_min=-30.44820157022332
2025-05-02 01:09:42,142 - INFO - Node 2: k=286.2634204015845, f_best=-27.77469825744629, f_min=-30.471827013312577
2025-05-02 01:09:42,142 - INFO - Node 3: k=416.0609986830116, f_best=-29.154008865356445, f_min=-30.050386059618177
2025-05-02 01:09:42,142 - INFO - Node 4: k=523.0565009213973, f_best=-27.819639205932617, f_min=-30.384914399124682
2025-05-02 01:09:42,142 - INFO - Node 5: k=282.2431624800819, f_best=-29.261816024780273, f_min=-30.53293125975506
2025-05-02 01:09:42,142 - INFO - Node 6: k=489.91421450528725, f_best=-27.763959884643555, f_min=-27.998020922528667
2025-05-02 01:09:42,142 - INFO - Node 7: k=318.0386600661607, f_best=-29.277671813964844, f_min=-30.899582994879893
2025-05-02 01:09:42,142 - INFO - cur_node_number 6,f_best -29.277671813964844,f_min -30.899582994879893,k 318.0386600661607
2025-05-02 01:09:42,142 - INFO - f_best_current -29.277671813964844,f_min -30.899582994879893
2025-05-02 01:09:42,142 - INFO - 回退,len(queue)=2
2025-05-02 01:10:01,632 - INFO - tree_node.f_best*ep:-29.261816024780273,left_f_best-27.744787216186523,right_f_best-29.210874557495117,i:1
2025-05-02 01:10:21,380 - INFO - tree_node.f_best*ep:-29.261816024780273,left_f_best-27.748868942260742,right_f_best-29.2254638671875,i:2
2025-05-02 01:10:41,875 - INFO - tree_node.f_best*ep:-29.261816024780273,left_f_best-27.769224166870117,right_f_best-29.2724609375,i:3
2025-05-02 01:12:31,995 - INFO - 添加左子节点，右子节点，len(queue):4
2025-05-02 01:12:31,995 - INFO - Node 1: k=979.436346167188, f_best=-29.130409240722656, f_min=-30.44820157022332
2025-05-02 01:12:31,995 - INFO - Node 2: k=286.2634204015845, f_best=-27.77469825744629, f_min=-30.471827013312577
2025-05-02 01:12:31,995 - INFO - Node 3: k=416.0609986830116, f_best=-29.154008865356445, f_min=-30.050386059618177
2025-05-02 01:12:31,995 - INFO - Node 4: k=523.0565009213973, f_best=-27.819639205932617, f_min=-30.384914399124682
2025-05-02 01:12:31,995 - INFO - Node 5: k=318.0386600661607, f_best=-29.261816024780273, f_min=-30.53293125975506
2025-05-02 01:12:31,995 - INFO - Node 6: k=450.5344423742149, f_best=-27.769224166870117, f_min=-29.062973109235827
2025-05-02 01:12:31,995 - INFO - Node 7: k=369.23301094428473, f_best=-29.2724609375, f_min=-30.606850461364957
2025-05-02 01:12:31,995 - INFO - cur_node_number 7,f_best -29.2724609375,f_min -30.606850461364957,k 369.23301094428473
2025-05-02 01:12:31,995 - INFO - f_best_current -29.2724609375,f_min -30.606850461364957
2025-05-02 01:12:31,995 - INFO - 回退,len(queue)=2
2025-05-02 01:12:51,624 - INFO - tree_node.f_best*ep:-29.261816024780273,left_f_best-27.636680603027344,right_f_best-29.134061813354492,i:1
2025-05-02 01:13:11,587 - INFO - tree_node.f_best*ep:-29.261816024780273,left_f_best-27.68202781677246,right_f_best-29.249906539916992,i:2
2025-05-02 01:13:32,653 - INFO - tree_node.f_best*ep:-29.261816024780273,left_f_best-27.67421531677246,right_f_best-29.272830963134766,i:3
2025-05-02 01:15:31,803 - INFO - 添加左子节点，右子节点，len(queue):4
2025-05-02 01:15:31,803 - INFO - Node 1: k=979.436346167188, f_best=-29.130409240722656, f_min=-30.44820157022332
2025-05-02 01:15:31,803 - INFO - Node 2: k=286.2634204015845, f_best=-27.77469825744629, f_min=-30.471827013312577
2025-05-02 01:15:31,803 - INFO - Node 3: k=416.0609986830116, f_best=-29.154008865356445, f_min=-30.050386059618177
2025-05-02 01:15:31,803 - INFO - Node 4: k=523.0565009213973, f_best=-27.819639205932617, f_min=-30.384914399124682
2025-05-02 01:15:31,803 - INFO - Node 5: k=369.23301094428473, f_best=-29.261816024780273, f_min=-30.53293125975506
2025-05-02 01:15:31,803 - INFO - Node 6: k=609.8039927121459, f_best=-27.67421531677246, f_min=-33.37852788525561
2025-05-02 01:15:31,803 - INFO - Node 7: k=370.7845030193218, f_best=-29.272830963134766, f_min=-31.33511080439348
2025-05-02 01:15:31,803 - INFO - cur_node_number 8,f_best -29.272830963134766,f_min -31.33511080439348,k 370.7845030193218
2025-05-02 01:15:31,819 - INFO - f_best_current -29.272830963134766,f_min -31.33511080439348
2025-05-02 01:15:31,819 - INFO - 回退,len(queue)=2
2025-05-02 01:15:50,576 - INFO - tree_node.f_best*ep:-29.261816024780273,left_f_best-27.69546127319336,right_f_best-29.214258193969727,i:1
2025-05-02 01:16:10,547 - INFO - tree_node.f_best*ep:-29.261816024780273,left_f_best-27.81816291809082,right_f_best-29.266422271728516,i:2
2025-05-02 01:17:49,165 - INFO - 添加左子节点，右子节点，len(queue):4
2025-05-02 01:17:49,165 - INFO - Node 1: k=979.436346167188, f_best=-29.130409240722656, f_min=-30.44820157022332
2025-05-02 01:17:49,165 - INFO - Node 2: k=286.2634204015845, f_best=-27.77469825744629, f_min=-30.471827013312577
2025-05-02 01:17:49,165 - INFO - Node 3: k=416.0609986830116, f_best=-29.154008865356445, f_min=-30.050386059618177
2025-05-02 01:17:49,165 - INFO - Node 4: k=523.0565009213973, f_best=-27.819639205932617, f_min=-30.384914399124682
2025-05-02 01:17:49,165 - INFO - Node 5: k=370.7845030193218, f_best=-29.261816024780273, f_min=-30.53293125975506
2025-05-02 01:17:49,165 - INFO - Node 6: k=235.96017064539328, f_best=-27.81816291809082, f_min=-28.226017081201462
2025-05-02 01:17:49,165 - INFO - Node 7: k=292.0173151516563, f_best=-29.266422271728516, f_min=-33.947555676953925
2025-05-02 01:17:49,165 - INFO - cur_node_number 9,f_best -29.266422271728516,f_min -33.947555676953925,k 292.0173151516563
2025-05-02 01:17:49,165 - INFO - f_best_current -29.266422271728516,f_min -33.947555676953925
2025-05-02 01:18:07,758 - INFO - tree_node.f_best*ep:-29.266422271728516,left_f_best-27.74616050720215,right_f_best-29.284870147705078,i:1
2025-05-02 01:19:52,798 - INFO - 添加左子节点，右子节点，len(queue):5
2025-05-02 01:19:52,798 - INFO - Node 1: k=979.436346167188, f_best=-29.130409240722656, f_min=-30.44820157022332
2025-05-02 01:19:52,798 - INFO - Node 2: k=286.2634204015845, f_best=-27.77469825744629, f_min=-30.471827013312577
2025-05-02 01:19:52,798 - INFO - Node 3: k=416.0609986830116, f_best=-29.154008865356445, f_min=-30.050386059618177
2025-05-02 01:19:52,798 - INFO - Node 4: k=523.0565009213973, f_best=-27.819639205932617, f_min=-30.384914399124682
2025-05-02 01:19:52,798 - INFO - Node 5: k=370.7845030193218, f_best=-29.261816024780273, f_min=-30.53293125975506
2025-05-02 01:19:52,798 - INFO - Node 6: k=235.96017064539328, f_best=-27.81816291809082, f_min=-28.226017081201462
2025-05-02 01:19:52,798 - INFO - Node 7: k=292.0173151516563, f_best=-29.266422271728516, f_min=-33.947555676953925
2025-05-02 01:19:52,798 - INFO - Node 8: k=271.23013150802853, f_best=-27.74616050720215, f_min=-28.099593008513693
2025-05-02 01:19:52,798 - INFO - Node 9: k=370.7845030193218, f_best=-29.284870147705078, f_min=-30.482374170753246
2025-05-02 01:19:52,798 - INFO - cur_node_number 10,f_best -29.284870147705078,f_min -30.482374170753246,k 370.7845030193218
2025-05-02 01:19:52,798 - INFO - f_best_current -29.284870147705078,f_min -30.482374170753246
2025-05-02 01:19:52,798 - INFO - 回退,len(queue)=3
2025-05-02 01:20:12,287 - INFO - tree_node.f_best*ep:-29.266422271728516,left_f_best-27.717863082885742,right_f_best-29.274011611938477,i:1
2025-05-02 01:21:48,499 - INFO - 添加左子节点，右子节点，len(queue):5
2025-05-02 01:21:48,499 - INFO - Node 1: k=979.436346167188, f_best=-29.130409240722656, f_min=-30.44820157022332
2025-05-02 01:21:48,499 - INFO - Node 2: k=286.2634204015845, f_best=-27.77469825744629, f_min=-30.471827013312577
2025-05-02 01:21:48,499 - INFO - Node 3: k=416.0609986830116, f_best=-29.154008865356445, f_min=-30.050386059618177
2025-05-02 01:21:48,499 - INFO - Node 4: k=523.0565009213973, f_best=-27.819639205932617, f_min=-30.384914399124682
2025-05-02 01:21:48,499 - INFO - Node 5: k=370.7845030193218, f_best=-29.261816024780273, f_min=-30.53293125975506
2025-05-02 01:21:48,499 - INFO - Node 6: k=235.96017064539328, f_best=-27.81816291809082, f_min=-28.226017081201462
2025-05-02 01:21:48,499 - INFO - Node 7: k=370.7845030193218, f_best=-29.266422271728516, f_min=-33.947555676953925
2025-05-02 01:21:48,499 - INFO - Node 8: k=263.2532934628119, f_best=-27.717863082885742, f_min=-28.053024855047624
2025-05-02 01:21:48,499 - INFO - Node 9: k=334.2618280498724, f_best=-29.274011611938477, f_min=-35.538856123113874
2025-05-02 01:21:48,499 - INFO - cur_node_number 11,f_best -29.274011611938477,f_min -35.538856123113874,k 334.2618280498724
2025-05-02 01:21:48,499 - INFO - f_best_current -29.274011611938477,f_min -35.538856123113874
2025-05-02 01:22:07,781 - INFO - tree_node.f_best*ep:-29.274011611938477,left_f_best-27.769197463989258,right_f_best-29.17241096496582,i:1
2025-05-02 01:22:28,083 - INFO - tree_node.f_best*ep:-29.274011611938477,left_f_best-27.79915428161621,right_f_best-29.23379135131836,i:2
2025-05-02 01:22:49,357 - INFO - tree_node.f_best*ep:-29.274011611938477,left_f_best-27.8402042388916,right_f_best-29.23280906677246,i:3
2025-05-02 01:23:11,450 - INFO - tree_node.f_best*ep:-29.274011611938477,left_f_best-27.822893142700195,right_f_best-29.36771583557129,i:4
2025-05-02 01:24:57,446 - INFO - 添加左子节点，右子节点，len(queue):6
2025-05-02 01:24:57,446 - INFO - Node 1: k=979.436346167188, f_best=-29.130409240722656, f_min=-30.44820157022332
2025-05-02 01:24:57,446 - INFO - Node 2: k=286.2634204015845, f_best=-27.77469825744629, f_min=-30.471827013312577
2025-05-02 01:24:57,446 - INFO - Node 3: k=416.0609986830116, f_best=-29.154008865356445, f_min=-30.050386059618177
2025-05-02 01:24:57,446 - INFO - Node 4: k=523.0565009213973, f_best=-27.819639205932617, f_min=-30.384914399124682
2025-05-02 01:24:57,446 - INFO - Node 5: k=370.7845030193218, f_best=-29.261816024780273, f_min=-30.53293125975506
2025-05-02 01:24:57,446 - INFO - Node 6: k=235.96017064539328, f_best=-27.81816291809082, f_min=-28.226017081201462
2025-05-02 01:24:57,446 - INFO - Node 7: k=370.7845030193218, f_best=-29.266422271728516, f_min=-33.947555676953925
2025-05-02 01:24:57,446 - INFO - Node 8: k=263.2532934628119, f_best=-27.717863082885742, f_min=-28.053024855047624
2025-05-02 01:24:57,446 - INFO - Node 9: k=334.2618280498724, f_best=-29.274011611938477, f_min=-35.538856123113874
2025-05-02 01:24:57,446 - INFO - Node 10: k=340.9804907936749, f_best=-27.822893142700195, f_min=-28.14434789758525
2025-05-02 01:24:57,446 - INFO - Node 11: k=385.83984068776334, f_best=-29.36771583557129, f_min=-30.509914846221363
2025-05-02 01:24:57,446 - INFO - cur_node_number 12,f_best -29.36771583557129,f_min -30.509914846221363,k 385.83984068776334
2025-05-02 01:24:57,446 - INFO - f_best_current -29.36771583557129,f_min -30.509914846221363
2025-05-02 01:24:57,446 - INFO - 回退,len(queue)=4
2025-05-02 01:24:57,446 - INFO - 回退,len(queue)=3
2025-05-02 01:24:57,446 - INFO - 回退,len(queue)=2
2025-05-02 01:25:16,626 - INFO - tree_node.f_best*ep:-29.261816024780273,left_f_best-27.703996658325195,right_f_best-29.18454933166504,i:1
2025-05-02 01:25:36,473 - INFO - tree_node.f_best*ep:-29.261816024780273,left_f_best-27.804594039916992,right_f_best-29.2166690826416,i:2
2025-05-02 01:25:57,178 - INFO - tree_node.f_best*ep:-29.261816024780273,left_f_best-27.82204246520996,right_f_best-29.229354858398438,i:3
2025-05-02 01:26:18,793 - INFO - tree_node.f_best*ep:-29.261816024780273,left_f_best-27.87921142578125,right_f_best-29.243928909301758,i:4
2025-05-02 01:26:41,132 - INFO - tree_node.f_best*ep:-29.261816024780273,left_f_best-27.869539260864258,right_f_best-29.303865432739258,i:5
2025-05-02 01:28:24,500 - INFO - 添加左子节点，右子节点，len(queue):4
2025-05-02 01:28:24,500 - INFO - Node 1: k=979.436346167188, f_best=-29.130409240722656, f_min=-30.44820157022332
2025-05-02 01:28:24,500 - INFO - Node 2: k=286.2634204015845, f_best=-27.77469825744629, f_min=-30.471827013312577
2025-05-02 01:28:24,500 - INFO - Node 3: k=416.0609986830116, f_best=-29.154008865356445, f_min=-30.050386059618177
2025-05-02 01:28:24,500 - INFO - Node 4: k=523.0565009213973, f_best=-27.819639205932617, f_min=-30.384914399124682
2025-05-02 01:28:24,500 - INFO - Node 5: k=385.83984068776334, f_best=-29.261816024780273, f_min=-30.53293125975506
2025-05-02 01:28:24,500 - INFO - Node 6: k=344.39029570161165, f_best=-27.869539260864258, f_min=-29.923735735685113
2025-05-02 01:28:24,500 - INFO - Node 7: k=339.02303732157014, f_best=-29.303865432739258, f_min=-30.49311915567705
2025-05-02 01:28:24,500 - INFO - cur_node_number 13,f_best -29.303865432739258,f_min -30.49311915567705,k 339.02303732157014
2025-05-02 01:28:24,500 - INFO - f_best_current -29.303865432739258,f_min -30.49311915567705
2025-05-02 01:28:44,144 - INFO - tree_node.f_best*ep:-29.303865432739258,left_f_best-27.681842803955078,right_f_best-29.280527114868164,i:1
2025-05-02 01:29:04,485 - INFO - tree_node.f_best*ep:-29.303865432739258,left_f_best-27.773723602294922,right_f_best-29.213716506958008,i:2
2025-05-02 01:29:25,878 - INFO - tree_node.f_best*ep:-29.303865432739258,left_f_best-27.80780792236328,right_f_best-29.20168113708496,i:3
2025-05-02 01:29:48,330 - INFO - tree_node.f_best*ep:-29.303865432739258,left_f_best-27.80373191833496,right_f_best-29.3503360748291,i:4
2025-05-02 01:31:20,829 - INFO - 添加左子节点，右子节点，len(queue):5
2025-05-02 01:31:20,829 - INFO - Node 1: k=979.436346167188, f_best=-29.130409240722656, f_min=-30.44820157022332
2025-05-02 01:31:20,829 - INFO - Node 2: k=286.2634204015845, f_best=-27.77469825744629, f_min=-30.471827013312577
2025-05-02 01:31:20,829 - INFO - Node 3: k=416.0609986830116, f_best=-29.154008865356445, f_min=-30.050386059618177
2025-05-02 01:31:20,829 - INFO - Node 4: k=523.0565009213973, f_best=-27.819639205932617, f_min=-30.384914399124682
2025-05-02 01:31:20,829 - INFO - Node 5: k=385.83984068776334, f_best=-29.261816024780273, f_min=-30.53293125975506
2025-05-02 01:31:20,829 - INFO - Node 6: k=344.39029570161165, f_best=-27.869539260864258, f_min=-29.923735735685113
2025-05-02 01:31:20,829 - INFO - Node 7: k=339.02303732157014, f_best=-29.303865432739258, f_min=-30.49311915567705
2025-05-02 01:31:20,829 - INFO - Node 8: k=235.96017064539328, f_best=-27.80373191833496, f_min=-29.220789136741587
2025-05-02 01:31:20,829 - INFO - Node 9: k=290.7954125463908, f_best=-29.3503360748291, f_min=-29.834163850009645
2025-05-02 01:31:20,829 - INFO - cur_node_number 14,f_best -29.3503360748291,f_min -29.834163850009645,k 290.7954125463908
2025-05-02 01:31:20,829 - INFO - f_best_current -29.3503360748291,f_min -29.834163850009645
2025-05-02 01:31:39,870 - INFO - tree_node.f_best*ep:-29.3503360748291,left_f_best-27.783933639526367,right_f_best-29.217872619628906,i:1
2025-05-02 01:31:59,438 - INFO - tree_node.f_best*ep:-29.3503360748291,left_f_best-27.76820945739746,right_f_best-29.239816665649414,i:2
2025-05-02 01:32:19,817 - INFO - tree_node.f_best*ep:-29.3503360748291,left_f_best-27.812664031982422,right_f_best-29.257144927978516,i:3
2025-05-02 01:32:41,880 - INFO - tree_node.f_best*ep:-29.3503360748291,left_f_best-27.833826065063477,right_f_best-29.28714370727539,i:4
2025-05-02 01:33:05,329 - INFO - tree_node.f_best*ep:-29.3503360748291,left_f_best-27.841459274291992,right_f_best-29.366880416870117,i:5
2025-05-02 01:34:54,378 - INFO - 添加左子节点，右子节点，len(queue):6
2025-05-02 01:34:54,378 - INFO - Node 1: k=979.436346167188, f_best=-29.130409240722656, f_min=-30.44820157022332
2025-05-02 01:34:54,378 - INFO - Node 2: k=286.2634204015845, f_best=-27.77469825744629, f_min=-30.471827013312577
2025-05-02 01:34:54,393 - INFO - Node 3: k=416.0609986830116, f_best=-29.154008865356445, f_min=-30.050386059618177
2025-05-02 01:34:54,393 - INFO - Node 4: k=523.0565009213973, f_best=-27.819639205932617, f_min=-30.384914399124682
2025-05-02 01:34:54,393 - INFO - Node 5: k=385.83984068776334, f_best=-29.261816024780273, f_min=-30.53293125975506
2025-05-02 01:34:54,393 - INFO - Node 6: k=344.39029570161165, f_best=-27.869539260864258, f_min=-29.923735735685113
2025-05-02 01:34:54,393 - INFO - Node 7: k=339.02303732157014, f_best=-29.303865432739258, f_min=-30.49311915567705
2025-05-02 01:34:54,393 - INFO - Node 8: k=235.96017064539328, f_best=-27.80373191833496, f_min=-29.220789136741587
2025-05-02 01:34:54,393 - INFO - Node 9: k=290.7954125463908, f_best=-29.3503360748291, f_min=-29.834163850009645
2025-05-02 01:34:54,393 - INFO - Node 10: k=305.6289011092324, f_best=-27.841459274291992, f_min=-28.59481526131276
2025-05-02 01:34:54,393 - INFO - Node 11: k=446.07370532100487, f_best=-29.366880416870117, f_min=-32.86371904575026
2025-05-02 01:34:54,393 - INFO - cur_node_number 15,f_best -29.366880416870117,f_min -32.86371904575026,k 446.07370532100487
2025-05-02 01:34:54,393 - INFO - f_best_current -29.366880416870117,f_min -32.86371904575026
2025-05-02 01:34:54,393 - INFO - 回退,len(queue)=4
2025-05-02 01:34:54,393 - INFO - 回退,len(queue)=3
2025-05-02 01:34:54,393 - INFO - 回退,len(queue)=2
2025-05-02 01:34:54,393 - INFO - 回退,len(queue)=1
2025-05-02 01:35:13,355 - INFO - tree_node.f_best*ep:-29.154008865356445,left_f_best-27.727405548095703,right_f_best-29.100069046020508,i:1
2025-05-02 01:35:32,884 - INFO - tree_node.f_best*ep:-29.154008865356445,left_f_best-27.828123092651367,right_f_best-29.282686233520508,i:2
2025-05-02 01:37:30,149 - INFO - 添加左子节点，右子节点，len(queue):3
2025-05-02 01:37:30,149 - INFO - Node 1: k=979.436346167188, f_best=-29.130409240722656, f_min=-30.44820157022332
2025-05-02 01:37:30,149 - INFO - Node 2: k=286.2634204015845, f_best=-27.77469825744629, f_min=-30.471827013312577
2025-05-02 01:37:30,149 - INFO - Node 3: k=446.07370532100487, f_best=-29.154008865356445, f_min=-30.050386059618177
2025-05-02 01:37:30,149 - INFO - Node 4: k=512.7502214698532, f_best=-27.828123092651367, f_min=-30.65218341174841
2025-05-02 01:37:30,149 - INFO - Node 5: k=483.0339030112144, f_best=-29.282686233520508, f_min=-29.41273532506966
2025-05-02 01:37:30,149 - INFO - cur_node_number 16,f_best -29.282686233520508,f_min -29.41273532506966,k 483.0339030112144
2025-05-02 01:37:30,149 - INFO - f_best_current -29.282686233520508,f_min -29.41273532506966
2025-05-02 01:37:30,149 - INFO - 结束,fmin= -29.41273532506966, fbestmin=-29.282686233520508
