2025-05-02 14:24:59,685 - INFO - Namespace(log_file='outputs/DNN7/img[0]/max/DNN7img0_label3.log', image_path='img[0].png', model_path='network/DNN7.pth', label=3, init_epsilon=0.05, epsilon=0.01, ep=1, min=0)
2025-05-02 14:24:59,720 - INFO - Model output max(1): torch.return_types.max(
values=tensor([21.0038], grad_fn=<MaxBackward0>),
indices=tensor([0]))
2025-05-02 14:25:12,815 - INFO - cur_node_number 1,f_best -3.1495041847229004,f_min -7.180683271835733,k 680.1641292827695
2025-05-02 14:25:12,815 - INFO - f_best_current -3.1495041847229004,f_min -7.180683271835733
2025-05-02 14:25:33,942 - INFO - tree_node.f_best*ep:-3.1495041847229004,left_f_best-1.16646146774292,right_f_best-3.208651065826416,i:1
2025-05-02 14:27:32,280 - INFO - 添加左子节点，右子节点，len(queue):2
2025-05-02 14:27:32,281 - INFO - Node 1: k=680.1641292827695, f_best=-3.1495041847229004, f_min=-7.180683271835733
2025-05-02 14:27:32,281 - INFO - Node 2: k=305.6289011092324, f_best=-1.16646146774292, f_min=-1.2444919854024192
2025-05-02 14:27:32,281 - INFO - Node 3: k=439.80908602429145, f_best=-3.208651065826416, f_min=-4.798162649050937
2025-05-02 14:27:32,281 - INFO - cur_node_number 2,f_best -3.208651065826416,f_min -4.798162649050937,k 439.80908602429145
2025-05-02 14:27:32,281 - INFO - f_best_current -3.208651065826416,f_min -4.798162649050937
2025-05-02 14:27:53,818 - INFO - tree_node.f_best*ep:-3.208651065826416,left_f_best-1.2005090713500977,right_f_best-3.274089813232422,i:1
2025-05-02 14:29:57,124 - INFO - 添加左子节点，右子节点，len(queue):3
2025-05-02 14:29:57,124 - INFO - Node 1: k=680.1641292827695, f_best=-3.1495041847229004, f_min=-7.180683271835733
2025-05-02 14:29:57,124 - INFO - Node 2: k=305.6289011092324, f_best=-1.16646146774292, f_min=-1.2444919854024192
2025-05-02 14:29:57,125 - INFO - Node 3: k=439.80908602429145, f_best=-3.208651065826416, f_min=-4.798162649050937
2025-05-02 14:29:57,125 - INFO - Node 4: k=351.312540645214, f_best=-1.2005090713500977, f_min=-6.011287891449683
2025-05-02 14:29:57,125 - INFO - Node 5: k=448.6492486533797, f_best=-3.274089813232422, f_min=-9.043711636766602
2025-05-02 14:29:57,125 - INFO - cur_node_number 3,f_best -3.274089813232422,f_min -9.043711636766602,k 448.6492486533797
2025-05-02 14:29:57,125 - INFO - f_best_current -3.274089813232422,f_min -9.043711636766602
2025-05-02 14:29:57,125 - INFO - 回退,len(queue)=1
2025-05-02 14:30:18,550 - INFO - tree_node.f_best*ep:-3.208651065826416,left_f_best-1.239938735961914,right_f_best-3.2036800384521484,i:1
2025-05-02 14:30:41,173 - INFO - tree_node.f_best*ep:-3.208651065826416,left_f_best-1.0414865016937256,right_f_best-3.2155096530914307,i:2
2025-05-02 14:32:46,603 - INFO - 添加左子节点，右子节点，len(queue):3
2025-05-02 14:32:46,604 - INFO - Node 1: k=680.1641292827695, f_best=-3.1495041847229004, f_min=-7.180683271835733
2025-05-02 14:32:46,604 - INFO - Node 2: k=305.6289011092324, f_best=-1.16646146774292, f_min=-1.2444919854024192
2025-05-02 14:32:46,604 - INFO - Node 3: k=448.6492486533797, f_best=-3.208651065826416, f_min=-4.798162649050937
2025-05-02 14:32:46,604 - INFO - Node 4: k=450.5344423742149, f_best=-1.0414865016937256, f_min=-1.4957379417955963
2025-05-02 14:32:46,604 - INFO - Node 5: k=402.13496241456744, f_best=-3.2155096530914307, f_min=-5.056531510635978
2025-05-02 14:32:46,605 - INFO - cur_node_number 4,f_best -3.2155096530914307,f_min -5.056531510635978,k 402.13496241456744
2025-05-02 14:32:46,605 - INFO - f_best_current -3.2155096530914307,f_min -5.056531510635978
2025-05-02 14:33:08,015 - INFO - tree_node.f_best*ep:-3.2155096530914307,left_f_best-1.2594637870788574,right_f_best-3.288255214691162,i:1
2025-05-02 14:35:16,074 - INFO - 添加左子节点，右子节点，len(queue):4
2025-05-02 14:35:16,075 - INFO - Node 1: k=680.1641292827695, f_best=-3.1495041847229004, f_min=-7.180683271835733
2025-05-02 14:35:16,075 - INFO - Node 2: k=305.6289011092324, f_best=-1.16646146774292, f_min=-1.2444919854024192
2025-05-02 14:35:16,075 - INFO - Node 3: k=448.6492486533797, f_best=-3.208651065826416, f_min=-4.798162649050937
2025-05-02 14:35:16,075 - INFO - Node 4: k=450.5344423742149, f_best=-1.0414865016937256, f_min=-1.4957379417955963
2025-05-02 14:35:16,076 - INFO - Node 5: k=402.13496241456744, f_best=-3.2155096530914307, f_min=-5.056531510635978
2025-05-02 14:35:16,076 - INFO - Node 6: k=483.0339030112144, f_best=-1.2594637870788574, f_min=-4.34309897221101
2025-05-02 14:35:16,076 - INFO - Node 7: k=453.1357411399135, f_best=-3.288255214691162, f_min=-5.971992122249503
2025-05-02 14:35:16,076 - INFO - cur_node_number 5,f_best -3.288255214691162,f_min -5.971992122249503,k 453.1357411399135
2025-05-02 14:35:16,076 - INFO - f_best_current -3.288255214691162,f_min -5.971992122249503
2025-05-02 14:35:16,076 - INFO - 回退,len(queue)=2
2025-05-02 14:35:16,077 - INFO - 回退,len(queue)=1
2025-05-02 14:35:37,183 - INFO - tree_node.f_best*ep:-3.208651065826416,left_f_best-1.0105226039886475,right_f_best-3.191404342651367,i:1
2025-05-02 14:35:59,775 - INFO - tree_node.f_best*ep:-3.208651065826416,left_f_best-1.2861782312393188,right_f_best-3.2408366203308105,i:2
2025-05-02 14:37:51,330 - INFO - 添加左子节点，右子节点，len(queue):3
2025-05-02 14:37:51,331 - INFO - Node 1: k=680.1641292827695, f_best=-3.1495041847229004, f_min=-7.180683271835733
2025-05-02 14:37:51,331 - INFO - Node 2: k=305.6289011092324, f_best=-1.16646146774292, f_min=-1.2444919854024192
2025-05-02 14:37:51,331 - INFO - Node 3: k=453.1357411399135, f_best=-3.208651065826416, f_min=-4.798162649050937
2025-05-02 14:37:51,331 - INFO - Node 4: k=201.23185056022194, f_best=-1.2861782312393188, f_min=-3.303739300747111
2025-05-02 14:37:51,331 - INFO - Node 5: k=453.1357411399135, f_best=-3.2408366203308105, f_min=-5.551136177724402
2025-05-02 14:37:51,331 - INFO - cur_node_number 6,f_best -3.2408366203308105,f_min -5.551136177724402,k 453.1357411399135
2025-05-02 14:37:51,331 - INFO - f_best_current -3.2408366203308105,f_min -5.551136177724402
2025-05-02 14:38:12,029 - INFO - tree_node.f_best*ep:-3.2408366203308105,left_f_best-1.1728127002716064,right_f_best-3.1121201515197754,i:1
2025-05-02 14:38:34,642 - INFO - tree_node.f_best*ep:-3.2408366203308105,left_f_best-1.155881404876709,right_f_best-3.2093605995178223,i:2
2025-05-02 14:38:58,310 - INFO - tree_node.f_best*ep:-3.2408366203308105,left_f_best-1.053462266921997,right_f_best-3.364124298095703,i:3
2025-05-02 14:40:53,363 - INFO - 添加左子节点，右子节点，len(queue):4
2025-05-02 14:40:53,363 - INFO - Node 1: k=680.1641292827695, f_best=-3.1495041847229004, f_min=-7.180683271835733
2025-05-02 14:40:53,363 - INFO - Node 2: k=305.6289011092324, f_best=-1.16646146774292, f_min=-1.2444919854024192
2025-05-02 14:40:53,363 - INFO - Node 3: k=453.1357411399135, f_best=-3.208651065826416, f_min=-4.798162649050937
2025-05-02 14:40:53,363 - INFO - Node 4: k=201.23185056022194, f_best=-1.2861782312393188, f_min=-3.303739300747111
2025-05-02 14:40:53,363 - INFO - Node 5: k=453.1357411399135, f_best=-3.2408366203308105, f_min=-5.551136177724402
2025-05-02 14:40:53,364 - INFO - Node 6: k=361.95766193930467, f_best=-1.053462266921997, f_min=-5.851260988703871
2025-05-02 14:40:53,364 - INFO - Node 7: k=326.3044403724306, f_best=-3.364124298095703, f_min=-5.457073896030124
2025-05-02 14:40:53,364 - INFO - cur_node_number 7,f_best -3.364124298095703,f_min -5.457073896030124,k 326.3044403724306
2025-05-02 14:40:53,364 - INFO - f_best_current -3.364124298095703,f_min -5.457073896030124
2025-05-02 14:41:14,407 - INFO - tree_node.f_best*ep:-3.364124298095703,left_f_best-1.2536985874176025,right_f_best-3.32761287689209,i:1
2025-05-02 14:41:36,470 - INFO - tree_node.f_best*ep:-3.364124298095703,left_f_best-1.2289206981658936,right_f_best-3.21163010597229,i:2
2025-05-02 14:41:59,749 - INFO - tree_node.f_best*ep:-3.364124298095703,left_f_best-1.1109973192214966,right_f_best-2.8685860633850098,i:3
2025-05-02 14:42:23,913 - INFO - tree_node.f_best*ep:-3.364124298095703,left_f_best-1.3075577020645142,right_f_best-3.3049118518829346,i:4
2025-05-02 14:42:49,146 - INFO - tree_node.f_best*ep:-3.364124298095703,left_f_best-1.1082239151000977,right_f_best-3.369391679763794,i:5
2025-05-02 14:44:39,370 - INFO - 添加左子节点，右子节点，len(queue):5
2025-05-02 14:44:39,370 - INFO - Node 1: k=680.1641292827695, f_best=-3.1495041847229004, f_min=-7.180683271835733
2025-05-02 14:44:39,370 - INFO - Node 2: k=305.6289011092324, f_best=-1.16646146774292, f_min=-1.2444919854024192
2025-05-02 14:44:39,370 - INFO - Node 3: k=453.1357411399135, f_best=-3.208651065826416, f_min=-4.798162649050937
2025-05-02 14:44:39,370 - INFO - Node 4: k=201.23185056022194, f_best=-1.2861782312393188, f_min=-3.303739300747111
2025-05-02 14:44:39,371 - INFO - Node 5: k=453.1357411399135, f_best=-3.2408366203308105, f_min=-5.551136177724402
2025-05-02 14:44:39,371 - INFO - Node 6: k=361.95766193930467, f_best=-1.053462266921997, f_min=-5.851260988703871
2025-05-02 14:44:39,371 - INFO - Node 7: k=326.3044403724306, f_best=-3.364124298095703, f_min=-5.457073896030124
2025-05-02 14:44:39,371 - INFO - Node 8: k=268.5446846614144, f_best=-1.1082239151000977, f_min=-1.196711499700541
2025-05-02 14:44:39,371 - INFO - Node 9: k=332.8631596239165, f_best=-3.369391679763794, f_min=-4.043831877903358
2025-05-02 14:44:39,371 - INFO - cur_node_number 8,f_best -3.369391679763794,f_min -4.043831877903358,k 332.8631596239165
2025-05-02 14:44:39,371 - INFO - f_best_current -3.369391679763794,f_min -4.043831877903358
2025-05-02 14:44:39,371 - INFO - 回退,len(queue)=3
2025-05-02 14:45:01,367 - INFO - tree_node.f_best*ep:-3.364124298095703,left_f_best-1.1122939586639404,right_f_best-3.2280588150024414,i:1
2025-05-02 14:45:23,872 - INFO - tree_node.f_best*ep:-3.364124298095703,left_f_best-1.262386679649353,right_f_best-3.1978702545166016,i:2
2025-05-02 14:45:46,508 - INFO - tree_node.f_best*ep:-3.364124298095703,left_f_best-1.3229719400405884,right_f_best-3.3591418266296387,i:3
2025-05-02 14:46:10,636 - INFO - tree_node.f_best*ep:-3.364124298095703,left_f_best-0.9821176528930664,right_f_best-3.175459861755371,i:4
2025-05-02 14:46:35,537 - INFO - tree_node.f_best*ep:-3.364124298095703,left_f_best-1.3216038942337036,right_f_best-3.3239028453826904,i:5
2025-05-02 14:47:01,772 - INFO - tree_node.f_best*ep:-3.364124298095703,left_f_best-1.0024657249450684,right_f_best-3.2648398876190186,i:6
2025-05-02 14:47:29,144 - INFO - tree_node.f_best*ep:-3.364124298095703,left_f_best-1.3204442262649536,right_f_best-3.4730145931243896,i:7
2025-05-02 14:49:23,800 - INFO - 添加左子节点，右子节点，len(queue):5
2025-05-02 14:49:23,800 - INFO - Node 1: k=680.1641292827695, f_best=-3.1495041847229004, f_min=-7.180683271835733
2025-05-02 14:49:23,801 - INFO - Node 2: k=305.6289011092324, f_best=-1.16646146774292, f_min=-1.2444919854024192
2025-05-02 14:49:23,801 - INFO - Node 3: k=453.1357411399135, f_best=-3.208651065826416, f_min=-4.798162649050937
2025-05-02 14:49:23,801 - INFO - Node 4: k=201.23185056022194, f_best=-1.2861782312393188, f_min=-3.303739300747111
2025-05-02 14:49:23,801 - INFO - Node 5: k=453.1357411399135, f_best=-3.2408366203308105, f_min=-5.551136177724402
2025-05-02 14:49:23,801 - INFO - Node 6: k=361.95766193930467, f_best=-1.053462266921997, f_min=-5.851260988703871
2025-05-02 14:49:23,801 - INFO - Node 7: k=332.8631596239165, f_best=-3.364124298095703, f_min=-5.457073896030124
2025-05-02 14:49:23,801 - INFO - Node 8: k=334.2618280498724, f_best=-1.3204442262649536, f_min=-4.467110373234391
2025-05-02 14:49:23,802 - INFO - Node 9: k=316.7078750505246, f_best=-3.4730145931243896, f_min=-4.172937197794454
2025-05-02 14:49:23,802 - INFO - cur_node_number 9,f_best -3.4730145931243896,f_min -4.172937197794454,k 316.7078750505246
2025-05-02 14:49:23,802 - INFO - f_best_current -3.4730145931243896,f_min -4.172937197794454
2025-05-02 14:49:45,864 - INFO - tree_node.f_best*ep:-3.4730145931243896,left_f_best-1.1586790084838867,right_f_best-3.2123003005981445,i:1
2025-05-02 14:50:07,762 - INFO - tree_node.f_best*ep:-3.4730145931243896,left_f_best-1.20591139793396,right_f_best-3.3337464332580566,i:2
2025-05-02 14:50:30,557 - INFO - tree_node.f_best*ep:-3.4730145931243896,left_f_best-1.2994290590286255,right_f_best-3.3644371032714844,i:3
2025-05-02 14:50:54,551 - INFO - tree_node.f_best*ep:-3.4730145931243896,left_f_best-1.241420030593872,right_f_best-3.288058042526245,i:4
2025-05-02 14:51:20,439 - INFO - tree_node.f_best*ep:-3.4730145931243896,left_f_best-1.2720704078674316,right_f_best-3.336178779602051,i:5
2025-05-02 14:51:47,594 - INFO - tree_node.f_best*ep:-3.4730145931243896,left_f_best-1.4511361122131348,right_f_best-3.396303653717041,i:6
2025-05-02 14:52:15,881 - INFO - tree_node.f_best*ep:-3.4730145931243896,left_f_best-1.407029151916504,right_f_best-3.4267330169677734,i:7
2025-05-02 14:52:44,610 - INFO - tree_node.f_best*ep:-3.4730145931243896,left_f_best-1.5471594333648682,right_f_best-3.193141460418701,i:8
2025-05-02 14:53:13,638 - INFO - tree_node.f_best*ep:-3.4730145931243896,left_f_best-1.2425715923309326,right_f_best-3.418290615081787,i:9
2025-05-02 14:53:43,521 - INFO - tree_node.f_best*ep:-3.4730145931243896,left_f_best-1.4762935638427734,right_f_best-3.461535930633545,i:10
2025-05-02 14:54:14,164 - INFO - tree_node.f_best*ep:-3.4730145931243896,left_f_best-1.2756448984146118,right_f_best-3.4148786067962646,i:11
2025-05-02 14:54:46,053 - INFO - tree_node.f_best*ep:-3.4730145931243896,left_f_best-1.3963063955307007,right_f_best-3.4730145931243896,i:12
2025-05-02 14:56:49,609 - INFO - 添加左子节点，右子节点，len(queue):6
2025-05-02 14:56:49,609 - INFO - Node 1: k=680.1641292827695, f_best=-3.1495041847229004, f_min=-7.180683271835733
2025-05-02 14:56:49,609 - INFO - Node 2: k=305.6289011092324, f_best=-1.16646146774292, f_min=-1.2444919854024192
2025-05-02 14:56:49,609 - INFO - Node 3: k=453.1357411399135, f_best=-3.208651065826416, f_min=-4.798162649050937
2025-05-02 14:56:49,610 - INFO - Node 4: k=201.23185056022194, f_best=-1.2861782312393188, f_min=-3.303739300747111
2025-05-02 14:56:49,610 - INFO - Node 5: k=453.1357411399135, f_best=-3.2408366203308105, f_min=-5.551136177724402
2025-05-02 14:56:49,610 - INFO - Node 6: k=361.95766193930467, f_best=-1.053462266921997, f_min=-5.851260988703871
2025-05-02 14:56:49,610 - INFO - Node 7: k=332.8631596239165, f_best=-3.364124298095703, f_min=-5.457073896030124
2025-05-02 14:56:49,610 - INFO - Node 8: k=334.2618280498724, f_best=-1.3204442262649536, f_min=-4.467110373234391
2025-05-02 14:56:49,610 - INFO - Node 9: k=316.7078750505246, f_best=-3.4730145931243896, f_min=-4.172937197794454
2025-05-02 14:56:49,611 - INFO - Node 10: k=428.66806300410553, f_best=-1.3963063955307007, f_min=-1.9963426269823685
2025-05-02 14:56:49,611 - INFO - Node 11: k=364.04753549986106, f_best=-3.4730145931243896, f_min=-3.665545233472585
2025-05-02 14:56:49,611 - INFO - cur_node_number 10,f_best -3.4730145931243896,f_min -3.665545233472585,k 364.04753549986106
2025-05-02 14:56:49,611 - INFO - f_best_current -3.4730145931243896,f_min -3.665545233472585
2025-05-02 14:56:49,611 - INFO - 回退,len(queue)=4
2025-05-02 14:56:49,612 - INFO - 回退,len(queue)=3
2025-05-02 14:57:11,160 - INFO - tree_node.f_best*ep:-3.364124298095703,left_f_best-1.4269405603408813,right_f_best-3.102116584777832,i:1
2025-05-02 14:57:33,317 - INFO - tree_node.f_best*ep:-3.364124298095703,left_f_best-1.152900218963623,right_f_best-3.3011727333068848,i:2
2025-05-02 14:57:56,335 - INFO - tree_node.f_best*ep:-3.364124298095703,left_f_best-1.2267978191375732,right_f_best-3.3242568969726562,i:3
2025-05-02 14:58:20,369 - INFO - tree_node.f_best*ep:-3.364124298095703,left_f_best-1.2688701152801514,right_f_best-3.3261661529541016,i:4
2025-05-02 14:58:45,659 - INFO - tree_node.f_best*ep:-3.364124298095703,left_f_best-1.4898650646209717,right_f_best-3.494011878967285,i:5
2025-05-02 15:00:45,052 - INFO - 添加左子节点，右子节点，len(queue):5
2025-05-02 15:00:45,052 - INFO - Node 1: k=680.1641292827695, f_best=-3.1495041847229004, f_min=-7.180683271835733
2025-05-02 15:00:45,052 - INFO - Node 2: k=305.6289011092324, f_best=-1.16646146774292, f_min=-1.2444919854024192
2025-05-02 15:00:45,052 - INFO - Node 3: k=453.1357411399135, f_best=-3.208651065826416, f_min=-4.798162649050937
2025-05-02 15:00:45,052 - INFO - Node 4: k=201.23185056022194, f_best=-1.2861782312393188, f_min=-3.303739300747111
2025-05-02 15:00:45,052 - INFO - Node 5: k=453.1357411399135, f_best=-3.2408366203308105, f_min=-5.551136177724402
2025-05-02 15:00:45,053 - INFO - Node 6: k=361.95766193930467, f_best=-1.053462266921997, f_min=-5.851260988703871
2025-05-02 15:00:45,053 - INFO - Node 7: k=364.04753549986106, f_best=-3.364124298095703, f_min=-5.457073896030124
2025-05-02 15:00:45,053 - INFO - Node 8: k=337.60444633037116, f_best=-1.4898650646209717, f_min=-3.9883401902934565
2025-05-02 15:00:45,053 - INFO - Node 9: k=439.80908602429145, f_best=-3.494011878967285, f_min=-7.479960535743885
2025-05-02 15:00:45,053 - INFO - cur_node_number 11,f_best -3.494011878967285,f_min -7.479960535743885,k 439.80908602429145
2025-05-02 15:00:45,053 - INFO - f_best_current -3.494011878967285,f_min -7.479960535743885
2025-05-02 15:00:45,053 - INFO - 回退,len(queue)=3
2025-05-02 15:01:06,350 - INFO - tree_node.f_best*ep:-3.364124298095703,left_f_best-1.2889940738677979,right_f_best-3.020939350128174,i:1
2025-05-02 15:01:28,063 - INFO - tree_node.f_best*ep:-3.364124298095703,left_f_best-1.2568498849868774,right_f_best-3.375375270843506,i:2
2025-05-02 15:03:25,985 - INFO - 添加左子节点，右子节点，len(queue):5
2025-05-02 15:03:25,985 - INFO - Node 1: k=680.1641292827695, f_best=-3.1495041847229004, f_min=-7.180683271835733
2025-05-02 15:03:25,986 - INFO - Node 2: k=305.6289011092324, f_best=-1.16646146774292, f_min=-1.2444919854024192
2025-05-02 15:03:25,986 - INFO - Node 3: k=453.1357411399135, f_best=-3.208651065826416, f_min=-4.798162649050937
2025-05-02 15:03:25,986 - INFO - Node 4: k=201.23185056022194, f_best=-1.2861782312393188, f_min=-3.303739300747111
2025-05-02 15:03:25,986 - INFO - Node 5: k=453.1357411399135, f_best=-3.2408366203308105, f_min=-5.551136177724402
2025-05-02 15:03:25,986 - INFO - Node 6: k=361.95766193930467, f_best=-1.053462266921997, f_min=-5.851260988703871
2025-05-02 15:03:25,986 - INFO - Node 7: k=439.80908602429145, f_best=-3.364124298095703, f_min=-5.457073896030124
2025-05-02 15:03:25,986 - INFO - Node 8: k=441.65713398119294, f_best=-1.2568498849868774, f_min=-3.4505886244132853
2025-05-02 15:03:25,986 - INFO - Node 9: k=305.6289011092324, f_best=-3.375375270843506, f_min=-6.6738001865323895
2025-05-02 15:03:25,987 - INFO - cur_node_number 12,f_best -3.375375270843506,f_min -6.6738001865323895,k 305.6289011092324
2025-05-02 15:03:25,987 - INFO - f_best_current -3.375375270843506,f_min -6.6738001865323895
2025-05-02 15:03:47,458 - INFO - tree_node.f_best*ep:-3.375375270843506,left_f_best-1.227270245552063,right_f_best-3.1998484134674072,i:1
2025-05-02 15:04:09,253 - INFO - tree_node.f_best*ep:-3.375375270843506,left_f_best-1.0887293815612793,right_f_best-3.3075835704803467,i:2
2025-05-02 15:04:31,811 - INFO - tree_node.f_best*ep:-3.375375270843506,left_f_best-1.0970234870910645,right_f_best-3.3363003730773926,i:3
2025-05-02 15:04:55,118 - INFO - tree_node.f_best*ep:-3.375375270843506,left_f_best-1.2904744148254395,right_f_best-3.3255670070648193,i:4
2025-05-02 15:05:19,902 - INFO - tree_node.f_best*ep:-3.375375270843506,left_f_best-1.317208170890808,right_f_best-3.2555344104766846,i:5
2025-05-02 15:05:46,134 - INFO - tree_node.f_best*ep:-3.375375270843506,left_f_best-1.2947227954864502,right_f_best-3.413227081298828,i:6
2025-05-02 15:07:30,934 - INFO - 添加左子节点，右子节点，len(queue):6
2025-05-02 15:07:30,934 - INFO - Node 1: k=680.1641292827695, f_best=-3.1495041847229004, f_min=-7.180683271835733
2025-05-02 15:07:30,934 - INFO - Node 2: k=305.6289011092324, f_best=-1.16646146774292, f_min=-1.2444919854024192
2025-05-02 15:07:30,934 - INFO - Node 3: k=453.1357411399135, f_best=-3.208651065826416, f_min=-4.798162649050937
2025-05-02 15:07:30,935 - INFO - Node 4: k=201.23185056022194, f_best=-1.2861782312393188, f_min=-3.303739300747111
2025-05-02 15:07:30,935 - INFO - Node 5: k=453.1357411399135, f_best=-3.2408366203308105, f_min=-5.551136177724402
2025-05-02 15:07:30,935 - INFO - Node 6: k=361.95766193930467, f_best=-1.053462266921997, f_min=-5.851260988703871
2025-05-02 15:07:30,935 - INFO - Node 7: k=439.80908602429145, f_best=-3.364124298095703, f_min=-5.457073896030124
2025-05-02 15:07:30,935 - INFO - Node 8: k=441.65713398119294, f_best=-1.2568498849868774, f_min=-3.4505886244132853
2025-05-02 15:07:30,935 - INFO - Node 9: k=305.6289011092324, f_best=-3.375375270843506, f_min=-6.6738001865323895
2025-05-02 15:07:30,935 - INFO - Node 10: k=224.50800601092487, f_best=-1.2947227954864502, f_min=-1.7116619167445606
2025-05-02 15:07:30,936 - INFO - Node 11: k=326.3044403724306, f_best=-3.413227081298828, f_min=-4.410866458227247
2025-05-02 15:07:30,936 - INFO - cur_node_number 13,f_best -3.413227081298828,f_min -4.410866458227247,k 326.3044403724306
2025-05-02 15:07:30,936 - INFO - f_best_current -3.413227081298828,f_min -4.410866458227247
2025-05-02 15:07:30,936 - INFO - 回退,len(queue)=4
2025-05-02 15:07:52,337 - INFO - tree_node.f_best*ep:-3.375375270843506,left_f_best-1.086634635925293,right_f_best-3.115506649017334,i:1
2025-05-02 15:08:14,299 - INFO - tree_node.f_best*ep:-3.375375270843506,left_f_best-1.246238112449646,right_f_best-3.2000653743743896,i:2
2025-05-02 15:08:36,789 - INFO - tree_node.f_best*ep:-3.375375270843506,left_f_best-1.3579211235046387,right_f_best-3.2293903827667236,i:3
2025-05-02 15:09:00,423 - INFO - tree_node.f_best*ep:-3.375375270843506,left_f_best-1.2078030109405518,right_f_best-3.3604648113250732,i:4
2025-05-02 15:09:25,276 - INFO - tree_node.f_best*ep:-3.375375270843506,left_f_best-1.2629274129867554,right_f_best-3.3902862071990967,i:5
2025-05-02 15:11:16,583 - INFO - 添加左子节点，右子节点，len(queue):6
2025-05-02 15:11:16,583 - INFO - Node 1: k=680.1641292827695, f_best=-3.1495041847229004, f_min=-7.180683271835733
2025-05-02 15:11:16,583 - INFO - Node 2: k=305.6289011092324, f_best=-1.16646146774292, f_min=-1.2444919854024192
2025-05-02 15:11:16,583 - INFO - Node 3: k=453.1357411399135, f_best=-3.208651065826416, f_min=-4.798162649050937
2025-05-02 15:11:16,583 - INFO - Node 4: k=201.23185056022194, f_best=-1.2861782312393188, f_min=-3.303739300747111
2025-05-02 15:11:16,583 - INFO - Node 5: k=453.1357411399135, f_best=-3.2408366203308105, f_min=-5.551136177724402
2025-05-02 15:11:16,584 - INFO - Node 6: k=361.95766193930467, f_best=-1.053462266921997, f_min=-5.851260988703871
2025-05-02 15:11:16,584 - INFO - Node 7: k=439.80908602429145, f_best=-3.364124298095703, f_min=-5.457073896030124
2025-05-02 15:11:16,584 - INFO - Node 8: k=441.65713398119294, f_best=-1.2568498849868774, f_min=-3.4505886244132853
2025-05-02 15:11:16,584 - INFO - Node 9: k=326.3044403724306, f_best=-3.375375270843506, f_min=-6.6738001865323895
2025-05-02 15:11:16,584 - INFO - Node 10: k=391.94828138443785, f_best=-1.2629274129867554, f_min=-1.9862965773172618
2025-05-02 15:11:16,584 - INFO - Node 11: k=313.57215351537087, f_best=-3.3902862071990967, f_min=-3.3923322531081794
2025-05-02 15:11:16,584 - INFO - cur_node_number 14,f_best -3.3902862071990967,f_min -3.3923322531081794,k 313.57215351537087
2025-05-02 15:11:16,585 - INFO - f_best_current -3.3902862071990967,f_min -3.3923322531081794
2025-05-02 15:11:16,585 - INFO - 结束,fmin= -3.3923322531081794, fbestmin=-3.3902862071990967
