2025-05-02 07:36:38,111 - INFO - Namespace(log_file='outputs/DNN7/img[0]/max/DNN7img0_label2.log', image_path='img[0].png', model_path='network/DNN7.pth', label=2, init_epsilon=0.05, epsilon=0.01, ep=1, min=0)
2025-05-02 07:36:38,143 - INFO - Model output max(1): torch.return_types.max(
values=tensor([21.0038], grad_fn=<MaxBackward0>),
indices=tensor([0]))
2025-05-02 07:36:51,272 - INFO - cur_node_number 1,f_best -13.598760604858398,f_min -18.841926364271785,k 2047.883867474049
2025-05-02 07:36:51,273 - INFO - f_best_current -13.598760604858398,f_min -18.841926364271785
2025-05-02 07:37:11,587 - INFO - tree_node.f_best*ep:-13.598760604858398,left_f_best-11.784554481506348,right_f_best-13.572263717651367,i:1
2025-05-02 07:37:32,423 - INFO - tree_node.f_best*ep:-13.598760604858398,left_f_best-11.781909942626953,right_f_best-13.55100154876709,i:2
2025-05-02 07:37:53,836 - INFO - tree_node.f_best*ep:-13.598760604858398,left_f_best-11.89811897277832,right_f_best-13.507243156433105,i:3
2025-05-02 07:38:18,393 - INFO - tree_node.f_best*ep:-13.598760604858398,left_f_best-12.143310546875,right_f_best-13.325708389282227,i:4
2025-05-02 07:38:43,322 - INFO - tree_node.f_best*ep:-13.598760604858398,left_f_best-11.884744644165039,right_f_best-13.64227294921875,i:5
2025-05-02 07:40:39,331 - INFO - 添加左子节点，右子节点，len(queue):2
2025-05-02 07:40:39,331 - INFO - Node 1: k=2047.883867474049, f_best=-13.598760604858398, f_min=-18.841926364271785
2025-05-02 07:40:39,331 - INFO - Node 2: k=513.5528279554132, f_best=-11.884744644165039, f_min=-14.441037651478837
2025-05-02 07:40:39,331 - INFO - Node 3: k=381.01661255450915, f_best=-13.64227294921875, f_min=-15.509166910986096
2025-05-02 07:40:39,331 - INFO - cur_node_number 2,f_best -13.64227294921875,f_min -15.509166910986096,k 381.01661255450915
2025-05-02 07:40:39,331 - INFO - f_best_current -13.64227294921875,f_min -15.509166910986096
2025-05-02 07:41:00,577 - INFO - tree_node.f_best*ep:-13.64227294921875,left_f_best-11.763121604919434,right_f_best-12.880218505859375,i:1
2025-05-02 07:41:22,336 - INFO - tree_node.f_best*ep:-13.64227294921875,left_f_best-11.896707534790039,right_f_best-13.114882469177246,i:2
2025-05-02 07:41:45,139 - INFO - tree_node.f_best*ep:-13.64227294921875,left_f_best-11.840936660766602,right_f_best-13.66993522644043,i:3
2025-05-02 07:43:38,705 - INFO - 添加左子节点，右子节点，len(queue):3
2025-05-02 07:43:38,705 - INFO - Node 1: k=2047.883867474049, f_best=-13.598760604858398, f_min=-18.841926364271785
2025-05-02 07:43:38,705 - INFO - Node 2: k=513.5528279554132, f_best=-11.884744644165039, f_min=-14.441037651478837
2025-05-02 07:43:38,705 - INFO - Node 3: k=381.01661255450915, f_best=-13.64227294921875, f_min=-15.509166910986096
2025-05-02 07:43:38,705 - INFO - Node 4: k=460.30957989477776, f_best=-11.840936660766602, f_min=-17.97354430312953
2025-05-02 07:43:38,705 - INFO - Node 5: k=362.52423325377026, f_best=-13.66993522644043, f_min=-14.53195539438093
2025-05-02 07:43:38,705 - INFO - cur_node_number 3,f_best -13.66993522644043,f_min -14.53195539438093,k 362.52423325377026
2025-05-02 07:43:38,705 - INFO - f_best_current -13.66993522644043,f_min -14.53195539438093
2025-05-02 07:44:00,303 - INFO - tree_node.f_best*ep:-13.66993522644043,left_f_best-11.674768447875977,right_f_best-13.317155838012695,i:1
2025-05-02 07:44:22,462 - INFO - tree_node.f_best*ep:-13.66993522644043,left_f_best-11.645906448364258,right_f_best-13.346502304077148,i:2
2025-05-02 07:44:45,800 - INFO - tree_node.f_best*ep:-13.66993522644043,left_f_best-12.003681182861328,right_f_best-13.402896881103516,i:3
2025-05-02 07:45:09,590 - INFO - tree_node.f_best*ep:-13.66993522644043,left_f_best-11.806278228759766,right_f_best-13.600618362426758,i:4
2025-05-02 07:45:33,736 - INFO - tree_node.f_best*ep:-13.66993522644043,left_f_best-11.713374137878418,right_f_best-13.58907699584961,i:5
2025-05-02 07:45:59,127 - INFO - tree_node.f_best*ep:-13.66993522644043,left_f_best-12.212754249572754,right_f_best-13.383054733276367,i:6
2025-05-02 07:46:25,309 - INFO - tree_node.f_best*ep:-13.66993522644043,left_f_best-11.932928085327148,right_f_best-13.327248573303223,i:7
2025-05-02 07:46:52,730 - INFO - tree_node.f_best*ep:-13.66993522644043,left_f_best-12.053876876831055,right_f_best-13.747185707092285,i:8
2025-05-02 07:48:51,337 - INFO - 添加左子节点，右子节点，len(queue):4
2025-05-02 07:48:51,337 - INFO - Node 1: k=2047.883867474049, f_best=-13.598760604858398, f_min=-18.841926364271785
2025-05-02 07:48:51,337 - INFO - Node 2: k=513.5528279554132, f_best=-11.884744644165039, f_min=-14.441037651478837
2025-05-02 07:48:51,337 - INFO - Node 3: k=381.01661255450915, f_best=-13.64227294921875, f_min=-15.509166910986096
2025-05-02 07:48:51,337 - INFO - Node 4: k=460.30957989477776, f_best=-11.840936660766602, f_min=-17.97354430312953
2025-05-02 07:48:51,337 - INFO - Node 5: k=362.52423325377026, f_best=-13.66993522644043, f_min=-14.53195539438093
2025-05-02 07:48:51,337 - INFO - Node 6: k=458.38348357884485, f_best=-12.053876876831055, f_min=-12.61830473299051
2025-05-02 07:48:51,337 - INFO - Node 7: k=545.1466752727996, f_best=-13.747185707092285, f_min=-14.071352806557115
2025-05-02 07:48:51,337 - INFO - cur_node_number 4,f_best -13.747185707092285,f_min -14.071352806557115,k 545.1466752727996
2025-05-02 07:48:51,337 - INFO - f_best_current -13.747185707092285,f_min -14.071352806557115
2025-05-02 07:48:51,337 - INFO - 回退,len(queue)=2
2025-05-02 07:48:51,337 - INFO - 回退,len(queue)=1
2025-05-02 07:49:11,853 - INFO - tree_node.f_best*ep:-13.64227294921875,left_f_best-11.95113754272461,right_f_best-13.179386138916016,i:1
2025-05-02 07:49:33,352 - INFO - tree_node.f_best*ep:-13.64227294921875,left_f_best-11.717280387878418,right_f_best-13.495716094970703,i:2
2025-05-02 07:49:55,712 - INFO - tree_node.f_best*ep:-13.64227294921875,left_f_best-11.573504447937012,right_f_best-13.30964469909668,i:3
2025-05-02 07:50:19,808 - INFO - tree_node.f_best*ep:-13.64227294921875,left_f_best-11.911408424377441,right_f_best-13.1763916015625,i:4
2025-05-02 07:50:45,226 - INFO - tree_node.f_best*ep:-13.64227294921875,left_f_best-11.945539474487305,right_f_best-13.24785041809082,i:5
2025-05-02 07:51:11,688 - INFO - tree_node.f_best*ep:-13.64227294921875,left_f_best-11.80706787109375,right_f_best-13.523274421691895,i:6
2025-05-02 07:51:38,641 - INFO - tree_node.f_best*ep:-13.64227294921875,left_f_best-11.865187644958496,right_f_best-13.338040351867676,i:7
2025-05-02 07:52:06,389 - INFO - tree_node.f_best*ep:-13.64227294921875,left_f_best-12.132122039794922,right_f_best-13.785223960876465,i:8
2025-05-02 07:54:00,657 - INFO - 添加左子节点，右子节点，len(queue):3
2025-05-02 07:54:00,657 - INFO - Node 1: k=2047.883867474049, f_best=-13.598760604858398, f_min=-18.841926364271785
2025-05-02 07:54:00,657 - INFO - Node 2: k=513.5528279554132, f_best=-11.884744644165039, f_min=-14.441037651478837
2025-05-02 07:54:00,657 - INFO - Node 3: k=545.1466752727996, f_best=-13.64227294921875, f_min=-15.509166910986096
2025-05-02 07:54:00,657 - INFO - Node 4: k=406.79206737638816, f_best=-12.132122039794922, f_min=-15.663151535778525
2025-05-02 07:54:00,657 - INFO - Node 5: k=503.43380840644375, f_best=-13.785223960876465, f_min=-18.565005498767277
2025-05-02 07:54:00,657 - INFO - cur_node_number 5,f_best -13.785223960876465,f_min -18.565005498767277,k 503.43380840644375
2025-05-02 07:54:00,657 - INFO - f_best_current -13.785223960876465,f_min -18.565005498767277
2025-05-02 07:54:21,452 - INFO - tree_node.f_best*ep:-13.785223960876465,left_f_best-11.65737533569336,right_f_best-12.870223045349121,i:1
2025-05-02 07:54:42,609 - INFO - tree_node.f_best*ep:-13.785223960876465,left_f_best-11.635967254638672,right_f_best-13.19754695892334,i:2
2025-05-02 07:55:04,827 - INFO - tree_node.f_best*ep:-13.785223960876465,left_f_best-11.662492752075195,right_f_best-13.1685209274292,i:3
2025-05-02 07:55:28,423 - INFO - tree_node.f_best*ep:-13.785223960876465,left_f_best-12.02402400970459,right_f_best-13.698369979858398,i:4
2025-05-02 07:55:53,213 - INFO - tree_node.f_best*ep:-13.785223960876465,left_f_best-11.889142036437988,right_f_best-13.208348274230957,i:5
2025-05-02 07:56:18,858 - INFO - tree_node.f_best*ep:-13.785223960876465,left_f_best-12.071558952331543,right_f_best-13.139201164245605,i:6
2025-05-02 07:56:45,772 - INFO - tree_node.f_best*ep:-13.785223960876465,left_f_best-12.197616577148438,right_f_best-13.717090606689453,i:7
2025-05-02 07:57:13,617 - INFO - tree_node.f_best*ep:-13.785223960876465,left_f_best-11.91360855102539,right_f_best-13.871976852416992,i:8
2025-05-02 07:59:10,615 - INFO - 添加左子节点，右子节点，len(queue):4
2025-05-02 07:59:10,615 - INFO - Node 1: k=2047.883867474049, f_best=-13.598760604858398, f_min=-18.841926364271785
2025-05-02 07:59:10,615 - INFO - Node 2: k=513.5528279554132, f_best=-11.884744644165039, f_min=-14.441037651478837
2025-05-02 07:59:10,615 - INFO - Node 3: k=545.1466752727996, f_best=-13.64227294921875, f_min=-15.509166910986096
2025-05-02 07:59:10,615 - INFO - Node 4: k=406.79206737638816, f_best=-12.132122039794922, f_min=-15.663151535778525
2025-05-02 07:59:10,615 - INFO - Node 5: k=503.43380840644375, f_best=-13.785223960876465, f_min=-18.565005498767277
2025-05-02 07:59:10,615 - INFO - Node 6: k=410.859988050152, f_best=-11.91360855102539, f_min=-13.383503161674525
2025-05-02 07:59:10,615 - INFO - Node 7: k=488.6278945729876, f_best=-13.871976852416992, f_min=-19.71494234740385
2025-05-02 07:59:10,615 - INFO - cur_node_number 6,f_best -13.871976852416992,f_min -19.71494234740385,k 488.6278945729876
2025-05-02 07:59:10,615 - INFO - f_best_current -13.871976852416992,f_min -19.71494234740385
2025-05-02 07:59:31,629 - INFO - tree_node.f_best*ep:-13.871976852416992,left_f_best-11.817994117736816,right_f_best-12.863983154296875,i:1
2025-05-02 07:59:53,068 - INFO - tree_node.f_best*ep:-13.871976852416992,left_f_best-12.037169456481934,right_f_best-13.053949356079102,i:2
2025-05-02 08:00:15,452 - INFO - tree_node.f_best*ep:-13.871976852416992,left_f_best-11.871878623962402,right_f_best-13.38724136352539,i:3
2025-05-02 08:00:39,220 - INFO - tree_node.f_best*ep:-13.871976852416992,left_f_best-11.834465026855469,right_f_best-13.316250801086426,i:4
2025-05-02 08:01:03,967 - INFO - tree_node.f_best*ep:-13.871976852416992,left_f_best-11.71240520477295,right_f_best-13.134090423583984,i:5
2025-05-02 08:01:29,903 - INFO - tree_node.f_best*ep:-13.871976852416992,left_f_best-12.100618362426758,right_f_best-13.277254104614258,i:6
2025-05-02 08:01:56,572 - INFO - tree_node.f_best*ep:-13.871976852416992,left_f_best-11.721546173095703,right_f_best-13.329517364501953,i:7
2025-05-02 08:02:24,153 - INFO - tree_node.f_best*ep:-13.871976852416992,left_f_best-12.248661041259766,right_f_best-13.455581665039062,i:8
2025-05-02 08:02:52,645 - INFO - tree_node.f_best*ep:-13.871976852416992,left_f_best-11.811236381530762,right_f_best-13.7221040725708,i:9
2025-05-02 08:03:22,501 - INFO - tree_node.f_best*ep:-13.871976852416992,left_f_best-12.224857330322266,right_f_best-13.288808822631836,i:10
2025-05-02 08:03:53,779 - INFO - tree_node.f_best*ep:-13.871976852416992,left_f_best-11.914067268371582,right_f_best-13.90426254272461,i:11
2025-05-02 08:05:54,197 - INFO - 添加左子节点，右子节点，len(queue):5
2025-05-02 08:05:54,197 - INFO - Node 1: k=2047.883867474049, f_best=-13.598760604858398, f_min=-18.841926364271785
2025-05-02 08:05:54,197 - INFO - Node 2: k=513.5528279554132, f_best=-11.884744644165039, f_min=-14.441037651478837
2025-05-02 08:05:54,197 - INFO - Node 3: k=545.1466752727996, f_best=-13.64227294921875, f_min=-15.509166910986096
2025-05-02 08:05:54,197 - INFO - Node 4: k=406.79206737638816, f_best=-12.132122039794922, f_min=-15.663151535778525
2025-05-02 08:05:54,197 - INFO - Node 5: k=503.43380840644375, f_best=-13.785223960876465, f_min=-18.565005498767277
2025-05-02 08:05:54,197 - INFO - Node 6: k=410.859988050152, f_best=-11.91360855102539, f_min=-13.383503161674525
2025-05-02 08:05:54,197 - INFO - Node 7: k=488.6278945729876, f_best=-13.871976852416992, f_min=-19.71494234740385
2025-05-02 08:05:54,197 - INFO - Node 8: k=350.3901335990025, f_best=-11.914067268371582, f_min=-11.936113953153836
2025-05-02 08:05:54,197 - INFO - Node 9: k=645.6196232737994, f_best=-13.90426254272461, f_min=-13.997622186328954
2025-05-02 08:05:54,197 - INFO - cur_node_number 7,f_best -13.90426254272461,f_min -13.997622186328954,k 645.6196232737994
2025-05-02 08:05:54,197 - INFO - f_best_current -13.90426254272461,f_min -13.997622186328954
2025-05-02 08:05:54,197 - INFO - 结束,fmin= -13.997622186328954, fbestmin=-13.90426254272461
