2025-05-01 15:11:03,641 - INFO - Namespace(log_file='outputs/DNN7/img[0]/min/DNN7img0_label2.log', image_path='img[0].png', model_path='network/DNN7.pth', label=2, init_epsilon=0.05, epsilon=0.01, ep=1, min=1)
2025-05-01 15:11:03,703 - INFO - Model output max(1): torch.return_types.max(
values=tensor([21.0038], grad_fn=<MaxBackward0>),
indices=tensor([0]))
2025-05-01 15:11:22,186 - INFO - cur_node_number 1,f_best -6.445939064025879,f_min -23.171322183305165,k 1292.855976940688
2025-05-01 15:11:22,186 - INFO - f_best_current -6.445939064025879,f_min -23.171322183305165
2025-05-01 15:11:47,641 - INFO - tree_node.f_best*ep:-6.445939064025879,left_f_best-4.192204475402832,right_f_best-6.612787246704102,i:1
2025-05-01 15:14:21,251 - INFO - 添加左子节点，右子节点，len(queue):2
2025-05-01 15:14:21,251 - INFO - Node 1: k=1292.855976940688, f_best=-6.445939064025879, f_min=-23.171322183305165
2025-05-01 15:14:21,251 - INFO - Node 2: k=502.6470164394208, f_best=-4.192204475402832, f_min=-4.931831571899238
2025-05-01 15:14:21,251 - INFO - Node 3: k=481.0127201775367, f_best=-6.612787246704102, f_min=-8.392351243655867
2025-05-01 15:14:21,251 - INFO - cur_node_number 2,f_best -6.612787246704102,f_min -8.392351243655867,k 481.0127201775367
2025-05-01 15:14:21,251 - INFO - f_best_current -6.612787246704102,f_min -8.392351243655867
2025-05-01 15:14:46,521 - INFO - tree_node.f_best*ep:-6.612787246704102,left_f_best-4.2227935791015625,right_f_best-6.578714370727539,i:1
2025-05-01 15:15:12,673 - INFO - tree_node.f_best*ep:-6.612787246704102,left_f_best-4.512996673583984,right_f_best-6.581669807434082,i:2
2025-05-01 15:15:40,200 - INFO - tree_node.f_best*ep:-6.612787246704102,left_f_best-4.365557670593262,right_f_best-6.648943901062012,i:3
2025-05-01 15:17:50,101 - INFO - 添加左子节点，右子节点，len(queue):3
2025-05-01 15:17:50,101 - INFO - Node 1: k=1292.855976940688, f_best=-6.445939064025879, f_min=-23.171322183305165
2025-05-01 15:17:50,101 - INFO - Node 2: k=502.6470164394208, f_best=-4.192204475402832, f_min=-4.931831571899238
2025-05-01 15:17:50,101 - INFO - Node 3: k=481.0127201775367, f_best=-6.612787246704102, f_min=-8.392351243655867
2025-05-01 15:17:50,101 - INFO - Node 4: k=296.6404003385733, f_best=-4.365557670593262, f_min=-6.759135406175119
2025-05-01 15:17:50,101 - INFO - Node 5: k=356.8743608468395, f_best=-6.648943901062012, f_min=-6.986389867332036
2025-05-01 15:17:50,101 - INFO - cur_node_number 3,f_best -6.648943901062012,f_min -6.986389867332036,k 356.8743608468395
2025-05-01 15:17:50,101 - INFO - f_best_current -6.648943901062012,f_min -6.986389867332036
2025-05-01 15:18:14,812 - INFO - tree_node.f_best*ep:-6.648943901062012,left_f_best-4.254429817199707,right_f_best-6.468489646911621,i:1
2025-05-01 15:18:40,310 - INFO - tree_node.f_best*ep:-6.648943901062012,left_f_best-4.203232765197754,right_f_best-6.689960479736328,i:2
2025-05-01 15:20:54,289 - INFO - 添加左子节点，右子节点，len(queue):4
2025-05-01 15:20:54,289 - INFO - Node 1: k=1292.855976940688, f_best=-6.445939064025879, f_min=-23.171322183305165
2025-05-01 15:20:54,289 - INFO - Node 2: k=502.6470164394208, f_best=-4.192204475402832, f_min=-4.931831571899238
2025-05-01 15:20:54,289 - INFO - Node 3: k=481.0127201775367, f_best=-6.612787246704102, f_min=-8.392351243655867
2025-05-01 15:20:54,289 - INFO - Node 4: k=296.6404003385733, f_best=-4.365557670593262, f_min=-6.759135406175119
2025-05-01 15:20:54,289 - INFO - Node 5: k=356.8743608468395, f_best=-6.648943901062012, f_min=-6.986389867332036
2025-05-01 15:20:54,289 - INFO - Node 6: k=372.9253410537276, f_best=-4.203232765197754, f_min=-4.920321422026973
2025-05-01 15:20:54,289 - INFO - Node 7: k=346.37873868591754, f_best=-6.689960479736328, f_min=-8.680720539805407
2025-05-01 15:20:54,289 - INFO - cur_node_number 4,f_best -6.689960479736328,f_min -8.680720539805407,k 346.37873868591754
2025-05-01 15:20:54,289 - INFO - f_best_current -6.689960479736328,f_min -8.680720539805407
2025-05-01 15:21:19,251 - INFO - tree_node.f_best*ep:-6.689960479736328,left_f_best-4.1276397705078125,right_f_best-6.565552711486816,i:1
2025-05-01 15:21:45,575 - INFO - tree_node.f_best*ep:-6.689960479736328,left_f_best-4.307238578796387,right_f_best-6.817570686340332,i:2
2025-05-01 15:24:14,006 - INFO - 添加左子节点，右子节点，len(queue):5
2025-05-01 15:24:14,006 - INFO - Node 1: k=1292.855976940688, f_best=-6.445939064025879, f_min=-23.171322183305165
2025-05-01 15:24:14,006 - INFO - Node 2: k=502.6470164394208, f_best=-4.192204475402832, f_min=-4.931831571899238
2025-05-01 15:24:14,006 - INFO - Node 3: k=481.0127201775367, f_best=-6.612787246704102, f_min=-8.392351243655867
2025-05-01 15:24:14,006 - INFO - Node 4: k=296.6404003385733, f_best=-4.365557670593262, f_min=-6.759135406175119
2025-05-01 15:24:14,006 - INFO - Node 5: k=356.8743608468395, f_best=-6.648943901062012, f_min=-6.986389867332036
2025-05-01 15:24:14,020 - INFO - Node 6: k=372.9253410537276, f_best=-4.203232765197754, f_min=-4.920321422026973
2025-05-01 15:24:14,020 - INFO - Node 7: k=346.37873868591754, f_best=-6.689960479736328, f_min=-8.680720539805407
2025-05-01 15:24:14,020 - INFO - Node 8: k=420.2216086698417, f_best=-4.307238578796387, f_min=-4.423570044527878
2025-05-01 15:24:14,020 - INFO - Node 9: k=462.24376953682577, f_best=-6.817570686340332, f_min=-7.798901658416071
2025-05-01 15:24:14,020 - INFO - cur_node_number 5,f_best -6.817570686340332,f_min -7.798901658416071,k 462.24376953682577
2025-05-01 15:24:14,020 - INFO - f_best_current -6.817570686340332,f_min -7.798901658416071
2025-05-01 15:24:14,020 - INFO - 回退,len(queue)=3
2025-05-01 15:24:14,020 - INFO - 回退,len(queue)=2
2025-05-01 15:24:39,509 - INFO - tree_node.f_best*ep:-6.648943901062012,left_f_best-4.184769630432129,right_f_best-6.476466178894043,i:1
2025-05-01 15:25:05,752 - INFO - tree_node.f_best*ep:-6.648943901062012,left_f_best-4.371001243591309,right_f_best-6.654831886291504,i:2
2025-05-01 15:27:33,004 - INFO - 添加左子节点，右子节点，len(queue):4
2025-05-01 15:27:33,015 - INFO - Node 1: k=1292.855976940688, f_best=-6.445939064025879, f_min=-23.171322183305165
2025-05-01 15:27:33,015 - INFO - Node 2: k=502.6470164394208, f_best=-4.192204475402832, f_min=-4.931831571899238
2025-05-01 15:27:33,015 - INFO - Node 3: k=481.0127201775367, f_best=-6.612787246704102, f_min=-8.392351243655867
2025-05-01 15:27:33,015 - INFO - Node 4: k=296.6404003385733, f_best=-4.365557670593262, f_min=-6.759135406175119
2025-05-01 15:27:33,015 - INFO - Node 5: k=462.24376953682577, f_best=-6.648943901062012, f_min=-6.986389867332036
2025-05-01 15:27:33,015 - INFO - Node 6: k=446.07370532100487, f_best=-4.371001243591309, f_min=-9.426453582138492
2025-05-01 15:27:33,015 - INFO - Node 7: k=481.0127201775367, f_best=-6.654831886291504, f_min=-11.919210204272531
2025-05-01 15:27:33,015 - INFO - cur_node_number 6,f_best -6.654831886291504,f_min -11.919210204272531,k 481.0127201775367
2025-05-01 15:27:33,015 - INFO - f_best_current -6.654831886291504,f_min -11.919210204272531
2025-05-01 15:27:33,015 - INFO - 回退,len(queue)=2
2025-05-01 15:27:58,598 - INFO - tree_node.f_best*ep:-6.648943901062012,left_f_best-4.286190032958984,right_f_best-6.40974235534668,i:1
2025-05-01 15:28:24,884 - INFO - tree_node.f_best*ep:-6.648943901062012,left_f_best-4.232146263122559,right_f_best-6.670149803161621,i:2
2025-05-01 15:30:38,653 - INFO - 添加左子节点，右子节点，len(queue):4
2025-05-01 15:30:38,653 - INFO - Node 1: k=1292.855976940688, f_best=-6.445939064025879, f_min=-23.171322183305165
2025-05-01 15:30:38,653 - INFO - Node 2: k=502.6470164394208, f_best=-4.192204475402832, f_min=-4.931831571899238
2025-05-01 15:30:38,653 - INFO - Node 3: k=481.0127201775367, f_best=-6.612787246704102, f_min=-8.392351243655867
2025-05-01 15:30:38,653 - INFO - Node 4: k=296.6404003385733, f_best=-4.365557670593262, f_min=-6.759135406175119
2025-05-01 15:30:38,653 - INFO - Node 5: k=481.0127201775367, f_best=-6.648943901062012, f_min=-6.986389867332036
2025-05-01 15:30:38,653 - INFO - Node 6: k=344.39029570161165, f_best=-4.232146263122559, f_min=-5.424757129341742
2025-05-01 15:30:38,653 - INFO - Node 7: k=323.07370333904015, f_best=-6.670149803161621, f_min=-8.694001239564386
2025-05-01 15:30:38,653 - INFO - cur_node_number 7,f_best -6.670149803161621,f_min -8.694001239564386,k 323.07370333904015
2025-05-01 15:30:38,653 - INFO - f_best_current -6.670149803161621,f_min -8.694001239564386
2025-05-01 15:31:04,222 - INFO - tree_node.f_best*ep:-6.670149803161621,left_f_best-4.125823974609375,right_f_best-6.6778974533081055,i:1
2025-05-01 15:33:21,087 - INFO - 添加左子节点，右子节点，len(queue):5
2025-05-01 15:33:21,087 - INFO - Node 1: k=1292.855976940688, f_best=-6.445939064025879, f_min=-23.171322183305165
2025-05-01 15:33:21,087 - INFO - Node 2: k=502.6470164394208, f_best=-4.192204475402832, f_min=-4.931831571899238
2025-05-01 15:33:21,087 - INFO - Node 3: k=481.0127201775367, f_best=-6.612787246704102, f_min=-8.392351243655867
2025-05-01 15:33:21,087 - INFO - Node 4: k=296.6404003385733, f_best=-4.365557670593262, f_min=-6.759135406175119
2025-05-01 15:33:21,087 - INFO - Node 5: k=481.0127201775367, f_best=-6.648943901062012, f_min=-6.986389867332036
2025-05-01 15:33:21,087 - INFO - Node 6: k=344.39029570161165, f_best=-4.232146263122559, f_min=-5.424757129341742
2025-05-01 15:33:21,087 - INFO - Node 7: k=323.07370333904015, f_best=-6.670149803161621, f_min=-8.694001239564386
2025-05-01 15:33:21,087 - INFO - Node 8: k=321.2190466668223, f_best=-4.125823974609375, f_min=-6.352964349669492
2025-05-01 15:33:21,087 - INFO - Node 9: k=414.32005391069123, f_best=-6.6778974533081055, f_min=-7.988792448717504
2025-05-01 15:33:21,087 - INFO - cur_node_number 8,f_best -6.6778974533081055,f_min -7.988792448717504,k 414.32005391069123
2025-05-01 15:33:21,087 - INFO - f_best_current -6.6778974533081055,f_min -7.988792448717504
2025-05-01 15:33:21,087 - INFO - 回退,len(queue)=3
2025-05-01 15:33:45,987 - INFO - tree_node.f_best*ep:-6.670149803161621,left_f_best-4.098444938659668,right_f_best-6.565630912780762,i:1
2025-05-01 15:34:11,648 - INFO - tree_node.f_best*ep:-6.670149803161621,left_f_best-4.279372215270996,right_f_best-6.672418594360352,i:2
2025-05-01 15:36:27,433 - INFO - 添加左子节点，右子节点，len(queue):5
2025-05-01 15:36:27,433 - INFO - Node 1: k=1292.855976940688, f_best=-6.445939064025879, f_min=-23.171322183305165
2025-05-01 15:36:27,433 - INFO - Node 2: k=502.6470164394208, f_best=-4.192204475402832, f_min=-4.931831571899238
2025-05-01 15:36:27,433 - INFO - Node 3: k=481.0127201775367, f_best=-6.612787246704102, f_min=-8.392351243655867
2025-05-01 15:36:27,433 - INFO - Node 4: k=296.6404003385733, f_best=-4.365557670593262, f_min=-6.759135406175119
2025-05-01 15:36:27,433 - INFO - Node 5: k=481.0127201775367, f_best=-6.648943901062012, f_min=-6.986389867332036
2025-05-01 15:36:27,433 - INFO - Node 6: k=344.39029570161165, f_best=-4.232146263122559, f_min=-5.424757129341742
2025-05-01 15:36:27,433 - INFO - Node 7: k=414.32005391069123, f_best=-6.670149803161621, f_min=-8.694001239564386
2025-05-01 15:36:27,433 - INFO - Node 8: k=468.827947377722, f_best=-4.279372215270996, f_min=-16.113756452141388
2025-05-01 15:36:27,433 - INFO - Node 9: k=323.07370333904015, f_best=-6.672418594360352, f_min=-8.120804651573053
2025-05-01 15:36:27,433 - INFO - cur_node_number 9,f_best -6.672418594360352,f_min -8.120804651573053,k 323.07370333904015
2025-05-01 15:36:27,433 - INFO - f_best_current -6.672418594360352,f_min -8.120804651573053
2025-05-01 15:36:52,981 - INFO - tree_node.f_best*ep:-6.672418594360352,left_f_best-4.315974235534668,right_f_best-6.588724136352539,i:1
2025-05-01 15:37:19,304 - INFO - tree_node.f_best*ep:-6.672418594360352,left_f_best-4.226600646972656,right_f_best-6.691855430603027,i:2
2025-05-01 15:39:39,498 - INFO - 添加左子节点，右子节点，len(queue):6
2025-05-01 15:39:39,498 - INFO - Node 1: k=1292.855976940688, f_best=-6.445939064025879, f_min=-23.171322183305165
2025-05-01 15:39:39,498 - INFO - Node 2: k=502.6470164394208, f_best=-4.192204475402832, f_min=-4.931831571899238
2025-05-01 15:39:39,498 - INFO - Node 3: k=481.0127201775367, f_best=-6.612787246704102, f_min=-8.392351243655867
2025-05-01 15:39:39,498 - INFO - Node 4: k=296.6404003385733, f_best=-4.365557670593262, f_min=-6.759135406175119
2025-05-01 15:39:39,498 - INFO - Node 5: k=481.0127201775367, f_best=-6.648943901062012, f_min=-6.986389867332036
2025-05-01 15:39:39,498 - INFO - Node 6: k=344.39029570161165, f_best=-4.232146263122559, f_min=-5.424757129341742
2025-05-01 15:39:39,498 - INFO - Node 7: k=414.32005391069123, f_best=-6.670149803161621, f_min=-8.694001239564386
2025-05-01 15:39:39,514 - INFO - Node 8: k=468.827947377722, f_best=-4.279372215270996, f_min=-16.113756452141388
2025-05-01 15:39:39,514 - INFO - Node 9: k=323.07370333904015, f_best=-6.672418594360352, f_min=-8.120804651573053
2025-05-01 15:39:39,514 - INFO - Node 10: k=282.2431624800819, f_best=-4.226600646972656, f_min=-4.260067062868984
2025-05-01 15:39:39,514 - INFO - Node 11: k=526.0765280320154, f_best=-6.691855430603027, f_min=-15.592961980812106
2025-05-01 15:39:39,514 - INFO - cur_node_number 10,f_best -6.691855430603027,f_min -15.592961980812106,k 526.0765280320154
2025-05-01 15:39:39,514 - INFO - f_best_current -6.691855430603027,f_min -15.592961980812106
2025-05-01 15:39:39,514 - INFO - 回退,len(queue)=4
2025-05-01 15:39:39,514 - INFO - 回退,len(queue)=3
2025-05-01 15:39:39,514 - INFO - 回退,len(queue)=2
2025-05-01 15:39:39,514 - INFO - 回退,len(queue)=1
2025-05-01 15:40:04,365 - INFO - tree_node.f_best*ep:-6.612787246704102,left_f_best-4.215388298034668,right_f_best-6.69637393951416,i:1
2025-05-01 15:42:19,562 - INFO - 添加左子节点，右子节点，len(queue):3
2025-05-01 15:42:19,562 - INFO - Node 1: k=1292.855976940688, f_best=-6.445939064025879, f_min=-23.171322183305165
2025-05-01 15:42:19,562 - INFO - Node 2: k=502.6470164394208, f_best=-4.192204475402832, f_min=-4.931831571899238
2025-05-01 15:42:19,562 - INFO - Node 3: k=526.0765280320154, f_best=-6.612787246704102, f_min=-8.392351243655867
2025-05-01 15:42:19,562 - INFO - Node 4: k=282.2431624800819, f_best=-4.215388298034668, f_min=-4.601156827200612
2025-05-01 15:42:19,562 - INFO - Node 5: k=481.0127201775367, f_best=-6.69637393951416, f_min=-6.716892035201454
2025-05-01 15:42:19,562 - INFO - cur_node_number 11,f_best -6.69637393951416,f_min -6.716892035201454,k 481.0127201775367
2025-05-01 15:42:19,562 - INFO - f_best_current -6.69637393951416,f_min -6.716892035201454
2025-05-01 15:42:19,562 - INFO - 结束,fmin= -6.716892035201454, fbestmin=-6.69637393951416
