2025-05-01 13:55:08,805 - INFO - Namespace(log_file='outputs/DNN7/img[0]/min/DNN7img0_label0.log', image_path='img[0].png', model_path='network/DNN7.pth', label=0, init_epsilon=0.05, epsilon=0.01, ep=1, min=1)
2025-05-01 13:55:08,844 - INFO - Model output max(1): torch.return_types.max(
values=tensor([21.0038], grad_fn=<MaxBackward0>),
indices=tensor([0]))
2025-05-01 13:55:21,355 - INFO - cur_node_number 1,f_best 9.686062812805176,f_min -7.443288954535092,k 1185.117978862297
2025-05-01 13:55:21,355 - INFO - f_best_current 9.686062812805176,f_min -7.443288954535092
2025-05-01 13:55:41,953 - INFO - tree_node.f_best*ep:9.686062812805176,left_f_best11.287646293640137,right_f_best9.552742004394531,i:1
2025-05-01 13:57:58,968 - INFO - 添加左子节点，右子节点，len(queue):2
2025-05-01 13:57:58,968 - INFO - Node 1: k=1185.117978862297, f_best=9.686062812805176, f_min=-7.443288954535092
2025-05-01 13:57:58,968 - INFO - Node 2: k=271.65468727321905, f_best=11.287646293640137, f_min=11.280996581173895
2025-05-01 13:57:58,968 - INFO - Node 3: k=429.3390559225158, f_best=9.552742004394531, f_min=7.752505348453269
2025-05-01 13:57:58,968 - INFO - cur_node_number 2,f_best 9.552742004394531,f_min 7.752505348453269,k 429.3390559225158
2025-05-01 13:57:58,968 - INFO - f_best_current 9.552742004394531,f_min 7.752505348453269
2025-05-01 13:58:27,318 - INFO - tree_node.f_best*ep:9.552742004394531,left_f_best11.725846290588379,right_f_best9.641457557678223,i:1
2025-05-01 13:58:57,454 - INFO - tree_node.f_best*ep:9.552742004394531,left_f_best11.17451000213623,right_f_best9.51390552520752,i:2
2025-05-01 14:01:21,857 - INFO - 添加左子节点，右子节点，len(queue):3
2025-05-01 14:01:21,857 - INFO - Node 1: k=1185.117978862297, f_best=9.686062812805176, f_min=-7.443288954535092
2025-05-01 14:01:21,857 - INFO - Node 2: k=271.65468727321905, f_best=11.287646293640137, f_min=11.280996581173895
2025-05-01 14:01:21,857 - INFO - Node 3: k=429.3390559225158, f_best=9.552742004394531, f_min=7.752505348453269
2025-05-01 14:01:21,857 - INFO - Node 4: k=440.49751795483166, f_best=11.17451000213623, f_min=7.355397211444142
2025-05-01 14:01:21,857 - INFO - Node 5: k=369.81097034217106, f_best=9.51390552520752, f_min=6.1263469347723
2025-05-01 14:01:21,857 - INFO - cur_node_number 3,f_best 9.51390552520752,f_min 6.1263469347723,k 369.81097034217106
2025-05-01 14:01:21,857 - INFO - f_best_current 9.51390552520752,f_min 6.1263469347723
2025-05-01 14:01:49,790 - INFO - tree_node.f_best*ep:9.51390552520752,left_f_best11.219390869140625,right_f_best9.497791290283203,i:1
2025-05-01 14:04:21,891 - INFO - 添加左子节点，右子节点，len(queue):4
2025-05-01 14:04:21,891 - INFO - Node 1: k=1185.117978862297, f_best=9.686062812805176, f_min=-7.443288954535092
2025-05-01 14:04:21,891 - INFO - Node 2: k=271.65468727321905, f_best=11.287646293640137, f_min=11.280996581173895
2025-05-01 14:04:21,891 - INFO - Node 3: k=429.3390559225158, f_best=9.552742004394531, f_min=7.752505348453269
2025-05-01 14:04:21,891 - INFO - Node 4: k=440.49751795483166, f_best=11.17451000213623, f_min=7.355397211444142
2025-05-01 14:04:21,891 - INFO - Node 5: k=369.81097034217106, f_best=9.51390552520752, f_min=6.1263469347723
2025-05-01 14:04:21,891 - INFO - Node 6: k=414.96858793065354, f_best=11.219390869140625, f_min=9.440742282173233
2025-05-01 14:04:21,891 - INFO - Node 7: k=542.8655908705894, f_best=9.497791290283203, f_min=2.4498215590865584
2025-05-01 14:04:21,891 - INFO - cur_node_number 4,f_best 9.497791290283203,f_min 2.4498215590865584,k 542.8655908705894
2025-05-01 14:04:21,891 - INFO - f_best_current 9.497791290283203,f_min 2.4498215590865584
2025-05-01 14:04:21,891 - INFO - 回退,len(queue)=2
2025-05-01 14:04:21,891 - INFO - 回退,len(queue)=1
2025-05-01 14:04:49,713 - INFO - tree_node.f_best*ep:9.552742004394531,left_f_best11.504244804382324,right_f_best9.484673500061035,i:1
2025-05-01 14:07:28,457 - INFO - 添加左子节点，右子节点，len(queue):3
2025-05-01 14:07:28,457 - INFO - Node 1: k=1185.117978862297, f_best=9.686062812805176, f_min=-7.443288954535092
2025-05-01 14:07:28,457 - INFO - Node 2: k=271.65468727321905, f_best=11.287646293640137, f_min=11.280996581173895
2025-05-01 14:07:28,457 - INFO - Node 3: k=542.8655908705894, f_best=9.552742004394531, f_min=7.752505348453269
2025-05-01 14:07:28,457 - INFO - Node 4: k=550.5981420255276, f_best=11.504244804382324, f_min=5.75769636125915
2025-05-01 14:07:28,457 - INFO - Node 5: k=402.76442314493875, f_best=9.484673500061035, f_min=6.858096710608152
2025-05-01 14:07:28,457 - INFO - cur_node_number 5,f_best 9.484673500061035,f_min 6.858096710608152,k 402.76442314493875
2025-05-01 14:07:28,457 - INFO - f_best_current 9.484673500061035,f_min 6.858096710608152
2025-05-01 14:07:58,022 - INFO - tree_node.f_best*ep:9.484673500061035,left_f_best11.19416332244873,right_f_best9.529535293579102,i:1
2025-05-01 14:08:27,896 - INFO - tree_node.f_best*ep:9.484673500061035,left_f_best10.94407844543457,right_f_best9.374672889709473,i:2
2025-05-01 14:11:05,473 - INFO - 添加左子节点，右子节点，len(queue):4
2025-05-01 14:11:05,489 - INFO - Node 1: k=1185.117978862297, f_best=9.686062812805176, f_min=-7.443288954535092
2025-05-01 14:11:05,489 - INFO - Node 2: k=271.65468727321905, f_best=11.287646293640137, f_min=11.280996581173895
2025-05-01 14:11:05,489 - INFO - Node 3: k=542.8655908705894, f_best=9.552742004394531, f_min=7.752505348453269
2025-05-01 14:11:05,489 - INFO - Node 4: k=550.5981420255276, f_best=11.504244804382324, f_min=5.75769636125915
2025-05-01 14:11:05,489 - INFO - Node 5: k=402.76442314493875, f_best=9.484673500061035, f_min=6.858096710608152
2025-05-01 14:11:05,489 - INFO - Node 6: k=410.859988050152, f_best=10.94407844543457, f_min=9.843826805519711
2025-05-01 14:11:05,489 - INFO - Node 7: k=576.2627637770489, f_best=9.374672889709473, f_min=8.603437984158518
2025-05-01 14:11:05,489 - INFO - cur_node_number 6,f_best 9.374672889709473,f_min 8.603437984158518,k 576.2627637770489
2025-05-01 14:11:05,489 - INFO - f_best_current 9.374672889709473,f_min 8.603437984158518
2025-05-01 14:11:05,489 - INFO - 回退,len(queue)=2
2025-05-01 14:11:05,489 - INFO - 回退,len(queue)=1
2025-05-01 14:11:34,299 - INFO - tree_node.f_best*ep:9.552742004394531,left_f_best11.324631690979004,right_f_best9.337726593017578,i:1
2025-05-01 14:14:12,668 - INFO - 添加左子节点，右子节点，len(queue):3
2025-05-01 14:14:12,669 - INFO - Node 1: k=1185.117978862297, f_best=9.686062812805176, f_min=-7.443288954535092
2025-05-01 14:14:12,669 - INFO - Node 2: k=271.65468727321905, f_best=11.287646293640137, f_min=11.280996581173895
2025-05-01 14:14:12,669 - INFO - Node 3: k=576.2627637770489, f_best=9.552742004394531, f_min=7.752505348453269
2025-05-01 14:14:12,670 - INFO - Node 4: k=564.9081107509547, f_best=11.324631690979004, f_min=10.296823250249872
2025-05-01 14:14:12,670 - INFO - Node 5: k=491.44913756684275, f_best=9.337726593017578, f_min=9.201775478722993
2025-05-01 14:14:12,670 - INFO - cur_node_number 7,f_best 9.337726593017578,f_min 9.201775478722993,k 491.44913756684275
2025-05-01 14:14:12,670 - INFO - f_best_current 9.337726593017578,f_min 9.201775478722993
2025-05-01 14:14:42,648 - INFO - tree_node.f_best*ep:9.337726593017578,left_f_best11.302907943725586,right_f_best9.071898460388184,i:1
2025-05-01 14:17:12,257 - INFO - 添加左子节点，右子节点，len(queue):4
2025-05-01 14:17:12,257 - INFO - Node 1: k=1185.117978862297, f_best=9.686062812805176, f_min=-7.443288954535092
2025-05-01 14:17:12,257 - INFO - Node 2: k=271.65468727321905, f_best=11.287646293640137, f_min=11.280996581173895
2025-05-01 14:17:12,257 - INFO - Node 3: k=576.2627637770489, f_best=9.552742004394531, f_min=7.752505348453269
2025-05-01 14:17:12,257 - INFO - Node 4: k=564.9081107509547, f_best=11.324631690979004, f_min=10.296823250249872
2025-05-01 14:17:12,273 - INFO - Node 5: k=491.44913756684275, f_best=9.337726593017578, f_min=9.201775478722993
2025-05-01 14:17:12,273 - INFO - Node 6: k=564.9081107509547, f_best=11.302907943725586, f_min=5.884554769792885
2025-05-01 14:17:12,273 - INFO - Node 7: k=336.7180312893495, f_best=9.071898460388184, f_min=8.92504477332659
2025-05-01 14:17:12,273 - INFO - cur_node_number 8,f_best 9.071898460388184,f_min 8.92504477332659,k 336.7180312893495
2025-05-01 14:17:12,273 - INFO - f_best_current 9.071898460388184,f_min 8.92504477332659
2025-05-01 14:17:38,754 - INFO - tree_node.f_best*ep:9.071898460388184,left_f_best11.40503215789795,right_f_best9.41525650024414,i:1
2025-05-01 14:18:07,205 - INFO - tree_node.f_best*ep:9.071898460388184,left_f_best11.326056480407715,right_f_best9.188272476196289,i:2
2025-05-01 14:18:37,880 - INFO - tree_node.f_best*ep:9.071898460388184,left_f_best11.098772048950195,right_f_best9.437750816345215,i:3
2025-05-01 14:19:09,128 - INFO - tree_node.f_best*ep:9.071898460388184,left_f_best11.163590431213379,right_f_best9.32257080078125,i:4
2025-05-01 14:19:43,162 - INFO - tree_node.f_best*ep:9.071898460388184,left_f_best10.975621223449707,right_f_best9.298821449279785,i:5
2025-05-01 14:20:17,548 - INFO - tree_node.f_best*ep:9.071898460388184,left_f_best11.128581047058105,right_f_best9.29333782196045,i:6
2025-05-01 14:20:55,008 - INFO - tree_node.f_best*ep:9.071898460388184,left_f_best10.974333763122559,right_f_best9.084916114807129,i:7
2025-05-01 14:21:37,609 - INFO - tree_node.f_best*ep:9.071898460388184,left_f_best10.942839622497559,right_f_best8.91713809967041,i:8
2025-05-01 14:24:22,878 - INFO - 添加左子节点，右子节点，len(queue):5
2025-05-01 14:24:22,878 - INFO - Node 1: k=1185.117978862297, f_best=9.686062812805176, f_min=-7.443288954535092
2025-05-01 14:24:22,878 - INFO - Node 2: k=271.65468727321905, f_best=11.287646293640137, f_min=11.280996581173895
2025-05-01 14:24:22,878 - INFO - Node 3: k=576.2627637770489, f_best=9.552742004394531, f_min=7.752505348453269
2025-05-01 14:24:22,878 - INFO - Node 4: k=564.9081107509547, f_best=11.324631690979004, f_min=10.296823250249872
2025-05-01 14:24:22,878 - INFO - Node 5: k=491.44913756684275, f_best=9.337726593017578, f_min=9.201775478722993
2025-05-01 14:24:22,878 - INFO - Node 6: k=564.9081107509547, f_best=11.302907943725586, f_min=5.884554769792885
2025-05-01 14:24:22,878 - INFO - Node 7: k=336.7180312893495, f_best=9.071898460388184, f_min=8.92504477332659
2025-05-01 14:24:22,878 - INFO - Node 8: k=521.6831625226865, f_best=10.942839622497559, f_min=8.79017630522867
2025-05-01 14:24:22,878 - INFO - Node 9: k=582.0253914148194, f_best=8.91713809967041, f_min=7.941685571684502
2025-05-01 14:24:22,878 - INFO - cur_node_number 9,f_best 8.91713809967041,f_min 7.941685571684502,k 582.0253914148194
2025-05-01 14:24:22,878 - INFO - f_best_current 8.91713809967041,f_min 7.941685571684502
2025-05-01 14:24:22,878 - INFO - 回退,len(queue)=3
2025-05-01 14:24:22,878 - INFO - 回退,len(queue)=2
2025-05-01 14:24:22,878 - INFO - 回退,len(queue)=1
2025-05-01 14:24:50,678 - INFO - tree_node.f_best*ep:9.552742004394531,left_f_best10.955288887023926,right_f_best9.533069610595703,i:1
2025-05-01 14:27:28,419 - INFO - 添加左子节点，右子节点，len(queue):3
2025-05-01 14:27:28,434 - INFO - Node 1: k=1185.117978862297, f_best=9.686062812805176, f_min=-7.443288954535092
2025-05-01 14:27:28,434 - INFO - Node 2: k=271.65468727321905, f_best=11.287646293640137, f_min=11.280996581173895
2025-05-01 14:27:28,434 - INFO - Node 3: k=582.0253914148194, f_best=9.552742004394531, f_min=7.752505348453269
2025-05-01 14:27:28,434 - INFO - Node 4: k=537.4906840302865, f_best=10.955288887023926, f_min=4.65090983041955
2025-05-01 14:27:28,434 - INFO - Node 5: k=437.9687709465584, f_best=9.533069610595703, f_min=9.379089972260772
2025-05-01 14:27:28,434 - INFO - cur_node_number 10,f_best 9.533069610595703,f_min 9.379089972260772,k 437.9687709465584
2025-05-01 14:27:28,434 - INFO - f_best_current 9.533069610595703,f_min 9.379089972260772
2025-05-01 14:27:57,499 - INFO - tree_node.f_best*ep:9.533069610595703,left_f_best11.4082670211792,right_f_best9.50352954864502,i:1
2025-05-01 14:30:12,989 - INFO - 添加左子节点，右子节点，len(queue):4
2025-05-01 14:30:12,989 - INFO - Node 1: k=1185.117978862297, f_best=9.686062812805176, f_min=-7.443288954535092
2025-05-01 14:30:12,989 - INFO - Node 2: k=271.65468727321905, f_best=11.287646293640137, f_min=11.280996581173895
2025-05-01 14:30:12,989 - INFO - Node 3: k=582.0253914148194, f_best=9.552742004394531, f_min=7.752505348453269
2025-05-01 14:30:12,989 - INFO - Node 4: k=537.4906840302865, f_best=10.955288887023926, f_min=4.65090983041955
2025-05-01 14:30:12,989 - INFO - Node 5: k=437.9687709465584, f_best=9.533069610595703, f_min=9.379089972260772
2025-05-01 14:30:12,989 - INFO - Node 6: k=320.37565317031164, f_best=11.4082670211792, f_min=9.477930507813653
2025-05-01 14:30:12,989 - INFO - Node 7: k=406.79206737638816, f_best=9.50352954864502, f_min=9.005329859815902
2025-05-01 14:30:12,989 - INFO - cur_node_number 11,f_best 9.50352954864502,f_min 9.005329859815902,k 406.79206737638816
2025-05-01 14:30:12,989 - INFO - f_best_current 9.50352954864502,f_min 9.005329859815902
2025-05-01 14:30:40,673 - INFO - tree_node.f_best*ep:9.50352954864502,left_f_best11.000694274902344,right_f_best9.322664260864258,i:1
2025-05-01 14:33:01,243 - INFO - 添加左子节点，右子节点，len(queue):5
2025-05-01 14:33:01,243 - INFO - Node 1: k=1185.117978862297, f_best=9.686062812805176, f_min=-7.443288954535092
2025-05-01 14:33:01,243 - INFO - Node 2: k=271.65468727321905, f_best=11.287646293640137, f_min=11.280996581173895
2025-05-01 14:33:01,243 - INFO - Node 3: k=582.0253914148194, f_best=9.552742004394531, f_min=7.752505348453269
2025-05-01 14:33:01,243 - INFO - Node 4: k=537.4906840302865, f_best=10.955288887023926, f_min=4.65090983041955
2025-05-01 14:33:01,243 - INFO - Node 5: k=437.9687709465584, f_best=9.533069610595703, f_min=9.379089972260772
2025-05-01 14:33:01,243 - INFO - Node 6: k=320.37565317031164, f_best=11.4082670211792, f_min=9.477930507813653
2025-05-01 14:33:01,243 - INFO - Node 7: k=406.79206737638816, f_best=9.50352954864502, f_min=9.005329859815902
2025-05-01 14:33:01,243 - INFO - Node 8: k=476.99569112991514, f_best=11.000694274902344, f_min=7.414111193191275
2025-05-01 14:33:01,243 - INFO - Node 9: k=330.0833558370253, f_best=9.322664260864258, f_min=8.762849202948928
2025-05-01 14:33:01,243 - INFO - cur_node_number 12,f_best 9.322664260864258,f_min 8.762849202948928,k 330.0833558370253
2025-05-01 14:33:01,243 - INFO - f_best_current 9.322664260864258,f_min 8.762849202948928
2025-05-01 14:33:31,927 - INFO - tree_node.f_best*ep:9.322664260864258,left_f_best11.255036354064941,right_f_best9.27920150756836,i:1
2025-05-01 14:36:00,865 - INFO - 添加左子节点，右子节点，len(queue):6
2025-05-01 14:36:00,865 - INFO - Node 1: k=1185.117978862297, f_best=9.686062812805176, f_min=-7.443288954535092
2025-05-01 14:36:00,881 - INFO - Node 2: k=271.65468727321905, f_best=11.287646293640137, f_min=11.280996581173895
2025-05-01 14:36:00,881 - INFO - Node 3: k=582.0253914148194, f_best=9.552742004394531, f_min=7.752505348453269
2025-05-01 14:36:00,881 - INFO - Node 4: k=537.4906840302865, f_best=10.955288887023926, f_min=4.65090983041955
2025-05-01 14:36:00,881 - INFO - Node 5: k=437.9687709465584, f_best=9.533069610595703, f_min=9.379089972260772
2025-05-01 14:36:00,881 - INFO - Node 6: k=320.37565317031164, f_best=11.4082670211792, f_min=9.477930507813653
2025-05-01 14:36:00,881 - INFO - Node 7: k=406.79206737638816, f_best=9.50352954864502, f_min=9.005329859815902
2025-05-01 14:36:00,881 - INFO - Node 8: k=476.99569112991514, f_best=11.000694274902344, f_min=7.414111193191275
2025-05-01 14:36:00,881 - INFO - Node 9: k=330.0833558370253, f_best=9.322664260864258, f_min=8.762849202948928
2025-05-01 14:36:00,881 - INFO - Node 10: k=375.6656492609888, f_best=11.255036354064941, f_min=10.114539350703126
2025-05-01 14:36:00,881 - INFO - Node 11: k=404.4568119403454, f_best=9.27920150756836, f_min=8.299031506379833
2025-05-01 14:36:00,881 - INFO - cur_node_number 13,f_best 9.27920150756836,f_min 8.299031506379833,k 404.4568119403454
2025-05-01 14:36:00,881 - INFO - f_best_current 9.27920150756836,f_min 8.299031506379833
2025-05-01 14:36:00,881 - INFO - 回退,len(queue)=4
2025-05-01 14:36:28,422 - INFO - tree_node.f_best*ep:9.322664260864258,left_f_best11.261046409606934,right_f_best9.44887638092041,i:1
2025-05-01 14:36:55,639 - INFO - tree_node.f_best*ep:9.322664260864258,left_f_best11.286842346191406,right_f_best9.491850852966309,i:2
2025-05-01 14:37:25,967 - INFO - tree_node.f_best*ep:9.322664260864258,left_f_best11.295658111572266,right_f_best9.346814155578613,i:3
2025-05-01 14:37:57,505 - INFO - tree_node.f_best*ep:9.322664260864258,left_f_best11.073359489440918,right_f_best9.206210136413574,i:4
2025-05-01 14:40:33,643 - INFO - 添加左子节点，右子节点，len(queue):6
2025-05-01 14:40:33,643 - INFO - Node 1: k=1185.117978862297, f_best=9.686062812805176, f_min=-7.443288954535092
2025-05-01 14:40:33,643 - INFO - Node 2: k=271.65468727321905, f_best=11.287646293640137, f_min=11.280996581173895
2025-05-01 14:40:33,643 - INFO - Node 3: k=582.0253914148194, f_best=9.552742004394531, f_min=7.752505348453269
2025-05-01 14:40:33,643 - INFO - Node 4: k=537.4906840302865, f_best=10.955288887023926, f_min=4.65090983041955
2025-05-01 14:40:33,644 - INFO - Node 5: k=437.9687709465584, f_best=9.533069610595703, f_min=9.379089972260772
2025-05-01 14:40:33,644 - INFO - Node 6: k=320.37565317031164, f_best=11.4082670211792, f_min=9.477930507813653
2025-05-01 14:40:33,644 - INFO - Node 7: k=406.79206737638816, f_best=9.50352954864502, f_min=9.005329859815902
2025-05-01 14:40:33,644 - INFO - Node 8: k=476.99569112991514, f_best=11.000694274902344, f_min=7.414111193191275
2025-05-01 14:40:33,644 - INFO - Node 9: k=404.4568119403454, f_best=9.322664260864258, f_min=8.762849202948928
2025-05-01 14:40:33,644 - INFO - Node 10: k=630.2500979393453, f_best=11.073359489440918, f_min=8.884233765333192
2025-05-01 14:40:33,644 - INFO - Node 11: k=392.5617969315233, f_best=9.206210136413574, f_min=7.709005806385903
2025-05-01 14:40:33,645 - INFO - cur_node_number 14,f_best 9.206210136413574,f_min 7.709005806385903,k 392.5617969315233
2025-05-01 14:40:33,645 - INFO - f_best_current 9.206210136413574,f_min 7.709005806385903
2025-05-01 14:40:59,936 - INFO - tree_node.f_best*ep:9.206210136413574,left_f_best11.383153915405273,right_f_best9.506150245666504,i:1
2025-05-01 14:41:25,214 - INFO - tree_node.f_best*ep:9.206210136413574,left_f_best11.05678939819336,right_f_best9.236335754394531,i:2
2025-05-01 14:41:51,227 - INFO - tree_node.f_best*ep:9.206210136413574,left_f_best11.23983097076416,right_f_best9.240866661071777,i:3
2025-05-01 14:42:18,694 - INFO - tree_node.f_best*ep:9.206210136413574,left_f_best11.128096580505371,right_f_best9.293683052062988,i:4
2025-05-01 14:42:47,900 - INFO - tree_node.f_best*ep:9.206210136413574,left_f_best10.982560157775879,right_f_best9.040620803833008,i:5
2025-05-01 14:44:44,709 - INFO - 添加左子节点，右子节点，len(queue):7
2025-05-01 14:44:44,709 - INFO - Node 1: k=1185.117978862297, f_best=9.686062812805176, f_min=-7.443288954535092
2025-05-01 14:44:44,709 - INFO - Node 2: k=271.65468727321905, f_best=11.287646293640137, f_min=11.280996581173895
2025-05-01 14:44:44,709 - INFO - Node 3: k=582.0253914148194, f_best=9.552742004394531, f_min=7.752505348453269
2025-05-01 14:44:44,709 - INFO - Node 4: k=537.4906840302865, f_best=10.955288887023926, f_min=4.65090983041955
2025-05-01 14:44:44,709 - INFO - Node 5: k=437.9687709465584, f_best=9.533069610595703, f_min=9.379089972260772
2025-05-01 14:44:44,709 - INFO - Node 6: k=320.37565317031164, f_best=11.4082670211792, f_min=9.477930507813653
2025-05-01 14:44:44,709 - INFO - Node 7: k=406.79206737638816, f_best=9.50352954864502, f_min=9.005329859815902
2025-05-01 14:44:44,709 - INFO - Node 8: k=476.99569112991514, f_best=11.000694274902344, f_min=7.414111193191275
2025-05-01 14:44:44,709 - INFO - Node 9: k=404.4568119403454, f_best=9.322664260864258, f_min=8.762849202948928
2025-05-01 14:44:44,709 - INFO - Node 10: k=630.2500979393453, f_best=11.073359489440918, f_min=8.884233765333192
2025-05-01 14:44:44,709 - INFO - Node 11: k=392.5617969315233, f_best=9.206210136413574, f_min=7.709005806385903
2025-05-01 14:44:44,709 - INFO - Node 12: k=281.5021041582283, f_best=10.982560157775879, f_min=10.582527697246405
2025-05-01 14:44:44,709 - INFO - Node 13: k=317.20361700030855, f_best=9.040620803833008, f_min=5.715545684737663
2025-05-01 14:44:44,709 - INFO - cur_node_number 15,f_best 9.040620803833008,f_min 5.715545684737663,k 317.20361700030855
2025-05-01 14:44:44,709 - INFO - f_best_current 9.040620803833008,f_min 5.715545684737663
2025-05-01 14:45:09,560 - INFO - tree_node.f_best*ep:9.040620803833008,left_f_best11.164243698120117,right_f_best9.413253784179688,i:1
2025-05-01 14:45:34,806 - INFO - tree_node.f_best*ep:9.040620803833008,left_f_best11.283453941345215,right_f_best9.389169692993164,i:2
2025-05-01 14:46:01,005 - INFO - tree_node.f_best*ep:9.040620803833008,left_f_best11.63952350616455,right_f_best9.281513214111328,i:3
2025-05-01 14:46:28,495 - INFO - tree_node.f_best*ep:9.040620803833008,left_f_best11.023279190063477,right_f_best8.883164405822754,i:4
2025-05-01 14:48:43,545 - INFO - 添加左子节点，右子节点，len(queue):8
2025-05-01 14:48:43,545 - INFO - Node 1: k=1185.117978862297, f_best=9.686062812805176, f_min=-7.443288954535092
2025-05-01 14:48:43,545 - INFO - Node 2: k=271.65468727321905, f_best=11.287646293640137, f_min=11.280996581173895
2025-05-01 14:48:43,545 - INFO - Node 3: k=582.0253914148194, f_best=9.552742004394531, f_min=7.752505348453269
2025-05-01 14:48:43,545 - INFO - Node 4: k=537.4906840302865, f_best=10.955288887023926, f_min=4.65090983041955
2025-05-01 14:48:43,545 - INFO - Node 5: k=437.9687709465584, f_best=9.533069610595703, f_min=9.379089972260772
2025-05-01 14:48:43,545 - INFO - Node 6: k=320.37565317031164, f_best=11.4082670211792, f_min=9.477930507813653
2025-05-01 14:48:43,545 - INFO - Node 7: k=406.79206737638816, f_best=9.50352954864502, f_min=9.005329859815902
2025-05-01 14:48:43,545 - INFO - Node 8: k=476.99569112991514, f_best=11.000694274902344, f_min=7.414111193191275
2025-05-01 14:48:43,545 - INFO - Node 9: k=404.4568119403454, f_best=9.322664260864258, f_min=8.762849202948928
2025-05-01 14:48:43,545 - INFO - Node 10: k=630.2500979393453, f_best=11.073359489440918, f_min=8.884233765333192
2025-05-01 14:48:43,545 - INFO - Node 11: k=392.5617969315233, f_best=9.206210136413574, f_min=7.709005806385903
2025-05-01 14:48:43,545 - INFO - Node 12: k=281.5021041582283, f_best=10.982560157775879, f_min=10.582527697246405
2025-05-01 14:48:43,545 - INFO - Node 13: k=317.20361700030855, f_best=9.040620803833008, f_min=5.715545684737663
2025-05-01 14:48:43,545 - INFO - Node 14: k=496.3636289425112, f_best=11.023279190063477, f_min=5.375233801372815
2025-05-01 14:48:43,545 - INFO - Node 15: k=394.82837285064085, f_best=8.883164405822754, f_min=8.856334459942445
2025-05-01 14:48:43,545 - INFO - cur_node_number 16,f_best 8.883164405822754,f_min 8.856334459942445,k 394.82837285064085
2025-05-01 14:48:43,545 - INFO - f_best_current 8.883164405822754,f_min 8.856334459942445
2025-05-01 14:48:43,545 - INFO - 结束,fmin= 8.856334459942445, fbestmin=8.883164405822754
