2025-05-01 20:48:35,250 - INFO - Namespace(log_file='outputs/DNN7/img[0]/min/DNN7img0_label4.log', image_path='img[0].png', model_path='network/DNN7.pth', label=4, init_epsilon=0.05, epsilon=0.01, ep=1, min=1)
2025-05-01 20:48:35,299 - INFO - Model output max(1): torch.return_types.max(
values=tensor([21.0038], grad_fn=<MaxBackward0>),
indices=tensor([0]))
2025-05-01 20:48:54,340 - INFO - cur_node_number 1,f_best -22.86647605895996,f_min -35.731132651704684,k 748.1805422110464
2025-05-01 20:48:54,340 - INFO - f_best_current -22.86647605895996,f_min -35.731132651704684
2025-05-01 20:49:22,920 - INFO - tree_node.f_best*ep:-22.86647605895996,left_f_best-21.145193099975586,right_f_best-23.099334716796875,i:1
2025-05-01 20:51:56,416 - INFO - 添加左子节点，右子节点，len(queue):2
2025-05-01 20:51:56,416 - INFO - Node 1: k=748.1805422110464, f_best=-22.86647605895996, f_min=-35.731132651704684
2025-05-01 20:51:56,416 - INFO - Node 2: k=373.5090800455928, f_best=-21.145193099975586, f_min=-21.480744124894045
2025-05-01 20:51:56,416 - INFO - Node 3: k=390.30823265683273, f_best=-23.099334716796875, f_min=-23.348880098599693
2025-05-01 20:51:56,416 - INFO - cur_node_number 2,f_best -23.099334716796875,f_min -23.348880098599693,k 390.30823265683273
2025-05-01 20:51:56,417 - INFO - f_best_current -23.099334716796875,f_min -23.348880098599693
2025-05-01 20:52:24,174 - INFO - tree_node.f_best*ep:-23.099334716796875,left_f_best-21.046987533569336,right_f_best-23.117643356323242,i:1
2025-05-01 20:54:58,130 - INFO - 添加左子节点，右子节点，len(queue):3
2025-05-01 20:54:58,130 - INFO - Node 1: k=748.1805422110464, f_best=-22.86647605895996, f_min=-35.731132651704684
2025-05-01 20:54:58,130 - INFO - Node 2: k=373.5090800455928, f_best=-21.145193099975586, f_min=-21.480744124894045
2025-05-01 20:54:58,130 - INFO - Node 3: k=390.30823265683273, f_best=-23.099334716796875, f_min=-23.348880098599693
2025-05-01 20:54:58,130 - INFO - Node 4: k=375.0785398730423, f_best=-21.046987533569336, f_min=-28.298297949386324
2025-05-01 20:54:58,131 - INFO - Node 5: k=367.68801085485967, f_best=-23.117643356323242, f_min=-24.651553651388895
2025-05-01 20:54:58,131 - INFO - cur_node_number 3,f_best -23.117643356323242,f_min -24.651553651388895,k 367.68801085485967
2025-05-01 20:54:58,131 - INFO - f_best_current -23.117643356323242,f_min -24.651553651388895
2025-05-01 20:55:26,901 - INFO - tree_node.f_best*ep:-23.117643356323242,left_f_best-21.126832962036133,right_f_best-23.199556350708008,i:1
2025-05-01 20:57:34,609 - INFO - 添加左子节点，右子节点，len(queue):4
2025-05-01 20:57:34,609 - INFO - Node 1: k=748.1805422110464, f_best=-22.86647605895996, f_min=-35.731132651704684
2025-05-01 20:57:34,610 - INFO - Node 2: k=373.5090800455928, f_best=-21.145193099975586, f_min=-21.480744124894045
2025-05-01 20:57:34,610 - INFO - Node 3: k=390.30823265683273, f_best=-23.099334716796875, f_min=-23.348880098599693
2025-05-01 20:57:34,610 - INFO - Node 4: k=375.0785398730423, f_best=-21.046987533569336, f_min=-28.298297949386324
2025-05-01 20:57:34,610 - INFO - Node 5: k=367.68801085485967, f_best=-23.117643356323242, f_min=-24.651553651388895
2025-05-01 20:57:34,610 - INFO - Node 6: k=312.2600579256957, f_best=-21.126832962036133, f_min=-27.21604113252397
2025-05-01 20:57:34,610 - INFO - Node 7: k=244.51366991288845, f_best=-23.199556350708008, f_min=-25.18348957480157
2025-05-01 20:57:34,611 - INFO - cur_node_number 4,f_best -23.199556350708008,f_min -25.18348957480157,k 244.51366991288845
2025-05-01 20:57:34,611 - INFO - f_best_current -23.199556350708008,f_min -25.18348957480157
2025-05-01 20:58:00,329 - INFO - tree_node.f_best*ep:-23.199556350708008,left_f_best-21.010787963867188,right_f_best-23.10810661315918,i:1
2025-05-01 20:58:28,932 - INFO - tree_node.f_best*ep:-23.199556350708008,left_f_best-21.04669761657715,right_f_best-23.073965072631836,i:2
2025-05-01 20:59:00,457 - INFO - tree_node.f_best*ep:-23.199556350708008,left_f_best-21.0579776763916,right_f_best-23.096031188964844,i:3
2025-05-01 20:59:32,683 - INFO - tree_node.f_best*ep:-23.199556350708008,left_f_best-21.162799835205078,right_f_best-23.1408748626709,i:4
2025-05-01 21:00:05,475 - INFO - tree_node.f_best*ep:-23.199556350708008,left_f_best-21.242826461791992,right_f_best-23.330368041992188,i:5
2025-05-01 21:02:30,243 - INFO - 添加左子节点，右子节点，len(queue):5
2025-05-01 21:02:30,244 - INFO - Node 1: k=748.1805422110464, f_best=-22.86647605895996, f_min=-35.731132651704684
2025-05-01 21:02:30,244 - INFO - Node 2: k=373.5090800455928, f_best=-21.145193099975586, f_min=-21.480744124894045
2025-05-01 21:02:30,244 - INFO - Node 3: k=390.30823265683273, f_best=-23.099334716796875, f_min=-23.348880098599693
2025-05-01 21:02:30,244 - INFO - Node 4: k=375.0785398730423, f_best=-21.046987533569336, f_min=-28.298297949386324
2025-05-01 21:02:30,244 - INFO - Node 5: k=367.68801085485967, f_best=-23.117643356323242, f_min=-24.651553651388895
2025-05-01 21:02:30,245 - INFO - Node 6: k=312.2600579256957, f_best=-21.126832962036133, f_min=-27.21604113252397
2025-05-01 21:02:30,245 - INFO - Node 7: k=244.51366991288845, f_best=-23.199556350708008, f_min=-25.18348957480157
2025-05-01 21:02:30,245 - INFO - Node 8: k=493.5141735187175, f_best=-21.242826461791992, f_min=-28.61818178458634
2025-05-01 21:02:30,245 - INFO - Node 9: k=298.35314465883135, f_best=-23.330368041992188, f_min=-25.03806556708696
2025-05-01 21:02:30,245 - INFO - cur_node_number 5,f_best -23.330368041992188,f_min -25.03806556708696,k 298.35314465883135
2025-05-01 21:02:30,246 - INFO - f_best_current -23.330368041992188,f_min -25.03806556708696
2025-05-01 21:02:30,246 - INFO - 回退,len(queue)=3
2025-05-01 21:02:55,515 - INFO - tree_node.f_best*ep:-23.199556350708008,left_f_best-21.179670333862305,right_f_best-23.18129539489746,i:1
2025-05-01 21:03:22,412 - INFO - tree_node.f_best*ep:-23.199556350708008,left_f_best-21.19588279724121,right_f_best-23.20220375061035,i:2
2025-05-01 21:05:52,741 - INFO - 添加左子节点，右子节点，len(queue):5
2025-05-01 21:05:52,741 - INFO - Node 1: k=748.1805422110464, f_best=-22.86647605895996, f_min=-35.731132651704684
2025-05-01 21:05:52,742 - INFO - Node 2: k=373.5090800455928, f_best=-21.145193099975586, f_min=-21.480744124894045
2025-05-01 21:05:52,742 - INFO - Node 3: k=390.30823265683273, f_best=-23.099334716796875, f_min=-23.348880098599693
2025-05-01 21:05:52,742 - INFO - Node 4: k=375.0785398730423, f_best=-21.046987533569336, f_min=-28.298297949386324
2025-05-01 21:05:52,742 - INFO - Node 5: k=367.68801085485967, f_best=-23.117643356323242, f_min=-24.651553651388895
2025-05-01 21:05:52,742 - INFO - Node 6: k=312.2600579256957, f_best=-21.126832962036133, f_min=-27.21604113252397
2025-05-01 21:05:52,743 - INFO - Node 7: k=298.35314465883135, f_best=-23.199556350708008, f_min=-25.18348957480157
2025-05-01 21:05:52,743 - INFO - Node 8: k=356.8743608468395, f_best=-21.19588279724121, f_min=-22.077074800612536
2025-05-01 21:05:52,743 - INFO - Node 9: k=444.20717688453436, f_best=-23.20220375061035, f_min=-27.144639878330054
2025-05-01 21:05:52,743 - INFO - cur_node_number 6,f_best -23.20220375061035,f_min -27.144639878330054,k 444.20717688453436
2025-05-01 21:05:52,743 - INFO - f_best_current -23.20220375061035,f_min -27.144639878330054
2025-05-01 21:05:52,743 - INFO - 回退,len(queue)=3
2025-05-01 21:05:52,743 - INFO - 回退,len(queue)=2
2025-05-01 21:05:52,744 - INFO - 回退,len(queue)=1
2025-05-01 21:06:18,869 - INFO - tree_node.f_best*ep:-23.099334716796875,left_f_best-20.956628799438477,right_f_best-23.158096313476562,i:1
2025-05-01 21:08:46,574 - INFO - 添加左子节点，右子节点，len(queue):3
2025-05-01 21:08:46,574 - INFO - Node 1: k=748.1805422110464, f_best=-22.86647605895996, f_min=-35.731132651704684
2025-05-01 21:08:46,574 - INFO - Node 2: k=373.5090800455928, f_best=-21.145193099975586, f_min=-21.480744124894045
2025-05-01 21:08:46,575 - INFO - Node 3: k=444.20717688453436, f_best=-23.099334716796875, f_min=-23.348880098599693
2025-05-01 21:08:46,575 - INFO - Node 4: k=426.8743658642391, f_best=-20.956628799438477, f_min=-21.054575413256316
2025-05-01 21:08:46,575 - INFO - Node 5: k=431.1431095228815, f_best=-23.158096313476562, f_min=-27.541066842988585
2025-05-01 21:08:46,575 - INFO - cur_node_number 7,f_best -23.158096313476562,f_min -27.541066842988585,k 431.1431095228815
2025-05-01 21:08:46,575 - INFO - f_best_current -23.158096313476562,f_min -27.541066842988585
2025-05-01 21:09:11,888 - INFO - tree_node.f_best*ep:-23.158096313476562,left_f_best-21.005456924438477,right_f_best-23.09798240661621,i:1
2025-05-01 21:09:38,813 - INFO - tree_node.f_best*ep:-23.158096313476562,left_f_best-21.070106506347656,right_f_best-23.034887313842773,i:2
2025-05-01 21:10:06,600 - INFO - tree_node.f_best*ep:-23.158096313476562,left_f_best-21.0307559967041,right_f_best-23.164581298828125,i:3
2025-05-01 21:12:39,848 - INFO - 添加左子节点，右子节点，len(queue):4
2025-05-01 21:12:39,848 - INFO - Node 1: k=748.1805422110464, f_best=-22.86647605895996, f_min=-35.731132651704684
2025-05-01 21:12:39,849 - INFO - Node 2: k=373.5090800455928, f_best=-21.145193099975586, f_min=-21.480744124894045
2025-05-01 21:12:39,849 - INFO - Node 3: k=444.20717688453436, f_best=-23.099334716796875, f_min=-23.348880098599693
2025-05-01 21:12:39,849 - INFO - Node 4: k=426.8743658642391, f_best=-20.956628799438477, f_min=-21.054575413256316
2025-05-01 21:12:39,849 - INFO - Node 5: k=431.1431095228815, f_best=-23.158096313476562, f_min=-27.541066842988585
2025-05-01 21:12:39,850 - INFO - Node 6: k=371.36489096340824, f_best=-21.0307559967041, f_min=-29.787178510381636
2025-05-01 21:12:39,850 - INFO - Node 7: k=654.8157978841496, f_best=-23.164581298828125, f_min=-37.21207312379556
2025-05-01 21:12:39,850 - INFO - cur_node_number 8,f_best -23.164581298828125,f_min -37.21207312379556,k 654.8157978841496
2025-05-01 21:12:39,850 - INFO - f_best_current -23.164581298828125,f_min -37.21207312379556
2025-05-01 21:12:39,850 - INFO - 回退,len(queue)=2
2025-05-01 21:12:39,850 - INFO - 回退,len(queue)=1
2025-05-01 21:13:05,084 - INFO - tree_node.f_best*ep:-23.099334716796875,left_f_best-21.036602020263672,right_f_best-23.199771881103516,i:1
2025-05-01 21:15:21,432 - INFO - 添加左子节点，右子节点，len(queue):3
2025-05-01 21:15:21,432 - INFO - Node 1: k=748.1805422110464, f_best=-22.86647605895996, f_min=-35.731132651704684
2025-05-01 21:15:21,432 - INFO - Node 2: k=373.5090800455928, f_best=-21.145193099975586, f_min=-21.480744124894045
2025-05-01 21:15:21,432 - INFO - Node 3: k=654.8157978841496, f_best=-23.099334716796875, f_min=-23.348880098599693
2025-05-01 21:15:21,432 - INFO - Node 4: k=446.7719432425842, f_best=-21.036602020263672, f_min=-22.179427292558103
2025-05-01 21:15:21,432 - INFO - Node 5: k=295.3991531275558, f_best=-23.199771881103516, f_min=-27.6204875605672
2025-05-01 21:15:21,433 - INFO - cur_node_number 9,f_best -23.199771881103516,f_min -27.6204875605672,k 295.3991531275558
2025-05-01 21:15:21,433 - INFO - f_best_current -23.199771881103516,f_min -27.6204875605672
2025-05-01 21:15:47,515 - INFO - tree_node.f_best*ep:-23.199771881103516,left_f_best-20.901193618774414,right_f_best-23.180591583251953,i:1
2025-05-01 21:16:13,644 - INFO - tree_node.f_best*ep:-23.199771881103516,left_f_best-21.227201461791992,right_f_best-23.053007125854492,i:2
2025-05-01 21:16:41,290 - INFO - tree_node.f_best*ep:-23.199771881103516,left_f_best-21.185762405395508,right_f_best-23.272676467895508,i:3
2025-05-01 21:18:58,122 - INFO - 添加左子节点，右子节点，len(queue):4
2025-05-01 21:18:58,122 - INFO - Node 1: k=748.1805422110464, f_best=-22.86647605895996, f_min=-35.731132651704684
2025-05-01 21:18:58,122 - INFO - Node 2: k=373.5090800455928, f_best=-21.145193099975586, f_min=-21.480744124894045
2025-05-01 21:18:58,122 - INFO - Node 3: k=654.8157978841496, f_best=-23.099334716796875, f_min=-23.348880098599693
2025-05-01 21:18:58,122 - INFO - Node 4: k=446.7719432425842, f_best=-21.036602020263672, f_min=-22.179427292558103
2025-05-01 21:18:58,123 - INFO - Node 5: k=295.3991531275558, f_best=-23.199771881103516, f_min=-27.6204875605672
2025-05-01 21:18:58,123 - INFO - Node 6: k=495.58788661163624, f_best=-21.185762405395508, f_min=-21.94614878444554
2025-05-01 21:18:58,123 - INFO - Node 7: k=234.97283074364515, f_best=-23.272676467895508, f_min=-24.979796313002225
2025-05-01 21:18:58,123 - INFO - cur_node_number 10,f_best -23.272676467895508,f_min -24.979796313002225,k 234.97283074364515
2025-05-01 21:18:58,123 - INFO - f_best_current -23.272676467895508,f_min -24.979796313002225
2025-05-01 21:19:23,445 - INFO - tree_node.f_best*ep:-23.272676467895508,left_f_best-21.246122360229492,right_f_best-23.1329402923584,i:1
2025-05-01 21:19:49,228 - INFO - tree_node.f_best*ep:-23.272676467895508,left_f_best-21.104305267333984,right_f_best-23.067842483520508,i:2
2025-05-01 21:20:15,785 - INFO - tree_node.f_best*ep:-23.272676467895508,left_f_best-21.3010311126709,right_f_best-23.278409957885742,i:3
2025-05-01 21:22:35,499 - INFO - 添加左子节点，右子节点，len(queue):5
2025-05-01 21:22:35,499 - INFO - Node 1: k=748.1805422110464, f_best=-22.86647605895996, f_min=-35.731132651704684
2025-05-01 21:22:35,499 - INFO - Node 2: k=373.5090800455928, f_best=-21.145193099975586, f_min=-21.480744124894045
2025-05-01 21:22:35,499 - INFO - Node 3: k=654.8157978841496, f_best=-23.099334716796875, f_min=-23.348880098599693
2025-05-01 21:22:35,499 - INFO - Node 4: k=446.7719432425842, f_best=-21.036602020263672, f_min=-22.179427292558103
2025-05-01 21:22:35,500 - INFO - Node 5: k=295.3991531275558, f_best=-23.199771881103516, f_min=-27.6204875605672
2025-05-01 21:22:35,500 - INFO - Node 6: k=495.58788661163624, f_best=-21.185762405395508, f_min=-21.94614878444554
2025-05-01 21:22:35,500 - INFO - Node 7: k=234.97283074364515, f_best=-23.272676467895508, f_min=-24.979796313002225
2025-05-01 21:22:35,500 - INFO - Node 8: k=339.5537091323572, f_best=-21.3010311126709, f_min=-23.138573298183474
2025-05-01 21:22:35,500 - INFO - Node 9: k=439.80908602429145, f_best=-23.278409957885742, f_min=-25.53261459110945
2025-05-01 21:22:35,501 - INFO - cur_node_number 11,f_best -23.278409957885742,f_min -25.53261459110945,k 439.80908602429145
2025-05-01 21:22:35,501 - INFO - f_best_current -23.278409957885742,f_min -25.53261459110945
2025-05-01 21:22:35,501 - INFO - 回退,len(queue)=3
2025-05-01 21:22:35,501 - INFO - 回退,len(queue)=2
2025-05-01 21:23:01,547 - INFO - tree_node.f_best*ep:-23.199771881103516,left_f_best-21.15362548828125,right_f_best-23.233070373535156,i:1
2025-05-01 21:25:26,845 - INFO - 添加左子节点，右子节点，len(queue):4
2025-05-01 21:25:26,846 - INFO - Node 1: k=748.1805422110464, f_best=-22.86647605895996, f_min=-35.731132651704684
2025-05-01 21:25:26,846 - INFO - Node 2: k=373.5090800455928, f_best=-21.145193099975586, f_min=-21.480744124894045
2025-05-01 21:25:26,846 - INFO - Node 3: k=654.8157978841496, f_best=-23.099334716796875, f_min=-23.348880098599693
2025-05-01 21:25:26,846 - INFO - Node 4: k=446.7719432425842, f_best=-21.036602020263672, f_min=-22.179427292558103
2025-05-01 21:25:26,846 - INFO - Node 5: k=439.80908602429145, f_best=-23.199771881103516, f_min=-27.6204875605672
2025-05-01 21:25:26,846 - INFO - Node 6: k=323.07370333904015, f_best=-21.15362548828125, f_min=-21.88008597220869
2025-05-01 21:25:26,847 - INFO - Node 7: k=592.7961995513978, f_best=-23.233070373535156, f_min=-24.364454356207716
2025-05-01 21:25:26,847 - INFO - cur_node_number 12,f_best -23.233070373535156,f_min -24.364454356207716,k 592.7961995513978
2025-05-01 21:25:26,847 - INFO - f_best_current -23.233070373535156,f_min -24.364454356207716
2025-05-01 21:25:26,847 - INFO - 回退,len(queue)=2
2025-05-01 21:25:52,956 - INFO - tree_node.f_best*ep:-23.199771881103516,left_f_best-20.99544906616211,right_f_best-23.017742156982422,i:1
2025-05-01 21:26:19,889 - INFO - tree_node.f_best*ep:-23.199771881103516,left_f_best-20.990541458129883,right_f_best-23.214597702026367,i:2
2025-05-01 21:28:29,125 - INFO - 添加左子节点，右子节点，len(queue):4
2025-05-01 21:28:29,125 - INFO - Node 1: k=748.1805422110464, f_best=-22.86647605895996, f_min=-35.731132651704684
2025-05-01 21:28:29,125 - INFO - Node 2: k=373.5090800455928, f_best=-21.145193099975586, f_min=-21.480744124894045
2025-05-01 21:28:29,126 - INFO - Node 3: k=654.8157978841496, f_best=-23.099334716796875, f_min=-23.348880098599693
2025-05-01 21:28:29,126 - INFO - Node 4: k=446.7719432425842, f_best=-21.036602020263672, f_min=-22.179427292558103
2025-05-01 21:28:29,126 - INFO - Node 5: k=592.7961995513978, f_best=-23.199771881103516, f_min=-27.6204875605672
2025-05-01 21:28:29,126 - INFO - Node 6: k=310.46747872809, f_best=-20.990541458129883, f_min=-21.997172132805645
2025-05-01 21:28:29,126 - INFO - Node 7: k=310.46747872809, f_best=-23.214597702026367, f_min=-23.401603341870214
2025-05-01 21:28:29,126 - INFO - cur_node_number 13,f_best -23.214597702026367,f_min -23.401603341870214,k 310.46747872809
2025-05-01 21:28:29,126 - INFO - f_best_current -23.214597702026367,f_min -23.401603341870214
2025-05-01 21:28:29,126 - INFO - 结束,fmin= -23.401603341870214, fbestmin=-23.214597702026367
