2025-05-02 00:58:34,634 - INFO - Namespace(log_file='outputs/DNN7/img[0]/min/DNN7img0_label8.log', image_path='img[0].png', model_path='network/DNN7.pth', label=8, init_epsilon=0.05, epsilon=0.01, ep=1, min=1)
2025-05-02 00:58:34,677 - INFO - Model output max(1): torch.return_types.max(
values=tensor([21.0038], grad_fn=<MaxBackward0>),
indices=tensor([0]))
2025-05-02 00:58:51,063 - INFO - cur_node_number 1,f_best -6.673476696014404,f_min -15.156583845891873,k 2215.5918626315774
2025-05-02 00:58:51,063 - INFO - f_best_current -6.673476696014404,f_min -15.156583845891873
2025-05-02 00:59:10,156 - INFO - tree_node.f_best*ep:-6.673476696014404,left_f_best-5.199029445648193,right_f_best-6.6797380447387695,i:1
2025-05-02 01:00:49,902 - INFO - 添加左子节点，右子节点，len(queue):2
2025-05-02 01:00:49,902 - INFO - Node 1: k=2215.5918626315774, f_best=-6.673476696014404, f_min=-15.156583845891873
2025-05-02 01:00:49,902 - INFO - Node 2: k=361.95766193930467, f_best=-5.199029445648193, f_min=-5.779776132432744
2025-05-02 01:00:49,902 - INFO - Node 3: k=210.28256645551062, f_best=-6.6797380447387695, f_min=-7.608388811452642
2025-05-02 01:00:49,902 - INFO - cur_node_number 2,f_best -6.6797380447387695,f_min -7.608388811452642,k 210.28256645551062
2025-05-02 01:00:49,902 - INFO - f_best_current -6.6797380447387695,f_min -7.608388811452642
2025-05-02 01:01:09,384 - INFO - tree_node.f_best*ep:-6.6797380447387695,left_f_best-5.144259452819824,right_f_best-6.600506782531738,i:1
2025-05-02 01:01:29,291 - INFO - tree_node.f_best*ep:-6.6797380447387695,left_f_best-5.05972957611084,right_f_best-6.769742012023926,i:2
2025-05-02 01:03:08,997 - INFO - 添加左子节点，右子节点，len(queue):3
2025-05-02 01:03:08,997 - INFO - Node 1: k=2215.5918626315774, f_best=-6.673476696014404, f_min=-15.156583845891873
2025-05-02 01:03:08,997 - INFO - Node 2: k=361.95766193930467, f_best=-5.199029445648193, f_min=-5.779776132432744
2025-05-02 01:03:08,997 - INFO - Node 3: k=210.28256645551062, f_best=-6.6797380447387695, f_min=-7.608388811452642
2025-05-02 01:03:08,997 - INFO - Node 4: k=239.32117587528325, f_best=-5.05972957611084, f_min=-5.466575822674713
2025-05-02 01:03:08,997 - INFO - Node 5: k=345.83740037173374, f_best=-6.769742012023926, f_min=-8.662664468576622
2025-05-02 01:03:08,997 - INFO - cur_node_number 3,f_best -6.769742012023926,f_min -8.662664468576622,k 345.83740037173374
2025-05-02 01:03:08,997 - INFO - f_best_current -6.769742012023926,f_min -8.662664468576622
2025-05-02 01:03:08,997 - INFO - 回退,len(queue)=1
2025-05-02 01:03:28,125 - INFO - tree_node.f_best*ep:-6.6797380447387695,left_f_best-5.129630088806152,right_f_best-6.666625022888184,i:1
2025-05-02 01:03:48,164 - INFO - tree_node.f_best*ep:-6.6797380447387695,left_f_best-5.147100925445557,right_f_best-6.741756439208984,i:2
2025-05-02 01:05:25,534 - INFO - 添加左子节点，右子节点，len(queue):3
2025-05-02 01:05:25,534 - INFO - Node 1: k=2215.5918626315774, f_best=-6.673476696014404, f_min=-15.156583845891873
2025-05-02 01:05:25,534 - INFO - Node 2: k=361.95766193930467, f_best=-5.199029445648193, f_min=-5.779776132432744
2025-05-02 01:05:25,534 - INFO - Node 3: k=345.83740037173374, f_best=-6.6797380447387695, f_min=-7.608388811452642
2025-05-02 01:05:25,534 - INFO - Node 4: k=149.29852171934238, f_best=-5.147100925445557, f_min=-6.268335121117161
2025-05-02 01:05:25,534 - INFO - Node 5: k=523.0565009213973, f_best=-6.741756439208984, f_min=-8.343925796827534
2025-05-02 01:05:25,534 - INFO - cur_node_number 4,f_best -6.741756439208984,f_min -8.343925796827534,k 523.0565009213973
2025-05-02 01:05:25,534 - INFO - f_best_current -6.741756439208984,f_min -8.343925796827534
2025-05-02 01:05:25,534 - INFO - 回退,len(queue)=1
2025-05-02 01:05:44,672 - INFO - tree_node.f_best*ep:-6.6797380447387695,left_f_best-4.982382774353027,right_f_best-6.685706615447998,i:1
2025-05-02 01:07:36,028 - INFO - 添加左子节点，右子节点，len(queue):3
2025-05-02 01:07:36,028 - INFO - Node 1: k=2215.5918626315774, f_best=-6.673476696014404, f_min=-15.156583845891873
2025-05-02 01:07:36,028 - INFO - Node 2: k=361.95766193930467, f_best=-5.199029445648193, f_min=-5.779776132432744
2025-05-02 01:07:36,028 - INFO - Node 3: k=523.0565009213973, f_best=-6.6797380447387695, f_min=-7.608388811452642
2025-05-02 01:07:36,028 - INFO - Node 4: k=480.26096902782785, f_best=-4.982382774353027, f_min=-10.670005270185356
2025-05-02 01:07:36,028 - INFO - Node 5: k=332.3429441442703, f_best=-6.685706615447998, f_min=-8.610428309782947
2025-05-02 01:07:36,028 - INFO - cur_node_number 5,f_best -6.685706615447998,f_min -8.610428309782947,k 332.3429441442703
2025-05-02 01:07:36,028 - INFO - f_best_current -6.685706615447998,f_min -8.610428309782947
2025-05-02 01:07:55,054 - INFO - tree_node.f_best*ep:-6.685706615447998,left_f_best-4.941119194030762,right_f_best-6.604294776916504,i:1
2025-05-02 01:08:15,080 - INFO - tree_node.f_best*ep:-6.685706615447998,left_f_best-5.105474472045898,right_f_best-6.665284156799316,i:2
2025-05-02 01:08:36,190 - INFO - tree_node.f_best*ep:-6.685706615447998,left_f_best-5.103710174560547,right_f_best-6.7407121658325195,i:3
2025-05-02 01:10:16,118 - INFO - 添加左子节点，右子节点，len(queue):4
2025-05-02 01:10:16,118 - INFO - Node 1: k=2215.5918626315774, f_best=-6.673476696014404, f_min=-15.156583845891873
2025-05-02 01:10:16,118 - INFO - Node 2: k=361.95766193930467, f_best=-5.199029445648193, f_min=-5.779776132432744
2025-05-02 01:10:16,118 - INFO - Node 3: k=523.0565009213973, f_best=-6.6797380447387695, f_min=-7.608388811452642
2025-05-02 01:10:16,118 - INFO - Node 4: k=480.26096902782785, f_best=-4.982382774353027, f_min=-10.670005270185356
2025-05-02 01:10:16,118 - INFO - Node 5: k=332.3429441442703, f_best=-6.685706615447998, f_min=-8.610428309782947
2025-05-02 01:10:16,118 - INFO - Node 6: k=378.23727153001016, f_best=-5.103710174560547, f_min=-13.853386398872317
2025-05-02 01:10:16,118 - INFO - Node 7: k=220.0843113527349, f_best=-6.7407121658325195, f_min=-6.9129213041323965
2025-05-02 01:10:16,118 - INFO - cur_node_number 6,f_best -6.7407121658325195,f_min -6.9129213041323965,k 220.0843113527349
2025-05-02 01:10:16,118 - INFO - f_best_current -6.7407121658325195,f_min -6.9129213041323965
2025-05-02 01:10:34,797 - INFO - tree_node.f_best*ep:-6.7407121658325195,left_f_best-5.029182434082031,right_f_best-6.636295318603516,i:1
2025-05-02 01:10:54,384 - INFO - tree_node.f_best*ep:-6.7407121658325195,left_f_best-5.137330055236816,right_f_best-6.559258460998535,i:2
2025-05-02 01:11:14,940 - INFO - tree_node.f_best*ep:-6.7407121658325195,left_f_best-5.082768440246582,right_f_best-6.752651214599609,i:3
2025-05-02 01:12:57,621 - INFO - 添加左子节点，右子节点，len(queue):5
2025-05-02 01:12:57,621 - INFO - Node 1: k=2215.5918626315774, f_best=-6.673476696014404, f_min=-15.156583845891873
2025-05-02 01:12:57,621 - INFO - Node 2: k=361.95766193930467, f_best=-5.199029445648193, f_min=-5.779776132432744
2025-05-02 01:12:57,621 - INFO - Node 3: k=523.0565009213973, f_best=-6.6797380447387695, f_min=-7.608388811452642
2025-05-02 01:12:57,621 - INFO - Node 4: k=480.26096902782785, f_best=-4.982382774353027, f_min=-10.670005270185356
2025-05-02 01:12:57,621 - INFO - Node 5: k=332.3429441442703, f_best=-6.685706615447998, f_min=-8.610428309782947
2025-05-02 01:12:57,621 - INFO - Node 6: k=378.23727153001016, f_best=-5.103710174560547, f_min=-13.853386398872317
2025-05-02 01:12:57,621 - INFO - Node 7: k=220.0843113527349, f_best=-6.7407121658325195, f_min=-6.9129213041323965
2025-05-02 01:12:57,621 - INFO - Node 8: k=259.1505400953476, f_best=-5.082768440246582, f_min=-6.429021797452151
2025-05-02 01:12:57,621 - INFO - Node 9: k=349.29577437545106, f_best=-6.752651214599609, f_min=-6.964588680069937
2025-05-02 01:12:57,621 - INFO - cur_node_number 7,f_best -6.752651214599609,f_min -6.964588680069937,k 349.29577437545106
2025-05-02 01:12:57,621 - INFO - f_best_current -6.752651214599609,f_min -6.964588680069937
2025-05-02 01:12:57,621 - INFO - 回退,len(queue)=3
2025-05-02 01:12:57,621 - INFO - 回退,len(queue)=2
2025-05-02 01:13:16,673 - INFO - tree_node.f_best*ep:-6.685706615447998,left_f_best-5.057011604309082,right_f_best-6.688634872436523,i:1
2025-05-02 01:14:56,463 - INFO - 添加左子节点，右子节点，len(queue):4
2025-05-02 01:14:56,463 - INFO - Node 1: k=2215.5918626315774, f_best=-6.673476696014404, f_min=-15.156583845891873
2025-05-02 01:14:56,463 - INFO - Node 2: k=361.95766193930467, f_best=-5.199029445648193, f_min=-5.779776132432744
2025-05-02 01:14:56,463 - INFO - Node 3: k=523.0565009213973, f_best=-6.6797380447387695, f_min=-7.608388811452642
2025-05-02 01:14:56,463 - INFO - Node 4: k=480.26096902782785, f_best=-4.982382774353027, f_min=-10.670005270185356
2025-05-02 01:14:56,463 - INFO - Node 5: k=349.29577437545106, f_best=-6.685706615447998, f_min=-8.610428309782947
2025-05-02 01:14:56,463 - INFO - Node 6: k=256.5846931637105, f_best=-5.057011604309082, f_min=-5.1421211507113185
2025-05-02 01:14:56,463 - INFO - Node 7: k=309.98226435788587, f_best=-6.688634872436523, f_min=-7.835206854571879
2025-05-02 01:14:56,463 - INFO - cur_node_number 8,f_best -6.688634872436523,f_min -7.835206854571879,k 309.98226435788587
2025-05-02 01:14:56,463 - INFO - f_best_current -6.688634872436523,f_min -7.835206854571879
2025-05-02 01:15:15,640 - INFO - tree_node.f_best*ep:-6.688634872436523,left_f_best-5.150718688964844,right_f_best-6.64720344543457,i:1
2025-05-02 01:15:35,396 - INFO - tree_node.f_best*ep:-6.688634872436523,left_f_best-5.090429782867432,right_f_best-6.664210319519043,i:2
2025-05-02 01:15:55,736 - INFO - tree_node.f_best*ep:-6.688634872436523,left_f_best-4.970842361450195,right_f_best-6.742125511169434,i:3
2025-05-02 01:17:48,632 - INFO - 添加左子节点，右子节点，len(queue):5
2025-05-02 01:17:48,632 - INFO - Node 1: k=2215.5918626315774, f_best=-6.673476696014404, f_min=-15.156583845891873
2025-05-02 01:17:48,632 - INFO - Node 2: k=361.95766193930467, f_best=-5.199029445648193, f_min=-5.779776132432744
2025-05-02 01:17:48,632 - INFO - Node 3: k=523.0565009213973, f_best=-6.6797380447387695, f_min=-7.608388811452642
2025-05-02 01:17:48,632 - INFO - Node 4: k=480.26096902782785, f_best=-4.982382774353027, f_min=-10.670005270185356
2025-05-02 01:17:48,632 - INFO - Node 5: k=349.29577437545106, f_best=-6.685706615447998, f_min=-8.610428309782947
2025-05-02 01:17:48,632 - INFO - Node 6: k=256.5846931637105, f_best=-5.057011604309082, f_min=-5.1421211507113185
2025-05-02 01:17:48,632 - INFO - Node 7: k=309.98226435788587, f_best=-6.688634872436523, f_min=-7.835206854571879
2025-05-02 01:17:48,632 - INFO - Node 8: k=319.37503695019416, f_best=-4.970842361450195, f_min=-5.872504927798218
2025-05-02 01:17:48,632 - INFO - Node 9: k=450.5344423742149, f_best=-6.742125511169434, f_min=-8.324973252078053
2025-05-02 01:17:48,632 - INFO - cur_node_number 9,f_best -6.742125511169434,f_min -8.324973252078053,k 450.5344423742149
2025-05-02 01:17:48,632 - INFO - f_best_current -6.742125511169434,f_min -8.324973252078053
2025-05-02 01:17:48,632 - INFO - 回退,len(queue)=3
2025-05-02 01:17:48,632 - INFO - 回退,len(queue)=2
2025-05-02 01:18:07,397 - INFO - tree_node.f_best*ep:-6.685706615447998,left_f_best-5.08408260345459,right_f_best-6.604959487915039,i:1
2025-05-02 01:18:27,230 - INFO - tree_node.f_best*ep:-6.685706615447998,left_f_best-5.11051607131958,right_f_best-6.7489142417907715,i:2
2025-05-02 01:20:09,476 - INFO - 添加左子节点，右子节点，len(queue):4
2025-05-02 01:20:09,476 - INFO - Node 1: k=2215.5918626315774, f_best=-6.673476696014404, f_min=-15.156583845891873
2025-05-02 01:20:09,476 - INFO - Node 2: k=361.95766193930467, f_best=-5.199029445648193, f_min=-5.779776132432744
2025-05-02 01:20:09,476 - INFO - Node 3: k=523.0565009213973, f_best=-6.6797380447387695, f_min=-7.608388811452642
2025-05-02 01:20:09,476 - INFO - Node 4: k=480.26096902782785, f_best=-4.982382774353027, f_min=-10.670005270185356
2025-05-02 01:20:09,476 - INFO - Node 5: k=450.5344423742149, f_best=-6.685706615447998, f_min=-8.610428309782947
2025-05-02 01:20:09,476 - INFO - Node 6: k=329.0524199448221, f_best=-5.11051607131958, f_min=-5.543155585353816
2025-05-02 01:20:09,476 - INFO - Node 7: k=252.9812406381289, f_best=-6.7489142417907715, f_min=-9.386679133516736
2025-05-02 01:20:09,476 - INFO - cur_node_number 10,f_best -6.7489142417907715,f_min -9.386679133516736,k 252.9812406381289
2025-05-02 01:20:09,476 - INFO - f_best_current -6.7489142417907715,f_min -9.386679133516736
2025-05-02 01:20:28,749 - INFO - tree_node.f_best*ep:-6.7489142417907715,left_f_best-4.999183654785156,right_f_best-6.616274833679199,i:1
2025-05-02 01:20:48,374 - INFO - tree_node.f_best*ep:-6.7489142417907715,left_f_best-5.129565238952637,right_f_best-6.679383277893066,i:2
2025-05-02 01:21:09,279 - INFO - tree_node.f_best*ep:-6.7489142417907715,left_f_best-5.074220180511475,right_f_best-6.764114856719971,i:3
2025-05-02 01:23:01,369 - INFO - 添加左子节点，右子节点，len(queue):5
2025-05-02 01:23:01,369 - INFO - Node 1: k=2215.5918626315774, f_best=-6.673476696014404, f_min=-15.156583845891873
2025-05-02 01:23:01,369 - INFO - Node 2: k=361.95766193930467, f_best=-5.199029445648193, f_min=-5.779776132432744
2025-05-02 01:23:01,369 - INFO - Node 3: k=523.0565009213973, f_best=-6.6797380447387695, f_min=-7.608388811452642
2025-05-02 01:23:01,369 - INFO - Node 4: k=480.26096902782785, f_best=-4.982382774353027, f_min=-10.670005270185356
2025-05-02 01:23:01,369 - INFO - Node 5: k=450.5344423742149, f_best=-6.685706615447998, f_min=-8.610428309782947
2025-05-02 01:23:01,369 - INFO - Node 6: k=329.0524199448221, f_best=-5.11051607131958, f_min=-5.543155585353816
2025-05-02 01:23:01,369 - INFO - Node 7: k=252.9812406381289, f_best=-6.7489142417907715, f_min=-9.386679133516736
2025-05-02 01:23:01,369 - INFO - Node 8: k=424.4238247565401, f_best=-5.074220180511475, f_min=-6.891452470832519
2025-05-02 01:23:01,369 - INFO - Node 9: k=397.5311737004433, f_best=-6.764114856719971, f_min=-9.227477503558475
2025-05-02 01:23:01,369 - INFO - cur_node_number 11,f_best -6.764114856719971,f_min -9.227477503558475,k 397.5311737004433
2025-05-02 01:23:01,369 - INFO - f_best_current -6.764114856719971,f_min -9.227477503558475
2025-05-02 01:23:01,369 - INFO - 回退,len(queue)=3
2025-05-02 01:23:20,839 - INFO - tree_node.f_best*ep:-6.7489142417907715,left_f_best-5.019281387329102,right_f_best-6.655401229858398,i:1
2025-05-02 01:23:41,157 - INFO - tree_node.f_best*ep:-6.7489142417907715,left_f_best-5.171138286590576,right_f_best-6.735025405883789,i:2
2025-05-02 01:24:01,865 - INFO - tree_node.f_best*ep:-6.7489142417907715,left_f_best-5.123136520385742,right_f_best-6.7476019859313965,i:3
2025-05-02 01:24:23,455 - INFO - tree_node.f_best*ep:-6.7489142417907715,left_f_best-5.2486066818237305,right_f_best-6.829001426696777,i:4
2025-05-02 01:26:08,331 - INFO - 添加左子节点，右子节点，len(queue):5
2025-05-02 01:26:08,331 - INFO - Node 1: k=2215.5918626315774, f_best=-6.673476696014404, f_min=-15.156583845891873
2025-05-02 01:26:08,331 - INFO - Node 2: k=361.95766193930467, f_best=-5.199029445648193, f_min=-5.779776132432744
2025-05-02 01:26:08,331 - INFO - Node 3: k=523.0565009213973, f_best=-6.6797380447387695, f_min=-7.608388811452642
2025-05-02 01:26:08,331 - INFO - Node 4: k=480.26096902782785, f_best=-4.982382774353027, f_min=-10.670005270185356
2025-05-02 01:26:08,331 - INFO - Node 5: k=450.5344423742149, f_best=-6.685706615447998, f_min=-8.610428309782947
2025-05-02 01:26:08,331 - INFO - Node 6: k=329.0524199448221, f_best=-5.11051607131958, f_min=-5.543155585353816
2025-05-02 01:26:08,331 - INFO - Node 7: k=397.5311737004433, f_best=-6.7489142417907715, f_min=-9.386679133516736
2025-05-02 01:26:08,331 - INFO - Node 8: k=330.95230499987366, f_best=-5.2486066818237305, f_min=-8.585558035019858
2025-05-02 01:26:08,331 - INFO - Node 9: k=424.4238247565401, f_best=-6.829001426696777, f_min=-12.147390230315068
2025-05-02 01:26:08,331 - INFO - cur_node_number 12,f_best -6.829001426696777,f_min -12.147390230315068,k 424.4238247565401
2025-05-02 01:26:08,331 - INFO - f_best_current -6.829001426696777,f_min -12.147390230315068
2025-05-02 01:26:08,331 - INFO - 回退,len(queue)=3
2025-05-02 01:26:27,271 - INFO - tree_node.f_best*ep:-6.7489142417907715,left_f_best-4.939947128295898,right_f_best-6.647324562072754,i:1
2025-05-02 01:26:46,874 - INFO - tree_node.f_best*ep:-6.7489142417907715,left_f_best-4.933825492858887,right_f_best-6.64122200012207,i:2
2025-05-02 01:27:07,621 - INFO - tree_node.f_best*ep:-6.7489142417907715,left_f_best-5.084944725036621,right_f_best-6.748356819152832,i:3
2025-05-02 01:27:29,308 - INFO - tree_node.f_best*ep:-6.7489142417907715,left_f_best-5.258230686187744,right_f_best-6.629789352416992,i:4
2025-05-02 01:27:51,949 - INFO - tree_node.f_best*ep:-6.7489142417907715,left_f_best-5.179430961608887,right_f_best-6.7252044677734375,i:5
2025-05-02 01:28:15,472 - INFO - tree_node.f_best*ep:-6.7489142417907715,left_f_best-5.073441028594971,right_f_best-6.867549896240234,i:6
2025-05-02 01:29:49,037 - INFO - 添加左子节点，右子节点，len(queue):5
2025-05-02 01:29:49,037 - INFO - Node 1: k=2215.5918626315774, f_best=-6.673476696014404, f_min=-15.156583845891873
2025-05-02 01:29:49,037 - INFO - Node 2: k=361.95766193930467, f_best=-5.199029445648193, f_min=-5.779776132432744
2025-05-02 01:29:49,037 - INFO - Node 3: k=523.0565009213973, f_best=-6.6797380447387695, f_min=-7.608388811452642
2025-05-02 01:29:49,037 - INFO - Node 4: k=480.26096902782785, f_best=-4.982382774353027, f_min=-10.670005270185356
2025-05-02 01:29:49,037 - INFO - Node 5: k=450.5344423742149, f_best=-6.685706615447998, f_min=-8.610428309782947
2025-05-02 01:29:49,037 - INFO - Node 6: k=329.0524199448221, f_best=-5.11051607131958, f_min=-5.543155585353816
2025-05-02 01:29:49,037 - INFO - Node 7: k=424.4238247565401, f_best=-6.7489142417907715, f_min=-9.386679133516736
2025-05-02 01:29:49,037 - INFO - Node 8: k=196.13434632320778, f_best=-5.073441028594971, f_min=-5.5189386704987555
2025-05-02 01:29:49,037 - INFO - Node 9: k=321.2190466668223, f_best=-6.867549896240234, f_min=-9.191603970699362
2025-05-02 01:29:49,037 - INFO - cur_node_number 13,f_best -6.867549896240234,f_min -9.191603970699362,k 321.2190466668223
2025-05-02 01:29:49,037 - INFO - f_best_current -6.867549896240234,f_min -9.191603970699362
2025-05-02 01:30:08,732 - INFO - tree_node.f_best*ep:-6.867549896240234,left_f_best-5.088137626647949,right_f_best-6.81217098236084,i:1
2025-05-02 01:30:28,856 - INFO - tree_node.f_best*ep:-6.867549896240234,left_f_best-5.02269172668457,right_f_best-6.6219401359558105,i:2
2025-05-02 01:30:49,650 - INFO - tree_node.f_best*ep:-6.867549896240234,left_f_best-5.015707969665527,right_f_best-6.824502944946289,i:3
2025-05-02 01:31:11,432 - INFO - tree_node.f_best*ep:-6.867549896240234,left_f_best-5.2167205810546875,right_f_best-6.821794033050537,i:4
2025-05-02 01:31:33,763 - INFO - tree_node.f_best*ep:-6.867549896240234,left_f_best-5.2494401931762695,right_f_best-6.816385269165039,i:5
2025-05-02 01:31:56,959 - INFO - tree_node.f_best*ep:-6.867549896240234,left_f_best-5.233989715576172,right_f_best-6.822847366333008,i:6
2025-05-02 01:32:21,026 - INFO - tree_node.f_best*ep:-6.867549896240234,left_f_best-5.096011161804199,right_f_best-7.031244277954102,i:7
2025-05-02 01:33:58,266 - INFO - 添加左子节点，右子节点，len(queue):6
2025-05-02 01:33:58,266 - INFO - Node 1: k=2215.5918626315774, f_best=-6.673476696014404, f_min=-15.156583845891873
2025-05-02 01:33:58,266 - INFO - Node 2: k=361.95766193930467, f_best=-5.199029445648193, f_min=-5.779776132432744
2025-05-02 01:33:58,266 - INFO - Node 3: k=523.0565009213973, f_best=-6.6797380447387695, f_min=-7.608388811452642
2025-05-02 01:33:58,266 - INFO - Node 4: k=480.26096902782785, f_best=-4.982382774353027, f_min=-10.670005270185356
2025-05-02 01:33:58,266 - INFO - Node 5: k=450.5344423742149, f_best=-6.685706615447998, f_min=-8.610428309782947
2025-05-02 01:33:58,266 - INFO - Node 6: k=329.0524199448221, f_best=-5.11051607131958, f_min=-5.543155585353816
2025-05-02 01:33:58,266 - INFO - Node 7: k=424.4238247565401, f_best=-6.7489142417907715, f_min=-9.386679133516736
2025-05-02 01:33:58,266 - INFO - Node 8: k=196.13434632320778, f_best=-5.073441028594971, f_min=-5.5189386704987555
2025-05-02 01:33:58,266 - INFO - Node 9: k=321.2190466668223, f_best=-6.867549896240234, f_min=-9.191603970699362
2025-05-02 01:33:58,266 - INFO - Node 10: k=200.07664668430425, f_best=-5.096011161804199, f_min=-6.618178853505015
2025-05-02 01:33:58,266 - INFO - Node 11: k=351.312540645214, f_best=-7.031244277954102, f_min=-8.421631317862193
2025-05-02 01:33:58,266 - INFO - cur_node_number 14,f_best -7.031244277954102,f_min -8.421631317862193,k 351.312540645214
2025-05-02 01:33:58,266 - INFO - f_best_current -7.031244277954102,f_min -8.421631317862193
2025-05-02 01:33:58,266 - INFO - 回退,len(queue)=4
2025-05-02 01:34:17,942 - INFO - tree_node.f_best*ep:-6.867549896240234,left_f_best-5.0633463859558105,right_f_best-6.72491455078125,i:1
2025-05-02 01:34:37,927 - INFO - tree_node.f_best*ep:-6.867549896240234,left_f_best-5.023185729980469,right_f_best-6.838949203491211,i:2
2025-05-02 01:34:58,899 - INFO - tree_node.f_best*ep:-6.867549896240234,left_f_best-5.1191487312316895,right_f_best-6.763283729553223,i:3
2025-05-02 01:35:20,263 - INFO - tree_node.f_best*ep:-6.867549896240234,left_f_best-5.094882011413574,right_f_best-6.889901161193848,i:4
2025-05-02 01:37:07,971 - INFO - 添加左子节点，右子节点，len(queue):6
2025-05-02 01:37:07,971 - INFO - Node 1: k=2215.5918626315774, f_best=-6.673476696014404, f_min=-15.156583845891873
2025-05-02 01:37:07,971 - INFO - Node 2: k=361.95766193930467, f_best=-5.199029445648193, f_min=-5.779776132432744
2025-05-02 01:37:07,971 - INFO - Node 3: k=523.0565009213973, f_best=-6.6797380447387695, f_min=-7.608388811452642
2025-05-02 01:37:07,971 - INFO - Node 4: k=480.26096902782785, f_best=-4.982382774353027, f_min=-10.670005270185356
2025-05-02 01:37:07,971 - INFO - Node 5: k=450.5344423742149, f_best=-6.685706615447998, f_min=-8.610428309782947
2025-05-02 01:37:07,971 - INFO - Node 6: k=329.0524199448221, f_best=-5.11051607131958, f_min=-5.543155585353816
2025-05-02 01:37:07,971 - INFO - Node 7: k=424.4238247565401, f_best=-6.7489142417907715, f_min=-9.386679133516736
2025-05-02 01:37:07,971 - INFO - Node 8: k=196.13434632320778, f_best=-5.073441028594971, f_min=-5.5189386704987555
2025-05-02 01:37:07,971 - INFO - Node 9: k=351.312540645214, f_best=-6.867549896240234, f_min=-9.191603970699362
2025-05-02 01:37:07,971 - INFO - Node 10: k=297.8868631862046, f_best=-5.094882011413574, f_min=-9.809337286857044
2025-05-02 01:37:07,971 - INFO - Node 11: k=468.827947377722, f_best=-6.889901161193848, f_min=-19.709793713889667
2025-05-02 01:37:07,971 - INFO - cur_node_number 15,f_best -6.889901161193848,f_min -19.709793713889667,k 468.827947377722
2025-05-02 01:37:07,971 - INFO - f_best_current -6.889901161193848,f_min -19.709793713889667
2025-05-02 01:37:07,971 - INFO - 回退,len(queue)=4
2025-05-02 01:37:07,971 - INFO - 回退,len(queue)=3
2025-05-02 01:37:07,971 - INFO - 回退,len(queue)=2
2025-05-02 01:37:27,220 - INFO - tree_node.f_best*ep:-6.685706615447998,left_f_best-4.931151390075684,right_f_best-6.554000377655029,i:1
2025-05-02 01:37:43,616 - INFO - tree_node.f_best*ep:-6.685706615447998,left_f_best-5.159845352172852,right_f_best-6.792926788330078,i:2
2025-05-02 01:39:01,767 - INFO - 添加左子节点，右子节点，len(queue):4
2025-05-02 01:39:01,767 - INFO - Node 1: k=2215.5918626315774, f_best=-6.673476696014404, f_min=-15.156583845891873
2025-05-02 01:39:01,767 - INFO - Node 2: k=361.95766193930467, f_best=-5.199029445648193, f_min=-5.779776132432744
2025-05-02 01:39:01,767 - INFO - Node 3: k=523.0565009213973, f_best=-6.6797380447387695, f_min=-7.608388811452642
2025-05-02 01:39:01,767 - INFO - Node 4: k=480.26096902782785, f_best=-4.982382774353027, f_min=-10.670005270185356
2025-05-02 01:39:01,767 - INFO - Node 5: k=468.827947377722, f_best=-6.685706615447998, f_min=-8.610428309782947
2025-05-02 01:39:01,767 - INFO - Node 6: k=351.312540645214, f_best=-5.159845352172852, f_min=-5.35589713956324
2025-05-02 01:39:01,767 - INFO - Node 7: k=282.2431624800819, f_best=-6.792926788330078, f_min=-8.873845047319264
2025-05-02 01:39:01,767 - INFO - cur_node_number 16,f_best -6.792926788330078,f_min -8.873845047319264,k 282.2431624800819
2025-05-02 01:39:01,767 - INFO - f_best_current -6.792926788330078,f_min -8.873845047319264
2025-05-02 01:39:17,339 - INFO - tree_node.f_best*ep:-6.792926788330078,left_f_best-5.0978922843933105,right_f_best-6.597348213195801,i:1
2025-05-02 01:39:33,380 - INFO - tree_node.f_best*ep:-6.792926788330078,left_f_best-5.134482383728027,right_f_best-6.763214588165283,i:2
2025-05-02 01:39:50,158 - INFO - tree_node.f_best*ep:-6.792926788330078,left_f_best-5.137446880340576,right_f_best-6.7473249435424805,i:3
2025-05-02 01:40:07,358 - INFO - tree_node.f_best*ep:-6.792926788330078,left_f_best-5.016670227050781,right_f_best-6.782629013061523,i:4
2025-05-02 01:40:25,344 - INFO - tree_node.f_best*ep:-6.792926788330078,left_f_best-5.065955638885498,right_f_best-6.832322120666504,i:5
2025-05-02 01:41:34,123 - INFO - 添加左子节点，右子节点，len(queue):5
2025-05-02 01:41:34,133 - INFO - Node 1: k=2215.5918626315774, f_best=-6.673476696014404, f_min=-15.156583845891873
2025-05-02 01:41:34,133 - INFO - Node 2: k=361.95766193930467, f_best=-5.199029445648193, f_min=-5.779776132432744
2025-05-02 01:41:34,133 - INFO - Node 3: k=523.0565009213973, f_best=-6.6797380447387695, f_min=-7.608388811452642
2025-05-02 01:41:34,133 - INFO - Node 4: k=480.26096902782785, f_best=-4.982382774353027, f_min=-10.670005270185356
2025-05-02 01:41:34,133 - INFO - Node 5: k=468.827947377722, f_best=-6.685706615447998, f_min=-8.610428309782947
2025-05-02 01:41:34,133 - INFO - Node 6: k=351.312540645214, f_best=-5.159845352172852, f_min=-5.35589713956324
2025-05-02 01:41:34,133 - INFO - Node 7: k=282.2431624800819, f_best=-6.792926788330078, f_min=-8.873845047319264
2025-05-02 01:41:34,133 - INFO - Node 8: k=409.5767657947404, f_best=-5.065955638885498, f_min=-9.554139506872161
2025-05-02 01:41:34,133 - INFO - Node 9: k=119.94586599805864, f_best=-6.832322120666504, f_min=-7.009417787445727
2025-05-02 01:41:34,133 - INFO - cur_node_number 17,f_best -6.832322120666504,f_min -7.009417787445727,k 119.94586599805864
2025-05-02 01:41:34,133 - INFO - f_best_current -6.832322120666504,f_min -7.009417787445727
2025-05-02 01:41:49,405 - INFO - tree_node.f_best*ep:-6.832322120666504,left_f_best-5.157249450683594,right_f_best-6.633202075958252,i:1
2025-05-02 01:42:05,163 - INFO - tree_node.f_best*ep:-6.832322120666504,left_f_best-5.053861141204834,right_f_best-6.723383903503418,i:2
2025-05-02 01:42:21,615 - INFO - tree_node.f_best*ep:-6.832322120666504,left_f_best-5.134703636169434,right_f_best-6.755861759185791,i:3
2025-05-02 01:42:39,032 - INFO - tree_node.f_best*ep:-6.832322120666504,left_f_best-5.276820182800293,right_f_best-6.71733283996582,i:4
2025-05-02 01:42:57,108 - INFO - tree_node.f_best*ep:-6.832322120666504,left_f_best-5.178966522216797,right_f_best-6.662096977233887,i:5
2025-05-02 01:43:16,032 - INFO - tree_node.f_best*ep:-6.832322120666504,left_f_best-5.187716960906982,right_f_best-6.839101314544678,i:6
2025-05-02 01:44:41,588 - INFO - 添加左子节点，右子节点，len(queue):6
2025-05-02 01:44:41,588 - INFO - Node 1: k=2215.5918626315774, f_best=-6.673476696014404, f_min=-15.156583845891873
2025-05-02 01:44:41,588 - INFO - Node 2: k=361.95766193930467, f_best=-5.199029445648193, f_min=-5.779776132432744
2025-05-02 01:44:41,588 - INFO - Node 3: k=523.0565009213973, f_best=-6.6797380447387695, f_min=-7.608388811452642
2025-05-02 01:44:41,588 - INFO - Node 4: k=480.26096902782785, f_best=-4.982382774353027, f_min=-10.670005270185356
2025-05-02 01:44:41,588 - INFO - Node 5: k=468.827947377722, f_best=-6.685706615447998, f_min=-8.610428309782947
2025-05-02 01:44:41,588 - INFO - Node 6: k=351.312540645214, f_best=-5.159845352172852, f_min=-5.35589713956324
2025-05-02 01:44:41,588 - INFO - Node 7: k=282.2431624800819, f_best=-6.792926788330078, f_min=-8.873845047319264
2025-05-02 01:44:41,588 - INFO - Node 8: k=409.5767657947404, f_best=-5.065955638885498, f_min=-9.554139506872161
2025-05-02 01:44:41,588 - INFO - Node 9: k=119.94586599805864, f_best=-6.832322120666504, f_min=-7.009417787445727
2025-05-02 01:44:41,588 - INFO - Node 10: k=441.65713398119294, f_best=-5.187716960906982, f_min=-5.210666279632278
2025-05-02 01:44:41,588 - INFO - Node 11: k=358.37392271218283, f_best=-6.839101314544678, f_min=-9.409728300654024
2025-05-02 01:44:41,588 - INFO - cur_node_number 18,f_best -6.839101314544678,f_min -9.409728300654024,k 358.37392271218283
2025-05-02 01:44:41,604 - INFO - f_best_current -6.839101314544678,f_min -9.409728300654024
2025-05-02 01:44:41,604 - INFO - 回退,len(queue)=4
2025-05-02 01:44:41,604 - INFO - 回退,len(queue)=3
2025-05-02 01:44:57,132 - INFO - tree_node.f_best*ep:-6.792926788330078,left_f_best-5.036433696746826,right_f_best-6.56721305847168,i:1
2025-05-02 01:45:13,059 - INFO - tree_node.f_best*ep:-6.792926788330078,left_f_best-5.010861396789551,right_f_best-6.782423496246338,i:2
2025-05-02 01:45:29,569 - INFO - tree_node.f_best*ep:-6.792926788330078,left_f_best-5.181806564331055,right_f_best-6.783488750457764,i:3
2025-05-02 01:45:46,905 - INFO - tree_node.f_best*ep:-6.792926788330078,left_f_best-5.100269317626953,right_f_best-6.754487037658691,i:4
2025-05-02 01:46:05,200 - INFO - tree_node.f_best*ep:-6.792926788330078,left_f_best-5.292519569396973,right_f_best-6.818126678466797,i:5
2025-05-02 01:47:23,677 - INFO - 添加左子节点，右子节点，len(queue):5
2025-05-02 01:47:23,677 - INFO - Node 1: k=2215.5918626315774, f_best=-6.673476696014404, f_min=-15.156583845891873
2025-05-02 01:47:23,677 - INFO - Node 2: k=361.95766193930467, f_best=-5.199029445648193, f_min=-5.779776132432744
2025-05-02 01:47:23,677 - INFO - Node 3: k=523.0565009213973, f_best=-6.6797380447387695, f_min=-7.608388811452642
2025-05-02 01:47:23,677 - INFO - Node 4: k=480.26096902782785, f_best=-4.982382774353027, f_min=-10.670005270185356
2025-05-02 01:47:23,677 - INFO - Node 5: k=468.827947377722, f_best=-6.685706615447998, f_min=-8.610428309782947
2025-05-02 01:47:23,677 - INFO - Node 6: k=351.312540645214, f_best=-5.159845352172852, f_min=-5.35589713956324
2025-05-02 01:47:23,677 - INFO - Node 7: k=358.37392271218283, f_best=-6.792926788330078, f_min=-8.873845047319264
2025-05-02 01:47:23,677 - INFO - Node 8: k=299.606804341959, f_best=-5.292519569396973, f_min=-6.815167073906196
2025-05-02 01:47:23,677 - INFO - Node 9: k=354.8256660516662, f_best=-6.818126678466797, f_min=-7.070882390107727
2025-05-02 01:47:23,677 - INFO - cur_node_number 19,f_best -6.818126678466797,f_min -7.070882390107727,k 354.8256660516662
2025-05-02 01:47:23,677 - INFO - f_best_current -6.818126678466797,f_min -7.070882390107727
2025-05-02 01:47:38,894 - INFO - tree_node.f_best*ep:-6.818126678466797,left_f_best-4.977232456207275,right_f_best-6.526144027709961,i:1
2025-05-02 01:47:54,634 - INFO - tree_node.f_best*ep:-6.818126678466797,left_f_best-5.12453556060791,right_f_best-6.731268882751465,i:2
2025-05-02 01:48:11,337 - INFO - tree_node.f_best*ep:-6.818126678466797,left_f_best-5.118160247802734,right_f_best-6.873150825500488,i:3
2025-05-02 01:49:30,109 - INFO - 添加左子节点，右子节点，len(queue):6
2025-05-02 01:49:30,109 - INFO - Node 1: k=2215.5918626315774, f_best=-6.673476696014404, f_min=-15.156583845891873
2025-05-02 01:49:30,109 - INFO - Node 2: k=361.95766193930467, f_best=-5.199029445648193, f_min=-5.779776132432744
2025-05-02 01:49:30,109 - INFO - Node 3: k=523.0565009213973, f_best=-6.6797380447387695, f_min=-7.608388811452642
2025-05-02 01:49:30,109 - INFO - Node 4: k=480.26096902782785, f_best=-4.982382774353027, f_min=-10.670005270185356
2025-05-02 01:49:30,109 - INFO - Node 5: k=468.827947377722, f_best=-6.685706615447998, f_min=-8.610428309782947
2025-05-02 01:49:30,109 - INFO - Node 6: k=351.312540645214, f_best=-5.159845352172852, f_min=-5.35589713956324
2025-05-02 01:49:30,109 - INFO - Node 7: k=358.37392271218283, f_best=-6.792926788330078, f_min=-8.873845047319264
2025-05-02 01:49:30,109 - INFO - Node 8: k=299.606804341959, f_best=-5.292519569396973, f_min=-6.815167073906196
2025-05-02 01:49:30,109 - INFO - Node 9: k=354.8256660516662, f_best=-6.818126678466797, f_min=-7.070882390107727
2025-05-02 01:49:30,109 - INFO - Node 10: k=340.9804907936749, f_best=-5.118160247802734, f_min=-5.923331373311157
2025-05-02 01:49:30,109 - INFO - Node 11: k=290.7954125463908, f_best=-6.873150825500488, f_min=-7.490896185314341
2025-05-02 01:49:30,109 - INFO - cur_node_number 20,f_best -6.873150825500488,f_min -7.490896185314341,k 290.7954125463908
2025-05-02 01:49:30,109 - INFO - f_best_current -6.873150825500488,f_min -7.490896185314341
2025-05-02 01:49:45,505 - INFO - tree_node.f_best*ep:-6.873150825500488,left_f_best-5.248847961425781,right_f_best-6.638798713684082,i:1
2025-05-02 01:50:01,340 - INFO - tree_node.f_best*ep:-6.873150825500488,left_f_best-5.04584264755249,right_f_best-6.6081037521362305,i:2
2025-05-02 01:50:17,764 - INFO - tree_node.f_best*ep:-6.873150825500488,left_f_best-5.065488338470459,right_f_best-6.685081958770752,i:3
2025-05-02 01:50:35,075 - INFO - tree_node.f_best*ep:-6.873150825500488,left_f_best-5.240628242492676,right_f_best-6.577605247497559,i:4
2025-05-02 01:50:53,144 - INFO - tree_node.f_best*ep:-6.873150825500488,left_f_best-5.234307289123535,right_f_best-6.70168399810791,i:5
2025-05-02 01:51:12,016 - INFO - tree_node.f_best*ep:-6.873150825500488,left_f_best-5.256535530090332,right_f_best-6.831948280334473,i:6
2025-05-02 01:51:31,633 - INFO - tree_node.f_best*ep:-6.873150825500488,left_f_best-5.32668399810791,right_f_best-6.813203811645508,i:7
2025-05-02 01:51:52,061 - INFO - tree_node.f_best*ep:-6.873150825500488,left_f_best-5.344382286071777,right_f_best-6.849196910858154,i:8
2025-05-02 01:52:13,538 - INFO - tree_node.f_best*ep:-6.873150825500488,left_f_best-5.5060505867004395,right_f_best-6.838876724243164,i:9
2025-05-02 01:52:35,792 - INFO - tree_node.f_best*ep:-6.873150825500488,left_f_best-5.354463577270508,right_f_best-6.770961761474609,i:10
2025-05-02 01:52:58,745 - INFO - tree_node.f_best*ep:-6.873150825500488,left_f_best-5.245808124542236,right_f_best-6.882864952087402,i:11
2025-05-02 01:54:18,861 - INFO - 添加左子节点，右子节点，len(queue):7
2025-05-02 01:54:18,861 - INFO - Node 1: k=2215.5918626315774, f_best=-6.673476696014404, f_min=-15.156583845891873
2025-05-02 01:54:18,861 - INFO - Node 2: k=361.95766193930467, f_best=-5.199029445648193, f_min=-5.779776132432744
2025-05-02 01:54:18,861 - INFO - Node 3: k=523.0565009213973, f_best=-6.6797380447387695, f_min=-7.608388811452642
2025-05-02 01:54:18,861 - INFO - Node 4: k=480.26096902782785, f_best=-4.982382774353027, f_min=-10.670005270185356
2025-05-02 01:54:18,861 - INFO - Node 5: k=468.827947377722, f_best=-6.685706615447998, f_min=-8.610428309782947
2025-05-02 01:54:18,861 - INFO - Node 6: k=351.312540645214, f_best=-5.159845352172852, f_min=-5.35589713956324
2025-05-02 01:54:18,861 - INFO - Node 7: k=358.37392271218283, f_best=-6.792926788330078, f_min=-8.873845047319264
2025-05-02 01:54:18,861 - INFO - Node 8: k=299.606804341959, f_best=-5.292519569396973, f_min=-6.815167073906196
2025-05-02 01:54:18,861 - INFO - Node 9: k=354.8256660516662, f_best=-6.818126678466797, f_min=-7.070882390107727
2025-05-02 01:54:18,861 - INFO - Node 10: k=340.9804907936749, f_best=-5.118160247802734, f_min=-5.923331373311157
2025-05-02 01:54:18,861 - INFO - Node 11: k=290.7954125463908, f_best=-6.873150825500488, f_min=-7.490896185314341
2025-05-02 01:54:18,861 - INFO - Node 12: k=352.7887321192056, f_best=-5.245808124542236, f_min=-9.527760129147282
2025-05-02 01:54:18,861 - INFO - Node 13: k=290.7954125463908, f_best=-6.882864952087402, f_min=-8.415891288674175
2025-05-02 01:54:18,861 - INFO - cur_node_number 21,f_best -6.882864952087402,f_min -8.415891288674175,k 290.7954125463908
2025-05-02 01:54:18,861 - INFO - f_best_current -6.882864952087402,f_min -8.415891288674175
2025-05-02 01:54:34,406 - INFO - tree_node.f_best*ep:-6.882864952087402,left_f_best-5.023575782775879,right_f_best-6.776710510253906,i:1
2025-05-02 01:54:50,484 - INFO - tree_node.f_best*ep:-6.882864952087402,left_f_best-5.365780830383301,right_f_best-6.6877851486206055,i:2
2025-05-02 01:55:07,331 - INFO - tree_node.f_best*ep:-6.882864952087402,left_f_best-5.0218424797058105,right_f_best-6.8023271560668945,i:3
2025-05-02 01:55:24,880 - INFO - tree_node.f_best*ep:-6.882864952087402,left_f_best-5.24388313293457,right_f_best-6.679712295532227,i:4
2025-05-02 01:55:42,989 - INFO - tree_node.f_best*ep:-6.882864952087402,left_f_best-5.399345397949219,right_f_best-6.830292224884033,i:5
2025-05-02 01:56:01,727 - INFO - tree_node.f_best*ep:-6.882864952087402,left_f_best-5.297852039337158,right_f_best-6.804425239562988,i:6
2025-05-02 01:56:21,413 - INFO - tree_node.f_best*ep:-6.882864952087402,left_f_best-5.203133583068848,right_f_best-6.739986419677734,i:7
2025-05-02 01:56:41,828 - INFO - tree_node.f_best*ep:-6.882864952087402,left_f_best-5.087367057800293,right_f_best-6.848291873931885,i:8
2025-05-02 01:57:02,967 - INFO - tree_node.f_best*ep:-6.882864952087402,left_f_best-5.305130958557129,right_f_best-6.905174255371094,i:9
2025-05-02 01:58:27,903 - INFO - 添加左子节点，右子节点，len(queue):8
2025-05-02 01:58:27,903 - INFO - Node 1: k=2215.5918626315774, f_best=-6.673476696014404, f_min=-15.156583845891873
2025-05-02 01:58:27,903 - INFO - Node 2: k=361.95766193930467, f_best=-5.199029445648193, f_min=-5.779776132432744
2025-05-02 01:58:27,903 - INFO - Node 3: k=523.0565009213973, f_best=-6.6797380447387695, f_min=-7.608388811452642
2025-05-02 01:58:27,903 - INFO - Node 4: k=480.26096902782785, f_best=-4.982382774353027, f_min=-10.670005270185356
2025-05-02 01:58:27,903 - INFO - Node 5: k=468.827947377722, f_best=-6.685706615447998, f_min=-8.610428309782947
2025-05-02 01:58:27,903 - INFO - Node 6: k=351.312540645214, f_best=-5.159845352172852, f_min=-5.35589713956324
2025-05-02 01:58:27,903 - INFO - Node 7: k=358.37392271218283, f_best=-6.792926788330078, f_min=-8.873845047319264
2025-05-02 01:58:27,903 - INFO - Node 8: k=299.606804341959, f_best=-5.292519569396973, f_min=-6.815167073906196
2025-05-02 01:58:27,903 - INFO - Node 9: k=354.8256660516662, f_best=-6.818126678466797, f_min=-7.070882390107727
2025-05-02 01:58:27,903 - INFO - Node 10: k=340.9804907936749, f_best=-5.118160247802734, f_min=-5.923331373311157
2025-05-02 01:58:27,903 - INFO - Node 11: k=290.7954125463908, f_best=-6.873150825500488, f_min=-7.490896185314341
2025-05-02 01:58:27,903 - INFO - Node 12: k=352.7887321192056, f_best=-5.245808124542236, f_min=-9.527760129147282
2025-05-02 01:58:27,903 - INFO - Node 13: k=290.7954125463908, f_best=-6.882864952087402, f_min=-8.415891288674175
2025-05-02 01:58:27,903 - INFO - Node 14: k=229.98294603466235, f_best=-5.305130958557129, f_min=-7.46801357458844
2025-05-02 01:58:27,903 - INFO - Node 15: k=574.462945773468, f_best=-6.905174255371094, f_min=-11.236111658959999
2025-05-02 01:58:27,903 - INFO - cur_node_number 22,f_best -6.905174255371094,f_min -11.236111658959999,k 574.462945773468
2025-05-02 01:58:27,903 - INFO - f_best_current -6.905174255371094,f_min -11.236111658959999
2025-05-02 01:58:27,903 - INFO - 回退,len(queue)=6
2025-05-02 01:58:27,903 - INFO - 回退,len(queue)=5
2025-05-02 01:58:27,903 - INFO - 回退,len(queue)=4
2025-05-02 01:58:27,903 - INFO - 回退,len(queue)=3
2025-05-02 01:58:27,903 - INFO - 回退,len(queue)=2
2025-05-02 01:58:27,903 - INFO - 回退,len(queue)=1
2025-05-02 01:58:43,438 - INFO - tree_node.f_best*ep:-6.6797380447387695,left_f_best-5.064484119415283,right_f_best-6.6945295333862305,i:1
2025-05-02 02:00:02,151 - INFO - 添加左子节点，右子节点，len(queue):3
2025-05-02 02:00:02,151 - INFO - Node 1: k=2215.5918626315774, f_best=-6.673476696014404, f_min=-15.156583845891873
2025-05-02 02:00:02,151 - INFO - Node 2: k=361.95766193930467, f_best=-5.199029445648193, f_min=-5.779776132432744
2025-05-02 02:00:02,151 - INFO - Node 3: k=574.462945773468, f_best=-6.6797380447387695, f_min=-7.608388811452642
2025-05-02 02:00:02,151 - INFO - Node 4: k=299.606804341959, f_best=-5.064484119415283, f_min=-5.53223246088055
2025-05-02 02:00:02,151 - INFO - Node 5: k=316.2129078714794, f_best=-6.6945295333862305, f_min=-11.229836043414252
2025-05-02 02:00:02,151 - INFO - cur_node_number 23,f_best -6.6945295333862305,f_min -11.229836043414252,k 316.2129078714794
2025-05-02 02:00:02,151 - INFO - f_best_current -6.6945295333862305,f_min -11.229836043414252
2025-05-02 02:00:17,417 - INFO - tree_node.f_best*ep:-6.6945295333862305,left_f_best-4.917607307434082,right_f_best-6.667505741119385,i:1
2025-05-02 02:00:33,201 - INFO - tree_node.f_best*ep:-6.6945295333862305,left_f_best-5.315619945526123,right_f_best-6.783016204833984,i:2
2025-05-02 02:01:56,313 - INFO - 添加左子节点，右子节点，len(queue):4
2025-05-02 02:01:56,313 - INFO - Node 1: k=2215.5918626315774, f_best=-6.673476696014404, f_min=-15.156583845891873
2025-05-02 02:01:56,313 - INFO - Node 2: k=361.95766193930467, f_best=-5.199029445648193, f_min=-5.779776132432744
2025-05-02 02:01:56,313 - INFO - Node 3: k=574.462945773468, f_best=-6.6797380447387695, f_min=-7.608388811452642
2025-05-02 02:01:56,313 - INFO - Node 4: k=299.606804341959, f_best=-5.064484119415283, f_min=-5.53223246088055
2025-05-02 02:01:56,313 - INFO - Node 5: k=316.2129078714794, f_best=-6.6945295333862305, f_min=-11.229836043414252
2025-05-02 02:01:56,313 - INFO - Node 6: k=327.6755495048254, f_best=-5.315619945526123, f_min=-5.733931322551143
2025-05-02 02:01:56,313 - INFO - Node 7: k=407.86295332125434, f_best=-6.783016204833984, f_min=-12.056128402020477
2025-05-02 02:01:56,313 - INFO - cur_node_number 24,f_best -6.783016204833984,f_min -12.056128402020477,k 407.86295332125434
2025-05-02 02:01:56,313 - INFO - f_best_current -6.783016204833984,f_min -12.056128402020477
2025-05-02 02:01:56,313 - INFO - 回退,len(queue)=2
2025-05-02 02:02:11,876 - INFO - tree_node.f_best*ep:-6.6945295333862305,left_f_best-5.123696327209473,right_f_best-6.574522972106934,i:1
2025-05-02 02:02:27,717 - INFO - tree_node.f_best*ep:-6.6945295333862305,left_f_best-5.004549980163574,right_f_best-6.737968444824219,i:2
2025-05-02 02:03:54,513 - INFO - 添加左子节点，右子节点，len(queue):4
2025-05-02 02:03:54,513 - INFO - Node 1: k=2215.5918626315774, f_best=-6.673476696014404, f_min=-15.156583845891873
2025-05-02 02:03:54,513 - INFO - Node 2: k=361.95766193930467, f_best=-5.199029445648193, f_min=-5.779776132432744
2025-05-02 02:03:54,513 - INFO - Node 3: k=574.462945773468, f_best=-6.6797380447387695, f_min=-7.608388811452642
2025-05-02 02:03:54,513 - INFO - Node 4: k=299.606804341959, f_best=-5.064484119415283, f_min=-5.53223246088055
2025-05-02 02:03:54,513 - INFO - Node 5: k=407.86295332125434, f_best=-6.6945295333862305, f_min=-11.229836043414252
2025-05-02 02:03:54,513 - INFO - Node 6: k=466.1365649725933, f_best=-5.004549980163574, f_min=-5.767548456300574
2025-05-02 02:03:54,513 - INFO - Node 7: k=325.7944751928931, f_best=-6.737968444824219, f_min=-8.197944524672494
2025-05-02 02:03:54,513 - INFO - cur_node_number 25,f_best -6.737968444824219,f_min -8.197944524672494,k 325.7944751928931
2025-05-02 02:03:54,513 - INFO - f_best_current -6.737968444824219,f_min -8.197944524672494
2025-05-02 02:04:09,825 - INFO - tree_node.f_best*ep:-6.737968444824219,left_f_best-4.8809404373168945,right_f_best-6.791152477264404,i:1
2025-05-02 02:05:27,045 - INFO - 添加左子节点，右子节点，len(queue):5
2025-05-02 02:05:27,045 - INFO - Node 1: k=2215.5918626315774, f_best=-6.673476696014404, f_min=-15.156583845891873
2025-05-02 02:05:27,045 - INFO - Node 2: k=361.95766193930467, f_best=-5.199029445648193, f_min=-5.779776132432744
2025-05-02 02:05:27,045 - INFO - Node 3: k=574.462945773468, f_best=-6.6797380447387695, f_min=-7.608388811452642
2025-05-02 02:05:27,045 - INFO - Node 4: k=299.606804341959, f_best=-5.064484119415283, f_min=-5.53223246088055
2025-05-02 02:05:27,045 - INFO - Node 5: k=407.86295332125434, f_best=-6.6945295333862305, f_min=-11.229836043414252
2025-05-02 02:05:27,045 - INFO - Node 6: k=466.1365649725933, f_best=-5.004549980163574, f_min=-5.767548456300574
2025-05-02 02:05:27,045 - INFO - Node 7: k=325.7944751928931, f_best=-6.737968444824219, f_min=-8.197944524672494
2025-05-02 02:05:27,045 - INFO - Node 8: k=277.8444555538473, f_best=-4.8809404373168945, f_min=-7.945612655908917
2025-05-02 02:05:27,045 - INFO - Node 9: k=318.0386600661607, f_best=-6.791152477264404, f_min=-8.193971299640907
2025-05-02 02:05:27,045 - INFO - cur_node_number 26,f_best -6.791152477264404,f_min -8.193971299640907,k 318.0386600661607
2025-05-02 02:05:27,045 - INFO - f_best_current -6.791152477264404,f_min -8.193971299640907
2025-05-02 02:05:42,396 - INFO - tree_node.f_best*ep:-6.791152477264404,left_f_best-5.118405818939209,right_f_best-6.627676010131836,i:1
2025-05-02 02:05:58,215 - INFO - tree_node.f_best*ep:-6.791152477264404,left_f_best-5.056319713592529,right_f_best-6.634674072265625,i:2
2025-05-02 02:06:14,745 - INFO - tree_node.f_best*ep:-6.791152477264404,left_f_best-5.167993068695068,right_f_best-6.745461463928223,i:3
2025-05-02 02:06:32,306 - INFO - tree_node.f_best*ep:-6.791152477264404,left_f_best-5.22529411315918,right_f_best-6.774081230163574,i:4
2025-05-02 02:06:50,659 - INFO - tree_node.f_best*ep:-6.791152477264404,left_f_best-5.263494491577148,right_f_best-6.842260837554932,i:5
2025-05-02 02:08:09,070 - INFO - 添加左子节点，右子节点，len(queue):6
2025-05-02 02:08:09,070 - INFO - Node 1: k=2215.5918626315774, f_best=-6.673476696014404, f_min=-15.156583845891873
2025-05-02 02:08:09,070 - INFO - Node 2: k=361.95766193930467, f_best=-5.199029445648193, f_min=-5.779776132432744
2025-05-02 02:08:09,070 - INFO - Node 3: k=574.462945773468, f_best=-6.6797380447387695, f_min=-7.608388811452642
2025-05-02 02:08:09,070 - INFO - Node 4: k=299.606804341959, f_best=-5.064484119415283, f_min=-5.53223246088055
2025-05-02 02:08:09,070 - INFO - Node 5: k=407.86295332125434, f_best=-6.6945295333862305, f_min=-11.229836043414252
2025-05-02 02:08:09,070 - INFO - Node 6: k=466.1365649725933, f_best=-5.004549980163574, f_min=-5.767548456300574
2025-05-02 02:08:09,070 - INFO - Node 7: k=325.7944751928931, f_best=-6.737968444824219, f_min=-8.197944524672494
2025-05-02 02:08:09,070 - INFO - Node 8: k=277.8444555538473, f_best=-4.8809404373168945, f_min=-7.945612655908917
2025-05-02 02:08:09,070 - INFO - Node 9: k=318.0386600661607, f_best=-6.791152477264404, f_min=-8.193971299640907
2025-05-02 02:08:09,070 - INFO - Node 10: k=285.0655941048827, f_best=-5.263494491577148, f_min=-5.655109611194348
2025-05-02 02:08:09,070 - INFO - Node 11: k=322.5687873196961, f_best=-6.842260837554932, f_min=-11.177867237243845
2025-05-02 02:08:09,070 - INFO - cur_node_number 27,f_best -6.842260837554932,f_min -11.177867237243845,k 322.5687873196961
2025-05-02 02:08:09,070 - INFO - f_best_current -6.842260837554932,f_min -11.177867237243845
2025-05-02 02:08:09,070 - INFO - 回退,len(queue)=4
2025-05-02 02:08:24,429 - INFO - tree_node.f_best*ep:-6.791152477264404,left_f_best-5.120891571044922,right_f_best-6.703677177429199,i:1
2025-05-02 02:08:40,195 - INFO - tree_node.f_best*ep:-6.791152477264404,left_f_best-5.04857063293457,right_f_best-6.7371625900268555,i:2
2025-05-02 02:08:56,887 - INFO - tree_node.f_best*ep:-6.791152477264404,left_f_best-5.188137054443359,right_f_best-6.69733190536499,i:3
2025-05-02 02:09:14,288 - INFO - tree_node.f_best*ep:-6.791152477264404,left_f_best-5.25315523147583,right_f_best-6.771640777587891,i:4
2025-05-02 02:09:32,357 - INFO - tree_node.f_best*ep:-6.791152477264404,left_f_best-5.192444801330566,right_f_best-6.82624626159668,i:5
2025-05-02 02:10:50,463 - INFO - 添加左子节点，右子节点，len(queue):6
2025-05-02 02:10:50,463 - INFO - Node 1: k=2215.5918626315774, f_best=-6.673476696014404, f_min=-15.156583845891873
2025-05-02 02:10:50,463 - INFO - Node 2: k=361.95766193930467, f_best=-5.199029445648193, f_min=-5.779776132432744
2025-05-02 02:10:50,479 - INFO - Node 3: k=574.462945773468, f_best=-6.6797380447387695, f_min=-7.608388811452642
2025-05-02 02:10:50,479 - INFO - Node 4: k=299.606804341959, f_best=-5.064484119415283, f_min=-5.53223246088055
2025-05-02 02:10:50,479 - INFO - Node 5: k=407.86295332125434, f_best=-6.6945295333862305, f_min=-11.229836043414252
2025-05-02 02:10:50,479 - INFO - Node 6: k=466.1365649725933, f_best=-5.004549980163574, f_min=-5.767548456300574
2025-05-02 02:10:50,479 - INFO - Node 7: k=325.7944751928931, f_best=-6.737968444824219, f_min=-8.197944524672494
2025-05-02 02:10:50,479 - INFO - Node 8: k=277.8444555538473, f_best=-4.8809404373168945, f_min=-7.945612655908917
2025-05-02 02:10:50,479 - INFO - Node 9: k=322.5687873196961, f_best=-6.791152477264404, f_min=-8.193971299640907
2025-05-02 02:10:50,479 - INFO - Node 10: k=277.8444555538473, f_best=-5.192444801330566, f_min=-9.218791071341911
2025-05-02 02:10:50,479 - INFO - Node 11: k=318.0386600661607, f_best=-6.82624626159668, f_min=-11.132768205250613
2025-05-02 02:10:50,479 - INFO - cur_node_number 28,f_best -6.82624626159668,f_min -11.132768205250613,k 318.0386600661607
2025-05-02 02:10:50,479 - INFO - f_best_current -6.82624626159668,f_min -11.132768205250613
2025-05-02 02:11:05,933 - INFO - tree_node.f_best*ep:-6.82624626159668,left_f_best-5.1428046226501465,right_f_best-6.5582685470581055,i:1
2025-05-02 02:11:21,889 - INFO - tree_node.f_best*ep:-6.82624626159668,left_f_best-5.2700395584106445,right_f_best-6.678257465362549,i:2
2025-05-02 02:11:38,459 - INFO - tree_node.f_best*ep:-6.82624626159668,left_f_best-5.146597385406494,right_f_best-6.565627098083496,i:3
2025-05-02 02:11:55,950 - INFO - tree_node.f_best*ep:-6.82624626159668,left_f_best-5.075899124145508,right_f_best-6.808340072631836,i:4
2025-05-02 02:12:14,348 - INFO - tree_node.f_best*ep:-6.82624626159668,left_f_best-5.198956489562988,right_f_best-6.7368292808532715,i:5
2025-05-02 02:12:33,518 - INFO - tree_node.f_best*ep:-6.82624626159668,left_f_best-5.1805419921875,right_f_best-6.849461555480957,i:6
2025-05-02 02:13:50,604 - INFO - 添加左子节点，右子节点，len(queue):7
2025-05-02 02:13:50,604 - INFO - Node 1: k=2215.5918626315774, f_best=-6.673476696014404, f_min=-15.156583845891873
2025-05-02 02:13:50,604 - INFO - Node 2: k=361.95766193930467, f_best=-5.199029445648193, f_min=-5.779776132432744
2025-05-02 02:13:50,604 - INFO - Node 3: k=574.462945773468, f_best=-6.6797380447387695, f_min=-7.608388811452642
2025-05-02 02:13:50,604 - INFO - Node 4: k=299.606804341959, f_best=-5.064484119415283, f_min=-5.53223246088055
2025-05-02 02:13:50,604 - INFO - Node 5: k=407.86295332125434, f_best=-6.6945295333862305, f_min=-11.229836043414252
2025-05-02 02:13:50,604 - INFO - Node 6: k=466.1365649725933, f_best=-5.004549980163574, f_min=-5.767548456300574
2025-05-02 02:13:50,604 - INFO - Node 7: k=325.7944751928931, f_best=-6.737968444824219, f_min=-8.197944524672494
2025-05-02 02:13:50,604 - INFO - Node 8: k=277.8444555538473, f_best=-4.8809404373168945, f_min=-7.945612655908917
2025-05-02 02:13:50,604 - INFO - Node 9: k=322.5687873196961, f_best=-6.791152477264404, f_min=-8.193971299640907
2025-05-02 02:13:50,604 - INFO - Node 10: k=277.8444555538473, f_best=-5.192444801330566, f_min=-9.218791071341911
2025-05-02 02:13:50,604 - INFO - Node 11: k=318.0386600661607, f_best=-6.82624626159668, f_min=-11.132768205250613
2025-05-02 02:13:50,604 - INFO - Node 12: k=374.492348049515, f_best=-5.1805419921875, f_min=-11.09180333079712
2025-05-02 02:13:50,604 - INFO - Node 13: k=226.75308607103412, f_best=-6.849461555480957, f_min=-9.042918741761241
2025-05-02 02:13:50,604 - INFO - cur_node_number 29,f_best -6.849461555480957,f_min -9.042918741761241,k 226.75308607103412
2025-05-02 02:13:50,604 - INFO - f_best_current -6.849461555480957,f_min -9.042918741761241
2025-05-02 02:14:06,212 - INFO - tree_node.f_best*ep:-6.849461555480957,left_f_best-5.019682884216309,right_f_best-6.613899230957031,i:1
2025-05-02 02:14:22,325 - INFO - tree_node.f_best*ep:-6.849461555480957,left_f_best-5.205844879150391,right_f_best-6.622308254241943,i:2
2025-05-02 02:14:39,276 - INFO - tree_node.f_best*ep:-6.849461555480957,left_f_best-5.139344692230225,right_f_best-6.774106025695801,i:3
2025-05-02 02:14:56,787 - INFO - tree_node.f_best*ep:-6.849461555480957,left_f_best-5.106049060821533,right_f_best-6.7789106369018555,i:4
2025-05-02 02:15:15,095 - INFO - tree_node.f_best*ep:-6.849461555480957,left_f_best-5.149815559387207,right_f_best-6.777500152587891,i:5
2025-05-02 02:15:34,077 - INFO - tree_node.f_best*ep:-6.849461555480957,left_f_best-5.313845634460449,right_f_best-6.805580139160156,i:6
2025-05-02 02:15:53,639 - INFO - tree_node.f_best*ep:-6.849461555480957,left_f_best-5.302239418029785,right_f_best-6.838968753814697,i:7
2025-05-02 02:16:13,973 - INFO - tree_node.f_best*ep:-6.849461555480957,left_f_best-5.213196754455566,right_f_best-6.8417067527771,i:8
2025-05-02 02:16:35,058 - INFO - tree_node.f_best*ep:-6.849461555480957,left_f_best-5.19130802154541,right_f_best-6.868271827697754,i:9
2025-05-02 02:17:52,519 - INFO - 添加左子节点，右子节点，len(queue):8
2025-05-02 02:17:52,519 - INFO - Node 1: k=2215.5918626315774, f_best=-6.673476696014404, f_min=-15.156583845891873
2025-05-02 02:17:52,519 - INFO - Node 2: k=361.95766193930467, f_best=-5.199029445648193, f_min=-5.779776132432744
2025-05-02 02:17:52,519 - INFO - Node 3: k=574.462945773468, f_best=-6.6797380447387695, f_min=-7.608388811452642
2025-05-02 02:17:52,519 - INFO - Node 4: k=299.606804341959, f_best=-5.064484119415283, f_min=-5.53223246088055
2025-05-02 02:17:52,519 - INFO - Node 5: k=407.86295332125434, f_best=-6.6945295333862305, f_min=-11.229836043414252
2025-05-02 02:17:52,519 - INFO - Node 6: k=466.1365649725933, f_best=-5.004549980163574, f_min=-5.767548456300574
2025-05-02 02:17:52,519 - INFO - Node 7: k=325.7944751928931, f_best=-6.737968444824219, f_min=-8.197944524672494
2025-05-02 02:17:52,519 - INFO - Node 8: k=277.8444555538473, f_best=-4.8809404373168945, f_min=-7.945612655908917
2025-05-02 02:17:52,519 - INFO - Node 9: k=322.5687873196961, f_best=-6.791152477264404, f_min=-8.193971299640907
2025-05-02 02:17:52,519 - INFO - Node 10: k=277.8444555538473, f_best=-5.192444801330566, f_min=-9.218791071341911
2025-05-02 02:17:52,519 - INFO - Node 11: k=318.0386600661607, f_best=-6.82624626159668, f_min=-11.132768205250613
2025-05-02 02:17:52,519 - INFO - Node 12: k=374.492348049515, f_best=-5.1805419921875, f_min=-11.09180333079712
2025-05-02 02:17:52,519 - INFO - Node 13: k=226.75308607103412, f_best=-6.849461555480957, f_min=-9.042918741761241
2025-05-02 02:17:52,519 - INFO - Node 14: k=289.1260546056003, f_best=-5.19130802154541, f_min=-6.539002539766443
2025-05-02 02:17:52,519 - INFO - Node 15: k=275.09352035034385, f_best=-6.868271827697754, f_min=-6.937295305962834
2025-05-02 02:17:52,519 - INFO - cur_node_number 30,f_best -6.868271827697754,f_min -6.937295305962834,k 275.09352035034385
2025-05-02 02:17:52,519 - INFO - f_best_current -6.868271827697754,f_min -6.937295305962834
2025-05-02 02:17:52,519 - INFO - 结束,fmin= -6.937295305962834, fbestmin=-6.868271827697754
