2025-04-28 22:48:42,529 - INFO - Namespace(log_file='outputs/dnn1/img[1]/max/DNN1img1_label3.log', image_path='img[1].png', model_path='network/DNN1.pth', label=3, init_epsilon=0.05, epsilon=0.01, ep=1, min=0)
2025-04-28 22:48:42,545 - INFO - Model output max(1): torch.return_types.max(
values=tensor([6.5631], grad_fn=<MaxBackward0>),
indices=tensor([1]))
2025-04-28 22:48:46,718 - INFO - cur_node_number 1,f_best -4.855080604553223,f_min -8.24622842937606,k 1261.0658781456057
2025-04-28 22:48:46,718 - INFO - f_best_current -4.855080604553223,f_min -8.24622842937606
2025-04-28 22:48:55,151 - INFO - tree_node.f_best*ep:-4.855080604553223,left_f_best-3.905648708343506,right_f_best-4.835026264190674,i:1
2025-04-28 22:49:03,951 - INFO - tree_node.f_best*ep:-4.855080604553223,left_f_best-3.9379658699035645,right_f_best-4.875110626220703,i:2
2025-04-28 22:49:27,776 - INFO - 添加左子节点，右子节点，len(queue):2
2025-04-28 22:49:27,776 - INFO - Node 1: k=1261.0658781456057, f_best=-4.855080604553223, f_min=-8.24622842937606
2025-04-28 22:49:27,776 - INFO - Node 2: k=164.40336730781064, f_best=-3.9379658699035645, f_min=-6.040068744022847
2025-04-28 22:49:27,776 - INFO - Node 3: k=195.52176791311012, f_best=-4.875110626220703, f_min=-6.990963484342046
2025-04-28 22:49:27,776 - INFO - cur_node_number 2,f_best -4.875110626220703,f_min -6.990963484342046,k 195.52176791311012
2025-04-28 22:49:27,776 - INFO - f_best_current -4.875110626220703,f_min -6.990963484342046
2025-04-28 22:49:36,239 - INFO - tree_node.f_best*ep:-4.875110626220703,left_f_best-3.8921265602111816,right_f_best-4.8612799644470215,i:1
2025-04-28 22:49:44,843 - INFO - tree_node.f_best*ep:-4.875110626220703,left_f_best-3.941174030303955,right_f_best-4.877982139587402,i:2
2025-04-28 22:50:08,676 - INFO - 添加左子节点，右子节点，len(queue):3
2025-04-28 22:50:08,677 - INFO - Node 1: k=1261.0658781456057, f_best=-4.855080604553223, f_min=-8.24622842937606
2025-04-28 22:50:08,677 - INFO - Node 2: k=164.40336730781064, f_best=-3.9379658699035645, f_min=-6.040068744022847
2025-04-28 22:50:08,677 - INFO - Node 3: k=195.52176791311012, f_best=-4.875110626220703, f_min=-6.990963484342046
2025-04-28 22:50:08,677 - INFO - Node 4: k=128.19655774854658, f_best=-3.941174030303955, f_min=-4.174082128776263
2025-04-28 22:50:08,677 - INFO - Node 5: k=312.1042504793018, f_best=-4.877982139587402, f_min=-12.511353957736901
2025-04-28 22:50:08,677 - INFO - cur_node_number 3,f_best -4.877982139587402,f_min -12.511353957736901,k 312.1042504793018
2025-04-28 22:50:08,677 - INFO - f_best_current -4.877982139587402,f_min -12.511353957736901
2025-04-28 22:50:08,677 - INFO - 回退,len(queue)=1
2025-04-28 22:50:17,067 - INFO - tree_node.f_best*ep:-4.875110626220703,left_f_best-3.9155192375183105,right_f_best-4.8414435386657715,i:1
2025-04-28 22:50:25,811 - INFO - tree_node.f_best*ep:-4.875110626220703,left_f_best-3.9464211463928223,right_f_best-4.857650279998779,i:2
2025-04-28 22:50:34,954 - INFO - tree_node.f_best*ep:-4.875110626220703,left_f_best-3.9394960403442383,right_f_best-4.876623630523682,i:3
2025-04-28 22:51:10,354 - INFO - 添加左子节点，右子节点，len(queue):3
2025-04-28 22:51:10,354 - INFO - Node 1: k=1261.0658781456057, f_best=-4.855080604553223, f_min=-8.24622842937606
2025-04-28 22:51:10,354 - INFO - Node 2: k=164.40336730781064, f_best=-3.9379658699035645, f_min=-6.040068744022847
2025-04-28 22:51:10,354 - INFO - Node 3: k=312.1042504793018, f_best=-4.875110626220703, f_min=-6.990963484342046
2025-04-28 22:51:10,354 - INFO - Node 4: k=542.5947188864791, f_best=-3.9394960403442383, f_min=-19.172250644027372
2025-04-28 22:51:10,354 - INFO - Node 5: k=698.7647038023617, f_best=-4.876623630523682, f_min=-6.812179337955968
2025-04-28 22:51:10,354 - INFO - cur_node_number 4,f_best -4.876623630523682,f_min -6.812179337955968,k 698.7647038023617
2025-04-28 22:51:10,354 - INFO - f_best_current -4.876623630523682,f_min -6.812179337955968
2025-04-28 22:51:10,354 - INFO - 回退,len(queue)=1
2025-04-28 22:51:18,712 - INFO - tree_node.f_best*ep:-4.875110626220703,left_f_best-3.9137721061706543,right_f_best-4.844261646270752,i:1
2025-04-28 22:51:27,491 - INFO - tree_node.f_best*ep:-4.875110626220703,left_f_best-3.918081760406494,right_f_best-4.889621257781982,i:2
2025-04-28 22:51:50,971 - INFO - 添加左子节点，右子节点，len(queue):3
2025-04-28 22:51:50,971 - INFO - Node 1: k=1261.0658781456057, f_best=-4.855080604553223, f_min=-8.24622842937606
2025-04-28 22:51:50,971 - INFO - Node 2: k=164.40336730781064, f_best=-3.9379658699035645, f_min=-6.040068744022847
2025-04-28 22:51:50,971 - INFO - Node 3: k=698.7647038023617, f_best=-4.875110626220703, f_min=-6.990963484342046
2025-04-28 22:51:50,971 - INFO - Node 4: k=208.74865180604624, f_best=-3.918081760406494, f_min=-6.7055626402834605
2025-04-28 22:51:50,971 - INFO - Node 5: k=152.46170453699781, f_best=-4.889621257781982, f_min=-5.795929905958928
2025-04-28 22:51:50,971 - INFO - cur_node_number 5,f_best -4.889621257781982,f_min -5.795929905958928,k 152.46170453699781
2025-04-28 22:51:50,971 - INFO - f_best_current -4.889621257781982,f_min -5.795929905958928
2025-04-28 22:51:59,517 - INFO - tree_node.f_best*ep:-4.889621257781982,left_f_best-3.9200620651245117,right_f_best-4.881645679473877,i:1
2025-04-28 22:52:08,455 - INFO - tree_node.f_best*ep:-4.889621257781982,left_f_best-3.91445255279541,right_f_best-4.8937296867370605,i:2
2025-04-28 22:52:35,487 - INFO - 添加左子节点，右子节点，len(queue):4
2025-04-28 22:52:35,487 - INFO - Node 1: k=1261.0658781456057, f_best=-4.855080604553223, f_min=-8.24622842937606
2025-04-28 22:52:35,487 - INFO - Node 2: k=164.40336730781064, f_best=-3.9379658699035645, f_min=-6.040068744022847
2025-04-28 22:52:35,487 - INFO - Node 3: k=698.7647038023617, f_best=-4.875110626220703, f_min=-6.990963484342046
2025-04-28 22:52:35,487 - INFO - Node 4: k=208.74865180604624, f_best=-3.918081760406494, f_min=-6.7055626402834605
2025-04-28 22:52:35,487 - INFO - Node 5: k=152.46170453699781, f_best=-4.889621257781982, f_min=-5.795929905958928
2025-04-28 22:52:35,487 - INFO - Node 6: k=386.8555695957205, f_best=-3.91445255279541, f_min=-14.4557943126174
2025-04-28 22:52:35,487 - INFO - Node 7: k=175.2507978715324, f_best=-4.8937296867370605, f_min=-6.661951195873371
2025-04-28 22:52:35,487 - INFO - cur_node_number 6,f_best -4.8937296867370605,f_min -6.661951195873371,k 175.2507978715324
2025-04-28 22:52:35,487 - INFO - f_best_current -4.8937296867370605,f_min -6.661951195873371
2025-04-28 22:52:35,487 - INFO - 回退,len(queue)=2
2025-04-28 22:52:43,700 - INFO - tree_node.f_best*ep:-4.889621257781982,left_f_best-3.922659397125244,right_f_best-4.836477756500244,i:1
2025-04-28 22:52:52,414 - INFO - tree_node.f_best*ep:-4.889621257781982,left_f_best-3.9344401359558105,right_f_best-4.863722324371338,i:2
2025-04-28 22:53:01,658 - INFO - tree_node.f_best*ep:-4.889621257781982,left_f_best-3.943052291870117,right_f_best-4.882693767547607,i:3
2025-04-28 22:53:11,430 - INFO - tree_node.f_best*ep:-4.889621257781982,left_f_best-3.956204414367676,right_f_best-4.8924880027771,i:4
2025-04-28 22:53:41,010 - INFO - 添加左子节点，右子节点，len(queue):4
2025-04-28 22:53:41,010 - INFO - Node 1: k=1261.0658781456057, f_best=-4.855080604553223, f_min=-8.24622842937606
2025-04-28 22:53:41,010 - INFO - Node 2: k=164.40336730781064, f_best=-3.9379658699035645, f_min=-6.040068744022847
2025-04-28 22:53:41,010 - INFO - Node 3: k=698.7647038023617, f_best=-4.875110626220703, f_min=-6.990963484342046
2025-04-28 22:53:41,010 - INFO - Node 4: k=208.74865180604624, f_best=-3.918081760406494, f_min=-6.7055626402834605
2025-04-28 22:53:41,010 - INFO - Node 5: k=175.2507978715324, f_best=-4.889621257781982, f_min=-5.795929905958928
2025-04-28 22:53:41,010 - INFO - Node 6: k=570.2725026808738, f_best=-3.956204414367676, f_min=-6.178594814713506
2025-04-28 22:53:41,010 - INFO - Node 7: k=215.97767083633593, f_best=-4.8924880027771, f_min=-8.97337273850053
2025-04-28 22:53:41,010 - INFO - cur_node_number 7,f_best -4.8924880027771,f_min -8.97337273850053,k 215.97767083633593
2025-04-28 22:53:41,010 - INFO - f_best_current -4.8924880027771,f_min -8.97337273850053
2025-04-28 22:53:41,010 - INFO - 回退,len(queue)=2
2025-04-28 22:53:49,449 - INFO - tree_node.f_best*ep:-4.889621257781982,left_f_best-3.9161887168884277,right_f_best-4.863766670227051,i:1
2025-04-28 22:53:58,429 - INFO - tree_node.f_best*ep:-4.889621257781982,left_f_best-3.925050735473633,right_f_best-4.871111869812012,i:2
2025-04-28 22:54:07,788 - INFO - tree_node.f_best*ep:-4.889621257781982,left_f_best-3.95503568649292,right_f_best-4.854101181030273,i:3
2025-04-28 22:54:17,337 - INFO - tree_node.f_best*ep:-4.889621257781982,left_f_best-3.9429469108581543,right_f_best-4.89439058303833,i:4
2025-04-28 22:54:46,019 - INFO - 添加左子节点，右子节点，len(queue):4
2025-04-28 22:54:46,019 - INFO - Node 1: k=1261.0658781456057, f_best=-4.855080604553223, f_min=-8.24622842937606
2025-04-28 22:54:46,019 - INFO - Node 2: k=164.40336730781064, f_best=-3.9379658699035645, f_min=-6.040068744022847
2025-04-28 22:54:46,019 - INFO - Node 3: k=698.7647038023617, f_best=-4.875110626220703, f_min=-6.990963484342046
2025-04-28 22:54:46,019 - INFO - Node 4: k=208.74865180604624, f_best=-3.918081760406494, f_min=-6.7055626402834605
2025-04-28 22:54:46,019 - INFO - Node 5: k=215.97767083633593, f_best=-4.889621257781982, f_min=-5.795929905958928
2025-04-28 22:54:46,019 - INFO - Node 6: k=159.5682885950908, f_best=-3.9429469108581543, f_min=-8.874360912782777
2025-04-28 22:54:46,035 - INFO - Node 7: k=347.66064089199705, f_best=-4.89439058303833, f_min=-13.234390204396732
2025-04-28 22:54:46,035 - INFO - cur_node_number 8,f_best -4.89439058303833,f_min -13.234390204396732,k 347.66064089199705
2025-04-28 22:54:46,035 - INFO - f_best_current -4.89439058303833,f_min -13.234390204396732
2025-04-28 22:54:46,035 - INFO - 回退,len(queue)=2
2025-04-28 22:54:54,422 - INFO - tree_node.f_best*ep:-4.889621257781982,left_f_best-3.929067611694336,right_f_best-4.821794033050537,i:1
2025-04-28 22:55:03,236 - INFO - tree_node.f_best*ep:-4.889621257781982,left_f_best-3.926319122314453,right_f_best-4.870254039764404,i:2
2025-04-28 22:55:12,419 - INFO - tree_node.f_best*ep:-4.889621257781982,left_f_best-3.9450325965881348,right_f_best-4.871662139892578,i:3
2025-04-28 22:55:22,020 - INFO - tree_node.f_best*ep:-4.889621257781982,left_f_best-3.9379801750183105,right_f_best-4.876314640045166,i:4
2025-04-28 22:55:32,224 - INFO - tree_node.f_best*ep:-4.889621257781982,left_f_best-3.959545612335205,right_f_best-4.879851341247559,i:5
2025-04-28 22:55:42,764 - INFO - tree_node.f_best*ep:-4.889621257781982,left_f_best-3.9720726013183594,right_f_best-4.880992412567139,i:6
2025-04-28 22:55:53,599 - INFO - tree_node.f_best*ep:-4.889621257781982,left_f_best-3.9675612449645996,right_f_best-4.925692558288574,i:7
2025-04-28 22:56:16,664 - INFO - 添加左子节点，右子节点，len(queue):4
2025-04-28 22:56:16,664 - INFO - Node 1: k=1261.0658781456057, f_best=-4.855080604553223, f_min=-8.24622842937606
2025-04-28 22:56:16,664 - INFO - Node 2: k=164.40336730781064, f_best=-3.9379658699035645, f_min=-6.040068744022847
2025-04-28 22:56:16,664 - INFO - Node 3: k=698.7647038023617, f_best=-4.875110626220703, f_min=-6.990963484342046
2025-04-28 22:56:16,664 - INFO - Node 4: k=208.74865180604624, f_best=-3.918081760406494, f_min=-6.7055626402834605
2025-04-28 22:56:16,664 - INFO - Node 5: k=347.66064089199705, f_best=-4.889621257781982, f_min=-5.795929905958928
2025-04-28 22:56:16,664 - INFO - Node 6: k=181.60359702031272, f_best=-3.9675612449645996, f_min=-4.910990140247577
2025-04-28 22:56:16,664 - INFO - Node 7: k=182.36668302081608, f_best=-4.925692558288574, f_min=-6.67715629527811
2025-04-28 22:56:16,664 - INFO - cur_node_number 9,f_best -4.925692558288574,f_min -6.67715629527811,k 182.36668302081608
2025-04-28 22:56:16,664 - INFO - f_best_current -4.925692558288574,f_min -6.67715629527811
2025-04-28 22:56:25,226 - INFO - tree_node.f_best*ep:-4.925692558288574,left_f_best-3.926535129547119,right_f_best-4.861830234527588,i:1
2025-04-28 22:56:34,185 - INFO - tree_node.f_best*ep:-4.925692558288574,left_f_best-3.9262595176696777,right_f_best-4.883294582366943,i:2
2025-04-28 22:56:43,495 - INFO - tree_node.f_best*ep:-4.925692558288574,left_f_best-3.9400877952575684,right_f_best-4.8890557289123535,i:3
2025-04-28 22:56:53,094 - INFO - tree_node.f_best*ep:-4.925692558288574,left_f_best-3.962709903717041,right_f_best-4.901839256286621,i:4
2025-04-28 22:57:03,099 - INFO - tree_node.f_best*ep:-4.925692558288574,left_f_best-3.9685282707214355,right_f_best-4.894316673278809,i:5
2025-04-28 22:57:13,426 - INFO - tree_node.f_best*ep:-4.925692558288574,left_f_best-3.9727425575256348,right_f_best-4.916398525238037,i:6
2025-04-28 22:57:24,354 - INFO - tree_node.f_best*ep:-4.925692558288574,left_f_best-3.9782419204711914,right_f_best-4.925968170166016,i:7
2025-04-28 22:57:51,350 - INFO - 添加左子节点，右子节点，len(queue):5
2025-04-28 22:57:51,350 - INFO - Node 1: k=1261.0658781456057, f_best=-4.855080604553223, f_min=-8.24622842937606
2025-04-28 22:57:51,350 - INFO - Node 2: k=164.40336730781064, f_best=-3.9379658699035645, f_min=-6.040068744022847
2025-04-28 22:57:51,350 - INFO - Node 3: k=698.7647038023617, f_best=-4.875110626220703, f_min=-6.990963484342046
2025-04-28 22:57:51,350 - INFO - Node 4: k=208.74865180604624, f_best=-3.918081760406494, f_min=-6.7055626402834605
2025-04-28 22:57:51,350 - INFO - Node 5: k=347.66064089199705, f_best=-4.889621257781982, f_min=-5.795929905958928
2025-04-28 22:57:51,350 - INFO - Node 6: k=181.60359702031272, f_best=-3.9675612449645996, f_min=-4.910990140247577
2025-04-28 22:57:51,350 - INFO - Node 7: k=182.36668302081608, f_best=-4.925692558288574, f_min=-6.67715629527811
2025-04-28 22:57:51,350 - INFO - Node 8: k=476.75768604828676, f_best=-3.9782419204711914, f_min=-16.650286776423854
2025-04-28 22:57:51,350 - INFO - Node 9: k=138.02159220760018, f_best=-4.925968170166016, f_min=-5.055936528071015
2025-04-28 22:57:51,350 - INFO - cur_node_number 10,f_best -4.925968170166016,f_min -5.055936528071015,k 138.02159220760018
2025-04-28 22:57:51,350 - INFO - f_best_current -4.925968170166016,f_min -5.055936528071015
2025-04-28 22:57:59,562 - INFO - tree_node.f_best*ep:-4.925968170166016,left_f_best-3.9260196685791016,right_f_best-4.866986274719238,i:1
2025-04-28 22:58:08,108 - INFO - tree_node.f_best*ep:-4.925968170166016,left_f_best-3.92751407623291,right_f_best-4.873215198516846,i:2
2025-04-28 22:58:17,326 - INFO - tree_node.f_best*ep:-4.925968170166016,left_f_best-3.9429073333740234,right_f_best-4.875883102416992,i:3
2025-04-28 22:58:27,080 - INFO - tree_node.f_best*ep:-4.925968170166016,left_f_best-3.9565906524658203,right_f_best-4.9053635597229,i:4
2025-04-28 22:58:37,328 - INFO - tree_node.f_best*ep:-4.925968170166016,left_f_best-3.952075481414795,right_f_best-4.883871078491211,i:5
2025-04-28 22:58:47,924 - INFO - tree_node.f_best*ep:-4.925968170166016,left_f_best-3.9687609672546387,right_f_best-4.910548686981201,i:6
2025-04-28 22:58:58,804 - INFO - tree_node.f_best*ep:-4.925968170166016,left_f_best-3.962008476257324,right_f_best-4.886411190032959,i:7
2025-04-28 22:59:09,525 - INFO - tree_node.f_best*ep:-4.925968170166016,left_f_best-3.9677863121032715,right_f_best-4.9256272315979,i:8
2025-04-28 22:59:20,536 - INFO - tree_node.f_best*ep:-4.925968170166016,left_f_best-3.983060836791992,right_f_best-4.931210041046143,i:9
2025-04-28 22:59:45,647 - INFO - 添加左子节点，右子节点，len(queue):6
2025-04-28 22:59:45,647 - INFO - Node 1: k=1261.0658781456057, f_best=-4.855080604553223, f_min=-8.24622842937606
2025-04-28 22:59:45,647 - INFO - Node 2: k=164.40336730781064, f_best=-3.9379658699035645, f_min=-6.040068744022847
2025-04-28 22:59:45,647 - INFO - Node 3: k=698.7647038023617, f_best=-4.875110626220703, f_min=-6.990963484342046
2025-04-28 22:59:45,647 - INFO - Node 4: k=208.74865180604624, f_best=-3.918081760406494, f_min=-6.7055626402834605
2025-04-28 22:59:45,647 - INFO - Node 5: k=347.66064089199705, f_best=-4.889621257781982, f_min=-5.795929905958928
2025-04-28 22:59:45,647 - INFO - Node 6: k=181.60359702031272, f_best=-3.9675612449645996, f_min=-4.910990140247577
2025-04-28 22:59:45,647 - INFO - Node 7: k=182.36668302081608, f_best=-4.925692558288574, f_min=-6.67715629527811
2025-04-28 22:59:45,647 - INFO - Node 8: k=476.75768604828676, f_best=-3.9782419204711914, f_min=-16.650286776423854
2025-04-28 22:59:45,647 - INFO - Node 9: k=138.02159220760018, f_best=-4.925968170166016, f_min=-5.055936528071015
2025-04-28 22:59:45,647 - INFO - Node 10: k=198.61717952762157, f_best=-3.983060836791992, f_min=-6.658730108338659
2025-04-28 22:59:45,647 - INFO - Node 11: k=285.3693455277746, f_best=-4.931210041046143, f_min=-10.898135801214266
2025-04-28 22:59:45,647 - INFO - cur_node_number 11,f_best -4.931210041046143,f_min -10.898135801214266,k 285.3693455277746
2025-04-28 22:59:45,647 - INFO - f_best_current -4.931210041046143,f_min -10.898135801214266
2025-04-28 22:59:45,647 - INFO - 回退,len(queue)=4
2025-04-28 22:59:45,647 - INFO - 回退,len(queue)=3
2025-04-28 22:59:53,505 - INFO - tree_node.f_best*ep:-4.925692558288574,left_f_best-3.902280807495117,right_f_best-4.8717522621154785,i:1
2025-04-28 23:00:01,781 - INFO - tree_node.f_best*ep:-4.925692558288574,left_f_best-3.932260036468506,right_f_best-4.8874430656433105,i:2
2025-04-28 23:00:10,462 - INFO - tree_node.f_best*ep:-4.925692558288574,left_f_best-3.9240174293518066,right_f_best-4.875975131988525,i:3
2025-04-28 23:00:19,449 - INFO - tree_node.f_best*ep:-4.925692558288574,left_f_best-3.9267868995666504,right_f_best-4.8994317054748535,i:4
2025-04-28 23:00:28,710 - INFO - tree_node.f_best*ep:-4.925692558288574,left_f_best-3.955355644226074,right_f_best-4.88164758682251,i:5
2025-04-28 23:00:38,508 - INFO - tree_node.f_best*ep:-4.925692558288574,left_f_best-3.959834575653076,right_f_best-4.908839702606201,i:6
2025-04-28 23:00:48,670 - INFO - tree_node.f_best*ep:-4.925692558288574,left_f_best-3.9635868072509766,right_f_best-4.916463375091553,i:7
2025-04-28 23:00:59,345 - INFO - tree_node.f_best*ep:-4.925692558288574,left_f_best-3.9633030891418457,right_f_best-4.930285930633545,i:8
2025-04-28 23:01:23,066 - INFO - 添加左子节点，右子节点，len(queue):5
2025-04-28 23:01:23,066 - INFO - Node 1: k=1261.0658781456057, f_best=-4.855080604553223, f_min=-8.24622842937606
2025-04-28 23:01:23,066 - INFO - Node 2: k=164.40336730781064, f_best=-3.9379658699035645, f_min=-6.040068744022847
2025-04-28 23:01:23,066 - INFO - Node 3: k=698.7647038023617, f_best=-4.875110626220703, f_min=-6.990963484342046
2025-04-28 23:01:23,066 - INFO - Node 4: k=208.74865180604624, f_best=-3.918081760406494, f_min=-6.7055626402834605
2025-04-28 23:01:23,066 - INFO - Node 5: k=347.66064089199705, f_best=-4.889621257781982, f_min=-5.795929905958928
2025-04-28 23:01:23,066 - INFO - Node 6: k=181.60359702031272, f_best=-3.9675612449645996, f_min=-4.910990140247577
2025-04-28 23:01:23,066 - INFO - Node 7: k=285.3693455277746, f_best=-4.925692558288574, f_min=-6.67715629527811
2025-04-28 23:01:23,066 - INFO - Node 8: k=204.63547868448802, f_best=-3.9633030891418457, f_min=-6.9271346176542465
2025-04-28 23:01:23,066 - INFO - Node 9: k=231.55729616936694, f_best=-4.930285930633545, f_min=-9.482577713040882
2025-04-28 23:01:23,066 - INFO - cur_node_number 12,f_best -4.930285930633545,f_min -9.482577713040882,k 231.55729616936694
2025-04-28 23:01:23,066 - INFO - f_best_current -4.930285930633545,f_min -9.482577713040882
2025-04-28 23:01:30,971 - INFO - tree_node.f_best*ep:-4.930285930633545,left_f_best-3.9093947410583496,right_f_best-4.873773574829102,i:1
2025-04-28 23:01:39,270 - INFO - tree_node.f_best*ep:-4.930285930633545,left_f_best-3.9357056617736816,right_f_best-4.877597332000732,i:2
2025-04-28 23:01:47,849 - INFO - tree_node.f_best*ep:-4.930285930633545,left_f_best-3.937915802001953,right_f_best-4.900448799133301,i:3
2025-04-28 23:01:56,872 - INFO - tree_node.f_best*ep:-4.930285930633545,left_f_best-3.9464268684387207,right_f_best-4.9025983810424805,i:4
2025-04-28 23:02:06,148 - INFO - tree_node.f_best*ep:-4.930285930633545,left_f_best-3.957024574279785,right_f_best-4.903103828430176,i:5
2025-04-28 23:02:16,024 - INFO - tree_node.f_best*ep:-4.930285930633545,left_f_best-3.964193820953369,right_f_best-4.902528285980225,i:6
2025-04-28 23:02:26,587 - INFO - tree_node.f_best*ep:-4.930285930633545,left_f_best-3.973252773284912,right_f_best-4.882344722747803,i:7
2025-04-28 23:02:37,223 - INFO - tree_node.f_best*ep:-4.930285930633545,left_f_best-3.9775843620300293,right_f_best-4.9181599617004395,i:8
2025-04-28 23:02:48,245 - INFO - tree_node.f_best*ep:-4.930285930633545,left_f_best-3.975371837615967,right_f_best-4.923193454742432,i:9
2025-04-28 23:02:59,810 - INFO - tree_node.f_best*ep:-4.930285930633545,left_f_best-3.9698281288146973,right_f_best-4.921400547027588,i:10
2025-04-28 23:03:11,580 - INFO - tree_node.f_best*ep:-4.930285930633545,left_f_best-3.98721981048584,right_f_best-4.926177501678467,i:11
2025-04-28 23:03:23,518 - INFO - tree_node.f_best*ep:-4.930285930633545,left_f_best-3.982896327972412,right_f_best-4.930285930633545,i:12
2025-04-28 23:03:50,322 - INFO - 添加左子节点，右子节点，len(queue):6
2025-04-28 23:03:50,322 - INFO - Node 1: k=1261.0658781456057, f_best=-4.855080604553223, f_min=-8.24622842937606
2025-04-28 23:03:50,322 - INFO - Node 2: k=164.40336730781064, f_best=-3.9379658699035645, f_min=-6.040068744022847
2025-04-28 23:03:50,322 - INFO - Node 3: k=698.7647038023617, f_best=-4.875110626220703, f_min=-6.990963484342046
2025-04-28 23:03:50,322 - INFO - Node 4: k=208.74865180604624, f_best=-3.918081760406494, f_min=-6.7055626402834605
2025-04-28 23:03:50,322 - INFO - Node 5: k=347.66064089199705, f_best=-4.889621257781982, f_min=-5.795929905958928
2025-04-28 23:03:50,322 - INFO - Node 6: k=181.60359702031272, f_best=-3.9675612449645996, f_min=-4.910990140247577
2025-04-28 23:03:50,322 - INFO - Node 7: k=285.3693455277746, f_best=-4.925692558288574, f_min=-6.67715629527811
2025-04-28 23:03:50,322 - INFO - Node 8: k=204.63547868448802, f_best=-3.9633030891418457, f_min=-6.9271346176542465
2025-04-28 23:03:50,322 - INFO - Node 9: k=231.55729616936694, f_best=-4.930285930633545, f_min=-9.482577713040882
2025-04-28 23:03:50,322 - INFO - Node 10: k=383.02531643140645, f_best=-3.982896327972412, f_min=-13.977421863100062
2025-04-28 23:03:50,322 - INFO - Node 11: k=250.7433708941064, f_best=-4.930285930633545, f_min=-12.125037692546812
2025-04-28 23:03:50,322 - INFO - cur_node_number 13,f_best -4.930285930633545,f_min -12.125037692546812,k 250.7433708941064
2025-04-28 23:03:50,322 - INFO - f_best_current -4.930285930633545,f_min -12.125037692546812
2025-04-28 23:03:50,322 - INFO - 回退,len(queue)=4
2025-04-28 23:03:58,105 - INFO - tree_node.f_best*ep:-4.930285930633545,left_f_best-3.920482635498047,right_f_best-4.864075183868408,i:1
2025-04-28 23:04:06,172 - INFO - tree_node.f_best*ep:-4.930285930633545,left_f_best-3.9502053260803223,right_f_best-4.87955904006958,i:2
2025-04-28 23:04:14,857 - INFO - tree_node.f_best*ep:-4.930285930633545,left_f_best-3.933584690093994,right_f_best-4.851953983306885,i:3
2025-04-28 23:04:23,994 - INFO - tree_node.f_best*ep:-4.930285930633545,left_f_best-3.9436841011047363,right_f_best-4.859852313995361,i:4
2025-04-28 23:04:33,559 - INFO - tree_node.f_best*ep:-4.930285930633545,left_f_best-3.9553184509277344,right_f_best-4.862118244171143,i:5
2025-04-28 23:04:43,480 - INFO - tree_node.f_best*ep:-4.930285930633545,left_f_best-3.9726057052612305,right_f_best-4.911893367767334,i:6
2025-04-28 23:04:53,901 - INFO - tree_node.f_best*ep:-4.930285930633545,left_f_best-3.9785966873168945,right_f_best-4.9219069480896,i:7
2025-04-28 23:05:04,617 - INFO - tree_node.f_best*ep:-4.930285930633545,left_f_best-3.9647927284240723,right_f_best-4.922318935394287,i:8
2025-04-28 23:05:15,530 - INFO - tree_node.f_best*ep:-4.930285930633545,left_f_best-3.9792723655700684,right_f_best-4.925260543823242,i:9
2025-04-28 23:05:27,003 - INFO - tree_node.f_best*ep:-4.930285930633545,left_f_best-3.97825288772583,right_f_best-4.926699161529541,i:10
2025-04-28 23:05:38,784 - INFO - tree_node.f_best*ep:-4.930285930633545,left_f_best-3.9888014793395996,right_f_best-4.938945770263672,i:11
2025-04-28 23:06:02,003 - INFO - 添加左子节点，右子节点，len(queue):6
2025-04-28 23:06:02,003 - INFO - Node 1: k=1261.0658781456057, f_best=-4.855080604553223, f_min=-8.24622842937606
2025-04-28 23:06:02,003 - INFO - Node 2: k=164.40336730781064, f_best=-3.9379658699035645, f_min=-6.040068744022847
2025-04-28 23:06:02,003 - INFO - Node 3: k=698.7647038023617, f_best=-4.875110626220703, f_min=-6.990963484342046
2025-04-28 23:06:02,003 - INFO - Node 4: k=208.74865180604624, f_best=-3.918081760406494, f_min=-6.7055626402834605
2025-04-28 23:06:02,003 - INFO - Node 5: k=347.66064089199705, f_best=-4.889621257781982, f_min=-5.795929905958928
2025-04-28 23:06:02,003 - INFO - Node 6: k=181.60359702031272, f_best=-3.9675612449645996, f_min=-4.910990140247577
2025-04-28 23:06:02,003 - INFO - Node 7: k=285.3693455277746, f_best=-4.925692558288574, f_min=-6.67715629527811
2025-04-28 23:06:02,003 - INFO - Node 8: k=204.63547868448802, f_best=-3.9633030891418457, f_min=-6.9271346176542465
2025-04-28 23:06:02,003 - INFO - Node 9: k=250.7433708941064, f_best=-4.930285930633545, f_min=-9.482577713040882
2025-04-28 23:06:02,003 - INFO - Node 10: k=360.82717432594126, f_best=-3.9888014793395996, f_min=-12.368961696990482
2025-04-28 23:06:02,003 - INFO - Node 11: k=109.7881421845537, f_best=-4.938945770263672, f_min=-5.383829157141008
2025-04-28 23:06:02,003 - INFO - cur_node_number 14,f_best -4.938945770263672,f_min -5.383829157141008,k 109.7881421845537
2025-04-28 23:06:02,003 - INFO - f_best_current -4.938945770263672,f_min -5.383829157141008
2025-04-28 23:06:09,979 - INFO - tree_node.f_best*ep:-4.938945770263672,left_f_best-3.9125351905822754,right_f_best-4.865106105804443,i:1
2025-04-28 23:06:18,182 - INFO - tree_node.f_best*ep:-4.938945770263672,left_f_best-3.9330368041992188,right_f_best-4.8549065589904785,i:2
2025-04-28 23:06:26,592 - INFO - tree_node.f_best*ep:-4.938945770263672,left_f_best-3.939115524291992,right_f_best-4.879618167877197,i:3
2025-04-28 23:06:35,422 - INFO - tree_node.f_best*ep:-4.938945770263672,left_f_best-3.9469528198242188,right_f_best-4.889119625091553,i:4
2025-04-28 23:06:44,969 - INFO - tree_node.f_best*ep:-4.938945770263672,left_f_best-3.9521141052246094,right_f_best-4.918350696563721,i:5
2025-04-28 23:06:55,046 - INFO - tree_node.f_best*ep:-4.938945770263672,left_f_best-3.9696555137634277,right_f_best-4.913032054901123,i:6
2025-04-28 23:07:05,526 - INFO - tree_node.f_best*ep:-4.938945770263672,left_f_best-3.967857837677002,right_f_best-4.885787487030029,i:7
2025-04-28 23:07:16,324 - INFO - tree_node.f_best*ep:-4.938945770263672,left_f_best-3.982088088989258,right_f_best-4.891456127166748,i:8
2025-04-28 23:07:27,252 - INFO - tree_node.f_best*ep:-4.938945770263672,left_f_best-3.9714207649230957,right_f_best-4.928783893585205,i:9
2025-04-28 23:07:38,527 - INFO - tree_node.f_best*ep:-4.938945770263672,left_f_best-3.9852633476257324,right_f_best-4.928269863128662,i:10
2025-04-28 23:07:50,583 - INFO - tree_node.f_best*ep:-4.938945770263672,left_f_best-3.9802651405334473,right_f_best-4.935460567474365,i:11
2025-04-28 23:08:03,062 - INFO - tree_node.f_best*ep:-4.938945770263672,left_f_best-3.9747705459594727,right_f_best-4.938945770263672,i:12
2025-04-28 23:08:25,499 - INFO - 添加左子节点，右子节点，len(queue):7
2025-04-28 23:08:25,499 - INFO - Node 1: k=1261.0658781456057, f_best=-4.855080604553223, f_min=-8.24622842937606
2025-04-28 23:08:25,499 - INFO - Node 2: k=164.40336730781064, f_best=-3.9379658699035645, f_min=-6.040068744022847
2025-04-28 23:08:25,499 - INFO - Node 3: k=698.7647038023617, f_best=-4.875110626220703, f_min=-6.990963484342046
2025-04-28 23:08:25,499 - INFO - Node 4: k=208.74865180604624, f_best=-3.918081760406494, f_min=-6.7055626402834605
2025-04-28 23:08:25,499 - INFO - Node 5: k=347.66064089199705, f_best=-4.889621257781982, f_min=-5.795929905958928
2025-04-28 23:08:25,499 - INFO - Node 6: k=181.60359702031272, f_best=-3.9675612449645996, f_min=-4.910990140247577
2025-04-28 23:08:25,499 - INFO - Node 7: k=285.3693455277746, f_best=-4.925692558288574, f_min=-6.67715629527811
2025-04-28 23:08:25,499 - INFO - Node 8: k=204.63547868448802, f_best=-3.9633030891418457, f_min=-6.9271346176542465
2025-04-28 23:08:25,499 - INFO - Node 9: k=250.7433708941064, f_best=-4.930285930633545, f_min=-9.482577713040882
2025-04-28 23:08:25,499 - INFO - Node 10: k=360.82717432594126, f_best=-3.9888014793395996, f_min=-12.368961696990482
2025-04-28 23:08:25,499 - INFO - Node 11: k=109.7881421845537, f_best=-4.938945770263672, f_min=-5.383829157141008
2025-04-28 23:08:25,499 - INFO - Node 12: k=217.22468415146545, f_best=-3.9747705459594727, f_min=-8.126110627129037
2025-04-28 23:08:25,499 - INFO - Node 13: k=161.1639714810417, f_best=-4.938945770263672, f_min=-7.182628295614904
2025-04-28 23:08:25,499 - INFO - cur_node_number 15,f_best -4.938945770263672,f_min -7.182628295614904,k 161.1639714810417
2025-04-28 23:08:25,499 - INFO - f_best_current -4.938945770263672,f_min -7.182628295614904
2025-04-28 23:08:25,499 - INFO - 回退,len(queue)=5
2025-04-28 23:08:33,307 - INFO - tree_node.f_best*ep:-4.938945770263672,left_f_best-3.9190430641174316,right_f_best-4.870392322540283,i:1
2025-04-28 23:08:41,585 - INFO - tree_node.f_best*ep:-4.938945770263672,left_f_best-3.921602725982666,right_f_best-4.892635345458984,i:2
2025-04-28 23:08:50,337 - INFO - tree_node.f_best*ep:-4.938945770263672,left_f_best-3.9458718299865723,right_f_best-4.867760181427002,i:3
2025-04-28 23:08:59,626 - INFO - tree_node.f_best*ep:-4.938945770263672,left_f_best-3.934292793273926,right_f_best-4.859486103057861,i:4
2025-04-28 23:09:09,171 - INFO - tree_node.f_best*ep:-4.938945770263672,left_f_best-3.944314479827881,right_f_best-4.908898830413818,i:5
2025-04-28 23:09:19,145 - INFO - tree_node.f_best*ep:-4.938945770263672,left_f_best-3.9608330726623535,right_f_best-4.919466018676758,i:6
2025-04-28 23:09:29,490 - INFO - tree_node.f_best*ep:-4.938945770263672,left_f_best-3.9738097190856934,right_f_best-4.910032749176025,i:7
2025-04-28 23:09:39,766 - INFO - tree_node.f_best*ep:-4.938945770263672,left_f_best-3.972604274749756,right_f_best-4.925947666168213,i:8
2025-04-28 23:09:50,698 - INFO - tree_node.f_best*ep:-4.938945770263672,left_f_best-3.982180595397949,right_f_best-4.897059917449951,i:9
2025-04-28 23:10:02,372 - INFO - tree_node.f_best*ep:-4.938945770263672,left_f_best-3.976555347442627,right_f_best-4.929432392120361,i:10
2025-04-28 23:10:14,413 - INFO - tree_node.f_best*ep:-4.938945770263672,left_f_best-3.9858174324035645,right_f_best-4.924891948699951,i:11
2025-04-28 23:10:26,812 - INFO - tree_node.f_best*ep:-4.938945770263672,left_f_best-3.9843273162841797,right_f_best-4.938945770263672,i:12
2025-04-28 23:10:56,019 - INFO - 添加左子节点，右子节点，len(queue):7
2025-04-28 23:10:56,019 - INFO - Node 1: k=1261.0658781456057, f_best=-4.855080604553223, f_min=-8.24622842937606
2025-04-28 23:10:56,019 - INFO - Node 2: k=164.40336730781064, f_best=-3.9379658699035645, f_min=-6.040068744022847
2025-04-28 23:10:56,019 - INFO - Node 3: k=698.7647038023617, f_best=-4.875110626220703, f_min=-6.990963484342046
2025-04-28 23:10:56,019 - INFO - Node 4: k=208.74865180604624, f_best=-3.918081760406494, f_min=-6.7055626402834605
2025-04-28 23:10:56,019 - INFO - Node 5: k=347.66064089199705, f_best=-4.889621257781982, f_min=-5.795929905958928
2025-04-28 23:10:56,019 - INFO - Node 6: k=181.60359702031272, f_best=-3.9675612449645996, f_min=-4.910990140247577
2025-04-28 23:10:56,019 - INFO - Node 7: k=285.3693455277746, f_best=-4.925692558288574, f_min=-6.67715629527811
2025-04-28 23:10:56,019 - INFO - Node 8: k=204.63547868448802, f_best=-3.9633030891418457, f_min=-6.9271346176542465
2025-04-28 23:10:56,019 - INFO - Node 9: k=250.7433708941064, f_best=-4.930285930633545, f_min=-9.482577713040882
2025-04-28 23:10:56,019 - INFO - Node 10: k=360.82717432594126, f_best=-3.9888014793395996, f_min=-12.368961696990482
2025-04-28 23:10:56,019 - INFO - Node 11: k=161.1639714810417, f_best=-4.938945770263672, f_min=-5.383829157141008
2025-04-28 23:10:56,019 - INFO - Node 12: k=458.15476537351293, f_best=-3.9843273162841797, f_min=-17.344649117660083
2025-04-28 23:10:56,019 - INFO - Node 13: k=369.6264468929658, f_best=-4.938945770263672, f_min=-4.9613695980760895
2025-04-28 23:10:56,019 - INFO - cur_node_number 16,f_best -4.938945770263672,f_min -4.9613695980760895,k 369.6264468929658
2025-04-28 23:10:56,019 - INFO - f_best_current -4.938945770263672,f_min -4.9613695980760895
2025-04-28 23:10:56,019 - INFO - 结束,fmin= -4.9613695980760895, fbestmin=-4.938945770263672
