2025-04-29 02:52:04,768 - INFO - Namespace(log_file='outputs/dnn1/img[1]/max/DNN1img1_label7.log', image_path='img[1].png', model_path='network/DNN1.pth', label=7, init_epsilon=0.05, epsilon=0.01, ep=1, min=0)
2025-04-29 02:52:04,768 - INFO - Model output max(1): torch.return_types.max(
values=tensor([6.5631], grad_fn=<MaxBackward0>),
indices=tensor([1]))
2025-04-29 02:52:09,391 - INFO - cur_node_number 1,f_best -4.974114894866943,f_min -6.173242701772324,k 608.1529119143547
2025-04-29 02:52:09,391 - INFO - f_best_current -4.974114894866943,f_min -6.173242701772324
2025-04-29 02:52:19,155 - INFO - tree_node.f_best*ep:-4.974114894866943,left_f_best-4.025445461273193,right_f_best-4.962060451507568,i:1
2025-04-29 02:52:29,272 - INFO - tree_node.f_best*ep:-4.974114894866943,left_f_best-4.015459060668945,right_f_best-5.004984378814697,i:2
2025-04-29 02:53:00,385 - INFO - 添加左子节点，右子节点，len(queue):2
2025-04-29 02:53:00,385 - INFO - Node 1: k=608.1529119143547, f_best=-4.974114894866943, f_min=-6.173242701772324
2025-04-29 02:53:00,385 - INFO - Node 2: k=203.4607357326717, f_best=-4.015459060668945, f_min=-6.833313653368805
2025-04-29 02:53:00,385 - INFO - Node 3: k=196.34333712394192, f_best=-5.004984378814697, f_min=-5.870262666639064
2025-04-29 02:53:00,385 - INFO - cur_node_number 2,f_best -5.004984378814697,f_min -5.870262666639064,k 196.34333712394192
2025-04-29 02:53:00,385 - INFO - f_best_current -5.004984378814697,f_min -5.870262666639064
2025-04-29 02:53:09,890 - INFO - tree_node.f_best*ep:-5.004984378814697,left_f_best-4.0085883140563965,right_f_best-5.00413179397583,i:1
2025-04-29 02:53:19,734 - INFO - tree_node.f_best*ep:-5.004984378814697,left_f_best-4.032895565032959,right_f_best-5.000072002410889,i:2
2025-04-29 02:53:30,049 - INFO - tree_node.f_best*ep:-5.004984378814697,left_f_best-4.05367374420166,right_f_best-5.020697116851807,i:3
2025-04-29 02:54:01,462 - INFO - 添加左子节点，右子节点，len(queue):3
2025-04-29 02:54:01,462 - INFO - Node 1: k=608.1529119143547, f_best=-4.974114894866943, f_min=-6.173242701772324
2025-04-29 02:54:01,462 - INFO - Node 2: k=203.4607357326717, f_best=-4.015459060668945, f_min=-6.833313653368805
2025-04-29 02:54:01,462 - INFO - Node 3: k=196.34333712394192, f_best=-5.004984378814697, f_min=-5.870262666639064
2025-04-29 02:54:01,462 - INFO - Node 4: k=205.4953430899984, f_best=-4.05367374420166, f_min=-5.179533430060474
2025-04-29 02:54:01,462 - INFO - Node 5: k=239.57618436877985, f_best=-5.020697116851807, f_min=-5.094740458083834
2025-04-29 02:54:01,462 - INFO - cur_node_number 3,f_best -5.020697116851807,f_min -5.094740458083834,k 239.57618436877985
2025-04-29 02:54:01,462 - INFO - f_best_current -5.020697116851807,f_min -5.094740458083834
2025-04-29 02:54:01,462 - INFO - 回退,len(queue)=1
2025-04-29 02:54:11,036 - INFO - tree_node.f_best*ep:-5.004984378814697,left_f_best-4.003007411956787,right_f_best-4.985909938812256,i:1
2025-04-29 02:54:20,927 - INFO - tree_node.f_best*ep:-5.004984378814697,left_f_best-4.031777858734131,right_f_best-5.011730670928955,i:2
2025-04-29 02:54:52,855 - INFO - 添加左子节点，右子节点，len(queue):3
2025-04-29 02:54:52,855 - INFO - Node 1: k=608.1529119143547, f_best=-4.974114894866943, f_min=-6.173242701772324
2025-04-29 02:54:52,855 - INFO - Node 2: k=203.4607357326717, f_best=-4.015459060668945, f_min=-6.833313653368805
2025-04-29 02:54:52,856 - INFO - Node 3: k=239.57618436877985, f_best=-5.004984378814697, f_min=-5.870262666639064
2025-04-29 02:54:52,856 - INFO - Node 4: k=195.52176791311012, f_best=-4.031777858734131, f_min=-4.7777740062897465
2025-04-29 02:54:52,856 - INFO - Node 5: k=234.85558706869898, f_best=-5.011730670928955, f_min=-5.118427793392129
2025-04-29 02:54:52,856 - INFO - cur_node_number 4,f_best -5.011730670928955,f_min -5.118427793392129,k 234.85558706869898
2025-04-29 02:54:52,856 - INFO - f_best_current -5.011730670928955,f_min -5.118427793392129
2025-04-29 02:55:02,310 - INFO - tree_node.f_best*ep:-5.011730670928955,left_f_best-4.022434711456299,right_f_best-4.976186275482178,i:1
2025-04-29 02:55:12,217 - INFO - tree_node.f_best*ep:-5.011730670928955,left_f_best-4.0246124267578125,right_f_best-4.993280410766602,i:2
2025-04-29 02:55:22,715 - INFO - tree_node.f_best*ep:-5.011730670928955,left_f_best-4.031789779663086,right_f_best-5.0093793869018555,i:3
2025-04-29 02:55:33,529 - INFO - tree_node.f_best*ep:-5.011730670928955,left_f_best-4.050407409667969,right_f_best-5.026136875152588,i:4
2025-04-29 02:56:04,297 - INFO - 添加左子节点，右子节点，len(queue):4
2025-04-29 02:56:04,297 - INFO - Node 1: k=608.1529119143547, f_best=-4.974114894866943, f_min=-6.173242701772324
2025-04-29 02:56:04,297 - INFO - Node 2: k=203.4607357326717, f_best=-4.015459060668945, f_min=-6.833313653368805
2025-04-29 02:56:04,297 - INFO - Node 3: k=239.57618436877985, f_best=-5.004984378814697, f_min=-5.870262666639064
2025-04-29 02:56:04,297 - INFO - Node 4: k=195.52176791311012, f_best=-4.031777858734131, f_min=-4.7777740062897465
2025-04-29 02:56:04,297 - INFO - Node 5: k=234.85558706869898, f_best=-5.011730670928955, f_min=-5.118427793392129
2025-04-29 02:56:04,297 - INFO - Node 6: k=186.0322533495345, f_best=-4.050407409667969, f_min=-4.483500822959286
2025-04-29 02:56:04,297 - INFO - Node 7: k=224.74723034275124, f_best=-5.026136875152588, f_min=-5.2283997356616965
2025-04-29 02:56:04,297 - INFO - cur_node_number 5,f_best -5.026136875152588,f_min -5.2283997356616965,k 224.74723034275124
2025-04-29 02:56:04,297 - INFO - f_best_current -5.026136875152588,f_min -5.2283997356616965
2025-04-29 02:56:13,954 - INFO - tree_node.f_best*ep:-5.026136875152588,left_f_best-4.017117023468018,right_f_best-5.002705097198486,i:1
2025-04-29 02:56:23,685 - INFO - tree_node.f_best*ep:-5.026136875152588,left_f_best-4.024496078491211,right_f_best-5.002005100250244,i:2
2025-04-29 02:56:33,815 - INFO - tree_node.f_best*ep:-5.026136875152588,left_f_best-4.044543743133545,right_f_best-5.023838520050049,i:3
2025-04-29 02:56:44,360 - INFO - tree_node.f_best*ep:-5.026136875152588,left_f_best-4.049724102020264,right_f_best-5.005188465118408,i:4
2025-04-29 02:56:55,448 - INFO - tree_node.f_best*ep:-5.026136875152588,left_f_best-4.058931827545166,right_f_best-5.031699180603027,i:5
2025-04-29 02:57:25,857 - INFO - 添加左子节点，右子节点，len(queue):5
2025-04-29 02:57:25,857 - INFO - Node 1: k=608.1529119143547, f_best=-4.974114894866943, f_min=-6.173242701772324
2025-04-29 02:57:25,857 - INFO - Node 2: k=203.4607357326717, f_best=-4.015459060668945, f_min=-6.833313653368805
2025-04-29 02:57:25,857 - INFO - Node 3: k=239.57618436877985, f_best=-5.004984378814697, f_min=-5.870262666639064
2025-04-29 02:57:25,858 - INFO - Node 4: k=195.52176791311012, f_best=-4.031777858734131, f_min=-4.7777740062897465
2025-04-29 02:57:25,858 - INFO - Node 5: k=234.85558706869898, f_best=-5.011730670928955, f_min=-5.118427793392129
2025-04-29 02:57:25,858 - INFO - Node 6: k=186.0322533495345, f_best=-4.050407409667969, f_min=-4.483500822959286
2025-04-29 02:57:25,858 - INFO - Node 7: k=224.74723034275124, f_best=-5.026136875152588, f_min=-5.2283997356616965
2025-04-29 02:57:25,858 - INFO - Node 8: k=201.44627300264526, f_best=-4.058931827545166, f_min=-4.280344138880082
2025-04-29 02:57:25,858 - INFO - Node 9: k=199.45175544816362, f_best=-5.031699180603027, f_min=-5.299860429056025
2025-04-29 02:57:25,858 - INFO - cur_node_number 6,f_best -5.031699180603027,f_min -5.299860429056025,k 199.45175544816362
2025-04-29 02:57:25,858 - INFO - f_best_current -5.031699180603027,f_min -5.299860429056025
2025-04-29 02:57:35,370 - INFO - tree_node.f_best*ep:-5.031699180603027,left_f_best-4.023278713226318,right_f_best-4.989290714263916,i:1
2025-04-29 02:57:44,979 - INFO - tree_node.f_best*ep:-5.031699180603027,left_f_best-4.004210948944092,right_f_best-5.010124206542969,i:2
2025-04-29 02:57:55,291 - INFO - tree_node.f_best*ep:-5.031699180603027,left_f_best-4.049053192138672,right_f_best-5.000558376312256,i:3
2025-04-29 02:58:05,994 - INFO - tree_node.f_best*ep:-5.031699180603027,left_f_best-4.052260875701904,right_f_best-5.0346245765686035,i:4
2025-04-29 02:58:35,133 - INFO - 添加左子节点，右子节点，len(queue):6
2025-04-29 02:58:35,133 - INFO - Node 1: k=608.1529119143547, f_best=-4.974114894866943, f_min=-6.173242701772324
2025-04-29 02:58:35,133 - INFO - Node 2: k=203.4607357326717, f_best=-4.015459060668945, f_min=-6.833313653368805
2025-04-29 02:58:35,133 - INFO - Node 3: k=239.57618436877985, f_best=-5.004984378814697, f_min=-5.870262666639064
2025-04-29 02:58:35,133 - INFO - Node 4: k=195.52176791311012, f_best=-4.031777858734131, f_min=-4.7777740062897465
2025-04-29 02:58:35,133 - INFO - Node 5: k=234.85558706869898, f_best=-5.011730670928955, f_min=-5.118427793392129
2025-04-29 02:58:35,133 - INFO - Node 6: k=186.0322533495345, f_best=-4.050407409667969, f_min=-4.483500822959286
2025-04-29 02:58:35,133 - INFO - Node 7: k=224.74723034275124, f_best=-5.026136875152588, f_min=-5.2283997356616965
2025-04-29 02:58:35,133 - INFO - Node 8: k=201.44627300264526, f_best=-4.058931827545166, f_min=-4.280344138880082
2025-04-29 02:58:35,133 - INFO - Node 9: k=199.45175544816362, f_best=-5.031699180603027, f_min=-5.299860429056025
2025-04-29 02:58:35,133 - INFO - Node 10: k=180.5610722978377, f_best=-4.052260875701904, f_min=-4.465048723407563
2025-04-29 02:58:35,133 - INFO - Node 11: k=193.58590882486152, f_best=-5.0346245765686035, f_min=-5.728028337119667
2025-04-29 02:58:35,133 - INFO - cur_node_number 7,f_best -5.0346245765686035,f_min -5.728028337119667,k 193.58590882486152
2025-04-29 02:58:35,133 - INFO - f_best_current -5.0346245765686035,f_min -5.728028337119667
2025-04-29 02:58:44,463 - INFO - tree_node.f_best*ep:-5.0346245765686035,left_f_best-4.030402660369873,right_f_best-4.992734432220459,i:1
2025-04-29 02:58:54,264 - INFO - tree_node.f_best*ep:-5.0346245765686035,left_f_best-4.0263590812683105,right_f_best-4.995161533355713,i:2
2025-04-29 02:59:04,626 - INFO - tree_node.f_best*ep:-5.0346245765686035,left_f_best-4.045418739318848,right_f_best-5.013689994812012,i:3
2025-04-29 02:59:15,421 - INFO - tree_node.f_best*ep:-5.0346245765686035,left_f_best-4.050593376159668,right_f_best-5.022511959075928,i:4
2025-04-29 02:59:26,598 - INFO - tree_node.f_best*ep:-5.0346245765686035,left_f_best-4.065130233764648,right_f_best-5.029078483581543,i:5
2025-04-29 02:59:38,384 - INFO - tree_node.f_best*ep:-5.0346245765686035,left_f_best-4.0588297843933105,right_f_best-5.03292989730835,i:6
2025-04-29 02:59:50,694 - INFO - tree_node.f_best*ep:-5.0346245765686035,left_f_best-4.061267852783203,right_f_best-5.037010192871094,i:7
2025-04-29 03:00:21,719 - INFO - 添加左子节点，右子节点，len(queue):7
2025-04-29 03:00:21,719 - INFO - Node 1: k=608.1529119143547, f_best=-4.974114894866943, f_min=-6.173242701772324
2025-04-29 03:00:21,719 - INFO - Node 2: k=203.4607357326717, f_best=-4.015459060668945, f_min=-6.833313653368805
2025-04-29 03:00:21,719 - INFO - Node 3: k=239.57618436877985, f_best=-5.004984378814697, f_min=-5.870262666639064
2025-04-29 03:00:21,719 - INFO - Node 4: k=195.52176791311012, f_best=-4.031777858734131, f_min=-4.7777740062897465
2025-04-29 03:00:21,719 - INFO - Node 5: k=234.85558706869898, f_best=-5.011730670928955, f_min=-5.118427793392129
2025-04-29 03:00:21,719 - INFO - Node 6: k=186.0322533495345, f_best=-4.050407409667969, f_min=-4.483500822959286
2025-04-29 03:00:21,719 - INFO - Node 7: k=224.74723034275124, f_best=-5.026136875152588, f_min=-5.2283997356616965
2025-04-29 03:00:21,719 - INFO - Node 8: k=201.44627300264526, f_best=-4.058931827545166, f_min=-4.280344138880082
2025-04-29 03:00:21,719 - INFO - Node 9: k=199.45175544816362, f_best=-5.031699180603027, f_min=-5.299860429056025
2025-04-29 03:00:21,719 - INFO - Node 10: k=180.5610722978377, f_best=-4.052260875701904, f_min=-4.465048723407563
2025-04-29 03:00:21,719 - INFO - Node 11: k=193.58590882486152, f_best=-5.0346245765686035, f_min=-5.728028337119667
2025-04-29 03:00:21,719 - INFO - Node 12: k=203.4607357326717, f_best=-4.061267852783203, f_min=-4.356645161374217
2025-04-29 03:00:21,719 - INFO - Node 13: k=202.2927365821345, f_best=-5.037010192871094, f_min=-5.4559084562752105
2025-04-29 03:00:21,719 - INFO - cur_node_number 8,f_best -5.037010192871094,f_min -5.4559084562752105,k 202.2927365821345
2025-04-29 03:00:21,719 - INFO - f_best_current -5.037010192871094,f_min -5.4559084562752105
2025-04-29 03:00:21,719 - INFO - 回退,len(queue)=5
2025-04-29 03:00:21,719 - INFO - 回退,len(queue)=4
2025-04-29 03:00:31,236 - INFO - tree_node.f_best*ep:-5.031699180603027,left_f_best-4.0117363929748535,right_f_best-4.9859538078308105,i:1
2025-04-29 03:00:41,285 - INFO - tree_node.f_best*ep:-5.031699180603027,left_f_best-4.037005424499512,right_f_best-5.00065279006958,i:2
2025-04-29 03:00:51,637 - INFO - tree_node.f_best*ep:-5.031699180603027,left_f_best-4.042612075805664,right_f_best-5.017295837402344,i:3
2025-04-29 03:01:02,413 - INFO - tree_node.f_best*ep:-5.031699180603027,left_f_best-4.054786205291748,right_f_best-5.017866611480713,i:4
2025-04-29 03:01:13,508 - INFO - tree_node.f_best*ep:-5.031699180603027,left_f_best-4.055210590362549,right_f_best-5.029870510101318,i:5
2025-04-29 03:01:25,046 - INFO - tree_node.f_best*ep:-5.031699180603027,left_f_best-4.065479755401611,right_f_best-5.032449722290039,i:6
2025-04-29 03:01:52,978 - INFO - 添加左子节点，右子节点，len(queue):6
2025-04-29 03:01:52,978 - INFO - Node 1: k=608.1529119143547, f_best=-4.974114894866943, f_min=-6.173242701772324
2025-04-29 03:01:52,978 - INFO - Node 2: k=203.4607357326717, f_best=-4.015459060668945, f_min=-6.833313653368805
2025-04-29 03:01:52,978 - INFO - Node 3: k=239.57618436877985, f_best=-5.004984378814697, f_min=-5.870262666639064
2025-04-29 03:01:52,978 - INFO - Node 4: k=195.52176791311012, f_best=-4.031777858734131, f_min=-4.7777740062897465
2025-04-29 03:01:52,978 - INFO - Node 5: k=234.85558706869898, f_best=-5.011730670928955, f_min=-5.118427793392129
2025-04-29 03:01:52,978 - INFO - Node 6: k=186.0322533495345, f_best=-4.050407409667969, f_min=-4.483500822959286
2025-04-29 03:01:52,978 - INFO - Node 7: k=224.74723034275124, f_best=-5.026136875152588, f_min=-5.2283997356616965
2025-04-29 03:01:52,978 - INFO - Node 8: k=201.44627300264526, f_best=-4.058931827545166, f_min=-4.280344138880082
2025-04-29 03:01:52,978 - INFO - Node 9: k=202.2927365821345, f_best=-5.031699180603027, f_min=-5.299860429056025
2025-04-29 03:01:52,978 - INFO - Node 10: k=127.46062474401421, f_best=-4.065479755401611, f_min=-7.2971016290237
2025-04-29 03:01:52,994 - INFO - Node 11: k=204.31566394795584, f_best=-5.032449722290039, f_min=-5.8928524563157225
2025-04-29 03:01:52,994 - INFO - cur_node_number 9,f_best -5.032449722290039,f_min -5.8928524563157225,k 204.31566394795584
2025-04-29 03:01:52,994 - INFO - f_best_current -5.032449722290039,f_min -5.8928524563157225
2025-04-29 03:01:52,994 - INFO - 回退,len(queue)=4
2025-04-29 03:02:02,529 - INFO - tree_node.f_best*ep:-5.031699180603027,left_f_best-4.023049831390381,right_f_best-4.9942522048950195,i:1
2025-04-29 03:02:12,461 - INFO - tree_node.f_best*ep:-5.031699180603027,left_f_best-4.0232625007629395,right_f_best-4.995713710784912,i:2
2025-04-29 03:02:23,083 - INFO - tree_node.f_best*ep:-5.031699180603027,left_f_best-4.054927349090576,right_f_best-5.0127387046813965,i:3
2025-04-29 03:02:33,839 - INFO - tree_node.f_best*ep:-5.031699180603027,left_f_best-4.034956455230713,right_f_best-5.02637243270874,i:4
2025-04-29 03:02:45,219 - INFO - tree_node.f_best*ep:-5.031699180603027,left_f_best-4.068121910095215,right_f_best-5.0279669761657715,i:5
2025-04-29 03:02:56,970 - INFO - tree_node.f_best*ep:-5.031699180603027,left_f_best-4.053500652313232,right_f_best-5.031159400939941,i:6
2025-04-29 03:03:09,228 - INFO - tree_node.f_best*ep:-5.031699180603027,left_f_best-4.071828365325928,right_f_best-5.0475873947143555,i:7
2025-04-29 03:03:40,893 - INFO - 添加左子节点，右子节点，len(queue):6
2025-04-29 03:03:40,893 - INFO - Node 1: k=608.1529119143547, f_best=-4.974114894866943, f_min=-6.173242701772324
2025-04-29 03:03:40,893 - INFO - Node 2: k=203.4607357326717, f_best=-4.015459060668945, f_min=-6.833313653368805
2025-04-29 03:03:40,893 - INFO - Node 3: k=239.57618436877985, f_best=-5.004984378814697, f_min=-5.870262666639064
2025-04-29 03:03:40,893 - INFO - Node 4: k=195.52176791311012, f_best=-4.031777858734131, f_min=-4.7777740062897465
2025-04-29 03:03:40,893 - INFO - Node 5: k=234.85558706869898, f_best=-5.011730670928955, f_min=-5.118427793392129
2025-04-29 03:03:40,893 - INFO - Node 6: k=186.0322533495345, f_best=-4.050407409667969, f_min=-4.483500822959286
2025-04-29 03:03:40,893 - INFO - Node 7: k=224.74723034275124, f_best=-5.026136875152588, f_min=-5.2283997356616965
2025-04-29 03:03:40,893 - INFO - Node 8: k=201.44627300264526, f_best=-4.058931827545166, f_min=-4.280344138880082
2025-04-29 03:03:40,893 - INFO - Node 9: k=204.31566394795584, f_best=-5.031699180603027, f_min=-5.299860429056025
2025-04-29 03:03:40,893 - INFO - Node 10: k=205.4953430899984, f_best=-4.071828365325928, f_min=-4.686427968881617
2025-04-29 03:03:40,893 - INFO - Node 11: k=221.2445867708974, f_best=-5.0475873947143555, f_min=-5.439607896130383
2025-04-29 03:03:40,893 - INFO - cur_node_number 10,f_best -5.0475873947143555,f_min -5.439607896130383,k 221.2445867708974
2025-04-29 03:03:40,893 - INFO - f_best_current -5.0475873947143555,f_min -5.439607896130383
2025-04-29 03:03:40,893 - INFO - 回退,len(queue)=4
2025-04-29 03:03:50,340 - INFO - tree_node.f_best*ep:-5.031699180603027,left_f_best-4.017608165740967,right_f_best-4.987772464752197,i:1
2025-04-29 03:04:00,075 - INFO - tree_node.f_best*ep:-5.031699180603027,left_f_best-4.031604290008545,right_f_best-4.978341102600098,i:2
2025-04-29 03:04:10,587 - INFO - tree_node.f_best*ep:-5.031699180603027,left_f_best-4.038663387298584,right_f_best-5.010925769805908,i:3
2025-04-29 03:04:21,144 - INFO - tree_node.f_best*ep:-5.031699180603027,left_f_best-4.064807415008545,right_f_best-5.027884483337402,i:4
2025-04-29 03:04:32,334 - INFO - tree_node.f_best*ep:-5.031699180603027,left_f_best-4.066333770751953,right_f_best-5.019069194793701,i:5
2025-04-29 03:04:44,020 - INFO - tree_node.f_best*ep:-5.031699180603027,left_f_best-4.060677528381348,right_f_best-5.028811454772949,i:6
2025-04-29 03:04:56,428 - INFO - tree_node.f_best*ep:-5.031699180603027,left_f_best-4.070700168609619,right_f_best-5.044372081756592,i:7
2025-04-29 03:05:28,505 - INFO - 添加左子节点，右子节点，len(queue):6
2025-04-29 03:05:28,505 - INFO - Node 1: k=608.1529119143547, f_best=-4.974114894866943, f_min=-6.173242701772324
2025-04-29 03:05:28,505 - INFO - Node 2: k=203.4607357326717, f_best=-4.015459060668945, f_min=-6.833313653368805
2025-04-29 03:05:28,505 - INFO - Node 3: k=239.57618436877985, f_best=-5.004984378814697, f_min=-5.870262666639064
2025-04-29 03:05:28,505 - INFO - Node 4: k=195.52176791311012, f_best=-4.031777858734131, f_min=-4.7777740062897465
2025-04-29 03:05:28,505 - INFO - Node 5: k=234.85558706869898, f_best=-5.011730670928955, f_min=-5.118427793392129
2025-04-29 03:05:28,505 - INFO - Node 6: k=186.0322533495345, f_best=-4.050407409667969, f_min=-4.483500822959286
2025-04-29 03:05:28,505 - INFO - Node 7: k=224.74723034275124, f_best=-5.026136875152588, f_min=-5.2283997356616965
2025-04-29 03:05:28,505 - INFO - Node 8: k=201.44627300264526, f_best=-4.058931827545166, f_min=-4.280344138880082
2025-04-29 03:05:28,505 - INFO - Node 9: k=221.2445867708974, f_best=-5.031699180603027, f_min=-5.299860429056025
2025-04-29 03:05:28,505 - INFO - Node 10: k=214.73781620215584, f_best=-4.070700168609619, f_min=-5.1953190432991505
2025-04-29 03:05:28,505 - INFO - Node 11: k=216.8851943641774, f_best=-5.044372081756592, f_min=-5.121630048146471
2025-04-29 03:05:28,505 - INFO - cur_node_number 11,f_best -5.044372081756592,f_min -5.121630048146471,k 216.8851943641774
2025-04-29 03:05:28,505 - INFO - f_best_current -5.044372081756592,f_min -5.121630048146471
2025-04-29 03:05:37,952 - INFO - tree_node.f_best*ep:-5.044372081756592,left_f_best-4.038255214691162,right_f_best-4.991864204406738,i:1
2025-04-29 03:05:47,774 - INFO - tree_node.f_best*ep:-5.044372081756592,left_f_best-4.042935848236084,right_f_best-4.989807605743408,i:2
2025-04-29 03:05:58,072 - INFO - tree_node.f_best*ep:-5.044372081756592,left_f_best-4.051536560058594,right_f_best-4.998534679412842,i:3
2025-04-29 03:06:09,115 - INFO - tree_node.f_best*ep:-5.044372081756592,left_f_best-4.042878150939941,right_f_best-5.020704746246338,i:4
2025-04-29 03:06:20,572 - INFO - tree_node.f_best*ep:-5.044372081756592,left_f_best-4.057785987854004,right_f_best-5.028625011444092,i:5
2025-04-29 03:06:32,359 - INFO - tree_node.f_best*ep:-5.044372081756592,left_f_best-4.058531761169434,right_f_best-5.030564785003662,i:6
2025-04-29 03:06:44,693 - INFO - tree_node.f_best*ep:-5.044372081756592,left_f_best-4.078449249267578,right_f_best-5.0412516593933105,i:7
2025-04-29 03:06:57,856 - INFO - tree_node.f_best*ep:-5.044372081756592,left_f_best-4.083768844604492,right_f_best-5.044322967529297,i:8
2025-04-29 03:07:11,235 - INFO - tree_node.f_best*ep:-5.044372081756592,left_f_best-4.075345516204834,right_f_best-5.044619083404541,i:9
2025-04-29 03:07:41,270 - INFO - 添加左子节点，右子节点，len(queue):7
2025-04-29 03:07:41,270 - INFO - Node 1: k=608.1529119143547, f_best=-4.974114894866943, f_min=-6.173242701772324
2025-04-29 03:07:41,270 - INFO - Node 2: k=203.4607357326717, f_best=-4.015459060668945, f_min=-6.833313653368805
2025-04-29 03:07:41,270 - INFO - Node 3: k=239.57618436877985, f_best=-5.004984378814697, f_min=-5.870262666639064
2025-04-29 03:07:41,270 - INFO - Node 4: k=195.52176791311012, f_best=-4.031777858734131, f_min=-4.7777740062897465
2025-04-29 03:07:41,270 - INFO - Node 5: k=234.85558706869898, f_best=-5.011730670928955, f_min=-5.118427793392129
2025-04-29 03:07:41,270 - INFO - Node 6: k=186.0322533495345, f_best=-4.050407409667969, f_min=-4.483500822959286
2025-04-29 03:07:41,270 - INFO - Node 7: k=224.74723034275124, f_best=-5.026136875152588, f_min=-5.2283997356616965
2025-04-29 03:07:41,270 - INFO - Node 8: k=201.44627300264526, f_best=-4.058931827545166, f_min=-4.280344138880082
2025-04-29 03:07:41,270 - INFO - Node 9: k=221.2445867708974, f_best=-5.031699180603027, f_min=-5.299860429056025
2025-04-29 03:07:41,270 - INFO - Node 10: k=214.73781620215584, f_best=-4.070700168609619, f_min=-5.1953190432991505
2025-04-29 03:07:41,270 - INFO - Node 11: k=216.8851943641774, f_best=-5.044372081756592, f_min=-5.121630048146471
2025-04-29 03:07:41,270 - INFO - Node 12: k=238.57371380059496, f_best=-4.075345516204834, f_min=-4.628651281930615
2025-04-29 03:07:41,270 - INFO - Node 13: k=180.5610722978377, f_best=-5.044619083404541, f_min=-5.326892029170267
2025-04-29 03:07:41,270 - INFO - cur_node_number 12,f_best -5.044619083404541,f_min -5.326892029170267,k 180.5610722978377
2025-04-29 03:07:41,270 - INFO - f_best_current -5.044619083404541,f_min -5.326892029170267
2025-04-29 03:07:50,778 - INFO - tree_node.f_best*ep:-5.044619083404541,left_f_best-4.022475719451904,right_f_best-4.991184711456299,i:1
2025-04-29 03:08:00,629 - INFO - tree_node.f_best*ep:-5.044619083404541,left_f_best-4.027622699737549,right_f_best-5.001317501068115,i:2
2025-04-29 03:08:11,380 - INFO - tree_node.f_best*ep:-5.044619083404541,left_f_best-4.057491779327393,right_f_best-5.013299465179443,i:3
2025-04-29 03:08:22,162 - INFO - tree_node.f_best*ep:-5.044619083404541,left_f_best-4.055171966552734,right_f_best-5.026747226715088,i:4
2025-04-29 03:08:33,590 - INFO - tree_node.f_best*ep:-5.044619083404541,left_f_best-4.042416572570801,right_f_best-5.018365859985352,i:5
2025-04-29 03:08:45,680 - INFO - tree_node.f_best*ep:-5.044619083404541,left_f_best-4.066430568695068,right_f_best-5.028036117553711,i:6
2025-04-29 03:08:58,105 - INFO - tree_node.f_best*ep:-5.044619083404541,left_f_best-4.062119483947754,right_f_best-5.043070316314697,i:7
2025-04-29 03:09:10,869 - INFO - tree_node.f_best*ep:-5.044619083404541,left_f_best-4.070951461791992,right_f_best-5.049221515655518,i:8
2025-04-29 03:09:43,319 - INFO - 添加左子节点，右子节点，len(queue):8
2025-04-29 03:09:43,319 - INFO - Node 1: k=608.1529119143547, f_best=-4.974114894866943, f_min=-6.173242701772324
2025-04-29 03:09:43,319 - INFO - Node 2: k=203.4607357326717, f_best=-4.015459060668945, f_min=-6.833313653368805
2025-04-29 03:09:43,319 - INFO - Node 3: k=239.57618436877985, f_best=-5.004984378814697, f_min=-5.870262666639064
2025-04-29 03:09:43,319 - INFO - Node 4: k=195.52176791311012, f_best=-4.031777858734131, f_min=-4.7777740062897465
2025-04-29 03:09:43,319 - INFO - Node 5: k=234.85558706869898, f_best=-5.011730670928955, f_min=-5.118427793392129
2025-04-29 03:09:43,319 - INFO - Node 6: k=186.0322533495345, f_best=-4.050407409667969, f_min=-4.483500822959286
2025-04-29 03:09:43,319 - INFO - Node 7: k=224.74723034275124, f_best=-5.026136875152588, f_min=-5.2283997356616965
2025-04-29 03:09:43,319 - INFO - Node 8: k=201.44627300264526, f_best=-4.058931827545166, f_min=-4.280344138880082
2025-04-29 03:09:43,319 - INFO - Node 9: k=221.2445867708974, f_best=-5.031699180603027, f_min=-5.299860429056025
2025-04-29 03:09:43,319 - INFO - Node 10: k=214.73781620215584, f_best=-4.070700168609619, f_min=-5.1953190432991505
2025-04-29 03:09:43,319 - INFO - Node 11: k=216.8851943641774, f_best=-5.044372081756592, f_min=-5.121630048146471
2025-04-29 03:09:43,319 - INFO - Node 12: k=238.57371380059496, f_best=-4.075345516204834, f_min=-4.628651281930615
2025-04-29 03:09:43,319 - INFO - Node 13: k=180.5610722978377, f_best=-5.044619083404541, f_min=-5.326892029170267
2025-04-29 03:09:43,319 - INFO - Node 14: k=210.50663288124287, f_best=-4.070951461791992, f_min=-4.448692511949503
2025-04-29 03:09:43,319 - INFO - Node 15: k=239.57618436877985, f_best=-5.049221515655518, f_min=-5.640342998131473
2025-04-29 03:09:43,319 - INFO - cur_node_number 13,f_best -5.049221515655518,f_min -5.640342998131473,k 239.57618436877985
2025-04-29 03:09:43,319 - INFO - f_best_current -5.049221515655518,f_min -5.640342998131473
2025-04-29 03:09:43,319 - INFO - 回退,len(queue)=6
2025-04-29 03:09:43,319 - INFO - 回退,len(queue)=5
2025-04-29 03:09:43,319 - INFO - 回退,len(queue)=4
2025-04-29 03:09:43,319 - INFO - 回退,len(queue)=3
2025-04-29 03:09:43,319 - INFO - 回退,len(queue)=2
2025-04-29 03:09:52,520 - INFO - tree_node.f_best*ep:-5.011730670928955,left_f_best-4.021644115447998,right_f_best-4.996316909790039,i:1
2025-04-29 03:10:02,176 - INFO - tree_node.f_best*ep:-5.011730670928955,left_f_best-4.05120849609375,right_f_best-4.984146595001221,i:2
2025-04-29 03:10:12,575 - INFO - tree_node.f_best*ep:-5.011730670928955,left_f_best-4.027980327606201,right_f_best-5.0274224281311035,i:3
2025-04-29 03:10:44,066 - INFO - 添加左子节点，右子节点，len(queue):4
2025-04-29 03:10:44,066 - INFO - Node 1: k=608.1529119143547, f_best=-4.974114894866943, f_min=-6.173242701772324
2025-04-29 03:10:44,066 - INFO - Node 2: k=203.4607357326717, f_best=-4.015459060668945, f_min=-6.833313653368805
2025-04-29 03:10:44,066 - INFO - Node 3: k=239.57618436877985, f_best=-5.004984378814697, f_min=-5.870262666639064
2025-04-29 03:10:44,066 - INFO - Node 4: k=195.52176791311012, f_best=-4.031777858734131, f_min=-4.7777740062897465
2025-04-29 03:10:44,066 - INFO - Node 5: k=239.57618436877985, f_best=-5.011730670928955, f_min=-5.118427793392129
2025-04-29 03:10:44,066 - INFO - Node 6: k=197.47698559224122, f_best=-4.027980327606201, f_min=-11.733600839796054
2025-04-29 03:10:44,066 - INFO - Node 7: k=219.0540463078192, f_best=-5.0274224281311035, f_min=-5.418383655949583
2025-04-29 03:10:44,066 - INFO - cur_node_number 14,f_best -5.0274224281311035,f_min -5.418383655949583,k 219.0540463078192
2025-04-29 03:10:44,066 - INFO - f_best_current -5.0274224281311035,f_min -5.418383655949583
2025-04-29 03:10:53,639 - INFO - tree_node.f_best*ep:-5.0274224281311035,left_f_best-3.9993796348571777,right_f_best-4.98337459564209,i:1
2025-04-29 03:11:03,528 - INFO - tree_node.f_best*ep:-5.0274224281311035,left_f_best-4.024494171142578,right_f_best-5.006929874420166,i:2
2025-04-29 03:11:14,109 - INFO - tree_node.f_best*ep:-5.0274224281311035,left_f_best-4.040292739868164,right_f_best-5.000190258026123,i:3
2025-04-29 03:11:25,003 - INFO - tree_node.f_best*ep:-5.0274224281311035,left_f_best-4.0616374015808105,right_f_best-5.031381130218506,i:4
2025-04-29 03:11:57,682 - INFO - 添加左子节点，右子节点，len(queue):5
2025-04-29 03:11:57,682 - INFO - Node 1: k=608.1529119143547, f_best=-4.974114894866943, f_min=-6.173242701772324
2025-04-29 03:11:57,682 - INFO - Node 2: k=203.4607357326717, f_best=-4.015459060668945, f_min=-6.833313653368805
2025-04-29 03:11:57,682 - INFO - Node 3: k=239.57618436877985, f_best=-5.004984378814697, f_min=-5.870262666639064
2025-04-29 03:11:57,682 - INFO - Node 4: k=195.52176791311012, f_best=-4.031777858734131, f_min=-4.7777740062897465
2025-04-29 03:11:57,682 - INFO - Node 5: k=239.57618436877985, f_best=-5.011730670928955, f_min=-5.118427793392129
2025-04-29 03:11:57,682 - INFO - Node 6: k=197.47698559224122, f_best=-4.027980327606201, f_min=-11.733600839796054
2025-04-29 03:11:57,682 - INFO - Node 7: k=219.0540463078192, f_best=-5.0274224281311035, f_min=-5.418383655949583
2025-04-29 03:11:57,682 - INFO - Node 8: k=215.97767083633593, f_best=-4.0616374015808105, f_min=-4.885479351818503
2025-04-29 03:11:57,682 - INFO - Node 9: k=237.20414293938597, f_best=-5.031381130218506, f_min=-5.748965705146475
2025-04-29 03:11:57,682 - INFO - cur_node_number 15,f_best -5.031381130218506,f_min -5.748965705146475,k 237.20414293938597
2025-04-29 03:11:57,682 - INFO - f_best_current -5.031381130218506,f_min -5.748965705146475
2025-04-29 03:11:57,682 - INFO - 回退,len(queue)=3
2025-04-29 03:12:07,172 - INFO - tree_node.f_best*ep:-5.0274224281311035,left_f_best-4.029581546783447,right_f_best-4.989673137664795,i:1
2025-04-29 03:12:17,337 - INFO - tree_node.f_best*ep:-5.0274224281311035,left_f_best-4.04010009765625,right_f_best-5.001338005065918,i:2
2025-04-29 03:12:27,717 - INFO - tree_node.f_best*ep:-5.0274224281311035,left_f_best-4.042865753173828,right_f_best-5.009497165679932,i:3
2025-04-29 03:12:38,609 - INFO - tree_node.f_best*ep:-5.0274224281311035,left_f_best-4.046733856201172,right_f_best-5.0087995529174805,i:4
2025-04-29 03:12:49,913 - INFO - tree_node.f_best*ep:-5.0274224281311035,left_f_best-4.057606220245361,right_f_best-5.024106025695801,i:5
2025-04-29 03:13:01,667 - INFO - tree_node.f_best*ep:-5.0274224281311035,left_f_best-4.0748162269592285,right_f_best-5.02782678604126,i:6
2025-04-29 03:13:31,960 - INFO - 添加左子节点，右子节点，len(queue):5
2025-04-29 03:13:31,960 - INFO - Node 1: k=608.1529119143547, f_best=-4.974114894866943, f_min=-6.173242701772324
2025-04-29 03:13:31,960 - INFO - Node 2: k=203.4607357326717, f_best=-4.015459060668945, f_min=-6.833313653368805
2025-04-29 03:13:31,960 - INFO - Node 3: k=239.57618436877985, f_best=-5.004984378814697, f_min=-5.870262666639064
2025-04-29 03:13:31,960 - INFO - Node 4: k=195.52176791311012, f_best=-4.031777858734131, f_min=-4.7777740062897465
2025-04-29 03:13:31,960 - INFO - Node 5: k=239.57618436877985, f_best=-5.011730670928955, f_min=-5.118427793392129
2025-04-29 03:13:31,961 - INFO - Node 6: k=197.47698559224122, f_best=-4.027980327606201, f_min=-11.733600839796054
2025-04-29 03:13:31,961 - INFO - Node 7: k=237.20414293938597, f_best=-5.0274224281311035, f_min=-5.418383655949583
2025-04-29 03:13:31,961 - INFO - Node 8: k=199.45175544816362, f_best=-4.0748162269592285, f_min=-4.264882679347011
2025-04-29 03:13:31,961 - INFO - Node 9: k=172.51954694714564, f_best=-5.02782678604126, f_min=-6.335177286103772
2025-04-29 03:13:31,962 - INFO - cur_node_number 16,f_best -5.02782678604126,f_min -6.335177286103772,k 172.51954694714564
2025-04-29 03:13:31,962 - INFO - f_best_current -5.02782678604126,f_min -6.335177286103772
2025-04-29 03:13:41,522 - INFO - tree_node.f_best*ep:-5.02782678604126,left_f_best-4.02744197845459,right_f_best-4.990838527679443,i:1
2025-04-29 03:13:51,352 - INFO - tree_node.f_best*ep:-5.02782678604126,left_f_best-4.020556449890137,right_f_best-5.014423370361328,i:2
2025-04-29 03:14:01,970 - INFO - tree_node.f_best*ep:-5.02782678604126,left_f_best-4.0329179763793945,right_f_best-5.02365779876709,i:3
2025-04-29 03:14:12,771 - INFO - tree_node.f_best*ep:-5.02782678604126,left_f_best-4.052426815032959,right_f_best-5.023306369781494,i:4
2025-04-29 03:14:24,234 - INFO - tree_node.f_best*ep:-5.02782678604126,left_f_best-4.066714286804199,right_f_best-5.028287410736084,i:5
2025-04-29 03:14:55,315 - INFO - 添加左子节点，右子节点，len(queue):6
2025-04-29 03:14:55,316 - INFO - Node 1: k=608.1529119143547, f_best=-4.974114894866943, f_min=-6.173242701772324
2025-04-29 03:14:55,316 - INFO - Node 2: k=203.4607357326717, f_best=-4.015459060668945, f_min=-6.833313653368805
2025-04-29 03:14:55,316 - INFO - Node 3: k=239.57618436877985, f_best=-5.004984378814697, f_min=-5.870262666639064
2025-04-29 03:14:55,316 - INFO - Node 4: k=195.52176791311012, f_best=-4.031777858734131, f_min=-4.7777740062897465
2025-04-29 03:14:55,316 - INFO - Node 5: k=239.57618436877985, f_best=-5.011730670928955, f_min=-5.118427793392129
2025-04-29 03:14:55,316 - INFO - Node 6: k=197.47698559224122, f_best=-4.027980327606201, f_min=-11.733600839796054
2025-04-29 03:14:55,316 - INFO - Node 7: k=237.20414293938597, f_best=-5.0274224281311035, f_min=-5.418383655949583
2025-04-29 03:14:55,316 - INFO - Node 8: k=199.45175544816362, f_best=-4.0748162269592285, f_min=-4.264882679347011
2025-04-29 03:14:55,316 - INFO - Node 9: k=172.51954694714564, f_best=-5.02782678604126, f_min=-6.335177286103772
2025-04-29 03:14:55,316 - INFO - Node 10: k=165.09417910937518, f_best=-4.066714286804199, f_min=-4.123758425297638
2025-04-29 03:14:55,316 - INFO - Node 11: k=244.39166567459233, f_best=-5.028287410736084, f_min=-6.36208133139462
2025-04-29 03:14:55,316 - INFO - cur_node_number 17,f_best -5.028287410736084,f_min -6.36208133139462,k 244.39166567459233
2025-04-29 03:14:55,316 - INFO - f_best_current -5.028287410736084,f_min -6.36208133139462
2025-04-29 03:14:55,316 - INFO - 回退,len(queue)=4
2025-04-29 03:14:55,316 - INFO - 回退,len(queue)=3
2025-04-29 03:14:55,316 - INFO - 回退,len(queue)=2
2025-04-29 03:14:55,316 - INFO - 回退,len(queue)=1
2025-04-29 03:15:04,653 - INFO - tree_node.f_best*ep:-5.004984378814697,left_f_best-4.026703357696533,right_f_best-4.98433780670166,i:1
2025-04-29 03:15:14,384 - INFO - tree_node.f_best*ep:-5.004984378814697,left_f_best-4.046545505523682,right_f_best-5.0072550773620605,i:2
2025-04-29 03:15:47,155 - INFO - 添加左子节点，右子节点，len(queue):3
2025-04-29 03:15:47,156 - INFO - Node 1: k=608.1529119143547, f_best=-4.974114894866943, f_min=-6.173242701772324
2025-04-29 03:15:47,156 - INFO - Node 2: k=203.4607357326717, f_best=-4.015459060668945, f_min=-6.833313653368805
2025-04-29 03:15:47,156 - INFO - Node 3: k=244.39166567459233, f_best=-5.004984378814697, f_min=-5.870262666639064
2025-04-29 03:15:47,156 - INFO - Node 4: k=240.95945093860092, f_best=-4.046545505523682, f_min=-5.236155831475571
2025-04-29 03:15:47,156 - INFO - Node 5: k=229.26464967264053, f_best=-5.0072550773620605, f_min=-6.034914038863008
2025-04-29 03:15:47,157 - INFO - cur_node_number 18,f_best -5.0072550773620605,f_min -6.034914038863008,k 229.26464967264053
2025-04-29 03:15:47,157 - INFO - f_best_current -5.0072550773620605,f_min -6.034914038863008
2025-04-29 03:15:57,023 - INFO - tree_node.f_best*ep:-5.0072550773620605,left_f_best-4.013844966888428,right_f_best-4.999560832977295,i:1
2025-04-29 03:16:07,035 - INFO - tree_node.f_best*ep:-5.0072550773620605,left_f_best-4.017346382141113,right_f_best-5.004223823547363,i:2
2025-04-29 03:16:17,639 - INFO - tree_node.f_best*ep:-5.0072550773620605,left_f_best-4.057681560516357,right_f_best-5.004347324371338,i:3
2025-04-29 03:16:28,487 - INFO - tree_node.f_best*ep:-5.0072550773620605,left_f_best-4.046822547912598,right_f_best-5.029266357421875,i:4
2025-04-29 03:16:59,572 - INFO - 添加左子节点，右子节点，len(queue):4
2025-04-29 03:16:59,572 - INFO - Node 1: k=608.1529119143547, f_best=-4.974114894866943, f_min=-6.173242701772324
2025-04-29 03:16:59,572 - INFO - Node 2: k=203.4607357326717, f_best=-4.015459060668945, f_min=-6.833313653368805
2025-04-29 03:16:59,572 - INFO - Node 3: k=244.39166567459233, f_best=-5.004984378814697, f_min=-5.870262666639064
2025-04-29 03:16:59,572 - INFO - Node 4: k=240.95945093860092, f_best=-4.046545505523682, f_min=-5.236155831475571
2025-04-29 03:16:59,572 - INFO - Node 5: k=229.26464967264053, f_best=-5.0072550773620605, f_min=-6.034914038863008
2025-04-29 03:16:59,572 - INFO - Node 6: k=170.81143262093627, f_best=-4.046822547912598, f_min=-4.4762639938667235
2025-04-29 03:16:59,572 - INFO - Node 7: k=225.69160296499243, f_best=-5.029266357421875, f_min=-6.105776996128498
2025-04-29 03:16:59,572 - INFO - cur_node_number 19,f_best -5.029266357421875,f_min -6.105776996128498,k 225.69160296499243
2025-04-29 03:16:59,572 - INFO - f_best_current -5.029266357421875,f_min -6.105776996128498
2025-04-29 03:17:09,098 - INFO - tree_node.f_best*ep:-5.029266357421875,left_f_best-4.029092311859131,right_f_best-4.985319137573242,i:1
2025-04-29 03:17:18,882 - INFO - tree_node.f_best*ep:-5.029266357421875,left_f_best-4.043206691741943,right_f_best-4.991903781890869,i:2
2025-04-29 03:17:29,309 - INFO - tree_node.f_best*ep:-5.029266357421875,left_f_best-4.042446136474609,right_f_best-5.004162311553955,i:3
2025-04-29 03:17:40,083 - INFO - tree_node.f_best*ep:-5.029266357421875,left_f_best-4.042593002319336,right_f_best-5.026930332183838,i:4
2025-04-29 03:17:51,228 - INFO - tree_node.f_best*ep:-5.029266357421875,left_f_best-4.0460309982299805,right_f_best-5.027263164520264,i:5
2025-04-29 03:18:03,107 - INFO - tree_node.f_best*ep:-5.029266357421875,left_f_best-4.0643157958984375,right_f_best-5.0346269607543945,i:6
2025-04-29 03:18:35,265 - INFO - 添加左子节点，右子节点，len(queue):5
2025-04-29 03:18:35,265 - INFO - Node 1: k=608.1529119143547, f_best=-4.974114894866943, f_min=-6.173242701772324
2025-04-29 03:18:35,265 - INFO - Node 2: k=203.4607357326717, f_best=-4.015459060668945, f_min=-6.833313653368805
2025-04-29 03:18:35,265 - INFO - Node 3: k=244.39166567459233, f_best=-5.004984378814697, f_min=-5.870262666639064
2025-04-29 03:18:35,265 - INFO - Node 4: k=240.95945093860092, f_best=-4.046545505523682, f_min=-5.236155831475571
2025-04-29 03:18:35,265 - INFO - Node 5: k=229.26464967264053, f_best=-5.0072550773620605, f_min=-6.034914038863008
2025-04-29 03:18:35,265 - INFO - Node 6: k=170.81143262093627, f_best=-4.046822547912598, f_min=-4.4762639938667235
2025-04-29 03:18:35,265 - INFO - Node 7: k=225.69160296499243, f_best=-5.029266357421875, f_min=-6.105776996128498
2025-04-29 03:18:35,265 - INFO - Node 8: k=237.20414293938597, f_best=-4.0643157958984375, f_min=-5.338197703235437
2025-04-29 03:18:35,265 - INFO - Node 9: k=183.13297545695033, f_best=-5.0346269607543945, f_min=-5.33591650658127
2025-04-29 03:18:35,265 - INFO - cur_node_number 20,f_best -5.0346269607543945,f_min -5.33591650658127,k 183.13297545695033
2025-04-29 03:18:35,265 - INFO - f_best_current -5.0346269607543945,f_min -5.33591650658127
2025-04-29 03:18:44,747 - INFO - tree_node.f_best*ep:-5.0346269607543945,left_f_best-4.0162353515625,right_f_best-5.0062575340271,i:1
2025-04-29 03:18:54,403 - INFO - tree_node.f_best*ep:-5.0346269607543945,left_f_best-4.036269664764404,right_f_best-4.990884304046631,i:2
2025-04-29 03:19:04,275 - INFO - tree_node.f_best*ep:-5.0346269607543945,left_f_best-4.027368068695068,right_f_best-5.006620407104492,i:3
2025-04-29 03:19:15,026 - INFO - tree_node.f_best*ep:-5.0346269607543945,left_f_best-4.050515651702881,right_f_best-5.035904407501221,i:4
2025-04-29 03:19:45,340 - INFO - 添加左子节点，右子节点，len(queue):6
2025-04-29 03:19:45,340 - INFO - Node 1: k=608.1529119143547, f_best=-4.974114894866943, f_min=-6.173242701772324
2025-04-29 03:19:45,340 - INFO - Node 2: k=203.4607357326717, f_best=-4.015459060668945, f_min=-6.833313653368805
2025-04-29 03:19:45,340 - INFO - Node 3: k=244.39166567459233, f_best=-5.004984378814697, f_min=-5.870262666639064
2025-04-29 03:19:45,340 - INFO - Node 4: k=240.95945093860092, f_best=-4.046545505523682, f_min=-5.236155831475571
2025-04-29 03:19:45,340 - INFO - Node 5: k=229.26464967264053, f_best=-5.0072550773620605, f_min=-6.034914038863008
2025-04-29 03:19:45,340 - INFO - Node 6: k=170.81143262093627, f_best=-4.046822547912598, f_min=-4.4762639938667235
2025-04-29 03:19:45,340 - INFO - Node 7: k=225.69160296499243, f_best=-5.029266357421875, f_min=-6.105776996128498
2025-04-29 03:19:45,340 - INFO - Node 8: k=237.20414293938597, f_best=-4.0643157958984375, f_min=-5.338197703235437
2025-04-29 03:19:45,340 - INFO - Node 9: k=183.13297545695033, f_best=-5.0346269607543945, f_min=-5.33591650658127
2025-04-29 03:19:45,340 - INFO - Node 10: k=211.72205748096846, f_best=-4.050515651702881, f_min=-4.640880294693943
2025-04-29 03:19:45,340 - INFO - Node 11: k=180.5610722978377, f_best=-5.035904407501221, f_min=-5.495819443834989
2025-04-29 03:19:45,340 - INFO - cur_node_number 21,f_best -5.035904407501221,f_min -5.495819443834989,k 180.5610722978377
2025-04-29 03:19:45,340 - INFO - f_best_current -5.035904407501221,f_min -5.495819443834989
2025-04-29 03:19:54,792 - INFO - tree_node.f_best*ep:-5.035904407501221,left_f_best-4.022656440734863,right_f_best-4.997224807739258,i:1
2025-04-29 03:20:04,680 - INFO - tree_node.f_best*ep:-5.035904407501221,left_f_best-4.050980091094971,right_f_best-5.006201267242432,i:2
2025-04-29 03:20:15,667 - INFO - tree_node.f_best*ep:-5.035904407501221,left_f_best-4.055931568145752,right_f_best-5.007735729217529,i:3
2025-04-29 03:20:26,681 - INFO - tree_node.f_best*ep:-5.035904407501221,left_f_best-4.044886112213135,right_f_best-5.0160064697265625,i:4
2025-04-29 03:20:38,216 - INFO - tree_node.f_best*ep:-5.035904407501221,left_f_best-4.048590660095215,right_f_best-5.0118913650512695,i:5
2025-04-29 03:20:49,910 - INFO - tree_node.f_best*ep:-5.035904407501221,left_f_best-4.070332050323486,right_f_best-5.031894683837891,i:6
2025-04-29 03:21:02,256 - INFO - tree_node.f_best*ep:-5.035904407501221,left_f_best-4.070593357086182,right_f_best-5.046230792999268,i:7
2025-04-29 03:21:34,197 - INFO - 添加左子节点，右子节点，len(queue):7
2025-04-29 03:21:34,197 - INFO - Node 1: k=608.1529119143547, f_best=-4.974114894866943, f_min=-6.173242701772324
2025-04-29 03:21:34,197 - INFO - Node 2: k=203.4607357326717, f_best=-4.015459060668945, f_min=-6.833313653368805
2025-04-29 03:21:34,197 - INFO - Node 3: k=244.39166567459233, f_best=-5.004984378814697, f_min=-5.870262666639064
2025-04-29 03:21:34,197 - INFO - Node 4: k=240.95945093860092, f_best=-4.046545505523682, f_min=-5.236155831475571
2025-04-29 03:21:34,197 - INFO - Node 5: k=229.26464967264053, f_best=-5.0072550773620605, f_min=-6.034914038863008
2025-04-29 03:21:34,197 - INFO - Node 6: k=170.81143262093627, f_best=-4.046822547912598, f_min=-4.4762639938667235
2025-04-29 03:21:34,197 - INFO - Node 7: k=225.69160296499243, f_best=-5.029266357421875, f_min=-6.105776996128498
2025-04-29 03:21:34,197 - INFO - Node 8: k=237.20414293938597, f_best=-4.0643157958984375, f_min=-5.338197703235437
2025-04-29 03:21:34,197 - INFO - Node 9: k=183.13297545695033, f_best=-5.0346269607543945, f_min=-5.33591650658127
2025-04-29 03:21:34,197 - INFO - Node 10: k=211.72205748096846, f_best=-4.050515651702881, f_min=-4.640880294693943
2025-04-29 03:21:34,197 - INFO - Node 11: k=180.5610722978377, f_best=-5.035904407501221, f_min=-5.495819443834989
2025-04-29 03:21:34,197 - INFO - Node 12: k=220.31882202014629, f_best=-4.070593357086182, f_min=-4.679893681587146
2025-04-29 03:21:34,197 - INFO - Node 13: k=230.22800418458877, f_best=-5.046230792999268, f_min=-6.709243736883764
2025-04-29 03:21:34,197 - INFO - cur_node_number 22,f_best -5.046230792999268,f_min -6.709243736883764,k 230.22800418458877
2025-04-29 03:21:34,197 - INFO - f_best_current -5.046230792999268,f_min -6.709243736883764
2025-04-29 03:21:34,197 - INFO - 回退,len(queue)=5
2025-04-29 03:21:34,197 - INFO - 回退,len(queue)=4
2025-04-29 03:21:34,197 - INFO - 回退,len(queue)=3
2025-04-29 03:21:34,197 - INFO - 回退,len(queue)=2
2025-04-29 03:21:43,664 - INFO - tree_node.f_best*ep:-5.0072550773620605,left_f_best-4.0197272300720215,right_f_best-4.946838855743408,i:1
2025-04-29 03:21:53,616 - INFO - tree_node.f_best*ep:-5.0072550773620605,left_f_best-4.010334014892578,right_f_best-5.006192684173584,i:2
2025-04-29 03:22:04,092 - INFO - tree_node.f_best*ep:-5.0072550773620605,left_f_best-4.048273086547852,right_f_best-5.014292240142822,i:3
2025-04-29 03:22:36,287 - INFO - 添加左子节点，右子节点，len(queue):4
2025-04-29 03:22:36,287 - INFO - Node 1: k=608.1529119143547, f_best=-4.974114894866943, f_min=-6.173242701772324
2025-04-29 03:22:36,287 - INFO - Node 2: k=203.4607357326717, f_best=-4.015459060668945, f_min=-6.833313653368805
2025-04-29 03:22:36,287 - INFO - Node 3: k=244.39166567459233, f_best=-5.004984378814697, f_min=-5.870262666639064
2025-04-29 03:22:36,287 - INFO - Node 4: k=240.95945093860092, f_best=-4.046545505523682, f_min=-5.236155831475571
2025-04-29 03:22:36,287 - INFO - Node 5: k=230.22800418458877, f_best=-5.0072550773620605, f_min=-6.034914038863008
2025-04-29 03:22:36,287 - INFO - Node 6: k=243.36904544798693, f_best=-4.048273086547852, f_min=-4.104145998428521
2025-04-29 03:22:36,287 - INFO - Node 7: k=209.62579948610738, f_best=-5.014292240142822, f_min=-5.3921383316628635
2025-04-29 03:22:36,287 - INFO - cur_node_number 23,f_best -5.014292240142822,f_min -5.3921383316628635,k 209.62579948610738
2025-04-29 03:22:36,287 - INFO - f_best_current -5.014292240142822,f_min -5.3921383316628635
2025-04-29 03:22:45,800 - INFO - tree_node.f_best*ep:-5.014292240142822,left_f_best-4.040185451507568,right_f_best-4.983442306518555,i:1
2025-04-29 03:22:55,682 - INFO - tree_node.f_best*ep:-5.014292240142822,left_f_best-4.03205680847168,right_f_best-5.000982761383057,i:2
2025-04-29 03:23:06,070 - INFO - tree_node.f_best*ep:-5.014292240142822,left_f_best-4.033326625823975,right_f_best-5.0117573738098145,i:3
2025-04-29 03:23:16,847 - INFO - tree_node.f_best*ep:-5.014292240142822,left_f_best-4.050731182098389,right_f_best-5.0222086906433105,i:4
2025-04-29 03:23:46,886 - INFO - 添加左子节点，右子节点，len(queue):5
2025-04-29 03:23:46,886 - INFO - Node 1: k=608.1529119143547, f_best=-4.974114894866943, f_min=-6.173242701772324
2025-04-29 03:23:46,886 - INFO - Node 2: k=203.4607357326717, f_best=-4.015459060668945, f_min=-6.833313653368805
2025-04-29 03:23:46,886 - INFO - Node 3: k=244.39166567459233, f_best=-5.004984378814697, f_min=-5.870262666639064
2025-04-29 03:23:46,886 - INFO - Node 4: k=240.95945093860092, f_best=-4.046545505523682, f_min=-5.236155831475571
2025-04-29 03:23:46,886 - INFO - Node 5: k=230.22800418458877, f_best=-5.0072550773620605, f_min=-6.034914038863008
2025-04-29 03:23:46,886 - INFO - Node 6: k=243.36904544798693, f_best=-4.048273086547852, f_min=-4.104145998428521
2025-04-29 03:23:46,886 - INFO - Node 7: k=209.62579948610738, f_best=-5.014292240142822, f_min=-5.3921383316628635
2025-04-29 03:23:46,886 - INFO - Node 8: k=203.4607357326717, f_best=-4.050731182098389, f_min=-4.618573725994793
2025-04-29 03:23:46,886 - INFO - Node 9: k=192.47459770997148, f_best=-5.0222086906433105, f_min=-5.878628489048424
2025-04-29 03:23:46,886 - INFO - cur_node_number 24,f_best -5.0222086906433105,f_min -5.878628489048424,k 192.47459770997148
2025-04-29 03:23:46,886 - INFO - f_best_current -5.0222086906433105,f_min -5.878628489048424
2025-04-29 03:23:56,422 - INFO - tree_node.f_best*ep:-5.0222086906433105,left_f_best-4.012070655822754,right_f_best-4.989607334136963,i:1
2025-04-29 03:24:06,429 - INFO - tree_node.f_best*ep:-5.0222086906433105,left_f_best-4.021801948547363,right_f_best-5.004871845245361,i:2
2025-04-29 03:24:16,794 - INFO - tree_node.f_best*ep:-5.0222086906433105,left_f_best-4.050369739532471,right_f_best-5.0121259689331055,i:3
2025-04-29 03:24:27,801 - INFO - tree_node.f_best*ep:-5.0222086906433105,left_f_best-4.045141696929932,right_f_best-5.0225725173950195,i:4
2025-04-29 03:25:00,425 - INFO - 添加左子节点，右子节点，len(queue):6
2025-04-29 03:25:00,425 - INFO - Node 1: k=608.1529119143547, f_best=-4.974114894866943, f_min=-6.173242701772324
2025-04-29 03:25:00,425 - INFO - Node 2: k=203.4607357326717, f_best=-4.015459060668945, f_min=-6.833313653368805
2025-04-29 03:25:00,425 - INFO - Node 3: k=244.39166567459233, f_best=-5.004984378814697, f_min=-5.870262666639064
2025-04-29 03:25:00,425 - INFO - Node 4: k=240.95945093860092, f_best=-4.046545505523682, f_min=-5.236155831475571
2025-04-29 03:25:00,425 - INFO - Node 5: k=230.22800418458877, f_best=-5.0072550773620605, f_min=-6.034914038863008
2025-04-29 03:25:00,425 - INFO - Node 6: k=243.36904544798693, f_best=-4.048273086547852, f_min=-4.104145998428521
2025-04-29 03:25:00,425 - INFO - Node 7: k=209.62579948610738, f_best=-5.014292240142822, f_min=-5.3921383316628635
2025-04-29 03:25:00,425 - INFO - Node 8: k=203.4607357326717, f_best=-4.050731182098389, f_min=-4.618573725994793
2025-04-29 03:25:00,425 - INFO - Node 9: k=192.47459770997148, f_best=-5.0222086906433105, f_min=-5.878628489048424
2025-04-29 03:25:00,425 - INFO - Node 10: k=224.74723034275124, f_best=-4.045141696929932, f_min=-5.102965214027336
2025-04-29 03:25:00,425 - INFO - Node 11: k=232.53028422643465, f_best=-5.0225725173950195, f_min=-5.773443475251952
2025-04-29 03:25:00,425 - INFO - cur_node_number 25,f_best -5.0225725173950195,f_min -5.773443475251952,k 232.53028422643465
2025-04-29 03:25:00,425 - INFO - f_best_current -5.0225725173950195,f_min -5.773443475251952
2025-04-29 03:25:00,425 - INFO - 回退,len(queue)=4
2025-04-29 03:25:00,425 - INFO - 回退,len(queue)=3
2025-04-29 03:25:00,425 - INFO - 回退,len(queue)=2
2025-04-29 03:25:09,989 - INFO - tree_node.f_best*ep:-5.0072550773620605,left_f_best-4.036184310913086,right_f_best-4.985579013824463,i:1
2025-04-29 03:25:20,238 - INFO - tree_node.f_best*ep:-5.0072550773620605,left_f_best-4.031798362731934,right_f_best-5.0062336921691895,i:2
2025-04-29 03:25:30,791 - INFO - tree_node.f_best*ep:-5.0072550773620605,left_f_best-4.026742935180664,right_f_best-4.999022960662842,i:3
2025-04-29 03:25:41,668 - INFO - tree_node.f_best*ep:-5.0072550773620605,left_f_best-4.058366775512695,right_f_best-5.0371479988098145,i:4
2025-04-29 03:26:14,092 - INFO - 添加左子节点，右子节点，len(queue):4
2025-04-29 03:26:14,093 - INFO - Node 1: k=608.1529119143547, f_best=-4.974114894866943, f_min=-6.173242701772324
2025-04-29 03:26:14,093 - INFO - Node 2: k=203.4607357326717, f_best=-4.015459060668945, f_min=-6.833313653368805
2025-04-29 03:26:14,093 - INFO - Node 3: k=244.39166567459233, f_best=-5.004984378814697, f_min=-5.870262666639064
2025-04-29 03:26:14,093 - INFO - Node 4: k=240.95945093860092, f_best=-4.046545505523682, f_min=-5.236155831475571
2025-04-29 03:26:14,093 - INFO - Node 5: k=232.53028422643465, f_best=-5.0072550773620605, f_min=-6.034914038863008
2025-04-29 03:26:14,093 - INFO - Node 6: k=222.52201024034775, f_best=-4.058366775512695, f_min=-4.127369052670929
2025-04-29 03:26:14,093 - INFO - Node 7: k=233.8728691310606, f_best=-5.0371479988098145, f_min=-5.369988245266086
2025-04-29 03:26:14,093 - INFO - cur_node_number 26,f_best -5.0371479988098145,f_min -5.369988245266086,k 233.8728691310606
2025-04-29 03:26:14,093 - INFO - f_best_current -5.0371479988098145,f_min -5.369988245266086
2025-04-29 03:26:14,093 - INFO - 回退,len(queue)=2
2025-04-29 03:26:23,825 - INFO - tree_node.f_best*ep:-5.0072550773620605,left_f_best-4.002172946929932,right_f_best-5.001630783081055,i:1
2025-04-29 03:26:33,519 - INFO - tree_node.f_best*ep:-5.0072550773620605,left_f_best-4.026787281036377,right_f_best-4.969562530517578,i:2
2025-04-29 03:26:43,936 - INFO - tree_node.f_best*ep:-5.0072550773620605,left_f_best-4.040253162384033,right_f_best-5.026185989379883,i:3
2025-04-29 03:27:14,672 - INFO - 添加左子节点，右子节点，len(queue):4
2025-04-29 03:27:14,672 - INFO - Node 1: k=608.1529119143547, f_best=-4.974114894866943, f_min=-6.173242701772324
2025-04-29 03:27:14,672 - INFO - Node 2: k=203.4607357326717, f_best=-4.015459060668945, f_min=-6.833313653368805
2025-04-29 03:27:14,672 - INFO - Node 3: k=244.39166567459233, f_best=-5.004984378814697, f_min=-5.870262666639064
2025-04-29 03:27:14,672 - INFO - Node 4: k=240.95945093860092, f_best=-4.046545505523682, f_min=-5.236155831475571
2025-04-29 03:27:14,672 - INFO - Node 5: k=233.8728691310606, f_best=-5.0072550773620605, f_min=-6.034914038863008
2025-04-29 03:27:14,672 - INFO - Node 6: k=215.97767083633593, f_best=-4.040253162384033, f_min=-4.693087690390712
2025-04-29 03:27:14,672 - INFO - Node 7: k=205.4953430899984, f_best=-5.026185989379883, f_min=-5.567376377648543
2025-04-29 03:27:14,672 - INFO - cur_node_number 27,f_best -5.026185989379883,f_min -5.567376377648543,k 205.4953430899984
2025-04-29 03:27:14,672 - INFO - f_best_current -5.026185989379883,f_min -5.567376377648543
2025-04-29 03:27:24,208 - INFO - tree_node.f_best*ep:-5.026185989379883,left_f_best-4.016298770904541,right_f_best-4.983996391296387,i:1
2025-04-29 03:27:34,119 - INFO - tree_node.f_best*ep:-5.026185989379883,left_f_best-4.036905765533447,right_f_best-5.005948543548584,i:2
2025-04-29 03:27:44,477 - INFO - tree_node.f_best*ep:-5.026185989379883,left_f_best-4.048142433166504,right_f_best-5.014199256896973,i:3
2025-04-29 03:27:55,354 - INFO - tree_node.f_best*ep:-5.026185989379883,left_f_best-4.048618793487549,right_f_best-5.021090507507324,i:4
2025-04-29 03:28:06,690 - INFO - tree_node.f_best*ep:-5.026185989379883,left_f_best-4.061542987823486,right_f_best-5.033883571624756,i:5
2025-04-29 03:28:38,474 - INFO - 添加左子节点，右子节点，len(queue):5
2025-04-29 03:28:38,474 - INFO - Node 1: k=608.1529119143547, f_best=-4.974114894866943, f_min=-6.173242701772324
2025-04-29 03:28:38,474 - INFO - Node 2: k=203.4607357326717, f_best=-4.015459060668945, f_min=-6.833313653368805
2025-04-29 03:28:38,474 - INFO - Node 3: k=244.39166567459233, f_best=-5.004984378814697, f_min=-5.870262666639064
2025-04-29 03:28:38,474 - INFO - Node 4: k=240.95945093860092, f_best=-4.046545505523682, f_min=-5.236155831475571
2025-04-29 03:28:38,474 - INFO - Node 5: k=233.8728691310606, f_best=-5.0072550773620605, f_min=-6.034914038863008
2025-04-29 03:28:38,474 - INFO - Node 6: k=215.97767083633593, f_best=-4.040253162384033, f_min=-4.693087690390712
2025-04-29 03:28:38,474 - INFO - Node 7: k=205.4953430899984, f_best=-5.026185989379883, f_min=-5.567376377648543
2025-04-29 03:28:38,474 - INFO - Node 8: k=218.13744754469928, f_best=-4.061542987823486, f_min=-6.5385388026084
2025-04-29 03:28:38,474 - INFO - Node 9: k=222.52201024034775, f_best=-5.033883571624756, f_min=-5.88422036021484
2025-04-29 03:28:38,474 - INFO - cur_node_number 28,f_best -5.033883571624756,f_min -5.88422036021484,k 222.52201024034775
2025-04-29 03:28:38,474 - INFO - f_best_current -5.033883571624756,f_min -5.88422036021484
2025-04-29 03:28:38,474 - INFO - 回退,len(queue)=3
2025-04-29 03:28:47,941 - INFO - tree_node.f_best*ep:-5.026185989379883,left_f_best-4.023351669311523,right_f_best-4.995992660522461,i:1
2025-04-29 03:28:57,935 - INFO - tree_node.f_best*ep:-5.026185989379883,left_f_best-4.033237934112549,right_f_best-5.009660243988037,i:2
2025-04-29 03:29:08,484 - INFO - tree_node.f_best*ep:-5.026185989379883,left_f_best-4.038761615753174,right_f_best-4.995358943939209,i:3
2025-04-29 03:29:19,239 - INFO - tree_node.f_best*ep:-5.026185989379883,left_f_best-4.0558977127075195,right_f_best-5.030292510986328,i:4
2025-04-29 03:29:50,963 - INFO - 添加左子节点，右子节点，len(queue):5
2025-04-29 03:29:50,963 - INFO - Node 1: k=608.1529119143547, f_best=-4.974114894866943, f_min=-6.173242701772324
2025-04-29 03:29:50,964 - INFO - Node 2: k=203.4607357326717, f_best=-4.015459060668945, f_min=-6.833313653368805
2025-04-29 03:29:50,964 - INFO - Node 3: k=244.39166567459233, f_best=-5.004984378814697, f_min=-5.870262666639064
2025-04-29 03:29:50,964 - INFO - Node 4: k=240.95945093860092, f_best=-4.046545505523682, f_min=-5.236155831475571
2025-04-29 03:29:50,964 - INFO - Node 5: k=233.8728691310606, f_best=-5.0072550773620605, f_min=-6.034914038863008
2025-04-29 03:29:50,964 - INFO - Node 6: k=215.97767083633593, f_best=-4.040253162384033, f_min=-4.693087690390712
2025-04-29 03:29:50,964 - INFO - Node 7: k=222.52201024034775, f_best=-5.026185989379883, f_min=-5.567376377648543
2025-04-29 03:29:50,964 - INFO - Node 8: k=211.72205748096846, f_best=-4.0558977127075195, f_min=-4.5493112825756725
2025-04-29 03:29:50,964 - INFO - Node 9: k=230.22800418458877, f_best=-5.030292510986328, f_min=-5.970293440616388
2025-04-29 03:29:50,964 - INFO - cur_node_number 29,f_best -5.030292510986328,f_min -5.970293440616388,k 230.22800418458877
2025-04-29 03:29:50,964 - INFO - f_best_current -5.030292510986328,f_min -5.970293440616388
2025-04-29 03:29:50,964 - INFO - 回退,len(queue)=3
2025-04-29 03:30:00,476 - INFO - tree_node.f_best*ep:-5.026185989379883,left_f_best-4.019844055175781,right_f_best-5.003081798553467,i:1
2025-04-29 03:30:10,462 - INFO - tree_node.f_best*ep:-5.026185989379883,left_f_best-4.03670072555542,right_f_best-5.00222635269165,i:2
2025-04-29 03:30:21,011 - INFO - tree_node.f_best*ep:-5.026185989379883,left_f_best-4.031177997589111,right_f_best-5.004751682281494,i:3
2025-04-29 03:30:31,949 - INFO - tree_node.f_best*ep:-5.026185989379883,left_f_best-4.050793170928955,right_f_best-5.01582670211792,i:4
2025-04-29 03:30:43,352 - INFO - tree_node.f_best*ep:-5.026185989379883,left_f_best-4.054697513580322,right_f_best-5.03179407119751,i:5
2025-04-29 03:31:15,621 - INFO - 添加左子节点，右子节点，len(queue):5
2025-04-29 03:31:15,621 - INFO - Node 1: k=608.1529119143547, f_best=-4.974114894866943, f_min=-6.173242701772324
2025-04-29 03:31:15,621 - INFO - Node 2: k=203.4607357326717, f_best=-4.015459060668945, f_min=-6.833313653368805
2025-04-29 03:31:15,621 - INFO - Node 3: k=244.39166567459233, f_best=-5.004984378814697, f_min=-5.870262666639064
2025-04-29 03:31:15,621 - INFO - Node 4: k=240.95945093860092, f_best=-4.046545505523682, f_min=-5.236155831475571
2025-04-29 03:31:15,621 - INFO - Node 5: k=233.8728691310606, f_best=-5.0072550773620605, f_min=-6.034914038863008
2025-04-29 03:31:15,621 - INFO - Node 6: k=215.97767083633593, f_best=-4.040253162384033, f_min=-4.693087690390712
2025-04-29 03:31:15,621 - INFO - Node 7: k=230.22800418458877, f_best=-5.026185989379883, f_min=-5.567376377648543
2025-04-29 03:31:15,621 - INFO - Node 8: k=218.13744754469928, f_best=-4.054697513580322, f_min=-5.601614374856581
2025-04-29 03:31:15,621 - INFO - Node 9: k=219.0540463078192, f_best=-5.03179407119751, f_min=-5.183089581970307
2025-04-29 03:31:15,621 - INFO - cur_node_number 30,f_best -5.03179407119751,f_min -5.183089581970307,k 219.0540463078192
2025-04-29 03:31:15,621 - INFO - f_best_current -5.03179407119751,f_min -5.183089581970307
2025-04-29 03:31:25,221 - INFO - tree_node.f_best*ep:-5.03179407119751,left_f_best-4.0132832527160645,right_f_best-4.983975887298584,i:1
2025-04-29 03:31:35,089 - INFO - tree_node.f_best*ep:-5.03179407119751,left_f_best-4.032082557678223,right_f_best-5.000803470611572,i:2
2025-04-29 03:31:45,267 - INFO - tree_node.f_best*ep:-5.03179407119751,left_f_best-4.056330680847168,right_f_best-5.014471054077148,i:3
2025-04-29 03:31:56,383 - INFO - tree_node.f_best*ep:-5.03179407119751,left_f_best-4.0458784103393555,right_f_best-5.0183024406433105,i:4
2025-04-29 03:32:07,546 - INFO - tree_node.f_best*ep:-5.03179407119751,left_f_best-4.0618462562561035,right_f_best-5.015371322631836,i:5
2025-04-29 03:32:19,371 - INFO - tree_node.f_best*ep:-5.03179407119751,left_f_best-4.068587779998779,right_f_best-5.034816265106201,i:6
2025-04-29 03:32:49,317 - INFO - 添加左子节点，右子节点，len(queue):6
2025-04-29 03:32:49,317 - INFO - Node 1: k=608.1529119143547, f_best=-4.974114894866943, f_min=-6.173242701772324
2025-04-29 03:32:49,317 - INFO - Node 2: k=203.4607357326717, f_best=-4.015459060668945, f_min=-6.833313653368805
2025-04-29 03:32:49,317 - INFO - Node 3: k=244.39166567459233, f_best=-5.004984378814697, f_min=-5.870262666639064
2025-04-29 03:32:49,317 - INFO - Node 4: k=240.95945093860092, f_best=-4.046545505523682, f_min=-5.236155831475571
2025-04-29 03:32:49,317 - INFO - Node 5: k=233.8728691310606, f_best=-5.0072550773620605, f_min=-6.034914038863008
2025-04-29 03:32:49,317 - INFO - Node 6: k=215.97767083633593, f_best=-4.040253162384033, f_min=-4.693087690390712
2025-04-29 03:32:49,317 - INFO - Node 7: k=230.22800418458877, f_best=-5.026185989379883, f_min=-5.567376377648543
2025-04-29 03:32:49,317 - INFO - Node 8: k=218.13744754469928, f_best=-4.054697513580322, f_min=-5.601614374856581
2025-04-29 03:32:49,317 - INFO - Node 9: k=219.0540463078192, f_best=-5.03179407119751, f_min=-5.183089581970307
2025-04-29 03:32:49,317 - INFO - Node 10: k=224.74723034275124, f_best=-4.068587779998779, f_min=-4.227353462339124
2025-04-29 03:32:49,317 - INFO - Node 11: k=175.2507978715324, f_best=-5.034816265106201, f_min=-5.21311880750136
2025-04-29 03:32:49,317 - INFO - cur_node_number 31,f_best -5.034816265106201,f_min -5.21311880750136,k 175.2507978715324
2025-04-29 03:32:49,317 - INFO - f_best_current -5.034816265106201,f_min -5.21311880750136
2025-04-29 03:32:58,880 - INFO - tree_node.f_best*ep:-5.034816265106201,left_f_best-3.9994492530822754,right_f_best-4.990731716156006,i:1
2025-04-29 03:33:09,125 - INFO - tree_node.f_best*ep:-5.034816265106201,left_f_best-4.021399974822998,right_f_best-5.0023884773254395,i:2
2025-04-29 03:33:19,497 - INFO - tree_node.f_best*ep:-5.034816265106201,left_f_best-4.018764495849609,right_f_best-5.020328044891357,i:3
2025-04-29 03:33:30,419 - INFO - tree_node.f_best*ep:-5.034816265106201,left_f_best-4.036046981811523,right_f_best-5.018924713134766,i:4
2025-04-29 03:33:41,845 - INFO - tree_node.f_best*ep:-5.034816265106201,left_f_best-4.058735370635986,right_f_best-5.040346622467041,i:5
2025-04-29 03:34:14,675 - INFO - 添加左子节点，右子节点，len(queue):7
2025-04-29 03:34:14,675 - INFO - Node 1: k=608.1529119143547, f_best=-4.974114894866943, f_min=-6.173242701772324
2025-04-29 03:34:14,675 - INFO - Node 2: k=203.4607357326717, f_best=-4.015459060668945, f_min=-6.833313653368805
2025-04-29 03:34:14,675 - INFO - Node 3: k=244.39166567459233, f_best=-5.004984378814697, f_min=-5.870262666639064
2025-04-29 03:34:14,675 - INFO - Node 4: k=240.95945093860092, f_best=-4.046545505523682, f_min=-5.236155831475571
2025-04-29 03:34:14,675 - INFO - Node 5: k=233.8728691310606, f_best=-5.0072550773620605, f_min=-6.034914038863008
2025-04-29 03:34:14,675 - INFO - Node 6: k=215.97767083633593, f_best=-4.040253162384033, f_min=-4.693087690390712
2025-04-29 03:34:14,675 - INFO - Node 7: k=230.22800418458877, f_best=-5.026185989379883, f_min=-5.567376377648543
2025-04-29 03:34:14,675 - INFO - Node 8: k=218.13744754469928, f_best=-4.054697513580322, f_min=-5.601614374856581
2025-04-29 03:34:14,675 - INFO - Node 9: k=219.0540463078192, f_best=-5.03179407119751, f_min=-5.183089581970307
2025-04-29 03:34:14,675 - INFO - Node 10: k=224.74723034275124, f_best=-4.068587779998779, f_min=-4.227353462339124
2025-04-29 03:34:14,675 - INFO - Node 11: k=175.2507978715324, f_best=-5.034816265106201, f_min=-5.21311880750136
2025-04-29 03:34:14,675 - INFO - Node 12: k=209.62579948610738, f_best=-4.058735370635986, f_min=-4.493730955422507
2025-04-29 03:34:14,675 - INFO - Node 13: k=251.79697753619814, f_best=-5.040346622467041, f_min=-6.569783721667591
2025-04-29 03:34:14,675 - INFO - cur_node_number 32,f_best -5.040346622467041,f_min -6.569783721667591,k 251.79697753619814
2025-04-29 03:34:14,675 - INFO - f_best_current -5.040346622467041,f_min -6.569783721667591
2025-04-29 03:34:14,675 - INFO - 回退,len(queue)=5
2025-04-29 03:34:14,675 - INFO - 回退,len(queue)=4
2025-04-29 03:34:14,675 - INFO - 回退,len(queue)=3
2025-04-29 03:34:14,675 - INFO - 回退,len(queue)=2
2025-04-29 03:34:14,675 - INFO - 回退,len(queue)=1
2025-04-29 03:34:24,219 - INFO - tree_node.f_best*ep:-5.004984378814697,left_f_best-4.0234246253967285,right_f_best-4.979241847991943,i:1
2025-04-29 03:34:33,984 - INFO - tree_node.f_best*ep:-5.004984378814697,left_f_best-4.024816989898682,right_f_best-5.00213098526001,i:2
2025-04-29 03:34:44,784 - INFO - tree_node.f_best*ep:-5.004984378814697,left_f_best-4.042995452880859,right_f_best-5.007644176483154,i:3
2025-04-29 03:35:15,540 - INFO - 添加左子节点，右子节点，len(queue):3
2025-04-29 03:35:15,540 - INFO - Node 1: k=608.1529119143547, f_best=-4.974114894866943, f_min=-6.173242701772324
2025-04-29 03:35:15,540 - INFO - Node 2: k=203.4607357326717, f_best=-4.015459060668945, f_min=-6.833313653368805
2025-04-29 03:35:15,540 - INFO - Node 3: k=251.79697753619814, f_best=-5.004984378814697, f_min=-5.870262666639064
2025-04-29 03:35:15,540 - INFO - Node 4: k=213.83927805577815, f_best=-4.042995452880859, f_min=-4.217776862196388
2025-04-29 03:35:15,540 - INFO - Node 5: k=184.96430521151984, f_best=-5.007644176483154, f_min=-5.011677929793677
2025-04-29 03:35:15,540 - INFO - cur_node_number 33,f_best -5.007644176483154,f_min -5.011677929793677,k 184.96430521151984
2025-04-29 03:35:15,540 - INFO - f_best_current -5.007644176483154,f_min -5.011677929793677
2025-04-29 03:35:15,540 - INFO - 结束,fmin= -5.011677929793677, fbestmin=-5.007644176483154
