2025-04-28 22:25:50,783 - INFO - Namespace(log_file='outputs/dnn1/img[1]/max/DNN1img1_label1.log', image_path='img[1].png', model_path='network/DNN1.pth', label=1, init_epsilon=0.05, epsilon=0.01, ep=1, min=0)
2025-04-28 22:25:50,783 - INFO - Model output max(1): torch.return_types.max(
values=tensor([6.5631], grad_fn=<MaxBackward0>),
indices=tensor([1]))
2025-04-28 22:25:55,199 - INFO - cur_node_number 1,f_best -8.819278717041016,f_min -10.690639851447486,k 3423.2023046261133
2025-04-28 22:25:55,199 - INFO - f_best_current -8.819278717041016,f_min -10.690639851447486
2025-04-28 22:26:03,362 - INFO - tree_node.f_best*ep:-8.819278717041016,left_f_best-8.13912296295166,right_f_best-8.883821487426758,i:1
2025-04-28 22:26:25,960 - INFO - 添加左子节点，右子节点，len(queue):2
2025-04-28 22:26:25,960 - INFO - Node 1: k=3423.2023046261133, f_best=-8.819278717041016, f_min=-10.690639851447486
2025-04-28 22:26:25,960 - INFO - Node 2: k=135.30202157396351, f_best=-8.13912296295166, f_min=-8.658023893895916
2025-04-28 22:26:25,960 - INFO - Node 3: k=192.47459770997148, f_best=-8.883821487426758, f_min=-9.215041403412215
2025-04-28 22:26:25,960 - INFO - cur_node_number 2,f_best -8.883821487426758,f_min -9.215041403412215,k 192.47459770997148
2025-04-28 22:26:25,960 - INFO - f_best_current -8.883821487426758,f_min -9.215041403412215
2025-04-28 22:26:34,332 - INFO - tree_node.f_best*ep:-8.883821487426758,left_f_best-8.122798919677734,right_f_best-8.886421203613281,i:1
2025-04-28 22:27:01,587 - INFO - 添加左子节点，右子节点，len(queue):3
2025-04-28 22:27:01,587 - INFO - Node 1: k=3423.2023046261133, f_best=-8.819278717041016, f_min=-10.690639851447486
2025-04-28 22:27:01,587 - INFO - Node 2: k=135.30202157396351, f_best=-8.13912296295166, f_min=-8.658023893895916
2025-04-28 22:27:01,587 - INFO - Node 3: k=192.47459770997148, f_best=-8.883821487426758, f_min=-9.215041403412215
2025-04-28 22:27:01,587 - INFO - Node 4: k=187.89257588302985, f_best=-8.122798919677734, f_min=-8.721248075875337
2025-04-28 22:27:01,587 - INFO - Node 5: k=304.1981822561099, f_best=-8.886421203613281, f_min=-14.082669023737253
2025-04-28 22:27:01,587 - INFO - cur_node_number 3,f_best -8.886421203613281,f_min -14.082669023737253,k 304.1981822561099
2025-04-28 22:27:01,587 - INFO - f_best_current -8.886421203613281,f_min -14.082669023737253
2025-04-28 22:27:01,587 - INFO - 回退,len(queue)=1
2025-04-28 22:27:09,798 - INFO - tree_node.f_best*ep:-8.883821487426758,left_f_best-8.129313468933105,right_f_best-8.859164237976074,i:1
2025-04-28 22:27:18,174 - INFO - tree_node.f_best*ep:-8.883821487426758,left_f_best-8.116668701171875,right_f_best-8.882528305053711,i:2
2025-04-28 22:27:27,246 - INFO - tree_node.f_best*ep:-8.883821487426758,left_f_best-8.15670394897461,right_f_best-8.908507347106934,i:3
2025-04-28 22:27:51,693 - INFO - 添加左子节点，右子节点，len(queue):3
2025-04-28 22:27:51,693 - INFO - Node 1: k=3423.2023046261133, f_best=-8.819278717041016, f_min=-10.690639851447486
2025-04-28 22:27:51,693 - INFO - Node 2: k=135.30202157396351, f_best=-8.13912296295166, f_min=-8.658023893895916
2025-04-28 22:27:51,693 - INFO - Node 3: k=304.1981822561099, f_best=-8.883821487426758, f_min=-9.215041403412215
2025-04-28 22:27:51,693 - INFO - Node 4: k=201.44627300264526, f_best=-8.15670394897461, f_min=-8.175133537334204
2025-04-28 22:27:51,693 - INFO - Node 5: k=173.51564145696278, f_best=-8.908507347106934, f_min=-9.373132260497641
2025-04-28 22:27:51,693 - INFO - cur_node_number 4,f_best -8.908507347106934,f_min -9.373132260497641,k 173.51564145696278
2025-04-28 22:27:51,708 - INFO - f_best_current -8.908507347106934,f_min -9.373132260497641
2025-04-28 22:27:59,972 - INFO - tree_node.f_best*ep:-8.908507347106934,left_f_best-8.092178344726562,right_f_best-8.8699369430542,i:1
2025-04-28 22:28:08,818 - INFO - tree_node.f_best*ep:-8.908507347106934,left_f_best-8.145135879516602,right_f_best-8.886885643005371,i:2
2025-04-28 22:28:18,196 - INFO - tree_node.f_best*ep:-8.908507347106934,left_f_best-8.157093048095703,right_f_best-8.904314041137695,i:3
2025-04-28 22:28:27,896 - INFO - tree_node.f_best*ep:-8.908507347106934,left_f_best-8.179296493530273,right_f_best-8.905374526977539,i:4
2025-04-28 22:28:37,905 - INFO - tree_node.f_best*ep:-8.908507347106934,left_f_best-8.188873291015625,right_f_best-8.922021865844727,i:5
2025-04-28 22:29:01,184 - INFO - 添加左子节点，右子节点，len(queue):4
2025-04-28 22:29:01,184 - INFO - Node 1: k=3423.2023046261133, f_best=-8.819278717041016, f_min=-10.690639851447486
2025-04-28 22:29:01,184 - INFO - Node 2: k=135.30202157396351, f_best=-8.13912296295166, f_min=-8.658023893895916
2025-04-28 22:29:01,184 - INFO - Node 3: k=304.1981822561099, f_best=-8.883821487426758, f_min=-9.215041403412215
2025-04-28 22:29:01,184 - INFO - Node 4: k=201.44627300264526, f_best=-8.15670394897461, f_min=-8.175133537334204
2025-04-28 22:29:01,184 - INFO - Node 5: k=173.51564145696278, f_best=-8.908507347106934, f_min=-9.373132260497641
2025-04-28 22:29:01,184 - INFO - Node 6: k=201.44627300264526, f_best=-8.188873291015625, f_min=-9.937605595283003
2025-04-28 22:29:01,184 - INFO - Node 7: k=147.12833778272648, f_best=-8.922021865844727, f_min=-9.985814631886115
2025-04-28 22:29:01,184 - INFO - cur_node_number 5,f_best -8.922021865844727,f_min -9.985814631886115,k 147.12833778272648
2025-04-28 22:29:01,184 - INFO - f_best_current -8.922021865844727,f_min -9.985814631886115
2025-04-28 22:29:09,552 - INFO - tree_node.f_best*ep:-8.922021865844727,left_f_best-8.151920318603516,right_f_best-8.883295059204102,i:1
2025-04-28 22:29:18,351 - INFO - tree_node.f_best*ep:-8.922021865844727,left_f_best-8.177204132080078,right_f_best-8.88054084777832,i:2
2025-04-28 22:29:27,720 - INFO - tree_node.f_best*ep:-8.922021865844727,left_f_best-8.156290054321289,right_f_best-8.88847827911377,i:3
2025-04-28 22:29:37,594 - INFO - tree_node.f_best*ep:-8.922021865844727,left_f_best-8.183832168579102,right_f_best-8.912683486938477,i:4
2025-04-28 22:29:47,571 - INFO - tree_node.f_best*ep:-8.922021865844727,left_f_best-8.19894790649414,right_f_best-8.910377502441406,i:5
2025-04-28 22:29:57,560 - INFO - tree_node.f_best*ep:-8.922021865844727,left_f_best-8.190824508666992,right_f_best-8.925466537475586,i:6
2025-04-28 22:30:25,328 - INFO - 添加左子节点，右子节点，len(queue):5
2025-04-28 22:30:25,328 - INFO - Node 1: k=3423.2023046261133, f_best=-8.819278717041016, f_min=-10.690639851447486
2025-04-28 22:30:25,328 - INFO - Node 2: k=135.30202157396351, f_best=-8.13912296295166, f_min=-8.658023893895916
2025-04-28 22:30:25,328 - INFO - Node 3: k=304.1981822561099, f_best=-8.883821487426758, f_min=-9.215041403412215
2025-04-28 22:30:25,328 - INFO - Node 4: k=201.44627300264526, f_best=-8.15670394897461, f_min=-8.175133537334204
2025-04-28 22:30:25,328 - INFO - Node 5: k=173.51564145696278, f_best=-8.908507347106934, f_min=-9.373132260497641
2025-04-28 22:30:25,328 - INFO - Node 6: k=201.44627300264526, f_best=-8.188873291015625, f_min=-9.937605595283003
2025-04-28 22:30:25,328 - INFO - Node 7: k=147.12833778272648, f_best=-8.922021865844727, f_min=-9.985814631886115
2025-04-28 22:30:25,328 - INFO - Node 8: k=248.26076326149146, f_best=-8.190824508666992, f_min=-8.646733073162977
2025-04-28 22:30:25,328 - INFO - Node 9: k=305.95456374796765, f_best=-8.925466537475586, f_min=-8.935584565553654
2025-04-28 22:30:25,328 - INFO - cur_node_number 6,f_best -8.925466537475586,f_min -8.935584565553654,k 305.95456374796765
2025-04-28 22:30:25,344 - INFO - f_best_current -8.925466537475586,f_min -8.935584565553654
2025-04-28 22:30:25,344 - INFO - 结束,fmin= -8.935584565553654, fbestmin=-8.925466537475586
