2025-04-26 14:02:52,408 - INFO - Namespace(log_file='outputs/dnn1/img[3]/min/DNN1img3_label9.log', image_path='img[3].png', model_path='network/SimpleNN14.pth', label=9, init_epsilon=0.05, epsilon=0.01, ep=1, min=1)
2025-04-26 14:02:52,420 - INFO - Model output max(1): torch.return_types.max(
values=tensor([3.4357], grad_fn=<MaxBackward0>),
indices=tensor([3]))
2025-04-26 14:02:56,370 - INFO - cur_node_number 1,f_best -9.54038143157959,f_min -9.718379249885402,k 674.5429381316718
2025-04-26 14:02:56,370 - INFO - f_best_current -9.54038143157959,f_min -9.718379249885402
2025-04-26 14:03:02,787 - INFO - tree_node.f_best*ep:-9.54038143157959,left_f_best-8.283851623535156,right_f_best-9.559361457824707,i:1
2025-04-26 14:03:24,276 - INFO - 添加左子节点，右子节点，len(queue):2
2025-04-26 14:03:24,277 - INFO - Node 1: k=674.5429381316718, f_best=-9.54038143157959, f_min=-9.718379249885402
2025-04-26 14:03:24,277 - INFO - Node 2: k=296.17679562990287, f_best=-8.283851623535156, f_min=-10.519893827468877
2025-04-26 14:03:24,277 - INFO - Node 3: k=427.9981187475628, f_best=-9.559361457824707, f_min=-13.782949013362668
2025-04-26 14:03:24,277 - INFO - cur_node_number 2,f_best -9.559361457824707,f_min -13.782949013362668,k 427.9981187475628
2025-04-26 14:03:24,277 - INFO - f_best_current -9.559361457824707,f_min -13.782949013362668
2025-04-26 14:03:30,598 - INFO - tree_node.f_best*ep:-9.559361457824707,left_f_best-8.224231719970703,right_f_best-9.554363250732422,i:1
2025-04-26 14:03:36,987 - INFO - tree_node.f_best*ep:-9.559361457824707,left_f_best-8.279382705688477,right_f_best-9.588996887207031,i:2
2025-04-26 14:03:57,324 - INFO - 添加左子节点，右子节点，len(queue):3
2025-04-26 14:03:57,324 - INFO - Node 1: k=674.5429381316718, f_best=-9.54038143157959, f_min=-9.718379249885402
2025-04-26 14:03:57,324 - INFO - Node 2: k=296.17679562990287, f_best=-8.283851623535156, f_min=-10.519893827468877
2025-04-26 14:03:57,324 - INFO - Node 3: k=427.9981187475628, f_best=-9.559361457824707, f_min=-13.782949013362668
2025-04-26 14:03:57,324 - INFO - Node 4: k=268.1249893665208, f_best=-8.279382705688477, f_min=-8.791081799321546
2025-04-26 14:03:57,324 - INFO - Node 5: k=323.9241994912705, f_best=-9.588996887207031, f_min=-9.823420667114988
2025-04-26 14:03:57,325 - INFO - cur_node_number 3,f_best -9.588996887207031,f_min -9.823420667114988,k 323.9241994912705
2025-04-26 14:03:57,325 - INFO - f_best_current -9.588996887207031,f_min -9.823420667114988
2025-04-26 14:04:03,796 - INFO - tree_node.f_best*ep:-9.588996887207031,left_f_best-8.293561935424805,right_f_best-9.53884220123291,i:1
2025-04-26 14:04:10,681 - INFO - tree_node.f_best*ep:-9.588996887207031,left_f_best-8.266797065734863,right_f_best-9.577811241149902,i:2
2025-04-26 14:04:17,645 - INFO - tree_node.f_best*ep:-9.588996887207031,left_f_best-8.306608200073242,right_f_best-9.606979370117188,i:3
2025-04-26 14:04:37,677 - INFO - 添加左子节点，右子节点，len(queue):4
2025-04-26 14:04:37,677 - INFO - Node 1: k=674.5429381316718, f_best=-9.54038143157959, f_min=-9.718379249885402
2025-04-26 14:04:37,678 - INFO - Node 2: k=296.17679562990287, f_best=-8.283851623535156, f_min=-10.519893827468877
2025-04-26 14:04:37,678 - INFO - Node 3: k=427.9981187475628, f_best=-9.559361457824707, f_min=-13.782949013362668
2025-04-26 14:04:37,678 - INFO - Node 4: k=268.1249893665208, f_best=-8.279382705688477, f_min=-8.791081799321546
2025-04-26 14:04:37,678 - INFO - Node 5: k=323.9241994912705, f_best=-9.588996887207031, f_min=-9.823420667114988
2025-04-26 14:04:37,678 - INFO - Node 6: k=323.9241994912705, f_best=-8.306608200073242, f_min=-8.736262716311103
2025-04-26 14:04:37,678 - INFO - Node 7: k=218.47889748038375, f_best=-9.606979370117188, f_min=-11.629605228801665
2025-04-26 14:04:37,678 - INFO - cur_node_number 4,f_best -9.606979370117188,f_min -11.629605228801665,k 218.47889748038375
2025-04-26 14:04:37,678 - INFO - f_best_current -9.606979370117188,f_min -11.629605228801665
2025-04-26 14:04:44,816 - INFO - tree_node.f_best*ep:-9.606979370117188,left_f_best-8.287988662719727,right_f_best-9.579267501831055,i:1
2025-04-26 14:04:52,230 - INFO - tree_node.f_best*ep:-9.606979370117188,left_f_best-8.282302856445312,right_f_best-9.575723648071289,i:2
2025-04-26 14:04:59,993 - INFO - tree_node.f_best*ep:-9.606979370117188,left_f_best-8.32032585144043,right_f_best-9.562063217163086,i:3
2025-04-26 14:05:07,275 - INFO - tree_node.f_best*ep:-9.606979370117188,left_f_best-8.330022811889648,right_f_best-9.591391563415527,i:4
2025-04-26 14:05:14,895 - INFO - tree_node.f_best*ep:-9.606979370117188,left_f_best-8.315597534179688,right_f_best-9.60689926147461,i:5
2025-04-26 14:05:22,887 - INFO - tree_node.f_best*ep:-9.606979370117188,left_f_best-8.345316886901855,right_f_best-9.64512825012207,i:6
2025-04-26 14:05:44,215 - INFO - 添加左子节点，右子节点，len(queue):5
2025-04-26 14:05:44,215 - INFO - Node 1: k=674.5429381316718, f_best=-9.54038143157959, f_min=-9.718379249885402
2025-04-26 14:05:44,215 - INFO - Node 2: k=296.17679562990287, f_best=-8.283851623535156, f_min=-10.519893827468877
2025-04-26 14:05:44,215 - INFO - Node 3: k=427.9981187475628, f_best=-9.559361457824707, f_min=-13.782949013362668
2025-04-26 14:05:44,215 - INFO - Node 4: k=268.1249893665208, f_best=-8.279382705688477, f_min=-8.791081799321546
2025-04-26 14:05:44,215 - INFO - Node 5: k=323.9241994912705, f_best=-9.588996887207031, f_min=-9.823420667114988
2025-04-26 14:05:44,215 - INFO - Node 6: k=323.9241994912705, f_best=-8.306608200073242, f_min=-8.736262716311103
2025-04-26 14:05:44,215 - INFO - Node 7: k=218.47889748038375, f_best=-9.606979370117188, f_min=-11.629605228801665
2025-04-26 14:05:44,216 - INFO - Node 8: k=215.41059934768978, f_best=-8.345316886901855, f_min=-11.168385547319303
2025-04-26 14:05:44,216 - INFO - Node 9: k=399.20157273654024, f_best=-9.64512825012207, f_min=-13.279626859718519
2025-04-26 14:05:44,216 - INFO - cur_node_number 5,f_best -9.64512825012207,f_min -13.279626859718519,k 399.20157273654024
2025-04-26 14:05:44,216 - INFO - f_best_current -9.64512825012207,f_min -13.279626859718519
2025-04-26 14:05:44,216 - INFO - 回退,len(queue)=3
2025-04-26 14:05:44,216 - INFO - 回退,len(queue)=2
2025-04-26 14:05:50,741 - INFO - tree_node.f_best*ep:-9.588996887207031,left_f_best-8.267196655273438,right_f_best-9.500670433044434,i:1
2025-04-26 14:05:57,431 - INFO - tree_node.f_best*ep:-9.588996887207031,left_f_best-8.259782791137695,right_f_best-9.571364402770996,i:2
2025-04-26 14:06:04,465 - INFO - tree_node.f_best*ep:-9.588996887207031,left_f_best-8.259950637817383,right_f_best-9.603440284729004,i:3
2025-04-26 14:06:23,959 - INFO - 添加左子节点，右子节点，len(queue):4
2025-04-26 14:06:23,960 - INFO - Node 1: k=674.5429381316718, f_best=-9.54038143157959, f_min=-9.718379249885402
2025-04-26 14:06:23,960 - INFO - Node 2: k=296.17679562990287, f_best=-8.283851623535156, f_min=-10.519893827468877
2025-04-26 14:06:23,960 - INFO - Node 3: k=427.9981187475628, f_best=-9.559361457824707, f_min=-13.782949013362668
2025-04-26 14:06:23,960 - INFO - Node 4: k=268.1249893665208, f_best=-8.279382705688477, f_min=-8.791081799321546
2025-04-26 14:06:23,960 - INFO - Node 5: k=399.20157273654024, f_best=-9.588996887207031, f_min=-9.823420667114988
2025-04-26 14:06:23,960 - INFO - Node 6: k=250.08501850031269, f_best=-8.259950637817383, f_min=-8.472312762854926
2025-04-26 14:06:23,960 - INFO - Node 7: k=255.11172737216896, f_best=-9.603440284729004, f_min=-9.821238645207814
2025-04-26 14:06:23,960 - INFO - cur_node_number 6,f_best -9.603440284729004,f_min -9.821238645207814,k 255.11172737216896
2025-04-26 14:06:23,960 - INFO - f_best_current -9.603440284729004,f_min -9.821238645207814
2025-04-26 14:06:30,395 - INFO - tree_node.f_best*ep:-9.603440284729004,left_f_best-8.265432357788086,right_f_best-9.550871849060059,i:1
2025-04-26 14:06:37,191 - INFO - tree_node.f_best*ep:-9.603440284729004,left_f_best-8.304082870483398,right_f_best-9.557385444641113,i:2
2025-04-26 14:06:44,338 - INFO - tree_node.f_best*ep:-9.603440284729004,left_f_best-8.312973976135254,right_f_best-9.607781410217285,i:3
2025-04-26 14:07:05,108 - INFO - 添加左子节点，右子节点，len(queue):5
2025-04-26 14:07:05,108 - INFO - Node 1: k=674.5429381316718, f_best=-9.54038143157959, f_min=-9.718379249885402
2025-04-26 14:07:05,108 - INFO - Node 2: k=296.17679562990287, f_best=-8.283851623535156, f_min=-10.519893827468877
2025-04-26 14:07:05,108 - INFO - Node 3: k=427.9981187475628, f_best=-9.559361457824707, f_min=-13.782949013362668
2025-04-26 14:07:05,108 - INFO - Node 4: k=268.1249893665208, f_best=-8.279382705688477, f_min=-8.791081799321546
2025-04-26 14:07:05,108 - INFO - Node 5: k=399.20157273654024, f_best=-9.588996887207031, f_min=-9.823420667114988
2025-04-26 14:07:05,108 - INFO - Node 6: k=250.08501850031269, f_best=-8.259950637817383, f_min=-8.472312762854926
2025-04-26 14:07:05,108 - INFO - Node 7: k=255.11172737216896, f_best=-9.603440284729004, f_min=-9.821238645207814
2025-04-26 14:07:05,109 - INFO - Node 8: k=262.84186782327305, f_best=-8.312973976135254, f_min=-9.345224232734836
2025-04-26 14:07:05,109 - INFO - Node 9: k=438.43544823104503, f_best=-9.607781410217285, f_min=-11.253335707488077
2025-04-26 14:07:05,109 - INFO - cur_node_number 7,f_best -9.607781410217285,f_min -11.253335707488077,k 438.43544823104503
2025-04-26 14:07:05,109 - INFO - f_best_current -9.607781410217285,f_min -11.253335707488077
2025-04-26 14:07:05,109 - INFO - 回退,len(queue)=3
2025-04-26 14:07:05,109 - INFO - 回退,len(queue)=2
2025-04-26 14:07:05,109 - INFO - 回退,len(queue)=1
2025-04-26 14:07:11,417 - INFO - tree_node.f_best*ep:-9.559361457824707,left_f_best-8.274271965026855,right_f_best-9.556514739990234,i:1
2025-04-26 14:07:18,131 - INFO - tree_node.f_best*ep:-9.559361457824707,left_f_best-8.305346488952637,right_f_best-9.571996688842773,i:2
2025-04-26 14:07:40,421 - INFO - 添加左子节点，右子节点，len(queue):3
2025-04-26 14:07:40,421 - INFO - Node 1: k=674.5429381316718, f_best=-9.54038143157959, f_min=-9.718379249885402
2025-04-26 14:07:40,421 - INFO - Node 2: k=296.17679562990287, f_best=-8.283851623535156, f_min=-10.519893827468877
2025-04-26 14:07:40,421 - INFO - Node 3: k=438.43544823104503, f_best=-9.559361457824707, f_min=-13.782949013362668
2025-04-26 14:07:40,421 - INFO - Node 4: k=338.4931948716867, f_best=-8.305346488952637, f_min=-8.579566443264412
2025-04-26 14:07:40,421 - INFO - Node 5: k=340.44758913592256, f_best=-9.571996688842773, f_min=-11.433272123488678
2025-04-26 14:07:40,421 - INFO - cur_node_number 8,f_best -9.571996688842773,f_min -11.433272123488678,k 340.44758913592256
2025-04-26 14:07:40,421 - INFO - f_best_current -9.571996688842773,f_min -11.433272123488678
2025-04-26 14:07:47,921 - INFO - tree_node.f_best*ep:-9.571996688842773,left_f_best-8.258328437805176,right_f_best-9.568559646606445,i:1
2025-04-26 14:07:54,992 - INFO - tree_node.f_best*ep:-9.571996688842773,left_f_best-8.315303802490234,right_f_best-9.588509559631348,i:2
2025-04-26 14:08:13,626 - INFO - 添加左子节点，右子节点，len(queue):4
2025-04-26 14:08:13,626 - INFO - Node 1: k=674.5429381316718, f_best=-9.54038143157959, f_min=-9.718379249885402
2025-04-26 14:08:13,627 - INFO - Node 2: k=296.17679562990287, f_best=-8.283851623535156, f_min=-10.519893827468877
2025-04-26 14:08:13,627 - INFO - Node 3: k=438.43544823104503, f_best=-9.559361457824707, f_min=-13.782949013362668
2025-04-26 14:08:13,627 - INFO - Node 4: k=338.4931948716867, f_best=-8.305346488952637, f_min=-8.579566443264412
2025-04-26 14:08:13,627 - INFO - Node 5: k=340.44758913592256, f_best=-9.571996688842773, f_min=-11.433272123488678
2025-04-26 14:08:13,627 - INFO - Node 6: k=284.6200790922407, f_best=-8.315303802490234, f_min=-8.315848230055053
2025-04-26 14:08:13,627 - INFO - Node 7: k=276.2494446693158, f_best=-9.588509559631348, f_min=-14.031575855021401
2025-04-26 14:08:13,627 - INFO - cur_node_number 9,f_best -9.588509559631348,f_min -14.031575855021401,k 276.2494446693158
2025-04-26 14:08:13,627 - INFO - f_best_current -9.588509559631348,f_min -14.031575855021401
2025-04-26 14:08:19,708 - INFO - tree_node.f_best*ep:-9.588509559631348,left_f_best-8.276865005493164,right_f_best-9.530132293701172,i:1
2025-04-26 14:08:25,858 - INFO - tree_node.f_best*ep:-9.588509559631348,left_f_best-8.23690414428711,right_f_best-9.575556755065918,i:2
2025-04-26 14:08:32,132 - INFO - tree_node.f_best*ep:-9.588509559631348,left_f_best-8.304219245910645,right_f_best-9.605486869812012,i:3
2025-04-26 14:08:49,158 - INFO - 添加左子节点，右子节点，len(queue):5
2025-04-26 14:08:49,159 - INFO - Node 1: k=674.5429381316718, f_best=-9.54038143157959, f_min=-9.718379249885402
2025-04-26 14:08:49,159 - INFO - Node 2: k=296.17679562990287, f_best=-8.283851623535156, f_min=-10.519893827468877
2025-04-26 14:08:49,159 - INFO - Node 3: k=438.43544823104503, f_best=-9.559361457824707, f_min=-13.782949013362668
2025-04-26 14:08:49,159 - INFO - Node 4: k=338.4931948716867, f_best=-8.305346488952637, f_min=-8.579566443264412
2025-04-26 14:08:49,159 - INFO - Node 5: k=340.44758913592256, f_best=-9.571996688842773, f_min=-11.433272123488678
2025-04-26 14:08:49,159 - INFO - Node 6: k=284.6200790922407, f_best=-8.315303802490234, f_min=-8.315848230055053
2025-04-26 14:08:49,159 - INFO - Node 7: k=276.2494446693158, f_best=-9.588509559631348, f_min=-14.031575855021401
2025-04-26 14:08:49,159 - INFO - Node 8: k=265.47028650150577, f_best=-8.304219245910645, f_min=-8.699702659951072
2025-04-26 14:08:49,160 - INFO - Node 9: k=187.39924468680493, f_best=-9.605486869812012, f_min=-10.152002002640984
2025-04-26 14:08:49,160 - INFO - cur_node_number 10,f_best -9.605486869812012,f_min -10.152002002640984,k 187.39924468680493
2025-04-26 14:08:49,160 - INFO - f_best_current -9.605486869812012,f_min -10.152002002640984
2025-04-26 14:08:54,984 - INFO - tree_node.f_best*ep:-9.605486869812012,left_f_best-8.26380729675293,right_f_best-9.576770782470703,i:1
2025-04-26 14:09:01,505 - INFO - tree_node.f_best*ep:-9.605486869812012,left_f_best-8.269087791442871,right_f_best-9.550590515136719,i:2
2025-04-26 14:09:08,029 - INFO - tree_node.f_best*ep:-9.605486869812012,left_f_best-8.31399917602539,right_f_best-9.580167770385742,i:3
2025-04-26 14:09:14,738 - INFO - tree_node.f_best*ep:-9.605486869812012,left_f_best-8.300642967224121,right_f_best-9.610210418701172,i:4
2025-04-26 14:09:32,252 - INFO - 添加左子节点，右子节点，len(queue):6
2025-04-26 14:09:32,252 - INFO - Node 1: k=674.5429381316718, f_best=-9.54038143157959, f_min=-9.718379249885402
2025-04-26 14:09:32,252 - INFO - Node 2: k=296.17679562990287, f_best=-8.283851623535156, f_min=-10.519893827468877
2025-04-26 14:09:32,253 - INFO - Node 3: k=438.43544823104503, f_best=-9.559361457824707, f_min=-13.782949013362668
2025-04-26 14:09:32,253 - INFO - Node 4: k=338.4931948716867, f_best=-8.305346488952637, f_min=-8.579566443264412
2025-04-26 14:09:32,253 - INFO - Node 5: k=340.44758913592256, f_best=-9.571996688842773, f_min=-11.433272123488678
2025-04-26 14:09:32,253 - INFO - Node 6: k=284.6200790922407, f_best=-8.315303802490234, f_min=-8.315848230055053
2025-04-26 14:09:32,253 - INFO - Node 7: k=276.2494446693158, f_best=-9.588509559631348, f_min=-14.031575855021401
2025-04-26 14:09:32,253 - INFO - Node 8: k=265.47028650150577, f_best=-8.304219245910645, f_min=-8.699702659951072
2025-04-26 14:09:32,253 - INFO - Node 9: k=187.39924468680493, f_best=-9.605486869812012, f_min=-10.152002002640984
2025-04-26 14:09:32,253 - INFO - Node 10: k=317.5416130685918, f_best=-8.300642967224121, f_min=-9.140731670763671
2025-04-26 14:09:32,253 - INFO - Node 11: k=209.07540548605675, f_best=-9.610210418701172, f_min=-9.766695228177923
2025-04-26 14:09:32,253 - INFO - cur_node_number 11,f_best -9.610210418701172,f_min -9.766695228177923,k 209.07540548605675
2025-04-26 14:09:32,254 - INFO - f_best_current -9.610210418701172,f_min -9.766695228177923
2025-04-26 14:09:32,254 - INFO - 回退,len(queue)=4
2025-04-26 14:09:38,531 - INFO - tree_node.f_best*ep:-9.605486869812012,left_f_best-8.223085403442383,right_f_best-9.542902946472168,i:1
2025-04-26 14:09:45,178 - INFO - tree_node.f_best*ep:-9.605486869812012,left_f_best-8.272274017333984,right_f_best-9.550310134887695,i:2
2025-04-26 14:09:52,462 - INFO - tree_node.f_best*ep:-9.605486869812012,left_f_best-8.31753921508789,right_f_best-9.588232040405273,i:3
2025-04-26 14:10:00,142 - INFO - tree_node.f_best*ep:-9.605486869812012,left_f_best-8.2813081741333,right_f_best-9.618168830871582,i:4
2025-04-26 14:10:22,771 - INFO - 添加左子节点，右子节点，len(queue):6
2025-04-26 14:10:22,771 - INFO - Node 1: k=674.5429381316718, f_best=-9.54038143157959, f_min=-9.718379249885402
2025-04-26 14:10:22,771 - INFO - Node 2: k=296.17679562990287, f_best=-8.283851623535156, f_min=-10.519893827468877
2025-04-26 14:10:22,771 - INFO - Node 3: k=438.43544823104503, f_best=-9.559361457824707, f_min=-13.782949013362668
2025-04-26 14:10:22,771 - INFO - Node 4: k=338.4931948716867, f_best=-8.305346488952637, f_min=-8.579566443264412
2025-04-26 14:10:22,771 - INFO - Node 5: k=340.44758913592256, f_best=-9.571996688842773, f_min=-11.433272123488678
2025-04-26 14:10:22,772 - INFO - Node 6: k=284.6200790922407, f_best=-8.315303802490234, f_min=-8.315848230055053
2025-04-26 14:10:22,772 - INFO - Node 7: k=276.2494446693158, f_best=-9.588509559631348, f_min=-14.031575855021401
2025-04-26 14:10:22,772 - INFO - Node 8: k=265.47028650150577, f_best=-8.304219245910645, f_min=-8.699702659951072
2025-04-26 14:10:22,772 - INFO - Node 9: k=209.07540548605675, f_best=-9.605486869812012, f_min=-10.152002002640984
2025-04-26 14:10:22,772 - INFO - Node 10: k=391.33572467066, f_best=-8.2813081741333, f_min=-12.601012723344866
2025-04-26 14:10:22,772 - INFO - Node 11: k=299.1385635862019, f_best=-9.618168830871582, f_min=-9.994562642439632
2025-04-26 14:10:22,772 - INFO - cur_node_number 12,f_best -9.618168830871582,f_min -9.994562642439632,k 299.1385635862019
2025-04-26 14:10:22,772 - INFO - f_best_current -9.618168830871582,f_min -9.994562642439632
2025-04-26 14:10:22,773 - INFO - 回退,len(queue)=4
2025-04-26 14:10:22,773 - INFO - 回退,len(queue)=3
2025-04-26 14:10:29,319 - INFO - tree_node.f_best*ep:-9.588509559631348,left_f_best-8.238905906677246,right_f_best-9.494105339050293,i:1
2025-04-26 14:10:36,315 - INFO - tree_node.f_best*ep:-9.588509559631348,left_f_best-8.307586669921875,right_f_best-9.558677673339844,i:2
2025-04-26 14:10:43,669 - INFO - tree_node.f_best*ep:-9.588509559631348,left_f_best-8.283702850341797,right_f_best-9.592203140258789,i:3
2025-04-26 14:11:05,663 - INFO - 添加左子节点，右子节点，len(queue):5
2025-04-26 14:11:05,663 - INFO - Node 1: k=674.5429381316718, f_best=-9.54038143157959, f_min=-9.718379249885402
2025-04-26 14:11:05,663 - INFO - Node 2: k=296.17679562990287, f_best=-8.283851623535156, f_min=-10.519893827468877
2025-04-26 14:11:05,663 - INFO - Node 3: k=438.43544823104503, f_best=-9.559361457824707, f_min=-13.782949013362668
2025-04-26 14:11:05,663 - INFO - Node 4: k=338.4931948716867, f_best=-8.305346488952637, f_min=-8.579566443264412
2025-04-26 14:11:05,664 - INFO - Node 5: k=340.44758913592256, f_best=-9.571996688842773, f_min=-11.433272123488678
2025-04-26 14:11:05,664 - INFO - Node 6: k=284.6200790922407, f_best=-8.315303802490234, f_min=-8.315848230055053
2025-04-26 14:11:05,664 - INFO - Node 7: k=299.1385635862019, f_best=-9.588509559631348, f_min=-14.031575855021401
2025-04-26 14:11:05,664 - INFO - Node 8: k=299.1385635862019, f_best=-8.283702850341797, f_min=-10.860238289078552
2025-04-26 14:11:05,664 - INFO - Node 9: k=343.8520650272818, f_best=-9.592203140258789, f_min=-11.119803662018967
2025-04-26 14:11:05,664 - INFO - cur_node_number 13,f_best -9.592203140258789,f_min -11.119803662018967,k 343.8520650272818
2025-04-26 14:11:05,664 - INFO - f_best_current -9.592203140258789,f_min -11.119803662018967
2025-04-26 14:11:05,664 - INFO - 回退,len(queue)=3
2025-04-26 14:11:05,664 - INFO - 回退,len(queue)=2
2025-04-26 14:11:12,397 - INFO - tree_node.f_best*ep:-9.571996688842773,left_f_best-8.230256080627441,right_f_best-9.542901992797852,i:1
2025-04-26 14:11:19,390 - INFO - tree_node.f_best*ep:-9.571996688842773,left_f_best-8.312605857849121,right_f_best-9.570693016052246,i:2
2025-04-26 14:11:26,895 - INFO - tree_node.f_best*ep:-9.571996688842773,left_f_best-8.30667495727539,right_f_best-9.583505630493164,i:3
2025-04-26 14:11:46,371 - INFO - 添加左子节点，右子节点，len(queue):4
2025-04-26 14:11:46,371 - INFO - Node 1: k=674.5429381316718, f_best=-9.54038143157959, f_min=-9.718379249885402
2025-04-26 14:11:46,371 - INFO - Node 2: k=296.17679562990287, f_best=-8.283851623535156, f_min=-10.519893827468877
2025-04-26 14:11:46,371 - INFO - Node 3: k=438.43544823104503, f_best=-9.559361457824707, f_min=-13.782949013362668
2025-04-26 14:11:46,371 - INFO - Node 4: k=338.4931948716867, f_best=-8.305346488952637, f_min=-8.579566443264412
2025-04-26 14:11:46,371 - INFO - Node 5: k=343.8520650272818, f_best=-9.571996688842773, f_min=-11.433272123488678
2025-04-26 14:11:46,371 - INFO - Node 6: k=166.30731451257998, f_best=-8.30667495727539, f_min=-8.75803612223126
2025-04-26 14:11:46,372 - INFO - Node 7: k=258.74552644749184, f_best=-9.583505630493164, f_min=-11.115141725634203
2025-04-26 14:11:46,372 - INFO - cur_node_number 14,f_best -9.583505630493164,f_min -11.115141725634203,k 258.74552644749184
2025-04-26 14:11:46,372 - INFO - f_best_current -9.583505630493164,f_min -11.115141725634203
2025-04-26 14:11:53,050 - INFO - tree_node.f_best*ep:-9.583505630493164,left_f_best-8.271867752075195,right_f_best-9.579554557800293,i:1
2025-04-26 14:12:00,260 - INFO - tree_node.f_best*ep:-9.583505630493164,left_f_best-8.284143447875977,right_f_best-9.599736213684082,i:2
2025-04-26 14:12:22,258 - INFO - 添加左子节点，右子节点，len(queue):5
2025-04-26 14:12:22,258 - INFO - Node 1: k=674.5429381316718, f_best=-9.54038143157959, f_min=-9.718379249885402
2025-04-26 14:12:22,258 - INFO - Node 2: k=296.17679562990287, f_best=-8.283851623535156, f_min=-10.519893827468877
2025-04-26 14:12:22,259 - INFO - Node 3: k=438.43544823104503, f_best=-9.559361457824707, f_min=-13.782949013362668
2025-04-26 14:12:22,259 - INFO - Node 4: k=338.4931948716867, f_best=-8.305346488952637, f_min=-8.579566443264412
2025-04-26 14:12:22,259 - INFO - Node 5: k=343.8520650272818, f_best=-9.571996688842773, f_min=-11.433272123488678
2025-04-26 14:12:22,259 - INFO - Node 6: k=166.30731451257998, f_best=-8.30667495727539, f_min=-8.75803612223126
2025-04-26 14:12:22,259 - INFO - Node 7: k=258.74552644749184, f_best=-9.583505630493164, f_min=-11.115141725634203
2025-04-26 14:12:22,259 - INFO - Node 8: k=320.7170291992777, f_best=-8.284143447875977, f_min=-9.426975479325847
2025-04-26 14:12:22,259 - INFO - Node 9: k=281.802058507169, f_best=-9.599736213684082, f_min=-9.833360289021584
2025-04-26 14:12:22,259 - INFO - cur_node_number 15,f_best -9.599736213684082,f_min -9.833360289021584,k 281.802058507169
2025-04-26 14:12:22,260 - INFO - f_best_current -9.599736213684082,f_min -9.833360289021584
2025-04-26 14:12:22,260 - INFO - 回退,len(queue)=3
2025-04-26 14:12:29,523 - INFO - tree_node.f_best*ep:-9.583505630493164,left_f_best-8.241219520568848,right_f_best-9.552968978881836,i:1
2025-04-26 14:12:37,389 - INFO - tree_node.f_best*ep:-9.583505630493164,left_f_best-8.283869743347168,right_f_best-9.577917098999023,i:2
2025-04-26 14:12:45,551 - INFO - tree_node.f_best*ep:-9.583505630493164,left_f_best-8.268805503845215,right_f_best-9.602240562438965,i:3
2025-04-26 14:13:08,898 - INFO - 添加左子节点，右子节点，len(queue):5
2025-04-26 14:13:08,899 - INFO - Node 1: k=674.5429381316718, f_best=-9.54038143157959, f_min=-9.718379249885402
2025-04-26 14:13:08,899 - INFO - Node 2: k=296.17679562990287, f_best=-8.283851623535156, f_min=-10.519893827468877
2025-04-26 14:13:08,899 - INFO - Node 3: k=438.43544823104503, f_best=-9.559361457824707, f_min=-13.782949013362668
2025-04-26 14:13:08,899 - INFO - Node 4: k=338.4931948716867, f_best=-8.305346488952637, f_min=-8.579566443264412
2025-04-26 14:13:08,899 - INFO - Node 5: k=343.8520650272818, f_best=-9.571996688842773, f_min=-11.433272123488678
2025-04-26 14:13:08,899 - INFO - Node 6: k=166.30731451257998, f_best=-8.30667495727539, f_min=-8.75803612223126
2025-04-26 14:13:08,899 - INFO - Node 7: k=281.802058507169, f_best=-9.583505630493164, f_min=-11.115141725634203
2025-04-26 14:13:08,900 - INFO - Node 8: k=220.6636864551876, f_best=-8.268805503845215, f_min=-8.400338434144032
2025-04-26 14:13:08,900 - INFO - Node 9: k=248.64936513889833, f_best=-9.602240562438965, f_min=-11.328509683758057
2025-04-26 14:13:08,900 - INFO - cur_node_number 16,f_best -9.602240562438965,f_min -11.328509683758057,k 248.64936513889833
2025-04-26 14:13:08,900 - INFO - f_best_current -9.602240562438965,f_min -11.328509683758057
2025-04-26 14:13:16,589 - INFO - tree_node.f_best*ep:-9.602240562438965,left_f_best-8.262125015258789,right_f_best-9.533007621765137,i:1
2025-04-26 14:13:24,393 - INFO - tree_node.f_best*ep:-9.602240562438965,left_f_best-8.28274154663086,right_f_best-9.585345268249512,i:2
2025-04-26 14:13:32,498 - INFO - tree_node.f_best*ep:-9.602240562438965,left_f_best-8.292080879211426,right_f_best-9.574301719665527,i:3
2025-04-26 14:13:41,015 - INFO - tree_node.f_best*ep:-9.602240562438965,left_f_best-8.326024055480957,right_f_best-9.638429641723633,i:4
2025-04-26 14:14:04,312 - INFO - 添加左子节点，右子节点，len(queue):6
2025-04-26 14:14:04,312 - INFO - Node 1: k=674.5429381316718, f_best=-9.54038143157959, f_min=-9.718379249885402
2025-04-26 14:14:04,312 - INFO - Node 2: k=296.17679562990287, f_best=-8.283851623535156, f_min=-10.519893827468877
2025-04-26 14:14:04,313 - INFO - Node 3: k=438.43544823104503, f_best=-9.559361457824707, f_min=-13.782949013362668
2025-04-26 14:14:04,313 - INFO - Node 4: k=338.4931948716867, f_best=-8.305346488952637, f_min=-8.579566443264412
2025-04-26 14:14:04,313 - INFO - Node 5: k=343.8520650272818, f_best=-9.571996688842773, f_min=-11.433272123488678
2025-04-26 14:14:04,313 - INFO - Node 6: k=166.30731451257998, f_best=-8.30667495727539, f_min=-8.75803612223126
2025-04-26 14:14:04,313 - INFO - Node 7: k=281.802058507169, f_best=-9.583505630493164, f_min=-11.115141725634203
2025-04-26 14:14:04,313 - INFO - Node 8: k=220.6636864551876, f_best=-8.268805503845215, f_min=-8.400338434144032
2025-04-26 14:14:04,314 - INFO - Node 9: k=248.64936513889833, f_best=-9.602240562438965, f_min=-11.328509683758057
2025-04-26 14:14:04,314 - INFO - Node 10: k=155.11783487574135, f_best=-8.326024055480957, f_min=-11.476265042939758
2025-04-26 14:14:04,314 - INFO - Node 11: k=370.2050221350412, f_best=-9.638429641723633, f_min=-9.666805325339737
2025-04-26 14:14:04,314 - INFO - cur_node_number 17,f_best -9.638429641723633,f_min -9.666805325339737,k 370.2050221350412
2025-04-26 14:14:04,314 - INFO - f_best_current -9.638429641723633,f_min -9.666805325339737
2025-04-26 14:14:04,314 - INFO - 结束,fmin= -9.666805325339737, fbestmin=-9.638429641723633
