2025-04-26 14:25:54,068 - INFO - Namespace(log_file='outputs/dnn1/img[3]/min/DNN1img3_label1.log', image_path='img[3].png', model_path='network/SimpleNN14.pth', label=1, init_epsilon=0.05, epsilon=0.01, ep=1, min=1)
2025-04-26 14:25:54,078 - INFO - Model output max(1): torch.return_types.max(
values=tensor([3.4357], grad_fn=<MaxBackward0>),
indices=tensor([3]))
2025-04-26 14:25:58,414 - INFO - cur_node_number 1,f_best -7.461926460266113,f_min -15.684467623137607,k 456.914283932648
2025-04-26 14:25:58,414 - INFO - f_best_current -7.461926460266113,f_min -15.684467623137607
2025-04-26 14:26:05,435 - INFO - tree_node.f_best*ep:-7.461926460266113,left_f_best-6.743678092956543,right_f_best-7.4784369468688965,i:1
2025-04-26 14:26:27,323 - INFO - 添加左子节点，右子节点，len(queue):2
2025-04-26 14:26:27,324 - INFO - Node 1: k=456.914283932648, f_best=-7.461926460266113, f_min=-15.684467623137607
2025-04-26 14:26:27,324 - INFO - Node 2: k=140.57578333104817, f_best=-6.743678092956543, f_min=-6.775207448431502
2025-04-26 14:26:27,324 - INFO - Node 3: k=192.17378861688803, f_best=-7.4784369468688965, f_min=-8.595952101576586
2025-04-26 14:26:27,324 - INFO - cur_node_number 2,f_best -7.4784369468688965,f_min -8.595952101576586,k 192.17378861688803
2025-04-26 14:26:27,324 - INFO - f_best_current -7.4784369468688965,f_min -8.595952101576586
2025-04-26 14:26:34,541 - INFO - tree_node.f_best*ep:-7.4784369468688965,left_f_best-6.743554592132568,right_f_best-7.493148326873779,i:1
2025-04-26 14:26:53,384 - INFO - 添加左子节点，右子节点，len(queue):3
2025-04-26 14:26:53,384 - INFO - Node 1: k=456.914283932648, f_best=-7.461926460266113, f_min=-15.684467623137607
2025-04-26 14:26:53,385 - INFO - Node 2: k=140.57578333104817, f_best=-6.743678092956543, f_min=-6.775207448431502
2025-04-26 14:26:53,385 - INFO - Node 3: k=192.17378861688803, f_best=-7.4784369468688965, f_min=-8.595952101576586
2025-04-26 14:26:53,385 - INFO - Node 4: k=137.80588504170981, f_best=-6.743554592132568, f_min=-7.0375981239881185
2025-04-26 14:26:53,385 - INFO - Node 5: k=92.02641252779691, f_best=-7.493148326873779, f_min=-9.729154092579847
2025-04-26 14:26:53,385 - INFO - cur_node_number 3,f_best -7.493148326873779,f_min -9.729154092579847,k 92.02641252779691
2025-04-26 14:26:53,385 - INFO - f_best_current -7.493148326873779,f_min -9.729154092579847
2025-04-26 14:27:00,408 - INFO - tree_node.f_best*ep:-7.493148326873779,left_f_best-6.735428333282471,right_f_best-7.48657751083374,i:1
2025-04-26 14:27:07,532 - INFO - tree_node.f_best*ep:-7.493148326873779,left_f_best-6.760159015655518,right_f_best-7.507696628570557,i:2
2025-04-26 14:27:26,538 - INFO - 添加左子节点，右子节点，len(queue):4
2025-04-26 14:27:26,538 - INFO - Node 1: k=456.914283932648, f_best=-7.461926460266113, f_min=-15.684467623137607
2025-04-26 14:27:26,538 - INFO - Node 2: k=140.57578333104817, f_best=-6.743678092956543, f_min=-6.775207448431502
2025-04-26 14:27:26,538 - INFO - Node 3: k=192.17378861688803, f_best=-7.4784369468688965, f_min=-8.595952101576586
2025-04-26 14:27:26,539 - INFO - Node 4: k=137.80588504170981, f_best=-6.743554592132568, f_min=-7.0375981239881185
2025-04-26 14:27:26,539 - INFO - Node 5: k=92.02641252779691, f_best=-7.493148326873779, f_min=-9.729154092579847
2025-04-26 14:27:26,539 - INFO - Node 6: k=156.8359517701323, f_best=-6.760159015655518, f_min=-6.768323306782349
2025-04-26 14:27:26,539 - INFO - Node 7: k=92.02641252779691, f_best=-7.507696628570557, f_min=-7.522529804704618
2025-04-26 14:27:26,539 - INFO - cur_node_number 4,f_best -7.507696628570557,f_min -7.522529804704618,k 92.02641252779691
2025-04-26 14:27:26,539 - INFO - f_best_current -7.507696628570557,f_min -7.522529804704618
2025-04-26 14:27:26,539 - INFO - 结束,fmin= -7.522529804704618, fbestmin=-7.507696628570557
