2025-04-28 21:49:26,672 - INFO - Namespace(log_file='outputs/dnn1/img[3]/min/DNN1img3_label4.log', image_path='img[3].png', model_path='network/DNN1.pth', label=4, init_epsilon=0.05, epsilon=0.01, ep=1, min=1)
2025-04-28 21:49:26,681 - INFO - Model output max(1): torch.return_types.max(
values=tensor([3.4357], grad_fn=<MaxBackward0>),
indices=tensor([3]))
2025-04-28 21:49:30,139 - INFO - cur_node_number 1,f_best -12.877798080444336,f_min -13.844193052867922,k 464.56125215679884
2025-04-28 21:49:30,139 - INFO - f_best_current -12.877798080444336,f_min -13.844193052867922
2025-04-28 21:49:35,433 - INFO - tree_node.f_best*ep:-12.877798080444336,left_f_best-11.4939603805542,right_f_best-12.900697708129883,i:1
2025-04-28 21:49:52,488 - INFO - 添加左子节点，右子节点，len(queue):2
2025-04-28 21:49:52,488 - INFO - Node 1: k=464.56125215679884, f_best=-12.877798080444336, f_min=-13.844193052867922
2025-04-28 21:49:52,488 - INFO - Node 2: k=275.81770798351715, f_best=-11.4939603805542, f_min=-13.062592718169071
2025-04-28 21:49:52,488 - INFO - Node 3: k=242.35070422216108, f_best=-12.900697708129883, f_min=-14.792772338818395
2025-04-28 21:49:52,488 - INFO - cur_node_number 2,f_best -12.900697708129883,f_min -14.792772338818395,k 242.35070422216108
2025-04-28 21:49:52,488 - INFO - f_best_current -12.900697708129883,f_min -14.792772338818395
2025-04-28 21:49:57,770 - INFO - tree_node.f_best*ep:-12.900697708129883,left_f_best-11.488113403320312,right_f_best-12.88965892791748,i:1
2025-04-28 21:50:03,245 - INFO - tree_node.f_best*ep:-12.900697708129883,left_f_best-11.52780818939209,right_f_best-12.914963722229004,i:2
2025-04-28 21:50:18,103 - INFO - 添加左子节点，右子节点，len(queue):3
2025-04-28 21:50:18,103 - INFO - Node 1: k=464.56125215679884, f_best=-12.877798080444336, f_min=-13.844193052867922
2025-04-28 21:50:18,103 - INFO - Node 2: k=275.81770798351715, f_best=-11.4939603805542, f_min=-13.062592718169071
2025-04-28 21:50:18,103 - INFO - Node 3: k=242.35070422216108, f_best=-12.900697708129883, f_min=-14.792772338818395
2025-04-28 21:50:18,103 - INFO - Node 4: k=125.14472944116798, f_best=-11.52780818939209, f_min=-11.545083227073974
2025-04-28 21:50:18,104 - INFO - Node 5: k=257.2601560441668, f_best=-12.914963722229004, f_min=-15.657730866827478
2025-04-28 21:50:18,104 - INFO - cur_node_number 3,f_best -12.914963722229004,f_min -15.657730866827478,k 257.2601560441668
2025-04-28 21:50:18,104 - INFO - f_best_current -12.914963722229004,f_min -15.657730866827478
2025-04-28 21:50:18,104 - INFO - 回退,len(queue)=1
2025-04-28 21:50:23,376 - INFO - tree_node.f_best*ep:-12.900697708129883,left_f_best-11.488434791564941,right_f_best-12.907210350036621,i:1
2025-04-28 21:50:40,185 - INFO - 添加左子节点，右子节点，len(queue):3
2025-04-28 21:50:40,186 - INFO - Node 1: k=464.56125215679884, f_best=-12.877798080444336, f_min=-13.844193052867922
2025-04-28 21:50:40,186 - INFO - Node 2: k=275.81770798351715, f_best=-11.4939603805542, f_min=-13.062592718169071
2025-04-28 21:50:40,186 - INFO - Node 3: k=257.2601560441668, f_best=-12.900697708129883, f_min=-14.792772338818395
2025-04-28 21:50:40,186 - INFO - Node 4: k=206.6818334713329, f_best=-11.488434791564941, f_min=-11.607056469999407
2025-04-28 21:50:40,186 - INFO - Node 5: k=230.5883794347183, f_best=-12.907210350036621, f_min=-13.0281308701351
2025-04-28 21:50:40,186 - INFO - cur_node_number 4,f_best -12.907210350036621,f_min -13.0281308701351,k 230.5883794347183
2025-04-28 21:50:40,186 - INFO - f_best_current -12.907210350036621,f_min -13.0281308701351
2025-04-28 21:50:40,186 - INFO - 结束,fmin= -13.0281308701351, fbestmin=-12.907210350036621
