2025-04-26 14:59:50,528 - INFO - Namespace(log_file='outputs/dnn1/img[3]/min/DNN1img3_label5.log', image_path='img[3].png', model_path='network/SimpleNN14.pth', label=5, init_epsilon=0.05, epsilon=0.01, ep=1, min=1)
2025-04-26 14:59:50,540 - INFO - Model output max(1): torch.return_types.max(
values=tensor([3.4357], grad_fn=<MaxBackward0>),
indices=tensor([3]))
2025-04-26 14:59:55,128 - INFO - cur_node_number 1,f_best -7.813732147216797,f_min -13.392326797169517,k 1375.7082307042963
2025-04-26 14:59:55,129 - INFO - f_best_current -7.813732147216797,f_min -13.392326797169517
2025-04-26 15:00:02,021 - INFO - tree_node.f_best*ep:-7.813732147216797,left_f_best-6.905998706817627,right_f_best-7.859907627105713,i:1
2025-04-26 15:00:22,231 - INFO - 添加左子节点，右子节点，len(queue):2
2025-04-26 15:00:22,231 - INFO - Node 1: k=1375.7082307042963, f_best=-7.813732147216797, f_min=-13.392326797169517
2025-04-26 15:00:22,231 - INFO - Node 2: k=157.74149223360257, f_best=-6.905998706817627, f_min=-7.633791675146313
2025-04-26 15:00:22,231 - INFO - Node 3: k=166.484523142682, f_best=-7.859907627105713, f_min=-10.19811252047748
2025-04-26 15:00:22,231 - INFO - cur_node_number 2,f_best -7.859907627105713,f_min -10.19811252047748,k 166.484523142682
2025-04-26 15:00:22,231 - INFO - f_best_current -7.859907627105713,f_min -10.19811252047748
2025-04-26 15:00:28,381 - INFO - tree_node.f_best*ep:-7.859907627105713,left_f_best-6.8818840980529785,right_f_best-7.835916996002197,i:1
2025-04-26 15:00:34,821 - INFO - tree_node.f_best*ep:-7.859907627105713,left_f_best-6.899053573608398,right_f_best-7.851283073425293,i:2
2025-04-26 15:00:41,772 - INFO - tree_node.f_best*ep:-7.859907627105713,left_f_best-6.9252495765686035,right_f_best-7.853060245513916,i:3
2025-04-26 15:00:49,256 - INFO - tree_node.f_best*ep:-7.859907627105713,left_f_best-6.930881023406982,right_f_best-7.876939296722412,i:4
2025-04-26 15:01:08,493 - INFO - 添加左子节点，右子节点，len(queue):3
2025-04-26 15:01:08,494 - INFO - Node 1: k=1375.7082307042963, f_best=-7.813732147216797, f_min=-13.392326797169517
2025-04-26 15:01:08,494 - INFO - Node 2: k=157.74149223360257, f_best=-6.905998706817627, f_min=-7.633791675146313
2025-04-26 15:01:08,494 - INFO - Node 3: k=166.484523142682, f_best=-7.859907627105713, f_min=-10.19811252047748
2025-04-26 15:01:08,494 - INFO - Node 4: k=156.17969528079462, f_best=-6.930881023406982, f_min=-7.040422147259051
2025-04-26 15:01:08,494 - INFO - Node 5: k=187.59892780675926, f_best=-7.876939296722412, f_min=-8.46411306781738
2025-04-26 15:01:08,494 - INFO - cur_node_number 3,f_best -7.876939296722412,f_min -8.46411306781738,k 187.59892780675926
2025-04-26 15:01:08,494 - INFO - f_best_current -7.876939296722412,f_min -8.46411306781738
2025-04-26 15:01:08,494 - INFO - 回退,len(queue)=1
2025-04-26 15:01:14,804 - INFO - tree_node.f_best*ep:-7.859907627105713,left_f_best-6.898693084716797,right_f_best-7.818795680999756,i:1
2025-04-26 15:01:21,532 - INFO - tree_node.f_best*ep:-7.859907627105713,left_f_best-6.900881767272949,right_f_best-7.861647605895996,i:2
2025-04-26 15:01:41,330 - INFO - 添加左子节点，右子节点，len(queue):3
2025-04-26 15:01:41,330 - INFO - Node 1: k=1375.7082307042963, f_best=-7.813732147216797, f_min=-13.392326797169517
2025-04-26 15:01:41,331 - INFO - Node 2: k=157.74149223360257, f_best=-6.905998706817627, f_min=-7.633791675146313
2025-04-26 15:01:41,331 - INFO - Node 3: k=187.59892780675926, f_best=-7.859907627105713, f_min=-10.19811252047748
2025-04-26 15:01:41,331 - INFO - Node 4: k=204.31566394795584, f_best=-6.900881767272949, f_min=-8.17971477232095
2025-04-26 15:01:41,331 - INFO - Node 5: k=166.484523142682, f_best=-7.861647605895996, f_min=-9.066267272267396
2025-04-26 15:01:41,331 - INFO - cur_node_number 4,f_best -7.861647605895996,f_min -9.066267272267396,k 166.484523142682
2025-04-26 15:01:41,331 - INFO - f_best_current -7.861647605895996,f_min -9.066267272267396
2025-04-26 15:01:47,732 - INFO - tree_node.f_best*ep:-7.861647605895996,left_f_best-6.872500896453857,right_f_best-7.837634086608887,i:1
2025-04-26 15:01:54,581 - INFO - tree_node.f_best*ep:-7.861647605895996,left_f_best-6.903642177581787,right_f_best-7.84580659866333,i:2
2025-04-26 15:02:01,844 - INFO - tree_node.f_best*ep:-7.861647605895996,left_f_best-6.9046807289123535,right_f_best-7.879166603088379,i:3
2025-04-26 15:02:23,268 - INFO - 添加左子节点，右子节点，len(queue):4
2025-04-26 15:02:23,268 - INFO - Node 1: k=1375.7082307042963, f_best=-7.813732147216797, f_min=-13.392326797169517
2025-04-26 15:02:23,268 - INFO - Node 2: k=157.74149223360257, f_best=-6.905998706817627, f_min=-7.633791675146313
2025-04-26 15:02:23,268 - INFO - Node 3: k=187.59892780675926, f_best=-7.859907627105713, f_min=-10.19811252047748
2025-04-26 15:02:23,268 - INFO - Node 4: k=204.31566394795584, f_best=-6.900881767272949, f_min=-8.17971477232095
2025-04-26 15:02:23,268 - INFO - Node 5: k=166.484523142682, f_best=-7.861647605895996, f_min=-9.066267272267396
2025-04-26 15:02:23,269 - INFO - Node 6: k=223.45703263860636, f_best=-6.9046807289123535, f_min=-7.002071759594401
2025-04-26 15:02:23,269 - INFO - Node 7: k=197.16835851288835, f_best=-7.879166603088379, f_min=-10.441397232942563
2025-04-26 15:02:23,269 - INFO - cur_node_number 5,f_best -7.879166603088379,f_min -10.441397232942563,k 197.16835851288835
2025-04-26 15:02:23,269 - INFO - f_best_current -7.879166603088379,f_min -10.441397232942563
2025-04-26 15:02:23,269 - INFO - 回退,len(queue)=2
2025-04-26 15:02:23,269 - INFO - 回退,len(queue)=1
2025-04-26 15:02:29,708 - INFO - tree_node.f_best*ep:-7.859907627105713,left_f_best-6.8728742599487305,right_f_best-7.850599765777588,i:1
2025-04-26 15:02:36,150 - INFO - tree_node.f_best*ep:-7.859907627105713,left_f_best-6.894215106964111,right_f_best-7.874438762664795,i:2
2025-04-26 15:02:56,388 - INFO - 添加左子节点，右子节点，len(queue):3
2025-04-26 15:02:56,389 - INFO - Node 1: k=1375.7082307042963, f_best=-7.813732147216797, f_min=-13.392326797169517
2025-04-26 15:02:56,389 - INFO - Node 2: k=157.74149223360257, f_best=-6.905998706817627, f_min=-7.633791675146313
2025-04-26 15:02:56,389 - INFO - Node 3: k=197.16835851288835, f_best=-7.859907627105713, f_min=-10.19811252047748
2025-04-26 15:02:56,389 - INFO - Node 4: k=195.52176791311012, f_best=-6.894215106964111, f_min=-10.294286353068856
2025-04-26 15:02:56,389 - INFO - Node 5: k=199.14004209801723, f_best=-7.874438762664795, f_min=-8.116682566958843
2025-04-26 15:02:56,389 - INFO - cur_node_number 6,f_best -7.874438762664795,f_min -8.116682566958843,k 199.14004209801723
2025-04-26 15:02:56,389 - INFO - f_best_current -7.874438762664795,f_min -8.116682566958843
2025-04-26 15:02:56,389 - INFO - 回退,len(queue)=1
2025-04-26 15:03:02,908 - INFO - tree_node.f_best*ep:-7.859907627105713,left_f_best-6.882904529571533,right_f_best-7.8483171463012695,i:1
2025-04-26 15:03:09,495 - INFO - tree_node.f_best*ep:-7.859907627105713,left_f_best-6.902680397033691,right_f_best-7.844326019287109,i:2
2025-04-26 15:03:16,237 - INFO - tree_node.f_best*ep:-7.859907627105713,left_f_best-6.912815570831299,right_f_best-7.855213642120361,i:3
2025-04-26 15:03:23,241 - INFO - tree_node.f_best*ep:-7.859907627105713,left_f_best-6.9052300453186035,right_f_best-7.873375415802002,i:4
2025-04-26 15:03:43,141 - INFO - 添加左子节点，右子节点，len(queue):3
2025-04-26 15:03:43,141 - INFO - Node 1: k=1375.7082307042963, f_best=-7.813732147216797, f_min=-13.392326797169517
2025-04-26 15:03:43,141 - INFO - Node 2: k=157.74149223360257, f_best=-6.905998706817627, f_min=-7.633791675146313
2025-04-26 15:03:43,141 - INFO - Node 3: k=199.14004209801723, f_best=-7.859907627105713, f_min=-10.19811252047748
2025-04-26 15:03:43,141 - INFO - Node 4: k=206.3588205874354, f_best=-6.9052300453186035, f_min=-9.50723749728877
2025-04-26 15:03:43,141 - INFO - Node 5: k=161.58823794471908, f_best=-7.873375415802002, f_min=-9.569758356458351
2025-04-26 15:03:43,142 - INFO - cur_node_number 7,f_best -7.873375415802002,f_min -9.569758356458351,k 161.58823794471908
2025-04-26 15:03:43,142 - INFO - f_best_current -7.873375415802002,f_min -9.569758356458351
2025-04-26 15:03:49,521 - INFO - tree_node.f_best*ep:-7.873375415802002,left_f_best-6.880908489227295,right_f_best-7.847731590270996,i:1
2025-04-26 15:03:56,300 - INFO - tree_node.f_best*ep:-7.873375415802002,left_f_best-6.842957973480225,right_f_best-7.828420162200928,i:2
2025-04-26 15:04:03,339 - INFO - tree_node.f_best*ep:-7.873375415802002,left_f_best-6.901675224304199,right_f_best-7.844141960144043,i:3
2025-04-26 15:04:11,286 - INFO - tree_node.f_best*ep:-7.873375415802002,left_f_best-6.912498474121094,right_f_best-7.8765387535095215,i:4
2025-04-26 15:04:30,267 - INFO - 添加左子节点，右子节点，len(queue):4
2025-04-26 15:04:30,267 - INFO - Node 1: k=1375.7082307042963, f_best=-7.813732147216797, f_min=-13.392326797169517
2025-04-26 15:04:30,267 - INFO - Node 2: k=157.74149223360257, f_best=-6.905998706817627, f_min=-7.633791675146313
2025-04-26 15:04:30,267 - INFO - Node 3: k=199.14004209801723, f_best=-7.859907627105713, f_min=-10.19811252047748
2025-04-26 15:04:30,267 - INFO - Node 4: k=206.3588205874354, f_best=-6.9052300453186035, f_min=-9.50723749728877
2025-04-26 15:04:30,268 - INFO - Node 5: k=161.58823794471908, f_best=-7.873375415802002, f_min=-9.569758356458351
2025-04-26 15:04:30,268 - INFO - Node 6: k=120.57821565975124, f_best=-6.912498474121094, f_min=-7.665334315509881
2025-04-26 15:04:30,268 - INFO - Node 7: k=104.29639533918183, f_best=-7.8765387535095215, f_min=-7.883859213511641
2025-04-26 15:04:30,268 - INFO - cur_node_number 8,f_best -7.8765387535095215,f_min -7.883859213511641,k 104.29639533918183
2025-04-26 15:04:30,268 - INFO - f_best_current -7.8765387535095215,f_min -7.883859213511641
2025-04-26 15:04:30,268 - INFO - 结束,fmin= -7.883859213511641, fbestmin=-7.8765387535095215
