2025-05-06 15:54:05,589 - INFO - Namespace(log_file='outputsconfidence/DNN7/img[3]/max/DNN7img3_label3.log', image_path='img[3].png', model_path='network/DNN7.pth', label=3, init_epsilon=0.05, epsilon=0.01, ep=1, min=0)
2025-05-06 15:54:05,621 - INFO - Model output: -15.602020263671875
2025-05-06 15:54:21,892 - INFO - cur_node_number 1,f_best -26.833322525024414,f_min -29.184157566953218,k 1433.9927544233806
2025-05-06 15:54:21,892 - INFO - f_best_current -26.833322525024414,f_min -29.184157566953218
2025-05-06 15:54:47,613 - INFO - tree_node.f_best:-26.833322525024414,left_f_best-24.370351791381836,right_f_best-26.806962966918945,i:1
2025-05-06 15:55:14,443 - INFO - tree_node.f_best:-26.833322525024414,left_f_best-24.03572654724121,right_f_best-26.9256534576416,i:2
2025-05-06 15:55:28,426 - INFO - 添加左子节点，右子节点，len(queue):2
2025-05-06 15:55:28,426 - INFO - Node 1: k=1433.9927544233806, f_best=-26.833322525024414, f_min=-29.184157566953218
2025-05-06 15:55:28,426 - INFO - Node 2: k=539.4077978276367, f_best=-24.03572654724121, f_min=-24.678192004832454
2025-05-06 15:55:28,426 - INFO - Node 3: k=1051.1531995000591, f_best=-26.9256534576416, f_min=-30.683211151896103
2025-05-06 15:55:28,426 - INFO - cur_node_number 2,f_best -26.9256534576416,f_min -30.683211151896103,k 1051.1531995000591
2025-05-06 15:55:28,426 - INFO - f_best_current -26.9256534576416,f_min -30.683211151896103
2025-05-06 15:55:54,461 - INFO - tree_node.f_best:-26.9256534576416,left_f_best-24.15534019470215,right_f_best-26.791688919067383,i:1
2025-05-06 15:56:21,222 - INFO - tree_node.f_best:-26.9256534576416,left_f_best-24.27471351623535,right_f_best-26.904186248779297,i:2
2025-05-06 15:56:49,509 - INFO - tree_node.f_best:-26.9256534576416,left_f_best-24.44265365600586,right_f_best-27.008089065551758,i:3
2025-05-06 15:57:04,729 - INFO - 添加左子节点，右子节点，len(queue):3
2025-05-06 15:57:04,729 - INFO - Node 1: k=1433.9927544233806, f_best=-26.833322525024414, f_min=-29.184157566953218
2025-05-06 15:57:04,729 - INFO - Node 2: k=539.4077978276367, f_best=-24.03572654724121, f_min=-24.678192004832454
2025-05-06 15:57:04,729 - INFO - Node 3: k=1051.1531995000591, f_best=-26.9256534576416, f_min=-30.683211151896103
2025-05-06 15:57:04,729 - INFO - Node 4: k=955.5938177273264, f_best=-24.44265365600586, f_min=-30.27302047694684
2025-05-06 15:57:04,729 - INFO - Node 5: k=1051.1531995000591, f_best=-27.008089065551758, f_min=-27.168685157379514
2025-05-06 15:57:04,729 - INFO - cur_node_number 3,f_best -27.008089065551758,f_min -27.168685157379514,k 1051.1531995000591
2025-05-06 15:57:04,729 - INFO - f_best_current -27.008089065551758,f_min -27.168685157379514
2025-05-06 15:57:04,729 - INFO - bestx
2025-05-06 15:57:04,729 - INFO - [4.82696713e-02 9.82277347e-03 4.96039257e-02 4.88467648e-02
 7.46806857e-04 1.89220725e-05 3.05715200e-03 4.99979620e-02
 4.95978007e-02 7.45170386e-06 1.98095757e-04 3.64948635e-04
 1.56774274e-03 2.30501777e-04 4.99958018e-02 4.71116038e-02
 4.87315326e-02 4.07338028e-02 1.55703079e-04 4.94393301e-02
 4.99274989e-02 4.95382524e-02 4.98740488e-02 3.13571342e-02
 4.88943809e-02 8.75515095e-03 2.12166166e-02 1.20876289e-04
 4.00290981e-04 1.80055154e-05 1.23615833e-05 2.47944059e-03
 5.98809620e-02 4.04533946e-01 5.87311317e-04 1.68827130e-04
 2.82331732e-02 4.99482215e-02 4.96668347e-02 4.99380593e-02
 3.22714298e-02 9.00911116e-03 4.97522694e-02 4.99738071e-02
 4.99354752e-02 4.99915133e-02 5.44733077e-01 8.63925182e-01
 2.92272110e-01 6.17188795e-02 3.33330223e-04 4.92150812e-02
 4.55574333e-02 4.51254822e-02 2.55756234e-02 4.99998449e-02
 4.85336816e-02 4.99558774e-02 4.96825347e-02 4.97949799e-02
 4.99253601e-02 2.18206188e-01 6.44357419e-01 8.42050903e-01
 3.36232124e-01 4.67868960e-02 4.95654175e-02 4.97927728e-02
 3.98388247e-03 4.13175157e-02 3.83769505e-04 2.06957249e-05
 4.13939221e-04 3.37775230e-04 2.85234443e-06 3.37629591e-03
 3.79811408e-02 1.10793325e-01 8.13212318e-01 3.08475752e-01
 4.54360583e-02 2.43993662e-02 2.84836705e-02 4.99792989e-02
 4.99688864e-02 6.89088662e-03 9.79595071e-04 2.92645297e-04
 5.82066427e-04 2.23123281e-03 2.80320943e-05 4.14661275e-01
 8.12146814e-01 2.48650611e-01 5.87772656e-03 6.44170197e-04
 1.71517604e-02 4.86374358e-02 4.97243345e-02 3.90524530e-02
 4.99989598e-02 4.98594739e-02 4.97751336e-02 3.82060850e-01
 8.77721481e-01 6.49240772e-01 1.86417109e-01 1.09434732e-03
 4.99944138e-02 2.66005266e-02 4.74934199e-02 2.04541314e-02
 2.44893014e-03 1.26233959e-02 4.93468724e-02 2.84657304e-02
 1.65922361e-03 9.15792528e-01 8.75657533e-01 7.73737139e-01
 5.62159356e-01 1.45498070e-03 2.98998389e-02 4.22866160e-04
 4.96402467e-02 2.66546806e-02 4.89051555e-02 8.22811380e-03
 1.60109767e-05 6.61397219e-04 1.17529112e-03 3.31429358e-04
 4.12475566e-02 1.00796692e-03 8.95455264e-01 7.97744901e-02
 1.94974195e-04 9.58688190e-03 4.89502752e-02 4.41632687e-03
 4.99792665e-02 4.99998313e-02 4.99964124e-02 4.99611182e-02
 3.27627984e-03 8.73549346e-04 3.55161768e-04 4.69160274e-01
 5.98951954e-01 4.86268428e-02 7.21009489e-03 1.99398669e-04
 7.77100798e-03 4.99755235e-02 4.77641031e-06 4.65530016e-05
 2.80437554e-07 1.71671505e-04 3.44259398e-04 1.69609734e-01
 5.04157977e-01 8.27896014e-01 1.72910568e-03 1.69576911e-04
 4.52060625e-02 2.74251660e-02 4.91478280e-02 4.97917481e-02
 4.76668221e-02 4.99992944e-02 4.97200875e-02 4.99973985e-02
 4.99585400e-02 1.86871409e-01 4.42518358e-01 1.49205477e-03
 2.25590582e-03 8.68263913e-03 4.99410495e-02 4.64603917e-02
 4.94615844e-03 4.98654091e-02 4.84158685e-02 4.97395584e-02
 4.99188498e-02 4.96340744e-02 1.72166030e-04 1.60319983e-04
 2.42058093e-02 1.71172382e-03 2.02045512e-06 4.98218724e-02
 4.95361996e-02 3.45636740e-02 3.31998787e-03 4.74607075e-02]
2025-05-06 15:57:04,729 - INFO - 结束,fmin= -27.168685157379514, fbestmin=-27.008089065551758
