2025-05-06 14:43:37,595 - INFO - Namespace(log_file='outputsconfidence/DNN2/img[3]/max/DNN2img3_label3.log', image_path='img[3].png', model_path='network/DNN2.pth', label=3, init_epsilon=0.05, epsilon=0.01, ep=1, min=0)
2025-05-06 14:43:37,611 - INFO - Model output: -8.321476936340332
2025-05-06 14:43:46,581 - INFO - cur_node_number 1,f_best -16.123302459716797,f_min -17.80553401601901,k 562.1191151097265
2025-05-06 14:43:46,581 - INFO - f_best_current -16.123302459716797,f_min -17.80553401601901
2025-05-06 14:44:02,628 - INFO - tree_node.f_best:-16.123302459716797,left_f_best-14.870858192443848,right_f_best-16.063232421875,i:1
2025-05-06 14:44:19,466 - INFO - tree_node.f_best:-16.123302459716797,left_f_best-14.867071151733398,right_f_best-16.32413101196289,i:2
2025-05-06 14:44:25,177 - INFO - 添加左子节点，右子节点，len(queue):2
2025-05-06 14:44:25,177 - INFO - Node 1: k=562.1191151097265, f_best=-16.123302459716797, f_min=-17.80553401601901
2025-05-06 14:44:25,177 - INFO - Node 2: k=445.79156845259223, f_best=-14.867071151733398, f_min=-18.51923959501437
2025-05-06 14:44:25,177 - INFO - Node 3: k=652.6834353714405, f_best=-16.32413101196289, f_min=-17.524356817544685
2025-05-06 14:44:25,177 - INFO - cur_node_number 2,f_best -16.32413101196289,f_min -17.524356817544685,k 652.6834353714405
2025-05-06 14:44:25,177 - INFO - f_best_current -16.32413101196289,f_min -17.524356817544685
2025-05-06 14:44:25,177 - INFO - 回退,len(queue)=0
2025-05-06 14:44:41,267 - INFO - tree_node.f_best:-16.123302459716797,left_f_best-14.851480484008789,right_f_best-16.278383255004883,i:1
2025-05-06 14:44:46,944 - INFO - 添加左子节点，右子节点，len(queue):2
2025-05-06 14:44:46,944 - INFO - Node 1: k=652.6834353714405, f_best=-16.123302459716797, f_min=-17.80553401601901
2025-05-06 14:44:46,944 - INFO - Node 2: k=593.3485776104004, f_best=-14.851480484008789, f_min=-15.665547571750722
2025-05-06 14:44:46,944 - INFO - Node 3: k=405.2650622296293, f_best=-16.278383255004883, f_min=-19.968332611068035
2025-05-06 14:44:46,944 - INFO - cur_node_number 3,f_best -16.278383255004883,f_min -19.968332611068035,k 405.2650622296293
2025-05-06 14:44:46,944 - INFO - f_best_current -16.278383255004883,f_min -19.968332611068035
2025-05-06 14:45:02,874 - INFO - tree_node.f_best:-16.278383255004883,left_f_best-14.81745719909668,right_f_best-16.18039321899414,i:1
2025-05-06 14:45:19,543 - INFO - tree_node.f_best:-16.278383255004883,left_f_best-14.776004791259766,right_f_best-16.236385345458984,i:2
2025-05-06 14:45:37,244 - INFO - tree_node.f_best:-16.278383255004883,left_f_best-14.758711814880371,right_f_best-16.330663681030273,i:3
2025-05-06 14:45:43,425 - INFO - 添加左子节点，右子节点，len(queue):3
2025-05-06 14:45:43,425 - INFO - Node 1: k=652.6834353714405, f_best=-16.123302459716797, f_min=-17.80553401601901
2025-05-06 14:45:43,425 - INFO - Node 2: k=593.3485776104004, f_best=-14.851480484008789, f_min=-15.665547571750722
2025-05-06 14:45:43,425 - INFO - Node 3: k=405.2650622296293, f_best=-16.278383255004883, f_min=-19.968332611068035
2025-05-06 14:45:43,425 - INFO - Node 4: k=593.3485776104004, f_best=-14.758711814880371, f_min=-15.904065614922729
2025-05-06 14:45:43,425 - INFO - Node 5: k=717.9517789085846, f_best=-16.330663681030273, f_min=-18.141167652749573
2025-05-06 14:45:43,425 - INFO - cur_node_number 4,f_best -16.330663681030273,f_min -18.141167652749573,k 717.9517789085846
2025-05-06 14:45:43,425 - INFO - f_best_current -16.330663681030273,f_min -18.141167652749573
2025-05-06 14:45:43,425 - INFO - 回退,len(queue)=1
2025-05-06 14:45:43,425 - INFO - 回退,len(queue)=0
2025-05-06 14:45:59,810 - INFO - tree_node.f_best:-16.123302459716797,left_f_best-14.670674324035645,right_f_best-16.28582191467285,i:1
2025-05-06 14:46:04,794 - INFO - 添加左子节点，右子节点，len(queue):2
2025-05-06 14:46:04,810 - INFO - Node 1: k=717.9517789085846, f_best=-16.123302459716797, f_min=-17.80553401601901
2025-05-06 14:46:04,810 - INFO - Node 2: k=304.4816395414194, f_best=-14.670674324035645, f_min=-16.77639647079286
2025-05-06 14:46:04,810 - INFO - Node 3: k=368.4227838451175, f_best=-16.28582191467285, f_min=-18.303994207637516
2025-05-06 14:46:04,810 - INFO - cur_node_number 5,f_best -16.28582191467285,f_min -18.303994207637516,k 368.4227838451175
2025-05-06 14:46:04,810 - INFO - f_best_current -16.28582191467285,f_min -18.303994207637516
2025-05-06 14:46:21,135 - INFO - tree_node.f_best:-16.28582191467285,left_f_best-14.724387168884277,right_f_best-16.25304412841797,i:1
2025-05-06 14:46:37,955 - INFO - tree_node.f_best:-16.28582191467285,left_f_best-14.665664672851562,right_f_best-16.304546356201172,i:2
2025-05-06 14:46:43,838 - INFO - 添加左子节点，右子节点，len(queue):3
2025-05-06 14:46:43,838 - INFO - Node 1: k=717.9517789085846, f_best=-16.123302459716797, f_min=-17.80553401601901
2025-05-06 14:46:43,838 - INFO - Node 2: k=304.4816395414194, f_best=-14.670674324035645, f_min=-16.77639647079286
2025-05-06 14:46:43,838 - INFO - Node 3: k=368.4227838451175, f_best=-16.28582191467285, f_min=-18.303994207637516
2025-05-06 14:46:43,838 - INFO - Node 4: k=445.79156845259223, f_best=-14.665664672851562, f_min=-14.926361070984058
2025-05-06 14:46:43,838 - INFO - Node 5: k=652.6834353714405, f_best=-16.304546356201172, f_min=-25.53502925139037
2025-05-06 14:46:43,838 - INFO - cur_node_number 6,f_best -16.304546356201172,f_min -25.53502925139037,k 652.6834353714405
2025-05-06 14:46:43,838 - INFO - f_best_current -16.304546356201172,f_min -25.53502925139037
2025-05-06 14:46:43,838 - INFO - 回退,len(queue)=1
2025-05-06 14:47:00,180 - INFO - tree_node.f_best:-16.28582191467285,left_f_best-14.883378028869629,right_f_best-16.240089416503906,i:1
2025-05-06 14:47:16,979 - INFO - tree_node.f_best:-16.28582191467285,left_f_best-14.923592567443848,right_f_best-16.271692276000977,i:2
2025-05-06 14:47:34,839 - INFO - tree_node.f_best:-16.28582191467285,left_f_best-14.939911842346191,right_f_best-16.309959411621094,i:3
2025-05-06 14:47:40,921 - INFO - 添加左子节点，右子节点，len(queue):3
2025-05-06 14:47:40,921 - INFO - Node 1: k=717.9517789085846, f_best=-16.123302459716797, f_min=-17.80553401601901
2025-05-06 14:47:40,921 - INFO - Node 2: k=304.4816395414194, f_best=-14.670674324035645, f_min=-16.77639647079286
2025-05-06 14:47:40,921 - INFO - Node 3: k=652.6834353714405, f_best=-16.28582191467285, f_min=-18.303994207637516
2025-05-06 14:47:40,921 - INFO - Node 4: k=539.4077978276367, f_best=-14.939911842346191, f_min=-16.77335515149025
2025-05-06 14:47:40,921 - INFO - Node 5: k=717.9517789085846, f_best=-16.309959411621094, f_min=-20.509913752666762
2025-05-06 14:47:40,921 - INFO - cur_node_number 7,f_best -16.309959411621094,f_min -20.509913752666762,k 717.9517789085846
2025-05-06 14:47:40,921 - INFO - f_best_current -16.309959411621094,f_min -20.509913752666762
2025-05-06 14:47:40,921 - INFO - 回退,len(queue)=1
2025-05-06 14:47:57,176 - INFO - tree_node.f_best:-16.28582191467285,left_f_best-14.862433433532715,right_f_best-16.251171112060547,i:1
2025-05-06 14:48:14,057 - INFO - tree_node.f_best:-16.28582191467285,left_f_best-14.935280799865723,right_f_best-16.276512145996094,i:2
2025-05-06 14:48:31,704 - INFO - tree_node.f_best:-16.28582191467285,left_f_best-14.911395072937012,right_f_best-16.363889694213867,i:3
2025-05-06 14:48:37,898 - INFO - 添加左子节点，右子节点，len(queue):3
2025-05-06 14:48:37,898 - INFO - Node 1: k=717.9517789085846, f_best=-16.123302459716797, f_min=-17.80553401601901
2025-05-06 14:48:37,898 - INFO - Node 2: k=304.4816395414194, f_best=-14.670674324035645, f_min=-16.77639647079286
2025-05-06 14:48:37,898 - INFO - Node 3: k=717.9517789085846, f_best=-16.28582191467285, f_min=-18.303994207637516
2025-05-06 14:48:37,898 - INFO - Node 4: k=652.6834353714405, f_best=-14.911395072937012, f_min=-15.36721428590863
2025-05-06 14:48:37,898 - INFO - Node 5: k=717.9517789085846, f_best=-16.363889694213867, f_min=-17.273890195123386
2025-05-06 14:48:37,898 - INFO - cur_node_number 8,f_best -16.363889694213867,f_min -17.273890195123386,k 717.9517789085846
2025-05-06 14:48:37,898 - INFO - f_best_current -16.363889694213867,f_min -17.273890195123386
2025-05-06 14:48:54,023 - INFO - tree_node.f_best:-16.363889694213867,left_f_best-14.905755043029785,right_f_best-16.272506713867188,i:1
2025-05-06 14:49:10,848 - INFO - tree_node.f_best:-16.363889694213867,left_f_best-14.625856399536133,right_f_best-16.287878036499023,i:2
2025-05-06 14:49:28,530 - INFO - tree_node.f_best:-16.363889694213867,left_f_best-14.907210350036621,right_f_best-16.318675994873047,i:3
2025-05-06 14:49:47,178 - INFO - tree_node.f_best:-16.363889694213867,left_f_best-14.594518661499023,right_f_best-16.387853622436523,i:4
2025-05-06 14:49:52,986 - INFO - 添加左子节点，右子节点，len(queue):4
2025-05-06 14:49:52,986 - INFO - Node 1: k=717.9517789085846, f_best=-16.123302459716797, f_min=-17.80553401601901
2025-05-06 14:49:52,998 - INFO - Node 2: k=304.4816395414194, f_best=-14.670674324035645, f_min=-16.77639647079286
2025-05-06 14:49:52,998 - INFO - Node 3: k=717.9517789085846, f_best=-16.28582191467285, f_min=-18.303994207637516
2025-05-06 14:49:52,998 - INFO - Node 4: k=652.6834353714405, f_best=-14.911395072937012, f_min=-15.36721428590863
2025-05-06 14:49:52,998 - INFO - Node 5: k=717.9517789085846, f_best=-16.363889694213867, f_min=-17.273890195123386
2025-05-06 14:49:52,998 - INFO - Node 6: k=304.4816395414194, f_best=-14.594518661499023, f_min=-15.958459478569239
2025-05-06 14:49:52,998 - INFO - Node 7: k=868.7216524793876, f_best=-16.387853622436523, f_min=-32.48013558398088
2025-05-06 14:49:52,998 - INFO - cur_node_number 9,f_best -16.387853622436523,f_min -32.48013558398088,k 868.7216524793876
2025-05-06 14:49:52,998 - INFO - f_best_current -16.387853622436523,f_min -32.48013558398088
2025-05-06 14:49:52,998 - INFO - 回退,len(queue)=2
2025-05-06 14:49:52,998 - INFO - 回退,len(queue)=1
2025-05-06 14:49:52,998 - INFO - 回退,len(queue)=0
2025-05-06 14:50:08,985 - INFO - tree_node.f_best:-16.123302459716797,left_f_best-14.904206275939941,right_f_best-16.068979263305664,i:1
2025-05-06 14:50:26,139 - INFO - tree_node.f_best:-16.123302459716797,left_f_best-14.774359703063965,right_f_best-16.278839111328125,i:2
2025-05-06 14:50:31,424 - INFO - 添加左子节点，右子节点，len(queue):2
2025-05-06 14:50:31,424 - INFO - Node 1: k=868.7216524793876, f_best=-16.123302459716797, f_min=-17.80553401601901
2025-05-06 14:50:31,424 - INFO - Node 2: k=405.2650622296293, f_best=-14.774359703063965, f_min=-23.895731690323373
2025-05-06 14:50:31,424 - INFO - Node 3: k=405.2650622296293, f_best=-16.278839111328125, f_min=-22.285402598268774
2025-05-06 14:50:31,424 - INFO - cur_node_number 10,f_best -16.278839111328125,f_min -22.285402598268774,k 405.2650622296293
2025-05-06 14:50:31,424 - INFO - f_best_current -16.278839111328125,f_min -22.285402598268774
2025-05-06 14:50:47,528 - INFO - tree_node.f_best:-16.278839111328125,left_f_best-14.821307182312012,right_f_best-16.250347137451172,i:1
2025-05-06 14:51:04,716 - INFO - tree_node.f_best:-16.278839111328125,left_f_best-14.726967811584473,right_f_best-16.3407039642334,i:2
2025-05-06 14:51:10,063 - INFO - 添加左子节点，右子节点，len(queue):3
2025-05-06 14:51:10,063 - INFO - Node 1: k=868.7216524793876, f_best=-16.123302459716797, f_min=-17.80553401601901
2025-05-06 14:51:10,063 - INFO - Node 2: k=405.2650622296293, f_best=-14.774359703063965, f_min=-23.895731690323373
2025-05-06 14:51:10,063 - INFO - Node 3: k=405.2650622296293, f_best=-16.278839111328125, f_min=-22.285402598268774
2025-05-06 14:51:10,063 - INFO - Node 4: k=445.79156845259223, f_best=-14.726967811584473, f_min=-17.873649890289016
2025-05-06 14:51:10,063 - INFO - Node 5: k=334.9298034955614, f_best=-16.3407039642334, f_min=-18.964276527422044
2025-05-06 14:51:10,063 - INFO - cur_node_number 11,f_best -16.3407039642334,f_min -18.964276527422044,k 334.9298034955614
2025-05-06 14:51:10,063 - INFO - f_best_current -16.3407039642334,f_min -18.964276527422044
2025-05-06 14:51:26,546 - INFO - tree_node.f_best:-16.3407039642334,left_f_best-14.909003257751465,right_f_best-16.225889205932617,i:1
2025-05-06 14:51:43,334 - INFO - tree_node.f_best:-16.3407039642334,left_f_best-14.690422058105469,right_f_best-16.089595794677734,i:2
2025-05-06 14:52:00,972 - INFO - tree_node.f_best:-16.3407039642334,left_f_best-14.936326026916504,right_f_best-16.346267700195312,i:3
2025-05-06 14:52:07,257 - INFO - 添加左子节点，右子节点，len(queue):4
2025-05-06 14:52:07,257 - INFO - Node 1: k=868.7216524793876, f_best=-16.123302459716797, f_min=-17.80553401601901
2025-05-06 14:52:07,257 - INFO - Node 2: k=405.2650622296293, f_best=-14.774359703063965, f_min=-23.895731690323373
2025-05-06 14:52:07,257 - INFO - Node 3: k=405.2650622296293, f_best=-16.278839111328125, f_min=-22.285402598268774
2025-05-06 14:52:07,257 - INFO - Node 4: k=445.79156845259223, f_best=-14.726967811584473, f_min=-17.873649890289016
2025-05-06 14:52:07,257 - INFO - Node 5: k=334.9298034955614, f_best=-16.3407039642334, f_min=-18.964276527422044
2025-05-06 14:52:07,257 - INFO - Node 6: k=868.7216524793876, f_best=-14.936326026916504, f_min=-24.58350663240344
2025-05-06 14:52:07,257 - INFO - Node 7: k=539.4077978276367, f_best=-16.346267700195312, f_min=-16.494293657455273
2025-05-06 14:52:07,257 - INFO - cur_node_number 12,f_best -16.346267700195312,f_min -16.494293657455273,k 539.4077978276367
2025-05-06 14:52:07,257 - INFO - f_best_current -16.346267700195312,f_min -16.494293657455273
2025-05-06 14:52:07,257 - INFO - bestx
2025-05-06 14:52:07,257 - INFO - [4.58239819e-04 3.08193567e-04 1.30780883e-02 5.47683007e-04
 1.30201263e-03 1.56912624e-03 1.40313153e-03 1.96994323e-03
 2.11728411e-03 2.83733984e-03 3.34295146e-04 1.56667950e-03
 5.26838680e-03 4.99297327e-02 6.78165698e-06 8.66296760e-05
 4.90223961e-02 4.98515697e-02 1.21626602e-02 4.97595670e-02
 4.69087313e-02 4.97994220e-02 4.99715457e-02 3.49426599e-02
 4.91997469e-02 1.68376487e-02 2.24757799e-05 4.71440812e-02
 4.97734086e-02 4.99538647e-02 4.28125107e-03 4.98650743e-02
 6.02653092e-02 3.06863297e-01 1.50158861e-04 9.79199647e-04
 1.02173883e-04 4.98646615e-02 1.61117420e-02 8.02657408e-05
 3.48153922e-02 7.06802719e-04 1.68022397e-02 4.99582273e-02
 4.97401439e-02 4.99313414e-02 5.47986777e-01 9.62675302e-01
 3.91019678e-01 6.15072856e-02 2.41408796e-04 2.26753533e-02
 4.93080809e-02 2.80199394e-05 4.93773241e-02 3.49928180e-02
 9.03931853e-05 1.39419349e-05 3.70928680e-04 2.06088307e-04
 1.58884210e-03 1.69620702e-01 6.46078157e-01 8.41662283e-01
 2.43502036e-01 4.99861314e-02 4.99840744e-02 4.44807600e-02
 7.34922412e-06 3.92237188e-02 4.99956147e-02 4.99947236e-02
 4.99755394e-02 4.99574619e-02 4.99555566e-02 4.97835689e-02
 4.98042100e-02 1.65442431e-01 9.12273166e-01 3.08793240e-01
 4.95308907e-02 4.99528495e-02 9.21373574e-03 4.92756683e-02
 4.96777719e-05 6.94134306e-04 1.01593369e-05 9.22448364e-05
 6.36953973e-06 1.01841207e-03 8.52551667e-02 4.14698594e-01
 7.62013489e-01 1.50001476e-01 9.74826212e-05 1.66581859e-04
 5.59552423e-04 3.00968243e-04 4.50169344e-02 1.40051875e-04
 4.97566251e-02 6.57578982e-04 4.99727563e-02 2.87433519e-01
 7.81780616e-01 6.49935559e-01 1.85445756e-01 1.18917528e-04
 1.98341637e-02 6.82670649e-07 4.98796089e-02 1.95566649e-05
 4.93693584e-02 4.94063688e-02 4.96644268e-02 5.02339444e-08
 8.23703169e-04 8.16796663e-01 8.81283315e-01 8.72440427e-01
 4.63997092e-01 2.50858004e-03 5.19467307e-04 4.98312332e-02
 4.97248194e-02 1.51215301e-04 4.98576011e-02 4.99700143e-02
 4.99738640e-02 1.08601148e-05 2.04366498e-04 1.01637116e-04
 3.54213821e-07 3.39701095e-03 9.94839998e-01 6.93045292e-03
 2.77061482e-02 4.97988078e-02 4.96373759e-02 4.50396036e-04
 6.28135691e-04 2.91424512e-07 4.98730893e-02 4.99589288e-02
 4.74685819e-02 8.40911630e-05 2.73743510e-05 4.69576647e-01
 5.96645137e-01 6.51121015e-03 4.95013855e-02 4.99261996e-02
 4.99953361e-02 3.10508320e-03 4.90155194e-02 4.87380736e-02
 9.19343585e-05 2.29718088e-07 4.95744677e-04 2.68476447e-01
 5.04901438e-01 8.27672215e-01 5.66512667e-02 2.23078817e-02
 4.99672851e-02 4.98470018e-02 4.96538518e-02 3.34691937e-03
 4.91874392e-02 4.99992179e-02 4.99524760e-02 4.99998652e-02
 4.98292858e-02 1.87253554e-01 4.45905447e-01 2.19518651e-04
 3.96970338e-06 4.98937473e-02 4.96012102e-02 4.97211373e-02
 1.92323514e-02 4.86479800e-04 5.46649415e-05 7.08126590e-04
 4.97227176e-02 4.84507372e-02 4.98146077e-02 4.98606131e-02
 4.98328075e-02 4.90295846e-02 4.97422799e-02 4.85832626e-02
 4.68609094e-04 2.78774995e-06 9.18069311e-04 6.47106932e-03]
2025-05-06 14:52:07,257 - INFO - 结束,fmin= -16.494293657455273, fbestmin=-16.346267700195312
