2025-04-29 21:19:55,978 - INFO - Namespace(log_file='outputs/DNN3/img[0]/max/DNN3img0_label6.log', image_path='img[0].png', model_path='network/DNN3.pth', label=6, init_epsilon=0.05, epsilon=0.01, ep=1, min=0)
2025-04-29 21:19:55,991 - INFO - Model output max(1): torch.return_types.max(
values=tensor([24.2042], grad_fn=<MaxBackward0>),
indices=tensor([0]))
2025-04-29 21:20:02,786 - INFO - cur_node_number 1,f_best -3.227531671524048,f_min -3.284844211786549,k 802.7618437269483
2025-04-29 21:20:02,787 - INFO - f_best_current -3.227531671524048,f_min -3.284844211786549
2025-04-29 21:20:12,511 - INFO - tree_node.f_best*ep:-3.227531671524048,left_f_best-1.8405280113220215,right_f_best-3.275649070739746,i:1
2025-04-29 21:21:13,008 - INFO - 添加左子节点，右子节点，len(queue):2
2025-04-29 21:21:13,008 - INFO - Node 1: k=802.7618437269483, f_best=-3.227531671524048, f_min=-3.284844211786549
2025-04-29 21:21:13,008 - INFO - Node 2: k=242.35070422216108, f_best=-1.8405280113220215, f_min=-1.931515240198678
2025-04-29 21:21:13,009 - INFO - Node 3: k=288.22303898305233, f_best=-3.275649070739746, f_min=-3.689460159492228
2025-04-29 21:21:13,009 - INFO - cur_node_number 2,f_best -3.275649070739746,f_min -3.689460159492228,k 288.22303898305233
2025-04-29 21:21:13,009 - INFO - f_best_current -3.275649070739746,f_min -3.689460159492228
2025-04-29 21:21:27,733 - INFO - tree_node.f_best*ep:-3.275649070739746,left_f_best-1.8548989295959473,right_f_best-3.2612149715423584,i:1
2025-04-29 21:21:43,166 - INFO - tree_node.f_best*ep:-3.275649070739746,left_f_best-1.8836994171142578,right_f_best-3.3383729457855225,i:2
2025-04-29 21:22:45,368 - INFO - 添加左子节点，右子节点，len(queue):3
2025-04-29 21:22:45,369 - INFO - Node 1: k=802.7618437269483, f_best=-3.227531671524048, f_min=-3.284844211786549
2025-04-29 21:22:45,369 - INFO - Node 2: k=242.35070422216108, f_best=-1.8405280113220215, f_min=-1.931515240198678
2025-04-29 21:22:45,369 - INFO - Node 3: k=288.22303898305233, f_best=-3.275649070739746, f_min=-3.689460159492228
2025-04-29 21:22:45,369 - INFO - Node 4: k=261.33298171196674, f_best=-1.8836994171142578, f_min=-3.2220691438451468
2025-04-29 21:22:45,369 - INFO - Node 5: k=168.41257210947362, f_best=-3.3383729457855225, f_min=-3.951344610929482
2025-04-29 21:22:45,369 - INFO - cur_node_number 3,f_best -3.3383729457855225,f_min -3.951344610929482,k 168.41257210947362
2025-04-29 21:22:45,369 - INFO - f_best_current -3.3383729457855225,f_min -3.951344610929482
2025-04-29 21:22:58,674 - INFO - tree_node.f_best*ep:-3.3383729457855225,left_f_best-1.8510903120040894,right_f_best-3.276319742202759,i:1
2025-04-29 21:23:13,515 - INFO - tree_node.f_best*ep:-3.3383729457855225,left_f_best-1.8869240283966064,right_f_best-3.383099317550659,i:2
2025-04-29 21:24:21,593 - INFO - 添加左子节点，右子节点，len(queue):4
2025-04-29 21:24:21,593 - INFO - Node 1: k=802.7618437269483, f_best=-3.227531671524048, f_min=-3.284844211786549
2025-04-29 21:24:21,593 - INFO - Node 2: k=242.35070422216108, f_best=-1.8405280113220215, f_min=-1.931515240198678
2025-04-29 21:24:21,594 - INFO - Node 3: k=288.22303898305233, f_best=-3.275649070739746, f_min=-3.689460159492228
2025-04-29 21:24:21,594 - INFO - Node 4: k=261.33298171196674, f_best=-1.8836994171142578, f_min=-3.2220691438451468
2025-04-29 21:24:21,594 - INFO - Node 5: k=168.41257210947362, f_best=-3.3383729457855225, f_min=-3.951344610929482
2025-04-29 21:24:21,594 - INFO - Node 6: k=287.0170129566569, f_best=-1.8869240283966064, f_min=-3.0063687650854263
2025-04-29 21:24:21,594 - INFO - Node 7: k=178.77333890875022, f_best=-3.383099317550659, f_min=-4.281135772250309
2025-04-29 21:24:21,594 - INFO - cur_node_number 4,f_best -3.383099317550659,f_min -4.281135772250309,k 178.77333890875022
2025-04-29 21:24:21,594 - INFO - f_best_current -3.383099317550659,f_min -4.281135772250309
2025-04-29 21:24:21,595 - INFO - 回退,len(queue)=2
2025-04-29 21:24:36,177 - INFO - tree_node.f_best*ep:-3.3383729457855225,left_f_best-1.7900100946426392,right_f_best-3.2714688777923584,i:1
2025-04-29 21:24:51,287 - INFO - tree_node.f_best*ep:-3.3383729457855225,left_f_best-1.7932599782943726,right_f_best-3.3092596530914307,i:2
2025-04-29 21:25:06,929 - INFO - tree_node.f_best*ep:-3.3383729457855225,left_f_best-1.8732032775878906,right_f_best-3.394928455352783,i:3
2025-04-29 21:26:12,724 - INFO - 添加左子节点，右子节点，len(queue):4
2025-04-29 21:26:12,724 - INFO - Node 1: k=802.7618437269483, f_best=-3.227531671524048, f_min=-3.284844211786549
2025-04-29 21:26:12,724 - INFO - Node 2: k=242.35070422216108, f_best=-1.8405280113220215, f_min=-1.931515240198678
2025-04-29 21:26:12,724 - INFO - Node 3: k=288.22303898305233, f_best=-3.275649070739746, f_min=-3.689460159492228
2025-04-29 21:26:12,724 - INFO - Node 4: k=261.33298171196674, f_best=-1.8836994171142578, f_min=-3.2220691438451468
2025-04-29 21:26:12,725 - INFO - Node 5: k=178.77333890875022, f_best=-3.3383729457855225, f_min=-3.951344610929482
2025-04-29 21:26:12,725 - INFO - Node 6: k=291.5609356357074, f_best=-1.8732032775878906, f_min=-4.953006509556872
2025-04-29 21:26:12,725 - INFO - Node 7: k=201.44627300264526, f_best=-3.394928455352783, f_min=-3.6505903094566747
2025-04-29 21:26:12,725 - INFO - cur_node_number 5,f_best -3.394928455352783,f_min -3.6505903094566747,k 201.44627300264526
2025-04-29 21:26:12,725 - INFO - f_best_current -3.394928455352783,f_min -3.6505903094566747
2025-04-29 21:26:12,725 - INFO - 回退,len(queue)=2
2025-04-29 21:26:27,407 - INFO - tree_node.f_best*ep:-3.3383729457855225,left_f_best-1.8073350191116333,right_f_best-3.2616093158721924,i:1
2025-04-29 21:26:42,453 - INFO - tree_node.f_best*ep:-3.3383729457855225,left_f_best-1.8529503345489502,right_f_best-3.326235055923462,i:2
2025-04-29 21:26:57,911 - INFO - tree_node.f_best*ep:-3.3383729457855225,left_f_best-1.9349902868270874,right_f_best-3.312880754470825,i:3
2025-04-29 21:27:13,639 - INFO - tree_node.f_best*ep:-3.3383729457855225,left_f_best-1.9037394523620605,right_f_best-3.3687615394592285,i:4
2025-04-29 21:28:20,869 - INFO - 添加左子节点，右子节点，len(queue):4
2025-04-29 21:28:20,869 - INFO - Node 1: k=802.7618437269483, f_best=-3.227531671524048, f_min=-3.284844211786549
2025-04-29 21:28:20,869 - INFO - Node 2: k=242.35070422216108, f_best=-1.8405280113220215, f_min=-1.931515240198678
2025-04-29 21:28:20,869 - INFO - Node 3: k=288.22303898305233, f_best=-3.275649070739746, f_min=-3.689460159492228
2025-04-29 21:28:20,870 - INFO - Node 4: k=261.33298171196674, f_best=-1.8836994171142578, f_min=-3.2220691438451468
2025-04-29 21:28:20,870 - INFO - Node 5: k=201.44627300264526, f_best=-3.3383729457855225, f_min=-3.951344610929482
2025-04-29 21:28:20,870 - INFO - Node 6: k=295.7139154662566, f_best=-1.9037394523620605, f_min=-2.2861697258649656
2025-04-29 21:28:20,870 - INFO - Node 7: k=211.72205748096846, f_best=-3.3687615394592285, f_min=-6.926106473786604
2025-04-29 21:28:20,870 - INFO - cur_node_number 6,f_best -3.3687615394592285,f_min -6.926106473786604,k 211.72205748096846
2025-04-29 21:28:20,870 - INFO - f_best_current -3.3687615394592285,f_min -6.926106473786604
2025-04-29 21:28:20,870 - INFO - 回退,len(queue)=2
2025-04-29 21:28:35,377 - INFO - tree_node.f_best*ep:-3.3383729457855225,left_f_best-1.8301165103912354,right_f_best-3.366563320159912,i:1
2025-04-29 21:29:40,813 - INFO - 添加左子节点，右子节点，len(queue):4
2025-04-29 21:29:40,813 - INFO - Node 1: k=802.7618437269483, f_best=-3.227531671524048, f_min=-3.284844211786549
2025-04-29 21:29:40,813 - INFO - Node 2: k=242.35070422216108, f_best=-1.8405280113220215, f_min=-1.931515240198678
2025-04-29 21:29:40,813 - INFO - Node 3: k=288.22303898305233, f_best=-3.275649070739746, f_min=-3.689460159492228
2025-04-29 21:29:40,813 - INFO - Node 4: k=261.33298171196674, f_best=-1.8836994171142578, f_min=-3.2220691438451468
2025-04-29 21:29:40,814 - INFO - Node 5: k=211.72205748096846, f_best=-3.3383729457855225, f_min=-3.951344610929482
2025-04-29 21:29:40,814 - INFO - Node 6: k=151.8237514283602, f_best=-1.8301165103912354, f_min=-2.7412861782759137
2025-04-29 21:29:40,814 - INFO - Node 7: k=341.34382229140334, f_best=-3.366563320159912, f_min=-4.844252517075802
2025-04-29 21:29:40,814 - INFO - cur_node_number 7,f_best -3.366563320159912,f_min -4.844252517075802,k 341.34382229140334
2025-04-29 21:29:40,814 - INFO - f_best_current -3.366563320159912,f_min -4.844252517075802
2025-04-29 21:29:40,814 - INFO - 回退,len(queue)=2
2025-04-29 21:29:40,814 - INFO - 回退,len(queue)=1
2025-04-29 21:29:54,984 - INFO - tree_node.f_best*ep:-3.275649070739746,left_f_best-1.7903027534484863,right_f_best-3.3326973915100098,i:1
2025-04-29 21:30:57,333 - INFO - 添加左子节点，右子节点，len(queue):3
2025-04-29 21:30:57,333 - INFO - Node 1: k=802.7618437269483, f_best=-3.227531671524048, f_min=-3.284844211786549
2025-04-29 21:30:57,333 - INFO - Node 2: k=242.35070422216108, f_best=-1.8405280113220215, f_min=-1.931515240198678
2025-04-29 21:30:57,333 - INFO - Node 3: k=341.34382229140334, f_best=-3.275649070739746, f_min=-3.689460159492228
2025-04-29 21:30:57,334 - INFO - Node 4: k=249.6941729107968, f_best=-1.7903027534484863, f_min=-4.745637234782407
2025-04-29 21:30:57,334 - INFO - Node 5: k=184.19034985102425, f_best=-3.3326973915100098, f_min=-4.926478186282111
2025-04-29 21:30:57,334 - INFO - cur_node_number 8,f_best -3.3326973915100098,f_min -4.926478186282111,k 184.19034985102425
2025-04-29 21:30:57,334 - INFO - f_best_current -3.3326973915100098,f_min -4.926478186282111
2025-04-29 21:31:11,826 - INFO - tree_node.f_best*ep:-3.3326973915100098,left_f_best-1.8243839740753174,right_f_best-3.353102445602417,i:1
2025-04-29 21:32:11,396 - INFO - 添加左子节点，右子节点，len(queue):4
2025-04-29 21:32:11,397 - INFO - Node 1: k=802.7618437269483, f_best=-3.227531671524048, f_min=-3.284844211786549
2025-04-29 21:32:11,397 - INFO - Node 2: k=242.35070422216108, f_best=-1.8405280113220215, f_min=-1.931515240198678
2025-04-29 21:32:11,397 - INFO - Node 3: k=341.34382229140334, f_best=-3.275649070739746, f_min=-3.689460159492228
2025-04-29 21:32:11,397 - INFO - Node 4: k=249.6941729107968, f_best=-1.7903027534484863, f_min=-4.745637234782407
2025-04-29 21:32:11,397 - INFO - Node 5: k=184.19034985102425, f_best=-3.3326973915100098, f_min=-4.926478186282111
2025-04-29 21:32:11,397 - INFO - Node 6: k=121.46424146066826, f_best=-1.8243839740753174, f_min=-2.101831421249699
2025-04-29 21:32:11,397 - INFO - Node 7: k=274.23433197011667, f_best=-3.353102445602417, f_min=-5.11982482096937
2025-04-29 21:32:11,397 - INFO - cur_node_number 9,f_best -3.353102445602417,f_min -5.11982482096937,k 274.23433197011667
2025-04-29 21:32:11,398 - INFO - f_best_current -3.353102445602417,f_min -5.11982482096937
2025-04-29 21:32:11,398 - INFO - 回退,len(queue)=2
2025-04-29 21:32:25,748 - INFO - tree_node.f_best*ep:-3.3326973915100098,left_f_best-1.8705706596374512,right_f_best-3.3035285472869873,i:1
2025-04-29 21:32:40,790 - INFO - tree_node.f_best*ep:-3.3326973915100098,left_f_best-1.847020149230957,right_f_best-3.311060667037964,i:2
2025-04-29 21:32:56,431 - INFO - tree_node.f_best*ep:-3.3326973915100098,left_f_best-1.9144951105117798,right_f_best-3.405783176422119,i:3
2025-04-29 21:34:02,208 - INFO - 添加左子节点，右子节点，len(queue):4
2025-04-29 21:34:02,209 - INFO - Node 1: k=802.7618437269483, f_best=-3.227531671524048, f_min=-3.284844211786549
2025-04-29 21:34:02,209 - INFO - Node 2: k=242.35070422216108, f_best=-1.8405280113220215, f_min=-1.931515240198678
2025-04-29 21:34:02,209 - INFO - Node 3: k=341.34382229140334, f_best=-3.275649070739746, f_min=-3.689460159492228
2025-04-29 21:34:02,209 - INFO - Node 4: k=249.6941729107968, f_best=-1.7903027534484863, f_min=-4.745637234782407
2025-04-29 21:34:02,209 - INFO - Node 5: k=274.23433197011667, f_best=-3.3326973915100098, f_min=-4.926478186282111
2025-04-29 21:34:02,209 - INFO - Node 6: k=287.0170129566569, f_best=-1.9144951105117798, f_min=-7.499815979643245
2025-04-29 21:34:02,209 - INFO - Node 7: k=184.19034985102425, f_best=-3.405783176422119, f_min=-4.317837038046491
2025-04-29 21:34:02,210 - INFO - cur_node_number 10,f_best -3.405783176422119,f_min -4.317837038046491,k 184.19034985102425
2025-04-29 21:34:02,210 - INFO - f_best_current -3.405783176422119,f_min -4.317837038046491
2025-04-29 21:34:16,751 - INFO - tree_node.f_best*ep:-3.405783176422119,left_f_best-1.8830782175064087,right_f_best-3.363325357437134,i:1
2025-04-29 21:34:31,803 - INFO - tree_node.f_best*ep:-3.405783176422119,left_f_best-1.9040393829345703,right_f_best-3.399000406265259,i:2
2025-04-29 21:34:47,587 - INFO - tree_node.f_best*ep:-3.405783176422119,left_f_best-1.8713690042495728,right_f_best-3.2864139080047607,i:3
2025-04-29 21:35:04,120 - INFO - tree_node.f_best*ep:-3.405783176422119,left_f_best-1.8362033367156982,right_f_best-3.3783481121063232,i:4
2025-04-29 21:35:21,327 - INFO - tree_node.f_best*ep:-3.405783176422119,left_f_best-1.872087836265564,right_f_best-3.377600908279419,i:5
2025-04-29 21:35:39,290 - INFO - tree_node.f_best*ep:-3.405783176422119,left_f_best-1.9942513704299927,right_f_best-3.3808491230010986,i:6
2025-04-29 21:35:58,170 - INFO - tree_node.f_best*ep:-3.405783176422119,left_f_best-1.9811042547225952,right_f_best-3.3915958404541016,i:7
2025-04-29 21:36:17,662 - INFO - tree_node.f_best*ep:-3.405783176422119,left_f_best-1.961272120475769,right_f_best-3.4508044719696045,i:8
2025-04-29 21:37:14,841 - INFO - 添加左子节点，右子节点，len(queue):5
2025-04-29 21:37:14,841 - INFO - Node 1: k=802.7618437269483, f_best=-3.227531671524048, f_min=-3.284844211786549
2025-04-29 21:37:14,841 - INFO - Node 2: k=242.35070422216108, f_best=-1.8405280113220215, f_min=-1.931515240198678
2025-04-29 21:37:14,842 - INFO - Node 3: k=341.34382229140334, f_best=-3.275649070739746, f_min=-3.689460159492228
2025-04-29 21:37:14,842 - INFO - Node 4: k=249.6941729107968, f_best=-1.7903027534484863, f_min=-4.745637234782407
2025-04-29 21:37:14,842 - INFO - Node 5: k=274.23433197011667, f_best=-3.3326973915100098, f_min=-4.926478186282111
2025-04-29 21:37:14,842 - INFO - Node 6: k=287.0170129566569, f_best=-1.9144951105117798, f_min=-7.499815979643245
2025-04-29 21:37:14,842 - INFO - Node 7: k=184.19034985102425, f_best=-3.405783176422119, f_min=-4.317837038046491
2025-04-29 21:37:14,842 - INFO - Node 8: k=185.253829320421, f_best=-1.961272120475769, f_min=-2.6233025489200372
2025-04-29 21:37:14,842 - INFO - Node 9: k=147.97782835986555, f_best=-3.4508044719696045, f_min=-4.9978357977543055
2025-04-29 21:37:14,843 - INFO - cur_node_number 11,f_best -3.4508044719696045,f_min -4.9978357977543055,k 147.97782835986555
2025-04-29 21:37:14,843 - INFO - f_best_current -3.4508044719696045,f_min -4.9978357977543055
2025-04-29 21:37:29,547 - INFO - tree_node.f_best*ep:-3.4508044719696045,left_f_best-1.8667726516723633,right_f_best-3.333841562271118,i:1
2025-04-29 21:37:44,546 - INFO - tree_node.f_best*ep:-3.4508044719696045,left_f_best-1.881929874420166,right_f_best-3.349321126937866,i:2
2025-04-29 21:38:00,263 - INFO - tree_node.f_best*ep:-3.4508044719696045,left_f_best-1.9044073820114136,right_f_best-3.3417508602142334,i:3
2025-04-29 21:38:16,736 - INFO - tree_node.f_best*ep:-3.4508044719696045,left_f_best-1.9463168382644653,right_f_best-3.4063720703125,i:4
2025-04-29 21:38:33,275 - INFO - tree_node.f_best*ep:-3.4508044719696045,left_f_best-1.9613206386566162,right_f_best-3.384180784225464,i:5
2025-04-29 21:38:50,701 - INFO - tree_node.f_best*ep:-3.4508044719696045,left_f_best-1.9204083681106567,right_f_best-3.3739583492279053,i:6
2025-04-29 21:39:09,040 - INFO - tree_node.f_best*ep:-3.4508044719696045,left_f_best-1.9139125347137451,right_f_best-3.367140531539917,i:7
2025-04-29 21:39:28,294 - INFO - tree_node.f_best*ep:-3.4508044719696045,left_f_best-1.9885767698287964,right_f_best-3.4239492416381836,i:8
2025-04-29 21:39:48,386 - INFO - tree_node.f_best*ep:-3.4508044719696045,left_f_best-1.9630353450775146,right_f_best-3.4172537326812744,i:9
2025-04-29 21:40:09,178 - INFO - tree_node.f_best*ep:-3.4508044719696045,left_f_best-1.9559612274169922,right_f_best-3.4505794048309326,i:10
2025-04-29 21:40:30,410 - INFO - tree_node.f_best*ep:-3.4508044719696045,left_f_best-1.9999051094055176,right_f_best-3.467268943786621,i:11
2025-04-29 21:41:35,914 - INFO - 添加左子节点，右子节点，len(queue):6
2025-04-29 21:41:35,914 - INFO - Node 1: k=802.7618437269483, f_best=-3.227531671524048, f_min=-3.284844211786549
2025-04-29 21:41:35,914 - INFO - Node 2: k=242.35070422216108, f_best=-1.8405280113220215, f_min=-1.931515240198678
2025-04-29 21:41:35,914 - INFO - Node 3: k=341.34382229140334, f_best=-3.275649070739746, f_min=-3.689460159492228
2025-04-29 21:41:35,915 - INFO - Node 4: k=249.6941729107968, f_best=-1.7903027534484863, f_min=-4.745637234782407
2025-04-29 21:41:35,915 - INFO - Node 5: k=274.23433197011667, f_best=-3.3326973915100098, f_min=-4.926478186282111
2025-04-29 21:41:35,915 - INFO - Node 6: k=287.0170129566569, f_best=-1.9144951105117798, f_min=-7.499815979643245
2025-04-29 21:41:35,915 - INFO - Node 7: k=184.19034985102425, f_best=-3.405783176422119, f_min=-4.317837038046491
2025-04-29 21:41:35,915 - INFO - Node 8: k=185.253829320421, f_best=-1.961272120475769, f_min=-2.6233025489200372
2025-04-29 21:41:35,915 - INFO - Node 9: k=147.97782835986555, f_best=-3.4508044719696045, f_min=-4.9978357977543055
2025-04-29 21:41:35,915 - INFO - Node 10: k=278.5758850633523, f_best=-1.9999051094055176, f_min=-5.203665670878763
2025-04-29 21:41:35,916 - INFO - Node 11: k=184.19034985102425, f_best=-3.467268943786621, f_min=-4.495464365570115
2025-04-29 21:41:35,916 - INFO - cur_node_number 12,f_best -3.467268943786621,f_min -4.495464365570115,k 184.19034985102425
2025-04-29 21:41:35,916 - INFO - f_best_current -3.467268943786621,f_min -4.495464365570115
2025-04-29 21:41:35,916 - INFO - 回退,len(queue)=4
2025-04-29 21:41:50,188 - INFO - tree_node.f_best*ep:-3.4508044719696045,left_f_best-1.8056505918502808,right_f_best-3.359344244003296,i:1
2025-04-29 21:42:04,955 - INFO - tree_node.f_best*ep:-3.4508044719696045,left_f_best-1.8263702392578125,right_f_best-3.363926649093628,i:2
2025-04-29 21:42:20,546 - INFO - tree_node.f_best*ep:-3.4508044719696045,left_f_best-1.9129173755645752,right_f_best-3.3607327938079834,i:3
2025-04-29 21:42:36,981 - INFO - tree_node.f_best*ep:-3.4508044719696045,left_f_best-1.934753179550171,right_f_best-3.3223860263824463,i:4
2025-04-29 21:42:54,324 - INFO - tree_node.f_best*ep:-3.4508044719696045,left_f_best-1.8392950296401978,right_f_best-3.337067127227783,i:5
2025-04-29 21:43:12,206 - INFO - tree_node.f_best*ep:-3.4508044719696045,left_f_best-1.9503041505813599,right_f_best-3.383671522140503,i:6
2025-04-29 21:43:30,859 - INFO - tree_node.f_best*ep:-3.4508044719696045,left_f_best-1.920086145401001,right_f_best-3.433962106704712,i:7
2025-04-29 21:43:50,307 - INFO - tree_node.f_best*ep:-3.4508044719696045,left_f_best-1.9549566507339478,right_f_best-3.4607651233673096,i:8
2025-04-29 21:44:48,535 - INFO - 添加左子节点，右子节点，len(queue):6
2025-04-29 21:44:48,536 - INFO - Node 1: k=802.7618437269483, f_best=-3.227531671524048, f_min=-3.284844211786549
2025-04-29 21:44:48,536 - INFO - Node 2: k=242.35070422216108, f_best=-1.8405280113220215, f_min=-1.931515240198678
2025-04-29 21:44:48,536 - INFO - Node 3: k=341.34382229140334, f_best=-3.275649070739746, f_min=-3.689460159492228
2025-04-29 21:44:48,536 - INFO - Node 4: k=249.6941729107968, f_best=-1.7903027534484863, f_min=-4.745637234782407
2025-04-29 21:44:48,536 - INFO - Node 5: k=274.23433197011667, f_best=-3.3326973915100098, f_min=-4.926478186282111
2025-04-29 21:44:48,536 - INFO - Node 6: k=287.0170129566569, f_best=-1.9144951105117798, f_min=-7.499815979643245
2025-04-29 21:44:48,536 - INFO - Node 7: k=184.19034985102425, f_best=-3.405783176422119, f_min=-4.317837038046491
2025-04-29 21:44:48,537 - INFO - Node 8: k=185.253829320421, f_best=-1.961272120475769, f_min=-2.6233025489200372
2025-04-29 21:44:48,537 - INFO - Node 9: k=184.19034985102425, f_best=-3.4508044719696045, f_min=-4.9978357977543055
2025-04-29 21:44:48,537 - INFO - Node 10: k=179.05317231543742, f_best=-1.9549566507339478, f_min=-2.2660612952922747
2025-04-29 21:44:48,537 - INFO - Node 11: k=182.36668302081608, f_best=-3.4607651233673096, f_min=-5.786124978708358
2025-04-29 21:44:48,537 - INFO - cur_node_number 13,f_best -3.4607651233673096,f_min -5.786124978708358,k 182.36668302081608
2025-04-29 21:44:48,537 - INFO - f_best_current -3.4607651233673096,f_min -5.786124978708358
2025-04-29 21:45:02,875 - INFO - tree_node.f_best*ep:-3.4607651233673096,left_f_best-1.812976598739624,right_f_best-3.2769792079925537,i:1
2025-04-29 21:45:17,595 - INFO - tree_node.f_best*ep:-3.4607651233673096,left_f_best-1.8555908203125,right_f_best-3.3838655948638916,i:2
2025-04-29 21:45:33,311 - INFO - tree_node.f_best*ep:-3.4607651233673096,left_f_best-1.8936606645584106,right_f_best-3.2855260372161865,i:3
2025-04-29 21:45:49,820 - INFO - tree_node.f_best*ep:-3.4607651233673096,left_f_best-1.8153413534164429,right_f_best-3.313283681869507,i:4
2025-04-29 21:46:07,292 - INFO - tree_node.f_best*ep:-3.4607651233673096,left_f_best-1.88092041015625,right_f_best-3.404500722885132,i:5
2025-04-29 21:46:25,499 - INFO - tree_node.f_best*ep:-3.4607651233673096,left_f_best-1.9380145072937012,right_f_best-3.4343173503875732,i:6
2025-04-29 21:46:44,482 - INFO - tree_node.f_best*ep:-3.4607651233673096,left_f_best-1.973973035812378,right_f_best-3.3753979206085205,i:7
2025-04-29 21:47:03,979 - INFO - tree_node.f_best*ep:-3.4607651233673096,left_f_best-2.008012533187866,right_f_best-3.4404780864715576,i:8
2025-04-29 21:47:24,031 - INFO - tree_node.f_best*ep:-3.4607651233673096,left_f_best-1.943533182144165,right_f_best-3.453794479370117,i:9
2025-04-29 21:47:43,962 - INFO - tree_node.f_best*ep:-3.4607651233673096,left_f_best-1.8926128149032593,right_f_best-3.3844239711761475,i:10
2025-04-29 21:48:05,015 - INFO - tree_node.f_best*ep:-3.4607651233673096,left_f_best-2.0022315979003906,right_f_best-3.4424993991851807,i:11
2025-04-29 21:48:26,892 - INFO - tree_node.f_best*ep:-3.4607651233673096,left_f_best-2.0065062046051025,right_f_best-3.4607651233673096,i:12
2025-04-29 21:49:33,924 - INFO - 添加左子节点，右子节点，len(queue):7
2025-04-29 21:49:33,924 - INFO - Node 1: k=802.7618437269483, f_best=-3.227531671524048, f_min=-3.284844211786549
2025-04-29 21:49:33,924 - INFO - Node 2: k=242.35070422216108, f_best=-1.8405280113220215, f_min=-1.931515240198678
2025-04-29 21:49:33,924 - INFO - Node 3: k=341.34382229140334, f_best=-3.275649070739746, f_min=-3.689460159492228
2025-04-29 21:49:33,924 - INFO - Node 4: k=249.6941729107968, f_best=-1.7903027534484863, f_min=-4.745637234782407
2025-04-29 21:49:33,925 - INFO - Node 5: k=274.23433197011667, f_best=-3.3326973915100098, f_min=-4.926478186282111
2025-04-29 21:49:33,925 - INFO - Node 6: k=287.0170129566569, f_best=-1.9144951105117798, f_min=-7.499815979643245
2025-04-29 21:49:33,925 - INFO - Node 7: k=184.19034985102425, f_best=-3.405783176422119, f_min=-4.317837038046491
2025-04-29 21:49:33,925 - INFO - Node 8: k=185.253829320421, f_best=-1.961272120475769, f_min=-2.6233025489200372
2025-04-29 21:49:33,925 - INFO - Node 9: k=184.19034985102425, f_best=-3.4508044719696045, f_min=-4.9978357977543055
2025-04-29 21:49:33,925 - INFO - Node 10: k=179.05317231543742, f_best=-1.9549566507339478, f_min=-2.2660612952922747
2025-04-29 21:49:33,925 - INFO - Node 11: k=182.36668302081608, f_best=-3.4607651233673096, f_min=-5.786124978708358
2025-04-29 21:49:33,925 - INFO - Node 12: k=226.0448773989984, f_best=-2.0065062046051025, f_min=-3.089461742473759
2025-04-29 21:49:33,926 - INFO - Node 13: k=229.26464967264053, f_best=-3.4607651233673096, f_min=-3.8217146600291017
2025-04-29 21:49:33,926 - INFO - cur_node_number 14,f_best -3.4607651233673096,f_min -3.8217146600291017,k 229.26464967264053
2025-04-29 21:49:33,926 - INFO - f_best_current -3.4607651233673096,f_min -3.8217146600291017
2025-04-29 21:49:33,926 - INFO - 回退,len(queue)=5
2025-04-29 21:49:33,926 - INFO - 回退,len(queue)=4
2025-04-29 21:49:33,926 - INFO - 回退,len(queue)=3
2025-04-29 21:49:48,139 - INFO - tree_node.f_best*ep:-3.405783176422119,left_f_best-1.7551014423370361,right_f_best-3.2565996646881104,i:1
2025-04-29 21:50:02,905 - INFO - tree_node.f_best*ep:-3.405783176422119,left_f_best-1.8321118354797363,right_f_best-3.3631017208099365,i:2
2025-04-29 21:50:18,369 - INFO - tree_node.f_best*ep:-3.405783176422119,left_f_best-1.9221174716949463,right_f_best-3.3066635131835938,i:3
2025-04-29 21:50:34,947 - INFO - tree_node.f_best*ep:-3.405783176422119,left_f_best-1.9201468229293823,right_f_best-3.368175745010376,i:4
2025-04-29 21:50:52,164 - INFO - tree_node.f_best*ep:-3.405783176422119,left_f_best-1.9372738599777222,right_f_best-3.3637101650238037,i:5
2025-04-29 21:51:10,172 - INFO - tree_node.f_best*ep:-3.405783176422119,left_f_best-1.8881949186325073,right_f_best-3.398395299911499,i:6
2025-04-29 21:51:28,860 - INFO - tree_node.f_best*ep:-3.405783176422119,left_f_best-1.9716705083847046,right_f_best-3.4416701793670654,i:7
2025-04-29 21:52:24,614 - INFO - 添加左子节点，右子节点，len(queue):5
2025-04-29 21:52:24,614 - INFO - Node 1: k=802.7618437269483, f_best=-3.227531671524048, f_min=-3.284844211786549
2025-04-29 21:52:24,614 - INFO - Node 2: k=242.35070422216108, f_best=-1.8405280113220215, f_min=-1.931515240198678
2025-04-29 21:52:24,615 - INFO - Node 3: k=341.34382229140334, f_best=-3.275649070739746, f_min=-3.689460159492228
2025-04-29 21:52:24,615 - INFO - Node 4: k=249.6941729107968, f_best=-1.7903027534484863, f_min=-4.745637234782407
2025-04-29 21:52:24,615 - INFO - Node 5: k=274.23433197011667, f_best=-3.3326973915100098, f_min=-4.926478186282111
2025-04-29 21:52:24,615 - INFO - Node 6: k=287.0170129566569, f_best=-1.9144951105117798, f_min=-7.499815979643245
2025-04-29 21:52:24,615 - INFO - Node 7: k=229.26464967264053, f_best=-3.405783176422119, f_min=-4.317837038046491
2025-04-29 21:52:24,615 - INFO - Node 8: k=177.28036862914595, f_best=-1.9716705083847046, f_min=-2.9891459953041704
2025-04-29 21:52:24,615 - INFO - Node 9: k=149.4576066434642, f_best=-3.4416701793670654, f_min=-3.98131080096573
2025-04-29 21:52:24,616 - INFO - cur_node_number 15,f_best -3.4416701793670654,f_min -3.98131080096573,k 149.4576066434642
2025-04-29 21:52:24,616 - INFO - f_best_current -3.4416701793670654,f_min -3.98131080096573
2025-04-29 21:52:39,074 - INFO - tree_node.f_best*ep:-3.4416701793670654,left_f_best-1.8444424867630005,right_f_best-3.311898708343506,i:1
2025-04-29 21:52:54,392 - INFO - tree_node.f_best*ep:-3.4416701793670654,left_f_best-1.8757994174957275,right_f_best-3.3383357524871826,i:2
2025-04-29 21:53:10,353 - INFO - tree_node.f_best*ep:-3.4416701793670654,left_f_best-1.865440011024475,right_f_best-3.3694820404052734,i:3
2025-04-29 21:53:27,066 - INFO - tree_node.f_best*ep:-3.4416701793670654,left_f_best-1.8977938890457153,right_f_best-3.398137092590332,i:4
2025-04-29 21:53:44,346 - INFO - tree_node.f_best*ep:-3.4416701793670654,left_f_best-1.8788914680480957,right_f_best-3.376176118850708,i:5
2025-04-29 21:54:02,385 - INFO - tree_node.f_best*ep:-3.4416701793670654,left_f_best-1.9311267137527466,right_f_best-3.4011919498443604,i:6
2025-04-29 21:54:20,808 - INFO - tree_node.f_best*ep:-3.4416701793670654,left_f_best-1.8876986503601074,right_f_best-3.380039930343628,i:7
2025-04-29 21:54:39,487 - INFO - tree_node.f_best*ep:-3.4416701793670654,left_f_best-1.9184343814849854,right_f_best-3.4120519161224365,i:8
2025-04-29 21:54:59,850 - INFO - tree_node.f_best*ep:-3.4416701793670654,left_f_best-2.014479398727417,right_f_best-3.3851633071899414,i:9
2025-04-29 21:55:20,737 - INFO - tree_node.f_best*ep:-3.4416701793670654,left_f_best-1.9926979541778564,right_f_best-3.3910553455352783,i:10
2025-04-29 21:55:42,587 - INFO - tree_node.f_best*ep:-3.4416701793670654,left_f_best-2.0072195529937744,right_f_best-3.403041124343872,i:11
2025-04-29 21:56:05,229 - INFO - tree_node.f_best*ep:-3.4416701793670654,left_f_best-1.9989287853240967,right_f_best-3.4416701793670654,i:12
2025-04-29 21:57:11,611 - INFO - 添加左子节点，右子节点，len(queue):6
2025-04-29 21:57:11,612 - INFO - Node 1: k=802.7618437269483, f_best=-3.227531671524048, f_min=-3.284844211786549
2025-04-29 21:57:11,612 - INFO - Node 2: k=242.35070422216108, f_best=-1.8405280113220215, f_min=-1.931515240198678
2025-04-29 21:57:11,612 - INFO - Node 3: k=341.34382229140334, f_best=-3.275649070739746, f_min=-3.689460159492228
2025-04-29 21:57:11,612 - INFO - Node 4: k=249.6941729107968, f_best=-1.7903027534484863, f_min=-4.745637234782407
2025-04-29 21:57:11,612 - INFO - Node 5: k=274.23433197011667, f_best=-3.3326973915100098, f_min=-4.926478186282111
2025-04-29 21:57:11,612 - INFO - Node 6: k=287.0170129566569, f_best=-1.9144951105117798, f_min=-7.499815979643245
2025-04-29 21:57:11,612 - INFO - Node 7: k=229.26464967264053, f_best=-3.405783176422119, f_min=-4.317837038046491
2025-04-29 21:57:11,612 - INFO - Node 8: k=177.28036862914595, f_best=-1.9716705083847046, f_min=-2.9891459953041704
2025-04-29 21:57:11,613 - INFO - Node 9: k=149.4576066434642, f_best=-3.4416701793670654, f_min=-3.98131080096573
2025-04-29 21:57:11,613 - INFO - Node 10: k=249.6941729107968, f_best=-1.9989287853240967, f_min=-3.826100779328044
2025-04-29 21:57:11,613 - INFO - Node 11: k=248.26076326149146, f_best=-3.4416701793670654, f_min=-4.233612975132928
2025-04-29 21:57:11,613 - INFO - cur_node_number 16,f_best -3.4416701793670654,f_min -4.233612975132928,k 248.26076326149146
2025-04-29 21:57:11,613 - INFO - f_best_current -3.4416701793670654,f_min -4.233612975132928
2025-04-29 21:57:11,613 - INFO - 回退,len(queue)=4
2025-04-29 21:57:11,613 - INFO - 回退,len(queue)=3
2025-04-29 21:57:23,535 - INFO - tree_node.f_best*ep:-3.405783176422119,left_f_best-1.8820704221725464,right_f_best-3.324141025543213,i:1
2025-04-29 21:57:35,853 - INFO - tree_node.f_best*ep:-3.405783176422119,left_f_best-1.8415546417236328,right_f_best-3.3631417751312256,i:2
2025-04-29 21:57:48,690 - INFO - tree_node.f_best*ep:-3.405783176422119,left_f_best-1.864173173904419,right_f_best-3.3668739795684814,i:3
2025-04-29 21:58:02,086 - INFO - tree_node.f_best*ep:-3.405783176422119,left_f_best-1.8627687692642212,right_f_best-3.3674957752227783,i:4
2025-04-29 21:58:16,307 - INFO - tree_node.f_best*ep:-3.405783176422119,left_f_best-1.917610764503479,right_f_best-3.397989511489868,i:5
2025-04-29 21:58:31,076 - INFO - tree_node.f_best*ep:-3.405783176422119,left_f_best-1.929612159729004,right_f_best-3.3898088932037354,i:6
2025-04-29 21:58:46,491 - INFO - tree_node.f_best*ep:-3.405783176422119,left_f_best-1.947916030883789,right_f_best-3.4105350971221924,i:7
2025-04-29 21:59:45,457 - INFO - 添加左子节点，右子节点，len(queue):5
2025-04-29 21:59:45,457 - INFO - Node 1: k=802.7618437269483, f_best=-3.227531671524048, f_min=-3.284844211786549
2025-04-29 21:59:45,457 - INFO - Node 2: k=242.35070422216108, f_best=-1.8405280113220215, f_min=-1.931515240198678
2025-04-29 21:59:45,457 - INFO - Node 3: k=341.34382229140334, f_best=-3.275649070739746, f_min=-3.689460159492228
2025-04-29 21:59:45,457 - INFO - Node 4: k=249.6941729107968, f_best=-1.7903027534484863, f_min=-4.745637234782407
2025-04-29 21:59:45,458 - INFO - Node 5: k=274.23433197011667, f_best=-3.3326973915100098, f_min=-4.926478186282111
2025-04-29 21:59:45,458 - INFO - Node 6: k=287.0170129566569, f_best=-1.9144951105117798, f_min=-7.499815979643245
2025-04-29 21:59:45,458 - INFO - Node 7: k=248.26076326149146, f_best=-3.405783176422119, f_min=-4.317837038046491
2025-04-29 21:59:45,458 - INFO - Node 8: k=252.19111463990475, f_best=-1.947916030883789, f_min=-3.1178356016589532
2025-04-29 21:59:45,458 - INFO - Node 9: k=268.83083224205143, f_best=-3.4105350971221924, f_min=-3.484817962809757
2025-04-29 21:59:45,458 - INFO - cur_node_number 17,f_best -3.4105350971221924,f_min -3.484817962809757,k 268.83083224205143
2025-04-29 21:59:45,458 - INFO - f_best_current -3.4105350971221924,f_min -3.484817962809757
2025-04-29 21:59:45,459 - INFO - 回退,len(queue)=3
2025-04-29 21:59:57,061 - INFO - tree_node.f_best*ep:-3.405783176422119,left_f_best-1.8270975351333618,right_f_best-3.303764581680298,i:1
2025-04-29 22:00:09,212 - INFO - tree_node.f_best*ep:-3.405783176422119,left_f_best-1.9005080461502075,right_f_best-3.33355975151062,i:2
2025-04-29 22:00:22,189 - INFO - tree_node.f_best*ep:-3.405783176422119,left_f_best-1.788388967514038,right_f_best-3.318082571029663,i:3
2025-04-29 22:00:35,456 - INFO - tree_node.f_best*ep:-3.405783176422119,left_f_best-1.9210069179534912,right_f_best-3.3539695739746094,i:4
2025-04-29 22:00:49,355 - INFO - tree_node.f_best*ep:-3.405783176422119,left_f_best-1.8281738758087158,right_f_best-3.3735592365264893,i:5
2025-04-29 22:01:03,891 - INFO - tree_node.f_best*ep:-3.405783176422119,left_f_best-1.9135595560073853,right_f_best-3.3705499172210693,i:6
2025-04-29 22:01:18,975 - INFO - tree_node.f_best*ep:-3.405783176422119,left_f_best-2.0005176067352295,right_f_best-3.4196488857269287,i:7
2025-04-29 22:02:17,515 - INFO - 添加左子节点，右子节点，len(queue):5
2025-04-29 22:02:17,515 - INFO - Node 1: k=802.7618437269483, f_best=-3.227531671524048, f_min=-3.284844211786549
2025-04-29 22:02:17,515 - INFO - Node 2: k=242.35070422216108, f_best=-1.8405280113220215, f_min=-1.931515240198678
2025-04-29 22:02:17,516 - INFO - Node 3: k=341.34382229140334, f_best=-3.275649070739746, f_min=-3.689460159492228
2025-04-29 22:02:17,516 - INFO - Node 4: k=249.6941729107968, f_best=-1.7903027534484863, f_min=-4.745637234782407
2025-04-29 22:02:17,516 - INFO - Node 5: k=274.23433197011667, f_best=-3.3326973915100098, f_min=-4.926478186282111
2025-04-29 22:02:17,516 - INFO - Node 6: k=287.0170129566569, f_best=-1.9144951105117798, f_min=-7.499815979643245
2025-04-29 22:02:17,516 - INFO - Node 7: k=268.83083224205143, f_best=-3.405783176422119, f_min=-4.317837038046491
2025-04-29 22:02:17,516 - INFO - Node 8: k=269.25163239082104, f_best=-2.0005176067352295, f_min=-3.3119660607935657
2025-04-29 22:02:17,516 - INFO - Node 9: k=271.51914056447197, f_best=-3.4196488857269287, f_min=-6.726865424489006
2025-04-29 22:02:17,516 - INFO - cur_node_number 18,f_best -3.4196488857269287,f_min -6.726865424489006,k 271.51914056447197
2025-04-29 22:02:17,516 - INFO - f_best_current -3.4196488857269287,f_min -6.726865424489006
2025-04-29 22:02:17,517 - INFO - 回退,len(queue)=3
2025-04-29 22:02:29,202 - INFO - tree_node.f_best*ep:-3.405783176422119,left_f_best-1.7403302192687988,right_f_best-3.350651979446411,i:1
2025-04-29 22:02:41,343 - INFO - tree_node.f_best*ep:-3.405783176422119,left_f_best-1.9029031991958618,right_f_best-3.290275812149048,i:2
2025-04-29 22:02:53,981 - INFO - tree_node.f_best*ep:-3.405783176422119,left_f_best-1.8734498023986816,right_f_best-3.375859022140503,i:3
2025-04-29 22:03:07,180 - INFO - tree_node.f_best*ep:-3.405783176422119,left_f_best-1.9479862451553345,right_f_best-3.390691041946411,i:4
2025-04-29 22:03:20,929 - INFO - tree_node.f_best*ep:-3.405783176422119,left_f_best-1.8880088329315186,right_f_best-3.401357650756836,i:5
2025-04-29 22:03:35,449 - INFO - tree_node.f_best*ep:-3.405783176422119,left_f_best-1.9620578289031982,right_f_best-3.4292702674865723,i:6
2025-04-29 22:04:33,763 - INFO - 添加左子节点，右子节点，len(queue):5
2025-04-29 22:04:33,763 - INFO - Node 1: k=802.7618437269483, f_best=-3.227531671524048, f_min=-3.284844211786549
2025-04-29 22:04:33,763 - INFO - Node 2: k=242.35070422216108, f_best=-1.8405280113220215, f_min=-1.931515240198678
2025-04-29 22:04:33,763 - INFO - Node 3: k=341.34382229140334, f_best=-3.275649070739746, f_min=-3.689460159492228
2025-04-29 22:04:33,763 - INFO - Node 4: k=249.6941729107968, f_best=-1.7903027534484863, f_min=-4.745637234782407
2025-04-29 22:04:33,763 - INFO - Node 5: k=274.23433197011667, f_best=-3.3326973915100098, f_min=-4.926478186282111
2025-04-29 22:04:33,763 - INFO - Node 6: k=287.0170129566569, f_best=-1.9144951105117798, f_min=-7.499815979643245
2025-04-29 22:04:33,764 - INFO - Node 7: k=271.51914056447197, f_best=-3.405783176422119, f_min=-4.317837038046491
2025-04-29 22:04:33,764 - INFO - Node 8: k=257.2601560441668, f_best=-1.9620578289031982, f_min=-3.5579071259162447
2025-04-29 22:04:33,764 - INFO - Node 9: k=243.36904544798693, f_best=-3.4292702674865723, f_min=-3.7414466531445214
2025-04-29 22:04:33,764 - INFO - cur_node_number 19,f_best -3.4292702674865723,f_min -3.7414466531445214,k 243.36904544798693
2025-04-29 22:04:33,764 - INFO - f_best_current -3.4292702674865723,f_min -3.7414466531445214
2025-04-29 22:04:45,475 - INFO - tree_node.f_best*ep:-3.4292702674865723,left_f_best-1.8497858047485352,right_f_best-3.357428550720215,i:1
2025-04-29 22:04:57,563 - INFO - tree_node.f_best*ep:-3.4292702674865723,left_f_best-1.8120402097702026,right_f_best-3.3144619464874268,i:2
2025-04-29 22:05:10,488 - INFO - tree_node.f_best*ep:-3.4292702674865723,left_f_best-1.8967758417129517,right_f_best-3.3126332759857178,i:3
2025-04-29 22:05:23,950 - INFO - tree_node.f_best*ep:-3.4292702674865723,left_f_best-1.909831166267395,right_f_best-3.316477060317993,i:4
2025-04-29 22:05:38,045 - INFO - tree_node.f_best*ep:-3.4292702674865723,left_f_best-1.8792436122894287,right_f_best-3.384469747543335,i:5
2025-04-29 22:05:52,695 - INFO - tree_node.f_best*ep:-3.4292702674865723,left_f_best-1.911739468574524,right_f_best-3.41227126121521,i:6
2025-04-29 22:06:07,682 - INFO - tree_node.f_best*ep:-3.4292702674865723,left_f_best-1.9682080745697021,right_f_best-3.396932601928711,i:7
2025-04-29 22:06:23,375 - INFO - tree_node.f_best*ep:-3.4292702674865723,left_f_best-1.9964878559112549,right_f_best-3.4488346576690674,i:8
2025-04-29 22:07:16,747 - INFO - 添加左子节点，右子节点，len(queue):6
2025-04-29 22:07:16,747 - INFO - Node 1: k=802.7618437269483, f_best=-3.227531671524048, f_min=-3.284844211786549
2025-04-29 22:07:16,748 - INFO - Node 2: k=242.35070422216108, f_best=-1.8405280113220215, f_min=-1.931515240198678
2025-04-29 22:07:16,748 - INFO - Node 3: k=341.34382229140334, f_best=-3.275649070739746, f_min=-3.689460159492228
2025-04-29 22:07:16,748 - INFO - Node 4: k=249.6941729107968, f_best=-1.7903027534484863, f_min=-4.745637234782407
2025-04-29 22:07:16,748 - INFO - Node 5: k=274.23433197011667, f_best=-3.3326973915100098, f_min=-4.926478186282111
2025-04-29 22:07:16,748 - INFO - Node 6: k=287.0170129566569, f_best=-1.9144951105117798, f_min=-7.499815979643245
2025-04-29 22:07:16,748 - INFO - Node 7: k=271.51914056447197, f_best=-3.405783176422119, f_min=-4.317837038046491
2025-04-29 22:07:16,748 - INFO - Node 8: k=257.2601560441668, f_best=-1.9620578289031982, f_min=-3.5579071259162447
2025-04-29 22:07:16,748 - INFO - Node 9: k=243.36904544798693, f_best=-3.4292702674865723, f_min=-3.7414466531445214
2025-04-29 22:07:16,748 - INFO - Node 10: k=164.40336730781064, f_best=-1.9964878559112549, f_min=-3.3845618437899248
2025-04-29 22:07:16,749 - INFO - Node 11: k=250.7433708941064, f_best=-3.4488346576690674, f_min=-3.478496884479682
2025-04-29 22:07:16,749 - INFO - cur_node_number 20,f_best -3.4488346576690674,f_min -3.478496884479682,k 250.7433708941064
2025-04-29 22:07:16,749 - INFO - f_best_current -3.4488346576690674,f_min -3.478496884479682
2025-04-29 22:07:16,749 - INFO - 结束,fmin= -3.478496884479682, fbestmin=-3.4488346576690674
