2025-04-27 14:03:19,802 - INFO - Namespace(log_file='outputs/dnn1/img[7]/min/DNN1img7_label7.log', image_path='img[7].png', model_path='network/SimpleNN14.pth', label=7, init_epsilon=0.05, epsilon=0.01, ep=1, min=1)
2025-04-27 14:03:19,821 - INFO - Model output max(1): torch.return_types.max(
values=tensor([9.7064], grad_fn=<MaxBackward0>),
indices=tensor([7]))
2025-04-27 14:03:23,331 - INFO - cur_node_number 1,f_best 4.874817848205566,f_min 3.124234877447634,k 240.379989442681
2025-04-27 14:03:23,331 - INFO - f_best_current 4.874817848205566,f_min 3.124234877447634
2025-04-27 14:03:28,883 - INFO - tree_node.f_best*ep:4.874817848205566,left_f_best5.676329135894775,right_f_best4.891359806060791,i:1
2025-04-27 14:03:34,751 - INFO - tree_node.f_best*ep:4.874817848205566,left_f_best5.657040596008301,right_f_best4.814932346343994,i:2
2025-04-27 14:03:54,473 - INFO - 添加左子节点，右子节点，len(queue):2
2025-04-27 14:03:54,473 - INFO - Node 1: k=240.379989442681, f_best=4.874817848205566, f_min=3.124234877447634
2025-04-27 14:03:54,473 - INFO - Node 2: k=171.26109616426905, f_best=5.657040596008301, f_min=5.199916799625498
2025-04-27 14:03:54,473 - INFO - Node 3: k=225.3388806462439, f_best=4.814932346343994, f_min=3.47339174989429
2025-04-27 14:03:54,473 - INFO - cur_node_number 2,f_best 4.814932346343994,f_min 3.47339174989429,k 225.3388806462439
2025-04-27 14:03:54,473 - INFO - f_best_current 4.814932346343994,f_min 3.47339174989429
2025-04-27 14:04:00,044 - INFO - tree_node.f_best*ep:4.814932346343994,left_f_best5.6619791984558105,right_f_best4.885501861572266,i:1
2025-04-27 14:04:05,868 - INFO - tree_node.f_best*ep:4.814932346343994,left_f_best5.666843414306641,right_f_best4.883481979370117,i:2
2025-04-27 14:04:12,102 - INFO - tree_node.f_best*ep:4.814932346343994,left_f_best5.637298107147217,right_f_best4.837916851043701,i:3
2025-04-27 14:04:18,731 - INFO - tree_node.f_best*ep:4.814932346343994,left_f_best5.642070293426514,right_f_best4.859190464019775,i:4
2025-04-27 14:04:25,573 - INFO - tree_node.f_best*ep:4.814932346343994,left_f_best5.634694576263428,right_f_best4.833411693572998,i:5
2025-04-27 14:04:32,552 - INFO - tree_node.f_best*ep:4.814932346343994,left_f_best5.617310047149658,right_f_best4.818970203399658,i:6
2025-04-27 14:04:39,706 - INFO - tree_node.f_best*ep:4.814932346343994,left_f_best5.635073184967041,right_f_best4.846900939941406,i:7
2025-04-27 14:04:47,347 - INFO - tree_node.f_best*ep:4.814932346343994,left_f_best5.611236095428467,right_f_best4.83730936050415,i:8
2025-04-27 14:04:55,241 - INFO - tree_node.f_best*ep:4.814932346343994,left_f_best5.609449863433838,right_f_best4.798694133758545,i:9
2025-04-27 14:05:13,555 - INFO - 添加左子节点，右子节点，len(queue):3
2025-04-27 14:05:13,555 - INFO - Node 1: k=240.379989442681, f_best=4.874817848205566, f_min=3.124234877447634
2025-04-27 14:05:13,555 - INFO - Node 2: k=171.26109616426905, f_best=5.657040596008301, f_min=5.199916799625498
2025-04-27 14:05:13,555 - INFO - Node 3: k=225.3388806462439, f_best=4.814932346343994, f_min=3.47339174989429
2025-04-27 14:05:13,555 - INFO - Node 4: k=228.54859673637085, f_best=5.609449863433838, f_min=4.773415494768415
2025-04-27 14:05:13,555 - INFO - Node 5: k=113.41260909834621, f_best=4.798694133758545, f_min=4.086581559460683
2025-04-27 14:05:13,555 - INFO - cur_node_number 3,f_best 4.798694133758545,f_min 4.086581559460683,k 113.41260909834621
2025-04-27 14:05:13,555 - INFO - f_best_current 4.798694133758545,f_min 4.086581559460683
2025-04-27 14:05:19,141 - INFO - tree_node.f_best*ep:4.798694133758545,left_f_best5.680469989776611,right_f_best4.885208606719971,i:1
2025-04-27 14:05:25,086 - INFO - tree_node.f_best*ep:4.798694133758545,left_f_best5.6597723960876465,right_f_best4.879339694976807,i:2
2025-04-27 14:05:31,313 - INFO - tree_node.f_best*ep:4.798694133758545,left_f_best5.650201320648193,right_f_best4.862545013427734,i:3
2025-04-27 14:05:37,922 - INFO - tree_node.f_best*ep:4.798694133758545,left_f_best5.644094944000244,right_f_best4.854888916015625,i:4
2025-04-27 14:05:44,868 - INFO - tree_node.f_best*ep:4.798694133758545,left_f_best5.642879009246826,right_f_best4.855686187744141,i:5
2025-04-27 14:05:51,929 - INFO - tree_node.f_best*ep:4.798694133758545,left_f_best5.63210916519165,right_f_best4.806392669677734,i:6
2025-04-27 14:05:59,334 - INFO - tree_node.f_best*ep:4.798694133758545,left_f_best5.630484104156494,right_f_best4.845305919647217,i:7
2025-04-27 14:06:07,071 - INFO - tree_node.f_best*ep:4.798694133758545,left_f_best5.625596046447754,right_f_best4.808213233947754,i:8
2025-04-27 14:06:15,214 - INFO - tree_node.f_best*ep:4.798694133758545,left_f_best5.619519233703613,right_f_best4.779392719268799,i:9
2025-04-27 14:06:34,445 - INFO - 添加左子节点，右子节点，len(queue):4
2025-04-27 14:06:34,445 - INFO - Node 1: k=240.379989442681, f_best=4.874817848205566, f_min=3.124234877447634
2025-04-27 14:06:34,445 - INFO - Node 2: k=171.26109616426905, f_best=5.657040596008301, f_min=5.199916799625498
2025-04-27 14:06:34,445 - INFO - Node 3: k=225.3388806462439, f_best=4.814932346343994, f_min=3.47339174989429
2025-04-27 14:06:34,445 - INFO - Node 4: k=228.54859673637085, f_best=5.609449863433838, f_min=4.773415494768415
2025-04-27 14:06:34,445 - INFO - Node 5: k=113.41260909834621, f_best=4.798694133758545, f_min=4.086581559460683
2025-04-27 14:06:34,445 - INFO - Node 6: k=171.26109616426905, f_best=5.619519233703613, f_min=5.215685435623527
2025-04-27 14:06:34,445 - INFO - Node 7: k=194.91110274419404, f_best=4.779392719268799, f_min=2.430835067708358
2025-04-27 14:06:34,445 - INFO - cur_node_number 4,f_best 4.779392719268799,f_min 2.430835067708358,k 194.91110274419404
2025-04-27 14:06:34,445 - INFO - f_best_current 4.779392719268799,f_min 2.430835067708358
2025-04-27 14:06:34,445 - INFO - 回退,len(queue)=2
2025-04-27 14:06:39,924 - INFO - tree_node.f_best*ep:4.798694133758545,left_f_best5.677717685699463,right_f_best4.863461017608643,i:1
2025-04-27 14:06:45,792 - INFO - tree_node.f_best*ep:4.798694133758545,left_f_best5.643991470336914,right_f_best4.853185176849365,i:2
2025-04-27 14:06:51,908 - INFO - tree_node.f_best*ep:4.798694133758545,left_f_best5.646401882171631,right_f_best4.810862064361572,i:3
2025-04-27 14:06:58,244 - INFO - tree_node.f_best*ep:4.798694133758545,left_f_best5.6441168785095215,right_f_best4.865477085113525,i:4
2025-04-27 14:07:04,861 - INFO - tree_node.f_best*ep:4.798694133758545,left_f_best5.634922504425049,right_f_best4.838902473449707,i:5
2025-04-27 14:07:11,878 - INFO - tree_node.f_best*ep:4.798694133758545,left_f_best5.631763458251953,right_f_best4.84540319442749,i:6
2025-04-27 14:07:19,401 - INFO - tree_node.f_best*ep:4.798694133758545,left_f_best5.631260871887207,right_f_best4.843560695648193,i:7
2025-04-27 14:07:27,252 - INFO - tree_node.f_best*ep:4.798694133758545,left_f_best5.619317531585693,right_f_best4.812808513641357,i:8
2025-04-27 14:07:35,181 - INFO - tree_node.f_best*ep:4.798694133758545,left_f_best5.6190619468688965,right_f_best4.843702793121338,i:9
2025-04-27 14:07:43,255 - INFO - tree_node.f_best*ep:4.798694133758545,left_f_best5.618682384490967,right_f_best4.843188762664795,i:10
2025-04-27 14:07:51,760 - INFO - tree_node.f_best*ep:4.798694133758545,left_f_best5.611958980560303,right_f_best4.834060192108154,i:11
2025-04-27 14:08:00,694 - INFO - tree_node.f_best*ep:4.798694133758545,left_f_best5.603424549102783,right_f_best4.798694133758545,i:12
2025-04-27 14:08:19,469 - INFO - 添加左子节点，右子节点，len(queue):4
2025-04-27 14:08:19,469 - INFO - Node 1: k=240.379989442681, f_best=4.874817848205566, f_min=3.124234877447634
2025-04-27 14:08:19,469 - INFO - Node 2: k=171.26109616426905, f_best=5.657040596008301, f_min=5.199916799625498
2025-04-27 14:08:19,469 - INFO - Node 3: k=225.3388806462439, f_best=4.814932346343994, f_min=3.47339174989429
2025-04-27 14:08:19,469 - INFO - Node 4: k=228.54859673637085, f_best=5.609449863433838, f_min=4.773415494768415
2025-04-27 14:08:19,469 - INFO - Node 5: k=194.91110274419404, f_best=4.798694133758545, f_min=4.086581559460683
2025-04-27 14:08:19,469 - INFO - Node 6: k=211.06079460791423, f_best=5.603424549102783, f_min=0.931384158666333
2025-04-27 14:08:19,469 - INFO - Node 7: k=143.17724164067164, f_best=4.798694133758545, f_min=4.451445215516742
2025-04-27 14:08:19,469 - INFO - cur_node_number 5,f_best 4.798694133758545,f_min 4.451445215516742,k 143.17724164067164
2025-04-27 14:08:19,469 - INFO - f_best_current 4.798694133758545,f_min 4.451445215516742
2025-04-27 14:08:24,882 - INFO - tree_node.f_best*ep:4.798694133758545,left_f_best5.688095569610596,right_f_best4.897979736328125,i:1
2025-04-27 14:08:30,767 - INFO - tree_node.f_best*ep:4.798694133758545,left_f_best5.6543450355529785,right_f_best4.885490417480469,i:2
2025-04-27 14:08:37,104 - INFO - tree_node.f_best*ep:4.798694133758545,left_f_best5.641573429107666,right_f_best4.8251519203186035,i:3
2025-04-27 14:08:43,663 - INFO - tree_node.f_best*ep:4.798694133758545,left_f_best5.643284320831299,right_f_best4.8575005531311035,i:4
2025-04-27 14:08:50,343 - INFO - tree_node.f_best*ep:4.798694133758545,left_f_best5.636659145355225,right_f_best4.847241401672363,i:5
2025-04-27 14:08:57,230 - INFO - tree_node.f_best*ep:4.798694133758545,left_f_best5.618250846862793,right_f_best4.830195903778076,i:6
2025-04-27 14:09:04,648 - INFO - tree_node.f_best*ep:4.798694133758545,left_f_best5.619264125823975,right_f_best4.78582763671875,i:7
2025-04-27 14:09:22,924 - INFO - 添加左子节点，右子节点，len(queue):5
2025-04-27 14:09:22,924 - INFO - Node 1: k=240.379989442681, f_best=4.874817848205566, f_min=3.124234877447634
2025-04-27 14:09:22,924 - INFO - Node 2: k=171.26109616426905, f_best=5.657040596008301, f_min=5.199916799625498
2025-04-27 14:09:22,924 - INFO - Node 3: k=225.3388806462439, f_best=4.814932346343994, f_min=3.47339174989429
2025-04-27 14:09:22,924 - INFO - Node 4: k=228.54859673637085, f_best=5.609449863433838, f_min=4.773415494768415
2025-04-27 14:09:22,924 - INFO - Node 5: k=194.91110274419404, f_best=4.798694133758545, f_min=4.086581559460683
2025-04-27 14:09:22,924 - INFO - Node 6: k=211.06079460791423, f_best=5.603424549102783, f_min=0.931384158666333
2025-04-27 14:09:22,924 - INFO - Node 7: k=143.17724164067164, f_best=4.798694133758545, f_min=4.451445215516742
2025-04-27 14:09:22,924 - INFO - Node 8: k=159.73831646134866, f_best=5.619264125823975, f_min=5.260685871412534
2025-04-27 14:09:22,924 - INFO - Node 9: k=160.6606146174141, f_best=4.78582763671875, f_min=4.274571924588599
2025-04-27 14:09:22,924 - INFO - cur_node_number 6,f_best 4.78582763671875,f_min 4.274571924588599,k 160.6606146174141
2025-04-27 14:09:22,924 - INFO - f_best_current 4.78582763671875,f_min 4.274571924588599
2025-04-27 14:09:22,924 - INFO - 回退,len(queue)=3
2025-04-27 14:09:28,653 - INFO - tree_node.f_best*ep:4.798694133758545,left_f_best5.678425312042236,right_f_best4.879644393920898,i:1
2025-04-27 14:09:34,722 - INFO - tree_node.f_best*ep:4.798694133758545,left_f_best5.68897008895874,right_f_best4.834030628204346,i:2
2025-04-27 14:09:40,983 - INFO - tree_node.f_best*ep:4.798694133758545,left_f_best5.648094177246094,right_f_best4.8622941970825195,i:3
2025-04-27 14:09:47,480 - INFO - tree_node.f_best*ep:4.798694133758545,left_f_best5.637924671173096,right_f_best4.831646919250488,i:4
2025-04-27 14:09:54,065 - INFO - tree_node.f_best*ep:4.798694133758545,left_f_best5.62592077255249,right_f_best4.8108601570129395,i:5
2025-04-27 14:10:01,018 - INFO - tree_node.f_best*ep:4.798694133758545,left_f_best5.63197660446167,right_f_best4.7947096824646,i:6
2025-04-27 14:10:22,325 - INFO - 添加左子节点，右子节点，len(queue):5
2025-04-27 14:10:22,325 - INFO - Node 1: k=240.379989442681, f_best=4.874817848205566, f_min=3.124234877447634
2025-04-27 14:10:22,325 - INFO - Node 2: k=171.26109616426905, f_best=5.657040596008301, f_min=5.199916799625498
2025-04-27 14:10:22,325 - INFO - Node 3: k=225.3388806462439, f_best=4.814932346343994, f_min=3.47339174989429
2025-04-27 14:10:22,325 - INFO - Node 4: k=228.54859673637085, f_best=5.609449863433838, f_min=4.773415494768415
2025-04-27 14:10:22,325 - INFO - Node 5: k=194.91110274419404, f_best=4.798694133758545, f_min=4.086581559460683
2025-04-27 14:10:22,325 - INFO - Node 6: k=211.06079460791423, f_best=5.603424549102783, f_min=0.931384158666333
2025-04-27 14:10:22,325 - INFO - Node 7: k=160.6606146174141, f_best=4.798694133758545, f_min=4.451445215516742
2025-04-27 14:10:22,325 - INFO - Node 8: k=242.60894082723956, f_best=5.63197660446167, f_min=3.787395540669422
2025-04-27 14:10:22,325 - INFO - Node 9: k=202.82527510913033, f_best=4.7947096824646, f_min=3.186319288928644
2025-04-27 14:10:22,325 - INFO - cur_node_number 7,f_best 4.7947096824646,f_min 3.186319288928644,k 202.82527510913033
2025-04-27 14:10:22,325 - INFO - f_best_current 4.7947096824646,f_min 3.186319288928644
2025-04-27 14:10:22,325 - INFO - 回退,len(queue)=3
2025-04-27 14:10:22,341 - INFO - 回退,len(queue)=2
2025-04-27 14:10:27,799 - INFO - tree_node.f_best*ep:4.798694133758545,left_f_best5.680147647857666,right_f_best4.883357524871826,i:1
2025-04-27 14:10:33,495 - INFO - tree_node.f_best*ep:4.798694133758545,left_f_best5.650136947631836,right_f_best4.823022365570068,i:2
2025-04-27 14:10:39,566 - INFO - tree_node.f_best*ep:4.798694133758545,left_f_best5.644070148468018,right_f_best4.864404201507568,i:3
2025-04-27 14:10:46,297 - INFO - tree_node.f_best*ep:4.798694133758545,left_f_best5.651182174682617,right_f_best4.810744762420654,i:4
2025-04-27 14:10:53,262 - INFO - tree_node.f_best*ep:4.798694133758545,left_f_best5.629451274871826,right_f_best4.8075690269470215,i:5
2025-04-27 14:11:00,403 - INFO - tree_node.f_best*ep:4.798694133758545,left_f_best5.631842613220215,right_f_best4.802536487579346,i:6
2025-04-27 14:11:07,760 - INFO - tree_node.f_best*ep:4.798694133758545,left_f_best5.624606609344482,right_f_best4.816102504730225,i:7
2025-04-27 14:11:15,480 - INFO - tree_node.f_best*ep:4.798694133758545,left_f_best5.618709087371826,right_f_best4.7977471351623535,i:8
2025-04-27 14:11:34,710 - INFO - 添加左子节点，右子节点，len(queue):4
2025-04-27 14:11:34,710 - INFO - Node 1: k=240.379989442681, f_best=4.874817848205566, f_min=3.124234877447634
2025-04-27 14:11:34,710 - INFO - Node 2: k=171.26109616426905, f_best=5.657040596008301, f_min=5.199916799625498
2025-04-27 14:11:34,710 - INFO - Node 3: k=225.3388806462439, f_best=4.814932346343994, f_min=3.47339174989429
2025-04-27 14:11:34,710 - INFO - Node 4: k=228.54859673637085, f_best=5.609449863433838, f_min=4.773415494768415
2025-04-27 14:11:34,710 - INFO - Node 5: k=202.82527510913033, f_best=4.798694133758545, f_min=4.086581559460683
2025-04-27 14:11:34,710 - INFO - Node 6: k=166.22433266032843, f_best=5.618709087371826, f_min=4.875827093326734
2025-04-27 14:11:34,714 - INFO - Node 7: k=164.578547188444, f_best=4.7977471351623535, f_min=4.0331431827899
2025-04-27 14:11:34,714 - INFO - cur_node_number 8,f_best 4.7977471351623535,f_min 4.0331431827899,k 164.578547188444
2025-04-27 14:11:34,714 - INFO - f_best_current 4.7977471351623535,f_min 4.0331431827899
2025-04-27 14:11:40,314 - INFO - tree_node.f_best*ep:4.7977471351623535,left_f_best5.69305944442749,right_f_best4.888272285461426,i:1
2025-04-27 14:11:46,014 - INFO - tree_node.f_best*ep:4.7977471351623535,left_f_best5.649841785430908,right_f_best4.86865234375,i:2
2025-04-27 14:11:52,092 - INFO - tree_node.f_best*ep:4.7977471351623535,left_f_best5.660050868988037,right_f_best4.873776435852051,i:3
2025-04-27 14:11:58,557 - INFO - tree_node.f_best*ep:4.7977471351623535,left_f_best5.635169506072998,right_f_best4.805753231048584,i:4
2025-04-27 14:12:05,446 - INFO - tree_node.f_best*ep:4.7977471351623535,left_f_best5.624576568603516,right_f_best4.830509185791016,i:5
2025-04-27 14:12:12,661 - INFO - tree_node.f_best*ep:4.7977471351623535,left_f_best5.63353967666626,right_f_best4.800779342651367,i:6
2025-04-27 14:12:20,055 - INFO - tree_node.f_best*ep:4.7977471351623535,left_f_best5.625075817108154,right_f_best4.799742698669434,i:7
2025-04-27 14:12:27,571 - INFO - tree_node.f_best*ep:4.7977471351623535,left_f_best5.611072063446045,right_f_best4.820590496063232,i:8
2025-04-27 14:12:35,494 - INFO - tree_node.f_best*ep:4.7977471351623535,left_f_best5.626800060272217,right_f_best4.796385288238525,i:9
2025-04-27 14:12:52,753 - INFO - 添加左子节点，右子节点，len(queue):5
2025-04-27 14:12:52,753 - INFO - Node 1: k=240.379989442681, f_best=4.874817848205566, f_min=3.124234877447634
2025-04-27 14:12:52,753 - INFO - Node 2: k=171.26109616426905, f_best=5.657040596008301, f_min=5.199916799625498
2025-04-27 14:12:52,753 - INFO - Node 3: k=225.3388806462439, f_best=4.814932346343994, f_min=3.47339174989429
2025-04-27 14:12:52,753 - INFO - Node 4: k=228.54859673637085, f_best=5.609449863433838, f_min=4.773415494768415
2025-04-27 14:12:52,753 - INFO - Node 5: k=202.82527510913033, f_best=4.798694133758545, f_min=4.086581559460683
2025-04-27 14:12:52,753 - INFO - Node 6: k=166.22433266032843, f_best=5.618709087371826, f_min=4.875827093326734
2025-04-27 14:12:52,753 - INFO - Node 7: k=164.578547188444, f_best=4.7977471351623535, f_min=4.0331431827899
2025-04-27 14:12:52,753 - INFO - Node 8: k=134.87943828443494, f_best=5.626800060272217, f_min=5.258785808965968
2025-04-27 14:12:52,753 - INFO - Node 9: k=128.33315749131194, f_best=4.796385288238525, f_min=4.241656626006716
2025-04-27 14:12:52,753 - INFO - cur_node_number 9,f_best 4.796385288238525,f_min 4.241656626006716,k 128.33315749131194
2025-04-27 14:12:52,753 - INFO - f_best_current 4.796385288238525,f_min 4.241656626006716
2025-04-27 14:12:58,308 - INFO - tree_node.f_best*ep:4.796385288238525,left_f_best5.679681301116943,right_f_best4.895942687988281,i:1
2025-04-27 14:13:04,254 - INFO - tree_node.f_best*ep:4.796385288238525,left_f_best5.674320697784424,right_f_best4.83577823638916,i:2
2025-04-27 14:13:10,527 - INFO - tree_node.f_best*ep:4.796385288238525,left_f_best5.646648406982422,right_f_best4.874387264251709,i:3
2025-04-27 14:13:17,123 - INFO - tree_node.f_best*ep:4.796385288238525,left_f_best5.636045932769775,right_f_best4.834212779998779,i:4
2025-04-27 14:13:23,923 - INFO - tree_node.f_best*ep:4.796385288238525,left_f_best5.628599643707275,right_f_best4.814394474029541,i:5
2025-04-27 14:13:30,862 - INFO - tree_node.f_best*ep:4.796385288238525,left_f_best5.635009288787842,right_f_best4.7903923988342285,i:6
2025-04-27 14:13:49,180 - INFO - 添加左子节点，右子节点，len(queue):6
2025-04-27 14:13:49,180 - INFO - Node 1: k=240.379989442681, f_best=4.874817848205566, f_min=3.124234877447634
2025-04-27 14:13:49,180 - INFO - Node 2: k=171.26109616426905, f_best=5.657040596008301, f_min=5.199916799625498
2025-04-27 14:13:49,180 - INFO - Node 3: k=225.3388806462439, f_best=4.814932346343994, f_min=3.47339174989429
2025-04-27 14:13:49,180 - INFO - Node 4: k=228.54859673637085, f_best=5.609449863433838, f_min=4.773415494768415
2025-04-27 14:13:49,180 - INFO - Node 5: k=202.82527510913033, f_best=4.798694133758545, f_min=4.086581559460683
2025-04-27 14:13:49,180 - INFO - Node 6: k=166.22433266032843, f_best=5.618709087371826, f_min=4.875827093326734
2025-04-27 14:13:49,180 - INFO - Node 7: k=164.578547188444, f_best=4.7977471351623535, f_min=4.0331431827899
2025-04-27 14:13:49,180 - INFO - Node 8: k=134.87943828443494, f_best=5.626800060272217, f_min=5.258785808965968
2025-04-27 14:13:49,180 - INFO - Node 9: k=128.33315749131194, f_best=4.796385288238525, f_min=4.241656626006716
2025-04-27 14:13:49,180 - INFO - Node 10: k=130.9126539568873, f_best=5.635009288787842, f_min=5.1219831055536815
2025-04-27 14:13:49,180 - INFO - Node 11: k=171.26109616426905, f_best=4.7903923988342285, f_min=4.334481097977914
2025-04-27 14:13:49,180 - INFO - cur_node_number 10,f_best 4.7903923988342285,f_min 4.334481097977914,k 171.26109616426905
2025-04-27 14:13:49,180 - INFO - f_best_current 4.7903923988342285,f_min 4.334481097977914
2025-04-27 14:13:49,180 - INFO - 回退,len(queue)=4
2025-04-27 14:13:49,180 - INFO - 回退,len(queue)=3
2025-04-27 14:13:54,765 - INFO - tree_node.f_best*ep:4.7977471351623535,left_f_best5.662077903747559,right_f_best4.865260601043701,i:1
2025-04-27 14:14:00,586 - INFO - tree_node.f_best*ep:4.7977471351623535,left_f_best5.648388385772705,right_f_best4.851439952850342,i:2
2025-04-27 14:14:06,833 - INFO - tree_node.f_best*ep:4.7977471351623535,left_f_best5.648195743560791,right_f_best4.821582794189453,i:3
2025-04-27 14:14:13,471 - INFO - tree_node.f_best*ep:4.7977471351623535,left_f_best5.620074272155762,right_f_best4.842771053314209,i:4
2025-04-27 14:14:20,469 - INFO - tree_node.f_best*ep:4.7977471351623535,left_f_best5.630893230438232,right_f_best4.831508636474609,i:5
2025-04-27 14:14:27,545 - INFO - tree_node.f_best*ep:4.7977471351623535,left_f_best5.621102809906006,right_f_best4.828305721282959,i:6
2025-04-27 14:14:34,853 - INFO - tree_node.f_best*ep:4.7977471351623535,left_f_best5.627277851104736,right_f_best4.816803455352783,i:7
2025-04-27 14:14:42,507 - INFO - tree_node.f_best*ep:4.7977471351623535,left_f_best5.617916584014893,right_f_best4.823648929595947,i:8
2025-04-27 14:14:50,442 - INFO - tree_node.f_best*ep:4.7977471351623535,left_f_best5.609951496124268,right_f_best4.797399997711182,i:9
2025-04-27 14:15:08,891 - INFO - 添加左子节点，右子节点，len(queue):5
2025-04-27 14:15:08,891 - INFO - Node 1: k=240.379989442681, f_best=4.874817848205566, f_min=3.124234877447634
2025-04-27 14:15:08,891 - INFO - Node 2: k=171.26109616426905, f_best=5.657040596008301, f_min=5.199916799625498
2025-04-27 14:15:08,891 - INFO - Node 3: k=225.3388806462439, f_best=4.814932346343994, f_min=3.47339174989429
2025-04-27 14:15:08,891 - INFO - Node 4: k=228.54859673637085, f_best=5.609449863433838, f_min=4.773415494768415
2025-04-27 14:15:08,891 - INFO - Node 5: k=202.82527510913033, f_best=4.798694133758545, f_min=4.086581559460683
2025-04-27 14:15:08,891 - INFO - Node 6: k=166.22433266032843, f_best=5.618709087371826, f_min=4.875827093326734
2025-04-27 14:15:08,891 - INFO - Node 7: k=171.26109616426905, f_best=4.7977471351623535, f_min=4.0331431827899
2025-04-27 14:15:08,891 - INFO - Node 8: k=153.50538238013195, f_best=5.609951496124268, f_min=5.469336104431477
2025-04-27 14:15:08,891 - INFO - Node 9: k=166.22433266032843, f_best=4.797399997711182, f_min=4.4645469157949265
2025-04-27 14:15:08,891 - INFO - cur_node_number 11,f_best 4.797399997711182,f_min 4.4645469157949265,k 166.22433266032843
2025-04-27 14:15:08,891 - INFO - f_best_current 4.797399997711182,f_min 4.4645469157949265
2025-04-27 14:15:14,739 - INFO - tree_node.f_best*ep:4.797399997711182,left_f_best5.681039333343506,right_f_best4.893622875213623,i:1
2025-04-27 14:15:20,802 - INFO - tree_node.f_best*ep:4.797399997711182,left_f_best5.665327548980713,right_f_best4.880040645599365,i:2
2025-04-27 14:15:27,202 - INFO - tree_node.f_best*ep:4.797399997711182,left_f_best5.659381866455078,right_f_best4.824768543243408,i:3
2025-04-27 14:15:33,855 - INFO - tree_node.f_best*ep:4.797399997711182,left_f_best5.633796215057373,right_f_best4.809916019439697,i:4
2025-04-27 14:15:40,574 - INFO - tree_node.f_best*ep:4.797399997711182,left_f_best5.624240875244141,right_f_best4.832923412322998,i:5
2025-04-27 14:15:47,392 - INFO - tree_node.f_best*ep:4.797399997711182,left_f_best5.619863033294678,right_f_best4.794188976287842,i:6
2025-04-27 14:16:07,508 - INFO - 添加左子节点，右子节点，len(queue):6
2025-04-27 14:16:07,508 - INFO - Node 1: k=240.379989442681, f_best=4.874817848205566, f_min=3.124234877447634
2025-04-27 14:16:07,508 - INFO - Node 2: k=171.26109616426905, f_best=5.657040596008301, f_min=5.199916799625498
2025-04-27 14:16:07,508 - INFO - Node 3: k=225.3388806462439, f_best=4.814932346343994, f_min=3.47339174989429
2025-04-27 14:16:07,508 - INFO - Node 4: k=228.54859673637085, f_best=5.609449863433838, f_min=4.773415494768415
2025-04-27 14:16:07,508 - INFO - Node 5: k=202.82527510913033, f_best=4.798694133758545, f_min=4.086581559460683
2025-04-27 14:16:07,508 - INFO - Node 6: k=166.22433266032843, f_best=5.618709087371826, f_min=4.875827093326734
2025-04-27 14:16:07,511 - INFO - Node 7: k=171.26109616426905, f_best=4.7977471351623535, f_min=4.0331431827899
2025-04-27 14:16:07,511 - INFO - Node 8: k=153.50538238013195, f_best=5.609951496124268, f_min=5.469336104431477
2025-04-27 14:16:07,511 - INFO - Node 9: k=166.22433266032843, f_best=4.797399997711182, f_min=4.4645469157949265
2025-04-27 14:16:07,511 - INFO - Node 10: k=211.06079460791423, f_best=5.619863033294678, f_min=2.620317085797069
2025-04-27 14:16:07,511 - INFO - Node 11: k=201.9765832021423, f_best=4.794188976287842, f_min=4.564979353592207
2025-04-27 14:16:07,511 - INFO - cur_node_number 12,f_best 4.794188976287842,f_min 4.564979353592207,k 201.9765832021423
2025-04-27 14:16:07,511 - INFO - f_best_current 4.794188976287842,f_min 4.564979353592207
2025-04-27 14:16:07,511 - INFO - 回退,len(queue)=4
2025-04-27 14:16:07,511 - INFO - 回退,len(queue)=3
2025-04-27 14:16:13,249 - INFO - tree_node.f_best*ep:4.7977471351623535,left_f_best5.656136989593506,right_f_best4.864985942840576,i:1
2025-04-27 14:16:19,243 - INFO - tree_node.f_best*ep:4.7977471351623535,left_f_best5.649343013763428,right_f_best4.8678483963012695,i:2
2025-04-27 14:16:25,553 - INFO - tree_node.f_best*ep:4.7977471351623535,left_f_best5.65436315536499,right_f_best4.819749355316162,i:3
2025-04-27 14:16:32,047 - INFO - tree_node.f_best*ep:4.7977471351623535,left_f_best5.636792182922363,right_f_best4.81380033493042,i:4
2025-04-27 14:16:38,840 - INFO - tree_node.f_best*ep:4.7977471351623535,left_f_best5.641326427459717,right_f_best4.826004981994629,i:5
2025-04-27 14:16:45,838 - INFO - tree_node.f_best*ep:4.7977471351623535,left_f_best5.639344692230225,right_f_best4.815499782562256,i:6
2025-04-27 14:16:53,106 - INFO - tree_node.f_best*ep:4.7977471351623535,left_f_best5.6435866355896,right_f_best4.838593006134033,i:7
2025-04-27 14:17:00,745 - INFO - tree_node.f_best*ep:4.7977471351623535,left_f_best5.61884069442749,right_f_best4.7813191413879395,i:8
2025-04-27 14:17:19,607 - INFO - 添加左子节点，右子节点，len(queue):5
2025-04-27 14:17:19,607 - INFO - Node 1: k=240.379989442681, f_best=4.874817848205566, f_min=3.124234877447634
2025-04-27 14:17:19,607 - INFO - Node 2: k=171.26109616426905, f_best=5.657040596008301, f_min=5.199916799625498
2025-04-27 14:17:19,607 - INFO - Node 3: k=225.3388806462439, f_best=4.814932346343994, f_min=3.47339174989429
2025-04-27 14:17:19,607 - INFO - Node 4: k=228.54859673637085, f_best=5.609449863433838, f_min=4.773415494768415
2025-04-27 14:17:19,607 - INFO - Node 5: k=202.82527510913033, f_best=4.798694133758545, f_min=4.086581559460683
2025-04-27 14:17:19,607 - INFO - Node 6: k=166.22433266032843, f_best=5.618709087371826, f_min=4.875827093326734
2025-04-27 14:17:19,607 - INFO - Node 7: k=201.9765832021423, f_best=4.7977471351623535, f_min=4.0331431827899
2025-04-27 14:17:19,607 - INFO - Node 8: k=147.51565523962563, f_best=5.61884069442749, f_min=4.588902397997572
2025-04-27 14:17:19,607 - INFO - Node 9: k=148.9908117920219, f_best=4.7813191413879395, f_min=4.607174326339646
2025-04-27 14:17:19,607 - INFO - cur_node_number 13,f_best 4.7813191413879395,f_min 4.607174326339646,k 148.9908117920219
2025-04-27 14:17:19,607 - INFO - f_best_current 4.7813191413879395,f_min 4.607174326339646
2025-04-27 14:17:25,505 - INFO - tree_node.f_best*ep:4.7813191413879395,left_f_best5.668306827545166,right_f_best4.8603291511535645,i:1
2025-04-27 14:17:31,641 - INFO - tree_node.f_best*ep:4.7813191413879395,left_f_best5.652092456817627,right_f_best4.843074798583984,i:2
2025-04-27 14:17:37,799 - INFO - tree_node.f_best*ep:4.7813191413879395,left_f_best5.638900279998779,right_f_best4.818592548370361,i:3
2025-04-27 14:17:44,218 - INFO - tree_node.f_best*ep:4.7813191413879395,left_f_best5.63753080368042,right_f_best4.859959125518799,i:4
2025-04-27 14:17:50,899 - INFO - tree_node.f_best*ep:4.7813191413879395,left_f_best5.643093585968018,right_f_best4.849242687225342,i:5
2025-04-27 14:17:58,144 - INFO - tree_node.f_best*ep:4.7813191413879395,left_f_best5.626530170440674,right_f_best4.844433784484863,i:6
2025-04-27 14:18:05,585 - INFO - tree_node.f_best*ep:4.7813191413879395,left_f_best5.631079196929932,right_f_best4.783630847930908,i:7
2025-04-27 14:18:13,177 - INFO - tree_node.f_best*ep:4.7813191413879395,left_f_best5.628214359283447,right_f_best4.839066028594971,i:8
2025-04-27 14:18:21,084 - INFO - tree_node.f_best*ep:4.7813191413879395,left_f_best5.620884418487549,right_f_best4.790023326873779,i:9
2025-04-27 14:18:29,383 - INFO - tree_node.f_best*ep:4.7813191413879395,left_f_best5.6231889724731445,right_f_best4.8386054039001465,i:10
2025-04-27 14:18:37,981 - INFO - tree_node.f_best*ep:4.7813191413879395,left_f_best5.609961986541748,right_f_best4.787825584411621,i:11
2025-04-27 14:18:46,979 - INFO - tree_node.f_best*ep:4.7813191413879395,left_f_best5.604893207550049,right_f_best4.7813191413879395,i:12
2025-04-27 14:19:06,294 - INFO - 添加左子节点，右子节点，len(queue):6
2025-04-27 14:19:06,294 - INFO - Node 1: k=240.379989442681, f_best=4.874817848205566, f_min=3.124234877447634
2025-04-27 14:19:06,294 - INFO - Node 2: k=171.26109616426905, f_best=5.657040596008301, f_min=5.199916799625498
2025-04-27 14:19:06,294 - INFO - Node 3: k=225.3388806462439, f_best=4.814932346343994, f_min=3.47339174989429
2025-04-27 14:19:06,294 - INFO - Node 4: k=228.54859673637085, f_best=5.609449863433838, f_min=4.773415494768415
2025-04-27 14:19:06,294 - INFO - Node 5: k=202.82527510913033, f_best=4.798694133758545, f_min=4.086581559460683
2025-04-27 14:19:06,294 - INFO - Node 6: k=166.22433266032843, f_best=5.618709087371826, f_min=4.875827093326734
2025-04-27 14:19:06,294 - INFO - Node 7: k=201.9765832021423, f_best=4.7977471351623535, f_min=4.0331431827899
2025-04-27 14:19:06,294 - INFO - Node 8: k=147.51565523962563, f_best=5.61884069442749, f_min=4.588902397997572
2025-04-27 14:19:06,294 - INFO - Node 9: k=148.9908117920219, f_best=4.7813191413879395, f_min=4.607174326339646
2025-04-27 14:19:06,294 - INFO - Node 10: k=179.99713325978934, f_best=5.604893207550049, f_min=5.197678120475757
2025-04-27 14:19:06,294 - INFO - Node 11: k=171.26109616426905, f_best=4.7813191413879395, f_min=4.700851666195376
2025-04-27 14:19:06,294 - INFO - cur_node_number 14,f_best 4.7813191413879395,f_min 4.700851666195376,k 171.26109616426905
2025-04-27 14:19:06,294 - INFO - f_best_current 4.7813191413879395,f_min 4.700851666195376
2025-04-27 14:19:06,294 - INFO - 回退,len(queue)=4
2025-04-27 14:19:11,945 - INFO - tree_node.f_best*ep:4.7813191413879395,left_f_best5.657632350921631,right_f_best4.872634410858154,i:1
2025-04-27 14:19:17,914 - INFO - tree_node.f_best*ep:4.7813191413879395,left_f_best5.662551403045654,right_f_best4.859488010406494,i:2
2025-04-27 14:19:24,210 - INFO - tree_node.f_best*ep:4.7813191413879395,left_f_best5.648955821990967,right_f_best4.889432430267334,i:3
2025-04-27 14:19:30,760 - INFO - tree_node.f_best*ep:4.7813191413879395,left_f_best5.653072834014893,right_f_best4.846227169036865,i:4
2025-04-27 14:19:37,580 - INFO - tree_node.f_best*ep:4.7813191413879395,left_f_best5.61890172958374,right_f_best4.803790092468262,i:5
2025-04-27 14:19:44,722 - INFO - tree_node.f_best*ep:4.7813191413879395,left_f_best5.634466648101807,right_f_best4.840541362762451,i:6
2025-04-27 14:19:52,173 - INFO - tree_node.f_best*ep:4.7813191413879395,left_f_best5.622054576873779,right_f_best4.809001445770264,i:7
2025-04-27 14:19:59,932 - INFO - tree_node.f_best*ep:4.7813191413879395,left_f_best5.612889289855957,right_f_best4.824626922607422,i:8
2025-04-27 14:20:08,106 - INFO - tree_node.f_best*ep:4.7813191413879395,left_f_best5.612646579742432,right_f_best4.795187473297119,i:9
2025-04-27 14:20:16,372 - INFO - tree_node.f_best*ep:4.7813191413879395,left_f_best5.626135349273682,right_f_best4.790487289428711,i:10
2025-04-27 14:20:24,973 - INFO - tree_node.f_best*ep:4.7813191413879395,left_f_best5.610578536987305,right_f_best4.835537433624268,i:11
2025-04-27 14:20:33,810 - INFO - tree_node.f_best*ep:4.7813191413879395,left_f_best5.609673023223877,right_f_best4.7813191413879395,i:12
2025-04-27 14:20:51,101 - INFO - 添加左子节点，右子节点，len(queue):6
2025-04-27 14:20:51,101 - INFO - Node 1: k=240.379989442681, f_best=4.874817848205566, f_min=3.124234877447634
2025-04-27 14:20:51,101 - INFO - Node 2: k=171.26109616426905, f_best=5.657040596008301, f_min=5.199916799625498
2025-04-27 14:20:51,101 - INFO - Node 3: k=225.3388806462439, f_best=4.814932346343994, f_min=3.47339174989429
2025-04-27 14:20:51,101 - INFO - Node 4: k=228.54859673637085, f_best=5.609449863433838, f_min=4.773415494768415
2025-04-27 14:20:51,101 - INFO - Node 5: k=202.82527510913033, f_best=4.798694133758545, f_min=4.086581559460683
2025-04-27 14:20:51,101 - INFO - Node 6: k=166.22433266032843, f_best=5.618709087371826, f_min=4.875827093326734
2025-04-27 14:20:51,101 - INFO - Node 7: k=201.9765832021423, f_best=4.7977471351623535, f_min=4.0331431827899
2025-04-27 14:20:51,101 - INFO - Node 8: k=147.51565523962563, f_best=5.61884069442749, f_min=4.588902397997572
2025-04-27 14:20:51,101 - INFO - Node 9: k=171.26109616426905, f_best=4.7813191413879395, f_min=4.607174326339646
2025-04-27 14:20:51,101 - INFO - Node 10: k=134.87943828443494, f_best=5.609673023223877, f_min=2.9896350673907364
2025-04-27 14:20:51,101 - INFO - Node 11: k=165.52879190093634, f_best=4.7813191413879395, f_min=4.724214820603265
2025-04-27 14:20:51,101 - INFO - cur_node_number 15,f_best 4.7813191413879395,f_min 4.724214820603265,k 165.52879190093634
2025-04-27 14:20:51,101 - INFO - f_best_current 4.7813191413879395,f_min 4.724214820603265
2025-04-27 14:20:56,910 - INFO - tree_node.f_best*ep:4.7813191413879395,left_f_best5.671928882598877,right_f_best4.8621649742126465,i:1
2025-04-27 14:21:02,996 - INFO - tree_node.f_best*ep:4.7813191413879395,left_f_best5.660943031311035,right_f_best4.849598407745361,i:2
2025-04-27 14:21:09,332 - INFO - tree_node.f_best*ep:4.7813191413879395,left_f_best5.648828983306885,right_f_best4.856208801269531,i:3
2025-04-27 14:21:15,863 - INFO - tree_node.f_best*ep:4.7813191413879395,left_f_best5.634558200836182,right_f_best4.857360363006592,i:4
2025-04-27 14:21:22,814 - INFO - tree_node.f_best*ep:4.7813191413879395,left_f_best5.62958288192749,right_f_best4.801970958709717,i:5
2025-04-27 14:21:30,049 - INFO - tree_node.f_best*ep:4.7813191413879395,left_f_best5.626423358917236,right_f_best4.806666851043701,i:6
2025-04-27 14:21:37,658 - INFO - tree_node.f_best*ep:4.7813191413879395,left_f_best5.61118745803833,right_f_best4.825875759124756,i:7
2025-04-27 14:21:45,536 - INFO - tree_node.f_best*ep:4.7813191413879395,left_f_best5.622826099395752,right_f_best4.820061206817627,i:8
2025-04-27 14:21:53,617 - INFO - tree_node.f_best*ep:4.7813191413879395,left_f_best5.619834899902344,right_f_best4.7997870445251465,i:9
2025-04-27 14:22:01,713 - INFO - tree_node.f_best*ep:4.7813191413879395,left_f_best5.605041980743408,right_f_best4.836310863494873,i:10
2025-04-27 14:22:10,081 - INFO - tree_node.f_best*ep:4.7813191413879395,left_f_best5.602022647857666,right_f_best4.784946918487549,i:11
2025-04-27 14:22:19,006 - INFO - tree_node.f_best*ep:4.7813191413879395,left_f_best5.606879711151123,right_f_best4.7813191413879395,i:12
2025-04-27 14:22:35,912 - INFO - 添加左子节点，右子节点，len(queue):7
2025-04-27 14:22:35,928 - INFO - Node 1: k=240.379989442681, f_best=4.874817848205566, f_min=3.124234877447634
2025-04-27 14:22:35,928 - INFO - Node 2: k=171.26109616426905, f_best=5.657040596008301, f_min=5.199916799625498
2025-04-27 14:22:35,928 - INFO - Node 3: k=225.3388806462439, f_best=4.814932346343994, f_min=3.47339174989429
2025-04-27 14:22:35,928 - INFO - Node 4: k=228.54859673637085, f_best=5.609449863433838, f_min=4.773415494768415
2025-04-27 14:22:35,928 - INFO - Node 5: k=202.82527510913033, f_best=4.798694133758545, f_min=4.086581559460683
2025-04-27 14:22:35,928 - INFO - Node 6: k=166.22433266032843, f_best=5.618709087371826, f_min=4.875827093326734
2025-04-27 14:22:35,928 - INFO - Node 7: k=201.9765832021423, f_best=4.7977471351623535, f_min=4.0331431827899
2025-04-27 14:22:35,928 - INFO - Node 8: k=147.51565523962563, f_best=5.61884069442749, f_min=4.588902397997572
2025-04-27 14:22:35,928 - INFO - Node 9: k=171.26109616426905, f_best=4.7813191413879395, f_min=4.607174326339646
2025-04-27 14:22:35,928 - INFO - Node 10: k=134.87943828443494, f_best=5.609673023223877, f_min=2.9896350673907364
2025-04-27 14:22:35,928 - INFO - Node 11: k=165.52879190093634, f_best=4.7813191413879395, f_min=4.724214820603265
2025-04-27 14:22:35,928 - INFO - Node 12: k=98.09836918093941, f_best=5.606879711151123, f_min=5.35094242518835
2025-04-27 14:22:35,928 - INFO - Node 13: k=138.96642014389158, f_best=4.7813191413879395, f_min=4.775615131073664
2025-04-27 14:22:35,928 - INFO - cur_node_number 16,f_best 4.7813191413879395,f_min 4.775615131073664,k 138.96642014389158
2025-04-27 14:22:35,928 - INFO - f_best_current 4.7813191413879395,f_min 4.775615131073664
2025-04-27 14:22:35,928 - INFO - 结束,fmin= 4.775615131073664, fbestmin=4.7813191413879395
