2025-04-27 14:06:36,722 - INFO - Namespace(log_file='outputs/dnn1/img[7]/min/DNN1img7_label3.log', image_path='img[7].png', model_path='network/SimpleNN14.pth', label=3, init_epsilon=0.05, epsilon=0.01, ep=1, min=1)
2025-04-27 14:06:36,738 - INFO - Model output max(1): torch.return_types.max(
values=tensor([9.7064], grad_fn=<MaxBackward0>),
indices=tensor([7]))
2025-04-27 14:06:40,238 - INFO - cur_node_number 1,f_best -2.6388473510742188,f_min -5.358459857881826,k 415.37662175695266
2025-04-27 14:06:40,238 - INFO - f_best_current -2.6388473510742188,f_min -5.358459857881826
2025-04-27 14:06:45,980 - INFO - tree_node.f_best*ep:-2.6388473510742188,left_f_best-1.8817219734191895,right_f_best-2.645801067352295,i:1
2025-04-27 14:07:06,132 - INFO - 添加左子节点，右子节点，len(queue):2
2025-04-27 14:07:06,132 - INFO - Node 1: k=415.37662175695266, f_best=-2.6388473510742188, f_min=-5.358459857881826
2025-04-27 14:07:06,132 - INFO - Node 2: k=163.63375750889958, f_best=-1.8817219734191895, f_min=-1.9911518683393297
2025-04-27 14:07:06,132 - INFO - Node 3: k=215.3031165795333, f_best=-2.645801067352295, f_min=-3.577314500711509
2025-04-27 14:07:06,132 - INFO - cur_node_number 2,f_best -2.645801067352295,f_min -3.577314500711509,k 215.3031165795333
2025-04-27 14:07:06,132 - INFO - f_best_current -2.645801067352295,f_min -3.577314500711509
2025-04-27 14:07:11,816 - INFO - tree_node.f_best*ep:-2.645801067352295,left_f_best-1.8593617677688599,right_f_best-2.6364474296569824,i:1
2025-04-27 14:07:17,847 - INFO - tree_node.f_best*ep:-2.645801067352295,left_f_best-1.8763878345489502,right_f_best-2.591083526611328,i:2
2025-04-27 14:07:24,175 - INFO - tree_node.f_best*ep:-2.645801067352295,left_f_best-1.9031355381011963,right_f_best-2.635901927947998,i:3
2025-04-27 14:07:30,801 - INFO - tree_node.f_best*ep:-2.645801067352295,left_f_best-1.9035652875900269,right_f_best-2.652884006500244,i:4
2025-04-27 14:07:48,024 - INFO - 添加左子节点，右子节点，len(queue):3
2025-04-27 14:07:48,024 - INFO - Node 1: k=415.37662175695266, f_best=-2.6388473510742188, f_min=-5.358459857881826
2025-04-27 14:07:48,024 - INFO - Node 2: k=163.63375750889958, f_best=-1.8817219734191895, f_min=-1.9911518683393297
2025-04-27 14:07:48,024 - INFO - Node 3: k=215.3031165795333, f_best=-2.645801067352295, f_min=-3.577314500711509
2025-04-27 14:07:48,024 - INFO - Node 4: k=103.53560108317797, f_best=-1.9035652875900269, f_min=-2.2152028833511395
2025-04-27 14:07:48,024 - INFO - Node 5: k=140.3560843453305, f_best=-2.652884006500244, f_min=-2.7411586810603694
2025-04-27 14:07:48,024 - INFO - cur_node_number 3,f_best -2.652884006500244,f_min -2.7411586810603694,k 140.3560843453305
2025-04-27 14:07:48,024 - INFO - f_best_current -2.652884006500244,f_min -2.7411586810603694
2025-04-27 14:07:53,824 - INFO - tree_node.f_best*ep:-2.652884006500244,left_f_best-1.850978970527649,right_f_best-2.5794200897216797,i:1
2025-04-27 14:07:59,862 - INFO - tree_node.f_best*ep:-2.652884006500244,left_f_best-1.8864586353302002,right_f_best-2.6256556510925293,i:2
2025-04-27 14:08:06,121 - INFO - tree_node.f_best*ep:-2.652884006500244,left_f_best-1.8620458841323853,right_f_best-2.65187406539917,i:3
2025-04-27 14:08:12,365 - INFO - tree_node.f_best*ep:-2.652884006500244,left_f_best-1.8984068632125854,right_f_best-2.6542434692382812,i:4
2025-04-27 14:08:28,679 - INFO - 添加左子节点，右子节点，len(queue):4
2025-04-27 14:08:28,695 - INFO - Node 1: k=415.37662175695266, f_best=-2.6388473510742188, f_min=-5.358459857881826
2025-04-27 14:08:28,695 - INFO - Node 2: k=163.63375750889958, f_best=-1.8817219734191895, f_min=-1.9911518683393297
2025-04-27 14:08:28,695 - INFO - Node 3: k=215.3031165795333, f_best=-2.645801067352295, f_min=-3.577314500711509
2025-04-27 14:08:28,695 - INFO - Node 4: k=103.53560108317797, f_best=-1.9035652875900269, f_min=-2.2152028833511395
2025-04-27 14:08:28,695 - INFO - Node 5: k=140.3560843453305, f_best=-2.652884006500244, f_min=-2.7411586810603694
2025-04-27 14:08:28,695 - INFO - Node 6: k=142.3553096054298, f_best=-1.8984068632125854, f_min=-1.9771697069686525
2025-04-27 14:08:28,695 - INFO - Node 7: k=99.07935287274881, f_best=-2.6542434692382812, f_min=-2.9646804631302075
2025-04-27 14:08:28,695 - INFO - cur_node_number 4,f_best -2.6542434692382812,f_min -2.9646804631302075,k 99.07935287274881
2025-04-27 14:08:28,695 - INFO - f_best_current -2.6542434692382812,f_min -2.9646804631302075
2025-04-27 14:08:34,515 - INFO - tree_node.f_best*ep:-2.6542434692382812,left_f_best-1.8835927248001099,right_f_best-2.6080713272094727,i:1
2025-04-27 14:08:40,524 - INFO - tree_node.f_best*ep:-2.6542434692382812,left_f_best-1.8691779375076294,right_f_best-2.638357639312744,i:2
2025-04-27 14:08:46,691 - INFO - tree_node.f_best*ep:-2.6542434692382812,left_f_best-1.881174087524414,right_f_best-2.6417832374572754,i:3
2025-04-27 14:08:53,057 - INFO - tree_node.f_best*ep:-2.6542434692382812,left_f_best-1.8916025161743164,right_f_best-2.6471643447875977,i:4
2025-04-27 14:08:59,755 - INFO - tree_node.f_best*ep:-2.6542434692382812,left_f_best-1.912074089050293,right_f_best-2.675342082977295,i:5
2025-04-27 14:09:16,009 - INFO - 添加左子节点，右子节点，len(queue):5
2025-04-27 14:09:16,009 - INFO - Node 1: k=415.37662175695266, f_best=-2.6388473510742188, f_min=-5.358459857881826
2025-04-27 14:09:16,009 - INFO - Node 2: k=163.63375750889958, f_best=-1.8817219734191895, f_min=-1.9911518683393297
2025-04-27 14:09:16,009 - INFO - Node 3: k=215.3031165795333, f_best=-2.645801067352295, f_min=-3.577314500711509
2025-04-27 14:09:16,009 - INFO - Node 4: k=103.53560108317797, f_best=-1.9035652875900269, f_min=-2.2152028833511395
2025-04-27 14:09:16,009 - INFO - Node 5: k=140.3560843453305, f_best=-2.652884006500244, f_min=-2.7411586810603694
2025-04-27 14:09:16,009 - INFO - Node 6: k=142.3553096054298, f_best=-1.8984068632125854, f_min=-1.9771697069686525
2025-04-27 14:09:16,009 - INFO - Node 7: k=99.07935287274881, f_best=-2.6542434692382812, f_min=-2.9646804631302075
2025-04-27 14:09:16,009 - INFO - Node 8: k=134.10514112693252, f_best=-1.912074089050293, f_min=-2.17304431924822
2025-04-27 14:09:16,009 - INFO - Node 9: k=83.66037502526986, f_best=-2.675342082977295, f_min=-3.9771318738635273
2025-04-27 14:09:16,009 - INFO - cur_node_number 5,f_best -2.675342082977295,f_min -3.9771318738635273,k 83.66037502526986
2025-04-27 14:09:16,009 - INFO - f_best_current -2.675342082977295,f_min -3.9771318738635273
2025-04-27 14:09:21,606 - INFO - tree_node.f_best*ep:-2.675342082977295,left_f_best-1.8701163530349731,right_f_best-2.6384897232055664,i:1
2025-04-27 14:09:27,538 - INFO - tree_node.f_best*ep:-2.675342082977295,left_f_best-1.8806744813919067,right_f_best-2.6401000022888184,i:2
2025-04-27 14:09:33,908 - INFO - tree_node.f_best*ep:-2.675342082977295,left_f_best-1.887566089630127,right_f_best-2.6720352172851562,i:3
2025-04-27 14:09:40,466 - INFO - tree_node.f_best*ep:-2.675342082977295,left_f_best-1.8958783149719238,right_f_best-2.6372365951538086,i:4
2025-04-27 14:09:47,276 - INFO - tree_node.f_best*ep:-2.675342082977295,left_f_best-1.9132221937179565,right_f_best-2.688570976257324,i:5
2025-04-27 14:10:05,111 - INFO - 添加左子节点，右子节点，len(queue):6
2025-04-27 14:10:05,111 - INFO - Node 1: k=415.37662175695266, f_best=-2.6388473510742188, f_min=-5.358459857881826
2025-04-27 14:10:05,111 - INFO - Node 2: k=163.63375750889958, f_best=-1.8817219734191895, f_min=-1.9911518683393297
2025-04-27 14:10:05,111 - INFO - Node 3: k=215.3031165795333, f_best=-2.645801067352295, f_min=-3.577314500711509
2025-04-27 14:10:05,111 - INFO - Node 4: k=103.53560108317797, f_best=-1.9035652875900269, f_min=-2.2152028833511395
2025-04-27 14:10:05,111 - INFO - Node 5: k=140.3560843453305, f_best=-2.652884006500244, f_min=-2.7411586810603694
2025-04-27 14:10:05,111 - INFO - Node 6: k=142.3553096054298, f_best=-1.8984068632125854, f_min=-1.9771697069686525
2025-04-27 14:10:05,111 - INFO - Node 7: k=99.07935287274881, f_best=-2.6542434692382812, f_min=-2.9646804631302075
2025-04-27 14:10:05,111 - INFO - Node 8: k=134.10514112693252, f_best=-1.912074089050293, f_min=-2.17304431924822
2025-04-27 14:10:05,111 - INFO - Node 9: k=83.66037502526986, f_best=-2.675342082977295, f_min=-3.9771318738635273
2025-04-27 14:10:05,111 - INFO - Node 10: k=114.36771572422667, f_best=-1.9132221937179565, f_min=-3.009885148082958
2025-04-27 14:10:05,111 - INFO - Node 11: k=174.70344419717085, f_best=-2.688570976257324, f_min=-3.6397067349516874
2025-04-27 14:10:05,111 - INFO - cur_node_number 6,f_best -2.688570976257324,f_min -3.6397067349516874,k 174.70344419717085
2025-04-27 14:10:05,111 - INFO - f_best_current -2.688570976257324,f_min -3.6397067349516874
2025-04-27 14:10:05,111 - INFO - 回退,len(queue)=4
2025-04-27 14:10:05,111 - INFO - 回退,len(queue)=3
2025-04-27 14:10:05,111 - INFO - 回退,len(queue)=2
2025-04-27 14:10:10,830 - INFO - tree_node.f_best*ep:-2.652884006500244,left_f_best-1.8630328178405762,right_f_best-2.6092090606689453,i:1
2025-04-27 14:10:16,786 - INFO - tree_node.f_best*ep:-2.652884006500244,left_f_best-1.8790067434310913,right_f_best-2.5896458625793457,i:2
2025-04-27 14:10:22,922 - INFO - tree_node.f_best*ep:-2.652884006500244,left_f_best-1.9059213399887085,right_f_best-2.6682071685791016,i:3
2025-04-27 14:10:39,833 - INFO - 添加左子节点，右子节点，len(queue):4
2025-04-27 14:10:39,833 - INFO - Node 1: k=415.37662175695266, f_best=-2.6388473510742188, f_min=-5.358459857881826
2025-04-27 14:10:39,833 - INFO - Node 2: k=163.63375750889958, f_best=-1.8817219734191895, f_min=-1.9911518683393297
2025-04-27 14:10:39,833 - INFO - Node 3: k=215.3031165795333, f_best=-2.645801067352295, f_min=-3.577314500711509
2025-04-27 14:10:39,833 - INFO - Node 4: k=103.53560108317797, f_best=-1.9035652875900269, f_min=-2.2152028833511395
2025-04-27 14:10:39,833 - INFO - Node 5: k=174.70344419717085, f_best=-2.652884006500244, f_min=-2.7411586810603694
2025-04-27 14:10:39,833 - INFO - Node 6: k=76.054886386609, f_best=-1.9059213399887085, f_min=-2.0772982659352692
2025-04-27 14:10:39,833 - INFO - Node 7: k=192.98128984573668, f_best=-2.6682071685791016, f_min=-3.696172556135025
2025-04-27 14:10:39,833 - INFO - cur_node_number 7,f_best -2.6682071685791016,f_min -3.696172556135025,k 192.98128984573668
2025-04-27 14:10:39,833 - INFO - f_best_current -2.6682071685791016,f_min -3.696172556135025
2025-04-27 14:10:39,833 - INFO - 回退,len(queue)=2
2025-04-27 14:10:45,622 - INFO - tree_node.f_best*ep:-2.652884006500244,left_f_best-1.867920994758606,right_f_best-2.628117084503174,i:1
2025-04-27 14:10:51,693 - INFO - tree_node.f_best*ep:-2.652884006500244,left_f_best-1.8794772624969482,right_f_best-2.6497879028320312,i:2
2025-04-27 14:10:57,970 - INFO - tree_node.f_best*ep:-2.652884006500244,left_f_best-1.9011908769607544,right_f_best-2.6329903602600098,i:3
2025-04-27 14:11:04,512 - INFO - tree_node.f_best*ep:-2.652884006500244,left_f_best-1.9097973108291626,right_f_best-2.661280632019043,i:4
2025-04-27 14:11:23,697 - INFO - 添加左子节点，右子节点，len(queue):4
2025-04-27 14:11:23,697 - INFO - Node 1: k=415.37662175695266, f_best=-2.6388473510742188, f_min=-5.358459857881826
2025-04-27 14:11:23,697 - INFO - Node 2: k=163.63375750889958, f_best=-1.8817219734191895, f_min=-1.9911518683393297
2025-04-27 14:11:23,697 - INFO - Node 3: k=215.3031165795333, f_best=-2.645801067352295, f_min=-3.577314500711509
2025-04-27 14:11:23,697 - INFO - Node 4: k=103.53560108317797, f_best=-1.9035652875900269, f_min=-2.2152028833511395
2025-04-27 14:11:23,697 - INFO - Node 5: k=192.98128984573668, f_best=-2.652884006500244, f_min=-2.7411586810603694
2025-04-27 14:11:23,697 - INFO - Node 6: k=138.16866100821971, f_best=-1.9097973108291626, f_min=-4.437320102545073
2025-04-27 14:11:23,697 - INFO - Node 7: k=178.214983425534, f_best=-2.661280632019043, f_min=-3.496175985953414
2025-04-27 14:11:23,697 - INFO - cur_node_number 8,f_best -2.661280632019043,f_min -3.496175985953414,k 178.214983425534
2025-04-27 14:11:23,697 - INFO - f_best_current -2.661280632019043,f_min -3.496175985953414
2025-04-27 14:11:29,331 - INFO - tree_node.f_best*ep:-2.661280632019043,left_f_best-1.8874776363372803,right_f_best-2.6170172691345215,i:1
2025-04-27 14:11:35,148 - INFO - tree_node.f_best*ep:-2.661280632019043,left_f_best-1.8760849237442017,right_f_best-2.615492820739746,i:2
2025-04-27 14:11:41,237 - INFO - tree_node.f_best*ep:-2.661280632019043,left_f_best-1.8926502466201782,right_f_best-2.6848812103271484,i:3
2025-04-27 14:12:01,868 - INFO - 添加左子节点，右子节点，len(queue):5
2025-04-27 14:12:01,868 - INFO - Node 1: k=415.37662175695266, f_best=-2.6388473510742188, f_min=-5.358459857881826
2025-04-27 14:12:01,868 - INFO - Node 2: k=163.63375750889958, f_best=-1.8817219734191895, f_min=-1.9911518683393297
2025-04-27 14:12:01,868 - INFO - Node 3: k=215.3031165795333, f_best=-2.645801067352295, f_min=-3.577314500711509
2025-04-27 14:12:01,868 - INFO - Node 4: k=103.53560108317797, f_best=-1.9035652875900269, f_min=-2.2152028833511395
2025-04-27 14:12:01,868 - INFO - Node 5: k=192.98128984573668, f_best=-2.652884006500244, f_min=-2.7411586810603694
2025-04-27 14:12:01,868 - INFO - Node 6: k=138.16866100821971, f_best=-1.9097973108291626, f_min=-4.437320102545073
2025-04-27 14:12:01,868 - INFO - Node 7: k=178.214983425534, f_best=-2.661280632019043, f_min=-3.496175985953414
2025-04-27 14:12:01,868 - INFO - Node 8: k=224.98670957987952, f_best=-1.8926502466201782, f_min=-2.274058601125944
2025-04-27 14:12:01,868 - INFO - Node 9: k=172.97370712591174, f_best=-2.6848812103271484, f_min=-4.599195503913506
2025-04-27 14:12:01,883 - INFO - cur_node_number 9,f_best -2.6848812103271484,f_min -4.599195503913506,k 172.97370712591174
2025-04-27 14:12:01,883 - INFO - f_best_current -2.6848812103271484,f_min -4.599195503913506
2025-04-27 14:12:07,704 - INFO - tree_node.f_best*ep:-2.6848812103271484,left_f_best-1.8577790260314941,right_f_best-2.6403584480285645,i:1
2025-04-27 14:12:13,695 - INFO - tree_node.f_best*ep:-2.6848812103271484,left_f_best-1.8831523656845093,right_f_best-2.650650978088379,i:2
2025-04-27 14:12:19,897 - INFO - tree_node.f_best*ep:-2.6848812103271484,left_f_best-1.8797086477279663,right_f_best-2.677839756011963,i:3
2025-04-27 14:12:26,299 - INFO - tree_node.f_best*ep:-2.6848812103271484,left_f_best-1.90172278881073,right_f_best-2.64625883102417,i:4
2025-04-27 14:12:32,968 - INFO - tree_node.f_best*ep:-2.6848812103271484,left_f_best-1.9120503664016724,right_f_best-2.6276350021362305,i:5
2025-04-27 14:12:40,013 - INFO - tree_node.f_best*ep:-2.6848812103271484,left_f_best-1.9199172258377075,right_f_best-2.709601402282715,i:6
2025-04-27 14:12:57,022 - INFO - 添加左子节点，右子节点，len(queue):6
2025-04-27 14:12:57,022 - INFO - Node 1: k=415.37662175695266, f_best=-2.6388473510742188, f_min=-5.358459857881826
2025-04-27 14:12:57,022 - INFO - Node 2: k=163.63375750889958, f_best=-1.8817219734191895, f_min=-1.9911518683393297
2025-04-27 14:12:57,022 - INFO - Node 3: k=215.3031165795333, f_best=-2.645801067352295, f_min=-3.577314500711509
2025-04-27 14:12:57,022 - INFO - Node 4: k=103.53560108317797, f_best=-1.9035652875900269, f_min=-2.2152028833511395
2025-04-27 14:12:57,022 - INFO - Node 5: k=192.98128984573668, f_best=-2.652884006500244, f_min=-2.7411586810603694
2025-04-27 14:12:57,022 - INFO - Node 6: k=138.16866100821971, f_best=-1.9097973108291626, f_min=-4.437320102545073
2025-04-27 14:12:57,022 - INFO - Node 7: k=178.214983425534, f_best=-2.661280632019043, f_min=-3.496175985953414
2025-04-27 14:12:57,022 - INFO - Node 8: k=224.98670957987952, f_best=-1.8926502466201782, f_min=-2.274058601125944
2025-04-27 14:12:57,022 - INFO - Node 9: k=172.97370712591174, f_best=-2.6848812103271484, f_min=-4.599195503913506
2025-04-27 14:12:57,022 - INFO - Node 10: k=70.2354115658318, f_best=-1.9199172258377075, f_min=-1.9369994132405282
2025-04-27 14:12:57,022 - INFO - Node 11: k=206.90206313882388, f_best=-2.709601402282715, f_min=-2.8074892400227327
2025-04-27 14:12:57,022 - INFO - cur_node_number 10,f_best -2.709601402282715,f_min -2.8074892400227327,k 206.90206313882388
2025-04-27 14:12:57,022 - INFO - f_best_current -2.709601402282715,f_min -2.8074892400227327
2025-04-27 14:12:57,022 - INFO - 回退,len(queue)=4
2025-04-27 14:12:57,022 - INFO - 回退,len(queue)=3
2025-04-27 14:12:57,022 - INFO - 回退,len(queue)=2
2025-04-27 14:13:02,732 - INFO - tree_node.f_best*ep:-2.652884006500244,left_f_best-1.8662482500076294,right_f_best-2.609192371368408,i:1
2025-04-27 14:13:08,660 - INFO - tree_node.f_best*ep:-2.652884006500244,left_f_best-1.8730252981185913,right_f_best-2.645555019378662,i:2
2025-04-27 14:13:14,972 - INFO - tree_node.f_best*ep:-2.652884006500244,left_f_best-1.8873003721237183,right_f_best-2.6488165855407715,i:3
2025-04-27 14:13:21,519 - INFO - tree_node.f_best*ep:-2.652884006500244,left_f_best-1.8935049772262573,right_f_best-2.6555023193359375,i:4
2025-04-27 14:13:39,578 - INFO - 添加左子节点，右子节点，len(queue):4
2025-04-27 14:13:39,578 - INFO - Node 1: k=415.37662175695266, f_best=-2.6388473510742188, f_min=-5.358459857881826
2025-04-27 14:13:39,578 - INFO - Node 2: k=163.63375750889958, f_best=-1.8817219734191895, f_min=-1.9911518683393297
2025-04-27 14:13:39,578 - INFO - Node 3: k=215.3031165795333, f_best=-2.645801067352295, f_min=-3.577314500711509
2025-04-27 14:13:39,578 - INFO - Node 4: k=103.53560108317797, f_best=-1.9035652875900269, f_min=-2.2152028833511395
2025-04-27 14:13:39,578 - INFO - Node 5: k=206.90206313882388, f_best=-2.652884006500244, f_min=-2.7411586810603694
2025-04-27 14:13:39,578 - INFO - Node 6: k=128.8724047170763, f_best=-1.8935049772262573, f_min=-2.9283850900997095
2025-04-27 14:13:39,578 - INFO - Node 7: k=151.98552710904153, f_best=-2.6555023193359375, f_min=-3.480566210472716
2025-04-27 14:13:39,578 - INFO - cur_node_number 11,f_best -2.6555023193359375,f_min -3.480566210472716,k 151.98552710904153
2025-04-27 14:13:39,578 - INFO - f_best_current -2.6555023193359375,f_min -3.480566210472716
2025-04-27 14:13:45,133 - INFO - tree_node.f_best*ep:-2.6555023193359375,left_f_best-1.8460663557052612,right_f_best-2.592341899871826,i:1
2025-04-27 14:13:50,923 - INFO - tree_node.f_best*ep:-2.6555023193359375,left_f_best-1.883447289466858,right_f_best-2.652566909790039,i:2
2025-04-27 14:13:57,014 - INFO - tree_node.f_best*ep:-2.6555023193359375,left_f_best-1.8682852983474731,right_f_best-2.6465258598327637,i:3
2025-04-27 14:14:03,504 - INFO - tree_node.f_best*ep:-2.6555023193359375,left_f_best-1.9135791063308716,right_f_best-2.6497678756713867,i:4
2025-04-27 14:14:10,379 - INFO - tree_node.f_best*ep:-2.6555023193359375,left_f_best-1.9184023141860962,right_f_best-2.619446277618408,i:5
2025-04-27 14:14:17,581 - INFO - tree_node.f_best*ep:-2.6555023193359375,left_f_best-1.9240652322769165,right_f_best-2.6980371475219727,i:6
2025-04-27 14:14:38,419 - INFO - 添加左子节点，右子节点，len(queue):5
2025-04-27 14:14:38,419 - INFO - Node 1: k=415.37662175695266, f_best=-2.6388473510742188, f_min=-5.358459857881826
2025-04-27 14:14:38,419 - INFO - Node 2: k=163.63375750889958, f_best=-1.8817219734191895, f_min=-1.9911518683393297
2025-04-27 14:14:38,419 - INFO - Node 3: k=215.3031165795333, f_best=-2.645801067352295, f_min=-3.577314500711509
2025-04-27 14:14:38,419 - INFO - Node 4: k=103.53560108317797, f_best=-1.9035652875900269, f_min=-2.2152028833511395
2025-04-27 14:14:38,419 - INFO - Node 5: k=206.90206313882388, f_best=-2.652884006500244, f_min=-2.7411586810603694
2025-04-27 14:14:38,419 - INFO - Node 6: k=128.8724047170763, f_best=-1.8935049772262573, f_min=-2.9283850900997095
2025-04-27 14:14:38,419 - INFO - Node 7: k=151.98552710904153, f_best=-2.6555023193359375, f_min=-3.480566210472716
2025-04-27 14:14:38,419 - INFO - Node 8: k=173.7005309142546, f_best=-1.9240652322769165, f_min=-2.6669559058464074
2025-04-27 14:14:38,419 - INFO - Node 9: k=217.45614774532865, f_best=-2.6980371475219727, f_min=-2.887544060219625
2025-04-27 14:14:38,419 - INFO - cur_node_number 12,f_best -2.6980371475219727,f_min -2.887544060219625,k 217.45614774532865
2025-04-27 14:14:38,419 - INFO - f_best_current -2.6980371475219727,f_min -2.887544060219625
2025-04-27 14:14:38,419 - INFO - 回退,len(queue)=3
2025-04-27 14:14:38,419 - INFO - 回退,len(queue)=2
2025-04-27 14:14:38,419 - INFO - 回退,len(queue)=1
2025-04-27 14:14:44,139 - INFO - tree_node.f_best*ep:-2.645801067352295,left_f_best-1.8542312383651733,right_f_best-2.6080679893493652,i:1
2025-04-27 14:14:49,988 - INFO - tree_node.f_best*ep:-2.645801067352295,left_f_best-1.9020854234695435,right_f_best-2.6562633514404297,i:2
2025-04-27 14:15:06,961 - INFO - 添加左子节点，右子节点，len(queue):3
2025-04-27 14:15:06,961 - INFO - Node 1: k=415.37662175695266, f_best=-2.6388473510742188, f_min=-5.358459857881826
2025-04-27 14:15:06,961 - INFO - Node 2: k=163.63375750889958, f_best=-1.8817219734191895, f_min=-1.9911518683393297
2025-04-27 14:15:06,961 - INFO - Node 3: k=217.45614774532865, f_best=-2.645801067352295, f_min=-3.577314500711509
2025-04-27 14:15:06,961 - INFO - Node 4: k=138.16866100821971, f_best=-1.9020854234695435, f_min=-1.9296231774728767
2025-04-27 14:15:06,961 - INFO - Node 5: k=111.64509478629127, f_best=-2.6562633514404297, f_min=-3.178480379108805
2025-04-27 14:15:06,961 - INFO - cur_node_number 13,f_best -2.6562633514404297,f_min -3.178480379108805,k 111.64509478629127
2025-04-27 14:15:06,961 - INFO - f_best_current -2.6562633514404297,f_min -3.178480379108805
2025-04-27 14:15:12,723 - INFO - tree_node.f_best*ep:-2.6562633514404297,left_f_best-1.8588775396347046,right_f_best-2.625910758972168,i:1
2025-04-27 14:15:18,794 - INFO - tree_node.f_best*ep:-2.6562633514404297,left_f_best-1.883637547492981,right_f_best-2.6457152366638184,i:2
2025-04-27 14:15:25,179 - INFO - tree_node.f_best*ep:-2.6562633514404297,left_f_best-1.8831754922866821,right_f_best-2.6446971893310547,i:3
2025-04-27 14:15:31,846 - INFO - tree_node.f_best*ep:-2.6562633514404297,left_f_best-1.9061875343322754,right_f_best-2.685971736907959,i:4
2025-04-27 14:15:51,093 - INFO - 添加左子节点，右子节点，len(queue):4
2025-04-27 14:15:51,093 - INFO - Node 1: k=415.37662175695266, f_best=-2.6388473510742188, f_min=-5.358459857881826
2025-04-27 14:15:51,093 - INFO - Node 2: k=163.63375750889958, f_best=-1.8817219734191895, f_min=-1.9911518683393297
2025-04-27 14:15:51,093 - INFO - Node 3: k=217.45614774532865, f_best=-2.645801067352295, f_min=-3.577314500711509
2025-04-27 14:15:51,093 - INFO - Node 4: k=138.16866100821971, f_best=-1.9020854234695435, f_min=-1.9296231774728767
2025-04-27 14:15:51,093 - INFO - Node 5: k=111.64509478629127, f_best=-2.6562633514404297, f_min=-3.178480379108805
2025-04-27 14:15:51,093 - INFO - Node 6: k=184.38661373557323, f_best=-1.9061875343322754, f_min=-3.385005515753619
2025-04-27 14:15:51,093 - INFO - Node 7: k=158.15674897163234, f_best=-2.685971736907959, f_min=-3.237545785759721
2025-04-27 14:15:51,093 - INFO - cur_node_number 14,f_best -2.685971736907959,f_min -3.237545785759721,k 158.15674897163234
2025-04-27 14:15:51,093 - INFO - f_best_current -2.685971736907959,f_min -3.237545785759721
2025-04-27 14:15:51,093 - INFO - 回退,len(queue)=2
2025-04-27 14:15:56,587 - INFO - tree_node.f_best*ep:-2.6562633514404297,left_f_best-1.8599210977554321,right_f_best-2.6134471893310547,i:1
2025-04-27 14:16:02,491 - INFO - tree_node.f_best*ep:-2.6562633514404297,left_f_best-1.870123267173767,right_f_best-2.5834059715270996,i:2
2025-04-27 14:16:08,779 - INFO - tree_node.f_best*ep:-2.6562633514404297,left_f_best-1.8951066732406616,right_f_best-2.668180465698242,i:3
2025-04-27 14:16:27,826 - INFO - 添加左子节点，右子节点，len(queue):4
2025-04-27 14:16:27,826 - INFO - Node 1: k=415.37662175695266, f_best=-2.6388473510742188, f_min=-5.358459857881826
2025-04-27 14:16:27,826 - INFO - Node 2: k=163.63375750889958, f_best=-1.8817219734191895, f_min=-1.9911518683393297
2025-04-27 14:16:27,826 - INFO - Node 3: k=217.45614774532865, f_best=-2.645801067352295, f_min=-3.577314500711509
2025-04-27 14:16:27,826 - INFO - Node 4: k=138.16866100821971, f_best=-1.9020854234695435, f_min=-1.9296231774728767
2025-04-27 14:16:27,826 - INFO - Node 5: k=158.15674897163234, f_best=-2.6562633514404297, f_min=-3.178480379108805
2025-04-27 14:16:27,826 - INFO - Node 6: k=127.59644031393692, f_best=-1.8951066732406616, f_min=-1.9100710667858039
2025-04-27 14:16:27,826 - INFO - Node 7: k=162.94905662222178, f_best=-2.668180465698242, f_min=-3.028524362569442
2025-04-27 14:16:27,826 - INFO - cur_node_number 15,f_best -2.668180465698242,f_min -3.028524362569442,k 162.94905662222178
2025-04-27 14:16:27,826 - INFO - f_best_current -2.668180465698242,f_min -3.028524362569442
2025-04-27 14:16:27,826 - INFO - 回退,len(queue)=2
2025-04-27 14:16:33,569 - INFO - tree_node.f_best*ep:-2.6562633514404297,left_f_best-1.886008858680725,right_f_best-2.643069267272949,i:1
2025-04-27 14:16:39,484 - INFO - tree_node.f_best*ep:-2.6562633514404297,left_f_best-1.9069384336471558,right_f_best-2.5814080238342285,i:2
2025-04-27 14:16:45,602 - INFO - tree_node.f_best*ep:-2.6562633514404297,left_f_best-1.8801270723342896,right_f_best-2.665731906890869,i:3
2025-04-27 14:17:06,549 - INFO - 添加左子节点，右子节点，len(queue):4
2025-04-27 14:17:06,549 - INFO - Node 1: k=415.37662175695266, f_best=-2.6388473510742188, f_min=-5.358459857881826
2025-04-27 14:17:06,549 - INFO - Node 2: k=163.63375750889958, f_best=-1.8817219734191895, f_min=-1.9911518683393297
2025-04-27 14:17:06,549 - INFO - Node 3: k=217.45614774532865, f_best=-2.645801067352295, f_min=-3.577314500711509
2025-04-27 14:17:06,549 - INFO - Node 4: k=138.16866100821971, f_best=-1.9020854234695435, f_min=-1.9296231774728767
2025-04-27 14:17:06,549 - INFO - Node 5: k=162.94905662222178, f_best=-2.6562633514404297, f_min=-3.178480379108805
2025-04-27 14:17:06,549 - INFO - Node 6: k=216.20780567612795, f_best=-1.8801270723342896, f_min=-3.0145492495903454
2025-04-27 14:17:06,549 - INFO - Node 7: k=192.98128984573668, f_best=-2.665731906890869, f_min=-6.158565293271749
2025-04-27 14:17:06,549 - INFO - cur_node_number 16,f_best -2.665731906890869,f_min -6.158565293271749,k 192.98128984573668
2025-04-27 14:17:06,549 - INFO - f_best_current -2.665731906890869,f_min -6.158565293271749
2025-04-27 14:17:06,549 - INFO - 回退,len(queue)=2
2025-04-27 14:17:12,230 - INFO - tree_node.f_best*ep:-2.6562633514404297,left_f_best-1.8688701391220093,right_f_best-2.621272087097168,i:1
2025-04-27 14:17:18,225 - INFO - tree_node.f_best*ep:-2.6562633514404297,left_f_best-1.855156421661377,right_f_best-2.605067253112793,i:2
2025-04-27 14:17:24,611 - INFO - tree_node.f_best*ep:-2.6562633514404297,left_f_best-1.886955976486206,right_f_best-2.630621910095215,i:3
2025-04-27 14:17:31,311 - INFO - tree_node.f_best*ep:-2.6562633514404297,left_f_best-1.9006869792938232,right_f_best-2.6593570709228516,i:4
2025-04-27 14:17:48,719 - INFO - 添加左子节点，右子节点，len(queue):4
2025-04-27 14:17:48,719 - INFO - Node 1: k=415.37662175695266, f_best=-2.6388473510742188, f_min=-5.358459857881826
2025-04-27 14:17:48,719 - INFO - Node 2: k=163.63375750889958, f_best=-1.8817219734191895, f_min=-1.9911518683393297
2025-04-27 14:17:48,719 - INFO - Node 3: k=217.45614774532865, f_best=-2.645801067352295, f_min=-3.577314500711509
2025-04-27 14:17:48,719 - INFO - Node 4: k=138.16866100821971, f_best=-1.9020854234695435, f_min=-1.9296231774728767
2025-04-27 14:17:48,719 - INFO - Node 5: k=192.98128984573668, f_best=-2.6562633514404297, f_min=-3.178480379108805
2025-04-27 14:17:48,719 - INFO - Node 6: k=151.11302969120783, f_best=-1.9006869792938232, f_min=-2.5664733889861964
2025-04-27 14:17:48,719 - INFO - Node 7: k=102.08155634414598, f_best=-2.6593570709228516, f_min=-4.101529293721796
2025-04-27 14:17:48,719 - INFO - cur_node_number 17,f_best -2.6593570709228516,f_min -4.101529293721796,k 102.08155634414598
2025-04-27 14:17:48,719 - INFO - f_best_current -2.6593570709228516,f_min -4.101529293721796
2025-04-27 14:17:54,524 - INFO - tree_node.f_best*ep:-2.6593570709228516,left_f_best-1.8553961515426636,right_f_best-2.597823143005371,i:1
2025-04-27 14:18:00,547 - INFO - tree_node.f_best*ep:-2.6593570709228516,left_f_best-1.8742092847824097,right_f_best-2.631826400756836,i:2
2025-04-27 14:18:06,810 - INFO - tree_node.f_best*ep:-2.6593570709228516,left_f_best-1.8972266912460327,right_f_best-2.663649559020996,i:3
2025-04-27 14:18:22,825 - INFO - 添加左子节点，右子节点，len(queue):5
2025-04-27 14:18:22,825 - INFO - Node 1: k=415.37662175695266, f_best=-2.6388473510742188, f_min=-5.358459857881826
2025-04-27 14:18:22,825 - INFO - Node 2: k=163.63375750889958, f_best=-1.8817219734191895, f_min=-1.9911518683393297
2025-04-27 14:18:22,825 - INFO - Node 3: k=217.45614774532865, f_best=-2.645801067352295, f_min=-3.577314500711509
2025-04-27 14:18:22,825 - INFO - Node 4: k=138.16866100821971, f_best=-1.9020854234695435, f_min=-1.9296231774728767
2025-04-27 14:18:22,825 - INFO - Node 5: k=192.98128984573668, f_best=-2.6562633514404297, f_min=-3.178480379108805
2025-04-27 14:18:22,825 - INFO - Node 6: k=151.11302969120783, f_best=-1.9006869792938232, f_min=-2.5664733889861964
2025-04-27 14:18:22,825 - INFO - Node 7: k=102.08155634414598, f_best=-2.6593570709228516, f_min=-4.101529293721796
2025-04-27 14:18:22,825 - INFO - Node 8: k=100.49063437109928, f_best=-1.8972266912460327, f_min=-2.109860633880089
2025-04-27 14:18:22,825 - INFO - Node 9: k=99.07935287274881, f_best=-2.663649559020996, f_min=-3.5117291322208075
2025-04-27 14:18:22,825 - INFO - cur_node_number 18,f_best -2.663649559020996,f_min -3.5117291322208075,k 99.07935287274881
2025-04-27 14:18:22,825 - INFO - f_best_current -2.663649559020996,f_min -3.5117291322208075
2025-04-27 14:18:28,536 - INFO - tree_node.f_best*ep:-2.663649559020996,left_f_best-1.8770493268966675,right_f_best-2.644186496734619,i:1
2025-04-27 14:18:34,499 - INFO - tree_node.f_best*ep:-2.663649559020996,left_f_best-1.8616626262664795,right_f_best-2.6509361267089844,i:2
2025-04-27 14:18:40,838 - INFO - tree_node.f_best*ep:-2.663649559020996,left_f_best-1.8928167819976807,right_f_best-2.656374454498291,i:3
2025-04-27 14:18:47,513 - INFO - tree_node.f_best*ep:-2.663649559020996,left_f_best-1.8925894498825073,right_f_best-2.6892032623291016,i:4
2025-04-27 14:19:07,784 - INFO - 添加左子节点，右子节点，len(queue):6
2025-04-27 14:19:07,784 - INFO - Node 1: k=415.37662175695266, f_best=-2.6388473510742188, f_min=-5.358459857881826
2025-04-27 14:19:07,784 - INFO - Node 2: k=163.63375750889958, f_best=-1.8817219734191895, f_min=-1.9911518683393297
2025-04-27 14:19:07,784 - INFO - Node 3: k=217.45614774532865, f_best=-2.645801067352295, f_min=-3.577314500711509
2025-04-27 14:19:07,784 - INFO - Node 4: k=138.16866100821971, f_best=-1.9020854234695435, f_min=-1.9296231774728767
2025-04-27 14:19:07,784 - INFO - Node 5: k=192.98128984573668, f_best=-2.6562633514404297, f_min=-3.178480379108805
2025-04-27 14:19:07,784 - INFO - Node 6: k=151.11302969120783, f_best=-1.9006869792938232, f_min=-2.5664733889861964
2025-04-27 14:19:07,784 - INFO - Node 7: k=102.08155634414598, f_best=-2.6593570709228516, f_min=-4.101529293721796
2025-04-27 14:19:07,784 - INFO - Node 8: k=100.49063437109928, f_best=-1.8972266912460327, f_min=-2.109860633880089
2025-04-27 14:19:07,784 - INFO - Node 9: k=99.07935287274881, f_best=-2.663649559020996, f_min=-3.5117291322208075
2025-04-27 14:19:07,784 - INFO - Node 10: k=189.97371251837487, f_best=-1.8925894498825073, f_min=-3.40805293683934
2025-04-27 14:19:07,784 - INFO - Node 11: k=180.75346900850235, f_best=-2.6892032623291016, f_min=-3.96122048772213
2025-04-27 14:19:07,784 - INFO - cur_node_number 19,f_best -2.6892032623291016,f_min -3.96122048772213,k 180.75346900850235
2025-04-27 14:19:07,784 - INFO - f_best_current -2.6892032623291016,f_min -3.96122048772213
2025-04-27 14:19:07,784 - INFO - 回退,len(queue)=4
2025-04-27 14:19:07,784 - INFO - 回退,len(queue)=3
2025-04-27 14:19:13,484 - INFO - tree_node.f_best*ep:-2.6593570709228516,left_f_best-1.8414860963821411,right_f_best-2.564459800720215,i:1
2025-04-27 14:19:19,453 - INFO - tree_node.f_best*ep:-2.6593570709228516,left_f_best-1.8842095136642456,right_f_best-2.6497230529785156,i:2
2025-04-27 14:19:25,749 - INFO - tree_node.f_best*ep:-2.6593570709228516,left_f_best-1.8794293403625488,right_f_best-2.6472954750061035,i:3
2025-04-27 14:19:32,268 - INFO - tree_node.f_best*ep:-2.6593570709228516,left_f_best-1.8911010026931763,right_f_best-2.6204190254211426,i:4
2025-04-27 14:19:39,104 - INFO - tree_node.f_best*ep:-2.6593570709228516,left_f_best-1.9096509218215942,right_f_best-2.671031951904297,i:5
2025-04-27 14:19:55,220 - INFO - 添加左子节点，右子节点，len(queue):5
2025-04-27 14:19:55,220 - INFO - Node 1: k=415.37662175695266, f_best=-2.6388473510742188, f_min=-5.358459857881826
2025-04-27 14:19:55,220 - INFO - Node 2: k=163.63375750889958, f_best=-1.8817219734191895, f_min=-1.9911518683393297
2025-04-27 14:19:55,220 - INFO - Node 3: k=217.45614774532865, f_best=-2.645801067352295, f_min=-3.577314500711509
2025-04-27 14:19:55,220 - INFO - Node 4: k=138.16866100821971, f_best=-1.9020854234695435, f_min=-1.9296231774728767
2025-04-27 14:19:55,220 - INFO - Node 5: k=192.98128984573668, f_best=-2.6562633514404297, f_min=-3.178480379108805
2025-04-27 14:19:55,235 - INFO - Node 6: k=151.11302969120783, f_best=-1.9006869792938232, f_min=-2.5664733889861964
2025-04-27 14:19:55,235 - INFO - Node 7: k=180.75346900850235, f_best=-2.6593570709228516, f_min=-4.101529293721796
2025-04-27 14:19:55,235 - INFO - Node 8: k=114.36771572422667, f_best=-1.9096509218215942, f_min=-2.114136212916037
2025-04-27 14:19:55,235 - INFO - Node 9: k=70.93776568149012, f_best=-2.671031951904297, f_min=-2.6897270741885677
2025-04-27 14:19:55,235 - INFO - cur_node_number 20,f_best -2.671031951904297,f_min -2.6897270741885677,k 70.93776568149012
2025-04-27 14:19:55,235 - INFO - f_best_current -2.671031951904297,f_min -2.6897270741885677
2025-04-27 14:19:55,235 - INFO - 结束,fmin= -2.6897270741885677, fbestmin=-2.671031951904297
