2025-04-27 14:19:57,813 - INFO - Namespace(log_file='outputs/dnn1/img[7]/min/DNN1img7_label4.log', image_path='img[7].png', model_path='network/SimpleNN14.pth', label=4, init_epsilon=0.05, epsilon=0.01, ep=1, min=1)
2025-04-27 14:19:57,829 - INFO - Model output max(1): torch.return_types.max(
values=tensor([9.7064], grad_fn=<MaxBackward0>),
indices=tensor([7]))
2025-04-27 14:20:01,471 - INFO - cur_node_number 1,f_best -16.571395874023438,f_min -18.58686856100576,k 349.03174467077287
2025-04-27 14:20:01,471 - INFO - f_best_current -16.571395874023438,f_min -18.58686856100576
2025-04-27 14:20:07,306 - INFO - tree_node.f_best*ep:-16.571395874023438,left_f_best-15.35622501373291,right_f_best-16.639841079711914,i:1
2025-04-27 14:20:25,209 - INFO - 添加左子节点，右子节点，len(queue):2
2025-04-27 14:20:25,209 - INFO - Node 1: k=349.03174467077287, f_best=-16.571395874023438, f_min=-18.58686856100576
2025-04-27 14:20:25,209 - INFO - Node 2: k=137.80588504170981, f_best=-15.35622501373291, f_min=-17.07325912132046
2025-04-27 14:20:25,209 - INFO - Node 3: k=176.72667607915548, f_best=-16.639841079711914, f_min=-17.34484326125221
2025-04-27 14:20:25,209 - INFO - cur_node_number 2,f_best -16.639841079711914,f_min -17.34484326125221,k 176.72667607915548
2025-04-27 14:20:25,209 - INFO - f_best_current -16.639841079711914,f_min -17.34484326125221
2025-04-27 14:20:30,907 - INFO - tree_node.f_best*ep:-16.639841079711914,left_f_best-15.363451957702637,right_f_best-16.652679443359375,i:1
2025-04-27 14:20:49,421 - INFO - 添加左子节点，右子节点，len(queue):3
2025-04-27 14:20:49,421 - INFO - Node 1: k=349.03174467077287, f_best=-16.571395874023438, f_min=-18.58686856100576
2025-04-27 14:20:49,421 - INFO - Node 2: k=137.80588504170981, f_best=-15.35622501373291, f_min=-17.07325912132046
2025-04-27 14:20:49,421 - INFO - Node 3: k=176.72667607915548, f_best=-16.639841079711914, f_min=-17.34484326125221
2025-04-27 14:20:49,421 - INFO - Node 4: k=257.9373970903319, f_best=-15.363451957702637, f_min=-23.599126061694733
2025-04-27 14:20:49,421 - INFO - Node 5: k=169.8308620578499, f_best=-16.652679443359375, f_min=-17.14220624855716
2025-04-27 14:20:49,421 - INFO - cur_node_number 3,f_best -16.652679443359375,f_min -17.14220624855716,k 169.8308620578499
2025-04-27 14:20:49,421 - INFO - f_best_current -16.652679443359375,f_min -17.14220624855716
2025-04-27 14:20:55,147 - INFO - tree_node.f_best*ep:-16.652679443359375,left_f_best-15.361895561218262,right_f_best-16.619173049926758,i:1
2025-04-27 14:21:01,174 - INFO - tree_node.f_best*ep:-16.652679443359375,left_f_best-15.38210391998291,right_f_best-16.661457061767578,i:2
2025-04-27 14:21:19,710 - INFO - 添加左子节点，右子节点，len(queue):4
2025-04-27 14:21:19,710 - INFO - Node 1: k=349.03174467077287, f_best=-16.571395874023438, f_min=-18.58686856100576
2025-04-27 14:21:19,710 - INFO - Node 2: k=137.80588504170981, f_best=-15.35622501373291, f_min=-17.07325912132046
2025-04-27 14:21:19,710 - INFO - Node 3: k=176.72667607915548, f_best=-16.639841079711914, f_min=-17.34484326125221
2025-04-27 14:21:19,710 - INFO - Node 4: k=257.9373970903319, f_best=-15.363451957702637, f_min=-23.599126061694733
2025-04-27 14:21:19,710 - INFO - Node 5: k=169.8308620578499, f_best=-16.652679443359375, f_min=-17.14220624855716
2025-04-27 14:21:19,710 - INFO - Node 6: k=166.484523142682, f_best=-15.38210391998291, f_min=-17.05535297040842
2025-04-27 14:21:19,710 - INFO - Node 7: k=168.14936837410883, f_best=-16.661457061767578, f_min=-18.995600316517994
2025-04-27 14:21:19,710 - INFO - cur_node_number 4,f_best -16.661457061767578,f_min -18.995600316517994,k 168.14936837410883
2025-04-27 14:21:19,710 - INFO - f_best_current -16.661457061767578,f_min -18.995600316517994
2025-04-27 14:21:25,529 - INFO - tree_node.f_best*ep:-16.661457061767578,left_f_best-15.367205619812012,right_f_best-16.62432289123535,i:1
2025-04-27 14:21:31,602 - INFO - tree_node.f_best*ep:-16.661457061767578,left_f_best-15.382381439208984,right_f_best-16.647294998168945,i:2
2025-04-27 14:21:38,003 - INFO - tree_node.f_best*ep:-16.661457061767578,left_f_best-15.379277229309082,right_f_best-16.659954071044922,i:3
2025-04-27 14:21:44,657 - INFO - tree_node.f_best*ep:-16.661457061767578,left_f_best-15.408775329589844,right_f_best-16.675872802734375,i:4
2025-04-27 14:22:03,991 - INFO - 添加左子节点，右子节点，len(queue):5
2025-04-27 14:22:03,991 - INFO - Node 1: k=349.03174467077287, f_best=-16.571395874023438, f_min=-18.58686856100576
2025-04-27 14:22:03,991 - INFO - Node 2: k=137.80588504170981, f_best=-15.35622501373291, f_min=-17.07325912132046
2025-04-27 14:22:03,991 - INFO - Node 3: k=176.72667607915548, f_best=-16.639841079711914, f_min=-17.34484326125221
2025-04-27 14:22:03,991 - INFO - Node 4: k=257.9373970903319, f_best=-15.363451957702637, f_min=-23.599126061694733
2025-04-27 14:22:03,991 - INFO - Node 5: k=169.8308620578499, f_best=-16.652679443359375, f_min=-17.14220624855716
2025-04-27 14:22:03,991 - INFO - Node 6: k=166.484523142682, f_best=-15.38210391998291, f_min=-17.05535297040842
2025-04-27 14:22:03,991 - INFO - Node 7: k=168.14936837410883, f_best=-16.661457061767578, f_min=-18.995600316517994
2025-04-27 14:22:03,991 - INFO - Node 8: k=311.61647807893735, f_best=-15.408775329589844, f_min=-15.865128843592174
2025-04-27 14:22:03,991 - INFO - Node 9: k=136.44147033832655, f_best=-16.675872802734375, f_min=-17.365193302151965
2025-04-27 14:22:03,991 - INFO - cur_node_number 5,f_best -16.675872802734375,f_min -17.365193302151965,k 136.44147033832655
2025-04-27 14:22:03,991 - INFO - f_best_current -16.675872802734375,f_min -17.365193302151965
2025-04-27 14:22:09,546 - INFO - tree_node.f_best*ep:-16.675872802734375,left_f_best-15.345967292785645,right_f_best-16.641565322875977,i:1
2025-04-27 14:22:15,419 - INFO - tree_node.f_best*ep:-16.675872802734375,left_f_best-15.395304679870605,right_f_best-16.638132095336914,i:2
2025-04-27 14:22:21,674 - INFO - tree_node.f_best*ep:-16.675872802734375,left_f_best-15.412598609924316,right_f_best-16.678056716918945,i:3
2025-04-27 14:22:40,047 - INFO - 添加左子节点，右子节点，len(queue):6
2025-04-27 14:22:40,047 - INFO - Node 1: k=349.03174467077287, f_best=-16.571395874023438, f_min=-18.58686856100576
2025-04-27 14:22:40,047 - INFO - Node 2: k=137.80588504170981, f_best=-15.35622501373291, f_min=-17.07325912132046
2025-04-27 14:22:40,047 - INFO - Node 3: k=176.72667607915548, f_best=-16.639841079711914, f_min=-17.34484326125221
2025-04-27 14:22:40,047 - INFO - Node 4: k=257.9373970903319, f_best=-15.363451957702637, f_min=-23.599126061694733
2025-04-27 14:22:40,047 - INFO - Node 5: k=169.8308620578499, f_best=-16.652679443359375, f_min=-17.14220624855716
2025-04-27 14:22:40,047 - INFO - Node 6: k=166.484523142682, f_best=-15.38210391998291, f_min=-17.05535297040842
2025-04-27 14:22:40,047 - INFO - Node 7: k=168.14936837410883, f_best=-16.661457061767578, f_min=-18.995600316517994
2025-04-27 14:22:40,047 - INFO - Node 8: k=311.61647807893735, f_best=-15.408775329589844, f_min=-15.865128843592174
2025-04-27 14:22:40,047 - INFO - Node 9: k=136.44147033832655, f_best=-16.675872802734375, f_min=-17.365193302151965
2025-04-27 14:22:40,047 - INFO - Node 10: k=123.51868317641664, f_best=-15.412598609924316, f_min=-15.557257980357008
2025-04-27 14:22:40,047 - INFO - Node 11: k=255.38356147557613, f_best=-16.678056716918945, f_min=-17.03965119966506
2025-04-27 14:22:40,047 - INFO - cur_node_number 6,f_best -16.678056716918945,f_min -17.03965119966506,k 255.38356147557613
2025-04-27 14:22:40,047 - INFO - f_best_current -16.678056716918945,f_min -17.03965119966506
2025-04-27 14:22:40,047 - INFO - 回退,len(queue)=4
2025-04-27 14:22:40,047 - INFO - 回退,len(queue)=3
2025-04-27 14:22:40,047 - INFO - 回退,len(queue)=2
2025-04-27 14:22:40,047 - INFO - 回退,len(queue)=1
2025-04-27 14:22:45,843 - INFO - tree_node.f_best*ep:-16.639841079711914,left_f_best-15.362211227416992,right_f_best-16.64531707763672,i:1
2025-04-27 14:23:05,716 - INFO - 添加左子节点，右子节点，len(queue):3
2025-04-27 14:23:05,716 - INFO - Node 1: k=349.03174467077287, f_best=-16.571395874023438, f_min=-18.58686856100576
2025-04-27 14:23:05,716 - INFO - Node 2: k=137.80588504170981, f_best=-15.35622501373291, f_min=-17.07325912132046
2025-04-27 14:23:05,716 - INFO - Node 3: k=255.38356147557613, f_best=-16.639841079711914, f_min=-17.34484326125221
2025-04-27 14:23:05,716 - INFO - Node 4: k=211.39116747857673, f_best=-15.362211227416992, f_min=-21.730250870851705
2025-04-27 14:23:05,716 - INFO - Node 5: k=242.98869592281946, f_best=-16.64531707763672, f_min=-20.689532149777733
2025-04-27 14:23:05,716 - INFO - cur_node_number 7,f_best -16.64531707763672,f_min -20.689532149777733,k 242.98869592281946
2025-04-27 14:23:05,716 - INFO - f_best_current -16.64531707763672,f_min -20.689532149777733
2025-04-27 14:23:11,447 - INFO - tree_node.f_best*ep:-16.64531707763672,left_f_best-15.387118339538574,right_f_best-16.6446475982666,i:1
2025-04-27 14:23:17,485 - INFO - tree_node.f_best*ep:-16.64531707763672,left_f_best-15.375998497009277,right_f_best-16.660261154174805,i:2
2025-04-27 14:23:34,339 - INFO - 添加左子节点，右子节点，len(queue):4
2025-04-27 14:23:34,339 - INFO - Node 1: k=349.03174467077287, f_best=-16.571395874023438, f_min=-18.58686856100576
2025-04-27 14:23:34,339 - INFO - Node 2: k=137.80588504170981, f_best=-15.35622501373291, f_min=-17.07325912132046
2025-04-27 14:23:34,339 - INFO - Node 3: k=255.38356147557613, f_best=-16.639841079711914, f_min=-17.34484326125221
2025-04-27 14:23:34,339 - INFO - Node 4: k=211.39116747857673, f_best=-15.362211227416992, f_min=-21.730250870851705
2025-04-27 14:23:34,339 - INFO - Node 5: k=242.98869592281946, f_best=-16.64531707763672, f_min=-20.689532149777733
2025-04-27 14:23:34,339 - INFO - Node 6: k=144.83537014176224, f_best=-15.375998497009277, f_min=-16.7250335339736
2025-04-27 14:23:34,339 - INFO - Node 7: k=139.1839438921269, f_best=-16.660261154174805, f_min=-19.59914367272495
2025-04-27 14:23:34,339 - INFO - cur_node_number 8,f_best -16.660261154174805,f_min -19.59914367272495,k 139.1839438921269
2025-04-27 14:23:34,339 - INFO - f_best_current -16.660261154174805,f_min -19.59914367272495
2025-04-27 14:23:39,980 - INFO - tree_node.f_best*ep:-16.660261154174805,left_f_best-15.315400123596191,right_f_best-16.652036666870117,i:1
2025-04-27 14:23:45,660 - INFO - tree_node.f_best*ep:-16.660261154174805,left_f_best-15.376900672912598,right_f_best-16.65983772277832,i:2
2025-04-27 14:23:51,555 - INFO - tree_node.f_best*ep:-16.660261154174805,left_f_best-15.379781723022461,right_f_best-16.66433334350586,i:3
2025-04-27 14:24:09,237 - INFO - 添加左子节点，右子节点，len(queue):5
2025-04-27 14:24:09,237 - INFO - Node 1: k=349.03174467077287, f_best=-16.571395874023438, f_min=-18.58686856100576
2025-04-27 14:24:09,237 - INFO - Node 2: k=137.80588504170981, f_best=-15.35622501373291, f_min=-17.07325912132046
2025-04-27 14:24:09,237 - INFO - Node 3: k=255.38356147557613, f_best=-16.639841079711914, f_min=-17.34484326125221
2025-04-27 14:24:09,237 - INFO - Node 4: k=211.39116747857673, f_best=-15.362211227416992, f_min=-21.730250870851705
2025-04-27 14:24:09,237 - INFO - Node 5: k=242.98869592281946, f_best=-16.64531707763672, f_min=-20.689532149777733
2025-04-27 14:24:09,237 - INFO - Node 6: k=144.83537014176224, f_best=-15.375998497009277, f_min=-16.7250335339736
2025-04-27 14:24:09,237 - INFO - Node 7: k=139.1839438921269, f_best=-16.660261154174805, f_min=-19.59914367272495
2025-04-27 14:24:09,237 - INFO - Node 8: k=211.39116747857673, f_best=-15.379781723022461, f_min=-15.664403325548847
2025-04-27 14:24:09,237 - INFO - Node 9: k=139.1839438921269, f_best=-16.66433334350586, f_min=-18.638539557303375
2025-04-27 14:24:09,237 - INFO - cur_node_number 9,f_best -16.66433334350586,f_min -18.638539557303375,k 139.1839438921269
2025-04-27 14:24:09,237 - INFO - f_best_current -16.66433334350586,f_min -18.638539557303375
2025-04-27 14:24:14,777 - INFO - tree_node.f_best*ep:-16.66433334350586,left_f_best-15.367444038391113,right_f_best-16.63984489440918,i:1
2025-04-27 14:24:20,508 - INFO - tree_node.f_best*ep:-16.66433334350586,left_f_best-15.385842323303223,right_f_best-16.66929817199707,i:2
2025-04-27 14:24:38,648 - INFO - 添加左子节点，右子节点，len(queue):6
2025-04-27 14:24:38,648 - INFO - Node 1: k=349.03174467077287, f_best=-16.571395874023438, f_min=-18.58686856100576
2025-04-27 14:24:38,648 - INFO - Node 2: k=137.80588504170981, f_best=-15.35622501373291, f_min=-17.07325912132046
2025-04-27 14:24:38,648 - INFO - Node 3: k=255.38356147557613, f_best=-16.639841079711914, f_min=-17.34484326125221
2025-04-27 14:24:38,648 - INFO - Node 4: k=211.39116747857673, f_best=-15.362211227416992, f_min=-21.730250870851705
2025-04-27 14:24:38,648 - INFO - Node 5: k=242.98869592281946, f_best=-16.64531707763672, f_min=-20.689532149777733
2025-04-27 14:24:38,648 - INFO - Node 6: k=144.83537014176224, f_best=-15.375998497009277, f_min=-16.7250335339736
2025-04-27 14:24:38,648 - INFO - Node 7: k=139.1839438921269, f_best=-16.660261154174805, f_min=-19.59914367272495
2025-04-27 14:24:38,648 - INFO - Node 8: k=211.39116747857673, f_best=-15.379781723022461, f_min=-15.664403325548847
2025-04-27 14:24:38,648 - INFO - Node 9: k=139.1839438921269, f_best=-16.66433334350586, f_min=-18.638539557303375
2025-04-27 14:24:38,648 - INFO - Node 10: k=183.90248780194025, f_best=-15.385842323303223, f_min=-18.130086457621474
2025-04-27 14:24:38,648 - INFO - Node 11: k=163.20412032416627, f_best=-16.66929817199707, f_min=-17.574733562213623
2025-04-27 14:24:38,648 - INFO - cur_node_number 10,f_best -16.66929817199707,f_min -17.574733562213623,k 163.20412032416627
2025-04-27 14:24:38,648 - INFO - f_best_current -16.66929817199707,f_min -17.574733562213623
2025-04-27 14:24:38,648 - INFO - 回退,len(queue)=4
2025-04-27 14:24:38,648 - INFO - 回退,len(queue)=3
2025-04-27 14:24:44,171 - INFO - tree_node.f_best*ep:-16.660261154174805,left_f_best-15.371036529541016,right_f_best-16.652502059936523,i:1
2025-04-27 14:24:49,973 - INFO - tree_node.f_best*ep:-16.660261154174805,left_f_best-15.39424991607666,right_f_best-16.661008834838867,i:2
2025-04-27 14:25:06,529 - INFO - 添加左子节点，右子节点，len(queue):5
2025-04-27 14:25:06,529 - INFO - Node 1: k=349.03174467077287, f_best=-16.571395874023438, f_min=-18.58686856100576
2025-04-27 14:25:06,529 - INFO - Node 2: k=137.80588504170981, f_best=-15.35622501373291, f_min=-17.07325912132046
2025-04-27 14:25:06,529 - INFO - Node 3: k=255.38356147557613, f_best=-16.639841079711914, f_min=-17.34484326125221
2025-04-27 14:25:06,529 - INFO - Node 4: k=211.39116747857673, f_best=-15.362211227416992, f_min=-21.730250870851705
2025-04-27 14:25:06,529 - INFO - Node 5: k=242.98869592281946, f_best=-16.64531707763672, f_min=-20.689532149777733
2025-04-27 14:25:06,529 - INFO - Node 6: k=144.83537014176224, f_best=-15.375998497009277, f_min=-16.7250335339736
2025-04-27 14:25:06,529 - INFO - Node 7: k=163.20412032416627, f_best=-16.660261154174805, f_min=-19.59914367272495
2025-04-27 14:25:06,529 - INFO - Node 8: k=158.40431128783362, f_best=-15.39424991607666, f_min=-16.0249705186543
2025-04-27 14:25:06,529 - INFO - Node 9: k=133.7530343479331, f_best=-16.661008834838867, f_min=-16.672944874150744
2025-04-27 14:25:06,529 - INFO - cur_node_number 11,f_best -16.661008834838867,f_min -16.672944874150744,k 133.7530343479331
2025-04-27 14:25:06,529 - INFO - f_best_current -16.661008834838867,f_min -16.672944874150744
2025-04-27 14:25:06,529 - INFO - 结束,fmin= -16.672944874150744, fbestmin=-16.661008834838867
