2025-04-27 13:48:43,854 - INFO - Namespace(log_file='outputs/dnn1/img[7]/min/DNN1img7_label0.log', image_path='img[7].png', model_path='network/SimpleNN14.pth', label=0, init_epsilon=0.05, epsilon=0.01, ep=1, min=1)
2025-04-27 13:48:43,864 - INFO - Model output max(1): torch.return_types.max(
values=tensor([9.7064], grad_fn=<MaxBackward0>),
indices=tensor([7]))
2025-04-27 13:48:47,260 - INFO - cur_node_number 1,f_best -7.322449207305908,f_min -8.538278174744846,k 374.49432464939395
2025-04-27 13:48:47,260 - INFO - f_best_current -7.322449207305908,f_min -8.538278174744846
2025-04-27 13:48:52,937 - INFO - tree_node.f_best*ep:-7.322449207305908,left_f_best-6.4797587394714355,right_f_best-7.328507900238037,i:1
2025-04-27 13:49:14,723 - INFO - 添加左子节点，右子节点，len(queue):2
2025-04-27 13:49:14,723 - INFO - Node 1: k=374.49432464939395, f_best=-7.322449207305908, f_min=-8.538278174744846
2025-04-27 13:49:14,723 - INFO - Node 2: k=153.90948749828794, f_best=-6.4797587394714355, f_min=-6.840274481575307
2025-04-27 13:49:14,723 - INFO - Node 3: k=150.87686256081554, f_best=-7.328507900238037, f_min=-8.219208696096757
2025-04-27 13:49:14,723 - INFO - cur_node_number 2,f_best -7.328507900238037,f_min -8.219208696096757,k 150.87686256081554
2025-04-27 13:49:14,723 - INFO - f_best_current -7.328507900238037,f_min -8.219208696096757
2025-04-27 13:49:21,112 - INFO - tree_node.f_best*ep:-7.328507900238037,left_f_best-6.486587047576904,right_f_best-7.3318047523498535,i:1
2025-04-27 13:49:39,222 - INFO - 添加左子节点，右子节点，len(queue):3
2025-04-27 13:49:39,222 - INFO - Node 1: k=374.49432464939395, f_best=-7.322449207305908, f_min=-8.538278174744846
2025-04-27 13:49:39,222 - INFO - Node 2: k=153.90948749828794, f_best=-6.4797587394714355, f_min=-6.840274481575307
2025-04-27 13:49:39,222 - INFO - Node 3: k=150.87686256081554, f_best=-7.328507900238037, f_min=-8.219208696096757
2025-04-27 13:49:39,222 - INFO - Node 4: k=69.43133078370543, f_best=-6.486587047576904, f_min=-6.779227233671463
2025-04-27 13:49:39,222 - INFO - Node 5: k=117.6490162028342, f_best=-7.3318047523498535, f_min=-7.829954097395785
2025-04-27 13:49:39,222 - INFO - cur_node_number 3,f_best -7.3318047523498535,f_min -7.829954097395785,k 117.6490162028342
2025-04-27 13:49:39,222 - INFO - f_best_current -7.3318047523498535,f_min -7.829954097395785
2025-04-27 13:49:45,403 - INFO - tree_node.f_best*ep:-7.3318047523498535,left_f_best-6.450913906097412,right_f_best-7.320852279663086,i:1
2025-04-27 13:49:52,078 - INFO - tree_node.f_best*ep:-7.3318047523498535,left_f_best-6.491002559661865,right_f_best-7.307167053222656,i:2
2025-04-27 13:49:59,061 - INFO - tree_node.f_best*ep:-7.3318047523498535,left_f_best-6.485939025878906,right_f_best-7.360809803009033,i:3
2025-04-27 13:50:19,001 - INFO - 添加左子节点，右子节点，len(queue):4
2025-04-27 13:50:19,001 - INFO - Node 1: k=374.49432464939395, f_best=-7.322449207305908, f_min=-8.538278174744846
2025-04-27 13:50:19,001 - INFO - Node 2: k=153.90948749828794, f_best=-6.4797587394714355, f_min=-6.840274481575307
2025-04-27 13:50:19,001 - INFO - Node 3: k=150.87686256081554, f_best=-7.328507900238037, f_min=-8.219208696096757
2025-04-27 13:50:19,001 - INFO - Node 4: k=69.43133078370543, f_best=-6.486587047576904, f_min=-6.779227233671463
2025-04-27 13:50:19,001 - INFO - Node 5: k=117.6490162028342, f_best=-7.3318047523498535, f_min=-7.829954097395785
2025-04-27 13:50:19,001 - INFO - Node 6: k=142.13282948552006, f_best=-6.485939025878906, f_min=-6.50783718473258
2025-04-27 13:50:19,001 - INFO - Node 7: k=105.45160356523685, f_best=-7.360809803009033, f_min=-7.512093213811113
2025-04-27 13:50:19,001 - INFO - cur_node_number 4,f_best -7.360809803009033,f_min -7.512093213811113,k 105.45160356523685
2025-04-27 13:50:19,001 - INFO - f_best_current -7.360809803009033,f_min -7.512093213811113
2025-04-27 13:50:25,376 - INFO - tree_node.f_best*ep:-7.360809803009033,left_f_best-6.4797139167785645,right_f_best-7.319263935089111,i:1
2025-04-27 13:50:32,108 - INFO - tree_node.f_best*ep:-7.360809803009033,left_f_best-6.493574619293213,right_f_best-7.330842018127441,i:2
2025-04-27 13:50:39,195 - INFO - tree_node.f_best*ep:-7.360809803009033,left_f_best-6.486281871795654,right_f_best-7.355613708496094,i:3
2025-04-27 13:50:46,377 - INFO - tree_node.f_best*ep:-7.360809803009033,left_f_best-6.49988317489624,right_f_best-7.364126682281494,i:4
2025-04-27 13:51:05,370 - INFO - 添加左子节点，右子节点，len(queue):5
2025-04-27 13:51:05,370 - INFO - Node 1: k=374.49432464939395, f_best=-7.322449207305908, f_min=-8.538278174744846
2025-04-27 13:51:05,370 - INFO - Node 2: k=153.90948749828794, f_best=-6.4797587394714355, f_min=-6.840274481575307
2025-04-27 13:51:05,370 - INFO - Node 3: k=150.87686256081554, f_best=-7.328507900238037, f_min=-8.219208696096757
2025-04-27 13:51:05,370 - INFO - Node 4: k=69.43133078370543, f_best=-6.486587047576904, f_min=-6.779227233671463
2025-04-27 13:51:05,370 - INFO - Node 5: k=117.6490162028342, f_best=-7.3318047523498535, f_min=-7.829954097395785
2025-04-27 13:51:05,370 - INFO - Node 6: k=142.13282948552006, f_best=-6.485939025878906, f_min=-6.50783718473258
2025-04-27 13:51:05,370 - INFO - Node 7: k=105.45160356523685, f_best=-7.360809803009033, f_min=-7.512093213811113
2025-04-27 13:51:05,370 - INFO - Node 8: k=105.45160356523685, f_best=-6.49988317489624, f_min=-7.11231746898784
2025-04-27 13:51:05,370 - INFO - Node 9: k=111.93900209768718, f_best=-7.364126682281494, f_min=-8.05115128851321
2025-04-27 13:51:05,370 - INFO - cur_node_number 5,f_best -7.364126682281494,f_min -8.05115128851321,k 111.93900209768718
2025-04-27 13:51:05,370 - INFO - f_best_current -7.364126682281494,f_min -8.05115128851321
2025-04-27 13:51:05,370 - INFO - 回退,len(queue)=3
2025-04-27 13:51:11,558 - INFO - tree_node.f_best*ep:-7.360809803009033,left_f_best-6.479201316833496,right_f_best-7.329654216766357,i:1
2025-04-27 13:51:17,835 - INFO - tree_node.f_best*ep:-7.360809803009033,left_f_best-6.493093490600586,right_f_best-7.346780776977539,i:2
2025-04-27 13:51:24,441 - INFO - tree_node.f_best*ep:-7.360809803009033,left_f_best-6.498077869415283,right_f_best-7.358687400817871,i:3
2025-04-27 13:51:31,284 - INFO - tree_node.f_best*ep:-7.360809803009033,left_f_best-6.490907669067383,right_f_best-7.360707759857178,i:4
2025-04-27 13:51:38,473 - INFO - tree_node.f_best*ep:-7.360809803009033,left_f_best-6.499199867248535,right_f_best-7.3618693351745605,i:5
2025-04-27 13:51:57,354 - INFO - 添加左子节点，右子节点，len(queue):5
2025-04-27 13:51:57,354 - INFO - Node 1: k=374.49432464939395, f_best=-7.322449207305908, f_min=-8.538278174744846
2025-04-27 13:51:57,354 - INFO - Node 2: k=153.90948749828794, f_best=-6.4797587394714355, f_min=-6.840274481575307
2025-04-27 13:51:57,354 - INFO - Node 3: k=150.87686256081554, f_best=-7.328507900238037, f_min=-8.219208696096757
2025-04-27 13:51:57,354 - INFO - Node 4: k=69.43133078370543, f_best=-6.486587047576904, f_min=-6.779227233671463
2025-04-27 13:51:57,354 - INFO - Node 5: k=117.6490162028342, f_best=-7.3318047523498535, f_min=-7.829954097395785
2025-04-27 13:51:57,354 - INFO - Node 6: k=142.13282948552006, f_best=-6.485939025878906, f_min=-6.50783718473258
2025-04-27 13:51:57,354 - INFO - Node 7: k=111.93900209768718, f_best=-7.360809803009033, f_min=-7.512093213811113
2025-04-27 13:51:57,354 - INFO - Node 8: k=137.95272399572556, f_best=-6.499199867248535, f_min=-9.524894875066366
2025-04-27 13:51:57,354 - INFO - Node 9: k=98.35661454311575, f_best=-7.3618693351745605, f_min=-7.72661372862467
2025-04-27 13:51:57,354 - INFO - cur_node_number 6,f_best -7.3618693351745605,f_min -7.72661372862467,k 98.35661454311575
2025-04-27 13:51:57,354 - INFO - f_best_current -7.3618693351745605,f_min -7.72661372862467
2025-04-27 13:52:03,256 - INFO - tree_node.f_best*ep:-7.3618693351745605,left_f_best-6.478157997131348,right_f_best-7.328609943389893,i:1
2025-04-27 13:52:09,345 - INFO - tree_node.f_best*ep:-7.3618693351745605,left_f_best-6.47698450088501,right_f_best-7.3503193855285645,i:2
2025-04-27 13:52:15,964 - INFO - tree_node.f_best*ep:-7.3618693351745605,left_f_best-6.500909328460693,right_f_best-7.3265156745910645,i:3
2025-04-27 13:52:22,992 - INFO - tree_node.f_best*ep:-7.3618693351745605,left_f_best-6.496355056762695,right_f_best-7.325500011444092,i:4
2025-04-27 13:52:30,225 - INFO - tree_node.f_best*ep:-7.3618693351745605,left_f_best-6.508727073669434,right_f_best-7.3657450675964355,i:5
2025-04-27 13:52:50,161 - INFO - 添加左子节点，右子节点，len(queue):6
2025-04-27 13:52:50,161 - INFO - Node 1: k=374.49432464939395, f_best=-7.322449207305908, f_min=-8.538278174744846
2025-04-27 13:52:50,161 - INFO - Node 2: k=153.90948749828794, f_best=-6.4797587394714355, f_min=-6.840274481575307
2025-04-27 13:52:50,161 - INFO - Node 3: k=150.87686256081554, f_best=-7.328507900238037, f_min=-8.219208696096757
2025-04-27 13:52:50,161 - INFO - Node 4: k=69.43133078370543, f_best=-6.486587047576904, f_min=-6.779227233671463
2025-04-27 13:52:50,161 - INFO - Node 5: k=117.6490162028342, f_best=-7.3318047523498535, f_min=-7.829954097395785
2025-04-27 13:52:50,161 - INFO - Node 6: k=142.13282948552006, f_best=-6.485939025878906, f_min=-6.50783718473258
2025-04-27 13:52:50,161 - INFO - Node 7: k=111.93900209768718, f_best=-7.360809803009033, f_min=-7.512093213811113
2025-04-27 13:52:50,161 - INFO - Node 8: k=137.95272399572556, f_best=-6.499199867248535, f_min=-9.524894875066366
2025-04-27 13:52:50,161 - INFO - Node 9: k=98.35661454311575, f_best=-7.3618693351745605, f_min=-7.72661372862467
2025-04-27 13:52:50,161 - INFO - Node 10: k=111.93900209768718, f_best=-6.508727073669434, f_min=-7.430870603274343
2025-04-27 13:52:50,161 - INFO - Node 11: k=187.7988236989071, f_best=-7.3657450675964355, f_min=-8.24626411549798
2025-04-27 13:52:50,161 - INFO - cur_node_number 7,f_best -7.3657450675964355,f_min -8.24626411549798,k 187.7988236989071
2025-04-27 13:52:50,161 - INFO - f_best_current -7.3657450675964355,f_min -8.24626411549798
2025-04-27 13:52:50,161 - INFO - 回退,len(queue)=4
2025-04-27 13:52:50,161 - INFO - 回退,len(queue)=3
2025-04-27 13:52:50,161 - INFO - 回退,len(queue)=2
2025-04-27 13:52:50,176 - INFO - 回退,len(queue)=1
2025-04-27 13:52:56,026 - INFO - tree_node.f_best*ep:-7.328507900238037,left_f_best-6.47325325012207,right_f_best-7.3472819328308105,i:1
2025-04-27 13:53:14,248 - INFO - 添加左子节点，右子节点，len(queue):3
2025-04-27 13:53:14,248 - INFO - Node 1: k=374.49432464939395, f_best=-7.322449207305908, f_min=-8.538278174744846
2025-04-27 13:53:14,248 - INFO - Node 2: k=153.90948749828794, f_best=-6.4797587394714355, f_min=-6.840274481575307
2025-04-27 13:53:14,248 - INFO - Node 3: k=187.7988236989071, f_best=-7.328507900238037, f_min=-8.219208696096757
2025-04-27 13:53:14,248 - INFO - Node 4: k=96.41860066965567, f_best=-6.47325325012207, f_min=-6.544242081877655
2025-04-27 13:53:14,248 - INFO - Node 5: k=98.35661454311575, f_best=-7.3472819328308105, f_min=-7.6646159290176
2025-04-27 13:53:14,248 - INFO - cur_node_number 8,f_best -7.3472819328308105,f_min -7.6646159290176,k 98.35661454311575
2025-04-27 13:53:14,248 - INFO - f_best_current -7.3472819328308105,f_min -7.6646159290176
2025-04-27 13:53:20,293 - INFO - tree_node.f_best*ep:-7.3472819328308105,left_f_best-6.483499050140381,right_f_best-7.312783718109131,i:1
2025-04-27 13:53:26,521 - INFO - tree_node.f_best*ep:-7.3472819328308105,left_f_best-6.494442939758301,right_f_best-7.332545757293701,i:2
2025-04-27 13:53:33,173 - INFO - tree_node.f_best*ep:-7.3472819328308105,left_f_best-6.47868537902832,right_f_best-7.335071086883545,i:3
2025-04-27 13:53:39,910 - INFO - tree_node.f_best*ep:-7.3472819328308105,left_f_best-6.490830898284912,right_f_best-7.362681865692139,i:4
2025-04-27 13:53:57,931 - INFO - 添加左子节点，右子节点，len(queue):4
2025-04-27 13:53:57,931 - INFO - Node 1: k=374.49432464939395, f_best=-7.322449207305908, f_min=-8.538278174744846
2025-04-27 13:53:57,931 - INFO - Node 2: k=153.90948749828794, f_best=-6.4797587394714355, f_min=-6.840274481575307
2025-04-27 13:53:57,931 - INFO - Node 3: k=187.7988236989071, f_best=-7.328507900238037, f_min=-8.219208696096757
2025-04-27 13:53:57,931 - INFO - Node 4: k=96.41860066965567, f_best=-6.47325325012207, f_min=-6.544242081877655
2025-04-27 13:53:57,931 - INFO - Node 5: k=98.35661454311575, f_best=-7.3472819328308105, f_min=-7.6646159290176
2025-04-27 13:53:57,931 - INFO - Node 6: k=135.23451033793313, f_best=-6.490830898284912, f_min=-6.574216577112566
2025-04-27 13:53:57,931 - INFO - Node 7: k=79.01933101647616, f_best=-7.362681865692139, f_min=-7.740167151422611
2025-04-27 13:53:57,931 - INFO - cur_node_number 9,f_best -7.362681865692139,f_min -7.740167151422611,k 79.01933101647616
2025-04-27 13:53:57,931 - INFO - f_best_current -7.362681865692139,f_min -7.740167151422611
2025-04-27 13:54:04,008 - INFO - tree_node.f_best*ep:-7.362681865692139,left_f_best-6.480056285858154,right_f_best-7.321338653564453,i:1
2025-04-27 13:54:10,348 - INFO - tree_node.f_best*ep:-7.362681865692139,left_f_best-6.482211589813232,right_f_best-7.326499938964844,i:2
2025-04-27 13:54:16,876 - INFO - tree_node.f_best*ep:-7.362681865692139,left_f_best-6.4929022789001465,right_f_best-7.356895923614502,i:3
2025-04-27 13:54:23,567 - INFO - tree_node.f_best*ep:-7.362681865692139,left_f_best-6.504654407501221,right_f_best-7.371443748474121,i:4
2025-04-27 13:54:42,762 - INFO - 添加左子节点，右子节点，len(queue):5
2025-04-27 13:54:42,762 - INFO - Node 1: k=374.49432464939395, f_best=-7.322449207305908, f_min=-8.538278174744846
2025-04-27 13:54:42,762 - INFO - Node 2: k=153.90948749828794, f_best=-6.4797587394714355, f_min=-6.840274481575307
2025-04-27 13:54:42,762 - INFO - Node 3: k=187.7988236989071, f_best=-7.328507900238037, f_min=-8.219208696096757
2025-04-27 13:54:42,762 - INFO - Node 4: k=96.41860066965567, f_best=-6.47325325012207, f_min=-6.544242081877655
2025-04-27 13:54:42,762 - INFO - Node 5: k=98.35661454311575, f_best=-7.3472819328308105, f_min=-7.6646159290176
2025-04-27 13:54:42,762 - INFO - Node 6: k=135.23451033793313, f_best=-6.490830898284912, f_min=-6.574216577112566
2025-04-27 13:54:42,762 - INFO - Node 7: k=79.01933101647616, f_best=-7.362681865692139, f_min=-7.740167151422611
2025-04-27 13:54:42,762 - INFO - Node 8: k=123.65029841355648, f_best=-6.504654407501221, f_min=-6.737738928885847
2025-04-27 13:54:42,762 - INFO - Node 9: k=128.13259190407717, f_best=-7.371443748474121, f_min=-7.521342104489577
2025-04-27 13:54:42,762 - INFO - cur_node_number 10,f_best -7.371443748474121,f_min -7.521342104489577,k 128.13259190407717
2025-04-27 13:54:42,762 - INFO - f_best_current -7.371443748474121,f_min -7.521342104489577
2025-04-27 13:54:42,762 - INFO - 回退,len(queue)=3
2025-04-27 13:54:42,762 - INFO - 回退,len(queue)=2
2025-04-27 13:54:48,664 - INFO - tree_node.f_best*ep:-7.3472819328308105,left_f_best-6.46030330657959,right_f_best-7.324305057525635,i:1
2025-04-27 13:54:54,816 - INFO - tree_node.f_best*ep:-7.3472819328308105,left_f_best-6.481454372406006,right_f_best-7.3480353355407715,i:2
2025-04-27 13:55:12,112 - INFO - 添加左子节点，右子节点，len(queue):4
2025-04-27 13:55:12,112 - INFO - Node 1: k=374.49432464939395, f_best=-7.322449207305908, f_min=-8.538278174744846
2025-04-27 13:55:12,112 - INFO - Node 2: k=153.90948749828794, f_best=-6.4797587394714355, f_min=-6.840274481575307
2025-04-27 13:55:12,112 - INFO - Node 3: k=187.7988236989071, f_best=-7.328507900238037, f_min=-8.219208696096757
2025-04-27 13:55:12,112 - INFO - Node 4: k=96.41860066965567, f_best=-6.47325325012207, f_min=-6.544242081877655
2025-04-27 13:55:12,112 - INFO - Node 5: k=128.13259190407717, f_best=-7.3472819328308105, f_min=-7.6646159290176
2025-04-27 13:55:12,112 - INFO - Node 6: k=114.18897603985069, f_best=-6.481454372406006, f_min=-6.539805242428429
2025-04-27 13:55:12,112 - INFO - Node 7: k=60.402686710251935, f_best=-7.3480353355407715, f_min=-7.738498961257619
2025-04-27 13:55:12,112 - INFO - cur_node_number 11,f_best -7.3480353355407715,f_min -7.738498961257619,k 60.402686710251935
2025-04-27 13:55:12,112 - INFO - f_best_current -7.3480353355407715,f_min -7.738498961257619
2025-04-27 13:55:18,240 - INFO - tree_node.f_best*ep:-7.3480353355407715,left_f_best-6.476701736450195,right_f_best-7.305657863616943,i:1
2025-04-27 13:55:24,304 - INFO - tree_node.f_best*ep:-7.3480353355407715,left_f_best-6.483974933624268,right_f_best-7.3436279296875,i:2
2025-04-27 13:55:30,570 - INFO - tree_node.f_best*ep:-7.3480353355407715,left_f_best-6.47402811050415,right_f_best-7.360768795013428,i:3
2025-04-27 13:55:49,589 - INFO - 添加左子节点，右子节点，len(queue):5
2025-04-27 13:55:49,589 - INFO - Node 1: k=374.49432464939395, f_best=-7.322449207305908, f_min=-8.538278174744846
2025-04-27 13:55:49,589 - INFO - Node 2: k=153.90948749828794, f_best=-6.4797587394714355, f_min=-6.840274481575307
2025-04-27 13:55:49,589 - INFO - Node 3: k=187.7988236989071, f_best=-7.328507900238037, f_min=-8.219208696096757
2025-04-27 13:55:49,589 - INFO - Node 4: k=96.41860066965567, f_best=-6.47325325012207, f_min=-6.544242081877655
2025-04-27 13:55:49,589 - INFO - Node 5: k=128.13259190407717, f_best=-7.3472819328308105, f_min=-7.6646159290176
2025-04-27 13:55:49,589 - INFO - Node 6: k=114.18897603985069, f_best=-6.481454372406006, f_min=-6.539805242428429
2025-04-27 13:55:49,589 - INFO - Node 7: k=60.402686710251935, f_best=-7.3480353355407715, f_min=-7.738498961257619
2025-04-27 13:55:49,589 - INFO - Node 8: k=99.34018068854691, f_best=-6.47402811050415, f_min=-6.567847332908514
2025-04-27 13:55:49,589 - INFO - Node 9: k=137.95272399572556, f_best=-7.360768795013428, f_min=-7.437045023640167
2025-04-27 13:55:49,589 - INFO - cur_node_number 12,f_best -7.360768795013428,f_min -7.437045023640167,k 137.95272399572556
2025-04-27 13:55:49,589 - INFO - f_best_current -7.360768795013428,f_min -7.437045023640167
2025-04-27 13:55:49,589 - INFO - 回退,len(queue)=3
2025-04-27 13:55:49,589 - INFO - 回退,len(queue)=2
2025-04-27 13:55:55,614 - INFO - tree_node.f_best*ep:-7.3472819328308105,left_f_best-6.460930824279785,right_f_best-7.335587024688721,i:1
2025-04-27 13:56:01,640 - INFO - tree_node.f_best*ep:-7.3472819328308105,left_f_best-6.477619647979736,right_f_best-7.336781978607178,i:2
2025-04-27 13:56:08,061 - INFO - tree_node.f_best*ep:-7.3472819328308105,left_f_best-6.4954094886779785,right_f_best-7.3256354331970215,i:3
2025-04-27 13:56:14,619 - INFO - tree_node.f_best*ep:-7.3472819328308105,left_f_best-6.50759744644165,right_f_best-7.363363742828369,i:4
2025-04-27 13:56:34,065 - INFO - 添加左子节点，右子节点，len(queue):4
2025-04-27 13:56:34,065 - INFO - Node 1: k=374.49432464939395, f_best=-7.322449207305908, f_min=-8.538278174744846
2025-04-27 13:56:34,065 - INFO - Node 2: k=153.90948749828794, f_best=-6.4797587394714355, f_min=-6.840274481575307
2025-04-27 13:56:34,065 - INFO - Node 3: k=187.7988236989071, f_best=-7.328507900238037, f_min=-8.219208696096757
2025-04-27 13:56:34,065 - INFO - Node 4: k=96.41860066965567, f_best=-6.47325325012207, f_min=-6.544242081877655
2025-04-27 13:56:34,065 - INFO - Node 5: k=137.95272399572556, f_best=-7.3472819328308105, f_min=-7.6646159290176
2025-04-27 13:56:34,065 - INFO - Node 6: k=91.73899018423448, f_best=-6.50759744644165, f_min=-6.746372609517039
2025-04-27 13:56:34,065 - INFO - Node 7: k=158.57309887897355, f_best=-7.363363742828369, f_min=-7.648780562313732
2025-04-27 13:56:34,065 - INFO - cur_node_number 13,f_best -7.363363742828369,f_min -7.648780562313732,k 158.57309887897355
2025-04-27 13:56:34,065 - INFO - f_best_current -7.363363742828369,f_min -7.648780562313732
2025-04-27 13:56:34,065 - INFO - 回退,len(queue)=2
2025-04-27 13:56:40,029 - INFO - tree_node.f_best*ep:-7.3472819328308105,left_f_best-6.480034828186035,right_f_best-7.318148612976074,i:1
2025-04-27 13:56:46,210 - INFO - tree_node.f_best*ep:-7.3472819328308105,left_f_best-6.492742538452148,right_f_best-7.319137096405029,i:2
2025-04-27 13:56:52,538 - INFO - tree_node.f_best*ep:-7.3472819328308105,left_f_best-6.492946147918701,right_f_best-7.361823558807373,i:3
2025-04-27 13:57:12,260 - INFO - 添加左子节点，右子节点，len(queue):4
2025-04-27 13:57:12,260 - INFO - Node 1: k=374.49432464939395, f_best=-7.322449207305908, f_min=-8.538278174744846
2025-04-27 13:57:12,260 - INFO - Node 2: k=153.90948749828794, f_best=-6.4797587394714355, f_min=-6.840274481575307
2025-04-27 13:57:12,260 - INFO - Node 3: k=187.7988236989071, f_best=-7.328507900238037, f_min=-8.219208696096757
2025-04-27 13:57:12,260 - INFO - Node 4: k=96.41860066965567, f_best=-6.47325325012207, f_min=-6.544242081877655
2025-04-27 13:57:12,260 - INFO - Node 5: k=158.57309887897355, f_best=-7.3472819328308105, f_min=-7.6646159290176
2025-04-27 13:57:12,260 - INFO - Node 6: k=137.95272399572556, f_best=-6.492946147918701, f_min=-6.671297738371322
2025-04-27 13:57:12,260 - INFO - Node 7: k=116.48417445825169, f_best=-7.361823558807373, f_min=-7.394562699331345
2025-04-27 13:57:12,260 - INFO - cur_node_number 14,f_best -7.361823558807373,f_min -7.394562699331345,k 116.48417445825169
2025-04-27 13:57:12,260 - INFO - f_best_current -7.361823558807373,f_min -7.394562699331345
2025-04-27 13:57:12,260 - INFO - 结束,fmin= -7.394562699331345, fbestmin=-7.361823558807373
