2025-04-27 13:57:15,166 - INFO - Namespace(log_file='outputs/dnn1/img[7]/min/DNN1img7_label1.log', image_path='img[7].png', model_path='network/SimpleNN14.pth', label=1, init_epsilon=0.05, epsilon=0.01, ep=1, min=1)
2025-04-27 13:57:15,182 - INFO - Model output max(1): torch.return_types.max(
values=tensor([9.7064], grad_fn=<MaxBackward0>),
indices=tensor([7]))
2025-04-27 13:57:18,969 - INFO - cur_node_number 1,f_best -8.487485885620117,f_min -9.533568087197636,k 494.33250853719994
2025-04-27 13:57:18,969 - INFO - f_best_current -8.487485885620117,f_min -9.533568087197636
2025-04-27 13:57:24,792 - INFO - tree_node.f_best*ep:-8.487485885620117,left_f_best-7.768435955047607,right_f_best-8.506648063659668,i:1
2025-04-27 13:57:40,742 - INFO - 添加左子节点，右子节点，len(queue):2
2025-04-27 13:57:40,742 - INFO - Node 1: k=494.33250853719994, f_best=-8.487485885620117, f_min=-9.533568087197636
2025-04-27 13:57:40,742 - INFO - Node 2: k=111.47061015242558, f_best=-7.768435955047607, f_min=-12.895166885781236
2025-04-27 13:57:40,742 - INFO - Node 3: k=65.78510433789826, f_best=-8.506648063659668, f_min=-8.617020600388969
2025-04-27 13:57:40,742 - INFO - cur_node_number 2,f_best -8.506648063659668,f_min -8.617020600388969,k 65.78510433789826
2025-04-27 13:57:40,742 - INFO - f_best_current -8.506648063659668,f_min -8.617020600388969
2025-04-27 13:57:46,624 - INFO - tree_node.f_best*ep:-8.506648063659668,left_f_best-7.784456729888916,right_f_best-8.497579574584961,i:1
2025-04-27 13:57:52,873 - INFO - tree_node.f_best*ep:-8.506648063659668,left_f_best-7.770416736602783,right_f_best-8.513699531555176,i:2
2025-04-27 13:58:13,089 - INFO - 添加左子节点，右子节点，len(queue):3
2025-04-27 13:58:13,089 - INFO - Node 1: k=494.33250853719994, f_best=-8.487485885620117, f_min=-9.533568087197636
2025-04-27 13:58:13,089 - INFO - Node 2: k=111.47061015242558, f_best=-7.768435955047607, f_min=-12.895166885781236
2025-04-27 13:58:13,089 - INFO - Node 3: k=65.78510433789826, f_best=-8.506648063659668, f_min=-8.617020600388969
2025-04-27 13:58:13,089 - INFO - Node 4: k=119.51158186535407, f_best=-7.770416736602783, f_min=-9.17344843776982
2025-04-27 13:58:13,089 - INFO - Node 5: k=159.48866929399736, f_best=-8.513699531555176, f_min=-12.535647364993565
2025-04-27 13:58:13,089 - INFO - cur_node_number 3,f_best -8.513699531555176,f_min -12.535647364993565,k 159.48866929399736
2025-04-27 13:58:13,089 - INFO - f_best_current -8.513699531555176,f_min -12.535647364993565
2025-04-27 13:58:13,089 - INFO - 回退,len(queue)=1
2025-04-27 13:58:18,987 - INFO - tree_node.f_best*ep:-8.506648063659668,left_f_best-7.765377521514893,right_f_best-8.489026069641113,i:1
2025-04-27 13:58:24,967 - INFO - tree_node.f_best*ep:-8.506648063659668,left_f_best-7.787330627441406,right_f_best-8.509706497192383,i:2
2025-04-27 13:58:45,016 - INFO - 添加左子节点，右子节点，len(queue):3
2025-04-27 13:58:45,016 - INFO - Node 1: k=494.33250853719994, f_best=-8.487485885620117, f_min=-9.533568087197636
2025-04-27 13:58:45,016 - INFO - Node 2: k=111.47061015242558, f_best=-7.768435955047607, f_min=-12.895166885781236
2025-04-27 13:58:45,016 - INFO - Node 3: k=159.48866929399736, f_best=-8.506648063659668, f_min=-8.617020600388969
2025-04-27 13:58:45,016 - INFO - Node 4: k=141.53809600352824, f_best=-7.787330627441406, f_min=-7.869505481781744
2025-04-27 13:58:45,016 - INFO - Node 5: k=154.79813112284404, f_best=-8.509706497192383, f_min=-10.206995125668072
2025-04-27 13:58:45,016 - INFO - cur_node_number 4,f_best -8.509706497192383,f_min -10.206995125668072,k 154.79813112284404
2025-04-27 13:58:45,016 - INFO - f_best_current -8.509706497192383,f_min -10.206995125668072
2025-04-27 13:58:51,073 - INFO - tree_node.f_best*ep:-8.509706497192383,left_f_best-7.751739025115967,right_f_best-8.503279685974121,i:1
2025-04-27 13:58:57,380 - INFO - tree_node.f_best*ep:-8.509706497192383,left_f_best-7.785802364349365,right_f_best-8.516599655151367,i:2
2025-04-27 13:59:16,138 - INFO - 添加左子节点，右子节点，len(queue):4
2025-04-27 13:59:16,138 - INFO - Node 1: k=494.33250853719994, f_best=-8.487485885620117, f_min=-9.533568087197636
2025-04-27 13:59:16,138 - INFO - Node 2: k=111.47061015242558, f_best=-7.768435955047607, f_min=-12.895166885781236
2025-04-27 13:59:16,138 - INFO - Node 3: k=159.48866929399736, f_best=-8.506648063659668, f_min=-8.617020600388969
2025-04-27 13:59:16,138 - INFO - Node 4: k=141.53809600352824, f_best=-7.787330627441406, f_min=-7.869505481781744
2025-04-27 13:59:16,138 - INFO - Node 5: k=154.79813112284404, f_best=-8.509706497192383, f_min=-10.206995125668072
2025-04-27 13:59:16,138 - INFO - Node 6: k=162.6943915468067, f_best=-7.785802364349365, f_min=-8.150951348867238
2025-04-27 13:59:16,138 - INFO - Node 7: k=95.06450644909974, f_best=-8.516599655151367, f_min=-8.603082851608178
2025-04-27 13:59:16,138 - INFO - cur_node_number 5,f_best -8.516599655151367,f_min -8.603082851608178,k 95.06450644909974
2025-04-27 13:59:16,153 - INFO - f_best_current -8.516599655151367,f_min -8.603082851608178
2025-04-27 13:59:22,089 - INFO - tree_node.f_best*ep:-8.516599655151367,left_f_best-7.7638936042785645,right_f_best-8.506171226501465,i:1
2025-04-27 13:59:28,256 - INFO - tree_node.f_best*ep:-8.516599655151367,left_f_best-7.786065578460693,right_f_best-8.508728981018066,i:2
2025-04-27 13:59:34,661 - INFO - tree_node.f_best*ep:-8.516599655151367,left_f_best-7.793288707733154,right_f_best-8.51023006439209,i:3
2025-04-27 13:59:41,394 - INFO - tree_node.f_best*ep:-8.516599655151367,left_f_best-7.790726184844971,right_f_best-8.52288818359375,i:4
2025-04-27 13:59:59,413 - INFO - 添加左子节点，右子节点，len(queue):5
2025-04-27 13:59:59,413 - INFO - Node 1: k=494.33250853719994, f_best=-8.487485885620117, f_min=-9.533568087197636
2025-04-27 13:59:59,413 - INFO - Node 2: k=111.47061015242558, f_best=-7.768435955047607, f_min=-12.895166885781236
2025-04-27 13:59:59,413 - INFO - Node 3: k=159.48866929399736, f_best=-8.506648063659668, f_min=-8.617020600388969
2025-04-27 13:59:59,415 - INFO - Node 4: k=141.53809600352824, f_best=-7.787330627441406, f_min=-7.869505481781744
2025-04-27 13:59:59,415 - INFO - Node 5: k=154.79813112284404, f_best=-8.509706497192383, f_min=-10.206995125668072
2025-04-27 13:59:59,415 - INFO - Node 6: k=162.6943915468067, f_best=-7.785802364349365, f_min=-8.150951348867238
2025-04-27 13:59:59,415 - INFO - Node 7: k=95.06450644909974, f_best=-8.516599655151367, f_min=-8.603082851608178
2025-04-27 13:59:59,415 - INFO - Node 8: k=109.2741987574018, f_best=-7.790726184844971, f_min=-8.256368973536155
2025-04-27 13:59:59,415 - INFO - Node 9: k=102.94123827563152, f_best=-8.52288818359375, f_min=-8.839294785408583
2025-04-27 13:59:59,415 - INFO - cur_node_number 6,f_best -8.52288818359375,f_min -8.839294785408583,k 102.94123827563152
2025-04-27 13:59:59,415 - INFO - f_best_current -8.52288818359375,f_min -8.839294785408583
2025-04-27 13:59:59,415 - INFO - 回退,len(queue)=3
2025-04-27 14:00:05,464 - INFO - tree_node.f_best*ep:-8.516599655151367,left_f_best-7.77100944519043,right_f_best-8.482793807983398,i:1
2025-04-27 14:00:11,737 - INFO - tree_node.f_best*ep:-8.516599655151367,left_f_best-7.765433311462402,right_f_best-8.5035982131958,i:2
2025-04-27 14:00:18,333 - INFO - tree_node.f_best*ep:-8.516599655151367,left_f_best-7.791513442993164,right_f_best-8.50936508178711,i:3
2025-04-27 14:00:25,094 - INFO - tree_node.f_best*ep:-8.516599655151367,left_f_best-7.794588565826416,right_f_best-8.517763137817383,i:4
2025-04-27 14:00:39,815 - INFO - 添加左子节点，右子节点，len(queue):5
2025-04-27 14:00:39,815 - INFO - Node 1: k=494.33250853719994, f_best=-8.487485885620117, f_min=-9.533568087197636
2025-04-27 14:00:39,815 - INFO - Node 2: k=111.47061015242558, f_best=-7.768435955047607, f_min=-12.895166885781236
2025-04-27 14:00:39,815 - INFO - Node 3: k=159.48866929399736, f_best=-8.506648063659668, f_min=-8.617020600388969
2025-04-27 14:00:39,815 - INFO - Node 4: k=141.53809600352824, f_best=-7.787330627441406, f_min=-7.869505481781744
2025-04-27 14:00:39,815 - INFO - Node 5: k=154.79813112284404, f_best=-8.509706497192383, f_min=-10.206995125668072
2025-04-27 14:00:39,815 - INFO - Node 6: k=162.6943915468067, f_best=-7.785802364349365, f_min=-8.150951348867238
2025-04-27 14:00:39,815 - INFO - Node 7: k=102.94123827563152, f_best=-8.516599655151367, f_min=-8.603082851608178
2025-04-27 14:00:39,815 - INFO - Node 8: k=81.88376270475109, f_best=-7.794588565826416, f_min=-9.134064714405667
2025-04-27 14:00:39,815 - INFO - Node 9: k=58.38093987865511, f_best=-8.517763137817383, f_min=-8.586982882196708
2025-04-27 14:00:39,815 - INFO - cur_node_number 7,f_best -8.517763137817383,f_min -8.586982882196708,k 58.38093987865511
2025-04-27 14:00:39,815 - INFO - f_best_current -8.517763137817383,f_min -8.586982882196708
2025-04-27 14:00:39,815 - INFO - 结束,fmin= -8.586982882196708, fbestmin=-8.517763137817383
