2025-04-26 23:05:08,553 - INFO - Namespace(log_file='outputs/dnn1/img[5]/max/DNN1img5_label3.log', image_path='img[5].png', model_path='network/SimpleNN14.pth', label=3, init_epsilon=0.05, epsilon=0.01, ep=1, min=0)
2025-04-26 23:05:08,565 - INFO - Model output max(1): torch.return_types.max(
values=tensor([7.2483], grad_fn=<MaxBackward0>),
indices=tensor([5]))
2025-04-26 23:05:13,276 - INFO - cur_node_number 1,f_best -3.8991284370422363,f_min -9.005950842942184,k 502.6057123259129
2025-04-26 23:05:13,276 - INFO - f_best_current -3.8991284370422363,f_min -9.005950842942184
2025-04-26 23:05:20,904 - INFO - tree_node.f_best*ep:-3.8991284370422363,left_f_best-2.9467339515686035,right_f_best-3.91182804107666,i:1
2025-04-26 23:05:44,818 - INFO - 添加左子节点，右子节点，len(queue):2
2025-04-26 23:05:44,819 - INFO - Node 1: k=502.6057123259129, f_best=-3.8991284370422363, f_min=-9.005950842942184
2025-04-26 23:05:44,819 - INFO - Node 2: k=215.64012994489613, f_best=-2.9467339515686035, f_min=-3.0194105381451664
2025-04-26 23:05:44,819 - INFO - Node 3: k=228.90634321472535, f_best=-3.91182804107666, f_min=-4.860726125326437
2025-04-26 23:05:44,819 - INFO - cur_node_number 2,f_best -3.91182804107666,f_min -4.860726125326437,k 228.90634321472535
2025-04-26 23:05:44,819 - INFO - f_best_current -3.91182804107666,f_min -4.860726125326437
2025-04-26 23:05:51,764 - INFO - tree_node.f_best*ep:-3.91182804107666,left_f_best-2.9676194190979004,right_f_best-3.9009952545166016,i:1
2025-04-26 23:05:59,056 - INFO - tree_node.f_best*ep:-3.91182804107666,left_f_best-2.9469375610351562,right_f_best-3.950636863708496,i:2
2025-04-26 23:06:18,608 - INFO - 添加左子节点，右子节点，len(queue):3
2025-04-26 23:06:18,608 - INFO - Node 1: k=502.6057123259129, f_best=-3.8991284370422363, f_min=-9.005950842942184
2025-04-26 23:06:18,608 - INFO - Node 2: k=215.64012994489613, f_best=-2.9467339515686035, f_min=-3.0194105381451664
2025-04-26 23:06:18,608 - INFO - Node 3: k=228.90634321472535, f_best=-3.91182804107666, f_min=-4.860726125326437
2025-04-26 23:06:18,609 - INFO - Node 4: k=189.47491708482687, f_best=-2.9469375610351562, f_min=-4.548158566903112
2025-04-26 23:06:18,609 - INFO - Node 5: k=88.94618351672996, f_best=-3.950636863708496, f_min=-4.399905260528158
2025-04-26 23:06:18,609 - INFO - cur_node_number 3,f_best -3.950636863708496,f_min -4.399905260528158,k 88.94618351672996
2025-04-26 23:06:18,609 - INFO - f_best_current -3.950636863708496,f_min -4.399905260528158
2025-04-26 23:06:25,773 - INFO - tree_node.f_best*ep:-3.950636863708496,left_f_best-2.9349260330200195,right_f_best-3.9038853645324707,i:1
2025-04-26 23:06:33,219 - INFO - tree_node.f_best*ep:-3.950636863708496,left_f_best-2.966726779937744,right_f_best-3.908886432647705,i:2
2025-04-26 23:06:40,927 - INFO - tree_node.f_best*ep:-3.950636863708496,left_f_best-2.9850969314575195,right_f_best-3.935944080352783,i:3
2025-04-26 23:06:48,968 - INFO - tree_node.f_best*ep:-3.950636863708496,left_f_best-2.988974094390869,right_f_best-3.94455623626709,i:4
2025-04-26 23:06:58,017 - INFO - tree_node.f_best*ep:-3.950636863708496,left_f_best-2.991548538208008,right_f_best-3.9625768661499023,i:5
2025-04-26 23:07:27,532 - INFO - 添加左子节点，右子节点，len(queue):4
2025-04-26 23:07:27,532 - INFO - Node 1: k=502.6057123259129, f_best=-3.8991284370422363, f_min=-9.005950842942184
2025-04-26 23:07:27,532 - INFO - Node 2: k=215.64012994489613, f_best=-2.9467339515686035, f_min=-3.0194105381451664
2025-04-26 23:07:27,532 - INFO - Node 3: k=228.90634321472535, f_best=-3.91182804107666, f_min=-4.860726125326437
2025-04-26 23:07:27,532 - INFO - Node 4: k=189.47491708482687, f_best=-2.9469375610351562, f_min=-4.548158566903112
2025-04-26 23:07:27,532 - INFO - Node 5: k=88.94618351672996, f_best=-3.950636863708496, f_min=-4.399905260528158
2025-04-26 23:07:27,533 - INFO - Node 6: k=282.1023324722339, f_best=-2.991548538208008, f_min=-3.22180044453944
2025-04-26 23:07:27,533 - INFO - Node 7: k=166.484523142682, f_best=-3.9625768661499023, f_min=-5.905400312793063
2025-04-26 23:07:27,533 - INFO - cur_node_number 4,f_best -3.9625768661499023,f_min -5.905400312793063,k 166.484523142682
2025-04-26 23:07:27,533 - INFO - f_best_current -3.9625768661499023,f_min -5.905400312793063
2025-04-26 23:07:27,533 - INFO - 回退,len(queue)=2
2025-04-26 23:07:36,037 - INFO - tree_node.f_best*ep:-3.950636863708496,left_f_best-2.92820405960083,right_f_best-3.892777919769287,i:1
2025-04-26 23:07:44,864 - INFO - tree_node.f_best*ep:-3.950636863708496,left_f_best-2.9533863067626953,right_f_best-3.930586814880371,i:2
2025-04-26 23:07:54,013 - INFO - tree_node.f_best*ep:-3.950636863708496,left_f_best-2.9760398864746094,right_f_best-3.9215450286865234,i:3
2025-04-26 23:08:03,604 - INFO - tree_node.f_best*ep:-3.950636863708496,left_f_best-2.980806827545166,right_f_best-3.9480414390563965,i:4
2025-04-26 23:08:13,754 - INFO - tree_node.f_best*ep:-3.950636863708496,left_f_best-2.9928040504455566,right_f_best-3.9578628540039062,i:5
2025-04-26 23:08:40,988 - INFO - 添加左子节点，右子节点，len(queue):4
2025-04-26 23:08:40,988 - INFO - Node 1: k=502.6057123259129, f_best=-3.8991284370422363, f_min=-9.005950842942184
2025-04-26 23:08:40,988 - INFO - Node 2: k=215.64012994489613, f_best=-2.9467339515686035, f_min=-3.0194105381451664
2025-04-26 23:08:40,988 - INFO - Node 3: k=228.90634321472535, f_best=-3.91182804107666, f_min=-4.860726125326437
2025-04-26 23:08:40,988 - INFO - Node 4: k=189.47491708482687, f_best=-2.9469375610351562, f_min=-4.548158566903112
2025-04-26 23:08:40,988 - INFO - Node 5: k=166.484523142682, f_best=-3.950636863708496, f_min=-4.399905260528158
2025-04-26 23:08:40,989 - INFO - Node 6: k=178.49394283994704, f_best=-2.9928040504455566, f_min=-4.284544861959148
2025-04-26 23:08:40,989 - INFO - Node 7: k=189.47491708482687, f_best=-3.9578628540039062, f_min=-5.354420779969587
2025-04-26 23:08:40,989 - INFO - cur_node_number 5,f_best -3.9578628540039062,f_min -5.354420779969587,k 189.47491708482687
2025-04-26 23:08:40,989 - INFO - f_best_current -3.9578628540039062,f_min -5.354420779969587
2025-04-26 23:08:40,989 - INFO - 回退,len(queue)=2
2025-04-26 23:08:49,489 - INFO - tree_node.f_best*ep:-3.950636863708496,left_f_best-2.9402379989624023,right_f_best-3.887758255004883,i:1
2025-04-26 23:08:58,371 - INFO - tree_node.f_best*ep:-3.950636863708496,left_f_best-2.956671714782715,right_f_best-3.9244399070739746,i:2
2025-04-26 23:09:07,371 - INFO - tree_node.f_best*ep:-3.950636863708496,left_f_best-2.968046188354492,right_f_best-3.94376802444458,i:3
2025-04-26 23:09:16,658 - INFO - tree_node.f_best*ep:-3.950636863708496,left_f_best-2.9661879539489746,right_f_best-3.953801155090332,i:4
2025-04-26 23:09:44,012 - INFO - 添加左子节点，右子节点，len(queue):4
2025-04-26 23:09:44,012 - INFO - Node 1: k=502.6057123259129, f_best=-3.8991284370422363, f_min=-9.005950842942184
2025-04-26 23:09:44,012 - INFO - Node 2: k=215.64012994489613, f_best=-2.9467339515686035, f_min=-3.0194105381451664
2025-04-26 23:09:44,012 - INFO - Node 3: k=228.90634321472535, f_best=-3.91182804107666, f_min=-4.860726125326437
2025-04-26 23:09:44,013 - INFO - Node 4: k=189.47491708482687, f_best=-2.9469375610351562, f_min=-4.548158566903112
2025-04-26 23:09:44,013 - INFO - Node 5: k=189.47491708482687, f_best=-3.950636863708496, f_min=-4.399905260528158
2025-04-26 23:09:44,013 - INFO - Node 6: k=273.80574460495905, f_best=-2.9661879539489746, f_min=-3.1610322128044572
2025-04-26 23:09:44,013 - INFO - Node 7: k=169.8308620578499, f_best=-3.953801155090332, f_min=-5.917090425599781
2025-04-26 23:09:44,013 - INFO - cur_node_number 6,f_best -3.953801155090332,f_min -5.917090425599781,k 169.8308620578499
2025-04-26 23:09:44,013 - INFO - f_best_current -3.953801155090332,f_min -5.917090425599781
2025-04-26 23:09:51,896 - INFO - tree_node.f_best*ep:-3.953801155090332,left_f_best-2.905795097351074,right_f_best-3.9142327308654785,i:1
2025-04-26 23:09:59,117 - INFO - tree_node.f_best*ep:-3.953801155090332,left_f_best-2.9622435569763184,right_f_best-3.9241981506347656,i:2
2025-04-26 23:10:06,516 - INFO - tree_node.f_best*ep:-3.953801155090332,left_f_best-2.9650564193725586,right_f_best-3.958554267883301,i:3
2025-04-26 23:10:28,711 - INFO - 添加左子节点，右子节点，len(queue):5
2025-04-26 23:10:28,711 - INFO - Node 1: k=502.6057123259129, f_best=-3.8991284370422363, f_min=-9.005950842942184
2025-04-26 23:10:28,712 - INFO - Node 2: k=215.64012994489613, f_best=-2.9467339515686035, f_min=-3.0194105381451664
2025-04-26 23:10:28,712 - INFO - Node 3: k=228.90634321472535, f_best=-3.91182804107666, f_min=-4.860726125326437
2025-04-26 23:10:28,712 - INFO - Node 4: k=189.47491708482687, f_best=-2.9469375610351562, f_min=-4.548158566903112
2025-04-26 23:10:28,712 - INFO - Node 5: k=189.47491708482687, f_best=-3.950636863708496, f_min=-4.399905260528158
2025-04-26 23:10:28,712 - INFO - Node 6: k=273.80574460495905, f_best=-2.9661879539489746, f_min=-3.1610322128044572
2025-04-26 23:10:28,712 - INFO - Node 7: k=169.8308620578499, f_best=-3.953801155090332, f_min=-5.917090425599781
2025-04-26 23:10:28,712 - INFO - Node 8: k=141.98154116435865, f_best=-2.9650564193725586, f_min=-5.3891746117469665
2025-04-26 23:10:28,713 - INFO - Node 9: k=197.16835851288835, f_best=-3.958554267883301, f_min=-5.902888869765775
2025-04-26 23:10:28,713 - INFO - cur_node_number 7,f_best -3.958554267883301,f_min -5.902888869765775,k 197.16835851288835
2025-04-26 23:10:28,713 - INFO - f_best_current -3.958554267883301,f_min -5.902888869765775
2025-04-26 23:10:28,713 - INFO - 回退,len(queue)=3
2025-04-26 23:10:28,713 - INFO - 回退,len(queue)=2
2025-04-26 23:10:37,096 - INFO - tree_node.f_best*ep:-3.950636863708496,left_f_best-2.917830467224121,right_f_best-3.907583236694336,i:1
2025-04-26 23:10:45,886 - INFO - tree_node.f_best*ep:-3.950636863708496,left_f_best-2.9539389610290527,right_f_best-3.9287915229797363,i:2
2025-04-26 23:10:54,927 - INFO - tree_node.f_best*ep:-3.950636863708496,left_f_best-2.9763431549072266,right_f_best-3.9500226974487305,i:3
2025-04-26 23:11:04,691 - INFO - tree_node.f_best*ep:-3.950636863708496,left_f_best-2.98001766204834,right_f_best-3.9588117599487305,i:4
2025-04-26 23:11:33,707 - INFO - 添加左子节点，右子节点，len(queue):4
2025-04-26 23:11:33,708 - INFO - Node 1: k=502.6057123259129, f_best=-3.8991284370422363, f_min=-9.005950842942184
2025-04-26 23:11:33,708 - INFO - Node 2: k=215.64012994489613, f_best=-2.9467339515686035, f_min=-3.0194105381451664
2025-04-26 23:11:33,708 - INFO - Node 3: k=228.90634321472535, f_best=-3.91182804107666, f_min=-4.860726125326437
2025-04-26 23:11:33,708 - INFO - Node 4: k=189.47491708482687, f_best=-2.9469375610351562, f_min=-4.548158566903112
2025-04-26 23:11:33,708 - INFO - Node 5: k=197.16835851288835, f_best=-3.950636863708496, f_min=-4.399905260528158
2025-04-26 23:11:33,708 - INFO - Node 6: k=245.41858288204764, f_best=-2.98001766204834, f_min=-4.597646580255969
2025-04-26 23:11:33,708 - INFO - Node 7: k=193.2833629182319, f_best=-3.9588117599487305, f_min=-4.056815015216671
2025-04-26 23:11:33,709 - INFO - cur_node_number 8,f_best -3.9588117599487305,f_min -4.056815015216671,k 193.2833629182319
2025-04-26 23:11:33,709 - INFO - f_best_current -3.9588117599487305,f_min -4.056815015216671
2025-04-26 23:11:41,880 - INFO - tree_node.f_best*ep:-3.9588117599487305,left_f_best-2.9355063438415527,right_f_best-3.886950969696045,i:1
2025-04-26 23:11:50,412 - INFO - tree_node.f_best*ep:-3.9588117599487305,left_f_best-2.9567346572875977,right_f_best-3.9197750091552734,i:2
2025-04-26 23:11:59,250 - INFO - tree_node.f_best*ep:-3.9588117599487305,left_f_best-2.9596328735351562,right_f_best-3.9356160163879395,i:3
2025-04-26 23:12:07,656 - INFO - tree_node.f_best*ep:-3.9588117599487305,left_f_best-2.9812612533569336,right_f_best-3.9681811332702637,i:4
2025-04-26 23:12:35,160 - INFO - 添加左子节点，右子节点，len(queue):5
2025-04-26 23:12:35,161 - INFO - Node 1: k=502.6057123259129, f_best=-3.8991284370422363, f_min=-9.005950842942184
2025-04-26 23:12:35,161 - INFO - Node 2: k=215.64012994489613, f_best=-2.9467339515686035, f_min=-3.0194105381451664
2025-04-26 23:12:35,161 - INFO - Node 3: k=228.90634321472535, f_best=-3.91182804107666, f_min=-4.860726125326437
2025-04-26 23:12:35,161 - INFO - Node 4: k=189.47491708482687, f_best=-2.9469375610351562, f_min=-4.548158566903112
2025-04-26 23:12:35,161 - INFO - Node 5: k=197.16835851288835, f_best=-3.950636863708496, f_min=-4.399905260528158
2025-04-26 23:12:35,161 - INFO - Node 6: k=245.41858288204764, f_best=-2.98001766204834, f_min=-4.597646580255969
2025-04-26 23:12:35,161 - INFO - Node 7: k=193.2833629182319, f_best=-3.9588117599487305, f_min=-4.056815015216671
2025-04-26 23:12:35,162 - INFO - Node 8: k=144.83537014176224, f_best=-2.9812612533569336, f_min=-3.1754571705819217
2025-04-26 23:12:35,162 - INFO - Node 9: k=235.84243432047475, f_best=-3.9681811332702637, f_min=-5.652481848886055
2025-04-26 23:12:35,162 - INFO - cur_node_number 9,f_best -3.9681811332702637,f_min -5.652481848886055,k 235.84243432047475
2025-04-26 23:12:35,162 - INFO - f_best_current -3.9681811332702637,f_min -5.652481848886055
2025-04-26 23:12:35,162 - INFO - 回退,len(queue)=3
2025-04-26 23:12:35,162 - INFO - 回退,len(queue)=2
2025-04-26 23:12:35,162 - INFO - 回退,len(queue)=1
2025-04-26 23:12:43,332 - INFO - tree_node.f_best*ep:-3.91182804107666,left_f_best-2.9527478218078613,right_f_best-3.9251046180725098,i:1
2025-04-26 23:13:11,949 - INFO - 添加左子节点，右子节点，len(queue):3
2025-04-26 23:13:11,949 - INFO - Node 1: k=502.6057123259129, f_best=-3.8991284370422363, f_min=-9.005950842942184
2025-04-26 23:13:11,949 - INFO - Node 2: k=215.64012994489613, f_best=-2.9467339515686035, f_min=-3.0194105381451664
2025-04-26 23:13:11,949 - INFO - Node 3: k=235.84243432047475, f_best=-3.91182804107666, f_min=-4.860726125326437
2025-04-26 23:13:11,949 - INFO - Node 4: k=251.79697753619814, f_best=-2.9527478218078613, f_min=-6.62675340358237
2025-04-26 23:13:11,949 - INFO - Node 5: k=195.2161965474142, f_best=-3.9251046180725098, f_min=-5.597573218846264
2025-04-26 23:13:11,950 - INFO - cur_node_number 10,f_best -3.9251046180725098,f_min -5.597573218846264,k 195.2161965474142
2025-04-26 23:13:11,950 - INFO - f_best_current -3.9251046180725098,f_min -5.597573218846264
2025-04-26 23:13:20,521 - INFO - tree_node.f_best*ep:-3.9251046180725098,left_f_best-2.9301276206970215,right_f_best-3.910168170928955,i:1
2025-04-26 23:13:29,461 - INFO - tree_node.f_best*ep:-3.9251046180725098,left_f_best-2.9609780311584473,right_f_best-3.9325079917907715,i:2
2025-04-26 23:13:59,192 - INFO - 添加左子节点，右子节点，len(queue):4
2025-04-26 23:13:59,192 - INFO - Node 1: k=502.6057123259129, f_best=-3.8991284370422363, f_min=-9.005950842942184
2025-04-26 23:13:59,192 - INFO - Node 2: k=215.64012994489613, f_best=-2.9467339515686035, f_min=-3.0194105381451664
2025-04-26 23:13:59,192 - INFO - Node 3: k=235.84243432047475, f_best=-3.91182804107666, f_min=-4.860726125326437
2025-04-26 23:13:59,192 - INFO - Node 4: k=251.79697753619814, f_best=-2.9527478218078613, f_min=-6.62675340358237
2025-04-26 23:13:59,192 - INFO - Node 5: k=195.2161965474142, f_best=-3.9251046180725098, f_min=-5.597573218846264
2025-04-26 23:13:59,192 - INFO - Node 6: k=250.3514963979768, f_best=-2.9609780311584473, f_min=-4.19716644377786
2025-04-26 23:13:59,193 - INFO - Node 7: k=245.41858288204764, f_best=-3.9325079917907715, f_min=-5.004531315578788
2025-04-26 23:13:59,193 - INFO - cur_node_number 11,f_best -3.9325079917907715,f_min -5.004531315578788,k 245.41858288204764
2025-04-26 23:13:59,193 - INFO - f_best_current -3.9325079917907715,f_min -5.004531315578788
2025-04-26 23:13:59,193 - INFO - 回退,len(queue)=2
2025-04-26 23:13:59,193 - INFO - 回退,len(queue)=1
2025-04-26 23:14:07,514 - INFO - tree_node.f_best*ep:-3.91182804107666,left_f_best-2.938025951385498,right_f_best-3.915553569793701,i:1
2025-04-26 23:14:33,332 - INFO - 添加左子节点，右子节点，len(queue):3
2025-04-26 23:14:33,332 - INFO - Node 1: k=502.6057123259129, f_best=-3.8991284370422363, f_min=-9.005950842942184
2025-04-26 23:14:33,332 - INFO - Node 2: k=215.64012994489613, f_best=-2.9467339515686035, f_min=-3.0194105381451664
2025-04-26 23:14:33,332 - INFO - Node 3: k=245.41858288204764, f_best=-3.91182804107666, f_min=-4.860726125326437
2025-04-26 23:14:33,332 - INFO - Node 4: k=112.93805106587028, f_best=-2.938025951385498, f_min=-3.3888572111536632
2025-04-26 23:14:33,333 - INFO - Node 5: k=185.74151267995967, f_best=-3.915553569793701, f_min=-6.685467089796475
2025-04-26 23:14:33,333 - INFO - cur_node_number 12,f_best -3.915553569793701,f_min -6.685467089796475,k 185.74151267995967
2025-04-26 23:14:33,333 - INFO - f_best_current -3.915553569793701,f_min -6.685467089796475
2025-04-26 23:14:41,666 - INFO - tree_node.f_best*ep:-3.915553569793701,left_f_best-2.934596538543701,right_f_best-3.8994574546813965,i:1
2025-04-26 23:14:50,215 - INFO - tree_node.f_best*ep:-3.915553569793701,left_f_best-2.9569358825683594,right_f_best-3.9108872413635254,i:2
2025-04-26 23:14:59,319 - INFO - tree_node.f_best*ep:-3.915553569793701,left_f_best-2.9817323684692383,right_f_best-3.9499917030334473,i:3
2025-04-26 23:15:28,260 - INFO - 添加左子节点，右子节点，len(queue):4
2025-04-26 23:15:28,260 - INFO - Node 1: k=502.6057123259129, f_best=-3.8991284370422363, f_min=-9.005950842942184
2025-04-26 23:15:28,260 - INFO - Node 2: k=215.64012994489613, f_best=-2.9467339515686035, f_min=-3.0194105381451664
2025-04-26 23:15:28,260 - INFO - Node 3: k=245.41858288204764, f_best=-3.91182804107666, f_min=-4.860726125326437
2025-04-26 23:15:28,260 - INFO - Node 4: k=112.93805106587028, f_best=-2.938025951385498, f_min=-3.3888572111536632
2025-04-26 23:15:28,260 - INFO - Node 5: k=185.74151267995967, f_best=-3.915553569793701, f_min=-6.685467089796475
2025-04-26 23:15:28,261 - INFO - Node 6: k=183.90248780194025, f_best=-2.9817323684692383, f_min=-6.359346407710291
2025-04-26 23:15:28,261 - INFO - Node 7: k=207.22592635876555, f_best=-3.9499917030334473, f_min=-5.792247503902217
2025-04-26 23:15:28,261 - INFO - cur_node_number 13,f_best -3.9499917030334473,f_min -5.792247503902217,k 207.22592635876555
2025-04-26 23:15:28,261 - INFO - f_best_current -3.9499917030334473,f_min -5.792247503902217
2025-04-26 23:15:28,261 - INFO - 回退,len(queue)=2
2025-04-26 23:15:36,882 - INFO - tree_node.f_best*ep:-3.915553569793701,left_f_best-2.9641213417053223,right_f_best-3.8921732902526855,i:1
2025-04-26 23:15:45,892 - INFO - tree_node.f_best*ep:-3.915553569793701,left_f_best-2.9656496047973633,right_f_best-3.9132614135742188,i:2
2025-04-26 23:15:55,380 - INFO - tree_node.f_best*ep:-3.915553569793701,left_f_best-2.948927879333496,right_f_best-3.962496280670166,i:3
2025-04-26 23:16:23,768 - INFO - 添加左子节点，右子节点，len(queue):4
2025-04-26 23:16:23,768 - INFO - Node 1: k=502.6057123259129, f_best=-3.8991284370422363, f_min=-9.005950842942184
2025-04-26 23:16:23,768 - INFO - Node 2: k=215.64012994489613, f_best=-2.9467339515686035, f_min=-3.0194105381451664
2025-04-26 23:16:23,769 - INFO - Node 3: k=245.41858288204764, f_best=-3.91182804107666, f_min=-4.860726125326437
2025-04-26 23:16:23,769 - INFO - Node 4: k=112.93805106587028, f_best=-2.938025951385498, f_min=-3.3888572111536632
2025-04-26 23:16:23,769 - INFO - Node 5: k=207.22592635876555, f_best=-3.915553569793701, f_min=-6.685467089796475
2025-04-26 23:16:23,769 - INFO - Node 6: k=242.98869592281946, f_best=-2.948927879333496, f_min=-3.0731139555146
2025-04-26 23:16:23,769 - INFO - Node 7: k=185.74151267995967, f_best=-3.962496280670166, f_min=-4.621230945366733
2025-04-26 23:16:23,769 - INFO - cur_node_number 14,f_best -3.962496280670166,f_min -4.621230945366733,k 185.74151267995967
2025-04-26 23:16:23,769 - INFO - f_best_current -3.962496280670166,f_min -4.621230945366733
2025-04-26 23:16:30,475 - INFO - tree_node.f_best*ep:-3.962496280670166,left_f_best-2.945272445678711,right_f_best-3.927982807159424,i:1
2025-04-26 23:16:38,658 - INFO - tree_node.f_best*ep:-3.962496280670166,left_f_best-2.955923080444336,right_f_best-3.916172504425049,i:2
2025-04-26 23:16:47,644 - INFO - tree_node.f_best*ep:-3.962496280670166,left_f_best-2.950474262237549,right_f_best-3.9533495903015137,i:3
2025-04-26 23:16:57,163 - INFO - tree_node.f_best*ep:-3.962496280670166,left_f_best-2.967540740966797,right_f_best-3.9471325874328613,i:4
2025-04-26 23:17:07,023 - INFO - tree_node.f_best*ep:-3.962496280670166,left_f_best-2.9935250282287598,right_f_best-3.9702000617980957,i:5
2025-04-26 23:17:33,152 - INFO - 添加左子节点，右子节点，len(queue):5
2025-04-26 23:17:33,153 - INFO - Node 1: k=502.6057123259129, f_best=-3.8991284370422363, f_min=-9.005950842942184
2025-04-26 23:17:33,153 - INFO - Node 2: k=215.64012994489613, f_best=-2.9467339515686035, f_min=-3.0194105381451664
2025-04-26 23:17:33,153 - INFO - Node 3: k=245.41858288204764, f_best=-3.91182804107666, f_min=-4.860726125326437
2025-04-26 23:17:33,153 - INFO - Node 4: k=112.93805106587028, f_best=-2.938025951385498, f_min=-3.3888572111536632
2025-04-26 23:17:33,153 - INFO - Node 5: k=207.22592635876555, f_best=-3.915553569793701, f_min=-6.685467089796475
2025-04-26 23:17:33,154 - INFO - Node 6: k=242.98869592281946, f_best=-2.948927879333496, f_min=-3.0731139555146
2025-04-26 23:17:33,154 - INFO - Node 7: k=185.74151267995967, f_best=-3.962496280670166, f_min=-4.621230945366733
2025-04-26 23:17:33,154 - INFO - Node 8: k=271.0947966385733, f_best=-2.9935250282287598, f_min=-3.6605526469957113
2025-04-26 23:17:33,154 - INFO - Node 9: k=191.36966625567513, f_best=-3.9702000617980957, f_min=-4.580515040045611
2025-04-26 23:17:33,154 - INFO - cur_node_number 15,f_best -3.9702000617980957,f_min -4.580515040045611,k 191.36966625567513
2025-04-26 23:17:33,154 - INFO - f_best_current -3.9702000617980957,f_min -4.580515040045611
2025-04-26 23:17:33,154 - INFO - 回退,len(queue)=3
2025-04-26 23:17:41,279 - INFO - tree_node.f_best*ep:-3.962496280670166,left_f_best-2.9432129859924316,right_f_best-3.8970799446105957,i:1
2025-04-26 23:17:49,707 - INFO - tree_node.f_best*ep:-3.962496280670166,left_f_best-2.9578466415405273,right_f_best-3.913905143737793,i:2
2025-04-26 23:17:58,477 - INFO - tree_node.f_best*ep:-3.962496280670166,left_f_best-2.965209484100342,right_f_best-3.9421744346618652,i:3
2025-04-26 23:18:07,721 - INFO - tree_node.f_best*ep:-3.962496280670166,left_f_best-2.9941253662109375,right_f_best-3.9549403190612793,i:4
2025-04-26 23:18:17,419 - INFO - tree_node.f_best*ep:-3.962496280670166,left_f_best-2.9914207458496094,right_f_best-3.9693713188171387,i:5
2025-04-26 23:18:43,760 - INFO - 添加左子节点，右子节点，len(queue):5
2025-04-26 23:18:43,761 - INFO - Node 1: k=502.6057123259129, f_best=-3.8991284370422363, f_min=-9.005950842942184
2025-04-26 23:18:43,761 - INFO - Node 2: k=215.64012994489613, f_best=-2.9467339515686035, f_min=-3.0194105381451664
2025-04-26 23:18:43,761 - INFO - Node 3: k=245.41858288204764, f_best=-3.91182804107666, f_min=-4.860726125326437
2025-04-26 23:18:43,761 - INFO - Node 4: k=112.93805106587028, f_best=-2.938025951385498, f_min=-3.3888572111536632
2025-04-26 23:18:43,761 - INFO - Node 5: k=207.22592635876555, f_best=-3.915553569793701, f_min=-6.685467089796475
2025-04-26 23:18:43,761 - INFO - Node 6: k=242.98869592281946, f_best=-2.948927879333496, f_min=-3.0731139555146
2025-04-26 23:18:43,761 - INFO - Node 7: k=191.36966625567513, f_best=-3.962496280670166, f_min=-4.621230945366733
2025-04-26 23:18:43,762 - INFO - Node 8: k=199.14004209801723, f_best=-2.9914207458496094, f_min=-4.1220416242249485
2025-04-26 23:18:43,762 - INFO - Node 9: k=231.1954066468726, f_best=-3.9693713188171387, f_min=-4.464735156961979
2025-04-26 23:18:43,762 - INFO - cur_node_number 16,f_best -3.9693713188171387,f_min -4.464735156961979,k 231.1954066468726
2025-04-26 23:18:43,762 - INFO - f_best_current -3.9693713188171387,f_min -4.464735156961979
2025-04-26 23:18:43,762 - INFO - 回退,len(queue)=3
2025-04-26 23:18:43,762 - INFO - 回退,len(queue)=2
2025-04-26 23:18:51,734 - INFO - tree_node.f_best*ep:-3.915553569793701,left_f_best-2.9583215713500977,right_f_best-3.9250741004943848,i:1
2025-04-26 23:19:15,907 - INFO - 添加左子节点，右子节点，len(queue):4
2025-04-26 23:19:15,907 - INFO - Node 1: k=502.6057123259129, f_best=-3.8991284370422363, f_min=-9.005950842942184
2025-04-26 23:19:15,907 - INFO - Node 2: k=215.64012994489613, f_best=-2.9467339515686035, f_min=-3.0194105381451664
2025-04-26 23:19:15,907 - INFO - Node 3: k=245.41858288204764, f_best=-3.91182804107666, f_min=-4.860726125326437
2025-04-26 23:19:15,907 - INFO - Node 4: k=112.93805106587028, f_best=-2.938025951385498, f_min=-3.3888572111536632
2025-04-26 23:19:15,908 - INFO - Node 5: k=231.1954066468726, f_best=-3.915553569793701, f_min=-6.685467089796475
2025-04-26 23:19:15,908 - INFO - Node 6: k=257.9373970903319, f_best=-2.9583215713500977, f_min=-7.205866592097664
2025-04-26 23:19:15,908 - INFO - Node 7: k=164.83616152740794, f_best=-3.9250741004943848, f_min=-4.659555307336177
2025-04-26 23:19:15,908 - INFO - cur_node_number 17,f_best -3.9250741004943848,f_min -4.659555307336177,k 164.83616152740794
2025-04-26 23:19:15,908 - INFO - f_best_current -3.9250741004943848,f_min -4.659555307336177
2025-04-26 23:19:22,690 - INFO - tree_node.f_best*ep:-3.9250741004943848,left_f_best-2.917426586151123,right_f_best-3.9182205200195312,i:1
2025-04-26 23:19:29,763 - INFO - tree_node.f_best*ep:-3.9250741004943848,left_f_best-2.931920051574707,right_f_best-3.9112496376037598,i:2
2025-04-26 23:19:37,033 - INFO - tree_node.f_best*ep:-3.9250741004943848,left_f_best-2.9810309410095215,right_f_best-3.960510730743408,i:3
2025-04-26 23:19:56,872 - INFO - 添加左子节点，右子节点，len(queue):5
2025-04-26 23:19:56,872 - INFO - Node 1: k=502.6057123259129, f_best=-3.8991284370422363, f_min=-9.005950842942184
2025-04-26 23:19:56,872 - INFO - Node 2: k=215.64012994489613, f_best=-2.9467339515686035, f_min=-3.0194105381451664
2025-04-26 23:19:56,872 - INFO - Node 3: k=245.41858288204764, f_best=-3.91182804107666, f_min=-4.860726125326437
2025-04-26 23:19:56,872 - INFO - Node 4: k=112.93805106587028, f_best=-2.938025951385498, f_min=-3.3888572111536632
2025-04-26 23:19:56,872 - INFO - Node 5: k=231.1954066468726, f_best=-3.915553569793701, f_min=-6.685467089796475
2025-04-26 23:19:56,872 - INFO - Node 6: k=257.9373970903319, f_best=-2.9583215713500977, f_min=-7.205866592097664
2025-04-26 23:19:56,873 - INFO - Node 7: k=164.83616152740794, f_best=-3.9250741004943848, f_min=-4.659555307336177
2025-04-26 23:19:56,873 - INFO - Node 8: k=238.2008586636795, f_best=-2.9810309410095215, f_min=-4.011368397997103
2025-04-26 23:19:56,873 - INFO - Node 9: k=97.27913097372802, f_best=-3.960510730743408, f_min=-4.5741238480432
2025-04-26 23:19:56,873 - INFO - cur_node_number 18,f_best -3.960510730743408,f_min -4.5741238480432,k 97.27913097372802
2025-04-26 23:19:56,873 - INFO - f_best_current -3.960510730743408,f_min -4.5741238480432
2025-04-26 23:20:03,562 - INFO - tree_node.f_best*ep:-3.960510730743408,left_f_best-2.9461779594421387,right_f_best-3.9050850868225098,i:1
2025-04-26 23:20:10,635 - INFO - tree_node.f_best*ep:-3.960510730743408,left_f_best-2.9437003135681152,right_f_best-3.9209580421447754,i:2
2025-04-26 23:20:17,996 - INFO - tree_node.f_best*ep:-3.960510730743408,left_f_best-2.976928234100342,right_f_best-3.9457812309265137,i:3
2025-04-26 23:20:25,760 - INFO - tree_node.f_best*ep:-3.960510730743408,left_f_best-3.002045154571533,right_f_best-3.9573025703430176,i:4
2025-04-26 23:20:33,974 - INFO - tree_node.f_best*ep:-3.960510730743408,left_f_best-2.988060474395752,right_f_best-3.966472625732422,i:5
2025-04-26 23:20:53,896 - INFO - 添加左子节点，右子节点，len(queue):6
2025-04-26 23:20:53,896 - INFO - Node 1: k=502.6057123259129, f_best=-3.8991284370422363, f_min=-9.005950842942184
2025-04-26 23:20:53,896 - INFO - Node 2: k=215.64012994489613, f_best=-2.9467339515686035, f_min=-3.0194105381451664
2025-04-26 23:20:53,896 - INFO - Node 3: k=245.41858288204764, f_best=-3.91182804107666, f_min=-4.860726125326437
2025-04-26 23:20:53,896 - INFO - Node 4: k=112.93805106587028, f_best=-2.938025951385498, f_min=-3.3888572111536632
2025-04-26 23:20:53,896 - INFO - Node 5: k=231.1954066468726, f_best=-3.915553569793701, f_min=-6.685467089796475
2025-04-26 23:20:53,896 - INFO - Node 6: k=257.9373970903319, f_best=-2.9583215713500977, f_min=-7.205866592097664
2025-04-26 23:20:53,896 - INFO - Node 7: k=164.83616152740794, f_best=-3.9250741004943848, f_min=-4.659555307336177
2025-04-26 23:20:53,896 - INFO - Node 8: k=238.2008586636795, f_best=-2.9810309410095215, f_min=-4.011368397997103
2025-04-26 23:20:53,896 - INFO - Node 9: k=97.27913097372802, f_best=-3.960510730743408, f_min=-4.5741238480432
2025-04-26 23:20:53,897 - INFO - Node 10: k=137.80588504170981, f_best=-2.988060474395752, f_min=-4.0302183268318
2025-04-26 23:20:53,897 - INFO - Node 11: k=215.64012994489613, f_best=-3.966472625732422, f_min=-4.7379301540886445
2025-04-26 23:20:53,897 - INFO - cur_node_number 19,f_best -3.966472625732422,f_min -4.7379301540886445,k 215.64012994489613
2025-04-26 23:20:53,897 - INFO - f_best_current -3.966472625732422,f_min -4.7379301540886445
2025-04-26 23:20:53,897 - INFO - 回退,len(queue)=4
2025-04-26 23:20:53,897 - INFO - 回退,len(queue)=3
2025-04-26 23:21:00,484 - INFO - tree_node.f_best*ep:-3.9250741004943848,left_f_best-2.958850860595703,right_f_best-3.895477294921875,i:1
2025-04-26 23:21:07,638 - INFO - tree_node.f_best*ep:-3.9250741004943848,left_f_best-2.966979503631592,right_f_best-3.939328193664551,i:2
2025-04-26 23:21:31,739 - INFO - 添加左子节点，右子节点，len(queue):5
2025-04-26 23:21:31,739 - INFO - Node 1: k=502.6057123259129, f_best=-3.8991284370422363, f_min=-9.005950842942184
2025-04-26 23:21:31,739 - INFO - Node 2: k=215.64012994489613, f_best=-2.9467339515686035, f_min=-3.0194105381451664
2025-04-26 23:21:31,739 - INFO - Node 3: k=245.41858288204764, f_best=-3.91182804107666, f_min=-4.860726125326437
2025-04-26 23:21:31,740 - INFO - Node 4: k=112.93805106587028, f_best=-2.938025951385498, f_min=-3.3888572111536632
2025-04-26 23:21:31,740 - INFO - Node 5: k=231.1954066468726, f_best=-3.915553569793701, f_min=-6.685467089796475
2025-04-26 23:21:31,740 - INFO - Node 6: k=257.9373970903319, f_best=-2.9583215713500977, f_min=-7.205866592097664
2025-04-26 23:21:31,740 - INFO - Node 7: k=215.64012994489613, f_best=-3.9250741004943848, f_min=-4.659555307336177
2025-04-26 23:21:31,740 - INFO - Node 8: k=233.50736071334134, f_best=-2.966979503631592, f_min=-3.4257230633820654
2025-04-26 23:21:31,740 - INFO - Node 9: k=245.41858288204764, f_best=-3.939328193664551, f_min=-4.042652569731217
2025-04-26 23:21:31,740 - INFO - cur_node_number 20,f_best -3.939328193664551,f_min -4.042652569731217,k 245.41858288204764
2025-04-26 23:21:31,741 - INFO - f_best_current -3.939328193664551,f_min -4.042652569731217
2025-04-26 23:21:31,741 - INFO - 回退,len(queue)=3
2025-04-26 23:21:31,741 - INFO - 回退,len(queue)=2
2025-04-26 23:21:38,383 - INFO - tree_node.f_best*ep:-3.915553569793701,left_f_best-2.9319825172424316,right_f_best-3.9260263442993164,i:1
2025-04-26 23:22:00,293 - INFO - 添加左子节点，右子节点，len(queue):4
2025-04-26 23:22:00,293 - INFO - Node 1: k=502.6057123259129, f_best=-3.8991284370422363, f_min=-9.005950842942184
2025-04-26 23:22:00,294 - INFO - Node 2: k=215.64012994489613, f_best=-2.9467339515686035, f_min=-3.0194105381451664
2025-04-26 23:22:00,294 - INFO - Node 3: k=245.41858288204764, f_best=-3.91182804107666, f_min=-4.860726125326437
2025-04-26 23:22:00,294 - INFO - Node 4: k=112.93805106587028, f_best=-2.938025951385498, f_min=-3.3888572111536632
2025-04-26 23:22:00,294 - INFO - Node 5: k=245.41858288204764, f_best=-3.915553569793701, f_min=-6.685467089796475
2025-04-26 23:22:00,294 - INFO - Node 6: k=164.83616152740794, f_best=-2.9319825172424316, f_min=-3.7908324338650345
2025-04-26 23:22:00,294 - INFO - Node 7: k=197.16835851288835, f_best=-3.9260263442993164, f_min=-12.852088825844476
2025-04-26 23:22:00,294 - INFO - cur_node_number 21,f_best -3.9260263442993164,f_min -12.852088825844476,k 197.16835851288835
2025-04-26 23:22:00,295 - INFO - f_best_current -3.9260263442993164,f_min -12.852088825844476
2025-04-26 23:22:08,534 - INFO - tree_node.f_best*ep:-3.9260263442993164,left_f_best-2.9161691665649414,right_f_best-3.923715591430664,i:1
2025-04-26 23:22:17,057 - INFO - tree_node.f_best*ep:-3.9260263442993164,left_f_best-2.953113555908203,right_f_best-3.947016716003418,i:2
2025-04-26 23:22:42,507 - INFO - 添加左子节点，右子节点，len(queue):5
2025-04-26 23:22:42,508 - INFO - Node 1: k=502.6057123259129, f_best=-3.8991284370422363, f_min=-9.005950842942184
2025-04-26 23:22:42,508 - INFO - Node 2: k=215.64012994489613, f_best=-2.9467339515686035, f_min=-3.0194105381451664
2025-04-26 23:22:42,508 - INFO - Node 3: k=245.41858288204764, f_best=-3.91182804107666, f_min=-4.860726125326437
2025-04-26 23:22:42,508 - INFO - Node 4: k=112.93805106587028, f_best=-2.938025951385498, f_min=-3.3888572111536632
2025-04-26 23:22:42,508 - INFO - Node 5: k=245.41858288204764, f_best=-3.915553569793701, f_min=-6.685467089796475
2025-04-26 23:22:42,508 - INFO - Node 6: k=164.83616152740794, f_best=-2.9319825172424316, f_min=-3.7908324338650345
2025-04-26 23:22:42,509 - INFO - Node 7: k=197.16835851288835, f_best=-3.9260263442993164, f_min=-12.852088825844476
2025-04-26 23:22:42,509 - INFO - Node 8: k=224.39598393757998, f_best=-2.953113555908203, f_min=-5.164860500225586
2025-04-26 23:22:42,509 - INFO - Node 9: k=139.1839438921269, f_best=-3.947016716003418, f_min=-4.515362718893812
2025-04-26 23:22:42,509 - INFO - cur_node_number 22,f_best -3.947016716003418,f_min -4.515362718893812,k 139.1839438921269
2025-04-26 23:22:42,509 - INFO - f_best_current -3.947016716003418,f_min -4.515362718893812
2025-04-26 23:22:50,437 - INFO - tree_node.f_best*ep:-3.947016716003418,left_f_best-2.943571090698242,right_f_best-3.915313720703125,i:1
2025-04-26 23:22:58,781 - INFO - tree_node.f_best*ep:-3.947016716003418,left_f_best-2.9793639183044434,right_f_best-3.9385738372802734,i:2
2025-04-26 23:23:07,552 - INFO - tree_node.f_best*ep:-3.947016716003418,left_f_best-2.966273307800293,right_f_best-3.9412455558776855,i:3
2025-04-26 23:23:16,732 - INFO - tree_node.f_best*ep:-3.947016716003418,left_f_best-2.976158618927002,right_f_best-3.958322048187256,i:4
2025-04-26 23:23:39,874 - INFO - 添加左子节点，右子节点，len(queue):6
2025-04-26 23:23:39,874 - INFO - Node 1: k=502.6057123259129, f_best=-3.8991284370422363, f_min=-9.005950842942184
2025-04-26 23:23:39,874 - INFO - Node 2: k=215.64012994489613, f_best=-2.9467339515686035, f_min=-3.0194105381451664
2025-04-26 23:23:39,874 - INFO - Node 3: k=245.41858288204764, f_best=-3.91182804107666, f_min=-4.860726125326437
2025-04-26 23:23:39,874 - INFO - Node 4: k=112.93805106587028, f_best=-2.938025951385498, f_min=-3.3888572111536632
2025-04-26 23:23:39,874 - INFO - Node 5: k=245.41858288204764, f_best=-3.915553569793701, f_min=-6.685467089796475
2025-04-26 23:23:39,875 - INFO - Node 6: k=164.83616152740794, f_best=-2.9319825172424316, f_min=-3.7908324338650345
2025-04-26 23:23:39,875 - INFO - Node 7: k=197.16835851288835, f_best=-3.9260263442993164, f_min=-12.852088825844476
2025-04-26 23:23:39,875 - INFO - Node 8: k=224.39598393757998, f_best=-2.953113555908203, f_min=-5.164860500225586
2025-04-26 23:23:39,875 - INFO - Node 9: k=139.1839438921269, f_best=-3.947016716003418, f_min=-4.515362718893812
2025-04-26 23:23:39,875 - INFO - Node 10: k=150.71626695935208, f_best=-2.976158618927002, f_min=-3.817784586561629
2025-04-26 23:23:39,875 - INFO - Node 11: k=133.7530343479331, f_best=-3.958322048187256, f_min=-4.2173982963759045
2025-04-26 23:23:39,875 - INFO - cur_node_number 23,f_best -3.958322048187256,f_min -4.2173982963759045,k 133.7530343479331
2025-04-26 23:23:39,875 - INFO - f_best_current -3.958322048187256,f_min -4.2173982963759045
2025-04-26 23:23:48,105 - INFO - tree_node.f_best*ep:-3.958322048187256,left_f_best-2.9375057220458984,right_f_best-3.9023075103759766,i:1
2025-04-26 23:23:56,599 - INFO - tree_node.f_best*ep:-3.958322048187256,left_f_best-2.9628052711486816,right_f_best-3.9197349548339844,i:2
2025-04-26 23:24:05,429 - INFO - tree_node.f_best*ep:-3.958322048187256,left_f_best-2.9673638343811035,right_f_best-3.9407243728637695,i:3
2025-04-26 23:24:14,465 - INFO - tree_node.f_best*ep:-3.958322048187256,left_f_best-2.99251127243042,right_f_best-3.9515204429626465,i:4
2025-04-26 23:24:22,571 - INFO - tree_node.f_best*ep:-3.958322048187256,left_f_best-2.982509136199951,right_f_best-3.9644789695739746,i:5
2025-04-26 23:24:44,895 - INFO - 添加左子节点，右子节点，len(queue):7
2025-04-26 23:24:44,895 - INFO - Node 1: k=502.6057123259129, f_best=-3.8991284370422363, f_min=-9.005950842942184
2025-04-26 23:24:44,895 - INFO - Node 2: k=215.64012994489613, f_best=-2.9467339515686035, f_min=-3.0194105381451664
2025-04-26 23:24:44,895 - INFO - Node 3: k=245.41858288204764, f_best=-3.91182804107666, f_min=-4.860726125326437
2025-04-26 23:24:44,895 - INFO - Node 4: k=112.93805106587028, f_best=-2.938025951385498, f_min=-3.3888572111536632
2025-04-26 23:24:44,896 - INFO - Node 5: k=245.41858288204764, f_best=-3.915553569793701, f_min=-6.685467089796475
2025-04-26 23:24:44,896 - INFO - Node 6: k=164.83616152740794, f_best=-2.9319825172424316, f_min=-3.7908324338650345
2025-04-26 23:24:44,896 - INFO - Node 7: k=197.16835851288835, f_best=-3.9260263442993164, f_min=-12.852088825844476
2025-04-26 23:24:44,896 - INFO - Node 8: k=224.39598393757998, f_best=-2.953113555908203, f_min=-5.164860500225586
2025-04-26 23:24:44,896 - INFO - Node 9: k=139.1839438921269, f_best=-3.947016716003418, f_min=-4.515362718893812
2025-04-26 23:24:44,896 - INFO - Node 10: k=150.71626695935208, f_best=-2.976158618927002, f_min=-3.817784586561629
2025-04-26 23:24:44,896 - INFO - Node 11: k=133.7530343479331, f_best=-3.958322048187256, f_min=-4.2173982963759045
2025-04-26 23:24:44,896 - INFO - Node 12: k=135.09056469141242, f_best=-2.982509136199951, f_min=-5.063942994595891
2025-04-26 23:24:44,897 - INFO - Node 13: k=152.2234296289456, f_best=-3.9644789695739746, f_min=-4.103402221749548
2025-04-26 23:24:44,897 - INFO - cur_node_number 24,f_best -3.9644789695739746,f_min -4.103402221749548,k 152.2234296289456
2025-04-26 23:24:44,897 - INFO - f_best_current -3.9644789695739746,f_min -4.103402221749548
2025-04-26 23:24:44,897 - INFO - 回退,len(queue)=5
2025-04-26 23:24:44,897 - INFO - 回退,len(queue)=4
2025-04-26 23:24:52,842 - INFO - tree_node.f_best*ep:-3.947016716003418,left_f_best-2.943063735961914,right_f_best-3.92543888092041,i:1
2025-04-26 23:25:01,090 - INFO - tree_node.f_best*ep:-3.947016716003418,left_f_best-2.9544262886047363,right_f_best-3.9323220252990723,i:2
2025-04-26 23:25:09,864 - INFO - tree_node.f_best*ep:-3.947016716003418,left_f_best-2.9675474166870117,right_f_best-3.925546169281006,i:3
2025-04-26 23:25:19,074 - INFO - tree_node.f_best*ep:-3.947016716003418,left_f_best-2.9777846336364746,right_f_best-3.95651912689209,i:4
2025-04-26 23:25:46,634 - INFO - 添加左子节点，右子节点，len(queue):6
2025-04-26 23:25:46,634 - INFO - Node 1: k=502.6057123259129, f_best=-3.8991284370422363, f_min=-9.005950842942184
2025-04-26 23:25:46,634 - INFO - Node 2: k=215.64012994489613, f_best=-2.9467339515686035, f_min=-3.0194105381451664
2025-04-26 23:25:46,634 - INFO - Node 3: k=245.41858288204764, f_best=-3.91182804107666, f_min=-4.860726125326437
2025-04-26 23:25:46,634 - INFO - Node 4: k=112.93805106587028, f_best=-2.938025951385498, f_min=-3.3888572111536632
2025-04-26 23:25:46,635 - INFO - Node 5: k=245.41858288204764, f_best=-3.915553569793701, f_min=-6.685467089796475
2025-04-26 23:25:46,635 - INFO - Node 6: k=164.83616152740794, f_best=-2.9319825172424316, f_min=-3.7908324338650345
2025-04-26 23:25:46,635 - INFO - Node 7: k=197.16835851288835, f_best=-3.9260263442993164, f_min=-12.852088825844476
2025-04-26 23:25:46,635 - INFO - Node 8: k=224.39598393757998, f_best=-2.953113555908203, f_min=-5.164860500225586
2025-04-26 23:25:46,635 - INFO - Node 9: k=152.2234296289456, f_best=-3.947016716003418, f_min=-4.515362718893812
2025-04-26 23:25:46,635 - INFO - Node 10: k=250.3514963979768, f_best=-2.9777846336364746, f_min=-3.0080349452546216
2025-04-26 23:25:46,635 - INFO - Node 11: k=193.2833629182319, f_best=-3.95651912689209, f_min=-4.455057963813488
2025-04-26 23:25:46,636 - INFO - cur_node_number 25,f_best -3.95651912689209,f_min -4.455057963813488,k 193.2833629182319
2025-04-26 23:25:46,636 - INFO - f_best_current -3.95651912689209,f_min -4.455057963813488
2025-04-26 23:25:46,636 - INFO - 回退,len(queue)=4
2025-04-26 23:25:54,596 - INFO - tree_node.f_best*ep:-3.947016716003418,left_f_best-2.93448543548584,right_f_best-3.9032130241394043,i:1
2025-04-26 23:26:03,048 - INFO - tree_node.f_best*ep:-3.947016716003418,left_f_best-2.9446043968200684,right_f_best-3.9174675941467285,i:2
2025-04-26 23:26:11,616 - INFO - tree_node.f_best*ep:-3.947016716003418,left_f_best-2.9550728797912598,right_f_best-3.938148021697998,i:3
2025-04-26 23:26:20,389 - INFO - tree_node.f_best*ep:-3.947016716003418,left_f_best-2.9707283973693848,right_f_best-3.949446201324463,i:4
2025-04-26 23:26:48,783 - INFO - 添加左子节点，右子节点，len(queue):6
2025-04-26 23:26:48,783 - INFO - Node 1: k=502.6057123259129, f_best=-3.8991284370422363, f_min=-9.005950842942184
2025-04-26 23:26:48,784 - INFO - Node 2: k=215.64012994489613, f_best=-2.9467339515686035, f_min=-3.0194105381451664
2025-04-26 23:26:48,784 - INFO - Node 3: k=245.41858288204764, f_best=-3.91182804107666, f_min=-4.860726125326437
2025-04-26 23:26:48,784 - INFO - Node 4: k=112.93805106587028, f_best=-2.938025951385498, f_min=-3.3888572111536632
2025-04-26 23:26:48,784 - INFO - Node 5: k=245.41858288204764, f_best=-3.915553569793701, f_min=-6.685467089796475
2025-04-26 23:26:48,784 - INFO - Node 6: k=164.83616152740794, f_best=-2.9319825172424316, f_min=-3.7908324338650345
2025-04-26 23:26:48,784 - INFO - Node 7: k=197.16835851288835, f_best=-3.9260263442993164, f_min=-12.852088825844476
2025-04-26 23:26:48,784 - INFO - Node 8: k=224.39598393757998, f_best=-2.953113555908203, f_min=-5.164860500225586
2025-04-26 23:26:48,784 - INFO - Node 9: k=193.2833629182319, f_best=-3.947016716003418, f_min=-4.515362718893812
2025-04-26 23:26:48,784 - INFO - Node 10: k=240.5828672503163, f_best=-2.9707283973693848, f_min=-4.130767063924395
2025-04-26 23:26:48,784 - INFO - Node 11: k=276.54380205100864, f_best=-3.949446201324463, f_min=-6.144479760415379
2025-04-26 23:26:48,785 - INFO - cur_node_number 26,f_best -3.949446201324463,f_min -6.144479760415379,k 276.54380205100864
2025-04-26 23:26:48,785 - INFO - f_best_current -3.949446201324463,f_min -6.144479760415379
2025-04-26 23:26:48,785 - INFO - 回退,len(queue)=4
2025-04-26 23:26:48,785 - INFO - 回退,len(queue)=3
2025-04-26 23:26:48,785 - INFO - 回退,len(queue)=2
2025-04-26 23:26:48,785 - INFO - 回退,len(queue)=1
2025-04-26 23:26:56,806 - INFO - tree_node.f_best*ep:-3.91182804107666,left_f_best-2.9440441131591797,right_f_best-3.9144887924194336,i:1
2025-04-26 23:27:23,337 - INFO - 添加左子节点，右子节点，len(queue):3
2025-04-26 23:27:23,337 - INFO - Node 1: k=502.6057123259129, f_best=-3.8991284370422363, f_min=-9.005950842942184
2025-04-26 23:27:23,337 - INFO - Node 2: k=215.64012994489613, f_best=-2.9467339515686035, f_min=-3.0194105381451664
2025-04-26 23:27:23,338 - INFO - Node 3: k=276.54380205100864, f_best=-3.91182804107666, f_min=-4.860726125326437
2025-04-26 23:27:23,338 - INFO - Node 4: k=217.7965312443451, f_best=-2.9440441131591797, f_min=-5.420215858597658
2025-04-26 23:27:23,338 - INFO - Node 5: k=180.2788822683465, f_best=-3.9144887924194336, f_min=-3.9639108389237663
2025-04-26 23:27:23,338 - INFO - cur_node_number 27,f_best -3.9144887924194336,f_min -3.9639108389237663,k 180.2788822683465
2025-04-26 23:27:23,338 - INFO - f_best_current -3.9144887924194336,f_min -3.9639108389237663
2025-04-26 23:27:31,492 - INFO - tree_node.f_best*ep:-3.9144887924194336,left_f_best-2.947096824645996,right_f_best-3.931755542755127,i:1
2025-04-26 23:27:55,231 - INFO - 添加左子节点，右子节点，len(queue):4
2025-04-26 23:27:55,231 - INFO - Node 1: k=502.6057123259129, f_best=-3.8991284370422363, f_min=-9.005950842942184
2025-04-26 23:27:55,231 - INFO - Node 2: k=215.64012994489613, f_best=-2.9467339515686035, f_min=-3.0194105381451664
2025-04-26 23:27:55,231 - INFO - Node 3: k=276.54380205100864, f_best=-3.91182804107666, f_min=-4.860726125326437
2025-04-26 23:27:55,231 - INFO - Node 4: k=217.7965312443451, f_best=-2.9440441131591797, f_min=-5.420215858597658
2025-04-26 23:27:55,231 - INFO - Node 5: k=180.2788822683465, f_best=-3.9144887924194336, f_min=-3.9639108389237663
2025-04-26 23:27:55,231 - INFO - Node 6: k=228.90634321472535, f_best=-2.947096824645996, f_min=-3.102647136976884
2025-04-26 23:27:55,232 - INFO - Node 7: k=103.26375776156617, f_best=-3.931755542755127, f_min=-4.101237378427868
2025-04-26 23:27:55,232 - INFO - cur_node_number 28,f_best -3.931755542755127,f_min -4.101237378427868,k 103.26375776156617
2025-04-26 23:27:55,232 - INFO - f_best_current -3.931755542755127,f_min -4.101237378427868
2025-04-26 23:28:03,258 - INFO - tree_node.f_best*ep:-3.931755542755127,left_f_best-2.954869270324707,right_f_best-3.914283275604248,i:1
2025-04-26 23:28:11,646 - INFO - tree_node.f_best*ep:-3.931755542755127,left_f_best-2.9597764015197754,right_f_best-3.9318509101867676,i:2
2025-04-26 23:28:34,980 - INFO - 添加左子节点，右子节点，len(queue):5
2025-04-26 23:28:34,980 - INFO - Node 1: k=502.6057123259129, f_best=-3.8991284370422363, f_min=-9.005950842942184
2025-04-26 23:28:34,980 - INFO - Node 2: k=215.64012994489613, f_best=-2.9467339515686035, f_min=-3.0194105381451664
2025-04-26 23:28:34,980 - INFO - Node 3: k=276.54380205100864, f_best=-3.91182804107666, f_min=-4.860726125326437
2025-04-26 23:28:34,980 - INFO - Node 4: k=217.7965312443451, f_best=-2.9440441131591797, f_min=-5.420215858597658
2025-04-26 23:28:34,980 - INFO - Node 5: k=180.2788822683465, f_best=-3.9144887924194336, f_min=-3.9639108389237663
2025-04-26 23:28:34,980 - INFO - Node 6: k=228.90634321472535, f_best=-2.947096824645996, f_min=-3.102647136976884
2025-04-26 23:28:34,981 - INFO - Node 7: k=103.26375776156617, f_best=-3.931755542755127, f_min=-4.101237378427868
2025-04-26 23:28:34,981 - INFO - Node 8: k=123.51868317641664, f_best=-2.9597764015197754, f_min=-3.6105912151197117
2025-04-26 23:28:34,981 - INFO - Node 9: k=164.83616152740794, f_best=-3.9318509101867676, f_min=-5.9974026332970425
2025-04-26 23:28:34,981 - INFO - cur_node_number 29,f_best -3.9318509101867676,f_min -5.9974026332970425,k 164.83616152740794
2025-04-26 23:28:34,981 - INFO - f_best_current -3.9318509101867676,f_min -5.9974026332970425
2025-04-26 23:28:34,981 - INFO - 回退,len(queue)=3
2025-04-26 23:28:43,176 - INFO - tree_node.f_best*ep:-3.931755542755127,left_f_best-2.93693208694458,right_f_best-3.866590976715088,i:1
2025-04-26 23:28:51,667 - INFO - tree_node.f_best*ep:-3.931755542755127,left_f_best-2.942962646484375,right_f_best-3.9222373962402344,i:2
2025-04-26 23:29:00,286 - INFO - tree_node.f_best*ep:-3.931755542755127,left_f_best-2.9745607376098633,right_f_best-3.958146572113037,i:3
2025-04-26 23:29:28,187 - INFO - 添加左子节点，右子节点，len(queue):5
2025-04-26 23:29:28,188 - INFO - Node 1: k=502.6057123259129, f_best=-3.8991284370422363, f_min=-9.005950842942184
2025-04-26 23:29:28,188 - INFO - Node 2: k=215.64012994489613, f_best=-2.9467339515686035, f_min=-3.0194105381451664
2025-04-26 23:29:28,188 - INFO - Node 3: k=276.54380205100864, f_best=-3.91182804107666, f_min=-4.860726125326437
2025-04-26 23:29:28,188 - INFO - Node 4: k=217.7965312443451, f_best=-2.9440441131591797, f_min=-5.420215858597658
2025-04-26 23:29:28,188 - INFO - Node 5: k=180.2788822683465, f_best=-3.9144887924194336, f_min=-3.9639108389237663
2025-04-26 23:29:28,188 - INFO - Node 6: k=228.90634321472535, f_best=-2.947096824645996, f_min=-3.102647136976884
2025-04-26 23:29:28,189 - INFO - Node 7: k=164.83616152740794, f_best=-3.931755542755127, f_min=-4.101237378427868
2025-04-26 23:29:28,189 - INFO - Node 8: k=224.39598393757998, f_best=-2.9745607376098633, f_min=-3.8872903106666854
2025-04-26 23:29:28,189 - INFO - Node 9: k=255.38356147557613, f_best=-3.958146572113037, f_min=-5.975405149145445
2025-04-26 23:29:28,189 - INFO - cur_node_number 30,f_best -3.958146572113037,f_min -5.975405149145445,k 255.38356147557613
2025-04-26 23:29:28,189 - INFO - f_best_current -3.958146572113037,f_min -5.975405149145445
2025-04-26 23:29:28,189 - INFO - 回退,len(queue)=3
2025-04-26 23:29:28,189 - INFO - 回退,len(queue)=2
2025-04-26 23:29:36,385 - INFO - tree_node.f_best*ep:-3.9144887924194336,left_f_best-2.9400572776794434,right_f_best-3.910536766052246,i:1
2025-04-26 23:29:44,815 - INFO - tree_node.f_best*ep:-3.9144887924194336,left_f_best-2.954923629760742,right_f_best-3.9390978813171387,i:2
2025-04-26 23:30:08,791 - INFO - 添加左子节点，右子节点，len(queue):4
2025-04-26 23:30:08,791 - INFO - Node 1: k=502.6057123259129, f_best=-3.8991284370422363, f_min=-9.005950842942184
2025-04-26 23:30:08,791 - INFO - Node 2: k=215.64012994489613, f_best=-2.9467339515686035, f_min=-3.0194105381451664
2025-04-26 23:30:08,792 - INFO - Node 3: k=276.54380205100864, f_best=-3.91182804107666, f_min=-4.860726125326437
2025-04-26 23:30:08,792 - INFO - Node 4: k=217.7965312443451, f_best=-2.9440441131591797, f_min=-5.420215858597658
2025-04-26 23:30:08,792 - INFO - Node 5: k=255.38356147557613, f_best=-3.9144887924194336, f_min=-3.9639108389237663
2025-04-26 23:30:08,792 - INFO - Node 6: k=180.2788822683465, f_best=-2.954923629760742, f_min=-3.9373189862571962
2025-04-26 23:30:08,792 - INFO - Node 7: k=161.58823794471908, f_best=-3.9390978813171387, f_min=-3.9588337305453933
2025-04-26 23:30:08,792 - INFO - cur_node_number 31,f_best -3.9390978813171387,f_min -3.9588337305453933,k 161.58823794471908
2025-04-26 23:30:08,792 - INFO - f_best_current -3.9390978813171387,f_min -3.9588337305453933
2025-04-26 23:30:08,792 - INFO - 结束,fmin= -3.9588337305453933, fbestmin=-3.9390978813171387
