2025-04-26 23:55:12,916 - INFO - Namespace(log_file='outputs/dnn1/img[5]/max/DNN1img5_label7.log', image_path='img[5].png', model_path='network/SimpleNN14.pth', label=7, init_epsilon=0.05, epsilon=0.01, ep=1, min=0)
2025-04-26 23:55:12,928 - INFO - Model output max(1): torch.return_types.max(
values=tensor([7.2483], grad_fn=<MaxBackward0>),
indices=tensor([5]))
2025-04-26 23:55:18,509 - INFO - cur_node_number 1,f_best 6.845754146575928,f_min 1.7117751230325666,k 502.6057123259129
2025-04-26 23:55:18,510 - INFO - f_best_current 6.845754146575928,f_min 1.7117751230325666
2025-04-26 23:55:26,617 - INFO - tree_node.f_best*ep:6.845754146575928,left_f_best7.666096210479736,right_f_best6.858703136444092,i:1
2025-04-26 23:55:34,212 - INFO - tree_node.f_best*ep:6.845754146575928,left_f_best7.637813091278076,right_f_best6.847927570343018,i:2
2025-04-26 23:55:41,910 - INFO - tree_node.f_best*ep:6.845754146575928,left_f_best7.63422155380249,right_f_best6.808196544647217,i:3
2025-04-26 23:56:04,393 - INFO - 添加左子节点，右子节点，len(queue):2
2025-04-26 23:56:04,393 - INFO - Node 1: k=502.6057123259129, f_best=6.845754146575928, f_min=1.7117751230325666
2025-04-26 23:56:04,393 - INFO - Node 2: k=169.8308620578499, f_best=7.63422155380249, f_min=6.974551911196613
2025-04-26 23:56:04,394 - INFO - Node 3: k=185.74151267995967, f_best=6.808196544647217, f_min=6.5783143970729725
2025-04-26 23:56:04,394 - INFO - cur_node_number 2,f_best 6.808196544647217,f_min 6.5783143970729725,k 185.74151267995967
2025-04-26 23:56:04,394 - INFO - f_best_current 6.808196544647217,f_min 6.5783143970729725
2025-04-26 23:56:11,625 - INFO - tree_node.f_best*ep:6.808196544647217,left_f_best7.696342945098877,right_f_best6.849748134613037,i:1
2025-04-26 23:56:19,223 - INFO - tree_node.f_best*ep:6.808196544647217,left_f_best7.6397905349731445,right_f_best6.846251964569092,i:2
2025-04-26 23:56:27,041 - INFO - tree_node.f_best*ep:6.808196544647217,left_f_best7.613646984100342,right_f_best6.833554267883301,i:3
2025-04-26 23:56:34,915 - INFO - tree_node.f_best*ep:6.808196544647217,left_f_best7.639614582061768,right_f_best6.804565906524658,i:4
2025-04-26 23:56:56,229 - INFO - 添加左子节点，右子节点，len(queue):3
2025-04-26 23:56:56,229 - INFO - Node 1: k=502.6057123259129, f_best=6.845754146575928, f_min=1.7117751230325666
2025-04-26 23:56:56,229 - INFO - Node 2: k=169.8308620578499, f_best=7.63422155380249, f_min=6.974551911196613
2025-04-26 23:56:56,229 - INFO - Node 3: k=185.74151267995967, f_best=6.808196544647217, f_min=6.5783143970729725
2025-04-26 23:56:56,229 - INFO - Node 4: k=131.117571167467, f_best=7.639614582061768, f_min=6.7111954488091214
2025-04-26 23:56:56,229 - INFO - Node 5: k=191.36966625567513, f_best=6.804565906524658, f_min=3.823658517871081
2025-04-26 23:56:56,229 - INFO - cur_node_number 3,f_best 6.804565906524658,f_min 3.823658517871081,k 191.36966625567513
2025-04-26 23:56:56,230 - INFO - f_best_current 6.804565906524658,f_min 3.823658517871081
2025-04-26 23:56:56,230 - INFO - 回退,len(queue)=1
2025-04-26 23:57:03,678 - INFO - tree_node.f_best*ep:6.808196544647217,left_f_best7.658287048339844,right_f_best6.865393161773682,i:1
2025-04-26 23:57:12,196 - INFO - tree_node.f_best*ep:6.808196544647217,left_f_best7.65590238571167,right_f_best6.834997177124023,i:2
2025-04-26 23:57:21,621 - INFO - tree_node.f_best*ep:6.808196544647217,left_f_best7.648317813873291,right_f_best6.818692684173584,i:3
2025-04-26 23:57:31,243 - INFO - tree_node.f_best*ep:6.808196544647217,left_f_best7.62935209274292,right_f_best6.806180477142334,i:4
2025-04-26 23:57:58,297 - INFO - 添加左子节点，右子节点，len(queue):3
2025-04-26 23:57:58,297 - INFO - Node 1: k=502.6057123259129, f_best=6.845754146575928, f_min=1.7117751230325666
2025-04-26 23:57:58,297 - INFO - Node 2: k=169.8308620578499, f_best=7.63422155380249, f_min=6.974551911196613
2025-04-26 23:57:58,298 - INFO - Node 3: k=191.36966625567513, f_best=6.808196544647217, f_min=6.5783143970729725
2025-04-26 23:57:58,298 - INFO - Node 4: k=173.2444623852127, f_best=7.62935209274292, f_min=4.998417285981304
2025-04-26 23:57:58,298 - INFO - Node 5: k=180.2788822683465, f_best=6.806180477142334, f_min=5.476179676527863
2025-04-26 23:57:58,298 - INFO - cur_node_number 4,f_best 6.806180477142334,f_min 5.476179676527863,k 180.2788822683465
2025-04-26 23:57:58,298 - INFO - f_best_current 6.806180477142334,f_min 5.476179676527863
2025-04-26 23:58:06,530 - INFO - tree_node.f_best*ep:6.806180477142334,left_f_best7.703047275543213,right_f_best6.84831428527832,i:1
2025-04-26 23:58:15,178 - INFO - tree_node.f_best*ep:6.806180477142334,left_f_best7.653576374053955,right_f_best6.83584451675415,i:2
2025-04-26 23:58:24,378 - INFO - tree_node.f_best*ep:6.806180477142334,left_f_best7.669348239898682,right_f_best6.8283891677856445,i:3
2025-04-26 23:58:33,999 - INFO - tree_node.f_best*ep:6.806180477142334,left_f_best7.636962413787842,right_f_best6.80165433883667,i:4
2025-04-26 23:59:02,683 - INFO - 添加左子节点，右子节点，len(queue):4
2025-04-26 23:59:02,684 - INFO - Node 1: k=502.6057123259129, f_best=6.845754146575928, f_min=1.7117751230325666
2025-04-26 23:59:02,684 - INFO - Node 2: k=169.8308620578499, f_best=7.63422155380249, f_min=6.974551911196613
2025-04-26 23:59:02,684 - INFO - Node 3: k=191.36966625567513, f_best=6.808196544647217, f_min=6.5783143970729725
2025-04-26 23:59:02,684 - INFO - Node 4: k=173.2444623852127, f_best=7.62935209274292, f_min=4.998417285981304
2025-04-26 23:59:02,684 - INFO - Node 5: k=180.2788822683465, f_best=6.806180477142334, f_min=5.476179676527863
2025-04-26 23:59:02,684 - INFO - Node 6: k=209.2981856223532, f_best=7.636962413787842, f_min=6.244099398901199
2025-04-26 23:59:02,685 - INFO - Node 7: k=191.36966625567513, f_best=6.80165433883667, f_min=2.13435888791264
2025-04-26 23:59:02,685 - INFO - cur_node_number 5,f_best 6.80165433883667,f_min 2.13435888791264,k 191.36966625567513
2025-04-26 23:59:02,685 - INFO - f_best_current 6.80165433883667,f_min 2.13435888791264
2025-04-26 23:59:02,685 - INFO - 回退,len(queue)=2
2025-04-26 23:59:11,289 - INFO - tree_node.f_best*ep:6.806180477142334,left_f_best7.667011737823486,right_f_best6.88165283203125,i:1
2025-04-26 23:59:20,286 - INFO - tree_node.f_best*ep:6.806180477142334,left_f_best7.6560516357421875,right_f_best6.867496967315674,i:2
2025-04-26 23:59:29,520 - INFO - tree_node.f_best*ep:6.806180477142334,left_f_best7.6342902183532715,right_f_best6.813323020935059,i:3
2025-04-26 23:59:39,081 - INFO - tree_node.f_best*ep:6.806180477142334,left_f_best7.611896991729736,right_f_best6.80243444442749,i:4
2025-04-27 00:00:07,664 - INFO - 添加左子节点，右子节点，len(queue):4
2025-04-27 00:00:07,664 - INFO - Node 1: k=502.6057123259129, f_best=6.845754146575928, f_min=1.7117751230325666
2025-04-27 00:00:07,664 - INFO - Node 2: k=169.8308620578499, f_best=7.63422155380249, f_min=6.974551911196613
2025-04-27 00:00:07,664 - INFO - Node 3: k=191.36966625567513, f_best=6.808196544647217, f_min=6.5783143970729725
2025-04-27 00:00:07,664 - INFO - Node 4: k=173.2444623852127, f_best=7.62935209274292, f_min=4.998417285981304
2025-04-27 00:00:07,665 - INFO - Node 5: k=191.36966625567513, f_best=6.806180477142334, f_min=5.476179676527863
2025-04-27 00:00:07,665 - INFO - Node 6: k=231.1954066468726, f_best=7.611896991729736, f_min=7.221588324045115
2025-04-27 00:00:07,665 - INFO - Node 7: k=189.47491708482687, f_best=6.80243444442749, f_min=5.168841192988111
2025-04-27 00:00:07,665 - INFO - cur_node_number 6,f_best 6.80243444442749,f_min 5.168841192988111,k 189.47491708482687
2025-04-27 00:00:07,665 - INFO - f_best_current 6.80243444442749,f_min 5.168841192988111
2025-04-27 00:00:16,006 - INFO - tree_node.f_best*ep:6.80243444442749,left_f_best7.664836883544922,right_f_best6.854641437530518,i:1
2025-04-27 00:00:24,817 - INFO - tree_node.f_best*ep:6.80243444442749,left_f_best7.666553020477295,right_f_best6.847334384918213,i:2
2025-04-27 00:00:34,089 - INFO - tree_node.f_best*ep:6.80243444442749,left_f_best7.621755599975586,right_f_best6.832468509674072,i:3
2025-04-27 00:00:43,900 - INFO - tree_node.f_best*ep:6.80243444442749,left_f_best7.613260746002197,right_f_best6.82361364364624,i:4
2025-04-27 00:00:52,529 - INFO - tree_node.f_best*ep:6.80243444442749,left_f_best7.616364479064941,right_f_best6.7957282066345215,i:5
2025-04-27 00:01:14,447 - INFO - 添加左子节点，右子节点，len(queue):5
2025-04-27 00:01:14,447 - INFO - Node 1: k=502.6057123259129, f_best=6.845754146575928, f_min=1.7117751230325666
2025-04-27 00:01:14,447 - INFO - Node 2: k=169.8308620578499, f_best=7.63422155380249, f_min=6.974551911196613
2025-04-27 00:01:14,448 - INFO - Node 3: k=191.36966625567513, f_best=6.808196544647217, f_min=6.5783143970729725
2025-04-27 00:01:14,448 - INFO - Node 4: k=173.2444623852127, f_best=7.62935209274292, f_min=4.998417285981304
2025-04-27 00:01:14,448 - INFO - Node 5: k=191.36966625567513, f_best=6.806180477142334, f_min=5.476179676527863
2025-04-27 00:01:14,448 - INFO - Node 6: k=231.1954066468726, f_best=7.611896991729736, f_min=7.221588324045115
2025-04-27 00:01:14,448 - INFO - Node 7: k=189.47491708482687, f_best=6.80243444442749, f_min=5.168841192988111
2025-04-27 00:01:14,448 - INFO - Node 8: k=173.2444623852127, f_best=7.616364479064941, f_min=7.320466699287863
2025-04-27 00:01:14,448 - INFO - Node 9: k=159.98835440071196, f_best=6.7957282066345215, f_min=6.587648149573397
2025-04-27 00:01:14,449 - INFO - cur_node_number 7,f_best 6.7957282066345215,f_min 6.587648149573397,k 159.98835440071196
2025-04-27 00:01:14,449 - INFO - f_best_current 6.7957282066345215,f_min 6.587648149573397
2025-04-27 00:01:21,593 - INFO - tree_node.f_best*ep:6.7957282066345215,left_f_best7.654073238372803,right_f_best6.849121570587158,i:1
2025-04-27 00:01:29,118 - INFO - tree_node.f_best*ep:6.7957282066345215,left_f_best7.65461540222168,right_f_best6.859713554382324,i:2
2025-04-27 00:01:36,945 - INFO - tree_node.f_best*ep:6.7957282066345215,left_f_best7.643466949462891,right_f_best6.827698707580566,i:3
2025-04-27 00:01:45,026 - INFO - tree_node.f_best*ep:6.7957282066345215,left_f_best7.6214280128479,right_f_best6.821317195892334,i:4
2025-04-27 00:01:53,363 - INFO - tree_node.f_best*ep:6.7957282066345215,left_f_best7.600083827972412,right_f_best6.808211803436279,i:5
2025-04-27 00:02:02,044 - INFO - tree_node.f_best*ep:6.7957282066345215,left_f_best7.598734378814697,right_f_best6.798551559448242,i:6
2025-04-27 00:02:11,453 - INFO - tree_node.f_best*ep:6.7957282066345215,left_f_best7.587818145751953,right_f_best6.7842841148376465,i:7
2025-04-27 00:02:35,037 - INFO - 添加左子节点，右子节点，len(queue):6
2025-04-27 00:02:35,037 - INFO - Node 1: k=502.6057123259129, f_best=6.845754146575928, f_min=1.7117751230325666
2025-04-27 00:02:35,037 - INFO - Node 2: k=169.8308620578499, f_best=7.63422155380249, f_min=6.974551911196613
2025-04-27 00:02:35,037 - INFO - Node 3: k=191.36966625567513, f_best=6.808196544647217, f_min=6.5783143970729725
2025-04-27 00:02:35,038 - INFO - Node 4: k=173.2444623852127, f_best=7.62935209274292, f_min=4.998417285981304
2025-04-27 00:02:35,038 - INFO - Node 5: k=191.36966625567513, f_best=6.806180477142334, f_min=5.476179676527863
2025-04-27 00:02:35,038 - INFO - Node 6: k=231.1954066468726, f_best=7.611896991729736, f_min=7.221588324045115
2025-04-27 00:02:35,038 - INFO - Node 7: k=189.47491708482687, f_best=6.80243444442749, f_min=5.168841192988111
2025-04-27 00:02:35,038 - INFO - Node 8: k=173.2444623852127, f_best=7.616364479064941, f_min=7.320466699287863
2025-04-27 00:02:35,038 - INFO - Node 9: k=159.98835440071196, f_best=6.7957282066345215, f_min=6.587648149573397
2025-04-27 00:02:35,038 - INFO - Node 10: k=205.17418451362926, f_best=7.587818145751953, f_min=6.5085893602381475
2025-04-27 00:02:35,039 - INFO - Node 11: k=201.1314425189974, f_best=6.7842841148376465, f_min=5.2267924676698385
2025-04-27 00:02:35,039 - INFO - cur_node_number 8,f_best 6.7842841148376465,f_min 5.2267924676698385,k 201.1314425189974
2025-04-27 00:02:35,039 - INFO - f_best_current 6.7842841148376465,f_min 5.2267924676698385
2025-04-27 00:02:35,039 - INFO - 回退,len(queue)=4
2025-04-27 00:02:35,039 - INFO - 回退,len(queue)=3
2025-04-27 00:02:35,039 - INFO - 回退,len(queue)=2
2025-04-27 00:02:35,039 - INFO - 回退,len(queue)=1
2025-04-27 00:02:42,128 - INFO - tree_node.f_best*ep:6.808196544647217,left_f_best7.654210090637207,right_f_best6.845859050750732,i:1
2025-04-27 00:02:49,538 - INFO - tree_node.f_best*ep:6.808196544647217,left_f_best7.640826225280762,right_f_best6.8569440841674805,i:2
2025-04-27 00:02:57,381 - INFO - tree_node.f_best*ep:6.808196544647217,left_f_best7.625519752502441,right_f_best6.819818019866943,i:3
2025-04-27 00:03:05,676 - INFO - tree_node.f_best*ep:6.808196544647217,left_f_best7.619949817657471,right_f_best6.805847644805908,i:4
2025-04-27 00:03:29,075 - INFO - 添加左子节点，右子节点，len(queue):3
2025-04-27 00:03:29,075 - INFO - Node 1: k=502.6057123259129, f_best=6.845754146575928, f_min=1.7117751230325666
2025-04-27 00:03:29,075 - INFO - Node 2: k=169.8308620578499, f_best=7.63422155380249, f_min=6.974551911196613
2025-04-27 00:03:29,075 - INFO - Node 3: k=201.1314425189974, f_best=6.808196544647217, f_min=6.5783143970729725
2025-04-27 00:03:29,075 - INFO - Node 4: k=168.14936837410883, f_best=7.619949817657471, f_min=7.2249139707373615
2025-04-27 00:03:29,075 - INFO - Node 5: k=222.17424152235643, f_best=6.805847644805908, f_min=6.7823746466310695
2025-04-27 00:03:29,076 - INFO - cur_node_number 9,f_best 6.805847644805908,f_min 6.7823746466310695,k 222.17424152235643
2025-04-27 00:03:29,076 - INFO - f_best_current 6.805847644805908,f_min 6.7823746466310695
2025-04-27 00:03:29,076 - INFO - 结束,fmin= 6.7823746466310695, fbestmin=6.805847644805908
