2025-04-26 23:51:27,909 - INFO - Namespace(log_file='outputs/dnn1/img[5]/max/DNN1img5_label8.log', image_path='img[5].png', model_path='network/SimpleNN14.pth', label=8, init_epsilon=0.05, epsilon=0.01, ep=1, min=0)
2025-04-26 23:51:27,920 - INFO - Model output max(1): torch.return_types.max(
values=tensor([7.2483], grad_fn=<MaxBackward0>),
indices=tensor([5]))
2025-04-26 23:51:33,628 - INFO - cur_node_number 1,f_best -3.833892583847046,f_min -4.8161860330510535,k 498.4519461083432
2025-04-26 23:51:33,628 - INFO - f_best_current -3.833892583847046,f_min -4.8161860330510535
2025-04-26 23:51:42,641 - INFO - tree_node.f_best*ep:-3.833892583847046,left_f_best-2.839350700378418,right_f_best-3.8325448036193848,i:1
2025-04-26 23:51:51,855 - INFO - tree_node.f_best*ep:-3.833892583847046,left_f_best-2.8577775955200195,right_f_best-3.857081413269043,i:2
2025-04-26 23:52:18,017 - INFO - 添加左子节点，右子节点，len(queue):2
2025-04-26 23:52:18,017 - INFO - Node 1: k=498.4519461083432, f_best=-3.833892583847046, f_min=-4.8161860330510535
2025-04-26 23:52:18,017 - INFO - Node 2: k=148.9908117920219, f_best=-2.8577775955200195, f_min=-2.908719393866704
2025-04-26 23:52:18,017 - INFO - Node 3: k=111.64509478629127, f_best=-3.857081413269043, f_min=-4.1817544745881605
2025-04-26 23:52:18,017 - INFO - cur_node_number 2,f_best -3.857081413269043,f_min -4.1817544745881605,k 111.64509478629127
2025-04-26 23:52:18,017 - INFO - f_best_current -3.857081413269043,f_min -4.1817544745881605
2025-04-26 23:52:26,041 - INFO - tree_node.f_best*ep:-3.857081413269043,left_f_best-2.8115854263305664,right_f_best-3.8379485607147217,i:1
2025-04-26 23:52:34,690 - INFO - tree_node.f_best*ep:-3.857081413269043,left_f_best-2.8411316871643066,right_f_best-3.8598551750183105,i:2
2025-04-26 23:53:00,109 - INFO - 添加左子节点，右子节点，len(queue):3
2025-04-26 23:53:00,109 - INFO - Node 1: k=498.4519461083432, f_best=-3.833892583847046, f_min=-4.8161860330510535
2025-04-26 23:53:00,109 - INFO - Node 2: k=148.9908117920219, f_best=-2.8577775955200195, f_min=-2.908719393866704
2025-04-26 23:53:00,109 - INFO - Node 3: k=111.64509478629127, f_best=-3.857081413269043, f_min=-4.1817544745881605
2025-04-26 23:53:00,110 - INFO - Node 4: k=208.97108377021212, f_best=-2.8411316871643066, f_min=-3.0664803566505725
2025-04-26 23:53:00,110 - INFO - Node 5: k=65.23572037373071, f_best=-3.8598551750183105, f_min=-4.424295489617634
2025-04-26 23:53:00,110 - INFO - cur_node_number 3,f_best -3.8598551750183105,f_min -4.424295489617634,k 65.23572037373071
2025-04-26 23:53:00,110 - INFO - f_best_current -3.8598551750183105,f_min -4.424295489617634
2025-04-26 23:53:08,578 - INFO - tree_node.f_best*ep:-3.8598551750183105,left_f_best-2.837477445602417,right_f_best-3.854830026626587,i:1
2025-04-26 23:53:17,310 - INFO - tree_node.f_best*ep:-3.8598551750183105,left_f_best-2.862743377685547,right_f_best-3.8672733306884766,i:2
2025-04-26 23:53:41,363 - INFO - 添加左子节点，右子节点，len(queue):4
2025-04-26 23:53:41,364 - INFO - Node 1: k=498.4519461083432, f_best=-3.833892583847046, f_min=-4.8161860330510535
2025-04-26 23:53:41,364 - INFO - Node 2: k=148.9908117920219, f_best=-2.8577775955200195, f_min=-2.908719393866704
2025-04-26 23:53:41,364 - INFO - Node 3: k=111.64509478629127, f_best=-3.857081413269043, f_min=-4.1817544745881605
2025-04-26 23:53:41,364 - INFO - Node 4: k=208.97108377021212, f_best=-2.8411316871643066, f_min=-3.0664803566505725
2025-04-26 23:53:41,364 - INFO - Node 5: k=65.23572037373071, f_best=-3.8598551750183105, f_min=-4.424295489617634
2025-04-26 23:53:41,364 - INFO - Node 6: k=91.4981200723882, f_best=-2.862743377685547, f_min=-2.863860071068302
2025-04-26 23:53:41,365 - INFO - Node 7: k=129.61648906622506, f_best=-3.8672733306884766, f_min=-3.9994294241560056
2025-04-26 23:53:41,365 - INFO - cur_node_number 4,f_best -3.8672733306884766,f_min -3.9994294241560056,k 129.61648906622506
2025-04-26 23:53:41,365 - INFO - f_best_current -3.8672733306884766,f_min -3.9994294241560056
2025-04-26 23:53:41,365 - INFO - 回退,len(queue)=2
2025-04-26 23:53:41,365 - INFO - 回退,len(queue)=1
2025-04-26 23:53:49,564 - INFO - tree_node.f_best*ep:-3.857081413269043,left_f_best-2.8495545387268066,right_f_best-3.8299245834350586,i:1
2025-04-26 23:53:58,223 - INFO - tree_node.f_best*ep:-3.857081413269043,left_f_best-2.8457679748535156,right_f_best-3.858258008956909,i:2
2025-04-26 23:54:23,387 - INFO - 添加左子节点，右子节点，len(queue):3
2025-04-26 23:54:23,387 - INFO - Node 1: k=498.4519461083432, f_best=-3.833892583847046, f_min=-4.8161860330510535
2025-04-26 23:54:23,387 - INFO - Node 2: k=148.9908117920219, f_best=-2.8577775955200195, f_min=-2.908719393866704
2025-04-26 23:54:23,387 - INFO - Node 3: k=129.61648906622506, f_best=-3.857081413269043, f_min=-4.1817544745881605
2025-04-26 23:54:23,387 - INFO - Node 4: k=148.36738211287843, f_best=-2.8457679748535156, f_min=-2.966353792935479
2025-04-26 23:54:23,388 - INFO - Node 5: k=133.54399830142074, f_best=-3.858258008956909, f_min=-4.379524692262748
2025-04-26 23:54:23,388 - INFO - cur_node_number 5,f_best -3.858258008956909,f_min -4.379524692262748,k 133.54399830142074
2025-04-26 23:54:23,388 - INFO - f_best_current -3.858258008956909,f_min -4.379524692262748
2025-04-26 23:54:23,388 - INFO - 回退,len(queue)=1
2025-04-26 23:54:31,219 - INFO - tree_node.f_best*ep:-3.857081413269043,left_f_best-2.847484588623047,right_f_best-3.8406505584716797,i:1
2025-04-26 23:54:39,375 - INFO - tree_node.f_best*ep:-3.857081413269043,left_f_best-2.8535444736480713,right_f_best-3.8594045639038086,i:2
2025-04-26 23:55:01,935 - INFO - 添加左子节点，右子节点，len(queue):3
2025-04-26 23:55:01,935 - INFO - Node 1: k=498.4519461083432, f_best=-3.833892583847046, f_min=-4.8161860330510535
2025-04-26 23:55:01,936 - INFO - Node 2: k=148.9908117920219, f_best=-2.8577775955200195, f_min=-2.908719393866704
2025-04-26 23:55:01,936 - INFO - Node 3: k=133.54399830142074, f_best=-3.857081413269043, f_min=-4.1817544745881605
2025-04-26 23:55:01,936 - INFO - Node 4: k=118.51351783140683, f_best=-2.8535444736480713, f_min=-2.9974180036742837
2025-04-26 23:55:01,936 - INFO - Node 5: k=116.17833333144479, f_best=-3.8594045639038086, f_min=-4.9981763088121625
2025-04-26 23:55:01,936 - INFO - cur_node_number 6,f_best -3.8594045639038086,f_min -4.9981763088121625,k 116.17833333144479
2025-04-26 23:55:01,936 - INFO - f_best_current -3.8594045639038086,f_min -4.9981763088121625
2025-04-26 23:55:08,774 - INFO - tree_node.f_best*ep:-3.8594045639038086,left_f_best-2.8457393646240234,right_f_best-3.85830020904541,i:1
2025-04-26 23:55:16,273 - INFO - tree_node.f_best*ep:-3.8594045639038086,left_f_best-2.853325366973877,right_f_best-3.8723244667053223,i:2
2025-04-26 23:55:40,167 - INFO - 添加左子节点，右子节点，len(queue):4
2025-04-26 23:55:40,167 - INFO - Node 1: k=498.4519461083432, f_best=-3.833892583847046, f_min=-4.8161860330510535
2025-04-26 23:55:40,167 - INFO - Node 2: k=148.9908117920219, f_best=-2.8577775955200195, f_min=-2.908719393866704
2025-04-26 23:55:40,167 - INFO - Node 3: k=133.54399830142074, f_best=-3.857081413269043, f_min=-4.1817544745881605
2025-04-26 23:55:40,168 - INFO - Node 4: k=118.51351783140683, f_best=-2.8535444736480713, f_min=-2.9974180036742837
2025-04-26 23:55:40,168 - INFO - Node 5: k=116.17833333144479, f_best=-3.8594045639038086, f_min=-4.9981763088121625
2025-04-26 23:55:40,168 - INFO - Node 6: k=176.45047863914257, f_best=-2.853325366973877, f_min=-3.377887427969654
2025-04-26 23:55:40,168 - INFO - Node 7: k=150.4807199099421, f_best=-3.8723244667053223, f_min=-4.181283026930032
2025-04-26 23:55:40,168 - INFO - cur_node_number 7,f_best -3.8723244667053223,f_min -4.181283026930032,k 150.4807199099421
2025-04-26 23:55:40,168 - INFO - f_best_current -3.8723244667053223,f_min -4.181283026930032
2025-04-26 23:55:40,168 - INFO - 回退,len(queue)=2
2025-04-26 23:55:40,168 - INFO - 回退,len(queue)=1
2025-04-26 23:55:47,139 - INFO - tree_node.f_best*ep:-3.857081413269043,left_f_best-2.8415160179138184,right_f_best-3.8409504890441895,i:1
2025-04-26 23:55:54,367 - INFO - tree_node.f_best*ep:-3.857081413269043,left_f_best-2.854159116744995,right_f_best-3.8622374534606934,i:2
2025-04-26 23:56:18,407 - INFO - 添加左子节点，右子节点，len(queue):3
2025-04-26 23:56:18,407 - INFO - Node 1: k=498.4519461083432, f_best=-3.833892583847046, f_min=-4.8161860330510535
2025-04-26 23:56:18,407 - INFO - Node 2: k=148.9908117920219, f_best=-2.8577775955200195, f_min=-2.908719393866704
2025-04-26 23:56:18,407 - INFO - Node 3: k=150.4807199099421, f_best=-3.857081413269043, f_min=-4.1817544745881605
2025-04-26 23:56:18,407 - INFO - Node 4: k=186.52198592148122, f_best=-2.854159116744995, f_min=-3.3968372115677994
2025-04-26 23:56:18,408 - INFO - Node 5: k=156.5908405659726, f_best=-3.8622374534606934, f_min=-8.258839020889809
2025-04-26 23:56:18,408 - INFO - cur_node_number 8,f_best -3.8622374534606934,f_min -8.258839020889809,k 156.5908405659726
2025-04-26 23:56:18,408 - INFO - f_best_current -3.8622374534606934,f_min -8.258839020889809
2025-04-26 23:56:18,408 - INFO - 回退,len(queue)=1
2025-04-26 23:56:25,562 - INFO - tree_node.f_best*ep:-3.857081413269043,left_f_best-2.859739303588867,right_f_best-3.8417019844055176,i:1
2025-04-26 23:56:32,734 - INFO - tree_node.f_best*ep:-3.857081413269043,left_f_best-2.8164422512054443,right_f_best-3.858532667160034,i:2
2025-04-26 23:56:54,122 - INFO - 添加左子节点，右子节点，len(queue):3
2025-04-26 23:56:54,122 - INFO - Node 1: k=498.4519461083432, f_best=-3.833892583847046, f_min=-4.8161860330510535
2025-04-26 23:56:54,122 - INFO - Node 2: k=148.9908117920219, f_best=-2.8577775955200195, f_min=-2.908719393866704
2025-04-26 23:56:54,122 - INFO - Node 3: k=156.5908405659726, f_best=-3.857081413269043, f_min=-4.1817544745881605
2025-04-26 23:56:54,122 - INFO - Node 4: k=146.05510419764914, f_best=-2.8164422512054443, f_min=-3.9838533129509415
2025-04-26 23:56:54,122 - INFO - Node 5: k=127.06253216961576, f_best=-3.858532667160034, f_min=-4.460106111542245
2025-04-26 23:56:54,123 - INFO - cur_node_number 9,f_best -3.858532667160034,f_min -4.460106111542245,k 127.06253216961576
2025-04-26 23:56:54,123 - INFO - f_best_current -3.858532667160034,f_min -4.460106111542245
2025-04-26 23:57:01,576 - INFO - tree_node.f_best*ep:-3.858532667160034,left_f_best-2.8453102111816406,right_f_best-3.81903338432312,i:1
2025-04-26 23:57:09,796 - INFO - tree_node.f_best*ep:-3.858532667160034,left_f_best-2.843867778778076,right_f_best-3.870224952697754,i:2
2025-04-26 23:57:39,220 - INFO - 添加左子节点，右子节点，len(queue):4
2025-04-26 23:57:39,220 - INFO - Node 1: k=498.4519461083432, f_best=-3.833892583847046, f_min=-4.8161860330510535
2025-04-26 23:57:39,220 - INFO - Node 2: k=148.9908117920219, f_best=-2.8577775955200195, f_min=-2.908719393866704
2025-04-26 23:57:39,221 - INFO - Node 3: k=156.5908405659726, f_best=-3.857081413269043, f_min=-4.1817544745881605
2025-04-26 23:57:39,221 - INFO - Node 4: k=146.05510419764914, f_best=-2.8164422512054443, f_min=-3.9838533129509415
2025-04-26 23:57:39,221 - INFO - Node 5: k=127.06253216961576, f_best=-3.858532667160034, f_min=-4.460106111542245
2025-04-26 23:57:39,221 - INFO - Node 6: k=187.30573865864116, f_best=-2.843867778778076, f_min=-3.5144039482775042
2025-04-26 23:57:39,221 - INFO - Node 7: k=155.04043620393327, f_best=-3.870224952697754, f_min=-4.097777127185054
2025-04-26 23:57:39,221 - INFO - cur_node_number 10,f_best -3.870224952697754,f_min -4.097777127185054,k 155.04043620393327
2025-04-26 23:57:39,221 - INFO - f_best_current -3.870224952697754,f_min -4.097777127185054
2025-04-26 23:57:39,221 - INFO - 回退,len(queue)=2
2025-04-26 23:57:47,619 - INFO - tree_node.f_best*ep:-3.858532667160034,left_f_best-2.8328139781951904,right_f_best-3.850897789001465,i:1
2025-04-26 23:57:56,147 - INFO - tree_node.f_best*ep:-3.858532667160034,left_f_best-2.86885666847229,right_f_best-3.874725341796875,i:2
2025-04-26 23:58:23,374 - INFO - 添加左子节点，右子节点，len(queue):4
2025-04-26 23:58:23,374 - INFO - Node 1: k=498.4519461083432, f_best=-3.833892583847046, f_min=-4.8161860330510535
2025-04-26 23:58:23,375 - INFO - Node 2: k=148.9908117920219, f_best=-2.8577775955200195, f_min=-2.908719393866704
2025-04-26 23:58:23,375 - INFO - Node 3: k=156.5908405659726, f_best=-3.857081413269043, f_min=-4.1817544745881605
2025-04-26 23:58:23,375 - INFO - Node 4: k=146.05510419764914, f_best=-2.8164422512054443, f_min=-3.9838533129509415
2025-04-26 23:58:23,375 - INFO - Node 5: k=155.04043620393327, f_best=-3.858532667160034, f_min=-4.460106111542245
2025-04-26 23:58:23,375 - INFO - Node 6: k=236.83342823748674, f_best=-2.86885666847229, f_min=-9.14464535877869
2025-04-26 23:58:23,376 - INFO - Node 7: k=103.10237190758744, f_best=-3.874725341796875, f_min=-5.1776642661029655
2025-04-26 23:58:23,376 - INFO - cur_node_number 11,f_best -3.874725341796875,f_min -5.1776642661029655,k 103.10237190758744
2025-04-26 23:58:23,376 - INFO - f_best_current -3.874725341796875,f_min -5.1776642661029655
2025-04-26 23:58:31,814 - INFO - tree_node.f_best*ep:-3.874725341796875,left_f_best-2.8312697410583496,right_f_best-3.843982458114624,i:1
2025-04-26 23:58:40,538 - INFO - tree_node.f_best*ep:-3.874725341796875,left_f_best-2.824070692062378,right_f_best-3.8534984588623047,i:2
2025-04-26 23:58:49,722 - INFO - tree_node.f_best*ep:-3.874725341796875,left_f_best-2.838831901550293,right_f_best-3.875126361846924,i:3
2025-04-26 23:59:14,932 - INFO - 添加左子节点，右子节点，len(queue):5
2025-04-26 23:59:14,932 - INFO - Node 1: k=498.4519461083432, f_best=-3.833892583847046, f_min=-4.8161860330510535
2025-04-26 23:59:14,932 - INFO - Node 2: k=148.9908117920219, f_best=-2.8577775955200195, f_min=-2.908719393866704
2025-04-26 23:59:14,933 - INFO - Node 3: k=156.5908405659726, f_best=-3.857081413269043, f_min=-4.1817544745881605
2025-04-26 23:59:14,933 - INFO - Node 4: k=146.05510419764914, f_best=-2.8164422512054443, f_min=-3.9838533129509415
2025-04-26 23:59:14,933 - INFO - Node 5: k=155.04043620393327, f_best=-3.858532667160034, f_min=-4.460106111542245
2025-04-26 23:59:14,933 - INFO - Node 6: k=236.83342823748674, f_best=-2.86885666847229, f_min=-9.14464535877869
2025-04-26 23:59:14,933 - INFO - Node 7: k=103.10237190758744, f_best=-3.874725341796875, f_min=-5.1776642661029655
2025-04-26 23:59:14,933 - INFO - Node 8: k=155.04043620393327, f_best=-2.838831901550293, f_min=-4.097300623108367
2025-04-26 23:59:14,933 - INFO - Node 9: k=82.01193512917347, f_best=-3.875126361846924, f_min=-4.2828881375103265
2025-04-26 23:59:14,934 - INFO - cur_node_number 12,f_best -3.875126361846924,f_min -4.2828881375103265,k 82.01193512917347
2025-04-26 23:59:14,934 - INFO - f_best_current -3.875126361846924,f_min -4.2828881375103265
2025-04-26 23:59:23,433 - INFO - tree_node.f_best*ep:-3.875126361846924,left_f_best-2.8336257934570312,right_f_best-3.8399510383605957,i:1
2025-04-26 23:59:32,200 - INFO - tree_node.f_best*ep:-3.875126361846924,left_f_best-2.846346855163574,right_f_best-3.8559179306030273,i:2
2025-04-26 23:59:41,302 - INFO - tree_node.f_best*ep:-3.875126361846924,left_f_best-2.8589866161346436,right_f_best-3.870081901550293,i:3
2025-04-26 23:59:50,596 - INFO - tree_node.f_best*ep:-3.875126361846924,left_f_best-2.8695273399353027,right_f_best-3.8706257343292236,i:4
2025-04-27 00:00:00,482 - INFO - tree_node.f_best*ep:-3.875126361846924,left_f_best-2.8840370178222656,right_f_best-3.896404266357422,i:5
2025-04-27 00:00:27,497 - INFO - 添加左子节点，右子节点，len(queue):6
2025-04-27 00:00:27,497 - INFO - Node 1: k=498.4519461083432, f_best=-3.833892583847046, f_min=-4.8161860330510535
2025-04-27 00:00:27,497 - INFO - Node 2: k=148.9908117920219, f_best=-2.8577775955200195, f_min=-2.908719393866704
2025-04-27 00:00:27,497 - INFO - Node 3: k=156.5908405659726, f_best=-3.857081413269043, f_min=-4.1817544745881605
2025-04-27 00:00:27,498 - INFO - Node 4: k=146.05510419764914, f_best=-2.8164422512054443, f_min=-3.9838533129509415
2025-04-27 00:00:27,498 - INFO - Node 5: k=155.04043620393327, f_best=-3.858532667160034, f_min=-4.460106111542245
2025-04-27 00:00:27,498 - INFO - Node 6: k=236.83342823748674, f_best=-2.86885666847229, f_min=-9.14464535877869
2025-04-27 00:00:27,498 - INFO - Node 7: k=103.10237190758744, f_best=-3.874725341796875, f_min=-5.1776642661029655
2025-04-27 00:00:27,498 - INFO - Node 8: k=155.04043620393327, f_best=-2.838831901550293, f_min=-4.097300623108367
2025-04-27 00:00:27,498 - INFO - Node 9: k=82.01193512917347, f_best=-3.875126361846924, f_min=-4.2828881375103265
2025-04-27 00:00:27,499 - INFO - Node 10: k=147.51565523962563, f_best=-2.8840370178222656, f_min=-3.5025177903457916
2025-04-27 00:00:27,499 - INFO - Node 11: k=133.54399830142074, f_best=-3.896404266357422, f_min=-5.197961462125932
2025-04-27 00:00:27,499 - INFO - cur_node_number 13,f_best -3.896404266357422,f_min -5.197961462125932,k 133.54399830142074
2025-04-27 00:00:27,499 - INFO - f_best_current -3.896404266357422,f_min -5.197961462125932
2025-04-27 00:00:27,499 - INFO - 回退,len(queue)=4
2025-04-27 00:00:27,499 - INFO - 回退,len(queue)=3
2025-04-27 00:00:35,985 - INFO - tree_node.f_best*ep:-3.874725341796875,left_f_best-2.824742078781128,right_f_best-3.859128475189209,i:1
2025-04-27 00:00:44,783 - INFO - tree_node.f_best*ep:-3.874725341796875,left_f_best-2.843104839324951,right_f_best-3.8516907691955566,i:2
2025-04-27 00:00:52,703 - INFO - tree_node.f_best*ep:-3.874725341796875,left_f_best-2.8509411811828613,right_f_best-3.881011962890625,i:3
2025-04-27 00:01:15,181 - INFO - 添加左子节点，右子节点，len(queue):5
2025-04-27 00:01:15,181 - INFO - Node 1: k=498.4519461083432, f_best=-3.833892583847046, f_min=-4.8161860330510535
2025-04-27 00:01:15,181 - INFO - Node 2: k=148.9908117920219, f_best=-2.8577775955200195, f_min=-2.908719393866704
2025-04-27 00:01:15,181 - INFO - Node 3: k=156.5908405659726, f_best=-3.857081413269043, f_min=-4.1817544745881605
2025-04-27 00:01:15,181 - INFO - Node 4: k=146.05510419764914, f_best=-2.8164422512054443, f_min=-3.9838533129509415
2025-04-27 00:01:15,182 - INFO - Node 5: k=155.04043620393327, f_best=-3.858532667160034, f_min=-4.460106111542245
2025-04-27 00:01:15,182 - INFO - Node 6: k=236.83342823748674, f_best=-2.86885666847229, f_min=-9.14464535877869
2025-04-27 00:01:15,182 - INFO - Node 7: k=133.54399830142074, f_best=-3.874725341796875, f_min=-5.1776642661029655
2025-04-27 00:01:15,182 - INFO - Node 8: k=228.54859673637085, f_best=-2.8509411811828613, f_min=-3.6427084809638473
2025-04-27 00:01:15,182 - INFO - Node 9: k=98.09836918093941, f_best=-3.881011962890625, f_min=-4.549289900554413
2025-04-27 00:01:15,182 - INFO - cur_node_number 14,f_best -3.881011962890625,f_min -4.549289900554413,k 98.09836918093941
2025-04-27 00:01:15,182 - INFO - f_best_current -3.881011962890625,f_min -4.549289900554413
2025-04-27 00:01:22,387 - INFO - tree_node.f_best*ep:-3.881011962890625,left_f_best-2.8338074684143066,right_f_best-3.8366217613220215,i:1
2025-04-27 00:01:29,895 - INFO - tree_node.f_best*ep:-3.881011962890625,left_f_best-2.847456932067871,right_f_best-3.8754968643188477,i:2
2025-04-27 00:01:37,679 - INFO - tree_node.f_best*ep:-3.881011962890625,left_f_best-2.8737683296203613,right_f_best-3.8816685676574707,i:3
2025-04-27 00:02:01,349 - INFO - 添加左子节点，右子节点，len(queue):6
2025-04-27 00:02:01,349 - INFO - Node 1: k=498.4519461083432, f_best=-3.833892583847046, f_min=-4.8161860330510535
2025-04-27 00:02:01,349 - INFO - Node 2: k=148.9908117920219, f_best=-2.8577775955200195, f_min=-2.908719393866704
2025-04-27 00:02:01,349 - INFO - Node 3: k=156.5908405659726, f_best=-3.857081413269043, f_min=-4.1817544745881605
2025-04-27 00:02:01,349 - INFO - Node 4: k=146.05510419764914, f_best=-2.8164422512054443, f_min=-3.9838533129509415
2025-04-27 00:02:01,350 - INFO - Node 5: k=155.04043620393327, f_best=-3.858532667160034, f_min=-4.460106111542245
2025-04-27 00:02:01,350 - INFO - Node 6: k=236.83342823748674, f_best=-2.86885666847229, f_min=-9.14464535877869
2025-04-27 00:02:01,350 - INFO - Node 7: k=133.54399830142074, f_best=-3.874725341796875, f_min=-5.1776642661029655
2025-04-27 00:02:01,350 - INFO - Node 8: k=228.54859673637085, f_best=-2.8509411811828613, f_min=-3.6427084809638473
2025-04-27 00:02:01,350 - INFO - Node 9: k=98.09836918093941, f_best=-3.881011962890625, f_min=-4.549289900554413
2025-04-27 00:02:01,350 - INFO - Node 10: k=240.2068721061778, f_best=-2.8737683296203613, f_min=-5.782363403096497
2025-04-27 00:02:01,350 - INFO - Node 11: k=125.80448729664927, f_best=-3.8816685676574707, f_min=-6.6449920645818565
2025-04-27 00:02:01,350 - INFO - cur_node_number 15,f_best -3.8816685676574707,f_min -6.6449920645818565,k 125.80448729664927
2025-04-27 00:02:01,351 - INFO - f_best_current -3.8816685676574707,f_min -6.6449920645818565
2025-04-27 00:02:01,351 - INFO - 回退,len(queue)=4
2025-04-27 00:02:08,514 - INFO - tree_node.f_best*ep:-3.881011962890625,left_f_best-2.825981378555298,right_f_best-3.8093769550323486,i:1
2025-04-27 00:02:16,046 - INFO - tree_node.f_best*ep:-3.881011962890625,left_f_best-2.8499038219451904,right_f_best-3.852214813232422,i:2
2025-04-27 00:02:23,643 - INFO - tree_node.f_best*ep:-3.881011962890625,left_f_best-2.8542699813842773,right_f_best-3.8757848739624023,i:3
2025-04-27 00:02:31,681 - INFO - tree_node.f_best*ep:-3.881011962890625,left_f_best-2.8687641620635986,right_f_best-3.8680901527404785,i:4
2025-04-27 00:02:40,062 - INFO - tree_node.f_best*ep:-3.881011962890625,left_f_best-2.8766064643859863,right_f_best-3.8988101482391357,i:5
2025-04-27 00:03:01,062 - INFO - 添加左子节点，右子节点，len(queue):6
2025-04-27 00:03:01,063 - INFO - Node 1: k=498.4519461083432, f_best=-3.833892583847046, f_min=-4.8161860330510535
2025-04-27 00:03:01,063 - INFO - Node 2: k=148.9908117920219, f_best=-2.8577775955200195, f_min=-2.908719393866704
2025-04-27 00:03:01,063 - INFO - Node 3: k=156.5908405659726, f_best=-3.857081413269043, f_min=-4.1817544745881605
2025-04-27 00:03:01,063 - INFO - Node 4: k=146.05510419764914, f_best=-2.8164422512054443, f_min=-3.9838533129509415
2025-04-27 00:03:01,063 - INFO - Node 5: k=155.04043620393327, f_best=-3.858532667160034, f_min=-4.460106111542245
2025-04-27 00:03:01,063 - INFO - Node 6: k=236.83342823748674, f_best=-2.86885666847229, f_min=-9.14464535877869
2025-04-27 00:03:01,063 - INFO - Node 7: k=133.54399830142074, f_best=-3.874725341796875, f_min=-5.1776642661029655
2025-04-27 00:03:01,063 - INFO - Node 8: k=228.54859673637085, f_best=-2.8509411811828613, f_min=-3.6427084809638473
2025-04-27 00:03:01,064 - INFO - Node 9: k=125.80448729664927, f_best=-3.881011962890625, f_min=-4.549289900554413
2025-04-27 00:03:01,064 - INFO - Node 10: k=96.16544376133655, f_best=-2.8766064643859863, f_min=-3.2886679138164254
2025-04-27 00:03:01,064 - INFO - Node 11: k=141.7596451887838, f_best=-3.8988101482391357, f_min=-4.732229198117238
2025-04-27 00:03:01,064 - INFO - cur_node_number 16,f_best -3.8988101482391357,f_min -4.732229198117238,k 141.7596451887838
2025-04-27 00:03:01,064 - INFO - f_best_current -3.8988101482391357,f_min -4.732229198117238
2025-04-27 00:03:01,064 - INFO - 回退,len(queue)=4
2025-04-27 00:03:01,064 - INFO - 回退,len(queue)=3
2025-04-27 00:03:08,305 - INFO - tree_node.f_best*ep:-3.874725341796875,left_f_best-2.8278756141662598,right_f_best-3.841670513153076,i:1
2025-04-27 00:03:15,753 - INFO - tree_node.f_best*ep:-3.874725341796875,left_f_best-2.859844207763672,right_f_best-3.858973741531372,i:2
2025-04-27 00:03:23,552 - INFO - tree_node.f_best*ep:-3.874725341796875,left_f_best-2.8563711643218994,right_f_best-3.880741596221924,i:3
2025-04-27 00:03:46,074 - INFO - 添加左子节点，右子节点，len(queue):5
2025-04-27 00:03:46,074 - INFO - Node 1: k=498.4519461083432, f_best=-3.833892583847046, f_min=-4.8161860330510535
2025-04-27 00:03:46,074 - INFO - Node 2: k=148.9908117920219, f_best=-2.8577775955200195, f_min=-2.908719393866704
2025-04-27 00:03:46,074 - INFO - Node 3: k=156.5908405659726, f_best=-3.857081413269043, f_min=-4.1817544745881605
2025-04-27 00:03:46,074 - INFO - Node 4: k=146.05510419764914, f_best=-2.8164422512054443, f_min=-3.9838533129509415
2025-04-27 00:03:46,074 - INFO - Node 5: k=155.04043620393327, f_best=-3.858532667160034, f_min=-4.460106111542245
2025-04-27 00:03:46,074 - INFO - Node 6: k=236.83342823748674, f_best=-2.86885666847229, f_min=-9.14464535877869
2025-04-27 00:03:46,074 - INFO - Node 7: k=141.7596451887838, f_best=-3.874725341796875, f_min=-5.1776642661029655
2025-04-27 00:03:46,075 - INFO - Node 8: k=153.50538238013195, f_best=-2.8563711643218994, f_min=-3.7669519118439894
2025-04-27 00:03:46,075 - INFO - Node 9: k=166.22433266032843, f_best=-3.880741596221924, f_min=-4.249276600144185
2025-04-27 00:03:46,075 - INFO - cur_node_number 17,f_best -3.880741596221924,f_min -4.249276600144185,k 166.22433266032843
2025-04-27 00:03:46,075 - INFO - f_best_current -3.880741596221924,f_min -4.249276600144185
2025-04-27 00:03:46,075 - INFO - 回退,len(queue)=3
2025-04-27 00:03:46,075 - INFO - 回退,len(queue)=2
2025-04-27 00:03:46,075 - INFO - 回退,len(queue)=1
2025-04-27 00:03:52,820 - INFO - tree_node.f_best*ep:-3.857081413269043,left_f_best-2.8307125568389893,right_f_best-3.851200580596924,i:1
2025-04-27 00:03:59,707 - INFO - tree_node.f_best*ep:-3.857081413269043,left_f_best-2.8621912002563477,right_f_best-3.8220863342285156,i:2
2025-04-27 00:04:07,003 - INFO - tree_node.f_best*ep:-3.857081413269043,left_f_best-2.8684768676757812,right_f_best-3.830427646636963,i:3
2025-04-27 00:04:14,671 - INFO - tree_node.f_best*ep:-3.857081413269043,left_f_best-2.870791435241699,right_f_best-3.889542818069458,i:4
2025-04-27 00:04:37,955 - INFO - 添加左子节点，右子节点，len(queue):3
2025-04-27 00:04:37,955 - INFO - Node 1: k=498.4519461083432, f_best=-3.833892583847046, f_min=-4.8161860330510535
2025-04-27 00:04:37,955 - INFO - Node 2: k=148.9908117920219, f_best=-2.8577775955200195, f_min=-2.908719393866704
2025-04-27 00:04:37,955 - INFO - Node 3: k=166.22433266032843, f_best=-3.857081413269043, f_min=-4.1817544745881605
2025-04-27 00:04:37,956 - INFO - Node 4: k=192.98128984573668, f_best=-2.870791435241699, f_min=-3.1851087227314565
2025-04-27 00:04:37,956 - INFO - Node 5: k=156.5908405659726, f_best=-3.889542818069458, f_min=-3.891115848629397
2025-04-27 00:04:37,956 - INFO - cur_node_number 18,f_best -3.889542818069458,f_min -3.891115848629397,k 156.5908405659726
2025-04-27 00:04:37,956 - INFO - f_best_current -3.889542818069458,f_min -3.891115848629397
2025-04-27 00:04:37,956 - INFO - 结束,fmin= -3.891115848629397, fbestmin=-3.889542818069458
