2025-04-28 21:56:19,456 - INFO - Namespace(log_file='outputs/dnn1/img[1]/min/DNN1img1_label0.log', image_path='img[1].png', model_path='network/DNN1.pth', label=0, init_epsilon=0.05, epsilon=0.01, ep=1, min=1)
2025-04-28 21:56:19,466 - INFO - Model output max(1): torch.return_types.max(
values=tensor([6.5631], grad_fn=<MaxBackward0>),
indices=tensor([1]))
2025-04-28 21:56:23,480 - INFO - cur_node_number 1,f_best -10.14456558227539,f_min -11.50142445392703,k 498.4519461083432
2025-04-28 21:56:23,480 - INFO - f_best_current -10.14456558227539,f_min -11.50142445392703
2025-04-28 21:56:29,458 - INFO - tree_node.f_best*ep:-10.14456558227539,left_f_best-9.165375709533691,right_f_best-10.223867416381836,i:1
2025-04-28 21:56:51,687 - INFO - 添加左子节点，右子节点，len(queue):2
2025-04-28 21:56:51,687 - INFO - Node 1: k=498.4519461083432, f_best=-10.14456558227539, f_min=-11.50142445392703
2025-04-28 21:56:51,688 - INFO - Node 2: k=129.61648906622506, f_best=-9.165375709533691, f_min=-9.50012117057895
2025-04-28 21:56:51,688 - INFO - Node 3: k=148.13550602020177, f_best=-10.223867416381836, f_min=-10.837912930536277
2025-04-28 21:56:51,688 - INFO - cur_node_number 2,f_best -10.223867416381836,f_min -10.837912930536277,k 148.13550602020177
2025-04-28 21:56:51,688 - INFO - f_best_current -10.223867416381836,f_min -10.837912930536277
2025-04-28 21:56:58,884 - INFO - tree_node.f_best*ep:-10.223867416381836,left_f_best-9.211285591125488,right_f_best-10.190839767456055,i:1
2025-04-28 21:57:06,640 - INFO - tree_node.f_best*ep:-10.223867416381836,left_f_best-9.195459365844727,right_f_best-10.213502883911133,i:2
2025-04-28 21:57:16,256 - INFO - tree_node.f_best*ep:-10.223867416381836,left_f_best-9.214797973632812,right_f_best-10.247025489807129,i:3
2025-04-28 21:57:39,617 - INFO - 添加左子节点，右子节点，len(queue):3
2025-04-28 21:57:39,617 - INFO - Node 1: k=498.4519461083432, f_best=-10.14456558227539, f_min=-11.50142445392703
2025-04-28 21:57:39,617 - INFO - Node 2: k=129.61648906622506, f_best=-9.165375709533691, f_min=-9.50012117057895
2025-04-28 21:57:39,617 - INFO - Node 3: k=148.13550602020177, f_best=-10.223867416381836, f_min=-10.837912930536277
2025-04-28 21:57:39,617 - INFO - Node 4: k=100.07014640147631, f_best=-9.214797973632812, f_min=-9.263569013048937
2025-04-28 21:57:39,617 - INFO - Node 5: k=124.55889831351413, f_best=-10.247025489807129, f_min=-10.42460661640348
2025-04-28 21:57:39,617 - INFO - cur_node_number 3,f_best -10.247025489807129,f_min -10.42460661640348,k 124.55889831351413
2025-04-28 21:57:39,617 - INFO - f_best_current -10.247025489807129,f_min -10.42460661640348
2025-04-28 21:57:48,020 - INFO - tree_node.f_best*ep:-10.247025489807129,left_f_best-9.192092895507812,right_f_best-10.228328704833984,i:1
2025-04-28 21:57:57,170 - INFO - tree_node.f_best*ep:-10.247025489807129,left_f_best-9.202495574951172,right_f_best-10.194336891174316,i:2
2025-04-28 21:58:07,217 - INFO - tree_node.f_best*ep:-10.247025489807129,left_f_best-9.20641040802002,right_f_best-10.227143287658691,i:3
2025-04-28 21:58:17,312 - INFO - tree_node.f_best*ep:-10.247025489807129,left_f_best-9.208405494689941,right_f_best-10.254079818725586,i:4
2025-04-28 21:58:43,641 - INFO - 添加左子节点，右子节点，len(queue):4
2025-04-28 21:58:43,641 - INFO - Node 1: k=498.4519461083432, f_best=-10.14456558227539, f_min=-11.50142445392703
2025-04-28 21:58:43,641 - INFO - Node 2: k=129.61648906622506, f_best=-9.165375709533691, f_min=-9.50012117057895
2025-04-28 21:58:43,641 - INFO - Node 3: k=148.13550602020177, f_best=-10.223867416381836, f_min=-10.837912930536277
2025-04-28 21:58:43,641 - INFO - Node 4: k=100.07014640147631, f_best=-9.214797973632812, f_min=-9.263569013048937
2025-04-28 21:58:43,641 - INFO - Node 5: k=124.55889831351413, f_best=-10.247025489807129, f_min=-10.42460661640348
2025-04-28 21:58:43,641 - INFO - Node 6: k=138.16866100821971, f_best=-9.208405494689941, f_min=-9.327143658635123
2025-04-28 21:58:43,641 - INFO - Node 7: k=135.44619253820184, f_best=-10.254079818725586, f_min=-10.259346553258638
2025-04-28 21:58:43,641 - INFO - cur_node_number 4,f_best -10.254079818725586,f_min -10.259346553258638,k 135.44619253820184
2025-04-28 21:58:43,641 - INFO - f_best_current -10.254079818725586,f_min -10.259346553258638
2025-04-28 21:58:43,641 - INFO - 结束,fmin= -10.259346553258638, fbestmin=-10.254079818725586
