2025-04-28 21:56:43,495 - INFO - Namespace(log_file='outputs/dnn1/img[1]/min/DNN1img1_label9.log', image_path='img[1].png', model_path='network/DNN1.pth', label=9, init_epsilon=0.05, epsilon=0.01, ep=1, min=1)
2025-04-28 21:56:43,506 - INFO - Model output max(1): torch.return_types.max(
values=tensor([6.5631], grad_fn=<MaxBackward0>),
indices=tensor([1]))
2025-04-28 21:56:47,795 - INFO - cur_node_number 1,f_best -10.443556785583496,f_min -10.890178886136255,k 171.13868573055944
2025-04-28 21:56:47,795 - INFO - f_best_current -10.443556785583496,f_min -10.890178886136255
2025-04-28 21:56:55,067 - INFO - tree_node.f_best*ep:-10.443556785583496,left_f_best-9.198466300964355,right_f_best-10.460012435913086,i:1
2025-04-28 21:57:21,262 - INFO - 添加左子节点，右子节点，len(queue):2
2025-04-28 21:57:21,262 - INFO - Node 1: k=171.13868573055944, f_best=-10.443556785583496, f_min=-10.890178886136255
2025-04-28 21:57:21,262 - INFO - Node 2: k=299.1385635862019, f_best=-9.198466300964355, f_min=-9.29030538007919
2025-04-28 21:57:21,262 - INFO - Node 3: k=288.67419369872016, f_best=-10.460012435913086, f_min=-11.69211095637911
2025-04-28 21:57:21,262 - INFO - cur_node_number 2,f_best -10.460012435913086,f_min -11.69211095637911,k 288.67419369872016
2025-04-28 21:57:21,262 - INFO - f_best_current -10.460012435913086,f_min -11.69211095637911
2025-04-28 21:57:21,262 - INFO - 回退,len(queue)=0
2025-04-28 21:57:29,952 - INFO - tree_node.f_best*ep:-10.443556785583496,left_f_best-9.176310539245605,right_f_best-10.489709854125977,i:1
2025-04-28 21:57:56,540 - INFO - 添加左子节点，右子节点，len(queue):2
2025-04-28 21:57:56,540 - INFO - Node 1: k=288.67419369872016, f_best=-10.443556785583496, f_min=-10.890178886136255
2025-04-28 21:57:56,540 - INFO - Node 2: k=323.9241994912705, f_best=-9.176310539245605, f_min=-9.589662864593265
2025-04-28 21:57:56,540 - INFO - Node 3: k=277.41022610389535, f_best=-10.489709854125977, f_min=-11.131970556842134
2025-04-28 21:57:56,540 - INFO - cur_node_number 3,f_best -10.489709854125977,f_min -11.131970556842134,k 277.41022610389535
2025-04-28 21:57:56,540 - INFO - f_best_current -10.489709854125977,f_min -11.131970556842134
2025-04-28 21:58:05,664 - INFO - tree_node.f_best*ep:-10.489709854125977,left_f_best-9.2102632522583,right_f_best-10.464802742004395,i:1
2025-04-28 21:58:14,968 - INFO - tree_node.f_best*ep:-10.489709854125977,left_f_best-9.218470573425293,right_f_best-10.493600845336914,i:2
2025-04-28 21:58:44,202 - INFO - 添加左子节点，右子节点，len(queue):3
2025-04-28 21:58:44,202 - INFO - Node 1: k=288.67419369872016, f_best=-10.443556785583496, f_min=-10.890178886136255
2025-04-28 21:58:44,202 - INFO - Node 2: k=323.9241994912705, f_best=-9.176310539245605, f_min=-9.589662864593265
2025-04-28 21:58:44,202 - INFO - Node 3: k=277.41022610389535, f_best=-10.489709854125977, f_min=-11.131970556842134
2025-04-28 21:58:44,202 - INFO - Node 4: k=392.9800908500355, f_best=-9.218470573425293, f_min=-9.380524383722332
2025-04-28 21:58:44,202 - INFO - Node 5: k=357.81383771417023, f_best=-10.493600845336914, f_min=-12.972778024654872
2025-04-28 21:58:44,202 - INFO - cur_node_number 4,f_best -10.493600845336914,f_min -12.972778024654872,k 357.81383771417023
2025-04-28 21:58:44,202 - INFO - f_best_current -10.493600845336914,f_min -12.972778024654872
2025-04-28 21:58:44,202 - INFO - 回退,len(queue)=1
2025-04-28 21:58:44,202 - INFO - 回退,len(queue)=0
2025-04-28 21:58:53,114 - INFO - tree_node.f_best*ep:-10.443556785583496,left_f_best-9.20860481262207,right_f_best-10.46699047088623,i:1
2025-04-28 21:59:19,873 - INFO - 添加左子节点，右子节点，len(queue):2
2025-04-28 21:59:19,873 - INFO - Node 1: k=357.81383771417023, f_best=-10.443556785583496, f_min=-10.890178886136255
2025-04-28 21:59:19,873 - INFO - Node 2: k=276.2494446693158, f_best=-9.20860481262207, f_min=-9.320286598369421
2025-04-28 21:59:19,873 - INFO - Node 3: k=280.1843283649343, f_best=-10.46699047088623, f_min=-12.113504567035307
2025-04-28 21:59:19,873 - INFO - cur_node_number 5,f_best -10.46699047088623,f_min -12.113504567035307,k 280.1843283649343
2025-04-28 21:59:19,873 - INFO - f_best_current -10.46699047088623,f_min -12.113504567035307
2025-04-28 21:59:28,879 - INFO - tree_node.f_best*ep:-10.46699047088623,left_f_best-9.206764221191406,right_f_best-10.472580909729004,i:1
2025-04-28 21:59:54,147 - INFO - 添加左子节点，右子节点，len(queue):3
2025-04-28 21:59:54,147 - INFO - Node 1: k=357.81383771417023, f_best=-10.443556785583496, f_min=-10.890178886136255
2025-04-28 21:59:54,147 - INFO - Node 2: k=276.2494446693158, f_best=-9.20860481262207, f_min=-9.320286598369421
2025-04-28 21:59:54,147 - INFO - Node 3: k=280.1843283649343, f_best=-10.46699047088623, f_min=-12.113504567035307
2025-04-28 21:59:54,147 - INFO - Node 4: k=296.17679562990287, f_best=-9.206764221191406, f_min=-9.207382284808773
2025-04-28 21:59:54,147 - INFO - Node 5: k=180.8437040385918, f_best=-10.472580909729004, f_min=-11.184684344067136
2025-04-28 21:59:54,147 - INFO - cur_node_number 6,f_best -10.472580909729004,f_min -11.184684344067136,k 180.8437040385918
2025-04-28 21:59:54,147 - INFO - f_best_current -10.472580909729004,f_min -11.184684344067136
2025-04-28 22:00:02,530 - INFO - tree_node.f_best*ep:-10.472580909729004,left_f_best-9.193950653076172,right_f_best-10.486906051635742,i:1
2025-04-28 22:00:28,685 - INFO - 添加左子节点，右子节点，len(queue):4
2025-04-28 22:00:28,685 - INFO - Node 1: k=357.81383771417023, f_best=-10.443556785583496, f_min=-10.890178886136255
2025-04-28 22:00:28,685 - INFO - Node 2: k=276.2494446693158, f_best=-9.20860481262207, f_min=-9.320286598369421
2025-04-28 22:00:28,685 - INFO - Node 3: k=280.1843283649343, f_best=-10.46699047088623, f_min=-12.113504567035307
2025-04-28 22:00:28,685 - INFO - Node 4: k=296.17679562990287, f_best=-9.206764221191406, f_min=-9.207382284808773
2025-04-28 22:00:28,685 - INFO - Node 5: k=180.8437040385918, f_best=-10.472580909729004, f_min=-11.184684344067136
2025-04-28 22:00:28,685 - INFO - Node 6: k=296.17679562990287, f_best=-9.193950653076172, f_min=-9.75261916123327
2025-04-28 22:00:28,685 - INFO - Node 7: k=212.05346542455433, f_best=-10.486906051635742, f_min=-11.665406751423234
2025-04-28 22:00:28,685 - INFO - cur_node_number 7,f_best -10.486906051635742,f_min -11.665406751423234,k 212.05346542455433
2025-04-28 22:00:28,685 - INFO - f_best_current -10.486906051635742,f_min -11.665406751423234
2025-04-28 22:00:28,685 - INFO - 回退,len(queue)=2
2025-04-28 22:00:37,635 - INFO - tree_node.f_best*ep:-10.472580909729004,left_f_best-9.195473670959473,right_f_best-10.4674072265625,i:1
2025-04-28 22:00:46,822 - INFO - tree_node.f_best*ep:-10.472580909729004,left_f_best-9.254176139831543,right_f_best-10.497142791748047,i:2
2025-04-28 22:01:14,347 - INFO - 添加左子节点，右子节点，len(queue):4
2025-04-28 22:01:14,347 - INFO - Node 1: k=357.81383771417023, f_best=-10.443556785583496, f_min=-10.890178886136255
2025-04-28 22:01:14,347 - INFO - Node 2: k=276.2494446693158, f_best=-9.20860481262207, f_min=-9.320286598369421
2025-04-28 22:01:14,347 - INFO - Node 3: k=280.1843283649343, f_best=-10.46699047088623, f_min=-12.113504567035307
2025-04-28 22:01:14,347 - INFO - Node 4: k=296.17679562990287, f_best=-9.206764221191406, f_min=-9.207382284808773
2025-04-28 22:01:14,347 - INFO - Node 5: k=212.05346542455433, f_best=-10.472580909729004, f_min=-11.184684344067136
2025-04-28 22:01:14,347 - INFO - Node 6: k=224.15713347770935, f_best=-9.254176139831543, f_min=-9.44135372685605
2025-04-28 22:01:14,347 - INFO - Node 7: k=341.87812682040357, f_best=-10.497142791748047, f_min=-11.096064032167305
2025-04-28 22:01:14,347 - INFO - cur_node_number 8,f_best -10.497142791748047,f_min -11.096064032167305,k 341.87812682040357
2025-04-28 22:01:14,347 - INFO - f_best_current -10.497142791748047,f_min -11.096064032167305
2025-04-28 22:01:14,347 - INFO - 回退,len(queue)=2
2025-04-28 22:01:14,347 - INFO - 回退,len(queue)=1
2025-04-28 22:01:23,295 - INFO - tree_node.f_best*ep:-10.46699047088623,left_f_best-9.190864562988281,right_f_best-10.447903633117676,i:1
2025-04-28 22:01:32,424 - INFO - tree_node.f_best*ep:-10.46699047088623,left_f_best-9.255816459655762,right_f_best-10.5084867477417,i:2
2025-04-28 22:01:59,045 - INFO - 添加左子节点，右子节点，len(queue):3
2025-04-28 22:01:59,045 - INFO - Node 1: k=357.81383771417023, f_best=-10.443556785583496, f_min=-10.890178886136255
2025-04-28 22:01:59,045 - INFO - Node 2: k=276.2494446693158, f_best=-9.20860481262207, f_min=-9.320286598369421
2025-04-28 22:01:59,045 - INFO - Node 3: k=341.87812682040357, f_best=-10.46699047088623, f_min=-12.113504567035307
2025-04-28 22:01:59,045 - INFO - Node 4: k=302.1299492220639, f_best=-9.255816459655762, f_min=-10.28033547512041
2025-04-28 22:01:59,045 - INFO - Node 5: k=266.5857746443773, f_best=-10.5084867477417, f_min=-13.067805328979375
2025-04-28 22:01:59,045 - INFO - cur_node_number 9,f_best -10.5084867477417,f_min -13.067805328979375,k 266.5857746443773
2025-04-28 22:01:59,045 - INFO - f_best_current -10.5084867477417,f_min -13.067805328979375
2025-04-28 22:02:07,979 - INFO - tree_node.f_best*ep:-10.5084867477417,left_f_best-9.212196350097656,right_f_best-10.47500991821289,i:1
2025-04-28 22:02:17,350 - INFO - tree_node.f_best*ep:-10.5084867477417,left_f_best-9.230671882629395,right_f_best-10.45396900177002,i:2
2025-04-28 22:02:27,103 - INFO - tree_node.f_best*ep:-10.5084867477417,left_f_best-9.261884689331055,right_f_best-10.513888359069824,i:3
2025-04-28 22:02:54,876 - INFO - 添加左子节点，右子节点，len(queue):4
2025-04-28 22:02:54,876 - INFO - Node 1: k=357.81383771417023, f_best=-10.443556785583496, f_min=-10.890178886136255
2025-04-28 22:02:54,876 - INFO - Node 2: k=276.2494446693158, f_best=-9.20860481262207, f_min=-9.320286598369421
2025-04-28 22:02:54,876 - INFO - Node 3: k=341.87812682040357, f_best=-10.46699047088623, f_min=-12.113504567035307
2025-04-28 22:02:54,876 - INFO - Node 4: k=302.1299492220639, f_best=-9.255816459655762, f_min=-10.28033547512041
2025-04-28 22:02:54,876 - INFO - Node 5: k=266.5857746443773, f_best=-10.5084867477417, f_min=-13.067805328979375
2025-04-28 22:02:54,876 - INFO - Node 6: k=268.1249893665208, f_best=-9.261884689331055, f_min=-9.55188816293412
2025-04-28 22:02:54,876 - INFO - Node 7: k=303.399478781869, f_best=-10.513888359069824, f_min=-11.078317768207853
2025-04-28 22:02:54,876 - INFO - cur_node_number 10,f_best -10.513888359069824,f_min -11.078317768207853,k 303.399478781869
2025-04-28 22:02:54,876 - INFO - f_best_current -10.513888359069824,f_min -11.078317768207853
2025-04-28 22:02:54,876 - INFO - 回退,len(queue)=2
2025-04-28 22:03:03,664 - INFO - tree_node.f_best*ep:-10.5084867477417,left_f_best-9.228804588317871,right_f_best-10.457139015197754,i:1
2025-04-28 22:03:12,960 - INFO - tree_node.f_best*ep:-10.5084867477417,left_f_best-9.248299598693848,right_f_best-10.47754955291748,i:2
2025-04-28 22:03:23,065 - INFO - tree_node.f_best*ep:-10.5084867477417,left_f_best-9.250269889831543,right_f_best-10.502934455871582,i:3
2025-04-28 22:03:33,414 - INFO - tree_node.f_best*ep:-10.5084867477417,left_f_best-9.253461837768555,right_f_best-10.525379180908203,i:4
2025-04-28 22:04:01,062 - INFO - 添加左子节点，右子节点，len(queue):4
2025-04-28 22:04:01,062 - INFO - Node 1: k=357.81383771417023, f_best=-10.443556785583496, f_min=-10.890178886136255
2025-04-28 22:04:01,062 - INFO - Node 2: k=276.2494446693158, f_best=-9.20860481262207, f_min=-9.320286598369421
2025-04-28 22:04:01,062 - INFO - Node 3: k=341.87812682040357, f_best=-10.46699047088623, f_min=-12.113504567035307
2025-04-28 22:04:01,062 - INFO - Node 4: k=302.1299492220639, f_best=-9.255816459655762, f_min=-10.28033547512041
2025-04-28 22:04:01,062 - INFO - Node 5: k=303.399478781869, f_best=-10.5084867477417, f_min=-13.067805328979375
2025-04-28 22:04:01,062 - INFO - Node 6: k=293.2443521088147, f_best=-9.253461837768555, f_min=-10.504626535817806
2025-04-28 22:04:01,062 - INFO - Node 7: k=288.67419369872016, f_best=-10.525379180908203, f_min=-11.215078133035604
2025-04-28 22:04:01,062 - INFO - cur_node_number 11,f_best -10.525379180908203,f_min -11.215078133035604,k 288.67419369872016
2025-04-28 22:04:01,062 - INFO - f_best_current -10.525379180908203,f_min -11.215078133035604
2025-04-28 22:04:09,884 - INFO - tree_node.f_best*ep:-10.525379180908203,left_f_best-9.229022026062012,right_f_best-10.485426902770996,i:1
2025-04-28 22:04:19,374 - INFO - tree_node.f_best*ep:-10.525379180908203,left_f_best-9.20811939239502,right_f_best-10.518335342407227,i:2
2025-04-28 22:04:29,052 - INFO - tree_node.f_best*ep:-10.525379180908203,left_f_best-9.244928359985352,right_f_best-10.497978210449219,i:3
2025-04-28 22:04:39,132 - INFO - tree_node.f_best*ep:-10.525379180908203,left_f_best-9.277609825134277,right_f_best-10.538290023803711,i:4
2025-04-28 22:05:06,920 - INFO - 添加左子节点，右子节点，len(queue):5
2025-04-28 22:05:06,920 - INFO - Node 1: k=357.81383771417023, f_best=-10.443556785583496, f_min=-10.890178886136255
2025-04-28 22:05:06,920 - INFO - Node 2: k=276.2494446693158, f_best=-9.20860481262207, f_min=-9.320286598369421
2025-04-28 22:05:06,920 - INFO - Node 3: k=341.87812682040357, f_best=-10.46699047088623, f_min=-12.113504567035307
2025-04-28 22:05:06,920 - INFO - Node 4: k=302.1299492220639, f_best=-9.255816459655762, f_min=-10.28033547512041
2025-04-28 22:05:06,920 - INFO - Node 5: k=303.399478781869, f_best=-10.5084867477417, f_min=-13.067805328979375
2025-04-28 22:05:06,920 - INFO - Node 6: k=293.2443521088147, f_best=-9.253461837768555, f_min=-10.504626535817806
2025-04-28 22:05:06,920 - INFO - Node 7: k=288.67419369872016, f_best=-10.525379180908203, f_min=-11.215078133035604
2025-04-28 22:05:06,920 - INFO - Node 8: k=299.1385635862019, f_best=-9.277609825134277, f_min=-10.312457251359774
2025-04-28 22:05:06,920 - INFO - Node 9: k=271.94414871472924, f_best=-10.538290023803711, f_min=-11.057540997215256
2025-04-28 22:05:06,920 - INFO - cur_node_number 12,f_best -10.538290023803711,f_min -11.057540997215256,k 271.94414871472924
2025-04-28 22:05:06,920 - INFO - f_best_current -10.538290023803711,f_min -11.057540997215256
2025-04-28 22:05:15,766 - INFO - tree_node.f_best*ep:-10.538290023803711,left_f_best-9.207048416137695,right_f_best-10.460013389587402,i:1
2025-04-28 22:05:24,972 - INFO - tree_node.f_best*ep:-10.538290023803711,left_f_best-9.241927146911621,right_f_best-10.494428634643555,i:2
2025-04-28 22:05:34,583 - INFO - tree_node.f_best*ep:-10.538290023803711,left_f_best-9.225956916809082,right_f_best-10.500054359436035,i:3
2025-04-28 22:05:44,564 - INFO - tree_node.f_best*ep:-10.538290023803711,left_f_best-9.268115997314453,right_f_best-10.49349594116211,i:4
2025-04-28 22:05:55,302 - INFO - tree_node.f_best*ep:-10.538290023803711,left_f_best-9.273906707763672,right_f_best-10.525583267211914,i:5
2025-04-28 22:06:06,487 - INFO - tree_node.f_best*ep:-10.538290023803711,left_f_best-9.2902193069458,right_f_best-10.541723251342773,i:6
2025-04-28 22:06:35,647 - INFO - 添加左子节点，右子节点，len(queue):6
2025-04-28 22:06:35,647 - INFO - Node 1: k=357.81383771417023, f_best=-10.443556785583496, f_min=-10.890178886136255
2025-04-28 22:06:35,647 - INFO - Node 2: k=276.2494446693158, f_best=-9.20860481262207, f_min=-9.320286598369421
2025-04-28 22:06:35,647 - INFO - Node 3: k=341.87812682040357, f_best=-10.46699047088623, f_min=-12.113504567035307
2025-04-28 22:06:35,647 - INFO - Node 4: k=302.1299492220639, f_best=-9.255816459655762, f_min=-10.28033547512041
2025-04-28 22:06:35,647 - INFO - Node 5: k=303.399478781869, f_best=-10.5084867477417, f_min=-13.067805328979375
2025-04-28 22:06:35,647 - INFO - Node 6: k=293.2443521088147, f_best=-9.253461837768555, f_min=-10.504626535817806
2025-04-28 22:06:35,647 - INFO - Node 7: k=288.67419369872016, f_best=-10.525379180908203, f_min=-11.215078133035604
2025-04-28 22:06:35,647 - INFO - Node 8: k=299.1385635862019, f_best=-9.277609825134277, f_min=-10.312457251359774
2025-04-28 22:06:35,647 - INFO - Node 9: k=271.94414871472924, f_best=-10.538290023803711, f_min=-11.057540997215256
2025-04-28 22:06:35,647 - INFO - Node 10: k=302.1299492220639, f_best=-9.2902193069458, f_min=-9.47334508347194
2025-04-28 22:06:35,647 - INFO - Node 11: k=352.23737594118865, f_best=-10.541723251342773, f_min=-11.2930753301207
2025-04-28 22:06:35,647 - INFO - cur_node_number 13,f_best -10.541723251342773,f_min -11.2930753301207,k 352.23737594118865
2025-04-28 22:06:35,647 - INFO - f_best_current -10.541723251342773,f_min -11.2930753301207
2025-04-28 22:06:35,647 - INFO - 回退,len(queue)=4
2025-04-28 22:06:35,647 - INFO - 回退,len(queue)=3
2025-04-28 22:06:35,647 - INFO - 回退,len(queue)=2
2025-04-28 22:06:35,647 - INFO - 回退,len(queue)=1
2025-04-28 22:06:44,275 - INFO - tree_node.f_best*ep:-10.46699047088623,left_f_best-9.228198051452637,right_f_best-10.467512130737305,i:1
2025-04-28 22:07:12,200 - INFO - 添加左子节点，右子节点，len(queue):3
2025-04-28 22:07:12,200 - INFO - Node 1: k=357.81383771417023, f_best=-10.443556785583496, f_min=-10.890178886136255
2025-04-28 22:07:12,200 - INFO - Node 2: k=276.2494446693158, f_best=-9.20860481262207, f_min=-9.320286598369421
2025-04-28 22:07:12,200 - INFO - Node 3: k=352.23737594118865, f_best=-10.46699047088623, f_min=-12.113504567035307
2025-04-28 22:07:12,200 - INFO - Node 4: k=273.5143016527879, f_best=-9.228198051452637, f_min=-9.351313419975668
2025-04-28 22:07:12,200 - INFO - Node 5: k=306.4334735696877, f_best=-10.467512130737305, f_min=-14.640543504946436
2025-04-28 22:07:12,200 - INFO - cur_node_number 14,f_best -10.467512130737305,f_min -14.640543504946436,k 306.4334735696877
2025-04-28 22:07:12,200 - INFO - f_best_current -10.467512130737305,f_min -14.640543504946436
2025-04-28 22:07:20,979 - INFO - tree_node.f_best*ep:-10.467512130737305,left_f_best-9.235885620117188,right_f_best-10.473111152648926,i:1
2025-04-28 22:07:46,680 - INFO - 添加左子节点，右子节点，len(queue):4
2025-04-28 22:07:46,680 - INFO - Node 1: k=357.81383771417023, f_best=-10.443556785583496, f_min=-10.890178886136255
2025-04-28 22:07:46,680 - INFO - Node 2: k=276.2494446693158, f_best=-9.20860481262207, f_min=-9.320286598369421
2025-04-28 22:07:46,680 - INFO - Node 3: k=352.23737594118865, f_best=-10.46699047088623, f_min=-12.113504567035307
2025-04-28 22:07:46,680 - INFO - Node 4: k=273.5143016527879, f_best=-9.228198051452637, f_min=-9.351313419975668
2025-04-28 22:07:46,680 - INFO - Node 5: k=306.4334735696877, f_best=-10.467512130737305, f_min=-14.640543504946436
2025-04-28 22:07:46,680 - INFO - Node 6: k=265.47028650150577, f_best=-9.235885620117188, f_min=-9.261144918591981
2025-04-28 22:07:46,680 - INFO - Node 7: k=220.6636864551876, f_best=-10.473111152648926, f_min=-10.476293168358552
2025-04-28 22:07:46,680 - INFO - cur_node_number 15,f_best -10.473111152648926,f_min -10.476293168358552,k 220.6636864551876
2025-04-28 22:07:46,680 - INFO - f_best_current -10.473111152648926,f_min -10.476293168358552
2025-04-28 22:07:46,680 - INFO - 结束,fmin= -10.476293168358552, fbestmin=-10.473111152648926
