2025-04-29 00:36:27,889 - INFO - Namespace(log_file='outputs/dnn1/img[1]/min/DNN1img1_label2.log', image_path='img[1].png', model_path='network/DNN1.pth', label=2, init_epsilon=0.05, epsilon=0.01, ep=1, min=1)
2025-04-29 00:36:27,899 - INFO - Model output max(1): torch.return_types.max(
values=tensor([6.5631], grad_fn=<MaxBackward0>),
indices=tensor([1]))
2025-04-29 00:36:31,697 - INFO - cur_node_number 1,f_best -6.970116138458252,f_min -19.692729610098468,k 3796.9018895478016
2025-04-29 00:36:31,697 - INFO - f_best_current -6.970116138458252,f_min -19.692729610098468
2025-04-29 00:36:37,176 - INFO - tree_node.f_best*ep:-6.970116138458252,left_f_best-5.779789924621582,right_f_best-7.006739139556885,i:1
2025-04-29 00:36:55,507 - INFO - 添加左子节点，右子节点，len(queue):2
2025-04-29 00:36:55,508 - INFO - Node 1: k=3796.9018895478016, f_best=-6.970116138458252, f_min=-19.692729610098468
2025-04-29 00:36:55,508 - INFO - Node 2: k=288.67419369872016, f_best=-5.779789924621582, f_min=-6.208471974097847
2025-04-29 00:36:55,508 - INFO - Node 3: k=274.66359020187656, f_best=-7.006739139556885, f_min=-7.528112081586187
2025-04-29 00:36:55,508 - INFO - cur_node_number 2,f_best -7.006739139556885,f_min -7.528112081586187,k 274.66359020187656
2025-04-29 00:36:55,508 - INFO - f_best_current -7.006739139556885,f_min -7.528112081586187
2025-04-29 00:37:01,197 - INFO - tree_node.f_best*ep:-7.006739139556885,left_f_best-5.7586445808410645,right_f_best-6.990001678466797,i:1
2025-04-29 00:37:06,845 - INFO - tree_node.f_best*ep:-7.006739139556885,left_f_best-5.811756134033203,right_f_best-7.0130205154418945,i:2
2025-04-29 00:37:24,640 - INFO - 添加左子节点，右子节点，len(queue):3
2025-04-29 00:37:24,640 - INFO - Node 1: k=3796.9018895478016, f_best=-6.970116138458252, f_min=-19.692729610098468
2025-04-29 00:37:24,640 - INFO - Node 2: k=288.67419369872016, f_best=-5.779789924621582, f_min=-6.208471974097847
2025-04-29 00:37:24,640 - INFO - Node 3: k=274.66359020187656, f_best=-7.006739139556885, f_min=-7.528112081586187
2025-04-29 00:37:24,640 - INFO - Node 4: k=253.6472173781902, f_best=-5.811756134033203, f_min=-6.448621702601031
2025-04-29 00:37:24,640 - INFO - Node 5: k=291.5609356357074, f_best=-7.0130205154418945, f_min=-7.01664297496518
2025-04-29 00:37:24,640 - INFO - cur_node_number 3,f_best -7.0130205154418945,f_min -7.01664297496518,k 291.5609356357074
2025-04-29 00:37:24,640 - INFO - f_best_current -7.0130205154418945,f_min -7.01664297496518
2025-04-29 00:37:24,640 - INFO - 结束,fmin= -7.01664297496518, fbestmin=-7.0130205154418945
