2025-04-28 21:56:37,505 - INFO - Namespace(log_file='outputs/dnn1/img[1]/min/DNN1img1_label6.log', image_path='img[1].png', model_path='network/DNN1.pth', label=6, init_epsilon=0.05, epsilon=0.01, ep=1, min=1)
2025-04-28 21:56:37,516 - INFO - Model output max(1): torch.return_types.max(
values=tensor([6.5631], grad_fn=<MaxBackward0>),
indices=tensor([1]))
2025-04-28 21:56:42,142 - INFO - cur_node_number 1,f_best -13.236196517944336,f_min -16.509671266379883,k 2014.1744205741616
2025-04-28 21:56:42,142 - INFO - f_best_current -13.236196517944336,f_min -16.509671266379883
2025-04-28 21:56:49,365 - INFO - tree_node.f_best*ep:-13.236196517944336,left_f_best-11.591635704040527,right_f_best-13.298596382141113,i:1
2025-04-28 21:57:13,107 - INFO - 添加左子节点，右子节点，len(queue):2
2025-04-28 21:57:13,107 - INFO - Node 1: k=2014.1744205741616, f_best=-13.236196517944336, f_min=-16.509671266379883
2025-04-28 21:57:13,107 - INFO - Node 2: k=273.5143016527879, f_best=-11.591635704040527, f_min=-12.147679724387672
2025-04-28 21:57:13,107 - INFO - Node 3: k=265.47028650150577, f_best=-13.298596382141113, f_min=-13.599274297218471
2025-04-28 21:57:13,107 - INFO - cur_node_number 2,f_best -13.298596382141113,f_min -13.599274297218471,k 265.47028650150577
2025-04-28 21:57:13,107 - INFO - f_best_current -13.298596382141113,f_min -13.599274297218471
2025-04-28 21:57:22,077 - INFO - tree_node.f_best*ep:-13.298596382141113,left_f_best-11.618739128112793,right_f_best-13.336396217346191,i:1
2025-04-28 21:57:47,062 - INFO - 添加左子节点，右子节点，len(queue):3
2025-04-28 21:57:47,062 - INFO - Node 1: k=2014.1744205741616, f_best=-13.236196517944336, f_min=-16.509671266379883
2025-04-28 21:57:47,062 - INFO - Node 2: k=273.5143016527879, f_best=-11.591635704040527, f_min=-12.147679724387672
2025-04-28 21:57:47,062 - INFO - Node 3: k=265.47028650150577, f_best=-13.298596382141113, f_min=-13.599274297218471
2025-04-28 21:57:47,062 - INFO - Node 4: k=250.08501850031269, f_best=-11.618739128112793, f_min=-13.82463908501768
2025-04-28 21:57:47,062 - INFO - Node 5: k=299.1385635862019, f_best=-13.336396217346191, f_min=-16.777859272977366
2025-04-28 21:57:47,062 - INFO - cur_node_number 3,f_best -13.336396217346191,f_min -16.777859272977366,k 299.1385635862019
2025-04-28 21:57:47,062 - INFO - f_best_current -13.336396217346191,f_min -16.777859272977366
2025-04-28 21:57:47,062 - INFO - 回退,len(queue)=1
2025-04-28 21:57:55,753 - INFO - tree_node.f_best*ep:-13.298596382141113,left_f_best-11.616264343261719,right_f_best-13.308414459228516,i:1
2025-04-28 21:58:23,131 - INFO - 添加左子节点，右子节点，len(queue):3
2025-04-28 21:58:23,131 - INFO - Node 1: k=2014.1744205741616, f_best=-13.236196517944336, f_min=-16.509671266379883
2025-04-28 21:58:23,131 - INFO - Node 2: k=273.5143016527879, f_best=-11.591635704040527, f_min=-12.147679724387672
2025-04-28 21:58:23,131 - INFO - Node 3: k=299.1385635862019, f_best=-13.298596382141113, f_min=-13.599274297218471
2025-04-28 21:58:23,131 - INFO - Node 4: k=281.802058507169, f_best=-11.616264343261719, f_min=-11.714463611207975
2025-04-28 21:58:23,131 - INFO - Node 5: k=257.66284464589063, f_best=-13.308414459228516, f_min=-13.446235674430682
2025-04-28 21:58:23,131 - INFO - cur_node_number 4,f_best -13.308414459228516,f_min -13.446235674430682,k 257.66284464589063
2025-04-28 21:58:23,131 - INFO - f_best_current -13.308414459228516,f_min -13.446235674430682
2025-04-28 21:58:31,656 - INFO - tree_node.f_best*ep:-13.308414459228516,left_f_best-11.620503425598145,right_f_best-13.330842018127441,i:1
2025-04-28 21:58:58,590 - INFO - 添加左子节点，右子节点，len(queue):4
2025-04-28 21:58:58,590 - INFO - Node 1: k=2014.1744205741616, f_best=-13.236196517944336, f_min=-16.509671266379883
2025-04-28 21:58:58,590 - INFO - Node 2: k=273.5143016527879, f_best=-11.591635704040527, f_min=-12.147679724387672
2025-04-28 21:58:58,590 - INFO - Node 3: k=299.1385635862019, f_best=-13.298596382141113, f_min=-13.599274297218471
2025-04-28 21:58:58,590 - INFO - Node 4: k=281.802058507169, f_best=-11.616264343261719, f_min=-11.714463611207975
2025-04-28 21:58:58,590 - INFO - Node 5: k=257.66284464589063, f_best=-13.308414459228516, f_min=-13.446235674430682
2025-04-28 21:58:58,590 - INFO - Node 6: k=279.01193911600893, f_best=-11.620503425598145, f_min=-12.226024808384864
2025-04-28 21:58:58,590 - INFO - Node 7: k=274.66359020187656, f_best=-13.330842018127441, f_min=-13.869262750366033
2025-04-28 21:58:58,590 - INFO - cur_node_number 5,f_best -13.330842018127441,f_min -13.869262750366033,k 274.66359020187656
2025-04-28 21:58:58,590 - INFO - f_best_current -13.330842018127441,f_min -13.869262750366033
2025-04-28 21:58:58,590 - INFO - 回退,len(queue)=2
2025-04-28 21:59:07,160 - INFO - tree_node.f_best*ep:-13.308414459228516,left_f_best-11.618672370910645,right_f_best-13.294943809509277,i:1
2025-04-28 21:59:16,157 - INFO - tree_node.f_best*ep:-13.308414459228516,left_f_best-11.61909294128418,right_f_best-13.314567565917969,i:2
2025-04-28 21:59:44,796 - INFO - 添加左子节点，右子节点，len(queue):4
2025-04-28 21:59:44,796 - INFO - Node 1: k=2014.1744205741616, f_best=-13.236196517944336, f_min=-16.509671266379883
2025-04-28 21:59:44,796 - INFO - Node 2: k=273.5143016527879, f_best=-11.591635704040527, f_min=-12.147679724387672
2025-04-28 21:59:44,796 - INFO - Node 3: k=299.1385635862019, f_best=-13.298596382141113, f_min=-13.599274297218471
2025-04-28 21:59:44,796 - INFO - Node 4: k=281.802058507169, f_best=-11.616264343261719, f_min=-11.714463611207975
2025-04-28 21:59:44,796 - INFO - Node 5: k=274.66359020187656, f_best=-13.308414459228516, f_min=-13.446235674430682
2025-04-28 21:59:44,796 - INFO - Node 6: k=327.1634414861832, f_best=-11.61909294128418, f_min=-12.624700564391787
2025-04-28 21:59:44,796 - INFO - Node 7: k=296.17679562990287, f_best=-13.314567565917969, f_min=-15.227902162248938
2025-04-28 21:59:44,796 - INFO - cur_node_number 6,f_best -13.314567565917969,f_min -15.227902162248938,k 296.17679562990287
2025-04-28 21:59:44,796 - INFO - f_best_current -13.314567565917969,f_min -15.227902162248938
2025-04-28 21:59:44,796 - INFO - 回退,len(queue)=2
2025-04-28 21:59:53,331 - INFO - tree_node.f_best*ep:-13.308414459228516,left_f_best-11.621942520141602,right_f_best-13.313434600830078,i:1
2025-04-28 22:00:17,686 - INFO - 添加左子节点，右子节点，len(queue):4
2025-04-28 22:00:17,686 - INFO - Node 1: k=2014.1744205741616, f_best=-13.236196517944336, f_min=-16.509671266379883
2025-04-28 22:00:17,686 - INFO - Node 2: k=273.5143016527879, f_best=-11.591635704040527, f_min=-12.147679724387672
2025-04-28 22:00:17,686 - INFO - Node 3: k=299.1385635862019, f_best=-13.298596382141113, f_min=-13.599274297218471
2025-04-28 22:00:17,686 - INFO - Node 4: k=281.802058507169, f_best=-11.616264343261719, f_min=-11.714463611207975
2025-04-28 22:00:17,686 - INFO - Node 5: k=296.17679562990287, f_best=-13.308414459228516, f_min=-13.446235674430682
2025-04-28 22:00:17,686 - INFO - Node 6: k=252.5858686853158, f_best=-11.621942520141602, f_min=-11.844706317681357
2025-04-28 22:00:17,686 - INFO - Node 7: k=242.7300551007062, f_best=-13.313434600830078, f_min=-14.10272836689228
2025-04-28 22:00:17,686 - INFO - cur_node_number 7,f_best -13.313434600830078,f_min -14.10272836689228,k 242.7300551007062
2025-04-28 22:00:17,686 - INFO - f_best_current -13.313434600830078,f_min -14.10272836689228
2025-04-28 22:00:26,660 - INFO - tree_node.f_best*ep:-13.313434600830078,left_f_best-11.607888221740723,right_f_best-13.30215072631836,i:1
2025-04-28 22:00:35,987 - INFO - tree_node.f_best*ep:-13.313434600830078,left_f_best-11.633166313171387,right_f_best-13.343159675598145,i:2
2025-04-28 22:01:03,556 - INFO - 添加左子节点，右子节点，len(queue):5
2025-04-28 22:01:03,556 - INFO - Node 1: k=2014.1744205741616, f_best=-13.236196517944336, f_min=-16.509671266379883
2025-04-28 22:01:03,556 - INFO - Node 2: k=273.5143016527879, f_best=-11.591635704040527, f_min=-12.147679724387672
2025-04-28 22:01:03,556 - INFO - Node 3: k=299.1385635862019, f_best=-13.298596382141113, f_min=-13.599274297218471
2025-04-28 22:01:03,556 - INFO - Node 4: k=281.802058507169, f_best=-11.616264343261719, f_min=-11.714463611207975
2025-04-28 22:01:03,556 - INFO - Node 5: k=296.17679562990287, f_best=-13.308414459228516, f_min=-13.446235674430682
2025-04-28 22:01:03,556 - INFO - Node 6: k=252.5858686853158, f_best=-11.621942520141602, f_min=-11.844706317681357
2025-04-28 22:01:03,556 - INFO - Node 7: k=242.7300551007062, f_best=-13.313434600830078, f_min=-14.10272836689228
2025-04-28 22:01:03,556 - INFO - Node 8: k=340.44758913592256, f_best=-11.633166313171387, f_min=-12.648733386902677
2025-04-28 22:01:03,556 - INFO - Node 9: k=257.66284464589063, f_best=-13.343159675598145, f_min=-13.49216333412869
2025-04-28 22:01:03,556 - INFO - cur_node_number 8,f_best -13.343159675598145,f_min -13.49216333412869,k 257.66284464589063
2025-04-28 22:01:03,556 - INFO - f_best_current -13.343159675598145,f_min -13.49216333412869
2025-04-28 22:01:03,556 - INFO - 回退,len(queue)=3
2025-04-28 22:01:12,505 - INFO - tree_node.f_best*ep:-13.313434600830078,left_f_best-11.615561485290527,right_f_best-13.283474922180176,i:1
2025-04-28 22:01:21,807 - INFO - tree_node.f_best*ep:-13.313434600830078,left_f_best-11.639296531677246,right_f_best-13.311164855957031,i:2
2025-04-28 22:01:31,464 - INFO - tree_node.f_best*ep:-13.313434600830078,left_f_best-11.667012214660645,right_f_best-13.355806350708008,i:3
2025-04-28 22:01:56,670 - INFO - 添加左子节点，右子节点，len(queue):5
2025-04-28 22:01:56,670 - INFO - Node 1: k=2014.1744205741616, f_best=-13.236196517944336, f_min=-16.509671266379883
2025-04-28 22:01:56,670 - INFO - Node 2: k=273.5143016527879, f_best=-11.591635704040527, f_min=-12.147679724387672
2025-04-28 22:01:56,670 - INFO - Node 3: k=299.1385635862019, f_best=-13.298596382141113, f_min=-13.599274297218471
2025-04-28 22:01:56,670 - INFO - Node 4: k=281.802058507169, f_best=-11.616264343261719, f_min=-11.714463611207975
2025-04-28 22:01:56,670 - INFO - Node 5: k=296.17679562990287, f_best=-13.308414459228516, f_min=-13.446235674430682
2025-04-28 22:01:56,670 - INFO - Node 6: k=252.5858686853158, f_best=-11.621942520141602, f_min=-11.844706317681357
2025-04-28 22:01:56,670 - INFO - Node 7: k=257.66284464589063, f_best=-13.313434600830078, f_min=-14.10272836689228
2025-04-28 22:01:56,670 - INFO - Node 8: k=265.47028650150577, f_best=-11.667012214660645, f_min=-11.971013874274377
2025-04-28 22:01:56,670 - INFO - Node 9: k=252.5858686853158, f_best=-13.355806350708008, f_min=-13.509657615205924
2025-04-28 22:01:56,670 - INFO - cur_node_number 9,f_best -13.355806350708008,f_min -13.509657615205924,k 252.5858686853158
2025-04-28 22:01:56,670 - INFO - f_best_current -13.355806350708008,f_min -13.509657615205924
2025-04-28 22:02:05,565 - INFO - tree_node.f_best*ep:-13.355806350708008,left_f_best-11.573026657104492,right_f_best-13.279995918273926,i:1
2025-04-28 22:02:14,909 - INFO - tree_node.f_best*ep:-13.355806350708008,left_f_best-11.625861167907715,right_f_best-13.323087692260742,i:2
2025-04-28 22:02:24,657 - INFO - tree_node.f_best*ep:-13.355806350708008,left_f_best-11.659467697143555,right_f_best-13.331277847290039,i:3
2025-04-28 22:02:34,769 - INFO - tree_node.f_best*ep:-13.355806350708008,left_f_best-11.637666702270508,right_f_best-13.348610877990723,i:4
2025-04-28 22:02:45,503 - INFO - tree_node.f_best*ep:-13.355806350708008,left_f_best-11.678587913513184,right_f_best-13.36447811126709,i:5
2025-04-28 22:03:11,239 - INFO - 添加左子节点，右子节点，len(queue):6
2025-04-28 22:03:11,239 - INFO - Node 1: k=2014.1744205741616, f_best=-13.236196517944336, f_min=-16.509671266379883
2025-04-28 22:03:11,239 - INFO - Node 2: k=273.5143016527879, f_best=-11.591635704040527, f_min=-12.147679724387672
2025-04-28 22:03:11,239 - INFO - Node 3: k=299.1385635862019, f_best=-13.298596382141113, f_min=-13.599274297218471
2025-04-28 22:03:11,239 - INFO - Node 4: k=281.802058507169, f_best=-11.616264343261719, f_min=-11.714463611207975
2025-04-28 22:03:11,239 - INFO - Node 5: k=296.17679562990287, f_best=-13.308414459228516, f_min=-13.446235674430682
2025-04-28 22:03:11,239 - INFO - Node 6: k=252.5858686853158, f_best=-11.621942520141602, f_min=-11.844706317681357
2025-04-28 22:03:11,239 - INFO - Node 7: k=257.66284464589063, f_best=-13.313434600830078, f_min=-14.10272836689228
2025-04-28 22:03:11,239 - INFO - Node 8: k=265.47028650150577, f_best=-11.667012214660645, f_min=-11.971013874274377
2025-04-28 22:03:11,239 - INFO - Node 9: k=252.5858686853158, f_best=-13.355806350708008, f_min=-13.509657615205924
2025-04-28 22:03:11,239 - INFO - Node 10: k=233.25881196700962, f_best=-11.678587913513184, f_min=-11.739251505965512
2025-04-28 22:03:11,239 - INFO - Node 11: k=273.5143016527879, f_best=-13.36447811126709, f_min=-13.413762935670093
2025-04-28 22:03:11,239 - INFO - cur_node_number 10,f_best -13.36447811126709,f_min -13.413762935670093,k 273.5143016527879
2025-04-28 22:03:11,239 - INFO - f_best_current -13.36447811126709,f_min -13.413762935670093
2025-04-28 22:03:11,239 - INFO - 结束,fmin= -13.413762935670093, fbestmin=-13.36447811126709
