2025-04-28 22:03:14,128 - INFO - Namespace(log_file='outputs/dnn1/img[1]/min/DNN1img1_label7.log', image_path='img[1].png', model_path='network/DNN1.pth', label=7, init_epsilon=0.05, epsilon=0.01, ep=1, min=1)
2025-04-28 22:03:14,128 - INFO - Model output max(1): torch.return_types.max(
values=tensor([6.5631], grad_fn=<MaxBackward0>),
indices=tensor([1]))
2025-04-28 22:03:18,534 - INFO - cur_node_number 1,f_best -4.875816822052002,f_min -5.324776056679184,k 875.7401931566707
2025-04-28 22:03:18,534 - INFO - f_best_current -4.875816822052002,f_min -5.324776056679184
2025-04-28 22:03:27,568 - INFO - tree_node.f_best*ep:-4.875816822052002,left_f_best-3.6237943172454834,right_f_best-4.867675304412842,i:1
2025-04-28 22:03:37,009 - INFO - tree_node.f_best*ep:-4.875816822052002,left_f_best-3.6415915489196777,right_f_best-4.8913187980651855,i:2
2025-04-28 22:04:03,236 - INFO - 添加左子节点，右子节点，len(queue):2
2025-04-28 22:04:03,236 - INFO - Node 1: k=875.7401931566707, f_best=-4.875816822052002, f_min=-5.324776056679184
2025-04-28 22:04:03,236 - INFO - Node 2: k=220.31882202014629, f_best=-3.6415915489196777, f_min=-3.818943916943681
2025-04-28 22:04:03,236 - INFO - Node 3: k=186.0322533495345, f_best=-4.8913187980651855, f_min=-4.990339458494418
2025-04-28 22:04:03,236 - INFO - cur_node_number 2,f_best -4.8913187980651855,f_min -4.990339458494418,k 186.0322533495345
2025-04-28 22:04:03,236 - INFO - f_best_current -4.8913187980651855,f_min -4.990339458494418
2025-04-28 22:04:12,128 - INFO - tree_node.f_best*ep:-4.8913187980651855,left_f_best-3.6333911418914795,right_f_best-4.850062847137451,i:1
2025-04-28 22:04:21,570 - INFO - tree_node.f_best*ep:-4.8913187980651855,left_f_best-3.641143321990967,right_f_best-4.879531383514404,i:2
2025-04-28 22:04:31,261 - INFO - tree_node.f_best*ep:-4.8913187980651855,left_f_best-3.6585938930511475,right_f_best-4.88381290435791,i:3
2025-04-28 22:04:41,359 - INFO - tree_node.f_best*ep:-4.8913187980651855,left_f_best-3.6839303970336914,right_f_best-4.919253826141357,i:4
2025-04-28 22:05:08,096 - INFO - 添加左子节点，右子节点，len(queue):3
2025-04-28 22:05:08,096 - INFO - Node 1: k=875.7401931566707, f_best=-4.875816822052002, f_min=-5.324776056679184
2025-04-28 22:05:08,096 - INFO - Node 2: k=220.31882202014629, f_best=-3.6415915489196777, f_min=-3.818943916943681
2025-04-28 22:05:08,096 - INFO - Node 3: k=186.0322533495345, f_best=-4.8913187980651855, f_min=-4.990339458494418
2025-04-28 22:05:08,096 - INFO - Node 4: k=195.52176791311012, f_best=-3.6839303970336914, f_min=-4.466472192393212
2025-04-28 22:05:08,096 - INFO - Node 5: k=220.31882202014629, f_best=-4.919253826141357, f_min=-5.664710006744372
2025-04-28 22:05:08,098 - INFO - cur_node_number 3,f_best -4.919253826141357,f_min -5.664710006744372,k 220.31882202014629
2025-04-28 22:05:08,098 - INFO - f_best_current -4.919253826141357,f_min -5.664710006744372
2025-04-28 22:05:08,098 - INFO - 回退,len(queue)=1
2025-04-28 22:05:16,861 - INFO - tree_node.f_best*ep:-4.8913187980651855,left_f_best-3.634063482284546,right_f_best-4.860477447509766,i:1
2025-04-28 22:05:26,007 - INFO - tree_node.f_best*ep:-4.8913187980651855,left_f_best-3.65539813041687,right_f_best-4.899204730987549,i:2
2025-04-28 22:05:54,261 - INFO - 添加左子节点，右子节点，len(queue):3
2025-04-28 22:05:54,261 - INFO - Node 1: k=875.7401931566707, f_best=-4.875816822052002, f_min=-5.324776056679184
2025-04-28 22:05:54,261 - INFO - Node 2: k=220.31882202014629, f_best=-3.6415915489196777, f_min=-3.818943916943681
2025-04-28 22:05:54,261 - INFO - Node 3: k=220.31882202014629, f_best=-4.8913187980651855, f_min=-4.990339458494418
2025-04-28 22:05:54,261 - INFO - Node 4: k=231.55729616936694, f_best=-3.65539813041687, f_min=-3.9955255784816472
2025-04-28 22:05:54,261 - INFO - Node 5: k=226.99470264617875, f_best=-4.899204730987549, f_min=-5.220373028894755
2025-04-28 22:05:54,261 - INFO - cur_node_number 4,f_best -4.899204730987549,f_min -5.220373028894755,k 226.99470264617875
2025-04-28 22:05:54,261 - INFO - f_best_current -4.899204730987549,f_min -5.220373028894755
2025-04-28 22:05:54,261 - INFO - 回退,len(queue)=1
2025-04-28 22:06:03,198 - INFO - tree_node.f_best*ep:-4.8913187980651855,left_f_best-3.652264356613159,right_f_best-4.852009296417236,i:1
2025-04-28 22:06:12,541 - INFO - tree_node.f_best*ep:-4.8913187980651855,left_f_best-3.640575647354126,right_f_best-4.878983020782471,i:2
2025-04-28 22:06:22,187 - INFO - tree_node.f_best*ep:-4.8913187980651855,left_f_best-3.6545662879943848,right_f_best-4.8981428146362305,i:3
2025-04-28 22:06:48,786 - INFO - 添加左子节点，右子节点，len(queue):3
2025-04-28 22:06:48,786 - INFO - Node 1: k=875.7401931566707, f_best=-4.875816822052002, f_min=-5.324776056679184
2025-04-28 22:06:48,786 - INFO - Node 2: k=220.31882202014629, f_best=-3.6415915489196777, f_min=-3.818943916943681
2025-04-28 22:06:48,786 - INFO - Node 3: k=226.99470264617875, f_best=-4.8913187980651855, f_min=-4.990339458494418
2025-04-28 22:06:48,786 - INFO - Node 4: k=236.21159782237123, f_best=-3.6545662879943848, f_min=-4.3222755798665276
2025-04-28 22:06:48,786 - INFO - Node 5: k=191.66921665827874, f_best=-4.8981428146362305, f_min=-5.258559696088469
2025-04-28 22:06:48,786 - INFO - cur_node_number 5,f_best -4.8981428146362305,f_min -5.258559696088469,k 191.66921665827874
2025-04-28 22:06:48,786 - INFO - f_best_current -4.8981428146362305,f_min -5.258559696088469
2025-04-28 22:06:57,645 - INFO - tree_node.f_best*ep:-4.8981428146362305,left_f_best-3.6339340209960938,right_f_best-4.8783721923828125,i:1
2025-04-28 22:07:06,915 - INFO - tree_node.f_best*ep:-4.8981428146362305,left_f_best-3.648439645767212,right_f_best-4.857049942016602,i:2
2025-04-28 22:07:16,612 - INFO - tree_node.f_best*ep:-4.8981428146362305,left_f_best-3.6601381301879883,right_f_best-4.904266357421875,i:3
2025-04-28 22:07:43,266 - INFO - 添加左子节点，右子节点，len(queue):4
2025-04-28 22:07:43,266 - INFO - Node 1: k=875.7401931566707, f_best=-4.875816822052002, f_min=-5.324776056679184
2025-04-28 22:07:43,266 - INFO - Node 2: k=220.31882202014629, f_best=-3.6415915489196777, f_min=-3.818943916943681
2025-04-28 22:07:43,266 - INFO - Node 3: k=226.99470264617875, f_best=-4.8913187980651855, f_min=-4.990339458494418
2025-04-28 22:07:43,266 - INFO - Node 4: k=236.21159782237123, f_best=-3.6545662879943848, f_min=-4.3222755798665276
2025-04-28 22:07:43,266 - INFO - Node 5: k=191.66921665827874, f_best=-4.8981428146362305, f_min=-5.258559696088469
2025-04-28 22:07:43,266 - INFO - Node 6: k=224.74723034275124, f_best=-3.6601381301879883, f_min=-4.164269283055091
2025-04-28 22:07:43,266 - INFO - Node 7: k=213.83927805577815, f_best=-4.904266357421875, f_min=-5.237070609439797
2025-04-28 22:07:43,266 - INFO - cur_node_number 6,f_best -4.904266357421875,f_min -5.237070609439797,k 213.83927805577815
2025-04-28 22:07:43,266 - INFO - f_best_current -4.904266357421875,f_min -5.237070609439797
2025-04-28 22:07:43,266 - INFO - 回退,len(queue)=2
2025-04-28 22:07:51,945 - INFO - tree_node.f_best*ep:-4.8981428146362305,left_f_best-3.6372110843658447,right_f_best-4.875680923461914,i:1
2025-04-28 22:08:00,762 - INFO - tree_node.f_best*ep:-4.8981428146362305,left_f_best-3.6719436645507812,right_f_best-4.879393577575684,i:2
2025-04-28 22:08:09,965 - INFO - tree_node.f_best*ep:-4.8981428146362305,left_f_best-3.6488382816314697,right_f_best-4.912912368774414,i:3
2025-04-28 22:08:35,770 - INFO - 添加左子节点，右子节点，len(queue):4
2025-04-28 22:08:35,770 - INFO - Node 1: k=875.7401931566707, f_best=-4.875816822052002, f_min=-5.324776056679184
2025-04-28 22:08:35,770 - INFO - Node 2: k=220.31882202014629, f_best=-3.6415915489196777, f_min=-3.818943916943681
2025-04-28 22:08:35,770 - INFO - Node 3: k=226.99470264617875, f_best=-4.8913187980651855, f_min=-4.990339458494418
2025-04-28 22:08:35,770 - INFO - Node 4: k=236.21159782237123, f_best=-3.6545662879943848, f_min=-4.3222755798665276
2025-04-28 22:08:35,770 - INFO - Node 5: k=213.83927805577815, f_best=-4.8981428146362305, f_min=-5.258559696088469
2025-04-28 22:08:35,770 - INFO - Node 6: k=238.57371380059496, f_best=-3.6488382816314697, f_min=-3.7721909769184094
2025-04-28 22:08:35,770 - INFO - Node 7: k=222.52201024034775, f_best=-4.912912368774414, f_min=-5.383759310378991
2025-04-28 22:08:35,770 - INFO - cur_node_number 7,f_best -4.912912368774414,f_min -5.383759310378991,k 222.52201024034775
2025-04-28 22:08:35,770 - INFO - f_best_current -4.912912368774414,f_min -5.383759310378991
2025-04-28 22:08:35,770 - INFO - 回退,len(queue)=2
2025-04-28 22:08:43,974 - INFO - tree_node.f_best*ep:-4.8981428146362305,left_f_best-3.650736093521118,right_f_best-4.877628803253174,i:1
2025-04-28 22:08:52,797 - INFO - tree_node.f_best*ep:-4.8981428146362305,left_f_best-3.6645138263702393,right_f_best-4.893065929412842,i:2
2025-04-28 22:09:01,995 - INFO - tree_node.f_best*ep:-4.8981428146362305,left_f_best-3.67958402633667,right_f_best-4.907282829284668,i:3
2025-04-28 22:09:27,562 - INFO - 添加左子节点，右子节点，len(queue):4
2025-04-28 22:09:27,562 - INFO - Node 1: k=875.7401931566707, f_best=-4.875816822052002, f_min=-5.324776056679184
2025-04-28 22:09:27,562 - INFO - Node 2: k=220.31882202014629, f_best=-3.6415915489196777, f_min=-3.818943916943681
2025-04-28 22:09:27,562 - INFO - Node 3: k=226.99470264617875, f_best=-4.8913187980651855, f_min=-4.990339458494418
2025-04-28 22:09:27,562 - INFO - Node 4: k=236.21159782237123, f_best=-3.6545662879943848, f_min=-4.3222755798665276
2025-04-28 22:09:27,562 - INFO - Node 5: k=222.52201024034775, f_best=-4.8981428146362305, f_min=-5.258559696088469
2025-04-28 22:09:27,562 - INFO - Node 6: k=228.3053261729884, f_best=-3.67958402633667, f_min=-3.9679522769224604
2025-04-28 22:09:27,562 - INFO - Node 7: k=240.95945093860092, f_best=-4.907282829284668, f_min=-5.260609770085466
2025-04-28 22:09:27,562 - INFO - cur_node_number 8,f_best -4.907282829284668,f_min -5.260609770085466,k 240.95945093860092
2025-04-28 22:09:27,562 - INFO - f_best_current -4.907282829284668,f_min -5.260609770085466
2025-04-28 22:09:27,562 - INFO - 回退,len(queue)=2
2025-04-28 22:09:27,562 - INFO - 回退,len(queue)=1
2025-04-28 22:09:36,043 - INFO - tree_node.f_best*ep:-4.8913187980651855,left_f_best-3.617687463760376,right_f_best-4.890860080718994,i:1
2025-04-28 22:09:44,782 - INFO - tree_node.f_best*ep:-4.8913187980651855,left_f_best-3.661778450012207,right_f_best-4.893752098083496,i:2
2025-04-28 22:10:09,406 - INFO - 添加左子节点，右子节点，len(queue):3
2025-04-28 22:10:09,406 - INFO - Node 1: k=875.7401931566707, f_best=-4.875816822052002, f_min=-5.324776056679184
2025-04-28 22:10:09,406 - INFO - Node 2: k=220.31882202014629, f_best=-3.6415915489196777, f_min=-3.818943916943681
2025-04-28 22:10:09,406 - INFO - Node 3: k=240.95945093860092, f_best=-4.8913187980651855, f_min=-4.990339458494418
2025-04-28 22:10:09,406 - INFO - Node 4: k=166.74512090046892, f_best=-3.661778450012207, f_min=-4.037029887950666
2025-04-28 22:10:09,406 - INFO - Node 5: k=248.26076326149146, f_best=-4.893752098083496, f_min=-5.3247176032377865
2025-04-28 22:10:09,406 - INFO - cur_node_number 9,f_best -4.893752098083496,f_min -5.3247176032377865,k 248.26076326149146
2025-04-28 22:10:09,406 - INFO - f_best_current -4.893752098083496,f_min -5.3247176032377865
2025-04-28 22:10:09,406 - INFO - 回退,len(queue)=1
2025-04-28 22:10:17,664 - INFO - tree_node.f_best*ep:-4.8913187980651855,left_f_best-3.6594324111938477,right_f_best-4.862973690032959,i:1
2025-04-28 22:10:26,182 - INFO - tree_node.f_best*ep:-4.8913187980651855,left_f_best-3.651782512664795,right_f_best-4.896632671356201,i:2
2025-04-28 22:10:52,049 - INFO - 添加左子节点，右子节点，len(queue):3
2025-04-28 22:10:52,049 - INFO - Node 1: k=875.7401931566707, f_best=-4.875816822052002, f_min=-5.324776056679184
2025-04-28 22:10:52,049 - INFO - Node 2: k=220.31882202014629, f_best=-3.6415915489196777, f_min=-3.818943916943681
2025-04-28 22:10:52,049 - INFO - Node 3: k=248.26076326149146, f_best=-4.8913187980651855, f_min=-4.990339458494418
2025-04-28 22:10:52,049 - INFO - Node 4: k=215.97767083633593, f_best=-3.651782512664795, f_min=-5.0176957193561975
2025-04-28 22:10:52,049 - INFO - Node 5: k=243.36904544798693, f_best=-4.896632671356201, f_min=-5.706725481970352
2025-04-28 22:10:52,049 - INFO - cur_node_number 10,f_best -4.896632671356201,f_min -5.706725481970352,k 243.36904544798693
2025-04-28 22:10:52,049 - INFO - f_best_current -4.896632671356201,f_min -5.706725481970352
2025-04-28 22:11:00,568 - INFO - tree_node.f_best*ep:-4.896632671356201,left_f_best-3.6289560794830322,right_f_best-4.881246566772461,i:1
2025-04-28 22:11:09,484 - INFO - tree_node.f_best*ep:-4.896632671356201,left_f_best-3.6425435543060303,right_f_best-4.8765974044799805,i:2
2025-04-28 22:11:18,495 - INFO - tree_node.f_best*ep:-4.896632671356201,left_f_best-3.676650285720825,right_f_best-4.893613338470459,i:3
2025-04-28 22:11:27,955 - INFO - tree_node.f_best*ep:-4.896632671356201,left_f_best-3.680887460708618,right_f_best-4.918607234954834,i:4
2025-04-28 22:11:55,033 - INFO - 添加左子节点，右子节点，len(queue):4
2025-04-28 22:11:55,033 - INFO - Node 1: k=875.7401931566707, f_best=-4.875816822052002, f_min=-5.324776056679184
2025-04-28 22:11:55,033 - INFO - Node 2: k=220.31882202014629, f_best=-3.6415915489196777, f_min=-3.818943916943681
2025-04-28 22:11:55,033 - INFO - Node 3: k=248.26076326149146, f_best=-4.8913187980651855, f_min=-4.990339458494418
2025-04-28 22:11:55,033 - INFO - Node 4: k=215.97767083633593, f_best=-3.651782512664795, f_min=-5.0176957193561975
2025-04-28 22:11:55,033 - INFO - Node 5: k=243.36904544798693, f_best=-4.896632671356201, f_min=-5.706725481970352
2025-04-28 22:11:55,033 - INFO - Node 6: k=238.57371380059496, f_best=-3.680887460708618, f_min=-3.844497932905142
2025-04-28 22:11:55,033 - INFO - Node 7: k=236.21159782237123, f_best=-4.918607234954834, f_min=-5.620580454734409
2025-04-28 22:11:55,033 - INFO - cur_node_number 11,f_best -4.918607234954834,f_min -5.620580454734409,k 236.21159782237123
2025-04-28 22:11:55,033 - INFO - f_best_current -4.918607234954834,f_min -5.620580454734409
2025-04-28 22:12:03,382 - INFO - tree_node.f_best*ep:-4.918607234954834,left_f_best-3.642120599746704,right_f_best-4.88715934753418,i:1
2025-04-28 22:12:12,061 - INFO - tree_node.f_best*ep:-4.918607234954834,left_f_best-3.643071413040161,right_f_best-4.875071048736572,i:2
2025-04-28 22:12:21,365 - INFO - tree_node.f_best*ep:-4.918607234954834,left_f_best-3.6449334621429443,right_f_best-4.91318941116333,i:3
2025-04-28 22:12:31,152 - INFO - tree_node.f_best*ep:-4.918607234954834,left_f_best-3.6803340911865234,right_f_best-4.920585632324219,i:4
2025-04-28 22:12:55,556 - INFO - 添加左子节点，右子节点，len(queue):5
2025-04-28 22:12:55,556 - INFO - Node 1: k=875.7401931566707, f_best=-4.875816822052002, f_min=-5.324776056679184
2025-04-28 22:12:55,556 - INFO - Node 2: k=220.31882202014629, f_best=-3.6415915489196777, f_min=-3.818943916943681
2025-04-28 22:12:55,556 - INFO - Node 3: k=248.26076326149146, f_best=-4.8913187980651855, f_min=-4.990339458494418
2025-04-28 22:12:55,556 - INFO - Node 4: k=215.97767083633593, f_best=-3.651782512664795, f_min=-5.0176957193561975
2025-04-28 22:12:55,556 - INFO - Node 5: k=243.36904544798693, f_best=-4.896632671356201, f_min=-5.706725481970352
2025-04-28 22:12:55,556 - INFO - Node 6: k=238.57371380059496, f_best=-3.680887460708618, f_min=-3.844497932905142
2025-04-28 22:12:55,556 - INFO - Node 7: k=236.21159782237123, f_best=-4.918607234954834, f_min=-5.620580454734409
2025-04-28 22:12:55,556 - INFO - Node 8: k=203.4607357326717, f_best=-3.6803340911865234, f_min=-4.091161252943948
2025-04-28 22:12:55,556 - INFO - Node 9: k=205.4953430899984, f_best=-4.920585632324219, f_min=-5.128232262152778
2025-04-28 22:12:55,556 - INFO - cur_node_number 12,f_best -4.920585632324219,f_min -5.128232262152778,k 205.4953430899984
2025-04-28 22:12:55,556 - INFO - f_best_current -4.920585632324219,f_min -5.128232262152778
2025-04-28 22:13:04,068 - INFO - tree_node.f_best*ep:-4.920585632324219,left_f_best-3.636956214904785,right_f_best-4.832820892333984,i:1
2025-04-28 22:13:12,994 - INFO - tree_node.f_best*ep:-4.920585632324219,left_f_best-3.6730597019195557,right_f_best-4.892373561859131,i:2
2025-04-28 22:13:22,338 - INFO - tree_node.f_best*ep:-4.920585632324219,left_f_best-3.6665923595428467,right_f_best-4.906067371368408,i:3
2025-04-28 22:13:32,018 - INFO - tree_node.f_best*ep:-4.920585632324219,left_f_best-3.6656436920166016,right_f_best-4.909424304962158,i:4
2025-04-28 22:13:41,785 - INFO - tree_node.f_best*ep:-4.920585632324219,left_f_best-3.6895458698272705,right_f_best-4.921426296234131,i:5
2025-04-28 22:14:06,531 - INFO - 添加左子节点，右子节点，len(queue):6
2025-04-28 22:14:06,531 - INFO - Node 1: k=875.7401931566707, f_best=-4.875816822052002, f_min=-5.324776056679184
2025-04-28 22:14:06,531 - INFO - Node 2: k=220.31882202014629, f_best=-3.6415915489196777, f_min=-3.818943916943681
2025-04-28 22:14:06,531 - INFO - Node 3: k=248.26076326149146, f_best=-4.8913187980651855, f_min=-4.990339458494418
2025-04-28 22:14:06,531 - INFO - Node 4: k=215.97767083633593, f_best=-3.651782512664795, f_min=-5.0176957193561975
2025-04-28 22:14:06,531 - INFO - Node 5: k=243.36904544798693, f_best=-4.896632671356201, f_min=-5.706725481970352
2025-04-28 22:14:06,531 - INFO - Node 6: k=238.57371380059496, f_best=-3.680887460708618, f_min=-3.844497932905142
2025-04-28 22:14:06,531 - INFO - Node 7: k=236.21159782237123, f_best=-4.918607234954834, f_min=-5.620580454734409
2025-04-28 22:14:06,531 - INFO - Node 8: k=203.4607357326717, f_best=-3.6803340911865234, f_min=-4.091161252943948
2025-04-28 22:14:06,531 - INFO - Node 9: k=205.4953430899984, f_best=-4.920585632324219, f_min=-5.128232262152778
2025-04-28 22:14:06,531 - INFO - Node 10: k=191.66921665827874, f_best=-3.6895458698272705, f_min=-3.7911641515688643
2025-04-28 22:14:06,531 - INFO - Node 11: k=211.72205748096846, f_best=-4.921426296234131, f_min=-5.479832403121691
2025-04-28 22:14:06,531 - INFO - cur_node_number 13,f_best -4.921426296234131,f_min -5.479832403121691,k 211.72205748096846
2025-04-28 22:14:06,531 - INFO - f_best_current -4.921426296234131,f_min -5.479832403121691
2025-04-28 22:14:06,531 - INFO - 回退,len(queue)=4
2025-04-28 22:14:15,016 - INFO - tree_node.f_best*ep:-4.920585632324219,left_f_best-3.630580425262451,right_f_best-4.874133586883545,i:1
2025-04-28 22:14:23,696 - INFO - tree_node.f_best*ep:-4.920585632324219,left_f_best-3.6545441150665283,right_f_best-4.886921405792236,i:2
2025-04-28 22:14:32,912 - INFO - tree_node.f_best*ep:-4.920585632324219,left_f_best-3.646531581878662,right_f_best-4.907760143280029,i:3
2025-04-28 22:14:42,355 - INFO - tree_node.f_best*ep:-4.920585632324219,left_f_best-3.6801445484161377,right_f_best-4.923906326293945,i:4
2025-04-28 22:15:08,159 - INFO - 添加左子节点，右子节点，len(queue):6
2025-04-28 22:15:08,159 - INFO - Node 1: k=875.7401931566707, f_best=-4.875816822052002, f_min=-5.324776056679184
2025-04-28 22:15:08,175 - INFO - Node 2: k=220.31882202014629, f_best=-3.6415915489196777, f_min=-3.818943916943681
2025-04-28 22:15:08,175 - INFO - Node 3: k=248.26076326149146, f_best=-4.8913187980651855, f_min=-4.990339458494418
2025-04-28 22:15:08,175 - INFO - Node 4: k=215.97767083633593, f_best=-3.651782512664795, f_min=-5.0176957193561975
2025-04-28 22:15:08,175 - INFO - Node 5: k=243.36904544798693, f_best=-4.896632671356201, f_min=-5.706725481970352
2025-04-28 22:15:08,175 - INFO - Node 6: k=238.57371380059496, f_best=-3.680887460708618, f_min=-3.844497932905142
2025-04-28 22:15:08,175 - INFO - Node 7: k=236.21159782237123, f_best=-4.918607234954834, f_min=-5.620580454734409
2025-04-28 22:15:08,175 - INFO - Node 8: k=203.4607357326717, f_best=-3.6803340911865234, f_min=-4.091161252943948
2025-04-28 22:15:08,175 - INFO - Node 9: k=211.72205748096846, f_best=-4.920585632324219, f_min=-5.128232262152778
2025-04-28 22:15:08,175 - INFO - Node 10: k=203.4607357326717, f_best=-3.6801445484161377, f_min=-4.164147141375906
2025-04-28 22:15:08,175 - INFO - Node 11: k=243.36904544798693, f_best=-4.923906326293945, f_min=-5.280829326765797
2025-04-28 22:15:08,175 - INFO - cur_node_number 14,f_best -4.923906326293945,f_min -5.280829326765797,k 243.36904544798693
2025-04-28 22:15:08,175 - INFO - f_best_current -4.923906326293945,f_min -5.280829326765797
2025-04-28 22:15:08,175 - INFO - 回退,len(queue)=4
2025-04-28 22:15:08,175 - INFO - 回退,len(queue)=3
2025-04-28 22:15:16,378 - INFO - tree_node.f_best*ep:-4.918607234954834,left_f_best-3.627883195877075,right_f_best-4.866726398468018,i:1
2025-04-28 22:15:25,091 - INFO - tree_node.f_best*ep:-4.918607234954834,left_f_best-3.6205785274505615,right_f_best-4.8809590339660645,i:2
2025-04-28 22:15:34,270 - INFO - tree_node.f_best*ep:-4.918607234954834,left_f_best-3.6616711616516113,right_f_best-4.918833255767822,i:3
2025-04-28 22:16:00,740 - INFO - 添加左子节点，右子节点，len(queue):5
2025-04-28 22:16:00,740 - INFO - Node 1: k=875.7401931566707, f_best=-4.875816822052002, f_min=-5.324776056679184
2025-04-28 22:16:00,740 - INFO - Node 2: k=220.31882202014629, f_best=-3.6415915489196777, f_min=-3.818943916943681
2025-04-28 22:16:00,740 - INFO - Node 3: k=248.26076326149146, f_best=-4.8913187980651855, f_min=-4.990339458494418
2025-04-28 22:16:00,740 - INFO - Node 4: k=215.97767083633593, f_best=-3.651782512664795, f_min=-5.0176957193561975
2025-04-28 22:16:00,740 - INFO - Node 5: k=243.36904544798693, f_best=-4.896632671356201, f_min=-5.706725481970352
2025-04-28 22:16:00,740 - INFO - Node 6: k=238.57371380059496, f_best=-3.680887460708618, f_min=-3.844497932905142
2025-04-28 22:16:00,740 - INFO - Node 7: k=243.36904544798693, f_best=-4.918607234954834, f_min=-5.620580454734409
2025-04-28 22:16:00,740 - INFO - Node 8: k=195.52176791311012, f_best=-3.6616711616516113, f_min=-3.9573660245996507
2025-04-28 22:16:00,740 - INFO - Node 9: k=248.26076326149146, f_best=-4.918833255767822, f_min=-4.996934832859097
2025-04-28 22:16:00,740 - INFO - cur_node_number 15,f_best -4.918833255767822,f_min -4.996934832859097,k 248.26076326149146
2025-04-28 22:16:00,740 - INFO - f_best_current -4.918833255767822,f_min -4.996934832859097
2025-04-28 22:16:00,740 - INFO - 回退,len(queue)=3
2025-04-28 22:16:00,740 - INFO - 回退,len(queue)=2
2025-04-28 22:16:08,936 - INFO - tree_node.f_best*ep:-4.896632671356201,left_f_best-3.618114948272705,right_f_best-4.8713836669921875,i:1
2025-04-28 22:16:17,326 - INFO - tree_node.f_best*ep:-4.896632671356201,left_f_best-3.667238712310791,right_f_best-4.883906364440918,i:2
2025-04-28 22:16:26,463 - INFO - tree_node.f_best*ep:-4.896632671356201,left_f_best-3.6796391010284424,right_f_best-4.9086833000183105,i:3
2025-04-28 22:16:53,050 - INFO - 添加左子节点，右子节点，len(queue):4
2025-04-28 22:16:53,050 - INFO - Node 1: k=875.7401931566707, f_best=-4.875816822052002, f_min=-5.324776056679184
2025-04-28 22:16:53,050 - INFO - Node 2: k=220.31882202014629, f_best=-3.6415915489196777, f_min=-3.818943916943681
2025-04-28 22:16:53,050 - INFO - Node 3: k=248.26076326149146, f_best=-4.8913187980651855, f_min=-4.990339458494418
2025-04-28 22:16:53,050 - INFO - Node 4: k=215.97767083633593, f_best=-3.651782512664795, f_min=-5.0176957193561975
2025-04-28 22:16:53,050 - INFO - Node 5: k=248.26076326149146, f_best=-4.896632671356201, f_min=-5.706725481970352
2025-04-28 22:16:53,050 - INFO - Node 6: k=226.99470264617875, f_best=-3.6796391010284424, f_min=-4.491536936329794
2025-04-28 22:16:53,050 - INFO - Node 7: k=197.47698559224122, f_best=-4.9086833000183105, f_min=-5.134427334384327
2025-04-28 22:16:53,050 - INFO - cur_node_number 16,f_best -4.9086833000183105,f_min -5.134427334384327,k 197.47698559224122
2025-04-28 22:16:53,050 - INFO - f_best_current -4.9086833000183105,f_min -5.134427334384327
2025-04-28 22:17:01,347 - INFO - tree_node.f_best*ep:-4.9086833000183105,left_f_best-3.618831157684326,right_f_best-4.853237152099609,i:1
2025-04-28 22:17:09,902 - INFO - tree_node.f_best*ep:-4.9086833000183105,left_f_best-3.645981788635254,right_f_best-4.902183532714844,i:2
2025-04-28 22:17:19,140 - INFO - tree_node.f_best*ep:-4.9086833000183105,left_f_best-3.6730751991271973,right_f_best-4.896108150482178,i:3
2025-04-28 22:17:28,856 - INFO - tree_node.f_best*ep:-4.9086833000183105,left_f_best-3.673624038696289,right_f_best-4.917770862579346,i:4
2025-04-28 22:17:55,507 - INFO - 添加左子节点，右子节点，len(queue):5
2025-04-28 22:17:55,507 - INFO - Node 1: k=875.7401931566707, f_best=-4.875816822052002, f_min=-5.324776056679184
2025-04-28 22:17:55,507 - INFO - Node 2: k=220.31882202014629, f_best=-3.6415915489196777, f_min=-3.818943916943681
2025-04-28 22:17:55,507 - INFO - Node 3: k=248.26076326149146, f_best=-4.8913187980651855, f_min=-4.990339458494418
2025-04-28 22:17:55,507 - INFO - Node 4: k=215.97767083633593, f_best=-3.651782512664795, f_min=-5.0176957193561975
2025-04-28 22:17:55,507 - INFO - Node 5: k=248.26076326149146, f_best=-4.896632671356201, f_min=-5.706725481970352
2025-04-28 22:17:55,507 - INFO - Node 6: k=226.99470264617875, f_best=-3.6796391010284424, f_min=-4.491536936329794
2025-04-28 22:17:55,507 - INFO - Node 7: k=197.47698559224122, f_best=-4.9086833000183105, f_min=-5.134427334384327
2025-04-28 22:17:55,507 - INFO - Node 8: k=215.97767083633593, f_best=-3.673624038696289, f_min=-3.788361618342151
2025-04-28 22:17:55,507 - INFO - Node 9: k=211.72205748096846, f_best=-4.917770862579346, f_min=-5.24285074664067
2025-04-28 22:17:55,507 - INFO - cur_node_number 17,f_best -4.917770862579346,f_min -5.24285074664067,k 211.72205748096846
2025-04-28 22:17:55,507 - INFO - f_best_current -4.917770862579346,f_min -5.24285074664067
2025-04-28 22:17:55,507 - INFO - 回退,len(queue)=3
2025-04-28 22:18:03,841 - INFO - tree_node.f_best*ep:-4.9086833000183105,left_f_best-3.6197028160095215,right_f_best-4.854146480560303,i:1
2025-04-28 22:18:12,343 - INFO - tree_node.f_best*ep:-4.9086833000183105,left_f_best-3.6313650608062744,right_f_best-4.902429103851318,i:2
2025-04-28 22:18:21,306 - INFO - tree_node.f_best*ep:-4.9086833000183105,left_f_best-3.6730761528015137,right_f_best-4.904582500457764,i:3
2025-04-28 22:18:30,902 - INFO - tree_node.f_best*ep:-4.9086833000183105,left_f_best-3.6596856117248535,right_f_best-4.9199018478393555,i:4
2025-04-28 22:18:58,012 - INFO - 添加左子节点，右子节点，len(queue):5
2025-04-28 22:18:58,012 - INFO - Node 1: k=875.7401931566707, f_best=-4.875816822052002, f_min=-5.324776056679184
2025-04-28 22:18:58,012 - INFO - Node 2: k=220.31882202014629, f_best=-3.6415915489196777, f_min=-3.818943916943681
2025-04-28 22:18:58,012 - INFO - Node 3: k=248.26076326149146, f_best=-4.8913187980651855, f_min=-4.990339458494418
2025-04-28 22:18:58,012 - INFO - Node 4: k=215.97767083633593, f_best=-3.651782512664795, f_min=-5.0176957193561975
2025-04-28 22:18:58,012 - INFO - Node 5: k=248.26076326149146, f_best=-4.896632671356201, f_min=-5.706725481970352
2025-04-28 22:18:58,012 - INFO - Node 6: k=226.99470264617875, f_best=-3.6796391010284424, f_min=-4.491536936329794
2025-04-28 22:18:58,012 - INFO - Node 7: k=211.72205748096846, f_best=-4.9086833000183105, f_min=-5.134427334384327
2025-04-28 22:18:58,012 - INFO - Node 8: k=211.72205748096846, f_best=-3.6596856117248535, f_min=-4.251996346819396
2025-04-28 22:18:58,012 - INFO - Node 9: k=248.26076326149146, f_best=-4.9199018478393555, f_min=-6.107401469442266
2025-04-28 22:18:58,012 - INFO - cur_node_number 18,f_best -4.9199018478393555,f_min -6.107401469442266,k 248.26076326149146
2025-04-28 22:18:58,012 - INFO - f_best_current -4.9199018478393555,f_min -6.107401469442266
2025-04-28 22:18:58,012 - INFO - 回退,len(queue)=3
2025-04-28 22:19:06,359 - INFO - tree_node.f_best*ep:-4.9086833000183105,left_f_best-3.638575792312622,right_f_best-4.889619827270508,i:1
2025-04-28 22:19:15,047 - INFO - tree_node.f_best*ep:-4.9086833000183105,left_f_best-3.665891170501709,right_f_best-4.898221015930176,i:2
2025-04-28 22:19:24,343 - INFO - tree_node.f_best*ep:-4.9086833000183105,left_f_best-3.656923770904541,right_f_best-4.911019325256348,i:3
2025-04-28 22:19:50,769 - INFO - 添加左子节点，右子节点，len(queue):5
2025-04-28 22:19:50,769 - INFO - Node 1: k=875.7401931566707, f_best=-4.875816822052002, f_min=-5.324776056679184
2025-04-28 22:19:50,769 - INFO - Node 2: k=220.31882202014629, f_best=-3.6415915489196777, f_min=-3.818943916943681
2025-04-28 22:19:50,769 - INFO - Node 3: k=248.26076326149146, f_best=-4.8913187980651855, f_min=-4.990339458494418
2025-04-28 22:19:50,769 - INFO - Node 4: k=215.97767083633593, f_best=-3.651782512664795, f_min=-5.0176957193561975
2025-04-28 22:19:50,769 - INFO - Node 5: k=248.26076326149146, f_best=-4.896632671356201, f_min=-5.706725481970352
2025-04-28 22:19:50,769 - INFO - Node 6: k=226.99470264617875, f_best=-3.6796391010284424, f_min=-4.491536936329794
2025-04-28 22:19:50,769 - INFO - Node 7: k=248.26076326149146, f_best=-4.9086833000183105, f_min=-5.134427334384327
2025-04-28 22:19:50,769 - INFO - Node 8: k=220.31882202014629, f_best=-3.656923770904541, f_min=-3.81014241388948
2025-04-28 22:19:50,769 - INFO - Node 9: k=209.62579948610738, f_best=-4.911019325256348, f_min=-5.754599126741596
2025-04-28 22:19:50,769 - INFO - cur_node_number 19,f_best -4.911019325256348,f_min -5.754599126741596,k 209.62579948610738
2025-04-28 22:19:50,769 - INFO - f_best_current -4.911019325256348,f_min -5.754599126741596
2025-04-28 22:19:58,955 - INFO - tree_node.f_best*ep:-4.911019325256348,left_f_best-3.642500162124634,right_f_best-4.872904300689697,i:1
2025-04-28 22:20:07,498 - INFO - tree_node.f_best*ep:-4.911019325256348,left_f_best-3.652876615524292,right_f_best-4.901272296905518,i:2
2025-04-28 22:20:16,578 - INFO - tree_node.f_best*ep:-4.911019325256348,left_f_best-3.6649117469787598,right_f_best-4.9148383140563965,i:3
2025-04-28 22:20:42,176 - INFO - 添加左子节点，右子节点，len(queue):6
2025-04-28 22:20:42,176 - INFO - Node 1: k=875.7401931566707, f_best=-4.875816822052002, f_min=-5.324776056679184
2025-04-28 22:20:42,176 - INFO - Node 2: k=220.31882202014629, f_best=-3.6415915489196777, f_min=-3.818943916943681
2025-04-28 22:20:42,176 - INFO - Node 3: k=248.26076326149146, f_best=-4.8913187980651855, f_min=-4.990339458494418
2025-04-28 22:20:42,176 - INFO - Node 4: k=215.97767083633593, f_best=-3.651782512664795, f_min=-5.0176957193561975
2025-04-28 22:20:42,176 - INFO - Node 5: k=248.26076326149146, f_best=-4.896632671356201, f_min=-5.706725481970352
2025-04-28 22:20:42,176 - INFO - Node 6: k=226.99470264617875, f_best=-3.6796391010284424, f_min=-4.491536936329794
2025-04-28 22:20:42,176 - INFO - Node 7: k=248.26076326149146, f_best=-4.9086833000183105, f_min=-5.134427334384327
2025-04-28 22:20:42,176 - INFO - Node 8: k=220.31882202014629, f_best=-3.656923770904541, f_min=-3.81014241388948
2025-04-28 22:20:42,176 - INFO - Node 9: k=209.62579948610738, f_best=-4.911019325256348, f_min=-5.754599126741596
2025-04-28 22:20:42,176 - INFO - Node 10: k=180.5610722978377, f_best=-3.6649117469787598, f_min=-4.097016343973792
2025-04-28 22:20:42,176 - INFO - Node 11: k=220.31882202014629, f_best=-4.9148383140563965, f_min=-5.206046553571923
2025-04-28 22:20:42,176 - INFO - cur_node_number 20,f_best -4.9148383140563965,f_min -5.206046553571923,k 220.31882202014629
2025-04-28 22:20:42,176 - INFO - f_best_current -4.9148383140563965,f_min -5.206046553571923
2025-04-28 22:20:42,176 - INFO - 回退,len(queue)=4
2025-04-28 22:20:50,703 - INFO - tree_node.f_best*ep:-4.911019325256348,left_f_best-3.612661838531494,right_f_best-4.882906913757324,i:1
2025-04-28 22:20:59,560 - INFO - tree_node.f_best*ep:-4.911019325256348,left_f_best-3.6708521842956543,right_f_best-4.877752780914307,i:2
2025-04-28 22:21:08,510 - INFO - tree_node.f_best*ep:-4.911019325256348,left_f_best-3.6608972549438477,right_f_best-4.899506092071533,i:3
2025-04-28 22:21:17,763 - INFO - tree_node.f_best*ep:-4.911019325256348,left_f_best-3.680856227874756,right_f_best-4.90857458114624,i:4
2025-04-28 22:21:27,700 - INFO - tree_node.f_best*ep:-4.911019325256348,left_f_best-3.681656837463379,right_f_best-4.913394451141357,i:5
2025-04-28 22:21:54,539 - INFO - 添加左子节点，右子节点，len(queue):6
2025-04-28 22:21:54,539 - INFO - Node 1: k=875.7401931566707, f_best=-4.875816822052002, f_min=-5.324776056679184
2025-04-28 22:21:54,539 - INFO - Node 2: k=220.31882202014629, f_best=-3.6415915489196777, f_min=-3.818943916943681
2025-04-28 22:21:54,539 - INFO - Node 3: k=248.26076326149146, f_best=-4.8913187980651855, f_min=-4.990339458494418
2025-04-28 22:21:54,539 - INFO - Node 4: k=215.97767083633593, f_best=-3.651782512664795, f_min=-5.0176957193561975
2025-04-28 22:21:54,539 - INFO - Node 5: k=248.26076326149146, f_best=-4.896632671356201, f_min=-5.706725481970352
2025-04-28 22:21:54,539 - INFO - Node 6: k=226.99470264617875, f_best=-3.6796391010284424, f_min=-4.491536936329794
2025-04-28 22:21:54,539 - INFO - Node 7: k=248.26076326149146, f_best=-4.9086833000183105, f_min=-5.134427334384327
2025-04-28 22:21:54,539 - INFO - Node 8: k=220.31882202014629, f_best=-3.656923770904541, f_min=-3.81014241388948
2025-04-28 22:21:54,539 - INFO - Node 9: k=220.31882202014629, f_best=-4.911019325256348, f_min=-5.754599126741596
2025-04-28 22:21:54,539 - INFO - Node 10: k=236.21159782237123, f_best=-3.681656837463379, f_min=-3.9028090143933696
2025-04-28 22:21:54,539 - INFO - Node 11: k=224.74723034275124, f_best=-4.913394451141357, f_min=-5.4055376927994985
2025-04-28 22:21:54,539 - INFO - cur_node_number 21,f_best -4.913394451141357,f_min -5.4055376927994985,k 224.74723034275124
2025-04-28 22:21:54,539 - INFO - f_best_current -4.913394451141357,f_min -5.4055376927994985
2025-04-28 22:21:54,539 - INFO - 回退,len(queue)=4
2025-04-28 22:22:02,959 - INFO - tree_node.f_best*ep:-4.911019325256348,left_f_best-3.63588547706604,right_f_best-4.860829830169678,i:1
2025-04-28 22:22:11,630 - INFO - tree_node.f_best*ep:-4.911019325256348,left_f_best-3.629085063934326,right_f_best-4.8826985359191895,i:2
2025-04-28 22:22:20,610 - INFO - tree_node.f_best*ep:-4.911019325256348,left_f_best-3.657268524169922,right_f_best-4.8925676345825195,i:3
2025-04-28 22:22:30,065 - INFO - tree_node.f_best*ep:-4.911019325256348,left_f_best-3.6889572143554688,right_f_best-4.92059850692749,i:4
2025-04-28 22:22:56,420 - INFO - 添加左子节点，右子节点，len(queue):6
2025-04-28 22:22:56,420 - INFO - Node 1: k=875.7401931566707, f_best=-4.875816822052002, f_min=-5.324776056679184
2025-04-28 22:22:56,420 - INFO - Node 2: k=220.31882202014629, f_best=-3.6415915489196777, f_min=-3.818943916943681
2025-04-28 22:22:56,420 - INFO - Node 3: k=248.26076326149146, f_best=-4.8913187980651855, f_min=-4.990339458494418
2025-04-28 22:22:56,420 - INFO - Node 4: k=215.97767083633593, f_best=-3.651782512664795, f_min=-5.0176957193561975
2025-04-28 22:22:56,420 - INFO - Node 5: k=248.26076326149146, f_best=-4.896632671356201, f_min=-5.706725481970352
2025-04-28 22:22:56,420 - INFO - Node 6: k=226.99470264617875, f_best=-3.6796391010284424, f_min=-4.491536936329794
2025-04-28 22:22:56,420 - INFO - Node 7: k=248.26076326149146, f_best=-4.9086833000183105, f_min=-5.134427334384327
2025-04-28 22:22:56,420 - INFO - Node 8: k=220.31882202014629, f_best=-3.656923770904541, f_min=-3.81014241388948
2025-04-28 22:22:56,420 - INFO - Node 9: k=224.74723034275124, f_best=-4.911019325256348, f_min=-5.754599126741596
2025-04-28 22:22:56,420 - INFO - Node 10: k=229.26464967264053, f_best=-3.6889572143554688, f_min=-4.018811949139035
2025-04-28 22:22:56,420 - INFO - Node 11: k=197.47698559224122, f_best=-4.92059850692749, f_min=-5.767880639967643
2025-04-28 22:22:56,420 - INFO - cur_node_number 22,f_best -4.92059850692749,f_min -5.767880639967643,k 197.47698559224122
2025-04-28 22:22:56,420 - INFO - f_best_current -4.92059850692749,f_min -5.767880639967643
2025-04-28 22:23:04,905 - INFO - tree_node.f_best*ep:-4.92059850692749,left_f_best-3.6300129890441895,right_f_best-4.870622634887695,i:1
2025-04-28 22:23:13,643 - INFO - tree_node.f_best*ep:-4.92059850692749,left_f_best-3.6539764404296875,right_f_best-4.858416557312012,i:2
2025-04-28 22:23:22,807 - INFO - tree_node.f_best*ep:-4.92059850692749,left_f_best-3.6503806114196777,right_f_best-4.911369800567627,i:3
2025-04-28 22:23:32,253 - INFO - tree_node.f_best*ep:-4.92059850692749,left_f_best-3.674469470977783,right_f_best-4.928415775299072,i:4
2025-04-28 22:23:59,220 - INFO - 添加左子节点，右子节点，len(queue):7
2025-04-28 22:23:59,220 - INFO - Node 1: k=875.7401931566707, f_best=-4.875816822052002, f_min=-5.324776056679184
2025-04-28 22:23:59,220 - INFO - Node 2: k=220.31882202014629, f_best=-3.6415915489196777, f_min=-3.818943916943681
2025-04-28 22:23:59,220 - INFO - Node 3: k=248.26076326149146, f_best=-4.8913187980651855, f_min=-4.990339458494418
2025-04-28 22:23:59,220 - INFO - Node 4: k=215.97767083633593, f_best=-3.651782512664795, f_min=-5.0176957193561975
2025-04-28 22:23:59,220 - INFO - Node 5: k=248.26076326149146, f_best=-4.896632671356201, f_min=-5.706725481970352
2025-04-28 22:23:59,220 - INFO - Node 6: k=226.99470264617875, f_best=-3.6796391010284424, f_min=-4.491536936329794
2025-04-28 22:23:59,220 - INFO - Node 7: k=248.26076326149146, f_best=-4.9086833000183105, f_min=-5.134427334384327
2025-04-28 22:23:59,220 - INFO - Node 8: k=220.31882202014629, f_best=-3.656923770904541, f_min=-3.81014241388948
2025-04-28 22:23:59,220 - INFO - Node 9: k=224.74723034275124, f_best=-4.911019325256348, f_min=-5.754599126741596
2025-04-28 22:23:59,220 - INFO - Node 10: k=229.26464967264053, f_best=-3.6889572143554688, f_min=-4.018811949139035
2025-04-28 22:23:59,220 - INFO - Node 11: k=197.47698559224122, f_best=-4.92059850692749, f_min=-5.767880639967643
2025-04-28 22:23:59,220 - INFO - Node 12: k=233.8728691310606, f_best=-3.674469470977783, f_min=-4.016524286854747
2025-04-28 22:23:59,220 - INFO - Node 13: k=226.99470264617875, f_best=-4.928415775299072, f_min=-4.951373419015908
2025-04-28 22:23:59,220 - INFO - cur_node_number 23,f_best -4.928415775299072,f_min -4.951373419015908,k 226.99470264617875
2025-04-28 22:23:59,220 - INFO - f_best_current -4.928415775299072,f_min -4.951373419015908
2025-04-28 22:23:59,220 - INFO - 结束,fmin= -4.951373419015908, fbestmin=-4.928415775299072
