2025-04-26 22:30:26,482 - INFO - Namespace(log_file='outputs/dnn1/img[5]/min/DNN1img5_label1.log', image_path='img[5].png', model_path='network/SimpleNN14.pth', label=1, init_epsilon=0.05, epsilon=0.01, ep=1, min=1)
2025-04-26 22:30:26,493 - INFO - Model output max(1): torch.return_types.max(
values=tensor([7.2483], grad_fn=<MaxBackward0>),
indices=tensor([5]))
2025-04-26 22:30:30,654 - INFO - cur_node_number 1,f_best -9.320425033569336,f_min -32.52949233821346,k 939.6272322275097
2025-04-26 22:30:30,654 - INFO - f_best_current -9.320425033569336,f_min -32.52949233821346
2025-04-26 22:30:37,137 - INFO - tree_node.f_best*ep:-9.320425033569336,left_f_best-8.48111343383789,right_f_best-9.324292182922363,i:1
2025-04-26 22:30:57,195 - INFO - 添加左子节点，右子节点，len(queue):2
2025-04-26 22:30:57,195 - INFO - Node 1: k=939.6272322275097, f_best=-9.320425033569336, f_min=-32.52949233821346
2025-04-26 22:30:57,195 - INFO - Node 2: k=117.83317187838647, f_best=-8.48111343383789, f_min=-10.335577788665887
2025-04-26 22:30:57,195 - INFO - Node 3: k=108.8169572815645, f_best=-9.324292182922363, f_min=-9.441720733655984
2025-04-26 22:30:57,195 - INFO - cur_node_number 2,f_best -9.324292182922363,f_min -9.441720733655984,k 108.8169572815645
2025-04-26 22:30:57,195 - INFO - f_best_current -9.324292182922363,f_min -9.441720733655984
2025-04-26 22:31:04,292 - INFO - tree_node.f_best*ep:-9.324292182922363,left_f_best-8.490185737609863,right_f_best-9.33298110961914,i:1
2025-04-26 22:31:24,797 - INFO - 添加左子节点，右子节点，len(queue):3
2025-04-26 22:31:24,797 - INFO - Node 1: k=939.6272322275097, f_best=-9.320425033569336, f_min=-32.52949233821346
2025-04-26 22:31:24,798 - INFO - Node 2: k=117.83317187838647, f_best=-8.48111343383789, f_min=-10.335577788665887
2025-04-26 22:31:24,798 - INFO - Node 3: k=108.8169572815645, f_best=-9.324292182922363, f_min=-9.441720733655984
2025-04-26 22:31:24,798 - INFO - Node 4: k=115.51139288146894, f_best=-8.490185737609863, f_min=-8.857868473108738
2025-04-26 22:31:24,798 - INFO - Node 5: k=101.49554071481028, f_best=-9.33298110961914, f_min=-9.717542807120935
2025-04-26 22:31:24,798 - INFO - cur_node_number 3,f_best -9.33298110961914,f_min -9.717542807120935,k 101.49554071481028
2025-04-26 22:31:24,798 - INFO - f_best_current -9.33298110961914,f_min -9.717542807120935
2025-04-26 22:31:31,879 - INFO - tree_node.f_best*ep:-9.33298110961914,left_f_best-8.481199264526367,right_f_best-9.323867797851562,i:1
2025-04-26 22:31:39,240 - INFO - tree_node.f_best*ep:-9.33298110961914,left_f_best-8.501167297363281,right_f_best-9.363000869750977,i:2
2025-04-26 22:32:00,741 - INFO - 添加左子节点，右子节点，len(queue):4
2025-04-26 22:32:00,741 - INFO - Node 1: k=939.6272322275097, f_best=-9.320425033569336, f_min=-32.52949233821346
2025-04-26 22:32:00,741 - INFO - Node 2: k=117.83317187838647, f_best=-8.48111343383789, f_min=-10.335577788665887
2025-04-26 22:32:00,741 - INFO - Node 3: k=108.8169572815645, f_best=-9.324292182922363, f_min=-9.441720733655984
2025-04-26 22:32:00,741 - INFO - Node 4: k=115.51139288146894, f_best=-8.490185737609863, f_min=-8.857868473108738
2025-04-26 22:32:00,741 - INFO - Node 5: k=101.49554071481028, f_best=-9.33298110961914, f_min=-9.717542807120935
2025-04-26 22:32:00,742 - INFO - Node 6: k=175.43753622339716, f_best=-8.501167297363281, f_min=-8.924910338384507
2025-04-26 22:32:00,742 - INFO - Node 7: k=95.61339052993634, f_best=-9.363000869750977, f_min=-9.787988882259924
2025-04-26 22:32:00,742 - INFO - cur_node_number 4,f_best -9.363000869750977,f_min -9.787988882259924,k 95.61339052993634
2025-04-26 22:32:00,742 - INFO - f_best_current -9.363000869750977,f_min -9.787988882259924
2025-04-26 22:32:07,869 - INFO - tree_node.f_best*ep:-9.363000869750977,left_f_best-8.479704856872559,right_f_best-9.343315124511719,i:1
2025-04-26 22:32:15,268 - INFO - tree_node.f_best*ep:-9.363000869750977,left_f_best-8.471833229064941,right_f_best-9.340631484985352,i:2
2025-04-26 22:32:22,868 - INFO - tree_node.f_best*ep:-9.363000869750977,left_f_best-8.503376007080078,right_f_best-9.377985954284668,i:3
2025-04-26 22:32:46,668 - INFO - 添加左子节点，右子节点，len(queue):5
2025-04-26 22:32:46,668 - INFO - Node 1: k=939.6272322275097, f_best=-9.320425033569336, f_min=-32.52949233821346
2025-04-26 22:32:46,668 - INFO - Node 2: k=117.83317187838647, f_best=-8.48111343383789, f_min=-10.335577788665887
2025-04-26 22:32:46,669 - INFO - Node 3: k=108.8169572815645, f_best=-9.324292182922363, f_min=-9.441720733655984
2025-04-26 22:32:46,669 - INFO - Node 4: k=115.51139288146894, f_best=-8.490185737609863, f_min=-8.857868473108738
2025-04-26 22:32:46,669 - INFO - Node 5: k=101.49554071481028, f_best=-9.33298110961914, f_min=-9.717542807120935
2025-04-26 22:32:46,669 - INFO - Node 6: k=175.43753622339716, f_best=-8.501167297363281, f_min=-8.924910338384507
2025-04-26 22:32:46,669 - INFO - Node 7: k=95.61339052993634, f_best=-9.363000869750977, f_min=-9.787988882259924
2025-04-26 22:32:46,669 - INFO - Node 8: k=128.8724047170763, f_best=-8.503376007080078, f_min=-8.508686953261076
2025-04-26 22:32:46,669 - INFO - Node 9: k=184.38661373557323, f_best=-9.377985954284668, f_min=-9.737657067529653
2025-04-26 22:32:46,670 - INFO - cur_node_number 5,f_best -9.377985954284668,f_min -9.737657067529653,k 184.38661373557323
2025-04-26 22:32:46,670 - INFO - f_best_current -9.377985954284668,f_min -9.737657067529653
2025-04-26 22:32:46,670 - INFO - 回退,len(queue)=3
2025-04-26 22:32:46,670 - INFO - 回退,len(queue)=2
2025-04-26 22:32:46,670 - INFO - 回退,len(queue)=1
2025-04-26 22:32:53,789 - INFO - tree_node.f_best*ep:-9.324292182922363,left_f_best-8.489112854003906,right_f_best-9.337296485900879,i:1
2025-04-26 22:33:14,171 - INFO - 添加左子节点，右子节点，len(queue):3
2025-04-26 22:33:14,171 - INFO - Node 1: k=939.6272322275097, f_best=-9.320425033569336, f_min=-32.52949233821346
2025-04-26 22:33:14,171 - INFO - Node 2: k=117.83317187838647, f_best=-8.48111343383789, f_min=-10.335577788665887
2025-04-26 22:33:14,172 - INFO - Node 3: k=184.38661373557323, f_best=-9.324292182922363, f_min=-9.441720733655984
2025-04-26 22:33:14,172 - INFO - Node 4: k=108.8169572815645, f_best=-8.489112854003906, f_min=-8.694296302644489
2025-04-26 22:33:14,172 - INFO - Node 5: k=114.36771572422667, f_best=-9.337296485900879, f_min=-11.11321612467691
2025-04-26 22:33:14,172 - INFO - cur_node_number 6,f_best -9.337296485900879,f_min -11.11321612467691,k 114.36771572422667
2025-04-26 22:33:14,172 - INFO - f_best_current -9.337296485900879,f_min -11.11321612467691
2025-04-26 22:33:21,319 - INFO - tree_node.f_best*ep:-9.337296485900879,left_f_best-8.481754302978516,right_f_best-9.341629981994629,i:1
2025-04-26 22:33:41,536 - INFO - 添加左子节点，右子节点，len(queue):4
2025-04-26 22:33:41,537 - INFO - Node 1: k=939.6272322275097, f_best=-9.320425033569336, f_min=-32.52949233821346
2025-04-26 22:33:41,537 - INFO - Node 2: k=117.83317187838647, f_best=-8.48111343383789, f_min=-10.335577788665887
2025-04-26 22:33:41,537 - INFO - Node 3: k=184.38661373557323, f_best=-9.324292182922363, f_min=-9.441720733655984
2025-04-26 22:33:41,537 - INFO - Node 4: k=108.8169572815645, f_best=-8.489112854003906, f_min=-8.694296302644489
2025-04-26 22:33:41,537 - INFO - Node 5: k=114.36771572422667, f_best=-9.337296485900879, f_min=-11.11321612467691
2025-04-26 22:33:41,537 - INFO - Node 6: k=92.80141485831454, f_best=-8.481754302978516, f_min=-8.763934883819275
2025-04-26 22:33:41,537 - INFO - Node 7: k=122.61767116766819, f_best=-9.341629981994629, f_min=-9.364200558326957
2025-04-26 22:33:41,537 - INFO - cur_node_number 7,f_best -9.341629981994629,f_min -9.364200558326957,k 122.61767116766819
2025-04-26 22:33:41,537 - INFO - f_best_current -9.341629981994629,f_min -9.364200558326957
2025-04-26 22:33:41,538 - INFO - 结束,fmin= -9.364200558326957, fbestmin=-9.341629981994629
