2025-04-26 22:30:43,475 - INFO - Namespace(log_file='outputs/dnn1/img[5]/min/DNN1img5_label3.log', image_path='img[5].png', model_path='network/SimpleNN14.pth', label=3, init_epsilon=0.05, epsilon=0.01, ep=1, min=1)
2025-04-26 22:30:43,484 - INFO - Model output max(1): torch.return_types.max(
values=tensor([7.2483], grad_fn=<MaxBackward0>),
indices=tensor([5]))
2025-04-26 22:30:47,488 - INFO - cur_node_number 1,f_best -5.787818431854248,f_min -7.00659627818186,k 242.3831560213701
2025-04-26 22:30:47,488 - INFO - f_best_current -5.787818431854248,f_min -7.00659627818186
2025-04-26 22:30:54,374 - INFO - tree_node.f_best*ep:-5.787818431854248,left_f_best-4.832077503204346,right_f_best-5.808825969696045,i:1
2025-04-26 22:31:18,564 - INFO - 添加左子节点，右子节点，len(queue):2
2025-04-26 22:31:18,564 - INFO - Node 1: k=242.3831560213701, f_best=-5.787818431854248, f_min=-7.00659627818186
2025-04-26 22:31:18,564 - INFO - Node 2: k=225.69160296499243, f_best=-4.832077503204346, f_min=-5.414842711775236
2025-04-26 22:31:18,564 - INFO - Node 3: k=256.85809678467575, f_best=-5.808825969696045, f_min=-6.05543755160943
2025-04-26 22:31:18,565 - INFO - cur_node_number 2,f_best -5.808825969696045,f_min -6.05543755160943,k 256.85809678467575
2025-04-26 22:31:18,565 - INFO - f_best_current -5.808825969696045,f_min -6.05543755160943
2025-04-26 22:31:18,565 - INFO - 回退,len(queue)=0
2025-04-26 22:31:25,581 - INFO - tree_node.f_best*ep:-5.787818431854248,left_f_best-4.798989772796631,right_f_best-5.775119304656982,i:1
2025-04-26 22:31:32,942 - INFO - tree_node.f_best*ep:-5.787818431854248,left_f_best-4.86100435256958,right_f_best-5.8253350257873535,i:2
2025-04-26 22:31:54,307 - INFO - 添加左子节点，右子节点，len(queue):2
2025-04-26 22:31:54,307 - INFO - Node 1: k=256.85809678467575, f_best=-5.787818431854248, f_min=-7.00659627818186
2025-04-26 22:31:54,307 - INFO - Node 2: k=177.74706173919108, f_best=-4.86100435256958, f_min=-5.251617850438379
2025-04-26 22:31:54,307 - INFO - Node 3: k=181.31977768014883, f_best=-5.8253350257873535, f_min=-6.922197456668982
2025-04-26 22:31:54,307 - INFO - cur_node_number 3,f_best -5.8253350257873535,f_min -6.922197456668982,k 181.31977768014883
2025-04-26 22:31:54,308 - INFO - f_best_current -5.8253350257873535,f_min -6.922197456668982
2025-04-26 22:32:01,291 - INFO - tree_node.f_best*ep:-5.8253350257873535,left_f_best-4.782077312469482,right_f_best-5.794630527496338,i:1
2025-04-26 22:32:08,765 - INFO - tree_node.f_best*ep:-5.8253350257873535,left_f_best-4.852895259857178,right_f_best-5.816401481628418,i:2
2025-04-26 22:32:16,455 - INFO - tree_node.f_best*ep:-5.8253350257873535,left_f_best-4.887268543243408,right_f_best-5.818714141845703,i:3
2025-04-26 22:32:24,449 - INFO - tree_node.f_best*ep:-5.8253350257873535,left_f_best-4.873206615447998,right_f_best-5.813173770904541,i:4
2025-04-26 22:32:32,868 - INFO - tree_node.f_best*ep:-5.8253350257873535,left_f_best-4.87192964553833,right_f_best-5.849419593811035,i:5
2025-04-26 22:32:54,109 - INFO - 添加左子节点，右子节点，len(queue):3
2025-04-26 22:32:54,110 - INFO - Node 1: k=256.85809678467575, f_best=-5.787818431854248, f_min=-7.00659627818186
2025-04-26 22:32:54,110 - INFO - Node 2: k=177.74706173919108, f_best=-4.86100435256958, f_min=-5.251617850438379
2025-04-26 22:32:54,110 - INFO - Node 3: k=181.31977768014883, f_best=-5.8253350257873535, f_min=-6.922197456668982
2025-04-26 22:32:54,110 - INFO - Node 4: k=142.80131513288492, f_best=-4.87192964553833, f_min=-5.247180195354758
2025-04-26 22:32:54,110 - INFO - Node 5: k=179.524532356583, f_best=-5.849419593811035, f_min=-5.959141777321747
2025-04-26 22:32:54,110 - INFO - cur_node_number 4,f_best -5.849419593811035,f_min -5.959141777321747,k 179.524532356583
2025-04-26 22:32:54,110 - INFO - f_best_current -5.849419593811035,f_min -5.959141777321747
2025-04-26 22:33:01,075 - INFO - tree_node.f_best*ep:-5.849419593811035,left_f_best-4.831746578216553,right_f_best-5.7998809814453125,i:1
2025-04-26 22:33:08,249 - INFO - tree_node.f_best*ep:-5.849419593811035,left_f_best-4.817683696746826,right_f_best-5.816672325134277,i:2
2025-04-26 22:33:15,743 - INFO - tree_node.f_best*ep:-5.849419593811035,left_f_best-4.8559722900390625,right_f_best-5.831760883331299,i:3
2025-04-26 22:33:23,852 - INFO - tree_node.f_best*ep:-5.849419593811035,left_f_best-4.878941535949707,right_f_best-5.851267337799072,i:4
2025-04-26 22:33:45,129 - INFO - 添加左子节点，右子节点，len(queue):4
2025-04-26 22:33:45,129 - INFO - Node 1: k=256.85809678467575, f_best=-5.787818431854248, f_min=-7.00659627818186
2025-04-26 22:33:45,129 - INFO - Node 2: k=177.74706173919108, f_best=-4.86100435256958, f_min=-5.251617850438379
2025-04-26 22:33:45,129 - INFO - Node 3: k=181.31977768014883, f_best=-5.8253350257873535, f_min=-6.922197456668982
2025-04-26 22:33:45,129 - INFO - Node 4: k=142.80131513288492, f_best=-4.87192964553833, f_min=-5.247180195354758
2025-04-26 22:33:45,130 - INFO - Node 5: k=179.524532356583, f_best=-5.849419593811035, f_min=-5.959141777321747
2025-04-26 22:33:45,130 - INFO - Node 6: k=175.2507978715324, f_best=-4.878941535949707, f_min=-6.049830548136015
2025-04-26 22:33:45,130 - INFO - Node 7: k=212.6116992100553, f_best=-5.851267337799072, f_min=-7.766698160941814
2025-04-26 22:33:45,130 - INFO - cur_node_number 5,f_best -5.851267337799072,f_min -7.766698160941814,k 212.6116992100553
2025-04-26 22:33:45,130 - INFO - f_best_current -5.851267337799072,f_min -7.766698160941814
2025-04-26 22:33:45,130 - INFO - 回退,len(queue)=2
2025-04-26 22:33:45,130 - INFO - 回退,len(queue)=1
2025-04-26 22:33:51,458 - INFO - tree_node.f_best*ep:-5.8253350257873535,left_f_best-4.825439929962158,right_f_best-5.768843173980713,i:1
2025-04-26 22:33:57,928 - INFO - tree_node.f_best*ep:-5.8253350257873535,left_f_best-4.830304145812988,right_f_best-5.836005210876465,i:2
2025-04-26 22:34:17,418 - INFO - 添加左子节点，右子节点，len(queue):3
2025-04-26 22:34:17,418 - INFO - Node 1: k=256.85809678467575, f_best=-5.787818431854248, f_min=-7.00659627818186
2025-04-26 22:34:17,418 - INFO - Node 2: k=177.74706173919108, f_best=-4.86100435256958, f_min=-5.251617850438379
2025-04-26 22:34:17,418 - INFO - Node 3: k=212.6116992100553, f_best=-5.8253350257873535, f_min=-6.922197456668982
2025-04-26 22:34:17,418 - INFO - Node 4: k=267.2875655151017, f_best=-4.830304145812988, f_min=-5.366128815844604
2025-04-26 22:34:17,418 - INFO - Node 5: k=194.3993436870712, f_best=-5.836005210876465, f_min=-6.843945065083972
2025-04-26 22:34:17,418 - INFO - cur_node_number 6,f_best -5.836005210876465,f_min -6.843945065083972,k 194.3993436870712
2025-04-26 22:34:17,418 - INFO - f_best_current -5.836005210876465,f_min -6.843945065083972
2025-04-26 22:34:23,434 - INFO - tree_node.f_best*ep:-5.836005210876465,left_f_best-4.837483882904053,right_f_best-5.79101037979126,i:1
2025-04-26 22:34:29,660 - INFO - tree_node.f_best*ep:-5.836005210876465,left_f_best-4.8627777099609375,right_f_best-5.813762187957764,i:2
2025-04-26 22:34:36,262 - INFO - tree_node.f_best*ep:-5.836005210876465,left_f_best-4.850496768951416,right_f_best-5.840816974639893,i:3
2025-04-26 22:34:54,179 - INFO - 添加左子节点，右子节点，len(queue):4
2025-04-26 22:34:54,179 - INFO - Node 1: k=256.85809678467575, f_best=-5.787818431854248, f_min=-7.00659627818186
2025-04-26 22:34:54,180 - INFO - Node 2: k=177.74706173919108, f_best=-4.86100435256958, f_min=-5.251617850438379
2025-04-26 22:34:54,180 - INFO - Node 3: k=212.6116992100553, f_best=-5.8253350257873535, f_min=-6.922197456668982
2025-04-26 22:34:54,180 - INFO - Node 4: k=267.2875655151017, f_best=-4.830304145812988, f_min=-5.366128815844604
2025-04-26 22:34:54,180 - INFO - Node 5: k=194.3993436870712, f_best=-5.836005210876465, f_min=-6.843945065083972
2025-04-26 22:34:54,180 - INFO - Node 6: k=135.87055149405833, f_best=-4.850496768951416, f_min=-5.74423513216334
2025-04-26 22:34:54,180 - INFO - Node 7: k=181.31977768014883, f_best=-5.840816974639893, f_min=-5.954356223810464
2025-04-26 22:34:54,180 - INFO - cur_node_number 7,f_best -5.840816974639893,f_min -5.954356223810464,k 181.31977768014883
2025-04-26 22:34:54,180 - INFO - f_best_current -5.840816974639893,f_min -5.954356223810464
2025-04-26 22:35:00,104 - INFO - tree_node.f_best*ep:-5.840816974639893,left_f_best-4.790987491607666,right_f_best-5.788403511047363,i:1
2025-04-26 22:35:06,213 - INFO - tree_node.f_best*ep:-5.840816974639893,left_f_best-4.869202136993408,right_f_best-5.813613414764404,i:2
2025-04-26 22:35:12,558 - INFO - tree_node.f_best*ep:-5.840816974639893,left_f_best-4.876913547515869,right_f_best-5.825973987579346,i:3
2025-04-26 22:35:19,414 - INFO - tree_node.f_best*ep:-5.840816974639893,left_f_best-4.8765645027160645,right_f_best-5.825113773345947,i:4
2025-04-26 22:35:26,676 - INFO - tree_node.f_best*ep:-5.840816974639893,left_f_best-4.878082752227783,right_f_best-5.8437180519104,i:5
2025-04-26 22:35:47,887 - INFO - 添加左子节点，右子节点，len(queue):5
2025-04-26 22:35:47,888 - INFO - Node 1: k=256.85809678467575, f_best=-5.787818431854248, f_min=-7.00659627818186
2025-04-26 22:35:47,888 - INFO - Node 2: k=177.74706173919108, f_best=-4.86100435256958, f_min=-5.251617850438379
2025-04-26 22:35:47,888 - INFO - Node 3: k=212.6116992100553, f_best=-5.8253350257873535, f_min=-6.922197456668982
2025-04-26 22:35:47,888 - INFO - Node 4: k=267.2875655151017, f_best=-4.830304145812988, f_min=-5.366128815844604
2025-04-26 22:35:47,888 - INFO - Node 5: k=194.3993436870712, f_best=-5.836005210876465, f_min=-6.843945065083972
2025-04-26 22:35:47,888 - INFO - Node 6: k=135.87055149405833, f_best=-4.850496768951416, f_min=-5.74423513216334
2025-04-26 22:35:47,888 - INFO - Node 7: k=181.31977768014883, f_best=-5.840816974639893, f_min=-5.954356223810464
2025-04-26 22:35:47,888 - INFO - Node 8: k=214.73781620215584, f_best=-4.878082752227783, f_min=-9.141000873086341
2025-04-26 22:35:47,888 - INFO - Node 9: k=275.38664603777477, f_best=-5.8437180519104, f_min=-9.849073625683559
2025-04-26 22:35:47,889 - INFO - cur_node_number 8,f_best -5.8437180519104,f_min -9.849073625683559,k 275.38664603777477
2025-04-26 22:35:47,889 - INFO - f_best_current -5.8437180519104,f_min -9.849073625683559
2025-04-26 22:35:47,889 - INFO - 回退,len(queue)=3
2025-04-26 22:35:47,889 - INFO - 回退,len(queue)=2
2025-04-26 22:35:47,889 - INFO - 回退,len(queue)=1
2025-04-26 22:35:47,889 - INFO - 回退,len(queue)=0
2025-04-26 22:35:53,945 - INFO - tree_node.f_best*ep:-5.787818431854248,left_f_best-4.801913738250732,right_f_best-5.814301013946533,i:1
2025-04-26 22:36:11,364 - INFO - 添加左子节点，右子节点，len(queue):2
2025-04-26 22:36:11,364 - INFO - Node 1: k=275.38664603777477, f_best=-5.787818431854248, f_min=-7.00659627818186
2025-04-26 22:36:11,365 - INFO - Node 2: k=103.85998273426974, f_best=-4.801913738250732, f_min=-7.1420865568097724
2025-04-26 22:36:11,365 - INFO - Node 3: k=264.6411539753482, f_best=-5.814301013946533, f_min=-9.919700452785037
2025-04-26 22:36:11,365 - INFO - cur_node_number 9,f_best -5.814301013946533,f_min -9.919700452785037,k 264.6411539753482
2025-04-26 22:36:11,365 - INFO - f_best_current -5.814301013946533,f_min -9.919700452785037
2025-04-26 22:36:17,167 - INFO - tree_node.f_best*ep:-5.814301013946533,left_f_best-4.826522350311279,right_f_best-5.763179302215576,i:1
2025-04-26 22:36:22,978 - INFO - tree_node.f_best*ep:-5.814301013946533,left_f_best-4.8646392822265625,right_f_best-5.825896739959717,i:2
2025-04-26 22:36:42,230 - INFO - 添加左子节点，右子节点，len(queue):3
2025-04-26 22:36:42,230 - INFO - Node 1: k=275.38664603777477, f_best=-5.787818431854248, f_min=-7.00659627818186
2025-04-26 22:36:42,230 - INFO - Node 2: k=103.85998273426974, f_best=-4.801913738250732, f_min=-7.1420865568097724
2025-04-26 22:36:42,230 - INFO - Node 3: k=264.6411539753482, f_best=-5.814301013946533, f_min=-9.919700452785037
2025-04-26 22:36:42,230 - INFO - Node 4: k=310.3125657194577, f_best=-4.8646392822265625, f_min=-5.906389300180308
2025-04-26 22:36:42,231 - INFO - Node 5: k=159.3189071559386, f_best=-5.825896739959717, f_min=-6.182263120936113
2025-04-26 22:36:42,231 - INFO - cur_node_number 10,f_best -5.825896739959717,f_min -6.182263120936113,k 159.3189071559386
2025-04-26 22:36:42,231 - INFO - f_best_current -5.825896739959717,f_min -6.182263120936113
2025-04-26 22:36:48,114 - INFO - tree_node.f_best*ep:-5.825896739959717,left_f_best-4.820224285125732,right_f_best-5.787912845611572,i:1
2025-04-26 22:36:54,244 - INFO - tree_node.f_best*ep:-5.825896739959717,left_f_best-4.8376898765563965,right_f_best-5.805244445800781,i:2
2025-04-26 22:37:00,492 - INFO - tree_node.f_best*ep:-5.825896739959717,left_f_best-4.86661958694458,right_f_best-5.80875825881958,i:3
2025-04-26 22:37:06,899 - INFO - tree_node.f_best*ep:-5.825896739959717,left_f_best-4.860193252563477,right_f_best-5.8262858390808105,i:4
2025-04-26 22:37:24,931 - INFO - 添加左子节点，右子节点，len(queue):4
2025-04-26 22:37:24,932 - INFO - Node 1: k=275.38664603777477, f_best=-5.787818431854248, f_min=-7.00659627818186
2025-04-26 22:37:24,932 - INFO - Node 2: k=103.85998273426974, f_best=-4.801913738250732, f_min=-7.1420865568097724
2025-04-26 22:37:24,932 - INFO - Node 3: k=264.6411539753482, f_best=-5.814301013946533, f_min=-9.919700452785037
2025-04-26 22:37:24,932 - INFO - Node 4: k=310.3125657194577, f_best=-4.8646392822265625, f_min=-5.906389300180308
2025-04-26 22:37:24,932 - INFO - Node 5: k=159.3189071559386, f_best=-5.825896739959717, f_min=-6.182263120936113
2025-04-26 22:37:24,932 - INFO - Node 6: k=183.13297545695033, f_best=-4.860193252563477, f_min=-5.196195656134478
2025-04-26 22:37:24,932 - INFO - Node 7: k=188.6820877462714, f_best=-5.8262858390808105, f_min=-7.175066379226337
2025-04-26 22:37:24,932 - INFO - cur_node_number 11,f_best -5.8262858390808105,f_min -7.175066379226337,k 188.6820877462714
2025-04-26 22:37:24,932 - INFO - f_best_current -5.8262858390808105,f_min -7.175066379226337
2025-04-26 22:37:24,932 - INFO - 回退,len(queue)=2
2025-04-26 22:37:30,562 - INFO - tree_node.f_best*ep:-5.825896739959717,left_f_best-4.770524501800537,right_f_best-5.807865142822266,i:1
2025-04-26 22:37:36,464 - INFO - tree_node.f_best*ep:-5.825896739959717,left_f_best-4.82296895980835,right_f_best-5.807657241821289,i:2
2025-04-26 22:37:42,744 - INFO - tree_node.f_best*ep:-5.825896739959717,left_f_best-4.85490608215332,right_f_best-5.82589864730835,i:3
2025-04-26 22:37:59,482 - INFO - 添加左子节点，右子节点，len(queue):4
2025-04-26 22:37:59,482 - INFO - Node 1: k=275.38664603777477, f_best=-5.787818431854248, f_min=-7.00659627818186
2025-04-26 22:37:59,482 - INFO - Node 2: k=103.85998273426974, f_best=-4.801913738250732, f_min=-7.1420865568097724
2025-04-26 22:37:59,482 - INFO - Node 3: k=264.6411539753482, f_best=-5.814301013946533, f_min=-9.919700452785037
2025-04-26 22:37:59,482 - INFO - Node 4: k=310.3125657194577, f_best=-4.8646392822265625, f_min=-5.906389300180308
2025-04-26 22:37:59,482 - INFO - Node 5: k=188.6820877462714, f_best=-5.825896739959717, f_min=-6.182263120936113
2025-04-26 22:37:59,482 - INFO - Node 6: k=114.72603487310005, f_best=-4.85490608215332, f_min=-4.90267128378764
2025-04-26 22:37:59,482 - INFO - Node 7: k=206.3588205874354, f_best=-5.82589864730835, f_min=-7.310965390216552
2025-04-26 22:37:59,482 - INFO - cur_node_number 12,f_best -5.82589864730835,f_min -7.310965390216552,k 206.3588205874354
2025-04-26 22:37:59,482 - INFO - f_best_current -5.82589864730835,f_min -7.310965390216552
2025-04-26 22:37:59,483 - INFO - 回退,len(queue)=2
2025-04-26 22:38:05,112 - INFO - tree_node.f_best*ep:-5.825896739959717,left_f_best-4.848283290863037,right_f_best-5.760617256164551,i:1
2025-04-26 22:38:11,078 - INFO - tree_node.f_best*ep:-5.825896739959717,left_f_best-4.809071063995361,right_f_best-5.790903568267822,i:2
2025-04-26 22:38:17,266 - INFO - tree_node.f_best*ep:-5.825896739959717,left_f_best-4.859503269195557,right_f_best-5.840733051300049,i:3
2025-04-26 22:38:34,443 - INFO - 添加左子节点，右子节点，len(queue):4
2025-04-26 22:38:34,443 - INFO - Node 1: k=275.38664603777477, f_best=-5.787818431854248, f_min=-7.00659627818186
2025-04-26 22:38:34,444 - INFO - Node 2: k=103.85998273426974, f_best=-4.801913738250732, f_min=-7.1420865568097724
2025-04-26 22:38:34,444 - INFO - Node 3: k=264.6411539753482, f_best=-5.814301013946533, f_min=-9.919700452785037
2025-04-26 22:38:34,444 - INFO - Node 4: k=310.3125657194577, f_best=-4.8646392822265625, f_min=-5.906389300180308
2025-04-26 22:38:34,444 - INFO - Node 5: k=206.3588205874354, f_best=-5.825896739959717, f_min=-6.182263120936113
2025-04-26 22:38:34,444 - INFO - Node 6: k=198.30677049518135, f_best=-4.859503269195557, f_min=-5.473719793200871
2025-04-26 22:38:34,444 - INFO - Node 7: k=142.80131513288492, f_best=-5.840733051300049, f_min=-7.938019211002484
2025-04-26 22:38:34,444 - INFO - cur_node_number 13,f_best -5.840733051300049,f_min -7.938019211002484,k 142.80131513288492
2025-04-26 22:38:34,444 - INFO - f_best_current -5.840733051300049,f_min -7.938019211002484
2025-04-26 22:38:40,224 - INFO - tree_node.f_best*ep:-5.840733051300049,left_f_best-4.795642375946045,right_f_best-5.8087663650512695,i:1
2025-04-26 22:38:46,157 - INFO - tree_node.f_best*ep:-5.840733051300049,left_f_best-4.847879886627197,right_f_best-5.817041873931885,i:2
2025-04-26 22:38:52,271 - INFO - tree_node.f_best*ep:-5.840733051300049,left_f_best-4.876219749450684,right_f_best-5.828747272491455,i:3
2025-04-26 22:38:58,671 - INFO - tree_node.f_best*ep:-5.840733051300049,left_f_best-4.896576404571533,right_f_best-5.8224663734436035,i:4
2025-04-26 22:39:05,380 - INFO - tree_node.f_best*ep:-5.840733051300049,left_f_best-4.882254123687744,right_f_best-5.833439350128174,i:5
2025-04-26 22:39:12,474 - INFO - tree_node.f_best*ep:-5.840733051300049,left_f_best-4.886511325836182,right_f_best-5.831397533416748,i:6
2025-04-26 22:39:20,028 - INFO - tree_node.f_best*ep:-5.840733051300049,left_f_best-4.891966342926025,right_f_best-5.8495965003967285,i:7
2025-04-26 22:39:40,740 - INFO - 添加左子节点，右子节点，len(queue):5
2025-04-26 22:39:40,741 - INFO - Node 1: k=275.38664603777477, f_best=-5.787818431854248, f_min=-7.00659627818186
2025-04-26 22:39:40,741 - INFO - Node 2: k=103.85998273426974, f_best=-4.801913738250732, f_min=-7.1420865568097724
2025-04-26 22:39:40,741 - INFO - Node 3: k=264.6411539753482, f_best=-5.814301013946533, f_min=-9.919700452785037
2025-04-26 22:39:40,741 - INFO - Node 4: k=310.3125657194577, f_best=-4.8646392822265625, f_min=-5.906389300180308
2025-04-26 22:39:40,741 - INFO - Node 5: k=206.3588205874354, f_best=-5.825896739959717, f_min=-6.182263120936113
2025-04-26 22:39:40,741 - INFO - Node 6: k=198.30677049518135, f_best=-4.859503269195557, f_min=-5.473719793200871
2025-04-26 22:39:40,741 - INFO - Node 7: k=142.80131513288492, f_best=-5.840733051300049, f_min=-7.938019211002484
2025-04-26 22:39:40,741 - INFO - Node 8: k=301.18631906545534, f_best=-4.891966342926025, f_min=-6.040500703483303
2025-04-26 22:39:40,741 - INFO - Node 9: k=223.45703263860636, f_best=-5.8495965003967285, f_min=-8.978275545157885
2025-04-26 22:39:40,741 - INFO - cur_node_number 14,f_best -5.8495965003967285,f_min -8.978275545157885,k 223.45703263860636
2025-04-26 22:39:40,741 - INFO - f_best_current -5.8495965003967285,f_min -8.978275545157885
2025-04-26 22:39:40,742 - INFO - 回退,len(queue)=3
2025-04-26 22:39:40,742 - INFO - 回退,len(queue)=2
2025-04-26 22:39:46,375 - INFO - tree_node.f_best*ep:-5.825896739959717,left_f_best-4.809120178222656,right_f_best-5.779898643493652,i:1
2025-04-26 22:39:52,081 - INFO - tree_node.f_best*ep:-5.825896739959717,left_f_best-4.850338459014893,right_f_best-5.833788871765137,i:2
2025-04-26 22:40:09,751 - INFO - 添加左子节点，右子节点，len(queue):4
2025-04-26 22:40:09,751 - INFO - Node 1: k=275.38664603777477, f_best=-5.787818431854248, f_min=-7.00659627818186
2025-04-26 22:40:09,751 - INFO - Node 2: k=103.85998273426974, f_best=-4.801913738250732, f_min=-7.1420865568097724
2025-04-26 22:40:09,751 - INFO - Node 3: k=264.6411539753482, f_best=-5.814301013946533, f_min=-9.919700452785037
2025-04-26 22:40:09,751 - INFO - Node 4: k=310.3125657194577, f_best=-4.8646392822265625, f_min=-5.906389300180308
2025-04-26 22:40:09,751 - INFO - Node 5: k=223.45703263860636, f_best=-5.825896739959717, f_min=-6.182263120936113
2025-04-26 22:40:09,752 - INFO - Node 6: k=190.56890862373413, f_best=-4.850338459014893, f_min=-6.402382878845856
2025-04-26 22:40:09,752 - INFO - Node 7: k=181.31977768014883, f_best=-5.833788871765137, f_min=-7.779354591987612
2025-04-26 22:40:09,752 - INFO - cur_node_number 15,f_best -5.833788871765137,f_min -7.779354591987612,k 181.31977768014883
2025-04-26 22:40:09,752 - INFO - f_best_current -5.833788871765137,f_min -7.779354591987612
2025-04-26 22:40:15,565 - INFO - tree_node.f_best*ep:-5.833788871765137,left_f_best-4.846327304840088,right_f_best-5.791891098022461,i:1
2025-04-26 22:40:21,648 - INFO - tree_node.f_best*ep:-5.833788871765137,left_f_best-4.838798999786377,right_f_best-5.810200214385986,i:2
2025-04-26 22:40:27,911 - INFO - tree_node.f_best*ep:-5.833788871765137,left_f_best-4.858581066131592,right_f_best-5.816212177276611,i:3
2025-04-26 22:40:34,415 - INFO - tree_node.f_best*ep:-5.833788871765137,left_f_best-4.85705041885376,right_f_best-5.7800068855285645,i:4
2025-04-26 22:40:41,222 - INFO - tree_node.f_best*ep:-5.833788871765137,left_f_best-4.8904290199279785,right_f_best-5.811694622039795,i:5
2025-04-26 22:40:48,118 - INFO - tree_node.f_best*ep:-5.833788871765137,left_f_best-4.8791375160217285,right_f_best-5.8343281745910645,i:6
2025-04-26 22:41:07,696 - INFO - 添加左子节点，右子节点，len(queue):5
2025-04-26 22:41:07,696 - INFO - Node 1: k=275.38664603777477, f_best=-5.787818431854248, f_min=-7.00659627818186
2025-04-26 22:41:07,696 - INFO - Node 2: k=103.85998273426974, f_best=-4.801913738250732, f_min=-7.1420865568097724
2025-04-26 22:41:07,696 - INFO - Node 3: k=264.6411539753482, f_best=-5.814301013946533, f_min=-9.919700452785037
2025-04-26 22:41:07,696 - INFO - Node 4: k=310.3125657194577, f_best=-4.8646392822265625, f_min=-5.906389300180308
2025-04-26 22:41:07,696 - INFO - Node 5: k=223.45703263860636, f_best=-5.825896739959717, f_min=-6.182263120936113
2025-04-26 22:41:07,697 - INFO - Node 6: k=190.56890862373413, f_best=-4.850338459014893, f_min=-6.402382878845856
2025-04-26 22:41:07,697 - INFO - Node 7: k=181.31977768014883, f_best=-5.833788871765137, f_min=-7.779354591987612
2025-04-26 22:41:07,697 - INFO - Node 8: k=188.6820877462714, f_best=-4.8791375160217285, f_min=-4.98611904880363
2025-04-26 22:41:07,697 - INFO - Node 9: k=316.5498482904188, f_best=-5.8343281745910645, f_min=-9.637156260596385
2025-04-26 22:41:07,697 - INFO - cur_node_number 16,f_best -5.8343281745910645,f_min -9.637156260596385,k 316.5498482904188
2025-04-26 22:41:07,697 - INFO - f_best_current -5.8343281745910645,f_min -9.637156260596385
2025-04-26 22:41:07,697 - INFO - 回退,len(queue)=3
2025-04-26 22:41:07,697 - INFO - 回退,len(queue)=2
2025-04-26 22:41:07,697 - INFO - 回退,len(queue)=1
2025-04-26 22:41:07,697 - INFO - 回退,len(queue)=0
2025-04-26 22:41:13,555 - INFO - tree_node.f_best*ep:-5.787818431854248,left_f_best-4.814486980438232,right_f_best-5.798849582672119,i:1
2025-04-26 22:41:30,640 - INFO - 添加左子节点，右子节点，len(queue):2
2025-04-26 22:41:30,640 - INFO - Node 1: k=316.5498482904188, f_best=-5.787818431854248, f_min=-7.00659627818186
2025-04-26 22:41:30,640 - INFO - Node 2: k=216.8851943641774, f_best=-4.814486980438232, f_min=-5.083976728259586
2025-04-26 22:41:30,640 - INFO - Node 3: k=102.8316660735344, f_best=-5.798849582672119, f_min=-6.333670058425014
2025-04-26 22:41:30,640 - INFO - cur_node_number 17,f_best -5.798849582672119,f_min -6.333670058425014,k 102.8316660735344
2025-04-26 22:41:30,640 - INFO - f_best_current -5.798849582672119,f_min -6.333670058425014
2025-04-26 22:41:36,622 - INFO - tree_node.f_best*ep:-5.798849582672119,left_f_best-4.8404927253723145,right_f_best-5.824481010437012,i:1
2025-04-26 22:41:54,719 - INFO - 添加左子节点，右子节点，len(queue):3
2025-04-26 22:41:54,719 - INFO - Node 1: k=316.5498482904188, f_best=-5.787818431854248, f_min=-7.00659627818186
2025-04-26 22:41:54,719 - INFO - Node 2: k=216.8851943641774, f_best=-4.814486980438232, f_min=-5.083976728259586
2025-04-26 22:41:54,719 - INFO - Node 3: k=102.8316660735344, f_best=-5.798849582672119, f_min=-6.333670058425014
2025-04-26 22:41:54,719 - INFO - Node 4: k=192.47459770997148, f_best=-4.8404927253723145, f_min=-5.299353614600477
2025-04-26 22:41:54,719 - INFO - Node 5: k=264.6411539753482, f_best=-5.824481010437012, f_min=-8.805706638136144
2025-04-26 22:41:54,719 - INFO - cur_node_number 18,f_best -5.824481010437012,f_min -8.805706638136144,k 264.6411539753482
2025-04-26 22:41:54,719 - INFO - f_best_current -5.824481010437012,f_min -8.805706638136144
2025-04-26 22:41:54,719 - INFO - 回退,len(queue)=1
2025-04-26 22:42:00,077 - INFO - tree_node.f_best*ep:-5.798849582672119,left_f_best-4.8364362716674805,right_f_best-5.77473783493042,i:1
2025-04-26 22:42:05,840 - INFO - tree_node.f_best*ep:-5.798849582672119,left_f_best-4.847169399261475,right_f_best-5.809334754943848,i:2
2025-04-26 22:42:20,826 - INFO - 添加左子节点，右子节点，len(queue):3
2025-04-26 22:42:20,826 - INFO - Node 1: k=316.5498482904188, f_best=-5.787818431854248, f_min=-7.00659627818186
2025-04-26 22:42:20,826 - INFO - Node 2: k=216.8851943641774, f_best=-4.814486980438232, f_min=-5.083976728259586
2025-04-26 22:42:20,826 - INFO - Node 3: k=264.6411539753482, f_best=-5.798849582672119, f_min=-6.333670058425014
2025-04-26 22:42:20,826 - INFO - Node 4: k=191.66921665827874, f_best=-4.847169399261475, f_min=-6.047078539525501
2025-04-26 22:42:20,826 - INFO - Node 5: k=88.57400156816605, f_best=-5.809334754943848, f_min=-6.066759101560365
2025-04-26 22:42:20,826 - INFO - cur_node_number 19,f_best -5.809334754943848,f_min -6.066759101560365,k 88.57400156816605
2025-04-26 22:42:20,826 - INFO - f_best_current -5.809334754943848,f_min -6.066759101560365
2025-04-26 22:42:26,342 - INFO - tree_node.f_best*ep:-5.809334754943848,left_f_best-4.847129821777344,right_f_best-5.7769670486450195,i:1
2025-04-26 22:42:32,090 - INFO - tree_node.f_best*ep:-5.809334754943848,left_f_best-4.874028205871582,right_f_best-5.820936679840088,i:2
2025-04-26 22:42:48,190 - INFO - 添加左子节点，右子节点，len(queue):4
2025-04-26 22:42:48,190 - INFO - Node 1: k=316.5498482904188, f_best=-5.787818431854248, f_min=-7.00659627818186
2025-04-26 22:42:48,190 - INFO - Node 2: k=216.8851943641774, f_best=-4.814486980438232, f_min=-5.083976728259586
2025-04-26 22:42:48,190 - INFO - Node 3: k=264.6411539753482, f_best=-5.798849582672119, f_min=-6.333670058425014
2025-04-26 22:42:48,190 - INFO - Node 4: k=191.66921665827874, f_best=-4.847169399261475, f_min=-6.047078539525501
2025-04-26 22:42:48,190 - INFO - Node 5: k=88.57400156816605, f_best=-5.809334754943848, f_min=-6.066759101560365
2025-04-26 22:42:48,190 - INFO - Node 6: k=202.2927365821345, f_best=-4.874028205871582, f_min=-5.157674769038749
2025-04-26 22:42:48,190 - INFO - Node 7: k=169.12023031775868, f_best=-5.820936679840088, f_min=-5.987258243336328
2025-04-26 22:42:48,190 - INFO - cur_node_number 20,f_best -5.820936679840088,f_min -5.987258243336328,k 169.12023031775868
2025-04-26 22:42:48,190 - INFO - f_best_current -5.820936679840088,f_min -5.987258243336328
2025-04-26 22:42:48,190 - INFO - 回退,len(queue)=2
2025-04-26 22:42:53,574 - INFO - tree_node.f_best*ep:-5.809334754943848,left_f_best-4.835865497589111,right_f_best-5.773287296295166,i:1
2025-04-26 22:42:59,669 - INFO - tree_node.f_best*ep:-5.809334754943848,left_f_best-4.841951847076416,right_f_best-5.782935619354248,i:2
2025-04-26 22:43:06,052 - INFO - tree_node.f_best*ep:-5.809334754943848,left_f_best-4.830107688903809,right_f_best-5.839792728424072,i:3
2025-04-26 22:43:24,646 - INFO - 添加左子节点，右子节点，len(queue):4
2025-04-26 22:43:24,646 - INFO - Node 1: k=316.5498482904188, f_best=-5.787818431854248, f_min=-7.00659627818186
2025-04-26 22:43:24,646 - INFO - Node 2: k=216.8851943641774, f_best=-4.814486980438232, f_min=-5.083976728259586
2025-04-26 22:43:24,646 - INFO - Node 3: k=264.6411539753482, f_best=-5.798849582672119, f_min=-6.333670058425014
2025-04-26 22:43:24,646 - INFO - Node 4: k=191.66921665827874, f_best=-4.847169399261475, f_min=-6.047078539525501
2025-04-26 22:43:24,646 - INFO - Node 5: k=169.12023031775868, f_best=-5.809334754943848, f_min=-6.066759101560365
2025-04-26 22:43:24,646 - INFO - Node 6: k=190.56890862373413, f_best=-4.830107688903809, f_min=-5.987153215424769
2025-04-26 22:43:24,646 - INFO - Node 7: k=227.94851899464234, f_best=-5.839792728424072, f_min=-7.816510272177766
2025-04-26 22:43:24,646 - INFO - cur_node_number 21,f_best -5.839792728424072,f_min -7.816510272177766,k 227.94851899464234
2025-04-26 22:43:24,646 - INFO - f_best_current -5.839792728424072,f_min -7.816510272177766
2025-04-26 22:43:24,647 - INFO - 回退,len(queue)=2
2025-04-26 22:43:30,421 - INFO - tree_node.f_best*ep:-5.809334754943848,left_f_best-4.838562488555908,right_f_best-5.74705171585083,i:1
2025-04-26 22:43:36,641 - INFO - tree_node.f_best*ep:-5.809334754943848,left_f_best-4.845591068267822,right_f_best-5.7625861167907715,i:2
2025-04-26 22:43:43,247 - INFO - tree_node.f_best*ep:-5.809334754943848,left_f_best-4.862033367156982,right_f_best-5.818348407745361,i:3
2025-04-26 22:44:03,121 - INFO - 添加左子节点，右子节点，len(queue):4
2025-04-26 22:44:03,121 - INFO - Node 1: k=316.5498482904188, f_best=-5.787818431854248, f_min=-7.00659627818186
2025-04-26 22:44:03,121 - INFO - Node 2: k=216.8851943641774, f_best=-4.814486980438232, f_min=-5.083976728259586
2025-04-26 22:44:03,121 - INFO - Node 3: k=264.6411539753482, f_best=-5.798849582672119, f_min=-6.333670058425014
2025-04-26 22:44:03,121 - INFO - Node 4: k=191.66921665827874, f_best=-4.847169399261475, f_min=-6.047078539525501
2025-04-26 22:44:03,121 - INFO - Node 5: k=227.94851899464234, f_best=-5.809334754943848, f_min=-6.066759101560365
2025-04-26 22:44:03,122 - INFO - Node 6: k=254.31494731156013, f_best=-4.862033367156982, f_min=-5.363568845675218
2025-04-26 22:44:03,122 - INFO - Node 7: k=133.193364860365, f_best=-5.818348407745361, f_min=-6.622889646679596
2025-04-26 22:44:03,122 - INFO - cur_node_number 22,f_best -5.818348407745361,f_min -6.622889646679596,k 133.193364860365
2025-04-26 22:44:03,122 - INFO - f_best_current -5.818348407745361,f_min -6.622889646679596
2025-04-26 22:44:09,964 - INFO - tree_node.f_best*ep:-5.818348407745361,left_f_best-4.828121662139893,right_f_best-5.790719985961914,i:1
2025-04-26 22:44:17,308 - INFO - tree_node.f_best*ep:-5.818348407745361,left_f_best-4.839834690093994,right_f_best-5.768825054168701,i:2
2025-04-26 22:44:24,969 - INFO - tree_node.f_best*ep:-5.818348407745361,left_f_best-4.853583812713623,right_f_best-5.848720073699951,i:3
2025-04-26 22:44:45,398 - INFO - 添加左子节点，右子节点，len(queue):5
2025-04-26 22:44:45,398 - INFO - Node 1: k=316.5498482904188, f_best=-5.787818431854248, f_min=-7.00659627818186
2025-04-26 22:44:45,398 - INFO - Node 2: k=216.8851943641774, f_best=-4.814486980438232, f_min=-5.083976728259586
2025-04-26 22:44:45,398 - INFO - Node 3: k=264.6411539753482, f_best=-5.798849582672119, f_min=-6.333670058425014
2025-04-26 22:44:45,398 - INFO - Node 4: k=191.66921665827874, f_best=-4.847169399261475, f_min=-6.047078539525501
2025-04-26 22:44:45,398 - INFO - Node 5: k=227.94851899464234, f_best=-5.809334754943848, f_min=-6.066759101560365
2025-04-26 22:44:45,399 - INFO - Node 6: k=254.31494731156013, f_best=-4.862033367156982, f_min=-5.363568845675218
2025-04-26 22:44:45,399 - INFO - Node 7: k=133.193364860365, f_best=-5.818348407745361, f_min=-6.622889646679596
2025-04-26 22:44:45,399 - INFO - Node 8: k=198.30677049518135, f_best=-4.853583812713623, f_min=-5.3045697551906414
2025-04-26 22:44:45,399 - INFO - Node 9: k=172.51954694714564, f_best=-5.848720073699951, f_min=-8.176592676753899
2025-04-26 22:44:45,399 - INFO - cur_node_number 23,f_best -5.848720073699951,f_min -8.176592676753899,k 172.51954694714564
2025-04-26 22:44:45,399 - INFO - f_best_current -5.848720073699951,f_min -8.176592676753899
2025-04-26 22:44:45,399 - INFO - 回退,len(queue)=3
2025-04-26 22:44:52,250 - INFO - tree_node.f_best*ep:-5.818348407745361,left_f_best-4.803076267242432,right_f_best-5.770578861236572,i:1
2025-04-26 22:44:59,364 - INFO - tree_node.f_best*ep:-5.818348407745361,left_f_best-4.845704555511475,right_f_best-5.796585559844971,i:2
2025-04-26 22:45:06,908 - INFO - tree_node.f_best*ep:-5.818348407745361,left_f_best-4.858423709869385,right_f_best-5.809838771820068,i:3
2025-04-26 22:45:14,631 - INFO - tree_node.f_best*ep:-5.818348407745361,left_f_best-4.858741283416748,right_f_best-5.8349690437316895,i:4
2025-04-26 22:45:34,244 - INFO - 添加左子节点，右子节点，len(queue):5
2025-04-26 22:45:34,244 - INFO - Node 1: k=316.5498482904188, f_best=-5.787818431854248, f_min=-7.00659627818186
2025-04-26 22:45:34,244 - INFO - Node 2: k=216.8851943641774, f_best=-4.814486980438232, f_min=-5.083976728259586
2025-04-26 22:45:34,244 - INFO - Node 3: k=264.6411539753482, f_best=-5.798849582672119, f_min=-6.333670058425014
2025-04-26 22:45:34,244 - INFO - Node 4: k=191.66921665827874, f_best=-4.847169399261475, f_min=-6.047078539525501
2025-04-26 22:45:34,245 - INFO - Node 5: k=227.94851899464234, f_best=-5.809334754943848, f_min=-6.066759101560365
2025-04-26 22:45:34,245 - INFO - Node 6: k=254.31494731156013, f_best=-4.862033367156982, f_min=-5.363568845675218
2025-04-26 22:45:34,245 - INFO - Node 7: k=172.51954694714564, f_best=-5.818348407745361, f_min=-6.622889646679596
2025-04-26 22:45:34,245 - INFO - Node 8: k=169.12023031775868, f_best=-4.858741283416748, f_min=-5.506087183436193
2025-04-26 22:45:34,245 - INFO - Node 9: k=164.1464293616707, f_best=-5.8349690437316895, f_min=-7.506351622841066
2025-04-26 22:45:34,245 - INFO - cur_node_number 24,f_best -5.8349690437316895,f_min -7.506351622841066,k 164.1464293616707
2025-04-26 22:45:34,245 - INFO - f_best_current -5.8349690437316895,f_min -7.506351622841066
2025-04-26 22:45:41,271 - INFO - tree_node.f_best*ep:-5.8349690437316895,left_f_best-4.827341556549072,right_f_best-5.785646915435791,i:1
2025-04-26 22:45:48,584 - INFO - tree_node.f_best*ep:-5.8349690437316895,left_f_best-4.832613468170166,right_f_best-5.817224979400635,i:2
2025-04-26 22:45:56,073 - INFO - tree_node.f_best*ep:-5.8349690437316895,left_f_best-4.860018253326416,right_f_best-5.8344292640686035,i:3
2025-04-26 22:46:03,729 - INFO - tree_node.f_best*ep:-5.8349690437316895,left_f_best-4.872961521148682,right_f_best-5.828495979309082,i:4
2025-04-26 22:46:11,657 - INFO - tree_node.f_best*ep:-5.8349690437316895,left_f_best-4.876770973205566,right_f_best-5.839315414428711,i:5
2025-04-26 22:46:31,770 - INFO - 添加左子节点，右子节点，len(queue):6
2025-04-26 22:46:31,770 - INFO - Node 1: k=316.5498482904188, f_best=-5.787818431854248, f_min=-7.00659627818186
2025-04-26 22:46:31,770 - INFO - Node 2: k=216.8851943641774, f_best=-4.814486980438232, f_min=-5.083976728259586
2025-04-26 22:46:31,771 - INFO - Node 3: k=264.6411539753482, f_best=-5.798849582672119, f_min=-6.333670058425014
2025-04-26 22:46:31,771 - INFO - Node 4: k=191.66921665827874, f_best=-4.847169399261475, f_min=-6.047078539525501
2025-04-26 22:46:31,771 - INFO - Node 5: k=227.94851899464234, f_best=-5.809334754943848, f_min=-6.066759101560365
2025-04-26 22:46:31,771 - INFO - Node 6: k=254.31494731156013, f_best=-4.862033367156982, f_min=-5.363568845675218
2025-04-26 22:46:31,771 - INFO - Node 7: k=172.51954694714564, f_best=-5.818348407745361, f_min=-6.622889646679596
2025-04-26 22:46:31,771 - INFO - Node 8: k=169.12023031775868, f_best=-4.858741283416748, f_min=-5.506087183436193
2025-04-26 22:46:31,771 - INFO - Node 9: k=164.1464293616707, f_best=-5.8349690437316895, f_min=-7.506351622841066
2025-04-26 22:46:31,771 - INFO - Node 10: k=172.51954694714564, f_best=-4.876770973205566, f_min=-5.428812434653992
2025-04-26 22:46:31,772 - INFO - Node 11: k=153.10233828133968, f_best=-5.839315414428711, f_min=-5.878876473643231
2025-04-26 22:46:31,772 - INFO - cur_node_number 25,f_best -5.839315414428711,f_min -5.878876473643231,k 153.10233828133968
2025-04-26 22:46:31,772 - INFO - f_best_current -5.839315414428711,f_min -5.878876473643231
2025-04-26 22:46:31,772 - INFO - 结束,fmin= -5.878876473643231, fbestmin=-5.839315414428711
