2025-04-26 22:44:06,167 - INFO - Namespace(log_file='outputs/dnn1/img[5]/min/DNN1img5_label8.log', image_path='img[5].png', model_path='network/SimpleNN14.pth', label=8, init_epsilon=0.05, epsilon=0.01, ep=1, min=1)
2025-04-26 22:44:06,178 - INFO - Model output max(1): torch.return_types.max(
values=tensor([7.2483], grad_fn=<MaxBackward0>),
indices=tensor([5]))
2025-04-26 22:44:10,678 - INFO - cur_node_number 1,f_best -3.9757232666015625,f_min -18.377033947075688,k 717.7708023960141
2025-04-26 22:44:10,678 - INFO - f_best_current -3.9757232666015625,f_min -18.377033947075688
2025-04-26 22:44:17,715 - INFO - tree_node.f_best*ep:-3.9757232666015625,left_f_best-3.2560272216796875,right_f_best-3.973741292953491,i:1
2025-04-26 22:44:25,002 - INFO - tree_node.f_best*ep:-3.9757232666015625,left_f_best-3.2770700454711914,right_f_best-3.998377799987793,i:2
2025-04-26 22:44:44,869 - INFO - 添加左子节点，右子节点，len(queue):2
2025-04-26 22:44:44,869 - INFO - Node 1: k=717.7708023960141, f_best=-3.9757232666015625, f_min=-18.377033947075688
2025-04-26 22:44:44,870 - INFO - Node 2: k=169.56544174680104, f_best=-3.2770700454711914, f_min=-4.696291975173153
2025-04-26 22:44:44,870 - INFO - Node 3: k=99.07935287274881, f_best=-3.998377799987793, f_min=-4.277372528727483
2025-04-26 22:44:44,870 - INFO - cur_node_number 2,f_best -3.998377799987793,f_min -4.277372528727483,k 99.07935287274881
2025-04-26 22:44:44,870 - INFO - f_best_current -3.998377799987793,f_min -4.277372528727483
2025-04-26 22:44:51,638 - INFO - tree_node.f_best*ep:-3.998377799987793,left_f_best-3.2531185150146484,right_f_best-3.9696922302246094,i:1
2025-04-26 22:44:58,743 - INFO - tree_node.f_best*ep:-3.998377799987793,left_f_best-3.2822296619415283,right_f_best-3.9878506660461426,i:2
2025-04-26 22:45:06,210 - INFO - tree_node.f_best*ep:-3.998377799987793,left_f_best-3.2870683670043945,right_f_best-3.978207588195801,i:3
2025-04-26 22:45:13,949 - INFO - tree_node.f_best*ep:-3.998377799987793,left_f_best-3.296332359313965,right_f_best-4.017430782318115,i:4
2025-04-26 22:45:35,581 - INFO - 添加左子节点，右子节点，len(queue):3
2025-04-26 22:45:35,581 - INFO - Node 1: k=717.7708023960141, f_best=-3.9757232666015625, f_min=-18.377033947075688
2025-04-26 22:45:35,582 - INFO - Node 2: k=169.56544174680104, f_best=-3.2770700454711914, f_min=-4.696291975173153
2025-04-26 22:45:35,582 - INFO - Node 3: k=99.07935287274881, f_best=-3.998377799987793, f_min=-4.277372528727483
2025-04-26 22:45:35,582 - INFO - Node 4: k=155.04043620393327, f_best=-3.296332359313965, f_min=-6.9816308748145275
2025-04-26 22:45:35,582 - INFO - Node 5: k=166.22433266032843, f_best=-4.017430782318115, f_min=-4.435930571175049
2025-04-26 22:45:35,582 - INFO - cur_node_number 3,f_best -4.017430782318115,f_min -4.435930571175049,k 166.22433266032843
2025-04-26 22:45:35,582 - INFO - f_best_current -4.017430782318115,f_min -4.435930571175049
2025-04-26 22:45:35,582 - INFO - 回退,len(queue)=1
2025-04-26 22:45:42,563 - INFO - tree_node.f_best*ep:-3.998377799987793,left_f_best-3.2614572048187256,right_f_best-4.005430221557617,i:1
2025-04-26 22:46:06,226 - INFO - 添加左子节点，右子节点，len(queue):3
2025-04-26 22:46:06,226 - INFO - Node 1: k=717.7708023960141, f_best=-3.9757232666015625, f_min=-18.377033947075688
2025-04-26 22:46:06,226 - INFO - Node 2: k=169.56544174680104, f_best=-3.2770700454711914, f_min=-4.696291975173153
2025-04-26 22:46:06,226 - INFO - Node 3: k=166.22433266032843, f_best=-3.998377799987793, f_min=-4.277372528727483
2025-04-26 22:46:06,227 - INFO - Node 4: k=144.60901405707835, f_best=-3.2614572048187256, f_min=-3.470304038210088
2025-04-26 22:46:06,227 - INFO - Node 5: k=252.45983668667822, f_best=-4.005430221557617, f_min=-4.820300705322552
2025-04-26 22:46:06,227 - INFO - cur_node_number 4,f_best -4.005430221557617,f_min -4.820300705322552,k 252.45983668667822
2025-04-26 22:46:06,227 - INFO - f_best_current -4.005430221557617,f_min -4.820300705322552
2025-04-26 22:46:06,227 - INFO - 回退,len(queue)=1
2025-04-26 22:46:12,802 - INFO - tree_node.f_best*ep:-3.998377799987793,left_f_best-3.28389835357666,right_f_best-3.9814324378967285,i:1
2025-04-26 22:46:19,722 - INFO - tree_node.f_best*ep:-3.998377799987793,left_f_best-3.2719924449920654,right_f_best-3.9925575256347656,i:2
2025-04-26 22:46:27,130 - INFO - tree_node.f_best*ep:-3.998377799987793,left_f_best-3.297306776046753,right_f_best-3.9960122108459473,i:3
2025-04-26 22:46:34,854 - INFO - tree_node.f_best*ep:-3.998377799987793,left_f_best-3.280862808227539,right_f_best-4.0138139724731445,i:4
2025-04-26 22:46:55,740 - INFO - 添加左子节点，右子节点，len(queue):3
2025-04-26 22:46:55,740 - INFO - Node 1: k=717.7708023960141, f_best=-3.9757232666015625, f_min=-18.377033947075688
2025-04-26 22:46:55,740 - INFO - Node 2: k=169.56544174680104, f_best=-3.2770700454711914, f_min=-4.696291975173153
2025-04-26 22:46:55,740 - INFO - Node 3: k=252.45983668667822, f_best=-3.998377799987793, f_min=-4.277372528727483
2025-04-26 22:46:55,740 - INFO - Node 4: k=143.17724164067164, f_best=-3.280862808227539, f_min=-3.9218919493441717
2025-04-26 22:46:55,741 - INFO - Node 5: k=208.97108377021212, f_best=-4.0138139724731445, f_min=-5.075605156226629
2025-04-26 22:46:55,741 - INFO - cur_node_number 5,f_best -4.0138139724731445,f_min -5.075605156226629,k 208.97108377021212
2025-04-26 22:46:55,741 - INFO - f_best_current -4.0138139724731445,f_min -5.075605156226629
2025-04-26 22:47:02,206 - INFO - tree_node.f_best*ep:-4.0138139724731445,left_f_best-3.249624729156494,right_f_best-3.9819068908691406,i:1
2025-04-26 22:47:08,932 - INFO - tree_node.f_best*ep:-4.0138139724731445,left_f_best-3.255056619644165,right_f_best-3.9936699867248535,i:2
2025-04-26 22:47:15,964 - INFO - tree_node.f_best*ep:-4.0138139724731445,left_f_best-3.2847938537597656,right_f_best-3.9957704544067383,i:3
2025-04-26 22:47:23,376 - INFO - tree_node.f_best*ep:-4.0138139724731445,left_f_best-3.3016300201416016,right_f_best-4.007065296173096,i:4
2025-04-26 22:47:31,112 - INFO - tree_node.f_best*ep:-4.0138139724731445,left_f_best-3.308232307434082,right_f_best-4.025142669677734,i:5
2025-04-26 22:47:51,827 - INFO - 添加左子节点，右子节点，len(queue):4
2025-04-26 22:47:51,827 - INFO - Node 1: k=717.7708023960141, f_best=-3.9757232666015625, f_min=-18.377033947075688
2025-04-26 22:47:51,827 - INFO - Node 2: k=169.56544174680104, f_best=-3.2770700454711914, f_min=-4.696291975173153
2025-04-26 22:47:51,827 - INFO - Node 3: k=252.45983668667822, f_best=-3.998377799987793, f_min=-4.277372528727483
2025-04-26 22:47:51,828 - INFO - Node 4: k=143.17724164067164, f_best=-3.280862808227539, f_min=-3.9218919493441717
2025-04-26 22:47:51,828 - INFO - Node 5: k=208.97108377021212, f_best=-4.0138139724731445, f_min=-5.075605156226629
2025-04-26 22:47:51,828 - INFO - Node 6: k=153.50538238013195, f_best=-3.308232307434082, f_min=-4.348893360720012
2025-04-26 22:47:51,828 - INFO - Node 7: k=204.85352786022165, f_best=-4.025142669677734, f_min=-5.034988601281839
2025-04-26 22:47:51,828 - INFO - cur_node_number 6,f_best -4.025142669677734,f_min -5.034988601281839,k 204.85352786022165
2025-04-26 22:47:51,828 - INFO - f_best_current -4.025142669677734,f_min -5.034988601281839
2025-04-26 22:47:58,272 - INFO - tree_node.f_best*ep:-4.025142669677734,left_f_best-3.2619948387145996,right_f_best-3.982943058013916,i:1
2025-04-26 22:48:05,101 - INFO - tree_node.f_best*ep:-4.025142669677734,left_f_best-3.2818410396575928,right_f_best-3.987964153289795,i:2
2025-04-26 22:48:12,416 - INFO - tree_node.f_best*ep:-4.025142669677734,left_f_best-3.295872211456299,right_f_best-3.9986085891723633,i:3
2025-04-26 22:48:19,851 - INFO - tree_node.f_best*ep:-4.025142669677734,left_f_best-3.3027172088623047,right_f_best-4.001628875732422,i:4
2025-04-26 22:48:27,520 - INFO - tree_node.f_best*ep:-4.025142669677734,left_f_best-3.3090758323669434,right_f_best-4.017671585083008,i:5
2025-04-26 22:48:35,370 - INFO - tree_node.f_best*ep:-4.025142669677734,left_f_best-3.3070082664489746,right_f_best-4.0262603759765625,i:6
2025-04-26 22:48:57,782 - INFO - 添加左子节点，右子节点，len(queue):5
2025-04-26 22:48:57,782 - INFO - Node 1: k=717.7708023960141, f_best=-3.9757232666015625, f_min=-18.377033947075688
2025-04-26 22:48:57,782 - INFO - Node 2: k=169.56544174680104, f_best=-3.2770700454711914, f_min=-4.696291975173153
2025-04-26 22:48:57,783 - INFO - Node 3: k=252.45983668667822, f_best=-3.998377799987793, f_min=-4.277372528727483
2025-04-26 22:48:57,783 - INFO - Node 4: k=143.17724164067164, f_best=-3.280862808227539, f_min=-3.9218919493441717
2025-04-26 22:48:57,783 - INFO - Node 5: k=208.97108377021212, f_best=-4.0138139724731445, f_min=-5.075605156226629
2025-04-26 22:48:57,783 - INFO - Node 6: k=153.50538238013195, f_best=-3.308232307434082, f_min=-4.348893360720012
2025-04-26 22:48:57,783 - INFO - Node 7: k=204.85352786022165, f_best=-4.025142669677734, f_min=-5.034988601281839
2025-04-26 22:48:57,783 - INFO - Node 8: k=249.96023434324576, f_best=-3.3070082664489746, f_min=-3.661036459465322
2025-04-26 22:48:57,783 - INFO - Node 9: k=171.26109616426905, f_best=-4.0262603759765625, f_min=-6.153477822025707
2025-04-26 22:48:57,783 - INFO - cur_node_number 7,f_best -4.0262603759765625,f_min -6.153477822025707,k 171.26109616426905
2025-04-26 22:48:57,783 - INFO - f_best_current -4.0262603759765625,f_min -6.153477822025707
2025-04-26 22:49:04,034 - INFO - tree_node.f_best*ep:-4.0262603759765625,left_f_best-3.2687525749206543,right_f_best-3.9941482543945312,i:1
2025-04-26 22:49:10,679 - INFO - tree_node.f_best*ep:-4.0262603759765625,left_f_best-3.274327278137207,right_f_best-3.9844532012939453,i:2
2025-04-26 22:49:17,527 - INFO - tree_node.f_best*ep:-4.0262603759765625,left_f_best-3.2900631427764893,right_f_best-4.003073215484619,i:3
2025-04-26 22:49:24,704 - INFO - tree_node.f_best*ep:-4.0262603759765625,left_f_best-3.3035616874694824,right_f_best-4.009830474853516,i:4
2025-04-26 22:49:32,291 - INFO - tree_node.f_best*ep:-4.0262603759765625,left_f_best-3.307002305984497,right_f_best-4.0176496505737305,i:5
2025-04-26 22:49:40,479 - INFO - tree_node.f_best*ep:-4.0262603759765625,left_f_best-3.3105831146240234,right_f_best-4.0207200050354,i:6
2025-04-26 22:49:48,821 - INFO - tree_node.f_best*ep:-4.0262603759765625,left_f_best-3.3221490383148193,right_f_best-4.038183689117432,i:7
2025-04-26 22:50:09,602 - INFO - 添加左子节点，右子节点，len(queue):6
2025-04-26 22:50:09,602 - INFO - Node 1: k=717.7708023960141, f_best=-3.9757232666015625, f_min=-18.377033947075688
2025-04-26 22:50:09,602 - INFO - Node 2: k=169.56544174680104, f_best=-3.2770700454711914, f_min=-4.696291975173153
2025-04-26 22:50:09,602 - INFO - Node 3: k=252.45983668667822, f_best=-3.998377799987793, f_min=-4.277372528727483
2025-04-26 22:50:09,602 - INFO - Node 4: k=143.17724164067164, f_best=-3.280862808227539, f_min=-3.9218919493441717
2025-04-26 22:50:09,602 - INFO - Node 5: k=208.97108377021212, f_best=-4.0138139724731445, f_min=-5.075605156226629
2025-04-26 22:50:09,602 - INFO - Node 6: k=153.50538238013195, f_best=-3.308232307434082, f_min=-4.348893360720012
2025-04-26 22:50:09,603 - INFO - Node 7: k=204.85352786022165, f_best=-4.025142669677734, f_min=-5.034988601281839
2025-04-26 22:50:09,603 - INFO - Node 8: k=249.96023434324576, f_best=-3.3070082664489746, f_min=-3.661036459465322
2025-04-26 22:50:09,603 - INFO - Node 9: k=171.26109616426905, f_best=-4.0262603759765625, f_min=-6.153477822025707
2025-04-26 22:50:09,603 - INFO - Node 10: k=219.63070922278195, f_best=-3.3221490383148193, f_min=-9.246524701741691
2025-04-26 22:50:09,603 - INFO - Node 11: k=147.51565523962563, f_best=-4.038183689117432, f_min=-5.933571994306476
2025-04-26 22:50:09,603 - INFO - cur_node_number 8,f_best -4.038183689117432,f_min -5.933571994306476,k 147.51565523962563
2025-04-26 22:50:09,603 - INFO - f_best_current -4.038183689117432,f_min -5.933571994306476
2025-04-26 22:50:15,984 - INFO - tree_node.f_best*ep:-4.038183689117432,left_f_best-3.2398788928985596,right_f_best-3.982851982116699,i:1
2025-04-26 22:50:22,827 - INFO - tree_node.f_best*ep:-4.038183689117432,left_f_best-3.267014503479004,right_f_best-3.9878416061401367,i:2
2025-04-26 22:50:29,918 - INFO - tree_node.f_best*ep:-4.038183689117432,left_f_best-3.2872238159179688,right_f_best-4.011399269104004,i:3
2025-04-26 22:50:37,253 - INFO - tree_node.f_best*ep:-4.038183689117432,left_f_best-3.2832283973693848,right_f_best-4.004156112670898,i:4
2025-04-26 22:50:44,835 - INFO - tree_node.f_best*ep:-4.038183689117432,left_f_best-3.2939555644989014,right_f_best-4.0208234786987305,i:5
2025-04-26 22:50:52,831 - INFO - tree_node.f_best*ep:-4.038183689117432,left_f_best-3.300894260406494,right_f_best-4.02484130859375,i:6
2025-04-26 22:51:01,312 - INFO - tree_node.f_best*ep:-4.038183689117432,left_f_best-3.317364454269409,right_f_best-4.0349273681640625,i:7
2025-04-26 22:51:09,923 - INFO - tree_node.f_best*ep:-4.038183689117432,left_f_best-3.312744379043579,right_f_best-4.027432441711426,i:8
2025-04-26 22:51:18,704 - INFO - tree_node.f_best*ep:-4.038183689117432,left_f_best-3.3162498474121094,right_f_best-4.027865886688232,i:9
2025-04-26 22:51:27,822 - INFO - tree_node.f_best*ep:-4.038183689117432,left_f_best-3.324519157409668,right_f_best-4.037268161773682,i:10
2025-04-26 22:51:37,501 - INFO - tree_node.f_best*ep:-4.038183689117432,left_f_best-3.3189964294433594,right_f_best-4.0370330810546875,i:11
2025-04-26 22:51:47,450 - INFO - tree_node.f_best*ep:-4.038183689117432,left_f_best-3.3257813453674316,right_f_best-4.038183689117432,i:12
2025-04-26 22:52:07,550 - INFO - 添加左子节点，右子节点，len(queue):7
2025-04-26 22:52:07,550 - INFO - Node 1: k=717.7708023960141, f_best=-3.9757232666015625, f_min=-18.377033947075688
2025-04-26 22:52:07,550 - INFO - Node 2: k=169.56544174680104, f_best=-3.2770700454711914, f_min=-4.696291975173153
2025-04-26 22:52:07,550 - INFO - Node 3: k=252.45983668667822, f_best=-3.998377799987793, f_min=-4.277372528727483
2025-04-26 22:52:07,550 - INFO - Node 4: k=143.17724164067164, f_best=-3.280862808227539, f_min=-3.9218919493441717
2025-04-26 22:52:07,550 - INFO - Node 5: k=208.97108377021212, f_best=-4.0138139724731445, f_min=-5.075605156226629
2025-04-26 22:52:07,550 - INFO - Node 6: k=153.50538238013195, f_best=-3.308232307434082, f_min=-4.348893360720012
2025-04-26 22:52:07,551 - INFO - Node 7: k=204.85352786022165, f_best=-4.025142669677734, f_min=-5.034988601281839
2025-04-26 22:52:07,551 - INFO - Node 8: k=249.96023434324576, f_best=-3.3070082664489746, f_min=-3.661036459465322
2025-04-26 22:52:07,551 - INFO - Node 9: k=171.26109616426905, f_best=-4.0262603759765625, f_min=-6.153477822025707
2025-04-26 22:52:07,551 - INFO - Node 10: k=219.63070922278195, f_best=-3.3221490383148193, f_min=-9.246524701741691
2025-04-26 22:52:07,551 - INFO - Node 11: k=147.51565523962563, f_best=-4.038183689117432, f_min=-5.933571994306476
2025-04-26 22:52:07,551 - INFO - Node 12: k=181.79710459238723, f_best=-3.3257813453674316, f_min=-3.520253850088011
2025-04-26 22:52:07,551 - INFO - Node 13: k=108.36162906402232, f_best=-4.038183689117432, f_min=-4.0988538829478784
2025-04-26 22:52:07,551 - INFO - cur_node_number 9,f_best -4.038183689117432,f_min -4.0988538829478784,k 108.36162906402232
2025-04-26 22:52:07,551 - INFO - f_best_current -4.038183689117432,f_min -4.0988538829478784
2025-04-26 22:52:13,716 - INFO - tree_node.f_best*ep:-4.038183689117432,left_f_best-3.260817050933838,right_f_best-3.9814453125,i:1
2025-04-26 22:52:20,159 - INFO - tree_node.f_best*ep:-4.038183689117432,left_f_best-3.2670018672943115,right_f_best-3.984853744506836,i:2
2025-04-26 22:52:26,941 - INFO - tree_node.f_best*ep:-4.038183689117432,left_f_best-3.2947678565979004,right_f_best-4.004949569702148,i:3
2025-04-26 22:52:34,337 - INFO - tree_node.f_best*ep:-4.038183689117432,left_f_best-3.287687301635742,right_f_best-4.011469841003418,i:4
2025-04-26 22:52:42,149 - INFO - tree_node.f_best*ep:-4.038183689117432,left_f_best-3.307422637939453,right_f_best-4.0187602043151855,i:5
2025-04-26 22:52:50,212 - INFO - tree_node.f_best*ep:-4.038183689117432,left_f_best-3.3056654930114746,right_f_best-4.014739990234375,i:6
2025-04-26 22:52:58,513 - INFO - tree_node.f_best*ep:-4.038183689117432,left_f_best-3.3005452156066895,right_f_best-4.031147003173828,i:7
2025-04-26 22:53:07,141 - INFO - tree_node.f_best*ep:-4.038183689117432,left_f_best-3.311367988586426,right_f_best-4.027621269226074,i:8
2025-04-26 22:53:15,956 - INFO - tree_node.f_best*ep:-4.038183689117432,left_f_best-3.312093734741211,right_f_best-4.037830829620361,i:9
2025-04-26 22:53:25,147 - INFO - tree_node.f_best*ep:-4.038183689117432,left_f_best-3.3344578742980957,right_f_best-4.041299343109131,i:10
2025-04-26 22:53:46,609 - INFO - 添加左子节点，右子节点，len(queue):8
2025-04-26 22:53:46,609 - INFO - Node 1: k=717.7708023960141, f_best=-3.9757232666015625, f_min=-18.377033947075688
2025-04-26 22:53:46,609 - INFO - Node 2: k=169.56544174680104, f_best=-3.2770700454711914, f_min=-4.696291975173153
2025-04-26 22:53:46,609 - INFO - Node 3: k=252.45983668667822, f_best=-3.998377799987793, f_min=-4.277372528727483
2025-04-26 22:53:46,609 - INFO - Node 4: k=143.17724164067164, f_best=-3.280862808227539, f_min=-3.9218919493441717
2025-04-26 22:53:46,609 - INFO - Node 5: k=208.97108377021212, f_best=-4.0138139724731445, f_min=-5.075605156226629
2025-04-26 22:53:46,609 - INFO - Node 6: k=153.50538238013195, f_best=-3.308232307434082, f_min=-4.348893360720012
2025-04-26 22:53:46,610 - INFO - Node 7: k=204.85352786022165, f_best=-4.025142669677734, f_min=-5.034988601281839
2025-04-26 22:53:46,610 - INFO - Node 8: k=249.96023434324576, f_best=-3.3070082664489746, f_min=-3.661036459465322
2025-04-26 22:53:46,610 - INFO - Node 9: k=171.26109616426905, f_best=-4.0262603759765625, f_min=-6.153477822025707
2025-04-26 22:53:46,610 - INFO - Node 10: k=219.63070922278195, f_best=-3.3221490383148193, f_min=-9.246524701741691
2025-04-26 22:53:46,610 - INFO - Node 11: k=147.51565523962563, f_best=-4.038183689117432, f_min=-5.933571994306476
2025-04-26 22:53:46,610 - INFO - Node 12: k=181.79710459238723, f_best=-3.3257813453674316, f_min=-3.520253850088011
2025-04-26 22:53:46,610 - INFO - Node 13: k=108.36162906402232, f_best=-4.038183689117432, f_min=-4.0988538829478784
2025-04-26 22:53:46,610 - INFO - Node 14: k=162.94905662222178, f_best=-3.3344578742980957, f_min=-4.369237132998023
2025-04-26 22:53:46,610 - INFO - Node 15: k=164.578547188444, f_best=-4.041299343109131, f_min=-4.296983299337171
2025-04-26 22:53:46,611 - INFO - cur_node_number 10,f_best -4.041299343109131,f_min -4.296983299337171,k 164.578547188444
2025-04-26 22:53:46,611 - INFO - f_best_current -4.041299343109131,f_min -4.296983299337171
2025-04-26 22:53:46,611 - INFO - 回退,len(queue)=6
2025-04-26 22:53:46,611 - INFO - 回退,len(queue)=5
2025-04-26 22:53:53,077 - INFO - tree_node.f_best*ep:-4.038183689117432,left_f_best-3.259401798248291,right_f_best-3.996372699737549,i:1
2025-04-26 22:53:59,799 - INFO - tree_node.f_best*ep:-4.038183689117432,left_f_best-3.2794692516326904,right_f_best-3.9880762100219727,i:2
2025-04-26 22:54:06,615 - INFO - tree_node.f_best*ep:-4.038183689117432,left_f_best-3.288036346435547,right_f_best-4.002264976501465,i:3
2025-04-26 22:54:13,941 - INFO - tree_node.f_best*ep:-4.038183689117432,left_f_best-3.2867259979248047,right_f_best-4.010317325592041,i:4
2025-04-26 22:54:21,514 - INFO - tree_node.f_best*ep:-4.038183689117432,left_f_best-3.3059635162353516,right_f_best-4.006879806518555,i:5
2025-04-26 22:54:29,585 - INFO - tree_node.f_best*ep:-4.038183689117432,left_f_best-3.3052029609680176,right_f_best-4.0154194831848145,i:6
2025-04-26 22:54:37,967 - INFO - tree_node.f_best*ep:-4.038183689117432,left_f_best-3.3116164207458496,right_f_best-4.020258903503418,i:7
2025-04-26 22:54:46,748 - INFO - tree_node.f_best*ep:-4.038183689117432,left_f_best-3.3229658603668213,right_f_best-4.035489082336426,i:8
2025-04-26 22:54:55,856 - INFO - tree_node.f_best*ep:-4.038183689117432,left_f_best-3.3229217529296875,right_f_best-4.031722545623779,i:9
2025-04-26 22:55:05,222 - INFO - tree_node.f_best*ep:-4.038183689117432,left_f_best-3.326566219329834,right_f_best-4.033928871154785,i:10
2025-04-26 22:55:14,750 - INFO - tree_node.f_best*ep:-4.038183689117432,left_f_best-3.3251466751098633,right_f_best-4.040188789367676,i:11
2025-04-26 22:55:35,942 - INFO - 添加左子节点，右子节点，len(queue):7
2025-04-26 22:55:35,942 - INFO - Node 1: k=717.7708023960141, f_best=-3.9757232666015625, f_min=-18.377033947075688
2025-04-26 22:55:35,942 - INFO - Node 2: k=169.56544174680104, f_best=-3.2770700454711914, f_min=-4.696291975173153
2025-04-26 22:55:35,942 - INFO - Node 3: k=252.45983668667822, f_best=-3.998377799987793, f_min=-4.277372528727483
2025-04-26 22:55:35,943 - INFO - Node 4: k=143.17724164067164, f_best=-3.280862808227539, f_min=-3.9218919493441717
2025-04-26 22:55:35,943 - INFO - Node 5: k=208.97108377021212, f_best=-4.0138139724731445, f_min=-5.075605156226629
2025-04-26 22:55:35,943 - INFO - Node 6: k=153.50538238013195, f_best=-3.308232307434082, f_min=-4.348893360720012
2025-04-26 22:55:35,943 - INFO - Node 7: k=204.85352786022165, f_best=-4.025142669677734, f_min=-5.034988601281839
2025-04-26 22:55:35,943 - INFO - Node 8: k=249.96023434324576, f_best=-3.3070082664489746, f_min=-3.661036459465322
2025-04-26 22:55:35,943 - INFO - Node 9: k=171.26109616426905, f_best=-4.0262603759765625, f_min=-6.153477822025707
2025-04-26 22:55:35,943 - INFO - Node 10: k=219.63070922278195, f_best=-3.3221490383148193, f_min=-9.246524701741691
2025-04-26 22:55:35,943 - INFO - Node 11: k=164.578547188444, f_best=-4.038183689117432, f_min=-5.933571994306476
2025-04-26 22:55:35,943 - INFO - Node 12: k=196.86021377163598, f_best=-3.3251466751098633, f_min=-3.869853484594387
2025-04-26 22:55:35,944 - INFO - Node 13: k=127.06253216961576, f_best=-4.040188789367676, f_min=-4.071331579106754
2025-04-26 22:55:35,944 - INFO - cur_node_number 11,f_best -4.040188789367676,f_min -4.071331579106754,k 127.06253216961576
2025-04-26 22:55:35,944 - INFO - f_best_current -4.040188789367676,f_min -4.071331579106754
2025-04-26 22:55:35,944 - INFO - 结束,fmin= -4.071331579106754, fbestmin=-4.040188789367676
