2025-04-27 14:38:46,862 - INFO - Namespace(log_file='outputs/dnn1/img[7]/max/DNN1img7_label3.log', image_path='img[7].png', model_path='network/SimpleNN14.pth', label=3, init_epsilon=0.05, epsilon=0.01, ep=1, min=0)
2025-04-27 14:38:46,862 - INFO - Model output max(1): torch.return_types.max(
values=tensor([9.7064], grad_fn=<MaxBackward0>),
indices=tensor([7]))
2025-04-27 14:38:50,214 - INFO - cur_node_number 1,f_best -3.8386940956115723,f_min -5.167617138316928,k 374.49432464939395
2025-04-27 14:38:50,214 - INFO - f_best_current -3.8386940956115723,f_min -5.167617138316928
2025-04-27 14:38:55,554 - INFO - tree_node.f_best*ep:-3.8386940956115723,left_f_best-3.122541904449463,right_f_best-3.853759765625,i:1
2025-04-27 14:39:12,895 - INFO - 添加左子节点，右子节点，len(queue):2
2025-04-27 14:39:12,895 - INFO - Node 1: k=374.49432464939395, f_best=-3.8386940956115723, f_min=-5.167617138316928
2025-04-27 14:39:12,895 - INFO - Node 2: k=91.73899018423448, f_best=-3.122541904449463, f_min=-3.176842555596977
2025-04-27 14:39:12,895 - INFO - Node 3: k=120.01376142851117, f_best=-3.853759765625, f_min=-4.677853106379189
2025-04-27 14:39:12,895 - INFO - cur_node_number 2,f_best -3.853759765625,f_min -4.677853106379189,k 120.01376142851117
2025-04-27 14:39:12,895 - INFO - f_best_current -3.853759765625,f_min -4.677853106379189
2025-04-27 14:39:18,226 - INFO - tree_node.f_best*ep:-3.853759765625,left_f_best-3.141508102416992,right_f_best-3.8460159301757812,i:1
2025-04-27 14:39:23,628 - INFO - tree_node.f_best*ep:-3.853759765625,left_f_best-3.1456146240234375,right_f_best-3.859966278076172,i:2
2025-04-27 14:39:42,511 - INFO - 添加左子节点，右子节点，len(queue):3
2025-04-27 14:39:42,511 - INFO - Node 1: k=374.49432464939395, f_best=-3.8386940956115723, f_min=-5.167617138316928
2025-04-27 14:39:42,511 - INFO - Node 2: k=91.73899018423448, f_best=-3.122541904449463, f_min=-3.176842555596977
2025-04-27 14:39:42,511 - INFO - Node 3: k=120.01376142851117, f_best=-3.853759765625, f_min=-4.677853106379189
2025-04-27 14:39:42,511 - INFO - Node 4: k=184.09844495530547, f_best=-3.1456146240234375, f_min=-3.585247090566554
2025-04-27 14:39:42,511 - INFO - Node 5: k=122.42603803322424, f_best=-3.859966278076172, f_min=-4.110871222516835
2025-04-27 14:39:42,511 - INFO - cur_node_number 3,f_best -3.859966278076172,f_min -4.110871222516835,k 122.42603803322424
2025-04-27 14:39:42,511 - INFO - f_best_current -3.859966278076172,f_min -4.110871222516835
2025-04-27 14:39:42,511 - INFO - 回退,len(queue)=1
2025-04-27 14:39:47,931 - INFO - tree_node.f_best*ep:-3.853759765625,left_f_best-3.143852710723877,right_f_best-3.8700389862060547,i:1
2025-04-27 14:40:06,439 - INFO - 添加左子节点，右子节点，len(queue):3
2025-04-27 14:40:06,439 - INFO - Node 1: k=374.49432464939395, f_best=-3.8386940956115723, f_min=-5.167617138316928
2025-04-27 14:40:06,439 - INFO - Node 2: k=91.73899018423448, f_best=-3.122541904449463, f_min=-3.176842555596977
2025-04-27 14:40:06,439 - INFO - Node 3: k=122.42603803322424, f_best=-3.853759765625, f_min=-4.677853106379189
2025-04-27 14:40:06,439 - INFO - Node 4: k=149.3830322384312, f_best=-3.143852710723877, f_min=-4.187681524303116
2025-04-27 14:40:06,439 - INFO - Node 5: k=126.13566941166897, f_best=-3.8700389862060547, f_min=-4.425328301963873
2025-04-27 14:40:06,439 - INFO - cur_node_number 4,f_best -3.8700389862060547,f_min -4.425328301963873,k 126.13566941166897
2025-04-27 14:40:06,439 - INFO - f_best_current -3.8700389862060547,f_min -4.425328301963873
2025-04-27 14:40:06,439 - INFO - 回退,len(queue)=1
2025-04-27 14:40:11,626 - INFO - tree_node.f_best*ep:-3.853759765625,left_f_best-3.146881103515625,right_f_best-3.8427953720092773,i:1
2025-04-27 14:40:17,183 - INFO - tree_node.f_best*ep:-3.853759765625,left_f_best-3.1440958976745605,right_f_best-3.8557653427124023,i:2
2025-04-27 14:40:34,190 - INFO - 添加左子节点，右子节点，len(queue):3
2025-04-27 14:40:34,190 - INFO - Node 1: k=374.49432464939395, f_best=-3.8386940956115723, f_min=-5.167617138316928
2025-04-27 14:40:34,190 - INFO - Node 2: k=91.73899018423448, f_best=-3.122541904449463, f_min=-3.176842555596977
2025-04-27 14:40:34,190 - INFO - Node 3: k=126.13566941166897, f_best=-3.853759765625, f_min=-4.677853106379189
2025-04-27 14:40:34,190 - INFO - Node 4: k=78.23696140245164, f_best=-3.1440958976745605, f_min=-3.665129562394668
2025-04-27 14:40:34,190 - INFO - Node 5: k=128.67099636684353, f_best=-3.8557653427124023, f_min=-4.5713057362036125
2025-04-27 14:40:34,190 - INFO - cur_node_number 5,f_best -3.8557653427124023,f_min -4.5713057362036125,k 128.67099636684353
2025-04-27 14:40:34,190 - INFO - f_best_current -3.8557653427124023,f_min -4.5713057362036125
2025-04-27 14:40:34,190 - INFO - 回退,len(queue)=1
2025-04-27 14:40:39,649 - INFO - tree_node.f_best*ep:-3.853759765625,left_f_best-3.1367621421813965,right_f_best-3.855409622192383,i:1
2025-04-27 14:40:57,702 - INFO - 添加左子节点，右子节点，len(queue):3
2025-04-27 14:40:57,702 - INFO - Node 1: k=374.49432464939395, f_best=-3.8386940956115723, f_min=-5.167617138316928
2025-04-27 14:40:57,702 - INFO - Node 2: k=91.73899018423448, f_best=-3.122541904449463, f_min=-3.176842555596977
2025-04-27 14:40:57,702 - INFO - Node 3: k=128.67099636684353, f_best=-3.853759765625, f_min=-4.677853106379189
2025-04-27 14:40:57,702 - INFO - Node 4: k=131.2572833938171, f_best=-3.1367621421813965, f_min=-4.636817573177268
2025-04-27 14:40:57,702 - INFO - Node 5: k=178.68413692241924, f_best=-3.855409622192383, f_min=-3.9647555465708137
2025-04-27 14:40:57,702 - INFO - cur_node_number 6,f_best -3.855409622192383,f_min -3.9647555465708137,k 178.68413692241924
2025-04-27 14:40:57,702 - INFO - f_best_current -3.855409622192383,f_min -3.9647555465708137
2025-04-27 14:40:57,702 - INFO - 回退,len(queue)=1
2025-04-27 14:41:03,149 - INFO - tree_node.f_best*ep:-3.853759765625,left_f_best-3.148698329925537,right_f_best-3.869710922241211,i:1
2025-04-27 14:41:21,105 - INFO - 添加左子节点，右子节点，len(queue):3
2025-04-27 14:41:21,105 - INFO - Node 1: k=374.49432464939395, f_best=-3.8386940956115723, f_min=-5.167617138316928
2025-04-27 14:41:21,105 - INFO - Node 2: k=91.73899018423448, f_best=-3.122541904449463, f_min=-3.176842555596977
2025-04-27 14:41:21,105 - INFO - Node 3: k=178.68413692241924, f_best=-3.853759765625, f_min=-4.677853106379189
2025-04-27 14:41:21,105 - INFO - Node 4: k=147.90399231527843, f_best=-3.148698329925537, f_min=-3.287690218829539
2025-04-27 14:41:21,105 - INFO - Node 5: k=90.83068335072721, f_best=-3.869710922241211, f_min=-4.060513035052736
2025-04-27 14:41:21,105 - INFO - cur_node_number 7,f_best -3.869710922241211,f_min -4.060513035052736,k 90.83068335072721
2025-04-27 14:41:21,105 - INFO - f_best_current -3.869710922241211,f_min -4.060513035052736
2025-04-27 14:41:26,428 - INFO - tree_node.f_best*ep:-3.869710922241211,left_f_best-3.1382083892822266,right_f_best-3.8588805198669434,i:1
2025-04-27 14:41:31,792 - INFO - tree_node.f_best*ep:-3.869710922241211,left_f_best-3.1476941108703613,right_f_best-3.8570613861083984,i:2
2025-04-27 14:41:37,611 - INFO - tree_node.f_best*ep:-3.869710922241211,left_f_best-3.1583480834960938,right_f_best-3.870276927947998,i:3
2025-04-27 14:41:56,070 - INFO - 添加左子节点，右子节点，len(queue):4
2025-04-27 14:41:56,070 - INFO - Node 1: k=374.49432464939395, f_best=-3.8386940956115723, f_min=-5.167617138316928
2025-04-27 14:41:56,070 - INFO - Node 2: k=91.73899018423448, f_best=-3.122541904449463, f_min=-3.176842555596977
2025-04-27 14:41:56,070 - INFO - Node 3: k=178.68413692241924, f_best=-3.853759765625, f_min=-4.677853106379189
2025-04-27 14:41:56,070 - INFO - Node 4: k=147.90399231527843, f_best=-3.148698329925537, f_min=-3.287690218829539
2025-04-27 14:41:56,070 - INFO - Node 5: k=90.83068335072721, f_best=-3.869710922241211, f_min=-4.060513035052736
2025-04-27 14:41:56,070 - INFO - Node 6: k=128.67099636684353, f_best=-3.1583480834960938, f_min=-4.04963087570286
2025-04-27 14:41:56,070 - INFO - Node 7: k=133.8955547900328, f_best=-3.870276927947998, f_min=-5.635535839842305
2025-04-27 14:41:56,070 - INFO - cur_node_number 8,f_best -3.870276927947998,f_min -5.635535839842305,k 133.8955547900328
2025-04-27 14:41:56,070 - INFO - f_best_current -3.870276927947998,f_min -5.635535839842305
2025-04-27 14:41:56,070 - INFO - 回退,len(queue)=2
2025-04-27 14:42:01,318 - INFO - tree_node.f_best*ep:-3.869710922241211,left_f_best-3.1390209197998047,right_f_best-3.8553366661071777,i:1
2025-04-27 14:42:06,894 - INFO - tree_node.f_best*ep:-3.869710922241211,left_f_best-3.151553153991699,right_f_best-3.859771251678467,i:2
2025-04-27 14:42:12,608 - INFO - tree_node.f_best*ep:-3.869710922241211,left_f_best-3.157621383666992,right_f_best-3.8771820068359375,i:3
2025-04-27 14:42:30,108 - INFO - 添加左子节点，右子节点，len(queue):4
2025-04-27 14:42:30,108 - INFO - Node 1: k=374.49432464939395, f_best=-3.8386940956115723, f_min=-5.167617138316928
2025-04-27 14:42:30,108 - INFO - Node 2: k=91.73899018423448, f_best=-3.122541904449463, f_min=-3.176842555596977
2025-04-27 14:42:30,108 - INFO - Node 3: k=178.68413692241924, f_best=-3.853759765625, f_min=-4.677853106379189
2025-04-27 14:42:30,108 - INFO - Node 4: k=147.90399231527843, f_best=-3.148698329925537, f_min=-3.287690218829539
2025-04-27 14:42:30,108 - INFO - Node 5: k=133.8955547900328, f_best=-3.869710922241211, f_min=-4.060513035052736
2025-04-27 14:42:30,108 - INFO - Node 6: k=103.37379037862647, f_best=-3.157621383666992, f_min=-4.057264109778316
2025-04-27 14:42:30,108 - INFO - Node 7: k=126.13566941166897, f_best=-3.8771820068359375, f_min=-4.81844848185392
2025-04-27 14:42:30,108 - INFO - cur_node_number 9,f_best -3.8771820068359375,f_min -4.81844848185392,k 126.13566941166897
2025-04-27 14:42:30,108 - INFO - f_best_current -3.8771820068359375,f_min -4.81844848185392
2025-04-27 14:42:35,548 - INFO - tree_node.f_best*ep:-3.8771820068359375,left_f_best-3.1355690956115723,right_f_best-3.852947235107422,i:1
2025-04-27 14:42:41,237 - INFO - tree_node.f_best*ep:-3.8771820068359375,left_f_best-3.1552047729492188,right_f_best-3.8677759170532227,i:2
2025-04-27 14:42:47,025 - INFO - tree_node.f_best*ep:-3.8771820068359375,left_f_best-3.1602210998535156,right_f_best-3.8765087127685547,i:3
2025-04-27 14:42:53,165 - INFO - tree_node.f_best*ep:-3.8771820068359375,left_f_best-3.171049118041992,right_f_best-3.872781753540039,i:4
2025-04-27 14:42:59,474 - INFO - tree_node.f_best*ep:-3.8771820068359375,left_f_best-3.169499397277832,right_f_best-3.8878536224365234,i:5
2025-04-27 14:43:18,092 - INFO - 添加左子节点，右子节点，len(queue):5
2025-04-27 14:43:18,092 - INFO - Node 1: k=374.49432464939395, f_best=-3.8386940956115723, f_min=-5.167617138316928
2025-04-27 14:43:18,092 - INFO - Node 2: k=91.73899018423448, f_best=-3.122541904449463, f_min=-3.176842555596977
2025-04-27 14:43:18,092 - INFO - Node 3: k=178.68413692241924, f_best=-3.853759765625, f_min=-4.677853106379189
2025-04-27 14:43:18,092 - INFO - Node 4: k=147.90399231527843, f_best=-3.148698329925537, f_min=-3.287690218829539
2025-04-27 14:43:18,092 - INFO - Node 5: k=133.8955547900328, f_best=-3.869710922241211, f_min=-4.060513035052736
2025-04-27 14:43:18,092 - INFO - Node 6: k=103.37379037862647, f_best=-3.157621383666992, f_min=-4.057264109778316
2025-04-27 14:43:18,092 - INFO - Node 7: k=126.13566941166897, f_best=-3.8771820068359375, f_min=-4.81844848185392
2025-04-27 14:43:18,092 - INFO - Node 8: k=130.70805700134912, f_best=-3.169499397277832, f_min=-3.838495044168212
2025-04-27 14:43:18,092 - INFO - Node 9: k=165.0118025715864, f_best=-3.8878536224365234, f_min=-5.55945154818437
2025-04-27 14:43:18,092 - INFO - cur_node_number 10,f_best -3.8878536224365234,f_min -5.55945154818437,k 165.0118025715864
2025-04-27 14:43:18,092 - INFO - f_best_current -3.8878536224365234,f_min -5.55945154818437
2025-04-27 14:43:18,092 - INFO - 回退,len(queue)=3
2025-04-27 14:43:18,092 - INFO - 回退,len(queue)=2
2025-04-27 14:43:23,528 - INFO - tree_node.f_best*ep:-3.869710922241211,left_f_best-3.1200594902038574,right_f_best-3.848694324493408,i:1
2025-04-27 14:43:29,024 - INFO - tree_node.f_best*ep:-3.869710922241211,left_f_best-3.158341884613037,right_f_best-3.8537087440490723,i:2
2025-04-27 14:43:34,855 - INFO - tree_node.f_best*ep:-3.869710922241211,left_f_best-3.162200450897217,right_f_best-3.867692470550537,i:3
2025-04-27 14:43:40,930 - INFO - tree_node.f_best*ep:-3.869710922241211,left_f_best-3.166881561279297,right_f_best-3.8796253204345703,i:4
2025-04-27 14:43:57,803 - INFO - 添加左子节点，右子节点，len(queue):4
2025-04-27 14:43:57,803 - INFO - Node 1: k=374.49432464939395, f_best=-3.8386940956115723, f_min=-5.167617138316928
2025-04-27 14:43:57,803 - INFO - Node 2: k=91.73899018423448, f_best=-3.122541904449463, f_min=-3.176842555596977
2025-04-27 14:43:57,803 - INFO - Node 3: k=178.68413692241924, f_best=-3.853759765625, f_min=-4.677853106379189
2025-04-27 14:43:57,803 - INFO - Node 4: k=147.90399231527843, f_best=-3.148698329925537, f_min=-3.287690218829539
2025-04-27 14:43:57,803 - INFO - Node 5: k=165.0118025715864, f_best=-3.869710922241211, f_min=-4.060513035052736
2025-04-27 14:43:57,803 - INFO - Node 6: k=82.22783272326248, f_best=-3.166881561279297, f_min=-3.670530738474554
2025-04-27 14:43:57,803 - INFO - Node 7: k=126.13566941166897, f_best=-3.8796253204345703, f_min=-4.338459852028336
2025-04-27 14:43:57,803 - INFO - cur_node_number 11,f_best -3.8796253204345703,f_min -4.338459852028336,k 126.13566941166897
2025-04-27 14:43:57,803 - INFO - f_best_current -3.8796253204345703,f_min -4.338459852028336
2025-04-27 14:44:02,957 - INFO - tree_node.f_best*ep:-3.8796253204345703,left_f_best-3.133544445037842,right_f_best-3.8658504486083984,i:1
2025-04-27 14:44:08,330 - INFO - tree_node.f_best*ep:-3.8796253204345703,left_f_best-3.1591415405273438,right_f_best-3.8774352073669434,i:2
2025-04-27 14:44:14,156 - INFO - tree_node.f_best*ep:-3.8796253204345703,left_f_best-3.1543092727661133,right_f_best-3.8678274154663086,i:3
2025-04-27 14:44:20,394 - INFO - tree_node.f_best*ep:-3.8796253204345703,left_f_best-3.1635899543762207,right_f_best-3.8801708221435547,i:4
2025-04-27 14:44:39,511 - INFO - 添加左子节点，右子节点，len(queue):5
2025-04-27 14:44:39,511 - INFO - Node 1: k=374.49432464939395, f_best=-3.8386940956115723, f_min=-5.167617138316928
2025-04-27 14:44:39,511 - INFO - Node 2: k=91.73899018423448, f_best=-3.122541904449463, f_min=-3.176842555596977
2025-04-27 14:44:39,511 - INFO - Node 3: k=178.68413692241924, f_best=-3.853759765625, f_min=-4.677853106379189
2025-04-27 14:44:39,511 - INFO - Node 4: k=147.90399231527843, f_best=-3.148698329925537, f_min=-3.287690218829539
2025-04-27 14:44:39,511 - INFO - Node 5: k=165.0118025715864, f_best=-3.869710922241211, f_min=-4.060513035052736
2025-04-27 14:44:39,511 - INFO - Node 6: k=82.22783272326248, f_best=-3.166881561279297, f_min=-3.670530738474554
2025-04-27 14:44:39,511 - INFO - Node 7: k=126.13566941166897, f_best=-3.8796253204345703, f_min=-4.338459852028336
2025-04-27 14:44:39,511 - INFO - Node 8: k=209.521203141851, f_best=-3.1635899543762207, f_min=-4.409712699769443
2025-04-27 14:44:39,511 - INFO - Node 9: k=100.33358249543238, f_best=-3.8801708221435547, f_min=-4.7072055195653775
2025-04-27 14:44:39,511 - INFO - cur_node_number 12,f_best -3.8801708221435547,f_min -4.7072055195653775,k 100.33358249543238
2025-04-27 14:44:39,511 - INFO - f_best_current -3.8801708221435547,f_min -4.7072055195653775
2025-04-27 14:44:44,682 - INFO - tree_node.f_best*ep:-3.8801708221435547,left_f_best-3.147139072418213,right_f_best-3.8577919006347656,i:1
2025-04-27 14:44:50,157 - INFO - tree_node.f_best*ep:-3.8801708221435547,left_f_best-3.152163505554199,right_f_best-3.8646092414855957,i:2
2025-04-27 14:44:55,958 - INFO - tree_node.f_best*ep:-3.8801708221435547,left_f_best-3.152304172515869,right_f_best-3.8794679641723633,i:3
2025-04-27 14:45:02,199 - INFO - tree_node.f_best*ep:-3.8801708221435547,left_f_best-3.168307304382324,right_f_best-3.8854222297668457,i:4
2025-04-27 14:45:18,349 - INFO - 添加左子节点，右子节点，len(queue):6
2025-04-27 14:45:18,349 - INFO - Node 1: k=374.49432464939395, f_best=-3.8386940956115723, f_min=-5.167617138316928
2025-04-27 14:45:18,349 - INFO - Node 2: k=91.73899018423448, f_best=-3.122541904449463, f_min=-3.176842555596977
2025-04-27 14:45:18,365 - INFO - Node 3: k=178.68413692241924, f_best=-3.853759765625, f_min=-4.677853106379189
2025-04-27 14:45:18,365 - INFO - Node 4: k=147.90399231527843, f_best=-3.148698329925537, f_min=-3.287690218829539
2025-04-27 14:45:18,365 - INFO - Node 5: k=165.0118025715864, f_best=-3.869710922241211, f_min=-4.060513035052736
2025-04-27 14:45:18,365 - INFO - Node 6: k=82.22783272326248, f_best=-3.166881561279297, f_min=-3.670530738474554
2025-04-27 14:45:18,365 - INFO - Node 7: k=126.13566941166897, f_best=-3.8796253204345703, f_min=-4.338459852028336
2025-04-27 14:45:18,365 - INFO - Node 8: k=209.521203141851, f_best=-3.1635899543762207, f_min=-4.409712699769443
2025-04-27 14:45:18,365 - INFO - Node 9: k=100.33358249543238, f_best=-3.8801708221435547, f_min=-4.7072055195653775
2025-04-27 14:45:18,365 - INFO - Node 10: k=66.06152888556993, f_best=-3.168307304382324, f_min=-3.6301938712138053
2025-04-27 14:45:18,365 - INFO - Node 11: k=106.50611960088922, f_best=-3.8854222297668457, f_min=-3.9157141979112566
2025-04-27 14:45:18,365 - INFO - cur_node_number 13,f_best -3.8854222297668457,f_min -3.9157141979112566,k 106.50611960088922
2025-04-27 14:45:18,365 - INFO - f_best_current -3.8854222297668457,f_min -3.9157141979112566
2025-04-27 14:45:18,365 - INFO - 结束,fmin= -3.9157141979112566, fbestmin=-3.8854222297668457
