2025-04-27 13:49:01,646 - INFO - Namespace(log_file='outputs/dnn1/img[7]/max/DNN1img7_label0.log', image_path='img[7].png', model_path='network/SimpleNN14.pth', label=0, init_epsilon=0.05, epsilon=0.01, ep=1, min=0)
2025-04-27 13:49:01,655 - INFO - Model output max(1): torch.return_types.max(
values=tensor([9.7064], grad_fn=<MaxBackward0>),
indices=tensor([7]))
2025-04-27 13:49:05,407 - INFO - cur_node_number 1,f_best 1.2875982522964478,f_min 0.1625303416103634,k 216.72125269062153
2025-04-27 13:49:05,407 - INFO - f_best_current 1.2875982522964478,f_min 0.1625303416103634
2025-04-27 13:49:11,550 - INFO - tree_node.f_best*ep:1.2875982522964478,left_f_best1.8261592388153076,right_f_best1.2907836437225342,i:1
2025-04-27 13:49:18,065 - INFO - tree_node.f_best*ep:1.2875982522964478,left_f_best1.7882332801818848,right_f_best1.2958215475082397,i:2
2025-04-27 13:49:25,107 - INFO - tree_node.f_best*ep:1.2875982522964478,left_f_best1.7971653938293457,right_f_best1.250490427017212,i:3
2025-04-27 13:49:44,352 - INFO - 添加左子节点，右子节点，len(queue):2
2025-04-27 13:49:44,352 - INFO - Node 1: k=216.72125269062153, f_best=1.2875982522964478, f_min=0.1625303416103634
2025-04-27 13:49:44,352 - INFO - Node 2: k=124.36423133053074, f_best=1.7971653938293457, f_min=1.1040652057808984
2025-04-27 13:49:44,352 - INFO - Node 3: k=108.19227599742753, f_best=1.250490427017212, f_min=0.497643900667299
2025-04-27 13:49:44,352 - INFO - cur_node_number 2,f_best 1.250490427017212,f_min 0.497643900667299,k 108.19227599742753
2025-04-27 13:49:44,352 - INFO - f_best_current 1.250490427017212,f_min 0.497643900667299
2025-04-27 13:49:50,729 - INFO - tree_node.f_best*ep:1.250490427017212,left_f_best1.797208309173584,right_f_best1.2726389169692993,i:1
2025-04-27 13:49:57,413 - INFO - tree_node.f_best*ep:1.250490427017212,left_f_best1.805433750152588,right_f_best1.28373122215271,i:2
2025-04-27 13:50:04,148 - INFO - tree_node.f_best*ep:1.250490427017212,left_f_best1.7968499660491943,right_f_best1.24004328250885,i:3
2025-04-27 13:50:24,555 - INFO - 添加左子节点，右子节点，len(queue):3
2025-04-27 13:50:24,555 - INFO - Node 1: k=216.72125269062153, f_best=1.2875982522964478, f_min=0.1625303416103634
2025-04-27 13:50:24,555 - INFO - Node 2: k=124.36423133053074, f_best=1.7971653938293457, f_min=1.1040652057808984
2025-04-27 13:50:24,555 - INFO - Node 3: k=108.19227599742753, f_best=1.250490427017212, f_min=0.497643900667299
2025-04-27 13:50:24,555 - INFO - Node 4: k=148.75796137172685, f_best=1.7968499660491943, f_min=0.5081902302076742
2025-04-27 13:50:24,555 - INFO - Node 5: k=120.70669768400762, f_best=1.24004328250885, f_min=0.915690194653962
2025-04-27 13:50:24,555 - INFO - cur_node_number 3,f_best 1.24004328250885,f_min 0.915690194653962,k 120.70669768400762
2025-04-27 13:50:24,555 - INFO - f_best_current 1.24004328250885,f_min 0.915690194653962
2025-04-27 13:50:24,555 - INFO - 回退,len(queue)=1
2025-04-27 13:50:31,008 - INFO - tree_node.f_best*ep:1.250490427017212,left_f_best1.8216173648834229,right_f_best1.2975144386291504,i:1
2025-04-27 13:50:37,730 - INFO - tree_node.f_best*ep:1.250490427017212,left_f_best1.794081687927246,right_f_best1.2790228128433228,i:2
2025-04-27 13:50:44,728 - INFO - tree_node.f_best*ep:1.250490427017212,left_f_best1.786109447479248,right_f_best1.259553074836731,i:3
2025-04-27 13:50:51,763 - INFO - tree_node.f_best*ep:1.250490427017212,left_f_best1.785245656967163,right_f_best1.233696699142456,i:4
2025-04-27 13:51:12,985 - INFO - 添加左子节点，右子节点，len(queue):3
2025-04-27 13:51:12,985 - INFO - Node 1: k=216.72125269062153, f_best=1.2875982522964478, f_min=0.1625303416103634
2025-04-27 13:51:12,985 - INFO - Node 2: k=124.36423133053074, f_best=1.7971653938293457, f_min=1.1040652057808984
2025-04-27 13:51:12,985 - INFO - Node 3: k=120.70669768400762, f_best=1.250490427017212, f_min=0.497643900667299
2025-04-27 13:51:12,985 - INFO - Node 4: k=169.3004362481172, f_best=1.785245656967163, f_min=0.6760437490293043
2025-04-27 13:51:12,985 - INFO - Node 5: k=147.2851102690365, f_best=1.233696699142456, f_min=-1.3720412900665906
2025-04-27 13:51:12,985 - INFO - cur_node_number 4,f_best 1.233696699142456,f_min -1.3720412900665906,k 147.2851102690365
2025-04-27 13:51:12,985 - INFO - f_best_current 1.233696699142456,f_min -1.3720412900665906
2025-04-27 13:51:12,985 - INFO - 回退,len(queue)=1
2025-04-27 13:51:19,028 - INFO - tree_node.f_best*ep:1.250490427017212,left_f_best1.8155796527862549,right_f_best1.253922939300537,i:1
2025-04-27 13:51:25,332 - INFO - tree_node.f_best*ep:1.250490427017212,left_f_best1.7981269359588623,right_f_best1.2722152471542358,i:2
2025-04-27 13:51:31,848 - INFO - tree_node.f_best*ep:1.250490427017212,left_f_best1.8125357627868652,right_f_best1.255391240119934,i:3
2025-04-27 13:51:38,677 - INFO - tree_node.f_best*ep:1.250490427017212,left_f_best1.7821719646453857,right_f_best1.2535088062286377,i:4
2025-04-27 13:51:45,594 - INFO - tree_node.f_best*ep:1.250490427017212,left_f_best1.7930946350097656,right_f_best1.2538058757781982,i:5
2025-04-27 13:51:52,837 - INFO - tree_node.f_best*ep:1.250490427017212,left_f_best1.7824640274047852,right_f_best1.2444335222244263,i:6
2025-04-27 13:52:12,794 - INFO - 添加左子节点，右子节点，len(queue):3
2025-04-27 13:52:12,794 - INFO - Node 1: k=216.72125269062153, f_best=1.2875982522964478, f_min=0.1625303416103634
2025-04-27 13:52:12,794 - INFO - Node 2: k=124.36423133053074, f_best=1.7971653938293457, f_min=1.1040652057808984
2025-04-27 13:52:12,794 - INFO - Node 3: k=147.2851102690365, f_best=1.250490427017212, f_min=0.497643900667299
2025-04-27 13:52:12,794 - INFO - Node 4: k=150.2455409854441, f_best=1.7824640274047852, f_min=1.7442632345164384
2025-04-27 13:52:12,794 - INFO - Node 5: k=128.13259190407717, f_best=1.2444335222244263, f_min=0.7513587461462521
2025-04-27 13:52:12,794 - INFO - cur_node_number 5,f_best 1.2444335222244263,f_min 0.7513587461462521,k 128.13259190407717
2025-04-27 13:52:12,794 - INFO - f_best_current 1.2444335222244263,f_min 0.7513587461462521
2025-04-27 13:52:18,889 - INFO - tree_node.f_best*ep:1.2444335222244263,left_f_best1.8364057540893555,right_f_best1.2758915424346924,i:1
2025-04-27 13:52:25,283 - INFO - tree_node.f_best*ep:1.2444335222244263,left_f_best1.8087546825408936,right_f_best1.2811464071273804,i:2
2025-04-27 13:52:31,858 - INFO - tree_node.f_best*ep:1.2444335222244263,left_f_best1.8004956245422363,right_f_best1.2447047233581543,i:3
2025-04-27 13:52:38,527 - INFO - tree_node.f_best*ep:1.2444335222244263,left_f_best1.794337511062622,right_f_best1.2462573051452637,i:4
2025-04-27 13:52:45,291 - INFO - tree_node.f_best*ep:1.2444335222244263,left_f_best1.7894299030303955,right_f_best1.2280775308609009,i:5
2025-04-27 13:53:03,312 - INFO - 添加左子节点，右子节点，len(queue):4
2025-04-27 13:53:03,312 - INFO - Node 1: k=216.72125269062153, f_best=1.2875982522964478, f_min=0.1625303416103634
2025-04-27 13:53:03,312 - INFO - Node 2: k=124.36423133053074, f_best=1.7971653938293457, f_min=1.1040652057808984
2025-04-27 13:53:03,312 - INFO - Node 3: k=147.2851102690365, f_best=1.250490427017212, f_min=0.497643900667299
2025-04-27 13:53:03,312 - INFO - Node 4: k=150.2455409854441, f_best=1.7824640274047852, f_min=1.7442632345164384
2025-04-27 13:53:03,312 - INFO - Node 5: k=128.13259190407717, f_best=1.2444335222244263, f_min=0.7513587461462521
2025-04-27 13:53:03,312 - INFO - Node 6: k=92.26867337710021, f_best=1.7894299030303955, f_min=1.3182804862735793
2025-04-27 13:53:03,312 - INFO - Node 7: k=129.41391782311794, f_best=1.2280775308609009, f_min=0.5668902810079999
2025-04-27 13:53:03,312 - INFO - cur_node_number 6,f_best 1.2280775308609009,f_min 0.5668902810079999,k 129.41391782311794
2025-04-27 13:53:03,312 - INFO - f_best_current 1.2280775308609009,f_min 0.5668902810079999
2025-04-27 13:53:03,312 - INFO - 回退,len(queue)=2
2025-04-27 13:53:09,306 - INFO - tree_node.f_best*ep:1.2444335222244263,left_f_best1.81107759475708,right_f_best1.2547746896743774,i:1
2025-04-27 13:53:15,535 - INFO - tree_node.f_best*ep:1.2444335222244263,left_f_best1.7927603721618652,right_f_best1.263870120048523,i:2
2025-04-27 13:53:22,113 - INFO - tree_node.f_best*ep:1.2444335222244263,left_f_best1.8006582260131836,right_f_best1.2704179286956787,i:3
2025-04-27 13:53:28,997 - INFO - tree_node.f_best*ep:1.2444335222244263,left_f_best1.786923885345459,right_f_best1.2584609985351562,i:4
2025-04-27 13:53:36,254 - INFO - tree_node.f_best*ep:1.2444335222244263,left_f_best1.7734375,right_f_best1.2393923997879028,i:5
2025-04-27 13:53:55,621 - INFO - 添加左子节点，右子节点，len(queue):4
2025-04-27 13:53:55,621 - INFO - Node 1: k=216.72125269062153, f_best=1.2875982522964478, f_min=0.1625303416103634
2025-04-27 13:53:55,621 - INFO - Node 2: k=124.36423133053074, f_best=1.7971653938293457, f_min=1.1040652057808984
2025-04-27 13:53:55,621 - INFO - Node 3: k=147.2851102690365, f_best=1.250490427017212, f_min=0.497643900667299
2025-04-27 13:53:55,621 - INFO - Node 4: k=150.2455409854441, f_best=1.7824640274047852, f_min=1.7442632345164384
2025-04-27 13:53:55,621 - INFO - Node 5: k=129.41391782311794, f_best=1.2444335222244263, f_min=0.7513587461462521
2025-04-27 13:53:55,621 - INFO - Node 6: k=157.90957355841323, f_best=1.7734375, f_min=1.1259891712634271
2025-04-27 13:53:55,621 - INFO - Node 7: k=117.1567315609784, f_best=1.2393923997879028, f_min=1.2313961430309064
2025-04-27 13:53:55,621 - INFO - cur_node_number 7,f_best 1.2393923997879028,f_min 1.2313961430309064,k 117.1567315609784
2025-04-27 13:53:55,621 - INFO - f_best_current 1.2393923997879028,f_min 1.2313961430309064
2025-04-27 13:53:55,621 - INFO - 结束,fmin= 1.2313961430309064, fbestmin=1.2393923997879028
