2025-04-27 16:57:09,918 - INFO - Namespace(log_file='outputs/dnn1/img[7]/max/DNN1img7_label9.log', image_path='img[7].png', model_path='network/SimpleNN14.pth', label=9, init_epsilon=0.05, epsilon=0.01, ep=1, min=0)
2025-04-27 16:57:09,918 - INFO - Model output max(1): torch.return_types.max(
values=tensor([9.7064], grad_fn=<MaxBackward0>),
indices=tensor([7]))
2025-04-27 16:57:13,232 - INFO - cur_node_number 1,f_best -2.097618818283081,f_min -3.124479007205082,k 552.866283558504
2025-04-27 16:57:13,232 - INFO - f_best_current -2.097618818283081,f_min -3.124479007205082
2025-04-27 16:57:18,398 - INFO - tree_node.f_best*ep:-2.097618818283081,left_f_best-0.9884905219078064,right_f_best-2.1148908138275146,i:1
2025-04-27 16:57:34,245 - INFO - 添加左子节点，右子节点，len(queue):2
2025-04-27 16:57:34,245 - INFO - Node 1: k=552.866283558504, f_best=-2.097618818283081, f_min=-3.124479007205082
2025-04-27 16:57:34,245 - INFO - Node 2: k=164.1464293616707, f_best=-0.9884905219078064, f_min=-3.1011775629503973
2025-04-27 16:57:34,245 - INFO - Node 3: k=234.85558706869898, f_best=-2.1148908138275146, f_min=-2.5403587427563252
2025-04-27 16:57:34,245 - INFO - cur_node_number 2,f_best -2.1148908138275146,f_min -2.5403587427563252,k 234.85558706869898
2025-04-27 16:57:34,245 - INFO - f_best_current -2.1148908138275146,f_min -2.5403587427563252
2025-04-27 16:57:39,391 - INFO - tree_node.f_best*ep:-2.1148908138275146,left_f_best-0.9987189173698425,right_f_best-2.1005911827087402,i:1
2025-04-27 16:57:44,755 - INFO - tree_node.f_best*ep:-2.1148908138275146,left_f_best-1.0191746950149536,right_f_best-2.1187925338745117,i:2
2025-04-27 16:58:00,574 - INFO - 添加左子节点，右子节点，len(queue):3
2025-04-27 16:58:00,574 - INFO - Node 1: k=552.866283558504, f_best=-2.097618818283081, f_min=-3.124479007205082
2025-04-27 16:58:00,574 - INFO - Node 2: k=164.1464293616707, f_best=-0.9884905219078064, f_min=-3.1011775629503973
2025-04-27 16:58:00,574 - INFO - Node 3: k=234.85558706869898, f_best=-2.1148908138275146, f_min=-2.5403587427563252
2025-04-27 16:58:00,574 - INFO - Node 4: k=147.97782835986555, f_best=-1.0191746950149536, f_min=-1.839604129215786
2025-04-27 16:58:00,574 - INFO - Node 5: k=251.79697753619814, f_best=-2.1187925338745117, f_min=-3.036304467300397
2025-04-27 16:58:00,574 - INFO - cur_node_number 3,f_best -2.1187925338745117,f_min -3.036304467300397,k 251.79697753619814
2025-04-27 16:58:00,574 - INFO - f_best_current -2.1187925338745117,f_min -3.036304467300397
2025-04-27 16:58:00,574 - INFO - 回退,len(queue)=1
2025-04-27 16:58:05,668 - INFO - tree_node.f_best*ep:-2.1148908138275146,left_f_best-1.0012418031692505,right_f_best-2.124739170074463,i:1
2025-04-27 16:58:23,097 - INFO - 添加左子节点，右子节点，len(queue):3
2025-04-27 16:58:23,097 - INFO - Node 1: k=552.866283558504, f_best=-2.097618818283081, f_min=-3.124479007205082
2025-04-27 16:58:23,097 - INFO - Node 2: k=164.1464293616707, f_best=-0.9884905219078064, f_min=-3.1011775629503973
2025-04-27 16:58:23,097 - INFO - Node 3: k=251.79697753619814, f_best=-2.1148908138275146, f_min=-2.5403587427563252
2025-04-27 16:58:23,097 - INFO - Node 4: k=208.42240879330976, f_best=-1.0012418031692505, f_min=-2.4095532995206668
2025-04-27 16:58:23,097 - INFO - Node 5: k=269.9604411702527, f_best=-2.124739170074463, f_min=-5.242027958038307
2025-04-27 16:58:23,097 - INFO - cur_node_number 4,f_best -2.124739170074463,f_min -5.242027958038307,k 269.9604411702527
2025-04-27 16:58:23,097 - INFO - f_best_current -2.124739170074463,f_min -5.242027958038307
2025-04-27 16:58:23,097 - INFO - 回退,len(queue)=1
2025-04-27 16:58:28,285 - INFO - tree_node.f_best*ep:-2.1148908138275146,left_f_best-1.0133074522018433,right_f_best-2.1081137657165527,i:1
2025-04-27 16:58:33,670 - INFO - tree_node.f_best*ep:-2.1148908138275146,left_f_best-1.0319315195083618,right_f_best-2.133796215057373,i:2
2025-04-27 16:58:50,910 - INFO - 添加左子节点，右子节点，len(queue):3
2025-04-27 16:58:50,910 - INFO - Node 1: k=552.866283558504, f_best=-2.097618818283081, f_min=-3.124479007205082
2025-04-27 16:58:50,910 - INFO - Node 2: k=164.1464293616707, f_best=-0.9884905219078064, f_min=-3.1011775629503973
2025-04-27 16:58:50,910 - INFO - Node 3: k=269.9604411702527, f_best=-2.1148908138275146, f_min=-2.5403587427563252
2025-04-27 16:58:50,910 - INFO - Node 4: k=237.20414293938597, f_best=-1.0319315195083618, f_min=-1.5207996190720223
2025-04-27 16:58:50,910 - INFO - Node 5: k=219.0540463078192, f_best=-2.133796215057373, f_min=-3.065312416438246
2025-04-27 16:58:50,910 - INFO - cur_node_number 5,f_best -2.133796215057373,f_min -3.065312416438246,k 219.0540463078192
2025-04-27 16:58:50,910 - INFO - f_best_current -2.133796215057373,f_min -3.065312416438246
2025-04-27 16:58:56,017 - INFO - tree_node.f_best*ep:-2.133796215057373,left_f_best-1.0156580209732056,right_f_best-2.1039934158325195,i:1
2025-04-27 16:59:01,414 - INFO - tree_node.f_best*ep:-2.133796215057373,left_f_best-1.020403265953064,right_f_best-2.1384711265563965,i:2
2025-04-27 16:59:19,027 - INFO - 添加左子节点，右子节点，len(queue):4
2025-04-27 16:59:19,027 - INFO - Node 1: k=552.866283558504, f_best=-2.097618818283081, f_min=-3.124479007205082
2025-04-27 16:59:19,027 - INFO - Node 2: k=164.1464293616707, f_best=-0.9884905219078064, f_min=-3.1011775629503973
2025-04-27 16:59:19,027 - INFO - Node 3: k=269.9604411702527, f_best=-2.1148908138275146, f_min=-2.5403587427563252
2025-04-27 16:59:19,027 - INFO - Node 4: k=237.20414293938597, f_best=-1.0319315195083618, f_min=-1.5207996190720223
2025-04-27 16:59:19,027 - INFO - Node 5: k=219.0540463078192, f_best=-2.133796215057373, f_min=-3.065312416438246
2025-04-27 16:59:19,027 - INFO - Node 6: k=183.13297545695033, f_best=-1.020403265953064, f_min=-1.248358107623062
2025-04-27 16:59:19,027 - INFO - Node 7: k=339.3842830562688, f_best=-2.1384711265563965, f_min=-3.397064597276767
2025-04-27 16:59:19,027 - INFO - cur_node_number 6,f_best -2.1384711265563965,f_min -3.397064597276767,k 339.3842830562688
2025-04-27 16:59:19,027 - INFO - f_best_current -2.1384711265563965,f_min -3.397064597276767
2025-04-27 16:59:19,027 - INFO - 回退,len(queue)=2
2025-04-27 16:59:19,027 - INFO - 回退,len(queue)=1
2025-04-27 16:59:24,264 - INFO - tree_node.f_best*ep:-2.1148908138275146,left_f_best-1.0013214349746704,right_f_best-2.1114842891693115,i:1
2025-04-27 16:59:29,630 - INFO - tree_node.f_best*ep:-2.1148908138275146,left_f_best-1.0281122922897339,right_f_best-2.121555805206299,i:2
2025-04-27 16:59:45,129 - INFO - 添加左子节点，右子节点，len(queue):3
2025-04-27 16:59:45,129 - INFO - Node 1: k=552.866283558504, f_best=-2.097618818283081, f_min=-3.124479007205082
2025-04-27 16:59:45,129 - INFO - Node 2: k=164.1464293616707, f_best=-0.9884905219078064, f_min=-3.1011775629503973
2025-04-27 16:59:45,129 - INFO - Node 3: k=339.3842830562688, f_best=-2.1148908138275146, f_min=-2.5403587427563252
2025-04-27 16:59:45,129 - INFO - Node 4: k=125.47417473418193, f_best=-1.0281122922897339, f_min=-2.960135253361841
2025-04-27 16:59:45,129 - INFO - Node 5: k=246.83558233133826, f_best=-2.121555805206299, f_min=-2.2467943732954154
2025-04-27 16:59:45,129 - INFO - cur_node_number 7,f_best -2.121555805206299,f_min -2.2467943732954154,k 246.83558233133826
2025-04-27 16:59:45,129 - INFO - f_best_current -2.121555805206299,f_min -2.2467943732954154
2025-04-27 16:59:50,301 - INFO - tree_node.f_best*ep:-2.121555805206299,left_f_best-1.0116220712661743,right_f_best-2.133392095565796,i:1
2025-04-27 17:00:07,039 - INFO - 添加左子节点，右子节点，len(queue):4
2025-04-27 17:00:07,039 - INFO - Node 1: k=552.866283558504, f_best=-2.097618818283081, f_min=-3.124479007205082
2025-04-27 17:00:07,039 - INFO - Node 2: k=164.1464293616707, f_best=-0.9884905219078064, f_min=-3.1011775629503973
2025-04-27 17:00:07,039 - INFO - Node 3: k=339.3842830562688, f_best=-2.1148908138275146, f_min=-2.5403587427563252
2025-04-27 17:00:07,039 - INFO - Node 4: k=125.47417473418193, f_best=-1.0281122922897339, f_min=-2.960135253361841
2025-04-27 17:00:07,039 - INFO - Node 5: k=246.83558233133826, f_best=-2.121555805206299, f_min=-2.2467943732954154
2025-04-27 17:00:07,039 - INFO - Node 6: k=206.3588205874354, f_best=-1.0116220712661743, f_min=-1.6662812817294252
2025-04-27 17:00:07,039 - INFO - Node 7: k=225.69160296499243, f_best=-2.133392095565796, f_min=-2.2656262354257706
2025-04-27 17:00:07,039 - INFO - cur_node_number 8,f_best -2.133392095565796,f_min -2.2656262354257706,k 225.69160296499243
2025-04-27 17:00:07,039 - INFO - f_best_current -2.133392095565796,f_min -2.2656262354257706
2025-04-27 17:00:12,188 - INFO - tree_node.f_best*ep:-2.133392095565796,left_f_best-1.0222994089126587,right_f_best-2.113872528076172,i:1
2025-04-27 17:00:17,607 - INFO - tree_node.f_best*ep:-2.133392095565796,left_f_best-1.0178192853927612,right_f_best-2.1192312240600586,i:2
2025-04-27 17:00:23,324 - INFO - tree_node.f_best*ep:-2.133392095565796,left_f_best-1.0514658689498901,right_f_best-2.1314048767089844,i:3
2025-04-27 17:00:29,262 - INFO - tree_node.f_best*ep:-2.133392095565796,left_f_best-1.0650371313095093,right_f_best-2.137134552001953,i:4
2025-04-27 17:00:42,574 - INFO - 添加左子节点，右子节点，len(queue):5
2025-04-27 17:00:42,574 - INFO - Node 1: k=552.866283558504, f_best=-2.097618818283081, f_min=-3.124479007205082
2025-04-27 17:00:42,574 - INFO - Node 2: k=164.1464293616707, f_best=-0.9884905219078064, f_min=-3.1011775629503973
2025-04-27 17:00:42,574 - INFO - Node 3: k=339.3842830562688, f_best=-2.1148908138275146, f_min=-2.5403587427563252
2025-04-27 17:00:42,574 - INFO - Node 4: k=125.47417473418193, f_best=-1.0281122922897339, f_min=-2.960135253361841
2025-04-27 17:00:42,574 - INFO - Node 5: k=246.83558233133826, f_best=-2.121555805206299, f_min=-2.2467943732954154
2025-04-27 17:00:42,574 - INFO - Node 6: k=206.3588205874354, f_best=-1.0116220712661743, f_min=-1.6662812817294252
2025-04-27 17:00:42,574 - INFO - Node 7: k=225.69160296499243, f_best=-2.133392095565796, f_min=-2.2656262354257706
2025-04-27 17:00:42,574 - INFO - Node 8: k=156.17969528079462, f_best=-1.0650371313095093, f_min=-2.6737737710936926
2025-04-27 17:00:42,574 - INFO - Node 9: k=95.91295154240072, f_best=-2.137134552001953, f_min=-3.6469874779513702
2025-04-27 17:00:42,574 - INFO - cur_node_number 9,f_best -2.137134552001953,f_min -3.6469874779513702,k 95.91295154240072
2025-04-27 17:00:42,574 - INFO - f_best_current -2.137134552001953,f_min -3.6469874779513702
2025-04-27 17:00:47,712 - INFO - tree_node.f_best*ep:-2.137134552001953,left_f_best-1.0172537565231323,right_f_best-2.1096553802490234,i:1
2025-04-27 17:00:53,153 - INFO - tree_node.f_best*ep:-2.137134552001953,left_f_best-0.9949082732200623,right_f_best-2.125251054763794,i:2
2025-04-27 17:00:58,840 - INFO - tree_node.f_best*ep:-2.137134552001953,left_f_best-1.044758915901184,right_f_best-2.141313314437866,i:3
2025-04-27 17:01:15,515 - INFO - 添加左子节点，右子节点，len(queue):6
2025-04-27 17:01:15,515 - INFO - Node 1: k=552.866283558504, f_best=-2.097618818283081, f_min=-3.124479007205082
2025-04-27 17:01:15,515 - INFO - Node 2: k=164.1464293616707, f_best=-0.9884905219078064, f_min=-3.1011775629503973
2025-04-27 17:01:15,515 - INFO - Node 3: k=339.3842830562688, f_best=-2.1148908138275146, f_min=-2.5403587427563252
2025-04-27 17:01:15,515 - INFO - Node 4: k=125.47417473418193, f_best=-1.0281122922897339, f_min=-2.960135253361841
2025-04-27 17:01:15,515 - INFO - Node 5: k=246.83558233133826, f_best=-2.121555805206299, f_min=-2.2467943732954154
2025-04-27 17:01:15,515 - INFO - Node 6: k=206.3588205874354, f_best=-1.0116220712661743, f_min=-1.6662812817294252
2025-04-27 17:01:15,515 - INFO - Node 7: k=225.69160296499243, f_best=-2.133392095565796, f_min=-2.2656262354257706
2025-04-27 17:01:15,515 - INFO - Node 8: k=156.17969528079462, f_best=-1.0650371313095093, f_min=-2.6737737710936926
2025-04-27 17:01:15,515 - INFO - Node 9: k=95.91295154240072, f_best=-2.137134552001953, f_min=-3.6469874779513702
2025-04-27 17:01:15,515 - INFO - Node 10: k=237.20414293938597, f_best=-1.044758915901184, f_min=-2.209682852871083
2025-04-27 17:01:15,515 - INFO - Node 11: k=186.81394826363504, f_best=-2.141313314437866, f_min=-3.290699430405766
2025-04-27 17:01:15,515 - INFO - cur_node_number 10,f_best -2.141313314437866,f_min -3.290699430405766,k 186.81394826363504
2025-04-27 17:01:15,515 - INFO - f_best_current -2.141313314437866,f_min -3.290699430405766
2025-04-27 17:01:15,515 - INFO - 回退,len(queue)=4
2025-04-27 17:01:20,669 - INFO - tree_node.f_best*ep:-2.137134552001953,left_f_best-1.0254055261611938,right_f_best-2.1113290786743164,i:1
2025-04-27 17:01:26,131 - INFO - tree_node.f_best*ep:-2.137134552001953,left_f_best-1.0319689512252808,right_f_best-2.124647855758667,i:2
2025-04-27 17:01:31,799 - INFO - tree_node.f_best*ep:-2.137134552001953,left_f_best-1.062576174736023,right_f_best-2.1450302600860596,i:3
2025-04-27 17:01:49,265 - INFO - 添加左子节点，右子节点，len(queue):6
2025-04-27 17:01:49,265 - INFO - Node 1: k=552.866283558504, f_best=-2.097618818283081, f_min=-3.124479007205082
2025-04-27 17:01:49,265 - INFO - Node 2: k=164.1464293616707, f_best=-0.9884905219078064, f_min=-3.1011775629503973
2025-04-27 17:01:49,265 - INFO - Node 3: k=339.3842830562688, f_best=-2.1148908138275146, f_min=-2.5403587427563252
2025-04-27 17:01:49,265 - INFO - Node 4: k=125.47417473418193, f_best=-1.0281122922897339, f_min=-2.960135253361841
2025-04-27 17:01:49,265 - INFO - Node 5: k=246.83558233133826, f_best=-2.121555805206299, f_min=-2.2467943732954154
2025-04-27 17:01:49,265 - INFO - Node 6: k=206.3588205874354, f_best=-1.0116220712661743, f_min=-1.6662812817294252
2025-04-27 17:01:49,265 - INFO - Node 7: k=225.69160296499243, f_best=-2.133392095565796, f_min=-2.2656262354257706
2025-04-27 17:01:49,265 - INFO - Node 8: k=156.17969528079462, f_best=-1.0650371313095093, f_min=-2.6737737710936926
2025-04-27 17:01:49,265 - INFO - Node 9: k=186.81394826363504, f_best=-2.137134552001953, f_min=-3.6469874779513702
2025-04-27 17:01:49,265 - INFO - Node 10: k=241.97194621246766, f_best=-1.062576174736023, f_min=-5.793693438339687
2025-04-27 17:01:49,265 - INFO - Node 11: k=251.79697753619814, f_best=-2.1450302600860596, f_min=-8.947596511299707
2025-04-27 17:01:49,265 - INFO - cur_node_number 11,f_best -2.1450302600860596,f_min -8.947596511299707,k 251.79697753619814
2025-04-27 17:01:49,265 - INFO - f_best_current -2.1450302600860596,f_min -8.947596511299707
2025-04-27 17:01:49,265 - INFO - 回退,len(queue)=4
2025-04-27 17:01:49,265 - INFO - 回退,len(queue)=3
2025-04-27 17:01:49,265 - INFO - 回退,len(queue)=2
2025-04-27 17:01:54,493 - INFO - tree_node.f_best*ep:-2.121555805206299,left_f_best-1.0227962732315063,right_f_best-2.119281768798828,i:1
2025-04-27 17:01:59,900 - INFO - tree_node.f_best*ep:-2.121555805206299,left_f_best-1.0358272790908813,right_f_best-2.1174402236938477,i:2
2025-04-27 17:02:05,555 - INFO - tree_node.f_best*ep:-2.121555805206299,left_f_best-1.0364419221878052,right_f_best-2.1422393321990967,i:3
2025-04-27 17:02:20,948 - INFO - 添加左子节点，右子节点，len(queue):4
2025-04-27 17:02:20,948 - INFO - Node 1: k=552.866283558504, f_best=-2.097618818283081, f_min=-3.124479007205082
2025-04-27 17:02:20,948 - INFO - Node 2: k=164.1464293616707, f_best=-0.9884905219078064, f_min=-3.1011775629503973
2025-04-27 17:02:20,948 - INFO - Node 3: k=339.3842830562688, f_best=-2.1148908138275146, f_min=-2.5403587427563252
2025-04-27 17:02:20,948 - INFO - Node 4: k=125.47417473418193, f_best=-1.0281122922897339, f_min=-2.960135253361841
2025-04-27 17:02:20,948 - INFO - Node 5: k=251.79697753619814, f_best=-2.121555805206299, f_min=-2.2467943732954154
2025-04-27 17:02:20,948 - INFO - Node 6: k=139.98756507487983, f_best=-1.0364419221878052, f_min=-2.043336113345049
2025-04-27 17:02:20,948 - INFO - Node 7: k=212.6116992100553, f_best=-2.1422393321990967, f_min=-3.479390150605468
2025-04-27 17:02:20,948 - INFO - cur_node_number 12,f_best -2.1422393321990967,f_min -3.479390150605468,k 212.6116992100553
2025-04-27 17:02:20,948 - INFO - f_best_current -2.1422393321990967,f_min -3.479390150605468
2025-04-27 17:02:26,173 - INFO - tree_node.f_best*ep:-2.1422393321990967,left_f_best-1.0112487077713013,right_f_best-2.0955612659454346,i:1
2025-04-27 17:02:31,566 - INFO - tree_node.f_best*ep:-2.1422393321990967,left_f_best-1.0237020254135132,right_f_best-2.103742837905884,i:2
2025-04-27 17:02:37,280 - INFO - tree_node.f_best*ep:-2.1422393321990967,left_f_best-1.0437325239181519,right_f_best-2.152111768722534,i:3
2025-04-27 17:02:52,761 - INFO - 添加左子节点，右子节点，len(queue):5
2025-04-27 17:02:52,761 - INFO - Node 1: k=552.866283558504, f_best=-2.097618818283081, f_min=-3.124479007205082
2025-04-27 17:02:52,761 - INFO - Node 2: k=164.1464293616707, f_best=-0.9884905219078064, f_min=-3.1011775629503973
2025-04-27 17:02:52,761 - INFO - Node 3: k=339.3842830562688, f_best=-2.1148908138275146, f_min=-2.5403587427563252
2025-04-27 17:02:52,761 - INFO - Node 4: k=125.47417473418193, f_best=-1.0281122922897339, f_min=-2.960135253361841
2025-04-27 17:02:52,761 - INFO - Node 5: k=251.79697753619814, f_best=-2.121555805206299, f_min=-2.2467943732954154
2025-04-27 17:02:52,761 - INFO - Node 6: k=139.98756507487983, f_best=-1.0364419221878052, f_min=-2.043336113345049
2025-04-27 17:02:52,761 - INFO - Node 7: k=212.6116992100553, f_best=-2.1422393321990967, f_min=-3.479390150605468
2025-04-27 17:02:52,761 - INFO - Node 8: k=153.10233828133968, f_best=-1.0437325239181519, f_min=-2.11084711606145
2025-04-27 17:02:52,761 - INFO - Node 9: k=212.6116992100553, f_best=-2.152111768722534, f_min=-3.0904118992557414
2025-04-27 17:02:52,761 - INFO - cur_node_number 13,f_best -2.152111768722534,f_min -3.0904118992557414,k 212.6116992100553
2025-04-27 17:02:52,761 - INFO - f_best_current -2.152111768722534,f_min -3.0904118992557414
2025-04-27 17:02:57,928 - INFO - tree_node.f_best*ep:-2.152111768722534,left_f_best-1.0137118101119995,right_f_best-2.1181719303131104,i:1
2025-04-27 17:03:03,321 - INFO - tree_node.f_best*ep:-2.152111768722534,left_f_best-1.0303629636764526,right_f_best-2.125342607498169,i:2
2025-04-27 17:03:08,969 - INFO - tree_node.f_best*ep:-2.152111768722534,left_f_best-1.044805884361267,right_f_best-2.133150339126587,i:3
2025-04-27 17:03:14,910 - INFO - tree_node.f_best*ep:-2.152111768722534,left_f_best-1.0500775575637817,right_f_best-2.1424624919891357,i:4
2025-04-27 17:03:21,125 - INFO - tree_node.f_best*ep:-2.152111768722534,left_f_best-1.0784991979599,right_f_best-2.1678647994995117,i:5
2025-04-27 17:03:37,074 - INFO - 添加左子节点，右子节点，len(queue):6
2025-04-27 17:03:37,074 - INFO - Node 1: k=552.866283558504, f_best=-2.097618818283081, f_min=-3.124479007205082
2025-04-27 17:03:37,074 - INFO - Node 2: k=164.1464293616707, f_best=-0.9884905219078064, f_min=-3.1011775629503973
2025-04-27 17:03:37,074 - INFO - Node 3: k=339.3842830562688, f_best=-2.1148908138275146, f_min=-2.5403587427563252
2025-04-27 17:03:37,074 - INFO - Node 4: k=125.47417473418193, f_best=-1.0281122922897339, f_min=-2.960135253361841
2025-04-27 17:03:37,074 - INFO - Node 5: k=251.79697753619814, f_best=-2.121555805206299, f_min=-2.2467943732954154
2025-04-27 17:03:37,074 - INFO - Node 6: k=139.98756507487983, f_best=-1.0364419221878052, f_min=-2.043336113345049
2025-04-27 17:03:37,074 - INFO - Node 7: k=212.6116992100553, f_best=-2.1422393321990967, f_min=-3.479390150605468
2025-04-27 17:03:37,074 - INFO - Node 8: k=153.10233828133968, f_best=-1.0437325239181519, f_min=-2.11084711606145
2025-04-27 17:03:37,074 - INFO - Node 9: k=212.6116992100553, f_best=-2.152111768722534, f_min=-3.0904118992557414
2025-04-27 17:03:37,074 - INFO - Node 10: k=186.81394826363504, f_best=-1.0784991979599, f_min=-1.8086993210754372
2025-04-27 17:03:37,074 - INFO - Node 11: k=219.0540463078192, f_best=-2.1678647994995117, f_min=-2.776498162020289
2025-04-27 17:03:37,074 - INFO - cur_node_number 14,f_best -2.1678647994995117,f_min -2.776498162020289,k 219.0540463078192
2025-04-27 17:03:37,074 - INFO - f_best_current -2.1678647994995117,f_min -2.776498162020289
2025-04-27 17:03:37,074 - INFO - 回退,len(queue)=4
2025-04-27 17:03:37,074 - INFO - 回退,len(queue)=3
2025-04-27 17:03:42,210 - INFO - tree_node.f_best*ep:-2.1422393321990967,left_f_best-1.0217756032943726,right_f_best-2.091951608657837,i:1
2025-04-27 17:03:47,546 - INFO - tree_node.f_best*ep:-2.1422393321990967,left_f_best-1.0257328748703003,right_f_best-2.1071391105651855,i:2
2025-04-27 17:03:53,208 - INFO - tree_node.f_best*ep:-2.1422393321990967,left_f_best-1.0581284761428833,right_f_best-2.139139175415039,i:3
2025-04-27 17:03:59,183 - INFO - tree_node.f_best*ep:-2.1422393321990967,left_f_best-1.050843596458435,right_f_best-2.1430163383483887,i:4
2025-04-27 17:04:14,381 - INFO - 添加左子节点，右子节点，len(queue):5
2025-04-27 17:04:14,381 - INFO - Node 1: k=552.866283558504, f_best=-2.097618818283081, f_min=-3.124479007205082
2025-04-27 17:04:14,381 - INFO - Node 2: k=164.1464293616707, f_best=-0.9884905219078064, f_min=-3.1011775629503973
2025-04-27 17:04:14,381 - INFO - Node 3: k=339.3842830562688, f_best=-2.1148908138275146, f_min=-2.5403587427563252
2025-04-27 17:04:14,381 - INFO - Node 4: k=125.47417473418193, f_best=-1.0281122922897339, f_min=-2.960135253361841
2025-04-27 17:04:14,381 - INFO - Node 5: k=251.79697753619814, f_best=-2.121555805206299, f_min=-2.2467943732954154
2025-04-27 17:04:14,381 - INFO - Node 6: k=139.98756507487983, f_best=-1.0364419221878052, f_min=-2.043336113345049
2025-04-27 17:04:14,381 - INFO - Node 7: k=219.0540463078192, f_best=-2.1422393321990967, f_min=-3.479390150605468
2025-04-27 17:04:14,381 - INFO - Node 8: k=142.80131513288492, f_best=-1.050843596458435, f_min=-3.384961528707663
2025-04-27 17:04:14,381 - INFO - Node 9: k=183.13297545695033, f_best=-2.1430163383483887, f_min=-2.187635922181471
2025-04-27 17:04:14,381 - INFO - cur_node_number 15,f_best -2.1430163383483887,f_min -2.187635922181471,k 183.13297545695033
2025-04-27 17:04:14,381 - INFO - f_best_current -2.1430163383483887,f_min -2.187635922181471
2025-04-27 17:04:19,509 - INFO - tree_node.f_best*ep:-2.1430163383483887,left_f_best-1.002320647239685,right_f_best-2.082303524017334,i:1
2025-04-27 17:04:24,818 - INFO - tree_node.f_best*ep:-2.1430163383483887,left_f_best-1.0537172555923462,right_f_best-2.1273128986358643,i:2
2025-04-27 17:04:30,484 - INFO - tree_node.f_best*ep:-2.1430163383483887,left_f_best-1.0544439554214478,right_f_best-2.1547555923461914,i:3
2025-04-27 17:04:45,835 - INFO - 添加左子节点，右子节点，len(queue):6
2025-04-27 17:04:45,835 - INFO - Node 1: k=552.866283558504, f_best=-2.097618818283081, f_min=-3.124479007205082
2025-04-27 17:04:45,835 - INFO - Node 2: k=164.1464293616707, f_best=-0.9884905219078064, f_min=-3.1011775629503973
2025-04-27 17:04:45,835 - INFO - Node 3: k=339.3842830562688, f_best=-2.1148908138275146, f_min=-2.5403587427563252
2025-04-27 17:04:45,835 - INFO - Node 4: k=125.47417473418193, f_best=-1.0281122922897339, f_min=-2.960135253361841
2025-04-27 17:04:45,835 - INFO - Node 5: k=251.79697753619814, f_best=-2.121555805206299, f_min=-2.2467943732954154
2025-04-27 17:04:45,835 - INFO - Node 6: k=139.98756507487983, f_best=-1.0364419221878052, f_min=-2.043336113345049
2025-04-27 17:04:45,835 - INFO - Node 7: k=219.0540463078192, f_best=-2.1422393321990967, f_min=-3.479390150605468
2025-04-27 17:04:45,835 - INFO - Node 8: k=142.80131513288492, f_best=-1.050843596458435, f_min=-3.384961528707663
2025-04-27 17:04:45,835 - INFO - Node 9: k=183.13297545695033, f_best=-2.1430163383483887, f_min=-2.187635922181471
2025-04-27 17:04:45,835 - INFO - Node 10: k=208.42240879330976, f_best=-1.0544439554214478, f_min=-1.7186776307908076
2025-04-27 17:04:45,835 - INFO - Node 11: k=139.98756507487983, f_best=-2.1547555923461914, f_min=-3.232732689411023
2025-04-27 17:04:45,835 - INFO - cur_node_number 16,f_best -2.1547555923461914,f_min -3.232732689411023,k 139.98756507487983
2025-04-27 17:04:45,835 - INFO - f_best_current -2.1547555923461914,f_min -3.232732689411023
2025-04-27 17:04:50,992 - INFO - tree_node.f_best*ep:-2.1547555923461914,left_f_best-1.0144401788711548,right_f_best-2.1122829914093018,i:1
2025-04-27 17:04:56,435 - INFO - tree_node.f_best*ep:-2.1547555923461914,left_f_best-1.0308061838150024,right_f_best-2.1284615993499756,i:2
2025-04-27 17:05:02,148 - INFO - tree_node.f_best*ep:-2.1547555923461914,left_f_best-1.0404821634292603,right_f_best-2.135316848754883,i:3
2025-04-27 17:05:08,068 - INFO - tree_node.f_best*ep:-2.1547555923461914,left_f_best-1.0431231260299683,right_f_best-2.1429519653320312,i:4
2025-04-27 17:05:14,230 - INFO - tree_node.f_best*ep:-2.1547555923461914,left_f_best-1.0659900903701782,right_f_best-2.1595563888549805,i:5
2025-04-27 17:05:28,610 - INFO - 添加左子节点，右子节点，len(queue):7
2025-04-27 17:05:28,610 - INFO - Node 1: k=552.866283558504, f_best=-2.097618818283081, f_min=-3.124479007205082
2025-04-27 17:05:28,610 - INFO - Node 2: k=164.1464293616707, f_best=-0.9884905219078064, f_min=-3.1011775629503973
2025-04-27 17:05:28,610 - INFO - Node 3: k=339.3842830562688, f_best=-2.1148908138275146, f_min=-2.5403587427563252
2025-04-27 17:05:28,610 - INFO - Node 4: k=125.47417473418193, f_best=-1.0281122922897339, f_min=-2.960135253361841
2025-04-27 17:05:28,610 - INFO - Node 5: k=251.79697753619814, f_best=-2.121555805206299, f_min=-2.2467943732954154
2025-04-27 17:05:28,610 - INFO - Node 6: k=139.98756507487983, f_best=-1.0364419221878052, f_min=-2.043336113345049
2025-04-27 17:05:28,610 - INFO - Node 7: k=219.0540463078192, f_best=-2.1422393321990967, f_min=-3.479390150605468
2025-04-27 17:05:28,610 - INFO - Node 8: k=142.80131513288492, f_best=-1.050843596458435, f_min=-3.384961528707663
2025-04-27 17:05:28,610 - INFO - Node 9: k=183.13297545695033, f_best=-2.1430163383483887, f_min=-2.187635922181471
2025-04-27 17:05:28,610 - INFO - Node 10: k=208.42240879330976, f_best=-1.0544439554214478, f_min=-1.7186776307908076
2025-04-27 17:05:28,610 - INFO - Node 11: k=139.98756507487983, f_best=-2.1547555923461914, f_min=-3.232732689411023
2025-04-27 17:05:28,610 - INFO - Node 12: k=161.8411715609991, f_best=-1.0659900903701782, f_min=-2.220636353964437
2025-04-27 17:05:28,610 - INFO - Node 13: k=142.80131513288492, f_best=-2.1595563888549805, f_min=-2.269535307316346
2025-04-27 17:05:28,610 - INFO - cur_node_number 17,f_best -2.1595563888549805,f_min -2.269535307316346,k 142.80131513288492
2025-04-27 17:05:28,610 - INFO - f_best_current -2.1595563888549805,f_min -2.269535307316346
2025-04-27 17:05:28,610 - INFO - 回退,len(queue)=5
2025-04-27 17:05:33,837 - INFO - tree_node.f_best*ep:-2.1547555923461914,left_f_best-1.009682536125183,right_f_best-2.110933542251587,i:1
2025-04-27 17:05:39,230 - INFO - tree_node.f_best*ep:-2.1547555923461914,left_f_best-1.031917691230774,right_f_best-2.1327171325683594,i:2
2025-04-27 17:05:44,977 - INFO - tree_node.f_best*ep:-2.1547555923461914,left_f_best-1.0483366250991821,right_f_best-2.1241726875305176,i:3
2025-04-27 17:05:51,047 - INFO - tree_node.f_best*ep:-2.1547555923461914,left_f_best-1.0531421899795532,right_f_best-2.1480817794799805,i:4
2025-04-27 17:05:57,283 - INFO - tree_node.f_best*ep:-2.1547555923461914,left_f_best-1.0619789361953735,right_f_best-2.160900592803955,i:5
2025-04-27 17:06:14,050 - INFO - 添加左子节点，右子节点，len(queue):7
2025-04-27 17:06:14,050 - INFO - Node 1: k=552.866283558504, f_best=-2.097618818283081, f_min=-3.124479007205082
2025-04-27 17:06:14,050 - INFO - Node 2: k=164.1464293616707, f_best=-0.9884905219078064, f_min=-3.1011775629503973
2025-04-27 17:06:14,050 - INFO - Node 3: k=339.3842830562688, f_best=-2.1148908138275146, f_min=-2.5403587427563252
2025-04-27 17:06:14,050 - INFO - Node 4: k=125.47417473418193, f_best=-1.0281122922897339, f_min=-2.960135253361841
2025-04-27 17:06:14,050 - INFO - Node 5: k=251.79697753619814, f_best=-2.121555805206299, f_min=-2.2467943732954154
2025-04-27 17:06:14,050 - INFO - Node 6: k=139.98756507487983, f_best=-1.0364419221878052, f_min=-2.043336113345049
2025-04-27 17:06:14,050 - INFO - Node 7: k=219.0540463078192, f_best=-2.1422393321990967, f_min=-3.479390150605468
2025-04-27 17:06:14,050 - INFO - Node 8: k=142.80131513288492, f_best=-1.050843596458435, f_min=-3.384961528707663
2025-04-27 17:06:14,050 - INFO - Node 9: k=183.13297545695033, f_best=-2.1430163383483887, f_min=-2.187635922181471
2025-04-27 17:06:14,050 - INFO - Node 10: k=208.42240879330976, f_best=-1.0544439554214478, f_min=-1.7186776307908076
2025-04-27 17:06:14,050 - INFO - Node 11: k=142.80131513288492, f_best=-2.1547555923461914, f_min=-3.232732689411023
2025-04-27 17:06:14,050 - INFO - Node 12: k=221.2445867708974, f_best=-1.0619789361953735, f_min=-3.7154466764141034
2025-04-27 17:06:14,050 - INFO - Node 13: k=219.0540463078192, f_best=-2.160900592803955, f_min=-2.233073801045066
2025-04-27 17:06:14,050 - INFO - cur_node_number 18,f_best -2.160900592803955,f_min -2.233073801045066,k 219.0540463078192
2025-04-27 17:06:14,050 - INFO - f_best_current -2.160900592803955,f_min -2.233073801045066
2025-04-27 17:06:14,050 - INFO - 回退,len(queue)=5
2025-04-27 17:06:14,050 - INFO - 回退,len(queue)=4
2025-04-27 17:06:19,239 - INFO - tree_node.f_best*ep:-2.1430163383483887,left_f_best-1.0289567708969116,right_f_best-2.103640556335449,i:1
2025-04-27 17:06:24,677 - INFO - tree_node.f_best*ep:-2.1430163383483887,left_f_best-1.0311516523361206,right_f_best-2.1150190830230713,i:2
2025-04-27 17:06:30,440 - INFO - tree_node.f_best*ep:-2.1430163383483887,left_f_best-1.0479358434677124,right_f_best-2.142932415008545,i:3
2025-04-27 17:06:36,443 - INFO - tree_node.f_best*ep:-2.1430163383483887,left_f_best-1.0150913000106812,right_f_best-2.1444270610809326,i:4
2025-04-27 17:06:54,183 - INFO - 添加左子节点，右子节点，len(queue):6
2025-04-27 17:06:54,183 - INFO - Node 1: k=552.866283558504, f_best=-2.097618818283081, f_min=-3.124479007205082
2025-04-27 17:06:54,183 - INFO - Node 2: k=164.1464293616707, f_best=-0.9884905219078064, f_min=-3.1011775629503973
2025-04-27 17:06:54,183 - INFO - Node 3: k=339.3842830562688, f_best=-2.1148908138275146, f_min=-2.5403587427563252
2025-04-27 17:06:54,183 - INFO - Node 4: k=125.47417473418193, f_best=-1.0281122922897339, f_min=-2.960135253361841
2025-04-27 17:06:54,183 - INFO - Node 5: k=251.79697753619814, f_best=-2.121555805206299, f_min=-2.2467943732954154
2025-04-27 17:06:54,183 - INFO - Node 6: k=139.98756507487983, f_best=-1.0364419221878052, f_min=-2.043336113345049
2025-04-27 17:06:54,183 - INFO - Node 7: k=219.0540463078192, f_best=-2.1422393321990967, f_min=-3.479390150605468
2025-04-27 17:06:54,183 - INFO - Node 8: k=142.80131513288492, f_best=-1.050843596458435, f_min=-3.384961528707663
2025-04-27 17:06:54,183 - INFO - Node 9: k=219.0540463078192, f_best=-2.1430163383483887, f_min=-2.187635922181471
2025-04-27 17:06:54,183 - INFO - Node 10: k=286.56844816735907, f_best=-1.0150913000106812, f_min=-1.755264314654596
2025-04-27 17:06:54,183 - INFO - Node 11: k=232.53028422643465, f_best=-2.1444270610809326, f_min=-3.396830225974554
2025-04-27 17:06:54,183 - INFO - cur_node_number 19,f_best -2.1444270610809326,f_min -3.396830225974554,k 232.53028422643465
2025-04-27 17:06:54,183 - INFO - f_best_current -2.1444270610809326,f_min -3.396830225974554
2025-04-27 17:06:54,183 - INFO - 回退,len(queue)=4
2025-04-27 17:06:54,183 - INFO - 回退,len(queue)=3
2025-04-27 17:06:59,430 - INFO - tree_node.f_best*ep:-2.1422393321990967,left_f_best-0.9826969504356384,right_f_best-2.0974807739257812,i:1
2025-04-27 17:07:04,929 - INFO - tree_node.f_best*ep:-2.1422393321990967,left_f_best-1.046446442604065,right_f_best-2.127286911010742,i:2
2025-04-27 17:07:10,614 - INFO - tree_node.f_best*ep:-2.1422393321990967,left_f_best-1.044063687324524,right_f_best-2.1487717628479004,i:3
2025-04-27 17:07:26,980 - INFO - 添加左子节点，右子节点，len(queue):5
2025-04-27 17:07:26,980 - INFO - Node 1: k=552.866283558504, f_best=-2.097618818283081, f_min=-3.124479007205082
2025-04-27 17:07:26,980 - INFO - Node 2: k=164.1464293616707, f_best=-0.9884905219078064, f_min=-3.1011775629503973
2025-04-27 17:07:26,980 - INFO - Node 3: k=339.3842830562688, f_best=-2.1148908138275146, f_min=-2.5403587427563252
2025-04-27 17:07:26,980 - INFO - Node 4: k=125.47417473418193, f_best=-1.0281122922897339, f_min=-2.960135253361841
2025-04-27 17:07:26,980 - INFO - Node 5: k=251.79697753619814, f_best=-2.121555805206299, f_min=-2.2467943732954154
2025-04-27 17:07:26,980 - INFO - Node 6: k=139.98756507487983, f_best=-1.0364419221878052, f_min=-2.043336113345049
2025-04-27 17:07:26,980 - INFO - Node 7: k=232.53028422643465, f_best=-2.1422393321990967, f_min=-3.479390150605468
2025-04-27 17:07:26,980 - INFO - Node 8: k=186.81394826363504, f_best=-1.044063687324524, f_min=-1.21406800960267
2025-04-27 17:07:26,980 - INFO - Node 9: k=219.0540463078192, f_best=-2.1487717628479004, f_min=-3.2880714925631764
2025-04-27 17:07:26,980 - INFO - cur_node_number 20,f_best -2.1487717628479004,f_min -3.2880714925631764,k 219.0540463078192
2025-04-27 17:07:26,980 - INFO - f_best_current -2.1487717628479004,f_min -3.2880714925631764
2025-04-27 17:07:32,224 - INFO - tree_node.f_best*ep:-2.1487717628479004,left_f_best-0.999151885509491,right_f_best-2.1094419956207275,i:1
2025-04-27 17:07:37,717 - INFO - tree_node.f_best*ep:-2.1487717628479004,left_f_best-1.0238951444625854,right_f_best-2.134155035018921,i:2
2025-04-27 17:07:43,437 - INFO - tree_node.f_best*ep:-2.1487717628479004,left_f_best-1.0445307493209839,right_f_best-2.1175544261932373,i:3
2025-04-27 17:07:49,459 - INFO - tree_node.f_best*ep:-2.1487717628479004,left_f_best-1.0539277791976929,right_f_best-2.1592445373535156,i:4
2025-04-27 17:08:07,391 - INFO - 添加左子节点，右子节点，len(queue):6
2025-04-27 17:08:07,391 - INFO - Node 1: k=552.866283558504, f_best=-2.097618818283081, f_min=-3.124479007205082
2025-04-27 17:08:07,391 - INFO - Node 2: k=164.1464293616707, f_best=-0.9884905219078064, f_min=-3.1011775629503973
2025-04-27 17:08:07,391 - INFO - Node 3: k=339.3842830562688, f_best=-2.1148908138275146, f_min=-2.5403587427563252
2025-04-27 17:08:07,391 - INFO - Node 4: k=125.47417473418193, f_best=-1.0281122922897339, f_min=-2.960135253361841
2025-04-27 17:08:07,391 - INFO - Node 5: k=251.79697753619814, f_best=-2.121555805206299, f_min=-2.2467943732954154
2025-04-27 17:08:07,391 - INFO - Node 6: k=139.98756507487983, f_best=-1.0364419221878052, f_min=-2.043336113345049
2025-04-27 17:08:07,391 - INFO - Node 7: k=232.53028422643465, f_best=-2.1422393321990967, f_min=-3.479390150605468
2025-04-27 17:08:07,391 - INFO - Node 8: k=186.81394826363504, f_best=-1.044063687324524, f_min=-1.21406800960267
2025-04-27 17:08:07,391 - INFO - Node 9: k=219.0540463078192, f_best=-2.1487717628479004, f_min=-3.2880714925631764
2025-04-27 17:08:07,391 - INFO - Node 10: k=283.7311367993654, f_best=-1.0539277791976929, f_min=-1.3864713118146028
2025-04-27 17:08:07,391 - INFO - Node 11: k=254.31494731156013, f_best=-2.1592445373535156, f_min=-2.913341430385117
2025-04-27 17:08:07,391 - INFO - cur_node_number 21,f_best -2.1592445373535156,f_min -2.913341430385117,k 254.31494731156013
2025-04-27 17:08:07,391 - INFO - f_best_current -2.1592445373535156,f_min -2.913341430385117
2025-04-27 17:08:07,391 - INFO - 回退,len(queue)=4
2025-04-27 17:08:07,391 - INFO - 回退,len(queue)=3
2025-04-27 17:08:07,391 - INFO - 回退,len(queue)=2
2025-04-27 17:08:12,581 - INFO - tree_node.f_best*ep:-2.121555805206299,left_f_best-1.0250545740127563,right_f_best-2.0997843742370605,i:1
2025-04-27 17:08:18,044 - INFO - tree_node.f_best*ep:-2.121555805206299,left_f_best-1.0144704580307007,right_f_best-2.1119160652160645,i:2
2025-04-27 17:08:23,742 - INFO - tree_node.f_best*ep:-2.121555805206299,left_f_best-1.0423039197921753,right_f_best-2.1373658180236816,i:3
2025-04-27 17:08:39,929 - INFO - 添加左子节点，右子节点，len(queue):4
2025-04-27 17:08:39,929 - INFO - Node 1: k=552.866283558504, f_best=-2.097618818283081, f_min=-3.124479007205082
2025-04-27 17:08:39,929 - INFO - Node 2: k=164.1464293616707, f_best=-0.9884905219078064, f_min=-3.1011775629503973
2025-04-27 17:08:39,929 - INFO - Node 3: k=339.3842830562688, f_best=-2.1148908138275146, f_min=-2.5403587427563252
2025-04-27 17:08:39,929 - INFO - Node 4: k=125.47417473418193, f_best=-1.0281122922897339, f_min=-2.960135253361841
2025-04-27 17:08:39,929 - INFO - Node 5: k=254.31494731156013, f_best=-2.121555805206299, f_min=-2.2467943732954154
2025-04-27 17:08:39,929 - INFO - Node 6: k=214.73781620215584, f_best=-1.0423039197921753, f_min=-1.9725173172046198
2025-04-27 17:08:39,929 - INFO - Node 7: k=181.31977768014883, f_best=-2.1373658180236816, f_min=-3.339873137979339
2025-04-27 17:08:39,929 - INFO - cur_node_number 22,f_best -2.1373658180236816,f_min -3.339873137979339,k 181.31977768014883
2025-04-27 17:08:39,929 - INFO - f_best_current -2.1373658180236816,f_min -3.339873137979339
2025-04-27 17:08:45,060 - INFO - tree_node.f_best*ep:-2.1373658180236816,left_f_best-1.0147823095321655,right_f_best-2.10294771194458,i:1
2025-04-27 17:08:50,479 - INFO - tree_node.f_best*ep:-2.1373658180236816,left_f_best-1.0092958211898804,right_f_best-2.1300370693206787,i:2
2025-04-27 17:08:56,160 - INFO - tree_node.f_best*ep:-2.1373658180236816,left_f_best-1.044265627861023,right_f_best-2.139777660369873,i:3
2025-04-27 17:09:10,857 - INFO - 添加左子节点，右子节点，len(queue):5
2025-04-27 17:09:10,857 - INFO - Node 1: k=552.866283558504, f_best=-2.097618818283081, f_min=-3.124479007205082
2025-04-27 17:09:10,857 - INFO - Node 2: k=164.1464293616707, f_best=-0.9884905219078064, f_min=-3.1011775629503973
2025-04-27 17:09:10,857 - INFO - Node 3: k=339.3842830562688, f_best=-2.1148908138275146, f_min=-2.5403587427563252
2025-04-27 17:09:10,857 - INFO - Node 4: k=125.47417473418193, f_best=-1.0281122922897339, f_min=-2.960135253361841
2025-04-27 17:09:10,857 - INFO - Node 5: k=254.31494731156013, f_best=-2.121555805206299, f_min=-2.2467943732954154
2025-04-27 17:09:10,857 - INFO - Node 6: k=214.73781620215584, f_best=-1.0423039197921753, f_min=-1.9725173172046198
2025-04-27 17:09:10,857 - INFO - Node 7: k=181.31977768014883, f_best=-2.1373658180236816, f_min=-3.339873137979339
2025-04-27 17:09:10,857 - INFO - Node 8: k=198.30677049518135, f_best=-1.044265627861023, f_min=-2.9285796349913653
2025-04-27 17:09:10,857 - INFO - Node 9: k=131.8746186736287, f_best=-2.139777660369873, f_min=-3.3638299248755175
2025-04-27 17:09:10,857 - INFO - cur_node_number 23,f_best -2.139777660369873,f_min -3.3638299248755175,k 131.8746186736287
2025-04-27 17:09:10,857 - INFO - f_best_current -2.139777660369873,f_min -3.3638299248755175
2025-04-27 17:09:16,043 - INFO - tree_node.f_best*ep:-2.139777660369873,left_f_best-0.9966527819633484,right_f_best-2.0652618408203125,i:1
2025-04-27 17:09:21,445 - INFO - tree_node.f_best*ep:-2.139777660369873,left_f_best-1.0249296426773071,right_f_best-2.123957395553589,i:2
2025-04-27 17:09:27,129 - INFO - tree_node.f_best*ep:-2.139777660369873,left_f_best-1.0396116971969604,right_f_best-2.120673418045044,i:3
2025-04-27 17:09:32,998 - INFO - tree_node.f_best*ep:-2.139777660369873,left_f_best-1.0577882528305054,right_f_best-2.1561217308044434,i:4
2025-04-27 17:09:50,323 - INFO - 添加左子节点，右子节点，len(queue):6
2025-04-27 17:09:50,323 - INFO - Node 1: k=552.866283558504, f_best=-2.097618818283081, f_min=-3.124479007205082
2025-04-27 17:09:50,323 - INFO - Node 2: k=164.1464293616707, f_best=-0.9884905219078064, f_min=-3.1011775629503973
2025-04-27 17:09:50,323 - INFO - Node 3: k=339.3842830562688, f_best=-2.1148908138275146, f_min=-2.5403587427563252
2025-04-27 17:09:50,323 - INFO - Node 4: k=125.47417473418193, f_best=-1.0281122922897339, f_min=-2.960135253361841
2025-04-27 17:09:50,323 - INFO - Node 5: k=254.31494731156013, f_best=-2.121555805206299, f_min=-2.2467943732954154
2025-04-27 17:09:50,323 - INFO - Node 6: k=214.73781620215584, f_best=-1.0423039197921753, f_min=-1.9725173172046198
2025-04-27 17:09:50,323 - INFO - Node 7: k=181.31977768014883, f_best=-2.1373658180236816, f_min=-3.339873137979339
2025-04-27 17:09:50,323 - INFO - Node 8: k=198.30677049518135, f_best=-1.044265627861023, f_min=-2.9285796349913653
2025-04-27 17:09:50,323 - INFO - Node 9: k=131.8746186736287, f_best=-2.139777660369873, f_min=-3.3638299248755175
2025-04-27 17:09:50,323 - INFO - Node 10: k=241.97194621246766, f_best=-1.0577882528305054, f_min=-1.6220313901148984
2025-04-27 17:09:50,323 - INFO - Node 11: k=246.83558233133826, f_best=-2.1561217308044434, f_min=-2.7470346807476744
2025-04-27 17:09:50,323 - INFO - cur_node_number 24,f_best -2.1561217308044434,f_min -2.7470346807476744,k 246.83558233133826
2025-04-27 17:09:50,323 - INFO - f_best_current -2.1561217308044434,f_min -2.7470346807476744
2025-04-27 17:09:50,323 - INFO - 回退,len(queue)=4
2025-04-27 17:09:50,323 - INFO - 回退,len(queue)=3
2025-04-27 17:09:55,418 - INFO - tree_node.f_best*ep:-2.1373658180236816,left_f_best-1.0058666467666626,right_f_best-2.081777334213257,i:1
2025-04-27 17:10:00,782 - INFO - tree_node.f_best*ep:-2.1373658180236816,left_f_best-0.9852113127708435,right_f_best-2.13114595413208,i:2
2025-04-27 17:10:06,420 - INFO - tree_node.f_best*ep:-2.1373658180236816,left_f_best-1.0407840013504028,right_f_best-2.1430299282073975,i:3
2025-04-27 17:10:21,760 - INFO - 添加左子节点，右子节点，len(queue):5
2025-04-27 17:10:21,760 - INFO - Node 1: k=552.866283558504, f_best=-2.097618818283081, f_min=-3.124479007205082
2025-04-27 17:10:21,760 - INFO - Node 2: k=164.1464293616707, f_best=-0.9884905219078064, f_min=-3.1011775629503973
2025-04-27 17:10:21,760 - INFO - Node 3: k=339.3842830562688, f_best=-2.1148908138275146, f_min=-2.5403587427563252
2025-04-27 17:10:21,760 - INFO - Node 4: k=125.47417473418193, f_best=-1.0281122922897339, f_min=-2.960135253361841
2025-04-27 17:10:21,760 - INFO - Node 5: k=254.31494731156013, f_best=-2.121555805206299, f_min=-2.2467943732954154
2025-04-27 17:10:21,760 - INFO - Node 6: k=214.73781620215584, f_best=-1.0423039197921753, f_min=-1.9725173172046198
2025-04-27 17:10:21,760 - INFO - Node 7: k=246.83558233133826, f_best=-2.1373658180236816, f_min=-3.339873137979339
2025-04-27 17:10:21,760 - INFO - Node 8: k=206.3588205874354, f_best=-1.0407840013504028, f_min=-3.6188851064525807
2025-04-27 17:10:21,760 - INFO - Node 9: k=139.98756507487983, f_best=-2.1430299282073975, f_min=-2.201167850686943
2025-04-27 17:10:21,760 - INFO - cur_node_number 25,f_best -2.1430299282073975,f_min -2.201167850686943,k 139.98756507487983
2025-04-27 17:10:21,760 - INFO - f_best_current -2.1430299282073975,f_min -2.201167850686943
2025-04-27 17:10:27,022 - INFO - tree_node.f_best*ep:-2.1430299282073975,left_f_best-0.966136634349823,right_f_best-2.106950521469116,i:1
2025-04-27 17:10:32,391 - INFO - tree_node.f_best*ep:-2.1430299282073975,left_f_best-1.0184017419815063,right_f_best-2.1374495029449463,i:2
2025-04-27 17:10:38,052 - INFO - tree_node.f_best*ep:-2.1430299282073975,left_f_best-1.0512789487838745,right_f_best-2.121281385421753,i:3
2025-04-27 17:10:44,096 - INFO - tree_node.f_best*ep:-2.1430299282073975,left_f_best-1.0558260679244995,right_f_best-2.1371335983276367,i:4
2025-04-27 17:10:50,296 - INFO - tree_node.f_best*ep:-2.1430299282073975,left_f_best-1.0452805757522583,right_f_best-2.169597625732422,i:5
2025-04-27 17:11:05,540 - INFO - 添加左子节点，右子节点，len(queue):6
2025-04-27 17:11:05,540 - INFO - Node 1: k=552.866283558504, f_best=-2.097618818283081, f_min=-3.124479007205082
2025-04-27 17:11:05,540 - INFO - Node 2: k=164.1464293616707, f_best=-0.9884905219078064, f_min=-3.1011775629503973
2025-04-27 17:11:05,540 - INFO - Node 3: k=339.3842830562688, f_best=-2.1148908138275146, f_min=-2.5403587427563252
2025-04-27 17:11:05,540 - INFO - Node 4: k=125.47417473418193, f_best=-1.0281122922897339, f_min=-2.960135253361841
2025-04-27 17:11:05,540 - INFO - Node 5: k=254.31494731156013, f_best=-2.121555805206299, f_min=-2.2467943732954154
2025-04-27 17:11:05,540 - INFO - Node 6: k=214.73781620215584, f_best=-1.0423039197921753, f_min=-1.9725173172046198
2025-04-27 17:11:05,540 - INFO - Node 7: k=246.83558233133826, f_best=-2.1373658180236816, f_min=-3.339873137979339
2025-04-27 17:11:05,540 - INFO - Node 8: k=206.3588205874354, f_best=-1.0407840013504028, f_min=-3.6188851064525807
2025-04-27 17:11:05,540 - INFO - Node 9: k=139.98756507487983, f_best=-2.1430299282073975, f_min=-2.201167850686943
2025-04-27 17:11:05,540 - INFO - Node 10: k=175.2507978715324, f_best=-1.0452805757522583, f_min=-1.5503548989745468
2025-04-27 17:11:05,540 - INFO - Node 11: k=175.98718984078326, f_best=-2.169597625732422, f_min=-2.67691592281426
2025-04-27 17:11:05,540 - INFO - cur_node_number 26,f_best -2.169597625732422,f_min -2.67691592281426,k 175.98718984078326
2025-04-27 17:11:05,540 - INFO - f_best_current -2.169597625732422,f_min -2.67691592281426
2025-04-27 17:11:05,540 - INFO - 回退,len(queue)=4
2025-04-27 17:11:10,756 - INFO - tree_node.f_best*ep:-2.1430299282073975,left_f_best-1.0332804918289185,right_f_best-2.0973117351531982,i:1
2025-04-27 17:11:16,202 - INFO - tree_node.f_best*ep:-2.1430299282073975,left_f_best-1.0245038270950317,right_f_best-2.1288697719573975,i:2
2025-04-27 17:11:21,915 - INFO - tree_node.f_best*ep:-2.1430299282073975,left_f_best-1.0278109312057495,right_f_best-2.1223433017730713,i:3
2025-04-27 17:11:27,906 - INFO - tree_node.f_best*ep:-2.1430299282073975,left_f_best-1.0607746839523315,right_f_best-2.155205488204956,i:4
2025-04-27 17:11:42,963 - INFO - 添加左子节点，右子节点，len(queue):6
2025-04-27 17:11:42,963 - INFO - Node 1: k=552.866283558504, f_best=-2.097618818283081, f_min=-3.124479007205082
2025-04-27 17:11:42,963 - INFO - Node 2: k=164.1464293616707, f_best=-0.9884905219078064, f_min=-3.1011775629503973
2025-04-27 17:11:42,963 - INFO - Node 3: k=339.3842830562688, f_best=-2.1148908138275146, f_min=-2.5403587427563252
2025-04-27 17:11:42,963 - INFO - Node 4: k=125.47417473418193, f_best=-1.0281122922897339, f_min=-2.960135253361841
2025-04-27 17:11:42,963 - INFO - Node 5: k=254.31494731156013, f_best=-2.121555805206299, f_min=-2.2467943732954154
2025-04-27 17:11:42,963 - INFO - Node 6: k=214.73781620215584, f_best=-1.0423039197921753, f_min=-1.9725173172046198
2025-04-27 17:11:42,963 - INFO - Node 7: k=246.83558233133826, f_best=-2.1373658180236816, f_min=-3.339873137979339
2025-04-27 17:11:42,963 - INFO - Node 8: k=206.3588205874354, f_best=-1.0407840013504028, f_min=-3.6188851064525807
2025-04-27 17:11:42,963 - INFO - Node 9: k=175.98718984078326, f_best=-2.1430299282073975, f_min=-2.201167850686943
2025-04-27 17:11:42,963 - INFO - Node 10: k=177.74706173919108, f_best=-1.0607746839523315, f_min=-2.122719755133403
2025-04-27 17:11:42,963 - INFO - Node 11: k=148.59962116055374, f_best=-2.155205488204956, f_min=-2.4949468445984166
2025-04-27 17:11:42,963 - INFO - cur_node_number 27,f_best -2.155205488204956,f_min -2.4949468445984166,k 148.59962116055374
2025-04-27 17:11:42,963 - INFO - f_best_current -2.155205488204956,f_min -2.4949468445984166
2025-04-27 17:11:48,113 - INFO - tree_node.f_best*ep:-2.155205488204956,left_f_best-1.0235055685043335,right_f_best-2.1056084632873535,i:1
2025-04-27 17:11:53,586 - INFO - tree_node.f_best*ep:-2.155205488204956,left_f_best-1.0305360555648804,right_f_best-2.1249542236328125,i:2
2025-04-27 17:11:59,244 - INFO - tree_node.f_best*ep:-2.155205488204956,left_f_best-1.032690167427063,right_f_best-2.127530813217163,i:3
2025-04-27 17:12:05,291 - INFO - tree_node.f_best*ep:-2.155205488204956,left_f_best-1.0712989568710327,right_f_best-2.151132583618164,i:4
2025-04-27 17:12:11,453 - INFO - tree_node.f_best*ep:-2.155205488204956,left_f_best-1.0643912553787231,right_f_best-2.1657230854034424,i:5
2025-04-27 17:12:28,363 - INFO - 添加左子节点，右子节点，len(queue):7
2025-04-27 17:12:28,363 - INFO - Node 1: k=552.866283558504, f_best=-2.097618818283081, f_min=-3.124479007205082
2025-04-27 17:12:28,363 - INFO - Node 2: k=164.1464293616707, f_best=-0.9884905219078064, f_min=-3.1011775629503973
2025-04-27 17:12:28,363 - INFO - Node 3: k=339.3842830562688, f_best=-2.1148908138275146, f_min=-2.5403587427563252
2025-04-27 17:12:28,363 - INFO - Node 4: k=125.47417473418193, f_best=-1.0281122922897339, f_min=-2.960135253361841
2025-04-27 17:12:28,363 - INFO - Node 5: k=254.31494731156013, f_best=-2.121555805206299, f_min=-2.2467943732954154
2025-04-27 17:12:28,363 - INFO - Node 6: k=214.73781620215584, f_best=-1.0423039197921753, f_min=-1.9725173172046198
2025-04-27 17:12:28,363 - INFO - Node 7: k=246.83558233133826, f_best=-2.1373658180236816, f_min=-3.339873137979339
2025-04-27 17:12:28,363 - INFO - Node 8: k=206.3588205874354, f_best=-1.0407840013504028, f_min=-3.6188851064525807
2025-04-27 17:12:28,363 - INFO - Node 9: k=175.98718984078326, f_best=-2.1430299282073975, f_min=-2.201167850686943
2025-04-27 17:12:28,363 - INFO - Node 10: k=177.74706173919108, f_best=-1.0607746839523315, f_min=-2.122719755133403
2025-04-27 17:12:28,363 - INFO - Node 11: k=148.59962116055374, f_best=-2.155205488204956, f_min=-2.4949468445984166
2025-04-27 17:12:28,363 - INFO - Node 12: k=232.53028422643465, f_best=-1.0643912553787231, f_min=-2.433826080848121
2025-04-27 17:12:28,363 - INFO - Node 13: k=214.73781620215584, f_best=-2.1657230854034424, f_min=-5.293339032939912
2025-04-27 17:12:28,363 - INFO - cur_node_number 28,f_best -2.1657230854034424,f_min -5.293339032939912,k 214.73781620215584
2025-04-27 17:12:28,363 - INFO - f_best_current -2.1657230854034424,f_min -5.293339032939912
2025-04-27 17:12:28,363 - INFO - 回退,len(queue)=5
2025-04-27 17:12:28,363 - INFO - 回退,len(queue)=4
2025-04-27 17:12:33,639 - INFO - tree_node.f_best*ep:-2.1430299282073975,left_f_best-1.0330177545547485,right_f_best-2.1329944133758545,i:1
2025-04-27 17:12:39,153 - INFO - tree_node.f_best*ep:-2.1430299282073975,left_f_best-1.0333842039108276,right_f_best-2.1307213306427,i:2
2025-04-27 17:12:44,824 - INFO - tree_node.f_best*ep:-2.1430299282073975,left_f_best-1.0268293619155884,right_f_best-2.1536355018615723,i:3
2025-04-27 17:13:00,201 - INFO - 添加左子节点，右子节点，len(queue):6
2025-04-27 17:13:00,201 - INFO - Node 1: k=552.866283558504, f_best=-2.097618818283081, f_min=-3.124479007205082
2025-04-27 17:13:00,201 - INFO - Node 2: k=164.1464293616707, f_best=-0.9884905219078064, f_min=-3.1011775629503973
2025-04-27 17:13:00,201 - INFO - Node 3: k=339.3842830562688, f_best=-2.1148908138275146, f_min=-2.5403587427563252
2025-04-27 17:13:00,201 - INFO - Node 4: k=125.47417473418193, f_best=-1.0281122922897339, f_min=-2.960135253361841
2025-04-27 17:13:00,201 - INFO - Node 5: k=254.31494731156013, f_best=-2.121555805206299, f_min=-2.2467943732954154
2025-04-27 17:13:00,201 - INFO - Node 6: k=214.73781620215584, f_best=-1.0423039197921753, f_min=-1.9725173172046198
2025-04-27 17:13:00,201 - INFO - Node 7: k=246.83558233133826, f_best=-2.1373658180236816, f_min=-3.339873137979339
2025-04-27 17:13:00,201 - INFO - Node 8: k=206.3588205874354, f_best=-1.0407840013504028, f_min=-3.6188851064525807
2025-04-27 17:13:00,201 - INFO - Node 9: k=214.73781620215584, f_best=-2.1430299282073975, f_min=-2.201167850686943
2025-04-27 17:13:00,201 - INFO - Node 10: k=195.52176791311012, f_best=-1.0268293619155884, f_min=-1.6935612989063884
2025-04-27 17:13:00,201 - INFO - Node 11: k=162.52121718977295, f_best=-2.1536355018615723, f_min=-2.8574646835995736
2025-04-27 17:13:00,201 - INFO - cur_node_number 29,f_best -2.1536355018615723,f_min -2.8574646835995736,k 162.52121718977295
2025-04-27 17:13:00,201 - INFO - f_best_current -2.1536355018615723,f_min -2.8574646835995736
2025-04-27 17:13:05,443 - INFO - tree_node.f_best*ep:-2.1536355018615723,left_f_best-1.0210686922073364,right_f_best-2.0933613777160645,i:1
2025-04-27 17:13:10,875 - INFO - tree_node.f_best*ep:-2.1536355018615723,left_f_best-1.0148519277572632,right_f_best-2.103900909423828,i:2
2025-04-27 17:13:16,682 - INFO - tree_node.f_best*ep:-2.1536355018615723,left_f_best-1.0503407716751099,right_f_best-2.138535499572754,i:3
2025-04-27 17:13:22,682 - INFO - tree_node.f_best*ep:-2.1536355018615723,left_f_best-1.0463556051254272,right_f_best-2.15201473236084,i:4
2025-04-27 17:13:29,133 - INFO - tree_node.f_best*ep:-2.1536355018615723,left_f_best-1.0345128774642944,right_f_best-2.1526424884796143,i:5
2025-04-27 17:13:35,594 - INFO - tree_node.f_best*ep:-2.1536355018615723,left_f_best-1.0722450017929077,right_f_best-2.166330099105835,i:6
2025-04-27 17:13:52,388 - INFO - 添加左子节点，右子节点，len(queue):7
2025-04-27 17:13:52,388 - INFO - Node 1: k=552.866283558504, f_best=-2.097618818283081, f_min=-3.124479007205082
2025-04-27 17:13:52,388 - INFO - Node 2: k=164.1464293616707, f_best=-0.9884905219078064, f_min=-3.1011775629503973
2025-04-27 17:13:52,388 - INFO - Node 3: k=339.3842830562688, f_best=-2.1148908138275146, f_min=-2.5403587427563252
2025-04-27 17:13:52,388 - INFO - Node 4: k=125.47417473418193, f_best=-1.0281122922897339, f_min=-2.960135253361841
2025-04-27 17:13:52,388 - INFO - Node 5: k=254.31494731156013, f_best=-2.121555805206299, f_min=-2.2467943732954154
2025-04-27 17:13:52,388 - INFO - Node 6: k=214.73781620215584, f_best=-1.0423039197921753, f_min=-1.9725173172046198
2025-04-27 17:13:52,388 - INFO - Node 7: k=246.83558233133826, f_best=-2.1373658180236816, f_min=-3.339873137979339
2025-04-27 17:13:52,388 - INFO - Node 8: k=206.3588205874354, f_best=-1.0407840013504028, f_min=-3.6188851064525807
2025-04-27 17:13:52,388 - INFO - Node 9: k=214.73781620215584, f_best=-2.1430299282073975, f_min=-2.201167850686943
2025-04-27 17:13:52,388 - INFO - Node 10: k=195.52176791311012, f_best=-1.0268293619155884, f_min=-1.6935612989063884
2025-04-27 17:13:52,388 - INFO - Node 11: k=162.52121718977295, f_best=-2.1536355018615723, f_min=-2.8574646835995736
2025-04-27 17:13:52,388 - INFO - Node 12: k=230.22800418458877, f_best=-1.0722450017929077, f_min=-2.6018321544970604
2025-04-27 17:13:52,388 - INFO - Node 13: k=219.0540463078192, f_best=-2.166330099105835, f_min=-4.805454663858654
2025-04-27 17:13:52,388 - INFO - cur_node_number 30,f_best -2.166330099105835,f_min -4.805454663858654,k 219.0540463078192
2025-04-27 17:13:52,388 - INFO - f_best_current -2.166330099105835,f_min -4.805454663858654
2025-04-27 17:13:52,388 - INFO - 回退,len(queue)=5
2025-04-27 17:13:52,388 - INFO - 回退,len(queue)=4
2025-04-27 17:13:57,588 - INFO - tree_node.f_best*ep:-2.1430299282073975,left_f_best-1.0226320028305054,right_f_best-2.1090946197509766,i:1
2025-04-27 17:14:02,977 - INFO - tree_node.f_best*ep:-2.1430299282073975,left_f_best-0.9991382956504822,right_f_best-2.1196846961975098,i:2
2025-04-27 17:14:08,723 - INFO - tree_node.f_best*ep:-2.1430299282073975,left_f_best-1.0353039503097534,right_f_best-2.1187069416046143,i:3
2025-04-27 17:14:14,643 - INFO - tree_node.f_best*ep:-2.1430299282073975,left_f_best-1.0433751344680786,right_f_best-2.12569522857666,i:4
2025-04-27 17:14:20,906 - INFO - tree_node.f_best*ep:-2.1430299282073975,left_f_best-1.069032073020935,right_f_best-2.121016263961792,i:5
2025-04-27 17:14:27,466 - INFO - tree_node.f_best*ep:-2.1430299282073975,left_f_best-1.0672043561935425,right_f_best-2.171682596206665,i:6
2025-04-27 17:14:42,905 - INFO - 添加左子节点，右子节点，len(queue):6
2025-04-27 17:14:42,905 - INFO - Node 1: k=552.866283558504, f_best=-2.097618818283081, f_min=-3.124479007205082
2025-04-27 17:14:42,905 - INFO - Node 2: k=164.1464293616707, f_best=-0.9884905219078064, f_min=-3.1011775629503973
2025-04-27 17:14:42,905 - INFO - Node 3: k=339.3842830562688, f_best=-2.1148908138275146, f_min=-2.5403587427563252
2025-04-27 17:14:42,905 - INFO - Node 4: k=125.47417473418193, f_best=-1.0281122922897339, f_min=-2.960135253361841
2025-04-27 17:14:42,905 - INFO - Node 5: k=254.31494731156013, f_best=-2.121555805206299, f_min=-2.2467943732954154
2025-04-27 17:14:42,905 - INFO - Node 6: k=214.73781620215584, f_best=-1.0423039197921753, f_min=-1.9725173172046198
2025-04-27 17:14:42,905 - INFO - Node 7: k=246.83558233133826, f_best=-2.1373658180236816, f_min=-3.339873137979339
2025-04-27 17:14:42,905 - INFO - Node 8: k=206.3588205874354, f_best=-1.0407840013504028, f_min=-3.6188851064525807
2025-04-27 17:14:42,905 - INFO - Node 9: k=219.0540463078192, f_best=-2.1430299282073975, f_min=-2.201167850686943
2025-04-27 17:14:42,905 - INFO - Node 10: k=137.22925700899893, f_best=-1.0672043561935425, f_min=-2.6198571573918343
2025-04-27 17:14:42,905 - INFO - Node 11: k=221.2445867708974, f_best=-2.171682596206665, f_min=-3.250263691069449
2025-04-27 17:14:42,905 - INFO - cur_node_number 31,f_best -2.171682596206665,f_min -3.250263691069449,k 221.2445867708974
2025-04-27 17:14:42,905 - INFO - f_best_current -2.171682596206665,f_min -3.250263691069449
2025-04-27 17:14:42,905 - INFO - 回退,len(queue)=4
2025-04-27 17:14:48,150 - INFO - tree_node.f_best*ep:-2.1430299282073975,left_f_best-1.0014914274215698,right_f_best-2.1228604316711426,i:1
2025-04-27 17:14:53,628 - INFO - tree_node.f_best*ep:-2.1430299282073975,left_f_best-1.0420438051223755,right_f_best-2.1231582164764404,i:2
2025-04-27 17:14:59,403 - INFO - tree_node.f_best*ep:-2.1430299282073975,left_f_best-1.0485154390335083,right_f_best-2.1288881301879883,i:3
2025-04-27 17:15:05,364 - INFO - tree_node.f_best*ep:-2.1430299282073975,left_f_best-1.042892336845398,right_f_best-2.1459765434265137,i:4
2025-04-27 17:15:22,006 - INFO - 添加左子节点，右子节点，len(queue):6
2025-04-27 17:15:22,006 - INFO - Node 1: k=552.866283558504, f_best=-2.097618818283081, f_min=-3.124479007205082
2025-04-27 17:15:22,006 - INFO - Node 2: k=164.1464293616707, f_best=-0.9884905219078064, f_min=-3.1011775629503973
2025-04-27 17:15:22,006 - INFO - Node 3: k=339.3842830562688, f_best=-2.1148908138275146, f_min=-2.5403587427563252
2025-04-27 17:15:22,006 - INFO - Node 4: k=125.47417473418193, f_best=-1.0281122922897339, f_min=-2.960135253361841
2025-04-27 17:15:22,006 - INFO - Node 5: k=254.31494731156013, f_best=-2.121555805206299, f_min=-2.2467943732954154
2025-04-27 17:15:22,006 - INFO - Node 6: k=214.73781620215584, f_best=-1.0423039197921753, f_min=-1.9725173172046198
2025-04-27 17:15:22,006 - INFO - Node 7: k=246.83558233133826, f_best=-2.1373658180236816, f_min=-3.339873137979339
2025-04-27 17:15:22,006 - INFO - Node 8: k=206.3588205874354, f_best=-1.0407840013504028, f_min=-3.6188851064525807
2025-04-27 17:15:22,006 - INFO - Node 9: k=221.2445867708974, f_best=-2.1430299282073975, f_min=-2.201167850686943
2025-04-27 17:15:22,006 - INFO - Node 10: k=232.53028422643465, f_best=-1.042892336845398, f_min=-4.459977058382719
2025-04-27 17:15:22,006 - INFO - Node 11: k=214.73781620215584, f_best=-2.1459765434265137, f_min=-2.3096401882739883
2025-04-27 17:15:22,006 - INFO - cur_node_number 32,f_best -2.1459765434265137,f_min -2.3096401882739883,k 214.73781620215584
2025-04-27 17:15:22,006 - INFO - f_best_current -2.1459765434265137,f_min -2.3096401882739883
2025-04-27 17:15:27,215 - INFO - tree_node.f_best*ep:-2.1459765434265137,left_f_best-1.0082870721817017,right_f_best-2.1197054386138916,i:1
2025-04-27 17:15:32,651 - INFO - tree_node.f_best*ep:-2.1459765434265137,left_f_best-0.9832920432090759,right_f_best-2.139802932739258,i:2
2025-04-27 17:15:38,341 - INFO - tree_node.f_best*ep:-2.1459765434265137,left_f_best-1.0498348474502563,right_f_best-2.1447386741638184,i:3
2025-04-27 17:15:44,263 - INFO - tree_node.f_best*ep:-2.1459765434265137,left_f_best-1.0565699338912964,right_f_best-2.1298978328704834,i:4
2025-04-27 17:15:50,384 - INFO - tree_node.f_best*ep:-2.1459765434265137,left_f_best-1.0629388093948364,right_f_best-2.161590576171875,i:5
2025-04-27 17:16:07,692 - INFO - 添加左子节点，右子节点，len(queue):7
2025-04-27 17:16:07,692 - INFO - Node 1: k=552.866283558504, f_best=-2.097618818283081, f_min=-3.124479007205082
2025-04-27 17:16:07,692 - INFO - Node 2: k=164.1464293616707, f_best=-0.9884905219078064, f_min=-3.1011775629503973
2025-04-27 17:16:07,692 - INFO - Node 3: k=339.3842830562688, f_best=-2.1148908138275146, f_min=-2.5403587427563252
2025-04-27 17:16:07,692 - INFO - Node 4: k=125.47417473418193, f_best=-1.0281122922897339, f_min=-2.960135253361841
2025-04-27 17:16:07,692 - INFO - Node 5: k=254.31494731156013, f_best=-2.121555805206299, f_min=-2.2467943732954154
2025-04-27 17:16:07,692 - INFO - Node 6: k=214.73781620215584, f_best=-1.0423039197921753, f_min=-1.9725173172046198
2025-04-27 17:16:07,692 - INFO - Node 7: k=246.83558233133826, f_best=-2.1373658180236816, f_min=-3.339873137979339
2025-04-27 17:16:07,692 - INFO - Node 8: k=206.3588205874354, f_best=-1.0407840013504028, f_min=-3.6188851064525807
2025-04-27 17:16:07,692 - INFO - Node 9: k=221.2445867708974, f_best=-2.1430299282073975, f_min=-2.201167850686943
2025-04-27 17:16:07,692 - INFO - Node 10: k=232.53028422643465, f_best=-1.042892336845398, f_min=-4.459977058382719
2025-04-27 17:16:07,692 - INFO - Node 11: k=214.73781620215584, f_best=-2.1459765434265137, f_min=-2.3096401882739883
2025-04-27 17:16:07,692 - INFO - Node 12: k=208.42240879330976, f_best=-1.0629388093948364, f_min=-6.216639974353711
2025-04-27 17:16:07,692 - INFO - Node 13: k=267.2875655151017, f_best=-2.161590576171875, f_min=-3.221002781188872
2025-04-27 17:16:07,692 - INFO - cur_node_number 33,f_best -2.161590576171875,f_min -3.221002781188872,k 267.2875655151017
2025-04-27 17:16:07,692 - INFO - f_best_current -2.161590576171875,f_min -3.221002781188872
2025-04-27 17:16:07,692 - INFO - 回退,len(queue)=5
2025-04-27 17:16:07,692 - INFO - 回退,len(queue)=4
2025-04-27 17:16:07,692 - INFO - 回退,len(queue)=3
2025-04-27 17:16:07,692 - INFO - 回退,len(queue)=2
2025-04-27 17:16:12,875 - INFO - tree_node.f_best*ep:-2.121555805206299,left_f_best-0.9865278601646423,right_f_best-2.120795488357544,i:1
2025-04-27 17:16:18,307 - INFO - tree_node.f_best*ep:-2.121555805206299,left_f_best-1.0355244874954224,right_f_best-2.1269664764404297,i:2
2025-04-27 17:16:35,506 - INFO - 添加左子节点，右子节点，len(queue):4
2025-04-27 17:16:35,506 - INFO - Node 1: k=552.866283558504, f_best=-2.097618818283081, f_min=-3.124479007205082
2025-04-27 17:16:35,506 - INFO - Node 2: k=164.1464293616707, f_best=-0.9884905219078064, f_min=-3.1011775629503973
2025-04-27 17:16:35,506 - INFO - Node 3: k=339.3842830562688, f_best=-2.1148908138275146, f_min=-2.5403587427563252
2025-04-27 17:16:35,506 - INFO - Node 4: k=125.47417473418193, f_best=-1.0281122922897339, f_min=-2.960135253361841
2025-04-27 17:16:35,506 - INFO - Node 5: k=267.2875655151017, f_best=-2.121555805206299, f_min=-2.2467943732954154
2025-04-27 17:16:35,506 - INFO - Node 6: k=225.69160296499243, f_best=-1.0355244874954224, f_min=-1.907966958598081
2025-04-27 17:16:35,506 - INFO - Node 7: k=227.94851899464234, f_best=-2.1269664764404297, f_min=-2.305566886093402
2025-04-27 17:16:35,506 - INFO - cur_node_number 34,f_best -2.1269664764404297,f_min -2.305566886093402,k 227.94851899464234
2025-04-27 17:16:35,506 - INFO - f_best_current -2.1269664764404297,f_min -2.305566886093402
2025-04-27 17:16:40,686 - INFO - tree_node.f_best*ep:-2.1269664764404297,left_f_best-0.9865421652793884,right_f_best-2.1031718254089355,i:1
2025-04-27 17:16:46,165 - INFO - tree_node.f_best*ep:-2.1269664764404297,left_f_best-1.0344163179397583,right_f_best-2.112362861633301,i:2
2025-04-27 17:16:51,875 - INFO - tree_node.f_best*ep:-2.1269664764404297,left_f_best-1.0401026010513306,right_f_best-2.1440746784210205,i:3
2025-04-27 17:17:08,902 - INFO - 添加左子节点，右子节点，len(queue):5
2025-04-27 17:17:08,902 - INFO - Node 1: k=552.866283558504, f_best=-2.097618818283081, f_min=-3.124479007205082
2025-04-27 17:17:08,902 - INFO - Node 2: k=164.1464293616707, f_best=-0.9884905219078064, f_min=-3.1011775629503973
2025-04-27 17:17:08,902 - INFO - Node 3: k=339.3842830562688, f_best=-2.1148908138275146, f_min=-2.5403587427563252
2025-04-27 17:17:08,902 - INFO - Node 4: k=125.47417473418193, f_best=-1.0281122922897339, f_min=-2.960135253361841
2025-04-27 17:17:08,902 - INFO - Node 5: k=267.2875655151017, f_best=-2.121555805206299, f_min=-2.2467943732954154
2025-04-27 17:17:08,902 - INFO - Node 6: k=225.69160296499243, f_best=-1.0355244874954224, f_min=-1.907966958598081
2025-04-27 17:17:08,902 - INFO - Node 7: k=227.94851899464234, f_best=-2.1269664764404297, f_min=-2.305566886093402
2025-04-27 17:17:08,902 - INFO - Node 8: k=278.14051249815253, f_best=-1.0401026010513306, f_min=-4.424809189768894
2025-04-27 17:17:08,902 - INFO - Node 9: k=184.96430521151984, f_best=-2.1440746784210205, f_min=-2.3406672018427344
2025-04-27 17:17:08,902 - INFO - cur_node_number 35,f_best -2.1440746784210205,f_min -2.3406672018427344,k 184.96430521151984
2025-04-27 17:17:08,902 - INFO - f_best_current -2.1440746784210205,f_min -2.3406672018427344
2025-04-27 17:17:14,050 - INFO - tree_node.f_best*ep:-2.1440746784210205,left_f_best-0.9987313151359558,right_f_best-2.1065430641174316,i:1
2025-04-27 17:17:19,500 - INFO - tree_node.f_best*ep:-2.1440746784210205,left_f_best-1.0316928625106812,right_f_best-2.1174159049987793,i:2
2025-04-27 17:17:25,225 - INFO - tree_node.f_best*ep:-2.1440746784210205,left_f_best-1.0407580137252808,right_f_best-2.126096725463867,i:3
2025-04-27 17:17:31,288 - INFO - tree_node.f_best*ep:-2.1440746784210205,left_f_best-1.064146876335144,right_f_best-2.1417856216430664,i:4
2025-04-27 17:17:37,579 - INFO - tree_node.f_best*ep:-2.1440746784210205,left_f_best-1.0643748044967651,right_f_best-2.1543874740600586,i:5
2025-04-27 17:17:53,548 - INFO - 添加左子节点，右子节点，len(queue):6
2025-04-27 17:17:53,548 - INFO - Node 1: k=552.866283558504, f_best=-2.097618818283081, f_min=-3.124479007205082
2025-04-27 17:17:53,548 - INFO - Node 2: k=164.1464293616707, f_best=-0.9884905219078064, f_min=-3.1011775629503973
2025-04-27 17:17:53,548 - INFO - Node 3: k=339.3842830562688, f_best=-2.1148908138275146, f_min=-2.5403587427563252
2025-04-27 17:17:53,548 - INFO - Node 4: k=125.47417473418193, f_best=-1.0281122922897339, f_min=-2.960135253361841
2025-04-27 17:17:53,548 - INFO - Node 5: k=267.2875655151017, f_best=-2.121555805206299, f_min=-2.2467943732954154
2025-04-27 17:17:53,548 - INFO - Node 6: k=225.69160296499243, f_best=-1.0355244874954224, f_min=-1.907966958598081
2025-04-27 17:17:53,548 - INFO - Node 7: k=227.94851899464234, f_best=-2.1269664764404297, f_min=-2.305566886093402
2025-04-27 17:17:53,548 - INFO - Node 8: k=278.14051249815253, f_best=-1.0401026010513306, f_min=-4.424809189768894
2025-04-27 17:17:53,548 - INFO - Node 9: k=184.96430521151984, f_best=-2.1440746784210205, f_min=-2.3406672018427344
2025-04-27 17:17:53,548 - INFO - Node 10: k=237.20414293938597, f_best=-1.0643748044967651, f_min=-1.4104153762891656
2025-04-27 17:17:53,548 - INFO - Node 11: k=153.10233828133968, f_best=-2.1543874740600586, f_min=-2.643926212716906
2025-04-27 17:17:53,548 - INFO - cur_node_number 36,f_best -2.1543874740600586,f_min -2.643926212716906,k 153.10233828133968
2025-04-27 17:17:53,548 - INFO - f_best_current -2.1543874740600586,f_min -2.643926212716906
2025-04-27 17:17:58,794 - INFO - tree_node.f_best*ep:-2.1543874740600586,left_f_best-1.0011242628097534,right_f_best-2.109090566635132,i:1
2025-04-27 17:18:04,199 - INFO - tree_node.f_best*ep:-2.1543874740600586,left_f_best-1.0073357820510864,right_f_best-2.1140525341033936,i:2
2025-04-27 17:18:09,919 - INFO - tree_node.f_best*ep:-2.1543874740600586,left_f_best-1.0170873403549194,right_f_best-2.124723434448242,i:3
2025-04-27 17:18:15,929 - INFO - tree_node.f_best*ep:-2.1543874740600586,left_f_best-1.0471054315567017,right_f_best-2.1274359226226807,i:4
2025-04-27 17:18:22,204 - INFO - tree_node.f_best*ep:-2.1543874740600586,left_f_best-1.0823603868484497,right_f_best-2.155557870864868,i:5
2025-04-27 17:18:37,367 - INFO - 添加左子节点，右子节点，len(queue):7
2025-04-27 17:18:37,367 - INFO - Node 1: k=552.866283558504, f_best=-2.097618818283081, f_min=-3.124479007205082
2025-04-27 17:18:37,367 - INFO - Node 2: k=164.1464293616707, f_best=-0.9884905219078064, f_min=-3.1011775629503973
2025-04-27 17:18:37,367 - INFO - Node 3: k=339.3842830562688, f_best=-2.1148908138275146, f_min=-2.5403587427563252
2025-04-27 17:18:37,367 - INFO - Node 4: k=125.47417473418193, f_best=-1.0281122922897339, f_min=-2.960135253361841
2025-04-27 17:18:37,367 - INFO - Node 5: k=267.2875655151017, f_best=-2.121555805206299, f_min=-2.2467943732954154
2025-04-27 17:18:37,367 - INFO - Node 6: k=225.69160296499243, f_best=-1.0355244874954224, f_min=-1.907966958598081
2025-04-27 17:18:37,367 - INFO - Node 7: k=227.94851899464234, f_best=-2.1269664764404297, f_min=-2.305566886093402
2025-04-27 17:18:37,367 - INFO - Node 8: k=278.14051249815253, f_best=-1.0401026010513306, f_min=-4.424809189768894
2025-04-27 17:18:37,367 - INFO - Node 9: k=184.96430521151984, f_best=-2.1440746784210205, f_min=-2.3406672018427344
2025-04-27 17:18:37,367 - INFO - Node 10: k=237.20414293938597, f_best=-1.0643748044967651, f_min=-1.4104153762891656
2025-04-27 17:18:37,367 - INFO - Node 11: k=153.10233828133968, f_best=-2.1543874740600586, f_min=-2.643926212716906
2025-04-27 17:18:37,367 - INFO - Node 12: k=237.20414293938597, f_best=-1.0823603868484497, f_min=-3.2211857466163565
2025-04-27 17:18:37,367 - INFO - Node 13: k=117.03202817404936, f_best=-2.155557870864868, f_min=-2.331458691300668
2025-04-27 17:18:37,367 - INFO - cur_node_number 37,f_best -2.155557870864868,f_min -2.331458691300668,k 117.03202817404936
2025-04-27 17:18:37,367 - INFO - f_best_current -2.155557870864868,f_min -2.331458691300668
2025-04-27 17:18:42,594 - INFO - tree_node.f_best*ep:-2.155557870864868,left_f_best-1.0275057554244995,right_f_best-2.1346192359924316,i:1
2025-04-27 17:18:48,029 - INFO - tree_node.f_best*ep:-2.155557870864868,left_f_best-1.0137337446212769,right_f_best-2.11763858795166,i:2
2025-04-27 17:18:53,857 - INFO - tree_node.f_best*ep:-2.155557870864868,left_f_best-1.0263062715530396,right_f_best-2.152621030807495,i:3
2025-04-27 17:18:59,843 - INFO - tree_node.f_best*ep:-2.155557870864868,left_f_best-1.0633796453475952,right_f_best-2.1128079891204834,i:4
2025-04-27 17:19:06,237 - INFO - tree_node.f_best*ep:-2.155557870864868,left_f_best-1.0708476305007935,right_f_best-2.1599910259246826,i:5
2025-04-27 17:19:23,251 - INFO - 添加左子节点，右子节点，len(queue):8
2025-04-27 17:19:23,251 - INFO - Node 1: k=552.866283558504, f_best=-2.097618818283081, f_min=-3.124479007205082
2025-04-27 17:19:23,251 - INFO - Node 2: k=164.1464293616707, f_best=-0.9884905219078064, f_min=-3.1011775629503973
2025-04-27 17:19:23,251 - INFO - Node 3: k=339.3842830562688, f_best=-2.1148908138275146, f_min=-2.5403587427563252
2025-04-27 17:19:23,251 - INFO - Node 4: k=125.47417473418193, f_best=-1.0281122922897339, f_min=-2.960135253361841
2025-04-27 17:19:23,251 - INFO - Node 5: k=267.2875655151017, f_best=-2.121555805206299, f_min=-2.2467943732954154
2025-04-27 17:19:23,251 - INFO - Node 6: k=225.69160296499243, f_best=-1.0355244874954224, f_min=-1.907966958598081
2025-04-27 17:19:23,251 - INFO - Node 7: k=227.94851899464234, f_best=-2.1269664764404297, f_min=-2.305566886093402
2025-04-27 17:19:23,251 - INFO - Node 8: k=278.14051249815253, f_best=-1.0401026010513306, f_min=-4.424809189768894
2025-04-27 17:19:23,251 - INFO - Node 9: k=184.96430521151984, f_best=-2.1440746784210205, f_min=-2.3406672018427344
2025-04-27 17:19:23,251 - INFO - Node 10: k=237.20414293938597, f_best=-1.0643748044967651, f_min=-1.4104153762891656
2025-04-27 17:19:23,251 - INFO - Node 11: k=153.10233828133968, f_best=-2.1543874740600586, f_min=-2.643926212716906
2025-04-27 17:19:23,251 - INFO - Node 12: k=237.20414293938597, f_best=-1.0823603868484497, f_min=-3.2211857466163565
2025-04-27 17:19:23,251 - INFO - Node 13: k=117.03202817404936, f_best=-2.155557870864868, f_min=-2.331458691300668
2025-04-27 17:19:23,251 - INFO - Node 14: k=194.3993436870712, f_best=-1.0708476305007935, f_min=-1.3658115348844149
2025-04-27 17:19:23,251 - INFO - Node 15: k=267.2875655151017, f_best=-2.1599910259246826, f_min=-2.4422052537420313
2025-04-27 17:19:23,251 - INFO - cur_node_number 38,f_best -2.1599910259246826,f_min -2.4422052537420313,k 267.2875655151017
2025-04-27 17:19:23,251 - INFO - f_best_current -2.1599910259246826,f_min -2.4422052537420313
2025-04-27 17:19:23,251 - INFO - 回退,len(queue)=6
2025-04-27 17:19:23,251 - INFO - 回退,len(queue)=5
2025-04-27 17:19:23,251 - INFO - 回退,len(queue)=4
2025-04-27 17:19:23,251 - INFO - 回退,len(queue)=3
2025-04-27 17:19:28,525 - INFO - tree_node.f_best*ep:-2.1269664764404297,left_f_best-1.0112563371658325,right_f_best-2.0685291290283203,i:1
2025-04-27 17:19:34,005 - INFO - tree_node.f_best*ep:-2.1269664764404297,left_f_best-1.022225260734558,right_f_best-2.1343204975128174,i:2
2025-04-27 17:19:48,624 - INFO - 添加左子节点，右子节点，len(queue):5
2025-04-27 17:19:48,624 - INFO - Node 1: k=552.866283558504, f_best=-2.097618818283081, f_min=-3.124479007205082
2025-04-27 17:19:48,624 - INFO - Node 2: k=164.1464293616707, f_best=-0.9884905219078064, f_min=-3.1011775629503973
2025-04-27 17:19:48,624 - INFO - Node 3: k=339.3842830562688, f_best=-2.1148908138275146, f_min=-2.5403587427563252
2025-04-27 17:19:48,624 - INFO - Node 4: k=125.47417473418193, f_best=-1.0281122922897339, f_min=-2.960135253361841
2025-04-27 17:19:48,624 - INFO - Node 5: k=267.2875655151017, f_best=-2.121555805206299, f_min=-2.2467943732954154
2025-04-27 17:19:48,624 - INFO - Node 6: k=225.69160296499243, f_best=-1.0355244874954224, f_min=-1.907966958598081
2025-04-27 17:19:48,624 - INFO - Node 7: k=267.2875655151017, f_best=-2.1269664764404297, f_min=-2.305566886093402
2025-04-27 17:19:48,624 - INFO - Node 8: k=112.46547875022061, f_best=-1.022225260734558, f_min=-2.2807779097697676
2025-04-27 17:19:48,624 - INFO - Node 9: k=204.31566394795584, f_best=-2.1343204975128174, f_min=-2.8244510416952835
2025-04-27 17:19:48,624 - INFO - cur_node_number 39,f_best -2.1343204975128174,f_min -2.8244510416952835,k 204.31566394795584
2025-04-27 17:19:48,624 - INFO - f_best_current -2.1343204975128174,f_min -2.8244510416952835
2025-04-27 17:19:53,820 - INFO - tree_node.f_best*ep:-2.1343204975128174,left_f_best-1.0144175291061401,right_f_best-2.104250192642212,i:1
2025-04-27 17:19:59,332 - INFO - tree_node.f_best*ep:-2.1343204975128174,left_f_best-1.0109304189682007,right_f_best-2.139716863632202,i:2
2025-04-27 17:20:16,487 - INFO - 添加左子节点，右子节点，len(queue):6
2025-04-27 17:20:16,487 - INFO - Node 1: k=552.866283558504, f_best=-2.097618818283081, f_min=-3.124479007205082
2025-04-27 17:20:16,487 - INFO - Node 2: k=164.1464293616707, f_best=-0.9884905219078064, f_min=-3.1011775629503973
2025-04-27 17:20:16,487 - INFO - Node 3: k=339.3842830562688, f_best=-2.1148908138275146, f_min=-2.5403587427563252
2025-04-27 17:20:16,487 - INFO - Node 4: k=125.47417473418193, f_best=-1.0281122922897339, f_min=-2.960135253361841
2025-04-27 17:20:16,487 - INFO - Node 5: k=267.2875655151017, f_best=-2.121555805206299, f_min=-2.2467943732954154
2025-04-27 17:20:16,487 - INFO - Node 6: k=225.69160296499243, f_best=-1.0355244874954224, f_min=-1.907966958598081
2025-04-27 17:20:16,487 - INFO - Node 7: k=267.2875655151017, f_best=-2.1269664764404297, f_min=-2.305566886093402
2025-04-27 17:20:16,487 - INFO - Node 8: k=112.46547875022061, f_best=-1.022225260734558, f_min=-2.2807779097697676
2025-04-27 17:20:16,487 - INFO - Node 9: k=204.31566394795584, f_best=-2.1343204975128174, f_min=-2.8244510416952835
2025-04-27 17:20:16,487 - INFO - Node 10: k=232.53028422643465, f_best=-1.0109304189682007, f_min=-1.3005631620944769
2025-04-27 17:20:16,487 - INFO - Node 11: k=234.85558706869898, f_best=-2.139716863632202, f_min=-4.457089987780819
2025-04-27 17:20:16,487 - INFO - cur_node_number 40,f_best -2.139716863632202,f_min -4.457089987780819,k 234.85558706869898
2025-04-27 17:20:16,487 - INFO - f_best_current -2.139716863632202,f_min -4.457089987780819
2025-04-27 17:20:16,487 - INFO - 回退,len(queue)=4
2025-04-27 17:20:21,732 - INFO - tree_node.f_best*ep:-2.1343204975128174,left_f_best-0.9621104598045349,right_f_best-2.1111397743225098,i:1
2025-04-27 17:20:27,211 - INFO - tree_node.f_best*ep:-2.1343204975128174,left_f_best-1.0212265253067017,right_f_best-2.140918254852295,i:2
2025-04-27 17:20:45,495 - INFO - 添加左子节点，右子节点，len(queue):6
2025-04-27 17:20:45,495 - INFO - Node 1: k=552.866283558504, f_best=-2.097618818283081, f_min=-3.124479007205082
2025-04-27 17:20:45,495 - INFO - Node 2: k=164.1464293616707, f_best=-0.9884905219078064, f_min=-3.1011775629503973
2025-04-27 17:20:45,495 - INFO - Node 3: k=339.3842830562688, f_best=-2.1148908138275146, f_min=-2.5403587427563252
2025-04-27 17:20:45,495 - INFO - Node 4: k=125.47417473418193, f_best=-1.0281122922897339, f_min=-2.960135253361841
2025-04-27 17:20:45,495 - INFO - Node 5: k=267.2875655151017, f_best=-2.121555805206299, f_min=-2.2467943732954154
2025-04-27 17:20:45,495 - INFO - Node 6: k=225.69160296499243, f_best=-1.0355244874954224, f_min=-1.907966958598081
2025-04-27 17:20:45,495 - INFO - Node 7: k=267.2875655151017, f_best=-2.1269664764404297, f_min=-2.305566886093402
2025-04-27 17:20:45,495 - INFO - Node 8: k=112.46547875022061, f_best=-1.022225260734558, f_min=-2.2807779097697676
2025-04-27 17:20:45,495 - INFO - Node 9: k=234.85558706869898, f_best=-2.1343204975128174, f_min=-2.8244510416952835
2025-04-27 17:20:45,495 - INFO - Node 10: k=237.20414293938597, f_best=-1.0212265253067017, f_min=-1.3727489264811084
2025-04-27 17:20:45,495 - INFO - Node 11: k=353.1646458793284, f_best=-2.140918254852295, f_min=-2.2496643751837837
2025-04-27 17:20:45,495 - INFO - cur_node_number 41,f_best -2.140918254852295,f_min -2.2496643751837837,k 353.1646458793284
2025-04-27 17:20:45,495 - INFO - f_best_current -2.140918254852295,f_min -2.2496643751837837
2025-04-27 17:20:45,495 - INFO - 回退,len(queue)=4
2025-04-27 17:20:45,495 - INFO - 回退,len(queue)=3
2025-04-27 17:20:45,495 - INFO - 回退,len(queue)=2
2025-04-27 17:20:45,495 - INFO - 回退,len(queue)=1
2025-04-27 17:20:50,714 - INFO - tree_node.f_best*ep:-2.1148908138275146,left_f_best-0.9911755919456482,right_f_best-2.1214652061462402,i:1
2025-04-27 17:21:08,192 - INFO - 添加左子节点，右子节点，len(queue):3
2025-04-27 17:21:08,192 - INFO - Node 1: k=552.866283558504, f_best=-2.097618818283081, f_min=-3.124479007205082
2025-04-27 17:21:08,192 - INFO - Node 2: k=164.1464293616707, f_best=-0.9884905219078064, f_min=-3.1011775629503973
2025-04-27 17:21:08,192 - INFO - Node 3: k=353.1646458793284, f_best=-2.1148908138275146, f_min=-2.5403587427563252
2025-04-27 17:21:08,192 - INFO - Node 4: k=280.92191762313405, f_best=-0.9911755919456482, f_min=-1.4811522872441856
2025-04-27 17:21:08,192 - INFO - Node 5: k=256.85809678467575, f_best=-2.1214652061462402, f_min=-2.1307509025946274
2025-04-27 17:21:08,192 - INFO - cur_node_number 42,f_best -2.1214652061462402,f_min -2.1307509025946274,k 256.85809678467575
2025-04-27 17:21:08,192 - INFO - f_best_current -2.1214652061462402,f_min -2.1307509025946274
2025-04-27 17:21:08,192 - INFO - 结束,fmin= -2.1307509025946274, fbestmin=-2.1214652061462402
