2025-04-27 17:56:35,029 - INFO - Namespace(log_file='outputs/dnn1/img[7]/max/DNN1img7_label2.log', image_path='img[7].png', model_path='network/SimpleNN14.pth', label=2, init_epsilon=0.05, epsilon=0.01, ep=1, min=0)
2025-04-27 17:56:35,038 - INFO - Model output max(1): torch.return_types.max(
values=tensor([9.7064], grad_fn=<MaxBackward0>),
indices=tensor([7]))
2025-04-27 17:56:38,416 - INFO - cur_node_number 1,f_best -3.1888961791992188,f_min -8.673007786605012,k 314.6792589067825
2025-04-27 17:56:38,416 - INFO - f_best_current -3.1888961791992188,f_min -8.673007786605012
2025-04-27 17:56:43,717 - INFO - tree_node.f_best*ep:-3.1888961791992188,left_f_best-2.3639426231384277,right_f_best-3.1975045204162598,i:1
2025-04-27 17:57:01,036 - INFO - 添加左子节点，右子节点，len(queue):2
2025-04-27 17:57:01,036 - INFO - Node 1: k=314.6792589067825, f_best=-3.1888961791992188, f_min=-8.673007786605012
2025-04-27 17:57:01,037 - INFO - Node 2: k=142.3553096054298, f_best=-2.3639426231384277, f_min=-5.659121342313938
2025-04-27 17:57:01,037 - INFO - Node 3: k=137.3754815374616, f_best=-3.1975045204162598, f_min=-4.565072117035925
2025-04-27 17:57:01,037 - INFO - cur_node_number 2,f_best -3.1975045204162598,f_min -4.565072117035925,k 137.3754815374616
2025-04-27 17:57:01,037 - INFO - f_best_current -3.1975045204162598,f_min -4.565072117035925
2025-04-27 17:57:06,316 - INFO - tree_node.f_best*ep:-3.1975045204162598,left_f_best-2.37455153465271,right_f_best-3.226318359375,i:1
2025-04-27 17:57:21,553 - INFO - 添加左子节点，右子节点，len(queue):3
2025-04-27 17:57:21,554 - INFO - Node 1: k=314.6792589067825, f_best=-3.1888961791992188, f_min=-8.673007786605012
2025-04-27 17:57:21,554 - INFO - Node 2: k=142.3553096054298, f_best=-2.3639426231384277, f_min=-5.659121342313938
2025-04-27 17:57:21,554 - INFO - Node 3: k=137.3754815374616, f_best=-3.1975045204162598, f_min=-4.565072117035925
2025-04-27 17:57:21,554 - INFO - Node 4: k=134.10514112693252, f_best=-2.37455153465271, f_min=-3.1983688198333766
2025-04-27 17:57:21,554 - INFO - Node 5: k=84.01191024828373, f_best=-3.226318359375, f_min=-3.9218182067079397
2025-04-27 17:57:21,554 - INFO - cur_node_number 3,f_best -3.226318359375,f_min -3.9218182067079397,k 84.01191024828373
2025-04-27 17:57:21,554 - INFO - f_best_current -3.226318359375,f_min -3.9218182067079397
2025-04-27 17:57:26,765 - INFO - tree_node.f_best*ep:-3.226318359375,left_f_best-2.3664674758911133,right_f_best-3.2023866176605225,i:1
2025-04-27 17:57:32,150 - INFO - tree_node.f_best*ep:-3.226318359375,left_f_best-2.370697498321533,right_f_best-3.2263987064361572,i:2
2025-04-27 17:57:47,293 - INFO - 添加左子节点，右子节点，len(queue):4
2025-04-27 17:57:47,293 - INFO - Node 1: k=314.6792589067825, f_best=-3.1888961791992188, f_min=-8.673007786605012
2025-04-27 17:57:47,293 - INFO - Node 2: k=142.3553096054298, f_best=-2.3639426231384277, f_min=-5.659121342313938
2025-04-27 17:57:47,293 - INFO - Node 3: k=137.3754815374616, f_best=-3.1975045204162598, f_min=-4.565072117035925
2025-04-27 17:57:47,293 - INFO - Node 4: k=134.10514112693252, f_best=-2.37455153465271, f_min=-3.1983688198333766
2025-04-27 17:57:47,294 - INFO - Node 5: k=84.01191024828373, f_best=-3.226318359375, f_min=-3.9218182067079397
2025-04-27 17:57:47,294 - INFO - Node 6: k=123.84384787934488, f_best=-2.370697498321533, f_min=-3.8757709318815614
2025-04-27 17:57:47,294 - INFO - Node 7: k=90.97286036497847, f_best=-3.2263987064361572, f_min=-3.3485402353380778
2025-04-27 17:57:47,294 - INFO - cur_node_number 4,f_best -3.2263987064361572,f_min -3.3485402353380778,k 90.97286036497847
2025-04-27 17:57:47,294 - INFO - f_best_current -3.2263987064361572,f_min -3.3485402353380778
2025-04-27 17:57:47,294 - INFO - 回退,len(queue)=2
2025-04-27 17:57:52,397 - INFO - tree_node.f_best*ep:-3.226318359375,left_f_best-2.3801536560058594,right_f_best-3.2146148681640625,i:1
2025-04-27 17:57:57,615 - INFO - tree_node.f_best*ep:-3.226318359375,left_f_best-2.3779613971710205,right_f_best-3.239055633544922,i:2
2025-04-27 17:58:15,723 - INFO - 添加左子节点，右子节点，len(queue):4
2025-04-27 17:58:15,723 - INFO - Node 1: k=314.6792589067825, f_best=-3.1888961791992188, f_min=-8.673007786605012
2025-04-27 17:58:15,723 - INFO - Node 2: k=142.3553096054298, f_best=-2.3639426231384277, f_min=-5.659121342313938
2025-04-27 17:58:15,723 - INFO - Node 3: k=137.3754815374616, f_best=-3.1975045204162598, f_min=-4.565072117035925
2025-04-27 17:58:15,723 - INFO - Node 4: k=134.10514112693252, f_best=-2.37455153465271, f_min=-3.1983688198333766
2025-04-27 17:58:15,723 - INFO - Node 5: k=90.97286036497847, f_best=-3.226318359375, f_min=-3.9218182067079397
2025-04-27 17:58:15,723 - INFO - Node 6: k=170.2779442351285, f_best=-2.3779613971710205, f_min=-3.0214327540206796
2025-04-27 17:58:15,723 - INFO - Node 7: k=120.20161863314203, f_best=-3.239055633544922, f_min=-4.34524156642874
2025-04-27 17:58:15,724 - INFO - cur_node_number 5,f_best -3.239055633544922,f_min -4.34524156642874,k 120.20161863314203
2025-04-27 17:58:15,724 - INFO - f_best_current -3.239055633544922,f_min -4.34524156642874
2025-04-27 17:58:15,724 - INFO - 回退,len(queue)=2
2025-04-27 17:58:21,545 - INFO - tree_node.f_best*ep:-3.226318359375,left_f_best-2.377124786376953,right_f_best-3.222930431365967,i:1
2025-04-27 17:58:27,690 - INFO - tree_node.f_best*ep:-3.226318359375,left_f_best-2.369812250137329,right_f_best-3.233844518661499,i:2
2025-04-27 17:58:49,012 - INFO - 添加左子节点，右子节点，len(queue):4
2025-04-27 17:58:49,012 - INFO - Node 1: k=314.6792589067825, f_best=-3.1888961791992188, f_min=-8.673007786605012
2025-04-27 17:58:49,012 - INFO - Node 2: k=142.3553096054298, f_best=-2.3639426231384277, f_min=-5.659121342313938
2025-04-27 17:58:49,012 - INFO - Node 3: k=137.3754815374616, f_best=-3.1975045204162598, f_min=-4.565072117035925
2025-04-27 17:58:49,012 - INFO - Node 4: k=134.10514112693252, f_best=-2.37455153465271, f_min=-3.1983688198333766
2025-04-27 17:58:49,012 - INFO - Node 5: k=120.20161863314203, f_best=-3.226318359375, f_min=-3.9218182067079397
2025-04-27 17:58:49,012 - INFO - Node 6: k=122.61767116766819, f_best=-2.369812250137329, f_min=-2.512220600897763
2025-04-27 17:58:49,012 - INFO - Node 7: k=172.70337501670434, f_best=-3.233844518661499, f_min=-4.431320634106669
2025-04-27 17:58:49,012 - INFO - cur_node_number 6,f_best -3.233844518661499,f_min -4.431320634106669,k 172.70337501670434
2025-04-27 17:58:49,012 - INFO - f_best_current -3.233844518661499,f_min -4.431320634106669
2025-04-27 17:58:49,012 - INFO - 回退,len(queue)=2
2025-04-27 17:58:49,014 - INFO - 回退,len(queue)=1
2025-04-27 17:58:55,945 - INFO - tree_node.f_best*ep:-3.1975045204162598,left_f_best-2.359638214111328,right_f_best-3.2306101322174072,i:1
2025-04-27 17:59:15,332 - INFO - 添加左子节点，右子节点，len(queue):3
2025-04-27 17:59:15,332 - INFO - Node 1: k=314.6792589067825, f_best=-3.1888961791992188, f_min=-8.673007786605012
2025-04-27 17:59:15,332 - INFO - Node 2: k=142.3553096054298, f_best=-2.3639426231384277, f_min=-5.659121342313938
2025-04-27 17:59:15,332 - INFO - Node 3: k=172.70337501670434, f_best=-3.1975045204162598, f_min=-4.565072117035925
2025-04-27 17:59:15,332 - INFO - Node 4: k=105.61666666494985, f_best=-2.359638214111328, f_min=-2.987030652876001
2025-04-27 17:59:15,332 - INFO - Node 5: k=96.97530302872664, f_best=-3.2306101322174072, f_min=-4.063194042806572
2025-04-27 17:59:15,332 - INFO - cur_node_number 7,f_best -3.2306101322174072,f_min -4.063194042806572,k 96.97530302872664
2025-04-27 17:59:15,332 - INFO - f_best_current -3.2306101322174072,f_min -4.063194042806572
2025-04-27 17:59:22,470 - INFO - tree_node.f_best*ep:-3.2306101322174072,left_f_best-2.340458869934082,right_f_best-3.227292060852051,i:1
2025-04-27 17:59:29,933 - INFO - tree_node.f_best*ep:-3.2306101322174072,left_f_best-2.3993704319000244,right_f_best-3.239128589630127,i:2
2025-04-27 17:59:50,767 - INFO - 添加左子节点，右子节点，len(queue):4
2025-04-27 17:59:50,767 - INFO - Node 1: k=314.6792589067825, f_best=-3.1888961791992188, f_min=-8.673007786605012
2025-04-27 17:59:50,767 - INFO - Node 2: k=142.3553096054298, f_best=-2.3639426231384277, f_min=-5.659121342313938
2025-04-27 17:59:50,767 - INFO - Node 3: k=172.70337501670434, f_best=-3.1975045204162598, f_min=-4.565072117035925
2025-04-27 17:59:50,767 - INFO - Node 4: k=105.61666666494985, f_best=-2.359638214111328, f_min=-2.987030652876001
2025-04-27 17:59:50,767 - INFO - Node 5: k=96.97530302872664, f_best=-3.2306101322174072, f_min=-4.063194042806572
2025-04-27 17:59:50,767 - INFO - Node 6: k=115.51139288146894, f_best=-2.3993704319000244, f_min=-7.978765778767411
2025-04-27 17:59:50,767 - INFO - Node 7: k=146.66881784178392, f_best=-3.239128589630127, f_min=-4.339609279286378
2025-04-27 17:59:50,767 - INFO - cur_node_number 8,f_best -3.239128589630127,f_min -4.339609279286378,k 146.66881784178392
2025-04-27 17:59:50,767 - INFO - f_best_current -3.239128589630127,f_min -4.339609279286378
2025-04-27 17:59:50,767 - INFO - 回退,len(queue)=2
2025-04-27 17:59:57,969 - INFO - tree_node.f_best*ep:-3.2306101322174072,left_f_best-2.360879898071289,right_f_best-3.21197509765625,i:1
2025-04-27 18:00:05,565 - INFO - tree_node.f_best*ep:-3.2306101322174072,left_f_best-2.3969595432281494,right_f_best-3.2112622261047363,i:2
2025-04-27 18:00:13,051 - INFO - tree_node.f_best*ep:-3.2306101322174072,left_f_best-2.393122434616089,right_f_best-3.2438883781433105,i:3
2025-04-27 18:00:36,077 - INFO - 添加左子节点，右子节点，len(queue):4
2025-04-27 18:00:36,077 - INFO - Node 1: k=314.6792589067825, f_best=-3.1888961791992188, f_min=-8.673007786605012
2025-04-27 18:00:36,077 - INFO - Node 2: k=142.3553096054298, f_best=-2.3639426231384277, f_min=-5.659121342313938
2025-04-27 18:00:36,077 - INFO - Node 3: k=172.70337501670434, f_best=-3.1975045204162598, f_min=-4.565072117035925
2025-04-27 18:00:36,077 - INFO - Node 4: k=105.61666666494985, f_best=-2.359638214111328, f_min=-2.987030652876001
2025-04-27 18:00:36,077 - INFO - Node 5: k=146.66881784178392, f_best=-3.2306101322174072, f_min=-4.063194042806572
2025-04-27 18:00:36,077 - INFO - Node 6: k=141.53809600352824, f_best=-2.393122434616089, f_min=-5.264473542020369
2025-04-27 18:00:36,077 - INFO - Node 7: k=166.92279603482845, f_best=-3.2438883781433105, f_min=-4.428748326740788
2025-04-27 18:00:36,077 - INFO - cur_node_number 9,f_best -3.2438883781433105,f_min -4.428748326740788,k 166.92279603482845
2025-04-27 18:00:36,077 - INFO - f_best_current -3.2438883781433105,f_min -4.428748326740788
2025-04-27 18:00:36,077 - INFO - 回退,len(queue)=2
2025-04-27 18:00:43,187 - INFO - tree_node.f_best*ep:-3.2306101322174072,left_f_best-2.3717823028564453,right_f_best-3.227837562561035,i:1
2025-04-27 18:00:50,638 - INFO - tree_node.f_best*ep:-3.2306101322174072,left_f_best-2.391265392303467,right_f_best-3.2285895347595215,i:2
2025-04-27 18:00:58,261 - INFO - tree_node.f_best*ep:-3.2306101322174072,left_f_best-2.3948349952697754,right_f_best-3.2381443977355957,i:3
2025-04-27 18:01:20,306 - INFO - 添加左子节点，右子节点，len(queue):4
2025-04-27 18:01:20,306 - INFO - Node 1: k=314.6792589067825, f_best=-3.1888961791992188, f_min=-8.673007786605012
2025-04-27 18:01:20,306 - INFO - Node 2: k=142.3553096054298, f_best=-2.3639426231384277, f_min=-5.659121342313938
2025-04-27 18:01:20,306 - INFO - Node 3: k=172.70337501670434, f_best=-3.1975045204162598, f_min=-4.565072117035925
2025-04-27 18:01:20,306 - INFO - Node 4: k=105.61666666494985, f_best=-2.359638214111328, f_min=-2.987030652876001
2025-04-27 18:01:20,306 - INFO - Node 5: k=166.92279603482845, f_best=-3.2306101322174072, f_min=-4.063194042806572
2025-04-27 18:01:20,306 - INFO - Node 6: k=136.80065446358387, f_best=-2.3948349952697754, f_min=-4.458522870279012
2025-04-27 18:01:20,306 - INFO - Node 7: k=157.24882465991993, f_best=-3.2381443977355957, f_min=-3.975699309889933
2025-04-27 18:01:20,306 - INFO - cur_node_number 10,f_best -3.2381443977355957,f_min -3.975699309889933,k 157.24882465991993
2025-04-27 18:01:20,306 - INFO - f_best_current -3.2381443977355957,f_min -3.975699309889933
2025-04-27 18:01:27,366 - INFO - tree_node.f_best*ep:-3.2381443977355957,left_f_best-2.36820387840271,right_f_best-3.234731674194336,i:1
2025-04-27 18:01:34,737 - INFO - tree_node.f_best*ep:-3.2381443977355957,left_f_best-2.395890474319458,right_f_best-3.2316293716430664,i:2
2025-04-27 18:01:42,530 - INFO - tree_node.f_best*ep:-3.2381443977355957,left_f_best-2.3980939388275146,right_f_best-3.250279664993286,i:3
2025-04-27 18:02:04,414 - INFO - 添加左子节点，右子节点，len(queue):5
2025-04-27 18:02:04,414 - INFO - Node 1: k=314.6792589067825, f_best=-3.1888961791992188, f_min=-8.673007786605012
2025-04-27 18:02:04,414 - INFO - Node 2: k=142.3553096054298, f_best=-2.3639426231384277, f_min=-5.659121342313938
2025-04-27 18:02:04,414 - INFO - Node 3: k=172.70337501670434, f_best=-3.1975045204162598, f_min=-4.565072117035925
2025-04-27 18:02:04,425 - INFO - Node 4: k=105.61666666494985, f_best=-2.359638214111328, f_min=-2.987030652876001
2025-04-27 18:02:04,425 - INFO - Node 5: k=166.92279603482845, f_best=-3.2306101322174072, f_min=-4.063194042806572
2025-04-27 18:02:04,425 - INFO - Node 6: k=136.80065446358387, f_best=-2.3948349952697754, f_min=-4.458522870279012
2025-04-27 18:02:04,425 - INFO - Node 7: k=157.24882465991993, f_best=-3.2381443977355957, f_min=-3.975699309889933
2025-04-27 18:02:04,425 - INFO - Node 8: k=93.19136011087122, f_best=-2.3980939388275146, f_min=-2.410411214191754
2025-04-27 18:02:04,425 - INFO - Node 9: k=220.55358257021814, f_best=-3.250279664993286, f_min=-4.022812092354798
2025-04-27 18:02:04,425 - INFO - cur_node_number 11,f_best -3.250279664993286,f_min -4.022812092354798,k 220.55358257021814
2025-04-27 18:02:04,425 - INFO - f_best_current -3.250279664993286,f_min -4.022812092354798
2025-04-27 18:02:04,425 - INFO - 回退,len(queue)=3
2025-04-27 18:02:04,425 - INFO - 回退,len(queue)=2
2025-04-27 18:02:04,425 - INFO - 回退,len(queue)=1
2025-04-27 18:02:11,694 - INFO - tree_node.f_best*ep:-3.1975045204162598,left_f_best-2.3881728649139404,right_f_best-3.213977813720703,i:1
2025-04-27 18:02:32,428 - INFO - 添加左子节点，右子节点，len(queue):3
2025-04-27 18:02:32,428 - INFO - Node 1: k=314.6792589067825, f_best=-3.1888961791992188, f_min=-8.673007786605012
2025-04-27 18:02:32,428 - INFO - Node 2: k=142.3553096054298, f_best=-2.3639426231384277, f_min=-5.659121342313938
2025-04-27 18:02:32,428 - INFO - Node 3: k=220.55358257021814, f_best=-3.1975045204162598, f_min=-4.565072117035925
2025-04-27 18:02:32,428 - INFO - Node 4: k=99.4956775951478, f_best=-2.3881728649139404, f_min=-2.7266189584261156
2025-04-27 18:02:32,428 - INFO - Node 5: k=140.94585109448494, f_best=-3.213977813720703, f_min=-3.6500975172357357
2025-04-27 18:02:32,428 - INFO - cur_node_number 12,f_best -3.213977813720703,f_min -3.6500975172357357,k 140.94585109448494
2025-04-27 18:02:32,428 - INFO - f_best_current -3.213977813720703,f_min -3.6500975172357357
2025-04-27 18:02:39,422 - INFO - tree_node.f_best*ep:-3.213977813720703,left_f_best-2.3650059700012207,right_f_best-3.2319579124450684,i:1
2025-04-27 18:03:03,134 - INFO - 添加左子节点，右子节点，len(queue):4
2025-04-27 18:03:03,134 - INFO - Node 1: k=314.6792589067825, f_best=-3.1888961791992188, f_min=-8.673007786605012
2025-04-27 18:03:03,134 - INFO - Node 2: k=142.3553096054298, f_best=-2.3639426231384277, f_min=-5.659121342313938
2025-04-27 18:03:03,134 - INFO - Node 3: k=220.55358257021814, f_best=-3.1975045204162598, f_min=-4.565072117035925
2025-04-27 18:03:03,134 - INFO - Node 4: k=99.4956775951478, f_best=-2.3881728649139404, f_min=-2.7266189584261156
2025-04-27 18:03:03,134 - INFO - Node 5: k=140.94585109448494, f_best=-3.213977813720703, f_min=-3.6500975172357357
2025-04-27 18:03:03,134 - INFO - Node 6: k=186.23047987292898, f_best=-2.3650059700012207, f_min=-2.398840671641665
2025-04-27 18:03:03,134 - INFO - Node 7: k=151.11302969120783, f_best=-3.2319579124450684, f_min=-4.1917595051509124
2025-04-27 18:03:03,134 - INFO - cur_node_number 13,f_best -3.2319579124450684,f_min -4.1917595051509124,k 151.11302969120783
2025-04-27 18:03:03,134 - INFO - f_best_current -3.2319579124450684,f_min -4.1917595051509124
2025-04-27 18:03:03,134 - INFO - 回退,len(queue)=2
2025-04-27 18:03:09,972 - INFO - tree_node.f_best*ep:-3.213977813720703,left_f_best-2.3699097633361816,right_f_best-3.207836627960205,i:1
2025-04-27 18:03:17,413 - INFO - tree_node.f_best*ep:-3.213977813720703,left_f_best-2.4052627086639404,right_f_best-3.2437424659729004,i:2
2025-04-27 18:03:42,007 - INFO - 添加左子节点，右子节点，len(queue):4
2025-04-27 18:03:42,007 - INFO - Node 1: k=314.6792589067825, f_best=-3.1888961791992188, f_min=-8.673007786605012
2025-04-27 18:03:42,007 - INFO - Node 2: k=142.3553096054298, f_best=-2.3639426231384277, f_min=-5.659121342313938
2025-04-27 18:03:42,007 - INFO - Node 3: k=220.55358257021814, f_best=-3.1975045204162598, f_min=-4.565072117035925
2025-04-27 18:03:42,007 - INFO - Node 4: k=99.4956775951478, f_best=-2.3881728649139404, f_min=-2.7266189584261156
2025-04-27 18:03:42,007 - INFO - Node 5: k=151.11302969120783, f_best=-3.213977813720703, f_min=-3.6500975172357357
2025-04-27 18:03:42,007 - INFO - Node 6: k=145.21665132849893, f_best=-2.4052627086639404, f_min=-3.465492704542612
2025-04-27 18:03:42,007 - INFO - Node 7: k=217.11629621496095, f_best=-3.2437424659729004, f_min=-5.654977783262439
2025-04-27 18:03:42,007 - INFO - cur_node_number 14,f_best -3.2437424659729004,f_min -5.654977783262439,k 217.11629621496095
2025-04-27 18:03:42,007 - INFO - f_best_current -3.2437424659729004,f_min -5.654977783262439
2025-04-27 18:03:42,007 - INFO - 回退,len(queue)=2
2025-04-27 18:03:49,066 - INFO - tree_node.f_best*ep:-3.213977813720703,left_f_best-2.3692617416381836,right_f_best-3.210540294647217,i:1
2025-04-27 18:03:56,366 - INFO - tree_node.f_best*ep:-3.213977813720703,left_f_best-2.3817367553710938,right_f_best-3.2512264251708984,i:2
2025-04-27 18:04:18,059 - INFO - 添加左子节点，右子节点，len(queue):4
2025-04-27 18:04:18,059 - INFO - Node 1: k=314.6792589067825, f_best=-3.1888961791992188, f_min=-8.673007786605012
2025-04-27 18:04:18,059 - INFO - Node 2: k=142.3553096054298, f_best=-2.3639426231384277, f_min=-5.659121342313938
2025-04-27 18:04:18,059 - INFO - Node 3: k=220.55358257021814, f_best=-3.1975045204162598, f_min=-4.565072117035925
2025-04-27 18:04:18,059 - INFO - Node 4: k=99.4956775951478, f_best=-2.3881728649139404, f_min=-2.7266189584261156
2025-04-27 18:04:18,059 - INFO - Node 5: k=217.11629621496095, f_best=-3.213977813720703, f_min=-3.6500975172357357
2025-04-27 18:04:18,059 - INFO - Node 6: k=177.19191158563115, f_best=-2.3817367553710938, f_min=-2.4299730820011973
2025-04-27 18:04:18,059 - INFO - Node 7: k=109.90512685438014, f_best=-3.2512264251708984, f_min=-4.595060698657562
2025-04-27 18:04:18,059 - INFO - cur_node_number 15,f_best -3.2512264251708984,f_min -4.595060698657562,k 109.90512685438014
2025-04-27 18:04:18,059 - INFO - f_best_current -3.2512264251708984,f_min -4.595060698657562
2025-04-27 18:04:25,353 - INFO - tree_node.f_best*ep:-3.2512264251708984,left_f_best-2.3700757026672363,right_f_best-3.216315984725952,i:1
2025-04-27 18:04:32,776 - INFO - tree_node.f_best*ep:-3.2512264251708984,left_f_best-2.4039838314056396,right_f_best-3.210052251815796,i:2
2025-04-27 18:04:40,615 - INFO - tree_node.f_best*ep:-3.2512264251708984,left_f_best-2.3846499919891357,right_f_best-3.2285399436950684,i:3
2025-04-27 18:04:48,768 - INFO - tree_node.f_best*ep:-3.2512264251708984,left_f_best-2.4048960208892822,right_f_best-3.241408586502075,i:4
2025-04-27 18:04:57,451 - INFO - tree_node.f_best*ep:-3.2512264251708984,left_f_best-2.4011495113372803,right_f_best-3.242873191833496,i:5
2025-04-27 18:05:06,248 - INFO - tree_node.f_best*ep:-3.2512264251708984,left_f_best-2.415005922317505,right_f_best-3.258816719055176,i:6
2025-04-27 18:05:29,944 - INFO - 添加左子节点，右子节点，len(queue):5
2025-04-27 18:05:29,944 - INFO - Node 1: k=314.6792589067825, f_best=-3.1888961791992188, f_min=-8.673007786605012
2025-04-27 18:05:29,944 - INFO - Node 2: k=142.3553096054298, f_best=-2.3639426231384277, f_min=-5.659121342313938
2025-04-27 18:05:29,944 - INFO - Node 3: k=220.55358257021814, f_best=-3.1975045204162598, f_min=-4.565072117035925
2025-04-27 18:05:29,944 - INFO - Node 4: k=99.4956775951478, f_best=-2.3881728649139404, f_min=-2.7266189584261156
2025-04-27 18:05:29,944 - INFO - Node 5: k=217.11629621496095, f_best=-3.213977813720703, f_min=-3.6500975172357357
2025-04-27 18:05:29,944 - INFO - Node 6: k=177.19191158563115, f_best=-2.3817367553710938, f_min=-2.4299730820011973
2025-04-27 18:05:29,944 - INFO - Node 7: k=109.90512685438014, f_best=-3.2512264251708984, f_min=-4.595060698657562
2025-04-27 18:05:29,944 - INFO - Node 8: k=193.7921841399942, f_best=-2.415005922317505, f_min=-5.845042431870752
2025-04-27 18:05:29,944 - INFO - Node 9: k=135.44619253820184, f_best=-3.258816719055176, f_min=-4.846080097712274
2025-04-27 18:05:29,944 - INFO - cur_node_number 16,f_best -3.258816719055176,f_min -4.846080097712274,k 135.44619253820184
2025-04-27 18:05:29,944 - INFO - f_best_current -3.258816719055176,f_min -4.846080097712274
2025-04-27 18:05:29,944 - INFO - 回退,len(queue)=3
2025-04-27 18:05:37,127 - INFO - tree_node.f_best*ep:-3.2512264251708984,left_f_best-2.3942172527313232,right_f_best-3.2268006801605225,i:1
2025-04-27 18:05:44,579 - INFO - tree_node.f_best*ep:-3.2512264251708984,left_f_best-2.394557237625122,right_f_best-3.235729217529297,i:2
2025-04-27 18:05:52,452 - INFO - tree_node.f_best*ep:-3.2512264251708984,left_f_best-2.3961069583892822,right_f_best-3.2444729804992676,i:3
2025-04-27 18:06:00,658 - INFO - tree_node.f_best*ep:-3.2512264251708984,left_f_best-2.413572311401367,right_f_best-3.2464728355407715,i:4
2025-04-27 18:06:09,254 - INFO - tree_node.f_best*ep:-3.2512264251708984,left_f_best-2.40865421295166,right_f_best-3.256484270095825,i:5
2025-04-27 18:06:31,897 - INFO - 添加左子节点，右子节点，len(queue):5
2025-04-27 18:06:31,897 - INFO - Node 1: k=314.6792589067825, f_best=-3.1888961791992188, f_min=-8.673007786605012
2025-04-27 18:06:31,897 - INFO - Node 2: k=142.3553096054298, f_best=-2.3639426231384277, f_min=-5.659121342313938
2025-04-27 18:06:31,897 - INFO - Node 3: k=220.55358257021814, f_best=-3.1975045204162598, f_min=-4.565072117035925
2025-04-27 18:06:31,897 - INFO - Node 4: k=99.4956775951478, f_best=-2.3881728649139404, f_min=-2.7266189584261156
2025-04-27 18:06:31,897 - INFO - Node 5: k=217.11629621496095, f_best=-3.213977813720703, f_min=-3.6500975172357357
2025-04-27 18:06:31,897 - INFO - Node 6: k=177.19191158563115, f_best=-2.3817367553710938, f_min=-2.4299730820011973
2025-04-27 18:06:31,897 - INFO - Node 7: k=135.44619253820184, f_best=-3.2512264251708984, f_min=-4.595060698657562
2025-04-27 18:06:31,897 - INFO - Node 8: k=163.63375750889958, f_best=-2.40865421295166, f_min=-2.7122548397665014
2025-04-27 18:06:31,897 - INFO - Node 9: k=153.26547635925152, f_best=-3.256484270095825, f_min=-4.203548783600127
2025-04-27 18:06:31,897 - INFO - cur_node_number 17,f_best -3.256484270095825,f_min -4.203548783600127,k 153.26547635925152
2025-04-27 18:06:31,897 - INFO - f_best_current -3.256484270095825,f_min -4.203548783600127
2025-04-27 18:06:31,897 - INFO - 回退,len(queue)=3
2025-04-27 18:06:39,125 - INFO - tree_node.f_best*ep:-3.2512264251708984,left_f_best-2.37735652923584,right_f_best-3.2115323543548584,i:1
2025-04-27 18:06:46,513 - INFO - tree_node.f_best*ep:-3.2512264251708984,left_f_best-2.3856868743896484,right_f_best-3.2379157543182373,i:2
2025-04-27 18:06:54,571 - INFO - tree_node.f_best*ep:-3.2512264251708984,left_f_best-2.393026351928711,right_f_best-3.2437572479248047,i:3
2025-04-27 18:07:02,832 - INFO - tree_node.f_best*ep:-3.2512264251708984,left_f_best-2.401414394378662,right_f_best-3.2515316009521484,i:4
2025-04-27 18:07:25,794 - INFO - 添加左子节点，右子节点，len(queue):5
2025-04-27 18:07:25,794 - INFO - Node 1: k=314.6792589067825, f_best=-3.1888961791992188, f_min=-8.673007786605012
2025-04-27 18:07:25,794 - INFO - Node 2: k=142.3553096054298, f_best=-2.3639426231384277, f_min=-5.659121342313938
2025-04-27 18:07:25,794 - INFO - Node 3: k=220.55358257021814, f_best=-3.1975045204162598, f_min=-4.565072117035925
2025-04-27 18:07:25,794 - INFO - Node 4: k=99.4956775951478, f_best=-2.3881728649139404, f_min=-2.7266189584261156
2025-04-27 18:07:25,794 - INFO - Node 5: k=217.11629621496095, f_best=-3.213977813720703, f_min=-3.6500975172357357
2025-04-27 18:07:25,794 - INFO - Node 6: k=177.19191158563115, f_best=-2.3817367553710938, f_min=-2.4299730820011973
2025-04-27 18:07:25,794 - INFO - Node 7: k=153.26547635925152, f_best=-3.2512264251708984, f_min=-4.595060698657562
2025-04-27 18:07:25,794 - INFO - Node 8: k=182.56100369858737, f_best=-2.401414394378662, f_min=-3.6546232485270593
2025-04-27 18:07:25,794 - INFO - Node 9: k=151.74799639529854, f_best=-3.2515316009521484, f_min=-4.026429942212417
2025-04-27 18:07:25,794 - INFO - cur_node_number 18,f_best -3.2515316009521484,f_min -4.026429942212417,k 151.74799639529854
2025-04-27 18:07:25,794 - INFO - f_best_current -3.2515316009521484,f_min -4.026429942212417
2025-04-27 18:07:32,962 - INFO - tree_node.f_best*ep:-3.2515316009521484,left_f_best-2.363384485244751,right_f_best-3.2258400917053223,i:1
2025-04-27 18:07:40,257 - INFO - tree_node.f_best*ep:-3.2515316009521484,left_f_best-2.3907928466796875,right_f_best-3.2336788177490234,i:2
2025-04-27 18:07:47,863 - INFO - tree_node.f_best*ep:-3.2515316009521484,left_f_best-2.3890814781188965,right_f_best-3.2177157402038574,i:3
2025-04-27 18:07:56,145 - INFO - tree_node.f_best*ep:-3.2515316009521484,left_f_best-2.406024217605591,right_f_best-3.25490140914917,i:4
2025-04-27 18:08:18,135 - INFO - 添加左子节点，右子节点，len(queue):6
2025-04-27 18:08:18,135 - INFO - Node 1: k=314.6792589067825, f_best=-3.1888961791992188, f_min=-8.673007786605012
2025-04-27 18:08:18,135 - INFO - Node 2: k=142.3553096054298, f_best=-2.3639426231384277, f_min=-5.659121342313938
2025-04-27 18:08:18,135 - INFO - Node 3: k=220.55358257021814, f_best=-3.1975045204162598, f_min=-4.565072117035925
2025-04-27 18:08:18,135 - INFO - Node 4: k=99.4956775951478, f_best=-2.3881728649139404, f_min=-2.7266189584261156
2025-04-27 18:08:18,135 - INFO - Node 5: k=217.11629621496095, f_best=-3.213977813720703, f_min=-3.6500975172357357
2025-04-27 18:08:18,135 - INFO - Node 6: k=177.19191158563115, f_best=-2.3817367553710938, f_min=-2.4299730820011973
2025-04-27 18:08:18,135 - INFO - Node 7: k=153.26547635925152, f_best=-3.2512264251708984, f_min=-4.595060698657562
2025-04-27 18:08:18,135 - INFO - Node 8: k=182.56100369858737, f_best=-2.401414394378662, f_min=-3.6546232485270593
2025-04-27 18:08:18,135 - INFO - Node 9: k=151.74799639529854, f_best=-3.2515316009521484, f_min=-4.026429942212417
2025-04-27 18:08:18,135 - INFO - Node 10: k=170.2779442351285, f_best=-2.406024217605591, f_min=-3.0688235203297154
2025-04-27 18:08:18,135 - INFO - Node 11: k=102.94123827563152, f_best=-3.25490140914917, f_min=-3.7564507288693676
2025-04-27 18:08:18,135 - INFO - cur_node_number 19,f_best -3.25490140914917,f_min -3.7564507288693676,k 102.94123827563152
2025-04-27 18:08:18,135 - INFO - f_best_current -3.25490140914917,f_min -3.7564507288693676
2025-04-27 18:08:25,115 - INFO - tree_node.f_best*ep:-3.25490140914917,left_f_best-2.3713583946228027,right_f_best-3.222381830215454,i:1
2025-04-27 18:08:32,361 - INFO - tree_node.f_best*ep:-3.25490140914917,left_f_best-2.3875770568847656,right_f_best-3.239048480987549,i:2
2025-04-27 18:08:40,233 - INFO - tree_node.f_best*ep:-3.25490140914917,left_f_best-2.39875864982605,right_f_best-3.2459774017333984,i:3
2025-04-27 18:08:48,547 - INFO - tree_node.f_best*ep:-3.25490140914917,left_f_best-2.40401029586792,right_f_best-3.244680643081665,i:4
2025-04-27 18:08:57,364 - INFO - tree_node.f_best*ep:-3.25490140914917,left_f_best-2.4021999835968018,right_f_best-3.249674081802368,i:5
2025-04-27 18:09:06,211 - INFO - tree_node.f_best*ep:-3.25490140914917,left_f_best-2.4210078716278076,right_f_best-3.2658283710479736,i:6
2025-04-27 18:09:27,539 - INFO - 添加左子节点，右子节点，len(queue):7
2025-04-27 18:09:27,539 - INFO - Node 1: k=314.6792589067825, f_best=-3.1888961791992188, f_min=-8.673007786605012
2025-04-27 18:09:27,539 - INFO - Node 2: k=142.3553096054298, f_best=-2.3639426231384277, f_min=-5.659121342313938
2025-04-27 18:09:27,539 - INFO - Node 3: k=220.55358257021814, f_best=-3.1975045204162598, f_min=-4.565072117035925
2025-04-27 18:09:27,539 - INFO - Node 4: k=99.4956775951478, f_best=-2.3881728649139404, f_min=-2.7266189584261156
2025-04-27 18:09:27,539 - INFO - Node 5: k=217.11629621496095, f_best=-3.213977813720703, f_min=-3.6500975172357357
2025-04-27 18:09:27,539 - INFO - Node 6: k=177.19191158563115, f_best=-2.3817367553710938, f_min=-2.4299730820011973
2025-04-27 18:09:27,539 - INFO - Node 7: k=153.26547635925152, f_best=-3.2512264251708984, f_min=-4.595060698657562
2025-04-27 18:09:27,539 - INFO - Node 8: k=182.56100369858737, f_best=-2.401414394378662, f_min=-3.6546232485270593
2025-04-27 18:09:27,539 - INFO - Node 9: k=151.74799639529854, f_best=-3.2515316009521484, f_min=-4.026429942212417
2025-04-27 18:09:27,539 - INFO - Node 10: k=170.2779442351285, f_best=-2.406024217605591, f_min=-3.0688235203297154
2025-04-27 18:09:27,539 - INFO - Node 11: k=102.94123827563152, f_best=-3.25490140914917, f_min=-3.7564507288693676
2025-04-27 18:09:27,539 - INFO - Node 12: k=143.7788627014841, f_best=-2.4210078716278076, f_min=-2.6437072414905742
2025-04-27 18:09:27,539 - INFO - Node 13: k=111.47061015242558, f_best=-3.2658283710479736, f_min=-3.5037632577718796
2025-04-27 18:09:27,539 - INFO - cur_node_number 20,f_best -3.2658283710479736,f_min -3.5037632577718796,k 111.47061015242558
2025-04-27 18:09:27,539 - INFO - f_best_current -3.2658283710479736,f_min -3.5037632577718796
2025-04-27 18:09:27,539 - INFO - 回退,len(queue)=5
2025-04-27 18:09:34,521 - INFO - tree_node.f_best*ep:-3.25490140914917,left_f_best-2.372246742248535,right_f_best-3.226884126663208,i:1
2025-04-27 18:09:42,079 - INFO - tree_node.f_best*ep:-3.25490140914917,left_f_best-2.402571201324463,right_f_best-3.23422908782959,i:2
2025-04-27 18:09:49,857 - INFO - tree_node.f_best*ep:-3.25490140914917,left_f_best-2.384791135787964,right_f_best-3.2350172996520996,i:3
2025-04-27 18:09:58,000 - INFO - tree_node.f_best*ep:-3.25490140914917,left_f_best-2.397251605987549,right_f_best-3.235044002532959,i:4
2025-04-27 18:10:06,767 - INFO - tree_node.f_best*ep:-3.25490140914917,left_f_best-2.4159085750579834,right_f_best-3.2605032920837402,i:5
2025-04-27 18:10:28,229 - INFO - 添加左子节点，右子节点，len(queue):7
2025-04-27 18:10:28,229 - INFO - Node 1: k=314.6792589067825, f_best=-3.1888961791992188, f_min=-8.673007786605012
2025-04-27 18:10:28,229 - INFO - Node 2: k=142.3553096054298, f_best=-2.3639426231384277, f_min=-5.659121342313938
2025-04-27 18:10:28,229 - INFO - Node 3: k=220.55358257021814, f_best=-3.1975045204162598, f_min=-4.565072117035925
2025-04-27 18:10:28,229 - INFO - Node 4: k=99.4956775951478, f_best=-2.3881728649139404, f_min=-2.7266189584261156
2025-04-27 18:10:28,229 - INFO - Node 5: k=217.11629621496095, f_best=-3.213977813720703, f_min=-3.6500975172357357
2025-04-27 18:10:28,229 - INFO - Node 6: k=177.19191158563115, f_best=-2.3817367553710938, f_min=-2.4299730820011973
2025-04-27 18:10:28,229 - INFO - Node 7: k=153.26547635925152, f_best=-3.2512264251708984, f_min=-4.595060698657562
2025-04-27 18:10:28,229 - INFO - Node 8: k=182.56100369858737, f_best=-2.401414394378662, f_min=-3.6546232485270593
2025-04-27 18:10:28,229 - INFO - Node 9: k=151.74799639529854, f_best=-3.2515316009521484, f_min=-4.026429942212417
2025-04-27 18:10:28,229 - INFO - Node 10: k=170.2779442351285, f_best=-2.406024217605591, f_min=-3.0688235203297154
2025-04-27 18:10:28,229 - INFO - Node 11: k=111.47061015242558, f_best=-3.25490140914917, f_min=-3.7564507288693676
2025-04-27 18:10:28,229 - INFO - Node 12: k=127.59644031393692, f_best=-2.4159085750579834, f_min=-3.043926927633038
2025-04-27 18:10:28,229 - INFO - Node 13: k=132.77736745240844, f_best=-3.2605032920837402, f_min=-4.08004920424537
2025-04-27 18:10:28,229 - INFO - cur_node_number 21,f_best -3.2605032920837402,f_min -4.08004920424537,k 132.77736745240844
2025-04-27 18:10:28,229 - INFO - f_best_current -3.2605032920837402,f_min -4.08004920424537
2025-04-27 18:10:28,229 - INFO - 回退,len(queue)=5
2025-04-27 18:10:35,210 - INFO - tree_node.f_best*ep:-3.25490140914917,left_f_best-2.375934600830078,right_f_best-3.20870304107666,i:1
2025-04-27 18:10:42,768 - INFO - tree_node.f_best*ep:-3.25490140914917,left_f_best-2.3837344646453857,right_f_best-3.2323687076568604,i:2
2025-04-27 18:10:50,642 - INFO - tree_node.f_best*ep:-3.25490140914917,left_f_best-2.3921079635620117,right_f_best-3.2522878646850586,i:3
2025-04-27 18:10:58,595 - INFO - tree_node.f_best*ep:-3.25490140914917,left_f_best-2.409191370010376,right_f_best-3.242124080657959,i:4
2025-04-27 18:11:06,876 - INFO - tree_node.f_best*ep:-3.25490140914917,left_f_best-2.398561477661133,right_f_best-3.2594974040985107,i:5
2025-04-27 18:11:29,253 - INFO - 添加左子节点，右子节点，len(queue):7
2025-04-27 18:11:29,253 - INFO - Node 1: k=314.6792589067825, f_best=-3.1888961791992188, f_min=-8.673007786605012
2025-04-27 18:11:29,253 - INFO - Node 2: k=142.3553096054298, f_best=-2.3639426231384277, f_min=-5.659121342313938
2025-04-27 18:11:29,253 - INFO - Node 3: k=220.55358257021814, f_best=-3.1975045204162598, f_min=-4.565072117035925
2025-04-27 18:11:29,253 - INFO - Node 4: k=99.4956775951478, f_best=-2.3881728649139404, f_min=-2.7266189584261156
2025-04-27 18:11:29,253 - INFO - Node 5: k=217.11629621496095, f_best=-3.213977813720703, f_min=-3.6500975172357357
2025-04-27 18:11:29,253 - INFO - Node 6: k=177.19191158563115, f_best=-2.3817367553710938, f_min=-2.4299730820011973
2025-04-27 18:11:29,253 - INFO - Node 7: k=153.26547635925152, f_best=-3.2512264251708984, f_min=-4.595060698657562
2025-04-27 18:11:29,253 - INFO - Node 8: k=182.56100369858737, f_best=-2.401414394378662, f_min=-3.6546232485270593
2025-04-27 18:11:29,253 - INFO - Node 9: k=151.74799639529854, f_best=-3.2515316009521484, f_min=-4.026429942212417
2025-04-27 18:11:29,253 - INFO - Node 10: k=170.2779442351285, f_best=-2.406024217605591, f_min=-3.0688235203297154
2025-04-27 18:11:29,253 - INFO - Node 11: k=132.77736745240844, f_best=-3.25490140914917, f_min=-3.7564507288693676
2025-04-27 18:11:29,253 - INFO - Node 12: k=141.53809600352824, f_best=-2.398561477661133, f_min=-2.4335448281290155
2025-04-27 18:11:29,253 - INFO - Node 13: k=102.94123827563152, f_best=-3.2594974040985107, f_min=-3.2608500461228687
2025-04-27 18:11:29,253 - INFO - cur_node_number 22,f_best -3.2594974040985107,f_min -3.2608500461228687,k 102.94123827563152
2025-04-27 18:11:29,253 - INFO - f_best_current -3.2594974040985107,f_min -3.2608500461228687
2025-04-27 18:11:29,253 - INFO - 结束,fmin= -3.2608500461228687, fbestmin=-3.2594974040985107
