2025-04-27 18:43:19,429 - INFO - Namespace(log_file='outputs/dnn1/img[7]/max/DNN1img7_label7.log', image_path='img[7].png', model_path='network/SimpleNN14.pth', label=7, init_epsilon=0.05, epsilon=0.01, ep=1, min=0)
2025-04-27 18:43:19,444 - INFO - Model output max(1): torch.return_types.max(
values=tensor([9.7064], grad_fn=<MaxBackward0>),
indices=tensor([7]))
2025-04-27 18:43:22,916 - INFO - cur_node_number 1,f_best -11.990789413452148,f_min -12.68859536306627,k 343.28646426194445
2025-04-27 18:43:22,916 - INFO - f_best_current -11.990789413452148,f_min -12.68859536306627
2025-04-27 18:43:29,328 - INFO - tree_node.f_best*ep:-11.990789413452148,left_f_best-11.371273040771484,right_f_best-12.008975982666016,i:1
2025-04-27 18:43:45,319 - INFO - 添加左子节点，右子节点，len(queue):2
2025-04-27 18:43:45,319 - INFO - Node 1: k=343.28646426194445, f_best=-11.990789413452148, f_min=-12.68859536306627
2025-04-27 18:43:45,319 - INFO - Node 2: k=86.55755514071697, f_best=-11.371273040771484, f_min=-11.427901229802501
2025-04-27 18:43:45,319 - INFO - Node 3: k=60.14994073791824, f_best=-12.008975982666016, f_min=-12.162493492526437
2025-04-27 18:43:45,319 - INFO - cur_node_number 2,f_best -12.008975982666016,f_min -12.162493492526437,k 60.14994073791824
2025-04-27 18:43:45,319 - INFO - f_best_current -12.008975982666016,f_min -12.162493492526437
2025-04-27 18:43:51,720 - INFO - tree_node.f_best*ep:-12.008975982666016,left_f_best-11.365278244018555,right_f_best-12.001871109008789,i:1
2025-04-27 18:43:58,446 - INFO - tree_node.f_best*ep:-12.008975982666016,left_f_best-11.373421669006348,right_f_best-12.016707420349121,i:2
2025-04-27 18:44:18,492 - INFO - 添加左子节点，右子节点，len(queue):3
2025-04-27 18:44:18,492 - INFO - Node 1: k=343.28646426194445, f_best=-11.990789413452148, f_min=-12.68859536306627
2025-04-27 18:44:18,492 - INFO - Node 2: k=86.55755514071697, f_best=-11.371273040771484, f_min=-11.427901229802501
2025-04-27 18:44:18,492 - INFO - Node 3: k=60.14994073791824, f_best=-12.008975982666016, f_min=-12.162493492526437
2025-04-27 18:44:18,492 - INFO - Node 4: k=178.96383070148747, f_best=-11.373421669006348, f_min=-13.221294374455283
2025-04-27 18:44:18,492 - INFO - Node 5: k=83.52962633511659, f_best=-12.016707420349121, f_min=-12.327352766161766
2025-04-27 18:44:18,492 - INFO - cur_node_number 3,f_best -12.016707420349121,f_min -12.327352766161766,k 83.52962633511659
2025-04-27 18:44:18,492 - INFO - f_best_current -12.016707420349121,f_min -12.327352766161766
2025-04-27 18:44:18,492 - INFO - 回退,len(queue)=1
2025-04-27 18:44:24,794 - INFO - tree_node.f_best*ep:-12.008975982666016,left_f_best-11.360160827636719,right_f_best-12.022063255310059,i:1
2025-04-27 18:44:42,123 - INFO - 添加左子节点，右子节点，len(queue):3
2025-04-27 18:44:42,123 - INFO - Node 1: k=343.28646426194445, f_best=-11.990789413452148, f_min=-12.68859536306627
2025-04-27 18:44:42,123 - INFO - Node 2: k=86.55755514071697, f_best=-11.371273040771484, f_min=-11.427901229802501
2025-04-27 18:44:42,123 - INFO - Node 3: k=83.52962633511659, f_best=-12.008975982666016, f_min=-12.162493492526437
2025-04-27 18:44:42,123 - INFO - Node 4: k=86.55755514071697, f_best=-11.360160827636719, f_min=-12.702102639823806
2025-04-27 18:44:42,123 - INFO - Node 5: k=117.83317187838647, f_best=-12.022063255310059, f_min=-12.71210064303932
2025-04-27 18:44:42,123 - INFO - cur_node_number 4,f_best -12.022063255310059,f_min -12.71210064303932,k 117.83317187838647
2025-04-27 18:44:42,123 - INFO - f_best_current -12.022063255310059,f_min -12.71210064303932
2025-04-27 18:44:42,123 - INFO - 回退,len(queue)=1
2025-04-27 18:44:48,696 - INFO - tree_node.f_best*ep:-12.008975982666016,left_f_best-11.3636474609375,right_f_best-12.002726554870605,i:1
2025-04-27 18:44:55,656 - INFO - tree_node.f_best*ep:-12.008975982666016,left_f_best-11.374567031860352,right_f_best-12.024081230163574,i:2
2025-04-27 18:45:16,027 - INFO - 添加左子节点，右子节点，len(queue):3
2025-04-27 18:45:16,027 - INFO - Node 1: k=343.28646426194445, f_best=-11.990789413452148, f_min=-12.68859536306627
2025-04-27 18:45:16,027 - INFO - Node 2: k=86.55755514071697, f_best=-11.371273040771484, f_min=-11.427901229802501
2025-04-27 18:45:16,027 - INFO - Node 3: k=117.83317187838647, f_best=-12.008975982666016, f_min=-12.162493492526437
2025-04-27 18:45:16,027 - INFO - Node 4: k=126.33310922171972, f_best=-11.374567031860352, f_min=-11.836345355845424
2025-04-27 18:45:16,027 - INFO - Node 5: k=129.41391782311794, f_best=-12.024081230163574, f_min=-15.598186481385255
2025-04-27 18:45:16,027 - INFO - cur_node_number 5,f_best -12.024081230163574,f_min -15.598186481385255,k 129.41391782311794
2025-04-27 18:45:16,027 - INFO - f_best_current -12.024081230163574,f_min -15.598186481385255
2025-04-27 18:45:16,027 - INFO - 回退,len(queue)=1
2025-04-27 18:45:22,161 - INFO - tree_node.f_best*ep:-12.008975982666016,left_f_best-11.369035720825195,right_f_best-12.011431694030762,i:1
2025-04-27 18:45:41,710 - INFO - 添加左子节点，右子节点，len(queue):3
2025-04-27 18:45:41,710 - INFO - Node 1: k=343.28646426194445, f_best=-11.990789413452148, f_min=-12.68859536306627
2025-04-27 18:45:41,710 - INFO - Node 2: k=86.55755514071697, f_best=-11.371273040771484, f_min=-11.427901229802501
2025-04-27 18:45:41,710 - INFO - Node 3: k=129.41391782311794, f_best=-12.008975982666016, f_min=-12.162493492526437
2025-04-27 18:45:41,710 - INFO - Node 4: k=120.70669768400762, f_best=-11.369035720825195, f_min=-11.439105201225175
2025-04-27 18:45:41,710 - INFO - Node 5: k=128.13259190407717, f_best=-12.011431694030762, f_min=-12.309105229215675
2025-04-27 18:45:41,710 - INFO - cur_node_number 6,f_best -12.011431694030762,f_min -12.309105229215675,k 128.13259190407717
2025-04-27 18:45:41,710 - INFO - f_best_current -12.011431694030762,f_min -12.309105229215675
2025-04-27 18:45:48,347 - INFO - tree_node.f_best*ep:-12.011431694030762,left_f_best-11.369543075561523,right_f_best-11.995800018310547,i:1
2025-04-27 18:45:55,193 - INFO - tree_node.f_best*ep:-12.011431694030762,left_f_best-11.361111640930176,right_f_best-12.013331413269043,i:2
2025-04-27 18:46:14,730 - INFO - 添加左子节点，右子节点，len(queue):4
2025-04-27 18:46:14,730 - INFO - Node 1: k=343.28646426194445, f_best=-11.990789413452148, f_min=-12.68859536306627
2025-04-27 18:46:14,730 - INFO - Node 2: k=86.55755514071697, f_best=-11.371273040771484, f_min=-11.427901229802501
2025-04-27 18:46:14,730 - INFO - Node 3: k=129.41391782311794, f_best=-12.008975982666016, f_min=-12.162493492526437
2025-04-27 18:46:14,730 - INFO - Node 4: k=120.70669768400762, f_best=-11.369035720825195, f_min=-11.439105201225175
2025-04-27 18:46:14,730 - INFO - Node 5: k=128.13259190407717, f_best=-12.011431694030762, f_min=-12.309105229215675
2025-04-27 18:46:14,730 - INFO - Node 6: k=101.49554071481028, f_best=-11.361111640930176, f_min=-11.720304741084874
2025-04-27 18:46:14,730 - INFO - Node 7: k=128.13259190407717, f_best=-12.013331413269043, f_min=-13.536531840474709
2025-04-27 18:46:14,730 - INFO - cur_node_number 7,f_best -12.013331413269043,f_min -13.536531840474709,k 128.13259190407717
2025-04-27 18:46:14,730 - INFO - f_best_current -12.013331413269043,f_min -13.536531840474709
2025-04-27 18:46:21,071 - INFO - tree_node.f_best*ep:-12.013331413269043,left_f_best-11.346248626708984,right_f_best-11.997818946838379,i:1
2025-04-27 18:46:27,759 - INFO - tree_node.f_best*ep:-12.013331413269043,left_f_best-11.356465339660645,right_f_best-12.02763557434082,i:2
2025-04-27 18:46:46,937 - INFO - 添加左子节点，右子节点，len(queue):5
2025-04-27 18:46:46,937 - INFO - Node 1: k=343.28646426194445, f_best=-11.990789413452148, f_min=-12.68859536306627
2025-04-27 18:46:46,937 - INFO - Node 2: k=86.55755514071697, f_best=-11.371273040771484, f_min=-11.427901229802501
2025-04-27 18:46:46,937 - INFO - Node 3: k=129.41391782311794, f_best=-12.008975982666016, f_min=-12.162493492526437
2025-04-27 18:46:46,937 - INFO - Node 4: k=120.70669768400762, f_best=-11.369035720825195, f_min=-11.439105201225175
2025-04-27 18:46:46,937 - INFO - Node 5: k=128.13259190407717, f_best=-12.011431694030762, f_min=-12.309105229215675
2025-04-27 18:46:46,937 - INFO - Node 6: k=101.49554071481028, f_best=-11.361111640930176, f_min=-11.720304741084874
2025-04-27 18:46:46,937 - INFO - Node 7: k=128.13259190407717, f_best=-12.013331413269043, f_min=-13.536531840474709
2025-04-27 18:46:46,937 - INFO - Node 8: k=96.5695244352357, f_best=-11.356465339660645, f_min=-13.30592670758233
2025-04-27 18:46:46,937 - INFO - Node 9: k=154.79813112284404, f_best=-12.02763557434082, f_min=-12.278619758345485
2025-04-27 18:46:46,937 - INFO - cur_node_number 8,f_best -12.02763557434082,f_min -12.278619758345485,k 154.79813112284404
2025-04-27 18:46:46,937 - INFO - f_best_current -12.02763557434082,f_min -12.278619758345485
2025-04-27 18:46:46,937 - INFO - 回退,len(queue)=3
2025-04-27 18:46:46,937 - INFO - 回退,len(queue)=2
2025-04-27 18:46:46,937 - INFO - 回退,len(queue)=1
2025-04-27 18:46:53,339 - INFO - tree_node.f_best*ep:-12.008975982666016,left_f_best-11.352234840393066,right_f_best-12.02285385131836,i:1
2025-04-27 18:47:12,296 - INFO - 添加左子节点，右子节点，len(queue):3
2025-04-27 18:47:12,296 - INFO - Node 1: k=343.28646426194445, f_best=-11.990789413452148, f_min=-12.68859536306627
2025-04-27 18:47:12,296 - INFO - Node 2: k=86.55755514071697, f_best=-11.371273040771484, f_min=-11.427901229802501
2025-04-27 18:47:12,296 - INFO - Node 3: k=154.79813112284404, f_best=-12.008975982666016, f_min=-12.162493492526437
2025-04-27 18:47:12,296 - INFO - Node 4: k=123.84384787934488, f_best=-11.352234840393066, f_min=-11.860491587606248
2025-04-27 18:47:12,296 - INFO - Node 5: k=103.97065065838784, f_best=-12.02285385131836, f_min=-12.593634957858285
2025-04-27 18:47:12,296 - INFO - cur_node_number 9,f_best -12.02285385131836,f_min -12.593634957858285,k 103.97065065838784
2025-04-27 18:47:12,296 - INFO - f_best_current -12.02285385131836,f_min -12.593634957858285
2025-04-27 18:47:18,839 - INFO - tree_node.f_best*ep:-12.02285385131836,left_f_best-11.348665237426758,right_f_best-12.011838912963867,i:1
2025-04-27 18:47:25,734 - INFO - tree_node.f_best*ep:-12.02285385131836,left_f_best-11.348188400268555,right_f_best-12.00936222076416,i:2
2025-04-27 18:47:32,969 - INFO - tree_node.f_best*ep:-12.02285385131836,left_f_best-11.386404037475586,right_f_best-12.025830268859863,i:3
2025-04-27 18:47:52,068 - INFO - 添加左子节点，右子节点，len(queue):4
2025-04-27 18:47:52,068 - INFO - Node 1: k=343.28646426194445, f_best=-11.990789413452148, f_min=-12.68859536306627
2025-04-27 18:47:52,068 - INFO - Node 2: k=86.55755514071697, f_best=-11.371273040771484, f_min=-11.427901229802501
2025-04-27 18:47:52,068 - INFO - Node 3: k=154.79813112284404, f_best=-12.008975982666016, f_min=-12.162493492526437
2025-04-27 18:47:52,068 - INFO - Node 4: k=123.84384787934488, f_best=-11.352234840393066, f_min=-11.860491587606248
2025-04-27 18:47:52,068 - INFO - Node 5: k=103.97065065838784, f_best=-12.02285385131836, f_min=-12.593634957858285
2025-04-27 18:47:52,068 - INFO - Node 6: k=112.11421990415319, f_best=-11.386404037475586, f_min=-11.565264631475202
2025-04-27 18:47:52,068 - INFO - Node 7: k=100.91288920265809, f_best=-12.025830268859863, f_min=-13.287595765881179
2025-04-27 18:47:52,068 - INFO - cur_node_number 10,f_best -12.025830268859863,f_min -13.287595765881179,k 100.91288920265809
2025-04-27 18:47:52,068 - INFO - f_best_current -12.025830268859863,f_min -13.287595765881179
2025-04-27 18:47:58,543 - INFO - tree_node.f_best*ep:-12.025830268859863,left_f_best-11.358025550842285,right_f_best-12.007871627807617,i:1
2025-04-27 18:48:05,124 - INFO - tree_node.f_best*ep:-12.025830268859863,left_f_best-11.38230037689209,right_f_best-12.012322425842285,i:2
2025-04-27 18:48:11,921 - INFO - tree_node.f_best*ep:-12.025830268859863,left_f_best-11.380579948425293,right_f_best-12.024369239807129,i:3
2025-04-27 18:48:19,255 - INFO - tree_node.f_best*ep:-12.025830268859863,left_f_best-11.388279914855957,right_f_best-12.028264045715332,i:4
2025-04-27 18:48:40,353 - INFO - 添加左子节点，右子节点，len(queue):5
2025-04-27 18:48:40,353 - INFO - Node 1: k=343.28646426194445, f_best=-11.990789413452148, f_min=-12.68859536306627
2025-04-27 18:48:40,353 - INFO - Node 2: k=86.55755514071697, f_best=-11.371273040771484, f_min=-11.427901229802501
2025-04-27 18:48:40,353 - INFO - Node 3: k=154.79813112284404, f_best=-12.008975982666016, f_min=-12.162493492526437
2025-04-27 18:48:40,353 - INFO - Node 4: k=123.84384787934488, f_best=-11.352234840393066, f_min=-11.860491587606248
2025-04-27 18:48:40,353 - INFO - Node 5: k=103.97065065838784, f_best=-12.02285385131836, f_min=-12.593634957858285
2025-04-27 18:48:40,353 - INFO - Node 6: k=112.11421990415319, f_best=-11.386404037475586, f_min=-11.565264631475202
2025-04-27 18:48:40,353 - INFO - Node 7: k=100.91288920265809, f_best=-12.025830268859863, f_min=-13.287595765881179
2025-04-27 18:48:40,353 - INFO - Node 8: k=128.8724047170763, f_best=-11.388279914855957, f_min=-12.18201280546873
2025-04-27 18:48:40,353 - INFO - Node 9: k=161.08355598693734, f_best=-12.028264045715332, f_min=-14.797578600159795
2025-04-27 18:48:40,353 - INFO - cur_node_number 11,f_best -12.028264045715332,f_min -14.797578600159795,k 161.08355598693734
2025-04-27 18:48:40,353 - INFO - f_best_current -12.028264045715332,f_min -14.797578600159795
2025-04-27 18:48:40,353 - INFO - 回退,len(queue)=3
2025-04-27 18:48:40,353 - INFO - 回退,len(queue)=2
2025-04-27 18:48:40,353 - INFO - 回退,len(queue)=1
2025-04-27 18:48:46,694 - INFO - tree_node.f_best*ep:-12.008975982666016,left_f_best-11.356966972351074,right_f_best-12.005887985229492,i:1
2025-04-27 18:48:53,336 - INFO - tree_node.f_best*ep:-12.008975982666016,left_f_best-11.372669219970703,right_f_best-12.008264541625977,i:2
2025-04-27 18:49:00,568 - INFO - tree_node.f_best*ep:-12.008975982666016,left_f_best-11.382999420166016,right_f_best-12.033079147338867,i:3
2025-04-27 18:49:20,717 - INFO - 添加左子节点，右子节点，len(queue):3
2025-04-27 18:49:20,717 - INFO - Node 1: k=343.28646426194445, f_best=-11.990789413452148, f_min=-12.68859536306627
2025-04-27 18:49:20,733 - INFO - Node 2: k=86.55755514071697, f_best=-11.371273040771484, f_min=-11.427901229802501
2025-04-27 18:49:20,733 - INFO - Node 3: k=161.08355598693734, f_best=-12.008975982666016, f_min=-12.162493492526437
2025-04-27 18:49:20,733 - INFO - Node 4: k=73.81812342859902, f_best=-11.382999420166016, f_min=-11.657373331859844
2025-04-27 18:49:20,733 - INFO - Node 5: k=187.0130077214394, f_best=-12.033079147338867, f_min=-12.77443015454628
2025-04-27 18:49:20,733 - INFO - cur_node_number 12,f_best -12.033079147338867,f_min -12.77443015454628,k 187.0130077214394
2025-04-27 18:49:20,733 - INFO - f_best_current -12.033079147338867,f_min -12.77443015454628
2025-04-27 18:49:20,733 - INFO - 回退,len(queue)=1
2025-04-27 18:49:27,315 - INFO - tree_node.f_best*ep:-12.008975982666016,left_f_best-11.363956451416016,right_f_best-12.015649795532227,i:1
2025-04-27 18:49:45,006 - INFO - 添加左子节点，右子节点，len(queue):3
2025-04-27 18:49:45,006 - INFO - Node 1: k=343.28646426194445, f_best=-11.990789413452148, f_min=-12.68859536306627
2025-04-27 18:49:45,006 - INFO - Node 2: k=86.55755514071697, f_best=-11.371273040771484, f_min=-11.427901229802501
2025-04-27 18:49:45,006 - INFO - Node 3: k=187.0130077214394, f_best=-12.008975982666016, f_min=-12.162493492526437
2025-04-27 18:49:45,006 - INFO - Node 4: k=88.29736199904539, f_best=-11.363956451416016, f_min=-11.503843775984024
2025-04-27 18:49:45,006 - INFO - Node 5: k=117.1567315609784, f_best=-12.015649795532227, f_min=-12.460980952198497
2025-04-27 18:49:45,006 - INFO - cur_node_number 13,f_best -12.015649795532227,f_min -12.460980952198497,k 117.1567315609784
2025-04-27 18:49:45,006 - INFO - f_best_current -12.015649795532227,f_min -12.460980952198497
2025-04-27 18:49:51,356 - INFO - tree_node.f_best*ep:-12.015649795532227,left_f_best-11.352706909179688,right_f_best-12.010040283203125,i:1
2025-04-27 18:49:58,131 - INFO - tree_node.f_best*ep:-12.015649795532227,left_f_best-11.362565040588379,right_f_best-12.023807525634766,i:2
2025-04-27 18:50:18,225 - INFO - 添加左子节点，右子节点，len(queue):4
2025-04-27 18:50:18,225 - INFO - Node 1: k=343.28646426194445, f_best=-11.990789413452148, f_min=-12.68859536306627
2025-04-27 18:50:18,225 - INFO - Node 2: k=86.55755514071697, f_best=-11.371273040771484, f_min=-11.427901229802501
2025-04-27 18:50:18,225 - INFO - Node 3: k=187.0130077214394, f_best=-12.008975982666016, f_min=-12.162493492526437
2025-04-27 18:50:18,225 - INFO - Node 4: k=88.29736199904539, f_best=-11.363956451416016, f_min=-11.503843775984024
2025-04-27 18:50:18,225 - INFO - Node 5: k=117.1567315609784, f_best=-12.015649795532227, f_min=-12.460980952198497
2025-04-27 18:50:18,225 - INFO - Node 6: k=145.21665132849893, f_best=-11.362565040588379, f_min=-11.871070046288423
2025-04-27 18:50:18,225 - INFO - Node 7: k=139.5503476183019, f_best=-12.023807525634766, f_min=-13.131285406050665
2025-04-27 18:50:18,225 - INFO - cur_node_number 14,f_best -12.023807525634766,f_min -13.131285406050665,k 139.5503476183019
2025-04-27 18:50:18,225 - INFO - f_best_current -12.023807525634766,f_min -13.131285406050665
2025-04-27 18:50:18,225 - INFO - 回退,len(queue)=2
2025-04-27 18:50:24,582 - INFO - tree_node.f_best*ep:-12.015649795532227,left_f_best-11.365595817565918,right_f_best-12.00843620300293,i:1
2025-04-27 18:50:31,314 - INFO - tree_node.f_best*ep:-12.015649795532227,left_f_best-11.37496566772461,right_f_best-12.012319564819336,i:2
2025-04-27 18:50:38,436 - INFO - tree_node.f_best*ep:-12.015649795532227,left_f_best-11.362931251525879,right_f_best-12.018867492675781,i:3
2025-04-27 18:50:57,973 - INFO - 添加左子节点，右子节点，len(queue):4
2025-04-27 18:50:57,973 - INFO - Node 1: k=343.28646426194445, f_best=-11.990789413452148, f_min=-12.68859536306627
2025-04-27 18:50:57,973 - INFO - Node 2: k=86.55755514071697, f_best=-11.371273040771484, f_min=-11.427901229802501
2025-04-27 18:50:57,973 - INFO - Node 3: k=187.0130077214394, f_best=-12.008975982666016, f_min=-12.162493492526437
2025-04-27 18:50:57,973 - INFO - Node 4: k=88.29736199904539, f_best=-11.363956451416016, f_min=-11.503843775984024
2025-04-27 18:50:57,973 - INFO - Node 5: k=139.5503476183019, f_best=-12.015649795532227, f_min=-12.460980952198497
2025-04-27 18:50:57,973 - INFO - Node 6: k=123.84384787934488, f_best=-11.362931251525879, f_min=-11.481292940456115
2025-04-27 18:50:57,973 - INFO - Node 7: k=129.41391782311794, f_best=-12.018867492675781, f_min=-12.796821054933389
2025-04-27 18:50:57,973 - INFO - cur_node_number 15,f_best -12.018867492675781,f_min -12.796821054933389,k 129.41391782311794
2025-04-27 18:50:57,973 - INFO - f_best_current -12.018867492675781,f_min -12.796821054933389
2025-04-27 18:51:04,397 - INFO - tree_node.f_best*ep:-12.018867492675781,left_f_best-11.348550796508789,right_f_best-12.008520126342773,i:1
2025-04-27 18:51:11,078 - INFO - tree_node.f_best*ep:-12.018867492675781,left_f_best-11.379972457885742,right_f_best-12.014652252197266,i:2
2025-04-27 18:51:18,267 - INFO - tree_node.f_best*ep:-12.018867492675781,left_f_best-11.370165824890137,right_f_best-12.027901649475098,i:3
2025-04-27 18:51:37,333 - INFO - 添加左子节点，右子节点，len(queue):5
2025-04-27 18:51:37,349 - INFO - Node 1: k=343.28646426194445, f_best=-11.990789413452148, f_min=-12.68859536306627
2025-04-27 18:51:37,349 - INFO - Node 2: k=86.55755514071697, f_best=-11.371273040771484, f_min=-11.427901229802501
2025-04-27 18:51:37,349 - INFO - Node 3: k=187.0130077214394, f_best=-12.008975982666016, f_min=-12.162493492526437
2025-04-27 18:51:37,349 - INFO - Node 4: k=88.29736199904539, f_best=-11.363956451416016, f_min=-11.503843775984024
2025-04-27 18:51:37,349 - INFO - Node 5: k=139.5503476183019, f_best=-12.015649795532227, f_min=-12.460980952198497
2025-04-27 18:51:37,349 - INFO - Node 6: k=123.84384787934488, f_best=-11.362931251525879, f_min=-11.481292940456115
2025-04-27 18:51:37,349 - INFO - Node 7: k=129.41391782311794, f_best=-12.018867492675781, f_min=-12.796821054933389
2025-04-27 18:51:37,349 - INFO - Node 8: k=133.33528894707624, f_best=-11.370165824890137, f_min=-12.026135941030589
2025-04-27 18:51:37,349 - INFO - Node 9: k=88.66838152689822, f_best=-12.027901649475098, f_min=-12.186029553849494
2025-04-27 18:51:37,349 - INFO - cur_node_number 16,f_best -12.027901649475098,f_min -12.186029553849494,k 88.66838152689822
2025-04-27 18:51:37,349 - INFO - f_best_current -12.027901649475098,f_min -12.186029553849494
2025-04-27 18:51:43,777 - INFO - tree_node.f_best*ep:-12.027901649475098,left_f_best-11.361007690429688,right_f_best-12.013036727905273,i:1
2025-04-27 18:51:50,395 - INFO - tree_node.f_best*ep:-12.027901649475098,left_f_best-11.377321243286133,right_f_best-12.024505615234375,i:2
2025-04-27 18:51:57,600 - INFO - tree_node.f_best*ep:-12.027901649475098,left_f_best-11.379228591918945,right_f_best-12.024110794067383,i:3
2025-04-27 18:52:05,138 - INFO - tree_node.f_best*ep:-12.027901649475098,left_f_best-11.38662052154541,right_f_best-12.028748512268066,i:4
2025-04-27 18:52:21,905 - INFO - 添加左子节点，右子节点，len(queue):6
2025-04-27 18:52:21,905 - INFO - Node 1: k=343.28646426194445, f_best=-11.990789413452148, f_min=-12.68859536306627
2025-04-27 18:52:21,905 - INFO - Node 2: k=86.55755514071697, f_best=-11.371273040771484, f_min=-11.427901229802501
2025-04-27 18:52:21,905 - INFO - Node 3: k=187.0130077214394, f_best=-12.008975982666016, f_min=-12.162493492526437
2025-04-27 18:52:21,907 - INFO - Node 4: k=88.29736199904539, f_best=-11.363956451416016, f_min=-11.503843775984024
2025-04-27 18:52:21,907 - INFO - Node 5: k=139.5503476183019, f_best=-12.015649795532227, f_min=-12.460980952198497
2025-04-27 18:52:21,907 - INFO - Node 6: k=123.84384787934488, f_best=-11.362931251525879, f_min=-11.481292940456115
2025-04-27 18:52:21,907 - INFO - Node 7: k=129.41391782311794, f_best=-12.018867492675781, f_min=-12.796821054933389
2025-04-27 18:52:21,907 - INFO - Node 8: k=133.33528894707624, f_best=-11.370165824890137, f_min=-12.026135941030589
2025-04-27 18:52:21,907 - INFO - Node 9: k=88.66838152689822, f_best=-12.027901649475098, f_min=-12.186029553849494
2025-04-27 18:52:21,907 - INFO - Node 10: k=126.33310922171972, f_best=-11.38662052154541, f_min=-12.200109555178642
2025-04-27 18:52:21,907 - INFO - Node 11: k=52.85150327486183, f_best=-12.028748512268066, f_min=-12.468080482200548
2025-04-27 18:52:21,907 - INFO - cur_node_number 17,f_best -12.028748512268066,f_min -12.468080482200548,k 52.85150327486183
2025-04-27 18:52:21,907 - INFO - f_best_current -12.028748512268066,f_min -12.468080482200548
2025-04-27 18:52:28,253 - INFO - tree_node.f_best*ep:-12.028748512268066,left_f_best-11.350790023803711,right_f_best-12.016380310058594,i:1
2025-04-27 18:52:34,970 - INFO - tree_node.f_best*ep:-12.028748512268066,left_f_best-11.377721786499023,right_f_best-12.022284507751465,i:2
2025-04-27 18:52:41,801 - INFO - tree_node.f_best*ep:-12.028748512268066,left_f_best-11.385921478271484,right_f_best-12.021838188171387,i:3
2025-04-27 18:52:49,099 - INFO - tree_node.f_best*ep:-12.028748512268066,left_f_best-11.378876686096191,right_f_best-12.032691955566406,i:4
2025-04-27 18:53:06,090 - INFO - 添加左子节点，右子节点，len(queue):7
2025-04-27 18:53:06,090 - INFO - Node 1: k=343.28646426194445, f_best=-11.990789413452148, f_min=-12.68859536306627
2025-04-27 18:53:06,090 - INFO - Node 2: k=86.55755514071697, f_best=-11.371273040771484, f_min=-11.427901229802501
2025-04-27 18:53:06,090 - INFO - Node 3: k=187.0130077214394, f_best=-12.008975982666016, f_min=-12.162493492526437
2025-04-27 18:53:06,090 - INFO - Node 4: k=88.29736199904539, f_best=-11.363956451416016, f_min=-11.503843775984024
2025-04-27 18:53:06,090 - INFO - Node 5: k=139.5503476183019, f_best=-12.015649795532227, f_min=-12.460980952198497
2025-04-27 18:53:06,090 - INFO - Node 6: k=123.84384787934488, f_best=-11.362931251525879, f_min=-11.481292940456115
2025-04-27 18:53:06,090 - INFO - Node 7: k=129.41391782311794, f_best=-12.018867492675781, f_min=-12.796821054933389
2025-04-27 18:53:06,090 - INFO - Node 8: k=133.33528894707624, f_best=-11.370165824890137, f_min=-12.026135941030589
2025-04-27 18:53:06,090 - INFO - Node 9: k=88.66838152689822, f_best=-12.027901649475098, f_min=-12.186029553849494
2025-04-27 18:53:06,090 - INFO - Node 10: k=126.33310922171972, f_best=-11.38662052154541, f_min=-12.200109555178642
2025-04-27 18:53:06,090 - INFO - Node 11: k=52.85150327486183, f_best=-12.028748512268066, f_min=-12.468080482200548
2025-04-27 18:53:06,090 - INFO - Node 12: k=87.42313069212415, f_best=-11.378876686096191, f_min=-11.852034982568966
2025-04-27 18:53:06,090 - INFO - Node 13: k=80.27032909004126, f_best=-12.032691955566406, f_min=-12.059983485339671
2025-04-27 18:53:06,090 - INFO - cur_node_number 18,f_best -12.032691955566406,f_min -12.059983485339671,k 80.27032909004126
2025-04-27 18:53:06,090 - INFO - f_best_current -12.032691955566406,f_min -12.059983485339671
2025-04-27 18:53:06,090 - INFO - 结束,fmin= -12.059983485339671, fbestmin=-12.032691955566406
