2025-05-06 17:43:39,043 - INFO - Namespace(log_file='outputsconfidence/DNN6/img[0]/min/DNN6img0_label0.log', image_path='img[0].png', model_path='network/DNN6.pth', label=0, init_epsilon=0.05, epsilon=0.01, ep=1, min=1)
2025-05-06 17:43:39,059 - INFO - Model output: 24.13321304321289
2025-05-06 17:43:52,194 - INFO - cur_node_number 1,f_best 15.174135208129883,f_min 10.210419224837096,k 741.997231944839
2025-05-06 17:43:52,194 - INFO - f_best_current 15.174135208129883,f_min 10.210419224837096
2025-05-06 17:44:14,212 - INFO - tree_node.f_best:15.174135208129883,left_f_best17.07663917541504,right_f_best15.112491607666016,i:1
2025-05-06 17:44:25,830 - INFO - 添加左子节点，右子节点，len(queue):2
2025-05-06 17:44:25,832 - INFO - Node 1: k=741.997231944839, f_best=15.174135208129883, f_min=10.210419224837096
2025-05-06 17:44:25,832 - INFO - Node 2: k=405.2650622296293, f_best=17.07663917541504, f_min=13.918333751282262
2025-05-06 17:44:25,832 - INFO - Node 3: k=593.3485776104004, f_best=15.112491607666016, f_min=12.891208640983677
2025-05-06 17:44:25,832 - INFO - cur_node_number 2,f_best 15.112491607666016,f_min 12.891208640983677,k 593.3485776104004
2025-05-06 17:44:25,832 - INFO - f_best_current 15.112491607666016,f_min 12.891208640983677
2025-05-06 17:44:47,256 - INFO - tree_node.f_best:15.112491607666016,left_f_best17.110591888427734,right_f_best15.1002197265625,i:1
2025-05-06 17:44:58,552 - INFO - 添加左子节点，右子节点，len(queue):3
2025-05-06 17:44:58,552 - INFO - Node 1: k=741.997231944839, f_best=15.174135208129883, f_min=10.210419224837096
2025-05-06 17:44:58,552 - INFO - Node 2: k=405.2650622296293, f_best=17.07663917541504, f_min=13.918333751282262
2025-05-06 17:44:58,552 - INFO - Node 3: k=593.3485776104004, f_best=15.112491607666016, f_min=12.891208640983677
2025-05-06 17:44:58,552 - INFO - Node 4: k=368.4227838451175, f_best=17.110591888427734, f_min=11.438757703497686
2025-05-06 17:44:58,552 - INFO - Node 5: k=593.3485776104004, f_best=15.1002197265625, f_min=14.007342109674937
2025-05-06 17:44:58,552 - INFO - cur_node_number 3,f_best 15.1002197265625,f_min 14.007342109674937,k 593.3485776104004
2025-05-06 17:44:58,552 - INFO - f_best_current 15.1002197265625,f_min 14.007342109674937
2025-05-06 17:45:20,710 - INFO - tree_node.f_best:15.1002197265625,left_f_best17.022817611694336,right_f_best15.153697967529297,i:1
2025-05-06 17:45:43,624 - INFO - tree_node.f_best:15.1002197265625,left_f_best17.03927230834961,right_f_best15.067599296569824,i:2
2025-05-06 17:45:54,983 - INFO - 添加左子节点，右子节点，len(queue):4
2025-05-06 17:45:54,983 - INFO - Node 1: k=741.997231944839, f_best=15.174135208129883, f_min=10.210419224837096
2025-05-06 17:45:54,983 - INFO - Node 2: k=405.2650622296293, f_best=17.07663917541504, f_min=13.918333751282262
2025-05-06 17:45:54,983 - INFO - Node 3: k=593.3485776104004, f_best=15.112491607666016, f_min=12.891208640983677
2025-05-06 17:45:54,983 - INFO - Node 4: k=368.4227838451175, f_best=17.110591888427734, f_min=11.438757703497686
2025-05-06 17:45:54,983 - INFO - Node 5: k=593.3485776104004, f_best=15.1002197265625, f_min=14.007342109674937
2025-05-06 17:45:54,983 - INFO - Node 6: k=368.4227838451175, f_best=17.03927230834961, f_min=16.680595538113266
2025-05-06 17:45:54,983 - INFO - Node 7: k=652.6834353714405, f_best=15.067599296569824, f_min=12.366491047127056
2025-05-06 17:45:54,983 - INFO - cur_node_number 4,f_best 15.067599296569824,f_min 12.366491047127056,k 652.6834353714405
2025-05-06 17:45:54,983 - INFO - f_best_current 15.067599296569824,f_min 12.366491047127056
2025-05-06 17:45:54,983 - INFO - 回退,len(queue)=2
2025-05-06 17:45:54,983 - INFO - 回退,len(queue)=1
2025-05-06 17:46:16,335 - INFO - tree_node.f_best:15.112491607666016,left_f_best17.06380844116211,right_f_best15.103718757629395,i:1
2025-05-06 17:46:27,513 - INFO - 添加左子节点，右子节点，len(queue):3
2025-05-06 17:46:27,513 - INFO - Node 1: k=741.997231944839, f_best=15.174135208129883, f_min=10.210419224837096
2025-05-06 17:46:27,513 - INFO - Node 2: k=405.2650622296293, f_best=17.07663917541504, f_min=13.918333751282262
2025-05-06 17:46:27,513 - INFO - Node 3: k=652.6834353714405, f_best=15.112491607666016, f_min=12.891208640983677
2025-05-06 17:46:27,513 - INFO - Node 4: k=368.4227838451175, f_best=17.06380844116211, f_min=15.454831769136945
2025-05-06 17:46:27,513 - INFO - Node 5: k=593.3485776104004, f_best=15.103718757629395, f_min=13.517662281541561
2025-05-06 17:46:27,513 - INFO - cur_node_number 5,f_best 15.103718757629395,f_min 13.517662281541561,k 593.3485776104004
2025-05-06 17:46:27,513 - INFO - f_best_current 15.103718757629395,f_min 13.517662281541561
2025-05-06 17:46:49,451 - INFO - tree_node.f_best:15.103718757629395,left_f_best17.065258026123047,right_f_best15.170831680297852,i:1
2025-05-06 17:47:12,241 - INFO - tree_node.f_best:15.103718757629395,left_f_best17.03829574584961,right_f_best15.059267044067383,i:2
2025-05-06 17:47:23,414 - INFO - 添加左子节点，右子节点，len(queue):4
2025-05-06 17:47:23,414 - INFO - Node 1: k=741.997231944839, f_best=15.174135208129883, f_min=10.210419224837096
2025-05-06 17:47:23,414 - INFO - Node 2: k=405.2650622296293, f_best=17.07663917541504, f_min=13.918333751282262
2025-05-06 17:47:23,414 - INFO - Node 3: k=652.6834353714405, f_best=15.112491607666016, f_min=12.891208640983677
2025-05-06 17:47:23,414 - INFO - Node 4: k=368.4227838451175, f_best=17.06380844116211, f_min=15.454831769136945
2025-05-06 17:47:23,414 - INFO - Node 5: k=593.3485776104004, f_best=15.103718757629395, f_min=13.517662281541561
2025-05-06 17:47:23,414 - INFO - Node 6: k=539.4077978276367, f_best=17.03829574584961, f_min=15.318300760773127
2025-05-06 17:47:23,414 - INFO - Node 7: k=405.2650622296293, f_best=15.059267044067383, f_min=13.163383315397368
2025-05-06 17:47:23,414 - INFO - cur_node_number 6,f_best 15.059267044067383,f_min 13.163383315397368,k 405.2650622296293
2025-05-06 17:47:23,414 - INFO - f_best_current 15.059267044067383,f_min 13.163383315397368
2025-05-06 17:47:44,606 - INFO - tree_node.f_best:15.059267044067383,left_f_best17.153587341308594,right_f_best15.14102554321289,i:1
2025-05-06 17:48:07,182 - INFO - tree_node.f_best:15.059267044067383,left_f_best16.984779357910156,right_f_best15.102092742919922,i:2
2025-05-06 17:48:31,056 - INFO - tree_node.f_best:15.059267044067383,left_f_best17.009742736816406,right_f_best15.039064407348633,i:3
2025-05-06 17:48:43,818 - INFO - 添加左子节点，右子节点，len(queue):5
2025-05-06 17:48:43,818 - INFO - Node 1: k=741.997231944839, f_best=15.174135208129883, f_min=10.210419224837096
2025-05-06 17:48:43,818 - INFO - Node 2: k=405.2650622296293, f_best=17.07663917541504, f_min=13.918333751282262
2025-05-06 17:48:43,818 - INFO - Node 3: k=652.6834353714405, f_best=15.112491607666016, f_min=12.891208640983677
2025-05-06 17:48:43,818 - INFO - Node 4: k=368.4227838451175, f_best=17.06380844116211, f_min=15.454831769136945
2025-05-06 17:48:43,818 - INFO - Node 5: k=593.3485776104004, f_best=15.103718757629395, f_min=13.517662281541561
2025-05-06 17:48:43,818 - INFO - Node 6: k=539.4077978276367, f_best=17.03829574584961, f_min=15.318300760773127
2025-05-06 17:48:43,818 - INFO - Node 7: k=405.2650622296293, f_best=15.059267044067383, f_min=13.163383315397368
2025-05-06 17:48:43,818 - INFO - Node 8: k=490.3707252978515, f_best=17.009742736816406, f_min=15.056777713303745
2025-05-06 17:48:43,818 - INFO - Node 9: k=1156.2685194500652, f_best=15.039064407348633, f_min=14.217423941387096
2025-05-06 17:48:43,818 - INFO - cur_node_number 7,f_best 15.039064407348633,f_min 14.217423941387096,k 1156.2685194500652
2025-05-06 17:48:43,818 - INFO - f_best_current 15.039064407348633,f_min 14.217423941387096
2025-05-06 17:48:43,818 - INFO - 回退,len(queue)=3
2025-05-06 17:48:43,818 - INFO - 回退,len(queue)=2
2025-05-06 17:48:43,818 - INFO - 回退,len(queue)=1
2025-05-06 17:48:43,818 - INFO - 回退,len(queue)=0
2025-05-06 17:49:04,998 - INFO - tree_node.f_best:15.174135208129883,left_f_best17.080368041992188,right_f_best15.133817672729492,i:1
2025-05-06 17:49:18,140 - INFO - 添加左子节点，右子节点，len(queue):2
2025-05-06 17:49:18,140 - INFO - Node 1: k=1156.2685194500652, f_best=15.174135208129883, f_min=10.210419224837096
2025-05-06 17:49:18,140 - INFO - Node 2: k=789.7469567994432, f_best=17.080368041992188, f_min=13.375429061372415
2025-05-06 17:49:18,140 - INFO - Node 3: k=868.7216524793876, f_best=15.133817672729492, f_min=14.790818971850968
2025-05-06 17:49:18,140 - INFO - cur_node_number 8,f_best 15.133817672729492,f_min 14.790818971850968,k 868.7216524793876
2025-05-06 17:49:18,140 - INFO - f_best_current 15.133817672729492,f_min 14.790818971850968
2025-05-06 17:49:40,093 - INFO - tree_node.f_best:15.133817672729492,left_f_best16.979156494140625,right_f_best15.041177749633789,i:1
2025-05-06 17:49:52,532 - INFO - 添加左子节点，右子节点，len(queue):3
2025-05-06 17:49:52,532 - INFO - Node 1: k=1156.2685194500652, f_best=15.174135208129883, f_min=10.210419224837096
2025-05-06 17:49:52,532 - INFO - Node 2: k=789.7469567994432, f_best=17.080368041992188, f_min=13.375429061372415
2025-05-06 17:49:52,532 - INFO - Node 3: k=868.7216524793876, f_best=15.133817672729492, f_min=14.790818971850968
2025-05-06 17:49:52,532 - INFO - Node 4: k=593.3485776104004, f_best=16.979156494140625, f_min=11.77884497895866
2025-05-06 17:49:52,532 - INFO - Node 5: k=789.7469567994432, f_best=15.041177749633789, f_min=11.787008082468674
2025-05-06 17:49:52,532 - INFO - cur_node_number 9,f_best 15.041177749633789,f_min 11.787008082468674,k 789.7469567994432
2025-05-06 17:49:52,532 - INFO - f_best_current 15.041177749633789,f_min 11.787008082468674
2025-05-06 17:50:14,026 - INFO - tree_node.f_best:15.041177749633789,left_f_best17.059078216552734,right_f_best15.111708641052246,i:1
2025-05-06 17:50:36,890 - INFO - tree_node.f_best:15.041177749633789,left_f_best17.02206039428711,right_f_best15.104732513427734,i:2
2025-05-06 17:51:01,043 - INFO - tree_node.f_best:15.041177749633789,left_f_best17.012054443359375,right_f_best15.093822479248047,i:3
2025-05-06 17:51:26,003 - INFO - tree_node.f_best:15.041177749633789,left_f_best16.954692840576172,right_f_best15.039876937866211,i:4
2025-05-06 17:51:36,919 - INFO - 添加左子节点，右子节点，len(queue):4
2025-05-06 17:51:36,919 - INFO - Node 1: k=1156.2685194500652, f_best=15.174135208129883, f_min=10.210419224837096
2025-05-06 17:51:36,935 - INFO - Node 2: k=789.7469567994432, f_best=17.080368041992188, f_min=13.375429061372415
2025-05-06 17:51:36,935 - INFO - Node 3: k=868.7216524793876, f_best=15.133817672729492, f_min=14.790818971850968
2025-05-06 17:51:36,935 - INFO - Node 4: k=593.3485776104004, f_best=16.979156494140625, f_min=11.77884497895866
2025-05-06 17:51:36,935 - INFO - Node 5: k=789.7469567994432, f_best=15.041177749633789, f_min=11.787008082468674
2025-05-06 17:51:36,935 - INFO - Node 6: k=368.4227838451175, f_best=16.954692840576172, f_min=16.06045106725105
2025-05-06 17:51:36,935 - INFO - Node 7: k=490.3707252978515, f_best=15.039876937866211, f_min=14.56079688448881
2025-05-06 17:51:36,935 - INFO - cur_node_number 10,f_best 15.039876937866211,f_min 14.56079688448881,k 490.3707252978515
2025-05-06 17:51:36,935 - INFO - f_best_current 15.039876937866211,f_min 14.56079688448881
2025-05-06 17:51:58,110 - INFO - tree_node.f_best:15.039876937866211,left_f_best17.075557708740234,right_f_best15.108698844909668,i:1
2025-05-06 17:52:20,938 - INFO - tree_node.f_best:15.039876937866211,left_f_best16.97345542907715,right_f_best15.065593719482422,i:2
2025-05-06 17:52:44,670 - INFO - tree_node.f_best:15.039876937866211,left_f_best16.96560287475586,right_f_best14.973307609558105,i:3
2025-05-06 17:52:57,570 - INFO - 添加左子节点，右子节点，len(queue):5
2025-05-06 17:52:57,570 - INFO - Node 1: k=1156.2685194500652, f_best=15.174135208129883, f_min=10.210419224837096
2025-05-06 17:52:57,570 - INFO - Node 2: k=789.7469567994432, f_best=17.080368041992188, f_min=13.375429061372415
2025-05-06 17:52:57,570 - INFO - Node 3: k=868.7216524793876, f_best=15.133817672729492, f_min=14.790818971850968
2025-05-06 17:52:57,570 - INFO - Node 4: k=593.3485776104004, f_best=16.979156494140625, f_min=11.77884497895866
2025-05-06 17:52:57,570 - INFO - Node 5: k=789.7469567994432, f_best=15.041177749633789, f_min=11.787008082468674
2025-05-06 17:52:57,570 - INFO - Node 6: k=368.4227838451175, f_best=16.954692840576172, f_min=16.06045106725105
2025-05-06 17:52:57,570 - INFO - Node 7: k=490.3707252978515, f_best=15.039876937866211, f_min=14.56079688448881
2025-05-06 17:52:57,570 - INFO - Node 8: k=717.9517789085846, f_best=16.96560287475586, f_min=16.14996400158998
2025-05-06 17:52:57,570 - INFO - Node 9: k=789.7469567994432, f_best=14.973307609558105, f_min=12.824219908270607
2025-05-06 17:52:57,570 - INFO - cur_node_number 11,f_best 14.973307609558105,f_min 12.824219908270607,k 789.7469567994432
2025-05-06 17:52:57,570 - INFO - f_best_current 14.973307609558105,f_min 12.824219908270607
2025-05-06 17:52:57,570 - INFO - 回退,len(queue)=3
2025-05-06 17:53:18,779 - INFO - tree_node.f_best:15.039876937866211,left_f_best17.03668975830078,right_f_best15.096623420715332,i:1
2025-05-06 17:53:41,400 - INFO - tree_node.f_best:15.039876937866211,left_f_best16.973480224609375,right_f_best15.101760864257812,i:2
2025-05-06 17:54:03,406 - INFO - tree_node.f_best:15.039876937866211,left_f_best17.00308609008789,right_f_best15.105021476745605,i:3
2025-05-06 17:54:28,363 - INFO - tree_node.f_best:15.039876937866211,left_f_best16.98001480102539,right_f_best15.064117431640625,i:4
2025-05-06 17:54:54,247 - INFO - tree_node.f_best:15.039876937866211,left_f_best17.05799674987793,right_f_best15.008856773376465,i:5
2025-05-06 17:55:05,180 - INFO - 添加左子节点，右子节点，len(queue):5
2025-05-06 17:55:05,180 - INFO - Node 1: k=1156.2685194500652, f_best=15.174135208129883, f_min=10.210419224837096
2025-05-06 17:55:05,180 - INFO - Node 2: k=789.7469567994432, f_best=17.080368041992188, f_min=13.375429061372415
2025-05-06 17:55:05,180 - INFO - Node 3: k=868.7216524793876, f_best=15.133817672729492, f_min=14.790818971850968
2025-05-06 17:55:05,180 - INFO - Node 4: k=593.3485776104004, f_best=16.979156494140625, f_min=11.77884497895866
2025-05-06 17:55:05,180 - INFO - Node 5: k=789.7469567994432, f_best=15.041177749633789, f_min=11.787008082468674
2025-05-06 17:55:05,180 - INFO - Node 6: k=368.4227838451175, f_best=16.954692840576172, f_min=16.06045106725105
2025-05-06 17:55:05,180 - INFO - Node 7: k=789.7469567994432, f_best=15.039876937866211, f_min=14.56079688448881
2025-05-06 17:55:05,180 - INFO - Node 8: k=251.6377186292722, f_best=17.05799674987793, f_min=16.37815778687218
2025-05-06 17:55:05,180 - INFO - Node 9: k=717.9517789085846, f_best=15.008856773376465, f_min=8.43731509306599
2025-05-06 17:55:05,180 - INFO - cur_node_number 12,f_best 15.008856773376465,f_min 8.43731509306599,k 717.9517789085846
2025-05-06 17:55:05,180 - INFO - f_best_current 15.008856773376465,f_min 8.43731509306599
2025-05-06 17:55:26,594 - INFO - tree_node.f_best:15.008856773376465,left_f_best17.04490852355957,right_f_best15.104785919189453,i:1
2025-05-06 17:55:49,568 - INFO - tree_node.f_best:15.008856773376465,left_f_best17.17058563232422,right_f_best15.06617546081543,i:2
2025-05-06 17:56:13,561 - INFO - tree_node.f_best:15.008856773376465,left_f_best16.965124130249023,right_f_best14.972856521606445,i:3
2025-05-06 17:56:24,361 - INFO - 添加左子节点，右子节点，len(queue):6
2025-05-06 17:56:24,361 - INFO - Node 1: k=1156.2685194500652, f_best=15.174135208129883, f_min=10.210419224837096
2025-05-06 17:56:24,361 - INFO - Node 2: k=789.7469567994432, f_best=17.080368041992188, f_min=13.375429061372415
2025-05-06 17:56:24,361 - INFO - Node 3: k=868.7216524793876, f_best=15.133817672729492, f_min=14.790818971850968
2025-05-06 17:56:24,361 - INFO - Node 4: k=593.3485776104004, f_best=16.979156494140625, f_min=11.77884497895866
2025-05-06 17:56:24,361 - INFO - Node 5: k=789.7469567994432, f_best=15.041177749633789, f_min=11.787008082468674
2025-05-06 17:56:24,361 - INFO - Node 6: k=368.4227838451175, f_best=16.954692840576172, f_min=16.06045106725105
2025-05-06 17:56:24,361 - INFO - Node 7: k=789.7469567994432, f_best=15.039876937866211, f_min=14.56079688448881
2025-05-06 17:56:24,361 - INFO - Node 8: k=251.6377186292722, f_best=17.05799674987793, f_min=16.37815778687218
2025-05-06 17:56:24,361 - INFO - Node 9: k=717.9517789085846, f_best=15.008856773376465, f_min=8.43731509306599
2025-05-06 17:56:24,361 - INFO - Node 10: k=593.3485776104004, f_best=16.965124130249023, f_min=14.71403573308271
2025-05-06 17:56:24,361 - INFO - Node 11: k=276.80149049219943, f_best=14.972856521606445, f_min=12.875592019845499
2025-05-06 17:56:24,361 - INFO - cur_node_number 13,f_best 14.972856521606445,f_min 12.875592019845499,k 276.80149049219943
2025-05-06 17:56:24,361 - INFO - f_best_current 14.972856521606445,f_min 12.875592019845499
2025-05-06 17:56:46,384 - INFO - tree_node.f_best:14.972856521606445,left_f_best17.101478576660156,right_f_best15.108837127685547,i:1
2025-05-06 17:57:09,198 - INFO - tree_node.f_best:14.972856521606445,left_f_best17.082374572753906,right_f_best15.109647750854492,i:2
2025-05-06 17:57:33,256 - INFO - tree_node.f_best:14.972856521606445,left_f_best16.99063491821289,right_f_best15.05230712890625,i:3
2025-05-06 17:57:58,289 - INFO - tree_node.f_best:14.972856521606445,left_f_best16.979408264160156,right_f_best14.963912010192871,i:4
2025-05-06 17:58:09,873 - INFO - 添加左子节点，右子节点，len(queue):7
2025-05-06 17:58:09,873 - INFO - Node 1: k=1156.2685194500652, f_best=15.174135208129883, f_min=10.210419224837096
2025-05-06 17:58:09,873 - INFO - Node 2: k=789.7469567994432, f_best=17.080368041992188, f_min=13.375429061372415
2025-05-06 17:58:09,873 - INFO - Node 3: k=868.7216524793876, f_best=15.133817672729492, f_min=14.790818971850968
2025-05-06 17:58:09,873 - INFO - Node 4: k=593.3485776104004, f_best=16.979156494140625, f_min=11.77884497895866
2025-05-06 17:58:09,873 - INFO - Node 5: k=789.7469567994432, f_best=15.041177749633789, f_min=11.787008082468674
2025-05-06 17:58:09,873 - INFO - Node 6: k=368.4227838451175, f_best=16.954692840576172, f_min=16.06045106725105
2025-05-06 17:58:09,873 - INFO - Node 7: k=789.7469567994432, f_best=15.039876937866211, f_min=14.56079688448881
2025-05-06 17:58:09,873 - INFO - Node 8: k=251.6377186292722, f_best=17.05799674987793, f_min=16.37815778687218
2025-05-06 17:58:09,873 - INFO - Node 9: k=717.9517789085846, f_best=15.008856773376465, f_min=8.43731509306599
2025-05-06 17:58:09,873 - INFO - Node 10: k=593.3485776104004, f_best=16.965124130249023, f_min=14.71403573308271
2025-05-06 17:58:09,873 - INFO - Node 11: k=276.80149049219943, f_best=14.972856521606445, f_min=12.875592019845499
2025-05-06 17:58:09,873 - INFO - Node 12: k=490.3707252978515, f_best=16.979408264160156, f_min=11.156671950899181
2025-05-06 17:58:09,873 - INFO - Node 13: k=652.6834353714405, f_best=14.963912010192871, f_min=13.987814535150392
2025-05-06 17:58:09,873 - INFO - cur_node_number 14,f_best 14.963912010192871,f_min 13.987814535150392,k 652.6834353714405
2025-05-06 17:58:09,873 - INFO - f_best_current 14.963912010192871,f_min 13.987814535150392
2025-05-06 17:58:09,873 - INFO - 回退,len(queue)=5
2025-05-06 17:58:31,690 - INFO - tree_node.f_best:14.972856521606445,left_f_best17.002384185791016,right_f_best15.067573547363281,i:1
2025-05-06 17:58:54,354 - INFO - tree_node.f_best:14.972856521606445,left_f_best17.023990631103516,right_f_best15.0023193359375,i:2
2025-05-06 17:59:18,104 - INFO - tree_node.f_best:14.972856521606445,left_f_best17.023597717285156,right_f_best15.002618789672852,i:3
2025-05-06 17:59:42,953 - INFO - tree_node.f_best:14.972856521606445,left_f_best16.99230194091797,right_f_best14.953651428222656,i:4
2025-05-06 17:59:55,193 - INFO - 添加左子节点，右子节点，len(queue):7
2025-05-06 17:59:55,193 - INFO - Node 1: k=1156.2685194500652, f_best=15.174135208129883, f_min=10.210419224837096
2025-05-06 17:59:55,193 - INFO - Node 2: k=789.7469567994432, f_best=17.080368041992188, f_min=13.375429061372415
2025-05-06 17:59:55,193 - INFO - Node 3: k=868.7216524793876, f_best=15.133817672729492, f_min=14.790818971850968
2025-05-06 17:59:55,193 - INFO - Node 4: k=593.3485776104004, f_best=16.979156494140625, f_min=11.77884497895866
2025-05-06 17:59:55,193 - INFO - Node 5: k=789.7469567994432, f_best=15.041177749633789, f_min=11.787008082468674
2025-05-06 17:59:55,193 - INFO - Node 6: k=368.4227838451175, f_best=16.954692840576172, f_min=16.06045106725105
2025-05-06 17:59:55,193 - INFO - Node 7: k=789.7469567994432, f_best=15.039876937866211, f_min=14.56079688448881
2025-05-06 17:59:55,193 - INFO - Node 8: k=251.6377186292722, f_best=17.05799674987793, f_min=16.37815778687218
2025-05-06 17:59:55,193 - INFO - Node 9: k=717.9517789085846, f_best=15.008856773376465, f_min=8.43731509306599
2025-05-06 17:59:55,193 - INFO - Node 10: k=593.3485776104004, f_best=16.965124130249023, f_min=14.71403573308271
2025-05-06 17:59:55,193 - INFO - Node 11: k=652.6834353714405, f_best=14.972856521606445, f_min=12.875592019845499
2025-05-06 17:59:55,193 - INFO - Node 12: k=717.9517789085846, f_best=16.99230194091797, f_min=14.295028018274024
2025-05-06 17:59:55,193 - INFO - Node 13: k=539.4077978276367, f_best=14.953651428222656, f_min=8.67976073086902
2025-05-06 17:59:55,193 - INFO - cur_node_number 15,f_best 14.953651428222656,f_min 8.67976073086902,k 539.4077978276367
2025-05-06 17:59:55,193 - INFO - f_best_current 14.953651428222656,f_min 8.67976073086902
2025-05-06 18:00:17,189 - INFO - tree_node.f_best:14.953651428222656,left_f_best17.17352294921875,right_f_best15.169862747192383,i:1
2025-05-06 18:00:39,270 - INFO - tree_node.f_best:14.953651428222656,left_f_best16.974754333496094,right_f_best14.988971710205078,i:2
2025-05-06 18:01:03,065 - INFO - tree_node.f_best:14.953651428222656,left_f_best17.114086151123047,right_f_best15.000661849975586,i:3
2025-05-06 18:01:28,093 - INFO - tree_node.f_best:14.953651428222656,left_f_best17.009994506835938,right_f_best15.023285865783691,i:4
2025-05-06 18:01:54,042 - INFO - tree_node.f_best:14.953651428222656,left_f_best16.92991828918457,right_f_best14.913514137268066,i:5
2025-05-06 18:02:06,854 - INFO - 添加左子节点，右子节点，len(queue):8
2025-05-06 18:02:06,854 - INFO - Node 1: k=1156.2685194500652, f_best=15.174135208129883, f_min=10.210419224837096
2025-05-06 18:02:06,854 - INFO - Node 2: k=789.7469567994432, f_best=17.080368041992188, f_min=13.375429061372415
2025-05-06 18:02:06,854 - INFO - Node 3: k=868.7216524793876, f_best=15.133817672729492, f_min=14.790818971850968
2025-05-06 18:02:06,854 - INFO - Node 4: k=593.3485776104004, f_best=16.979156494140625, f_min=11.77884497895866
2025-05-06 18:02:06,854 - INFO - Node 5: k=789.7469567994432, f_best=15.041177749633789, f_min=11.787008082468674
2025-05-06 18:02:06,854 - INFO - Node 6: k=368.4227838451175, f_best=16.954692840576172, f_min=16.06045106725105
2025-05-06 18:02:06,854 - INFO - Node 7: k=789.7469567994432, f_best=15.039876937866211, f_min=14.56079688448881
2025-05-06 18:02:06,854 - INFO - Node 8: k=251.6377186292722, f_best=17.05799674987793, f_min=16.37815778687218
2025-05-06 18:02:06,854 - INFO - Node 9: k=717.9517789085846, f_best=15.008856773376465, f_min=8.43731509306599
2025-05-06 18:02:06,854 - INFO - Node 10: k=593.3485776104004, f_best=16.965124130249023, f_min=14.71403573308271
2025-05-06 18:02:06,854 - INFO - Node 11: k=652.6834353714405, f_best=14.972856521606445, f_min=12.875592019845499
2025-05-06 18:02:06,854 - INFO - Node 12: k=717.9517789085846, f_best=16.99230194091797, f_min=14.295028018274024
2025-05-06 18:02:06,854 - INFO - Node 13: k=539.4077978276367, f_best=14.953651428222656, f_min=8.67976073086902
2025-05-06 18:02:06,854 - INFO - Node 14: k=955.5938177273264, f_best=16.92991828918457, f_min=15.727388197366963
2025-05-06 18:02:06,854 - INFO - Node 15: k=593.3485776104004, f_best=14.913514137268066, f_min=10.354036834745784
2025-05-06 18:02:06,854 - INFO - cur_node_number 16,f_best 14.913514137268066,f_min 10.354036834745784,k 593.3485776104004
2025-05-06 18:02:06,854 - INFO - f_best_current 14.913514137268066,f_min 10.354036834745784
2025-05-06 18:02:06,854 - INFO - 回退,len(queue)=6
2025-05-06 18:02:28,898 - INFO - tree_node.f_best:14.953651428222656,left_f_best17.125152587890625,right_f_best15.149770736694336,i:1
2025-05-06 18:02:51,789 - INFO - tree_node.f_best:14.953651428222656,left_f_best17.125608444213867,right_f_best15.080385208129883,i:2
2025-05-06 18:03:15,787 - INFO - tree_node.f_best:14.953651428222656,left_f_best16.980575561523438,right_f_best15.066508293151855,i:3
2025-05-06 18:03:39,950 - INFO - tree_node.f_best:14.953651428222656,left_f_best16.936784744262695,right_f_best15.007698059082031,i:4
2025-05-06 18:04:05,958 - INFO - tree_node.f_best:14.953651428222656,left_f_best16.974376678466797,right_f_best14.965946197509766,i:5
2025-05-06 18:04:33,094 - INFO - tree_node.f_best:14.953651428222656,left_f_best16.957427978515625,right_f_best14.968099594116211,i:6
2025-05-06 18:05:00,633 - INFO - tree_node.f_best:14.953651428222656,left_f_best17.018203735351562,right_f_best14.995935440063477,i:7
2025-05-06 18:05:29,840 - INFO - tree_node.f_best:14.953651428222656,left_f_best16.902870178222656,right_f_best14.980308532714844,i:8
2025-05-06 18:06:00,091 - INFO - tree_node.f_best:14.953651428222656,left_f_best16.94438362121582,right_f_best14.845699310302734,i:9
2025-05-06 18:06:13,073 - INFO - 添加左子节点，右子节点，len(queue):8
2025-05-06 18:06:13,073 - INFO - Node 1: k=1156.2685194500652, f_best=15.174135208129883, f_min=10.210419224837096
2025-05-06 18:06:13,073 - INFO - Node 2: k=789.7469567994432, f_best=17.080368041992188, f_min=13.375429061372415
2025-05-06 18:06:13,073 - INFO - Node 3: k=868.7216524793876, f_best=15.133817672729492, f_min=14.790818971850968
2025-05-06 18:06:13,073 - INFO - Node 4: k=593.3485776104004, f_best=16.979156494140625, f_min=11.77884497895866
2025-05-06 18:06:13,073 - INFO - Node 5: k=789.7469567994432, f_best=15.041177749633789, f_min=11.787008082468674
2025-05-06 18:06:13,073 - INFO - Node 6: k=368.4227838451175, f_best=16.954692840576172, f_min=16.06045106725105
2025-05-06 18:06:13,073 - INFO - Node 7: k=789.7469567994432, f_best=15.039876937866211, f_min=14.56079688448881
2025-05-06 18:06:13,073 - INFO - Node 8: k=251.6377186292722, f_best=17.05799674987793, f_min=16.37815778687218
2025-05-06 18:06:13,073 - INFO - Node 9: k=717.9517789085846, f_best=15.008856773376465, f_min=8.43731509306599
2025-05-06 18:06:13,073 - INFO - Node 10: k=593.3485776104004, f_best=16.965124130249023, f_min=14.71403573308271
2025-05-06 18:06:13,073 - INFO - Node 11: k=652.6834353714405, f_best=14.972856521606445, f_min=12.875592019845499
2025-05-06 18:06:13,073 - INFO - Node 12: k=717.9517789085846, f_best=16.99230194091797, f_min=14.295028018274024
2025-05-06 18:06:13,073 - INFO - Node 13: k=593.3485776104004, f_best=14.953651428222656, f_min=8.67976073086902
2025-05-06 18:06:13,073 - INFO - Node 14: k=789.7469567994432, f_best=16.94438362121582, f_min=-1.3590580412419513
2025-05-06 18:06:13,073 - INFO - Node 15: k=868.7216524793876, f_best=14.845699310302734, f_min=14.56095502334938
2025-05-06 18:06:13,073 - INFO - cur_node_number 17,f_best 14.845699310302734,f_min 14.56095502334938,k 868.7216524793876
2025-05-06 18:06:13,073 - INFO - f_best_current 14.845699310302734,f_min 14.56095502334938
2025-05-06 18:06:13,073 - INFO - 回退,len(queue)=6
2025-05-06 18:06:13,073 - INFO - 回退,len(queue)=5
2025-05-06 18:06:13,073 - INFO - 回退,len(queue)=4
2025-05-06 18:06:13,073 - INFO - 回退,len(queue)=3
2025-05-06 18:06:13,073 - INFO - 回退,len(queue)=2
2025-05-06 18:06:35,074 - INFO - tree_node.f_best:15.041177749633789,left_f_best17.019987106323242,right_f_best15.025575637817383,i:1
2025-05-06 18:06:47,918 - INFO - 添加左子节点，右子节点，len(queue):4
2025-05-06 18:06:47,918 - INFO - Node 1: k=1156.2685194500652, f_best=15.174135208129883, f_min=10.210419224837096
2025-05-06 18:06:47,918 - INFO - Node 2: k=789.7469567994432, f_best=17.080368041992188, f_min=13.375429061372415
2025-05-06 18:06:47,918 - INFO - Node 3: k=868.7216524793876, f_best=15.133817672729492, f_min=14.790818971850968
2025-05-06 18:06:47,918 - INFO - Node 4: k=593.3485776104004, f_best=16.979156494140625, f_min=11.77884497895866
2025-05-06 18:06:47,918 - INFO - Node 5: k=868.7216524793876, f_best=15.041177749633789, f_min=11.787008082468674
2025-05-06 18:06:47,918 - INFO - Node 6: k=652.6834353714405, f_best=17.019987106323242, f_min=5.426166818768252
2025-05-06 18:06:47,918 - INFO - Node 7: k=1051.1531995000591, f_best=15.025575637817383, f_min=8.845673185591295
2025-05-06 18:06:47,918 - INFO - cur_node_number 18,f_best 15.025575637817383,f_min 8.845673185591295,k 1051.1531995000591
2025-05-06 18:06:47,918 - INFO - f_best_current 15.025575637817383,f_min 8.845673185591295
2025-05-06 18:06:47,918 - INFO - 回退,len(queue)=2
2025-05-06 18:06:47,918 - INFO - 回退,len(queue)=1
2025-05-06 18:07:09,529 - INFO - tree_node.f_best:15.133817672729492,left_f_best17.324390411376953,right_f_best15.12033462524414,i:1
2025-05-06 18:07:19,395 - INFO - 添加左子节点，右子节点，len(queue):3
2025-05-06 18:07:19,395 - INFO - Node 1: k=1156.2685194500652, f_best=15.174135208129883, f_min=10.210419224837096
2025-05-06 18:07:19,395 - INFO - Node 2: k=789.7469567994432, f_best=17.080368041992188, f_min=13.375429061372415
2025-05-06 18:07:19,395 - INFO - Node 3: k=1051.1531995000591, f_best=15.133817672729492, f_min=14.790818971850968
2025-05-06 18:07:19,395 - INFO - Node 4: k=171.87194770116258, f_best=17.324390411376953, f_min=15.070231246870208
2025-05-06 18:07:19,395 - INFO - Node 5: k=593.3485776104004, f_best=15.12033462524414, f_min=12.942908991884906
2025-05-06 18:07:19,395 - INFO - cur_node_number 19,f_best 15.12033462524414,f_min 12.942908991884906,k 593.3485776104004
2025-05-06 18:07:19,395 - INFO - f_best_current 15.12033462524414,f_min 12.942908991884906
2025-05-06 18:07:41,399 - INFO - tree_node.f_best:15.12033462524414,left_f_best17.0635986328125,right_f_best15.08026123046875,i:1
2025-05-06 18:07:54,151 - INFO - 添加左子节点，右子节点，len(queue):4
2025-05-06 18:07:54,151 - INFO - Node 1: k=1156.2685194500652, f_best=15.174135208129883, f_min=10.210419224837096
2025-05-06 18:07:54,151 - INFO - Node 2: k=789.7469567994432, f_best=17.080368041992188, f_min=13.375429061372415
2025-05-06 18:07:54,151 - INFO - Node 3: k=1051.1531995000591, f_best=15.133817672729492, f_min=14.790818971850968
2025-05-06 18:07:54,151 - INFO - Node 4: k=171.87194770116258, f_best=17.324390411376953, f_min=15.070231246870208
2025-05-06 18:07:54,151 - INFO - Node 5: k=593.3485776104004, f_best=15.12033462524414, f_min=12.942908991884906
2025-05-06 18:07:54,151 - INFO - Node 6: k=539.4077978276367, f_best=17.0635986328125, f_min=12.28738036314462
2025-05-06 18:07:54,151 - INFO - Node 7: k=1051.1531995000591, f_best=15.08026123046875, f_min=8.876933647283295
2025-05-06 18:07:54,151 - INFO - cur_node_number 20,f_best 15.08026123046875,f_min 8.876933647283295,k 1051.1531995000591
2025-05-06 18:07:54,151 - INFO - f_best_current 15.08026123046875,f_min 8.876933647283295
2025-05-06 18:07:54,151 - INFO - 回退,len(queue)=2
2025-05-06 18:08:16,279 - INFO - tree_node.f_best:15.12033462524414,left_f_best17.09170150756836,right_f_best15.109424591064453,i:1
2025-05-06 18:08:28,178 - INFO - 添加左子节点，右子节点，len(queue):4
2025-05-06 18:08:28,178 - INFO - Node 1: k=1156.2685194500652, f_best=15.174135208129883, f_min=10.210419224837096
2025-05-06 18:08:28,178 - INFO - Node 2: k=789.7469567994432, f_best=17.080368041992188, f_min=13.375429061372415
2025-05-06 18:08:28,178 - INFO - Node 3: k=1051.1531995000591, f_best=15.133817672729492, f_min=14.790818971850968
2025-05-06 18:08:28,178 - INFO - Node 4: k=171.87194770116258, f_best=17.324390411376953, f_min=15.070231246870208
2025-05-06 18:08:28,178 - INFO - Node 5: k=1051.1531995000591, f_best=15.12033462524414, f_min=12.942908991884906
2025-05-06 18:08:28,178 - INFO - Node 6: k=789.7469567994432, f_best=17.09170150756836, f_min=-8.89555790812301
2025-05-06 18:08:28,178 - INFO - Node 7: k=405.2650622296293, f_best=15.109424591064453, f_min=-1.0476691721996758
2025-05-06 18:08:28,178 - INFO - cur_node_number 21,f_best 15.109424591064453,f_min -1.0476691721996758,k 405.2650622296293
2025-05-06 18:08:28,178 - INFO - f_best_current 15.109424591064453,f_min -1.0476691721996758
2025-05-06 18:08:50,175 - INFO - tree_node.f_best:15.109424591064453,left_f_best17.038169860839844,right_f_best15.240067481994629,i:1
2025-05-06 18:09:12,983 - INFO - tree_node.f_best:15.109424591064453,left_f_best16.99474334716797,right_f_best15.08380126953125,i:2
2025-05-06 18:09:27,052 - INFO - 添加左子节点，右子节点，len(queue):5
2025-05-06 18:09:27,052 - INFO - Node 1: k=1156.2685194500652, f_best=15.174135208129883, f_min=10.210419224837096
2025-05-06 18:09:27,052 - INFO - Node 2: k=789.7469567994432, f_best=17.080368041992188, f_min=13.375429061372415
2025-05-06 18:09:27,052 - INFO - Node 3: k=1051.1531995000591, f_best=15.133817672729492, f_min=14.790818971850968
2025-05-06 18:09:27,052 - INFO - Node 4: k=171.87194770116258, f_best=17.324390411376953, f_min=15.070231246870208
2025-05-06 18:09:27,052 - INFO - Node 5: k=1051.1531995000591, f_best=15.12033462524414, f_min=12.942908991884906
2025-05-06 18:09:27,052 - INFO - Node 6: k=789.7469567994432, f_best=17.09170150756836, f_min=-8.89555790812301
2025-05-06 18:09:27,052 - INFO - Node 7: k=405.2650622296293, f_best=15.109424591064453, f_min=-1.0476691721996758
2025-05-06 18:09:27,052 - INFO - Node 8: k=789.7469567994432, f_best=16.99474334716797, f_min=10.148087744324584
2025-05-06 18:09:27,052 - INFO - Node 9: k=1399.0849085345792, f_best=15.08380126953125, f_min=10.977577197125356
2025-05-06 18:09:27,052 - INFO - cur_node_number 22,f_best 15.08380126953125,f_min 10.977577197125356,k 1399.0849085345792
2025-05-06 18:09:27,052 - INFO - f_best_current 15.08380126953125,f_min 10.977577197125356
2025-05-06 18:09:27,052 - INFO - 回退,len(queue)=3
2025-05-06 18:09:27,052 - INFO - 回退,len(queue)=2
2025-05-06 18:09:27,052 - INFO - 回退,len(queue)=1
2025-05-06 18:09:27,068 - INFO - 回退,len(queue)=0
2025-05-06 18:09:48,435 - INFO - tree_node.f_best:15.174135208129883,left_f_best16.983123779296875,right_f_best15.155306816101074,i:1
2025-05-06 18:09:59,111 - INFO - 添加左子节点，右子节点，len(queue):2
2025-05-06 18:09:59,111 - INFO - Node 1: k=1399.0849085345792, f_best=15.174135208129883, f_min=10.210419224837096
2025-05-06 18:09:59,111 - INFO - Node 2: k=304.4816395414194, f_best=16.983123779296875, f_min=16.095318938716446
2025-05-06 18:09:59,111 - INFO - Node 3: k=490.3707252978515, f_best=15.155306816101074, f_min=14.656037066215504
2025-05-06 18:09:59,111 - INFO - cur_node_number 23,f_best 15.155306816101074,f_min 14.656037066215504,k 490.3707252978515
2025-05-06 18:09:59,111 - INFO - f_best_current 15.155306816101074,f_min 14.656037066215504
2025-05-06 18:10:20,956 - INFO - tree_node.f_best:15.155306816101074,left_f_best17.08037567138672,right_f_best15.136945724487305,i:1
2025-05-06 18:10:33,747 - INFO - 添加左子节点，右子节点，len(queue):3
2025-05-06 18:10:33,747 - INFO - Node 1: k=1399.0849085345792, f_best=15.174135208129883, f_min=10.210419224837096
2025-05-06 18:10:33,747 - INFO - Node 2: k=304.4816395414194, f_best=16.983123779296875, f_min=16.095318938716446
2025-05-06 18:10:33,747 - INFO - Node 3: k=490.3707252978515, f_best=15.155306816101074, f_min=14.656037066215504
2025-05-06 18:10:33,747 - INFO - Node 4: k=652.6834353714405, f_best=17.08037567138672, f_min=14.86671937907522
2025-05-06 18:10:33,747 - INFO - Node 5: k=868.7216524793876, f_best=15.136945724487305, f_min=-21.13338138519248
2025-05-06 18:10:33,747 - INFO - cur_node_number 24,f_best 15.136945724487305,f_min -21.13338138519248,k 868.7216524793876
2025-05-06 18:10:33,747 - INFO - f_best_current 15.136945724487305,f_min -21.13338138519248
2025-05-06 18:10:33,747 - INFO - 回退,len(queue)=1
2025-05-06 18:10:55,062 - INFO - tree_node.f_best:15.155306816101074,left_f_best17.078346252441406,right_f_best15.150611877441406,i:1
2025-05-06 18:11:06,600 - INFO - 添加左子节点，右子节点，len(queue):3
2025-05-06 18:11:06,600 - INFO - Node 1: k=1399.0849085345792, f_best=15.174135208129883, f_min=10.210419224837096
2025-05-06 18:11:06,600 - INFO - Node 2: k=304.4816395414194, f_best=16.983123779296875, f_min=16.095318938716446
2025-05-06 18:11:06,600 - INFO - Node 3: k=868.7216524793876, f_best=15.155306816101074, f_min=14.656037066215504
2025-05-06 18:11:06,600 - INFO - Node 4: k=539.4077978276367, f_best=17.078346252441406, f_min=15.024188926970965
2025-05-06 18:11:06,600 - INFO - Node 5: k=445.79156845259223, f_best=15.150611877441406, f_min=12.475774015665593
2025-05-06 18:11:06,600 - INFO - cur_node_number 25,f_best 15.150611877441406,f_min 12.475774015665593,k 445.79156845259223
2025-05-06 18:11:06,600 - INFO - f_best_current 15.150611877441406,f_min 12.475774015665593
2025-05-06 18:11:28,519 - INFO - tree_node.f_best:15.150611877441406,left_f_best17.098121643066406,right_f_best15.179390907287598,i:1
2025-05-06 18:11:51,175 - INFO - tree_node.f_best:15.150611877441406,left_f_best17.03253173828125,right_f_best15.090482711791992,i:2
2025-05-06 18:12:02,328 - INFO - 添加左子节点，右子节点，len(queue):4
2025-05-06 18:12:02,328 - INFO - Node 1: k=1399.0849085345792, f_best=15.174135208129883, f_min=10.210419224837096
2025-05-06 18:12:02,328 - INFO - Node 2: k=304.4816395414194, f_best=16.983123779296875, f_min=16.095318938716446
2025-05-06 18:12:02,328 - INFO - Node 3: k=868.7216524793876, f_best=15.155306816101074, f_min=14.656037066215504
2025-05-06 18:12:02,328 - INFO - Node 4: k=539.4077978276367, f_best=17.078346252441406, f_min=15.024188926970965
2025-05-06 18:12:02,328 - INFO - Node 5: k=445.79156845259223, f_best=15.150611877441406, f_min=12.475774015665593
2025-05-06 18:12:02,328 - INFO - Node 6: k=539.4077978276367, f_best=17.03253173828125, f_min=9.807181803655112
2025-05-06 18:12:02,328 - INFO - Node 7: k=405.2650622296293, f_best=15.090482711791992, f_min=12.821693351781505
2025-05-06 18:12:02,328 - INFO - cur_node_number 26,f_best 15.090482711791992,f_min 12.821693351781505,k 405.2650622296293
2025-05-06 18:12:02,328 - INFO - f_best_current 15.090482711791992,f_min 12.821693351781505
2025-05-06 18:12:23,313 - INFO - tree_node.f_best:15.090482711791992,left_f_best16.974658966064453,right_f_best15.037460327148438,i:1
2025-05-06 18:12:33,311 - INFO - 添加左子节点，右子节点，len(queue):5
2025-05-06 18:12:33,311 - INFO - Node 1: k=1399.0849085345792, f_best=15.174135208129883, f_min=10.210419224837096
2025-05-06 18:12:33,311 - INFO - Node 2: k=304.4816395414194, f_best=16.983123779296875, f_min=16.095318938716446
2025-05-06 18:12:33,311 - INFO - Node 3: k=868.7216524793876, f_best=15.155306816101074, f_min=14.656037066215504
2025-05-06 18:12:33,311 - INFO - Node 4: k=539.4077978276367, f_best=17.078346252441406, f_min=15.024188926970965
2025-05-06 18:12:33,311 - INFO - Node 5: k=445.79156845259223, f_best=15.150611877441406, f_min=12.475774015665593
2025-05-06 18:12:33,311 - INFO - Node 6: k=539.4077978276367, f_best=17.03253173828125, f_min=9.807181803655112
2025-05-06 18:12:33,311 - INFO - Node 7: k=405.2650622296293, f_best=15.090482711791992, f_min=12.821693351781505
2025-05-06 18:12:33,311 - INFO - Node 8: k=276.80149049219943, f_best=16.974658966064453, f_min=12.332910028528204
2025-05-06 18:12:33,311 - INFO - Node 9: k=868.7216524793876, f_best=15.037460327148438, f_min=3.7735908171889605
2025-05-06 18:12:33,311 - INFO - cur_node_number 27,f_best 15.037460327148438,f_min 3.7735908171889605,k 868.7216524793876
2025-05-06 18:12:33,311 - INFO - f_best_current 15.037460327148438,f_min 3.7735908171889605
2025-05-06 18:12:33,311 - INFO - 回退,len(queue)=3
2025-05-06 18:12:33,311 - INFO - 回退,len(queue)=2
2025-05-06 18:12:55,190 - INFO - tree_node.f_best:15.150611877441406,left_f_best17.07550048828125,right_f_best15.038147926330566,i:1
2025-05-06 18:13:07,037 - INFO - 添加左子节点，右子节点，len(queue):4
2025-05-06 18:13:07,037 - INFO - Node 1: k=1399.0849085345792, f_best=15.174135208129883, f_min=10.210419224837096
2025-05-06 18:13:07,037 - INFO - Node 2: k=304.4816395414194, f_best=16.983123779296875, f_min=16.095318938716446
2025-05-06 18:13:07,037 - INFO - Node 3: k=868.7216524793876, f_best=15.155306816101074, f_min=14.656037066215504
2025-05-06 18:13:07,037 - INFO - Node 4: k=539.4077978276367, f_best=17.078346252441406, f_min=15.024188926970965
2025-05-06 18:13:07,037 - INFO - Node 5: k=868.7216524793876, f_best=15.150611877441406, f_min=12.475774015665593
2025-05-06 18:13:07,037 - INFO - Node 6: k=490.3707252978515, f_best=17.07550048828125, f_min=16.819166815752396
2025-05-06 18:13:07,037 - INFO - Node 7: k=652.6834353714405, f_best=15.038147926330566, f_min=13.754841322708671
2025-05-06 18:13:07,037 - INFO - cur_node_number 28,f_best 15.038147926330566,f_min 13.754841322708671,k 652.6834353714405
2025-05-06 18:13:07,037 - INFO - f_best_current 15.038147926330566,f_min 13.754841322708671
2025-05-06 18:13:29,017 - INFO - tree_node.f_best:15.038147926330566,left_f_best17.159801483154297,right_f_best15.076530456542969,i:1
2025-05-06 18:13:51,726 - INFO - tree_node.f_best:15.038147926330566,left_f_best17.065380096435547,right_f_best15.047389030456543,i:2
2025-05-06 18:14:15,272 - INFO - tree_node.f_best:15.038147926330566,left_f_best17.076011657714844,right_f_best15.149950981140137,i:3
2025-05-06 18:14:40,370 - INFO - tree_node.f_best:15.038147926330566,left_f_best17.088275909423828,right_f_best14.94573974609375,i:4
2025-05-06 18:14:53,312 - INFO - 添加左子节点，右子节点，len(queue):5
2025-05-06 18:14:53,312 - INFO - Node 1: k=1399.0849085345792, f_best=15.174135208129883, f_min=10.210419224837096
2025-05-06 18:14:53,312 - INFO - Node 2: k=304.4816395414194, f_best=16.983123779296875, f_min=16.095318938716446
2025-05-06 18:14:53,312 - INFO - Node 3: k=868.7216524793876, f_best=15.155306816101074, f_min=14.656037066215504
2025-05-06 18:14:53,312 - INFO - Node 4: k=539.4077978276367, f_best=17.078346252441406, f_min=15.024188926970965
2025-05-06 18:14:53,312 - INFO - Node 5: k=868.7216524793876, f_best=15.150611877441406, f_min=12.475774015665593
2025-05-06 18:14:53,312 - INFO - Node 6: k=490.3707252978515, f_best=17.07550048828125, f_min=16.819166815752396
2025-05-06 18:14:53,312 - INFO - Node 7: k=652.6834353714405, f_best=15.038147926330566, f_min=13.754841322708671
2025-05-06 18:14:53,312 - INFO - Node 8: k=868.7216524793876, f_best=17.088275909423828, f_min=13.758235373174102
2025-05-06 18:14:53,327 - INFO - Node 9: k=652.6834353714405, f_best=14.94573974609375, f_min=14.114449562515802
2025-05-06 18:14:53,327 - INFO - cur_node_number 29,f_best 14.94573974609375,f_min 14.114449562515802,k 652.6834353714405
2025-05-06 18:14:53,327 - INFO - f_best_current 14.94573974609375,f_min 14.114449562515802
2025-05-06 18:15:11,030 - INFO - tree_node.f_best:14.94573974609375,left_f_best17.07501220703125,right_f_best15.105457305908203,i:1
2025-05-06 18:15:27,887 - INFO - tree_node.f_best:14.94573974609375,left_f_best17.063003540039062,right_f_best15.023433685302734,i:2
2025-05-06 18:15:45,615 - INFO - tree_node.f_best:14.94573974609375,left_f_best17.127389907836914,right_f_best15.120084762573242,i:3
2025-05-06 18:16:03,295 - INFO - tree_node.f_best:14.94573974609375,left_f_best17.025623321533203,right_f_best14.925148010253906,i:4
2025-05-06 18:16:11,726 - INFO - 添加左子节点，右子节点，len(queue):6
2025-05-06 18:16:11,726 - INFO - Node 1: k=1399.0849085345792, f_best=15.174135208129883, f_min=10.210419224837096
2025-05-06 18:16:11,726 - INFO - Node 2: k=304.4816395414194, f_best=16.983123779296875, f_min=16.095318938716446
2025-05-06 18:16:11,726 - INFO - Node 3: k=868.7216524793876, f_best=15.155306816101074, f_min=14.656037066215504
2025-05-06 18:16:11,726 - INFO - Node 4: k=539.4077978276367, f_best=17.078346252441406, f_min=15.024188926970965
2025-05-06 18:16:11,726 - INFO - Node 5: k=868.7216524793876, f_best=15.150611877441406, f_min=12.475774015665593
2025-05-06 18:16:11,726 - INFO - Node 6: k=490.3707252978515, f_best=17.07550048828125, f_min=16.819166815752396
2025-05-06 18:16:11,726 - INFO - Node 7: k=652.6834353714405, f_best=15.038147926330566, f_min=13.754841322708671
2025-05-06 18:16:11,726 - INFO - Node 8: k=868.7216524793876, f_best=17.088275909423828, f_min=13.758235373174102
2025-05-06 18:16:11,726 - INFO - Node 9: k=652.6834353714405, f_best=14.94573974609375, f_min=14.114449562515802
2025-05-06 18:16:11,726 - INFO - Node 10: k=405.2650622296293, f_best=17.025623321533203, f_min=13.281118293043619
2025-05-06 18:16:11,726 - INFO - Node 11: k=717.9517789085846, f_best=14.925148010253906, f_min=12.877789861973724
2025-05-06 18:16:11,726 - INFO - cur_node_number 30,f_best 14.925148010253906,f_min 12.877789861973724,k 717.9517789085846
2025-05-06 18:16:11,726 - INFO - f_best_current 14.925148010253906,f_min 12.877789861973724
2025-05-06 18:16:11,726 - INFO - 回退,len(queue)=4
2025-05-06 18:16:11,726 - INFO - 回退,len(queue)=3
2025-05-06 18:16:27,422 - INFO - tree_node.f_best:15.038147926330566,left_f_best17.012208938598633,right_f_best15.060798645019531,i:1
2025-05-06 18:16:44,255 - INFO - tree_node.f_best:15.038147926330566,left_f_best17.030080795288086,right_f_best15.08625316619873,i:2
2025-05-06 18:17:01,501 - INFO - tree_node.f_best:15.038147926330566,left_f_best17.034719467163086,right_f_best15.080117225646973,i:3
2025-05-06 18:17:19,843 - INFO - tree_node.f_best:15.038147926330566,left_f_best16.941898345947266,right_f_best15.031185150146484,i:4
2025-05-06 18:17:31,565 - INFO - 添加左子节点，右子节点，len(queue):5
2025-05-06 18:17:31,565 - INFO - Node 1: k=1399.0849085345792, f_best=15.174135208129883, f_min=10.210419224837096
2025-05-06 18:17:31,565 - INFO - Node 2: k=304.4816395414194, f_best=16.983123779296875, f_min=16.095318938716446
2025-05-06 18:17:31,565 - INFO - Node 3: k=868.7216524793876, f_best=15.155306816101074, f_min=14.656037066215504
2025-05-06 18:17:31,565 - INFO - Node 4: k=539.4077978276367, f_best=17.078346252441406, f_min=15.024188926970965
2025-05-06 18:17:31,565 - INFO - Node 5: k=868.7216524793876, f_best=15.150611877441406, f_min=12.475774015665593
2025-05-06 18:17:31,565 - INFO - Node 6: k=490.3707252978515, f_best=17.07550048828125, f_min=16.819166815752396
2025-05-06 18:17:31,565 - INFO - Node 7: k=717.9517789085846, f_best=15.038147926330566, f_min=13.754841322708671
2025-05-06 18:17:31,565 - INFO - Node 8: k=2726.4206856132723, f_best=16.941898345947266, f_min=12.47508064401336
2025-05-06 18:17:31,565 - INFO - Node 9: k=1399.0849085345792, f_best=15.031185150146484, f_min=2.242351698150742
2025-05-06 18:17:31,565 - INFO - cur_node_number 31,f_best 15.031185150146484,f_min 2.242351698150742,k 1399.0849085345792
2025-05-06 18:17:31,565 - INFO - f_best_current 15.031185150146484,f_min 2.242351698150742
2025-05-06 18:17:31,565 - INFO - 回退,len(queue)=3
2025-05-06 18:17:31,565 - INFO - 回退,len(queue)=2
2025-05-06 18:17:31,565 - INFO - 回退,len(queue)=1
2025-05-06 18:17:47,416 - INFO - tree_node.f_best:15.155306816101074,left_f_best17.118146896362305,right_f_best15.065536499023438,i:1
2025-05-06 18:17:55,989 - INFO - 添加左子节点，右子节点，len(queue):3
2025-05-06 18:17:55,989 - INFO - Node 1: k=1399.0849085345792, f_best=15.174135208129883, f_min=10.210419224837096
2025-05-06 18:17:55,989 - INFO - Node 2: k=304.4816395414194, f_best=16.983123779296875, f_min=16.095318938716446
2025-05-06 18:17:55,989 - INFO - Node 3: k=1399.0849085345792, f_best=15.155306816101074, f_min=14.656037066215504
2025-05-06 18:17:55,989 - INFO - Node 4: k=490.3707252978515, f_best=17.118146896362305, f_min=12.19609972341641
2025-05-06 18:17:56,005 - INFO - Node 5: k=593.3485776104004, f_best=15.065536499023438, f_min=15.023529377882369
2025-05-06 18:17:56,005 - INFO - cur_node_number 32,f_best 15.065536499023438,f_min 15.023529377882369,k 593.3485776104004
2025-05-06 18:17:56,005 - INFO - f_best_current 15.065536499023438,f_min 15.023529377882369
2025-05-06 18:17:56,005 - INFO - bestx
2025-05-06 18:17:56,005 - INFO - [4.95901534e-02 3.16496192e-04 3.37288134e-03 5.37768762e-05
 3.15036645e-02 1.63007754e-02 4.15278857e-02 4.99605113e-02
 4.97745014e-02 4.99509472e-02 4.96300154e-02 1.84383767e-03
 3.80474395e-04 4.39952740e-05 1.59576181e-04 4.86921795e-02
 1.12299444e-02 5.60454616e-05 4.95531970e-03 3.14662983e-05
 5.59193881e-04 8.86838768e-06 4.63139684e-05 1.64459859e-02
 4.99801966e-02 1.28276260e-03 3.30939036e-04 1.81835552e-03
 4.94409292e-02 4.44181013e-02 4.89990035e-02 4.99095172e-02
 4.93003368e-02 2.88046893e-01 9.42179735e-01 5.87978618e-01
 4.97386315e-02 4.89654574e-02 4.98724812e-02 4.99964942e-02
 4.84723241e-02 4.93062124e-02 9.86696619e-05 3.98389657e-02
 5.74875300e-03 4.99238362e-02 4.89037084e-01 6.36307543e-01
 9.01112577e-01 8.50404224e-01 6.45906635e-01 1.97985511e-01
 3.58725324e-06 2.15980617e-02 7.67997944e-04 2.17064992e-03
 1.78336250e-03 4.94540922e-02 3.61871757e-10 1.69328933e-01
 9.08279792e-01 1.34386245e-01 1.29957831e-01 1.30995932e-01
 6.29740567e-01 9.26733492e-01 7.94856767e-01 3.25993165e-02
 5.33527151e-05 4.83948906e-02 4.98385922e-02 4.97622452e-02
 4.28292465e-02 8.57568450e-01 5.46292817e-01 3.48561019e-03
 2.43127030e-04 1.19564678e-04 4.98332408e-02 1.21659251e-01
 7.82156671e-01 5.05335219e-01 4.89342094e-02 4.84262926e-02
 4.98770261e-02 4.97014705e-02 4.59209316e-02 8.83403136e-01
 1.67641359e-01 4.95402874e-02 2.08372381e-03 4.95346466e-02
 4.99639806e-02 4.92709397e-02 3.18871039e-01 8.99316370e-01
 4.80262776e-02 4.96543390e-02 4.62574111e-02 4.96628093e-02
 1.50950226e-01 7.85373102e-01 4.97922492e-02 4.96861876e-02
 4.99221518e-02 4.99496917e-02 4.99945477e-02 4.74267836e-02
 6.23953054e-01 6.40523493e-01 8.84005573e-05 3.84756980e-04
 3.04989850e-02 2.17860703e-05 1.83107754e-01 8.67660601e-01
 8.84423214e-03 2.84597072e-03 1.55688570e-03 4.19204259e-04
 1.52807258e-03 2.70552683e-01 8.99586004e-01 5.98550882e-02
 1.82345673e-04 4.98715545e-02 4.98385456e-02 3.53956214e-04
 1.57843794e-03 8.59807161e-01 5.47597987e-01 3.35306176e-04
 7.34877154e-04 6.43421394e-02 3.57155635e-01 8.63511733e-01
 1.82028033e-01 1.92820982e-03 4.99730555e-02 4.92007168e-02
 4.77103617e-02 4.99771740e-02 4.98086195e-02 4.73473526e-01
 8.87346650e-01 5.24334779e-01 3.98428421e-01 8.20800808e-01
 9.25088552e-01 5.74459798e-01 5.76926749e-02 4.98356603e-02
 4.02888404e-06 1.43240715e-04 2.04444211e-04 7.20572184e-05
 3.32214258e-04 1.11305376e-03 4.67230858e-01 8.87309616e-01
 8.91179065e-01 5.06500254e-01 3.00192060e-01 4.99121018e-02
 4.98556780e-02 4.84766536e-02 3.93412428e-03 4.25026825e-02
 2.40016585e-05 4.74748332e-02 4.96621434e-02 4.99947573e-02
 4.94716368e-02 4.90500683e-02 4.99485694e-02 4.93769013e-02
 3.45469325e-06 1.79375833e-05 2.08221371e-06 1.28914950e-03
 2.39319299e-05 4.62711400e-02 4.98984541e-02 5.00000000e-02
 4.82152423e-02 1.21607514e-06 7.09642528e-04 1.04868780e-02
 4.90045530e-02 1.70493088e-04 9.61241236e-04 2.27653166e-06
 1.84278800e-04 2.29363390e-05 3.92119595e-07 1.72104443e-03]
2025-05-06 18:17:56,005 - INFO - 结束,fmin= 15.023529377882369, fbestmin=15.065536499023438
