2025-05-06 20:34:54,754 - INFO - Namespace(log_file='outputsconfidence/DNN4/img[3]/min/DNN4img3_label3.log', image_path='img[3].png', model_path='network/DNN4.pth', label=3, init_epsilon=0.05, epsilon=0.01, ep=1, min=1)
2025-05-06 20:34:54,765 - INFO - Model output: 16.211200714111328
2025-05-06 20:35:07,552 - INFO - cur_node_number 1,f_best 8.375358581542969,f_min 7.955320170745836,k 1678.4786838118014
2025-05-06 20:35:07,552 - INFO - f_best_current 8.375358581542969,f_min 7.955320170745836
2025-05-06 20:35:27,331 - INFO - tree_node.f_best:8.375358581542969,left_f_best9.718310356140137,right_f_best8.236454010009766,i:1
2025-05-06 20:35:35,364 - INFO - 添加左子节点，右子节点，len(queue):2
2025-05-06 20:35:35,365 - INFO - Node 1: k=1678.4786838118014, f_best=8.375358581542969, f_min=7.955320170745836
2025-05-06 20:35:35,365 - INFO - Node 2: k=490.3707252978515, f_best=9.718310356140137, f_min=6.845954467456977
2025-05-06 20:35:35,365 - INFO - Node 3: k=207.96505671840674, f_best=8.236454010009766, f_min=6.872784793452411
2025-05-06 20:35:35,365 - INFO - cur_node_number 2,f_best 8.236454010009766,f_min 6.872784793452411,k 207.96505671840674
2025-05-06 20:35:35,365 - INFO - f_best_current 8.236454010009766,f_min 6.872784793452411
2025-05-06 20:35:55,666 - INFO - tree_node.f_best:8.236454010009766,left_f_best9.57343864440918,right_f_best8.217194557189941,i:1
2025-05-06 20:36:04,776 - INFO - 添加左子节点，右子节点，len(queue):3
2025-05-06 20:36:04,776 - INFO - Node 1: k=1678.4786838118014, f_best=8.375358581542969, f_min=7.955320170745836
2025-05-06 20:36:04,776 - INFO - Node 2: k=490.3707252978515, f_best=9.718310356140137, f_min=6.845954467456977
2025-05-06 20:36:04,777 - INFO - Node 3: k=207.96505671840674, f_best=8.236454010009766, f_min=6.872784793452411
2025-05-06 20:36:04,777 - INFO - Node 4: k=490.3707252978515, f_best=9.57343864440918, f_min=7.34810226315858
2025-05-06 20:36:04,777 - INFO - Node 5: k=490.3707252978515, f_best=8.217194557189941, f_min=1.888184522764277
2025-05-06 20:36:04,777 - INFO - cur_node_number 3,f_best 8.217194557189941,f_min 1.888184522764277,k 490.3707252978515
2025-05-06 20:36:04,777 - INFO - f_best_current 8.217194557189941,f_min 1.888184522764277
2025-05-06 20:36:04,777 - INFO - 回退,len(queue)=1
2025-05-06 20:36:24,362 - INFO - tree_node.f_best:8.236454010009766,left_f_best9.396967887878418,right_f_best8.429956436157227,i:1
2025-05-06 20:36:45,329 - INFO - tree_node.f_best:8.236454010009766,left_f_best9.619487762451172,right_f_best8.081182479858398,i:2
2025-05-06 20:36:54,109 - INFO - 添加左子节点，右子节点，len(queue):3
2025-05-06 20:36:54,109 - INFO - Node 1: k=1678.4786838118014, f_best=8.375358581542969, f_min=7.955320170745836
2025-05-06 20:36:54,109 - INFO - Node 2: k=490.3707252978515, f_best=9.718310356140137, f_min=6.845954467456977
2025-05-06 20:36:54,109 - INFO - Node 3: k=490.3707252978515, f_best=8.236454010009766, f_min=6.872784793452411
2025-05-06 20:36:54,110 - INFO - Node 4: k=539.4077978276367, f_best=9.619487762451172, f_min=-0.8741686184821447
2025-05-06 20:36:54,110 - INFO - Node 5: k=368.4227838451175, f_best=8.081182479858398, f_min=5.63389635501062
2025-05-06 20:36:54,110 - INFO - cur_node_number 4,f_best 8.081182479858398,f_min 5.63389635501062,k 368.4227838451175
2025-05-06 20:36:54,110 - INFO - f_best_current 8.081182479858398,f_min 5.63389635501062
2025-05-06 20:37:13,308 - INFO - tree_node.f_best:8.081182479858398,left_f_best9.347911834716797,right_f_best8.28105640411377,i:1
2025-05-06 20:37:34,075 - INFO - tree_node.f_best:8.081182479858398,left_f_best9.395249366760254,right_f_best8.221261978149414,i:2
2025-05-06 20:37:55,716 - INFO - tree_node.f_best:8.081182479858398,left_f_best9.544698715209961,right_f_best8.18354606628418,i:3
2025-05-06 20:38:18,704 - INFO - tree_node.f_best:8.081182479858398,left_f_best9.49361801147461,right_f_best8.302305221557617,i:4
2025-05-06 20:38:42,682 - INFO - tree_node.f_best:8.081182479858398,left_f_best9.463560104370117,right_f_best7.992406845092773,i:5
2025-05-06 20:38:53,012 - INFO - 添加左子节点，右子节点，len(queue):4
2025-05-06 20:38:53,012 - INFO - Node 1: k=1678.4786838118014, f_best=8.375358581542969, f_min=7.955320170745836
2025-05-06 20:38:53,012 - INFO - Node 2: k=490.3707252978515, f_best=9.718310356140137, f_min=6.845954467456977
2025-05-06 20:38:53,012 - INFO - Node 3: k=490.3707252978515, f_best=8.236454010009766, f_min=6.872784793452411
2025-05-06 20:38:53,012 - INFO - Node 4: k=539.4077978276367, f_best=9.619487762451172, f_min=-0.8741686184821447
2025-05-06 20:38:53,012 - INFO - Node 5: k=368.4227838451175, f_best=8.081182479858398, f_min=5.63389635501062
2025-05-06 20:38:53,012 - INFO - Node 6: k=539.4077978276367, f_best=9.463560104370117, f_min=6.240617954419577
2025-05-06 20:38:53,013 - INFO - Node 7: k=1156.2685194500652, f_best=7.992406845092773, f_min=0.07419603244852624
2025-05-06 20:38:53,013 - INFO - cur_node_number 5,f_best 7.992406845092773,f_min 0.07419603244852624,k 1156.2685194500652
2025-05-06 20:38:53,013 - INFO - f_best_current 7.992406845092773,f_min 0.07419603244852624
2025-05-06 20:38:53,013 - INFO - 回退,len(queue)=2
2025-05-06 20:38:53,013 - INFO - 回退,len(queue)=1
2025-05-06 20:39:13,096 - INFO - tree_node.f_best:8.236454010009766,left_f_best9.408302307128906,right_f_best8.20706558227539,i:1
2025-05-06 20:39:22,878 - INFO - 添加左子节点，右子节点，len(queue):3
2025-05-06 20:39:22,878 - INFO - Node 1: k=1678.4786838118014, f_best=8.375358581542969, f_min=7.955320170745836
2025-05-06 20:39:22,878 - INFO - Node 2: k=490.3707252978515, f_best=9.718310356140137, f_min=6.845954467456977
2025-05-06 20:39:22,878 - INFO - Node 3: k=1156.2685194500652, f_best=8.236454010009766, f_min=6.872784793452411
2025-05-06 20:39:22,879 - INFO - Node 4: k=1051.1531995000591, f_best=9.408302307128906, f_min=4.285550702788896
2025-05-06 20:39:22,879 - INFO - Node 5: k=405.2650622296293, f_best=8.20706558227539, f_min=5.015554789250018
2025-05-06 20:39:22,879 - INFO - cur_node_number 6,f_best 8.20706558227539,f_min 5.015554789250018,k 405.2650622296293
2025-05-06 20:39:22,879 - INFO - f_best_current 8.20706558227539,f_min 5.015554789250018
2025-05-06 20:39:43,106 - INFO - tree_node.f_best:8.20706558227539,left_f_best9.296536445617676,right_f_best8.280943870544434,i:1
2025-05-06 20:40:04,006 - INFO - tree_node.f_best:8.20706558227539,left_f_best9.385675430297852,right_f_best8.11867618560791,i:2
2025-05-06 20:40:14,022 - INFO - 添加左子节点，右子节点，len(queue):4
2025-05-06 20:40:14,022 - INFO - Node 1: k=1678.4786838118014, f_best=8.375358581542969, f_min=7.955320170745836
2025-05-06 20:40:14,022 - INFO - Node 2: k=490.3707252978515, f_best=9.718310356140137, f_min=6.845954467456977
2025-05-06 20:40:14,022 - INFO - Node 3: k=1156.2685194500652, f_best=8.236454010009766, f_min=6.872784793452411
2025-05-06 20:40:14,023 - INFO - Node 4: k=1051.1531995000591, f_best=9.408302307128906, f_min=4.285550702788896
2025-05-06 20:40:14,023 - INFO - Node 5: k=405.2650622296293, f_best=8.20706558227539, f_min=5.015554789250018
2025-05-06 20:40:14,023 - INFO - Node 6: k=717.9517789085846, f_best=9.385675430297852, f_min=8.841915174569294
2025-05-06 20:40:14,023 - INFO - Node 7: k=868.7216524793876, f_best=8.11867618560791, f_min=3.0664261374586204
2025-05-06 20:40:14,023 - INFO - cur_node_number 7,f_best 8.11867618560791,f_min 3.0664261374586204,k 868.7216524793876
2025-05-06 20:40:14,023 - INFO - f_best_current 8.11867618560791,f_min 3.0664261374586204
2025-05-06 20:40:14,023 - INFO - 回退,len(queue)=2
2025-05-06 20:40:33,016 - INFO - tree_node.f_best:8.20706558227539,left_f_best9.313444137573242,right_f_best8.306966781616211,i:1
2025-05-06 20:40:53,829 - INFO - tree_node.f_best:8.20706558227539,left_f_best9.29448127746582,right_f_best8.24954891204834,i:2
2025-05-06 20:41:15,834 - INFO - tree_node.f_best:8.20706558227539,left_f_best9.5151948928833,right_f_best8.279003143310547,i:3
2025-05-06 20:41:38,785 - INFO - tree_node.f_best:8.20706558227539,left_f_best9.367374420166016,right_f_best8.017498970031738,i:4
2025-05-06 20:41:48,496 - INFO - 添加左子节点，右子节点，len(queue):4
2025-05-06 20:41:48,497 - INFO - Node 1: k=1678.4786838118014, f_best=8.375358581542969, f_min=7.955320170745836
2025-05-06 20:41:48,497 - INFO - Node 2: k=490.3707252978515, f_best=9.718310356140137, f_min=6.845954467456977
2025-05-06 20:41:48,497 - INFO - Node 3: k=1156.2685194500652, f_best=8.236454010009766, f_min=6.872784793452411
2025-05-06 20:41:48,497 - INFO - Node 4: k=1051.1531995000591, f_best=9.408302307128906, f_min=4.285550702788896
2025-05-06 20:41:48,497 - INFO - Node 5: k=868.7216524793876, f_best=8.20706558227539, f_min=5.015554789250018
2025-05-06 20:41:48,497 - INFO - Node 6: k=405.2650622296293, f_best=9.367374420166016, f_min=8.694499218258898
2025-05-06 20:41:48,497 - INFO - Node 7: k=955.5938177273264, f_best=8.017498970031738, f_min=-4.724133868850913
2025-05-06 20:41:48,497 - INFO - cur_node_number 8,f_best 8.017498970031738,f_min -4.724133868850913,k 955.5938177273264
2025-05-06 20:41:48,498 - INFO - f_best_current 8.017498970031738,f_min -4.724133868850913
2025-05-06 20:41:48,498 - INFO - 回退,len(queue)=2
2025-05-06 20:42:08,901 - INFO - tree_node.f_best:8.20706558227539,left_f_best9.63859748840332,right_f_best8.15384292602539,i:1
2025-05-06 20:42:17,995 - INFO - 添加左子节点，右子节点，len(queue):4
2025-05-06 20:42:17,995 - INFO - Node 1: k=1678.4786838118014, f_best=8.375358581542969, f_min=7.955320170745836
2025-05-06 20:42:17,995 - INFO - Node 2: k=490.3707252978515, f_best=9.718310356140137, f_min=6.845954467456977
2025-05-06 20:42:17,996 - INFO - Node 3: k=1156.2685194500652, f_best=8.236454010009766, f_min=6.872784793452411
2025-05-06 20:42:17,996 - INFO - Node 4: k=1051.1531995000591, f_best=9.408302307128906, f_min=4.285550702788896
2025-05-06 20:42:17,996 - INFO - Node 5: k=955.5938177273264, f_best=8.20706558227539, f_min=5.015554789250018
2025-05-06 20:42:17,996 - INFO - Node 6: k=334.9298034955614, f_best=9.63859748840332, f_min=5.37089700249544
2025-05-06 20:42:17,996 - INFO - Node 7: k=593.3485776104004, f_best=8.15384292602539, f_min=2.8462632487262454
2025-05-06 20:42:17,996 - INFO - cur_node_number 9,f_best 8.15384292602539,f_min 2.8462632487262454,k 593.3485776104004
2025-05-06 20:42:17,996 - INFO - f_best_current 8.15384292602539,f_min 2.8462632487262454
2025-05-06 20:42:38,297 - INFO - tree_node.f_best:8.15384292602539,left_f_best9.808935165405273,right_f_best8.146467208862305,i:1
2025-05-06 20:42:46,893 - INFO - 添加左子节点，右子节点，len(queue):5
2025-05-06 20:42:46,893 - INFO - Node 1: k=1678.4786838118014, f_best=8.375358581542969, f_min=7.955320170745836
2025-05-06 20:42:46,893 - INFO - Node 2: k=490.3707252978515, f_best=9.718310356140137, f_min=6.845954467456977
2025-05-06 20:42:46,893 - INFO - Node 3: k=1156.2685194500652, f_best=8.236454010009766, f_min=6.872784793452411
2025-05-06 20:42:46,893 - INFO - Node 4: k=1051.1531995000591, f_best=9.408302307128906, f_min=4.285550702788896
2025-05-06 20:42:46,894 - INFO - Node 5: k=955.5938177273264, f_best=8.20706558227539, f_min=5.015554789250018
2025-05-06 20:42:46,894 - INFO - Node 6: k=334.9298034955614, f_best=9.63859748840332, f_min=5.37089700249544
2025-05-06 20:42:46,894 - INFO - Node 7: k=593.3485776104004, f_best=8.15384292602539, f_min=2.8462632487262454
2025-05-06 20:42:46,894 - INFO - Node 8: k=228.76156239024743, f_best=9.808935165405273, f_min=9.137138013036747
2025-05-06 20:42:46,894 - INFO - Node 9: k=593.3485776104004, f_best=8.146467208862305, f_min=3.48281496056552
2025-05-06 20:42:46,894 - INFO - cur_node_number 10,f_best 8.146467208862305,f_min 3.48281496056552,k 593.3485776104004
2025-05-06 20:42:46,894 - INFO - f_best_current 8.146467208862305,f_min 3.48281496056552
2025-05-06 20:43:07,150 - INFO - tree_node.f_best:8.146467208862305,left_f_best9.565362930297852,right_f_best8.180861473083496,i:1
2025-05-06 20:43:28,410 - INFO - tree_node.f_best:8.146467208862305,left_f_best9.613149642944336,right_f_best8.221803665161133,i:2
2025-05-06 20:43:50,372 - INFO - tree_node.f_best:8.146467208862305,left_f_best9.322661399841309,right_f_best8.036579132080078,i:3
2025-05-06 20:43:59,595 - INFO - 添加左子节点，右子节点，len(queue):6
2025-05-06 20:43:59,595 - INFO - Node 1: k=1678.4786838118014, f_best=8.375358581542969, f_min=7.955320170745836
2025-05-06 20:43:59,595 - INFO - Node 2: k=490.3707252978515, f_best=9.718310356140137, f_min=6.845954467456977
2025-05-06 20:43:59,595 - INFO - Node 3: k=1156.2685194500652, f_best=8.236454010009766, f_min=6.872784793452411
2025-05-06 20:43:59,595 - INFO - Node 4: k=1051.1531995000591, f_best=9.408302307128906, f_min=4.285550702788896
2025-05-06 20:43:59,596 - INFO - Node 5: k=955.5938177273264, f_best=8.20706558227539, f_min=5.015554789250018
2025-05-06 20:43:59,596 - INFO - Node 6: k=334.9298034955614, f_best=9.63859748840332, f_min=5.37089700249544
2025-05-06 20:43:59,596 - INFO - Node 7: k=593.3485776104004, f_best=8.15384292602539, f_min=2.8462632487262454
2025-05-06 20:43:59,596 - INFO - Node 8: k=228.76156239024743, f_best=9.808935165405273, f_min=9.137138013036747
2025-05-06 20:43:59,596 - INFO - Node 9: k=593.3485776104004, f_best=8.146467208862305, f_min=3.48281496056552
2025-05-06 20:43:59,596 - INFO - Node 10: k=789.7469567994432, f_best=9.322661399841309, f_min=-0.6698933579136792
2025-05-06 20:43:59,596 - INFO - Node 11: k=539.4077978276367, f_best=8.036579132080078, f_min=5.585290992543378
2025-05-06 20:43:59,596 - INFO - cur_node_number 11,f_best 8.036579132080078,f_min 5.585290992543378,k 539.4077978276367
2025-05-06 20:43:59,597 - INFO - f_best_current 8.036579132080078,f_min 5.585290992543378
2025-05-06 20:44:19,902 - INFO - tree_node.f_best:8.036579132080078,left_f_best9.63049030303955,right_f_best8.206185340881348,i:1
2025-05-06 20:44:40,988 - INFO - tree_node.f_best:8.036579132080078,left_f_best9.442850112915039,right_f_best8.100312232971191,i:2
2025-05-06 20:45:02,597 - INFO - tree_node.f_best:8.036579132080078,left_f_best9.392974853515625,right_f_best8.341361999511719,i:3
2025-05-06 20:45:25,374 - INFO - tree_node.f_best:8.036579132080078,left_f_best9.22355842590332,right_f_best8.263964653015137,i:4
2025-05-06 20:45:48,727 - INFO - tree_node.f_best:8.036579132080078,left_f_best9.43989372253418,right_f_best8.10338020324707,i:5
2025-05-06 20:46:13,013 - INFO - tree_node.f_best:8.036579132080078,left_f_best9.386758804321289,right_f_best8.157074928283691,i:6
2025-05-06 20:46:38,778 - INFO - tree_node.f_best:8.036579132080078,left_f_best9.3191499710083,right_f_best7.961392402648926,i:7
2025-05-06 20:46:47,126 - INFO - 添加左子节点，右子节点，len(queue):7
2025-05-06 20:46:47,126 - INFO - Node 1: k=1678.4786838118014, f_best=8.375358581542969, f_min=7.955320170745836
2025-05-06 20:46:47,126 - INFO - Node 2: k=490.3707252978515, f_best=9.718310356140137, f_min=6.845954467456977
2025-05-06 20:46:47,126 - INFO - Node 3: k=1156.2685194500652, f_best=8.236454010009766, f_min=6.872784793452411
2025-05-06 20:46:47,126 - INFO - Node 4: k=1051.1531995000591, f_best=9.408302307128906, f_min=4.285550702788896
2025-05-06 20:46:47,126 - INFO - Node 5: k=955.5938177273264, f_best=8.20706558227539, f_min=5.015554789250018
2025-05-06 20:46:47,126 - INFO - Node 6: k=334.9298034955614, f_best=9.63859748840332, f_min=5.37089700249544
2025-05-06 20:46:47,127 - INFO - Node 7: k=593.3485776104004, f_best=8.15384292602539, f_min=2.8462632487262454
2025-05-06 20:46:47,127 - INFO - Node 8: k=228.76156239024743, f_best=9.808935165405273, f_min=9.137138013036747
2025-05-06 20:46:47,127 - INFO - Node 9: k=593.3485776104004, f_best=8.146467208862305, f_min=3.48281496056552
2025-05-06 20:46:47,127 - INFO - Node 10: k=789.7469567994432, f_best=9.322661399841309, f_min=-0.6698933579136792
2025-05-06 20:46:47,127 - INFO - Node 11: k=539.4077978276367, f_best=8.036579132080078, f_min=5.585290992543378
2025-05-06 20:46:47,127 - INFO - Node 12: k=539.4077978276367, f_best=9.3191499710083, f_min=5.883681328032253
2025-05-06 20:46:47,127 - INFO - Node 13: k=276.80149049219943, f_best=7.961392402648926, f_min=3.3265763627177876
2025-05-06 20:46:47,127 - INFO - cur_node_number 12,f_best 7.961392402648926,f_min 3.3265763627177876,k 276.80149049219943
2025-05-06 20:46:47,128 - INFO - f_best_current 7.961392402648926,f_min 3.3265763627177876
2025-05-06 20:47:07,278 - INFO - tree_node.f_best:7.961392402648926,left_f_best9.638124465942383,right_f_best8.244290351867676,i:1
2025-05-06 20:47:28,356 - INFO - tree_node.f_best:7.961392402648926,left_f_best9.508055686950684,right_f_best8.109989166259766,i:2
2025-05-06 20:47:50,291 - INFO - tree_node.f_best:7.961392402648926,left_f_best9.544147491455078,right_f_best8.115253448486328,i:3
2025-05-06 20:48:13,399 - INFO - tree_node.f_best:7.961392402648926,left_f_best9.570222854614258,right_f_best8.08363151550293,i:4
2025-05-06 20:48:37,159 - INFO - tree_node.f_best:7.961392402648926,left_f_best9.180435180664062,right_f_best8.069188117980957,i:5
2025-05-06 20:49:01,628 - INFO - tree_node.f_best:7.961392402648926,left_f_best9.067160606384277,right_f_best8.134020805358887,i:6
2025-05-06 20:49:27,528 - INFO - tree_node.f_best:7.961392402648926,left_f_best9.064807891845703,right_f_best7.838621139526367,i:7
2025-05-06 20:49:36,360 - INFO - 添加左子节点，右子节点，len(queue):8
2025-05-06 20:49:36,360 - INFO - Node 1: k=1678.4786838118014, f_best=8.375358581542969, f_min=7.955320170745836
2025-05-06 20:49:36,360 - INFO - Node 2: k=490.3707252978515, f_best=9.718310356140137, f_min=6.845954467456977
2025-05-06 20:49:36,360 - INFO - Node 3: k=1156.2685194500652, f_best=8.236454010009766, f_min=6.872784793452411
2025-05-06 20:49:36,360 - INFO - Node 4: k=1051.1531995000591, f_best=9.408302307128906, f_min=4.285550702788896
2025-05-06 20:49:36,361 - INFO - Node 5: k=955.5938177273264, f_best=8.20706558227539, f_min=5.015554789250018
2025-05-06 20:49:36,361 - INFO - Node 6: k=334.9298034955614, f_best=9.63859748840332, f_min=5.37089700249544
2025-05-06 20:49:36,361 - INFO - Node 7: k=593.3485776104004, f_best=8.15384292602539, f_min=2.8462632487262454
2025-05-06 20:49:36,361 - INFO - Node 8: k=228.76156239024743, f_best=9.808935165405273, f_min=9.137138013036747
2025-05-06 20:49:36,361 - INFO - Node 9: k=593.3485776104004, f_best=8.146467208862305, f_min=3.48281496056552
2025-05-06 20:49:36,361 - INFO - Node 10: k=789.7469567994432, f_best=9.322661399841309, f_min=-0.6698933579136792
2025-05-06 20:49:36,361 - INFO - Node 11: k=539.4077978276367, f_best=8.036579132080078, f_min=5.585290992543378
2025-05-06 20:49:36,362 - INFO - Node 12: k=539.4077978276367, f_best=9.3191499710083, f_min=5.883681328032253
2025-05-06 20:49:36,362 - INFO - Node 13: k=276.80149049219943, f_best=7.961392402648926, f_min=3.3265763627177876
2025-05-06 20:49:36,362 - INFO - Node 14: k=539.4077978276367, f_best=9.064807891845703, f_min=-2.7172500497727015
2025-05-06 20:49:36,362 - INFO - Node 15: k=368.4227838451175, f_best=7.838621139526367, f_min=4.5889274015171395
2025-05-06 20:49:36,362 - INFO - cur_node_number 13,f_best 7.838621139526367,f_min 4.5889274015171395,k 368.4227838451175
2025-05-06 20:49:36,362 - INFO - f_best_current 7.838621139526367,f_min 4.5889274015171395
2025-05-06 20:49:36,362 - INFO - 回退,len(queue)=6
2025-05-06 20:49:56,143 - INFO - tree_node.f_best:7.961392402648926,left_f_best9.607820510864258,right_f_best8.336236953735352,i:1
2025-05-06 20:50:16,987 - INFO - tree_node.f_best:7.961392402648926,left_f_best9.387996673583984,right_f_best8.156014442443848,i:2
2025-05-06 20:50:38,272 - INFO - tree_node.f_best:7.961392402648926,left_f_best9.692880630493164,right_f_best8.05311107635498,i:3
2025-05-06 20:51:00,947 - INFO - tree_node.f_best:7.961392402648926,left_f_best9.54632568359375,right_f_best8.195951461791992,i:4
2025-05-06 20:51:24,481 - INFO - tree_node.f_best:7.961392402648926,left_f_best9.250761032104492,right_f_best8.257427215576172,i:5
2025-05-06 20:51:48,385 - INFO - tree_node.f_best:7.961392402648926,left_f_best9.402911186218262,right_f_best8.07309341430664,i:6
2025-05-06 20:52:14,402 - INFO - tree_node.f_best:7.961392402648926,left_f_best9.234981536865234,right_f_best8.175745010375977,i:7
2025-05-06 20:52:41,611 - INFO - tree_node.f_best:7.961392402648926,left_f_best9.222649574279785,right_f_best7.971368789672852,i:8
2025-05-06 20:53:09,489 - INFO - tree_node.f_best:7.961392402648926,left_f_best9.324324607849121,right_f_best8.093729019165039,i:9
2025-05-06 20:53:37,465 - INFO - tree_node.f_best:7.961392402648926,left_f_best9.319116592407227,right_f_best8.155860900878906,i:10
2025-05-06 20:54:07,021 - INFO - tree_node.f_best:7.961392402648926,left_f_best9.3983154296875,right_f_best7.982264518737793,i:11
2025-05-06 20:54:38,173 - INFO - tree_node.f_best:7.961392402648926,left_f_best9.292667388916016,right_f_best7.961392402648926,i:12
2025-05-06 20:54:47,902 - INFO - 添加左子节点，右子节点，len(queue):8
2025-05-06 20:54:47,902 - INFO - Node 1: k=1678.4786838118014, f_best=8.375358581542969, f_min=7.955320170745836
2025-05-06 20:54:47,902 - INFO - Node 2: k=490.3707252978515, f_best=9.718310356140137, f_min=6.845954467456977
2025-05-06 20:54:47,902 - INFO - Node 3: k=1156.2685194500652, f_best=8.236454010009766, f_min=6.872784793452411
2025-05-06 20:54:47,903 - INFO - Node 4: k=1051.1531995000591, f_best=9.408302307128906, f_min=4.285550702788896
2025-05-06 20:54:47,903 - INFO - Node 5: k=955.5938177273264, f_best=8.20706558227539, f_min=5.015554789250018
2025-05-06 20:54:47,903 - INFO - Node 6: k=334.9298034955614, f_best=9.63859748840332, f_min=5.37089700249544
2025-05-06 20:54:47,903 - INFO - Node 7: k=593.3485776104004, f_best=8.15384292602539, f_min=2.8462632487262454
2025-05-06 20:54:47,903 - INFO - Node 8: k=228.76156239024743, f_best=9.808935165405273, f_min=9.137138013036747
2025-05-06 20:54:47,903 - INFO - Node 9: k=593.3485776104004, f_best=8.146467208862305, f_min=3.48281496056552
2025-05-06 20:54:47,903 - INFO - Node 10: k=789.7469567994432, f_best=9.322661399841309, f_min=-0.6698933579136792
2025-05-06 20:54:47,904 - INFO - Node 11: k=539.4077978276367, f_best=8.036579132080078, f_min=5.585290992543378
2025-05-06 20:54:47,904 - INFO - Node 12: k=539.4077978276367, f_best=9.3191499710083, f_min=5.883681328032253
2025-05-06 20:54:47,904 - INFO - Node 13: k=368.4227838451175, f_best=7.961392402648926, f_min=3.3265763627177876
2025-05-06 20:54:47,904 - INFO - Node 14: k=593.3485776104004, f_best=9.292667388916016, f_min=6.3001576221558935
2025-05-06 20:54:47,904 - INFO - Node 15: k=652.6834353714405, f_best=7.961392402648926, f_min=7.65545146925615
2025-05-06 20:54:47,904 - INFO - cur_node_number 14,f_best 7.961392402648926,f_min 7.65545146925615,k 652.6834353714405
2025-05-06 20:54:47,904 - INFO - f_best_current 7.961392402648926,f_min 7.65545146925615
2025-05-06 20:54:47,904 - INFO - 回退,len(queue)=6
2025-05-06 20:54:47,905 - INFO - 回退,len(queue)=5
2025-05-06 20:54:47,905 - INFO - 回退,len(queue)=4
2025-05-06 20:54:47,905 - INFO - 回退,len(queue)=3
2025-05-06 20:55:08,125 - INFO - tree_node.f_best:8.15384292602539,left_f_best9.610372543334961,right_f_best8.286245346069336,i:1
2025-05-06 20:55:27,924 - INFO - tree_node.f_best:8.15384292602539,left_f_best9.368163108825684,right_f_best8.05523681640625,i:2
2025-05-06 20:55:37,768 - INFO - 添加左子节点，右子节点，len(queue):5
2025-05-06 20:55:37,768 - INFO - Node 1: k=1678.4786838118014, f_best=8.375358581542969, f_min=7.955320170745836
2025-05-06 20:55:37,769 - INFO - Node 2: k=490.3707252978515, f_best=9.718310356140137, f_min=6.845954467456977
2025-05-06 20:55:37,769 - INFO - Node 3: k=1156.2685194500652, f_best=8.236454010009766, f_min=6.872784793452411
2025-05-06 20:55:37,769 - INFO - Node 4: k=1051.1531995000591, f_best=9.408302307128906, f_min=4.285550702788896
2025-05-06 20:55:37,769 - INFO - Node 5: k=955.5938177273264, f_best=8.20706558227539, f_min=5.015554789250018
2025-05-06 20:55:37,769 - INFO - Node 6: k=334.9298034955614, f_best=9.63859748840332, f_min=5.37089700249544
2025-05-06 20:55:37,769 - INFO - Node 7: k=652.6834353714405, f_best=8.15384292602539, f_min=2.8462632487262454
2025-05-06 20:55:37,769 - INFO - Node 8: k=789.7469567994432, f_best=9.368163108825684, f_min=5.953856802918381
2025-05-06 20:55:37,769 - INFO - Node 9: k=539.4077978276367, f_best=8.05523681640625, f_min=4.783366270961778
2025-05-06 20:55:37,770 - INFO - cur_node_number 15,f_best 8.05523681640625,f_min 4.783366270961778,k 539.4077978276367
2025-05-06 20:55:37,770 - INFO - f_best_current 8.05523681640625,f_min 4.783366270961778
2025-05-06 20:55:57,479 - INFO - tree_node.f_best:8.05523681640625,left_f_best9.318414688110352,right_f_best8.193540573120117,i:1
2025-05-06 20:56:18,142 - INFO - tree_node.f_best:8.05523681640625,left_f_best9.337026596069336,right_f_best8.240619659423828,i:2
2025-05-06 20:56:40,135 - INFO - tree_node.f_best:8.05523681640625,left_f_best9.176950454711914,right_f_best8.09492015838623,i:3
2025-05-06 20:57:03,023 - INFO - tree_node.f_best:8.05523681640625,left_f_best9.470252990722656,right_f_best8.016283988952637,i:4
2025-05-06 20:57:12,620 - INFO - 添加左子节点，右子节点，len(queue):6
2025-05-06 20:57:12,620 - INFO - Node 1: k=1678.4786838118014, f_best=8.375358581542969, f_min=7.955320170745836
2025-05-06 20:57:12,620 - INFO - Node 2: k=490.3707252978515, f_best=9.718310356140137, f_min=6.845954467456977
2025-05-06 20:57:12,621 - INFO - Node 3: k=1156.2685194500652, f_best=8.236454010009766, f_min=6.872784793452411
2025-05-06 20:57:12,621 - INFO - Node 4: k=1051.1531995000591, f_best=9.408302307128906, f_min=4.285550702788896
2025-05-06 20:57:12,621 - INFO - Node 5: k=955.5938177273264, f_best=8.20706558227539, f_min=5.015554789250018
2025-05-06 20:57:12,621 - INFO - Node 6: k=334.9298034955614, f_best=9.63859748840332, f_min=5.37089700249544
2025-05-06 20:57:12,621 - INFO - Node 7: k=652.6834353714405, f_best=8.15384292602539, f_min=2.8462632487262454
2025-05-06 20:57:12,621 - INFO - Node 8: k=789.7469567994432, f_best=9.368163108825684, f_min=5.953856802918381
2025-05-06 20:57:12,621 - INFO - Node 9: k=539.4077978276367, f_best=8.05523681640625, f_min=4.783366270961778
2025-05-06 20:57:12,622 - INFO - Node 10: k=789.7469567994432, f_best=9.470252990722656, f_min=8.608990087979691
2025-05-06 20:57:12,622 - INFO - Node 11: k=445.79156845259223, f_best=8.016283988952637, f_min=6.730616664082845
2025-05-06 20:57:12,622 - INFO - cur_node_number 16,f_best 8.016283988952637,f_min 6.730616664082845,k 445.79156845259223
2025-05-06 20:57:12,622 - INFO - f_best_current 8.016283988952637,f_min 6.730616664082845
2025-05-06 20:57:32,501 - INFO - tree_node.f_best:8.016283988952637,left_f_best9.321714401245117,right_f_best8.44540023803711,i:1
2025-05-06 20:57:52,811 - INFO - tree_node.f_best:8.016283988952637,left_f_best9.487048149108887,right_f_best8.057554244995117,i:2
2025-05-06 20:58:14,689 - INFO - tree_node.f_best:8.016283988952637,left_f_best9.448835372924805,right_f_best8.101631164550781,i:3
2025-05-06 20:58:37,767 - INFO - tree_node.f_best:8.016283988952637,left_f_best9.262075424194336,right_f_best8.05088996887207,i:4
2025-05-06 20:59:01,704 - INFO - tree_node.f_best:8.016283988952637,left_f_best9.359626770019531,right_f_best8.241081237792969,i:5
2025-05-06 20:59:26,563 - INFO - tree_node.f_best:8.016283988952637,left_f_best9.245312690734863,right_f_best8.131425857543945,i:6
2025-05-06 20:59:52,385 - INFO - tree_node.f_best:8.016283988952637,left_f_best9.15230941772461,right_f_best7.941164016723633,i:7
2025-05-06 21:00:02,273 - INFO - 添加左子节点，右子节点，len(queue):7
2025-05-06 21:00:02,274 - INFO - Node 1: k=1678.4786838118014, f_best=8.375358581542969, f_min=7.955320170745836
2025-05-06 21:00:02,274 - INFO - Node 2: k=490.3707252978515, f_best=9.718310356140137, f_min=6.845954467456977
2025-05-06 21:00:02,274 - INFO - Node 3: k=1156.2685194500652, f_best=8.236454010009766, f_min=6.872784793452411
2025-05-06 21:00:02,274 - INFO - Node 4: k=1051.1531995000591, f_best=9.408302307128906, f_min=4.285550702788896
2025-05-06 21:00:02,274 - INFO - Node 5: k=955.5938177273264, f_best=8.20706558227539, f_min=5.015554789250018
2025-05-06 21:00:02,274 - INFO - Node 6: k=334.9298034955614, f_best=9.63859748840332, f_min=5.37089700249544
2025-05-06 21:00:02,275 - INFO - Node 7: k=652.6834353714405, f_best=8.15384292602539, f_min=2.8462632487262454
2025-05-06 21:00:02,275 - INFO - Node 8: k=789.7469567994432, f_best=9.368163108825684, f_min=5.953856802918381
2025-05-06 21:00:02,275 - INFO - Node 9: k=539.4077978276367, f_best=8.05523681640625, f_min=4.783366270961778
2025-05-06 21:00:02,275 - INFO - Node 10: k=789.7469567994432, f_best=9.470252990722656, f_min=8.608990087979691
2025-05-06 21:00:02,275 - INFO - Node 11: k=445.79156845259223, f_best=8.016283988952637, f_min=6.730616664082845
2025-05-06 21:00:02,275 - INFO - Node 12: k=868.7216524793876, f_best=9.15230941772461, f_min=8.743877561915724
2025-05-06 21:00:02,275 - INFO - Node 13: k=652.6834353714405, f_best=7.941164016723633, f_min=3.03900570123551
2025-05-06 21:00:02,276 - INFO - cur_node_number 17,f_best 7.941164016723633,f_min 3.03900570123551,k 652.6834353714405
2025-05-06 21:00:02,276 - INFO - f_best_current 7.941164016723633,f_min 3.03900570123551
2025-05-06 21:00:02,276 - INFO - 回退,len(queue)=5
2025-05-06 21:00:02,276 - INFO - 回退,len(queue)=4
2025-05-06 21:00:22,503 - INFO - tree_node.f_best:8.05523681640625,left_f_best9.290888786315918,right_f_best8.208772659301758,i:1
2025-05-06 21:00:42,521 - INFO - tree_node.f_best:8.05523681640625,left_f_best9.660892486572266,right_f_best8.24118423461914,i:2
2025-05-06 21:01:04,207 - INFO - tree_node.f_best:8.05523681640625,left_f_best9.597003936767578,right_f_best8.24775505065918,i:3
2025-05-06 21:01:27,146 - INFO - tree_node.f_best:8.05523681640625,left_f_best9.290992736816406,right_f_best8.103657722473145,i:4
2025-05-06 21:01:51,137 - INFO - tree_node.f_best:8.05523681640625,left_f_best9.28734016418457,right_f_best8.06450366973877,i:5
2025-05-06 21:02:15,964 - INFO - tree_node.f_best:8.05523681640625,left_f_best9.456215858459473,right_f_best8.240878105163574,i:6
2025-05-06 21:02:41,949 - INFO - tree_node.f_best:8.05523681640625,left_f_best9.13798713684082,right_f_best7.991527557373047,i:7
2025-05-06 21:02:51,386 - INFO - 添加左子节点，右子节点，len(queue):6
2025-05-06 21:02:51,386 - INFO - Node 1: k=1678.4786838118014, f_best=8.375358581542969, f_min=7.955320170745836
2025-05-06 21:02:51,386 - INFO - Node 2: k=490.3707252978515, f_best=9.718310356140137, f_min=6.845954467456977
2025-05-06 21:02:51,387 - INFO - Node 3: k=1156.2685194500652, f_best=8.236454010009766, f_min=6.872784793452411
2025-05-06 21:02:51,387 - INFO - Node 4: k=1051.1531995000591, f_best=9.408302307128906, f_min=4.285550702788896
2025-05-06 21:02:51,387 - INFO - Node 5: k=955.5938177273264, f_best=8.20706558227539, f_min=5.015554789250018
2025-05-06 21:02:51,387 - INFO - Node 6: k=334.9298034955614, f_best=9.63859748840332, f_min=5.37089700249544
2025-05-06 21:02:51,387 - INFO - Node 7: k=652.6834353714405, f_best=8.15384292602539, f_min=2.8462632487262454
2025-05-06 21:02:51,387 - INFO - Node 8: k=789.7469567994432, f_best=9.368163108825684, f_min=5.953856802918381
2025-05-06 21:02:51,387 - INFO - Node 9: k=652.6834353714405, f_best=8.05523681640625, f_min=4.783366270961778
2025-05-06 21:02:51,387 - INFO - Node 10: k=868.7216524793876, f_best=9.13798713684082, f_min=7.778504240344773
2025-05-06 21:02:51,388 - INFO - Node 11: k=368.4227838451175, f_best=7.991527557373047, f_min=6.548058688340461
2025-05-06 21:02:51,388 - INFO - cur_node_number 18,f_best 7.991527557373047,f_min 6.548058688340461,k 368.4227838451175
2025-05-06 21:02:51,388 - INFO - f_best_current 7.991527557373047,f_min 6.548058688340461
2025-05-06 21:03:11,139 - INFO - tree_node.f_best:7.991527557373047,left_f_best9.489151000976562,right_f_best8.194450378417969,i:1
2025-05-06 21:03:31,566 - INFO - tree_node.f_best:7.991527557373047,left_f_best9.355086326599121,right_f_best8.052779197692871,i:2
2025-05-06 21:03:53,405 - INFO - tree_node.f_best:7.991527557373047,left_f_best9.303932189941406,right_f_best8.111824989318848,i:3
2025-05-06 21:04:16,450 - INFO - tree_node.f_best:7.991527557373047,left_f_best9.155489921569824,right_f_best8.0537109375,i:4
2025-05-06 21:04:40,455 - INFO - tree_node.f_best:7.991527557373047,left_f_best9.222187995910645,right_f_best8.136558532714844,i:5
2025-05-06 21:05:05,363 - INFO - tree_node.f_best:7.991527557373047,left_f_best9.283952713012695,right_f_best8.052450180053711,i:6
2025-05-06 21:05:31,480 - INFO - tree_node.f_best:7.991527557373047,left_f_best9.335854530334473,right_f_best8.123859405517578,i:7
2025-05-06 21:05:58,367 - INFO - tree_node.f_best:7.991527557373047,left_f_best9.348750114440918,right_f_best7.845909595489502,i:8
2025-05-06 21:06:07,443 - INFO - 添加左子节点，右子节点，len(queue):7
2025-05-06 21:06:07,444 - INFO - Node 1: k=1678.4786838118014, f_best=8.375358581542969, f_min=7.955320170745836
2025-05-06 21:06:07,444 - INFO - Node 2: k=490.3707252978515, f_best=9.718310356140137, f_min=6.845954467456977
2025-05-06 21:06:07,444 - INFO - Node 3: k=1156.2685194500652, f_best=8.236454010009766, f_min=6.872784793452411
2025-05-06 21:06:07,444 - INFO - Node 4: k=1051.1531995000591, f_best=9.408302307128906, f_min=4.285550702788896
2025-05-06 21:06:07,444 - INFO - Node 5: k=955.5938177273264, f_best=8.20706558227539, f_min=5.015554789250018
2025-05-06 21:06:07,444 - INFO - Node 6: k=334.9298034955614, f_best=9.63859748840332, f_min=5.37089700249544
2025-05-06 21:06:07,444 - INFO - Node 7: k=652.6834353714405, f_best=8.15384292602539, f_min=2.8462632487262454
2025-05-06 21:06:07,444 - INFO - Node 8: k=789.7469567994432, f_best=9.368163108825684, f_min=5.953856802918381
2025-05-06 21:06:07,445 - INFO - Node 9: k=652.6834353714405, f_best=8.05523681640625, f_min=4.783366270961778
2025-05-06 21:06:07,445 - INFO - Node 10: k=868.7216524793876, f_best=9.13798713684082, f_min=7.778504240344773
2025-05-06 21:06:07,445 - INFO - Node 11: k=368.4227838451175, f_best=7.991527557373047, f_min=6.548058688340461
2025-05-06 21:06:07,445 - INFO - Node 12: k=593.3485776104004, f_best=9.348750114440918, f_min=-3.0934746047423687
2025-05-06 21:06:07,445 - INFO - Node 13: k=652.6834353714405, f_best=7.845909595489502, f_min=5.8528101964384405
2025-05-06 21:06:07,445 - INFO - cur_node_number 19,f_best 7.845909595489502,f_min 5.8528101964384405,k 652.6834353714405
2025-05-06 21:06:07,445 - INFO - f_best_current 7.845909595489502,f_min 5.8528101964384405
2025-05-06 21:06:07,445 - INFO - 回退,len(queue)=5
2025-05-06 21:06:27,187 - INFO - tree_node.f_best:7.991527557373047,left_f_best9.327884674072266,right_f_best8.201631546020508,i:1
2025-05-06 21:06:48,088 - INFO - tree_node.f_best:7.991527557373047,left_f_best9.450833320617676,right_f_best8.19542407989502,i:2
2025-05-06 21:07:09,994 - INFO - tree_node.f_best:7.991527557373047,left_f_best9.29511833190918,right_f_best8.298498153686523,i:3
2025-05-06 21:07:32,982 - INFO - tree_node.f_best:7.991527557373047,left_f_best9.199837684631348,right_f_best8.05627155303955,i:4
2025-05-06 21:07:56,850 - INFO - tree_node.f_best:7.991527557373047,left_f_best9.519194602966309,right_f_best8.232789039611816,i:5
2025-05-06 21:08:21,829 - INFO - tree_node.f_best:7.991527557373047,left_f_best9.350019454956055,right_f_best8.026952743530273,i:6
2025-05-06 21:08:47,248 - INFO - tree_node.f_best:7.991527557373047,left_f_best9.308927536010742,right_f_best7.982834815979004,i:7
2025-05-06 21:08:57,181 - INFO - 添加左子节点，右子节点，len(queue):7
2025-05-06 21:08:57,181 - INFO - Node 1: k=1678.4786838118014, f_best=8.375358581542969, f_min=7.955320170745836
2025-05-06 21:08:57,181 - INFO - Node 2: k=490.3707252978515, f_best=9.718310356140137, f_min=6.845954467456977
2025-05-06 21:08:57,181 - INFO - Node 3: k=1156.2685194500652, f_best=8.236454010009766, f_min=6.872784793452411
2025-05-06 21:08:57,181 - INFO - Node 4: k=1051.1531995000591, f_best=9.408302307128906, f_min=4.285550702788896
2025-05-06 21:08:57,181 - INFO - Node 5: k=955.5938177273264, f_best=8.20706558227539, f_min=5.015554789250018
2025-05-06 21:08:57,182 - INFO - Node 6: k=334.9298034955614, f_best=9.63859748840332, f_min=5.37089700249544
2025-05-06 21:08:57,182 - INFO - Node 7: k=652.6834353714405, f_best=8.15384292602539, f_min=2.8462632487262454
2025-05-06 21:08:57,182 - INFO - Node 8: k=789.7469567994432, f_best=9.368163108825684, f_min=5.953856802918381
2025-05-06 21:08:57,182 - INFO - Node 9: k=652.6834353714405, f_best=8.05523681640625, f_min=4.783366270961778
2025-05-06 21:08:57,182 - INFO - Node 10: k=868.7216524793876, f_best=9.13798713684082, f_min=7.778504240344773
2025-05-06 21:08:57,182 - INFO - Node 11: k=652.6834353714405, f_best=7.991527557373047, f_min=6.548058688340461
2025-05-06 21:08:57,182 - INFO - Node 12: k=1156.2685194500652, f_best=9.308927536010742, f_min=5.279724034902756
2025-05-06 21:08:57,182 - INFO - Node 13: k=445.79156845259223, f_best=7.982834815979004, f_min=6.977327227046771
2025-05-06 21:08:57,182 - INFO - cur_node_number 20,f_best 7.982834815979004,f_min 6.977327227046771,k 445.79156845259223
2025-05-06 21:08:57,183 - INFO - f_best_current 7.982834815979004,f_min 6.977327227046771
2025-05-06 21:09:17,356 - INFO - tree_node.f_best:7.982834815979004,left_f_best9.53732967376709,right_f_best8.274145126342773,i:1
2025-05-06 21:09:38,424 - INFO - tree_node.f_best:7.982834815979004,left_f_best9.306798934936523,right_f_best8.123021125793457,i:2
2025-05-06 21:10:00,176 - INFO - tree_node.f_best:7.982834815979004,left_f_best9.378615379333496,right_f_best8.300644874572754,i:3
2025-05-06 21:10:22,846 - INFO - tree_node.f_best:7.982834815979004,left_f_best9.278762817382812,right_f_best8.143325805664062,i:4
2025-05-06 21:10:46,754 - INFO - tree_node.f_best:7.982834815979004,left_f_best9.482216835021973,right_f_best7.96624755859375,i:5
2025-05-06 21:10:55,916 - INFO - 添加左子节点，右子节点，len(queue):8
2025-05-06 21:10:55,916 - INFO - Node 1: k=1678.4786838118014, f_best=8.375358581542969, f_min=7.955320170745836
2025-05-06 21:10:55,916 - INFO - Node 2: k=490.3707252978515, f_best=9.718310356140137, f_min=6.845954467456977
2025-05-06 21:10:55,916 - INFO - Node 3: k=1156.2685194500652, f_best=8.236454010009766, f_min=6.872784793452411
2025-05-06 21:10:55,916 - INFO - Node 4: k=1051.1531995000591, f_best=9.408302307128906, f_min=4.285550702788896
2025-05-06 21:10:55,916 - INFO - Node 5: k=955.5938177273264, f_best=8.20706558227539, f_min=5.015554789250018
2025-05-06 21:10:55,916 - INFO - Node 6: k=334.9298034955614, f_best=9.63859748840332, f_min=5.37089700249544
2025-05-06 21:10:55,916 - INFO - Node 7: k=652.6834353714405, f_best=8.15384292602539, f_min=2.8462632487262454
2025-05-06 21:10:55,917 - INFO - Node 8: k=789.7469567994432, f_best=9.368163108825684, f_min=5.953856802918381
2025-05-06 21:10:55,917 - INFO - Node 9: k=652.6834353714405, f_best=8.05523681640625, f_min=4.783366270961778
2025-05-06 21:10:55,917 - INFO - Node 10: k=868.7216524793876, f_best=9.13798713684082, f_min=7.778504240344773
2025-05-06 21:10:55,917 - INFO - Node 11: k=652.6834353714405, f_best=7.991527557373047, f_min=6.548058688340461
2025-05-06 21:10:55,917 - INFO - Node 12: k=1156.2685194500652, f_best=9.308927536010742, f_min=5.279724034902756
2025-05-06 21:10:55,917 - INFO - Node 13: k=445.79156845259223, f_best=7.982834815979004, f_min=6.977327227046771
2025-05-06 21:10:55,918 - INFO - Node 14: k=1051.1531995000591, f_best=9.482216835021973, f_min=5.112543233059114
2025-05-06 21:10:55,918 - INFO - Node 15: k=251.6377186292722, f_best=7.96624755859375, f_min=7.144656176707031
2025-05-06 21:10:55,918 - INFO - cur_node_number 21,f_best 7.96624755859375,f_min 7.144656176707031,k 251.6377186292722
2025-05-06 21:10:55,918 - INFO - f_best_current 7.96624755859375,f_min 7.144656176707031
2025-05-06 21:11:16,127 - INFO - tree_node.f_best:7.96624755859375,left_f_best9.583507537841797,right_f_best8.111573219299316,i:1
2025-05-06 21:11:36,533 - INFO - tree_node.f_best:7.96624755859375,left_f_best9.835758209228516,right_f_best8.115226745605469,i:2
2025-05-06 21:11:58,025 - INFO - tree_node.f_best:7.96624755859375,left_f_best9.187777519226074,right_f_best8.111743927001953,i:3
2025-05-06 21:12:20,628 - INFO - tree_node.f_best:7.96624755859375,left_f_best9.38559341430664,right_f_best8.233847618103027,i:4
2025-05-06 21:12:44,872 - INFO - tree_node.f_best:7.96624755859375,left_f_best9.425010681152344,right_f_best7.986408233642578,i:5
2025-05-06 21:13:10,089 - INFO - tree_node.f_best:7.96624755859375,left_f_best9.42860221862793,right_f_best7.981504440307617,i:6
2025-05-06 21:13:36,281 - INFO - tree_node.f_best:7.96624755859375,left_f_best9.140497207641602,right_f_best8.122411727905273,i:7
2025-05-06 21:14:03,394 - INFO - tree_node.f_best:7.96624755859375,left_f_best9.119796752929688,right_f_best8.177735328674316,i:8
2025-05-06 21:14:31,657 - INFO - tree_node.f_best:7.96624755859375,left_f_best9.140241622924805,right_f_best8.013871192932129,i:9
2025-05-06 21:15:00,510 - INFO - tree_node.f_best:7.96624755859375,left_f_best9.689580917358398,right_f_best7.92961311340332,i:10
2025-05-06 21:15:09,947 - INFO - 添加左子节点，右子节点，len(queue):9
2025-05-06 21:15:09,947 - INFO - Node 1: k=1678.4786838118014, f_best=8.375358581542969, f_min=7.955320170745836
2025-05-06 21:15:09,947 - INFO - Node 2: k=490.3707252978515, f_best=9.718310356140137, f_min=6.845954467456977
2025-05-06 21:15:09,947 - INFO - Node 3: k=1156.2685194500652, f_best=8.236454010009766, f_min=6.872784793452411
2025-05-06 21:15:09,948 - INFO - Node 4: k=1051.1531995000591, f_best=9.408302307128906, f_min=4.285550702788896
2025-05-06 21:15:09,948 - INFO - Node 5: k=955.5938177273264, f_best=8.20706558227539, f_min=5.015554789250018
2025-05-06 21:15:09,948 - INFO - Node 6: k=334.9298034955614, f_best=9.63859748840332, f_min=5.37089700249544
2025-05-06 21:15:09,948 - INFO - Node 7: k=652.6834353714405, f_best=8.15384292602539, f_min=2.8462632487262454
2025-05-06 21:15:09,948 - INFO - Node 8: k=789.7469567994432, f_best=9.368163108825684, f_min=5.953856802918381
2025-05-06 21:15:09,948 - INFO - Node 9: k=652.6834353714405, f_best=8.05523681640625, f_min=4.783366270961778
2025-05-06 21:15:09,948 - INFO - Node 10: k=868.7216524793876, f_best=9.13798713684082, f_min=7.778504240344773
2025-05-06 21:15:09,948 - INFO - Node 11: k=652.6834353714405, f_best=7.991527557373047, f_min=6.548058688340461
2025-05-06 21:15:09,949 - INFO - Node 12: k=1156.2685194500652, f_best=9.308927536010742, f_min=5.279724034902756
2025-05-06 21:15:09,949 - INFO - Node 13: k=445.79156845259223, f_best=7.982834815979004, f_min=6.977327227046771
2025-05-06 21:15:09,949 - INFO - Node 14: k=1051.1531995000591, f_best=9.482216835021973, f_min=5.112543233059114
2025-05-06 21:15:09,949 - INFO - Node 15: k=251.6377186292722, f_best=7.96624755859375, f_min=7.144656176707031
2025-05-06 21:15:09,949 - INFO - Node 16: k=405.2650622296293, f_best=9.689580917358398, f_min=6.367685657106449
2025-05-06 21:15:09,949 - INFO - Node 17: k=652.6834353714405, f_best=7.92961311340332, f_min=6.118045045030158
2025-05-06 21:15:09,949 - INFO - cur_node_number 22,f_best 7.92961311340332,f_min 6.118045045030158,k 652.6834353714405
2025-05-06 21:15:09,950 - INFO - f_best_current 7.92961311340332,f_min 6.118045045030158
2025-05-06 21:15:09,950 - INFO - 回退,len(queue)=7
2025-05-06 21:15:09,950 - INFO - 回退,len(queue)=6
2025-05-06 21:15:30,279 - INFO - tree_node.f_best:7.982834815979004,left_f_best9.543882369995117,right_f_best8.301642417907715,i:1
2025-05-06 21:15:51,406 - INFO - tree_node.f_best:7.982834815979004,left_f_best9.745989799499512,right_f_best8.073355674743652,i:2
2025-05-06 21:16:13,368 - INFO - tree_node.f_best:7.982834815979004,left_f_best9.259848594665527,right_f_best8.23551082611084,i:3
2025-05-06 21:16:36,382 - INFO - tree_node.f_best:7.982834815979004,left_f_best9.37276840209961,right_f_best7.993682861328125,i:4
2025-05-06 21:16:59,933 - INFO - tree_node.f_best:7.982834815979004,left_f_best9.229406356811523,right_f_best8.058767318725586,i:5
2025-05-06 21:17:25,067 - INFO - tree_node.f_best:7.982834815979004,left_f_best9.223081588745117,right_f_best8.204912185668945,i:6
2025-05-06 21:17:50,820 - INFO - tree_node.f_best:7.982834815979004,left_f_best9.402156829833984,right_f_best7.961648941040039,i:7
2025-05-06 21:18:00,098 - INFO - 添加左子节点，右子节点，len(queue):8
2025-05-06 21:18:00,098 - INFO - Node 1: k=1678.4786838118014, f_best=8.375358581542969, f_min=7.955320170745836
2025-05-06 21:18:00,098 - INFO - Node 2: k=490.3707252978515, f_best=9.718310356140137, f_min=6.845954467456977
2025-05-06 21:18:00,098 - INFO - Node 3: k=1156.2685194500652, f_best=8.236454010009766, f_min=6.872784793452411
2025-05-06 21:18:00,098 - INFO - Node 4: k=1051.1531995000591, f_best=9.408302307128906, f_min=4.285550702788896
2025-05-06 21:18:00,098 - INFO - Node 5: k=955.5938177273264, f_best=8.20706558227539, f_min=5.015554789250018
2025-05-06 21:18:00,098 - INFO - Node 6: k=334.9298034955614, f_best=9.63859748840332, f_min=5.37089700249544
2025-05-06 21:18:00,098 - INFO - Node 7: k=652.6834353714405, f_best=8.15384292602539, f_min=2.8462632487262454
2025-05-06 21:18:00,099 - INFO - Node 8: k=789.7469567994432, f_best=9.368163108825684, f_min=5.953856802918381
2025-05-06 21:18:00,099 - INFO - Node 9: k=652.6834353714405, f_best=8.05523681640625, f_min=4.783366270961778
2025-05-06 21:18:00,099 - INFO - Node 10: k=868.7216524793876, f_best=9.13798713684082, f_min=7.778504240344773
2025-05-06 21:18:00,099 - INFO - Node 11: k=652.6834353714405, f_best=7.991527557373047, f_min=6.548058688340461
2025-05-06 21:18:00,099 - INFO - Node 12: k=1156.2685194500652, f_best=9.308927536010742, f_min=5.279724034902756
2025-05-06 21:18:00,099 - INFO - Node 13: k=652.6834353714405, f_best=7.982834815979004, f_min=6.977327227046771
2025-05-06 21:18:00,099 - INFO - Node 14: k=368.4227838451175, f_best=9.402156829833984, f_min=5.858009444151321
2025-05-06 21:18:00,099 - INFO - Node 15: k=717.9517789085846, f_best=7.961648941040039, f_min=7.15631631721044
2025-05-06 21:18:00,099 - INFO - cur_node_number 23,f_best 7.961648941040039,f_min 7.15631631721044,k 717.9517789085846
2025-05-06 21:18:00,099 - INFO - f_best_current 7.961648941040039,f_min 7.15631631721044
2025-05-06 21:18:00,100 - INFO - 回退,len(queue)=6
2025-05-06 21:18:00,100 - INFO - 回退,len(queue)=5
2025-05-06 21:18:00,100 - INFO - 回退,len(queue)=4
2025-05-06 21:18:00,100 - INFO - 回退,len(queue)=3
2025-05-06 21:18:20,510 - INFO - tree_node.f_best:8.15384292602539,left_f_best9.55294418334961,right_f_best8.193772315979004,i:1
2025-05-06 21:18:41,661 - INFO - tree_node.f_best:8.15384292602539,left_f_best9.419866561889648,right_f_best8.078847885131836,i:2
2025-05-06 21:18:49,835 - INFO - 添加左子节点，右子节点，len(queue):5
2025-05-06 21:18:49,835 - INFO - Node 1: k=1678.4786838118014, f_best=8.375358581542969, f_min=7.955320170745836
2025-05-06 21:18:49,835 - INFO - Node 2: k=490.3707252978515, f_best=9.718310356140137, f_min=6.845954467456977
2025-05-06 21:18:49,835 - INFO - Node 3: k=1156.2685194500652, f_best=8.236454010009766, f_min=6.872784793452411
2025-05-06 21:18:49,835 - INFO - Node 4: k=1051.1531995000591, f_best=9.408302307128906, f_min=4.285550702788896
2025-05-06 21:18:49,836 - INFO - Node 5: k=955.5938177273264, f_best=8.20706558227539, f_min=5.015554789250018
2025-05-06 21:18:49,836 - INFO - Node 6: k=334.9298034955614, f_best=9.63859748840332, f_min=5.37089700249544
2025-05-06 21:18:49,836 - INFO - Node 7: k=717.9517789085846, f_best=8.15384292602539, f_min=2.8462632487262454
2025-05-06 21:18:49,836 - INFO - Node 8: k=304.4816395414194, f_best=9.419866561889648, f_min=7.496132521006075
2025-05-06 21:18:49,836 - INFO - Node 9: k=368.4227838451175, f_best=8.078847885131836, f_min=1.7075715298751675
2025-05-06 21:18:49,836 - INFO - cur_node_number 24,f_best 8.078847885131836,f_min 1.7075715298751675,k 368.4227838451175
2025-05-06 21:18:49,836 - INFO - f_best_current 8.078847885131836,f_min 1.7075715298751675
2025-05-06 21:19:09,651 - INFO - tree_node.f_best:8.078847885131836,left_f_best9.284281730651855,right_f_best8.197312355041504,i:1
2025-05-06 21:19:30,736 - INFO - tree_node.f_best:8.078847885131836,left_f_best9.414199829101562,right_f_best8.161321640014648,i:2
2025-05-06 21:19:52,864 - INFO - tree_node.f_best:8.078847885131836,left_f_best9.435534477233887,right_f_best8.328232765197754,i:3
2025-05-06 21:20:16,252 - INFO - tree_node.f_best:8.078847885131836,left_f_best9.553361892700195,right_f_best8.222763061523438,i:4
2025-05-06 21:20:39,752 - INFO - tree_node.f_best:8.078847885131836,left_f_best9.482551574707031,right_f_best8.003326416015625,i:5
2025-05-06 21:20:48,186 - INFO - 添加左子节点，右子节点，len(queue):6
2025-05-06 21:20:48,186 - INFO - Node 1: k=1678.4786838118014, f_best=8.375358581542969, f_min=7.955320170745836
2025-05-06 21:20:48,187 - INFO - Node 2: k=490.3707252978515, f_best=9.718310356140137, f_min=6.845954467456977
2025-05-06 21:20:48,187 - INFO - Node 3: k=1156.2685194500652, f_best=8.236454010009766, f_min=6.872784793452411
2025-05-06 21:20:48,187 - INFO - Node 4: k=1051.1531995000591, f_best=9.408302307128906, f_min=4.285550702788896
2025-05-06 21:20:48,187 - INFO - Node 5: k=955.5938177273264, f_best=8.20706558227539, f_min=5.015554789250018
2025-05-06 21:20:48,187 - INFO - Node 6: k=334.9298034955614, f_best=9.63859748840332, f_min=5.37089700249544
2025-05-06 21:20:48,187 - INFO - Node 7: k=717.9517789085846, f_best=8.15384292602539, f_min=2.8462632487262454
2025-05-06 21:20:48,187 - INFO - Node 8: k=304.4816395414194, f_best=9.419866561889648, f_min=7.496132521006075
2025-05-06 21:20:48,188 - INFO - Node 9: k=368.4227838451175, f_best=8.078847885131836, f_min=1.7075715298751675
2025-05-06 21:20:48,188 - INFO - Node 10: k=276.80149049219943, f_best=9.482551574707031, f_min=7.808418874366907
2025-05-06 21:20:48,188 - INFO - Node 11: k=490.3707252978515, f_best=8.003326416015625, f_min=7.982630564833016
2025-05-06 21:20:48,188 - INFO - cur_node_number 25,f_best 8.003326416015625,f_min 7.982630564833016,k 490.3707252978515
2025-05-06 21:20:48,188 - INFO - f_best_current 8.003326416015625,f_min 7.982630564833016
2025-05-06 21:20:48,188 - INFO - bestx
2025-05-06 21:20:48,188 - INFO - [4.95831313e-02 4.93165983e-02 4.84986857e-02 2.96741920e-02
 1.19159975e-06 2.75764769e-02 1.70999617e-02 1.66292892e-05
 4.98952779e-02 4.99566676e-02 4.97637600e-02 4.99350538e-02
 4.99985193e-02 4.98094366e-02 1.38737337e-04 4.97177231e-02
 4.99337685e-02 4.82890717e-02 4.94941548e-02 4.99336094e-02
 4.90495806e-02 4.99885570e-02 4.89029134e-02 4.94983320e-02
 4.99531982e-02 4.99993680e-02 4.98801691e-02 4.82506000e-02
 6.95694293e-05 3.03682157e-04 3.66626594e-03 6.83484860e-04
 1.44780840e-01 4.06855514e-01 4.97817765e-02 1.70150714e-02
 3.80807000e-04 7.30024908e-04 7.04558268e-05 8.53420971e-06
 7.52982580e-05 5.34416154e-05 4.85922474e-02 4.98120252e-02
 1.24169411e-04 6.06270476e-06 4.48162557e-01 9.56741197e-01
 2.91186681e-01 5.67856165e-04 3.88274678e-04 4.81718573e-02
 4.99069222e-02 4.98680969e-02 4.99329838e-02 4.93859046e-02
 2.06344859e-02 4.99010990e-02 1.51547311e-02 3.29005590e-04
 4.98018803e-02 1.70586633e-01 5.46165243e-01 7.42192974e-01
 2.37178050e-01 4.93683044e-02 4.93043483e-02 4.99794517e-02
 4.99958851e-02 4.96826672e-02 4.99200987e-02 4.99717260e-02
 4.36194445e-02 1.93408513e-05 4.96261599e-02 4.99817605e-02
 4.70055513e-02 2.09420768e-01 8.12995633e-01 2.08823688e-01
 1.28334718e-03 2.09427000e-04 1.41840438e-06 6.31617420e-04
 1.01309616e-02 4.86671097e-02 4.94474429e-02 4.07117044e-02
 3.02864394e-02 4.97847211e-02 8.51312805e-02 3.15329715e-01
 7.62504700e-01 2.48710626e-01 4.99401468e-02 4.99823322e-02
 4.99131054e-02 4.98948551e-02 4.63753940e-04 3.60859578e-04
 4.08630668e-02 6.49090019e-04 1.60472764e-03 3.49986385e-01
 7.81493350e-01 5.50403040e-01 2.85223700e-01 4.97391900e-02
 4.97351025e-02 4.98484402e-02 4.99304709e-02 4.99942535e-02
 4.97300023e-02 8.27264851e-06 4.94577082e-02 1.96377590e-05
 9.62179614e-02 9.16651636e-01 7.81604390e-01 7.73648756e-01
 5.63211692e-01 1.81084944e-03 8.16600017e-07 6.21827019e-05
 1.11495528e-07 3.68855175e-04 3.79549170e-02 4.32747630e-02
 4.99985819e-02 4.99077907e-02 4.99231329e-02 7.34087900e-02
 5.39082504e-02 9.96801502e-02 8.95139107e-01 1.05035073e-03
 1.51437178e-03 5.72904254e-04 5.70475379e-05 6.19276325e-05
 1.24611415e-03 4.09714240e-02 2.96673687e-03 5.51017701e-04
 4.99818245e-02 4.98116846e-02 1.41396624e-04 3.69651638e-01
 4.99373884e-01 4.99587795e-02 4.99286820e-02 4.95729397e-02
 4.99951437e-02 4.99835964e-02 2.80313018e-02 4.98736323e-02
 2.90562073e-05 4.12081023e-08 7.91452972e-05 2.69207728e-01
 4.05624136e-01 7.30582830e-01 5.77836956e-02 4.99590975e-02
 4.99247188e-02 4.94866173e-02 4.99828626e-02 4.99933337e-02
 3.48281498e-02 7.07568073e-03 1.46090831e-04 7.50264097e-04
 4.15635950e-05 8.74569748e-02 3.46082904e-01 7.16620247e-02
 4.97477833e-02 2.55852827e-04 1.48585986e-05 4.08389768e-05
 3.17407041e-04 7.87694271e-05 2.24816501e-02 2.19583484e-02
 3.26399665e-05 3.05933088e-04 1.19026114e-02 3.65688958e-02
 4.99124989e-02 4.89852030e-02 4.87552767e-02 1.28950514e-03
 4.99276731e-02 4.98308737e-02 4.97955264e-02 4.92900484e-02]
2025-05-06 21:20:48,191 - INFO - 结束,fmin= 7.982630564833016, fbestmin=8.003326416015625
