2025-04-27 22:09:02,475 - INFO - Namespace(log_file='outputs/dnn1/img[8]/max/DNN1img8_label4.log', image_path='img[8].png', model_path='network/SimpleNN14.pth', label=4, init_epsilon=0.05, epsilon=0.01, ep=1, min=0)
2025-04-27 22:09:02,484 - INFO - Model output max(1): torch.return_types.max(
values=tensor([7.1213], grad_fn=<MaxBackward0>),
indices=tensor([8]))
2025-04-27 22:09:06,021 - INFO - cur_node_number 1,f_best 2.2314083576202393,f_min 0.8653984659358684,k 723.7522257493146
2025-04-27 22:09:06,021 - INFO - f_best_current 2.2314083576202393,f_min 0.8653984659358684
2025-04-27 22:09:11,890 - INFO - tree_node.f_best*ep:2.2314083576202393,left_f_best3.0374460220336914,right_f_best2.2742278575897217,i:1
2025-04-27 22:09:18,306 - INFO - tree_node.f_best*ep:2.2314083576202393,left_f_best3.0485341548919678,right_f_best2.2237699031829834,i:2
2025-04-27 22:09:38,492 - INFO - 添加左子节点，右子节点，len(queue):2
2025-04-27 22:09:38,492 - INFO - Node 1: k=723.7522257493146, f_best=2.2314083576202393, f_min=0.8653984659358684
2025-04-27 22:09:38,492 - INFO - Node 2: k=225.69160296499243, f_best=3.0485341548919678, f_min=2.6212510598843437
2025-04-27 22:09:38,492 - INFO - Node 3: k=219.0540463078192, f_best=2.2237699031829834, f_min=1.9008831528381052
2025-04-27 22:09:38,493 - INFO - cur_node_number 2,f_best 2.2237699031829834,f_min 1.9008831528381052,k 219.0540463078192
2025-04-27 22:09:38,493 - INFO - f_best_current 2.2237699031829834,f_min 1.9008831528381052
2025-04-27 22:09:45,121 - INFO - tree_node.f_best*ep:2.2237699031829834,left_f_best3.0222725868225098,right_f_best2.253606081008911,i:1
2025-04-27 22:09:51,695 - INFO - tree_node.f_best*ep:2.2237699031829834,left_f_best3.0021588802337646,right_f_best2.2144079208374023,i:2
2025-04-27 22:10:14,210 - INFO - 添加左子节点，右子节点，len(queue):3
2025-04-27 22:10:14,210 - INFO - Node 1: k=723.7522257493146, f_best=2.2314083576202393, f_min=0.8653984659358684
2025-04-27 22:10:14,210 - INFO - Node 2: k=225.69160296499243, f_best=3.0485341548919678, f_min=2.6212510598843437
2025-04-27 22:10:14,210 - INFO - Node 3: k=219.0540463078192, f_best=2.2237699031829834, f_min=1.9008831528381052
2025-04-27 22:10:14,210 - INFO - Node 4: k=200.28983820013318, f_best=3.0021588802337646, f_min=2.2894513478368026
2025-04-27 22:10:14,210 - INFO - Node 5: k=219.0540463078192, f_best=2.2144079208374023, f_min=1.647836467957859
2025-04-27 22:10:14,210 - INFO - cur_node_number 3,f_best 2.2144079208374023,f_min 1.647836467957859,k 219.0540463078192
2025-04-27 22:10:14,210 - INFO - f_best_current 2.2144079208374023,f_min 1.647836467957859
2025-04-27 22:10:21,684 - INFO - tree_node.f_best*ep:2.2144079208374023,left_f_best3.013676643371582,right_f_best2.2636396884918213,i:1
2025-04-27 22:10:29,140 - INFO - tree_node.f_best*ep:2.2144079208374023,left_f_best3.029287815093994,right_f_best2.246615409851074,i:2
2025-04-27 22:10:36,735 - INFO - tree_node.f_best*ep:2.2144079208374023,left_f_best2.9936676025390625,right_f_best2.2155752182006836,i:3
2025-04-27 22:10:44,528 - INFO - tree_node.f_best*ep:2.2144079208374023,left_f_best2.985353708267212,right_f_best2.190155267715454,i:4
2025-04-27 22:11:09,107 - INFO - 添加左子节点，右子节点，len(queue):4
2025-04-27 22:11:09,107 - INFO - Node 1: k=723.7522257493146, f_best=2.2314083576202393, f_min=0.8653984659358684
2025-04-27 22:11:09,107 - INFO - Node 2: k=225.69160296499243, f_best=3.0485341548919678, f_min=2.6212510598843437
2025-04-27 22:11:09,107 - INFO - Node 3: k=219.0540463078192, f_best=2.2237699031829834, f_min=1.9008831528381052
2025-04-27 22:11:09,107 - INFO - Node 4: k=200.28983820013318, f_best=3.0021588802337646, f_min=2.2894513478368026
2025-04-27 22:11:09,107 - INFO - Node 5: k=219.0540463078192, f_best=2.2144079208374023, f_min=1.647836467957859
2025-04-27 22:11:09,107 - INFO - Node 6: k=210.50663288124287, f_best=2.985353708267212, f_min=2.2918384422100644
2025-04-27 22:11:09,107 - INFO - Node 7: k=240.95945093860092, f_best=2.190155267715454, f_min=2.1325225729206068
2025-04-27 22:11:09,107 - INFO - cur_node_number 4,f_best 2.190155267715454,f_min 2.1325225729206068,k 240.95945093860092
2025-04-27 22:11:09,107 - INFO - f_best_current 2.190155267715454,f_min 2.1325225729206068
2025-04-27 22:11:09,107 - INFO - 回退,len(queue)=2
2025-04-27 22:11:09,107 - INFO - 回退,len(queue)=1
2025-04-27 22:11:16,479 - INFO - tree_node.f_best*ep:2.2237699031829834,left_f_best3.026527166366577,right_f_best2.2623841762542725,i:1
2025-04-27 22:11:24,126 - INFO - tree_node.f_best*ep:2.2237699031829834,left_f_best3.0546979904174805,right_f_best2.2190535068511963,i:2
2025-04-27 22:11:44,437 - INFO - 添加左子节点，右子节点，len(queue):3
2025-04-27 22:11:44,437 - INFO - Node 1: k=723.7522257493146, f_best=2.2314083576202393, f_min=0.8653984659358684
2025-04-27 22:11:44,437 - INFO - Node 2: k=225.69160296499243, f_best=3.0485341548919678, f_min=2.6212510598843437
2025-04-27 22:11:44,437 - INFO - Node 3: k=240.95945093860092, f_best=2.2237699031829834, f_min=1.9008831528381052
2025-04-27 22:11:44,437 - INFO - Node 4: k=153.10233828133968, f_best=3.0546979904174805, f_min=-0.008181939573660202
2025-04-27 22:11:44,437 - INFO - Node 5: k=153.10233828133968, f_best=2.2190535068511963, f_min=0.36826617890255875
2025-04-27 22:11:44,437 - INFO - cur_node_number 5,f_best 2.2190535068511963,f_min 0.36826617890255875,k 153.10233828133968
2025-04-27 22:11:44,437 - INFO - f_best_current 2.2190535068511963,f_min 0.36826617890255875
2025-04-27 22:11:51,872 - INFO - tree_node.f_best*ep:2.2190535068511963,left_f_best3.0139920711517334,right_f_best2.2618319988250732,i:1
2025-04-27 22:11:59,452 - INFO - tree_node.f_best*ep:2.2190535068511963,left_f_best3.0538735389709473,right_f_best2.2422728538513184,i:2
2025-04-27 22:12:07,317 - INFO - tree_node.f_best*ep:2.2190535068511963,left_f_best2.984649658203125,right_f_best2.220958709716797,i:3
2025-04-27 22:12:15,609 - INFO - tree_node.f_best*ep:2.2190535068511963,left_f_best2.987354040145874,right_f_best2.2019262313842773,i:4
2025-04-27 22:12:39,509 - INFO - 添加左子节点，右子节点，len(queue):4
2025-04-27 22:12:39,509 - INFO - Node 1: k=723.7522257493146, f_best=2.2314083576202393, f_min=0.8653984659358684
2025-04-27 22:12:39,509 - INFO - Node 2: k=225.69160296499243, f_best=3.0485341548919678, f_min=2.6212510598843437
2025-04-27 22:12:39,509 - INFO - Node 3: k=240.95945093860092, f_best=2.2237699031829834, f_min=1.9008831528381052
2025-04-27 22:12:39,509 - INFO - Node 4: k=153.10233828133968, f_best=3.0546979904174805, f_min=-0.008181939573660202
2025-04-27 22:12:39,509 - INFO - Node 5: k=153.10233828133968, f_best=2.2190535068511963, f_min=0.36826617890255875
2025-04-27 22:12:39,509 - INFO - Node 6: k=196.34333712394192, f_best=2.987354040145874, f_min=2.9627642707337145
2025-04-27 22:12:39,509 - INFO - Node 7: k=241.97194621246766, f_best=2.2019262313842773, f_min=2.1375285539061224
2025-04-27 22:12:39,509 - INFO - cur_node_number 6,f_best 2.2019262313842773,f_min 2.1375285539061224,k 241.97194621246766
2025-04-27 22:12:39,509 - INFO - f_best_current 2.2019262313842773,f_min 2.1375285539061224
2025-04-27 22:12:39,509 - INFO - 回退,len(queue)=2
2025-04-27 22:12:39,509 - INFO - 回退,len(queue)=1
2025-04-27 22:12:46,938 - INFO - tree_node.f_best*ep:2.2237699031829834,left_f_best3.065537691116333,right_f_best2.275895118713379,i:1
2025-04-27 22:12:54,627 - INFO - tree_node.f_best*ep:2.2237699031829834,left_f_best3.0161375999450684,right_f_best2.2092831134796143,i:2
2025-04-27 22:13:15,347 - INFO - 添加左子节点，右子节点，len(queue):3
2025-04-27 22:13:15,347 - INFO - Node 1: k=723.7522257493146, f_best=2.2314083576202393, f_min=0.8653984659358684
2025-04-27 22:13:15,347 - INFO - Node 2: k=225.69160296499243, f_best=3.0485341548919678, f_min=2.6212510598843437
2025-04-27 22:13:15,362 - INFO - Node 3: k=241.97194621246766, f_best=2.2237699031829834, f_min=1.9008831528381052
2025-04-27 22:13:15,362 - INFO - Node 4: k=125.47417473418193, f_best=3.0161375999450684, f_min=1.8464566720535913
2025-04-27 22:13:15,362 - INFO - Node 5: k=184.96430521151984, f_best=2.2092831134796143, f_min=1.9917718838551082
2025-04-27 22:13:15,362 - INFO - cur_node_number 7,f_best 2.2092831134796143,f_min 1.9917718838551082,k 184.96430521151984
2025-04-27 22:13:15,362 - INFO - f_best_current 2.2092831134796143,f_min 1.9917718838551082
2025-04-27 22:13:22,846 - INFO - tree_node.f_best*ep:2.2092831134796143,left_f_best3.0315353870391846,right_f_best2.2529351711273193,i:1
2025-04-27 22:13:30,696 - INFO - tree_node.f_best*ep:2.2092831134796143,left_f_best3.0654025077819824,right_f_best2.219667911529541,i:2
2025-04-27 22:13:38,684 - INFO - tree_node.f_best*ep:2.2092831134796143,left_f_best3.035508394241333,right_f_best2.20597505569458,i:3
2025-04-27 22:14:00,228 - INFO - 添加左子节点，右子节点，len(queue):4
2025-04-27 22:14:00,228 - INFO - Node 1: k=723.7522257493146, f_best=2.2314083576202393, f_min=0.8653984659358684
2025-04-27 22:14:00,228 - INFO - Node 2: k=225.69160296499243, f_best=3.0485341548919678, f_min=2.6212510598843437
2025-04-27 22:14:00,229 - INFO - Node 3: k=241.97194621246766, f_best=2.2237699031829834, f_min=1.9008831528381052
2025-04-27 22:14:00,229 - INFO - Node 4: k=125.47417473418193, f_best=3.0161375999450684, f_min=1.8464566720535913
2025-04-27 22:14:00,229 - INFO - Node 5: k=184.96430521151984, f_best=2.2092831134796143, f_min=1.9917718838551082
2025-04-27 22:14:00,229 - INFO - Node 6: k=272.6600455819552, f_best=3.035508394241333, f_min=2.3406807352866963
2025-04-27 22:14:00,229 - INFO - Node 7: k=150.08561737215928, f_best=2.20597505569458, f_min=0.004990065346646588
2025-04-27 22:14:00,229 - INFO - cur_node_number 8,f_best 2.20597505569458,f_min 0.004990065346646588,k 150.08561737215928
2025-04-27 22:14:00,229 - INFO - f_best_current 2.20597505569458,f_min 0.004990065346646588
2025-04-27 22:14:07,748 - INFO - tree_node.f_best*ep:2.20597505569458,left_f_best3.03261399269104,right_f_best2.237548351287842,i:1
2025-04-27 22:14:15,683 - INFO - tree_node.f_best*ep:2.20597505569458,left_f_best3.0508391857147217,right_f_best2.2366793155670166,i:2
2025-04-27 22:14:23,969 - INFO - tree_node.f_best*ep:2.20597505569458,left_f_best3.0082309246063232,right_f_best2.1983959674835205,i:3
2025-04-27 22:14:48,840 - INFO - 添加左子节点，右子节点，len(queue):5
2025-04-27 22:14:48,840 - INFO - Node 1: k=723.7522257493146, f_best=2.2314083576202393, f_min=0.8653984659358684
2025-04-27 22:14:48,840 - INFO - Node 2: k=225.69160296499243, f_best=3.0485341548919678, f_min=2.6212510598843437
2025-04-27 22:14:48,840 - INFO - Node 3: k=241.97194621246766, f_best=2.2237699031829834, f_min=1.9008831528381052
2025-04-27 22:14:48,840 - INFO - Node 4: k=125.47417473418193, f_best=3.0161375999450684, f_min=1.8464566720535913
2025-04-27 22:14:48,840 - INFO - Node 5: k=184.96430521151984, f_best=2.2092831134796143, f_min=1.9917718838551082
2025-04-27 22:14:48,840 - INFO - Node 6: k=272.6600455819552, f_best=3.035508394241333, f_min=2.3406807352866963
2025-04-27 22:14:48,840 - INFO - Node 7: k=150.08561737215928, f_best=2.20597505569458, f_min=0.004990065346646588
2025-04-27 22:14:48,840 - INFO - Node 8: k=246.83558233133826, f_best=3.0082309246063232, f_min=1.155842974270854
2025-04-27 22:14:48,840 - INFO - Node 9: k=202.2927365821345, f_best=2.1983959674835205, f_min=1.510636668666848
2025-04-27 22:14:48,840 - INFO - cur_node_number 9,f_best 2.1983959674835205,f_min 1.510636668666848,k 202.2927365821345
2025-04-27 22:14:48,840 - INFO - f_best_current 2.1983959674835205,f_min 1.510636668666848
2025-04-27 22:14:48,840 - INFO - 回退,len(queue)=3
2025-04-27 22:14:48,840 - INFO - 回退,len(queue)=2
2025-04-27 22:14:56,064 - INFO - tree_node.f_best*ep:2.2092831134796143,left_f_best3.0187270641326904,right_f_best2.2553107738494873,i:1
2025-04-27 22:15:03,461 - INFO - tree_node.f_best*ep:2.2092831134796143,left_f_best3.0405900478363037,right_f_best2.224285364151001,i:2
2025-04-27 22:15:11,651 - INFO - tree_node.f_best*ep:2.2092831134796143,left_f_best3.009446382522583,right_f_best2.219749927520752,i:3
2025-04-27 22:15:20,126 - INFO - tree_node.f_best*ep:2.2092831134796143,left_f_best2.9833548069000244,right_f_best2.1968674659729004,i:4
2025-04-27 22:15:45,331 - INFO - 添加左子节点，右子节点，len(queue):4
2025-04-27 22:15:45,331 - INFO - Node 1: k=723.7522257493146, f_best=2.2314083576202393, f_min=0.8653984659358684
2025-04-27 22:15:45,331 - INFO - Node 2: k=225.69160296499243, f_best=3.0485341548919678, f_min=2.6212510598843437
2025-04-27 22:15:45,331 - INFO - Node 3: k=241.97194621246766, f_best=2.2237699031829834, f_min=1.9008831528381052
2025-04-27 22:15:45,331 - INFO - Node 4: k=125.47417473418193, f_best=3.0161375999450684, f_min=1.8464566720535913
2025-04-27 22:15:45,331 - INFO - Node 5: k=202.2927365821345, f_best=2.2092831134796143, f_min=1.9917718838551082
2025-04-27 22:15:45,331 - INFO - Node 6: k=246.83558233133826, f_best=2.9833548069000244, f_min=2.41694439467301
2025-04-27 22:15:45,331 - INFO - Node 7: k=194.3993436870712, f_best=2.1968674659729004, f_min=1.6979566981062817
2025-04-27 22:15:45,346 - INFO - cur_node_number 10,f_best 2.1968674659729004,f_min 1.6979566981062817,k 194.3993436870712
2025-04-27 22:15:45,346 - INFO - f_best_current 2.1968674659729004,f_min 1.6979566981062817
2025-04-27 22:15:52,408 - INFO - tree_node.f_best*ep:2.1968674659729004,left_f_best3.0337235927581787,right_f_best2.231099843978882,i:1
2025-04-27 22:15:59,641 - INFO - tree_node.f_best*ep:2.1968674659729004,left_f_best3.0294229984283447,right_f_best2.230907678604126,i:2
2025-04-27 22:16:07,431 - INFO - tree_node.f_best*ep:2.1968674659729004,left_f_best3.027388334274292,right_f_best2.2188074588775635,i:3
2025-04-27 22:16:15,620 - INFO - tree_node.f_best*ep:2.1968674659729004,left_f_best2.9748575687408447,right_f_best2.2065939903259277,i:4
2025-04-27 22:16:24,431 - INFO - tree_node.f_best*ep:2.1968674659729004,left_f_best2.9672718048095703,right_f_best2.1750290393829346,i:5
2025-04-27 22:16:47,918 - INFO - 添加左子节点，右子节点，len(queue):5
2025-04-27 22:16:47,918 - INFO - Node 1: k=723.7522257493146, f_best=2.2314083576202393, f_min=0.8653984659358684
2025-04-27 22:16:47,918 - INFO - Node 2: k=225.69160296499243, f_best=3.0485341548919678, f_min=2.6212510598843437
2025-04-27 22:16:47,918 - INFO - Node 3: k=241.97194621246766, f_best=2.2237699031829834, f_min=1.9008831528381052
2025-04-27 22:16:47,918 - INFO - Node 4: k=125.47417473418193, f_best=3.0161375999450684, f_min=1.8464566720535913
2025-04-27 22:16:47,918 - INFO - Node 5: k=202.2927365821345, f_best=2.2092831134796143, f_min=1.9917718838551082
2025-04-27 22:16:47,918 - INFO - Node 6: k=246.83558233133826, f_best=2.9833548069000244, f_min=2.41694439467301
2025-04-27 22:16:47,918 - INFO - Node 7: k=194.3993436870712, f_best=2.1968674659729004, f_min=1.6979566981062817
2025-04-27 22:16:47,918 - INFO - Node 8: k=219.0540463078192, f_best=2.9672718048095703, f_min=2.1828383984902757
2025-04-27 22:16:47,918 - INFO - Node 9: k=175.98718984078326, f_best=2.1750290393829346, f_min=2.1715828943933957
2025-04-27 22:16:47,918 - INFO - cur_node_number 11,f_best 2.1750290393829346,f_min 2.1715828943933957,k 175.98718984078326
2025-04-27 22:16:47,918 - INFO - f_best_current 2.1750290393829346,f_min 2.1715828943933957
2025-04-27 22:16:47,918 - INFO - 结束,fmin= 2.1715828943933957, fbestmin=2.1750290393829346
