2025-04-27 22:09:08,995 - INFO - Namespace(log_file='outputs/dnn1/img[8]/max/DNN1img8_label2.log', image_path='img[8].png', model_path='network/SimpleNN14.pth', label=2, init_epsilon=0.05, epsilon=0.01, ep=1, min=0)
2025-04-27 22:09:09,004 - INFO - Model output max(1): torch.return_types.max(
values=tensor([7.1213], grad_fn=<MaxBackward0>),
indices=tensor([8]))
2025-04-27 22:09:12,647 - INFO - cur_node_number 1,f_best -2.4233973026275635,f_min -2.997720974721233,k 351.9403425430294
2025-04-27 22:09:12,647 - INFO - f_best_current -2.4233973026275635,f_min -2.997720974721233
2025-04-27 22:09:18,735 - INFO - tree_node.f_best*ep:-2.4233973026275635,left_f_best-0.9770238399505615,right_f_best-2.489396810531616,i:1
2025-04-27 22:09:37,832 - INFO - 添加左子节点，右子节点，len(queue):2
2025-04-27 22:09:37,832 - INFO - Node 1: k=351.9403425430294, f_best=-2.4233973026275635, f_min=-2.997720974721233
2025-04-27 22:09:37,832 - INFO - Node 2: k=271.51914056447197, f_best=-0.9770238399505615, f_min=-2.793348035717827
2025-04-27 22:09:37,832 - INFO - Node 3: k=195.52176791311012, f_best=-2.489396810531616, f_min=-4.012215091363032
2025-04-27 22:09:37,832 - INFO - cur_node_number 2,f_best -2.489396810531616,f_min -4.012215091363032,k 195.52176791311012
2025-04-27 22:09:37,832 - INFO - f_best_current -2.489396810531616,f_min -4.012215091363032
2025-04-27 22:09:44,351 - INFO - tree_node.f_best*ep:-2.489396810531616,left_f_best-0.9831123352050781,right_f_best-2.49402117729187,i:1
2025-04-27 22:10:06,209 - INFO - 添加左子节点，右子节点，len(queue):3
2025-04-27 22:10:06,209 - INFO - Node 1: k=351.9403425430294, f_best=-2.4233973026275635, f_min=-2.997720974721233
2025-04-27 22:10:06,209 - INFO - Node 2: k=271.51914056447197, f_best=-0.9770238399505615, f_min=-2.793348035717827
2025-04-27 22:10:06,209 - INFO - Node 3: k=195.52176791311012, f_best=-2.489396810531616, f_min=-4.012215091363032
2025-04-27 22:10:06,209 - INFO - Node 4: k=232.53028422643465, f_best=-0.9831123352050781, f_min=-1.250878629836734
2025-04-27 22:10:06,209 - INFO - Node 5: k=279.746442042716, f_best=-2.49402117729187, f_min=-3.0009498904055363
2025-04-27 22:10:06,209 - INFO - cur_node_number 3,f_best -2.49402117729187,f_min -3.0009498904055363,k 279.746442042716
2025-04-27 22:10:06,209 - INFO - f_best_current -2.49402117729187,f_min -3.0009498904055363
2025-04-27 22:10:06,209 - INFO - 回退,len(queue)=1
2025-04-27 22:10:13,410 - INFO - tree_node.f_best*ep:-2.489396810531616,left_f_best-0.9336576461791992,right_f_best-2.4676289558410645,i:1
2025-04-27 22:10:21,088 - INFO - tree_node.f_best*ep:-2.489396810531616,left_f_best-0.9912757873535156,right_f_best-2.486344575881958,i:2
2025-04-27 22:10:28,857 - INFO - tree_node.f_best*ep:-2.489396810531616,left_f_best-1.0086476802825928,right_f_best-2.5268592834472656,i:3
2025-04-27 22:10:51,438 - INFO - 添加左子节点，右子节点，len(queue):3
2025-04-27 22:10:51,438 - INFO - Node 1: k=351.9403425430294, f_best=-2.4233973026275635, f_min=-2.997720974721233
2025-04-27 22:10:51,438 - INFO - Node 2: k=271.51914056447197, f_best=-0.9770238399505615, f_min=-2.793348035717827
2025-04-27 22:10:51,438 - INFO - Node 3: k=279.746442042716, f_best=-2.489396810531616, f_min=-4.012215091363032
2025-04-27 22:10:51,438 - INFO - Node 4: k=209.62579948610738, f_best=-1.0086476802825928, f_min=-1.4267428568236937
2025-04-27 22:10:51,438 - INFO - Node 5: k=260.92455723332444, f_best=-2.5268592834472656, f_min=-5.923366636200626
2025-04-27 22:10:51,438 - INFO - cur_node_number 4,f_best -2.5268592834472656,f_min -5.923366636200626,k 260.92455723332444
2025-04-27 22:10:51,438 - INFO - f_best_current -2.5268592834472656,f_min -5.923366636200626
2025-04-27 22:10:58,614 - INFO - tree_node.f_best*ep:-2.5268592834472656,left_f_best-0.922959566116333,right_f_best-2.4899396896362305,i:1
2025-04-27 22:11:06,266 - INFO - tree_node.f_best*ep:-2.5268592834472656,left_f_best-0.9923510551452637,right_f_best-2.501333475112915,i:2
2025-04-27 22:11:14,235 - INFO - tree_node.f_best*ep:-2.5268592834472656,left_f_best-1.0013375282287598,right_f_best-2.520362138748169,i:3
2025-04-27 22:11:22,541 - INFO - tree_node.f_best*ep:-2.5268592834472656,left_f_best-1.0249173641204834,right_f_best-2.552212715148926,i:4
2025-04-27 22:11:44,249 - INFO - 添加左子节点，右子节点，len(queue):4
2025-04-27 22:11:44,249 - INFO - Node 1: k=351.9403425430294, f_best=-2.4233973026275635, f_min=-2.997720974721233
2025-04-27 22:11:44,249 - INFO - Node 2: k=271.51914056447197, f_best=-0.9770238399505615, f_min=-2.793348035717827
2025-04-27 22:11:44,249 - INFO - Node 3: k=279.746442042716, f_best=-2.489396810531616, f_min=-4.012215091363032
2025-04-27 22:11:44,249 - INFO - Node 4: k=209.62579948610738, f_best=-1.0086476802825928, f_min=-1.4267428568236937
2025-04-27 22:11:44,249 - INFO - Node 5: k=260.92455723332444, f_best=-2.5268592834472656, f_min=-5.923366636200626
2025-04-27 22:11:44,249 - INFO - Node 6: k=199.45175544816362, f_best=-1.0249173641204834, f_min=-4.162020038513219
2025-04-27 22:11:44,249 - INFO - Node 7: k=218.13744754469928, f_best=-2.552212715148926, f_min=-2.8586018346704805
2025-04-27 22:11:44,249 - INFO - cur_node_number 5,f_best -2.552212715148926,f_min -2.8586018346704805,k 218.13744754469928
2025-04-27 22:11:44,249 - INFO - f_best_current -2.552212715148926,f_min -2.8586018346704805
2025-04-27 22:11:51,621 - INFO - tree_node.f_best*ep:-2.552212715148926,left_f_best-1.0032238960266113,right_f_best-2.5028395652770996,i:1
2025-04-27 22:11:59,123 - INFO - tree_node.f_best*ep:-2.552212715148926,left_f_best-0.9804069995880127,right_f_best-2.515995740890503,i:2
2025-04-27 22:12:06,941 - INFO - tree_node.f_best*ep:-2.552212715148926,left_f_best-0.9810590744018555,right_f_best-2.521475076675415,i:3
2025-04-27 22:12:15,152 - INFO - tree_node.f_best*ep:-2.552212715148926,left_f_best-1.0073328018188477,right_f_best-2.5413761138916016,i:4
2025-04-27 22:12:23,563 - INFO - tree_node.f_best*ep:-2.552212715148926,left_f_best-1.0048716068267822,right_f_best-2.554680347442627,i:5
2025-04-27 22:12:45,159 - INFO - 添加左子节点，右子节点，len(queue):5
2025-04-27 22:12:45,159 - INFO - Node 1: k=351.9403425430294, f_best=-2.4233973026275635, f_min=-2.997720974721233
2025-04-27 22:12:45,159 - INFO - Node 2: k=271.51914056447197, f_best=-0.9770238399505615, f_min=-2.793348035717827
2025-04-27 22:12:45,159 - INFO - Node 3: k=279.746442042716, f_best=-2.489396810531616, f_min=-4.012215091363032
2025-04-27 22:12:45,159 - INFO - Node 4: k=209.62579948610738, f_best=-1.0086476802825928, f_min=-1.4267428568236937
2025-04-27 22:12:45,159 - INFO - Node 5: k=260.92455723332444, f_best=-2.5268592834472656, f_min=-5.923366636200626
2025-04-27 22:12:45,159 - INFO - Node 6: k=199.45175544816362, f_best=-1.0249173641204834, f_min=-4.162020038513219
2025-04-27 22:12:45,165 - INFO - Node 7: k=218.13744754469928, f_best=-2.552212715148926, f_min=-2.8586018346704805
2025-04-27 22:12:45,165 - INFO - Node 8: k=204.31566394795584, f_best=-1.0048716068267822, f_min=-1.2371779514878654
2025-04-27 22:12:45,165 - INFO - Node 9: k=155.52618479819148, f_best=-2.554680347442627, f_min=-2.6834981066567707
2025-04-27 22:12:45,165 - INFO - cur_node_number 6,f_best -2.554680347442627,f_min -2.6834981066567707,k 155.52618479819148
2025-04-27 22:12:45,165 - INFO - f_best_current -2.554680347442627,f_min -2.6834981066567707
2025-04-27 22:12:52,567 - INFO - tree_node.f_best*ep:-2.554680347442627,left_f_best-0.9814980030059814,right_f_best-2.4990954399108887,i:1
2025-04-27 22:12:59,944 - INFO - tree_node.f_best*ep:-2.554680347442627,left_f_best-0.9887542724609375,right_f_best-2.4979915618896484,i:2
2025-04-27 22:13:07,391 - INFO - tree_node.f_best*ep:-2.554680347442627,left_f_best-1.0126152038574219,right_f_best-2.5369269847869873,i:3
2025-04-27 22:13:15,409 - INFO - tree_node.f_best*ep:-2.554680347442627,left_f_best-1.032409429550171,right_f_best-2.541524887084961,i:4
2025-04-27 22:13:24,216 - INFO - tree_node.f_best*ep:-2.554680347442627,left_f_best-1.0339734554290771,right_f_best-2.539219379425049,i:5
2025-04-27 22:13:33,487 - INFO - tree_node.f_best*ep:-2.554680347442627,left_f_best-1.0381059646606445,right_f_best-2.5724916458129883,i:6
2025-04-27 22:13:54,009 - INFO - 添加左子节点，右子节点，len(queue):6
2025-04-27 22:13:54,009 - INFO - Node 1: k=351.9403425430294, f_best=-2.4233973026275635, f_min=-2.997720974721233
2025-04-27 22:13:54,009 - INFO - Node 2: k=271.51914056447197, f_best=-0.9770238399505615, f_min=-2.793348035717827
2025-04-27 22:13:54,009 - INFO - Node 3: k=279.746442042716, f_best=-2.489396810531616, f_min=-4.012215091363032
2025-04-27 22:13:54,009 - INFO - Node 4: k=209.62579948610738, f_best=-1.0086476802825928, f_min=-1.4267428568236937
2025-04-27 22:13:54,009 - INFO - Node 5: k=260.92455723332444, f_best=-2.5268592834472656, f_min=-5.923366636200626
2025-04-27 22:13:54,018 - INFO - Node 6: k=199.45175544816362, f_best=-1.0249173641204834, f_min=-4.162020038513219
2025-04-27 22:13:54,018 - INFO - Node 7: k=218.13744754469928, f_best=-2.552212715148926, f_min=-2.8586018346704805
2025-04-27 22:13:54,018 - INFO - Node 8: k=204.31566394795584, f_best=-1.0048716068267822, f_min=-1.2371779514878654
2025-04-27 22:13:54,018 - INFO - Node 9: k=155.52618479819148, f_best=-2.554680347442627, f_min=-2.6834981066567707
2025-04-27 22:13:54,019 - INFO - Node 10: k=201.44627300264526, f_best=-1.0381059646606445, f_min=-3.4618386511901917
2025-04-27 22:13:54,019 - INFO - Node 11: k=192.47459770997148, f_best=-2.5724916458129883, f_min=-3.069348924831502
2025-04-27 22:13:54,019 - INFO - cur_node_number 7,f_best -2.5724916458129883,f_min -3.069348924831502,k 192.47459770997148
2025-04-27 22:13:54,019 - INFO - f_best_current -2.5724916458129883,f_min -3.069348924831502
2025-04-27 22:13:54,019 - INFO - 回退,len(queue)=4
2025-04-27 22:14:01,091 - INFO - tree_node.f_best*ep:-2.554680347442627,left_f_best-0.9228856563568115,right_f_best-2.492283821105957,i:1
2025-04-27 22:14:08,768 - INFO - tree_node.f_best*ep:-2.554680347442627,left_f_best-0.9389076232910156,right_f_best-2.513193368911743,i:2
2025-04-27 22:14:16,782 - INFO - tree_node.f_best*ep:-2.554680347442627,left_f_best-1.0075116157531738,right_f_best-2.498131275177002,i:3
2025-04-27 22:14:25,116 - INFO - tree_node.f_best*ep:-2.554680347442627,left_f_best-0.9922223091125488,right_f_best-2.5317182540893555,i:4
2025-04-27 22:14:33,356 - INFO - tree_node.f_best*ep:-2.554680347442627,left_f_best-1.0332064628601074,right_f_best-2.5480499267578125,i:5
2025-04-27 22:14:42,283 - INFO - tree_node.f_best*ep:-2.554680347442627,left_f_best-1.0531840324401855,right_f_best-2.560249090194702,i:6
2025-04-27 22:15:03,391 - INFO - 添加左子节点，右子节点，len(queue):6
2025-04-27 22:15:03,391 - INFO - Node 1: k=351.9403425430294, f_best=-2.4233973026275635, f_min=-2.997720974721233
2025-04-27 22:15:03,391 - INFO - Node 2: k=271.51914056447197, f_best=-0.9770238399505615, f_min=-2.793348035717827
2025-04-27 22:15:03,391 - INFO - Node 3: k=279.746442042716, f_best=-2.489396810531616, f_min=-4.012215091363032
2025-04-27 22:15:03,391 - INFO - Node 4: k=209.62579948610738, f_best=-1.0086476802825928, f_min=-1.4267428568236937
2025-04-27 22:15:03,391 - INFO - Node 5: k=260.92455723332444, f_best=-2.5268592834472656, f_min=-5.923366636200626
2025-04-27 22:15:03,391 - INFO - Node 6: k=199.45175544816362, f_best=-1.0249173641204834, f_min=-4.162020038513219
2025-04-27 22:15:03,391 - INFO - Node 7: k=218.13744754469928, f_best=-2.552212715148926, f_min=-2.8586018346704805
2025-04-27 22:15:03,391 - INFO - Node 8: k=204.31566394795584, f_best=-1.0048716068267822, f_min=-1.2371779514878654
2025-04-27 22:15:03,391 - INFO - Node 9: k=192.47459770997148, f_best=-2.554680347442627, f_min=-2.6834981066567707
2025-04-27 22:15:03,391 - INFO - Node 10: k=153.9863215823678, f_best=-1.0531840324401855, f_min=-1.6144665199153678
2025-04-27 22:15:03,391 - INFO - Node 11: k=233.8728691310606, f_best=-2.560249090194702, f_min=-6.0001601517460585
2025-04-27 22:15:03,398 - INFO - cur_node_number 8,f_best -2.560249090194702,f_min -6.0001601517460585,k 233.8728691310606
2025-04-27 22:15:03,398 - INFO - f_best_current -2.560249090194702,f_min -6.0001601517460585
2025-04-27 22:15:03,398 - INFO - 回退,len(queue)=4
2025-04-27 22:15:03,398 - INFO - 回退,len(queue)=3
2025-04-27 22:15:10,694 - INFO - tree_node.f_best*ep:-2.552212715148926,left_f_best-0.8395788669586182,right_f_best-2.4603376388549805,i:1
2025-04-27 22:15:18,225 - INFO - tree_node.f_best*ep:-2.552212715148926,left_f_best-0.9940509796142578,right_f_best-2.4985837936401367,i:2
2025-04-27 22:15:25,961 - INFO - tree_node.f_best*ep:-2.552212715148926,left_f_best-1.0018088817596436,right_f_best-2.509270191192627,i:3
2025-04-27 22:15:34,029 - INFO - tree_node.f_best*ep:-2.552212715148926,left_f_best-1.0086619853973389,right_f_best-2.5212249755859375,i:4
2025-04-27 22:15:42,666 - INFO - tree_node.f_best*ep:-2.552212715148926,left_f_best-1.0066208839416504,right_f_best-2.5582821369171143,i:5
2025-04-27 22:16:02,967 - INFO - 添加左子节点，右子节点，len(queue):5
2025-04-27 22:16:02,967 - INFO - Node 1: k=351.9403425430294, f_best=-2.4233973026275635, f_min=-2.997720974721233
2025-04-27 22:16:02,967 - INFO - Node 2: k=271.51914056447197, f_best=-0.9770238399505615, f_min=-2.793348035717827
2025-04-27 22:16:02,967 - INFO - Node 3: k=279.746442042716, f_best=-2.489396810531616, f_min=-4.012215091363032
2025-04-27 22:16:02,967 - INFO - Node 4: k=209.62579948610738, f_best=-1.0086476802825928, f_min=-1.4267428568236937
2025-04-27 22:16:02,967 - INFO - Node 5: k=260.92455723332444, f_best=-2.5268592834472656, f_min=-5.923366636200626
2025-04-27 22:16:02,967 - INFO - Node 6: k=199.45175544816362, f_best=-1.0249173641204834, f_min=-4.162020038513219
2025-04-27 22:16:02,967 - INFO - Node 7: k=233.8728691310606, f_best=-2.552212715148926, f_min=-2.8586018346704805
2025-04-27 22:16:02,967 - INFO - Node 8: k=97.4314017249827, f_best=-1.0066208839416504, f_min=-1.0075146199160372
2025-04-27 22:16:02,967 - INFO - Node 9: k=291.10526937288284, f_best=-2.5582821369171143, f_min=-3.788159436729984
2025-04-27 22:16:02,967 - INFO - cur_node_number 9,f_best -2.5582821369171143,f_min -3.788159436729984,k 291.10526937288284
2025-04-27 22:16:02,967 - INFO - f_best_current -2.5582821369171143,f_min -3.788159436729984
2025-04-27 22:16:02,967 - INFO - 回退,len(queue)=3
2025-04-27 22:16:02,967 - INFO - 回退,len(queue)=2
2025-04-27 22:16:02,967 - INFO - 回退,len(queue)=1
2025-04-27 22:16:10,020 - INFO - tree_node.f_best*ep:-2.489396810531616,left_f_best-0.9911134243011475,right_f_best-2.4910366535186768,i:1
2025-04-27 22:16:31,428 - INFO - 添加左子节点，右子节点，len(queue):3
2025-04-27 22:16:31,428 - INFO - Node 1: k=351.9403425430294, f_best=-2.4233973026275635, f_min=-2.997720974721233
2025-04-27 22:16:31,428 - INFO - Node 2: k=271.51914056447197, f_best=-0.9770238399505615, f_min=-2.793348035717827
2025-04-27 22:16:31,428 - INFO - Node 3: k=291.10526937288284, f_best=-2.489396810531616, f_min=-4.012215091363032
2025-04-27 22:16:31,428 - INFO - Node 4: k=193.58590882486152, f_best=-0.9911134243011475, f_min=-2.5167226329849655
2025-04-27 22:16:31,428 - INFO - Node 5: k=152.46170453699781, f_best=-2.4910366535186768, f_min=-3.1535303394848597
2025-04-27 22:16:31,428 - INFO - cur_node_number 10,f_best -2.4910366535186768,f_min -3.1535303394848597,k 152.46170453699781
2025-04-27 22:16:31,440 - INFO - f_best_current -2.4910366535186768,f_min -3.1535303394848597
2025-04-27 22:16:38,617 - INFO - tree_node.f_best*ep:-2.4910366535186768,left_f_best-0.9506337642669678,right_f_best-2.4672675132751465,i:1
2025-04-27 22:16:45,956 - INFO - tree_node.f_best*ep:-2.4910366535186768,left_f_best-1.0017590522766113,right_f_best-2.5097992420196533,i:2
2025-04-27 22:17:07,068 - INFO - 添加左子节点，右子节点，len(queue):4
2025-04-27 22:17:07,068 - INFO - Node 1: k=351.9403425430294, f_best=-2.4233973026275635, f_min=-2.997720974721233
2025-04-27 22:17:07,068 - INFO - Node 2: k=271.51914056447197, f_best=-0.9770238399505615, f_min=-2.793348035717827
2025-04-27 22:17:07,068 - INFO - Node 3: k=291.10526937288284, f_best=-2.489396810531616, f_min=-4.012215091363032
2025-04-27 22:17:07,068 - INFO - Node 4: k=193.58590882486152, f_best=-0.9911134243011475, f_min=-2.5167226329849655
2025-04-27 22:17:07,068 - INFO - Node 5: k=152.46170453699781, f_best=-2.4910366535186768, f_min=-3.1535303394848597
2025-04-27 22:17:07,068 - INFO - Node 6: k=274.23433197011667, f_best=-1.0017590522766113, f_min=-1.6426245913207822
2025-04-27 22:17:07,068 - INFO - Node 7: k=213.83927805577815, f_best=-2.5097992420196533, f_min=-2.600695483030904
2025-04-27 22:17:07,068 - INFO - cur_node_number 11,f_best -2.5097992420196533,f_min -2.600695483030904,k 213.83927805577815
2025-04-27 22:17:07,068 - INFO - f_best_current -2.5097992420196533,f_min -2.600695483030904
2025-04-27 22:17:07,068 - INFO - 回退,len(queue)=2
2025-04-27 22:17:13,331 - INFO - tree_node.f_best*ep:-2.4910366535186768,left_f_best-0.9661765098571777,right_f_best-2.5086662769317627,i:1
2025-04-27 22:17:33,130 - INFO - 添加左子节点，右子节点，len(queue):4
2025-04-27 22:17:33,130 - INFO - Node 1: k=351.9403425430294, f_best=-2.4233973026275635, f_min=-2.997720974721233
2025-04-27 22:17:33,130 - INFO - Node 2: k=271.51914056447197, f_best=-0.9770238399505615, f_min=-2.793348035717827
2025-04-27 22:17:33,130 - INFO - Node 3: k=291.10526937288284, f_best=-2.489396810531616, f_min=-4.012215091363032
2025-04-27 22:17:33,130 - INFO - Node 4: k=193.58590882486152, f_best=-0.9911134243011475, f_min=-2.5167226329849655
2025-04-27 22:17:33,130 - INFO - Node 5: k=213.83927805577815, f_best=-2.4910366535186768, f_min=-3.1535303394848597
2025-04-27 22:17:33,139 - INFO - Node 6: k=234.85558706869898, f_best=-0.9661765098571777, f_min=-4.676462616830577
2025-04-27 22:17:33,139 - INFO - Node 7: k=248.26076326149146, f_best=-2.5086662769317627, f_min=-3.5988229086988213
2025-04-27 22:17:33,139 - INFO - cur_node_number 12,f_best -2.5086662769317627,f_min -3.5988229086988213,k 248.26076326149146
2025-04-27 22:17:33,139 - INFO - f_best_current -2.5086662769317627,f_min -3.5988229086988213
2025-04-27 22:17:33,139 - INFO - 回退,len(queue)=2
2025-04-27 22:17:39,076 - INFO - tree_node.f_best*ep:-2.4910366535186768,left_f_best-0.9713952541351318,right_f_best-2.485180139541626,i:1
2025-04-27 22:17:45,146 - INFO - tree_node.f_best*ep:-2.4910366535186768,left_f_best-1.0138332843780518,right_f_best-2.523021697998047,i:2
2025-04-27 22:18:03,426 - INFO - 添加左子节点，右子节点，len(queue):4
2025-04-27 22:18:03,426 - INFO - Node 1: k=351.9403425430294, f_best=-2.4233973026275635, f_min=-2.997720974721233
2025-04-27 22:18:03,426 - INFO - Node 2: k=271.51914056447197, f_best=-0.9770238399505615, f_min=-2.793348035717827
2025-04-27 22:18:03,426 - INFO - Node 3: k=291.10526937288284, f_best=-2.489396810531616, f_min=-4.012215091363032
2025-04-27 22:18:03,426 - INFO - Node 4: k=193.58590882486152, f_best=-0.9911134243011475, f_min=-2.5167226329849655
2025-04-27 22:18:03,426 - INFO - Node 5: k=248.26076326149146, f_best=-2.4910366535186768, f_min=-3.1535303394848597
2025-04-27 22:18:03,426 - INFO - Node 6: k=234.85558706869898, f_best=-1.0138332843780518, f_min=-1.1799065303184761
2025-04-27 22:18:03,426 - INFO - Node 7: k=157.0814466461734, f_best=-2.523021697998047, f_min=-2.644345392627656
2025-04-27 22:18:03,426 - INFO - cur_node_number 13,f_best -2.523021697998047,f_min -2.644345392627656,k 157.0814466461734
2025-04-27 22:18:03,426 - INFO - f_best_current -2.523021697998047,f_min -2.644345392627656
2025-04-27 22:18:09,292 - INFO - tree_node.f_best*ep:-2.523021697998047,left_f_best-0.9662275314331055,right_f_best-2.471489191055298,i:1
2025-04-27 22:18:15,336 - INFO - tree_node.f_best*ep:-2.523021697998047,left_f_best-0.9660921096801758,right_f_best-2.50286865234375,i:2
2025-04-27 22:18:21,545 - INFO - tree_node.f_best*ep:-2.523021697998047,left_f_best-0.9991614818572998,right_f_best-2.5317745208740234,i:3
2025-04-27 22:18:42,131 - INFO - 添加左子节点，右子节点，len(queue):5
2025-04-27 22:18:42,131 - INFO - Node 1: k=351.9403425430294, f_best=-2.4233973026275635, f_min=-2.997720974721233
2025-04-27 22:18:42,131 - INFO - Node 2: k=271.51914056447197, f_best=-0.9770238399505615, f_min=-2.793348035717827
2025-04-27 22:18:42,131 - INFO - Node 3: k=291.10526937288284, f_best=-2.489396810531616, f_min=-4.012215091363032
2025-04-27 22:18:42,131 - INFO - Node 4: k=193.58590882486152, f_best=-0.9911134243011475, f_min=-2.5167226329849655
2025-04-27 22:18:42,131 - INFO - Node 5: k=248.26076326149146, f_best=-2.4910366535186768, f_min=-3.1535303394848597
2025-04-27 22:18:42,131 - INFO - Node 6: k=234.85558706869898, f_best=-1.0138332843780518, f_min=-1.1799065303184761
2025-04-27 22:18:42,131 - INFO - Node 7: k=157.0814466461734, f_best=-2.523021697998047, f_min=-2.644345392627656
2025-04-27 22:18:42,131 - INFO - Node 8: k=243.36904544798693, f_best=-0.9991614818572998, f_min=-2.1172046280262293
2025-04-27 22:18:42,131 - INFO - Node 9: k=331.3049509720007, f_best=-2.5317745208740234, f_min=-2.8341539424363873
2025-04-27 22:18:42,131 - INFO - cur_node_number 14,f_best -2.5317745208740234,f_min -2.8341539424363873,k 331.3049509720007
2025-04-27 22:18:42,131 - INFO - f_best_current -2.5317745208740234,f_min -2.8341539424363873
2025-04-27 22:18:42,131 - INFO - 回退,len(queue)=3
2025-04-27 22:18:42,131 - INFO - 回退,len(queue)=2
2025-04-27 22:18:42,131 - INFO - 回退,len(queue)=1
2025-04-27 22:18:48,090 - INFO - tree_node.f_best*ep:-2.489396810531616,left_f_best-0.9509916305541992,right_f_best-2.4910905361175537,i:1
2025-04-27 22:19:08,192 - INFO - 添加左子节点，右子节点，len(queue):3
2025-04-27 22:19:08,192 - INFO - Node 1: k=351.9403425430294, f_best=-2.4233973026275635, f_min=-2.997720974721233
2025-04-27 22:19:08,192 - INFO - Node 2: k=271.51914056447197, f_best=-0.9770238399505615, f_min=-2.793348035717827
2025-04-27 22:19:08,192 - INFO - Node 3: k=331.3049509720007, f_best=-2.489396810531616, f_min=-4.012215091363032
2025-04-27 22:19:08,192 - INFO - Node 4: k=328.02470393267396, f_best=-0.9509916305541992, f_min=-4.49329978183232
2025-04-27 22:19:08,192 - INFO - Node 5: k=231.55729616936694, f_best=-2.4910905361175537, f_min=-2.719900126097855
2025-04-27 22:19:08,192 - INFO - cur_node_number 15,f_best -2.4910905361175537,f_min -2.719900126097855,k 231.55729616936694
2025-04-27 22:19:08,192 - INFO - f_best_current -2.4910905361175537,f_min -2.719900126097855
2025-04-27 22:19:13,841 - INFO - tree_node.f_best*ep:-2.4910905361175537,left_f_best-0.9641385078430176,right_f_best-2.492454767227173,i:1
2025-04-27 22:19:34,713 - INFO - 添加左子节点，右子节点，len(queue):4
2025-04-27 22:19:34,713 - INFO - Node 1: k=351.9403425430294, f_best=-2.4233973026275635, f_min=-2.997720974721233
2025-04-27 22:19:34,713 - INFO - Node 2: k=271.51914056447197, f_best=-0.9770238399505615, f_min=-2.793348035717827
2025-04-27 22:19:34,713 - INFO - Node 3: k=331.3049509720007, f_best=-2.489396810531616, f_min=-4.012215091363032
2025-04-27 22:19:34,713 - INFO - Node 4: k=328.02470393267396, f_best=-0.9509916305541992, f_min=-4.49329978183232
2025-04-27 22:19:34,713 - INFO - Node 5: k=231.55729616936694, f_best=-2.4910905361175537, f_min=-2.719900126097855
2025-04-27 22:19:34,713 - INFO - Node 6: k=239.57618436877985, f_best=-0.9641385078430176, f_min=-1.0682357943533134
2025-04-27 22:19:34,713 - INFO - Node 7: k=341.34382229140334, f_best=-2.492454767227173, f_min=-5.869383880244641
2025-04-27 22:19:34,713 - INFO - cur_node_number 16,f_best -2.492454767227173,f_min -5.869383880244641,k 341.34382229140334
2025-04-27 22:19:34,713 - INFO - f_best_current -2.492454767227173,f_min -5.869383880244641
2025-04-27 22:19:34,713 - INFO - 回退,len(queue)=2
2025-04-27 22:19:34,713 - INFO - 回退,len(queue)=1
2025-04-27 22:19:40,633 - INFO - tree_node.f_best*ep:-2.489396810531616,left_f_best-0.9806830883026123,right_f_best-2.5026090145111084,i:1
2025-04-27 22:20:00,687 - INFO - 添加左子节点，右子节点，len(queue):3
2025-04-27 22:20:00,687 - INFO - Node 1: k=351.9403425430294, f_best=-2.4233973026275635, f_min=-2.997720974721233
2025-04-27 22:20:00,687 - INFO - Node 2: k=271.51914056447197, f_best=-0.9770238399505615, f_min=-2.793348035717827
2025-04-27 22:20:00,687 - INFO - Node 3: k=341.34382229140334, f_best=-2.489396810531616, f_min=-4.012215091363032
2025-04-27 22:20:00,687 - INFO - Node 4: k=326.1416252434668, f_best=-0.9806830883026123, f_min=-1.8757968108911882
2025-04-27 22:20:00,687 - INFO - Node 5: k=199.45175544816362, f_best=-2.5026090145111084, f_min=-4.144811692412986
2025-04-27 22:20:00,687 - INFO - cur_node_number 17,f_best -2.5026090145111084,f_min -4.144811692412986,k 199.45175544816362
2025-04-27 22:20:00,687 - INFO - f_best_current -2.5026090145111084,f_min -4.144811692412986
2025-04-27 22:20:06,510 - INFO - tree_node.f_best*ep:-2.5026090145111084,left_f_best-0.9513936042785645,right_f_best-2.448932647705078,i:1
2025-04-27 22:20:12,552 - INFO - tree_node.f_best*ep:-2.5026090145111084,left_f_best-0.9894199371337891,right_f_best-2.5050606727600098,i:2
2025-04-27 22:20:29,098 - INFO - 添加左子节点，右子节点，len(queue):4
2025-04-27 22:20:29,098 - INFO - Node 1: k=351.9403425430294, f_best=-2.4233973026275635, f_min=-2.997720974721233
2025-04-27 22:20:29,098 - INFO - Node 2: k=271.51914056447197, f_best=-0.9770238399505615, f_min=-2.793348035717827
2025-04-27 22:20:29,098 - INFO - Node 3: k=341.34382229140334, f_best=-2.489396810531616, f_min=-4.012215091363032
2025-04-27 22:20:29,098 - INFO - Node 4: k=326.1416252434668, f_best=-0.9806830883026123, f_min=-1.8757968108911882
2025-04-27 22:20:29,098 - INFO - Node 5: k=199.45175544816362, f_best=-2.5026090145111084, f_min=-4.144811692412986
2025-04-27 22:20:29,098 - INFO - Node 6: k=177.00330585024773, f_best=-0.9894199371337891, f_min=-1.9648895364789496
2025-04-27 22:20:29,098 - INFO - Node 7: k=146.51270134640154, f_best=-2.5050606727600098, f_min=-2.553147537426412
2025-04-27 22:20:29,098 - INFO - cur_node_number 18,f_best -2.5050606727600098,f_min -2.553147537426412,k 146.51270134640154
2025-04-27 22:20:29,098 - INFO - f_best_current -2.5050606727600098,f_min -2.553147537426412
2025-04-27 22:20:34,809 - INFO - tree_node.f_best*ep:-2.5050606727600098,left_f_best-0.9309337139129639,right_f_best-2.4934651851654053,i:1
2025-04-27 22:20:40,795 - INFO - tree_node.f_best*ep:-2.5050606727600098,left_f_best-1.0138001441955566,right_f_best-2.4871292114257812,i:2
2025-04-27 22:20:47,010 - INFO - tree_node.f_best*ep:-2.5050606727600098,left_f_best-0.9921021461486816,right_f_best-2.5493762493133545,i:3
2025-04-27 22:21:04,109 - INFO - 添加左子节点，右子节点，len(queue):5
2025-04-27 22:21:04,109 - INFO - Node 1: k=351.9403425430294, f_best=-2.4233973026275635, f_min=-2.997720974721233
2025-04-27 22:21:04,109 - INFO - Node 2: k=271.51914056447197, f_best=-0.9770238399505615, f_min=-2.793348035717827
2025-04-27 22:21:04,109 - INFO - Node 3: k=341.34382229140334, f_best=-2.489396810531616, f_min=-4.012215091363032
2025-04-27 22:21:04,109 - INFO - Node 4: k=326.1416252434668, f_best=-0.9806830883026123, f_min=-1.8757968108911882
2025-04-27 22:21:04,109 - INFO - Node 5: k=199.45175544816362, f_best=-2.5026090145111084, f_min=-4.144811692412986
2025-04-27 22:21:04,109 - INFO - Node 6: k=177.00330585024773, f_best=-0.9894199371337891, f_min=-1.9648895364789496
2025-04-27 22:21:04,109 - INFO - Node 7: k=146.51270134640154, f_best=-2.5050606727600098, f_min=-2.553147537426412
2025-04-27 22:21:04,109 - INFO - Node 8: k=136.65504178970315, f_best=-0.9921021461486816, f_min=-2.3665589912043288
2025-04-27 22:21:04,109 - INFO - Node 9: k=213.83927805577815, f_best=-2.5493762493133545, f_min=-2.728154861620169
2025-04-27 22:21:04,109 - INFO - cur_node_number 19,f_best -2.5493762493133545,f_min -2.728154861620169,k 213.83927805577815
2025-04-27 22:21:04,109 - INFO - f_best_current -2.5493762493133545,f_min -2.728154861620169
2025-04-27 22:21:04,109 - INFO - 回退,len(queue)=3
2025-04-27 22:21:04,109 - INFO - 回退,len(queue)=2
2025-04-27 22:21:10,142 - INFO - tree_node.f_best*ep:-2.5026090145111084,left_f_best-0.9658637046813965,right_f_best-2.488966941833496,i:1
2025-04-27 22:21:16,368 - INFO - tree_node.f_best*ep:-2.5026090145111084,left_f_best-0.9878182411193848,right_f_best-2.5087268352508545,i:2
2025-04-27 22:21:32,631 - INFO - 添加左子节点，右子节点，len(queue):4
2025-04-27 22:21:32,631 - INFO - Node 1: k=351.9403425430294, f_best=-2.4233973026275635, f_min=-2.997720974721233
2025-04-27 22:21:32,631 - INFO - Node 2: k=271.51914056447197, f_best=-0.9770238399505615, f_min=-2.793348035717827
2025-04-27 22:21:32,631 - INFO - Node 3: k=341.34382229140334, f_best=-2.489396810531616, f_min=-4.012215091363032
2025-04-27 22:21:32,631 - INFO - Node 4: k=326.1416252434668, f_best=-0.9806830883026123, f_min=-1.8757968108911882
2025-04-27 22:21:32,631 - INFO - Node 5: k=213.83927805577815, f_best=-2.5026090145111084, f_min=-4.144811692412986
2025-04-27 22:21:32,631 - INFO - Node 6: k=212.6116992100553, f_best=-0.9878182411193848, f_min=-1.3346069795315998
2025-04-27 22:21:32,631 - INFO - Node 7: k=101.38750733493792, f_best=-2.5087268352508545, f_min=-3.0122292078945065
2025-04-27 22:21:32,631 - INFO - cur_node_number 20,f_best -2.5087268352508545,f_min -3.0122292078945065,k 101.38750733493792
2025-04-27 22:21:32,631 - INFO - f_best_current -2.5087268352508545,f_min -3.0122292078945065
2025-04-27 22:21:38,482 - INFO - tree_node.f_best*ep:-2.5087268352508545,left_f_best-0.9906413555145264,right_f_best-2.486020088195801,i:1
2025-04-27 22:21:44,575 - INFO - tree_node.f_best*ep:-2.5087268352508545,left_f_best-0.9780406951904297,right_f_best-2.5201194286346436,i:2
2025-04-27 22:22:02,501 - INFO - 添加左子节点，右子节点，len(queue):5
2025-04-27 22:22:02,501 - INFO - Node 1: k=351.9403425430294, f_best=-2.4233973026275635, f_min=-2.997720974721233
2025-04-27 22:22:02,501 - INFO - Node 2: k=271.51914056447197, f_best=-0.9770238399505615, f_min=-2.793348035717827
2025-04-27 22:22:02,501 - INFO - Node 3: k=341.34382229140334, f_best=-2.489396810531616, f_min=-4.012215091363032
2025-04-27 22:22:02,501 - INFO - Node 4: k=326.1416252434668, f_best=-0.9806830883026123, f_min=-1.8757968108911882
2025-04-27 22:22:02,501 - INFO - Node 5: k=213.83927805577815, f_best=-2.5026090145111084, f_min=-4.144811692412986
2025-04-27 22:22:02,501 - INFO - Node 6: k=212.6116992100553, f_best=-0.9878182411193848, f_min=-1.3346069795315998
2025-04-27 22:22:02,501 - INFO - Node 7: k=101.38750733493792, f_best=-2.5087268352508545, f_min=-3.0122292078945065
2025-04-27 22:22:02,501 - INFO - Node 8: k=218.13744754469928, f_best=-0.9780406951904297, f_min=-1.0557887591758117
2025-04-27 22:22:02,501 - INFO - Node 9: k=175.2507978715324, f_best=-2.5201194286346436, f_min=-3.8553828021849768
2025-04-27 22:22:02,501 - INFO - cur_node_number 21,f_best -2.5201194286346436,f_min -3.8553828021849768,k 175.2507978715324
2025-04-27 22:22:02,501 - INFO - f_best_current -2.5201194286346436,f_min -3.8553828021849768
2025-04-27 22:22:02,501 - INFO - 回退,len(queue)=3
2025-04-27 22:22:08,134 - INFO - tree_node.f_best*ep:-2.5087268352508545,left_f_best-0.9625663757324219,right_f_best-2.498166561126709,i:1
2025-04-27 22:22:13,944 - INFO - tree_node.f_best*ep:-2.5087268352508545,left_f_best-0.990797758102417,right_f_best-2.51631236076355,i:2
2025-04-27 22:22:32,464 - INFO - 添加左子节点，右子节点，len(queue):5
2025-04-27 22:22:32,464 - INFO - Node 1: k=351.9403425430294, f_best=-2.4233973026275635, f_min=-2.997720974721233
2025-04-27 22:22:32,464 - INFO - Node 2: k=271.51914056447197, f_best=-0.9770238399505615, f_min=-2.793348035717827
2025-04-27 22:22:32,464 - INFO - Node 3: k=341.34382229140334, f_best=-2.489396810531616, f_min=-4.012215091363032
2025-04-27 22:22:32,464 - INFO - Node 4: k=326.1416252434668, f_best=-0.9806830883026123, f_min=-1.8757968108911882
2025-04-27 22:22:32,464 - INFO - Node 5: k=213.83927805577815, f_best=-2.5026090145111084, f_min=-4.144811692412986
2025-04-27 22:22:32,464 - INFO - Node 6: k=212.6116992100553, f_best=-0.9878182411193848, f_min=-1.3346069795315998
2025-04-27 22:22:32,464 - INFO - Node 7: k=175.2507978715324, f_best=-2.5087268352508545, f_min=-3.0122292078945065
2025-04-27 22:22:32,464 - INFO - Node 8: k=182.36668302081608, f_best=-0.990797758102417, f_min=-1.882081864833708
2025-04-27 22:22:32,464 - INFO - Node 9: k=263.5338028056577, f_best=-2.51631236076355, f_min=-3.5189790092154
2025-04-27 22:22:32,464 - INFO - cur_node_number 22,f_best -2.51631236076355,f_min -3.5189790092154,k 263.5338028056577
2025-04-27 22:22:32,464 - INFO - f_best_current -2.51631236076355,f_min -3.5189790092154
2025-04-27 22:22:32,464 - INFO - 回退,len(queue)=3
2025-04-27 22:22:32,464 - INFO - 回退,len(queue)=2
2025-04-27 22:22:38,280 - INFO - tree_node.f_best*ep:-2.5026090145111084,left_f_best-0.9922809600830078,right_f_best-2.506760358810425,i:1
2025-04-27 22:22:58,204 - INFO - 添加左子节点，右子节点，len(queue):4
2025-04-27 22:22:58,204 - INFO - Node 1: k=351.9403425430294, f_best=-2.4233973026275635, f_min=-2.997720974721233
2025-04-27 22:22:58,204 - INFO - Node 2: k=271.51914056447197, f_best=-0.9770238399505615, f_min=-2.793348035717827
2025-04-27 22:22:58,204 - INFO - Node 3: k=341.34382229140334, f_best=-2.489396810531616, f_min=-4.012215091363032
2025-04-27 22:22:58,204 - INFO - Node 4: k=326.1416252434668, f_best=-0.9806830883026123, f_min=-1.8757968108911882
2025-04-27 22:22:58,204 - INFO - Node 5: k=263.5338028056577, f_best=-2.5026090145111084, f_min=-4.144811692412986
2025-04-27 22:22:58,204 - INFO - Node 6: k=301.18631906545534, f_best=-0.9922809600830078, f_min=-2.233395325609308
2025-04-27 22:22:58,204 - INFO - Node 7: k=189.77150164186014, f_best=-2.506760358810425, f_min=-4.43673864070206
2025-04-27 22:22:58,204 - INFO - cur_node_number 23,f_best -2.506760358810425,f_min -4.43673864070206,k 189.77150164186014
2025-04-27 22:22:58,204 - INFO - f_best_current -2.506760358810425,f_min -4.43673864070206
2025-04-27 22:23:04,128 - INFO - tree_node.f_best*ep:-2.506760358810425,left_f_best-0.9090228080749512,right_f_best-2.4685449600219727,i:1
2025-04-27 22:23:10,165 - INFO - tree_node.f_best*ep:-2.506760358810425,left_f_best-1.0011358261108398,right_f_best-2.501073122024536,i:2
2025-04-27 22:23:16,376 - INFO - tree_node.f_best*ep:-2.506760358810425,left_f_best-1.0205023288726807,right_f_best-2.5076799392700195,i:3
2025-04-27 22:23:32,785 - INFO - 添加左子节点，右子节点，len(queue):5
2025-04-27 22:23:32,785 - INFO - Node 1: k=351.9403425430294, f_best=-2.4233973026275635, f_min=-2.997720974721233
2025-04-27 22:23:32,785 - INFO - Node 2: k=271.51914056447197, f_best=-0.9770238399505615, f_min=-2.793348035717827
2025-04-27 22:23:32,785 - INFO - Node 3: k=341.34382229140334, f_best=-2.489396810531616, f_min=-4.012215091363032
2025-04-27 22:23:32,785 - INFO - Node 4: k=326.1416252434668, f_best=-0.9806830883026123, f_min=-1.8757968108911882
2025-04-27 22:23:32,785 - INFO - Node 5: k=263.5338028056577, f_best=-2.5026090145111084, f_min=-4.144811692412986
2025-04-27 22:23:32,785 - INFO - Node 6: k=301.18631906545534, f_best=-0.9922809600830078, f_min=-2.233395325609308
2025-04-27 22:23:32,785 - INFO - Node 7: k=189.77150164186014, f_best=-2.506760358810425, f_min=-4.43673864070206
2025-04-27 22:23:32,785 - INFO - Node 8: k=199.45175544816362, f_best=-1.0205023288726807, f_min=-1.4100402449066678
2025-04-27 22:23:32,785 - INFO - Node 9: k=143.6258223178135, f_best=-2.5076799392700195, f_min=-3.683911596557664
2025-04-27 22:23:32,785 - INFO - cur_node_number 24,f_best -2.5076799392700195,f_min -3.683911596557664,k 143.6258223178135
2025-04-27 22:23:32,785 - INFO - f_best_current -2.5076799392700195,f_min -3.683911596557664
2025-04-27 22:23:38,620 - INFO - tree_node.f_best*ep:-2.5076799392700195,left_f_best-0.9465889930725098,right_f_best-2.474722385406494,i:1
2025-04-27 22:23:44,818 - INFO - tree_node.f_best*ep:-2.5076799392700195,left_f_best-0.9527008533477783,right_f_best-2.5268940925598145,i:2
2025-04-27 22:24:05,322 - INFO - 添加左子节点，右子节点，len(queue):6
2025-04-27 22:24:05,322 - INFO - Node 1: k=351.9403425430294, f_best=-2.4233973026275635, f_min=-2.997720974721233
2025-04-27 22:24:05,322 - INFO - Node 2: k=271.51914056447197, f_best=-0.9770238399505615, f_min=-2.793348035717827
2025-04-27 22:24:05,322 - INFO - Node 3: k=341.34382229140334, f_best=-2.489396810531616, f_min=-4.012215091363032
2025-04-27 22:24:05,322 - INFO - Node 4: k=326.1416252434668, f_best=-0.9806830883026123, f_min=-1.8757968108911882
2025-04-27 22:24:05,322 - INFO - Node 5: k=263.5338028056577, f_best=-2.5026090145111084, f_min=-4.144811692412986
2025-04-27 22:24:05,322 - INFO - Node 6: k=301.18631906545534, f_best=-0.9922809600830078, f_min=-2.233395325609308
2025-04-27 22:24:05,322 - INFO - Node 7: k=189.77150164186014, f_best=-2.506760358810425, f_min=-4.43673864070206
2025-04-27 22:24:05,322 - INFO - Node 8: k=199.45175544816362, f_best=-1.0205023288726807, f_min=-1.4100402449066678
2025-04-27 22:24:05,322 - INFO - Node 9: k=143.6258223178135, f_best=-2.5076799392700195, f_min=-3.683911596557664
2025-04-27 22:24:05,322 - INFO - Node 10: k=214.73781620215584, f_best=-0.9527008533477783, f_min=-1.732860098004494
2025-04-27 22:24:05,322 - INFO - Node 11: k=274.23433197011667, f_best=-2.5268940925598145, f_min=-3.5576527362236448
2025-04-27 22:24:05,322 - INFO - cur_node_number 25,f_best -2.5268940925598145,f_min -3.5576527362236448,k 274.23433197011667
2025-04-27 22:24:05,322 - INFO - f_best_current -2.5268940925598145,f_min -3.5576527362236448
2025-04-27 22:24:05,322 - INFO - 回退,len(queue)=4
2025-04-27 22:24:05,322 - INFO - 回退,len(queue)=3
2025-04-27 22:24:05,322 - INFO - 回退,len(queue)=2
2025-04-27 22:24:11,264 - INFO - tree_node.f_best*ep:-2.5026090145111084,left_f_best-0.9342265129089355,right_f_best-2.512535333633423,i:1
2025-04-27 22:24:29,006 - INFO - 添加左子节点，右子节点，len(queue):4
2025-04-27 22:24:29,006 - INFO - Node 1: k=351.9403425430294, f_best=-2.4233973026275635, f_min=-2.997720974721233
2025-04-27 22:24:29,006 - INFO - Node 2: k=271.51914056447197, f_best=-0.9770238399505615, f_min=-2.793348035717827
2025-04-27 22:24:29,006 - INFO - Node 3: k=341.34382229140334, f_best=-2.489396810531616, f_min=-4.012215091363032
2025-04-27 22:24:29,006 - INFO - Node 4: k=326.1416252434668, f_best=-0.9806830883026123, f_min=-1.8757968108911882
2025-04-27 22:24:29,006 - INFO - Node 5: k=274.23433197011667, f_best=-2.5026090145111084, f_min=-4.144811692412986
2025-04-27 22:24:29,006 - INFO - Node 6: k=147.97782835986555, f_best=-0.9342265129089355, f_min=-1.0753068836634156
2025-04-27 22:24:29,006 - INFO - Node 7: k=268.83083224205143, f_best=-2.512535333633423, f_min=-3.5410068827331997
2025-04-27 22:24:29,006 - INFO - cur_node_number 26,f_best -2.512535333633423,f_min -3.5410068827331997,k 268.83083224205143
2025-04-27 22:24:29,006 - INFO - f_best_current -2.512535333633423,f_min -3.5410068827331997
2025-04-27 22:24:34,687 - INFO - tree_node.f_best*ep:-2.512535333633423,left_f_best-0.9514460563659668,right_f_best-2.5189969539642334,i:1
2025-04-27 22:24:54,709 - INFO - 添加左子节点，右子节点，len(queue):5
2025-04-27 22:24:54,709 - INFO - Node 1: k=351.9403425430294, f_best=-2.4233973026275635, f_min=-2.997720974721233
2025-04-27 22:24:54,709 - INFO - Node 2: k=271.51914056447197, f_best=-0.9770238399505615, f_min=-2.793348035717827
2025-04-27 22:24:54,709 - INFO - Node 3: k=341.34382229140334, f_best=-2.489396810531616, f_min=-4.012215091363032
2025-04-27 22:24:54,709 - INFO - Node 4: k=326.1416252434668, f_best=-0.9806830883026123, f_min=-1.8757968108911882
2025-04-27 22:24:54,709 - INFO - Node 5: k=274.23433197011667, f_best=-2.5026090145111084, f_min=-4.144811692412986
2025-04-27 22:24:54,709 - INFO - Node 6: k=147.97782835986555, f_best=-0.9342265129089355, f_min=-1.0753068836634156
2025-04-27 22:24:54,709 - INFO - Node 7: k=268.83083224205143, f_best=-2.512535333633423, f_min=-3.5410068827331997
2025-04-27 22:24:54,709 - INFO - Node 8: k=159.3189071559386, f_best=-0.9514460563659668, f_min=-1.0671658325081808
2025-04-27 22:24:54,709 - INFO - Node 9: k=337.96418048653794, f_best=-2.5189969539642334, f_min=-3.3421797523405985
2025-04-27 22:24:54,709 - INFO - cur_node_number 27,f_best -2.5189969539642334,f_min -3.3421797523405985,k 337.96418048653794
2025-04-27 22:24:54,709 - INFO - f_best_current -2.5189969539642334,f_min -3.3421797523405985
2025-04-27 22:24:54,709 - INFO - 回退,len(queue)=3
2025-04-27 22:24:54,709 - INFO - 回退,len(queue)=2
2025-04-27 22:25:00,535 - INFO - tree_node.f_best*ep:-2.5026090145111084,left_f_best-0.9776761531829834,right_f_best-2.4821560382843018,i:1
2025-04-27 22:25:06,467 - INFO - tree_node.f_best*ep:-2.5026090145111084,left_f_best-0.9971075057983398,right_f_best-2.490663766860962,i:2
2025-04-27 22:25:12,652 - INFO - tree_node.f_best*ep:-2.5026090145111084,left_f_best-1.010838270187378,right_f_best-2.5162835121154785,i:3
2025-04-27 22:25:31,773 - INFO - 添加左子节点，右子节点，len(queue):4
2025-04-27 22:25:31,773 - INFO - Node 1: k=351.9403425430294, f_best=-2.4233973026275635, f_min=-2.997720974721233
2025-04-27 22:25:31,773 - INFO - Node 2: k=271.51914056447197, f_best=-0.9770238399505615, f_min=-2.793348035717827
2025-04-27 22:25:31,773 - INFO - Node 3: k=341.34382229140334, f_best=-2.489396810531616, f_min=-4.012215091363032
2025-04-27 22:25:31,773 - INFO - Node 4: k=326.1416252434668, f_best=-0.9806830883026123, f_min=-1.8757968108911882
2025-04-27 22:25:31,773 - INFO - Node 5: k=337.96418048653794, f_best=-2.5026090145111084, f_min=-4.144811692412986
2025-04-27 22:25:31,773 - INFO - Node 6: k=250.7433708941064, f_best=-1.010838270187378, f_min=-1.7846095225531826
2025-04-27 22:25:31,773 - INFO - Node 7: k=201.44627300264526, f_best=-2.5162835121154785, f_min=-5.596205422853018
2025-04-27 22:25:31,773 - INFO - cur_node_number 28,f_best -2.5162835121154785,f_min -5.596205422853018,k 201.44627300264526
2025-04-27 22:25:31,773 - INFO - f_best_current -2.5162835121154785,f_min -5.596205422853018
2025-04-27 22:25:37,575 - INFO - tree_node.f_best*ep:-2.5162835121154785,left_f_best-0.9595670700073242,right_f_best-2.496717929840088,i:1
2025-04-27 22:25:43,686 - INFO - tree_node.f_best*ep:-2.5162835121154785,left_f_best-0.9674835205078125,right_f_best-2.5167958736419678,i:2
2025-04-27 22:26:03,706 - INFO - 添加左子节点，右子节点，len(queue):5
2025-04-27 22:26:03,706 - INFO - Node 1: k=351.9403425430294, f_best=-2.4233973026275635, f_min=-2.997720974721233
2025-04-27 22:26:03,706 - INFO - Node 2: k=271.51914056447197, f_best=-0.9770238399505615, f_min=-2.793348035717827
2025-04-27 22:26:03,706 - INFO - Node 3: k=341.34382229140334, f_best=-2.489396810531616, f_min=-4.012215091363032
2025-04-27 22:26:03,706 - INFO - Node 4: k=326.1416252434668, f_best=-0.9806830883026123, f_min=-1.8757968108911882
2025-04-27 22:26:03,706 - INFO - Node 5: k=337.96418048653794, f_best=-2.5026090145111084, f_min=-4.144811692412986
2025-04-27 22:26:03,706 - INFO - Node 6: k=250.7433708941064, f_best=-1.010838270187378, f_min=-1.7846095225531826
2025-04-27 22:26:03,706 - INFO - Node 7: k=201.44627300264526, f_best=-2.5162835121154785, f_min=-5.596205422853018
2025-04-27 22:26:03,706 - INFO - Node 8: k=309.01410938544734, f_best=-0.9674835205078125, f_min=-2.790318830377146
2025-04-27 22:26:03,706 - INFO - Node 9: k=233.8728691310606, f_best=-2.5167958736419678, f_min=-2.702525176412564
2025-04-27 22:26:03,706 - INFO - cur_node_number 29,f_best -2.5167958736419678,f_min -2.702525176412564,k 233.8728691310606
2025-04-27 22:26:03,706 - INFO - f_best_current -2.5167958736419678,f_min -2.702525176412564
2025-04-27 22:26:03,706 - INFO - 回退,len(queue)=3
2025-04-27 22:26:09,537 - INFO - tree_node.f_best*ep:-2.5162835121154785,left_f_best-0.9576201438903809,right_f_best-2.4935057163238525,i:1
2025-04-27 22:26:15,729 - INFO - tree_node.f_best*ep:-2.5162835121154785,left_f_best-0.9681003093719482,right_f_best-2.5066704750061035,i:2
2025-04-27 22:26:22,268 - INFO - tree_node.f_best*ep:-2.5162835121154785,left_f_best-1.0103976726531982,right_f_best-2.536792755126953,i:3
2025-04-27 22:26:39,875 - INFO - 添加左子节点，右子节点，len(queue):5
2025-04-27 22:26:39,875 - INFO - Node 1: k=351.9403425430294, f_best=-2.4233973026275635, f_min=-2.997720974721233
2025-04-27 22:26:39,875 - INFO - Node 2: k=271.51914056447197, f_best=-0.9770238399505615, f_min=-2.793348035717827
2025-04-27 22:26:39,875 - INFO - Node 3: k=341.34382229140334, f_best=-2.489396810531616, f_min=-4.012215091363032
2025-04-27 22:26:39,875 - INFO - Node 4: k=326.1416252434668, f_best=-0.9806830883026123, f_min=-1.8757968108911882
2025-04-27 22:26:39,875 - INFO - Node 5: k=337.96418048653794, f_best=-2.5026090145111084, f_min=-4.144811692412986
2025-04-27 22:26:39,875 - INFO - Node 6: k=250.7433708941064, f_best=-1.010838270187378, f_min=-1.7846095225531826
2025-04-27 22:26:39,875 - INFO - Node 7: k=233.8728691310606, f_best=-2.5162835121154785, f_min=-5.596205422853018
2025-04-27 22:26:39,875 - INFO - Node 8: k=179.524532356583, f_best=-1.0103976726531982, f_min=-1.1657512606989258
2025-04-27 22:26:39,875 - INFO - Node 9: k=146.51270134640154, f_best=-2.536792755126953, f_min=-2.8737037173004865
2025-04-27 22:26:39,875 - INFO - cur_node_number 30,f_best -2.536792755126953,f_min -2.8737037173004865,k 146.51270134640154
2025-04-27 22:26:39,875 - INFO - f_best_current -2.536792755126953,f_min -2.8737037173004865
2025-04-27 22:26:45,770 - INFO - tree_node.f_best*ep:-2.536792755126953,left_f_best-0.9877591133117676,right_f_best-2.4764161109924316,i:1
2025-04-27 22:26:51,741 - INFO - tree_node.f_best*ep:-2.536792755126953,left_f_best-0.9385068416595459,right_f_best-2.5144667625427246,i:2
2025-04-27 22:26:57,923 - INFO - tree_node.f_best*ep:-2.536792755126953,left_f_best-0.9939584732055664,right_f_best-2.5436575412750244,i:3
2025-04-27 22:27:17,041 - INFO - 添加左子节点，右子节点，len(queue):6
2025-04-27 22:27:17,041 - INFO - Node 1: k=351.9403425430294, f_best=-2.4233973026275635, f_min=-2.997720974721233
2025-04-27 22:27:17,041 - INFO - Node 2: k=271.51914056447197, f_best=-0.9770238399505615, f_min=-2.793348035717827
2025-04-27 22:27:17,041 - INFO - Node 3: k=341.34382229140334, f_best=-2.489396810531616, f_min=-4.012215091363032
2025-04-27 22:27:17,041 - INFO - Node 4: k=326.1416252434668, f_best=-0.9806830883026123, f_min=-1.8757968108911882
2025-04-27 22:27:17,041 - INFO - Node 5: k=337.96418048653794, f_best=-2.5026090145111084, f_min=-4.144811692412986
2025-04-27 22:27:17,041 - INFO - Node 6: k=250.7433708941064, f_best=-1.010838270187378, f_min=-1.7846095225531826
2025-04-27 22:27:17,041 - INFO - Node 7: k=233.8728691310606, f_best=-2.5162835121154785, f_min=-5.596205422853018
2025-04-27 22:27:17,041 - INFO - Node 8: k=179.524532356583, f_best=-1.0103976726531982, f_min=-1.1657512606989258
2025-04-27 22:27:17,041 - INFO - Node 9: k=146.51270134640154, f_best=-2.536792755126953, f_min=-2.8737037173004865
2025-04-27 22:27:17,041 - INFO - Node 10: k=258.34114577556875, f_best=-0.9939584732055664, f_min=-1.864111647372738
2025-04-27 22:27:17,041 - INFO - Node 11: k=203.4607357326717, f_best=-2.5436575412750244, f_min=-2.713591026958966
2025-04-27 22:27:17,041 - INFO - cur_node_number 31,f_best -2.5436575412750244,f_min -2.713591026958966,k 203.4607357326717
2025-04-27 22:27:17,041 - INFO - f_best_current -2.5436575412750244,f_min -2.713591026958966
2025-04-27 22:27:17,041 - INFO - 回退,len(queue)=4
2025-04-27 22:27:22,881 - INFO - tree_node.f_best*ep:-2.536792755126953,left_f_best-0.8944797515869141,right_f_best-2.4919989109039307,i:1
2025-04-27 22:27:28,996 - INFO - tree_node.f_best*ep:-2.536792755126953,left_f_best-0.9993364810943604,right_f_best-2.52703595161438,i:2
2025-04-27 22:27:35,469 - INFO - tree_node.f_best*ep:-2.536792755126953,left_f_best-0.8695321083068848,right_f_best-2.5355470180511475,i:3
2025-04-27 22:27:42,289 - INFO - tree_node.f_best*ep:-2.536792755126953,left_f_best-1.0181097984313965,right_f_best-2.539111375808716,i:4
2025-04-27 22:28:01,339 - INFO - 添加左子节点，右子节点，len(queue):6
2025-04-27 22:28:01,339 - INFO - Node 1: k=351.9403425430294, f_best=-2.4233973026275635, f_min=-2.997720974721233
2025-04-27 22:28:01,339 - INFO - Node 2: k=271.51914056447197, f_best=-0.9770238399505615, f_min=-2.793348035717827
2025-04-27 22:28:01,339 - INFO - Node 3: k=341.34382229140334, f_best=-2.489396810531616, f_min=-4.012215091363032
2025-04-27 22:28:01,339 - INFO - Node 4: k=326.1416252434668, f_best=-0.9806830883026123, f_min=-1.8757968108911882
2025-04-27 22:28:01,339 - INFO - Node 5: k=337.96418048653794, f_best=-2.5026090145111084, f_min=-4.144811692412986
2025-04-27 22:28:01,339 - INFO - Node 6: k=250.7433708941064, f_best=-1.010838270187378, f_min=-1.7846095225531826
2025-04-27 22:28:01,339 - INFO - Node 7: k=233.8728691310606, f_best=-2.5162835121154785, f_min=-5.596205422853018
2025-04-27 22:28:01,339 - INFO - Node 8: k=179.524532356583, f_best=-1.0103976726531982, f_min=-1.1657512606989258
2025-04-27 22:28:01,339 - INFO - Node 9: k=203.4607357326717, f_best=-2.536792755126953, f_min=-2.8737037173004865
2025-04-27 22:28:01,339 - INFO - Node 10: k=245.8027359024668, f_best=-1.0181097984313965, f_min=-1.199893669069752
2025-04-27 22:28:01,339 - INFO - Node 11: k=207.5502965208984, f_best=-2.539111375808716, f_min=-5.2313944747274945
2025-04-27 22:28:01,339 - INFO - cur_node_number 32,f_best -2.539111375808716,f_min -5.2313944747274945,k 207.5502965208984
2025-04-27 22:28:01,339 - INFO - f_best_current -2.539111375808716,f_min -5.2313944747274945
2025-04-27 22:28:01,339 - INFO - 回退,len(queue)=4
2025-04-27 22:28:07,232 - INFO - tree_node.f_best*ep:-2.536792755126953,left_f_best-0.9122090339660645,right_f_best-2.5226149559020996,i:1
2025-04-27 22:28:13,327 - INFO - tree_node.f_best*ep:-2.536792755126953,left_f_best-0.9785854816436768,right_f_best-2.498595952987671,i:2
2025-04-27 22:28:19,692 - INFO - tree_node.f_best*ep:-2.536792755126953,left_f_best-1.0020558834075928,right_f_best-2.516434669494629,i:3
2025-04-27 22:28:26,439 - INFO - tree_node.f_best*ep:-2.536792755126953,left_f_best-1.0245904922485352,right_f_best-2.5556020736694336,i:4
2025-04-27 22:28:46,105 - INFO - 添加左子节点，右子节点，len(queue):6
2025-04-27 22:28:46,105 - INFO - Node 1: k=351.9403425430294, f_best=-2.4233973026275635, f_min=-2.997720974721233
2025-04-27 22:28:46,105 - INFO - Node 2: k=271.51914056447197, f_best=-0.9770238399505615, f_min=-2.793348035717827
2025-04-27 22:28:46,105 - INFO - Node 3: k=341.34382229140334, f_best=-2.489396810531616, f_min=-4.012215091363032
2025-04-27 22:28:46,105 - INFO - Node 4: k=326.1416252434668, f_best=-0.9806830883026123, f_min=-1.8757968108911882
2025-04-27 22:28:46,105 - INFO - Node 5: k=337.96418048653794, f_best=-2.5026090145111084, f_min=-4.144811692412986
2025-04-27 22:28:46,105 - INFO - Node 6: k=250.7433708941064, f_best=-1.010838270187378, f_min=-1.7846095225531826
2025-04-27 22:28:46,105 - INFO - Node 7: k=233.8728691310606, f_best=-2.5162835121154785, f_min=-5.596205422853018
2025-04-27 22:28:46,106 - INFO - Node 8: k=179.524532356583, f_best=-1.0103976726531982, f_min=-1.1657512606989258
2025-04-27 22:28:46,106 - INFO - Node 9: k=207.5502965208984, f_best=-2.536792755126953, f_min=-2.8737037173004865
2025-04-27 22:28:46,106 - INFO - Node 10: k=225.69160296499243, f_best=-1.0245904922485352, f_min=-1.2137277507335966
2025-04-27 22:28:46,106 - INFO - Node 11: k=187.89257588302985, f_best=-2.5556020736694336, f_min=-5.562804671561025
2025-04-27 22:28:46,106 - INFO - cur_node_number 33,f_best -2.5556020736694336,f_min -5.562804671561025,k 187.89257588302985
2025-04-27 22:28:46,106 - INFO - f_best_current -2.5556020736694336,f_min -5.562804671561025
2025-04-27 22:28:52,356 - INFO - tree_node.f_best*ep:-2.5556020736694336,left_f_best-0.9483418464660645,right_f_best-2.45550537109375,i:1
2025-04-27 22:28:58,503 - INFO - tree_node.f_best*ep:-2.5556020736694336,left_f_best-0.9849374294281006,right_f_best-2.5271711349487305,i:2
2025-04-27 22:29:04,931 - INFO - tree_node.f_best*ep:-2.5556020736694336,left_f_best-1.0140762329101562,right_f_best-2.5269558429718018,i:3
2025-04-27 22:29:11,428 - INFO - tree_node.f_best*ep:-2.5556020736694336,left_f_best-0.9552311897277832,right_f_best-2.5217254161834717,i:4
2025-04-27 22:29:18,226 - INFO - tree_node.f_best*ep:-2.5556020736694336,left_f_best-1.0313048362731934,right_f_best-2.546844959259033,i:5
2025-04-27 22:29:25,494 - INFO - tree_node.f_best*ep:-2.5556020736694336,left_f_best-1.0366885662078857,right_f_best-2.529254674911499,i:6
2025-04-27 22:29:33,099 - INFO - tree_node.f_best*ep:-2.5556020736694336,left_f_best-1.0558319091796875,right_f_best-2.565821409225464,i:7
2025-04-27 22:29:52,525 - INFO - 添加左子节点，右子节点，len(queue):7
2025-04-27 22:29:52,525 - INFO - Node 1: k=351.9403425430294, f_best=-2.4233973026275635, f_min=-2.997720974721233
2025-04-27 22:29:52,525 - INFO - Node 2: k=271.51914056447197, f_best=-0.9770238399505615, f_min=-2.793348035717827
2025-04-27 22:29:52,525 - INFO - Node 3: k=341.34382229140334, f_best=-2.489396810531616, f_min=-4.012215091363032
2025-04-27 22:29:52,525 - INFO - Node 4: k=326.1416252434668, f_best=-0.9806830883026123, f_min=-1.8757968108911882
2025-04-27 22:29:52,525 - INFO - Node 5: k=337.96418048653794, f_best=-2.5026090145111084, f_min=-4.144811692412986
2025-04-27 22:29:52,525 - INFO - Node 6: k=250.7433708941064, f_best=-1.010838270187378, f_min=-1.7846095225531826
2025-04-27 22:29:52,525 - INFO - Node 7: k=233.8728691310606, f_best=-2.5162835121154785, f_min=-5.596205422853018
2025-04-27 22:29:52,525 - INFO - Node 8: k=179.524532356583, f_best=-1.0103976726531982, f_min=-1.1657512606989258
2025-04-27 22:29:52,525 - INFO - Node 9: k=207.5502965208984, f_best=-2.536792755126953, f_min=-2.8737037173004865
2025-04-27 22:29:52,525 - INFO - Node 10: k=225.69160296499243, f_best=-1.0245904922485352, f_min=-1.2137277507335966
2025-04-27 22:29:52,525 - INFO - Node 11: k=187.89257588302985, f_best=-2.5556020736694336, f_min=-5.562804671561025
2025-04-27 22:29:52,525 - INFO - Node 12: k=206.3588205874354, f_best=-1.0558319091796875, f_min=-1.2230728520180492
2025-04-27 22:29:52,525 - INFO - Node 13: k=229.26464967264053, f_best=-2.565821409225464, f_min=-2.643137766018299
2025-04-27 22:29:52,525 - INFO - cur_node_number 34,f_best -2.565821409225464,f_min -2.643137766018299,k 229.26464967264053
2025-04-27 22:29:52,525 - INFO - f_best_current -2.565821409225464,f_min -2.643137766018299
2025-04-27 22:29:52,525 - INFO - 回退,len(queue)=5
2025-04-27 22:29:52,525 - INFO - 回退,len(queue)=4
2025-04-27 22:29:58,351 - INFO - tree_node.f_best*ep:-2.536792755126953,left_f_best-0.9325592517852783,right_f_best-2.4867031574249268,i:1
2025-04-27 22:30:04,321 - INFO - tree_node.f_best*ep:-2.536792755126953,left_f_best-1.0008277893066406,right_f_best-2.5125064849853516,i:2
2025-04-27 22:30:10,543 - INFO - tree_node.f_best*ep:-2.536792755126953,left_f_best-1.016216516494751,right_f_best-2.5148086547851562,i:3
2025-04-27 22:30:17,135 - INFO - tree_node.f_best*ep:-2.536792755126953,left_f_best-1.0077879428863525,right_f_best-2.5453872680664062,i:4
2025-04-27 22:30:35,172 - INFO - 添加左子节点，右子节点，len(queue):6
2025-04-27 22:30:35,172 - INFO - Node 1: k=351.9403425430294, f_best=-2.4233973026275635, f_min=-2.997720974721233
2025-04-27 22:30:35,172 - INFO - Node 2: k=271.51914056447197, f_best=-0.9770238399505615, f_min=-2.793348035717827
2025-04-27 22:30:35,172 - INFO - Node 3: k=341.34382229140334, f_best=-2.489396810531616, f_min=-4.012215091363032
2025-04-27 22:30:35,172 - INFO - Node 4: k=326.1416252434668, f_best=-0.9806830883026123, f_min=-1.8757968108911882
2025-04-27 22:30:35,172 - INFO - Node 5: k=337.96418048653794, f_best=-2.5026090145111084, f_min=-4.144811692412986
2025-04-27 22:30:35,172 - INFO - Node 6: k=250.7433708941064, f_best=-1.010838270187378, f_min=-1.7846095225531826
2025-04-27 22:30:35,172 - INFO - Node 7: k=233.8728691310606, f_best=-2.5162835121154785, f_min=-5.596205422853018
2025-04-27 22:30:35,172 - INFO - Node 8: k=179.524532356583, f_best=-1.0103976726531982, f_min=-1.1657512606989258
2025-04-27 22:30:35,172 - INFO - Node 9: k=229.26464967264053, f_best=-2.536792755126953, f_min=-2.8737037173004865
2025-04-27 22:30:35,172 - INFO - Node 10: k=266.16914083371427, f_best=-1.0077879428863525, f_min=-2.7814860176558796
2025-04-27 22:30:35,172 - INFO - Node 11: k=158.65226111263513, f_best=-2.5453872680664062, f_min=-2.6163417287843913
2025-04-27 22:30:35,172 - INFO - cur_node_number 35,f_best -2.5453872680664062,f_min -2.6163417287843913,k 158.65226111263513
2025-04-27 22:30:35,172 - INFO - f_best_current -2.5453872680664062,f_min -2.6163417287843913
2025-04-27 22:30:40,970 - INFO - tree_node.f_best*ep:-2.5453872680664062,left_f_best-0.9214897155761719,right_f_best-2.471670389175415,i:1
2025-04-27 22:30:47,052 - INFO - tree_node.f_best*ep:-2.5453872680664062,left_f_best-0.9446501731872559,right_f_best-2.5096423625946045,i:2
2025-04-27 22:30:53,195 - INFO - tree_node.f_best*ep:-2.5453872680664062,left_f_best-0.9818999767303467,right_f_best-2.5076568126678467,i:3
2025-04-27 22:30:59,574 - INFO - tree_node.f_best*ep:-2.5453872680664062,left_f_best-1.0115678310394287,right_f_best-2.550260066986084,i:4
2025-04-27 22:31:19,230 - INFO - 添加左子节点，右子节点，len(queue):7
2025-04-27 22:31:19,230 - INFO - Node 1: k=351.9403425430294, f_best=-2.4233973026275635, f_min=-2.997720974721233
2025-04-27 22:31:19,230 - INFO - Node 2: k=271.51914056447197, f_best=-0.9770238399505615, f_min=-2.793348035717827
2025-04-27 22:31:19,230 - INFO - Node 3: k=341.34382229140334, f_best=-2.489396810531616, f_min=-4.012215091363032
2025-04-27 22:31:19,230 - INFO - Node 4: k=326.1416252434668, f_best=-0.9806830883026123, f_min=-1.8757968108911882
2025-04-27 22:31:19,230 - INFO - Node 5: k=337.96418048653794, f_best=-2.5026090145111084, f_min=-4.144811692412986
2025-04-27 22:31:19,230 - INFO - Node 6: k=250.7433708941064, f_best=-1.010838270187378, f_min=-1.7846095225531826
2025-04-27 22:31:19,230 - INFO - Node 7: k=233.8728691310606, f_best=-2.5162835121154785, f_min=-5.596205422853018
2025-04-27 22:31:19,230 - INFO - Node 8: k=179.524532356583, f_best=-1.0103976726531982, f_min=-1.1657512606989258
2025-04-27 22:31:19,230 - INFO - Node 9: k=229.26464967264053, f_best=-2.536792755126953, f_min=-2.8737037173004865
2025-04-27 22:31:19,230 - INFO - Node 10: k=266.16914083371427, f_best=-1.0077879428863525, f_min=-2.7814860176558796
2025-04-27 22:31:19,230 - INFO - Node 11: k=158.65226111263513, f_best=-2.5453872680664062, f_min=-2.6163417287843913
2025-04-27 22:31:19,230 - INFO - Node 12: k=219.0540463078192, f_best=-1.0115678310394287, f_min=-3.0452784839826563
2025-04-27 22:31:19,230 - INFO - Node 13: k=266.16914083371427, f_best=-2.550260066986084, f_min=-7.192277521503456
2025-04-27 22:31:19,230 - INFO - cur_node_number 36,f_best -2.550260066986084,f_min -7.192277521503456,k 266.16914083371427
2025-04-27 22:31:19,230 - INFO - f_best_current -2.550260066986084,f_min -7.192277521503456
2025-04-27 22:31:19,230 - INFO - 回退,len(queue)=5
2025-04-27 22:31:19,230 - INFO - 回退,len(queue)=4
2025-04-27 22:31:19,230 - INFO - 回退,len(queue)=3
2025-04-27 22:31:25,047 - INFO - tree_node.f_best*ep:-2.5162835121154785,left_f_best-0.9081192016601562,right_f_best-2.468709707260132,i:1
2025-04-27 22:31:31,113 - INFO - tree_node.f_best*ep:-2.5162835121154785,left_f_best-0.9899020195007324,right_f_best-2.491565465927124,i:2
2025-04-27 22:31:37,418 - INFO - tree_node.f_best*ep:-2.5162835121154785,left_f_best-0.9493374824523926,right_f_best-2.5264878273010254,i:3
2025-04-27 22:31:54,348 - INFO - 添加左子节点，右子节点，len(queue):5
2025-04-27 22:31:54,348 - INFO - Node 1: k=351.9403425430294, f_best=-2.4233973026275635, f_min=-2.997720974721233
2025-04-27 22:31:54,348 - INFO - Node 2: k=271.51914056447197, f_best=-0.9770238399505615, f_min=-2.793348035717827
2025-04-27 22:31:54,348 - INFO - Node 3: k=341.34382229140334, f_best=-2.489396810531616, f_min=-4.012215091363032
2025-04-27 22:31:54,348 - INFO - Node 4: k=326.1416252434668, f_best=-0.9806830883026123, f_min=-1.8757968108911882
2025-04-27 22:31:54,348 - INFO - Node 5: k=337.96418048653794, f_best=-2.5026090145111084, f_min=-4.144811692412986
2025-04-27 22:31:54,348 - INFO - Node 6: k=250.7433708941064, f_best=-1.010838270187378, f_min=-1.7846095225531826
2025-04-27 22:31:54,348 - INFO - Node 7: k=266.16914083371427, f_best=-2.5162835121154785, f_min=-5.596205422853018
2025-04-27 22:31:54,348 - INFO - Node 8: k=183.13297545695033, f_best=-0.9493374824523926, f_min=-2.746152242327298
2025-04-27 22:31:54,348 - INFO - Node 9: k=149.4576066434642, f_best=-2.5264878273010254, f_min=-3.521117003175277
2025-04-27 22:31:54,348 - INFO - cur_node_number 37,f_best -2.5264878273010254,f_min -3.521117003175277,k 149.4576066434642
2025-04-27 22:31:54,364 - INFO - f_best_current -2.5264878273010254,f_min -3.521117003175277
2025-04-27 22:32:00,180 - INFO - tree_node.f_best*ep:-2.5264878273010254,left_f_best-0.9804370403289795,right_f_best-2.4595632553100586,i:1
2025-04-27 22:32:06,249 - INFO - tree_node.f_best*ep:-2.5264878273010254,left_f_best-0.9664697647094727,right_f_best-2.5054452419281006,i:2
2025-04-27 22:32:12,652 - INFO - tree_node.f_best*ep:-2.5264878273010254,left_f_best-1.0060908794403076,right_f_best-2.5394680500030518,i:3
2025-04-27 22:32:32,199 - INFO - 添加左子节点，右子节点，len(queue):6
2025-04-27 22:32:32,199 - INFO - Node 1: k=351.9403425430294, f_best=-2.4233973026275635, f_min=-2.997720974721233
2025-04-27 22:32:32,199 - INFO - Node 2: k=271.51914056447197, f_best=-0.9770238399505615, f_min=-2.793348035717827
2025-04-27 22:32:32,199 - INFO - Node 3: k=341.34382229140334, f_best=-2.489396810531616, f_min=-4.012215091363032
2025-04-27 22:32:32,199 - INFO - Node 4: k=326.1416252434668, f_best=-0.9806830883026123, f_min=-1.8757968108911882
2025-04-27 22:32:32,199 - INFO - Node 5: k=337.96418048653794, f_best=-2.5026090145111084, f_min=-4.144811692412986
2025-04-27 22:32:32,199 - INFO - Node 6: k=250.7433708941064, f_best=-1.010838270187378, f_min=-1.7846095225531826
2025-04-27 22:32:32,211 - INFO - Node 7: k=266.16914083371427, f_best=-2.5162835121154785, f_min=-5.596205422853018
2025-04-27 22:32:32,211 - INFO - Node 8: k=183.13297545695033, f_best=-0.9493374824523926, f_min=-2.746152242327298
2025-04-27 22:32:32,211 - INFO - Node 9: k=149.4576066434642, f_best=-2.5264878273010254, f_min=-3.521117003175277
2025-04-27 22:32:32,211 - INFO - Node 10: k=301.18631906545534, f_best=-1.0060908794403076, f_min=-3.665183683962823
2025-04-27 22:32:32,211 - INFO - Node 11: k=201.44627300264526, f_best=-2.5394680500030518, f_min=-3.162644830672434
2025-04-27 22:32:32,211 - INFO - cur_node_number 38,f_best -2.5394680500030518,f_min -3.162644830672434,k 201.44627300264526
2025-04-27 22:32:32,211 - INFO - f_best_current -2.5394680500030518,f_min -3.162644830672434
2025-04-27 22:32:32,211 - INFO - 回退,len(queue)=4
2025-04-27 22:32:37,906 - INFO - tree_node.f_best*ep:-2.5264878273010254,left_f_best-0.9297313690185547,right_f_best-2.5019192695617676,i:1
2025-04-27 22:32:43,887 - INFO - tree_node.f_best*ep:-2.5264878273010254,left_f_best-0.9848690032958984,right_f_best-2.4940271377563477,i:2
2025-04-27 22:32:50,158 - INFO - tree_node.f_best*ep:-2.5264878273010254,left_f_best-1.0356454849243164,right_f_best-2.512953281402588,i:3
2025-04-27 22:32:56,852 - INFO - tree_node.f_best*ep:-2.5264878273010254,left_f_best-1.0314946174621582,right_f_best-2.542659282684326,i:4
2025-04-27 22:33:15,358 - INFO - 添加左子节点，右子节点，len(queue):6
2025-04-27 22:33:15,358 - INFO - Node 1: k=351.9403425430294, f_best=-2.4233973026275635, f_min=-2.997720974721233
2025-04-27 22:33:15,358 - INFO - Node 2: k=271.51914056447197, f_best=-0.9770238399505615, f_min=-2.793348035717827
2025-04-27 22:33:15,358 - INFO - Node 3: k=341.34382229140334, f_best=-2.489396810531616, f_min=-4.012215091363032
2025-04-27 22:33:15,358 - INFO - Node 4: k=326.1416252434668, f_best=-0.9806830883026123, f_min=-1.8757968108911882
2025-04-27 22:33:15,358 - INFO - Node 5: k=337.96418048653794, f_best=-2.5026090145111084, f_min=-4.144811692412986
2025-04-27 22:33:15,358 - INFO - Node 6: k=250.7433708941064, f_best=-1.010838270187378, f_min=-1.7846095225531826
2025-04-27 22:33:15,358 - INFO - Node 7: k=266.16914083371427, f_best=-2.5162835121154785, f_min=-5.596205422853018
2025-04-27 22:33:15,358 - INFO - Node 8: k=183.13297545695033, f_best=-0.9493374824523926, f_min=-2.746152242327298
2025-04-27 22:33:15,358 - INFO - Node 9: k=201.44627300264526, f_best=-2.5264878273010254, f_min=-3.521117003175277
2025-04-27 22:33:15,358 - INFO - Node 10: k=288.22303898305233, f_best=-1.0314946174621582, f_min=-2.076777575108281
2025-04-27 22:33:15,358 - INFO - Node 11: k=158.65226111263513, f_best=-2.542659282684326, f_min=-2.5590763836489714
2025-04-27 22:33:15,358 - INFO - cur_node_number 39,f_best -2.542659282684326,f_min -2.5590763836489714,k 158.65226111263513
2025-04-27 22:33:15,358 - INFO - f_best_current -2.542659282684326,f_min -2.5590763836489714
2025-04-27 22:33:15,358 - INFO - 结束,fmin= -2.5590763836489714, fbestmin=-2.542659282684326
