2025-04-27 22:08:58,959 - INFO - Namespace(log_file='outputs/dnn1/img[8]/max/DNN1img8_label8.log', image_path='img[8].png', model_path='network/SimpleNN14.pth', label=8, init_epsilon=0.05, epsilon=0.01, ep=1, min=0)
2025-04-27 22:08:58,969 - INFO - Model output max(1): torch.return_types.max(
values=tensor([7.1213], grad_fn=<MaxBackward0>),
indices=tensor([8]))
2025-04-27 22:09:02,343 - INFO - cur_node_number 1,f_best -9.128813743591309,f_min -12.432814290301394,k 257.9162015491693
2025-04-27 22:09:02,343 - INFO - f_best_current -9.128813743591309,f_min -12.432814290301394
2025-04-27 22:09:07,797 - INFO - tree_node.f_best*ep:-9.128813743591309,left_f_best-8.626879692077637,right_f_best-9.142102241516113,i:1
2025-04-27 22:09:25,893 - INFO - 添加左子节点，右子节点，len(queue):2
2025-04-27 22:09:25,893 - INFO - Node 1: k=257.9162015491693, f_best=-9.128813743591309, f_min=-12.432814290301394
2025-04-27 22:09:25,893 - INFO - Node 2: k=69.32281996776874, f_best=-8.626879692077637, f_min=-9.191697203344575
2025-04-27 22:09:25,894 - INFO - Node 3: k=91.06979642584258, f_best=-9.142102241516113, f_min=-10.491104236936735
2025-04-27 22:09:25,894 - INFO - cur_node_number 2,f_best -9.142102241516113,f_min -10.491104236936735,k 91.06979642584258
2025-04-27 22:09:25,894 - INFO - f_best_current -9.142102241516113,f_min -10.491104236936735
2025-04-27 22:09:31,633 - INFO - tree_node.f_best*ep:-9.142102241516113,left_f_best-8.619282722473145,right_f_best-9.127374649047852,i:1
2025-04-27 22:09:38,098 - INFO - tree_node.f_best*ep:-9.142102241516113,left_f_best-8.633540153503418,right_f_best-9.129441261291504,i:2
2025-04-27 22:09:45,210 - INFO - tree_node.f_best*ep:-9.142102241516113,left_f_best-8.639555931091309,right_f_best-9.14473819732666,i:3
2025-04-27 22:10:06,382 - INFO - 添加左子节点，右子节点，len(queue):3
2025-04-27 22:10:06,382 - INFO - Node 1: k=257.9162015491693, f_best=-9.128813743591309, f_min=-12.432814290301394
2025-04-27 22:10:06,382 - INFO - Node 2: k=69.32281996776874, f_best=-8.626879692077637, f_min=-9.191697203344575
2025-04-27 22:10:06,382 - INFO - Node 3: k=91.06979642584258, f_best=-9.142102241516113, f_min=-10.491104236936735
2025-04-27 22:10:06,382 - INFO - Node 4: k=115.15062085593647, f_best=-8.639555931091309, f_min=-9.05934091023073
2025-04-27 22:10:06,382 - INFO - Node 5: k=89.27536165654601, f_best=-9.14473819732666, f_min=-9.240673882879946
2025-04-27 22:10:06,382 - INFO - cur_node_number 3,f_best -9.14473819732666,f_min -9.240673882879946,k 89.27536165654601
2025-04-27 22:10:06,382 - INFO - f_best_current -9.14473819732666,f_min -9.240673882879946
2025-04-27 22:10:13,552 - INFO - tree_node.f_best*ep:-9.14473819732666,left_f_best-8.62692928314209,right_f_best-9.127403259277344,i:1
2025-04-27 22:10:21,213 - INFO - tree_node.f_best*ep:-9.14473819732666,left_f_best-8.63121223449707,right_f_best-9.148208618164062,i:2
2025-04-27 22:10:43,367 - INFO - 添加左子节点，右子节点，len(queue):4
2025-04-27 22:10:43,367 - INFO - Node 1: k=257.9162015491693, f_best=-9.128813743591309, f_min=-12.432814290301394
2025-04-27 22:10:43,367 - INFO - Node 2: k=69.32281996776874, f_best=-8.626879692077637, f_min=-9.191697203344575
2025-04-27 22:10:43,367 - INFO - Node 3: k=91.06979642584258, f_best=-9.142102241516113, f_min=-10.491104236936735
2025-04-27 22:10:43,367 - INFO - Node 4: k=115.15062085593647, f_best=-8.639555931091309, f_min=-9.05934091023073
2025-04-27 22:10:43,367 - INFO - Node 5: k=89.27536165654601, f_best=-9.14473819732666, f_min=-9.240673882879946
2025-04-27 22:10:43,367 - INFO - Node 6: k=124.69162195108748, f_best=-8.63121223449707, f_min=-9.556990973300344
2025-04-27 22:10:43,367 - INFO - Node 7: k=63.65095287949674, f_best=-9.148208618164062, f_min=-9.350535332037225
2025-04-27 22:10:43,367 - INFO - cur_node_number 4,f_best -9.148208618164062,f_min -9.350535332037225,k 63.65095287949674
2025-04-27 22:10:43,367 - INFO - f_best_current -9.148208618164062,f_min -9.350535332037225
2025-04-27 22:10:50,269 - INFO - tree_node.f_best*ep:-9.148208618164062,left_f_best-8.627728462219238,right_f_best-9.115050315856934,i:1
2025-04-27 22:10:57,703 - INFO - tree_node.f_best*ep:-9.148208618164062,left_f_best-8.634631156921387,right_f_best-9.143631935119629,i:2
2025-04-27 22:11:05,686 - INFO - tree_node.f_best*ep:-9.148208618164062,left_f_best-8.63574504852295,right_f_best-9.14974308013916,i:3
2025-04-27 22:11:28,285 - INFO - 添加左子节点，右子节点，len(queue):5
2025-04-27 22:11:28,285 - INFO - Node 1: k=257.9162015491693, f_best=-9.128813743591309, f_min=-12.432814290301394
2025-04-27 22:11:28,285 - INFO - Node 2: k=69.32281996776874, f_best=-8.626879692077637, f_min=-9.191697203344575
2025-04-27 22:11:28,285 - INFO - Node 3: k=91.06979642584258, f_best=-9.142102241516113, f_min=-10.491104236936735
2025-04-27 22:11:28,285 - INFO - Node 4: k=115.15062085593647, f_best=-8.639555931091309, f_min=-9.05934091023073
2025-04-27 22:11:28,285 - INFO - Node 5: k=89.27536165654601, f_best=-9.14473819732666, f_min=-9.240673882879946
2025-04-27 22:11:28,285 - INFO - Node 6: k=124.69162195108748, f_best=-8.63121223449707, f_min=-9.556990973300344
2025-04-27 22:11:28,285 - INFO - Node 7: k=63.65095287949674, f_best=-9.148208618164062, f_min=-9.350535332037225
2025-04-27 22:11:28,285 - INFO - Node 8: k=76.575520732295, f_best=-8.63574504852295, f_min=-10.413946183985445
2025-04-27 22:11:28,285 - INFO - Node 9: k=90.16811527311147, f_best=-9.14974308013916, f_min=-9.262424715318502
2025-04-27 22:11:28,285 - INFO - cur_node_number 5,f_best -9.14974308013916,f_min -9.262424715318502,k 90.16811527311147
2025-04-27 22:11:28,285 - INFO - f_best_current -9.14974308013916,f_min -9.262424715318502
2025-04-27 22:11:28,285 - INFO - 回退,len(queue)=3
2025-04-27 22:11:28,285 - INFO - 回退,len(queue)=2
2025-04-27 22:11:35,073 - INFO - tree_node.f_best*ep:-9.14473819732666,left_f_best-8.603741645812988,right_f_best-9.1389799118042,i:1
2025-04-27 22:11:42,253 - INFO - tree_node.f_best*ep:-9.14473819732666,left_f_best-8.62800121307373,right_f_best-9.139945030212402,i:2
2025-04-27 22:11:50,174 - INFO - tree_node.f_best*ep:-9.14473819732666,left_f_best-8.640347480773926,right_f_best-9.154114723205566,i:3
2025-04-27 22:12:12,592 - INFO - 添加左子节点，右子节点，len(queue):4
2025-04-27 22:12:12,592 - INFO - Node 1: k=257.9162015491693, f_best=-9.128813743591309, f_min=-12.432814290301394
2025-04-27 22:12:12,592 - INFO - Node 2: k=69.32281996776874, f_best=-8.626879692077637, f_min=-9.191697203344575
2025-04-27 22:12:12,592 - INFO - Node 3: k=91.06979642584258, f_best=-9.142102241516113, f_min=-10.491104236936735
2025-04-27 22:12:12,592 - INFO - Node 4: k=115.15062085593647, f_best=-8.639555931091309, f_min=-9.05934091023073
2025-04-27 22:12:12,592 - INFO - Node 5: k=90.16811527311147, f_best=-9.14473819732666, f_min=-9.240673882879946
2025-04-27 22:12:12,592 - INFO - Node 6: k=72.13760444296821, f_best=-8.640347480773926, f_min=-8.714842012991767
2025-04-27 22:12:12,592 - INFO - Node 7: k=90.16811527311147, f_best=-9.154114723205566, f_min=-10.259126999358159
2025-04-27 22:12:12,592 - INFO - cur_node_number 6,f_best -9.154114723205566,f_min -10.259126999358159,k 90.16811527311147
2025-04-27 22:12:12,592 - INFO - f_best_current -9.154114723205566,f_min -10.259126999358159
2025-04-27 22:12:19,708 - INFO - tree_node.f_best*ep:-9.154114723205566,left_f_best-8.621590614318848,right_f_best-9.143099784851074,i:1
2025-04-27 22:12:26,954 - INFO - tree_node.f_best*ep:-9.154114723205566,left_f_best-8.633339881896973,right_f_best-9.135146141052246,i:2
2025-04-27 22:12:34,526 - INFO - tree_node.f_best*ep:-9.154114723205566,left_f_best-8.6345796585083,right_f_best-9.151421546936035,i:3
2025-04-27 22:12:42,632 - INFO - tree_node.f_best*ep:-9.154114723205566,left_f_best-8.646456718444824,right_f_best-9.14789867401123,i:4
2025-04-27 22:12:51,411 - INFO - tree_node.f_best*ep:-9.154114723205566,left_f_best-8.65333080291748,right_f_best-9.154393196105957,i:5
2025-04-27 22:13:12,492 - INFO - 添加左子节点，右子节点，len(queue):5
2025-04-27 22:13:12,492 - INFO - Node 1: k=257.9162015491693, f_best=-9.128813743591309, f_min=-12.432814290301394
2025-04-27 22:13:12,492 - INFO - Node 2: k=69.32281996776874, f_best=-8.626879692077637, f_min=-9.191697203344575
2025-04-27 22:13:12,492 - INFO - Node 3: k=91.06979642584258, f_best=-9.142102241516113, f_min=-10.491104236936735
2025-04-27 22:13:12,492 - INFO - Node 4: k=115.15062085593647, f_best=-8.639555931091309, f_min=-9.05934091023073
2025-04-27 22:13:12,492 - INFO - Node 5: k=90.16811527311147, f_best=-9.14473819732666, f_min=-9.240673882879946
2025-04-27 22:13:12,492 - INFO - Node 6: k=72.13760444296821, f_best=-8.640347480773926, f_min=-8.714842012991767
2025-04-27 22:13:12,492 - INFO - Node 7: k=90.16811527311147, f_best=-9.154114723205566, f_min=-10.259126999358159
2025-04-27 22:13:12,492 - INFO - Node 8: k=100.17677606842688, f_best=-8.65333080291748, f_min=-9.349853621053626
2025-04-27 22:13:12,492 - INFO - Node 9: k=57.05185870850117, f_best=-9.154393196105957, f_min=-9.421481061656777
2025-04-27 22:13:12,492 - INFO - cur_node_number 7,f_best -9.154393196105957,f_min -9.421481061656777,k 57.05185870850117
2025-04-27 22:13:12,492 - INFO - f_best_current -9.154393196105957,f_min -9.421481061656777
2025-04-27 22:13:19,738 - INFO - tree_node.f_best*ep:-9.154393196105957,left_f_best-8.614994049072266,right_f_best-9.112792015075684,i:1
2025-04-27 22:13:27,461 - INFO - tree_node.f_best*ep:-9.154393196105957,left_f_best-8.636107444763184,right_f_best-9.135722160339355,i:2
2025-04-27 22:13:35,494 - INFO - tree_node.f_best*ep:-9.154393196105957,left_f_best-8.63580322265625,right_f_best-9.146774291992188,i:3
2025-04-27 22:13:43,402 - INFO - tree_node.f_best*ep:-9.154393196105957,left_f_best-8.651902198791504,right_f_best-9.15565013885498,i:4
2025-04-27 22:14:05,313 - INFO - 添加左子节点，右子节点，len(queue):6
2025-04-27 22:14:05,313 - INFO - Node 1: k=257.9162015491693, f_best=-9.128813743591309, f_min=-12.432814290301394
2025-04-27 22:14:05,313 - INFO - Node 2: k=69.32281996776874, f_best=-8.626879692077637, f_min=-9.191697203344575
2025-04-27 22:14:05,313 - INFO - Node 3: k=91.06979642584258, f_best=-9.142102241516113, f_min=-10.491104236936735
2025-04-27 22:14:05,313 - INFO - Node 4: k=115.15062085593647, f_best=-8.639555931091309, f_min=-9.05934091023073
2025-04-27 22:14:05,313 - INFO - Node 5: k=90.16811527311147, f_best=-9.14473819732666, f_min=-9.240673882879946
2025-04-27 22:14:05,313 - INFO - Node 6: k=72.13760444296821, f_best=-8.640347480773926, f_min=-8.714842012991767
2025-04-27 22:14:05,313 - INFO - Node 7: k=90.16811527311147, f_best=-9.154114723205566, f_min=-10.259126999358159
2025-04-27 22:14:05,313 - INFO - Node 8: k=100.17677606842688, f_best=-8.65333080291748, f_min=-9.349853621053626
2025-04-27 22:14:05,313 - INFO - Node 9: k=57.05185870850117, f_best=-9.154393196105957, f_min=-9.421481061656777
2025-04-27 22:14:05,313 - INFO - Node 10: k=106.33966641887916, f_best=-8.651902198791504, f_min=-9.065439257627986
2025-04-27 22:14:05,313 - INFO - Node 11: k=84.10142907414527, f_best=-9.15565013885498, f_min=-9.884141664956132
2025-04-27 22:14:05,313 - INFO - cur_node_number 8,f_best -9.15565013885498,f_min -9.884141664956132,k 84.10142907414527
2025-04-27 22:14:05,313 - INFO - f_best_current -9.15565013885498,f_min -9.884141664956132
2025-04-27 22:14:05,313 - INFO - 回退,len(queue)=4
2025-04-27 22:14:12,719 - INFO - tree_node.f_best*ep:-9.154393196105957,left_f_best-8.621196746826172,right_f_best-9.117989540100098,i:1
2025-04-27 22:14:20,344 - INFO - tree_node.f_best*ep:-9.154393196105957,left_f_best-8.626910209655762,right_f_best-9.14411449432373,i:2
2025-04-27 22:14:28,129 - INFO - tree_node.f_best*ep:-9.154393196105957,left_f_best-8.638636589050293,right_f_best-9.150291442871094,i:3
2025-04-27 22:14:36,017 - INFO - tree_node.f_best*ep:-9.154393196105957,left_f_best-8.641596794128418,right_f_best-9.15148639678955,i:4
2025-04-27 22:14:44,573 - INFO - tree_node.f_best*ep:-9.154393196105957,left_f_best-8.640283584594727,right_f_best-9.15854549407959,i:5
2025-04-27 22:15:08,721 - INFO - 添加左子节点，右子节点，len(queue):6
2025-04-27 22:15:08,721 - INFO - Node 1: k=257.9162015491693, f_best=-9.128813743591309, f_min=-12.432814290301394
2025-04-27 22:15:08,721 - INFO - Node 2: k=69.32281996776874, f_best=-8.626879692077637, f_min=-9.191697203344575
2025-04-27 22:15:08,732 - INFO - Node 3: k=91.06979642584258, f_best=-9.142102241516113, f_min=-10.491104236936735
2025-04-27 22:15:08,732 - INFO - Node 4: k=115.15062085593647, f_best=-8.639555931091309, f_min=-9.05934091023073
2025-04-27 22:15:08,732 - INFO - Node 5: k=90.16811527311147, f_best=-9.14473819732666, f_min=-9.240673882879946
2025-04-27 22:15:08,732 - INFO - Node 6: k=72.13760444296821, f_best=-8.640347480773926, f_min=-8.714842012991767
2025-04-27 22:15:08,732 - INFO - Node 7: k=90.16811527311147, f_best=-9.154114723205566, f_min=-10.259126999358159
2025-04-27 22:15:08,732 - INFO - Node 8: k=100.17677606842688, f_best=-8.65333080291748, f_min=-9.349853621053626
2025-04-27 22:15:08,732 - INFO - Node 9: k=84.10142907414527, f_best=-9.154393196105957, f_min=-9.421481061656777
2025-04-27 22:15:08,732 - INFO - Node 10: k=133.68629600532333, f_best=-8.640283584594727, f_min=-10.11383366142536
2025-04-27 22:15:08,732 - INFO - Node 11: k=89.27536165654601, f_best=-9.15854549407959, f_min=-9.33167328811578
2025-04-27 22:15:08,732 - INFO - cur_node_number 9,f_best -9.15854549407959,f_min -9.33167328811578,k 89.27536165654601
2025-04-27 22:15:08,732 - INFO - f_best_current -9.15854549407959,f_min -9.33167328811578
2025-04-27 22:15:08,732 - INFO - 回退,len(queue)=4
2025-04-27 22:15:16,013 - INFO - tree_node.f_best*ep:-9.154393196105957,left_f_best-8.608458518981934,right_f_best-9.140750885009766,i:1
2025-04-27 22:15:23,403 - INFO - tree_node.f_best*ep:-9.154393196105957,left_f_best-8.626778602600098,right_f_best-9.138351440429688,i:2
2025-04-27 22:15:31,063 - INFO - tree_node.f_best*ep:-9.154393196105957,left_f_best-8.636151313781738,right_f_best-9.152024269104004,i:3
2025-04-27 22:15:39,232 - INFO - tree_node.f_best*ep:-9.154393196105957,left_f_best-8.636866569519043,right_f_best-9.140114784240723,i:4
2025-04-27 22:15:47,716 - INFO - tree_node.f_best*ep:-9.154393196105957,left_f_best-8.642584800720215,right_f_best-9.164307594299316,i:5
2025-04-27 22:16:09,957 - INFO - 添加左子节点，右子节点，len(queue):6
2025-04-27 22:16:09,957 - INFO - Node 1: k=257.9162015491693, f_best=-9.128813743591309, f_min=-12.432814290301394
2025-04-27 22:16:09,957 - INFO - Node 2: k=69.32281996776874, f_best=-8.626879692077637, f_min=-9.191697203344575
2025-04-27 22:16:09,957 - INFO - Node 3: k=91.06979642584258, f_best=-9.142102241516113, f_min=-10.491104236936735
2025-04-27 22:16:09,957 - INFO - Node 4: k=115.15062085593647, f_best=-8.639555931091309, f_min=-9.05934091023073
2025-04-27 22:16:09,957 - INFO - Node 5: k=90.16811527311147, f_best=-9.14473819732666, f_min=-9.240673882879946
2025-04-27 22:16:09,957 - INFO - Node 6: k=72.13760444296821, f_best=-8.640347480773926, f_min=-8.714842012991767
2025-04-27 22:16:09,957 - INFO - Node 7: k=90.16811527311147, f_best=-9.154114723205566, f_min=-10.259126999358159
2025-04-27 22:16:09,957 - INFO - Node 8: k=100.17677606842688, f_best=-8.65333080291748, f_min=-9.349853621053626
2025-04-27 22:16:09,957 - INFO - Node 9: k=89.27536165654601, f_best=-9.154393196105957, f_min=-9.421481061656777
2025-04-27 22:16:09,957 - INFO - Node 10: k=131.0521478338627, f_best=-8.642584800720215, f_min=-12.159220627906961
2025-04-27 22:16:09,957 - INFO - Node 11: k=59.36839295001974, f_best=-9.164307594299316, f_min=-9.41723414146486
2025-04-27 22:16:09,957 - INFO - cur_node_number 10,f_best -9.164307594299316,f_min -9.41723414146486,k 59.36839295001974
2025-04-27 22:16:09,957 - INFO - f_best_current -9.164307594299316,f_min -9.41723414146486
2025-04-27 22:16:17,000 - INFO - tree_node.f_best*ep:-9.164307594299316,left_f_best-8.615663528442383,right_f_best-9.126916885375977,i:1
2025-04-27 22:16:24,557 - INFO - tree_node.f_best*ep:-9.164307594299316,left_f_best-8.64121150970459,right_f_best-9.128555297851562,i:2
2025-04-27 22:16:32,382 - INFO - tree_node.f_best*ep:-9.164307594299316,left_f_best-8.64254093170166,right_f_best-9.143064498901367,i:3
2025-04-27 22:16:40,534 - INFO - tree_node.f_best*ep:-9.164307594299316,left_f_best-8.640971183776855,right_f_best-9.156519889831543,i:4
2025-04-27 22:16:48,781 - INFO - tree_node.f_best*ep:-9.164307594299316,left_f_best-8.645794868469238,right_f_best-9.156320571899414,i:5
2025-04-27 22:16:56,462 - INFO - tree_node.f_best*ep:-9.164307594299316,left_f_best-8.648645401000977,right_f_best-9.161145210266113,i:6
2025-04-27 22:17:04,427 - INFO - tree_node.f_best*ep:-9.164307594299316,left_f_best-8.644803047180176,right_f_best-9.164032936096191,i:7
2025-04-27 22:17:12,922 - INFO - tree_node.f_best*ep:-9.164307594299316,left_f_best-8.657238960266113,right_f_best-9.167399406433105,i:8
2025-04-27 22:17:28,180 - INFO - 添加左子节点，右子节点，len(queue):7
2025-04-27 22:17:28,180 - INFO - Node 1: k=257.9162015491693, f_best=-9.128813743591309, f_min=-12.432814290301394
2025-04-27 22:17:28,180 - INFO - Node 2: k=69.32281996776874, f_best=-8.626879692077637, f_min=-9.191697203344575
2025-04-27 22:17:28,180 - INFO - Node 3: k=91.06979642584258, f_best=-9.142102241516113, f_min=-10.491104236936735
2025-04-27 22:17:28,180 - INFO - Node 4: k=115.15062085593647, f_best=-8.639555931091309, f_min=-9.05934091023073
2025-04-27 22:17:28,180 - INFO - Node 5: k=90.16811527311147, f_best=-9.14473819732666, f_min=-9.240673882879946
2025-04-27 22:17:28,180 - INFO - Node 6: k=72.13760444296821, f_best=-8.640347480773926, f_min=-8.714842012991767
2025-04-27 22:17:28,180 - INFO - Node 7: k=90.16811527311147, f_best=-9.154114723205566, f_min=-10.259126999358159
2025-04-27 22:17:28,180 - INFO - Node 8: k=100.17677606842688, f_best=-8.65333080291748, f_min=-9.349853621053626
2025-04-27 22:17:28,180 - INFO - Node 9: k=89.27536165654601, f_best=-9.154393196105957, f_min=-9.421481061656777
2025-04-27 22:17:28,180 - INFO - Node 10: k=131.0521478338627, f_best=-8.642584800720215, f_min=-12.159220627906961
2025-04-27 22:17:28,180 - INFO - Node 11: k=59.36839295001974, f_best=-9.164307594299316, f_min=-9.41723414146486
2025-04-27 22:17:28,180 - INFO - Node 12: k=77.34127593961796, f_best=-8.657238960266113, f_min=-9.871070139976382
2025-04-27 22:17:28,180 - INFO - Node 13: k=37.19210209384155, f_best=-9.167399406433105, f_min=-9.217558154135986
2025-04-27 22:17:28,180 - INFO - cur_node_number 11,f_best -9.167399406433105,f_min -9.217558154135986,k 37.19210209384155
2025-04-27 22:17:28,180 - INFO - f_best_current -9.167399406433105,f_min -9.217558154135986
2025-04-27 22:17:28,180 - INFO - 结束,fmin= -9.217558154135986, fbestmin=-9.167399406433105
