2025-05-01 01:36:58,840 - INFO - Namespace(log_file='outputs/DNN6/img[0]/max/DNN6img0_label2.log', image_path='img[0].png', model_path='network/DNN6.pth', label=2, init_epsilon=0.05, epsilon=0.01, ep=1, min=0)
2025-05-01 01:36:58,855 - INFO - Model output max(1): torch.return_types.max(
values=tensor([24.1332], grad_fn=<MaxBackward0>),
indices=tensor([0]))
2025-05-01 01:37:09,494 - INFO - cur_node_number 1,f_best -6.90645694732666,f_min -21.778583964103746,k 754.4153800628051
2025-05-01 01:37:09,494 - INFO - f_best_current -6.90645694732666,f_min -21.778583964103746
2025-05-01 01:37:26,251 - INFO - tree_node.f_best*ep:-6.90645694732666,left_f_best-3.586784839630127,right_f_best-7.0678606033325195,i:1
2025-05-01 01:38:41,376 - INFO - 添加左子节点，右子节点，len(queue):2
2025-05-01 01:38:41,376 - INFO - Node 1: k=754.4153800628051, f_best=-6.90645694732666, f_min=-21.778583964103746
2025-05-01 01:38:41,376 - INFO - Node 2: k=294.62355240522106, f_best=-3.586784839630127, f_min=-8.536115167024036
2025-05-01 01:38:41,376 - INFO - Node 3: k=481.7656480412143, f_best=-7.0678606033325195, f_min=-16.68541420485417
2025-05-01 01:38:41,376 - INFO - cur_node_number 2,f_best -7.0678606033325195,f_min -16.68541420485417,k 481.7656480412143
2025-05-01 01:38:41,376 - INFO - f_best_current -7.0678606033325195,f_min -16.68541420485417
2025-05-01 01:38:58,094 - INFO - tree_node.f_best*ep:-7.0678606033325195,left_f_best-3.3725903034210205,right_f_best-7.105743408203125,i:1
2025-05-01 01:40:29,651 - INFO - 添加左子节点，右子节点，len(queue):3
2025-05-01 01:40:29,651 - INFO - Node 1: k=754.4153800628051, f_best=-6.90645694732666, f_min=-21.778583964103746
2025-05-01 01:40:29,651 - INFO - Node 2: k=294.62355240522106, f_best=-3.586784839630127, f_min=-8.536115167024036
2025-05-01 01:40:29,651 - INFO - Node 3: k=481.7656480412143, f_best=-7.0678606033325195, f_min=-16.68541420485417
2025-05-01 01:40:29,651 - INFO - Node 4: k=481.7656480412143, f_best=-3.3725903034210205, f_min=-5.300502460930147
2025-05-01 01:40:29,651 - INFO - Node 5: k=679.6148492630916, f_best=-7.105743408203125, f_min=-10.958356828137767
2025-05-01 01:40:29,651 - INFO - cur_node_number 3,f_best -7.105743408203125,f_min -10.958356828137767,k 679.6148492630916
2025-05-01 01:40:29,651 - INFO - f_best_current -7.105743408203125,f_min -10.958356828137767
2025-05-01 01:40:29,651 - INFO - 回退,len(queue)=1
2025-05-01 01:40:46,453 - INFO - tree_node.f_best*ep:-7.0678606033325195,left_f_best-3.434779405593872,right_f_best-6.961202621459961,i:1
2025-05-01 01:41:04,112 - INFO - tree_node.f_best*ep:-7.0678606033325195,left_f_best-3.4490268230438232,right_f_best-6.990264892578125,i:2
2025-05-01 01:41:21,676 - INFO - tree_node.f_best*ep:-7.0678606033325195,left_f_best-3.7697532176971436,right_f_best-7.216228485107422,i:3
2025-05-01 01:42:39,298 - INFO - 添加左子节点，右子节点，len(queue):3
2025-05-01 01:42:39,298 - INFO - Node 1: k=754.4153800628051, f_best=-6.90645694732666, f_min=-21.778583964103746
2025-05-01 01:42:39,298 - INFO - Node 2: k=294.62355240522106, f_best=-3.586784839630127, f_min=-8.536115167024036
2025-05-01 01:42:39,298 - INFO - Node 3: k=679.6148492630916, f_best=-7.0678606033325195, f_min=-16.68541420485417
2025-05-01 01:42:39,298 - INFO - Node 4: k=310.9534526029885, f_best=-3.7697532176971436, f_min=-5.922034782586707
2025-05-01 01:42:39,298 - INFO - Node 5: k=438.65432223706233, f_best=-7.216228485107422, f_min=-8.581045126713434
2025-05-01 01:42:39,298 - INFO - cur_node_number 4,f_best -7.216228485107422,f_min -8.581045126713434,k 438.65432223706233
2025-05-01 01:42:39,298 - INFO - f_best_current -7.216228485107422,f_min -8.581045126713434
2025-05-01 01:42:56,615 - INFO - tree_node.f_best*ep:-7.216228485107422,left_f_best-3.4324755668640137,right_f_best-7.0824785232543945,i:1
2025-05-01 01:43:14,758 - INFO - tree_node.f_best*ep:-7.216228485107422,left_f_best-3.686788558959961,right_f_best-7.113527774810791,i:2
2025-05-01 01:43:33,166 - INFO - tree_node.f_best*ep:-7.216228485107422,left_f_best-3.6466665267944336,right_f_best-7.175232887268066,i:3
2025-05-01 01:43:53,142 - INFO - tree_node.f_best*ep:-7.216228485107422,left_f_best-3.729787826538086,right_f_best-7.249300003051758,i:4
2025-05-01 01:45:25,896 - INFO - 添加左子节点，右子节点，len(queue):4
2025-05-01 01:45:25,896 - INFO - Node 1: k=754.4153800628051, f_best=-6.90645694732666, f_min=-21.778583964103746
2025-05-01 01:45:25,896 - INFO - Node 2: k=294.62355240522106, f_best=-3.586784839630127, f_min=-8.536115167024036
2025-05-01 01:45:25,896 - INFO - Node 3: k=679.6148492630916, f_best=-7.0678606033325195, f_min=-16.68541420485417
2025-05-01 01:45:25,896 - INFO - Node 4: k=310.9534526029885, f_best=-3.7697532176971436, f_min=-5.922034782586707
2025-05-01 01:45:25,896 - INFO - Node 5: k=438.65432223706233, f_best=-7.216228485107422, f_min=-8.581045126713434
2025-05-01 01:45:25,896 - INFO - Node 6: k=501.3272652319363, f_best=-3.729787826538086, f_min=-4.282747944162111
2025-05-01 01:45:25,896 - INFO - Node 7: k=721.4248571404328, f_best=-7.249300003051758, f_min=-8.602181264526735
2025-05-01 01:45:25,896 - INFO - cur_node_number 5,f_best -7.249300003051758,f_min -8.602181264526735,k 721.4248571404328
2025-05-01 01:45:25,896 - INFO - f_best_current -7.249300003051758,f_min -8.602181264526735
2025-05-01 01:45:25,896 - INFO - 回退,len(queue)=2
2025-05-01 01:45:25,896 - INFO - 回退,len(queue)=1
2025-05-01 01:45:42,395 - INFO - tree_node.f_best*ep:-7.0678606033325195,left_f_best-3.508413553237915,right_f_best-6.880242824554443,i:1
2025-05-01 01:45:59,872 - INFO - tree_node.f_best*ep:-7.0678606033325195,left_f_best-3.6336162090301514,right_f_best-7.084668159484863,i:2
2025-05-01 01:47:18,549 - INFO - 添加左子节点，右子节点，len(queue):3
2025-05-01 01:47:18,549 - INFO - Node 1: k=754.4153800628051, f_best=-6.90645694732666, f_min=-21.778583964103746
2025-05-01 01:47:18,549 - INFO - Node 2: k=294.62355240522106, f_best=-3.586784839630127, f_min=-8.536115167024036
2025-05-01 01:47:18,549 - INFO - Node 3: k=721.4248571404328, f_best=-7.0678606033325195, f_min=-16.68541420485417
2025-05-01 01:47:18,549 - INFO - Node 4: k=421.53818169224843, f_best=-3.6336162090301514, f_min=-3.7011896424410224
2025-05-01 01:47:18,549 - INFO - Node 5: k=393.176272812777, f_best=-7.084668159484863, f_min=-9.633849022982758
2025-05-01 01:47:18,549 - INFO - cur_node_number 6,f_best -7.084668159484863,f_min -9.633849022982758,k 393.176272812777
2025-05-01 01:47:18,549 - INFO - f_best_current -7.084668159484863,f_min -9.633849022982758
2025-05-01 01:47:35,496 - INFO - tree_node.f_best*ep:-7.084668159484863,left_f_best-3.4412922859191895,right_f_best-6.964118003845215,i:1
2025-05-01 01:47:54,009 - INFO - tree_node.f_best*ep:-7.084668159484863,left_f_best-3.6557400226593018,right_f_best-7.112786293029785,i:2
2025-05-01 01:49:16,901 - INFO - 添加左子节点，右子节点，len(queue):4
2025-05-01 01:49:16,901 - INFO - Node 1: k=754.4153800628051, f_best=-6.90645694732666, f_min=-21.778583964103746
2025-05-01 01:49:16,901 - INFO - Node 2: k=294.62355240522106, f_best=-3.586784839630127, f_min=-8.536115167024036
2025-05-01 01:49:16,901 - INFO - Node 3: k=721.4248571404328, f_best=-7.0678606033325195, f_min=-16.68541420485417
2025-05-01 01:49:16,901 - INFO - Node 4: k=421.53818169224843, f_best=-3.6336162090301514, f_min=-3.7011896424410224
2025-05-01 01:49:16,901 - INFO - Node 5: k=393.176272812777, f_best=-7.084668159484863, f_min=-9.633849022982758
2025-05-01 01:49:16,901 - INFO - Node 6: k=394.82837285064085, f_best=-3.6557400226593018, f_min=-5.802464527036136
2025-05-01 01:49:16,901 - INFO - Node 7: k=545.9999918367624, f_best=-7.112786293029785, f_min=-7.854272306711209
2025-05-01 01:49:16,901 - INFO - cur_node_number 7,f_best -7.112786293029785,f_min -7.854272306711209,k 545.9999918367624
2025-05-01 01:49:16,901 - INFO - f_best_current -7.112786293029785,f_min -7.854272306711209
2025-05-01 01:49:16,901 - INFO - 回退,len(queue)=2
2025-05-01 01:49:33,586 - INFO - tree_node.f_best*ep:-7.084668159484863,left_f_best-3.2942256927490234,right_f_best-6.958207607269287,i:1
2025-05-01 01:49:51,031 - INFO - tree_node.f_best*ep:-7.084668159484863,left_f_best-3.44799542427063,right_f_best-7.0925211906433105,i:2
2025-05-01 01:51:19,611 - INFO - 添加左子节点，右子节点，len(queue):4
2025-05-01 01:51:19,611 - INFO - Node 1: k=754.4153800628051, f_best=-6.90645694732666, f_min=-21.778583964103746
2025-05-01 01:51:19,611 - INFO - Node 2: k=294.62355240522106, f_best=-3.586784839630127, f_min=-8.536115167024036
2025-05-01 01:51:19,611 - INFO - Node 3: k=721.4248571404328, f_best=-7.0678606033325195, f_min=-16.68541420485417
2025-05-01 01:51:19,611 - INFO - Node 4: k=421.53818169224843, f_best=-3.6336162090301514, f_min=-3.7011896424410224
2025-05-01 01:51:19,611 - INFO - Node 5: k=545.9999918367624, f_best=-7.084668159484863, f_min=-9.633849022982758
2025-05-01 01:51:19,611 - INFO - Node 6: k=476.99569112991514, f_best=-3.44799542427063, f_min=-5.736078370935502
2025-05-01 01:51:19,611 - INFO - Node 7: k=603.1236714572249, f_best=-7.0925211906433105, f_min=-8.565309672550939
2025-05-01 01:51:19,611 - INFO - cur_node_number 8,f_best -7.0925211906433105,f_min -8.565309672550939,k 603.1236714572249
2025-05-01 01:51:19,611 - INFO - f_best_current -7.0925211906433105,f_min -8.565309672550939
2025-05-01 01:51:19,611 - INFO - 回退,len(queue)=2
2025-05-01 01:51:36,075 - INFO - tree_node.f_best*ep:-7.084668159484863,left_f_best-3.5238678455352783,right_f_best-7.058127403259277,i:1
2025-05-01 01:51:54,466 - INFO - tree_node.f_best*ep:-7.084668159484863,left_f_best-3.672985553741455,right_f_best-7.051671504974365,i:2
2025-05-01 01:52:12,450 - INFO - tree_node.f_best*ep:-7.084668159484863,left_f_best-3.609732151031494,right_f_best-7.1176652908325195,i:3
2025-05-01 01:53:42,432 - INFO - 添加左子节点，右子节点，len(queue):4
2025-05-01 01:53:42,432 - INFO - Node 1: k=754.4153800628051, f_best=-6.90645694732666, f_min=-21.778583964103746
2025-05-01 01:53:42,432 - INFO - Node 2: k=294.62355240522106, f_best=-3.586784839630127, f_min=-8.536115167024036
2025-05-01 01:53:42,432 - INFO - Node 3: k=721.4248571404328, f_best=-7.0678606033325195, f_min=-16.68541420485417
2025-05-01 01:53:42,432 - INFO - Node 4: k=421.53818169224843, f_best=-3.6336162090301514, f_min=-3.7011896424410224
2025-05-01 01:53:42,432 - INFO - Node 5: k=603.1236714572249, f_best=-7.084668159484863, f_min=-9.633849022982758
2025-05-01 01:53:42,432 - INFO - Node 6: k=624.0099979597478, f_best=-3.609732151031494, f_min=-5.404199235050328
2025-05-01 01:53:42,432 - INFO - Node 7: k=456.4654467237192, f_best=-7.1176652908325195, f_min=-7.437374996074141
2025-05-01 01:53:42,432 - INFO - cur_node_number 9,f_best -7.1176652908325195,f_min -7.437374996074141,k 456.4654467237192
2025-05-01 01:53:42,432 - INFO - f_best_current -7.1176652908325195,f_min -7.437374996074141
2025-05-01 01:53:59,279 - INFO - tree_node.f_best*ep:-7.1176652908325195,left_f_best-3.591243028640747,right_f_best-7.02843713760376,i:1
2025-05-01 01:54:17,532 - INFO - tree_node.f_best*ep:-7.1176652908325195,left_f_best-3.7255146503448486,right_f_best-7.086486339569092,i:2
2025-05-01 01:54:35,749 - INFO - tree_node.f_best*ep:-7.1176652908325195,left_f_best-3.4516797065734863,right_f_best-7.158290863037109,i:3
2025-05-01 01:55:57,711 - INFO - 添加左子节点，右子节点，len(queue):5
2025-05-01 01:55:57,711 - INFO - Node 1: k=754.4153800628051, f_best=-6.90645694732666, f_min=-21.778583964103746
2025-05-01 01:55:57,711 - INFO - Node 2: k=294.62355240522106, f_best=-3.586784839630127, f_min=-8.536115167024036
2025-05-01 01:55:57,711 - INFO - Node 3: k=721.4248571404328, f_best=-7.0678606033325195, f_min=-16.68541420485417
2025-05-01 01:55:57,711 - INFO - Node 4: k=421.53818169224843, f_best=-3.6336162090301514, f_min=-3.7011896424410224
2025-05-01 01:55:57,711 - INFO - Node 5: k=603.1236714572249, f_best=-7.084668159484863, f_min=-9.633849022982758
2025-05-01 01:55:57,711 - INFO - Node 6: k=624.0099979597478, f_best=-3.609732151031494, f_min=-5.404199235050328
2025-05-01 01:55:57,711 - INFO - Node 7: k=456.4654467237192, f_best=-7.1176652908325195, f_min=-7.437374996074141
2025-05-01 01:55:57,711 - INFO - Node 8: k=491.44913756684275, f_best=-3.4516797065734863, f_min=-4.4958609666646225
2025-05-01 01:55:57,711 - INFO - Node 9: k=401.0791158963138, f_best=-7.158290863037109, f_min=-8.234055689839806
2025-05-01 01:55:57,711 - INFO - cur_node_number 10,f_best -7.158290863037109,f_min -8.234055689839806,k 401.0791158963138
2025-05-01 01:55:57,711 - INFO - f_best_current -7.158290863037109,f_min -8.234055689839806
2025-05-01 01:56:15,418 - INFO - tree_node.f_best*ep:-7.158290863037109,left_f_best-3.5193676948547363,right_f_best-7.001650810241699,i:1
2025-05-01 01:56:33,255 - INFO - tree_node.f_best*ep:-7.158290863037109,left_f_best-3.7417707443237305,right_f_best-7.111324310302734,i:2
2025-05-01 01:56:51,180 - INFO - tree_node.f_best*ep:-7.158290863037109,left_f_best-3.4452784061431885,right_f_best-7.136897563934326,i:3
2025-05-01 01:57:11,467 - INFO - tree_node.f_best*ep:-7.158290863037109,left_f_best-3.6760873794555664,right_f_best-7.189390659332275,i:4
2025-05-01 01:58:32,842 - INFO - 添加左子节点，右子节点，len(queue):6
2025-05-01 01:58:32,842 - INFO - Node 1: k=754.4153800628051, f_best=-6.90645694732666, f_min=-21.778583964103746
2025-05-01 01:58:32,842 - INFO - Node 2: k=294.62355240522106, f_best=-3.586784839630127, f_min=-8.536115167024036
2025-05-01 01:58:32,842 - INFO - Node 3: k=721.4248571404328, f_best=-7.0678606033325195, f_min=-16.68541420485417
2025-05-01 01:58:32,842 - INFO - Node 4: k=421.53818169224843, f_best=-3.6336162090301514, f_min=-3.7011896424410224
2025-05-01 01:58:32,858 - INFO - Node 5: k=603.1236714572249, f_best=-7.084668159484863, f_min=-9.633849022982758
2025-05-01 01:58:32,858 - INFO - Node 6: k=624.0099979597478, f_best=-3.609732151031494, f_min=-5.404199235050328
2025-05-01 01:58:32,858 - INFO - Node 7: k=456.4654467237192, f_best=-7.1176652908325195, f_min=-7.437374996074141
2025-05-01 01:58:32,858 - INFO - Node 8: k=491.44913756684275, f_best=-3.4516797065734863, f_min=-4.4958609666646225
2025-05-01 01:58:32,858 - INFO - Node 9: k=401.0791158963138, f_best=-7.158290863037109, f_min=-8.234055689839806
2025-05-01 01:58:32,858 - INFO - Node 10: k=364.6173780875577, f_best=-3.6760873794555664, f_min=-4.3741256595258164
2025-05-01 01:58:32,858 - INFO - Node 11: k=545.9999918367624, f_best=-7.189390659332275, f_min=-8.660293090793857
2025-05-01 01:58:32,858 - INFO - cur_node_number 11,f_best -7.189390659332275,f_min -8.660293090793857,k 545.9999918367624
2025-05-01 01:58:32,858 - INFO - f_best_current -7.189390659332275,f_min -8.660293090793857
2025-05-01 01:58:32,858 - INFO - 回退,len(queue)=4
2025-05-01 01:58:32,858 - INFO - 回退,len(queue)=3
2025-05-01 01:58:50,099 - INFO - tree_node.f_best*ep:-7.1176652908325195,left_f_best-3.5548717975616455,right_f_best-7.1554274559021,i:1
2025-05-01 02:00:15,881 - INFO - 添加左子节点，右子节点，len(queue):5
2025-05-01 02:00:15,881 - INFO - Node 1: k=754.4153800628051, f_best=-6.90645694732666, f_min=-21.778583964103746
2025-05-01 02:00:15,881 - INFO - Node 2: k=294.62355240522106, f_best=-3.586784839630127, f_min=-8.536115167024036
2025-05-01 02:00:15,881 - INFO - Node 3: k=721.4248571404328, f_best=-7.0678606033325195, f_min=-16.68541420485417
2025-05-01 02:00:15,881 - INFO - Node 4: k=421.53818169224843, f_best=-3.6336162090301514, f_min=-3.7011896424410224
2025-05-01 02:00:15,881 - INFO - Node 5: k=603.1236714572249, f_best=-7.084668159484863, f_min=-9.633849022982758
2025-05-01 02:00:15,881 - INFO - Node 6: k=624.0099979597478, f_best=-3.609732151031494, f_min=-5.404199235050328
2025-05-01 02:00:15,881 - INFO - Node 7: k=545.9999918367624, f_best=-7.1176652908325195, f_min=-7.437374996074141
2025-05-01 02:00:15,881 - INFO - Node 8: k=553.7771892470882, f_best=-3.5548717975616455, f_min=-6.9954060247582674
2025-05-01 02:00:15,881 - INFO - Node 9: k=438.65432223706233, f_best=-7.1554274559021, f_min=-7.518289855755938
2025-05-01 02:00:15,881 - INFO - cur_node_number 12,f_best -7.1554274559021,f_min -7.518289855755938,k 438.65432223706233
2025-05-01 02:00:15,881 - INFO - f_best_current -7.1554274559021,f_min -7.518289855755938
2025-05-01 02:00:33,428 - INFO - tree_node.f_best*ep:-7.1554274559021,left_f_best-3.2380764484405518,right_f_best-6.947348117828369,i:1
2025-05-01 02:00:50,865 - INFO - tree_node.f_best*ep:-7.1554274559021,left_f_best-3.5948617458343506,right_f_best-7.096801280975342,i:2
2025-05-01 02:01:08,927 - INFO - tree_node.f_best*ep:-7.1554274559021,left_f_best-3.710057497024536,right_f_best-7.124143123626709,i:3
2025-05-01 02:01:28,196 - INFO - tree_node.f_best*ep:-7.1554274559021,left_f_best-3.676581621170044,right_f_best-7.030097961425781,i:4
2025-05-01 02:01:48,285 - INFO - tree_node.f_best*ep:-7.1554274559021,left_f_best-3.795369863510132,right_f_best-7.277218818664551,i:5
2025-05-01 02:03:04,651 - INFO - 添加左子节点，右子节点，len(queue):6
2025-05-01 02:03:04,651 - INFO - Node 1: k=754.4153800628051, f_best=-6.90645694732666, f_min=-21.778583964103746
2025-05-01 02:03:04,651 - INFO - Node 2: k=294.62355240522106, f_best=-3.586784839630127, f_min=-8.536115167024036
2025-05-01 02:03:04,651 - INFO - Node 3: k=721.4248571404328, f_best=-7.0678606033325195, f_min=-16.68541420485417
2025-05-01 02:03:04,651 - INFO - Node 4: k=421.53818169224843, f_best=-3.6336162090301514, f_min=-3.7011896424410224
2025-05-01 02:03:04,651 - INFO - Node 5: k=603.1236714572249, f_best=-7.084668159484863, f_min=-9.633849022982758
2025-05-01 02:03:04,651 - INFO - Node 6: k=624.0099979597478, f_best=-3.609732151031494, f_min=-5.404199235050328
2025-05-01 02:03:04,651 - INFO - Node 7: k=545.9999918367624, f_best=-7.1176652908325195, f_min=-7.437374996074141
2025-05-01 02:03:04,651 - INFO - Node 8: k=553.7771892470882, f_best=-3.5548717975616455, f_min=-6.9954060247582674
2025-05-01 02:03:04,651 - INFO - Node 9: k=438.65432223706233, f_best=-7.1554274559021, f_min=-7.518289855755938
2025-05-01 02:03:04,651 - INFO - Node 10: k=340.08521160224296, f_best=-3.795369863510132, f_min=-4.662548326199612
2025-05-01 02:03:04,651 - INFO - Node 11: k=430.01109914426263, f_best=-7.277218818664551, f_min=-7.323353847115868
2025-05-01 02:03:04,651 - INFO - cur_node_number 13,f_best -7.277218818664551,f_min -7.323353847115868,k 430.01109914426263
2025-05-01 02:03:04,651 - INFO - f_best_current -7.277218818664551,f_min -7.323353847115868
2025-05-01 02:03:04,651 - INFO - 结束,fmin= -7.323353847115868, fbestmin=-7.277218818664551
