2025-05-02 14:23:20,439 - INFO - Namespace(log_file='outputs/DNN6/img[0]/max/DNN6img0_label9.log', image_path='img[0].png', model_path='network/DNN6.pth', label=9, init_epsilon=0.05, epsilon=0.01, ep=1, min=0)
2025-05-02 14:23:20,461 - INFO - Model output max(1): torch.return_types.max(
values=tensor([24.1332], grad_fn=<MaxBackward0>),
indices=tensor([0]))
2025-05-02 14:23:28,831 - INFO - cur_node_number 1,f_best -3.7196362018585205,f_min -18.134788195369765,k 1175.3236154006256
2025-05-02 14:23:28,832 - INFO - f_best_current -3.7196362018585205,f_min -18.134788195369765
2025-05-02 14:23:40,069 - INFO - tree_node.f_best*ep:-3.7196362018585205,left_f_best-2.231677293777466,right_f_best-3.725189447402954,i:1
2025-05-02 14:24:34,773 - INFO - 添加左子节点，右子节点，len(queue):2
2025-05-02 14:24:34,773 - INFO - Node 1: k=1175.3236154006256, f_best=-3.7196362018585205, f_min=-18.134788195369765
2025-05-02 14:24:34,774 - INFO - Node 2: k=293.7033666718547, f_best=-2.231677293777466, f_min=-4.825416430909172
2025-05-02 14:24:34,774 - INFO - Node 3: k=411.9415828544669, f_best=-3.725189447402954, f_min=-6.070578595890765
2025-05-02 14:24:34,774 - INFO - cur_node_number 2,f_best -3.725189447402954,f_min -6.070578595890765,k 411.9415828544669
2025-05-02 14:24:34,774 - INFO - f_best_current -3.725189447402954,f_min -6.070578595890765
2025-05-02 14:24:45,974 - INFO - tree_node.f_best*ep:-3.725189447402954,left_f_best-2.1929147243499756,right_f_best-3.7680270671844482,i:1
2025-05-02 14:26:08,452 - INFO - 添加左子节点，右子节点，len(queue):3
2025-05-02 14:26:08,452 - INFO - Node 1: k=1175.3236154006256, f_best=-3.7196362018585205, f_min=-18.134788195369765
2025-05-02 14:26:08,453 - INFO - Node 2: k=293.7033666718547, f_best=-2.231677293777466, f_min=-4.825416430909172
2025-05-02 14:26:08,453 - INFO - Node 3: k=411.9415828544669, f_best=-3.725189447402954, f_min=-6.070578595890765
2025-05-02 14:26:08,453 - INFO - Node 4: k=319.37503695019416, f_best=-2.1929147243499756, f_min=-3.350223291583461
2025-05-02 14:26:08,453 - INFO - Node 5: k=314.88976244174324, f_best=-3.7680270671844482, f_min=-4.848420204936701
2025-05-02 14:26:08,453 - INFO - cur_node_number 3,f_best -3.7680270671844482,f_min -4.848420204936701,k 314.88976244174324
2025-05-02 14:26:08,453 - INFO - f_best_current -3.7680270671844482,f_min -4.848420204936701
2025-05-02 14:26:27,076 - INFO - tree_node.f_best*ep:-3.7680270671844482,left_f_best-2.263122320175171,right_f_best-3.657932758331299,i:1
2025-05-02 14:26:46,314 - INFO - tree_node.f_best*ep:-3.7680270671844482,left_f_best-2.1948766708374023,right_f_best-3.7642924785614014,i:2
2025-05-02 14:27:06,461 - INFO - tree_node.f_best*ep:-3.7680270671844482,left_f_best-2.264357566833496,right_f_best-3.8031275272369385,i:3
2025-05-02 14:28:46,030 - INFO - 添加左子节点，右子节点，len(queue):4
2025-05-02 14:28:46,030 - INFO - Node 1: k=1175.3236154006256, f_best=-3.7196362018585205, f_min=-18.134788195369765
2025-05-02 14:28:46,030 - INFO - Node 2: k=293.7033666718547, f_best=-2.231677293777466, f_min=-4.825416430909172
2025-05-02 14:28:46,030 - INFO - Node 3: k=411.9415828544669, f_best=-3.725189447402954, f_min=-6.070578595890765
2025-05-02 14:28:46,030 - INFO - Node 4: k=319.37503695019416, f_best=-2.1929147243499756, f_min=-3.350223291583461
2025-05-02 14:28:46,030 - INFO - Node 5: k=314.88976244174324, f_best=-3.7680270671844482, f_min=-4.848420204936701
2025-05-02 14:28:46,030 - INFO - Node 6: k=489.91421450528725, f_best=-2.264357566833496, f_min=-5.434589017495455
2025-05-02 14:28:46,031 - INFO - Node 7: k=324.4312371334905, f_best=-3.8031275272369385, f_min=-9.97520892247303
2025-05-02 14:28:46,031 - INFO - cur_node_number 4,f_best -3.8031275272369385,f_min -9.97520892247303,k 324.4312371334905
2025-05-02 14:28:46,031 - INFO - f_best_current -3.8031275272369385,f_min -9.97520892247303
2025-05-02 14:28:46,031 - INFO - 回退,len(queue)=2
2025-05-02 14:29:04,039 - INFO - tree_node.f_best*ep:-3.7680270671844482,left_f_best-2.2346651554107666,right_f_best-3.661823272705078,i:1
2025-05-02 14:29:23,324 - INFO - tree_node.f_best*ep:-3.7680270671844482,left_f_best-2.2655789852142334,right_f_best-3.799710273742676,i:2
2025-05-02 14:30:53,987 - INFO - 添加左子节点，右子节点，len(queue):4
2025-05-02 14:30:53,987 - INFO - Node 1: k=1175.3236154006256, f_best=-3.7196362018585205, f_min=-18.134788195369765
2025-05-02 14:30:53,988 - INFO - Node 2: k=293.7033666718547, f_best=-2.231677293777466, f_min=-4.825416430909172
2025-05-02 14:30:53,988 - INFO - Node 3: k=411.9415828544669, f_best=-3.725189447402954, f_min=-6.070578595890765
2025-05-02 14:30:53,988 - INFO - Node 4: k=319.37503695019416, f_best=-2.1929147243499756, f_min=-3.350223291583461
2025-05-02 14:30:53,988 - INFO - Node 5: k=324.4312371334905, f_best=-3.7680270671844482, f_min=-4.848420204936701
2025-05-02 14:30:53,988 - INFO - Node 6: k=260.64682521070483, f_best=-2.2655789852142334, f_min=-3.079350311871167
2025-05-02 14:30:53,989 - INFO - Node 7: k=441.65713398119294, f_best=-3.799710273742676, f_min=-4.188642698836702
2025-05-02 14:30:53,989 - INFO - cur_node_number 5,f_best -3.799710273742676,f_min -4.188642698836702,k 441.65713398119294
2025-05-02 14:30:53,989 - INFO - f_best_current -3.799710273742676,f_min -4.188642698836702
2025-05-02 14:30:53,989 - INFO - 回退,len(queue)=2
2025-05-02 14:30:53,989 - INFO - 回退,len(queue)=1
2025-05-02 14:31:12,454 - INFO - tree_node.f_best*ep:-3.725189447402954,left_f_best-2.1407506465911865,right_f_best-3.800292730331421,i:1
2025-05-02 14:32:36,132 - INFO - 添加左子节点，右子节点，len(queue):3
2025-05-02 14:32:36,133 - INFO - Node 1: k=1175.3236154006256, f_best=-3.7196362018585205, f_min=-18.134788195369765
2025-05-02 14:32:36,133 - INFO - Node 2: k=293.7033666718547, f_best=-2.231677293777466, f_min=-4.825416430909172
2025-05-02 14:32:36,133 - INFO - Node 3: k=441.65713398119294, f_best=-3.725189447402954, f_min=-6.070578595890765
2025-05-02 14:32:36,134 - INFO - Node 4: k=273.94243282310885, f_best=-2.1407506465911865, f_min=-2.2624468854155566
2025-05-02 14:32:36,134 - INFO - Node 5: k=260.64682521070483, f_best=-3.800292730331421, f_min=-3.9473258570651524
2025-05-02 14:32:36,134 - INFO - cur_node_number 6,f_best -3.800292730331421,f_min -3.9473258570651524,k 260.64682521070483
2025-05-02 14:32:36,134 - INFO - f_best_current -3.800292730331421,f_min -3.9473258570651524
2025-05-02 14:32:54,114 - INFO - tree_node.f_best*ep:-3.800292730331421,left_f_best-2.1585891246795654,right_f_best-3.744497537612915,i:1
2025-05-02 14:33:12,826 - INFO - tree_node.f_best*ep:-3.800292730331421,left_f_best-2.239689588546753,right_f_best-3.7977612018585205,i:2
2025-05-02 14:33:33,099 - INFO - tree_node.f_best*ep:-3.800292730331421,left_f_best-2.3780784606933594,right_f_best-3.8158414363861084,i:3
2025-05-02 14:35:08,785 - INFO - 添加左子节点，右子节点，len(queue):4
2025-05-02 14:35:08,786 - INFO - Node 1: k=1175.3236154006256, f_best=-3.7196362018585205, f_min=-18.134788195369765
2025-05-02 14:35:08,786 - INFO - Node 2: k=293.7033666718547, f_best=-2.231677293777466, f_min=-4.825416430909172
2025-05-02 14:35:08,786 - INFO - Node 3: k=441.65713398119294, f_best=-3.725189447402954, f_min=-6.070578595890765
2025-05-02 14:35:08,786 - INFO - Node 4: k=273.94243282310885, f_best=-2.1407506465911865, f_min=-2.2624468854155566
2025-05-02 14:35:08,786 - INFO - Node 5: k=260.64682521070483, f_best=-3.800292730331421, f_min=-3.9473258570651524
2025-05-02 14:35:08,786 - INFO - Node 6: k=391.94828138443785, f_best=-2.3780784606933594, f_min=-3.4850125317952916
2025-05-02 14:35:08,786 - INFO - Node 7: k=356.31661944039763, f_best=-3.8158414363861084, f_min=-4.488480924355827
2025-05-02 14:35:08,786 - INFO - cur_node_number 7,f_best -3.8158414363861084,f_min -4.488480924355827,k 356.31661944039763
2025-05-02 14:35:08,787 - INFO - f_best_current -3.8158414363861084,f_min -4.488480924355827
2025-05-02 14:35:08,787 - INFO - 回退,len(queue)=2
2025-05-02 14:35:26,343 - INFO - tree_node.f_best*ep:-3.800292730331421,left_f_best-2.1893069744110107,right_f_best-3.738101005554199,i:1
2025-05-02 14:35:44,727 - INFO - tree_node.f_best*ep:-3.800292730331421,left_f_best-2.2581787109375,right_f_best-3.815962314605713,i:2
2025-05-02 14:37:15,868 - INFO - 添加左子节点，右子节点，len(queue):4
2025-05-02 14:37:15,868 - INFO - Node 1: k=1175.3236154006256, f_best=-3.7196362018585205, f_min=-18.134788195369765
2025-05-02 14:37:15,868 - INFO - Node 2: k=293.7033666718547, f_best=-2.231677293777466, f_min=-4.825416430909172
2025-05-02 14:37:15,869 - INFO - Node 3: k=441.65713398119294, f_best=-3.725189447402954, f_min=-6.070578595890765
2025-05-02 14:37:15,869 - INFO - Node 4: k=273.94243282310885, f_best=-2.1407506465911865, f_min=-2.2624468854155566
2025-05-02 14:37:15,869 - INFO - Node 5: k=356.31661944039763, f_best=-3.800292730331421, f_min=-3.9473258570651524
2025-05-02 14:37:15,869 - INFO - Node 6: k=258.0661635749553, f_best=-2.2581787109375, f_min=-5.816204598299009
2025-05-02 14:37:15,869 - INFO - Node 7: k=363.47858349114966, f_best=-3.815962314605713, f_min=-8.128817461494691
2025-05-02 14:37:15,869 - INFO - cur_node_number 8,f_best -3.815962314605713,f_min -8.128817461494691,k 363.47858349114966
2025-05-02 14:37:15,869 - INFO - f_best_current -3.815962314605713,f_min -8.128817461494691
2025-05-02 14:37:15,870 - INFO - 回退,len(queue)=2
2025-05-02 14:37:34,592 - INFO - tree_node.f_best*ep:-3.800292730331421,left_f_best-2.1571269035339355,right_f_best-3.7623777389526367,i:1
2025-05-02 14:37:53,105 - INFO - tree_node.f_best*ep:-3.800292730331421,left_f_best-2.232738494873047,right_f_best-3.728425979614258,i:2
2025-05-02 14:38:11,898 - INFO - tree_node.f_best*ep:-3.800292730331421,left_f_best-2.2998790740966797,right_f_best-3.7425596714019775,i:3
2025-05-02 14:38:32,499 - INFO - tree_node.f_best*ep:-3.800292730331421,left_f_best-2.2393693923950195,right_f_best-3.8433690071105957,i:4
2025-05-02 14:40:16,324 - INFO - 添加左子节点，右子节点，len(queue):4
2025-05-02 14:40:16,324 - INFO - Node 1: k=1175.3236154006256, f_best=-3.7196362018585205, f_min=-18.134788195369765
2025-05-02 14:40:16,324 - INFO - Node 2: k=293.7033666718547, f_best=-2.231677293777466, f_min=-4.825416430909172
2025-05-02 14:40:16,324 - INFO - Node 3: k=441.65713398119294, f_best=-3.725189447402954, f_min=-6.070578595890765
2025-05-02 14:40:16,324 - INFO - Node 4: k=273.94243282310885, f_best=-2.1407506465911865, f_min=-2.2624468854155566
2025-05-02 14:40:16,324 - INFO - Node 5: k=363.47858349114966, f_best=-3.800292730331421, f_min=-3.9473258570651524
2025-05-02 14:40:16,325 - INFO - Node 6: k=450.5344423742149, f_best=-2.2393693923950195, f_min=-6.6448212600244005
2025-05-02 14:40:16,325 - INFO - Node 7: k=478.25138912001427, f_best=-3.8433690071105957, f_min=-11.551712653568757
2025-05-02 14:40:16,325 - INFO - cur_node_number 9,f_best -3.8433690071105957,f_min -11.551712653568757,k 478.25138912001427
2025-05-02 14:40:16,325 - INFO - f_best_current -3.8433690071105957,f_min -11.551712653568757
2025-05-02 14:40:16,325 - INFO - 回退,len(queue)=2
2025-05-02 14:40:16,325 - INFO - 回退,len(queue)=1
2025-05-02 14:40:34,149 - INFO - tree_node.f_best*ep:-3.725189447402954,left_f_best-2.2102267742156982,right_f_best-3.732027053833008,i:1
2025-05-02 14:42:08,046 - INFO - 添加左子节点，右子节点，len(queue):3
2025-05-02 14:42:08,046 - INFO - Node 1: k=1175.3236154006256, f_best=-3.7196362018585205, f_min=-18.134788195369765
2025-05-02 14:42:08,046 - INFO - Node 2: k=293.7033666718547, f_best=-2.231677293777466, f_min=-4.825416430909172
2025-05-02 14:42:08,046 - INFO - Node 3: k=478.25138912001427, f_best=-3.725189447402954, f_min=-6.070578595890765
2025-05-02 14:42:08,046 - INFO - Node 4: k=478.25138912001427, f_best=-2.2102267742156982, f_min=-3.112311749573564
2025-05-02 14:42:08,046 - INFO - Node 5: k=327.6755495048254, f_best=-3.732027053833008, f_min=-10.881880860544697
2025-05-02 14:42:08,047 - INFO - cur_node_number 10,f_best -3.732027053833008,f_min -10.881880860544697,k 327.6755495048254
2025-05-02 14:42:08,047 - INFO - f_best_current -3.732027053833008,f_min -10.881880860544697
2025-05-02 14:42:25,759 - INFO - tree_node.f_best*ep:-3.732027053833008,left_f_best-2.083378553390503,right_f_best-3.738144636154175,i:1
2025-05-02 14:43:51,404 - INFO - 添加左子节点，右子节点，len(queue):4
2025-05-02 14:43:51,404 - INFO - Node 1: k=1175.3236154006256, f_best=-3.7196362018585205, f_min=-18.134788195369765
2025-05-02 14:43:51,404 - INFO - Node 2: k=293.7033666718547, f_best=-2.231677293777466, f_min=-4.825416430909172
2025-05-02 14:43:51,405 - INFO - Node 3: k=478.25138912001427, f_best=-3.725189447402954, f_min=-6.070578595890765
2025-05-02 14:43:51,405 - INFO - Node 4: k=478.25138912001427, f_best=-2.2102267742156982, f_min=-3.112311749573564
2025-05-02 14:43:51,405 - INFO - Node 5: k=327.6755495048254, f_best=-3.732027053833008, f_min=-10.881880860544697
2025-05-02 14:43:51,405 - INFO - Node 6: k=250.47647587933554, f_best=-2.083378553390503, f_min=-4.60272861739395
2025-05-02 14:43:51,405 - INFO - Node 7: k=344.39029570161165, f_best=-3.738144636154175, f_min=-4.6022126043644676
2025-05-02 14:43:51,405 - INFO - cur_node_number 11,f_best -3.738144636154175,f_min -4.6022126043644676,k 344.39029570161165
2025-05-02 14:43:51,406 - INFO - f_best_current -3.738144636154175,f_min -4.6022126043644676
2025-05-02 14:43:51,406 - INFO - 回退,len(queue)=2
2025-05-02 14:44:10,172 - INFO - tree_node.f_best*ep:-3.732027053833008,left_f_best-2.2105538845062256,right_f_best-3.728971242904663,i:1
2025-05-02 14:44:29,645 - INFO - tree_node.f_best*ep:-3.732027053833008,left_f_best-2.124194860458374,right_f_best-3.795058488845825,i:2
2025-05-02 14:46:04,429 - INFO - 添加左子节点，右子节点，len(queue):4
2025-05-02 14:46:04,429 - INFO - Node 1: k=1175.3236154006256, f_best=-3.7196362018585205, f_min=-18.134788195369765
2025-05-02 14:46:04,429 - INFO - Node 2: k=293.7033666718547, f_best=-2.231677293777466, f_min=-4.825416430909172
2025-05-02 14:46:04,430 - INFO - Node 3: k=478.25138912001427, f_best=-3.725189447402954, f_min=-6.070578595890765
2025-05-02 14:46:04,430 - INFO - Node 4: k=478.25138912001427, f_best=-2.2102267742156982, f_min=-3.112311749573564
2025-05-02 14:46:04,430 - INFO - Node 5: k=344.39029570161165, f_best=-3.732027053833008, f_min=-10.881880860544697
2025-05-02 14:46:04,430 - INFO - Node 6: k=283.42912911047966, f_best=-2.124194860458374, f_min=-5.3181681892201595
2025-05-02 14:46:04,430 - INFO - Node 7: k=478.25138912001427, f_best=-3.795058488845825, f_min=-4.066041534495525
2025-05-02 14:46:04,430 - INFO - cur_node_number 12,f_best -3.795058488845825,f_min -4.066041534495525,k 478.25138912001427
2025-05-02 14:46:04,430 - INFO - f_best_current -3.795058488845825,f_min -4.066041534495525
2025-05-02 14:46:04,430 - INFO - 回退,len(queue)=2
2025-05-02 14:46:22,058 - INFO - tree_node.f_best*ep:-3.732027053833008,left_f_best-2.2254762649536133,right_f_best-3.7185771465301514,i:1
2025-05-02 14:46:40,324 - INFO - tree_node.f_best*ep:-3.732027053833008,left_f_best-2.198810577392578,right_f_best-3.823528528213501,i:2
2025-05-02 14:48:03,674 - INFO - 添加左子节点，右子节点，len(queue):4
2025-05-02 14:48:03,674 - INFO - Node 1: k=1175.3236154006256, f_best=-3.7196362018585205, f_min=-18.134788195369765
2025-05-02 14:48:03,674 - INFO - Node 2: k=293.7033666718547, f_best=-2.231677293777466, f_min=-4.825416430909172
2025-05-02 14:48:03,674 - INFO - Node 3: k=478.25138912001427, f_best=-3.725189447402954, f_min=-6.070578595890765
2025-05-02 14:48:03,675 - INFO - Node 4: k=478.25138912001427, f_best=-2.2102267742156982, f_min=-3.112311749573564
2025-05-02 14:48:03,675 - INFO - Node 5: k=478.25138912001427, f_best=-3.732027053833008, f_min=-10.881880860544697
2025-05-02 14:48:03,675 - INFO - Node 6: k=209.4026706326877, f_best=-2.198810577392578, f_min=-3.8864482134040372
2025-05-02 14:48:03,675 - INFO - Node 7: k=376.6545944642649, f_best=-3.823528528213501, f_min=-8.554520149691598
2025-05-02 14:48:03,675 - INFO - cur_node_number 13,f_best -3.823528528213501,f_min -8.554520149691598,k 376.6545944642649
2025-05-02 14:48:03,675 - INFO - f_best_current -3.823528528213501,f_min -8.554520149691598
2025-05-02 14:48:22,460 - INFO - tree_node.f_best*ep:-3.823528528213501,left_f_best-2.1341259479522705,right_f_best-3.719465970993042,i:1
2025-05-02 14:48:41,898 - INFO - tree_node.f_best*ep:-3.823528528213501,left_f_best-2.317049741744995,right_f_best-3.7286031246185303,i:2
2025-05-02 14:49:02,265 - INFO - tree_node.f_best*ep:-3.823528528213501,left_f_best-2.366827964782715,right_f_best-3.8278861045837402,i:3
2025-05-02 14:50:29,636 - INFO - 添加左子节点，右子节点，len(queue):5
2025-05-02 14:50:29,637 - INFO - Node 1: k=1175.3236154006256, f_best=-3.7196362018585205, f_min=-18.134788195369765
2025-05-02 14:50:29,637 - INFO - Node 2: k=293.7033666718547, f_best=-2.231677293777466, f_min=-4.825416430909172
2025-05-02 14:50:29,637 - INFO - Node 3: k=478.25138912001427, f_best=-3.725189447402954, f_min=-6.070578595890765
2025-05-02 14:50:29,637 - INFO - Node 4: k=478.25138912001427, f_best=-2.2102267742156982, f_min=-3.112311749573564
2025-05-02 14:50:29,637 - INFO - Node 5: k=478.25138912001427, f_best=-3.732027053833008, f_min=-10.881880860544697
2025-05-02 14:50:29,637 - INFO - Node 6: k=209.4026706326877, f_best=-2.198810577392578, f_min=-3.8864482134040372
2025-05-02 14:50:29,637 - INFO - Node 7: k=376.6545944642649, f_best=-3.823528528213501, f_min=-8.554520149691598
2025-05-02 14:50:29,638 - INFO - Node 8: k=492.74288446173983, f_best=-2.366827964782715, f_min=-3.119455972300784
2025-05-02 14:50:29,638 - INFO - Node 9: k=195.31365160299947, f_best=-3.8278861045837402, f_min=-5.223099654019279
2025-05-02 14:50:29,638 - INFO - cur_node_number 14,f_best -3.8278861045837402,f_min -5.223099654019279,k 195.31365160299947
2025-05-02 14:50:29,638 - INFO - f_best_current -3.8278861045837402,f_min -5.223099654019279
2025-05-02 14:50:47,240 - INFO - tree_node.f_best*ep:-3.8278861045837402,left_f_best-2.205904722213745,right_f_best-3.7757997512817383,i:1
2025-05-02 14:51:05,818 - INFO - tree_node.f_best*ep:-3.8278861045837402,left_f_best-2.1643552780151367,right_f_best-3.704617977142334,i:2
2025-05-02 14:51:25,477 - INFO - tree_node.f_best*ep:-3.8278861045837402,left_f_best-2.2711899280548096,right_f_best-3.83750057220459,i:3
2025-05-02 14:53:02,232 - INFO - 添加左子节点，右子节点，len(queue):6
2025-05-02 14:53:02,233 - INFO - Node 1: k=1175.3236154006256, f_best=-3.7196362018585205, f_min=-18.134788195369765
2025-05-02 14:53:02,233 - INFO - Node 2: k=293.7033666718547, f_best=-2.231677293777466, f_min=-4.825416430909172
2025-05-02 14:53:02,233 - INFO - Node 3: k=478.25138912001427, f_best=-3.725189447402954, f_min=-6.070578595890765
2025-05-02 14:53:02,233 - INFO - Node 4: k=478.25138912001427, f_best=-2.2102267742156982, f_min=-3.112311749573564
2025-05-02 14:53:02,233 - INFO - Node 5: k=478.25138912001427, f_best=-3.732027053833008, f_min=-10.881880860544697
2025-05-02 14:53:02,233 - INFO - Node 6: k=209.4026706326877, f_best=-2.198810577392578, f_min=-3.8864482134040372
2025-05-02 14:53:02,233 - INFO - Node 7: k=376.6545944642649, f_best=-3.823528528213501, f_min=-8.554520149691598
2025-05-02 14:53:02,233 - INFO - Node 8: k=492.74288446173983, f_best=-2.366827964782715, f_min=-3.119455972300784
2025-05-02 14:53:02,234 - INFO - Node 9: k=195.31365160299947, f_best=-3.8278861045837402, f_min=-5.223099654019279
2025-05-02 14:53:02,234 - INFO - Node 10: k=439.1217300101944, f_best=-2.2711899280548096, f_min=-6.387331216421444
2025-05-02 14:53:02,234 - INFO - Node 11: k=322.5687873196961, f_best=-3.83750057220459, f_min=-11.800845287683842
2025-05-02 14:53:02,234 - INFO - cur_node_number 15,f_best -3.83750057220459,f_min -11.800845287683842,k 322.5687873196961
2025-05-02 14:53:02,234 - INFO - f_best_current -3.83750057220459,f_min -11.800845287683842
2025-05-02 14:53:02,234 - INFO - 回退,len(queue)=4
2025-05-02 14:53:19,568 - INFO - tree_node.f_best*ep:-3.8278861045837402,left_f_best-2.264508008956909,right_f_best-3.7169291973114014,i:1
2025-05-02 14:53:37,656 - INFO - tree_node.f_best*ep:-3.8278861045837402,left_f_best-2.2122697830200195,right_f_best-3.8034451007843018,i:2
2025-05-02 14:53:56,388 - INFO - tree_node.f_best*ep:-3.8278861045837402,left_f_best-2.2476935386657715,right_f_best-3.7686870098114014,i:3
2025-05-02 14:54:16,193 - INFO - tree_node.f_best*ep:-3.8278861045837402,left_f_best-2.2594470977783203,right_f_best-3.765178680419922,i:4
2025-05-02 14:54:36,636 - INFO - tree_node.f_best*ep:-3.8278861045837402,left_f_best-2.3393635749816895,right_f_best-3.9294393062591553,i:5
2025-05-02 14:56:11,691 - INFO - 添加左子节点，右子节点，len(queue):6
2025-05-02 14:56:11,692 - INFO - Node 1: k=1175.3236154006256, f_best=-3.7196362018585205, f_min=-18.134788195369765
2025-05-02 14:56:11,692 - INFO - Node 2: k=293.7033666718547, f_best=-2.231677293777466, f_min=-4.825416430909172
2025-05-02 14:56:11,692 - INFO - Node 3: k=478.25138912001427, f_best=-3.725189447402954, f_min=-6.070578595890765
2025-05-02 14:56:11,692 - INFO - Node 4: k=478.25138912001427, f_best=-2.2102267742156982, f_min=-3.112311749573564
2025-05-02 14:56:11,692 - INFO - Node 5: k=478.25138912001427, f_best=-3.732027053833008, f_min=-10.881880860544697
2025-05-02 14:56:11,692 - INFO - Node 6: k=209.4026706326877, f_best=-2.198810577392578, f_min=-3.8864482134040372
2025-05-02 14:56:11,693 - INFO - Node 7: k=376.6545944642649, f_best=-3.823528528213501, f_min=-8.554520149691598
2025-05-02 14:56:11,693 - INFO - Node 8: k=492.74288446173983, f_best=-2.366827964782715, f_min=-3.119455972300784
2025-05-02 14:56:11,693 - INFO - Node 9: k=322.5687873196961, f_best=-3.8278861045837402, f_min=-5.223099654019279
2025-05-02 14:56:11,693 - INFO - Node 10: k=456.95183312674567, f_best=-2.3393635749816895, f_min=-3.9919510289146274
2025-05-02 14:56:11,693 - INFO - Node 11: k=273.94243282310885, f_best=-3.9294393062591553, f_min=-5.886318799020955
2025-05-02 14:56:11,693 - INFO - cur_node_number 16,f_best -3.9294393062591553,f_min -5.886318799020955,k 273.94243282310885
2025-05-02 14:56:11,694 - INFO - f_best_current -3.9294393062591553,f_min -5.886318799020955
2025-05-02 14:56:30,473 - INFO - tree_node.f_best*ep:-3.9294393062591553,left_f_best-2.1405317783355713,right_f_best-3.7403295040130615,i:1
2025-05-02 14:56:49,774 - INFO - tree_node.f_best*ep:-3.9294393062591553,left_f_best-2.232296943664551,right_f_best-3.797489881515503,i:2
2025-05-02 14:57:09,252 - INFO - tree_node.f_best*ep:-3.9294393062591553,left_f_best-2.2602829933166504,right_f_best-3.8126418590545654,i:3
2025-05-02 14:57:29,552 - INFO - tree_node.f_best*ep:-3.9294393062591553,left_f_best-2.335529088973999,right_f_best-3.894040822982788,i:4
2025-05-02 14:57:50,546 - INFO - tree_node.f_best*ep:-3.9294393062591553,left_f_best-2.403773069381714,right_f_best-3.867678642272949,i:5
2025-05-02 14:58:12,456 - INFO - tree_node.f_best*ep:-3.9294393062591553,left_f_best-2.3499677181243896,right_f_best-3.930935859680176,i:6
2025-05-02 14:59:38,487 - INFO - 添加左子节点，右子节点，len(queue):7
2025-05-02 14:59:38,487 - INFO - Node 1: k=1175.3236154006256, f_best=-3.7196362018585205, f_min=-18.134788195369765
2025-05-02 14:59:38,487 - INFO - Node 2: k=293.7033666718547, f_best=-2.231677293777466, f_min=-4.825416430909172
2025-05-02 14:59:38,487 - INFO - Node 3: k=478.25138912001427, f_best=-3.725189447402954, f_min=-6.070578595890765
2025-05-02 14:59:38,487 - INFO - Node 4: k=478.25138912001427, f_best=-2.2102267742156982, f_min=-3.112311749573564
2025-05-02 14:59:38,487 - INFO - Node 5: k=478.25138912001427, f_best=-3.732027053833008, f_min=-10.881880860544697
2025-05-02 14:59:38,488 - INFO - Node 6: k=209.4026706326877, f_best=-2.198810577392578, f_min=-3.8864482134040372
2025-05-02 14:59:38,488 - INFO - Node 7: k=376.6545944642649, f_best=-3.823528528213501, f_min=-8.554520149691598
2025-05-02 14:59:38,488 - INFO - Node 8: k=492.74288446173983, f_best=-2.366827964782715, f_min=-3.119455972300784
2025-05-02 14:59:38,488 - INFO - Node 9: k=322.5687873196961, f_best=-3.8278861045837402, f_min=-5.223099654019279
2025-05-02 14:59:38,488 - INFO - Node 10: k=456.95183312674567, f_best=-2.3393635749816895, f_min=-3.9919510289146274
2025-05-02 14:59:38,488 - INFO - Node 11: k=273.94243282310885, f_best=-3.9294393062591553, f_min=-5.886318799020955
2025-05-02 14:59:38,488 - INFO - Node 12: k=344.39029570161165, f_best=-2.3499677181243896, f_min=-2.7903398720154655
2025-05-02 14:59:38,489 - INFO - Node 13: k=252.9812406381289, f_best=-3.930935859680176, f_min=-4.372085299815808
2025-05-02 14:59:38,489 - INFO - cur_node_number 17,f_best -3.930935859680176,f_min -4.372085299815808,k 252.9812406381289
2025-05-02 14:59:38,489 - INFO - f_best_current -3.930935859680176,f_min -4.372085299815808
2025-05-02 14:59:56,707 - INFO - tree_node.f_best*ep:-3.930935859680176,left_f_best-2.181788206100464,right_f_best-3.8064727783203125,i:1
2025-05-02 15:00:15,554 - INFO - tree_node.f_best*ep:-3.930935859680176,left_f_best-2.2179110050201416,right_f_best-3.7314202785491943,i:2
2025-05-02 15:00:35,184 - INFO - tree_node.f_best*ep:-3.930935859680176,left_f_best-2.250838041305542,right_f_best-3.796785593032837,i:3
2025-05-02 15:00:55,416 - INFO - tree_node.f_best*ep:-3.930935859680176,left_f_best-2.287327289581299,right_f_best-3.863382577896118,i:4
2025-05-02 15:01:16,331 - INFO - tree_node.f_best*ep:-3.930935859680176,left_f_best-2.3280813694000244,right_f_best-3.8506321907043457,i:5
2025-05-02 15:01:37,885 - INFO - tree_node.f_best*ep:-3.930935859680176,left_f_best-2.4067070484161377,right_f_best-3.9072275161743164,i:6
2025-05-02 15:02:00,749 - INFO - tree_node.f_best*ep:-3.930935859680176,left_f_best-2.388303279876709,right_f_best-3.8848111629486084,i:7
2025-05-02 15:02:24,973 - INFO - tree_node.f_best*ep:-3.930935859680176,left_f_best-2.430152654647827,right_f_best-3.950037717819214,i:8
2025-05-02 15:03:55,956 - INFO - 添加左子节点，右子节点，len(queue):8
2025-05-02 15:03:55,956 - INFO - Node 1: k=1175.3236154006256, f_best=-3.7196362018585205, f_min=-18.134788195369765
2025-05-02 15:03:55,956 - INFO - Node 2: k=293.7033666718547, f_best=-2.231677293777466, f_min=-4.825416430909172
2025-05-02 15:03:55,956 - INFO - Node 3: k=478.25138912001427, f_best=-3.725189447402954, f_min=-6.070578595890765
2025-05-02 15:03:55,957 - INFO - Node 4: k=478.25138912001427, f_best=-2.2102267742156982, f_min=-3.112311749573564
2025-05-02 15:03:55,957 - INFO - Node 5: k=478.25138912001427, f_best=-3.732027053833008, f_min=-10.881880860544697
2025-05-02 15:03:55,957 - INFO - Node 6: k=209.4026706326877, f_best=-2.198810577392578, f_min=-3.8864482134040372
2025-05-02 15:03:55,957 - INFO - Node 7: k=376.6545944642649, f_best=-3.823528528213501, f_min=-8.554520149691598
2025-05-02 15:03:55,957 - INFO - Node 8: k=492.74288446173983, f_best=-2.366827964782715, f_min=-3.119455972300784
2025-05-02 15:03:55,957 - INFO - Node 9: k=322.5687873196961, f_best=-3.8278861045837402, f_min=-5.223099654019279
2025-05-02 15:03:55,957 - INFO - Node 10: k=456.95183312674567, f_best=-2.3393635749816895, f_min=-3.9919510289146274
2025-05-02 15:03:55,957 - INFO - Node 11: k=273.94243282310885, f_best=-3.9294393062591553, f_min=-5.886318799020955
2025-05-02 15:03:55,957 - INFO - Node 12: k=344.39029570161165, f_best=-2.3499677181243896, f_min=-2.7903398720154655
2025-05-02 15:03:55,958 - INFO - Node 13: k=252.9812406381289, f_best=-3.930935859680176, f_min=-4.372085299815808
2025-05-02 15:03:55,958 - INFO - Node 14: k=340.9804907936749, f_best=-2.430152654647827, f_min=-3.9062503964723874
2025-05-02 15:03:55,958 - INFO - Node 15: k=344.39029570161165, f_best=-3.950037717819214, f_min=-5.400780406607737
2025-05-02 15:03:55,958 - INFO - cur_node_number 18,f_best -3.950037717819214,f_min -5.400780406607737,k 344.39029570161165
2025-05-02 15:03:55,958 - INFO - f_best_current -3.950037717819214,f_min -5.400780406607737
2025-05-02 15:03:55,958 - INFO - 回退,len(queue)=6
2025-05-02 15:03:55,958 - INFO - 回退,len(queue)=5
2025-05-02 15:03:55,958 - INFO - 回退,len(queue)=4
2025-05-02 15:04:13,390 - INFO - tree_node.f_best*ep:-3.8278861045837402,left_f_best-2.174360513687134,right_f_best-3.74587345123291,i:1
2025-05-02 15:04:31,544 - INFO - tree_node.f_best*ep:-3.8278861045837402,left_f_best-2.2507638931274414,right_f_best-3.7150328159332275,i:2
2025-05-02 15:04:50,363 - INFO - tree_node.f_best*ep:-3.8278861045837402,left_f_best-2.326932668685913,right_f_best-3.8039135932922363,i:3
2025-05-02 15:05:10,156 - INFO - tree_node.f_best*ep:-3.8278861045837402,left_f_best-2.2538084983825684,right_f_best-3.811547040939331,i:4
2025-05-02 15:05:31,120 - INFO - tree_node.f_best*ep:-3.8278861045837402,left_f_best-2.363593101501465,right_f_best-3.8825972080230713,i:5
2025-05-02 15:06:59,229 - INFO - 添加左子节点，右子节点，len(queue):6
2025-05-02 15:06:59,229 - INFO - Node 1: k=1175.3236154006256, f_best=-3.7196362018585205, f_min=-18.134788195369765
2025-05-02 15:06:59,229 - INFO - Node 2: k=293.7033666718547, f_best=-2.231677293777466, f_min=-4.825416430909172
2025-05-02 15:06:59,230 - INFO - Node 3: k=478.25138912001427, f_best=-3.725189447402954, f_min=-6.070578595890765
2025-05-02 15:06:59,230 - INFO - Node 4: k=478.25138912001427, f_best=-2.2102267742156982, f_min=-3.112311749573564
2025-05-02 15:06:59,230 - INFO - Node 5: k=478.25138912001427, f_best=-3.732027053833008, f_min=-10.881880860544697
2025-05-02 15:06:59,230 - INFO - Node 6: k=209.4026706326877, f_best=-2.198810577392578, f_min=-3.8864482134040372
2025-05-02 15:06:59,230 - INFO - Node 7: k=376.6545944642649, f_best=-3.823528528213501, f_min=-8.554520149691598
2025-05-02 15:06:59,230 - INFO - Node 8: k=492.74288446173983, f_best=-2.366827964782715, f_min=-3.119455972300784
2025-05-02 15:06:59,231 - INFO - Node 9: k=344.39029570161165, f_best=-3.8278861045837402, f_min=-5.223099654019279
2025-05-02 15:06:59,231 - INFO - Node 10: k=263.2532934628119, f_best=-2.363593101501465, f_min=-3.039792545569071
2025-05-02 15:06:59,231 - INFO - Node 11: k=344.39029570161165, f_best=-3.8825972080230713, f_min=-5.921695932851435
2025-05-02 15:06:59,231 - INFO - cur_node_number 19,f_best -3.8825972080230713,f_min -5.921695932851435,k 344.39029570161165
2025-05-02 15:06:59,231 - INFO - f_best_current -3.8825972080230713,f_min -5.921695932851435
2025-05-02 15:07:17,491 - INFO - tree_node.f_best*ep:-3.8825972080230713,left_f_best-2.0277769565582275,right_f_best-3.7518184185028076,i:1
2025-05-02 15:07:36,351 - INFO - tree_node.f_best*ep:-3.8825972080230713,left_f_best-2.288546085357666,right_f_best-3.81734037399292,i:2
2025-05-02 15:07:55,698 - INFO - tree_node.f_best*ep:-3.8825972080230713,left_f_best-2.2973618507385254,right_f_best-3.8760666847229004,i:3
2025-05-02 15:08:15,924 - INFO - tree_node.f_best*ep:-3.8825972080230713,left_f_best-2.257617712020874,right_f_best-3.864264488220215,i:4
2025-05-02 15:08:36,598 - INFO - tree_node.f_best*ep:-3.8825972080230713,left_f_best-2.342648983001709,right_f_best-3.9144086837768555,i:5
2025-05-02 15:10:10,394 - INFO - 添加左子节点，右子节点，len(queue):7
2025-05-02 15:10:10,395 - INFO - Node 1: k=1175.3236154006256, f_best=-3.7196362018585205, f_min=-18.134788195369765
2025-05-02 15:10:10,395 - INFO - Node 2: k=293.7033666718547, f_best=-2.231677293777466, f_min=-4.825416430909172
2025-05-02 15:10:10,395 - INFO - Node 3: k=478.25138912001427, f_best=-3.725189447402954, f_min=-6.070578595890765
2025-05-02 15:10:10,395 - INFO - Node 4: k=478.25138912001427, f_best=-2.2102267742156982, f_min=-3.112311749573564
2025-05-02 15:10:10,395 - INFO - Node 5: k=478.25138912001427, f_best=-3.732027053833008, f_min=-10.881880860544697
2025-05-02 15:10:10,395 - INFO - Node 6: k=209.4026706326877, f_best=-2.198810577392578, f_min=-3.8864482134040372
2025-05-02 15:10:10,395 - INFO - Node 7: k=376.6545944642649, f_best=-3.823528528213501, f_min=-8.554520149691598
2025-05-02 15:10:10,395 - INFO - Node 8: k=492.74288446173983, f_best=-2.366827964782715, f_min=-3.119455972300784
2025-05-02 15:10:10,395 - INFO - Node 9: k=344.39029570161165, f_best=-3.8278861045837402, f_min=-5.223099654019279
2025-05-02 15:10:10,395 - INFO - Node 10: k=263.2532934628119, f_best=-2.363593101501465, f_min=-3.039792545569071
2025-05-02 15:10:10,396 - INFO - Node 11: k=344.39029570161165, f_best=-3.8825972080230713, f_min=-5.921695932851435
2025-05-02 15:10:10,396 - INFO - Node 12: k=380.42114040890755, f_best=-2.342648983001709, f_min=-4.450207186020634
2025-05-02 15:10:10,396 - INFO - Node 13: k=403.8247062586677, f_best=-3.9144086837768555, f_min=-5.5796565937307605
2025-05-02 15:10:10,396 - INFO - cur_node_number 20,f_best -3.9144086837768555,f_min -5.5796565937307605,k 403.8247062586677
2025-05-02 15:10:10,396 - INFO - f_best_current -3.9144086837768555,f_min -5.5796565937307605
2025-05-02 15:10:10,396 - INFO - 回退,len(queue)=5
2025-05-02 15:10:10,396 - INFO - 回退,len(queue)=4
2025-05-02 15:10:10,396 - INFO - 回退,len(queue)=3
2025-05-02 15:10:28,143 - INFO - tree_node.f_best*ep:-3.823528528213501,left_f_best-2.2157559394836426,right_f_best-3.7856826782226562,i:1
2025-05-02 15:10:46,497 - INFO - tree_node.f_best*ep:-3.823528528213501,left_f_best-2.285679578781128,right_f_best-3.7880959510803223,i:2
2025-05-02 15:11:05,687 - INFO - tree_node.f_best*ep:-3.823528528213501,left_f_best-2.2677276134490967,right_f_best-3.889418840408325,i:3
2025-05-02 15:12:34,403 - INFO - 添加左子节点，右子节点，len(queue):5
2025-05-02 15:12:34,403 - INFO - Node 1: k=1175.3236154006256, f_best=-3.7196362018585205, f_min=-18.134788195369765
2025-05-02 15:12:34,404 - INFO - Node 2: k=293.7033666718547, f_best=-2.231677293777466, f_min=-4.825416430909172
2025-05-02 15:12:34,404 - INFO - Node 3: k=478.25138912001427, f_best=-3.725189447402954, f_min=-6.070578595890765
2025-05-02 15:12:34,404 - INFO - Node 4: k=478.25138912001427, f_best=-2.2102267742156982, f_min=-3.112311749573564
2025-05-02 15:12:34,404 - INFO - Node 5: k=478.25138912001427, f_best=-3.732027053833008, f_min=-10.881880860544697
2025-05-02 15:12:34,404 - INFO - Node 6: k=209.4026706326877, f_best=-2.198810577392578, f_min=-3.8864482134040372
2025-05-02 15:12:34,404 - INFO - Node 7: k=403.8247062586677, f_best=-3.823528528213501, f_min=-8.554520149691598
2025-05-02 15:12:34,405 - INFO - Node 8: k=290.7954125463908, f_best=-2.2677276134490967, f_min=-3.555877422199046
2025-05-02 15:12:34,405 - INFO - Node 9: k=388.0676053311266, f_best=-3.889418840408325, f_min=-11.094881596020059
2025-05-02 15:12:34,405 - INFO - cur_node_number 21,f_best -3.889418840408325,f_min -11.094881596020059,k 388.0676053311266
2025-05-02 15:12:34,405 - INFO - f_best_current -3.889418840408325,f_min -11.094881596020059
2025-05-02 15:12:52,938 - INFO - tree_node.f_best*ep:-3.889418840408325,left_f_best-2.1108739376068115,right_f_best-3.8457016944885254,i:1
2025-05-02 15:13:12,438 - INFO - tree_node.f_best*ep:-3.889418840408325,left_f_best-2.177203416824341,right_f_best-3.7424919605255127,i:2
2025-05-02 15:13:32,982 - INFO - tree_node.f_best*ep:-3.889418840408325,left_f_best-2.3524937629699707,right_f_best-3.8243541717529297,i:3
2025-05-02 15:13:54,394 - INFO - tree_node.f_best*ep:-3.889418840408325,left_f_best-2.374098777770996,right_f_best-3.8117384910583496,i:4
2025-05-02 15:14:16,315 - INFO - tree_node.f_best*ep:-3.889418840408325,left_f_best-2.408116340637207,right_f_best-3.9124531745910645,i:5
2025-05-02 15:15:55,792 - INFO - 添加左子节点，右子节点，len(queue):6
2025-05-02 15:15:55,793 - INFO - Node 1: k=1175.3236154006256, f_best=-3.7196362018585205, f_min=-18.134788195369765
2025-05-02 15:15:55,793 - INFO - Node 2: k=293.7033666718547, f_best=-2.231677293777466, f_min=-4.825416430909172
2025-05-02 15:15:55,793 - INFO - Node 3: k=478.25138912001427, f_best=-3.725189447402954, f_min=-6.070578595890765
2025-05-02 15:15:55,793 - INFO - Node 4: k=478.25138912001427, f_best=-2.2102267742156982, f_min=-3.112311749573564
2025-05-02 15:15:55,793 - INFO - Node 5: k=478.25138912001427, f_best=-3.732027053833008, f_min=-10.881880860544697
2025-05-02 15:15:55,794 - INFO - Node 6: k=209.4026706326877, f_best=-2.198810577392578, f_min=-3.8864482134040372
2025-05-02 15:15:55,794 - INFO - Node 7: k=403.8247062586677, f_best=-3.823528528213501, f_min=-8.554520149691598
2025-05-02 15:15:55,794 - INFO - Node 8: k=290.7954125463908, f_best=-2.2677276134490967, f_min=-3.555877422199046
2025-05-02 15:15:55,794 - INFO - Node 9: k=388.0676053311266, f_best=-3.889418840408325, f_min=-11.094881596020059
2025-05-02 15:15:55,794 - INFO - Node 10: k=455.03978679795705, f_best=-2.408116340637207, f_min=-8.192077385740049
2025-05-02 15:15:55,794 - INFO - Node 11: k=420.2216086698417, f_best=-3.9124531745910645, f_min=-4.1085620294034015
2025-05-02 15:15:55,794 - INFO - cur_node_number 22,f_best -3.9124531745910645,f_min -4.1085620294034015,k 420.2216086698417
2025-05-02 15:15:55,795 - INFO - f_best_current -3.9124531745910645,f_min -4.1085620294034015
2025-05-02 15:15:55,795 - INFO - 回退,len(queue)=4
2025-05-02 15:15:55,795 - INFO - 回退,len(queue)=3
2025-05-02 15:16:14,123 - INFO - tree_node.f_best*ep:-3.823528528213501,left_f_best-2.1291491985321045,right_f_best-3.661616563796997,i:1
2025-05-02 15:16:33,127 - INFO - tree_node.f_best*ep:-3.823528528213501,left_f_best-2.2433369159698486,right_f_best-3.8531017303466797,i:2
2025-05-02 15:17:51,872 - INFO - 添加左子节点，右子节点，len(queue):5
2025-05-02 15:17:51,872 - INFO - Node 1: k=1175.3236154006256, f_best=-3.7196362018585205, f_min=-18.134788195369765
2025-05-02 15:17:51,872 - INFO - Node 2: k=293.7033666718547, f_best=-2.231677293777466, f_min=-4.825416430909172
2025-05-02 15:17:51,872 - INFO - Node 3: k=478.25138912001427, f_best=-3.725189447402954, f_min=-6.070578595890765
2025-05-02 15:17:51,872 - INFO - Node 4: k=478.25138912001427, f_best=-2.2102267742156982, f_min=-3.112311749573564
2025-05-02 15:17:51,872 - INFO - Node 5: k=478.25138912001427, f_best=-3.732027053833008, f_min=-10.881880860544697
2025-05-02 15:17:51,873 - INFO - Node 6: k=209.4026706326877, f_best=-2.198810577392578, f_min=-3.8864482134040372
2025-05-02 15:17:51,873 - INFO - Node 7: k=420.2216086698417, f_best=-3.823528528213501, f_min=-8.554520149691598
2025-05-02 15:17:51,873 - INFO - Node 8: k=260.64682521070483, f_best=-2.2433369159698486, f_min=-6.065671975497025
2025-05-02 15:17:51,873 - INFO - Node 9: k=222.28515446626224, f_best=-3.8531017303466797, f_min=-4.114903464638701
2025-05-02 15:17:51,873 - INFO - cur_node_number 23,f_best -3.8531017303466797,f_min -4.114903464638701,k 222.28515446626224
2025-05-02 15:17:51,873 - INFO - f_best_current -3.8531017303466797,f_min -4.114903464638701
2025-05-02 15:18:09,636 - INFO - tree_node.f_best*ep:-3.8531017303466797,left_f_best-2.2072932720184326,right_f_best-3.7300493717193604,i:1
2025-05-02 15:18:28,324 - INFO - tree_node.f_best*ep:-3.8531017303466797,left_f_best-2.1193089485168457,right_f_best-3.7503440380096436,i:2
2025-05-02 15:18:48,150 - INFO - tree_node.f_best*ep:-3.8531017303466797,left_f_best-2.2794113159179688,right_f_best-3.866013526916504,i:3
2025-05-02 15:20:05,786 - INFO - 添加左子节点，右子节点，len(queue):6
2025-05-02 15:20:05,786 - INFO - Node 1: k=1175.3236154006256, f_best=-3.7196362018585205, f_min=-18.134788195369765
2025-05-02 15:20:05,786 - INFO - Node 2: k=293.7033666718547, f_best=-2.231677293777466, f_min=-4.825416430909172
2025-05-02 15:20:05,786 - INFO - Node 3: k=478.25138912001427, f_best=-3.725189447402954, f_min=-6.070578595890765
2025-05-02 15:20:05,786 - INFO - Node 4: k=478.25138912001427, f_best=-2.2102267742156982, f_min=-3.112311749573564
2025-05-02 15:20:05,786 - INFO - Node 5: k=478.25138912001427, f_best=-3.732027053833008, f_min=-10.881880860544697
2025-05-02 15:20:05,787 - INFO - Node 6: k=209.4026706326877, f_best=-2.198810577392578, f_min=-3.8864482134040372
2025-05-02 15:20:05,787 - INFO - Node 7: k=420.2216086698417, f_best=-3.823528528213501, f_min=-8.554520149691598
2025-05-02 15:20:05,787 - INFO - Node 8: k=260.64682521070483, f_best=-2.2433369159698486, f_min=-6.065671975497025
2025-05-02 15:20:05,787 - INFO - Node 9: k=222.28515446626224, f_best=-3.8531017303466797, f_min=-4.114903464638701
2025-05-02 15:20:05,787 - INFO - Node 10: k=424.4238247565401, f_best=-2.2794113159179688, f_min=-5.20525942801396
2025-05-02 15:20:05,787 - INFO - Node 11: k=305.6289011092324, f_best=-3.866013526916504, f_min=-6.3934723040729295
2025-05-02 15:20:05,787 - INFO - cur_node_number 24,f_best -3.866013526916504,f_min -6.3934723040729295,k 305.6289011092324
2025-05-02 15:20:05,787 - INFO - f_best_current -3.866013526916504,f_min -6.3934723040729295
2025-05-02 15:20:05,788 - INFO - 回退,len(queue)=4
2025-05-02 15:20:20,583 - INFO - tree_node.f_best*ep:-3.8531017303466797,left_f_best-2.2568933963775635,right_f_best-3.698650360107422,i:1
2025-05-02 15:20:35,691 - INFO - tree_node.f_best*ep:-3.8531017303466797,left_f_best-2.3035929203033447,right_f_best-3.846662998199463,i:2
2025-05-02 15:20:51,579 - INFO - tree_node.f_best*ep:-3.8531017303466797,left_f_best-2.2699379920959473,right_f_best-3.821012020111084,i:3
2025-05-02 15:21:08,003 - INFO - tree_node.f_best*ep:-3.8531017303466797,left_f_best-2.3136658668518066,right_f_best-3.8725504875183105,i:4
2025-05-02 15:22:28,325 - INFO - 添加左子节点，右子节点，len(queue):6
2025-05-02 15:22:28,325 - INFO - Node 1: k=1175.3236154006256, f_best=-3.7196362018585205, f_min=-18.134788195369765
2025-05-02 15:22:28,325 - INFO - Node 2: k=293.7033666718547, f_best=-2.231677293777466, f_min=-4.825416430909172
2025-05-02 15:22:28,326 - INFO - Node 3: k=478.25138912001427, f_best=-3.725189447402954, f_min=-6.070578595890765
2025-05-02 15:22:28,326 - INFO - Node 4: k=478.25138912001427, f_best=-2.2102267742156982, f_min=-3.112311749573564
2025-05-02 15:22:28,326 - INFO - Node 5: k=478.25138912001427, f_best=-3.732027053833008, f_min=-10.881880860544697
2025-05-02 15:22:28,326 - INFO - Node 6: k=209.4026706326877, f_best=-2.198810577392578, f_min=-3.8864482134040372
2025-05-02 15:22:28,326 - INFO - Node 7: k=420.2216086698417, f_best=-3.823528528213501, f_min=-8.554520149691598
2025-05-02 15:22:28,326 - INFO - Node 8: k=260.64682521070483, f_best=-2.2433369159698486, f_min=-6.065671975497025
2025-05-02 15:22:28,326 - INFO - Node 9: k=305.6289011092324, f_best=-3.8531017303466797, f_min=-4.114903464638701
2025-05-02 15:22:28,326 - INFO - Node 10: k=416.0609986830116, f_best=-2.3136658668518066, f_min=-9.345515684310158
2025-05-02 15:22:28,326 - INFO - Node 11: k=446.07370532100487, f_best=-3.8725504875183105, f_min=-6.4321632112569205
2025-05-02 15:22:28,327 - INFO - cur_node_number 25,f_best -3.8725504875183105,f_min -6.4321632112569205,k 446.07370532100487
2025-05-02 15:22:28,327 - INFO - f_best_current -3.8725504875183105,f_min -6.4321632112569205
2025-05-02 15:22:28,327 - INFO - 回退,len(queue)=4
2025-05-02 15:22:28,327 - INFO - 回退,len(queue)=3
2025-05-02 15:22:43,489 - INFO - tree_node.f_best*ep:-3.823528528213501,left_f_best-2.2008492946624756,right_f_best-3.7290680408477783,i:1
2025-05-02 15:22:59,324 - INFO - tree_node.f_best*ep:-3.823528528213501,left_f_best-2.274721384048462,right_f_best-3.8058011531829834,i:2
2025-05-02 15:23:15,842 - INFO - tree_node.f_best*ep:-3.823528528213501,left_f_best-2.22652530670166,right_f_best-3.781198263168335,i:3
2025-05-02 15:23:32,569 - INFO - tree_node.f_best*ep:-3.823528528213501,left_f_best-2.3252556324005127,right_f_best-3.8848156929016113,i:4
2025-05-02 15:24:46,877 - INFO - 添加左子节点，右子节点，len(queue):5
2025-05-02 15:24:46,877 - INFO - Node 1: k=1175.3236154006256, f_best=-3.7196362018585205, f_min=-18.134788195369765
2025-05-02 15:24:46,877 - INFO - Node 2: k=293.7033666718547, f_best=-2.231677293777466, f_min=-4.825416430909172
2025-05-02 15:24:46,877 - INFO - Node 3: k=478.25138912001427, f_best=-3.725189447402954, f_min=-6.070578595890765
2025-05-02 15:24:46,878 - INFO - Node 4: k=478.25138912001427, f_best=-2.2102267742156982, f_min=-3.112311749573564
2025-05-02 15:24:46,878 - INFO - Node 5: k=478.25138912001427, f_best=-3.732027053833008, f_min=-10.881880860544697
2025-05-02 15:24:46,878 - INFO - Node 6: k=209.4026706326877, f_best=-2.198810577392578, f_min=-3.8864482134040372
2025-05-02 15:24:46,878 - INFO - Node 7: k=446.07370532100487, f_best=-3.823528528213501, f_min=-8.554520149691598
2025-05-02 15:24:46,878 - INFO - Node 8: k=487.8642420413266, f_best=-2.3252556324005127, f_min=-3.8209444354724837
2025-05-02 15:24:46,878 - INFO - Node 9: k=247.99651077161934, f_best=-3.8848156929016113, f_min=-4.599788843435817
2025-05-02 15:24:46,878 - INFO - cur_node_number 26,f_best -3.8848156929016113,f_min -4.599788843435817,k 247.99651077161934
2025-05-02 15:24:46,878 - INFO - f_best_current -3.8848156929016113,f_min -4.599788843435817
2025-05-02 15:25:02,035 - INFO - tree_node.f_best*ep:-3.8848156929016113,left_f_best-2.1643714904785156,right_f_best-3.769243001937866,i:1
2025-05-02 15:25:17,571 - INFO - tree_node.f_best*ep:-3.8848156929016113,left_f_best-2.230081558227539,right_f_best-3.769627332687378,i:2
2025-05-02 15:25:33,803 - INFO - tree_node.f_best*ep:-3.8848156929016113,left_f_best-2.2798891067504883,right_f_best-3.8226380348205566,i:3
2025-05-02 15:25:50,585 - INFO - tree_node.f_best*ep:-3.8848156929016113,left_f_best-2.3936996459960938,right_f_best-3.8922319412231445,i:4
2025-05-02 15:27:10,714 - INFO - 添加左子节点，右子节点，len(queue):6
2025-05-02 15:27:10,714 - INFO - Node 1: k=1175.3236154006256, f_best=-3.7196362018585205, f_min=-18.134788195369765
2025-05-02 15:27:10,715 - INFO - Node 2: k=293.7033666718547, f_best=-2.231677293777466, f_min=-4.825416430909172
2025-05-02 15:27:10,715 - INFO - Node 3: k=478.25138912001427, f_best=-3.725189447402954, f_min=-6.070578595890765
2025-05-02 15:27:10,715 - INFO - Node 4: k=478.25138912001427, f_best=-2.2102267742156982, f_min=-3.112311749573564
2025-05-02 15:27:10,715 - INFO - Node 5: k=478.25138912001427, f_best=-3.732027053833008, f_min=-10.881880860544697
2025-05-02 15:27:10,715 - INFO - Node 6: k=209.4026706326877, f_best=-2.198810577392578, f_min=-3.8864482134040372
2025-05-02 15:27:10,715 - INFO - Node 7: k=446.07370532100487, f_best=-3.823528528213501, f_min=-8.554520149691598
2025-05-02 15:27:10,715 - INFO - Node 8: k=487.8642420413266, f_best=-2.3252556324005127, f_min=-3.8209444354724837
2025-05-02 15:27:10,715 - INFO - Node 9: k=247.99651077161934, f_best=-3.8848156929016113, f_min=-4.599788843435817
2025-05-02 15:27:10,715 - INFO - Node 10: k=361.95766193930467, f_best=-2.3936996459960938, f_min=-4.252012996115809
2025-05-02 15:27:10,715 - INFO - Node 11: k=413.67253345268784, f_best=-3.8922319412231445, f_min=-8.413383370574593
2025-05-02 15:27:10,716 - INFO - cur_node_number 27,f_best -3.8922319412231445,f_min -8.413383370574593,k 413.67253345268784
2025-05-02 15:27:10,716 - INFO - f_best_current -3.8922319412231445,f_min -8.413383370574593
2025-05-02 15:27:10,716 - INFO - 回退,len(queue)=4
2025-05-02 15:27:25,294 - INFO - tree_node.f_best*ep:-3.8848156929016113,left_f_best-2.169062614440918,right_f_best-3.7305359840393066,i:1
2025-05-02 15:27:40,424 - INFO - tree_node.f_best*ep:-3.8848156929016113,left_f_best-2.167118787765503,right_f_best-3.759373903274536,i:2
2025-05-02 15:27:56,366 - INFO - tree_node.f_best*ep:-3.8848156929016113,left_f_best-2.3323416709899902,right_f_best-3.734431743621826,i:3
2025-05-02 15:28:12,969 - INFO - tree_node.f_best*ep:-3.8848156929016113,left_f_best-2.3235273361206055,right_f_best-3.864804267883301,i:4
2025-05-02 15:28:30,253 - INFO - tree_node.f_best*ep:-3.8848156929016113,left_f_best-2.3547840118408203,right_f_best-3.919829845428467,i:5
2025-05-02 15:29:38,232 - INFO - 添加左子节点，右子节点，len(queue):6
2025-05-02 15:29:38,232 - INFO - Node 1: k=1175.3236154006256, f_best=-3.7196362018585205, f_min=-18.134788195369765
2025-05-02 15:29:38,232 - INFO - Node 2: k=293.7033666718547, f_best=-2.231677293777466, f_min=-4.825416430909172
2025-05-02 15:29:38,233 - INFO - Node 3: k=478.25138912001427, f_best=-3.725189447402954, f_min=-6.070578595890765
2025-05-02 15:29:38,233 - INFO - Node 4: k=478.25138912001427, f_best=-2.2102267742156982, f_min=-3.112311749573564
2025-05-02 15:29:38,233 - INFO - Node 5: k=478.25138912001427, f_best=-3.732027053833008, f_min=-10.881880860544697
2025-05-02 15:29:38,233 - INFO - Node 6: k=209.4026706326877, f_best=-2.198810577392578, f_min=-3.8864482134040372
2025-05-02 15:29:38,233 - INFO - Node 7: k=446.07370532100487, f_best=-3.823528528213501, f_min=-8.554520149691598
2025-05-02 15:29:38,233 - INFO - Node 8: k=487.8642420413266, f_best=-2.3252556324005127, f_min=-3.8209444354724837
2025-05-02 15:29:38,233 - INFO - Node 9: k=413.67253345268784, f_best=-3.8848156929016113, f_min=-4.599788843435817
2025-05-02 15:29:38,233 - INFO - Node 10: k=358.37392271218283, f_best=-2.3547840118408203, f_min=-3.7368891964015347
2025-05-02 15:29:38,233 - INFO - Node 11: k=215.74778095552875, f_best=-3.919829845428467, f_min=-8.055449116312957
2025-05-02 15:29:38,234 - INFO - cur_node_number 28,f_best -3.919829845428467,f_min -8.055449116312957,k 215.74778095552875
2025-05-02 15:29:38,234 - INFO - f_best_current -3.919829845428467,f_min -8.055449116312957
2025-05-02 15:29:52,737 - INFO - tree_node.f_best*ep:-3.919829845428467,left_f_best-2.22680926322937,right_f_best-3.7345564365386963,i:1
2025-05-02 15:30:07,775 - INFO - tree_node.f_best*ep:-3.919829845428467,left_f_best-2.256046772003174,right_f_best-3.7968902587890625,i:2
2025-05-02 15:30:23,573 - INFO - tree_node.f_best*ep:-3.919829845428467,left_f_best-2.2398760318756104,right_f_best-3.7971079349517822,i:3
2025-05-02 15:30:40,215 - INFO - tree_node.f_best*ep:-3.919829845428467,left_f_best-2.3152575492858887,right_f_best-3.882582664489746,i:4
2025-05-02 15:30:58,113 - INFO - tree_node.f_best*ep:-3.919829845428467,left_f_best-2.3595921993255615,right_f_best-3.8355493545532227,i:5
2025-05-02 15:31:16,801 - INFO - tree_node.f_best*ep:-3.919829845428467,left_f_best-2.3436977863311768,right_f_best-3.9530341625213623,i:6
2025-05-02 15:32:39,708 - INFO - 添加左子节点，右子节点，len(queue):7
2025-05-02 15:32:39,708 - INFO - Node 1: k=1175.3236154006256, f_best=-3.7196362018585205, f_min=-18.134788195369765
2025-05-02 15:32:39,708 - INFO - Node 2: k=293.7033666718547, f_best=-2.231677293777466, f_min=-4.825416430909172
2025-05-02 15:32:39,708 - INFO - Node 3: k=478.25138912001427, f_best=-3.725189447402954, f_min=-6.070578595890765
2025-05-02 15:32:39,708 - INFO - Node 4: k=478.25138912001427, f_best=-2.2102267742156982, f_min=-3.112311749573564
2025-05-02 15:32:39,708 - INFO - Node 5: k=478.25138912001427, f_best=-3.732027053833008, f_min=-10.881880860544697
2025-05-02 15:32:39,708 - INFO - Node 6: k=209.4026706326877, f_best=-2.198810577392578, f_min=-3.8864482134040372
2025-05-02 15:32:39,709 - INFO - Node 7: k=446.07370532100487, f_best=-3.823528528213501, f_min=-8.554520149691598
2025-05-02 15:32:39,709 - INFO - Node 8: k=487.8642420413266, f_best=-2.3252556324005127, f_min=-3.8209444354724837
2025-05-02 15:32:39,709 - INFO - Node 9: k=413.67253345268784, f_best=-3.8848156929016113, f_min=-4.599788843435817
2025-05-02 15:32:39,709 - INFO - Node 10: k=358.37392271218283, f_best=-2.3547840118408203, f_min=-3.7368891964015347
2025-05-02 15:32:39,709 - INFO - Node 11: k=215.74778095552875, f_best=-3.919829845428467, f_min=-8.055449116312957
2025-05-02 15:32:39,709 - INFO - Node 12: k=549.7376392385283, f_best=-2.3436977863311768, f_min=-3.547512934455881
2025-05-02 15:32:39,709 - INFO - Node 13: k=388.0676053311266, f_best=-3.9530341625213623, f_min=-5.037531732388743
2025-05-02 15:32:39,709 - INFO - cur_node_number 29,f_best -3.9530341625213623,f_min -5.037531732388743,k 388.0676053311266
2025-05-02 15:32:39,709 - INFO - f_best_current -3.9530341625213623,f_min -5.037531732388743
2025-05-02 15:32:39,709 - INFO - 回退,len(queue)=5
2025-05-02 15:32:54,319 - INFO - tree_node.f_best*ep:-3.919829845428467,left_f_best-2.16074538230896,right_f_best-3.812852621078491,i:1
2025-05-02 15:33:09,513 - INFO - tree_node.f_best*ep:-3.919829845428467,left_f_best-2.2648589611053467,right_f_best-3.747361660003662,i:2
2025-05-02 15:33:25,321 - INFO - tree_node.f_best*ep:-3.919829845428467,left_f_best-2.1931519508361816,right_f_best-3.7965049743652344,i:3
2025-05-02 15:33:42,059 - INFO - tree_node.f_best*ep:-3.919829845428467,left_f_best-2.236323595046997,right_f_best-3.797020196914673,i:4
2025-05-02 15:33:59,583 - INFO - tree_node.f_best*ep:-3.919829845428467,left_f_best-2.3573219776153564,right_f_best-3.893418550491333,i:5
2025-05-02 15:34:17,838 - INFO - tree_node.f_best*ep:-3.919829845428467,left_f_best-2.3162496089935303,right_f_best-3.8745815753936768,i:6
2025-05-02 15:34:36,799 - INFO - tree_node.f_best*ep:-3.919829845428467,left_f_best-2.2792720794677734,right_f_best-3.941528558731079,i:7
2025-05-02 15:35:56,271 - INFO - 添加左子节点，右子节点，len(queue):7
2025-05-02 15:35:56,271 - INFO - Node 1: k=1175.3236154006256, f_best=-3.7196362018585205, f_min=-18.134788195369765
2025-05-02 15:35:56,272 - INFO - Node 2: k=293.7033666718547, f_best=-2.231677293777466, f_min=-4.825416430909172
2025-05-02 15:35:56,272 - INFO - Node 3: k=478.25138912001427, f_best=-3.725189447402954, f_min=-6.070578595890765
2025-05-02 15:35:56,272 - INFO - Node 4: k=478.25138912001427, f_best=-2.2102267742156982, f_min=-3.112311749573564
2025-05-02 15:35:56,272 - INFO - Node 5: k=478.25138912001427, f_best=-3.732027053833008, f_min=-10.881880860544697
2025-05-02 15:35:56,272 - INFO - Node 6: k=209.4026706326877, f_best=-2.198810577392578, f_min=-3.8864482134040372
2025-05-02 15:35:56,272 - INFO - Node 7: k=446.07370532100487, f_best=-3.823528528213501, f_min=-8.554520149691598
2025-05-02 15:35:56,272 - INFO - Node 8: k=487.8642420413266, f_best=-2.3252556324005127, f_min=-3.8209444354724837
2025-05-02 15:35:56,272 - INFO - Node 9: k=413.67253345268784, f_best=-3.8848156929016113, f_min=-4.599788843435817
2025-05-02 15:35:56,273 - INFO - Node 10: k=358.37392271218283, f_best=-2.3547840118408203, f_min=-3.7368891964015347
2025-05-02 15:35:56,273 - INFO - Node 11: k=388.0676053311266, f_best=-3.919829845428467, f_min=-8.055449116312957
2025-05-02 15:35:56,273 - INFO - Node 12: k=369.23301094428473, f_best=-2.2792720794677734, f_min=-4.585688673359982
2025-05-02 15:35:56,273 - INFO - Node 13: k=461.52135145801316, f_best=-3.941528558731079, f_min=-5.932529326717486
2025-05-02 15:35:56,273 - INFO - cur_node_number 30,f_best -3.941528558731079,f_min -5.932529326717486,k 461.52135145801316
2025-05-02 15:35:56,273 - INFO - f_best_current -3.941528558731079,f_min -5.932529326717486
2025-05-02 15:35:56,273 - INFO - 回退,len(queue)=5
2025-05-02 15:35:56,273 - INFO - 回退,len(queue)=4
2025-05-02 15:35:56,273 - INFO - 回退,len(queue)=3
2025-05-02 15:36:10,758 - INFO - tree_node.f_best*ep:-3.823528528213501,left_f_best-2.174309492111206,right_f_best-3.6917128562927246,i:1
2025-05-02 15:36:25,994 - INFO - tree_node.f_best*ep:-3.823528528213501,left_f_best-2.2004384994506836,right_f_best-3.769979476928711,i:2
2025-05-02 15:36:41,927 - INFO - tree_node.f_best*ep:-3.823528528213501,left_f_best-2.3059041500091553,right_f_best-3.88790225982666,i:3
2025-05-02 15:38:01,237 - INFO - 添加左子节点，右子节点，len(queue):5
2025-05-02 15:38:01,237 - INFO - Node 1: k=1175.3236154006256, f_best=-3.7196362018585205, f_min=-18.134788195369765
2025-05-02 15:38:01,238 - INFO - Node 2: k=293.7033666718547, f_best=-2.231677293777466, f_min=-4.825416430909172
2025-05-02 15:38:01,238 - INFO - Node 3: k=478.25138912001427, f_best=-3.725189447402954, f_min=-6.070578595890765
2025-05-02 15:38:01,238 - INFO - Node 4: k=478.25138912001427, f_best=-2.2102267742156982, f_min=-3.112311749573564
2025-05-02 15:38:01,238 - INFO - Node 5: k=478.25138912001427, f_best=-3.732027053833008, f_min=-10.881880860544697
2025-05-02 15:38:01,238 - INFO - Node 6: k=209.4026706326877, f_best=-2.198810577392578, f_min=-3.8864482134040372
2025-05-02 15:38:01,238 - INFO - Node 7: k=461.52135145801316, f_best=-3.823528528213501, f_min=-8.554520149691598
2025-05-02 15:38:01,238 - INFO - Node 8: k=497.67031330635723, f_best=-2.3059041500091553, f_min=-3.0767923882485775
2025-05-02 15:38:01,238 - INFO - Node 9: k=365.57723855869773, f_best=-3.88790225982666, f_min=-3.9040960530983284
2025-05-02 15:38:01,238 - INFO - cur_node_number 31,f_best -3.88790225982666,f_min -3.9040960530983284,k 365.57723855869773
2025-05-02 15:38:01,239 - INFO - f_best_current -3.88790225982666,f_min -3.9040960530983284
2025-05-02 15:38:01,239 - INFO - 结束,fmin= -3.9040960530983284, fbestmin=-3.88790225982666
