2025-04-30 23:16:03,522 - INFO - Namespace(log_file='outputs/DNN6/img[0]/max/DNN6img0_label5.log', image_path='img[0].png', model_path='network/DNN6.pth', label=5, init_epsilon=0.05, epsilon=0.01, ep=1, min=0)
2025-04-30 23:16:03,535 - INFO - Model output max(1): torch.return_types.max(
values=tensor([24.1332], grad_fn=<MaxBackward0>),
indices=tensor([0]))
2025-04-30 23:16:13,747 - INFO - cur_node_number 1,f_best -6.7276458740234375,f_min -12.73988683008065,k 1846.3265521929811
2025-04-30 23:16:13,747 - INFO - f_best_current -6.7276458740234375,f_min -12.73988683008065
2025-04-30 23:16:29,660 - INFO - tree_node.f_best*ep:-6.7276458740234375,left_f_best-5.185060501098633,right_f_best-6.8770751953125,i:1
2025-04-30 23:18:01,595 - INFO - 添加左子节点，右子节点，len(queue):2
2025-04-30 23:18:01,596 - INFO - Node 1: k=1846.3265521929811, f_best=-6.7276458740234375, f_min=-12.73988683008065
2025-04-30 23:18:01,596 - INFO - Node 2: k=401.50648543744774, f_best=-5.185060501098633, f_min=-5.278930562246387
2025-04-30 23:18:01,596 - INFO - Node 3: k=385.83984068776334, f_best=-6.8770751953125, f_min=-8.533795486051531
2025-04-30 23:18:01,596 - INFO - cur_node_number 2,f_best -6.8770751953125,f_min -8.533795486051531,k 385.83984068776334
2025-04-30 23:18:01,596 - INFO - f_best_current -6.8770751953125,f_min -8.533795486051531
2025-04-30 23:18:17,949 - INFO - tree_node.f_best*ep:-6.8770751953125,left_f_best-5.335516929626465,right_f_best-6.8266706466674805,i:1
2025-04-30 23:18:34,981 - INFO - tree_node.f_best*ep:-6.8770751953125,left_f_best-5.473943710327148,right_f_best-6.968061447143555,i:2
2025-04-30 23:20:00,713 - INFO - 添加左子节点，右子节点，len(queue):3
2025-04-30 23:20:00,713 - INFO - Node 1: k=1846.3265521929811, f_best=-6.7276458740234375, f_min=-12.73988683008065
2025-04-30 23:20:00,713 - INFO - Node 2: k=401.50648543744774, f_best=-5.185060501098633, f_min=-5.278930562246387
2025-04-30 23:20:00,713 - INFO - Node 3: k=385.83984068776334, f_best=-6.8770751953125, f_min=-8.533795486051531
2025-04-30 23:20:00,714 - INFO - Node 4: k=421.98735137508686, f_best=-5.473943710327148, f_min=-8.240798152237403
2025-04-30 23:20:00,714 - INFO - Node 5: k=239.32117587528325, f_best=-6.968061447143555, f_min=-7.514730589882674
2025-04-30 23:20:00,714 - INFO - cur_node_number 3,f_best -6.968061447143555,f_min -7.514730589882674,k 239.32117587528325
2025-04-30 23:20:00,714 - INFO - f_best_current -6.968061447143555,f_min -7.514730589882674
2025-04-30 23:20:17,755 - INFO - tree_node.f_best*ep:-6.968061447143555,left_f_best-5.410618782043457,right_f_best-6.869434356689453,i:1
2025-04-30 23:20:35,168 - INFO - tree_node.f_best*ep:-6.968061447143555,left_f_best-5.532020092010498,right_f_best-6.7975873947143555,i:2
2025-04-30 23:20:52,910 - INFO - tree_node.f_best*ep:-6.968061447143555,left_f_best-5.5114240646362305,right_f_best-6.95607852935791,i:3
2025-04-30 23:21:11,427 - INFO - tree_node.f_best*ep:-6.968061447143555,left_f_best-5.527241230010986,right_f_best-6.96376895904541,i:4
2025-04-30 23:21:30,849 - INFO - tree_node.f_best*ep:-6.968061447143555,left_f_best-5.489015102386475,right_f_best-6.99397087097168,i:5
2025-04-30 23:22:48,848 - INFO - 添加左子节点，右子节点，len(queue):4
2025-04-30 23:22:48,848 - INFO - Node 1: k=1846.3265521929811, f_best=-6.7276458740234375, f_min=-12.73988683008065
2025-04-30 23:22:48,848 - INFO - Node 2: k=401.50648543744774, f_best=-5.185060501098633, f_min=-5.278930562246387
2025-04-30 23:22:48,848 - INFO - Node 3: k=385.83984068776334, f_best=-6.8770751953125, f_min=-8.533795486051531
2025-04-30 23:22:48,848 - INFO - Node 4: k=421.98735137508686, f_best=-5.473943710327148, f_min=-8.240798152237403
2025-04-30 23:22:48,848 - INFO - Node 5: k=239.32117587528325, f_best=-6.968061447143555, f_min=-7.514730589882674
2025-04-30 23:22:48,849 - INFO - Node 6: k=289.1260546056003, f_best=-5.489015102386475, f_min=-11.019686943202032
2025-04-30 23:22:48,849 - INFO - Node 7: k=223.2191816126184, f_best=-6.99397087097168, f_min=-9.983425707128845
2025-04-30 23:22:48,849 - INFO - cur_node_number 4,f_best -6.99397087097168,f_min -9.983425707128845,k 223.2191816126184
2025-04-30 23:22:48,849 - INFO - f_best_current -6.99397087097168,f_min -9.983425707128845
2025-04-30 23:23:05,705 - INFO - tree_node.f_best*ep:-6.99397087097168,left_f_best-5.3581438064575195,right_f_best-6.829211235046387,i:1
2025-04-30 23:23:23,032 - INFO - tree_node.f_best*ep:-6.99397087097168,left_f_best-5.585161209106445,right_f_best-6.905704498291016,i:2
2025-04-30 23:23:41,664 - INFO - tree_node.f_best*ep:-6.99397087097168,left_f_best-5.584238529205322,right_f_best-6.964491844177246,i:3
2025-04-30 23:24:00,811 - INFO - tree_node.f_best*ep:-6.99397087097168,left_f_best-5.623473644256592,right_f_best-6.767756938934326,i:4
2025-04-30 23:24:20,696 - INFO - tree_node.f_best*ep:-6.99397087097168,left_f_best-5.573983192443848,right_f_best-7.012798309326172,i:5
2025-04-30 23:25:48,298 - INFO - 添加左子节点，右子节点，len(queue):5
2025-04-30 23:25:48,298 - INFO - Node 1: k=1846.3265521929811, f_best=-6.7276458740234375, f_min=-12.73988683008065
2025-04-30 23:25:48,298 - INFO - Node 2: k=401.50648543744774, f_best=-5.185060501098633, f_min=-5.278930562246387
2025-04-30 23:25:48,298 - INFO - Node 3: k=385.83984068776334, f_best=-6.8770751953125, f_min=-8.533795486051531
2025-04-30 23:25:48,298 - INFO - Node 4: k=421.98735137508686, f_best=-5.473943710327148, f_min=-8.240798152237403
2025-04-30 23:25:48,299 - INFO - Node 5: k=239.32117587528325, f_best=-6.968061447143555, f_min=-7.514730589882674
2025-04-30 23:25:48,299 - INFO - Node 6: k=289.1260546056003, f_best=-5.489015102386475, f_min=-11.019686943202032
2025-04-30 23:25:48,299 - INFO - Node 7: k=223.2191816126184, f_best=-6.99397087097168, f_min=-9.983425707128845
2025-04-30 23:25:48,299 - INFO - Node 8: k=378.23727153001016, f_best=-5.573983192443848, f_min=-6.036236029915017
2025-04-30 23:25:48,299 - INFO - Node 9: k=325.7944751928931, f_best=-7.012798309326172, f_min=-9.808082457619093
2025-04-30 23:25:48,299 - INFO - cur_node_number 5,f_best -7.012798309326172,f_min -9.808082457619093,k 325.7944751928931
2025-04-30 23:25:48,299 - INFO - f_best_current -7.012798309326172,f_min -9.808082457619093
2025-04-30 23:25:48,299 - INFO - 回退,len(queue)=3
2025-04-30 23:25:48,300 - INFO - 回退,len(queue)=2
2025-04-30 23:26:05,098 - INFO - tree_node.f_best*ep:-6.968061447143555,left_f_best-5.464010238647461,right_f_best-6.8582611083984375,i:1
2025-04-30 23:26:22,621 - INFO - tree_node.f_best*ep:-6.968061447143555,left_f_best-5.472153186798096,right_f_best-6.9076361656188965,i:2
2025-04-30 23:26:41,347 - INFO - tree_node.f_best*ep:-6.968061447143555,left_f_best-5.432419300079346,right_f_best-6.9400129318237305,i:3
2025-04-30 23:27:00,624 - INFO - tree_node.f_best*ep:-6.968061447143555,left_f_best-5.615462303161621,right_f_best-6.9826202392578125,i:4
2025-04-30 23:28:20,761 - INFO - 添加左子节点，右子节点，len(queue):4
2025-04-30 23:28:20,762 - INFO - Node 1: k=1846.3265521929811, f_best=-6.7276458740234375, f_min=-12.73988683008065
2025-04-30 23:28:20,762 - INFO - Node 2: k=401.50648543744774, f_best=-5.185060501098633, f_min=-5.278930562246387
2025-04-30 23:28:20,762 - INFO - Node 3: k=385.83984068776334, f_best=-6.8770751953125, f_min=-8.533795486051531
2025-04-30 23:28:20,762 - INFO - Node 4: k=421.98735137508686, f_best=-5.473943710327148, f_min=-8.240798152237403
2025-04-30 23:28:20,762 - INFO - Node 5: k=325.7944751928931, f_best=-6.968061447143555, f_min=-7.514730589882674
2025-04-30 23:28:20,762 - INFO - Node 6: k=325.7944751928931, f_best=-5.615462303161621, f_min=-6.375782340528531
2025-04-30 23:28:20,762 - INFO - Node 7: k=214.50924604126638, f_best=-6.9826202392578125, f_min=-7.460728227723848
2025-04-30 23:28:20,762 - INFO - cur_node_number 6,f_best -6.9826202392578125,f_min -7.460728227723848,k 214.50924604126638
2025-04-30 23:28:20,763 - INFO - f_best_current -6.9826202392578125,f_min -7.460728227723848
2025-04-30 23:28:37,480 - INFO - tree_node.f_best*ep:-6.9826202392578125,left_f_best-5.273642063140869,right_f_best-6.865645885467529,i:1
2025-04-30 23:28:54,957 - INFO - tree_node.f_best*ep:-6.9826202392578125,left_f_best-5.4695844650268555,right_f_best-6.908132553100586,i:2
2025-04-30 23:29:13,064 - INFO - tree_node.f_best*ep:-6.9826202392578125,left_f_best-5.445381164550781,right_f_best-6.962604522705078,i:3
2025-04-30 23:29:31,602 - INFO - tree_node.f_best*ep:-6.9826202392578125,left_f_best-5.500401020050049,right_f_best-6.948123455047607,i:4
2025-04-30 23:29:51,119 - INFO - tree_node.f_best*ep:-6.9826202392578125,left_f_best-5.54729700088501,right_f_best-6.970422744750977,i:5
2025-04-30 23:30:11,284 - INFO - tree_node.f_best*ep:-6.9826202392578125,left_f_best-5.39471960067749,right_f_best-6.938231468200684,i:6
2025-04-30 23:30:31,994 - INFO - tree_node.f_best*ep:-6.9826202392578125,left_f_best-5.629107475280762,right_f_best-7.015276908874512,i:7
2025-04-30 23:31:56,209 - INFO - 添加左子节点，右子节点，len(queue):5
2025-04-30 23:31:56,209 - INFO - Node 1: k=1846.3265521929811, f_best=-6.7276458740234375, f_min=-12.73988683008065
2025-04-30 23:31:56,209 - INFO - Node 2: k=401.50648543744774, f_best=-5.185060501098633, f_min=-5.278930562246387
2025-04-30 23:31:56,209 - INFO - Node 3: k=385.83984068776334, f_best=-6.8770751953125, f_min=-8.533795486051531
2025-04-30 23:31:56,210 - INFO - Node 4: k=421.98735137508686, f_best=-5.473943710327148, f_min=-8.240798152237403
2025-04-30 23:31:56,210 - INFO - Node 5: k=325.7944751928931, f_best=-6.968061447143555, f_min=-7.514730589882674
2025-04-30 23:31:56,210 - INFO - Node 6: k=325.7944751928931, f_best=-5.615462303161621, f_min=-6.375782340528531
2025-04-30 23:31:56,210 - INFO - Node 7: k=214.50924604126638, f_best=-6.9826202392578125, f_min=-7.460728227723848
2025-04-30 23:31:56,210 - INFO - Node 8: k=269.6730912168845, f_best=-5.629107475280762, f_min=-5.844876080956965
2025-04-30 23:31:56,210 - INFO - Node 9: k=329.0524199448221, f_best=-7.015276908874512, f_min=-12.002869632033253
2025-04-30 23:31:56,210 - INFO - cur_node_number 7,f_best -7.015276908874512,f_min -12.002869632033253,k 329.0524199448221
2025-04-30 23:31:56,210 - INFO - f_best_current -7.015276908874512,f_min -12.002869632033253
2025-04-30 23:31:56,210 - INFO - 回退,len(queue)=3
2025-04-30 23:31:56,211 - INFO - 回退,len(queue)=2
2025-04-30 23:32:13,342 - INFO - tree_node.f_best*ep:-6.968061447143555,left_f_best-5.317933082580566,right_f_best-6.910313606262207,i:1
2025-04-30 23:32:30,800 - INFO - tree_node.f_best*ep:-6.968061447143555,left_f_best-5.4687089920043945,right_f_best-6.858931541442871,i:2
2025-04-30 23:32:48,955 - INFO - tree_node.f_best*ep:-6.968061447143555,left_f_best-5.624766826629639,right_f_best-6.957647800445557,i:3
2025-04-30 23:33:07,408 - INFO - tree_node.f_best*ep:-6.968061447143555,left_f_best-5.464479446411133,right_f_best-7.027407646179199,i:4
2025-04-30 23:34:38,232 - INFO - 添加左子节点，右子节点，len(queue):4
2025-04-30 23:34:38,233 - INFO - Node 1: k=1846.3265521929811, f_best=-6.7276458740234375, f_min=-12.73988683008065
2025-04-30 23:34:38,233 - INFO - Node 2: k=401.50648543744774, f_best=-5.185060501098633, f_min=-5.278930562246387
2025-04-30 23:34:38,233 - INFO - Node 3: k=385.83984068776334, f_best=-6.8770751953125, f_min=-8.533795486051531
2025-04-30 23:34:38,233 - INFO - Node 4: k=421.98735137508686, f_best=-5.473943710327148, f_min=-8.240798152237403
2025-04-30 23:34:38,233 - INFO - Node 5: k=329.0524199448221, f_best=-6.968061447143555, f_min=-7.514730589882674
2025-04-30 23:34:38,233 - INFO - Node 6: k=335.666373585713, f_best=-5.464479446411133, f_min=-6.350238634699053
2025-04-30 23:34:38,233 - INFO - Node 7: k=466.1365649725933, f_best=-7.027407646179199, f_min=-7.519068178708039
2025-04-30 23:34:38,233 - INFO - cur_node_number 8,f_best -7.027407646179199,f_min -7.519068178708039,k 466.1365649725933
2025-04-30 23:34:38,234 - INFO - f_best_current -7.027407646179199,f_min -7.519068178708039
2025-04-30 23:34:38,234 - INFO - 回退,len(queue)=2
2025-04-30 23:34:38,234 - INFO - 回退,len(queue)=1
2025-04-30 23:34:54,808 - INFO - tree_node.f_best*ep:-6.8770751953125,left_f_best-5.545156955718994,right_f_best-6.8885345458984375,i:1
2025-04-30 23:36:26,128 - INFO - 添加左子节点，右子节点，len(queue):3
2025-04-30 23:36:26,128 - INFO - Node 1: k=1846.3265521929811, f_best=-6.7276458740234375, f_min=-12.73988683008065
2025-04-30 23:36:26,128 - INFO - Node 2: k=401.50648543744774, f_best=-5.185060501098633, f_min=-5.278930562246387
2025-04-30 23:36:26,128 - INFO - Node 3: k=466.1365649725933, f_best=-6.8770751953125, f_min=-8.533795486051531
2025-04-30 23:36:26,128 - INFO - Node 4: k=382.01964424531025, f_best=-5.545156955718994, f_min=-5.913549056907868
2025-04-30 23:36:26,128 - INFO - Node 5: k=374.492348049515, f_best=-6.8885345458984375, f_min=-7.2431251822290506
2025-04-30 23:36:26,128 - INFO - cur_node_number 9,f_best -6.8885345458984375,f_min -7.2431251822290506,k 374.492348049515
2025-04-30 23:36:26,128 - INFO - f_best_current -6.8885345458984375,f_min -7.2431251822290506
2025-04-30 23:36:43,015 - INFO - tree_node.f_best*ep:-6.8885345458984375,left_f_best-5.5303544998168945,right_f_best-6.836103916168213,i:1
2025-04-30 23:37:00,262 - INFO - tree_node.f_best*ep:-6.8885345458984375,left_f_best-5.404439449310303,right_f_best-6.878026485443115,i:2
2025-04-30 23:37:18,502 - INFO - tree_node.f_best*ep:-6.8885345458984375,left_f_best-5.544373512268066,right_f_best-6.9526777267456055,i:3
2025-04-30 23:38:47,186 - INFO - 添加左子节点，右子节点，len(queue):4
2025-04-30 23:38:47,186 - INFO - Node 1: k=1846.3265521929811, f_best=-6.7276458740234375, f_min=-12.73988683008065
2025-04-30 23:38:47,186 - INFO - Node 2: k=401.50648543744774, f_best=-5.185060501098633, f_min=-5.278930562246387
2025-04-30 23:38:47,186 - INFO - Node 3: k=466.1365649725933, f_best=-6.8770751953125, f_min=-8.533795486051531
2025-04-30 23:38:47,186 - INFO - Node 4: k=382.01964424531025, f_best=-5.545156955718994, f_min=-5.913549056907868
2025-04-30 23:38:47,187 - INFO - Node 5: k=374.492348049515, f_best=-6.8885345458984375, f_min=-7.2431251822290506
2025-04-30 23:38:47,187 - INFO - Node 6: k=367.11336932606116, f_best=-5.544373512268066, f_min=-5.694114499316129
2025-04-30 23:38:47,187 - INFO - Node 7: k=356.31661944039763, f_best=-6.9526777267456055, f_min=-9.213954284216015
2025-04-30 23:38:47,187 - INFO - cur_node_number 10,f_best -6.9526777267456055,f_min -9.213954284216015,k 356.31661944039763
2025-04-30 23:38:47,187 - INFO - f_best_current -6.9526777267456055,f_min -9.213954284216015
2025-04-30 23:39:04,203 - INFO - tree_node.f_best*ep:-6.9526777267456055,left_f_best-5.332152366638184,right_f_best-6.837577819824219,i:1
2025-04-30 23:39:21,719 - INFO - tree_node.f_best*ep:-6.9526777267456055,left_f_best-5.3387322425842285,right_f_best-6.865930080413818,i:2
2025-04-30 23:39:40,127 - INFO - tree_node.f_best*ep:-6.9526777267456055,left_f_best-5.3761067390441895,right_f_best-6.798457622528076,i:3
2025-04-30 23:39:59,277 - INFO - tree_node.f_best*ep:-6.9526777267456055,left_f_best-5.5645880699157715,right_f_best-6.937593936920166,i:4
2025-04-30 23:40:19,329 - INFO - tree_node.f_best*ep:-6.9526777267456055,left_f_best-5.573472499847412,right_f_best-6.938802719116211,i:5
2025-04-30 23:40:39,941 - INFO - tree_node.f_best*ep:-6.9526777267456055,left_f_best-5.512484073638916,right_f_best-6.97554349899292,i:6
2025-04-30 23:42:06,102 - INFO - 添加左子节点，右子节点，len(queue):5
2025-04-30 23:42:06,102 - INFO - Node 1: k=1846.3265521929811, f_best=-6.7276458740234375, f_min=-12.73988683008065
2025-04-30 23:42:06,102 - INFO - Node 2: k=401.50648543744774, f_best=-5.185060501098633, f_min=-5.278930562246387
2025-04-30 23:42:06,102 - INFO - Node 3: k=466.1365649725933, f_best=-6.8770751953125, f_min=-8.533795486051531
2025-04-30 23:42:06,102 - INFO - Node 4: k=382.01964424531025, f_best=-5.545156955718994, f_min=-5.913549056907868
2025-04-30 23:42:06,102 - INFO - Node 5: k=374.492348049515, f_best=-6.8885345458984375, f_min=-7.2431251822290506
2025-04-30 23:42:06,102 - INFO - Node 6: k=367.11336932606116, f_best=-5.544373512268066, f_min=-5.694114499316129
2025-04-30 23:42:06,102 - INFO - Node 7: k=356.31661944039763, f_best=-6.9526777267456055, f_min=-9.213954284216015
2025-04-30 23:42:06,103 - INFO - Node 8: k=246.5728468254802, f_best=-5.512484073638916, f_min=-7.379345174462287
2025-04-30 23:42:06,103 - INFO - Node 9: k=443.5129473102964, f_best=-6.97554349899292, f_min=-10.057810319374767
2025-04-30 23:42:06,103 - INFO - cur_node_number 11,f_best -6.97554349899292,f_min -10.057810319374767,k 443.5129473102964
2025-04-30 23:42:06,103 - INFO - f_best_current -6.97554349899292,f_min -10.057810319374767
2025-04-30 23:42:06,103 - INFO - 回退,len(queue)=3
2025-04-30 23:42:06,103 - INFO - 回退,len(queue)=2
2025-04-30 23:42:22,976 - INFO - tree_node.f_best*ep:-6.8885345458984375,left_f_best-5.534499168395996,right_f_best-6.738512992858887,i:1
2025-04-30 23:42:40,630 - INFO - tree_node.f_best*ep:-6.8885345458984375,left_f_best-5.315617561340332,right_f_best-6.923041820526123,i:2
2025-04-30 23:44:12,200 - INFO - 添加左子节点，右子节点，len(queue):4
2025-04-30 23:44:12,201 - INFO - Node 1: k=1846.3265521929811, f_best=-6.7276458740234375, f_min=-12.73988683008065
2025-04-30 23:44:12,201 - INFO - Node 2: k=401.50648543744774, f_best=-5.185060501098633, f_min=-5.278930562246387
2025-04-30 23:44:12,201 - INFO - Node 3: k=466.1365649725933, f_best=-6.8770751953125, f_min=-8.533795486051531
2025-04-30 23:44:12,201 - INFO - Node 4: k=382.01964424531025, f_best=-5.545156955718994, f_min=-5.913549056907868
2025-04-30 23:44:12,201 - INFO - Node 5: k=443.5129473102964, f_best=-6.8885345458984375, f_min=-7.2431251822290506
2025-04-30 23:44:12,201 - INFO - Node 6: k=313.08208700146474, f_best=-5.315617561340332, f_min=-6.230196418464402
2025-04-30 23:44:12,201 - INFO - Node 7: k=447.94807678339936, f_best=-6.923041820526123, f_min=-16.9890875992769
2025-04-30 23:44:12,202 - INFO - cur_node_number 12,f_best -6.923041820526123,f_min -16.9890875992769,k 447.94807678339936
2025-04-30 23:44:12,202 - INFO - f_best_current -6.923041820526123,f_min -16.9890875992769
2025-04-30 23:44:12,202 - INFO - 回退,len(queue)=2
2025-04-30 23:44:29,277 - INFO - tree_node.f_best*ep:-6.8885345458984375,left_f_best-5.493484020233154,right_f_best-6.85971212387085,i:1
2025-04-30 23:44:46,975 - INFO - tree_node.f_best*ep:-6.8885345458984375,left_f_best-5.433899402618408,right_f_best-6.812726020812988,i:2
2025-04-30 23:45:04,840 - INFO - tree_node.f_best*ep:-6.8885345458984375,left_f_best-5.5276288986206055,right_f_best-6.936029434204102,i:3
2025-04-30 23:46:36,810 - INFO - 添加左子节点，右子节点，len(queue):4
2025-04-30 23:46:36,810 - INFO - Node 1: k=1846.3265521929811, f_best=-6.7276458740234375, f_min=-12.73988683008065
2025-04-30 23:46:36,811 - INFO - Node 2: k=401.50648543744774, f_best=-5.185060501098633, f_min=-5.278930562246387
2025-04-30 23:46:36,811 - INFO - Node 3: k=466.1365649725933, f_best=-6.8770751953125, f_min=-8.533795486051531
2025-04-30 23:46:36,811 - INFO - Node 4: k=382.01964424531025, f_best=-5.545156955718994, f_min=-5.913549056907868
2025-04-30 23:46:36,811 - INFO - Node 5: k=447.94807678339936, f_best=-6.8885345458984375, f_min=-7.2431251822290506
2025-04-30 23:46:36,811 - INFO - Node 6: k=382.01964424531025, f_best=-5.5276288986206055, f_min=-11.846014432872835
2025-04-30 23:46:36,811 - INFO - Node 7: k=413.67253345268784, f_best=-6.936029434204102, f_min=-13.10951924159599
2025-04-30 23:46:36,811 - INFO - cur_node_number 13,f_best -6.936029434204102,f_min -13.10951924159599,k 413.67253345268784
2025-04-30 23:46:36,812 - INFO - f_best_current -6.936029434204102,f_min -13.10951924159599
2025-04-30 23:46:54,199 - INFO - tree_node.f_best*ep:-6.936029434204102,left_f_best-5.2325239181518555,right_f_best-6.904224872589111,i:1
2025-04-30 23:47:11,489 - INFO - tree_node.f_best*ep:-6.936029434204102,left_f_best-5.5906572341918945,right_f_best-6.828123092651367,i:2
2025-04-30 23:47:29,456 - INFO - tree_node.f_best*ep:-6.936029434204102,left_f_best-5.5365400314331055,right_f_best-6.964064598083496,i:3
2025-04-30 23:48:55,851 - INFO - 添加左子节点，右子节点，len(queue):5
2025-04-30 23:48:55,851 - INFO - Node 1: k=1846.3265521929811, f_best=-6.7276458740234375, f_min=-12.73988683008065
2025-04-30 23:48:55,851 - INFO - Node 2: k=401.50648543744774, f_best=-5.185060501098633, f_min=-5.278930562246387
2025-04-30 23:48:55,851 - INFO - Node 3: k=466.1365649725933, f_best=-6.8770751953125, f_min=-8.533795486051531
2025-04-30 23:48:55,852 - INFO - Node 4: k=382.01964424531025, f_best=-5.545156955718994, f_min=-5.913549056907868
2025-04-30 23:48:55,852 - INFO - Node 5: k=447.94807678339936, f_best=-6.8885345458984375, f_min=-7.2431251822290506
2025-04-30 23:48:55,852 - INFO - Node 6: k=382.01964424531025, f_best=-5.5276288986206055, f_min=-11.846014432872835
2025-04-30 23:48:55,852 - INFO - Node 7: k=413.67253345268784, f_best=-6.936029434204102, f_min=-13.10951924159599
2025-04-30 23:48:55,852 - INFO - Node 8: k=421.98735137508686, f_best=-5.5365400314331055, f_min=-15.662017349550297
2025-04-30 23:48:55,852 - INFO - Node 9: k=264.35946595126404, f_best=-6.964064598083496, f_min=-7.862696562286146
2025-04-30 23:48:55,852 - INFO - cur_node_number 14,f_best -6.964064598083496,f_min -7.862696562286146,k 264.35946595126404
2025-04-30 23:48:55,852 - INFO - f_best_current -6.964064598083496,f_min -7.862696562286146
2025-04-30 23:49:11,393 - INFO - tree_node.f_best*ep:-6.964064598083496,left_f_best-5.263218402862549,right_f_best-6.815354347229004,i:1
2025-04-30 23:49:27,047 - INFO - tree_node.f_best*ep:-6.964064598083496,left_f_best-5.49752140045166,right_f_best-6.8842267990112305,i:2
2025-04-30 23:49:43,555 - INFO - tree_node.f_best*ep:-6.964064598083496,left_f_best-5.640478610992432,right_f_best-6.941282272338867,i:3
2025-04-30 23:50:00,772 - INFO - tree_node.f_best*ep:-6.964064598083496,left_f_best-5.62788200378418,right_f_best-6.945433616638184,i:4
2025-04-30 23:50:18,567 - INFO - tree_node.f_best*ep:-6.964064598083496,left_f_best-5.431056022644043,right_f_best-6.997849941253662,i:5
2025-04-30 23:51:30,961 - INFO - 添加左子节点，右子节点，len(queue):6
2025-04-30 23:51:30,962 - INFO - Node 1: k=1846.3265521929811, f_best=-6.7276458740234375, f_min=-12.73988683008065
2025-04-30 23:51:30,962 - INFO - Node 2: k=401.50648543744774, f_best=-5.185060501098633, f_min=-5.278930562246387
2025-04-30 23:51:30,962 - INFO - Node 3: k=466.1365649725933, f_best=-6.8770751953125, f_min=-8.533795486051531
2025-04-30 23:51:30,962 - INFO - Node 4: k=382.01964424531025, f_best=-5.545156955718994, f_min=-5.913549056907868
2025-04-30 23:51:30,962 - INFO - Node 5: k=447.94807678339936, f_best=-6.8885345458984375, f_min=-7.2431251822290506
2025-04-30 23:51:30,962 - INFO - Node 6: k=382.01964424531025, f_best=-5.5276288986206055, f_min=-11.846014432872835
2025-04-30 23:51:30,963 - INFO - Node 7: k=413.67253345268784, f_best=-6.936029434204102, f_min=-13.10951924159599
2025-04-30 23:51:30,963 - INFO - Node 8: k=421.98735137508686, f_best=-5.5365400314331055, f_min=-15.662017349550297
2025-04-30 23:51:30,963 - INFO - Node 9: k=264.35946595126404, f_best=-6.964064598083496, f_min=-7.862696562286146
2025-04-30 23:51:30,963 - INFO - Node 10: k=229.98294603466235, f_best=-5.431056022644043, f_min=-7.037987744104612
2025-04-30 23:51:30,963 - INFO - Node 11: k=342.4132676947859, f_best=-6.997849941253662, f_min=-12.15570058841331
2025-04-30 23:51:30,963 - INFO - cur_node_number 15,f_best -6.997849941253662,f_min -12.15570058841331,k 342.4132676947859
2025-04-30 23:51:30,963 - INFO - f_best_current -6.997849941253662,f_min -12.15570058841331
2025-04-30 23:51:30,963 - INFO - 回退,len(queue)=4
2025-04-30 23:51:46,195 - INFO - tree_node.f_best*ep:-6.964064598083496,left_f_best-5.358924865722656,right_f_best-6.871696472167969,i:1
2025-04-30 23:52:01,973 - INFO - tree_node.f_best*ep:-6.964064598083496,left_f_best-5.484810829162598,right_f_best-6.722124099731445,i:2
2025-04-30 23:52:18,512 - INFO - tree_node.f_best*ep:-6.964064598083496,left_f_best-5.586383819580078,right_f_best-6.934052467346191,i:3
2025-04-30 23:52:35,529 - INFO - tree_node.f_best*ep:-6.964064598083496,left_f_best-5.611536979675293,right_f_best-6.956567764282227,i:4
2025-04-30 23:52:53,027 - INFO - tree_node.f_best*ep:-6.964064598083496,left_f_best-5.303177833557129,right_f_best-6.841197967529297,i:5
2025-04-30 23:53:11,212 - INFO - tree_node.f_best*ep:-6.964064598083496,left_f_best-5.604528903961182,right_f_best-6.858765602111816,i:6
2025-04-30 23:53:30,297 - INFO - tree_node.f_best*ep:-6.964064598083496,left_f_best-5.636914253234863,right_f_best-7.041723251342773,i:7
2025-04-30 23:54:51,816 - INFO - 添加左子节点，右子节点，len(queue):6
2025-04-30 23:54:51,816 - INFO - Node 1: k=1846.3265521929811, f_best=-6.7276458740234375, f_min=-12.73988683008065
2025-04-30 23:54:51,816 - INFO - Node 2: k=401.50648543744774, f_best=-5.185060501098633, f_min=-5.278930562246387
2025-04-30 23:54:51,816 - INFO - Node 3: k=466.1365649725933, f_best=-6.8770751953125, f_min=-8.533795486051531
2025-04-30 23:54:51,816 - INFO - Node 4: k=382.01964424531025, f_best=-5.545156955718994, f_min=-5.913549056907868
2025-04-30 23:54:51,816 - INFO - Node 5: k=447.94807678339936, f_best=-6.8885345458984375, f_min=-7.2431251822290506
2025-04-30 23:54:51,816 - INFO - Node 6: k=382.01964424531025, f_best=-5.5276288986206055, f_min=-11.846014432872835
2025-04-30 23:54:51,817 - INFO - Node 7: k=413.67253345268784, f_best=-6.936029434204102, f_min=-13.10951924159599
2025-04-30 23:54:51,817 - INFO - Node 8: k=421.98735137508686, f_best=-5.5365400314331055, f_min=-15.662017349550297
2025-04-30 23:54:51,817 - INFO - Node 9: k=342.4132676947859, f_best=-6.964064598083496, f_min=-7.862696562286146
2025-04-30 23:54:51,817 - INFO - Node 10: k=283.42912911047966, f_best=-5.636914253234863, f_min=-8.538994949911284
2025-04-30 23:54:51,817 - INFO - Node 11: k=489.91421450528725, f_best=-7.041723251342773, f_min=-7.693121065814921
2025-04-30 23:54:51,817 - INFO - cur_node_number 16,f_best -7.041723251342773,f_min -7.693121065814921,k 489.91421450528725
2025-04-30 23:54:51,817 - INFO - f_best_current -7.041723251342773,f_min -7.693121065814921
2025-04-30 23:54:51,818 - INFO - 回退,len(queue)=4
2025-04-30 23:54:51,818 - INFO - 回退,len(queue)=3
2025-04-30 23:54:51,818 - INFO - 回退,len(queue)=2
2025-04-30 23:54:51,818 - INFO - 回退,len(queue)=1
2025-04-30 23:55:07,324 - INFO - tree_node.f_best*ep:-6.8770751953125,left_f_best-5.420805931091309,right_f_best-6.789307117462158,i:1
2025-04-30 23:55:23,243 - INFO - tree_node.f_best*ep:-6.8770751953125,left_f_best-5.55134391784668,right_f_best-6.7912445068359375,i:2
2025-04-30 23:55:39,518 - INFO - tree_node.f_best*ep:-6.8770751953125,left_f_best-5.4618401527404785,right_f_best-6.886542320251465,i:3
2025-04-30 23:56:52,219 - INFO - 添加左子节点，右子节点，len(queue):3
2025-04-30 23:56:52,219 - INFO - Node 1: k=1846.3265521929811, f_best=-6.7276458740234375, f_min=-12.73988683008065
2025-04-30 23:56:52,219 - INFO - Node 2: k=401.50648543744774, f_best=-5.185060501098633, f_min=-5.278930562246387
2025-04-30 23:56:52,219 - INFO - Node 3: k=489.91421450528725, f_best=-6.8770751953125, f_min=-8.533795486051531
2025-04-30 23:56:52,220 - INFO - Node 4: k=229.98294603466235, f_best=-5.4618401527404785, f_min=-5.524031547033701
2025-04-30 23:56:52,220 - INFO - Node 5: k=352.7887321192056, f_best=-6.886542320251465, f_min=-7.760745928997494
2025-04-30 23:56:52,220 - INFO - cur_node_number 17,f_best -6.886542320251465,f_min -7.760745928997494,k 352.7887321192056
2025-04-30 23:56:52,220 - INFO - f_best_current -6.886542320251465,f_min -7.760745928997494
2025-04-30 23:57:07,442 - INFO - tree_node.f_best*ep:-6.886542320251465,left_f_best-5.342634201049805,right_f_best-6.807187080383301,i:1
2025-04-30 23:57:23,245 - INFO - tree_node.f_best*ep:-6.886542320251465,left_f_best-5.435809135437012,right_f_best-6.807272911071777,i:2
2025-04-30 23:57:39,722 - INFO - tree_node.f_best*ep:-6.886542320251465,left_f_best-5.5195207595825195,right_f_best-6.907214641571045,i:3
2025-04-30 23:58:48,530 - INFO - 添加左子节点，右子节点，len(queue):4
2025-04-30 23:58:48,530 - INFO - Node 1: k=1846.3265521929811, f_best=-6.7276458740234375, f_min=-12.73988683008065
2025-04-30 23:58:48,530 - INFO - Node 2: k=401.50648543744774, f_best=-5.185060501098633, f_min=-5.278930562246387
2025-04-30 23:58:48,530 - INFO - Node 3: k=489.91421450528725, f_best=-6.8770751953125, f_min=-8.533795486051531
2025-04-30 23:58:48,530 - INFO - Node 4: k=229.98294603466235, f_best=-5.4618401527404785, f_min=-5.524031547033701
2025-04-30 23:58:48,530 - INFO - Node 5: k=352.7887321192056, f_best=-6.886542320251465, f_min=-7.760745928997494
2025-04-30 23:58:48,530 - INFO - Node 6: k=275.09352035034385, f_best=-5.5195207595825195, f_min=-7.598213405930437
2025-04-30 23:58:48,531 - INFO - Node 7: k=206.13916915548535, f_best=-6.907214641571045, f_min=-7.189401057825307
2025-04-30 23:58:48,531 - INFO - cur_node_number 18,f_best -6.907214641571045,f_min -7.189401057825307,k 206.13916915548535
2025-04-30 23:58:48,531 - INFO - f_best_current -6.907214641571045,f_min -7.189401057825307
2025-04-30 23:59:03,457 - INFO - tree_node.f_best*ep:-6.907214641571045,left_f_best-5.484769821166992,right_f_best-6.893794059753418,i:1
2025-04-30 23:59:18,869 - INFO - tree_node.f_best*ep:-6.907214641571045,left_f_best-5.437252521514893,right_f_best-6.944378852844238,i:2
2025-05-01 00:00:42,737 - INFO - 添加左子节点，右子节点，len(queue):5
2025-05-01 00:00:42,738 - INFO - Node 1: k=1846.3265521929811, f_best=-6.7276458740234375, f_min=-12.73988683008065
2025-05-01 00:00:42,738 - INFO - Node 2: k=401.50648543744774, f_best=-5.185060501098633, f_min=-5.278930562246387
2025-05-01 00:00:42,738 - INFO - Node 3: k=489.91421450528725, f_best=-6.8770751953125, f_min=-8.533795486051531
2025-05-01 00:00:42,738 - INFO - Node 4: k=229.98294603466235, f_best=-5.4618401527404785, f_min=-5.524031547033701
2025-05-01 00:00:42,738 - INFO - Node 5: k=352.7887321192056, f_best=-6.886542320251465, f_min=-7.760745928997494
2025-05-01 00:00:42,738 - INFO - Node 6: k=275.09352035034385, f_best=-5.5195207595825195, f_min=-7.598213405930437
2025-05-01 00:00:42,738 - INFO - Node 7: k=206.13916915548535, f_best=-6.907214641571045, f_min=-7.189401057825307
2025-05-01 00:00:42,738 - INFO - Node 8: k=309.98226435788587, f_best=-5.437252521514893, f_min=-9.141974858965114
2025-05-01 00:00:42,739 - INFO - Node 9: k=574.462945773468, f_best=-6.944378852844238, f_min=-8.426783014678222
2025-05-01 00:00:42,739 - INFO - cur_node_number 19,f_best -6.944378852844238,f_min -8.426783014678222,k 574.462945773468
2025-05-01 00:00:42,739 - INFO - f_best_current -6.944378852844238,f_min -8.426783014678222
2025-05-01 00:00:42,739 - INFO - 回退,len(queue)=3
2025-05-01 00:00:42,739 - INFO - 回退,len(queue)=2
2025-05-01 00:00:42,739 - INFO - 回退,len(queue)=1
2025-05-01 00:00:57,709 - INFO - tree_node.f_best*ep:-6.8770751953125,left_f_best-5.482553958892822,right_f_best-6.893500328063965,i:1
2025-05-01 00:02:23,543 - INFO - 添加左子节点，右子节点，len(queue):3
2025-05-01 00:02:23,543 - INFO - Node 1: k=1846.3265521929811, f_best=-6.7276458740234375, f_min=-12.73988683008065
2025-05-01 00:02:23,543 - INFO - Node 2: k=401.50648543744774, f_best=-5.185060501098633, f_min=-5.278930562246387
2025-05-01 00:02:23,544 - INFO - Node 3: k=574.462945773468, f_best=-6.8770751953125, f_min=-8.533795486051531
2025-05-01 00:02:23,544 - INFO - Node 4: k=417.80925878721473, f_best=-5.482553958892822, f_min=-11.464872486871172
2025-05-01 00:02:23,544 - INFO - Node 5: k=456.95183312674567, f_best=-6.893500328063965, f_min=-9.316851494104412
2025-05-01 00:02:23,544 - INFO - cur_node_number 20,f_best -6.893500328063965,f_min -9.316851494104412,k 456.95183312674567
2025-05-01 00:02:23,544 - INFO - f_best_current -6.893500328063965,f_min -9.316851494104412
2025-05-01 00:02:38,672 - INFO - tree_node.f_best*ep:-6.893500328063965,left_f_best-5.392080307006836,right_f_best-6.753232002258301,i:1
2025-05-01 00:02:54,423 - INFO - tree_node.f_best*ep:-6.893500328063965,left_f_best-5.436155319213867,right_f_best-6.876418590545654,i:2
2025-05-01 00:03:11,124 - INFO - tree_node.f_best*ep:-6.893500328063965,left_f_best-5.515539169311523,right_f_best-6.924365043640137,i:3
2025-05-01 00:04:28,989 - INFO - 添加左子节点，右子节点，len(queue):4
2025-05-01 00:04:28,989 - INFO - Node 1: k=1846.3265521929811, f_best=-6.7276458740234375, f_min=-12.73988683008065
2025-05-01 00:04:28,989 - INFO - Node 2: k=401.50648543744774, f_best=-5.185060501098633, f_min=-5.278930562246387
2025-05-01 00:04:28,990 - INFO - Node 3: k=574.462945773468, f_best=-6.8770751953125, f_min=-8.533795486051531
2025-05-01 00:04:28,990 - INFO - Node 4: k=417.80925878721473, f_best=-5.482553958892822, f_min=-11.464872486871172
2025-05-01 00:04:28,990 - INFO - Node 5: k=456.95183312674567, f_best=-6.893500328063965, f_min=-9.316851494104412
2025-05-01 00:04:28,990 - INFO - Node 6: k=325.7944751928931, f_best=-5.515539169311523, f_min=-7.53397749773103
2025-05-01 00:04:28,990 - INFO - Node 7: k=342.4132676947859, f_best=-6.924365043640137, f_min=-7.653817701622756
2025-05-01 00:04:28,990 - INFO - cur_node_number 21,f_best -6.924365043640137,f_min -7.653817701622756,k 342.4132676947859
2025-05-01 00:04:28,990 - INFO - f_best_current -6.924365043640137,f_min -7.653817701622756
2025-05-01 00:04:44,005 - INFO - tree_node.f_best*ep:-6.924365043640137,left_f_best-5.375591278076172,right_f_best-6.875457763671875,i:1
2025-05-01 00:04:59,755 - INFO - tree_node.f_best*ep:-6.924365043640137,left_f_best-5.255768775939941,right_f_best-6.906222343444824,i:2
2025-05-01 00:05:16,214 - INFO - tree_node.f_best*ep:-6.924365043640137,left_f_best-5.487730503082275,right_f_best-6.963801383972168,i:3
2025-05-01 00:06:40,751 - INFO - 添加左子节点，右子节点，len(queue):5
2025-05-01 00:06:40,751 - INFO - Node 1: k=1846.3265521929811, f_best=-6.7276458740234375, f_min=-12.73988683008065
2025-05-01 00:06:40,751 - INFO - Node 2: k=401.50648543744774, f_best=-5.185060501098633, f_min=-5.278930562246387
2025-05-01 00:06:40,751 - INFO - Node 3: k=574.462945773468, f_best=-6.8770751953125, f_min=-8.533795486051531
2025-05-01 00:06:40,751 - INFO - Node 4: k=417.80925878721473, f_best=-5.482553958892822, f_min=-11.464872486871172
2025-05-01 00:06:40,751 - INFO - Node 5: k=456.95183312674567, f_best=-6.893500328063965, f_min=-9.316851494104412
2025-05-01 00:06:40,751 - INFO - Node 6: k=325.7944751928931, f_best=-5.515539169311523, f_min=-7.53397749773103
2025-05-01 00:06:40,751 - INFO - Node 7: k=342.4132676947859, f_best=-6.924365043640137, f_min=-7.653817701622756
2025-05-01 00:06:40,752 - INFO - Node 8: k=385.83984068776334, f_best=-5.487730503082275, f_min=-14.802501603186101
2025-05-01 00:06:40,752 - INFO - Node 9: k=439.1217300101944, f_best=-6.963801383972168, f_min=-11.978234812037044
2025-05-01 00:06:40,752 - INFO - cur_node_number 22,f_best -6.963801383972168,f_min -11.978234812037044,k 439.1217300101944
2025-05-01 00:06:40,752 - INFO - f_best_current -6.963801383972168,f_min -11.978234812037044
2025-05-01 00:06:40,752 - INFO - 回退,len(queue)=3
2025-05-01 00:06:55,616 - INFO - tree_node.f_best*ep:-6.924365043640137,left_f_best-5.405263900756836,right_f_best-6.722496032714844,i:1
2025-05-01 00:07:11,138 - INFO - tree_node.f_best*ep:-6.924365043640137,left_f_best-5.541354656219482,right_f_best-6.824007034301758,i:2
2025-05-01 00:07:27,607 - INFO - tree_node.f_best*ep:-6.924365043640137,left_f_best-5.5516157150268555,right_f_best-6.962996482849121,i:3
2025-05-01 00:08:43,862 - INFO - 添加左子节点，右子节点，len(queue):5
2025-05-01 00:08:43,862 - INFO - Node 1: k=1846.3265521929811, f_best=-6.7276458740234375, f_min=-12.73988683008065
2025-05-01 00:08:43,863 - INFO - Node 2: k=401.50648543744774, f_best=-5.185060501098633, f_min=-5.278930562246387
2025-05-01 00:08:43,863 - INFO - Node 3: k=574.462945773468, f_best=-6.8770751953125, f_min=-8.533795486051531
2025-05-01 00:08:43,863 - INFO - Node 4: k=417.80925878721473, f_best=-5.482553958892822, f_min=-11.464872486871172
2025-05-01 00:08:43,863 - INFO - Node 5: k=456.95183312674567, f_best=-6.893500328063965, f_min=-9.316851494104412
2025-05-01 00:08:43,863 - INFO - Node 6: k=325.7944751928931, f_best=-5.515539169311523, f_min=-7.53397749773103
2025-05-01 00:08:43,863 - INFO - Node 7: k=439.1217300101944, f_best=-6.924365043640137, f_min=-7.653817701622756
2025-05-01 00:08:43,863 - INFO - Node 8: k=227.70588716303203, f_best=-5.5516157150268555, f_min=-10.19400877328826
2025-05-01 00:08:43,863 - INFO - Node 9: k=413.67253345268784, f_best=-6.962996482849121, f_min=-11.241527516322094
2025-05-01 00:08:43,863 - INFO - cur_node_number 23,f_best -6.962996482849121,f_min -11.241527516322094,k 413.67253345268784
2025-05-01 00:08:43,864 - INFO - f_best_current -6.962996482849121,f_min -11.241527516322094
2025-05-01 00:08:58,890 - INFO - tree_node.f_best*ep:-6.962996482849121,left_f_best-5.524215221405029,right_f_best-6.852624416351318,i:1
2025-05-01 00:09:14,318 - INFO - tree_node.f_best*ep:-6.962996482849121,left_f_best-5.603769779205322,right_f_best-6.83432149887085,i:2
2025-05-01 00:09:30,627 - INFO - tree_node.f_best*ep:-6.962996482849121,left_f_best-5.588649272918701,right_f_best-6.852367401123047,i:3
2025-05-01 00:09:47,793 - INFO - tree_node.f_best*ep:-6.962996482849121,left_f_best-5.3244218826293945,right_f_best-7.0022053718566895,i:4
2025-05-01 00:11:05,406 - INFO - 添加左子节点，右子节点，len(queue):6
2025-05-01 00:11:05,406 - INFO - Node 1: k=1846.3265521929811, f_best=-6.7276458740234375, f_min=-12.73988683008065
2025-05-01 00:11:05,407 - INFO - Node 2: k=401.50648543744774, f_best=-5.185060501098633, f_min=-5.278930562246387
2025-05-01 00:11:05,407 - INFO - Node 3: k=574.462945773468, f_best=-6.8770751953125, f_min=-8.533795486051531
2025-05-01 00:11:05,407 - INFO - Node 4: k=417.80925878721473, f_best=-5.482553958892822, f_min=-11.464872486871172
2025-05-01 00:11:05,407 - INFO - Node 5: k=456.95183312674567, f_best=-6.893500328063965, f_min=-9.316851494104412
2025-05-01 00:11:05,407 - INFO - Node 6: k=325.7944751928931, f_best=-5.515539169311523, f_min=-7.53397749773103
2025-05-01 00:11:05,407 - INFO - Node 7: k=439.1217300101944, f_best=-6.924365043640137, f_min=-7.653817701622756
2025-05-01 00:11:05,407 - INFO - Node 8: k=227.70588716303203, f_best=-5.5516157150268555, f_min=-10.19400877328826
2025-05-01 00:11:05,407 - INFO - Node 9: k=413.67253345268784, f_best=-6.962996482849121, f_min=-11.241527516322094
2025-05-01 00:11:05,407 - INFO - Node 10: k=294.93748830317287, f_best=-5.3244218826293945, f_min=-6.338105224143874
2025-05-01 00:11:05,407 - INFO - Node 11: k=335.666373585713, f_best=-7.0022053718566895, f_min=-10.33370090182143
2025-05-01 00:11:05,407 - INFO - cur_node_number 24,f_best -7.0022053718566895,f_min -10.33370090182143,k 335.666373585713
2025-05-01 00:11:05,408 - INFO - f_best_current -7.0022053718566895,f_min -10.33370090182143
2025-05-01 00:11:20,912 - INFO - tree_node.f_best*ep:-7.0022053718566895,left_f_best-5.507107734680176,right_f_best-6.8383378982543945,i:1
2025-05-01 00:11:36,715 - INFO - tree_node.f_best*ep:-7.0022053718566895,left_f_best-5.588504314422607,right_f_best-6.905004024505615,i:2
2025-05-01 00:11:53,191 - INFO - tree_node.f_best*ep:-7.0022053718566895,left_f_best-5.553622245788574,right_f_best-6.964419841766357,i:3
2025-05-01 00:12:10,539 - INFO - tree_node.f_best*ep:-7.0022053718566895,left_f_best-5.491970539093018,right_f_best-6.934891700744629,i:4
2025-05-01 00:12:28,321 - INFO - tree_node.f_best*ep:-7.0022053718566895,left_f_best-5.618778705596924,right_f_best-6.929088592529297,i:5
2025-05-01 00:12:46,749 - INFO - tree_node.f_best*ep:-7.0022053718566895,left_f_best-5.616487503051758,right_f_best-6.991077899932861,i:6
2025-05-01 00:13:05,980 - INFO - tree_node.f_best*ep:-7.0022053718566895,left_f_best-5.652205467224121,right_f_best-6.995832443237305,i:7
2025-05-01 00:13:25,823 - INFO - tree_node.f_best*ep:-7.0022053718566895,left_f_best-5.664505958557129,right_f_best-6.9707818031311035,i:8
2025-05-01 00:13:46,894 - INFO - tree_node.f_best*ep:-7.0022053718566895,left_f_best-5.670412063598633,right_f_best-7.050384521484375,i:9
2025-05-01 00:14:58,616 - INFO - 添加左子节点，右子节点，len(queue):7
2025-05-01 00:14:58,616 - INFO - Node 1: k=1846.3265521929811, f_best=-6.7276458740234375, f_min=-12.73988683008065
2025-05-01 00:14:58,616 - INFO - Node 2: k=401.50648543744774, f_best=-5.185060501098633, f_min=-5.278930562246387
2025-05-01 00:14:58,616 - INFO - Node 3: k=574.462945773468, f_best=-6.8770751953125, f_min=-8.533795486051531
2025-05-01 00:14:58,616 - INFO - Node 4: k=417.80925878721473, f_best=-5.482553958892822, f_min=-11.464872486871172
2025-05-01 00:14:58,616 - INFO - Node 5: k=456.95183312674567, f_best=-6.893500328063965, f_min=-9.316851494104412
2025-05-01 00:14:58,616 - INFO - Node 6: k=325.7944751928931, f_best=-5.515539169311523, f_min=-7.53397749773103
2025-05-01 00:14:58,617 - INFO - Node 7: k=439.1217300101944, f_best=-6.924365043640137, f_min=-7.653817701622756
2025-05-01 00:14:58,617 - INFO - Node 8: k=227.70588716303203, f_best=-5.5516157150268555, f_min=-10.19400877328826
2025-05-01 00:14:58,617 - INFO - Node 9: k=413.67253345268784, f_best=-6.962996482849121, f_min=-11.241527516322094
2025-05-01 00:14:58,617 - INFO - Node 10: k=294.93748830317287, f_best=-5.3244218826293945, f_min=-6.338105224143874
2025-05-01 00:14:58,617 - INFO - Node 11: k=335.666373585713, f_best=-7.0022053718566895, f_min=-10.33370090182143
2025-05-01 00:14:58,617 - INFO - Node 12: k=280.6229001093858, f_best=-5.670412063598633, f_min=-8.839894669667046
2025-05-01 00:14:58,617 - INFO - Node 13: k=267.0030606107767, f_best=-7.050384521484375, f_min=-7.197242762600581
2025-05-01 00:14:58,617 - INFO - cur_node_number 25,f_best -7.050384521484375,f_min -7.197242762600581,k 267.0030606107767
2025-05-01 00:14:58,618 - INFO - f_best_current -7.050384521484375,f_min -7.197242762600581
2025-05-01 00:15:13,504 - INFO - tree_node.f_best*ep:-7.050384521484375,left_f_best-5.545440196990967,right_f_best-6.711484432220459,i:1
2025-05-01 00:15:29,065 - INFO - tree_node.f_best*ep:-7.050384521484375,left_f_best-5.509735107421875,right_f_best-6.931371688842773,i:2
2025-05-01 00:15:45,540 - INFO - tree_node.f_best*ep:-7.050384521484375,left_f_best-5.584593772888184,right_f_best-6.972686767578125,i:3
2025-05-01 00:16:02,972 - INFO - tree_node.f_best*ep:-7.050384521484375,left_f_best-5.40689754486084,right_f_best-6.953053951263428,i:4
2025-05-01 00:16:21,234 - INFO - tree_node.f_best*ep:-7.050384521484375,left_f_best-5.591719150543213,right_f_best-7.00457239151001,i:5
2025-05-01 00:16:40,211 - INFO - tree_node.f_best*ep:-7.050384521484375,left_f_best-5.5712504386901855,right_f_best-7.01267671585083,i:6
2025-05-01 00:16:59,640 - INFO - tree_node.f_best*ep:-7.050384521484375,left_f_best-5.690513610839844,right_f_best-7.024855613708496,i:7
2025-05-01 00:17:19,210 - INFO - tree_node.f_best*ep:-7.050384521484375,left_f_best-5.691385746002197,right_f_best-6.986323356628418,i:8
2025-05-01 00:17:39,699 - INFO - tree_node.f_best*ep:-7.050384521484375,left_f_best-5.629757404327393,right_f_best-7.035562992095947,i:9
2025-05-01 00:18:01,496 - INFO - tree_node.f_best*ep:-7.050384521484375,left_f_best-5.4901885986328125,right_f_best-6.948801040649414,i:10
2025-05-01 00:18:24,687 - INFO - tree_node.f_best*ep:-7.050384521484375,left_f_best-5.686697006225586,right_f_best-6.928312301635742,i:11
2025-05-01 00:18:47,929 - INFO - tree_node.f_best*ep:-7.050384521484375,left_f_best-5.694980621337891,right_f_best-7.050384521484375,i:12
2025-05-01 00:20:04,096 - INFO - 添加左子节点，右子节点，len(queue):8
2025-05-01 00:20:04,096 - INFO - Node 1: k=1846.3265521929811, f_best=-6.7276458740234375, f_min=-12.73988683008065
2025-05-01 00:20:04,096 - INFO - Node 2: k=401.50648543744774, f_best=-5.185060501098633, f_min=-5.278930562246387
2025-05-01 00:20:04,096 - INFO - Node 3: k=574.462945773468, f_best=-6.8770751953125, f_min=-8.533795486051531
2025-05-01 00:20:04,096 - INFO - Node 4: k=417.80925878721473, f_best=-5.482553958892822, f_min=-11.464872486871172
2025-05-01 00:20:04,096 - INFO - Node 5: k=456.95183312674567, f_best=-6.893500328063965, f_min=-9.316851494104412
2025-05-01 00:20:04,096 - INFO - Node 6: k=325.7944751928931, f_best=-5.515539169311523, f_min=-7.53397749773103
2025-05-01 00:20:04,097 - INFO - Node 7: k=439.1217300101944, f_best=-6.924365043640137, f_min=-7.653817701622756
2025-05-01 00:20:04,097 - INFO - Node 8: k=227.70588716303203, f_best=-5.5516157150268555, f_min=-10.19400877328826
2025-05-01 00:20:04,097 - INFO - Node 9: k=413.67253345268784, f_best=-6.962996482849121, f_min=-11.241527516322094
2025-05-01 00:20:04,097 - INFO - Node 10: k=294.93748830317287, f_best=-5.3244218826293945, f_min=-6.338105224143874
2025-05-01 00:20:04,097 - INFO - Node 11: k=335.666373585713, f_best=-7.0022053718566895, f_min=-10.33370090182143
2025-05-01 00:20:04,097 - INFO - Node 12: k=280.6229001093858, f_best=-5.670412063598633, f_min=-8.839894669667046
2025-05-01 00:20:04,097 - INFO - Node 13: k=267.0030606107767, f_best=-7.050384521484375, f_min=-7.197242762600581
2025-05-01 00:20:04,097 - INFO - Node 14: k=359.87978563480164, f_best=-5.694980621337891, f_min=-8.39968946499539
2025-05-01 00:20:04,097 - INFO - Node 15: k=277.8444555538473, f_best=-7.050384521484375, f_min=-9.987049291710719
2025-05-01 00:20:04,098 - INFO - cur_node_number 26,f_best -7.050384521484375,f_min -9.987049291710719,k 277.8444555538473
2025-05-01 00:20:04,098 - INFO - f_best_current -7.050384521484375,f_min -9.987049291710719
2025-05-01 00:20:04,098 - INFO - 回退,len(queue)=6
2025-05-01 00:20:19,156 - INFO - tree_node.f_best*ep:-7.050384521484375,left_f_best-5.461113452911377,right_f_best-6.863137245178223,i:1
2025-05-01 00:20:34,693 - INFO - tree_node.f_best*ep:-7.050384521484375,left_f_best-5.3806376457214355,right_f_best-6.938258171081543,i:2
2025-05-01 00:20:50,806 - INFO - tree_node.f_best*ep:-7.050384521484375,left_f_best-5.544641494750977,right_f_best-6.925389766693115,i:3
2025-05-01 00:21:07,809 - INFO - tree_node.f_best*ep:-7.050384521484375,left_f_best-5.553401947021484,right_f_best-6.891343593597412,i:4
2025-05-01 00:21:25,688 - INFO - tree_node.f_best*ep:-7.050384521484375,left_f_best-5.349063873291016,right_f_best-6.91423225402832,i:5
2025-05-01 00:21:44,543 - INFO - tree_node.f_best*ep:-7.050384521484375,left_f_best-5.481463432312012,right_f_best-6.955897808074951,i:6
2025-05-01 00:22:04,346 - INFO - tree_node.f_best*ep:-7.050384521484375,left_f_best-5.541330337524414,right_f_best-7.017289161682129,i:7
2025-05-01 00:22:24,797 - INFO - tree_node.f_best*ep:-7.050384521484375,left_f_best-5.559998512268066,right_f_best-7.031085014343262,i:8
2025-05-01 00:22:45,920 - INFO - tree_node.f_best*ep:-7.050384521484375,left_f_best-5.3249616622924805,right_f_best-7.062952041625977,i:9
2025-05-01 00:24:01,011 - INFO - 添加左子节点，右子节点，len(queue):8
2025-05-01 00:24:01,011 - INFO - Node 1: k=1846.3265521929811, f_best=-6.7276458740234375, f_min=-12.73988683008065
2025-05-01 00:24:01,011 - INFO - Node 2: k=401.50648543744774, f_best=-5.185060501098633, f_min=-5.278930562246387
2025-05-01 00:24:01,011 - INFO - Node 3: k=574.462945773468, f_best=-6.8770751953125, f_min=-8.533795486051531
2025-05-01 00:24:01,011 - INFO - Node 4: k=417.80925878721473, f_best=-5.482553958892822, f_min=-11.464872486871172
2025-05-01 00:24:01,011 - INFO - Node 5: k=456.95183312674567, f_best=-6.893500328063965, f_min=-9.316851494104412
2025-05-01 00:24:01,012 - INFO - Node 6: k=325.7944751928931, f_best=-5.515539169311523, f_min=-7.53397749773103
2025-05-01 00:24:01,012 - INFO - Node 7: k=439.1217300101944, f_best=-6.924365043640137, f_min=-7.653817701622756
2025-05-01 00:24:01,012 - INFO - Node 8: k=227.70588716303203, f_best=-5.5516157150268555, f_min=-10.19400877328826
2025-05-01 00:24:01,012 - INFO - Node 9: k=413.67253345268784, f_best=-6.962996482849121, f_min=-11.241527516322094
2025-05-01 00:24:01,012 - INFO - Node 10: k=294.93748830317287, f_best=-5.3244218826293945, f_min=-6.338105224143874
2025-05-01 00:24:01,012 - INFO - Node 11: k=335.666373585713, f_best=-7.0022053718566895, f_min=-10.33370090182143
2025-05-01 00:24:01,012 - INFO - Node 12: k=280.6229001093858, f_best=-5.670412063598633, f_min=-8.839894669667046
2025-05-01 00:24:01,012 - INFO - Node 13: k=277.8444555538473, f_best=-7.050384521484375, f_min=-7.197242762600581
2025-05-01 00:24:01,013 - INFO - Node 14: k=273.5143016527879, f_best=-5.3249616622924805, f_min=-5.559472901655681
2025-05-01 00:24:01,013 - INFO - Node 15: k=313.08208700146474, f_best=-7.062952041625977, f_min=-7.1402575600623095
2025-05-01 00:24:01,013 - INFO - cur_node_number 27,f_best -7.062952041625977,f_min -7.1402575600623095,k 313.08208700146474
2025-05-01 00:24:01,013 - INFO - f_best_current -7.062952041625977,f_min -7.1402575600623095
2025-05-01 00:24:01,013 - INFO - 回退,len(queue)=6
2025-05-01 00:24:16,300 - INFO - tree_node.f_best*ep:-7.050384521484375,left_f_best-5.426424503326416,right_f_best-6.748680591583252,i:1
2025-05-01 00:24:32,097 - INFO - tree_node.f_best*ep:-7.050384521484375,left_f_best-5.470396041870117,right_f_best-6.851715087890625,i:2
2025-05-01 00:24:48,399 - INFO - tree_node.f_best*ep:-7.050384521484375,left_f_best-5.316479682922363,right_f_best-6.890256881713867,i:3
2025-05-01 00:25:05,542 - INFO - tree_node.f_best*ep:-7.050384521484375,left_f_best-5.61471700668335,right_f_best-6.951128959655762,i:4
2025-05-01 00:25:23,248 - INFO - tree_node.f_best*ep:-7.050384521484375,left_f_best-5.346446990966797,right_f_best-6.865901947021484,i:5
2025-05-01 00:25:41,588 - INFO - tree_node.f_best*ep:-7.050384521484375,left_f_best-5.673625469207764,right_f_best-7.01770544052124,i:6
2025-05-01 00:26:01,081 - INFO - tree_node.f_best*ep:-7.050384521484375,left_f_best-5.63817834854126,right_f_best-7.000022888183594,i:7
2025-05-01 00:26:21,602 - INFO - tree_node.f_best*ep:-7.050384521484375,left_f_best-5.650285243988037,right_f_best-6.985861301422119,i:8
2025-05-01 00:26:43,039 - INFO - tree_node.f_best*ep:-7.050384521484375,left_f_best-5.703896522521973,right_f_best-7.064213752746582,i:9
2025-05-01 00:28:01,604 - INFO - 添加左子节点，右子节点，len(queue):8
2025-05-01 00:28:01,604 - INFO - Node 1: k=1846.3265521929811, f_best=-6.7276458740234375, f_min=-12.73988683008065
2025-05-01 00:28:01,605 - INFO - Node 2: k=401.50648543744774, f_best=-5.185060501098633, f_min=-5.278930562246387
2025-05-01 00:28:01,605 - INFO - Node 3: k=574.462945773468, f_best=-6.8770751953125, f_min=-8.533795486051531
2025-05-01 00:28:01,605 - INFO - Node 4: k=417.80925878721473, f_best=-5.482553958892822, f_min=-11.464872486871172
2025-05-01 00:28:01,605 - INFO - Node 5: k=456.95183312674567, f_best=-6.893500328063965, f_min=-9.316851494104412
2025-05-01 00:28:01,605 - INFO - Node 6: k=325.7944751928931, f_best=-5.515539169311523, f_min=-7.53397749773103
2025-05-01 00:28:01,605 - INFO - Node 7: k=439.1217300101944, f_best=-6.924365043640137, f_min=-7.653817701622756
2025-05-01 00:28:01,605 - INFO - Node 8: k=227.70588716303203, f_best=-5.5516157150268555, f_min=-10.19400877328826
2025-05-01 00:28:01,605 - INFO - Node 9: k=413.67253345268784, f_best=-6.962996482849121, f_min=-11.241527516322094
2025-05-01 00:28:01,606 - INFO - Node 10: k=294.93748830317287, f_best=-5.3244218826293945, f_min=-6.338105224143874
2025-05-01 00:28:01,606 - INFO - Node 11: k=335.666373585713, f_best=-7.0022053718566895, f_min=-10.33370090182143
2025-05-01 00:28:01,606 - INFO - Node 12: k=280.6229001093858, f_best=-5.670412063598633, f_min=-8.839894669667046
2025-05-01 00:28:01,606 - INFO - Node 13: k=313.08208700146474, f_best=-7.050384521484375, f_min=-7.197242762600581
2025-05-01 00:28:01,606 - INFO - Node 14: k=316.2129078714794, f_best=-5.703896522521973, f_min=-5.9698807460663375
2025-05-01 00:28:01,606 - INFO - Node 15: k=345.83740037173374, f_best=-7.064213752746582, f_min=-9.343893628090882
2025-05-01 00:28:01,606 - INFO - cur_node_number 28,f_best -7.064213752746582,f_min -9.343893628090882,k 345.83740037173374
2025-05-01 00:28:01,606 - INFO - f_best_current -7.064213752746582,f_min -9.343893628090882
2025-05-01 00:28:01,606 - INFO - 回退,len(queue)=6
2025-05-01 00:28:01,607 - INFO - 回退,len(queue)=5
2025-05-01 00:28:16,540 - INFO - tree_node.f_best*ep:-7.0022053718566895,left_f_best-5.269556999206543,right_f_best-6.885904312133789,i:1
2025-05-01 00:28:32,269 - INFO - tree_node.f_best*ep:-7.0022053718566895,left_f_best-5.529554843902588,right_f_best-6.931434154510498,i:2
2025-05-01 00:28:48,938 - INFO - tree_node.f_best*ep:-7.0022053718566895,left_f_best-5.495752811431885,right_f_best-6.891071319580078,i:3
2025-05-01 00:29:06,233 - INFO - tree_node.f_best*ep:-7.0022053718566895,left_f_best-5.506617069244385,right_f_best-6.999106407165527,i:4
2025-05-01 00:29:24,335 - INFO - tree_node.f_best*ep:-7.0022053718566895,left_f_best-5.63648796081543,right_f_best-6.959680557250977,i:5
2025-05-01 00:29:42,877 - INFO - tree_node.f_best*ep:-7.0022053718566895,left_f_best-5.5550150871276855,right_f_best-7.012270450592041,i:6
2025-05-01 00:31:08,040 - INFO - 添加左子节点，右子节点，len(queue):7
2025-05-01 00:31:08,040 - INFO - Node 1: k=1846.3265521929811, f_best=-6.7276458740234375, f_min=-12.73988683008065
2025-05-01 00:31:08,040 - INFO - Node 2: k=401.50648543744774, f_best=-5.185060501098633, f_min=-5.278930562246387
2025-05-01 00:31:08,040 - INFO - Node 3: k=574.462945773468, f_best=-6.8770751953125, f_min=-8.533795486051531
2025-05-01 00:31:08,040 - INFO - Node 4: k=417.80925878721473, f_best=-5.482553958892822, f_min=-11.464872486871172
2025-05-01 00:31:08,041 - INFO - Node 5: k=456.95183312674567, f_best=-6.893500328063965, f_min=-9.316851494104412
2025-05-01 00:31:08,041 - INFO - Node 6: k=325.7944751928931, f_best=-5.515539169311523, f_min=-7.53397749773103
2025-05-01 00:31:08,041 - INFO - Node 7: k=439.1217300101944, f_best=-6.924365043640137, f_min=-7.653817701622756
2025-05-01 00:31:08,041 - INFO - Node 8: k=227.70588716303203, f_best=-5.5516157150268555, f_min=-10.19400877328826
2025-05-01 00:31:08,041 - INFO - Node 9: k=413.67253345268784, f_best=-6.962996482849121, f_min=-11.241527516322094
2025-05-01 00:31:08,041 - INFO - Node 10: k=294.93748830317287, f_best=-5.3244218826293945, f_min=-6.338105224143874
2025-05-01 00:31:08,041 - INFO - Node 11: k=345.83740037173374, f_best=-7.0022053718566895, f_min=-10.33370090182143
2025-05-01 00:31:08,042 - INFO - Node 12: k=499.7614902168435, f_best=-5.5550150871276855, f_min=-10.210988673752581
2025-05-01 00:31:08,042 - INFO - Node 13: k=367.11336932606116, f_best=-7.012270450592041, f_min=-7.041625886155089
2025-05-01 00:31:08,042 - INFO - cur_node_number 29,f_best -7.012270450592041,f_min -7.041625886155089,k 367.11336932606116
2025-05-01 00:31:08,042 - INFO - f_best_current -7.012270450592041,f_min -7.041625886155089
2025-05-01 00:31:08,042 - INFO - 结束,fmin= -7.041625886155089, fbestmin=-7.012270450592041
