2025-04-30 23:17:29,313 - INFO - Namespace(log_file='outputs/DNN6/img[0]/max/DNN6img0_label1.log', image_path='img[0].png', model_path='network/DNN6.pth', label=1, init_epsilon=0.05, epsilon=0.01, ep=1, min=0)
2025-04-30 23:17:29,328 - INFO - Model output max(1): torch.return_types.max(
values=tensor([24.1332], grad_fn=<MaxBackward0>),
indices=tensor([0]))
2025-04-30 23:17:40,984 - INFO - cur_node_number 1,f_best 5.847862720489502,f_min 3.6831806098380184,k 674.5429381316718
2025-04-30 23:17:40,984 - INFO - f_best_current 5.847862720489502,f_min 3.6831806098380184
2025-04-30 23:17:57,860 - INFO - tree_node.f_best*ep:5.847862720489502,left_f_best7.078521251678467,right_f_best5.8944220542907715,i:1
2025-04-30 23:18:14,953 - INFO - tree_node.f_best*ep:5.847862720489502,left_f_best6.987722873687744,right_f_best5.869150638580322,i:2
2025-04-30 23:18:32,744 - INFO - tree_node.f_best*ep:5.847862720489502,left_f_best6.950667858123779,right_f_best5.8697638511657715,i:3
2025-04-30 23:18:51,534 - INFO - tree_node.f_best*ep:5.847862720489502,left_f_best6.865670680999756,right_f_best5.739935398101807,i:4
2025-04-30 23:20:21,836 - INFO - 添加左子节点，右子节点，len(queue):2
2025-04-30 23:20:21,836 - INFO - Node 1: k=674.5429381316718, f_best=5.847862720489502, f_min=3.6831806098380184
2025-04-30 23:20:21,836 - INFO - Node 2: k=330.435075901045, f_best=6.865670680999756, f_min=1.6855851260643249
2025-04-30 23:20:21,836 - INFO - Node 3: k=340.44758913592256, f_best=5.739935398101807, f_min=4.926247023326141
2025-04-30 23:20:21,836 - INFO - cur_node_number 2,f_best 5.739935398101807,f_min 4.926247023326141,k 340.44758913592256
2025-04-30 23:20:21,836 - INFO - f_best_current 5.739935398101807,f_min 4.926247023326141
2025-04-30 23:20:38,296 - INFO - tree_node.f_best*ep:5.739935398101807,left_f_best6.952775001525879,right_f_best5.9252777099609375,i:1
2025-04-30 23:20:55,115 - INFO - tree_node.f_best*ep:5.739935398101807,left_f_best7.03397798538208,right_f_best5.8072381019592285,i:2
2025-04-30 23:21:12,720 - INFO - tree_node.f_best*ep:5.739935398101807,left_f_best6.9162678718566895,right_f_best5.793088436126709,i:3
2025-04-30 23:21:31,266 - INFO - tree_node.f_best*ep:5.739935398101807,left_f_best6.660644054412842,right_f_best5.817468166351318,i:4
2025-04-30 23:21:50,985 - INFO - tree_node.f_best*ep:5.739935398101807,left_f_best6.699685096740723,right_f_best5.780090808868408,i:5
2025-04-30 23:22:11,330 - INFO - tree_node.f_best*ep:5.739935398101807,left_f_best6.890017032623291,right_f_best5.579156398773193,i:6
2025-04-30 23:23:44,284 - INFO - 添加左子节点，右子节点，len(queue):3
2025-04-30 23:23:44,284 - INFO - Node 1: k=674.5429381316718, f_best=5.847862720489502, f_min=3.6831806098380184
2025-04-30 23:23:44,284 - INFO - Node 2: k=330.435075901045, f_best=6.865670680999756, f_min=1.6855851260643249
2025-04-30 23:23:44,284 - INFO - Node 3: k=340.44758913592256, f_best=5.739935398101807, f_min=4.926247023326141
2025-04-30 23:23:44,284 - INFO - Node 4: k=340.44758913592256, f_best=6.890017032623291, f_min=5.144465854342343
2025-04-30 23:23:44,285 - INFO - Node 5: k=443.5129473102964, f_best=5.579156398773193, f_min=5.459264777080534
2025-04-30 23:23:44,285 - INFO - cur_node_number 3,f_best 5.579156398773193,f_min 5.459264777080534,k 443.5129473102964
2025-04-30 23:23:44,285 - INFO - f_best_current 5.579156398773193,f_min 5.459264777080534
2025-04-30 23:23:44,285 - INFO - 回退,len(queue)=1
2025-04-30 23:24:01,028 - INFO - tree_node.f_best*ep:5.739935398101807,left_f_best6.975637912750244,right_f_best5.854625225067139,i:1
2025-04-30 23:24:18,382 - INFO - tree_node.f_best*ep:5.739935398101807,left_f_best6.8119096755981445,right_f_best5.848703861236572,i:2
2025-04-30 23:24:36,794 - INFO - tree_node.f_best*ep:5.739935398101807,left_f_best6.852212905883789,right_f_best5.835342884063721,i:3
2025-04-30 23:24:55,666 - INFO - tree_node.f_best*ep:5.739935398101807,left_f_best6.980220317840576,right_f_best5.742561340332031,i:4
2025-04-30 23:25:15,019 - INFO - tree_node.f_best*ep:5.739935398101807,left_f_best6.705652713775635,right_f_best5.733335494995117,i:5
2025-04-30 23:26:38,822 - INFO - 添加左子节点，右子节点，len(queue):3
2025-04-30 23:26:38,822 - INFO - Node 1: k=674.5429381316718, f_best=5.847862720489502, f_min=3.6831806098380184
2025-04-30 23:26:38,822 - INFO - Node 2: k=330.435075901045, f_best=6.865670680999756, f_min=1.6855851260643249
2025-04-30 23:26:38,822 - INFO - Node 3: k=443.5129473102964, f_best=5.739935398101807, f_min=4.926247023326141
2025-04-30 23:26:38,823 - INFO - Node 4: k=269.6730912168845, f_best=6.705652713775635, f_min=5.079060718982873
2025-04-30 23:26:38,823 - INFO - Node 5: k=317.5416130685918, f_best=5.733335494995117, f_min=2.4269045537621423
2025-04-30 23:26:38,823 - INFO - cur_node_number 4,f_best 5.733335494995117,f_min 2.4269045537621423,k 317.5416130685918
2025-04-30 23:26:38,823 - INFO - f_best_current 5.733335494995117,f_min 2.4269045537621423
2025-04-30 23:26:55,872 - INFO - tree_node.f_best*ep:5.733335494995117,left_f_best6.823971748352051,right_f_best5.907298564910889,i:1
2025-04-30 23:27:13,430 - INFO - tree_node.f_best*ep:5.733335494995117,left_f_best6.814304828643799,right_f_best5.773195743560791,i:2
2025-04-30 23:27:31,973 - INFO - tree_node.f_best*ep:5.733335494995117,left_f_best6.790245532989502,right_f_best5.716374397277832,i:3
2025-04-30 23:28:59,478 - INFO - 添加左子节点，右子节点，len(queue):4
2025-04-30 23:28:59,478 - INFO - Node 1: k=674.5429381316718, f_best=5.847862720489502, f_min=3.6831806098380184
2025-04-30 23:28:59,478 - INFO - Node 2: k=330.435075901045, f_best=6.865670680999756, f_min=1.6855851260643249
2025-04-30 23:28:59,478 - INFO - Node 3: k=443.5129473102964, f_best=5.739935398101807, f_min=4.926247023326141
2025-04-30 23:28:59,478 - INFO - Node 4: k=269.6730912168845, f_best=6.705652713775635, f_min=5.079060718982873
2025-04-30 23:28:59,478 - INFO - Node 5: k=317.5416130685918, f_best=5.733335494995117, f_min=2.4269045537621423
2025-04-30 23:28:59,478 - INFO - Node 6: k=374.492348049515, f_best=6.790245532989502, f_min=2.0015957086397975
2025-04-30 23:28:59,479 - INFO - Node 7: k=279.01193911600893, f_best=5.716374397277832, f_min=5.53977948766078
2025-04-30 23:28:59,479 - INFO - cur_node_number 5,f_best 5.716374397277832,f_min 5.53977948766078,k 279.01193911600893
2025-04-30 23:28:59,479 - INFO - f_best_current 5.716374397277832,f_min 5.53977948766078
2025-04-30 23:29:16,103 - INFO - tree_node.f_best*ep:5.716374397277832,left_f_best6.88291597366333,right_f_best5.900455951690674,i:1
2025-04-30 23:29:33,173 - INFO - tree_node.f_best*ep:5.716374397277832,left_f_best6.818315029144287,right_f_best5.824893474578857,i:2
2025-04-30 23:29:51,019 - INFO - tree_node.f_best*ep:5.716374397277832,left_f_best6.740845203399658,right_f_best5.791555881500244,i:3
2025-04-30 23:30:09,560 - INFO - tree_node.f_best*ep:5.716374397277832,left_f_best6.7971320152282715,right_f_best5.747371196746826,i:4
2025-04-30 23:30:28,621 - INFO - tree_node.f_best*ep:5.716374397277832,left_f_best6.8283514976501465,right_f_best5.729856967926025,i:5
2025-04-30 23:30:48,736 - INFO - tree_node.f_best*ep:5.716374397277832,left_f_best6.650513172149658,right_f_best5.641125679016113,i:6
2025-04-30 23:32:18,961 - INFO - 添加左子节点，右子节点，len(queue):5
2025-04-30 23:32:18,961 - INFO - Node 1: k=674.5429381316718, f_best=5.847862720489502, f_min=3.6831806098380184
2025-04-30 23:32:18,962 - INFO - Node 2: k=330.435075901045, f_best=6.865670680999756, f_min=1.6855851260643249
2025-04-30 23:32:18,962 - INFO - Node 3: k=443.5129473102964, f_best=5.739935398101807, f_min=4.926247023326141
2025-04-30 23:32:18,962 - INFO - Node 4: k=269.6730912168845, f_best=6.705652713775635, f_min=5.079060718982873
2025-04-30 23:32:18,962 - INFO - Node 5: k=317.5416130685918, f_best=5.733335494995117, f_min=2.4269045537621423
2025-04-30 23:32:18,962 - INFO - Node 6: k=374.492348049515, f_best=6.790245532989502, f_min=2.0015957086397975
2025-04-30 23:32:18,962 - INFO - Node 7: k=279.01193911600893, f_best=5.716374397277832, f_min=5.53977948766078
2025-04-30 23:32:18,962 - INFO - Node 8: k=374.492348049515, f_best=6.650513172149658, f_min=6.184001036608606
2025-04-30 23:32:18,963 - INFO - Node 9: k=302.1299492220639, f_best=5.641125679016113, f_min=4.325262517635565
2025-04-30 23:32:18,963 - INFO - cur_node_number 6,f_best 5.641125679016113,f_min 4.325262517635565,k 302.1299492220639
2025-04-30 23:32:18,963 - INFO - f_best_current 5.641125679016113,f_min 4.325262517635565
2025-04-30 23:32:18,963 - INFO - 回退,len(queue)=3
2025-04-30 23:32:35,641 - INFO - tree_node.f_best*ep:5.716374397277832,left_f_best6.68889045715332,right_f_best5.918118000030518,i:1
2025-04-30 23:32:52,851 - INFO - tree_node.f_best*ep:5.716374397277832,left_f_best6.790836811065674,right_f_best5.7983293533325195,i:2
2025-04-30 23:33:10,368 - INFO - tree_node.f_best*ep:5.716374397277832,left_f_best6.990477561950684,right_f_best5.807680606842041,i:3
2025-04-30 23:33:28,955 - INFO - tree_node.f_best*ep:5.716374397277832,left_f_best6.8585944175720215,right_f_best5.7334675788879395,i:4
2025-04-30 23:33:48,589 - INFO - tree_node.f_best*ep:5.716374397277832,left_f_best6.9238810539245605,right_f_best5.735372543334961,i:5
2025-04-30 23:34:09,183 - INFO - tree_node.f_best*ep:5.716374397277832,left_f_best6.722781658172607,right_f_best5.8281636238098145,i:6
2025-04-30 23:34:30,634 - INFO - tree_node.f_best*ep:5.716374397277832,left_f_best6.815181255340576,right_f_best5.710214614868164,i:7
2025-04-30 23:35:54,278 - INFO - 添加左子节点，右子节点，len(queue):5
2025-04-30 23:35:54,279 - INFO - Node 1: k=674.5429381316718, f_best=5.847862720489502, f_min=3.6831806098380184
2025-04-30 23:35:54,279 - INFO - Node 2: k=330.435075901045, f_best=6.865670680999756, f_min=1.6855851260643249
2025-04-30 23:35:54,279 - INFO - Node 3: k=443.5129473102964, f_best=5.739935398101807, f_min=4.926247023326141
2025-04-30 23:35:54,279 - INFO - Node 4: k=269.6730912168845, f_best=6.705652713775635, f_min=5.079060718982873
2025-04-30 23:35:54,279 - INFO - Node 5: k=317.5416130685918, f_best=5.733335494995117, f_min=2.4269045537621423
2025-04-30 23:35:54,279 - INFO - Node 6: k=374.492348049515, f_best=6.790245532989502, f_min=2.0015957086397975
2025-04-30 23:35:54,280 - INFO - Node 7: k=302.1299492220639, f_best=5.716374397277832, f_min=5.53977948766078
2025-04-30 23:35:54,280 - INFO - Node 8: k=275.09352035034385, f_best=6.815181255340576, f_min=5.940508439225596
2025-04-30 23:35:54,280 - INFO - Node 9: k=314.39763670157606, f_best=5.710214614868164, f_min=-1.6638958044622996
2025-04-30 23:35:54,280 - INFO - cur_node_number 7,f_best 5.710214614868164,f_min -1.6638958044622996,k 314.39763670157606
2025-04-30 23:35:54,280 - INFO - f_best_current 5.710214614868164,f_min -1.6638958044622996
2025-04-30 23:35:54,280 - INFO - 回退,len(queue)=3
2025-04-30 23:36:11,442 - INFO - tree_node.f_best*ep:5.716374397277832,left_f_best6.910168170928955,right_f_best5.8439154624938965,i:1
2025-04-30 23:36:29,263 - INFO - tree_node.f_best*ep:5.716374397277832,left_f_best7.230887413024902,right_f_best5.829313278198242,i:2
2025-04-30 23:36:47,445 - INFO - tree_node.f_best*ep:5.716374397277832,left_f_best6.762482166290283,right_f_best5.746876239776611,i:3
2025-04-30 23:37:06,336 - INFO - tree_node.f_best*ep:5.716374397277832,left_f_best6.844935417175293,right_f_best5.775017261505127,i:4
2025-04-30 23:37:26,075 - INFO - tree_node.f_best*ep:5.716374397277832,left_f_best6.79008150100708,right_f_best5.7632527351379395,i:5
2025-04-30 23:37:46,165 - INFO - tree_node.f_best*ep:5.716374397277832,left_f_best6.716536045074463,right_f_best5.6311469078063965,i:6
2025-04-30 23:39:14,029 - INFO - 添加左子节点，右子节点，len(queue):5
2025-04-30 23:39:14,029 - INFO - Node 1: k=674.5429381316718, f_best=5.847862720489502, f_min=3.6831806098380184
2025-04-30 23:39:14,029 - INFO - Node 2: k=330.435075901045, f_best=6.865670680999756, f_min=1.6855851260643249
2025-04-30 23:39:14,030 - INFO - Node 3: k=443.5129473102964, f_best=5.739935398101807, f_min=4.926247023326141
2025-04-30 23:39:14,030 - INFO - Node 4: k=269.6730912168845, f_best=6.705652713775635, f_min=5.079060718982873
2025-04-30 23:39:14,030 - INFO - Node 5: k=317.5416130685918, f_best=5.733335494995117, f_min=2.4269045537621423
2025-04-30 23:39:14,030 - INFO - Node 6: k=374.492348049515, f_best=6.790245532989502, f_min=2.0015957086397975
2025-04-30 23:39:14,030 - INFO - Node 7: k=314.39763670157606, f_best=5.716374397277832, f_min=5.53977948766078
2025-04-30 23:39:14,030 - INFO - Node 8: k=320.7170291992777, f_best=6.716536045074463, f_min=6.2369095033755
2025-04-30 23:39:14,030 - INFO - Node 9: k=305.1512487142845, f_best=5.6311469078063965, f_min=4.972802041347677
2025-04-30 23:39:14,031 - INFO - cur_node_number 8,f_best 5.6311469078063965,f_min 4.972802041347677,k 305.1512487142845
2025-04-30 23:39:14,031 - INFO - f_best_current 5.6311469078063965,f_min 4.972802041347677
2025-04-30 23:39:30,767 - INFO - tree_node.f_best*ep:5.6311469078063965,left_f_best6.96110200881958,right_f_best5.875402450561523,i:1
2025-04-30 23:39:48,412 - INFO - tree_node.f_best*ep:5.6311469078063965,left_f_best6.825672626495361,right_f_best5.841219902038574,i:2
2025-04-30 23:40:06,801 - INFO - tree_node.f_best*ep:5.6311469078063965,left_f_best6.920907497406006,right_f_best5.785587787628174,i:3
2025-04-30 23:40:25,856 - INFO - tree_node.f_best*ep:5.6311469078063965,left_f_best6.997427940368652,right_f_best5.734994411468506,i:4
2025-04-30 23:40:45,632 - INFO - tree_node.f_best*ep:5.6311469078063965,left_f_best6.765305995941162,right_f_best5.742886066436768,i:5
2025-04-30 23:41:06,241 - INFO - tree_node.f_best*ep:5.6311469078063965,left_f_best6.7461066246032715,right_f_best5.665809631347656,i:6
2025-04-30 23:41:27,767 - INFO - tree_node.f_best*ep:5.6311469078063965,left_f_best6.615965366363525,right_f_best5.7135772705078125,i:7
2025-04-30 23:41:50,254 - INFO - tree_node.f_best*ep:5.6311469078063965,left_f_best6.876878261566162,right_f_best5.7120232582092285,i:8
2025-04-30 23:42:13,652 - INFO - tree_node.f_best*ep:5.6311469078063965,left_f_best6.82920503616333,right_f_best5.605241298675537,i:9
2025-04-30 23:43:45,215 - INFO - 添加左子节点，右子节点，len(queue):6
2025-04-30 23:43:45,216 - INFO - Node 1: k=674.5429381316718, f_best=5.847862720489502, f_min=3.6831806098380184
2025-04-30 23:43:45,216 - INFO - Node 2: k=330.435075901045, f_best=6.865670680999756, f_min=1.6855851260643249
2025-04-30 23:43:45,216 - INFO - Node 3: k=443.5129473102964, f_best=5.739935398101807, f_min=4.926247023326141
2025-04-30 23:43:45,216 - INFO - Node 4: k=269.6730912168845, f_best=6.705652713775635, f_min=5.079060718982873
2025-04-30 23:43:45,216 - INFO - Node 5: k=317.5416130685918, f_best=5.733335494995117, f_min=2.4269045537621423
2025-04-30 23:43:45,216 - INFO - Node 6: k=374.492348049515, f_best=6.790245532989502, f_min=2.0015957086397975
2025-04-30 23:43:45,216 - INFO - Node 7: k=314.39763670157606, f_best=5.716374397277832, f_min=5.53977948766078
2025-04-30 23:43:45,217 - INFO - Node 8: k=320.7170291992777, f_best=6.716536045074463, f_min=6.2369095033755
2025-04-30 23:43:45,217 - INFO - Node 9: k=305.1512487142845, f_best=5.6311469078063965, f_min=4.972802041347677
2025-04-30 23:43:45,217 - INFO - Node 10: k=361.39197609131196, f_best=6.82920503616333, f_min=6.045635729091373
2025-04-30 23:43:45,217 - INFO - Node 11: k=327.1634414861832, f_best=5.605241298675537, f_min=5.542312275476434
2025-04-30 23:43:45,217 - INFO - cur_node_number 9,f_best 5.605241298675537,f_min 5.542312275476434,k 327.1634414861832
2025-04-30 23:43:45,217 - INFO - f_best_current 5.605241298675537,f_min 5.542312275476434
2025-04-30 23:43:45,217 - INFO - 回退,len(queue)=4
2025-04-30 23:43:45,218 - INFO - 回退,len(queue)=3
2025-04-30 23:43:45,218 - INFO - 回退,len(queue)=2
2025-04-30 23:44:02,428 - INFO - tree_node.f_best*ep:5.733335494995117,left_f_best6.896414279937744,right_f_best5.803016662597656,i:1
2025-04-30 23:44:20,103 - INFO - tree_node.f_best*ep:5.733335494995117,left_f_best6.944546699523926,right_f_best5.817393779754639,i:2
2025-04-30 23:44:38,712 - INFO - tree_node.f_best*ep:5.733335494995117,left_f_best6.809530258178711,right_f_best5.819483757019043,i:3
2025-04-30 23:44:57,712 - INFO - tree_node.f_best*ep:5.733335494995117,left_f_best6.7197675704956055,right_f_best5.833095073699951,i:4
2025-04-30 23:45:17,345 - INFO - tree_node.f_best*ep:5.733335494995117,left_f_best6.768722057342529,right_f_best5.749208927154541,i:5
2025-04-30 23:45:37,954 - INFO - tree_node.f_best*ep:5.733335494995117,left_f_best6.896737098693848,right_f_best5.7730512619018555,i:6
2025-04-30 23:45:59,156 - INFO - tree_node.f_best*ep:5.733335494995117,left_f_best6.808619976043701,right_f_best5.665931224822998,i:7
2025-04-30 23:47:15,518 - INFO - 添加左子节点，右子节点，len(queue):4
2025-04-30 23:47:15,518 - INFO - Node 1: k=674.5429381316718, f_best=5.847862720489502, f_min=3.6831806098380184
2025-04-30 23:47:15,519 - INFO - Node 2: k=330.435075901045, f_best=6.865670680999756, f_min=1.6855851260643249
2025-04-30 23:47:15,519 - INFO - Node 3: k=443.5129473102964, f_best=5.739935398101807, f_min=4.926247023326141
2025-04-30 23:47:15,519 - INFO - Node 4: k=269.6730912168845, f_best=6.705652713775635, f_min=5.079060718982873
2025-04-30 23:47:15,519 - INFO - Node 5: k=327.1634414861832, f_best=5.733335494995117, f_min=2.4269045537621423
2025-04-30 23:47:15,519 - INFO - Node 6: k=167.97038765770577, f_best=6.808619976043701, f_min=5.3215970560859205
2025-04-30 23:47:15,519 - INFO - Node 7: k=262.84186782327305, f_best=5.665931224822998, f_min=5.504694342502262
2025-04-30 23:47:15,519 - INFO - cur_node_number 10,f_best 5.665931224822998,f_min 5.504694342502262,k 262.84186782327305
2025-04-30 23:47:15,519 - INFO - f_best_current 5.665931224822998,f_min 5.504694342502262
2025-04-30 23:47:32,192 - INFO - tree_node.f_best*ep:5.665931224822998,left_f_best6.936920642852783,right_f_best5.895715236663818,i:1
2025-04-30 23:47:49,665 - INFO - tree_node.f_best*ep:5.665931224822998,left_f_best6.8831658363342285,right_f_best5.779505252838135,i:2
2025-04-30 23:48:08,116 - INFO - tree_node.f_best*ep:5.665931224822998,left_f_best6.822676658630371,right_f_best5.81157922744751,i:3
2025-04-30 23:48:27,409 - INFO - tree_node.f_best*ep:5.665931224822998,left_f_best6.727746963500977,right_f_best5.77247953414917,i:4
2025-04-30 23:48:47,377 - INFO - tree_node.f_best*ep:5.665931224822998,left_f_best6.7833733558654785,right_f_best5.745863437652588,i:5
2025-04-30 23:49:06,875 - INFO - tree_node.f_best*ep:5.665931224822998,left_f_best6.964391708374023,right_f_best5.6302809715271,i:6
2025-04-30 23:50:15,423 - INFO - 添加左子节点，右子节点，len(queue):5
2025-04-30 23:50:15,424 - INFO - Node 1: k=674.5429381316718, f_best=5.847862720489502, f_min=3.6831806098380184
2025-04-30 23:50:15,424 - INFO - Node 2: k=330.435075901045, f_best=6.865670680999756, f_min=1.6855851260643249
2025-04-30 23:50:15,424 - INFO - Node 3: k=443.5129473102964, f_best=5.739935398101807, f_min=4.926247023326141
2025-04-30 23:50:15,424 - INFO - Node 4: k=269.6730912168845, f_best=6.705652713775635, f_min=5.079060718982873
2025-04-30 23:50:15,424 - INFO - Node 5: k=327.1634414861832, f_best=5.733335494995117, f_min=2.4269045537621423
2025-04-30 23:50:15,424 - INFO - Node 6: k=167.97038765770577, f_best=6.808619976043701, f_min=5.3215970560859205
2025-04-30 23:50:15,424 - INFO - Node 7: k=262.84186782327305, f_best=5.665931224822998, f_min=5.504694342502262
2025-04-30 23:50:15,424 - INFO - Node 8: k=206.13916915548535, f_best=6.964391708374023, f_min=6.535839099695295
2025-04-30 23:50:15,424 - INFO - Node 9: k=247.6089292082304, f_best=5.6302809715271, f_min=1.5960551691096043
2025-04-30 23:50:15,424 - INFO - cur_node_number 11,f_best 5.6302809715271,f_min 1.5960551691096043,k 247.6089292082304
2025-04-30 23:50:15,424 - INFO - f_best_current 5.6302809715271,f_min 1.5960551691096043
2025-04-30 23:50:30,309 - INFO - tree_node.f_best*ep:5.6302809715271,left_f_best6.920627593994141,right_f_best5.821510314941406,i:1
2025-04-30 23:50:45,693 - INFO - tree_node.f_best*ep:5.6302809715271,left_f_best7.029646396636963,right_f_best5.8661980628967285,i:2
2025-04-30 23:51:02,054 - INFO - tree_node.f_best*ep:5.6302809715271,left_f_best7.011773586273193,right_f_best5.751760005950928,i:3
2025-04-30 23:51:19,336 - INFO - tree_node.f_best*ep:5.6302809715271,left_f_best6.898718357086182,right_f_best5.741020679473877,i:4
2025-04-30 23:51:37,334 - INFO - tree_node.f_best*ep:5.6302809715271,left_f_best6.677026271820068,right_f_best5.765885829925537,i:5
2025-04-30 23:51:56,113 - INFO - tree_node.f_best*ep:5.6302809715271,left_f_best6.794733047485352,right_f_best5.716428279876709,i:6
2025-04-30 23:52:15,733 - INFO - tree_node.f_best*ep:5.6302809715271,left_f_best6.866431713104248,right_f_best5.6717329025268555,i:7
2025-04-30 23:52:35,916 - INFO - tree_node.f_best*ep:5.6302809715271,left_f_best6.8097100257873535,right_f_best5.687437057495117,i:8
2025-04-30 23:52:56,538 - INFO - tree_node.f_best*ep:5.6302809715271,left_f_best6.738082408905029,right_f_best5.710824966430664,i:9
2025-04-30 23:53:17,740 - INFO - tree_node.f_best*ep:5.6302809715271,left_f_best6.69399881362915,right_f_best5.712378025054932,i:10
2025-04-30 23:53:39,881 - INFO - tree_node.f_best*ep:5.6302809715271,left_f_best6.584624290466309,right_f_best5.691725254058838,i:11
2025-04-30 23:54:02,985 - INFO - tree_node.f_best*ep:5.6302809715271,left_f_best6.8822455406188965,right_f_best5.6302809715271,i:12
2025-04-30 23:55:25,788 - INFO - 添加左子节点，右子节点，len(queue):6
2025-04-30 23:55:25,788 - INFO - Node 1: k=674.5429381316718, f_best=5.847862720489502, f_min=3.6831806098380184
2025-04-30 23:55:25,788 - INFO - Node 2: k=330.435075901045, f_best=6.865670680999756, f_min=1.6855851260643249
2025-04-30 23:55:25,788 - INFO - Node 3: k=443.5129473102964, f_best=5.739935398101807, f_min=4.926247023326141
2025-04-30 23:55:25,788 - INFO - Node 4: k=269.6730912168845, f_best=6.705652713775635, f_min=5.079060718982873
2025-04-30 23:55:25,789 - INFO - Node 5: k=327.1634414861832, f_best=5.733335494995117, f_min=2.4269045537621423
2025-04-30 23:55:25,789 - INFO - Node 6: k=167.97038765770577, f_best=6.808619976043701, f_min=5.3215970560859205
2025-04-30 23:55:25,789 - INFO - Node 7: k=262.84186782327305, f_best=5.665931224822998, f_min=5.504694342502262
2025-04-30 23:55:25,789 - INFO - Node 8: k=206.13916915548535, f_best=6.964391708374023, f_min=6.535839099695295
2025-04-30 23:55:25,789 - INFO - Node 9: k=247.6089292082304, f_best=5.6302809715271, f_min=1.5960551691096043
2025-04-30 23:55:25,789 - INFO - Node 10: k=354.2711264496735, f_best=6.8822455406188965, f_min=4.2272363093889
2025-04-30 23:55:25,789 - INFO - Node 11: k=333.73942666005547, f_best=5.6302809715271, f_min=5.532665386117515
2025-04-30 23:55:25,790 - INFO - cur_node_number 12,f_best 5.6302809715271,f_min 5.532665386117515,k 333.73942666005547
2025-04-30 23:55:25,790 - INFO - f_best_current 5.6302809715271,f_min 5.532665386117515
2025-04-30 23:55:25,790 - INFO - 回退,len(queue)=4
2025-04-30 23:55:25,790 - INFO - 回退,len(queue)=3
2025-04-30 23:55:25,790 - INFO - 回退,len(queue)=2
2025-04-30 23:55:40,874 - INFO - tree_node.f_best*ep:5.733335494995117,left_f_best6.812015056610107,right_f_best5.823278903961182,i:1
2025-04-30 23:55:56,655 - INFO - tree_node.f_best*ep:5.733335494995117,left_f_best6.949182033538818,right_f_best5.782668590545654,i:2
2025-04-30 23:56:12,969 - INFO - tree_node.f_best*ep:5.733335494995117,left_f_best6.803159236907959,right_f_best5.778722286224365,i:3
2025-04-30 23:56:30,055 - INFO - tree_node.f_best*ep:5.733335494995117,left_f_best6.779438495635986,right_f_best5.78933572769165,i:4
2025-04-30 23:56:47,952 - INFO - tree_node.f_best*ep:5.733335494995117,left_f_best6.701573371887207,right_f_best5.713648319244385,i:5
2025-04-30 23:58:03,748 - INFO - 添加左子节点，右子节点，len(queue):4
2025-04-30 23:58:03,748 - INFO - Node 1: k=674.5429381316718, f_best=5.847862720489502, f_min=3.6831806098380184
2025-04-30 23:58:03,749 - INFO - Node 2: k=330.435075901045, f_best=6.865670680999756, f_min=1.6855851260643249
2025-04-30 23:58:03,749 - INFO - Node 3: k=443.5129473102964, f_best=5.739935398101807, f_min=4.926247023326141
2025-04-30 23:58:03,749 - INFO - Node 4: k=269.6730912168845, f_best=6.705652713775635, f_min=5.079060718982873
2025-04-30 23:58:03,749 - INFO - Node 5: k=333.73942666005547, f_best=5.733335494995117, f_min=2.4269045537621423
2025-04-30 23:58:03,749 - INFO - Node 6: k=225.45137342874457, f_best=6.701573371887207, f_min=5.74679867757186
2025-04-30 23:58:03,749 - INFO - Node 7: k=365.0058958522251, f_best=5.713648319244385, f_min=2.8060277496006165
2025-04-30 23:58:03,749 - INFO - cur_node_number 13,f_best 5.713648319244385,f_min 2.8060277496006165,k 365.0058958522251
2025-04-30 23:58:03,749 - INFO - f_best_current 5.713648319244385,f_min 2.8060277496006165
2025-04-30 23:58:03,750 - INFO - 回退,len(queue)=2
2025-04-30 23:58:19,167 - INFO - tree_node.f_best*ep:5.733335494995117,left_f_best6.912252426147461,right_f_best5.851736545562744,i:1
2025-04-30 23:58:34,957 - INFO - tree_node.f_best*ep:5.733335494995117,left_f_best6.966128826141357,right_f_best5.767980575561523,i:2
2025-04-30 23:58:51,528 - INFO - tree_node.f_best*ep:5.733335494995117,left_f_best6.673517227172852,right_f_best5.778926372528076,i:3
2025-04-30 23:59:08,497 - INFO - tree_node.f_best*ep:5.733335494995117,left_f_best6.697863578796387,right_f_best5.820154666900635,i:4
2025-04-30 23:59:26,256 - INFO - tree_node.f_best*ep:5.733335494995117,left_f_best6.807432174682617,right_f_best5.760809421539307,i:5
2025-04-30 23:59:45,002 - INFO - tree_node.f_best*ep:5.733335494995117,left_f_best6.86269998550415,right_f_best5.743916988372803,i:6
2025-05-01 00:00:04,623 - INFO - tree_node.f_best*ep:5.733335494995117,left_f_best6.506886959075928,right_f_best5.824442386627197,i:7
2025-05-01 00:00:24,992 - INFO - tree_node.f_best*ep:5.733335494995117,left_f_best6.877711772918701,right_f_best5.6734490394592285,i:8
2025-05-01 00:01:46,053 - INFO - 添加左子节点，右子节点，len(queue):4
2025-05-01 00:01:46,053 - INFO - Node 1: k=674.5429381316718, f_best=5.847862720489502, f_min=3.6831806098380184
2025-05-01 00:01:46,053 - INFO - Node 2: k=330.435075901045, f_best=6.865670680999756, f_min=1.6855851260643249
2025-05-01 00:01:46,054 - INFO - Node 3: k=443.5129473102964, f_best=5.739935398101807, f_min=4.926247023326141
2025-05-01 00:01:46,054 - INFO - Node 4: k=269.6730912168845, f_best=6.705652713775635, f_min=5.079060718982873
2025-05-01 00:01:46,054 - INFO - Node 5: k=365.0058958522251, f_best=5.733335494995117, f_min=2.4269045537621423
2025-05-01 00:01:46,054 - INFO - Node 6: k=333.73942666005547, f_best=6.877711772918701, f_min=0.40767458676418755
2025-05-01 00:01:46,054 - INFO - Node 7: k=323.9241994912705, f_best=5.6734490394592285, f_min=5.176285345854922
2025-05-01 00:01:46,054 - INFO - cur_node_number 14,f_best 5.6734490394592285,f_min 5.176285345854922,k 323.9241994912705
2025-05-01 00:01:46,054 - INFO - f_best_current 5.6734490394592285,f_min 5.176285345854922
2025-05-01 00:02:01,408 - INFO - tree_node.f_best*ep:5.6734490394592285,left_f_best7.063355922698975,right_f_best5.842941761016846,i:1
2025-05-01 00:02:17,273 - INFO - tree_node.f_best*ep:5.6734490394592285,left_f_best6.8278679847717285,right_f_best5.803262710571289,i:2
2025-05-01 00:02:33,810 - INFO - tree_node.f_best*ep:5.6734490394592285,left_f_best6.926438808441162,right_f_best5.808596134185791,i:3
2025-05-01 00:02:51,151 - INFO - tree_node.f_best*ep:5.6734490394592285,left_f_best6.7793073654174805,right_f_best5.623185157775879,i:4
2025-05-01 00:04:09,762 - INFO - 添加左子节点，右子节点，len(queue):5
2025-05-01 00:04:09,762 - INFO - Node 1: k=674.5429381316718, f_best=5.847862720489502, f_min=3.6831806098380184
2025-05-01 00:04:09,762 - INFO - Node 2: k=330.435075901045, f_best=6.865670680999756, f_min=1.6855851260643249
2025-05-01 00:04:09,762 - INFO - Node 3: k=443.5129473102964, f_best=5.739935398101807, f_min=4.926247023326141
2025-05-01 00:04:09,762 - INFO - Node 4: k=269.6730912168845, f_best=6.705652713775635, f_min=5.079060718982873
2025-05-01 00:04:09,762 - INFO - Node 5: k=365.0058958522251, f_best=5.733335494995117, f_min=2.4269045537621423
2025-05-01 00:04:09,763 - INFO - Node 6: k=333.73942666005547, f_best=6.877711772918701, f_min=0.40767458676418755
2025-05-01 00:04:09,763 - INFO - Node 7: k=323.9241994912705, f_best=5.6734490394592285, f_min=5.176285345854922
2025-05-01 00:04:09,763 - INFO - Node 8: k=191.1659695050097, f_best=6.7793073654174805, f_min=5.706320579698513
2025-05-01 00:04:09,763 - INFO - Node 9: k=477.5039535189593, f_best=5.623185157775879, f_min=1.113556889946267
2025-05-01 00:04:09,763 - INFO - cur_node_number 15,f_best 5.623185157775879,f_min 1.113556889946267,k 477.5039535189593
2025-05-01 00:04:09,763 - INFO - f_best_current 5.623185157775879,f_min 1.113556889946267
2025-05-01 00:04:09,763 - INFO - 回退,len(queue)=3
2025-05-01 00:04:09,763 - INFO - 回退,len(queue)=2
2025-05-01 00:04:09,763 - INFO - 回退,len(queue)=1
2025-05-01 00:04:24,978 - INFO - tree_node.f_best*ep:5.739935398101807,left_f_best6.888152599334717,right_f_best5.883328914642334,i:1
2025-05-01 00:04:40,625 - INFO - tree_node.f_best*ep:5.739935398101807,left_f_best6.946247577667236,right_f_best5.678843975067139,i:2
2025-05-01 00:05:58,575 - INFO - 添加左子节点，右子节点，len(queue):3
2025-05-01 00:05:58,575 - INFO - Node 1: k=674.5429381316718, f_best=5.847862720489502, f_min=3.6831806098380184
2025-05-01 00:05:58,575 - INFO - Node 2: k=330.435075901045, f_best=6.865670680999756, f_min=1.6855851260643249
2025-05-01 00:05:58,576 - INFO - Node 3: k=477.5039535189593, f_best=5.739935398101807, f_min=4.926247023326141
2025-05-01 00:05:58,576 - INFO - Node 4: k=268.1249893665208, f_best=6.946247577667236, f_min=1.6572997423663764
2025-05-01 00:05:58,576 - INFO - Node 5: k=323.9241994912705, f_best=5.678843975067139, f_min=2.1704168825162924
2025-05-01 00:05:58,576 - INFO - cur_node_number 16,f_best 5.678843975067139,f_min 2.1704168825162924,k 323.9241994912705
2025-05-01 00:05:58,576 - INFO - f_best_current 5.678843975067139,f_min 2.1704168825162924
2025-05-01 00:06:14,082 - INFO - tree_node.f_best*ep:5.678843975067139,left_f_best6.898900508880615,right_f_best5.75758695602417,i:1
2025-05-01 00:06:30,057 - INFO - tree_node.f_best*ep:5.678843975067139,left_f_best6.908595085144043,right_f_best5.849131107330322,i:2
2025-05-01 00:06:46,560 - INFO - tree_node.f_best*ep:5.678843975067139,left_f_best6.995052814483643,right_f_best5.669120788574219,i:3
2025-05-01 00:07:56,847 - INFO - 添加左子节点，右子节点，len(queue):4
2025-05-01 00:07:56,847 - INFO - Node 1: k=674.5429381316718, f_best=5.847862720489502, f_min=3.6831806098380184
2025-05-01 00:07:56,847 - INFO - Node 2: k=330.435075901045, f_best=6.865670680999756, f_min=1.6855851260643249
2025-05-01 00:07:56,847 - INFO - Node 3: k=477.5039535189593, f_best=5.739935398101807, f_min=4.926247023326141
2025-05-01 00:07:56,847 - INFO - Node 4: k=268.1249893665208, f_best=6.946247577667236, f_min=1.6572997423663764
2025-05-01 00:07:56,848 - INFO - Node 5: k=323.9241994912705, f_best=5.678843975067139, f_min=2.1704168825162924
2025-05-01 00:07:56,848 - INFO - Node 6: k=268.1249893665208, f_best=6.995052814483643, f_min=6.849098976421374
2025-05-01 00:07:56,848 - INFO - Node 7: k=193.07762920005982, f_best=5.669120788574219, f_min=3.393503362401134
2025-05-01 00:07:56,848 - INFO - cur_node_number 17,f_best 5.669120788574219,f_min 3.393503362401134,k 193.07762920005982
2025-05-01 00:07:56,848 - INFO - f_best_current 5.669120788574219,f_min 3.393503362401134
2025-05-01 00:08:12,396 - INFO - tree_node.f_best*ep:5.669120788574219,left_f_best6.82166051864624,right_f_best5.820079803466797,i:1
2025-05-01 00:08:28,496 - INFO - tree_node.f_best*ep:5.669120788574219,left_f_best7.005580425262451,right_f_best5.825706958770752,i:2
2025-05-01 00:08:44,921 - INFO - tree_node.f_best*ep:5.669120788574219,left_f_best6.712339878082275,right_f_best5.765215873718262,i:3
2025-05-01 00:09:01,938 - INFO - tree_node.f_best*ep:5.669120788574219,left_f_best6.681128978729248,right_f_best5.678865432739258,i:4
2025-05-01 00:09:19,664 - INFO - tree_node.f_best*ep:5.669120788574219,left_f_best7.004368782043457,right_f_best5.778515338897705,i:5
2025-05-01 00:09:38,408 - INFO - tree_node.f_best*ep:5.669120788574219,left_f_best6.966836452484131,right_f_best5.775895595550537,i:6
2025-05-01 00:09:58,161 - INFO - tree_node.f_best*ep:5.669120788574219,left_f_best6.648539066314697,right_f_best5.704601764678955,i:7
2025-05-01 00:10:18,945 - INFO - tree_node.f_best*ep:5.669120788574219,left_f_best6.65712308883667,right_f_best5.711280345916748,i:8
2025-05-01 00:10:40,292 - INFO - tree_node.f_best*ep:5.669120788574219,left_f_best6.66279411315918,right_f_best5.6837592124938965,i:9
2025-05-01 00:11:03,155 - INFO - tree_node.f_best*ep:5.669120788574219,left_f_best6.711228370666504,right_f_best5.559204578399658,i:10
2025-05-01 00:12:17,792 - INFO - 添加左子节点，右子节点，len(queue):5
2025-05-01 00:12:17,792 - INFO - Node 1: k=674.5429381316718, f_best=5.847862720489502, f_min=3.6831806098380184
2025-05-01 00:12:17,793 - INFO - Node 2: k=330.435075901045, f_best=6.865670680999756, f_min=1.6855851260643249
2025-05-01 00:12:17,793 - INFO - Node 3: k=477.5039535189593, f_best=5.739935398101807, f_min=4.926247023326141
2025-05-01 00:12:17,793 - INFO - Node 4: k=268.1249893665208, f_best=6.946247577667236, f_min=1.6572997423663764
2025-05-01 00:12:17,793 - INFO - Node 5: k=323.9241994912705, f_best=5.678843975067139, f_min=2.1704168825162924
2025-05-01 00:12:17,793 - INFO - Node 6: k=268.1249893665208, f_best=6.995052814483643, f_min=6.849098976421374
2025-05-01 00:12:17,793 - INFO - Node 7: k=193.07762920005982, f_best=5.669120788574219, f_min=3.393503362401134
2025-05-01 00:12:17,793 - INFO - Node 8: k=181.88786062209485, f_best=6.711228370666504, f_min=5.512114739844037
2025-05-01 00:12:17,793 - INFO - Node 9: k=372.3425143588548, f_best=5.559204578399658, f_min=5.232111016133786
2025-05-01 00:12:17,794 - INFO - cur_node_number 18,f_best 5.559204578399658,f_min 5.232111016133786,k 372.3425143588548
2025-05-01 00:12:17,794 - INFO - f_best_current 5.559204578399658,f_min 5.232111016133786
2025-05-01 00:12:17,794 - INFO - 回退,len(queue)=3
2025-05-01 00:12:17,794 - INFO - 回退,len(queue)=2
2025-05-01 00:12:32,672 - INFO - tree_node.f_best*ep:5.678843975067139,left_f_best6.991687774658203,right_f_best5.968622207641602,i:1
2025-05-01 00:12:48,291 - INFO - tree_node.f_best*ep:5.678843975067139,left_f_best7.013246059417725,right_f_best5.838183403015137,i:2
2025-05-01 00:13:04,663 - INFO - tree_node.f_best*ep:5.678843975067139,left_f_best6.808194160461426,right_f_best5.842122554779053,i:3
2025-05-01 00:13:21,831 - INFO - tree_node.f_best*ep:5.678843975067139,left_f_best6.6899895668029785,right_f_best5.822354793548584,i:4
2025-05-01 00:13:39,959 - INFO - tree_node.f_best*ep:5.678843975067139,left_f_best6.852273464202881,right_f_best5.786773204803467,i:5
2025-05-01 00:13:58,789 - INFO - tree_node.f_best*ep:5.678843975067139,left_f_best6.954512596130371,right_f_best5.74207067489624,i:6
2025-05-01 00:14:18,362 - INFO - tree_node.f_best*ep:5.678843975067139,left_f_best6.739786148071289,right_f_best5.75945520401001,i:7
2025-05-01 00:14:38,750 - INFO - tree_node.f_best*ep:5.678843975067139,left_f_best6.743861675262451,right_f_best5.683203220367432,i:8
2025-05-01 00:14:59,474 - INFO - tree_node.f_best*ep:5.678843975067139,left_f_best6.6430983543396,right_f_best5.719716548919678,i:9
2025-05-01 00:15:20,881 - INFO - tree_node.f_best*ep:5.678843975067139,left_f_best6.69450044631958,right_f_best5.685824394226074,i:10
2025-05-01 00:15:43,451 - INFO - tree_node.f_best*ep:5.678843975067139,left_f_best6.660078525543213,right_f_best5.514441967010498,i:11
2025-05-01 00:16:58,960 - INFO - 添加左子节点，右子节点，len(queue):4
2025-05-01 00:16:58,960 - INFO - Node 1: k=674.5429381316718, f_best=5.847862720489502, f_min=3.6831806098380184
2025-05-01 00:16:58,960 - INFO - Node 2: k=330.435075901045, f_best=6.865670680999756, f_min=1.6855851260643249
2025-05-01 00:16:58,960 - INFO - Node 3: k=477.5039535189593, f_best=5.739935398101807, f_min=4.926247023326141
2025-05-01 00:16:58,960 - INFO - Node 4: k=268.1249893665208, f_best=6.946247577667236, f_min=1.6572997423663764
2025-05-01 00:16:58,960 - INFO - Node 5: k=372.3425143588548, f_best=5.678843975067139, f_min=2.1704168825162924
2025-05-01 00:16:58,961 - INFO - Node 6: k=259.1505400953476, f_best=6.660078525543213, f_min=6.532844652485437
2025-05-01 00:16:58,961 - INFO - Node 7: k=320.7170291992777, f_best=5.514441967010498, f_min=4.035578094588345
2025-05-01 00:16:58,961 - INFO - cur_node_number 19,f_best 5.514441967010498,f_min 4.035578094588345,k 320.7170291992777
2025-05-01 00:16:58,961 - INFO - f_best_current 5.514441967010498,f_min 4.035578094588345
2025-05-01 00:17:13,844 - INFO - tree_node.f_best*ep:5.514441967010498,left_f_best7.113221168518066,right_f_best5.7025837898254395,i:1
2025-05-01 00:17:29,206 - INFO - tree_node.f_best*ep:5.514441967010498,left_f_best6.938571453094482,right_f_best5.821052074432373,i:2
2025-05-01 00:17:45,412 - INFO - tree_node.f_best*ep:5.514441967010498,left_f_best6.7297492027282715,right_f_best5.814742088317871,i:3
2025-05-01 00:18:02,759 - INFO - tree_node.f_best*ep:5.514441967010498,left_f_best6.946718215942383,right_f_best5.746260643005371,i:4
2025-05-01 00:18:21,327 - INFO - tree_node.f_best*ep:5.514441967010498,left_f_best6.911046504974365,right_f_best5.762519359588623,i:5
2025-05-01 00:18:40,124 - INFO - tree_node.f_best*ep:5.514441967010498,left_f_best6.674330234527588,right_f_best5.737001895904541,i:6
2025-05-01 00:18:59,726 - INFO - tree_node.f_best*ep:5.514441967010498,left_f_best6.651113033294678,right_f_best5.684473037719727,i:7
2025-05-01 00:19:19,921 - INFO - tree_node.f_best*ep:5.514441967010498,left_f_best6.882951736450195,right_f_best5.713414669036865,i:8
2025-05-01 00:19:40,768 - INFO - tree_node.f_best*ep:5.514441967010498,left_f_best6.6869707107543945,right_f_best5.667367935180664,i:9
2025-05-01 00:20:02,581 - INFO - tree_node.f_best*ep:5.514441967010498,left_f_best6.745728015899658,right_f_best5.652834415435791,i:10
2025-05-01 00:20:24,804 - INFO - tree_node.f_best*ep:5.514441967010498,left_f_best6.880536079406738,right_f_best5.67026948928833,i:11
2025-05-01 00:20:47,651 - INFO - tree_node.f_best*ep:5.514441967010498,left_f_best6.848781108856201,right_f_best5.514441967010498,i:12
2025-05-01 00:22:00,042 - INFO - 添加左子节点，右子节点，len(queue):5
2025-05-01 00:22:00,042 - INFO - Node 1: k=674.5429381316718, f_best=5.847862720489502, f_min=3.6831806098380184
2025-05-01 00:22:00,042 - INFO - Node 2: k=330.435075901045, f_best=6.865670680999756, f_min=1.6855851260643249
2025-05-01 00:22:00,043 - INFO - Node 3: k=477.5039535189593, f_best=5.739935398101807, f_min=4.926247023326141
2025-05-01 00:22:00,043 - INFO - Node 4: k=268.1249893665208, f_best=6.946247577667236, f_min=1.6572997423663764
2025-05-01 00:22:00,043 - INFO - Node 5: k=372.3425143588548, f_best=5.678843975067139, f_min=2.1704168825162924
2025-05-01 00:22:00,043 - INFO - Node 6: k=259.1505400953476, f_best=6.660078525543213, f_min=6.532844652485437
2025-05-01 00:22:00,043 - INFO - Node 7: k=320.7170291992777, f_best=5.514441967010498, f_min=4.035578094588345
2025-05-01 00:22:00,043 - INFO - Node 8: k=299.1385635862019, f_best=6.848781108856201, f_min=6.260634721238603
2025-05-01 00:22:00,043 - INFO - Node 9: k=211.16615954091733, f_best=5.514441967010498, f_min=-1.3037159032692216
2025-05-01 00:22:00,043 - INFO - cur_node_number 20,f_best 5.514441967010498,f_min -1.3037159032692216,k 211.16615954091733
2025-05-01 00:22:00,043 - INFO - f_best_current 5.514441967010498,f_min -1.3037159032692216
2025-05-01 00:22:15,351 - INFO - tree_node.f_best*ep:5.514441967010498,left_f_best6.852031230926514,right_f_best5.814422607421875,i:1
2025-05-01 00:22:31,175 - INFO - tree_node.f_best*ep:5.514441967010498,left_f_best6.9942522048950195,right_f_best5.830210208892822,i:2
2025-05-01 00:22:47,733 - INFO - tree_node.f_best*ep:5.514441967010498,left_f_best7.013890743255615,right_f_best5.896618366241455,i:3
2025-05-01 00:23:04,771 - INFO - tree_node.f_best*ep:5.514441967010498,left_f_best6.8869805335998535,right_f_best5.826254367828369,i:4
2025-05-01 00:23:22,716 - INFO - tree_node.f_best*ep:5.514441967010498,left_f_best6.722304821014404,right_f_best5.75432825088501,i:5
2025-05-01 00:23:41,597 - INFO - tree_node.f_best*ep:5.514441967010498,left_f_best6.649260520935059,right_f_best5.767142295837402,i:6
2025-05-01 00:24:01,520 - INFO - tree_node.f_best*ep:5.514441967010498,left_f_best6.658457279205322,right_f_best5.766879558563232,i:7
2025-05-01 00:24:21,978 - INFO - tree_node.f_best*ep:5.514441967010498,left_f_best6.8425116539001465,right_f_best5.539016246795654,i:8
2025-05-01 00:24:43,037 - INFO - tree_node.f_best*ep:5.514441967010498,left_f_best6.74009895324707,right_f_best5.705227851867676,i:9
2025-05-01 00:25:04,817 - INFO - tree_node.f_best*ep:5.514441967010498,left_f_best6.986173152923584,right_f_best5.685739994049072,i:10
2025-05-01 00:25:27,043 - INFO - tree_node.f_best*ep:5.514441967010498,left_f_best6.796176433563232,right_f_best5.558186054229736,i:11
2025-05-01 00:25:50,103 - INFO - tree_node.f_best*ep:5.514441967010498,left_f_best6.915807247161865,right_f_best5.514441967010498,i:12
2025-05-01 00:27:08,909 - INFO - 添加左子节点，右子节点，len(queue):6
2025-05-01 00:27:08,909 - INFO - Node 1: k=674.5429381316718, f_best=5.847862720489502, f_min=3.6831806098380184
2025-05-01 00:27:08,909 - INFO - Node 2: k=330.435075901045, f_best=6.865670680999756, f_min=1.6855851260643249
2025-05-01 00:27:08,909 - INFO - Node 3: k=477.5039535189593, f_best=5.739935398101807, f_min=4.926247023326141
2025-05-01 00:27:08,909 - INFO - Node 4: k=268.1249893665208, f_best=6.946247577667236, f_min=1.6572997423663764
2025-05-01 00:27:08,909 - INFO - Node 5: k=372.3425143588548, f_best=5.678843975067139, f_min=2.1704168825162924
2025-05-01 00:27:08,909 - INFO - Node 6: k=259.1505400953476, f_best=6.660078525543213, f_min=6.532844652485437
2025-05-01 00:27:08,910 - INFO - Node 7: k=320.7170291992777, f_best=5.514441967010498, f_min=4.035578094588345
2025-05-01 00:27:08,910 - INFO - Node 8: k=299.1385635862019, f_best=6.848781108856201, f_min=6.260634721238603
2025-05-01 00:27:08,910 - INFO - Node 9: k=211.16615954091733, f_best=5.514441967010498, f_min=-1.3037159032692216
2025-05-01 00:27:08,910 - INFO - Node 10: k=368.65595481074735, f_best=6.915807247161865, f_min=2.2182575205661124
2025-05-01 00:27:08,910 - INFO - Node 11: k=245.15735565171326, f_best=5.514441967010498, f_min=-3.2053070121964993
2025-05-01 00:27:08,910 - INFO - cur_node_number 21,f_best 5.514441967010498,f_min -3.2053070121964993,k 245.15735565171326
2025-05-01 00:27:08,910 - INFO - f_best_current 5.514441967010498,f_min -3.2053070121964993
2025-05-01 00:27:08,910 - INFO - 回退,len(queue)=4
2025-05-01 00:27:24,439 - INFO - tree_node.f_best*ep:5.514441967010498,left_f_best7.135767459869385,right_f_best5.699956893920898,i:1
2025-05-01 00:27:40,365 - INFO - tree_node.f_best*ep:5.514441967010498,left_f_best6.982853412628174,right_f_best5.889964580535889,i:2
2025-05-01 00:27:56,812 - INFO - tree_node.f_best*ep:5.514441967010498,left_f_best6.822814464569092,right_f_best5.683874130249023,i:3
2025-05-01 00:28:13,761 - INFO - tree_node.f_best*ep:5.514441967010498,left_f_best6.793234825134277,right_f_best5.817389965057373,i:4
2025-05-01 00:28:31,600 - INFO - tree_node.f_best*ep:5.514441967010498,left_f_best6.792644023895264,right_f_best5.7699055671691895,i:5
2025-05-01 00:28:50,534 - INFO - tree_node.f_best*ep:5.514441967010498,left_f_best6.9416890144348145,right_f_best5.635369777679443,i:6
2025-05-01 00:29:10,109 - INFO - tree_node.f_best*ep:5.514441967010498,left_f_best6.932580471038818,right_f_best5.7458319664001465,i:7
2025-05-01 00:29:30,437 - INFO - tree_node.f_best*ep:5.514441967010498,left_f_best6.649253845214844,right_f_best5.615922451019287,i:8
2025-05-01 00:29:51,174 - INFO - tree_node.f_best*ep:5.514441967010498,left_f_best6.89414644241333,right_f_best5.572342395782471,i:9
2025-05-01 00:30:13,042 - INFO - tree_node.f_best*ep:5.514441967010498,left_f_best6.664328098297119,right_f_best5.658558368682861,i:10
2025-05-01 00:30:35,631 - INFO - tree_node.f_best*ep:5.514441967010498,left_f_best6.741158962249756,right_f_best5.560250759124756,i:11
2025-05-01 00:30:58,985 - INFO - tree_node.f_best*ep:5.514441967010498,left_f_best6.641839981079102,right_f_best5.514441967010498,i:12
2025-05-01 00:32:05,993 - INFO - 添加左子节点，右子节点，len(queue):6
2025-05-01 00:32:05,994 - INFO - Node 1: k=674.5429381316718, f_best=5.847862720489502, f_min=3.6831806098380184
2025-05-01 00:32:05,994 - INFO - Node 2: k=330.435075901045, f_best=6.865670680999756, f_min=1.6855851260643249
2025-05-01 00:32:05,994 - INFO - Node 3: k=477.5039535189593, f_best=5.739935398101807, f_min=4.926247023326141
2025-05-01 00:32:05,994 - INFO - Node 4: k=268.1249893665208, f_best=6.946247577667236, f_min=1.6572997423663764
2025-05-01 00:32:05,994 - INFO - Node 5: k=372.3425143588548, f_best=5.678843975067139, f_min=2.1704168825162924
2025-05-01 00:32:05,994 - INFO - Node 6: k=259.1505400953476, f_best=6.660078525543213, f_min=6.532844652485437
2025-05-01 00:32:05,995 - INFO - Node 7: k=320.7170291992777, f_best=5.514441967010498, f_min=4.035578094588345
2025-05-01 00:32:05,995 - INFO - Node 8: k=299.1385635862019, f_best=6.848781108856201, f_min=6.260634721238603
2025-05-01 00:32:05,995 - INFO - Node 9: k=245.15735565171326, f_best=5.514441967010498, f_min=-1.3037159032692216
2025-05-01 00:32:05,995 - INFO - Node 10: k=261.74204549630105, f_best=6.641839981079102, f_min=5.601615645295169
2025-05-01 00:32:05,995 - INFO - Node 11: k=169.65009153428284, f_best=5.514441967010498, f_min=3.591157999976531
2025-05-01 00:32:05,995 - INFO - cur_node_number 22,f_best 5.514441967010498,f_min 3.591157999976531,k 169.65009153428284
2025-05-01 00:32:05,995 - INFO - f_best_current 5.514441967010498,f_min 3.591157999976531
2025-05-01 00:32:21,580 - INFO - tree_node.f_best*ep:5.514441967010498,left_f_best6.983283042907715,right_f_best5.800181865692139,i:1
2025-05-01 00:32:37,609 - INFO - tree_node.f_best*ep:5.514441967010498,left_f_best6.791453838348389,right_f_best5.808533191680908,i:2
2025-05-01 00:32:54,249 - INFO - tree_node.f_best*ep:5.514441967010498,left_f_best6.928780555725098,right_f_best5.794389247894287,i:3
2025-05-01 00:33:11,220 - INFO - tree_node.f_best*ep:5.514441967010498,left_f_best6.963510990142822,right_f_best5.820808410644531,i:4
2025-05-01 00:33:28,959 - INFO - tree_node.f_best*ep:5.514441967010498,left_f_best6.674876689910889,right_f_best5.753483772277832,i:5
2025-05-01 00:33:47,571 - INFO - tree_node.f_best*ep:5.514441967010498,left_f_best6.870970726013184,right_f_best5.6407599449157715,i:6
2025-05-01 00:34:07,113 - INFO - tree_node.f_best*ep:5.514441967010498,left_f_best6.794869899749756,right_f_best5.726912498474121,i:7
2025-05-01 00:34:27,330 - INFO - tree_node.f_best*ep:5.514441967010498,left_f_best6.704380512237549,right_f_best5.818482398986816,i:8
2025-05-01 00:34:48,542 - INFO - tree_node.f_best*ep:5.514441967010498,left_f_best6.865219593048096,right_f_best5.758326053619385,i:9
2025-05-01 00:35:10,875 - INFO - tree_node.f_best*ep:5.514441967010498,left_f_best6.608678340911865,right_f_best5.6904425621032715,i:10
2025-05-01 00:35:33,772 - INFO - tree_node.f_best*ep:5.514441967010498,left_f_best6.672438144683838,right_f_best5.634401798248291,i:11
2025-05-01 00:35:56,988 - INFO - tree_node.f_best*ep:5.514441967010498,left_f_best6.54928731918335,right_f_best5.514441967010498,i:12
2025-05-01 00:37:23,136 - INFO - 添加左子节点，右子节点，len(queue):7
2025-05-01 00:37:23,136 - INFO - Node 1: k=674.5429381316718, f_best=5.847862720489502, f_min=3.6831806098380184
2025-05-01 00:37:23,136 - INFO - Node 2: k=330.435075901045, f_best=6.865670680999756, f_min=1.6855851260643249
2025-05-01 00:37:23,137 - INFO - Node 3: k=477.5039535189593, f_best=5.739935398101807, f_min=4.926247023326141
2025-05-01 00:37:23,137 - INFO - Node 4: k=268.1249893665208, f_best=6.946247577667236, f_min=1.6572997423663764
2025-05-01 00:37:23,137 - INFO - Node 5: k=372.3425143588548, f_best=5.678843975067139, f_min=2.1704168825162924
2025-05-01 00:37:23,137 - INFO - Node 6: k=259.1505400953476, f_best=6.660078525543213, f_min=6.532844652485437
2025-05-01 00:37:23,137 - INFO - Node 7: k=320.7170291992777, f_best=5.514441967010498, f_min=4.035578094588345
2025-05-01 00:37:23,137 - INFO - Node 8: k=299.1385635862019, f_best=6.848781108856201, f_min=6.260634721238603
2025-05-01 00:37:23,137 - INFO - Node 9: k=245.15735565171326, f_best=5.514441967010498, f_min=-1.3037159032692216
2025-05-01 00:37:23,138 - INFO - Node 10: k=261.74204549630105, f_best=6.641839981079102, f_min=5.601615645295169
2025-05-01 00:37:23,138 - INFO - Node 11: k=169.65009153428284, f_best=5.514441967010498, f_min=3.591157999976531
2025-05-01 00:37:23,138 - INFO - Node 12: k=378.23727153001016, f_best=6.54928731918335, f_min=6.399888942187317
2025-05-01 00:37:23,138 - INFO - Node 13: k=445.37655864117005, f_best=5.514441967010498, f_min=0.6800064946437487
2025-05-01 00:37:23,138 - INFO - cur_node_number 23,f_best 5.514441967010498,f_min 0.6800064946437487,k 445.37655864117005
2025-05-01 00:37:23,138 - INFO - f_best_current 5.514441967010498,f_min 0.6800064946437487
2025-05-01 00:37:23,138 - INFO - 回退,len(queue)=5
2025-05-01 00:37:23,138 - INFO - 回退,len(queue)=4
2025-05-01 00:37:23,139 - INFO - 回退,len(queue)=3
2025-05-01 00:37:23,139 - INFO - 回退,len(queue)=2
2025-05-01 00:37:38,564 - INFO - tree_node.f_best*ep:5.678843975067139,left_f_best6.922974109649658,right_f_best5.8763747215271,i:1
2025-05-01 00:37:54,397 - INFO - tree_node.f_best*ep:5.678843975067139,left_f_best6.8879780769348145,right_f_best5.806502342224121,i:2
2025-05-01 00:38:10,966 - INFO - tree_node.f_best*ep:5.678843975067139,left_f_best7.044275760650635,right_f_best5.80816125869751,i:3
2025-05-01 00:38:28,019 - INFO - tree_node.f_best*ep:5.678843975067139,left_f_best6.768884181976318,right_f_best5.7352423667907715,i:4
2025-05-01 00:38:45,793 - INFO - tree_node.f_best*ep:5.678843975067139,left_f_best6.742777347564697,right_f_best5.723238945007324,i:5
2025-05-01 00:39:04,313 - INFO - tree_node.f_best*ep:5.678843975067139,left_f_best6.619349002838135,right_f_best5.676708698272705,i:6
2025-05-01 00:40:29,901 - INFO - 添加左子节点，右子节点，len(queue):4
2025-05-01 00:40:29,901 - INFO - Node 1: k=674.5429381316718, f_best=5.847862720489502, f_min=3.6831806098380184
2025-05-01 00:40:29,901 - INFO - Node 2: k=330.435075901045, f_best=6.865670680999756, f_min=1.6855851260643249
2025-05-01 00:40:29,901 - INFO - Node 3: k=477.5039535189593, f_best=5.739935398101807, f_min=4.926247023326141
2025-05-01 00:40:29,901 - INFO - Node 4: k=268.1249893665208, f_best=6.946247577667236, f_min=1.6572997423663764
2025-05-01 00:40:29,901 - INFO - Node 5: k=445.37655864117005, f_best=5.678843975067139, f_min=2.1704168825162924
2025-05-01 00:40:29,901 - INFO - Node 6: k=365.0058958522251, f_best=6.619349002838135, f_min=6.3646554332081
2025-05-01 00:40:29,901 - INFO - Node 7: k=372.3425143588548, f_best=5.676708698272705, f_min=5.335902587905366
2025-05-01 00:40:29,901 - INFO - cur_node_number 24,f_best 5.676708698272705,f_min 5.335902587905366,k 372.3425143588548
2025-05-01 00:40:29,901 - INFO - f_best_current 5.676708698272705,f_min 5.335902587905366
2025-05-01 00:40:47,916 - INFO - tree_node.f_best*ep:5.676708698272705,left_f_best7.05387544631958,right_f_best5.889217853546143,i:1
2025-05-01 00:41:06,070 - INFO - tree_node.f_best*ep:5.676708698272705,left_f_best6.923067569732666,right_f_best5.832406520843506,i:2
2025-05-01 00:41:25,108 - INFO - tree_node.f_best*ep:5.676708698272705,left_f_best6.952963829040527,right_f_best5.812716960906982,i:3
2025-05-01 00:41:44,941 - INFO - tree_node.f_best*ep:5.676708698272705,left_f_best6.9065985679626465,right_f_best5.737220287322998,i:4
2025-05-01 00:42:05,980 - INFO - tree_node.f_best*ep:5.676708698272705,left_f_best6.764796733856201,right_f_best5.706824779510498,i:5
2025-05-01 00:42:28,122 - INFO - tree_node.f_best*ep:5.676708698272705,left_f_best6.801537990570068,right_f_best5.681900501251221,i:6
2025-05-01 00:42:51,109 - INFO - tree_node.f_best*ep:5.676708698272705,left_f_best6.893936634063721,right_f_best5.696310520172119,i:7
2025-05-01 00:43:15,265 - INFO - tree_node.f_best*ep:5.676708698272705,left_f_best6.910017013549805,right_f_best5.714885234832764,i:8
2025-05-01 00:43:39,958 - INFO - tree_node.f_best*ep:5.676708698272705,left_f_best6.862617015838623,right_f_best5.705499649047852,i:9
2025-05-01 00:44:05,471 - INFO - tree_node.f_best*ep:5.676708698272705,left_f_best6.585638046264648,right_f_best5.67664909362793,i:10
2025-05-01 00:45:37,220 - INFO - 添加左子节点，右子节点，len(queue):5
2025-05-01 00:45:37,220 - INFO - Node 1: k=674.5429381316718, f_best=5.847862720489502, f_min=3.6831806098380184
2025-05-01 00:45:37,220 - INFO - Node 2: k=330.435075901045, f_best=6.865670680999756, f_min=1.6855851260643249
2025-05-01 00:45:37,220 - INFO - Node 3: k=477.5039535189593, f_best=5.739935398101807, f_min=4.926247023326141
2025-05-01 00:45:37,220 - INFO - Node 4: k=268.1249893665208, f_best=6.946247577667236, f_min=1.6572997423663764
2025-05-01 00:45:37,220 - INFO - Node 5: k=445.37655864117005, f_best=5.678843975067139, f_min=2.1704168825162924
2025-05-01 00:45:37,220 - INFO - Node 6: k=365.0058958522251, f_best=6.619349002838135, f_min=6.3646554332081
2025-05-01 00:45:37,220 - INFO - Node 7: k=372.3425143588548, f_best=5.676708698272705, f_min=5.335902587905366
2025-05-01 00:45:37,220 - INFO - Node 8: k=378.23727153001016, f_best=6.585638046264648, f_min=4.268826144625564
2025-05-01 00:45:37,220 - INFO - Node 9: k=327.1634414861832, f_best=5.67664909362793, f_min=3.467263809125143
2025-05-01 00:45:37,220 - INFO - cur_node_number 25,f_best 5.67664909362793,f_min 3.467263809125143,k 327.1634414861832
2025-05-01 00:45:37,220 - INFO - f_best_current 5.67664909362793,f_min 3.467263809125143
2025-05-01 00:45:55,282 - INFO - tree_node.f_best*ep:5.67664909362793,left_f_best7.07523250579834,right_f_best5.807100772857666,i:1
2025-05-01 00:46:13,743 - INFO - tree_node.f_best*ep:5.67664909362793,left_f_best6.824359893798828,right_f_best5.827284336090088,i:2
2025-05-01 00:46:33,403 - INFO - tree_node.f_best*ep:5.67664909362793,left_f_best6.9084248542785645,right_f_best5.736568927764893,i:3
2025-05-01 00:46:54,050 - INFO - tree_node.f_best*ep:5.67664909362793,left_f_best7.002992153167725,right_f_best5.79398250579834,i:4
2025-05-01 00:47:15,582 - INFO - tree_node.f_best*ep:5.67664909362793,left_f_best6.769753932952881,right_f_best5.768648147583008,i:5
2025-05-01 00:47:38,079 - INFO - tree_node.f_best*ep:5.67664909362793,left_f_best6.705674171447754,right_f_best5.686573505401611,i:6
2025-05-01 00:48:01,202 - INFO - tree_node.f_best*ep:5.67664909362793,left_f_best6.718599319458008,right_f_best5.789454936981201,i:7
2025-05-01 00:48:25,197 - INFO - tree_node.f_best*ep:5.67664909362793,left_f_best6.7762532234191895,right_f_best5.634765148162842,i:8
2025-05-01 00:49:47,931 - INFO - 添加左子节点，右子节点，len(queue):6
2025-05-01 00:49:47,931 - INFO - Node 1: k=674.5429381316718, f_best=5.847862720489502, f_min=3.6831806098380184
2025-05-01 00:49:47,931 - INFO - Node 2: k=330.435075901045, f_best=6.865670680999756, f_min=1.6855851260643249
2025-05-01 00:49:47,931 - INFO - Node 3: k=477.5039535189593, f_best=5.739935398101807, f_min=4.926247023326141
2025-05-01 00:49:47,931 - INFO - Node 4: k=268.1249893665208, f_best=6.946247577667236, f_min=1.6572997423663764
2025-05-01 00:49:47,931 - INFO - Node 5: k=445.37655864117005, f_best=5.678843975067139, f_min=2.1704168825162924
2025-05-01 00:49:47,931 - INFO - Node 6: k=365.0058958522251, f_best=6.619349002838135, f_min=6.3646554332081
2025-05-01 00:49:47,931 - INFO - Node 7: k=372.3425143588548, f_best=5.676708698272705, f_min=5.335902587905366
2025-05-01 00:49:47,931 - INFO - Node 8: k=378.23727153001016, f_best=6.585638046264648, f_min=4.268826144625564
2025-05-01 00:49:47,931 - INFO - Node 9: k=327.1634414861832, f_best=5.67664909362793, f_min=3.467263809125143
2025-05-01 00:49:47,931 - INFO - Node 10: k=191.1659695050097, f_best=6.7762532234191895, f_min=6.249456779220964
2025-05-01 00:49:47,931 - INFO - Node 11: k=287.4662798831631, f_best=5.634765148162842, f_min=4.839826104998792
2025-05-01 00:49:47,931 - INFO - cur_node_number 26,f_best 5.634765148162842,f_min 4.839826104998792,k 287.4662798831631
2025-05-01 00:49:47,931 - INFO - f_best_current 5.634765148162842,f_min 4.839826104998792
2025-05-01 00:50:06,063 - INFO - tree_node.f_best*ep:5.634765148162842,left_f_best6.918651103973389,right_f_best5.760112762451172,i:1
2025-05-01 00:50:25,008 - INFO - tree_node.f_best*ep:5.634765148162842,left_f_best7.056576728820801,right_f_best5.813908100128174,i:2
2025-05-01 00:50:44,359 - INFO - tree_node.f_best*ep:5.634765148162842,left_f_best6.733662128448486,right_f_best5.862171173095703,i:3
2025-05-01 00:51:05,025 - INFO - tree_node.f_best*ep:5.634765148162842,left_f_best6.882976055145264,right_f_best5.8149943351745605,i:4
2025-05-01 00:51:26,339 - INFO - tree_node.f_best*ep:5.634765148162842,left_f_best6.885706424713135,right_f_best5.819058418273926,i:5
2025-05-01 00:51:48,796 - INFO - tree_node.f_best*ep:5.634765148162842,left_f_best6.945881366729736,right_f_best5.730232238769531,i:6
2025-05-01 00:52:12,480 - INFO - tree_node.f_best*ep:5.634765148162842,left_f_best6.622889041900635,right_f_best5.750119686126709,i:7
2025-05-01 00:52:36,572 - INFO - tree_node.f_best*ep:5.634765148162842,left_f_best6.723159313201904,right_f_best5.616662502288818,i:8
2025-05-01 00:54:17,572 - INFO - 添加左子节点，右子节点，len(queue):7
2025-05-01 00:54:17,572 - INFO - Node 1: k=674.5429381316718, f_best=5.847862720489502, f_min=3.6831806098380184
2025-05-01 00:54:17,572 - INFO - Node 2: k=330.435075901045, f_best=6.865670680999756, f_min=1.6855851260643249
2025-05-01 00:54:17,572 - INFO - Node 3: k=477.5039535189593, f_best=5.739935398101807, f_min=4.926247023326141
2025-05-01 00:54:17,572 - INFO - Node 4: k=268.1249893665208, f_best=6.946247577667236, f_min=1.6572997423663764
2025-05-01 00:54:17,572 - INFO - Node 5: k=445.37655864117005, f_best=5.678843975067139, f_min=2.1704168825162924
2025-05-01 00:54:17,572 - INFO - Node 6: k=365.0058958522251, f_best=6.619349002838135, f_min=6.3646554332081
2025-05-01 00:54:17,572 - INFO - Node 7: k=372.3425143588548, f_best=5.676708698272705, f_min=5.335902587905366
2025-05-01 00:54:17,572 - INFO - Node 8: k=378.23727153001016, f_best=6.585638046264648, f_min=4.268826144625564
2025-05-01 00:54:17,572 - INFO - Node 9: k=327.1634414861832, f_best=5.67664909362793, f_min=3.467263809125143
2025-05-01 00:54:17,572 - INFO - Node 10: k=191.1659695050097, f_best=6.7762532234191895, f_min=6.249456779220964
2025-05-01 00:54:17,572 - INFO - Node 11: k=287.4662798831631, f_best=5.634765148162842, f_min=4.839826104998792
2025-05-01 00:54:17,572 - INFO - Node 12: k=365.0058958522251, f_best=6.723159313201904, f_min=3.5408188417713973
2025-05-01 00:54:17,572 - INFO - Node 13: k=472.77619160293, f_best=5.616662502288818, f_min=3.311833112833483
2025-05-01 00:54:17,572 - INFO - cur_node_number 27,f_best 5.616662502288818,f_min 3.311833112833483,k 472.77619160293
2025-05-01 00:54:17,572 - INFO - f_best_current 5.616662502288818,f_min 3.311833112833483
2025-05-01 00:54:17,572 - INFO - 回退,len(queue)=5
2025-05-01 00:54:17,572 - INFO - 回退,len(queue)=4
2025-05-01 00:54:17,572 - INFO - 回退,len(queue)=3
2025-05-01 00:54:17,572 - INFO - 回退,len(queue)=2
2025-05-01 00:54:35,746 - INFO - tree_node.f_best*ep:5.678843975067139,left_f_best6.895891189575195,right_f_best5.9036784172058105,i:1
2025-05-01 00:54:54,580 - INFO - tree_node.f_best*ep:5.678843975067139,left_f_best6.8986897468566895,right_f_best5.820704460144043,i:2
2025-05-01 00:55:14,087 - INFO - tree_node.f_best*ep:5.678843975067139,left_f_best7.021843910217285,right_f_best5.751527309417725,i:3
2025-05-01 00:55:34,753 - INFO - tree_node.f_best*ep:5.678843975067139,left_f_best6.938215732574463,right_f_best5.782224178314209,i:4
2025-05-01 00:55:56,037 - INFO - tree_node.f_best*ep:5.678843975067139,left_f_best6.723997592926025,right_f_best5.5732741355896,i:5
2025-05-01 00:57:24,288 - INFO - 添加左子节点，右子节点，len(queue):4
2025-05-01 00:57:24,288 - INFO - Node 1: k=674.5429381316718, f_best=5.847862720489502, f_min=3.6831806098380184
2025-05-01 00:57:24,288 - INFO - Node 2: k=330.435075901045, f_best=6.865670680999756, f_min=1.6855851260643249
2025-05-01 00:57:24,288 - INFO - Node 3: k=477.5039535189593, f_best=5.739935398101807, f_min=4.926247023326141
2025-05-01 00:57:24,288 - INFO - Node 4: k=268.1249893665208, f_best=6.946247577667236, f_min=1.6572997423663764
2025-05-01 00:57:24,288 - INFO - Node 5: k=472.77619160293, f_best=5.678843975067139, f_min=2.1704168825162924
2025-05-01 00:57:24,288 - INFO - Node 6: k=343.8520650272818, f_best=6.723997592926025, f_min=5.015155767036049
2025-05-01 00:57:24,288 - INFO - Node 7: k=240.32678722842198, f_best=5.5732741355896, f_min=2.1359912349289516
2025-05-01 00:57:24,288 - INFO - cur_node_number 28,f_best 5.5732741355896,f_min 2.1359912349289516,k 240.32678722842198
2025-05-01 00:57:24,288 - INFO - f_best_current 5.5732741355896,f_min 2.1359912349289516
2025-05-01 00:57:42,343 - INFO - tree_node.f_best*ep:5.5732741355896,left_f_best7.036386013031006,right_f_best5.7946953773498535,i:1
2025-05-01 00:58:00,838 - INFO - tree_node.f_best*ep:5.5732741355896,left_f_best6.955258846282959,right_f_best5.767136096954346,i:2
2025-05-01 00:58:20,358 - INFO - tree_node.f_best*ep:5.5732741355896,left_f_best6.852950572967529,right_f_best5.798915863037109,i:3
2025-05-01 00:58:41,253 - INFO - tree_node.f_best*ep:5.5732741355896,left_f_best6.856095790863037,right_f_best5.664319038391113,i:4
2025-05-01 00:59:03,079 - INFO - tree_node.f_best*ep:5.5732741355896,left_f_best6.854064464569092,right_f_best5.780801773071289,i:5
2025-05-01 00:59:25,215 - INFO - tree_node.f_best*ep:5.5732741355896,left_f_best6.703624725341797,right_f_best5.781713962554932,i:6
2025-05-01 00:59:48,289 - INFO - tree_node.f_best*ep:5.5732741355896,left_f_best6.841244220733643,right_f_best5.691417694091797,i:7
2025-05-01 01:00:12,446 - INFO - tree_node.f_best*ep:5.5732741355896,left_f_best6.869298458099365,right_f_best5.710543155670166,i:8
2025-05-01 01:00:37,789 - INFO - tree_node.f_best*ep:5.5732741355896,left_f_best6.8280348777771,right_f_best5.670892238616943,i:9
2025-05-01 01:01:03,721 - INFO - tree_node.f_best*ep:5.5732741355896,left_f_best6.781057834625244,right_f_best5.7092509269714355,i:10
2025-05-01 01:01:31,071 - INFO - tree_node.f_best*ep:5.5732741355896,left_f_best6.664395809173584,right_f_best5.56109094619751,i:11
2025-05-01 01:03:11,532 - INFO - 添加左子节点，右子节点，len(queue):5
2025-05-01 01:03:11,532 - INFO - Node 1: k=674.5429381316718, f_best=5.847862720489502, f_min=3.6831806098380184
2025-05-01 01:03:11,532 - INFO - Node 2: k=330.435075901045, f_best=6.865670680999756, f_min=1.6855851260643249
2025-05-01 01:03:11,532 - INFO - Node 3: k=477.5039535189593, f_best=5.739935398101807, f_min=4.926247023326141
2025-05-01 01:03:11,532 - INFO - Node 4: k=268.1249893665208, f_best=6.946247577667236, f_min=1.6572997423663764
2025-05-01 01:03:11,532 - INFO - Node 5: k=472.77619160293, f_best=5.678843975067139, f_min=2.1704168825162924
2025-05-01 01:03:11,532 - INFO - Node 6: k=343.8520650272818, f_best=6.723997592926025, f_min=5.015155767036049
2025-05-01 01:03:11,532 - INFO - Node 7: k=240.32678722842198, f_best=5.5732741355896, f_min=2.1359912349289516
2025-05-01 01:03:11,532 - INFO - Node 8: k=432.2780999350384, f_best=6.664395809173584, f_min=-0.19212469347257866
2025-05-01 01:03:11,532 - INFO - Node 9: k=391.33572467066, f_best=5.56109094619751, f_min=3.729461694272686
2025-05-01 01:03:11,532 - INFO - cur_node_number 29,f_best 5.56109094619751,f_min 3.729461694272686,k 391.33572467066
2025-05-01 01:03:11,532 - INFO - f_best_current 5.56109094619751,f_min 3.729461694272686
2025-05-01 01:03:11,532 - INFO - 回退,len(queue)=3
2025-05-01 01:03:29,726 - INFO - tree_node.f_best*ep:5.5732741355896,left_f_best6.931158065795898,right_f_best5.915017604827881,i:1
2025-05-01 01:03:48,558 - INFO - tree_node.f_best*ep:5.5732741355896,left_f_best6.860019207000732,right_f_best5.761285305023193,i:2
2025-05-01 01:04:08,142 - INFO - tree_node.f_best*ep:5.5732741355896,left_f_best7.083946704864502,right_f_best5.747020244598389,i:3
2025-05-01 01:04:29,014 - INFO - tree_node.f_best*ep:5.5732741355896,left_f_best7.147757530212402,right_f_best5.721991539001465,i:4
2025-05-01 01:04:50,665 - INFO - tree_node.f_best*ep:5.5732741355896,left_f_best6.914876461029053,right_f_best5.829543590545654,i:5
2025-05-01 01:05:13,146 - INFO - tree_node.f_best*ep:5.5732741355896,left_f_best6.923554420471191,right_f_best5.617942810058594,i:6
2025-05-01 01:05:36,040 - INFO - tree_node.f_best*ep:5.5732741355896,left_f_best6.8004937171936035,right_f_best5.6881327629089355,i:7
2025-05-01 01:06:00,104 - INFO - tree_node.f_best*ep:5.5732741355896,left_f_best6.728207588195801,right_f_best5.664907455444336,i:8
2025-05-01 01:06:24,836 - INFO - tree_node.f_best*ep:5.5732741355896,left_f_best6.613958835601807,right_f_best5.6825785636901855,i:9
2025-05-01 01:06:50,468 - INFO - tree_node.f_best*ep:5.5732741355896,left_f_best6.8099751472473145,right_f_best5.704169750213623,i:10
2025-05-01 01:07:17,179 - INFO - tree_node.f_best*ep:5.5732741355896,left_f_best6.754750728607178,right_f_best5.716522216796875,i:11
2025-05-01 01:07:44,751 - INFO - tree_node.f_best*ep:5.5732741355896,left_f_best6.696220397949219,right_f_best5.5732741355896,i:12
2025-05-01 01:09:04,015 - INFO - 添加左子节点，右子节点，len(queue):5
2025-05-01 01:09:04,015 - INFO - Node 1: k=674.5429381316718, f_best=5.847862720489502, f_min=3.6831806098380184
2025-05-01 01:09:04,015 - INFO - Node 2: k=330.435075901045, f_best=6.865670680999756, f_min=1.6855851260643249
2025-05-01 01:09:04,015 - INFO - Node 3: k=477.5039535189593, f_best=5.739935398101807, f_min=4.926247023326141
2025-05-01 01:09:04,015 - INFO - Node 4: k=268.1249893665208, f_best=6.946247577667236, f_min=1.6572997423663764
2025-05-01 01:09:04,015 - INFO - Node 5: k=472.77619160293, f_best=5.678843975067139, f_min=2.1704168825162924
2025-05-01 01:09:04,015 - INFO - Node 6: k=343.8520650272818, f_best=6.723997592926025, f_min=5.015155767036049
2025-05-01 01:09:04,015 - INFO - Node 7: k=391.33572467066, f_best=5.5732741355896, f_min=2.1359912349289516
2025-05-01 01:09:04,015 - INFO - Node 8: k=211.16615954091733, f_best=6.696220397949219, f_min=5.5028483674368545
2025-05-01 01:09:04,015 - INFO - Node 9: k=228.66269186061132, f_best=5.5732741355896, f_min=4.979331946931779
2025-05-01 01:09:04,015 - INFO - cur_node_number 30,f_best 5.5732741355896,f_min 4.979331946931779,k 228.66269186061132
2025-05-01 01:09:04,015 - INFO - f_best_current 5.5732741355896,f_min 4.979331946931779
2025-05-01 01:09:20,456 - INFO - tree_node.f_best*ep:5.5732741355896,left_f_best7.058443546295166,right_f_best5.877640724182129,i:1
2025-05-01 01:09:39,377 - INFO - tree_node.f_best*ep:5.5732741355896,left_f_best6.993010520935059,right_f_best5.943238735198975,i:2
2025-05-01 01:09:57,988 - INFO - tree_node.f_best*ep:5.5732741355896,left_f_best6.798224925994873,right_f_best5.846818447113037,i:3
2025-05-01 01:10:17,977 - INFO - tree_node.f_best*ep:5.5732741355896,left_f_best6.8607001304626465,right_f_best5.630094051361084,i:4
2025-05-01 01:10:38,480 - INFO - tree_node.f_best*ep:5.5732741355896,left_f_best6.683920383453369,right_f_best5.6979660987854,i:5
2025-05-01 01:10:59,782 - INFO - tree_node.f_best*ep:5.5732741355896,left_f_best6.838093280792236,right_f_best5.709487438201904,i:6
2025-05-01 01:11:21,569 - INFO - tree_node.f_best*ep:5.5732741355896,left_f_best6.862302780151367,right_f_best5.77468729019165,i:7
2025-05-01 01:11:44,619 - INFO - tree_node.f_best*ep:5.5732741355896,left_f_best6.9318528175354,right_f_best5.755523681640625,i:8
2025-05-01 01:12:08,190 - INFO - tree_node.f_best*ep:5.5732741355896,left_f_best6.870120525360107,right_f_best5.719945907592773,i:9
2025-05-01 01:12:31,694 - INFO - tree_node.f_best*ep:5.5732741355896,left_f_best6.768436908721924,right_f_best5.561398506164551,i:10
2025-05-01 01:14:02,827 - INFO - 添加左子节点，右子节点，len(queue):6
2025-05-01 01:14:02,827 - INFO - Node 1: k=674.5429381316718, f_best=5.847862720489502, f_min=3.6831806098380184
2025-05-01 01:14:02,827 - INFO - Node 2: k=330.435075901045, f_best=6.865670680999756, f_min=1.6855851260643249
2025-05-01 01:14:02,827 - INFO - Node 3: k=477.5039535189593, f_best=5.739935398101807, f_min=4.926247023326141
2025-05-01 01:14:02,827 - INFO - Node 4: k=268.1249893665208, f_best=6.946247577667236, f_min=1.6572997423663764
2025-05-01 01:14:02,827 - INFO - Node 5: k=472.77619160293, f_best=5.678843975067139, f_min=2.1704168825162924
2025-05-01 01:14:02,827 - INFO - Node 6: k=343.8520650272818, f_best=6.723997592926025, f_min=5.015155767036049
2025-05-01 01:14:02,827 - INFO - Node 7: k=391.33572467066, f_best=5.5732741355896, f_min=2.1359912349289516
2025-05-01 01:14:02,827 - INFO - Node 8: k=211.16615954091733, f_best=6.696220397949219, f_min=5.5028483674368545
2025-05-01 01:14:02,827 - INFO - Node 9: k=228.66269186061132, f_best=5.5732741355896, f_min=4.979331946931779
2025-05-01 01:14:02,827 - INFO - Node 10: k=305.1512487142845, f_best=6.768436908721924, f_min=5.2434075809487695
2025-05-01 01:14:02,827 - INFO - Node 11: k=399.20157273654024, f_best=5.561398506164551, f_min=0.5613721264398919
2025-05-01 01:14:02,827 - INFO - cur_node_number 31,f_best 5.561398506164551,f_min 0.5613721264398919,k 399.20157273654024
2025-05-01 01:14:02,827 - INFO - f_best_current 5.561398506164551,f_min 0.5613721264398919
2025-05-01 01:14:02,827 - INFO - 回退,len(queue)=4
2025-05-01 01:14:02,827 - INFO - 回退,len(queue)=3
2025-05-01 01:14:19,640 - INFO - tree_node.f_best*ep:5.5732741355896,left_f_best7.060166835784912,right_f_best5.819439888000488,i:1
2025-05-01 01:14:37,768 - INFO - tree_node.f_best*ep:5.5732741355896,left_f_best7.018883228302002,right_f_best5.840107440948486,i:2
2025-05-01 01:14:56,652 - INFO - tree_node.f_best*ep:5.5732741355896,left_f_best6.930543899536133,right_f_best5.829081058502197,i:3
2025-05-01 01:15:15,447 - INFO - tree_node.f_best*ep:5.5732741355896,left_f_best6.806162357330322,right_f_best5.706445217132568,i:4
2025-05-01 01:15:35,197 - INFO - tree_node.f_best*ep:5.5732741355896,left_f_best6.812867164611816,right_f_best5.774963855743408,i:5
2025-05-01 01:15:56,400 - INFO - tree_node.f_best*ep:5.5732741355896,left_f_best6.868727207183838,right_f_best5.697194576263428,i:6
2025-05-01 01:16:18,935 - INFO - tree_node.f_best*ep:5.5732741355896,left_f_best6.839958190917969,right_f_best5.705745220184326,i:7
2025-05-01 01:16:42,463 - INFO - tree_node.f_best*ep:5.5732741355896,left_f_best6.870645999908447,right_f_best5.684981822967529,i:8
2025-05-01 01:17:06,463 - INFO - tree_node.f_best*ep:5.5732741355896,left_f_best6.809382915496826,right_f_best5.746120929718018,i:9
2025-05-01 01:17:30,693 - INFO - tree_node.f_best*ep:5.5732741355896,left_f_best6.719875812530518,right_f_best5.532452583312988,i:10
2025-05-01 01:19:01,778 - INFO - 添加左子节点，右子节点，len(queue):5
2025-05-01 01:19:01,778 - INFO - Node 1: k=674.5429381316718, f_best=5.847862720489502, f_min=3.6831806098380184
2025-05-01 01:19:01,778 - INFO - Node 2: k=330.435075901045, f_best=6.865670680999756, f_min=1.6855851260643249
2025-05-01 01:19:01,778 - INFO - Node 3: k=477.5039535189593, f_best=5.739935398101807, f_min=4.926247023326141
2025-05-01 01:19:01,778 - INFO - Node 4: k=268.1249893665208, f_best=6.946247577667236, f_min=1.6572997423663764
2025-05-01 01:19:01,778 - INFO - Node 5: k=472.77619160293, f_best=5.678843975067139, f_min=2.1704168825162924
2025-05-01 01:19:01,778 - INFO - Node 6: k=343.8520650272818, f_best=6.723997592926025, f_min=5.015155767036049
2025-05-01 01:19:01,778 - INFO - Node 7: k=399.20157273654024, f_best=5.5732741355896, f_min=2.1359912349289516
2025-05-01 01:19:01,778 - INFO - Node 8: k=350.76349153433017, f_best=6.719875812530518, f_min=5.804233473822023
2025-05-01 01:19:01,778 - INFO - Node 9: k=327.1634414861832, f_best=5.532452583312988, f_min=3.800785932917279
2025-05-01 01:19:01,778 - INFO - cur_node_number 32,f_best 5.532452583312988,f_min 3.800785932917279,k 327.1634414861832
2025-05-01 01:19:01,778 - INFO - f_best_current 5.532452583312988,f_min 3.800785932917279
2025-05-01 01:19:19,591 - INFO - tree_node.f_best*ep:5.532452583312988,left_f_best7.015466690063477,right_f_best5.791734218597412,i:1
2025-05-01 01:19:36,800 - INFO - tree_node.f_best*ep:5.532452583312988,left_f_best6.775877475738525,right_f_best5.830119609832764,i:2
2025-05-01 01:19:54,999 - INFO - tree_node.f_best*ep:5.532452583312988,left_f_best7.021243095397949,right_f_best5.709844589233398,i:3
2025-05-01 01:20:14,391 - INFO - tree_node.f_best*ep:5.532452583312988,left_f_best6.835902214050293,right_f_best5.753735065460205,i:4
2025-05-01 01:20:35,490 - INFO - tree_node.f_best*ep:5.532452583312988,left_f_best6.713212490081787,right_f_best5.734344959259033,i:5
2025-05-01 01:20:56,636 - INFO - tree_node.f_best*ep:5.532452583312988,left_f_best6.797938823699951,right_f_best5.713963985443115,i:6
2025-05-01 01:21:18,000 - INFO - tree_node.f_best*ep:5.532452583312988,left_f_best6.859001636505127,right_f_best5.640159606933594,i:7
2025-05-01 01:21:42,683 - INFO - tree_node.f_best*ep:5.532452583312988,left_f_best6.829044818878174,right_f_best5.595365047454834,i:8
2025-05-01 01:22:07,823 - INFO - tree_node.f_best*ep:5.532452583312988,left_f_best6.6064934730529785,right_f_best5.699111461639404,i:9
2025-05-01 01:22:33,897 - INFO - tree_node.f_best*ep:5.532452583312988,left_f_best6.899001598358154,right_f_best5.623905658721924,i:10
2025-05-01 01:22:59,609 - INFO - tree_node.f_best*ep:5.532452583312988,left_f_best6.731242656707764,right_f_best5.698875904083252,i:11
2025-05-01 01:23:25,071 - INFO - tree_node.f_best*ep:5.532452583312988,left_f_best6.858235836029053,right_f_best5.532452583312988,i:12
2025-05-01 01:25:03,739 - INFO - 添加左子节点，右子节点，len(queue):6
2025-05-01 01:25:03,739 - INFO - Node 1: k=674.5429381316718, f_best=5.847862720489502, f_min=3.6831806098380184
2025-05-01 01:25:03,739 - INFO - Node 2: k=330.435075901045, f_best=6.865670680999756, f_min=1.6855851260643249
2025-05-01 01:25:03,739 - INFO - Node 3: k=477.5039535189593, f_best=5.739935398101807, f_min=4.926247023326141
2025-05-01 01:25:03,739 - INFO - Node 4: k=268.1249893665208, f_best=6.946247577667236, f_min=1.6572997423663764
2025-05-01 01:25:03,739 - INFO - Node 5: k=472.77619160293, f_best=5.678843975067139, f_min=2.1704168825162924
2025-05-01 01:25:03,739 - INFO - Node 6: k=343.8520650272818, f_best=6.723997592926025, f_min=5.015155767036049
2025-05-01 01:25:03,739 - INFO - Node 7: k=399.20157273654024, f_best=5.5732741355896, f_min=2.1359912349289516
2025-05-01 01:25:03,739 - INFO - Node 8: k=350.76349153433017, f_best=6.719875812530518, f_min=5.804233473822023
2025-05-01 01:25:03,739 - INFO - Node 9: k=327.1634414861832, f_best=5.532452583312988, f_min=3.800785932917279
2025-05-01 01:25:03,739 - INFO - Node 10: k=436.60088093438884, f_best=6.858235836029053, f_min=6.222340278542106
2025-05-01 01:25:03,739 - INFO - Node 11: k=449.83032422758174, f_best=5.532452583312988, f_min=4.810771176802518
2025-05-01 01:25:03,739 - INFO - cur_node_number 33,f_best 5.532452583312988,f_min 4.810771176802518,k 449.83032422758174
2025-05-01 01:25:03,739 - INFO - f_best_current 5.532452583312988,f_min 4.810771176802518
2025-05-01 01:25:03,739 - INFO - 回退,len(queue)=4
2025-05-01 01:25:03,739 - INFO - 回退,len(queue)=3
2025-05-01 01:25:20,165 - INFO - tree_node.f_best*ep:5.5732741355896,left_f_best7.082690715789795,right_f_best5.818793773651123,i:1
2025-05-01 01:25:37,184 - INFO - tree_node.f_best*ep:5.5732741355896,left_f_best6.860530376434326,right_f_best5.797796249389648,i:2
2025-05-01 01:25:56,063 - INFO - tree_node.f_best*ep:5.5732741355896,left_f_best6.9712395668029785,right_f_best5.696470260620117,i:3
2025-05-01 01:26:16,461 - INFO - tree_node.f_best*ep:5.5732741355896,left_f_best6.908135890960693,right_f_best5.799575328826904,i:4
2025-05-01 01:26:36,929 - INFO - tree_node.f_best*ep:5.5732741355896,left_f_best7.034682750701904,right_f_best5.7842278480529785,i:5
2025-05-01 01:26:59,563 - INFO - tree_node.f_best*ep:5.5732741355896,left_f_best7.015219688415527,right_f_best5.8169846534729,i:6
2025-05-01 01:27:22,165 - INFO - tree_node.f_best*ep:5.5732741355896,left_f_best6.630838871002197,right_f_best5.721719264984131,i:7
2025-05-01 01:27:44,687 - INFO - tree_node.f_best*ep:5.5732741355896,left_f_best6.669575214385986,right_f_best5.79515266418457,i:8
2025-05-01 01:28:08,027 - INFO - tree_node.f_best*ep:5.5732741355896,left_f_best6.702888011932373,right_f_best5.733292102813721,i:9
2025-05-01 01:28:34,046 - INFO - tree_node.f_best*ep:5.5732741355896,left_f_best6.663041591644287,right_f_best5.658789157867432,i:10
2025-05-01 01:28:59,237 - INFO - tree_node.f_best*ep:5.5732741355896,left_f_best6.680762767791748,right_f_best5.724461555480957,i:11
2025-05-01 01:29:24,763 - INFO - tree_node.f_best*ep:5.5732741355896,left_f_best6.785977363586426,right_f_best5.5732741355896,i:12
2025-05-01 01:31:01,668 - INFO - 添加左子节点，右子节点，len(queue):5
2025-05-01 01:31:01,668 - INFO - Node 1: k=674.5429381316718, f_best=5.847862720489502, f_min=3.6831806098380184
2025-05-01 01:31:01,668 - INFO - Node 2: k=330.435075901045, f_best=6.865670680999756, f_min=1.6855851260643249
2025-05-01 01:31:01,668 - INFO - Node 3: k=477.5039535189593, f_best=5.739935398101807, f_min=4.926247023326141
2025-05-01 01:31:01,668 - INFO - Node 4: k=268.1249893665208, f_best=6.946247577667236, f_min=1.6572997423663764
2025-05-01 01:31:01,668 - INFO - Node 5: k=472.77619160293, f_best=5.678843975067139, f_min=2.1704168825162924
2025-05-01 01:31:01,668 - INFO - Node 6: k=343.8520650272818, f_best=6.723997592926025, f_min=5.015155767036049
2025-05-01 01:31:01,668 - INFO - Node 7: k=449.83032422758174, f_best=5.5732741355896, f_min=2.1359912349289516
2025-05-01 01:31:01,668 - INFO - Node 8: k=350.76349153433017, f_best=6.785977363586426, f_min=5.389000074141222
2025-05-01 01:31:01,668 - INFO - Node 9: k=449.83032422758174, f_best=5.5732741355896, f_min=5.445337562332497
2025-05-01 01:31:01,668 - INFO - cur_node_number 34,f_best 5.5732741355896,f_min 5.445337562332497,k 449.83032422758174
2025-05-01 01:31:01,668 - INFO - f_best_current 5.5732741355896,f_min 5.445337562332497
2025-05-01 01:31:18,512 - INFO - tree_node.f_best*ep:5.5732741355896,left_f_best6.9275689125061035,right_f_best5.865344524383545,i:1
2025-05-01 01:31:36,037 - INFO - tree_node.f_best*ep:5.5732741355896,left_f_best6.944607257843018,right_f_best5.880222797393799,i:2
2025-05-01 01:31:55,108 - INFO - tree_node.f_best*ep:5.5732741355896,left_f_best6.853325366973877,right_f_best5.833065986633301,i:3
2025-05-01 01:32:15,543 - INFO - tree_node.f_best*ep:5.5732741355896,left_f_best6.70503568649292,right_f_best5.736903667449951,i:4
2025-05-01 01:32:36,567 - INFO - tree_node.f_best*ep:5.5732741355896,left_f_best6.914793491363525,right_f_best5.715869903564453,i:5
2025-05-01 01:32:58,139 - INFO - tree_node.f_best*ep:5.5732741355896,left_f_best6.717989444732666,right_f_best5.681939601898193,i:6
2025-05-01 01:33:21,094 - INFO - tree_node.f_best*ep:5.5732741355896,left_f_best6.909409046173096,right_f_best5.7166242599487305,i:7
2025-05-01 01:33:43,385 - INFO - tree_node.f_best*ep:5.5732741355896,left_f_best6.866296291351318,right_f_best5.772821426391602,i:8
2025-05-01 01:34:06,622 - INFO - tree_node.f_best*ep:5.5732741355896,left_f_best6.705916881561279,right_f_best5.732492446899414,i:9
2025-05-01 01:34:31,514 - INFO - tree_node.f_best*ep:5.5732741355896,left_f_best6.638139247894287,right_f_best5.710472583770752,i:10
2025-05-01 01:34:56,777 - INFO - tree_node.f_best*ep:5.5732741355896,left_f_best6.83068323135376,right_f_best5.6187567710876465,i:11
2025-05-01 01:35:22,640 - INFO - tree_node.f_best*ep:5.5732741355896,left_f_best6.676449298858643,right_f_best5.5732741355896,i:12
2025-05-01 01:36:55,941 - INFO - 添加左子节点，右子节点，len(queue):6
2025-05-01 01:36:55,941 - INFO - Node 1: k=674.5429381316718, f_best=5.847862720489502, f_min=3.6831806098380184
2025-05-01 01:36:55,941 - INFO - Node 2: k=330.435075901045, f_best=6.865670680999756, f_min=1.6855851260643249
2025-05-01 01:36:55,941 - INFO - Node 3: k=477.5039535189593, f_best=5.739935398101807, f_min=4.926247023326141
2025-05-01 01:36:55,941 - INFO - Node 4: k=268.1249893665208, f_best=6.946247577667236, f_min=1.6572997423663764
2025-05-01 01:36:55,941 - INFO - Node 5: k=472.77619160293, f_best=5.678843975067139, f_min=2.1704168825162924
2025-05-01 01:36:55,941 - INFO - Node 6: k=343.8520650272818, f_best=6.723997592926025, f_min=5.015155767036049
2025-05-01 01:36:55,941 - INFO - Node 7: k=449.83032422758174, f_best=5.5732741355896, f_min=2.1359912349289516
2025-05-01 01:36:55,941 - INFO - Node 8: k=350.76349153433017, f_best=6.785977363586426, f_min=5.389000074141222
2025-05-01 01:36:55,941 - INFO - Node 9: k=449.83032422758174, f_best=5.5732741355896, f_min=5.445337562332497
2025-05-01 01:36:55,941 - INFO - Node 10: k=423.7605136114483, f_best=6.676449298858643, f_min=6.274354228660741
2025-05-01 01:36:55,941 - INFO - Node 11: k=299.1385635862019, f_best=5.5732741355896, f_min=5.533689958851028
2025-05-01 01:36:55,941 - INFO - cur_node_number 35,f_best 5.5732741355896,f_min 5.533689958851028,k 299.1385635862019
2025-05-01 01:36:55,941 - INFO - f_best_current 5.5732741355896,f_min 5.533689958851028
2025-05-01 01:36:55,941 - INFO - 结束,fmin= 5.533689958851028, fbestmin=5.5732741355896
