2025-05-01 06:03:24,424 - INFO - Namespace(log_file='outputs/DNN6/img[0]/max/DNN6img0_label4.log', image_path='img[0].png', model_path='network/DNN6.pth', label=4, init_epsilon=0.05, epsilon=0.01, ep=1, min=0)
2025-05-01 06:03:24,440 - INFO - Model output max(1): torch.return_types.max(
values=tensor([24.1332], grad_fn=<MaxBackward0>),
indices=tensor([0]))
2025-05-01 06:03:35,378 - INFO - cur_node_number 1,f_best 3.847123622894287,f_min -1.4225550656119594,k 816.1969551393234
2025-05-01 06:03:35,378 - INFO - f_best_current 3.847123622894287,f_min -1.4225550656119594
2025-05-01 06:03:51,851 - INFO - tree_node.f_best*ep:3.847123622894287,left_f_best5.524747848510742,right_f_best3.8182363510131836,i:1
2025-05-01 06:05:07,499 - INFO - 添加左子节点，右子节点，len(queue):2
2025-05-01 06:05:07,499 - INFO - Node 1: k=816.1969551393234, f_best=3.847123622894287, f_min=-1.4225550656119594
2025-05-01 06:05:07,499 - INFO - Node 2: k=228.06231455045187, f_best=5.524747848510742, f_min=5.003684364167384
2025-05-01 06:05:07,499 - INFO - Node 3: k=346.37873868591754, f_best=3.8182363510131836, f_min=3.245247393464524
2025-05-01 06:05:07,499 - INFO - cur_node_number 2,f_best 3.8182363510131836,f_min 3.245247393464524,k 346.37873868591754
2025-05-01 06:05:07,499 - INFO - f_best_current 3.8182363510131836,f_min 3.245247393464524
2025-05-01 06:05:23,972 - INFO - tree_node.f_best*ep:3.8182363510131836,left_f_best5.576021671295166,right_f_best3.7670822143554688,i:1
2025-05-01 06:06:52,081 - INFO - 添加左子节点，右子节点，len(queue):3
2025-05-01 06:06:52,097 - INFO - Node 1: k=816.1969551393234, f_best=3.847123622894287, f_min=-1.4225550656119594
2025-05-01 06:06:52,097 - INFO - Node 2: k=228.06231455045187, f_best=5.524747848510742, f_min=5.003684364167384
2025-05-01 06:06:52,097 - INFO - Node 3: k=346.37873868591754, f_best=3.8182363510131836, f_min=3.245247393464524
2025-05-01 06:06:52,097 - INFO - Node 4: k=564.0252436168381, f_best=5.576021671295166, f_min=4.974804502824554
2025-05-01 06:06:52,097 - INFO - Node 5: k=296.6404003385733, f_best=3.7670822143554688, f_min=3.762627861699002
2025-05-01 06:06:52,097 - INFO - cur_node_number 3,f_best 3.7670822143554688,f_min 3.762627861699002,k 296.6404003385733
2025-05-01 06:06:52,097 - INFO - f_best_current 3.7670822143554688,f_min 3.762627861699002
2025-05-01 06:06:52,097 - INFO - 结束,fmin= 3.762627861699002, fbestmin=3.7670822143554688
