2025-05-06 15:11:46,529 - INFO - Namespace(log_file='outputsconfidence/DNN4/img[0]/max/DNN4img0_label0.log', image_path='img[0].png', model_path='network/DNN4.pth', label=0, init_epsilon=0.05, epsilon=0.01, ep=1, min=0)
2025-05-06 15:11:46,544 - INFO - Model output: -24.125730514526367
2025-05-06 15:11:58,992 - INFO - cur_node_number 1,f_best -29.139324188232422,f_min -31.101664604006146,k 351.9403425430294
2025-05-06 15:11:58,992 - INFO - f_best_current -29.139324188232422,f_min -31.101664604006146
2025-05-06 15:12:19,379 - INFO - tree_node.f_best:-29.139324188232422,left_f_best-27.926969528198242,right_f_best-29.13268280029297,i:1
2025-05-06 15:12:40,639 - INFO - tree_node.f_best:-29.139324188232422,left_f_best-27.88039779663086,right_f_best-29.11952018737793,i:2
2025-05-06 15:13:03,237 - INFO - tree_node.f_best:-29.139324188232422,left_f_best-28.126646041870117,right_f_best-29.208852767944336,i:3
2025-05-06 15:13:13,487 - INFO - 添加左子节点，右子节点，len(queue):2
2025-05-06 15:13:13,487 - INFO - Node 1: k=351.9403425430294, f_best=-29.139324188232422, f_min=-31.101664604006146
2025-05-06 15:13:13,487 - INFO - Node 2: k=304.4816395414197, f_best=-28.126646041870117, f_min=-32.003658393077785
2025-05-06 15:13:13,487 - INFO - Node 3: k=717.9517789085846, f_best=-29.208852767944336, f_min=-32.73063146022105
2025-05-06 15:13:13,487 - INFO - cur_node_number 2,f_best -29.208852767944336,f_min -32.73063146022105,k 717.9517789085846
2025-05-06 15:13:13,487 - INFO - f_best_current -29.208852767944336,f_min -32.73063146022105
2025-05-06 15:13:13,487 - INFO - 回退,len(queue)=0
2025-05-06 15:13:34,387 - INFO - tree_node.f_best:-29.139324188232422,left_f_best-27.833927154541016,right_f_best-29.1617374420166,i:1
2025-05-06 15:13:43,563 - INFO - 添加左子节点，右子节点，len(queue):2
2025-05-06 15:13:43,563 - INFO - Node 1: k=717.9517789085846, f_best=-29.139324188232422, f_min=-31.101664604006146
2025-05-06 15:13:43,563 - INFO - Node 2: k=276.8014904921997, f_best=-27.833927154541016, f_min=-31.458253010821863
2025-05-06 15:13:43,563 - INFO - Node 3: k=368.4227838451175, f_best=-29.1617374420166, f_min=-29.2687876906366
2025-05-06 15:13:43,563 - INFO - cur_node_number 3,f_best -29.1617374420166,f_min -29.2687876906366,k 368.4227838451175
2025-05-06 15:13:43,563 - INFO - f_best_current -29.1617374420166,f_min -29.2687876906366
2025-05-06 15:13:43,563 - INFO - bestx
2025-05-06 15:13:43,563 - INFO - [4.82836950e-02 4.98425907e-02 9.36711326e-03 2.73303134e-02
 1.50354391e-02 2.89045659e-02 4.88761956e-02 4.73358034e-02
 1.76160477e-11 4.99114393e-02 4.99849241e-02 4.92468783e-02
 4.98880816e-02 4.85415457e-02 4.99556286e-02 4.97639138e-02
 4.16021473e-03 4.91493208e-02 2.45979948e-04 4.10311824e-02
 4.99764280e-02 7.18436209e-07 4.75587497e-06 3.61925002e-02
 4.99994940e-02 4.98501145e-02 4.99996485e-02 4.81817880e-02
 9.73017271e-04 1.15864910e-04 2.61746334e-05 4.85929934e-02
 1.26538021e-05 1.89323161e-01 9.98095750e-01 6.32863299e-01
 1.84623276e-04 6.44371599e-04 3.96787037e-04 1.15437334e-04
 3.20785033e-05 1.77285727e-04 4.85747696e-02 4.99455319e-02
 4.95956189e-02 2.86517099e-03 3.89431702e-01 7.01753221e-01
 9.12476776e-01 9.43536774e-01 7.35907549e-01 2.96420733e-01
 1.05020670e-03 7.66405001e-05 4.92029731e-02 1.71100039e-04
 4.88763963e-02 1.98920691e-02 4.94581681e-02 2.61210916e-01
 8.97672618e-01 2.33691807e-01 3.76061617e-02 3.40441417e-02
 6.30192968e-01 9.99683541e-01 7.94672575e-01 8.65688055e-02
 4.91873955e-02 1.43888506e-04 4.98579535e-02 1.17740157e-04
 2.21379012e-07 8.56387561e-01 6.45670567e-01 2.31919297e-05
 1.62061409e-04 3.85453537e-04 1.46391062e-05 1.20363290e-01
 8.77393542e-01 5.80293440e-01 4.98039954e-02 4.64145884e-02
 4.15995721e-02 3.00245517e-04 4.95931265e-02 9.83097954e-01
 6.76541281e-02 5.27256664e-04 4.96298088e-02 4.99107068e-02
 2.06757442e-04 9.99877816e-03 3.19535172e-01 9.98401855e-01
 4.93130359e-02 1.01400992e-02 4.13075005e-03 2.98780697e-04
 2.47928106e-01 8.85284052e-01 4.99969301e-02 6.10500548e-04
 4.88078438e-02 3.76601463e-04 2.45143294e-03 6.93881489e-06
 6.21574165e-01 6.41155091e-01 6.98583721e-05 4.98074323e-02
 4.94691156e-02 4.20881476e-02 2.64783515e-01 9.66760928e-01
 1.06706786e-01 8.07933824e-05 4.98842267e-02 4.93806903e-02
 7.11546850e-03 2.48513801e-01 9.98795372e-01 1.59615017e-01
 8.52092448e-05 3.12413126e-02 2.27683780e-02 1.60227736e-05
 3.36321827e-04 9.59730193e-01 5.48025066e-01 1.57556343e-04
 1.29252947e-02 9.79913127e-04 2.63935061e-01 9.58761918e-01
 2.81247984e-01 1.85053204e-02 4.04090183e-04 4.11719879e-02
 4.66454556e-05 4.40858982e-02 7.89982732e-05 4.72272137e-01
 9.87236598e-01 5.22724640e-01 3.00566202e-01 8.22549038e-01
 9.99991212e-01 4.76450068e-01 4.04078349e-04 1.17185094e-03
 4.39051353e-02 7.65105056e-06 4.91276418e-02 4.90327259e-02
 3.32129206e-02 8.16597409e-03 5.62812481e-01 9.87188439e-01
 9.91135371e-01 6.02628030e-01 2.95531721e-01 1.62079710e-05
 9.52409719e-04 3.53203007e-02 2.75209346e-03 3.67549930e-02
 2.22998228e-06 4.98676708e-02 2.73956739e-05 1.28135238e-05
 1.17602187e-04 1.80301590e-03 4.53901336e-03 4.93148845e-02
 4.85427792e-09 3.63375176e-02 4.97993592e-02 2.61751669e-02
 1.35873852e-02 1.32347623e-03 1.02846967e-04 4.43216113e-02
 6.16007862e-03 4.91969505e-02 3.82105095e-02 4.72885723e-02
 1.34576016e-04 6.19658876e-03 4.52613596e-02 2.22303819e-02
 2.03276859e-04 2.96658639e-03 1.77557222e-02 5.30491680e-05]
2025-05-06 15:13:43,563 - INFO - 结束,fmin= -29.2687876906366, fbestmin=-29.1617374420166
