2025-04-25 15:08:49,733 - INFO - Model output max(1): torch.return_types.max(
values=tensor([8.8363], grad_fn=<MaxBackward0>),
indices=tensor([0]))
2025-04-25 15:08:54,824 - INFO - cur_node_number 1,f_best 1.3822957277297974,f_min -0.8469191396616225,k 854.2065747522814
2025-04-25 15:08:54,824 - INFO - f_best_current 1.3822957277297974,f_min -0.8469191396616225
2025-04-25 15:09:03,726 - INFO - tree_node.f_best*ep:1.3822957277297974,left_f_best2.034268379211426,right_f_best1.3619606494903564,i:1
2025-04-25 15:09:27,440 - INFO - 添加左子节点，右子节点，len(queue):2
2025-04-25 15:09:27,440 - INFO - Node 1: k=854.2065747522814, f_best=1.3822957277297974, f_min=-0.8469191396616225
2025-04-25 15:09:27,440 - INFO - Node 2: k=123.13290230745618, f_best=2.034268379211426, f_min=1.1188784472078623
2025-04-25 15:09:27,441 - INFO - Node 3: k=165.96454881689755, f_best=1.3619606494903564, f_min=0.9412980501756465
2025-04-25 15:09:27,441 - INFO - cur_node_number 2,f_best 1.3619606494903564,f_min 0.9412980501756465,k 165.96454881689755
2025-04-25 15:09:27,441 - INFO - f_best_current 1.3619606494903564,f_min 0.9412980501756465
2025-04-25 15:09:35,174 - INFO - tree_node.f_best*ep:1.3619606494903564,left_f_best2.0378332138061523,right_f_best1.355085015296936,i:1
2025-04-25 15:09:58,633 - INFO - 添加左子节点，右子节点，len(queue):3
2025-04-25 15:09:58,634 - INFO - Node 1: k=854.2065747522814, f_best=1.3822957277297974, f_min=-0.8469191396616225
2025-04-25 15:09:58,634 - INFO - Node 2: k=123.13290230745618, f_best=2.034268379211426, f_min=1.1188784472078623
2025-04-25 15:09:58,634 - INFO - Node 3: k=165.96454881689755, f_best=1.3619606494903564, f_min=0.9412980501756465
2025-04-25 15:09:58,634 - INFO - Node 4: k=140.1367287163646, f_best=2.0378332138061523, f_min=1.563056935791792
2025-04-25 15:09:58,634 - INFO - Node 5: k=118.32829887658819, f_best=1.355085015296936, f_min=0.956787123236154
2025-04-25 15:09:58,634 - INFO - cur_node_number 3,f_best 1.355085015296936,f_min 0.956787123236154,k 118.32829887658819
2025-04-25 15:09:58,634 - INFO - f_best_current 1.355085015296936,f_min 0.956787123236154
2025-04-25 15:10:06,293 - INFO - tree_node.f_best*ep:1.355085015296936,left_f_best2.0290706157684326,right_f_best1.357761263847351,i:1
2025-04-25 15:10:16,287 - INFO - tree_node.f_best*ep:1.355085015296936,left_f_best2.026228904724121,right_f_best1.3524680137634277,i:2
2025-04-25 15:10:48,677 - INFO - 添加左子节点，右子节点，len(queue):4
2025-04-25 15:10:48,678 - INFO - Node 1: k=854.2065747522814, f_best=1.3822957277297974, f_min=-0.8469191396616225
2025-04-25 15:10:48,678 - INFO - Node 2: k=123.13290230745618, f_best=2.034268379211426, f_min=1.1188784472078623
2025-04-25 15:10:48,678 - INFO - Node 3: k=165.96454881689755, f_best=1.3619606494903564, f_min=0.9412980501756465
2025-04-25 15:10:48,678 - INFO - Node 4: k=140.1367287163646, f_best=2.0378332138061523, f_min=1.563056935791792
2025-04-25 15:10:48,678 - INFO - Node 5: k=118.32829887658819, f_best=1.355085015296936, f_min=0.956787123236154
2025-04-25 15:10:48,678 - INFO - Node 6: k=169.3004362481172, f_best=2.026228904724121, f_min=1.6306160506655942
2025-04-25 15:10:48,679 - INFO - Node 7: k=157.90957355841323, f_best=1.3524680137634277, f_min=0.6379005010085166
2025-04-25 15:10:48,679 - INFO - cur_node_number 4,f_best 1.3524680137634277,f_min 0.6379005010085166,k 157.90957355841323
2025-04-25 15:10:48,679 - INFO - f_best_current 1.3524680137634277,f_min 0.6379005010085166
2025-04-25 15:10:48,679 - INFO - 回退,len(queue)=2
2025-04-25 15:10:58,079 - INFO - tree_node.f_best*ep:1.355085015296936,left_f_best2.01987361907959,right_f_best1.3581687211990356,i:1
2025-04-25 15:11:07,771 - INFO - tree_node.f_best*ep:1.355085015296936,left_f_best2.02091908454895,right_f_best1.337058424949646,i:2
2025-04-25 15:11:38,807 - INFO - 添加左子节点，右子节点，len(queue):4
2025-04-25 15:11:38,807 - INFO - Node 1: k=854.2065747522814, f_best=1.3822957277297974, f_min=-0.8469191396616225
2025-04-25 15:11:38,807 - INFO - Node 2: k=123.13290230745618, f_best=2.034268379211426, f_min=1.1188784472078623
2025-04-25 15:11:38,807 - INFO - Node 3: k=165.96454881689755, f_best=1.3619606494903564, f_min=0.9412980501756465
2025-04-25 15:11:38,807 - INFO - Node 4: k=140.1367287163646, f_best=2.0378332138061523, f_min=1.563056935791792
2025-04-25 15:11:38,808 - INFO - Node 5: k=157.90957355841323, f_best=1.355085015296936, f_min=0.956787123236154
2025-04-25 15:11:38,808 - INFO - Node 6: k=154.79813112284404, f_best=2.02091908454895, f_min=1.331160482445739
2025-04-25 15:11:38,808 - INFO - Node 7: k=130.70805700134912, f_best=1.337058424949646, f_min=0.17133534791992133
2025-04-25 15:11:38,808 - INFO - cur_node_number 5,f_best 1.337058424949646,f_min 0.17133534791992133,k 130.70805700134912
2025-04-25 15:11:38,808 - INFO - f_best_current 1.337058424949646,f_min 0.17133534791992133
2025-04-25 15:11:47,820 - INFO - tree_node.f_best*ep:1.337058424949646,left_f_best2.040274143218994,right_f_best1.3566206693649292,i:1
2025-04-25 15:11:57,015 - INFO - tree_node.f_best*ep:1.337058424949646,left_f_best2.021892547607422,right_f_best1.3403303623199463,i:2
2025-04-25 15:12:04,956 - INFO - tree_node.f_best*ep:1.337058424949646,left_f_best2.004056453704834,right_f_best1.349605679512024,i:3
2025-04-25 15:12:13,503 - INFO - tree_node.f_best*ep:1.337058424949646,left_f_best1.996130347251892,right_f_best1.3309811353683472,i:4
2025-04-25 15:12:39,851 - INFO - 添加左子节点，右子节点，len(queue):5
2025-04-25 15:12:39,852 - INFO - Node 1: k=854.2065747522814, f_best=1.3822957277297974, f_min=-0.8469191396616225
2025-04-25 15:12:39,852 - INFO - Node 2: k=123.13290230745618, f_best=2.034268379211426, f_min=1.1188784472078623
2025-04-25 15:12:39,852 - INFO - Node 3: k=165.96454881689755, f_best=1.3619606494903564, f_min=0.9412980501756465
2025-04-25 15:12:39,852 - INFO - Node 4: k=140.1367287163646, f_best=2.0378332138061523, f_min=1.563056935791792
2025-04-25 15:12:39,852 - INFO - Node 5: k=157.90957355841323, f_best=1.355085015296936, f_min=0.956787123236154
2025-04-25 15:12:39,852 - INFO - Node 6: k=154.79813112284404, f_best=2.02091908454895, f_min=1.331160482445739
2025-04-25 15:12:39,853 - INFO - Node 7: k=130.70805700134912, f_best=1.337058424949646, f_min=0.17133534791992133
2025-04-25 15:12:39,853 - INFO - Node 8: k=172.70337501670434, f_best=1.996130347251892, f_min=1.570264308276819
2025-04-25 15:12:39,853 - INFO - Node 9: k=175.43753622339716, f_best=1.3309811353683472, f_min=-0.13112347857986606
2025-04-25 15:12:39,853 - INFO - cur_node_number 6,f_best 1.3309811353683472,f_min -0.13112347857986606,k 175.43753622339716
2025-04-25 15:12:39,853 - INFO - f_best_current 1.3309811353683472,f_min -0.13112347857986606
2025-04-25 15:12:39,853 - INFO - 回退,len(queue)=3
2025-04-25 15:12:39,853 - INFO - 回退,len(queue)=2
2025-04-25 15:12:39,854 - INFO - 回退,len(queue)=1
2025-04-25 15:12:47,238 - INFO - tree_node.f_best*ep:1.3619606494903564,left_f_best2.035971164703369,right_f_best1.349497675895691,i:1
2025-04-25 15:13:09,219 - INFO - 添加左子节点，右子节点，len(queue):3
2025-04-25 15:13:09,219 - INFO - Node 1: k=854.2065747522814, f_best=1.3822957277297974, f_min=-0.8469191396616225
2025-04-25 15:13:09,219 - INFO - Node 2: k=123.13290230745618, f_best=2.034268379211426, f_min=1.1188784472078623
2025-04-25 15:13:09,219 - INFO - Node 3: k=175.43753622339716, f_best=1.3619606494903564, f_min=0.9412980501756465
2025-04-25 15:13:09,219 - INFO - Node 4: k=148.75796137172685, f_best=2.035971164703369, f_min=-0.12361367323501327
2025-04-25 15:13:09,219 - INFO - Node 5: k=99.4956775951478, f_best=1.349497675895691, f_min=1.3052033485591892
2025-04-25 15:13:09,219 - INFO - cur_node_number 7,f_best 1.349497675895691,f_min 1.3052033485591892,k 99.4956775951478
2025-04-25 15:13:09,219 - INFO - f_best_current 1.349497675895691,f_min 1.3052033485591892
2025-04-25 15:13:16,428 - INFO - tree_node.f_best*ep:1.349497675895691,left_f_best2.0292410850524902,right_f_best1.3518683910369873,i:1
2025-04-25 15:13:23,951 - INFO - tree_node.f_best*ep:1.349497675895691,left_f_best2.0114684104919434,right_f_best1.3507471084594727,i:2
2025-04-25 15:13:31,989 - INFO - tree_node.f_best*ep:1.349497675895691,left_f_best2.01606822013855,right_f_best1.3350602388381958,i:3
2025-04-25 15:13:55,595 - INFO - 添加左子节点，右子节点，len(queue):4
2025-04-25 15:13:55,595 - INFO - Node 1: k=854.2065747522814, f_best=1.3822957277297974, f_min=-0.8469191396616225
2025-04-25 15:13:55,596 - INFO - Node 2: k=123.13290230745618, f_best=2.034268379211426, f_min=1.1188784472078623
2025-04-25 15:13:55,596 - INFO - Node 3: k=175.43753622339716, f_best=1.3619606494903564, f_min=0.9412980501756465
2025-04-25 15:13:55,596 - INFO - Node 4: k=148.75796137172685, f_best=2.035971164703369, f_min=-0.12361367323501327
2025-04-25 15:13:55,596 - INFO - Node 5: k=99.4956775951478, f_best=1.349497675895691, f_min=1.3052033485591892
2025-04-25 15:13:55,596 - INFO - Node 6: k=130.70805700134912, f_best=2.01606822013855, f_min=1.9192297562303793
2025-04-25 15:13:55,596 - INFO - Node 7: k=148.75796137172685, f_best=1.3350602388381958, f_min=0.6666296868397694
2025-04-25 15:13:55,596 - INFO - cur_node_number 8,f_best 1.3350602388381958,f_min 0.6666296868397694,k 148.75796137172685
2025-04-25 15:13:55,596 - INFO - f_best_current 1.3350602388381958,f_min 0.6666296868397694
2025-04-25 15:13:55,597 - INFO - 回退,len(queue)=2
2025-04-25 15:14:02,757 - INFO - tree_node.f_best*ep:1.349497675895691,left_f_best2.039804697036743,right_f_best1.38295316696167,i:1
2025-04-25 15:14:10,345 - INFO - tree_node.f_best*ep:1.349497675895691,left_f_best2.02927565574646,right_f_best1.3390543460845947,i:2
2025-04-25 15:14:34,755 - INFO - 添加左子节点，右子节点，len(queue):4
2025-04-25 15:14:34,755 - INFO - Node 1: k=854.2065747522814, f_best=1.3822957277297974, f_min=-0.8469191396616225
2025-04-25 15:14:34,755 - INFO - Node 2: k=123.13290230745618, f_best=2.034268379211426, f_min=1.1188784472078623
2025-04-25 15:14:34,755 - INFO - Node 3: k=175.43753622339716, f_best=1.3619606494903564, f_min=0.9412980501756465
2025-04-25 15:14:34,755 - INFO - Node 4: k=148.75796137172685, f_best=2.035971164703369, f_min=-0.12361367323501327
2025-04-25 15:14:34,755 - INFO - Node 5: k=148.75796137172685, f_best=1.349497675895691, f_min=1.3052033485591892
2025-04-25 15:14:34,756 - INFO - Node 6: k=143.7788627014841, f_best=2.02927565574646, f_min=1.0778263915499338
2025-04-25 15:14:34,756 - INFO - Node 7: k=153.26547635925152, f_best=1.3390543460845947, f_min=0.6105872504494982
2025-04-25 15:14:34,756 - INFO - cur_node_number 9,f_best 1.3390543460845947,f_min 0.6105872504494982,k 153.26547635925152
2025-04-25 15:14:34,756 - INFO - f_best_current 1.3390543460845947,f_min 0.6105872504494982
2025-04-25 15:14:34,756 - INFO - 回退,len(queue)=2
2025-04-25 15:14:41,832 - INFO - tree_node.f_best*ep:1.349497675895691,left_f_best2.022488832473755,right_f_best1.353719711303711,i:1
2025-04-25 15:14:49,196 - INFO - tree_node.f_best*ep:1.349497675895691,left_f_best2.034414768218994,right_f_best1.3398303985595703,i:2
2025-04-25 15:15:11,760 - INFO - 添加左子节点，右子节点，len(queue):4
2025-04-25 15:15:11,760 - INFO - Node 1: k=854.2065747522814, f_best=1.3822957277297974, f_min=-0.8469191396616225
2025-04-25 15:15:11,760 - INFO - Node 2: k=123.13290230745618, f_best=2.034268379211426, f_min=1.1188784472078623
2025-04-25 15:15:11,760 - INFO - Node 3: k=175.43753622339716, f_best=1.3619606494903564, f_min=0.9412980501756465
2025-04-25 15:15:11,760 - INFO - Node 4: k=148.75796137172685, f_best=2.035971164703369, f_min=-0.12361367323501327
2025-04-25 15:15:11,760 - INFO - Node 5: k=153.26547635925152, f_best=1.349497675895691, f_min=1.3052033485591892
2025-04-25 15:15:11,761 - INFO - Node 6: k=111.47061015242558, f_best=2.034414768218994, f_min=1.8290765840633867
2025-04-25 15:15:11,761 - INFO - Node 7: k=152.6241599881199, f_best=1.3398303985595703, f_min=-1.462830050581033
2025-04-25 15:15:11,761 - INFO - cur_node_number 10,f_best 1.3398303985595703,f_min -1.462830050581033,k 152.6241599881199
2025-04-25 15:15:11,761 - INFO - f_best_current 1.3398303985595703,f_min -1.462830050581033
2025-04-25 15:15:18,638 - INFO - tree_node.f_best*ep:1.3398303985595703,left_f_best2.025758743286133,right_f_best1.3503152132034302,i:1
2025-04-25 15:15:25,896 - INFO - tree_node.f_best*ep:1.3398303985595703,left_f_best2.0226893424987793,right_f_best1.338900089263916,i:2
2025-04-25 15:15:50,744 - INFO - 添加左子节点，右子节点，len(queue):5
2025-04-25 15:15:50,744 - INFO - Node 1: k=854.2065747522814, f_best=1.3822957277297974, f_min=-0.8469191396616225
2025-04-25 15:15:50,745 - INFO - Node 2: k=123.13290230745618, f_best=2.034268379211426, f_min=1.1188784472078623
2025-04-25 15:15:50,745 - INFO - Node 3: k=175.43753622339716, f_best=1.3619606494903564, f_min=0.9412980501756465
2025-04-25 15:15:50,745 - INFO - Node 4: k=148.75796137172685, f_best=2.035971164703369, f_min=-0.12361367323501327
2025-04-25 15:15:50,745 - INFO - Node 5: k=153.26547635925152, f_best=1.349497675895691, f_min=1.3052033485591892
2025-04-25 15:15:50,745 - INFO - Node 6: k=111.47061015242558, f_best=2.034414768218994, f_min=1.8290765840633867
2025-04-25 15:15:50,745 - INFO - Node 7: k=152.6241599881199, f_best=1.3398303985595703, f_min=-1.462830050581033
2025-04-25 15:15:50,745 - INFO - Node 8: k=185.16139378360336, f_best=2.0226893424987793, f_min=0.7713229534037964
2025-04-25 15:15:50,745 - INFO - Node 9: k=171.9807236774798, f_best=1.338900089263916, f_min=-1.0650384093933098
2025-04-25 15:15:50,746 - INFO - cur_node_number 11,f_best 1.338900089263916,f_min -1.0650384093933098,k 171.9807236774798
2025-04-25 15:15:50,746 - INFO - f_best_current 1.338900089263916,f_min -1.0650384093933098
2025-04-25 15:15:50,746 - INFO - 回退,len(queue)=3
2025-04-25 15:15:50,746 - INFO - 回退,len(queue)=2
2025-04-25 15:15:57,702 - INFO - tree_node.f_best*ep:1.349497675895691,left_f_best2.022195816040039,right_f_best1.3532724380493164,i:1
2025-04-25 15:16:04,917 - INFO - tree_node.f_best*ep:1.349497675895691,left_f_best2.018956422805786,right_f_best1.3486831188201904,i:2
2025-04-25 15:16:31,163 - INFO - 添加左子节点，右子节点，len(queue):4
2025-04-25 15:16:31,164 - INFO - Node 1: k=854.2065747522814, f_best=1.3822957277297974, f_min=-0.8469191396616225
2025-04-25 15:16:31,164 - INFO - Node 2: k=123.13290230745618, f_best=2.034268379211426, f_min=1.1188784472078623
2025-04-25 15:16:31,164 - INFO - Node 3: k=175.43753622339716, f_best=1.3619606494903564, f_min=0.9412980501756465
2025-04-25 15:16:31,164 - INFO - Node 4: k=148.75796137172685, f_best=2.035971164703369, f_min=-0.12361367323501327
2025-04-25 15:16:31,164 - INFO - Node 5: k=171.9807236774798, f_best=1.349497675895691, f_min=1.3052033485591892
2025-04-25 15:16:31,164 - INFO - Node 6: k=262.30014074444347, f_best=2.018956422805786, f_min=-0.2578165584800445
2025-04-25 15:16:31,164 - INFO - Node 7: k=150.2455409854441, f_best=1.3486831188201904, f_min=1.2801402791401415
2025-04-25 15:16:31,164 - INFO - cur_node_number 12,f_best 1.3486831188201904,f_min 1.2801402791401415,k 150.2455409854441
2025-04-25 15:16:31,165 - INFO - f_best_current 1.3486831188201904,f_min 1.2801402791401415
2025-04-25 15:16:37,871 - INFO - tree_node.f_best*ep:1.3486831188201904,left_f_best2.019502878189087,right_f_best1.3663030862808228,i:1
2025-04-25 15:16:44,857 - INFO - tree_node.f_best*ep:1.3486831188201904,left_f_best2.0084588527679443,right_f_best1.3436493873596191,i:2
2025-04-25 15:17:06,106 - INFO - 添加左子节点，右子节点，len(queue):5
2025-04-25 15:17:06,107 - INFO - Node 1: k=854.2065747522814, f_best=1.3822957277297974, f_min=-0.8469191396616225
2025-04-25 15:17:06,107 - INFO - Node 2: k=123.13290230745618, f_best=2.034268379211426, f_min=1.1188784472078623
2025-04-25 15:17:06,107 - INFO - Node 3: k=175.43753622339716, f_best=1.3619606494903564, f_min=0.9412980501756465
2025-04-25 15:17:06,107 - INFO - Node 4: k=148.75796137172685, f_best=2.035971164703369, f_min=-0.12361367323501327
2025-04-25 15:17:06,107 - INFO - Node 5: k=171.9807236774798, f_best=1.349497675895691, f_min=1.3052033485591892
2025-04-25 15:17:06,107 - INFO - Node 6: k=262.30014074444347, f_best=2.018956422805786, f_min=-0.2578165584800445
2025-04-25 15:17:06,108 - INFO - Node 7: k=150.2455409854441, f_best=1.3486831188201904, f_min=1.2801402791401415
2025-04-25 15:17:06,108 - INFO - Node 8: k=99.9137516858001, f_best=2.0084588527679443, f_min=1.904351197730648
2025-04-25 15:17:06,108 - INFO - Node 9: k=115.99676392176079, f_best=1.3436493873596191, f_min=0.7597632570045789
2025-04-25 15:17:06,108 - INFO - cur_node_number 13,f_best 1.3436493873596191,f_min 0.7597632570045789,k 115.99676392176079
2025-04-25 15:17:06,108 - INFO - f_best_current 1.3436493873596191,f_min 0.7597632570045789
2025-04-25 15:17:13,205 - INFO - tree_node.f_best*ep:1.3436493873596191,left_f_best2.0328915119171143,right_f_best1.351861596107483,i:1
2025-04-25 15:17:20,506 - INFO - tree_node.f_best*ep:1.3436493873596191,left_f_best2.016767740249634,right_f_best1.3694928884506226,i:2
2025-04-25 15:17:28,069 - INFO - tree_node.f_best*ep:1.3436493873596191,left_f_best2.0032196044921875,right_f_best1.3295530080795288,i:3
2025-04-25 15:17:49,945 - INFO - 添加左子节点，右子节点，len(queue):6
2025-04-25 15:17:49,945 - INFO - Node 1: k=854.2065747522814, f_best=1.3822957277297974, f_min=-0.8469191396616225
2025-04-25 15:17:49,945 - INFO - Node 2: k=123.13290230745618, f_best=2.034268379211426, f_min=1.1188784472078623
2025-04-25 15:17:49,945 - INFO - Node 3: k=175.43753622339716, f_best=1.3619606494903564, f_min=0.9412980501756465
2025-04-25 15:17:49,945 - INFO - Node 4: k=148.75796137172685, f_best=2.035971164703369, f_min=-0.12361367323501327
2025-04-25 15:17:49,945 - INFO - Node 5: k=171.9807236774798, f_best=1.349497675895691, f_min=1.3052033485591892
2025-04-25 15:17:49,946 - INFO - Node 6: k=262.30014074444347, f_best=2.018956422805786, f_min=-0.2578165584800445
2025-04-25 15:17:49,946 - INFO - Node 7: k=150.2455409854441, f_best=1.3486831188201904, f_min=1.2801402791401415
2025-04-25 15:17:49,946 - INFO - Node 8: k=99.9137516858001, f_best=2.0084588527679443, f_min=1.904351197730648
2025-04-25 15:17:49,946 - INFO - Node 9: k=115.99676392176079, f_best=1.3436493873596191, f_min=0.7597632570045789
2025-04-25 15:17:49,946 - INFO - Node 10: k=130.70805700134912, f_best=2.0032196044921875, f_min=0.3688250160566895
2025-04-25 15:17:49,946 - INFO - Node 11: k=114.84828111065424, f_best=1.3295530080795288, f_min=1.2608674155667359
2025-04-25 15:17:49,946 - INFO - cur_node_number 14,f_best 1.3295530080795288,f_min 1.2608674155667359,k 114.84828111065424
2025-04-25 15:17:49,946 - INFO - f_best_current 1.3295530080795288,f_min 1.2608674155667359
2025-04-25 15:17:57,468 - INFO - tree_node.f_best*ep:1.3295530080795288,left_f_best2.0274322032928467,right_f_best1.364782691001892,i:1
2025-04-25 15:18:06,360 - INFO - tree_node.f_best*ep:1.3295530080795288,left_f_best2.0196497440338135,right_f_best1.3448164463043213,i:2
2025-04-25 15:18:15,897 - INFO - tree_node.f_best*ep:1.3295530080795288,left_f_best2.015148162841797,right_f_best1.339905023574829,i:3
2025-04-25 15:18:24,700 - INFO - tree_node.f_best*ep:1.3295530080795288,left_f_best1.9985047578811646,right_f_best1.3361304998397827,i:4
2025-04-25 15:18:35,835 - INFO - tree_node.f_best*ep:1.3295530080795288,left_f_best2.001690149307251,right_f_best1.3253611326217651,i:5
2025-04-25 15:19:07,686 - INFO - 添加左子节点，右子节点，len(queue):7
2025-04-25 15:19:07,686 - INFO - Node 1: k=854.2065747522814, f_best=1.3822957277297974, f_min=-0.8469191396616225
2025-04-25 15:19:07,687 - INFO - Node 2: k=123.13290230745618, f_best=2.034268379211426, f_min=1.1188784472078623
2025-04-25 15:19:07,687 - INFO - Node 3: k=175.43753622339716, f_best=1.3619606494903564, f_min=0.9412980501756465
2025-04-25 15:19:07,687 - INFO - Node 4: k=148.75796137172685, f_best=2.035971164703369, f_min=-0.12361367323501327
2025-04-25 15:19:07,687 - INFO - Node 5: k=171.9807236774798, f_best=1.349497675895691, f_min=1.3052033485591892
2025-04-25 15:19:07,687 - INFO - Node 6: k=262.30014074444347, f_best=2.018956422805786, f_min=-0.2578165584800445
2025-04-25 15:19:07,687 - INFO - Node 7: k=150.2455409854441, f_best=1.3486831188201904, f_min=1.2801402791401415
2025-04-25 15:19:07,687 - INFO - Node 8: k=99.9137516858001, f_best=2.0084588527679443, f_min=1.904351197730648
2025-04-25 15:19:07,687 - INFO - Node 9: k=115.99676392176079, f_best=1.3436493873596191, f_min=0.7597632570045789
2025-04-25 15:19:07,687 - INFO - Node 10: k=130.70805700134912, f_best=2.0032196044921875, f_min=0.3688250160566895
2025-04-25 15:19:07,688 - INFO - Node 11: k=114.84828111065424, f_best=1.3295530080795288, f_min=1.2608674155667359
2025-04-25 15:19:07,688 - INFO - Node 12: k=185.16139378360336, f_best=2.001690149307251, f_min=-1.0533409208001103
2025-04-25 15:19:07,688 - INFO - Node 13: k=225.9320884776362, f_best=1.3253611326217651, f_min=-0.43690928743762925
2025-04-25 15:19:07,688 - INFO - cur_node_number 15,f_best 1.3253611326217651,f_min -0.43690928743762925,k 225.9320884776362
2025-04-25 15:19:07,688 - INFO - f_best_current 1.3253611326217651,f_min -0.43690928743762925
2025-04-25 15:19:07,688 - INFO - 回退,len(queue)=5
2025-04-25 15:19:07,688 - INFO - 回退,len(queue)=4
2025-04-25 15:19:07,688 - INFO - 回退,len(queue)=3
2025-04-25 15:19:07,689 - INFO - 回退,len(queue)=2
2025-04-25 15:19:07,689 - INFO - 回退,len(queue)=1
2025-04-25 15:19:16,303 - INFO - tree_node.f_best*ep:1.3619606494903564,left_f_best2.03324294090271,right_f_best1.3633168935775757,i:1
2025-04-25 15:19:25,346 - INFO - tree_node.f_best*ep:1.3619606494903564,left_f_best2.0240957736968994,right_f_best1.355172872543335,i:2
2025-04-25 15:19:54,625 - INFO - 添加左子节点，右子节点，len(queue):3
2025-04-25 15:19:54,625 - INFO - Node 1: k=854.2065747522814, f_best=1.3822957277297974, f_min=-0.8469191396616225
2025-04-25 15:19:54,625 - INFO - Node 2: k=123.13290230745618, f_best=2.034268379211426, f_min=1.1188784472078623
2025-04-25 15:19:54,626 - INFO - Node 3: k=225.9320884776362, f_best=1.3619606494903564, f_min=0.9412980501756465
2025-04-25 15:19:54,626 - INFO - Node 4: k=181.51298282874555, f_best=2.0240957736968994, f_min=0.4897594341864533
2025-04-25 15:19:54,626 - INFO - Node 5: k=160.40952603558432, f_best=1.355172872543335, f_min=-0.6282080468999993
2025-04-25 15:19:54,626 - INFO - cur_node_number 16,f_best 1.355172872543335,f_min -0.6282080468999993,k 160.40952603558432
2025-04-25 15:19:54,626 - INFO - f_best_current 1.355172872543335,f_min -0.6282080468999993
2025-04-25 15:20:03,466 - INFO - tree_node.f_best*ep:1.355172872543335,left_f_best2.026033401489258,right_f_best1.347257137298584,i:1
2025-04-25 15:20:28,740 - INFO - 添加左子节点，右子节点，len(queue):4
2025-04-25 15:20:28,740 - INFO - Node 1: k=854.2065747522814, f_best=1.3822957277297974, f_min=-0.8469191396616225
2025-04-25 15:20:28,741 - INFO - Node 2: k=123.13290230745618, f_best=2.034268379211426, f_min=1.1188784472078623
2025-04-25 15:20:28,741 - INFO - Node 3: k=225.9320884776362, f_best=1.3619606494903564, f_min=0.9412980501756465
2025-04-25 15:20:28,741 - INFO - Node 4: k=181.51298282874555, f_best=2.0240957736968994, f_min=0.4897594341864533
2025-04-25 15:20:28,741 - INFO - Node 5: k=160.40952603558432, f_best=1.355172872543335, f_min=-0.6282080468999993
2025-04-25 15:20:28,741 - INFO - Node 6: k=141.53809600352824, f_best=2.026033401489258, f_min=8.506946596753551e-05
2025-04-25 15:20:28,741 - INFO - Node 7: k=79.47557335647649, f_best=1.347257137298584, f_min=1.255431655241864
2025-04-25 15:20:28,741 - INFO - cur_node_number 17,f_best 1.347257137298584,f_min 1.255431655241864,k 79.47557335647649
2025-04-25 15:20:28,742 - INFO - f_best_current 1.347257137298584,f_min 1.255431655241864
2025-04-25 15:20:37,435 - INFO - tree_node.f_best*ep:1.347257137298584,left_f_best2.0407450199127197,right_f_best1.3776224851608276,i:1
2025-04-25 15:20:46,526 - INFO - tree_node.f_best*ep:1.347257137298584,left_f_best2.0148022174835205,right_f_best1.3425147533416748,i:2
2025-04-25 15:21:16,361 - INFO - 添加左子节点，右子节点，len(queue):5
2025-04-25 15:21:16,362 - INFO - Node 1: k=854.2065747522814, f_best=1.3822957277297974, f_min=-0.8469191396616225
2025-04-25 15:21:16,362 - INFO - Node 2: k=123.13290230745618, f_best=2.034268379211426, f_min=1.1188784472078623
2025-04-25 15:21:16,362 - INFO - Node 3: k=225.9320884776362, f_best=1.3619606494903564, f_min=0.9412980501756465
2025-04-25 15:21:16,362 - INFO - Node 4: k=181.51298282874555, f_best=2.0240957736968994, f_min=0.4897594341864533
2025-04-25 15:21:16,362 - INFO - Node 5: k=160.40952603558432, f_best=1.355172872543335, f_min=-0.6282080468999993
2025-04-25 15:21:16,362 - INFO - Node 6: k=141.53809600352824, f_best=2.026033401489258, f_min=8.506946596753551e-05
2025-04-25 15:21:16,362 - INFO - Node 7: k=79.47557335647649, f_best=1.347257137298584, f_min=1.255431655241864
2025-04-25 15:21:16,363 - INFO - Node 8: k=161.08355598693734, f_best=2.0148022174835205, f_min=-0.7403674643283011
2025-04-25 15:21:16,363 - INFO - Node 9: k=192.67968886840674, f_best=1.3425147533416748, f_min=1.1675291960882532
2025-04-25 15:21:16,363 - INFO - cur_node_number 18,f_best 1.3425147533416748,f_min 1.1675291960882532,k 192.67968886840674
2025-04-25 15:21:16,363 - INFO - f_best_current 1.3425147533416748,f_min 1.1675291960882532
2025-04-25 15:21:16,363 - INFO - 回退,len(queue)=3
2025-04-25 15:21:16,363 - INFO - 回退,len(queue)=2
2025-04-25 15:21:24,933 - INFO - tree_node.f_best*ep:1.355172872543335,left_f_best2.024531364440918,right_f_best1.3659411668777466,i:1
2025-04-25 15:21:33,861 - INFO - tree_node.f_best*ep:1.355172872543335,left_f_best2.0153846740722656,right_f_best1.3497400283813477,i:2
2025-04-25 15:22:03,446 - INFO - 添加左子节点，右子节点，len(queue):4
2025-04-25 15:22:03,446 - INFO - Node 1: k=854.2065747522814, f_best=1.3822957277297974, f_min=-0.8469191396616225
2025-04-25 15:22:03,446 - INFO - Node 2: k=123.13290230745618, f_best=2.034268379211426, f_min=1.1188784472078623
2025-04-25 15:22:03,446 - INFO - Node 3: k=225.9320884776362, f_best=1.3619606494903564, f_min=0.9412980501756465
2025-04-25 15:22:03,446 - INFO - Node 4: k=181.51298282874555, f_best=2.0240957736968994, f_min=0.4897594341864533
2025-04-25 15:22:03,446 - INFO - Node 5: k=192.67968886840674, f_best=1.355172872543335, f_min=-0.6282080468999993
2025-04-25 15:22:03,446 - INFO - Node 6: k=164.3213354622748, f_best=2.0153846740722656, f_min=1.5834833375974995
2025-04-25 15:22:03,446 - INFO - Node 7: k=162.6943915468067, f_best=1.3497400283813477, f_min=1.1305052924062693
2025-04-25 15:22:03,446 - INFO - cur_node_number 19,f_best 1.3497400283813477,f_min 1.1305052924062693,k 162.6943915468067
2025-04-25 15:22:03,447 - INFO - f_best_current 1.3497400283813477,f_min 1.1305052924062693
2025-04-25 15:22:12,165 - INFO - tree_node.f_best*ep:1.3497400283813477,left_f_best2.0492043495178223,right_f_best1.3865852355957031,i:1
2025-04-25 15:22:21,405 - INFO - tree_node.f_best*ep:1.3497400283813477,left_f_best2.014955520629883,right_f_best1.346781611442566,i:2
2025-04-25 15:22:45,545 - INFO - 添加左子节点，右子节点，len(queue):5
2025-04-25 15:22:45,545 - INFO - Node 1: k=854.2065747522814, f_best=1.3822957277297974, f_min=-0.8469191396616225
2025-04-25 15:22:45,546 - INFO - Node 2: k=123.13290230745618, f_best=2.034268379211426, f_min=1.1188784472078623
2025-04-25 15:22:45,546 - INFO - Node 3: k=225.9320884776362, f_best=1.3619606494903564, f_min=0.9412980501756465
2025-04-25 15:22:45,546 - INFO - Node 4: k=181.51298282874555, f_best=2.0240957736968994, f_min=0.4897594341864533
2025-04-25 15:22:45,546 - INFO - Node 5: k=192.67968886840674, f_best=1.355172872543335, f_min=-0.6282080468999993
2025-04-25 15:22:45,546 - INFO - Node 6: k=164.3213354622748, f_best=2.0153846740722656, f_min=1.5834833375974995
2025-04-25 15:22:45,546 - INFO - Node 7: k=162.6943915468067, f_best=1.3497400283813477, f_min=1.1305052924062693
2025-04-25 15:22:45,546 - INFO - Node 8: k=97.94505605901391, f_best=2.014955520629883, f_min=1.8144570700396798
2025-04-25 15:22:45,546 - INFO - Node 9: k=116.66650681028362, f_best=1.346781611442566, f_min=1.0735232758961502
2025-04-25 15:22:45,546 - INFO - cur_node_number 20,f_best 1.346781611442566,f_min 1.0735232758961502,k 116.66650681028362
2025-04-25 15:22:45,546 - INFO - f_best_current 1.346781611442566,f_min 1.0735232758961502
2025-04-25 15:22:52,331 - INFO - tree_node.f_best*ep:1.346781611442566,left_f_best2.0230047702789307,right_f_best1.3580690622329712,i:1
2025-04-25 15:22:59,470 - INFO - tree_node.f_best*ep:1.346781611442566,left_f_best2.014021635055542,right_f_best1.3465975522994995,i:2
2025-04-25 15:23:22,569 - INFO - 添加左子节点，右子节点，len(queue):6
2025-04-25 15:23:22,569 - INFO - Node 1: k=854.2065747522814, f_best=1.3822957277297974, f_min=-0.8469191396616225
2025-04-25 15:23:22,570 - INFO - Node 2: k=123.13290230745618, f_best=2.034268379211426, f_min=1.1188784472078623
2025-04-25 15:23:22,570 - INFO - Node 3: k=225.9320884776362, f_best=1.3619606494903564, f_min=0.9412980501756465
2025-04-25 15:23:22,570 - INFO - Node 4: k=181.51298282874555, f_best=2.0240957736968994, f_min=0.4897594341864533
2025-04-25 15:23:22,570 - INFO - Node 5: k=192.67968886840674, f_best=1.355172872543335, f_min=-0.6282080468999993
2025-04-25 15:23:22,570 - INFO - Node 6: k=164.3213354622748, f_best=2.0153846740722656, f_min=1.5834833375974995
2025-04-25 15:23:22,570 - INFO - Node 7: k=162.6943915468067, f_best=1.3497400283813477, f_min=1.1305052924062693
2025-04-25 15:23:22,570 - INFO - Node 8: k=97.94505605901391, f_best=2.014955520629883, f_min=1.8144570700396798
2025-04-25 15:23:22,570 - INFO - Node 9: k=116.66650681028362, f_best=1.346781611442566, f_min=1.0735232758961502
2025-04-25 15:23:22,570 - INFO - Node 10: k=140.94585109448494, f_best=2.014021635055542, f_min=1.0007117161139831
2025-04-25 15:23:22,571 - INFO - Node 11: k=142.3553096054298, f_best=1.3465975522994995, f_min=0.8034115238597224
2025-04-25 15:23:22,571 - INFO - cur_node_number 21,f_best 1.3465975522994995,f_min 0.8034115238597224,k 142.3553096054298
2025-04-25 15:23:22,571 - INFO - f_best_current 1.3465975522994995,f_min 0.8034115238597224
2025-04-25 15:23:22,571 - INFO - 回退,len(queue)=4
2025-04-25 15:23:29,786 - INFO - tree_node.f_best*ep:1.346781611442566,left_f_best2.024345636367798,right_f_best1.3658541440963745,i:1
2025-04-25 15:23:37,142 - INFO - tree_node.f_best*ep:1.346781611442566,left_f_best2.027127265930176,right_f_best1.3464255332946777,i:2
2025-04-25 15:23:59,734 - INFO - 添加左子节点，右子节点，len(queue):6
2025-04-25 15:23:59,734 - INFO - Node 1: k=854.2065747522814, f_best=1.3822957277297974, f_min=-0.8469191396616225
2025-04-25 15:23:59,734 - INFO - Node 2: k=123.13290230745618, f_best=2.034268379211426, f_min=1.1188784472078623
2025-04-25 15:23:59,734 - INFO - Node 3: k=225.9320884776362, f_best=1.3619606494903564, f_min=0.9412980501756465
2025-04-25 15:23:59,734 - INFO - Node 4: k=181.51298282874555, f_best=2.0240957736968994, f_min=0.4897594341864533
2025-04-25 15:23:59,734 - INFO - Node 5: k=192.67968886840674, f_best=1.355172872543335, f_min=-0.6282080468999993
2025-04-25 15:23:59,734 - INFO - Node 6: k=164.3213354622748, f_best=2.0153846740722656, f_min=1.5834833375974995
2025-04-25 15:23:59,735 - INFO - Node 7: k=162.6943915468067, f_best=1.3497400283813477, f_min=1.1305052924062693
2025-04-25 15:23:59,735 - INFO - Node 8: k=97.94505605901391, f_best=2.014955520629883, f_min=1.8144570700396798
2025-04-25 15:23:59,735 - INFO - Node 9: k=142.3553096054298, f_best=1.346781611442566, f_min=1.0735232758961502
2025-04-25 15:23:59,735 - INFO - Node 10: k=129.41391782311794, f_best=2.027127265930176, f_min=1.3149817369085213
2025-04-25 15:23:59,735 - INFO - Node 11: k=159.48866929399736, f_best=1.3464255332946777, f_min=-1.7916577958148991
2025-04-25 15:23:59,735 - INFO - cur_node_number 22,f_best 1.3464255332946777,f_min -1.7916577958148991,k 159.48866929399736
2025-04-25 15:23:59,735 - INFO - f_best_current 1.3464255332946777,f_min -1.7916577958148991
2025-04-25 15:23:59,735 - INFO - 回退,len(queue)=4
2025-04-25 15:24:06,369 - INFO - tree_node.f_best*ep:1.346781611442566,left_f_best2.033724784851074,right_f_best1.3512117862701416,i:1
2025-04-25 15:24:12,865 - INFO - tree_node.f_best*ep:1.346781611442566,left_f_best2.019679546356201,right_f_best1.35013747215271,i:2
2025-04-25 15:24:19,448 - INFO - tree_node.f_best*ep:1.346781611442566,left_f_best2.003652572631836,right_f_best1.3489807844161987,i:3
2025-04-25 15:24:26,318 - INFO - tree_node.f_best*ep:1.346781611442566,left_f_best2.0003788471221924,right_f_best1.3400462865829468,i:4
2025-04-25 15:24:46,892 - INFO - 添加左子节点，右子节点，len(queue):6
2025-04-25 15:24:46,892 - INFO - Node 1: k=854.2065747522814, f_best=1.3822957277297974, f_min=-0.8469191396616225
2025-04-25 15:24:46,892 - INFO - Node 2: k=123.13290230745618, f_best=2.034268379211426, f_min=1.1188784472078623
2025-04-25 15:24:46,893 - INFO - Node 3: k=225.9320884776362, f_best=1.3619606494903564, f_min=0.9412980501756465
2025-04-25 15:24:46,893 - INFO - Node 4: k=181.51298282874555, f_best=2.0240957736968994, f_min=0.4897594341864533
2025-04-25 15:24:46,893 - INFO - Node 5: k=192.67968886840674, f_best=1.355172872543335, f_min=-0.6282080468999993
2025-04-25 15:24:46,893 - INFO - Node 6: k=164.3213354622748, f_best=2.0153846740722656, f_min=1.5834833375974995
2025-04-25 15:24:46,893 - INFO - Node 7: k=162.6943915468067, f_best=1.3497400283813477, f_min=1.1305052924062693
2025-04-25 15:24:46,893 - INFO - Node 8: k=97.94505605901391, f_best=2.014955520629883, f_min=1.8144570700396798
2025-04-25 15:24:46,893 - INFO - Node 9: k=159.48866929399736, f_best=1.346781611442566, f_min=1.0735232758961502
2025-04-25 15:24:46,893 - INFO - Node 10: k=167.62419430506654, f_best=2.0003788471221924, f_min=1.1381637563981712
2025-04-25 15:24:46,893 - INFO - Node 11: k=162.6943915468067, f_best=1.3400462865829468, f_min=0.33432313419871207
2025-04-25 15:24:46,894 - INFO - cur_node_number 23,f_best 1.3400462865829468,f_min 0.33432313419871207,k 162.6943915468067
2025-04-25 15:24:46,894 - INFO - f_best_current 1.3400462865829468,f_min 0.33432313419871207
2025-04-25 15:24:46,894 - INFO - 回退,len(queue)=4
2025-04-25 15:24:52,845 - INFO - tree_node.f_best*ep:1.346781611442566,left_f_best2.0238003730773926,right_f_best1.3613749742507935,i:1
2025-04-25 15:24:59,111 - INFO - tree_node.f_best*ep:1.346781611442566,left_f_best2.0235886573791504,right_f_best1.3396607637405396,i:2
2025-04-25 15:25:20,285 - INFO - 添加左子节点，右子节点，len(queue):6
2025-04-25 15:25:20,285 - INFO - Node 1: k=854.2065747522814, f_best=1.3822957277297974, f_min=-0.8469191396616225
2025-04-25 15:25:20,285 - INFO - Node 2: k=123.13290230745618, f_best=2.034268379211426, f_min=1.1188784472078623
2025-04-25 15:25:20,285 - INFO - Node 3: k=225.9320884776362, f_best=1.3619606494903564, f_min=0.9412980501756465
2025-04-25 15:25:20,285 - INFO - Node 4: k=181.51298282874555, f_best=2.0240957736968994, f_min=0.4897594341864533
2025-04-25 15:25:20,285 - INFO - Node 5: k=192.67968886840674, f_best=1.355172872543335, f_min=-0.6282080468999993
2025-04-25 15:25:20,285 - INFO - Node 6: k=164.3213354622748, f_best=2.0153846740722656, f_min=1.5834833375974995
2025-04-25 15:25:20,286 - INFO - Node 7: k=162.6943915468067, f_best=1.3497400283813477, f_min=1.1305052924062693
2025-04-25 15:25:20,286 - INFO - Node 8: k=97.94505605901391, f_best=2.014955520629883, f_min=1.8144570700396798
2025-04-25 15:25:20,286 - INFO - Node 9: k=162.6943915468067, f_best=1.346781611442566, f_min=1.0735232758961502
2025-04-25 15:25:20,286 - INFO - Node 10: k=145.82684185053117, f_best=2.0235886573791504, f_min=-1.7611287096269734
2025-04-25 15:25:20,286 - INFO - Node 11: k=200.50325688201642, f_best=1.3396607637405396, f_min=1.3122466521017486
2025-04-25 15:25:20,286 - INFO - cur_node_number 24,f_best 1.3396607637405396,f_min 1.3122466521017486,k 200.50325688201642
2025-04-25 15:25:20,286 - INFO - f_best_current 1.3396607637405396,f_min 1.3122466521017486
2025-04-25 15:25:20,286 - INFO - 回退,len(queue)=4
2025-04-25 15:25:20,286 - INFO - 回退,len(queue)=3
2025-04-25 15:25:20,286 - INFO - 回退,len(queue)=2
2025-04-25 15:25:26,109 - INFO - tree_node.f_best*ep:1.355172872543335,left_f_best2.0370664596557617,right_f_best1.3734208345413208,i:1
2025-04-25 15:25:31,929 - INFO - tree_node.f_best*ep:1.355172872543335,left_f_best2.0117199420928955,right_f_best1.3537729978561401,i:2
2025-04-25 15:25:50,208 - INFO - 添加左子节点，右子节点，len(queue):4
2025-04-25 15:25:50,208 - INFO - Node 1: k=854.2065747522814, f_best=1.3822957277297974, f_min=-0.8469191396616225
2025-04-25 15:25:50,208 - INFO - Node 2: k=123.13290230745618, f_best=2.034268379211426, f_min=1.1188784472078623
2025-04-25 15:25:50,208 - INFO - Node 3: k=225.9320884776362, f_best=1.3619606494903564, f_min=0.9412980501756465
2025-04-25 15:25:50,209 - INFO - Node 4: k=181.51298282874555, f_best=2.0240957736968994, f_min=0.4897594341864533
2025-04-25 15:25:50,209 - INFO - Node 5: k=200.50325688201642, f_best=1.355172872543335, f_min=-0.6282080468999993
2025-04-25 15:25:50,209 - INFO - Node 6: k=109.2741987574018, f_best=2.0117199420928955, f_min=0.7996045965855956
2025-04-25 15:25:50,209 - INFO - Node 7: k=151.74799639529854, f_best=1.3537729978561401, f_min=-1.5817740997263172
2025-04-25 15:25:50,209 - INFO - cur_node_number 25,f_best 1.3537729978561401,f_min -1.5817740997263172,k 151.74799639529854
2025-04-25 15:25:50,209 - INFO - f_best_current 1.3537729978561401,f_min -1.5817740997263172
2025-04-25 15:25:55,890 - INFO - tree_node.f_best*ep:1.3537729978561401,left_f_best2.0317025184631348,right_f_best1.3570202589035034,i:1
2025-04-25 15:26:01,817 - INFO - tree_node.f_best*ep:1.3537729978561401,left_f_best2.0148603916168213,right_f_best1.353180170059204,i:2
2025-04-25 15:26:21,356 - INFO - 添加左子节点，右子节点，len(queue):5
2025-04-25 15:26:21,356 - INFO - Node 1: k=854.2065747522814, f_best=1.3822957277297974, f_min=-0.8469191396616225
2025-04-25 15:26:21,356 - INFO - Node 2: k=123.13290230745618, f_best=2.034268379211426, f_min=1.1188784472078623
2025-04-25 15:26:21,356 - INFO - Node 3: k=225.9320884776362, f_best=1.3619606494903564, f_min=0.9412980501756465
2025-04-25 15:26:21,356 - INFO - Node 4: k=181.51298282874555, f_best=2.0240957736968994, f_min=0.4897594341864533
2025-04-25 15:26:21,356 - INFO - Node 5: k=200.50325688201642, f_best=1.355172872543335, f_min=-0.6282080468999993
2025-04-25 15:26:21,356 - INFO - Node 6: k=109.2741987574018, f_best=2.0117199420928955, f_min=0.7996045965855956
2025-04-25 15:26:21,356 - INFO - Node 7: k=151.74799639529854, f_best=1.3537729978561401, f_min=-1.5817740997263172
2025-04-25 15:26:21,356 - INFO - Node 8: k=118.32829887658819, f_best=2.0148603916168213, f_min=1.8525769111533918
2025-04-25 15:26:21,357 - INFO - Node 9: k=196.55255061466173, f_best=1.353180170059204, f_min=0.6606427586311838
2025-04-25 15:26:21,357 - INFO - cur_node_number 26,f_best 1.353180170059204,f_min 0.6606427586311838,k 196.55255061466173
2025-04-25 15:26:21,357 - INFO - f_best_current 1.353180170059204,f_min 0.6606427586311838
2025-04-25 15:26:21,357 - INFO - 回退,len(queue)=3
2025-04-25 15:26:27,048 - INFO - tree_node.f_best*ep:1.3537729978561401,left_f_best2.026963710784912,right_f_best1.3611717224121094,i:1
2025-04-25 15:26:32,901 - INFO - tree_node.f_best*ep:1.3537729978561401,left_f_best2.028773784637451,right_f_best1.3526729345321655,i:2
2025-04-25 15:26:48,496 - INFO - 添加左子节点，右子节点，len(queue):5
2025-04-25 15:26:48,497 - INFO - Node 1: k=854.2065747522814, f_best=1.3822957277297974, f_min=-0.8469191396616225
2025-04-25 15:26:48,497 - INFO - Node 2: k=123.13290230745618, f_best=2.034268379211426, f_min=1.1188784472078623
2025-04-25 15:26:48,497 - INFO - Node 3: k=225.9320884776362, f_best=1.3619606494903564, f_min=0.9412980501756465
2025-04-25 15:26:48,497 - INFO - Node 4: k=181.51298282874555, f_best=2.0240957736968994, f_min=0.4897594341864533
2025-04-25 15:26:48,497 - INFO - Node 5: k=200.50325688201642, f_best=1.355172872543335, f_min=-0.6282080468999993
2025-04-25 15:26:48,497 - INFO - Node 6: k=109.2741987574018, f_best=2.0117199420928955, f_min=0.7996045965855956
2025-04-25 15:26:48,497 - INFO - Node 7: k=196.55255061466173, f_best=1.3537729978561401, f_min=-1.5817740997263172
2025-04-25 15:26:48,497 - INFO - Node 8: k=97.94505605901391, f_best=2.028773784637451, f_min=1.9208490291234739
2025-04-25 15:26:48,497 - INFO - Node 9: k=71.23584136273604, f_best=1.3526729345321655, f_min=1.061292697481349
2025-04-25 15:26:48,497 - INFO - cur_node_number 27,f_best 1.3526729345321655,f_min 1.061292697481349,k 71.23584136273604
2025-04-25 15:26:48,497 - INFO - f_best_current 1.3526729345321655,f_min 1.061292697481349
2025-04-25 15:26:54,205 - INFO - tree_node.f_best*ep:1.3526729345321655,left_f_best2.0215370655059814,right_f_best1.3629623651504517,i:1
2025-04-25 15:27:00,093 - INFO - tree_node.f_best*ep:1.3526729345321655,left_f_best2.0407445430755615,right_f_best1.3354918956756592,i:2
2025-04-25 15:27:17,584 - INFO - 添加左子节点，右子节点，len(queue):6
2025-04-25 15:27:17,584 - INFO - Node 1: k=854.2065747522814, f_best=1.3822957277297974, f_min=-0.8469191396616225
2025-04-25 15:27:17,584 - INFO - Node 2: k=123.13290230745618, f_best=2.034268379211426, f_min=1.1188784472078623
2025-04-25 15:27:17,584 - INFO - Node 3: k=225.9320884776362, f_best=1.3619606494903564, f_min=0.9412980501756465
2025-04-25 15:27:17,584 - INFO - Node 4: k=181.51298282874555, f_best=2.0240957736968994, f_min=0.4897594341864533
2025-04-25 15:27:17,584 - INFO - Node 5: k=200.50325688201642, f_best=1.355172872543335, f_min=-0.6282080468999993
2025-04-25 15:27:17,584 - INFO - Node 6: k=109.2741987574018, f_best=2.0117199420928955, f_min=0.7996045965855956
2025-04-25 15:27:17,584 - INFO - Node 7: k=196.55255061466173, f_best=1.3537729978561401, f_min=-1.5817740997263172
2025-04-25 15:27:17,584 - INFO - Node 8: k=97.94505605901391, f_best=2.028773784637451, f_min=1.9208490291234739
2025-04-25 15:27:17,585 - INFO - Node 9: k=71.23584136273604, f_best=1.3526729345321655, f_min=1.061292697481349
2025-04-25 15:27:17,585 - INFO - Node 10: k=102.94123827563152, f_best=2.0407445430755615, f_min=1.9161909249205564
2025-04-25 15:27:17,585 - INFO - Node 11: k=141.53809600352824, f_best=1.3354918956756592, f_min=1.3344110416128387
2025-04-25 15:27:17,585 - INFO - cur_node_number 28,f_best 1.3354918956756592,f_min 1.3344110416128387,k 141.53809600352824
2025-04-25 15:27:17,585 - INFO - f_best_current 1.3354918956756592,f_min 1.3344110416128387
2025-04-25 15:27:17,585 - INFO - 结束,fmin= 1.3344110416128387, fbestmin=1.3354918956756592
