2025-04-25 15:08:49,612 - INFO - Model output max(1): torch.return_types.max(
values=tensor([8.8363], grad_fn=<MaxBackward0>),
indices=tensor([0]))
2025-04-25 15:08:54,507 - INFO - cur_node_number 1,f_best 3.9858548641204834,f_min -14.593393988565367,k 552.866283558504
2025-04-25 15:08:54,507 - INFO - f_best_current 3.9858548641204834,f_min -14.593393988565367
2025-04-25 15:09:03,237 - INFO - tree_node.f_best*ep:3.9858548641204834,left_f_best4.7645263671875,right_f_best3.964299440383911,i:1
2025-04-25 15:09:25,300 - INFO - 添加左子节点，右子节点，len(queue):2
2025-04-25 15:09:25,300 - INFO - Node 1: k=552.866283558504, f_best=3.9858548641204834, f_min=-14.593393988565367
2025-04-25 15:09:25,300 - INFO - Node 2: k=184.96430521151984, f_best=4.7645263671875, f_min=3.6060921052412596
2025-04-25 15:09:25,300 - INFO - Node 3: k=190.56890862373413, f_best=3.964299440383911, f_min=3.162650690926057
2025-04-25 15:09:25,301 - INFO - cur_node_number 2,f_best 3.964299440383911,f_min 3.162650690926057,k 190.56890862373413
2025-04-25 15:09:25,301 - INFO - f_best_current 3.964299440383911,f_min 3.162650690926057
2025-04-25 15:09:33,022 - INFO - tree_node.f_best*ep:3.964299440383911,left_f_best4.819217205047607,right_f_best3.9512436389923096,i:1
2025-04-25 15:09:54,732 - INFO - 添加左子节点，右子节点，len(queue):3
2025-04-25 15:09:54,732 - INFO - Node 1: k=552.866283558504, f_best=3.9858548641204834, f_min=-14.593393988565367
2025-04-25 15:09:54,733 - INFO - Node 2: k=184.96430521151984, f_best=4.7645263671875, f_min=3.6060921052412596
2025-04-25 15:09:54,733 - INFO - Node 3: k=190.56890862373413, f_best=3.964299440383911, f_min=3.162650690926057
2025-04-25 15:09:54,733 - INFO - Node 4: k=162.52121718977295, f_best=4.819217205047607, f_min=3.0636225114676563
2025-04-25 15:09:54,733 - INFO - Node 5: k=167.44577259184027, f_best=3.9512436389923096, f_min=-0.01981384938608244
2025-04-25 15:09:54,733 - INFO - cur_node_number 3,f_best 3.9512436389923096,f_min -0.01981384938608244,k 167.44577259184027
2025-04-25 15:09:54,733 - INFO - f_best_current 3.9512436389923096,f_min -0.01981384938608244
2025-04-25 15:10:01,964 - INFO - tree_node.f_best*ep:3.9512436389923096,left_f_best4.771173000335693,right_f_best3.943321943283081,i:1
2025-04-25 15:10:31,209 - INFO - 添加左子节点，右子节点，len(queue):4
2025-04-25 15:10:31,209 - INFO - Node 1: k=552.866283558504, f_best=3.9858548641204834, f_min=-14.593393988565367
2025-04-25 15:10:31,209 - INFO - Node 2: k=184.96430521151984, f_best=4.7645263671875, f_min=3.6060921052412596
2025-04-25 15:10:31,209 - INFO - Node 3: k=190.56890862373413, f_best=3.964299440383911, f_min=3.162650690926057
2025-04-25 15:10:31,209 - INFO - Node 4: k=162.52121718977295, f_best=4.819217205047607, f_min=3.0636225114676563
2025-04-25 15:10:31,209 - INFO - Node 5: k=167.44577259184027, f_best=3.9512436389923096, f_min=-0.01981384938608244
2025-04-25 15:10:31,209 - INFO - Node 6: k=234.85558706869898, f_best=4.771173000335693, f_min=3.9487800973056437
2025-04-25 15:10:31,210 - INFO - Node 7: k=181.31977768014883, f_best=3.943321943283081, f_min=-2.2792572070047754
2025-04-25 15:10:31,210 - INFO - cur_node_number 4,f_best 3.943321943283081,f_min -2.2792572070047754,k 181.31977768014883
2025-04-25 15:10:31,210 - INFO - f_best_current 3.943321943283081,f_min -2.2792572070047754
2025-04-25 15:10:31,210 - INFO - 回退,len(queue)=2
2025-04-25 15:10:40,880 - INFO - tree_node.f_best*ep:3.9512436389923096,left_f_best4.805482864379883,right_f_best3.974411725997925,i:1
2025-04-25 15:10:50,647 - INFO - tree_node.f_best*ep:3.9512436389923096,left_f_best4.757278919219971,right_f_best3.975633382797241,i:2
2025-04-25 15:11:00,998 - INFO - tree_node.f_best*ep:3.9512436389923096,left_f_best4.736693859100342,right_f_best3.9270503520965576,i:3
2025-04-25 15:11:27,633 - INFO - 添加左子节点，右子节点，len(queue):4
2025-04-25 15:11:27,633 - INFO - Node 1: k=552.866283558504, f_best=3.9858548641204834, f_min=-14.593393988565367
2025-04-25 15:11:27,633 - INFO - Node 2: k=184.96430521151984, f_best=4.7645263671875, f_min=3.6060921052412596
2025-04-25 15:11:27,633 - INFO - Node 3: k=190.56890862373413, f_best=3.964299440383911, f_min=3.162650690926057
2025-04-25 15:11:27,633 - INFO - Node 4: k=162.52121718977295, f_best=4.819217205047607, f_min=3.0636225114676563
2025-04-25 15:11:27,633 - INFO - Node 5: k=181.31977768014883, f_best=3.9512436389923096, f_min=-0.01981384938608244
2025-04-25 15:11:27,634 - INFO - Node 6: k=135.87055149405833, f_best=4.736693859100342, f_min=4.283876618032082
2025-04-25 15:11:27,634 - INFO - Node 7: k=220.31882202014629, f_best=3.9270503520965576, f_min=3.685966161104261
2025-04-25 15:11:27,634 - INFO - cur_node_number 5,f_best 3.9270503520965576,f_min 3.685966161104261,k 220.31882202014629
2025-04-25 15:11:27,634 - INFO - f_best_current 3.9270503520965576,f_min 3.685966161104261
2025-04-25 15:11:27,634 - INFO - 回退,len(queue)=2
2025-04-25 15:11:27,634 - INFO - 回退,len(queue)=1
2025-04-25 15:11:37,127 - INFO - tree_node.f_best*ep:3.964299440383911,left_f_best4.770931243896484,right_f_best3.980881452560425,i:1
2025-04-25 15:11:46,510 - INFO - tree_node.f_best*ep:3.964299440383911,left_f_best4.760426044464111,right_f_best3.9519002437591553,i:2
2025-04-25 15:12:09,012 - INFO - 添加左子节点，右子节点，len(queue):3
2025-04-25 15:12:09,012 - INFO - Node 1: k=552.866283558504, f_best=3.9858548641204834, f_min=-14.593393988565367
2025-04-25 15:12:09,012 - INFO - Node 2: k=184.96430521151984, f_best=4.7645263671875, f_min=3.6060921052412596
2025-04-25 15:12:09,013 - INFO - Node 3: k=220.31882202014629, f_best=3.964299440383911, f_min=3.162650690926057
2025-04-25 15:12:09,013 - INFO - Node 4: k=135.87055149405833, f_best=4.760426044464111, f_min=3.7029126522384104
2025-04-25 15:12:09,013 - INFO - Node 5: k=150.08561737215928, f_best=3.9519002437591553, f_min=3.768248900962135
2025-04-25 15:12:09,013 - INFO - cur_node_number 6,f_best 3.9519002437591553,f_min 3.768248900962135,k 150.08561737215928
2025-04-25 15:12:09,013 - INFO - f_best_current 3.9519002437591553,f_min 3.768248900962135
2025-04-25 15:12:16,555 - INFO - tree_node.f_best*ep:3.9519002437591553,left_f_best4.786623477935791,right_f_best3.9657371044158936,i:1
2025-04-25 15:12:24,364 - INFO - tree_node.f_best*ep:3.9519002437591553,left_f_best4.7594828605651855,right_f_best3.927802801132202,i:2
2025-04-25 15:12:47,388 - INFO - 添加左子节点，右子节点，len(queue):4
2025-04-25 15:12:47,388 - INFO - Node 1: k=552.866283558504, f_best=3.9858548641204834, f_min=-14.593393988565367
2025-04-25 15:12:47,388 - INFO - Node 2: k=184.96430521151984, f_best=4.7645263671875, f_min=3.6060921052412596
2025-04-25 15:12:47,388 - INFO - Node 3: k=220.31882202014629, f_best=3.964299440383911, f_min=3.162650690926057
2025-04-25 15:12:47,388 - INFO - Node 4: k=135.87055149405833, f_best=4.760426044464111, f_min=3.7029126522384104
2025-04-25 15:12:47,388 - INFO - Node 5: k=150.08561737215928, f_best=3.9519002437591553, f_min=3.768248900962135
2025-04-25 15:12:47,388 - INFO - Node 6: k=171.79766480887403, f_best=4.7594828605651855, f_min=-0.8996898277782748
2025-04-25 15:12:47,388 - INFO - Node 7: k=227.94851899464234, f_best=3.927802801132202, f_min=0.8090264900602051
2025-04-25 15:12:47,389 - INFO - cur_node_number 7,f_best 3.927802801132202,f_min 0.8090264900602051,k 227.94851899464234
2025-04-25 15:12:47,389 - INFO - f_best_current 3.927802801132202,f_min 0.8090264900602051
2025-04-25 15:12:47,389 - INFO - 回退,len(queue)=2
2025-04-25 15:12:47,389 - INFO - 回退,len(queue)=1
2025-04-25 15:12:54,528 - INFO - tree_node.f_best*ep:3.964299440383911,left_f_best4.774357318878174,right_f_best3.9964230060577393,i:1
2025-04-25 15:13:01,839 - INFO - tree_node.f_best*ep:3.964299440383911,left_f_best4.76354455947876,right_f_best3.9564883708953857,i:2
2025-04-25 15:13:25,277 - INFO - 添加左子节点，右子节点，len(queue):3
2025-04-25 15:13:25,277 - INFO - Node 1: k=552.866283558504, f_best=3.9858548641204834, f_min=-14.593393988565367
2025-04-25 15:13:25,277 - INFO - Node 2: k=184.96430521151984, f_best=4.7645263671875, f_min=3.6060921052412596
2025-04-25 15:13:25,277 - INFO - Node 3: k=227.94851899464234, f_best=3.964299440383911, f_min=3.162650690926057
2025-04-25 15:13:25,277 - INFO - Node 4: k=251.79697753619814, f_best=4.76354455947876, f_min=2.5485941661117977
2025-04-25 15:13:25,277 - INFO - Node 5: k=181.31977768014883, f_best=3.9564883708953857, f_min=3.21538590871387
2025-04-25 15:13:25,277 - INFO - cur_node_number 8,f_best 3.9564883708953857,f_min 3.21538590871387,k 181.31977768014883
2025-04-25 15:13:25,277 - INFO - f_best_current 3.9564883708953857,f_min 3.21538590871387
2025-04-25 15:13:32,586 - INFO - tree_node.f_best*ep:3.9564883708953857,left_f_best4.802013397216797,right_f_best3.970452070236206,i:1
2025-04-25 15:13:40,107 - INFO - tree_node.f_best*ep:3.9564883708953857,left_f_best4.762965202331543,right_f_best3.9413888454437256,i:2
2025-04-25 15:14:02,452 - INFO - 添加左子节点，右子节点，len(queue):4
2025-04-25 15:14:02,452 - INFO - Node 1: k=552.866283558504, f_best=3.9858548641204834, f_min=-14.593393988565367
2025-04-25 15:14:02,452 - INFO - Node 2: k=184.96430521151984, f_best=4.7645263671875, f_min=3.6060921052412596
2025-04-25 15:14:02,452 - INFO - Node 3: k=227.94851899464234, f_best=3.964299440383911, f_min=3.162650690926057
2025-04-25 15:14:02,452 - INFO - Node 4: k=251.79697753619814, f_best=4.76354455947876, f_min=2.5485941661117977
2025-04-25 15:14:02,452 - INFO - Node 5: k=181.31977768014883, f_best=3.9564883708953857, f_min=3.21538590871387
2025-04-25 15:14:02,452 - INFO - Node 6: k=216.8851943641774, f_best=4.762965202331543, f_min=4.716230718599036
2025-04-25 15:14:02,453 - INFO - Node 7: k=177.74706173919108, f_best=3.9413888454437256, f_min=1.4514047229231437
2025-04-25 15:14:02,453 - INFO - cur_node_number 9,f_best 3.9413888454437256,f_min 1.4514047229231437,k 177.74706173919108
2025-04-25 15:14:02,453 - INFO - f_best_current 3.9413888454437256,f_min 1.4514047229231437
2025-04-25 15:14:09,745 - INFO - tree_node.f_best*ep:3.9413888454437256,left_f_best4.786322116851807,right_f_best3.962064504623413,i:1
2025-04-25 15:14:17,313 - INFO - tree_node.f_best*ep:3.9413888454437256,left_f_best4.762351036071777,right_f_best3.966745138168335,i:2
2025-04-25 15:14:25,274 - INFO - tree_node.f_best*ep:3.9413888454437256,left_f_best4.740061283111572,right_f_best3.946580648422241,i:3
2025-04-25 15:14:33,547 - INFO - tree_node.f_best*ep:3.9413888454437256,left_f_best4.727440357208252,right_f_best3.917250871658325,i:4
2025-04-25 15:14:57,011 - INFO - 添加左子节点，右子节点，len(queue):5
2025-04-25 15:14:57,011 - INFO - Node 1: k=552.866283558504, f_best=3.9858548641204834, f_min=-14.593393988565367
2025-04-25 15:14:57,012 - INFO - Node 2: k=184.96430521151984, f_best=4.7645263671875, f_min=3.6060921052412596
2025-04-25 15:14:57,012 - INFO - Node 3: k=227.94851899464234, f_best=3.964299440383911, f_min=3.162650690926057
2025-04-25 15:14:57,012 - INFO - Node 4: k=251.79697753619814, f_best=4.76354455947876, f_min=2.5485941661117977
2025-04-25 15:14:57,012 - INFO - Node 5: k=181.31977768014883, f_best=3.9564883708953857, f_min=3.21538590871387
2025-04-25 15:14:57,012 - INFO - Node 6: k=216.8851943641774, f_best=4.762965202331543, f_min=4.716230718599036
2025-04-25 15:14:57,012 - INFO - Node 7: k=177.74706173919108, f_best=3.9413888454437256, f_min=1.4514047229231437
2025-04-25 15:14:57,012 - INFO - Node 8: k=175.98718984078326, f_best=4.727440357208252, f_min=3.728170449152458
2025-04-25 15:14:57,012 - INFO - Node 9: k=283.7311367993654, f_best=3.917250871658325, f_min=3.0479323374565865
2025-04-25 15:14:57,012 - INFO - cur_node_number 10,f_best 3.917250871658325,f_min 3.0479323374565865,k 283.7311367993654
2025-04-25 15:14:57,013 - INFO - f_best_current 3.917250871658325,f_min 3.0479323374565865
2025-04-25 15:14:57,013 - INFO - 回退,len(queue)=3
2025-04-25 15:14:57,013 - INFO - 回退,len(queue)=2
2025-04-25 15:14:57,013 - INFO - 回退,len(queue)=1
2025-04-25 15:15:04,013 - INFO - tree_node.f_best*ep:3.964299440383911,left_f_best4.787245273590088,right_f_best3.978294610977173,i:1
2025-04-25 15:15:11,304 - INFO - tree_node.f_best*ep:3.964299440383911,left_f_best4.776882648468018,right_f_best3.9572346210479736,i:2
2025-04-25 15:15:34,725 - INFO - 添加左子节点，右子节点，len(queue):3
2025-04-25 15:15:34,725 - INFO - Node 1: k=552.866283558504, f_best=3.9858548641204834, f_min=-14.593393988565367
2025-04-25 15:15:34,725 - INFO - Node 2: k=184.96430521151984, f_best=4.7645263671875, f_min=3.6060921052412596
2025-04-25 15:15:34,725 - INFO - Node 3: k=283.7311367993654, f_best=3.964299440383911, f_min=3.162650690926057
2025-04-25 15:15:34,725 - INFO - Node 4: k=138.60154957908892, f_best=4.776882648468018, f_min=3.020519367183624
2025-04-25 15:15:34,725 - INFO - Node 5: k=397.9547627345206, f_best=3.9572346210479736, f_min=2.866778562805848
2025-04-25 15:15:34,725 - INFO - cur_node_number 11,f_best 3.9572346210479736,f_min 2.866778562805848,k 397.9547627345206
2025-04-25 15:15:34,726 - INFO - f_best_current 3.9572346210479736,f_min 2.866778562805848
2025-04-25 15:15:34,726 - INFO - 回退,len(queue)=1
2025-04-25 15:15:41,662 - INFO - tree_node.f_best*ep:3.964299440383911,left_f_best4.747533321380615,right_f_best3.985497236251831,i:1
2025-04-25 15:15:48,983 - INFO - tree_node.f_best*ep:3.964299440383911,left_f_best4.75927209854126,right_f_best3.981764554977417,i:2
2025-04-25 15:15:56,633 - INFO - tree_node.f_best*ep:3.964299440383911,left_f_best4.7590837478637695,right_f_best3.936985731124878,i:3
2025-04-25 15:16:17,847 - INFO - 添加左子节点，右子节点，len(queue):3
2025-04-25 15:16:17,847 - INFO - Node 1: k=552.866283558504, f_best=3.9858548641204834, f_min=-14.593393988565367
2025-04-25 15:16:17,847 - INFO - Node 2: k=184.96430521151984, f_best=4.7645263671875, f_min=3.6060921052412596
2025-04-25 15:16:17,847 - INFO - Node 3: k=397.9547627345206, f_best=3.964299440383911, f_min=3.162650690926057
2025-04-25 15:16:17,847 - INFO - Node 4: k=175.98718984078326, f_best=4.7590837478637695, f_min=2.1243792936456884
2025-04-25 15:16:17,847 - INFO - Node 5: k=174.2447424166171, f_best=3.936985731124878, f_min=2.806272108576195
2025-04-25 15:16:17,847 - INFO - cur_node_number 12,f_best 3.936985731124878,f_min 2.806272108576195,k 174.2447424166171
2025-04-25 15:16:17,847 - INFO - f_best_current 3.936985731124878,f_min 2.806272108576195
2025-04-25 15:16:24,951 - INFO - tree_node.f_best*ep:3.936985731124878,left_f_best4.796104431152344,right_f_best3.9727985858917236,i:1
2025-04-25 15:16:32,069 - INFO - tree_node.f_best*ep:3.936985731124878,left_f_best4.760844707489014,right_f_best3.92012095451355,i:2
2025-04-25 15:16:52,806 - INFO - 添加左子节点，右子节点，len(queue):4
2025-04-25 15:16:52,807 - INFO - Node 1: k=552.866283558504, f_best=3.9858548641204834, f_min=-14.593393988565367
2025-04-25 15:16:52,807 - INFO - Node 2: k=184.96430521151984, f_best=4.7645263671875, f_min=3.6060921052412596
2025-04-25 15:16:52,807 - INFO - Node 3: k=397.9547627345206, f_best=3.964299440383911, f_min=3.162650690926057
2025-04-25 15:16:52,807 - INFO - Node 4: k=175.98718984078326, f_best=4.7590837478637695, f_min=2.1243792936456884
2025-04-25 15:16:52,807 - INFO - Node 5: k=174.2447424166171, f_best=3.936985731124878, f_min=2.806272108576195
2025-04-25 15:16:52,807 - INFO - Node 6: k=148.59962116055374, f_best=4.760844707489014, f_min=2.363302723196284
2025-04-25 15:16:52,807 - INFO - Node 7: k=221.2445867708974, f_best=3.92012095451355, f_min=3.318139068891469
2025-04-25 15:16:52,807 - INFO - cur_node_number 13,f_best 3.92012095451355,f_min 3.318139068891469,k 221.2445867708974
2025-04-25 15:16:52,808 - INFO - f_best_current 3.92012095451355,f_min 3.318139068891469
2025-04-25 15:16:52,808 - INFO - 回退,len(queue)=2
2025-04-25 15:16:59,792 - INFO - tree_node.f_best*ep:3.936985731124878,left_f_best4.764803409576416,right_f_best3.9733684062957764,i:1
2025-04-25 15:17:07,176 - INFO - tree_node.f_best*ep:3.936985731124878,left_f_best4.773932933807373,right_f_best3.9503228664398193,i:2
2025-04-25 15:17:14,952 - INFO - tree_node.f_best*ep:3.936985731124878,left_f_best4.743236541748047,right_f_best3.92087721824646,i:3
2025-04-25 15:17:36,240 - INFO - 添加左子节点，右子节点，len(queue):4
2025-04-25 15:17:36,240 - INFO - Node 1: k=552.866283558504, f_best=3.9858548641204834, f_min=-14.593393988565367
2025-04-25 15:17:36,240 - INFO - Node 2: k=184.96430521151984, f_best=4.7645263671875, f_min=3.6060921052412596
2025-04-25 15:17:36,240 - INFO - Node 3: k=397.9547627345206, f_best=3.964299440383911, f_min=3.162650690926057
2025-04-25 15:17:36,240 - INFO - Node 4: k=175.98718984078326, f_best=4.7590837478637695, f_min=2.1243792936456884
2025-04-25 15:17:36,240 - INFO - Node 5: k=221.2445867708974, f_best=3.936985731124878, f_min=2.806272108576195
2025-04-25 15:17:36,240 - INFO - Node 6: k=200.28983820013318, f_best=4.743236541748047, f_min=3.625705316956555
2025-04-25 15:17:36,241 - INFO - Node 7: k=164.1464293616707, f_best=3.92087721824646, f_min=1.5240358089868096
2025-04-25 15:17:36,241 - INFO - cur_node_number 14,f_best 3.92087721824646,f_min 1.5240358089868096,k 164.1464293616707
2025-04-25 15:17:36,241 - INFO - f_best_current 3.92087721824646,f_min 1.5240358089868096
2025-04-25 15:17:43,070 - INFO - tree_node.f_best*ep:3.92087721824646,left_f_best4.740597248077393,right_f_best3.972883939743042,i:1
2025-04-25 15:17:50,247 - INFO - tree_node.f_best*ep:3.92087721824646,left_f_best4.763030529022217,right_f_best3.9677274227142334,i:2
2025-04-25 15:17:58,652 - INFO - tree_node.f_best*ep:3.92087721824646,left_f_best4.749195575714111,right_f_best3.909447431564331,i:3
2025-04-25 15:18:23,539 - INFO - 添加左子节点，右子节点，len(queue):5
2025-04-25 15:18:23,539 - INFO - Node 1: k=552.866283558504, f_best=3.9858548641204834, f_min=-14.593393988565367
2025-04-25 15:18:23,540 - INFO - Node 2: k=184.96430521151984, f_best=4.7645263671875, f_min=3.6060921052412596
2025-04-25 15:18:23,540 - INFO - Node 3: k=397.9547627345206, f_best=3.964299440383911, f_min=3.162650690926057
2025-04-25 15:18:23,540 - INFO - Node 4: k=175.98718984078326, f_best=4.7590837478637695, f_min=2.1243792936456884
2025-04-25 15:18:23,540 - INFO - Node 5: k=221.2445867708974, f_best=3.936985731124878, f_min=2.806272108576195
2025-04-25 15:18:23,540 - INFO - Node 6: k=200.28983820013318, f_best=4.743236541748047, f_min=3.625705316956555
2025-04-25 15:18:23,540 - INFO - Node 7: k=164.1464293616707, f_best=3.92087721824646, f_min=1.5240358089868096
2025-04-25 15:18:23,540 - INFO - Node 8: k=186.81394826363504, f_best=4.749195575714111, f_min=4.679679169204064
2025-04-25 15:18:23,540 - INFO - Node 9: k=135.87055149405833, f_best=3.909447431564331, f_min=1.566069399396838
2025-04-25 15:18:23,541 - INFO - cur_node_number 15,f_best 3.909447431564331,f_min 1.566069399396838,k 135.87055149405833
2025-04-25 15:18:23,541 - INFO - f_best_current 3.909447431564331,f_min 1.566069399396838
2025-04-25 15:18:32,877 - INFO - tree_node.f_best*ep:3.909447431564331,left_f_best4.795853137969971,right_f_best3.9652507305145264,i:1
2025-04-25 15:18:41,951 - INFO - tree_node.f_best*ep:3.909447431564331,left_f_best4.756901264190674,right_f_best3.9443681240081787,i:2
2025-04-25 15:18:51,460 - INFO - tree_node.f_best*ep:3.909447431564331,left_f_best4.7309794425964355,right_f_best3.936253309249878,i:3
2025-04-25 15:19:01,421 - INFO - tree_node.f_best*ep:3.909447431564331,left_f_best4.733617305755615,right_f_best3.919459104537964,i:4
2025-04-25 15:19:11,806 - INFO - tree_node.f_best*ep:3.909447431564331,left_f_best4.717759609222412,right_f_best3.9324309825897217,i:5
2025-04-25 15:19:22,445 - INFO - tree_node.f_best*ep:3.909447431564331,left_f_best4.72445821762085,right_f_best3.884694814682007,i:6
2025-04-25 15:19:49,190 - INFO - 添加左子节点，右子节点，len(queue):6
2025-04-25 15:19:49,190 - INFO - Node 1: k=552.866283558504, f_best=3.9858548641204834, f_min=-14.593393988565367
2025-04-25 15:19:49,191 - INFO - Node 2: k=184.96430521151984, f_best=4.7645263671875, f_min=3.6060921052412596
2025-04-25 15:19:49,191 - INFO - Node 3: k=397.9547627345206, f_best=3.964299440383911, f_min=3.162650690926057
2025-04-25 15:19:49,191 - INFO - Node 4: k=175.98718984078326, f_best=4.7590837478637695, f_min=2.1243792936456884
2025-04-25 15:19:49,191 - INFO - Node 5: k=221.2445867708974, f_best=3.936985731124878, f_min=2.806272108576195
2025-04-25 15:19:49,191 - INFO - Node 6: k=200.28983820013318, f_best=4.743236541748047, f_min=3.625705316956555
2025-04-25 15:19:49,191 - INFO - Node 7: k=164.1464293616707, f_best=3.92087721824646, f_min=1.5240358089868096
2025-04-25 15:19:49,191 - INFO - Node 8: k=186.81394826363504, f_best=4.749195575714111, f_min=4.679679169204064
2025-04-25 15:19:49,191 - INFO - Node 9: k=135.87055149405833, f_best=3.909447431564331, f_min=1.566069399396838
2025-04-25 15:19:49,191 - INFO - Node 10: k=219.0540463078192, f_best=4.72445821762085, f_min=3.5056351807679675
2025-04-25 15:19:49,191 - INFO - Node 11: k=192.47459770997148, f_best=3.884694814682007, f_min=3.3877443989840685
2025-04-25 15:19:49,192 - INFO - cur_node_number 16,f_best 3.884694814682007,f_min 3.3877443989840685,k 192.47459770997148
2025-04-25 15:19:49,192 - INFO - f_best_current 3.884694814682007,f_min 3.3877443989840685
2025-04-25 15:19:49,192 - INFO - 回退,len(queue)=4
2025-04-25 15:19:49,192 - INFO - 回退,len(queue)=3
2025-04-25 15:19:58,063 - INFO - tree_node.f_best*ep:3.92087721824646,left_f_best4.8356242179870605,right_f_best3.981013536453247,i:1
2025-04-25 15:20:07,128 - INFO - tree_node.f_best*ep:3.92087721824646,left_f_best4.767017841339111,right_f_best3.9301416873931885,i:2
2025-04-25 15:20:16,583 - INFO - tree_node.f_best*ep:3.92087721824646,left_f_best4.752244472503662,right_f_best3.9495151042938232,i:3
2025-04-25 15:20:26,575 - INFO - tree_node.f_best*ep:3.92087721824646,left_f_best4.729922771453857,right_f_best3.9093058109283447,i:4
2025-04-25 15:20:51,461 - INFO - 添加左子节点，右子节点，len(queue):5
2025-04-25 15:20:51,461 - INFO - Node 1: k=552.866283558504, f_best=3.9858548641204834, f_min=-14.593393988565367
2025-04-25 15:20:51,461 - INFO - Node 2: k=184.96430521151984, f_best=4.7645263671875, f_min=3.6060921052412596
2025-04-25 15:20:51,461 - INFO - Node 3: k=397.9547627345206, f_best=3.964299440383911, f_min=3.162650690926057
2025-04-25 15:20:51,462 - INFO - Node 4: k=175.98718984078326, f_best=4.7590837478637695, f_min=2.1243792936456884
2025-04-25 15:20:51,462 - INFO - Node 5: k=221.2445867708974, f_best=3.936985731124878, f_min=2.806272108576195
2025-04-25 15:20:51,462 - INFO - Node 6: k=200.28983820013318, f_best=4.743236541748047, f_min=3.625705316956555
2025-04-25 15:20:51,462 - INFO - Node 7: k=192.47459770997148, f_best=3.92087721824646, f_min=1.5240358089868096
2025-04-25 15:20:51,462 - INFO - Node 8: k=142.80131513288492, f_best=4.729922771453857, f_min=3.6258072365926637
2025-04-25 15:20:51,462 - INFO - Node 9: k=179.524532356583, f_best=3.9093058109283447, f_min=3.7480888883410444
2025-04-25 15:20:51,462 - INFO - cur_node_number 17,f_best 3.9093058109283447,f_min 3.7480888883410444,k 179.524532356583
2025-04-25 15:20:51,462 - INFO - f_best_current 3.9093058109283447,f_min 3.7480888883410444
2025-04-25 15:21:00,065 - INFO - tree_node.f_best*ep:3.9093058109283447,left_f_best4.782329559326172,right_f_best3.9535958766937256,i:1
2025-04-25 15:21:09,045 - INFO - tree_node.f_best*ep:3.9093058109283447,left_f_best4.7451863288879395,right_f_best3.9646990299224854,i:2
2025-04-25 15:21:18,452 - INFO - tree_node.f_best*ep:3.9093058109283447,left_f_best4.729462146759033,right_f_best3.9333040714263916,i:3
2025-04-25 15:21:28,421 - INFO - tree_node.f_best*ep:3.9093058109283447,left_f_best4.742107391357422,right_f_best3.931548833847046,i:4
2025-04-25 15:21:38,685 - INFO - tree_node.f_best*ep:3.9093058109283447,left_f_best4.706137180328369,right_f_best3.9073054790496826,i:5
2025-04-25 15:22:04,926 - INFO - 添加左子节点，右子节点，len(queue):6
2025-04-25 15:22:04,926 - INFO - Node 1: k=552.866283558504, f_best=3.9858548641204834, f_min=-14.593393988565367
2025-04-25 15:22:04,926 - INFO - Node 2: k=184.96430521151984, f_best=4.7645263671875, f_min=3.6060921052412596
2025-04-25 15:22:04,926 - INFO - Node 3: k=397.9547627345206, f_best=3.964299440383911, f_min=3.162650690926057
2025-04-25 15:22:04,926 - INFO - Node 4: k=175.98718984078326, f_best=4.7590837478637695, f_min=2.1243792936456884
2025-04-25 15:22:04,926 - INFO - Node 5: k=221.2445867708974, f_best=3.936985731124878, f_min=2.806272108576195
2025-04-25 15:22:04,926 - INFO - Node 6: k=200.28983820013318, f_best=4.743236541748047, f_min=3.625705316956555
2025-04-25 15:22:04,927 - INFO - Node 7: k=192.47459770997148, f_best=3.92087721824646, f_min=1.5240358089868096
2025-04-25 15:22:04,927 - INFO - Node 8: k=142.80131513288492, f_best=4.729922771453857, f_min=3.6258072365926637
2025-04-25 15:22:04,927 - INFO - Node 9: k=179.524532356583, f_best=3.9093058109283447, f_min=3.7480888883410444
2025-04-25 15:22:04,927 - INFO - Node 10: k=125.47417473418193, f_best=4.706137180328369, f_min=4.457706711650644
2025-04-25 15:22:04,927 - INFO - Node 11: k=298.204276302431, f_best=3.9073054790496826, f_min=2.606522187747032
2025-04-25 15:22:04,927 - INFO - cur_node_number 18,f_best 3.9073054790496826,f_min 2.606522187747032,k 298.204276302431
2025-04-25 15:22:04,927 - INFO - f_best_current 3.9073054790496826,f_min 2.606522187747032
2025-04-25 15:22:04,927 - INFO - 回退,len(queue)=4
2025-04-25 15:22:04,928 - INFO - 回退,len(queue)=3
2025-04-25 15:22:04,928 - INFO - 回退,len(queue)=2
2025-04-25 15:22:13,621 - INFO - tree_node.f_best*ep:3.936985731124878,left_f_best4.777865886688232,right_f_best3.9486196041107178,i:1
2025-04-25 15:22:22,897 - INFO - tree_node.f_best*ep:3.936985731124878,left_f_best4.735557556152344,right_f_best3.9886815547943115,i:2
2025-04-25 15:22:32,756 - INFO - tree_node.f_best*ep:3.936985731124878,left_f_best4.742137432098389,right_f_best3.940236806869507,i:3
2025-04-25 15:22:42,101 - INFO - tree_node.f_best*ep:3.936985731124878,left_f_best4.717310428619385,right_f_best3.9359147548675537,i:4
2025-04-25 15:23:02,791 - INFO - 添加左子节点，右子节点，len(queue):4
2025-04-25 15:23:02,792 - INFO - Node 1: k=552.866283558504, f_best=3.9858548641204834, f_min=-14.593393988565367
2025-04-25 15:23:02,792 - INFO - Node 2: k=184.96430521151984, f_best=4.7645263671875, f_min=3.6060921052412596
2025-04-25 15:23:02,792 - INFO - Node 3: k=397.9547627345206, f_best=3.964299440383911, f_min=3.162650690926057
2025-04-25 15:23:02,792 - INFO - Node 4: k=175.98718984078326, f_best=4.7590837478637695, f_min=2.1243792936456884
2025-04-25 15:23:02,792 - INFO - Node 5: k=298.204276302431, f_best=3.936985731124878, f_min=2.806272108576195
2025-04-25 15:23:02,792 - INFO - Node 6: k=154.63336166415309, f_best=4.717310428619385, f_min=2.409424682109602
2025-04-25 15:23:02,792 - INFO - Node 7: k=200.28983820013318, f_best=3.9359147548675537, f_min=3.344124840497898
2025-04-25 15:23:02,792 - INFO - cur_node_number 19,f_best 3.9359147548675537,f_min 3.344124840497898,k 200.28983820013318
2025-04-25 15:23:02,792 - INFO - f_best_current 3.9359147548675537,f_min 3.344124840497898
2025-04-25 15:23:09,827 - INFO - tree_node.f_best*ep:3.9359147548675537,left_f_best4.777801036834717,right_f_best3.9518306255340576,i:1
2025-04-25 15:23:17,226 - INFO - tree_node.f_best*ep:3.9359147548675537,left_f_best4.748571872711182,right_f_best3.9626433849334717,i:2
2025-04-25 15:23:25,052 - INFO - tree_node.f_best*ep:3.9359147548675537,left_f_best4.739457607269287,right_f_best3.9682528972625732,i:3
2025-04-25 15:23:33,136 - INFO - tree_node.f_best*ep:3.9359147548675537,left_f_best4.715393543243408,right_f_best3.9140374660491943,i:4
2025-04-25 15:23:54,865 - INFO - 添加左子节点，右子节点，len(queue):5
2025-04-25 15:23:54,865 - INFO - Node 1: k=552.866283558504, f_best=3.9858548641204834, f_min=-14.593393988565367
2025-04-25 15:23:54,865 - INFO - Node 2: k=184.96430521151984, f_best=4.7645263671875, f_min=3.6060921052412596
2025-04-25 15:23:54,865 - INFO - Node 3: k=397.9547627345206, f_best=3.964299440383911, f_min=3.162650690926057
2025-04-25 15:23:54,866 - INFO - Node 4: k=175.98718984078326, f_best=4.7590837478637695, f_min=2.1243792936456884
2025-04-25 15:23:54,866 - INFO - Node 5: k=298.204276302431, f_best=3.936985731124878, f_min=2.806272108576195
2025-04-25 15:23:54,866 - INFO - Node 6: k=154.63336166415309, f_best=4.717310428619385, f_min=2.409424682109602
2025-04-25 15:23:54,866 - INFO - Node 7: k=200.28983820013318, f_best=3.9359147548675537, f_min=3.344124840497898
2025-04-25 15:23:54,866 - INFO - Node 8: k=256.85809678467575, f_best=4.715393543243408, f_min=4.047552795262163
2025-04-25 15:23:54,866 - INFO - Node 9: k=159.3189071559386, f_best=3.9140374660491943, f_min=3.88534841065848
2025-04-25 15:23:54,866 - INFO - cur_node_number 20,f_best 3.9140374660491943,f_min 3.88534841065848,k 159.3189071559386
2025-04-25 15:23:54,866 - INFO - f_best_current 3.9140374660491943,f_min 3.88534841065848
2025-04-25 15:23:54,866 - INFO - 结束,fmin= 3.88534841065848, fbestmin=3.9140374660491943
