2025-04-25 15:08:49,756 - INFO - Model output max(1): torch.return_types.max(
values=tensor([8.8363], grad_fn=<MaxBackward0>),
indices=tensor([0]))
2025-04-25 15:08:54,554 - INFO - cur_node_number 1,f_best 2.0981273651123047,f_min 1.6438867887718516,k 238.39337795968368
2025-04-25 15:08:54,554 - INFO - f_best_current 2.0981273651123047,f_min 1.6438867887718516
2025-04-25 15:09:03,304 - INFO - tree_node.f_best*ep:2.0981273651123047,left_f_best2.771437644958496,right_f_best2.0748820304870605,i:1
2025-04-25 15:09:25,294 - INFO - 添加左子节点，右子节点，len(queue):2
2025-04-25 15:09:25,294 - INFO - Node 1: k=238.39337795968368, f_best=2.0981273651123047, f_min=1.6438867887718516
2025-04-25 15:09:25,294 - INFO - Node 2: k=119.51158186535407, f_best=2.771437644958496, f_min=2.6275357365047967
2025-04-25 15:09:25,294 - INFO - Node 3: k=117.1567315609784, f_best=2.0748820304870605, f_min=1.3570642273789417
2025-04-25 15:09:25,295 - INFO - cur_node_number 2,f_best 2.0748820304870605,f_min 1.3570642273789417,k 117.1567315609784
2025-04-25 15:09:25,295 - INFO - f_best_current 2.0748820304870605,f_min 1.3570642273789417
2025-04-25 15:09:33,018 - INFO - tree_node.f_best*ep:2.0748820304870605,left_f_best2.7504544258117676,right_f_best2.0777838230133057,i:1
2025-04-25 15:09:40,940 - INFO - tree_node.f_best*ep:2.0748820304870605,left_f_best2.7518014907836914,right_f_best2.0494513511657715,i:2
2025-04-25 15:10:05,135 - INFO - 添加左子节点，右子节点，len(queue):3
2025-04-25 15:10:05,135 - INFO - Node 1: k=238.39337795968368, f_best=2.0981273651123047, f_min=1.6438867887718516
2025-04-25 15:10:05,136 - INFO - Node 2: k=119.51158186535407, f_best=2.771437644958496, f_min=2.6275357365047967
2025-04-25 15:10:05,136 - INFO - Node 3: k=117.1567315609784, f_best=2.0748820304870605, f_min=1.3570642273789417
2025-04-25 15:10:05,136 - INFO - Node 4: k=177.9364599830855, f_best=2.7518014907836914, f_min=2.60703039173859
2025-04-25 15:10:05,136 - INFO - Node 5: k=119.51158186535407, f_best=2.0494513511657715, f_min=-1.582771301619232
2025-04-25 15:10:05,136 - INFO - cur_node_number 3,f_best 2.0494513511657715,f_min -1.582771301619232,k 119.51158186535407
2025-04-25 15:10:05,136 - INFO - f_best_current 2.0494513511657715,f_min -1.582771301619232
2025-04-25 15:10:05,137 - INFO - 回退,len(queue)=1
2025-04-25 15:10:14,706 - INFO - tree_node.f_best*ep:2.0748820304870605,left_f_best2.769721508026123,right_f_best2.0575757026672363,i:1
2025-04-25 15:10:43,315 - INFO - 添加左子节点，右子节点，len(queue):3
2025-04-25 15:10:43,315 - INFO - Node 1: k=238.39337795968368, f_best=2.0981273651123047, f_min=1.6438867887718516
2025-04-25 15:10:43,315 - INFO - Node 2: k=119.51158186535407, f_best=2.771437644958496, f_min=2.6275357365047967
2025-04-25 15:10:43,315 - INFO - Node 3: k=119.51158186535407, f_best=2.0748820304870605, f_min=1.3570642273789417
2025-04-25 15:10:43,315 - INFO - Node 4: k=110.36694074497582, f_best=2.769721508026123, f_min=2.7033973411803345
2025-04-25 15:10:43,315 - INFO - Node 5: k=123.13290230745618, f_best=2.0575757026672363, f_min=-0.6986616639123895
2025-04-25 15:10:43,316 - INFO - cur_node_number 4,f_best 2.0575757026672363,f_min -0.6986616639123895,k 123.13290230745618
2025-04-25 15:10:43,316 - INFO - f_best_current 2.0575757026672363,f_min -0.6986616639123895
2025-04-25 15:10:43,316 - INFO - 回退,len(queue)=1
2025-04-25 15:10:52,721 - INFO - tree_node.f_best*ep:2.0748820304870605,left_f_best2.7846620082855225,right_f_best2.097208023071289,i:1
2025-04-25 15:11:02,526 - INFO - tree_node.f_best*ep:2.0748820304870605,left_f_best2.7531721591949463,right_f_best2.053234815597534,i:2
2025-04-25 15:11:34,626 - INFO - 添加左子节点，右子节点，len(queue):3
2025-04-25 15:11:34,626 - INFO - Node 1: k=238.39337795968368, f_best=2.0981273651123047, f_min=1.6438867887718516
2025-04-25 15:11:34,626 - INFO - Node 2: k=119.51158186535407, f_best=2.771437644958496, f_min=2.6275357365047967
2025-04-25 15:11:34,626 - INFO - Node 3: k=123.13290230745618, f_best=2.0748820304870605, f_min=1.3570642273789417
2025-04-25 15:11:34,627 - INFO - Node 4: k=144.38301173319917, f_best=2.7531721591949463, f_min=1.7956975303895888
2025-04-25 15:11:34,627 - INFO - Node 5: k=185.16139378360336, f_best=2.053234815597534, f_min=0.5563357737119077
2025-04-25 15:11:34,627 - INFO - cur_node_number 5,f_best 2.053234815597534,f_min 0.5563357737119077,k 185.16139378360336
2025-04-25 15:11:34,627 - INFO - f_best_current 2.053234815597534,f_min 0.5563357737119077
2025-04-25 15:11:34,627 - INFO - 回退,len(queue)=1
2025-04-25 15:11:43,677 - INFO - tree_node.f_best*ep:2.0748820304870605,left_f_best2.758622169494629,right_f_best2.059512138366699,i:1
2025-04-25 15:12:09,612 - INFO - 添加左子节点，右子节点，len(queue):3
2025-04-25 15:12:09,612 - INFO - Node 1: k=238.39337795968368, f_best=2.0981273651123047, f_min=1.6438867887718516
2025-04-25 15:12:09,612 - INFO - Node 2: k=119.51158186535407, f_best=2.771437644958496, f_min=2.6275357365047967
2025-04-25 15:12:09,612 - INFO - Node 3: k=185.16139378360336, f_best=2.0748820304870605, f_min=1.3570642273789417
2025-04-25 15:12:09,612 - INFO - Node 4: k=112.58531625394984, f_best=2.758622169494629, f_min=2.2054787912443317
2025-04-25 15:12:09,612 - INFO - Node 5: k=137.3754815374616, f_best=2.059512138366699, f_min=1.7274115476011502
2025-04-25 15:12:09,613 - INFO - cur_node_number 6,f_best 2.059512138366699,f_min 1.7274115476011502,k 137.3754815374616
2025-04-25 15:12:09,613 - INFO - f_best_current 2.059512138366699,f_min 1.7274115476011502
2025-04-25 15:12:17,168 - INFO - tree_node.f_best*ep:2.059512138366699,left_f_best2.7679519653320312,right_f_best2.094912528991699,i:1
2025-04-25 15:12:24,958 - INFO - tree_node.f_best*ep:2.059512138366699,left_f_best2.739361047744751,right_f_best2.0547661781311035,i:2
2025-04-25 15:12:49,520 - INFO - 添加左子节点，右子节点，len(queue):4
2025-04-25 15:12:49,520 - INFO - Node 1: k=238.39337795968368, f_best=2.0981273651123047, f_min=1.6438867887718516
2025-04-25 15:12:49,520 - INFO - Node 2: k=119.51158186535407, f_best=2.771437644958496, f_min=2.6275357365047967
2025-04-25 15:12:49,520 - INFO - Node 3: k=185.16139378360336, f_best=2.0748820304870605, f_min=1.3570642273789417
2025-04-25 15:12:49,520 - INFO - Node 4: k=112.58531625394984, f_best=2.758622169494629, f_min=2.2054787912443317
2025-04-25 15:12:49,521 - INFO - Node 5: k=137.3754815374616, f_best=2.059512138366699, f_min=1.7274115476011502
2025-04-25 15:12:49,521 - INFO - Node 6: k=105.01035716497172, f_best=2.739361047744751, f_min=1.9322750877972794
2025-04-25 15:12:49,521 - INFO - Node 7: k=194.6064857570908, f_best=2.0547661781311035, f_min=1.3958829462426365
2025-04-25 15:12:49,521 - INFO - cur_node_number 7,f_best 2.0547661781311035,f_min 1.3958829462426365,k 194.6064857570908
2025-04-25 15:12:49,521 - INFO - f_best_current 2.0547661781311035,f_min 1.3958829462426365
2025-04-25 15:12:49,521 - INFO - 回退,len(queue)=2
2025-04-25 15:12:49,521 - INFO - 回退,len(queue)=1
2025-04-25 15:12:56,742 - INFO - tree_node.f_best*ep:2.0748820304870605,left_f_best2.78206729888916,right_f_best2.073646306991577,i:1
2025-04-25 15:13:20,783 - INFO - 添加左子节点，右子节点，len(queue):3
2025-04-25 15:13:20,784 - INFO - Node 1: k=238.39337795968368, f_best=2.0981273651123047, f_min=1.6438867887718516
2025-04-25 15:13:20,784 - INFO - Node 2: k=119.51158186535407, f_best=2.771437644958496, f_min=2.6275357365047967
2025-04-25 15:13:20,784 - INFO - Node 3: k=194.6064857570908, f_best=2.0748820304870605, f_min=1.3570642273789417
2025-04-25 15:13:20,784 - INFO - Node 4: k=124.36423133053074, f_best=2.78206729888916, f_min=0.8763515374066628
2025-04-25 15:13:20,784 - INFO - Node 5: k=114.66879037424465, f_best=2.073646306991577, f_min=0.36057320495092426
2025-04-25 15:13:20,784 - INFO - cur_node_number 8,f_best 2.073646306991577,f_min 0.36057320495092426,k 114.66879037424465
2025-04-25 15:13:20,784 - INFO - f_best_current 2.073646306991577,f_min 0.36057320495092426
2025-04-25 15:13:28,165 - INFO - tree_node.f_best*ep:2.073646306991577,left_f_best2.7754132747650146,right_f_best2.062803030014038,i:1
2025-04-25 15:13:49,341 - INFO - 添加左子节点，右子节点，len(queue):4
2025-04-25 15:13:49,341 - INFO - Node 1: k=238.39337795968368, f_best=2.0981273651123047, f_min=1.6438867887718516
2025-04-25 15:13:49,341 - INFO - Node 2: k=119.51158186535407, f_best=2.771437644958496, f_min=2.6275357365047967
2025-04-25 15:13:49,342 - INFO - Node 3: k=194.6064857570908, f_best=2.0748820304870605, f_min=1.3570642273789417
2025-04-25 15:13:49,342 - INFO - Node 4: k=124.36423133053074, f_best=2.78206729888916, f_min=0.8763515374066628
2025-04-25 15:13:49,342 - INFO - Node 5: k=114.66879037424465, f_best=2.073646306991577, f_min=0.36057320495092426
2025-04-25 15:13:49,342 - INFO - Node 6: k=110.36694074497582, f_best=2.7754132747650146, f_min=2.7501435821563973
2025-04-25 15:13:49,342 - INFO - Node 7: k=94.12327371197993, f_best=2.062803030014038, f_min=1.8592872794624782
2025-04-25 15:13:49,342 - INFO - cur_node_number 9,f_best 2.062803030014038,f_min 1.8592872794624782,k 94.12327371197993
2025-04-25 15:13:49,342 - INFO - f_best_current 2.062803030014038,f_min 1.8592872794624782
2025-04-25 15:13:56,355 - INFO - tree_node.f_best*ep:2.062803030014038,left_f_best2.760868787765503,right_f_best2.0779812335968018,i:1
2025-04-25 15:14:03,851 - INFO - tree_node.f_best*ep:2.062803030014038,left_f_best2.744584083557129,right_f_best2.059244155883789,i:2
2025-04-25 15:14:28,703 - INFO - 添加左子节点，右子节点，len(queue):5
2025-04-25 15:14:28,704 - INFO - Node 1: k=238.39337795968368, f_best=2.0981273651123047, f_min=1.6438867887718516
2025-04-25 15:14:28,704 - INFO - Node 2: k=119.51158186535407, f_best=2.771437644958496, f_min=2.6275357365047967
2025-04-25 15:14:28,704 - INFO - Node 3: k=194.6064857570908, f_best=2.0748820304870605, f_min=1.3570642273789417
2025-04-25 15:14:28,704 - INFO - Node 4: k=124.36423133053074, f_best=2.78206729888916, f_min=0.8763515374066628
2025-04-25 15:14:28,704 - INFO - Node 5: k=114.66879037424465, f_best=2.073646306991577, f_min=0.36057320495092426
2025-04-25 15:14:28,704 - INFO - Node 6: k=110.36694074497582, f_best=2.7754132747650146, f_min=2.7501435821563973
2025-04-25 15:14:28,704 - INFO - Node 7: k=94.12327371197993, f_best=2.062803030014038, f_min=1.8592872794624782
2025-04-25 15:14:28,704 - INFO - Node 8: k=126.86395238027443, f_best=2.744584083557129, f_min=1.6974496998636823
2025-04-25 15:14:28,704 - INFO - Node 9: k=164.3213354622748, f_best=2.059244155883789, f_min=1.4771093957124322
2025-04-25 15:14:28,705 - INFO - cur_node_number 10,f_best 2.059244155883789,f_min 1.4771093957124322,k 164.3213354622748
2025-04-25 15:14:28,705 - INFO - f_best_current 2.059244155883789,f_min 1.4771093957124322
2025-04-25 15:14:28,705 - INFO - 回退,len(queue)=3
2025-04-25 15:14:28,705 - INFO - 回退,len(queue)=2
2025-04-25 15:14:35,849 - INFO - tree_node.f_best*ep:2.073646306991577,left_f_best2.7738609313964844,right_f_best2.064384937286377,i:1
2025-04-25 15:14:58,700 - INFO - 添加左子节点，右子节点，len(queue):4
2025-04-25 15:14:58,700 - INFO - Node 1: k=238.39337795968368, f_best=2.0981273651123047, f_min=1.6438867887718516
2025-04-25 15:14:58,700 - INFO - Node 2: k=119.51158186535407, f_best=2.771437644958496, f_min=2.6275357365047967
2025-04-25 15:14:58,701 - INFO - Node 3: k=194.6064857570908, f_best=2.0748820304870605, f_min=1.3570642273789417
2025-04-25 15:14:58,701 - INFO - Node 4: k=124.36423133053074, f_best=2.78206729888916, f_min=0.8763515374066628
2025-04-25 15:14:58,701 - INFO - Node 5: k=164.3213354622748, f_best=2.073646306991577, f_min=0.36057320495092426
2025-04-25 15:14:58,701 - INFO - Node 6: k=121.9137646608477, f_best=2.7738609313964844, f_min=1.4193651485106784
2025-04-25 15:14:58,701 - INFO - Node 7: k=138.74923635283622, f_best=2.064384937286377, f_min=0.9726424339924051
2025-04-25 15:14:58,701 - INFO - cur_node_number 11,f_best 2.064384937286377,f_min 0.9726424339924051,k 138.74923635283622
2025-04-25 15:14:58,701 - INFO - f_best_current 2.064384937286377,f_min 0.9726424339924051
2025-04-25 15:15:05,703 - INFO - tree_node.f_best*ep:2.064384937286377,left_f_best2.7684593200683594,right_f_best2.0556187629699707,i:1
2025-04-25 15:15:28,616 - INFO - 添加左子节点，右子节点，len(queue):5
2025-04-25 15:15:28,616 - INFO - Node 1: k=238.39337795968368, f_best=2.0981273651123047, f_min=1.6438867887718516
2025-04-25 15:15:28,617 - INFO - Node 2: k=119.51158186535407, f_best=2.771437644958496, f_min=2.6275357365047967
2025-04-25 15:15:28,617 - INFO - Node 3: k=194.6064857570908, f_best=2.0748820304870605, f_min=1.3570642273789417
2025-04-25 15:15:28,617 - INFO - Node 4: k=124.36423133053074, f_best=2.78206729888916, f_min=0.8763515374066628
2025-04-25 15:15:28,617 - INFO - Node 5: k=164.3213354622748, f_best=2.073646306991577, f_min=0.36057320495092426
2025-04-25 15:15:28,617 - INFO - Node 6: k=121.9137646608477, f_best=2.7738609313964844, f_min=1.4193651485106784
2025-04-25 15:15:28,617 - INFO - Node 7: k=138.74923635283622, f_best=2.064384937286377, f_min=0.9726424339924051
2025-04-25 15:15:28,617 - INFO - Node 8: k=165.96454881689755, f_best=2.7684593200683594, f_min=1.4472172153637075
2025-04-25 15:15:28,617 - INFO - Node 9: k=112.58531625394984, f_best=2.0556187629699707, f_min=2.0183287103282055
2025-04-25 15:15:28,617 - INFO - cur_node_number 12,f_best 2.0556187629699707,f_min 2.0183287103282055,k 112.58531625394984
2025-04-25 15:15:28,618 - INFO - f_best_current 2.0556187629699707,f_min 2.0183287103282055
2025-04-25 15:15:35,492 - INFO - tree_node.f_best*ep:2.0556187629699707,left_f_best2.7488961219787598,right_f_best2.0651304721832275,i:1
2025-04-25 15:15:42,711 - INFO - tree_node.f_best*ep:2.0556187629699707,left_f_best2.7573885917663574,right_f_best2.0588488578796387,i:2
2025-04-25 15:15:50,295 - INFO - tree_node.f_best*ep:2.0556187629699707,left_f_best2.744178295135498,right_f_best2.0372424125671387,i:3
2025-04-25 15:16:11,614 - INFO - 添加左子节点，右子节点，len(queue):6
2025-04-25 15:16:11,614 - INFO - Node 1: k=238.39337795968368, f_best=2.0981273651123047, f_min=1.6438867887718516
2025-04-25 15:16:11,614 - INFO - Node 2: k=119.51158186535407, f_best=2.771437644958496, f_min=2.6275357365047967
2025-04-25 15:16:11,614 - INFO - Node 3: k=194.6064857570908, f_best=2.0748820304870605, f_min=1.3570642273789417
2025-04-25 15:16:11,614 - INFO - Node 4: k=124.36423133053074, f_best=2.78206729888916, f_min=0.8763515374066628
2025-04-25 15:16:11,615 - INFO - Node 5: k=164.3213354622748, f_best=2.073646306991577, f_min=0.36057320495092426
2025-04-25 15:16:11,615 - INFO - Node 6: k=121.9137646608477, f_best=2.7738609313964844, f_min=1.4193651485106784
2025-04-25 15:16:11,615 - INFO - Node 7: k=138.74923635283622, f_best=2.064384937286377, f_min=0.9726424339924051
2025-04-25 15:16:11,615 - INFO - Node 8: k=165.96454881689755, f_best=2.7684593200683594, f_min=1.4472172153637075
2025-04-25 15:16:11,615 - INFO - Node 9: k=112.58531625394984, f_best=2.0556187629699707, f_min=2.0183287103282055
2025-04-25 15:16:11,615 - INFO - Node 10: k=167.62419430506654, f_best=2.744178295135498, f_min=2.690190250607884
2025-04-25 15:16:11,615 - INFO - Node 11: k=76.37446386207611, f_best=2.0372424125671387, f_min=1.2499268558062795
2025-04-25 15:16:11,615 - INFO - cur_node_number 13,f_best 2.0372424125671387,f_min 1.2499268558062795,k 76.37446386207611
2025-04-25 15:16:11,615 - INFO - f_best_current 2.0372424125671387,f_min 1.2499268558062795
2025-04-25 15:16:18,680 - INFO - tree_node.f_best*ep:2.0372424125671387,left_f_best2.757107973098755,right_f_best2.0777840614318848,i:1
2025-04-25 15:16:26,055 - INFO - tree_node.f_best*ep:2.0372424125671387,left_f_best2.762871742248535,right_f_best2.0370099544525146,i:2
2025-04-25 15:16:48,583 - INFO - 添加左子节点，右子节点，len(queue):7
2025-04-25 15:16:48,583 - INFO - Node 1: k=238.39337795968368, f_best=2.0981273651123047, f_min=1.6438867887718516
2025-04-25 15:16:48,583 - INFO - Node 2: k=119.51158186535407, f_best=2.771437644958496, f_min=2.6275357365047967
2025-04-25 15:16:48,584 - INFO - Node 3: k=194.6064857570908, f_best=2.0748820304870605, f_min=1.3570642273789417
2025-04-25 15:16:48,584 - INFO - Node 4: k=124.36423133053074, f_best=2.78206729888916, f_min=0.8763515374066628
2025-04-25 15:16:48,584 - INFO - Node 5: k=164.3213354622748, f_best=2.073646306991577, f_min=0.36057320495092426
2025-04-25 15:16:48,584 - INFO - Node 6: k=121.9137646608477, f_best=2.7738609313964844, f_min=1.4193651485106784
2025-04-25 15:16:48,584 - INFO - Node 7: k=138.74923635283622, f_best=2.064384937286377, f_min=0.9726424339924051
2025-04-25 15:16:48,584 - INFO - Node 8: k=165.96454881689755, f_best=2.7684593200683594, f_min=1.4472172153637075
2025-04-25 15:16:48,584 - INFO - Node 9: k=112.58531625394984, f_best=2.0556187629699707, f_min=2.0183287103282055
2025-04-25 15:16:48,584 - INFO - Node 10: k=167.62419430506654, f_best=2.744178295135498, f_min=2.690190250607884
2025-04-25 15:16:48,584 - INFO - Node 11: k=76.37446386207611, f_best=2.0372424125671387, f_min=1.2499268558062795
2025-04-25 15:16:48,585 - INFO - Node 12: k=145.82684185053117, f_best=2.762871742248535, f_min=2.743169596421467
2025-04-25 15:16:48,585 - INFO - Node 13: k=136.01532825491248, f_best=2.0370099544525146, f_min=0.8312567297016358
2025-04-25 15:16:48,585 - INFO - cur_node_number 14,f_best 2.0370099544525146,f_min 0.8312567297016358,k 136.01532825491248
2025-04-25 15:16:48,585 - INFO - f_best_current 2.0370099544525146,f_min 0.8312567297016358
2025-04-25 15:16:48,585 - INFO - 回退,len(queue)=5
2025-04-25 15:16:48,585 - INFO - 回退,len(queue)=4
2025-04-25 15:16:55,425 - INFO - tree_node.f_best*ep:2.0556187629699707,left_f_best2.7648417949676514,right_f_best2.0577268600463867,i:1
2025-04-25 15:17:02,801 - INFO - tree_node.f_best*ep:2.0556187629699707,left_f_best2.7552809715270996,right_f_best2.0633926391601562,i:2
2025-04-25 15:17:10,554 - INFO - tree_node.f_best*ep:2.0556187629699707,left_f_best2.746624708175659,right_f_best2.033212661743164,i:3
2025-04-25 15:17:33,694 - INFO - 添加左子节点，右子节点，len(queue):6
2025-04-25 15:17:33,694 - INFO - Node 1: k=238.39337795968368, f_best=2.0981273651123047, f_min=1.6438867887718516
2025-04-25 15:17:33,694 - INFO - Node 2: k=119.51158186535407, f_best=2.771437644958496, f_min=2.6275357365047967
2025-04-25 15:17:33,695 - INFO - Node 3: k=194.6064857570908, f_best=2.0748820304870605, f_min=1.3570642273789417
2025-04-25 15:17:33,695 - INFO - Node 4: k=124.36423133053074, f_best=2.78206729888916, f_min=0.8763515374066628
2025-04-25 15:17:33,695 - INFO - Node 5: k=164.3213354622748, f_best=2.073646306991577, f_min=0.36057320495092426
2025-04-25 15:17:33,695 - INFO - Node 6: k=121.9137646608477, f_best=2.7738609313964844, f_min=1.4193651485106784
2025-04-25 15:17:33,695 - INFO - Node 7: k=138.74923635283622, f_best=2.064384937286377, f_min=0.9726424339924051
2025-04-25 15:17:33,695 - INFO - Node 8: k=165.96454881689755, f_best=2.7684593200683594, f_min=1.4472172153637075
2025-04-25 15:17:33,695 - INFO - Node 9: k=136.01532825491248, f_best=2.0556187629699707, f_min=2.0183287103282055
2025-04-25 15:17:33,695 - INFO - Node 10: k=144.38301173319917, f_best=2.746624708175659, f_min=2.6369727458140915
2025-04-25 15:17:33,696 - INFO - Node 11: k=133.33528894707624, f_best=2.033212661743164, f_min=1.586109196668076
2025-04-25 15:17:33,696 - INFO - cur_node_number 15,f_best 2.033212661743164,f_min 1.586109196668076,k 133.33528894707624
2025-04-25 15:17:33,696 - INFO - f_best_current 2.033212661743164,f_min 1.586109196668076
2025-04-25 15:17:40,565 - INFO - tree_node.f_best*ep:2.033212661743164,left_f_best2.755267381668091,right_f_best2.087465286254883,i:1
2025-04-25 15:17:47,639 - INFO - tree_node.f_best*ep:2.033212661743164,left_f_best2.759760618209839,right_f_best2.0619359016418457,i:2
2025-04-25 15:17:55,478 - INFO - tree_node.f_best*ep:2.033212661743164,left_f_best2.7271387577056885,right_f_best2.0428647994995117,i:3
2025-04-25 15:18:05,171 - INFO - tree_node.f_best*ep:2.033212661743164,left_f_best2.73567533493042,right_f_best2.0444655418395996,i:4
2025-04-25 15:18:15,633 - INFO - tree_node.f_best*ep:2.033212661743164,left_f_best2.7209982872009277,right_f_best2.0370774269104004,i:5
2025-04-25 15:18:25,357 - INFO - tree_node.f_best*ep:2.033212661743164,left_f_best2.7201178073883057,right_f_best2.0199215412139893,i:6
2025-04-25 15:18:53,621 - INFO - 添加左子节点，右子节点，len(queue):7
2025-04-25 15:18:53,622 - INFO - Node 1: k=238.39337795968368, f_best=2.0981273651123047, f_min=1.6438867887718516
2025-04-25 15:18:53,622 - INFO - Node 2: k=119.51158186535407, f_best=2.771437644958496, f_min=2.6275357365047967
2025-04-25 15:18:53,622 - INFO - Node 3: k=194.6064857570908, f_best=2.0748820304870605, f_min=1.3570642273789417
2025-04-25 15:18:53,622 - INFO - Node 4: k=124.36423133053074, f_best=2.78206729888916, f_min=0.8763515374066628
2025-04-25 15:18:53,622 - INFO - Node 5: k=164.3213354622748, f_best=2.073646306991577, f_min=0.36057320495092426
2025-04-25 15:18:53,622 - INFO - Node 6: k=121.9137646608477, f_best=2.7738609313964844, f_min=1.4193651485106784
2025-04-25 15:18:53,622 - INFO - Node 7: k=138.74923635283622, f_best=2.064384937286377, f_min=0.9726424339924051
2025-04-25 15:18:53,622 - INFO - Node 8: k=165.96454881689755, f_best=2.7684593200683594, f_min=1.4472172153637075
2025-04-25 15:18:53,622 - INFO - Node 9: k=136.01532825491248, f_best=2.0556187629699707, f_min=2.0183287103282055
2025-04-25 15:18:53,623 - INFO - Node 10: k=144.38301173319917, f_best=2.746624708175659, f_min=2.6369727458140915
2025-04-25 15:18:53,623 - INFO - Node 11: k=133.33528894707624, f_best=2.033212661743164, f_min=1.586109196668076
2025-04-25 15:18:53,623 - INFO - Node 12: k=114.84828111065424, f_best=2.7201178073883057, f_min=2.0553809366838323
2025-04-25 15:18:53,623 - INFO - Node 13: k=159.48866929399736, f_best=2.0199215412139893, f_min=-0.07086103133315191
2025-04-25 15:18:53,623 - INFO - cur_node_number 16,f_best 2.0199215412139893,f_min -0.07086103133315191,k 159.48866929399736
2025-04-25 15:18:53,623 - INFO - f_best_current 2.0199215412139893,f_min -0.07086103133315191
2025-04-25 15:18:53,623 - INFO - 回退,len(queue)=5
2025-04-25 15:18:53,623 - INFO - 回退,len(queue)=4
2025-04-25 15:18:53,623 - INFO - 回退,len(queue)=3
2025-04-25 15:19:02,245 - INFO - tree_node.f_best*ep:2.064384937286377,left_f_best2.77297306060791,right_f_best2.0692806243896484,i:1
2025-04-25 15:19:11,284 - INFO - tree_node.f_best*ep:2.064384937286377,left_f_best2.756063938140869,right_f_best2.0500850677490234,i:2
2025-04-25 15:19:38,257 - INFO - 添加左子节点，右子节点，len(queue):5
2025-04-25 15:19:38,257 - INFO - Node 1: k=238.39337795968368, f_best=2.0981273651123047, f_min=1.6438867887718516
2025-04-25 15:19:38,257 - INFO - Node 2: k=119.51158186535407, f_best=2.771437644958496, f_min=2.6275357365047967
2025-04-25 15:19:38,258 - INFO - Node 3: k=194.6064857570908, f_best=2.0748820304870605, f_min=1.3570642273789417
2025-04-25 15:19:38,258 - INFO - Node 4: k=124.36423133053074, f_best=2.78206729888916, f_min=0.8763515374066628
2025-04-25 15:19:38,258 - INFO - Node 5: k=164.3213354622748, f_best=2.073646306991577, f_min=0.36057320495092426
2025-04-25 15:19:38,258 - INFO - Node 6: k=121.9137646608477, f_best=2.7738609313964844, f_min=1.4193651485106784
2025-04-25 15:19:38,258 - INFO - Node 7: k=159.48866929399736, f_best=2.064384937286377, f_min=0.9726424339924051
2025-04-25 15:19:38,258 - INFO - Node 8: k=202.50828945083657, f_best=2.756063938140869, f_min=2.0778156109872725
2025-04-25 15:19:38,258 - INFO - Node 9: k=91.35512215554476, f_best=2.0500850677490234, f_min=1.8663391324630538
2025-04-25 15:19:38,259 - INFO - cur_node_number 17,f_best 2.0500850677490234,f_min 1.8663391324630538,k 91.35512215554476
2025-04-25 15:19:38,259 - INFO - f_best_current 2.0500850677490234,f_min 1.8663391324630538
2025-04-25 15:19:46,824 - INFO - tree_node.f_best*ep:2.0500850677490234,left_f_best2.7591536045074463,right_f_best2.058643102645874,i:1
2025-04-25 15:19:55,993 - INFO - tree_node.f_best*ep:2.0500850677490234,left_f_best2.7517402172088623,right_f_best2.05212664604187,i:2
2025-04-25 15:20:05,615 - INFO - tree_node.f_best*ep:2.0500850677490234,left_f_best2.749673843383789,right_f_best2.0419816970825195,i:3
2025-04-25 15:20:34,970 - INFO - 添加左子节点，右子节点，len(queue):6
2025-04-25 15:20:34,971 - INFO - Node 1: k=238.39337795968368, f_best=2.0981273651123047, f_min=1.6438867887718516
2025-04-25 15:20:34,971 - INFO - Node 2: k=119.51158186535407, f_best=2.771437644958496, f_min=2.6275357365047967
2025-04-25 15:20:34,971 - INFO - Node 3: k=194.6064857570908, f_best=2.0748820304870605, f_min=1.3570642273789417
2025-04-25 15:20:34,971 - INFO - Node 4: k=124.36423133053074, f_best=2.78206729888916, f_min=0.8763515374066628
2025-04-25 15:20:34,971 - INFO - Node 5: k=164.3213354622748, f_best=2.073646306991577, f_min=0.36057320495092426
2025-04-25 15:20:34,971 - INFO - Node 6: k=121.9137646608477, f_best=2.7738609313964844, f_min=1.4193651485106784
2025-04-25 15:20:34,971 - INFO - Node 7: k=159.48866929399736, f_best=2.064384937286377, f_min=0.9726424339924051
2025-04-25 15:20:34,972 - INFO - Node 8: k=202.50828945083657, f_best=2.756063938140869, f_min=2.0778156109872725
2025-04-25 15:20:34,972 - INFO - Node 9: k=91.35512215554476, f_best=2.0500850677490234, f_min=1.8663391324630538
2025-04-25 15:20:34,972 - INFO - Node 10: k=177.9364599830855, f_best=2.749673843383789, f_min=2.087411260558838
2025-04-25 15:20:34,972 - INFO - Node 11: k=145.82684185053117, f_best=2.0419816970825195, f_min=1.1839275171932968
2025-04-25 15:20:34,972 - INFO - cur_node_number 18,f_best 2.0419816970825195,f_min 1.1839275171932968,k 145.82684185053117
2025-04-25 15:20:34,972 - INFO - f_best_current 2.0419816970825195,f_min 1.1839275171932968
2025-04-25 15:20:34,972 - INFO - 回退,len(queue)=4
2025-04-25 15:20:43,737 - INFO - tree_node.f_best*ep:2.0500850677490234,left_f_best2.7575464248657227,right_f_best2.053567886352539,i:1
2025-04-25 15:20:52,752 - INFO - tree_node.f_best*ep:2.0500850677490234,left_f_best2.75547456741333,right_f_best2.047698497772217,i:2
2025-04-25 15:21:21,720 - INFO - 添加左子节点，右子节点，len(queue):6
2025-04-25 15:21:21,720 - INFO - Node 1: k=238.39337795968368, f_best=2.0981273651123047, f_min=1.6438867887718516
2025-04-25 15:21:21,720 - INFO - Node 2: k=119.51158186535407, f_best=2.771437644958496, f_min=2.6275357365047967
2025-04-25 15:21:21,720 - INFO - Node 3: k=194.6064857570908, f_best=2.0748820304870605, f_min=1.3570642273789417
2025-04-25 15:21:21,720 - INFO - Node 4: k=124.36423133053074, f_best=2.78206729888916, f_min=0.8763515374066628
2025-04-25 15:21:21,721 - INFO - Node 5: k=164.3213354622748, f_best=2.073646306991577, f_min=0.36057320495092426
2025-04-25 15:21:21,721 - INFO - Node 6: k=121.9137646608477, f_best=2.7738609313964844, f_min=1.4193651485106784
2025-04-25 15:21:21,721 - INFO - Node 7: k=159.48866929399736, f_best=2.064384937286377, f_min=0.9726424339924051
2025-04-25 15:21:21,721 - INFO - Node 8: k=202.50828945083657, f_best=2.756063938140869, f_min=2.0778156109872725
2025-04-25 15:21:21,721 - INFO - Node 9: k=145.82684185053117, f_best=2.0500850677490234, f_min=1.8663391324630538
2025-04-25 15:21:21,721 - INFO - Node 10: k=165.96454881689755, f_best=2.75547456741333, f_min=0.38339053447816696
2025-04-25 15:21:21,721 - INFO - Node 11: k=161.08355598693734, f_best=2.047698497772217, f_min=1.9510550359063927
2025-04-25 15:21:21,721 - INFO - cur_node_number 19,f_best 2.047698497772217,f_min 1.9510550359063927,k 161.08355598693734
2025-04-25 15:21:21,721 - INFO - f_best_current 2.047698497772217,f_min 1.9510550359063927
2025-04-25 15:21:21,722 - INFO - 回退,len(queue)=4
2025-04-25 15:21:21,722 - INFO - 回退,len(queue)=3
2025-04-25 15:21:30,291 - INFO - tree_node.f_best*ep:2.064384937286377,left_f_best2.7745280265808105,right_f_best2.05898380279541,i:1
2025-04-25 15:21:59,399 - INFO - 添加左子节点，右子节点，len(queue):5
2025-04-25 15:21:59,399 - INFO - Node 1: k=238.39337795968368, f_best=2.0981273651123047, f_min=1.6438867887718516
2025-04-25 15:21:59,399 - INFO - Node 2: k=119.51158186535407, f_best=2.771437644958496, f_min=2.6275357365047967
2025-04-25 15:21:59,399 - INFO - Node 3: k=194.6064857570908, f_best=2.0748820304870605, f_min=1.3570642273789417
2025-04-25 15:21:59,399 - INFO - Node 4: k=124.36423133053074, f_best=2.78206729888916, f_min=0.8763515374066628
2025-04-25 15:21:59,400 - INFO - Node 5: k=164.3213354622748, f_best=2.073646306991577, f_min=0.36057320495092426
2025-04-25 15:21:59,400 - INFO - Node 6: k=121.9137646608477, f_best=2.7738609313964844, f_min=1.4193651485106784
2025-04-25 15:21:59,400 - INFO - Node 7: k=161.08355598693734, f_best=2.064384937286377, f_min=0.9726424339924051
2025-04-25 15:21:59,400 - INFO - Node 8: k=154.79813112284404, f_best=2.7745280265808105, f_min=-0.11159774784664478
2025-04-25 15:21:59,400 - INFO - Node 9: k=174.43040876687138, f_best=2.05898380279541, f_min=1.0146493402271517
2025-04-25 15:21:59,400 - INFO - cur_node_number 20,f_best 2.05898380279541,f_min 1.0146493402271517,k 174.43040876687138
2025-04-25 15:21:59,400 - INFO - f_best_current 2.05898380279541,f_min 1.0146493402271517
2025-04-25 15:21:59,400 - INFO - 回退,len(queue)=3
2025-04-25 15:21:59,400 - INFO - 回退,len(queue)=2
2025-04-25 15:22:08,035 - INFO - tree_node.f_best*ep:2.073646306991577,left_f_best2.7719902992248535,right_f_best2.0703072547912598,i:1
2025-04-25 15:22:36,284 - INFO - 添加左子节点，右子节点，len(queue):4
2025-04-25 15:22:36,285 - INFO - Node 1: k=238.39337795968368, f_best=2.0981273651123047, f_min=1.6438867887718516
2025-04-25 15:22:36,285 - INFO - Node 2: k=119.51158186535407, f_best=2.771437644958496, f_min=2.6275357365047967
2025-04-25 15:22:36,285 - INFO - Node 3: k=194.6064857570908, f_best=2.0748820304870605, f_min=1.3570642273789417
2025-04-25 15:22:36,285 - INFO - Node 4: k=124.36423133053074, f_best=2.78206729888916, f_min=0.8763515374066628
2025-04-25 15:22:36,285 - INFO - Node 5: k=174.43040876687138, f_best=2.073646306991577, f_min=0.36057320495092426
2025-04-25 15:22:36,285 - INFO - Node 6: k=117.1567315609784, f_best=2.7719902992248535, f_min=1.7493677941665737
2025-04-25 15:22:36,286 - INFO - Node 7: k=154.79813112284404, f_best=2.0703072547912598, f_min=-1.3332568543210073
2025-04-25 15:22:36,286 - INFO - cur_node_number 21,f_best 2.0703072547912598,f_min -1.3332568543210073,k 154.79813112284404
2025-04-25 15:22:36,286 - INFO - f_best_current 2.0703072547912598,f_min -1.3332568543210073
2025-04-25 15:22:43,737 - INFO - tree_node.f_best*ep:2.0703072547912598,left_f_best2.7715859413146973,right_f_best2.0640869140625,i:1
2025-04-25 15:23:03,905 - INFO - 添加左子节点，右子节点，len(queue):5
2025-04-25 15:23:03,905 - INFO - Node 1: k=238.39337795968368, f_best=2.0981273651123047, f_min=1.6438867887718516
2025-04-25 15:23:03,905 - INFO - Node 2: k=119.51158186535407, f_best=2.771437644958496, f_min=2.6275357365047967
2025-04-25 15:23:03,905 - INFO - Node 3: k=194.6064857570908, f_best=2.0748820304870605, f_min=1.3570642273789417
2025-04-25 15:23:03,905 - INFO - Node 4: k=124.36423133053074, f_best=2.78206729888916, f_min=0.8763515374066628
2025-04-25 15:23:03,906 - INFO - Node 5: k=174.43040876687138, f_best=2.073646306991577, f_min=0.36057320495092426
2025-04-25 15:23:03,906 - INFO - Node 6: k=117.1567315609784, f_best=2.7719902992248535, f_min=1.7493677941665737
2025-04-25 15:23:03,906 - INFO - Node 7: k=154.79813112284404, f_best=2.0703072547912598, f_min=-1.3332568543210073
2025-04-25 15:23:03,906 - INFO - Node 8: k=106.06046073662144, f_best=2.7715859413146973, f_min=2.656588032212767
2025-04-25 15:23:03,906 - INFO - Node 9: k=99.9137516858001, f_best=2.0640869140625, f_min=1.8484576017031031
2025-04-25 15:23:03,906 - INFO - cur_node_number 22,f_best 2.0640869140625,f_min 1.8484576017031031,k 99.9137516858001
2025-04-25 15:23:03,906 - INFO - f_best_current 2.0640869140625,f_min 1.8484576017031031
2025-04-25 15:23:10,985 - INFO - tree_node.f_best*ep:2.0640869140625,left_f_best2.7726621627807617,right_f_best2.078780174255371,i:1
2025-04-25 15:23:18,408 - INFO - tree_node.f_best*ep:2.0640869140625,left_f_best2.7588109970092773,right_f_best2.0451958179473877,i:2
2025-04-25 15:23:43,281 - INFO - 添加左子节点，右子节点，len(queue):6
2025-04-25 15:23:43,281 - INFO - Node 1: k=238.39337795968368, f_best=2.0981273651123047, f_min=1.6438867887718516
2025-04-25 15:23:43,281 - INFO - Node 2: k=119.51158186535407, f_best=2.771437644958496, f_min=2.6275357365047967
2025-04-25 15:23:43,281 - INFO - Node 3: k=194.6064857570908, f_best=2.0748820304870605, f_min=1.3570642273789417
2025-04-25 15:23:43,282 - INFO - Node 4: k=124.36423133053074, f_best=2.78206729888916, f_min=0.8763515374066628
2025-04-25 15:23:43,282 - INFO - Node 5: k=174.43040876687138, f_best=2.073646306991577, f_min=0.36057320495092426
2025-04-25 15:23:43,282 - INFO - Node 6: k=117.1567315609784, f_best=2.7719902992248535, f_min=1.7493677941665737
2025-04-25 15:23:43,282 - INFO - Node 7: k=154.79813112284404, f_best=2.0703072547912598, f_min=-1.3332568543210073
2025-04-25 15:23:43,282 - INFO - Node 8: k=106.06046073662144, f_best=2.7715859413146973, f_min=2.656588032212767
2025-04-25 15:23:43,282 - INFO - Node 9: k=99.9137516858001, f_best=2.0640869140625, f_min=1.8484576017031031
2025-04-25 15:23:43,282 - INFO - Node 10: k=130.70805700134912, f_best=2.7588109970092773, f_min=1.885219800455161
2025-04-25 15:23:43,282 - INFO - Node 11: k=204.53337234534493, f_best=2.0451958179473877, f_min=1.7761432462530138
2025-04-25 15:23:43,282 - INFO - cur_node_number 23,f_best 2.0451958179473877,f_min 1.7761432462530138,k 204.53337234534493
2025-04-25 15:23:43,282 - INFO - f_best_current 2.0451958179473877,f_min 1.7761432462530138
2025-04-25 15:23:43,282 - INFO - 回退,len(queue)=4
2025-04-25 15:23:43,283 - INFO - 回退,len(queue)=3
2025-04-25 15:23:43,283 - INFO - 回退,len(queue)=2
2025-04-25 15:23:43,283 - INFO - 回退,len(queue)=1
2025-04-25 15:23:49,945 - INFO - tree_node.f_best*ep:2.0748820304870605,left_f_best2.767359733581543,right_f_best2.0558953285217285,i:1
2025-04-25 15:24:08,230 - INFO - 添加左子节点，右子节点，len(queue):3
2025-04-25 15:24:08,230 - INFO - Node 1: k=238.39337795968368, f_best=2.0981273651123047, f_min=1.6438867887718516
2025-04-25 15:24:08,230 - INFO - Node 2: k=119.51158186535407, f_best=2.771437644958496, f_min=2.6275357365047967
2025-04-25 15:24:08,230 - INFO - Node 3: k=204.53337234534493, f_best=2.0748820304870605, f_min=1.3570642273789417
2025-04-25 15:24:08,231 - INFO - Node 4: k=58.38093987865511, f_best=2.767359733581543, f_min=2.05921590210005
2025-04-25 15:24:08,231 - INFO - Node 5: k=124.36423133053074, f_best=2.0558953285217285, f_min=2.0449176707070365
2025-04-25 15:24:08,231 - INFO - cur_node_number 24,f_best 2.0558953285217285,f_min 2.0449176707070365,k 124.36423133053074
2025-04-25 15:24:08,231 - INFO - f_best_current 2.0558953285217285,f_min 2.0449176707070365
2025-04-25 15:24:08,231 - INFO - 结束,fmin= 2.0449176707070365, fbestmin=2.0558953285217285
