2025-04-25 15:08:49,629 - INFO - Model output max(1): torch.return_types.max(
values=tensor([8.8363], grad_fn=<MaxBackward0>),
indices=tensor([0]))
2025-04-25 15:08:54,652 - INFO - cur_node_number 1,f_best 2.4154624938964844,f_min 1.4187553769952501,k 490.2471159046608
2025-04-25 15:08:54,652 - INFO - f_best_current 2.4154624938964844,f_min 1.4187553769952501
2025-04-25 15:09:03,474 - INFO - tree_node.f_best*ep:2.4154624938964844,left_f_best3.041632652282715,right_f_best2.396024227142334,i:1
2025-04-25 15:09:26,247 - INFO - 添加左子节点，右子节点，len(queue):2
2025-04-25 15:09:26,247 - INFO - Node 1: k=490.2471159046608, f_best=2.4154624938964844, f_min=1.4187553769952501
2025-04-25 15:09:26,248 - INFO - Node 2: k=109.10341948046482, f_best=3.041632652282715, f_min=2.9554922431166233
2025-04-25 15:09:26,248 - INFO - Node 3: k=102.78035647151289, f_best=2.396024227142334, f_min=-0.11200325891422835
2025-04-25 15:09:26,248 - INFO - cur_node_number 2,f_best 2.396024227142334,f_min -0.11200325891422835,k 102.78035647151289
2025-04-25 15:09:26,248 - INFO - f_best_current 2.396024227142334,f_min -0.11200325891422835
2025-04-25 15:09:33,984 - INFO - tree_node.f_best*ep:2.396024227142334,left_f_best3.031222343444824,right_f_best2.4123802185058594,i:1
2025-04-25 15:09:41,910 - INFO - tree_node.f_best*ep:2.396024227142334,left_f_best3.007513999938965,right_f_best2.402846336364746,i:2
2025-04-25 15:09:49,772 - INFO - tree_node.f_best*ep:2.396024227142334,left_f_best2.9986934661865234,right_f_best2.390655517578125,i:3
2025-04-25 15:10:13,814 - INFO - 添加左子节点，右子节点，len(queue):3
2025-04-25 15:10:13,815 - INFO - Node 1: k=490.2471159046608, f_best=2.4154624938964844, f_min=1.4187553769952501
2025-04-25 15:10:13,815 - INFO - Node 2: k=109.10341948046482, f_best=3.041632652282715, f_min=2.9554922431166233
2025-04-25 15:10:13,815 - INFO - Node 3: k=102.78035647151289, f_best=2.396024227142334, f_min=-0.11200325891422835
2025-04-25 15:10:13,815 - INFO - Node 4: k=92.65638008607682, f_best=2.9986934661865234, f_min=2.7055415668628484
2025-04-25 15:10:13,815 - INFO - Node 5: k=99.75760139174172, f_best=2.390655517578125, f_min=1.5248794528879444
2025-04-25 15:10:13,815 - INFO - cur_node_number 3,f_best 2.390655517578125,f_min 1.5248794528879444,k 99.75760139174172
2025-04-25 15:10:13,815 - INFO - f_best_current 2.390655517578125,f_min 1.5248794528879444
2025-04-25 15:10:23,366 - INFO - tree_node.f_best*ep:2.390655517578125,left_f_best3.0187907218933105,right_f_best2.427402973175049,i:1
2025-04-25 15:10:33,332 - INFO - tree_node.f_best*ep:2.390655517578125,left_f_best3.013500213623047,right_f_best2.4087038040161133,i:2
2025-04-25 15:10:43,683 - INFO - tree_node.f_best*ep:2.390655517578125,left_f_best2.9945249557495117,right_f_best2.3945446014404297,i:3
2025-04-25 15:10:54,523 - INFO - tree_node.f_best*ep:2.390655517578125,left_f_best2.9914231300354004,right_f_best2.39462947845459,i:4
2025-04-25 15:11:05,716 - INFO - tree_node.f_best*ep:2.390655517578125,left_f_best2.9872875213623047,right_f_best2.379546642303467,i:5
2025-04-25 15:11:35,495 - INFO - 添加左子节点，右子节点，len(queue):4
2025-04-25 15:11:35,495 - INFO - Node 1: k=490.2471159046608, f_best=2.4154624938964844, f_min=1.4187553769952501
2025-04-25 15:11:35,496 - INFO - Node 2: k=109.10341948046482, f_best=3.041632652282715, f_min=2.9554922431166233
2025-04-25 15:11:35,496 - INFO - Node 3: k=102.78035647151289, f_best=2.396024227142334, f_min=-0.11200325891422835
2025-04-25 15:11:35,496 - INFO - Node 4: k=92.65638008607682, f_best=2.9986934661865234, f_min=2.7055415668628484
2025-04-25 15:11:35,496 - INFO - Node 5: k=99.75760139174172, f_best=2.390655517578125, f_min=1.5248794528879444
2025-04-25 15:11:35,496 - INFO - Node 6: k=95.86509415021543, f_best=2.9872875213623047, f_min=2.2857944763886735
2025-04-25 15:11:35,496 - INFO - Node 7: k=115.8154782779871, f_best=2.379546642303467, f_min=1.8966593845707393
2025-04-25 15:11:35,497 - INFO - cur_node_number 4,f_best 2.379546642303467,f_min 1.8966593845707393,k 115.8154782779871
2025-04-25 15:11:35,497 - INFO - f_best_current 2.379546642303467,f_min 1.8966593845707393
2025-04-25 15:11:35,497 - INFO - 回退,len(queue)=2
2025-04-25 15:11:35,497 - INFO - 回退,len(queue)=1
2025-04-25 15:11:44,546 - INFO - tree_node.f_best*ep:2.396024227142334,left_f_best3.019801139831543,right_f_best2.4109792709350586,i:1
2025-04-25 15:11:53,959 - INFO - tree_node.f_best*ep:2.396024227142334,left_f_best3.004206657409668,right_f_best2.4119186401367188,i:2
2025-04-25 15:12:02,381 - INFO - tree_node.f_best*ep:2.396024227142334,left_f_best3.009955406188965,right_f_best2.3851876258850098,i:3
2025-04-25 15:12:28,434 - INFO - 添加左子节点，右子节点，len(queue):3
2025-04-25 15:12:28,434 - INFO - Node 1: k=490.2471159046608, f_best=2.4154624938964844, f_min=1.4187553769952501
2025-04-25 15:12:28,435 - INFO - Node 2: k=109.10341948046482, f_best=3.041632652282715, f_min=2.9554922431166233
2025-04-25 15:12:28,435 - INFO - Node 3: k=115.8154782779871, f_best=2.396024227142334, f_min=-0.11200325891422835
2025-04-25 15:12:28,435 - INFO - Node 4: k=111.29639821202217, f_best=3.009955406188965, f_min=2.486314626908552
2025-04-25 15:12:28,435 - INFO - Node 5: k=154.55620472846203, f_best=2.3851876258850098, f_min=2.0676426795107545
2025-04-25 15:12:28,435 - INFO - cur_node_number 5,f_best 2.3851876258850098,f_min 2.0676426795107545,k 154.55620472846203
2025-04-25 15:12:28,435 - INFO - f_best_current 2.3851876258850098,f_min 2.0676426795107545
2025-04-25 15:12:28,435 - INFO - 回退,len(queue)=1
2025-04-25 15:12:35,770 - INFO - tree_node.f_best*ep:2.396024227142334,left_f_best3.0443263053894043,right_f_best2.3977651596069336,i:1
2025-04-25 15:12:43,500 - INFO - tree_node.f_best*ep:2.396024227142334,left_f_best3.014730453491211,right_f_best2.3871665000915527,i:2
2025-04-25 15:13:09,201 - INFO - 添加左子节点，右子节点，len(queue):3
2025-04-25 15:13:09,201 - INFO - Node 1: k=490.2471159046608, f_best=2.4154624938964844, f_min=1.4187553769952501
2025-04-25 15:13:09,201 - INFO - Node 2: k=109.10341948046482, f_best=3.041632652282715, f_min=2.9554922431166233
2025-04-25 15:13:09,201 - INFO - Node 3: k=154.55620472846203, f_best=2.396024227142334, f_min=-0.11200325891422835
2025-04-25 15:13:09,201 - INFO - Node 4: k=153.02594527570497, f_best=3.014730453491211, f_min=2.44247056072345
2025-04-25 15:13:09,201 - INFO - Node 5: k=141.31689306660996, f_best=2.3871665000915527, f_min=2.1894552677440515
2025-04-25 15:13:09,201 - INFO - cur_node_number 6,f_best 2.3871665000915527,f_min 2.1894552677440515,k 141.31689306660996
2025-04-25 15:13:09,201 - INFO - f_best_current 2.3871665000915527,f_min 2.1894552677440515
2025-04-25 15:13:16,433 - INFO - tree_node.f_best*ep:2.3871665000915527,left_f_best3.015587329864502,right_f_best2.431227207183838,i:1
2025-04-25 15:13:23,975 - INFO - tree_node.f_best*ep:2.3871665000915527,left_f_best3.010338306427002,right_f_best2.407766819000244,i:2
2025-04-25 15:13:32,081 - INFO - tree_node.f_best*ep:2.3871665000915527,left_f_best3.0102591514587402,right_f_best2.404231548309326,i:3
2025-04-25 15:13:40,286 - INFO - tree_node.f_best*ep:2.3871665000915527,left_f_best3.001556873321533,right_f_best2.3836655616760254,i:4
2025-04-25 15:14:02,161 - INFO - 添加左子节点，右子节点，len(queue):4
2025-04-25 15:14:02,161 - INFO - Node 1: k=490.2471159046608, f_best=2.4154624938964844, f_min=1.4187553769952501
2025-04-25 15:14:02,161 - INFO - Node 2: k=109.10341948046482, f_best=3.041632652282715, f_min=2.9554922431166233
2025-04-25 15:14:02,161 - INFO - Node 3: k=154.55620472846203, f_best=2.396024227142334, f_min=-0.11200325891422835
2025-04-25 15:14:02,161 - INFO - Node 4: k=153.02594527570497, f_best=3.014730453491211, f_min=2.44247056072345
2025-04-25 15:14:02,161 - INFO - Node 5: k=141.31689306660996, f_best=2.3871665000915527, f_min=2.1894552677440515
2025-04-25 15:14:02,161 - INFO - Node 6: k=81.75579059471401, f_best=3.001556873321533, f_min=2.8323274136951113
2025-04-25 15:14:02,162 - INFO - Node 7: k=106.95365109348576, f_best=2.3836655616760254, f_min=2.1329560585068066
2025-04-25 15:14:02,162 - INFO - cur_node_number 7,f_best 2.3836655616760254,f_min 2.1329560585068066,k 106.95365109348576
2025-04-25 15:14:02,162 - INFO - f_best_current 2.3836655616760254,f_min 2.1329560585068066
2025-04-25 15:14:09,480 - INFO - tree_node.f_best*ep:2.3836655616760254,left_f_best3.017148017883301,right_f_best2.4242067337036133,i:1
2025-04-25 15:14:16,985 - INFO - tree_node.f_best*ep:2.3836655616760254,left_f_best3.0067529678344727,right_f_best2.392427444458008,i:2
2025-04-25 15:14:24,883 - INFO - tree_node.f_best*ep:2.3836655616760254,left_f_best3.001605987548828,right_f_best2.3971967697143555,i:3
2025-04-25 15:14:33,161 - INFO - tree_node.f_best*ep:2.3836655616760254,left_f_best2.9887442588806152,right_f_best2.3810019493103027,i:4
2025-04-25 15:14:56,441 - INFO - 添加左子节点，右子节点，len(queue):5
2025-04-25 15:14:56,442 - INFO - Node 1: k=490.2471159046608, f_best=2.4154624938964844, f_min=1.4187553769952501
2025-04-25 15:14:56,442 - INFO - Node 2: k=109.10341948046482, f_best=3.041632652282715, f_min=2.9554922431166233
2025-04-25 15:14:56,442 - INFO - Node 3: k=154.55620472846203, f_best=2.396024227142334, f_min=-0.11200325891422835
2025-04-25 15:14:56,442 - INFO - Node 4: k=153.02594527570497, f_best=3.014730453491211, f_min=2.44247056072345
2025-04-25 15:14:56,442 - INFO - Node 5: k=141.31689306660996, f_best=2.3871665000915527, f_min=2.1894552677440515
2025-04-25 15:14:56,442 - INFO - Node 6: k=81.75579059471401, f_best=3.001556873321533, f_min=2.8323274136951113
2025-04-25 15:14:56,442 - INFO - Node 7: k=106.95365109348576, f_best=2.3836655616760254, f_min=2.1329560585068066
2025-04-25 15:14:56,442 - INFO - Node 8: k=160.83180641081856, f_best=2.9887442588806152, f_min=1.7782914591334702
2025-04-25 15:14:56,443 - INFO - Node 9: k=74.75257520296597, f_best=2.3810019493103027, f_min=2.3637923067972224
2025-04-25 15:14:56,443 - INFO - cur_node_number 8,f_best 2.3810019493103027,f_min 2.3637923067972224,k 74.75257520296597
2025-04-25 15:14:56,443 - INFO - f_best_current 2.3810019493103027,f_min 2.3637923067972224
2025-04-25 15:14:56,443 - INFO - 结束,fmin= 2.3637923067972224, fbestmin=2.3810019493103027
