2025-04-25 16:32:26,552 - INFO - Model output max(1): torch.return_types.max(
values=tensor([8.8363], grad_fn=<MaxBackward0>),
indices=tensor([0]))
2025-04-25 16:32:29,930 - INFO - cur_node_number 1,f_best -3.532972574234009,f_min -4.6535593828812125,k 453.1381328257667
2025-04-25 16:32:29,930 - INFO - f_best_current -3.532972574234009,f_min -4.6535593828812125
2025-04-25 16:32:35,286 - INFO - tree_node.f_best*ep:-3.532972574234009,left_f_best-2.794321060180664,right_f_best-3.558737277984619,i:1
2025-04-25 16:32:53,547 - INFO - 添加左子节点，右子节点，len(queue):2
2025-04-25 16:32:53,549 - INFO - Node 1: k=453.1381328257667, f_best=-3.532972574234009, f_min=-4.6535593828812125
2025-04-25 16:32:53,549 - INFO - Node 2: k=185.45122639469423, f_best=-2.794321060180664, f_min=-3.980435264207699
2025-04-25 16:32:53,549 - INFO - Node 3: k=189.17879604522759, f_best=-3.558737277984619, f_min=-5.263392940895756
2025-04-25 16:32:53,549 - INFO - cur_node_number 2,f_best -3.558737277984619,f_min -5.263392940895756,k 189.17879604522759
2025-04-25 16:32:53,549 - INFO - f_best_current -3.558737277984619,f_min -5.263392940895756
2025-04-25 16:32:58,761 - INFO - tree_node.f_best*ep:-3.558737277984619,left_f_best-2.808539867401123,right_f_best-3.5468788146972656,i:1
2025-04-25 16:33:04,215 - INFO - tree_node.f_best*ep:-3.558737277984619,left_f_best-2.8436007499694824,right_f_best-3.5774736404418945,i:2
2025-04-25 16:33:19,337 - INFO - 添加左子节点，右子节点，len(queue):3
2025-04-25 16:33:19,337 - INFO - Node 1: k=453.1381328257667, f_best=-3.532972574234009, f_min=-4.6535593828812125
2025-04-25 16:33:19,337 - INFO - Node 2: k=185.45122639469423, f_best=-2.794321060180664, f_min=-3.980435264207699
2025-04-25 16:33:19,337 - INFO - Node 3: k=189.17879604522759, f_best=-3.558737277984619, f_min=-5.263392940895756
2025-04-25 16:33:19,337 - INFO - Node 4: k=117.34011666475924, f_best=-2.8436007499694824, f_min=-3.280917347713057
2025-04-25 16:33:19,337 - INFO - Node 5: k=103.53560108317797, f_best=-3.5774736404418945, f_min=-4.022491784872727
2025-04-25 16:33:19,337 - INFO - cur_node_number 3,f_best -3.5774736404418945,f_min -4.022491784872727,k 103.53560108317797
2025-04-25 16:33:19,337 - INFO - f_best_current -3.5774736404418945,f_min -4.022491784872727
2025-04-25 16:33:24,547 - INFO - tree_node.f_best*ep:-3.5774736404418945,left_f_best-2.8066158294677734,right_f_best-3.565239906311035,i:1
2025-04-25 16:33:29,986 - INFO - tree_node.f_best*ep:-3.5774736404418945,left_f_best-2.8249964714050293,right_f_best-3.571608066558838,i:2
2025-04-25 16:33:35,658 - INFO - tree_node.f_best*ep:-3.5774736404418945,left_f_best-2.8412461280822754,right_f_best-3.5823464393615723,i:3
2025-04-25 16:33:50,830 - INFO - 添加左子节点，右子节点，len(queue):4
2025-04-25 16:33:50,830 - INFO - Node 1: k=453.1381328257667, f_best=-3.532972574234009, f_min=-4.6535593828812125
2025-04-25 16:33:50,830 - INFO - Node 2: k=185.45122639469423, f_best=-2.794321060180664, f_min=-3.980435264207699
2025-04-25 16:33:50,830 - INFO - Node 3: k=189.17879604522759, f_best=-3.558737277984619, f_min=-5.263392940895756
2025-04-25 16:33:50,831 - INFO - Node 4: k=117.34011666475924, f_best=-2.8436007499694824, f_min=-3.280917347713057
2025-04-25 16:33:50,831 - INFO - Node 5: k=103.53560108317797, f_best=-3.5774736404418945, f_min=-4.022491784872727
2025-04-25 16:33:50,831 - INFO - Node 6: k=119.6986530097209, f_best=-2.8412461280822754, f_min=-3.27346509521567
2025-04-25 16:33:50,831 - INFO - Node 7: k=105.61666666494985, f_best=-3.5823464393615723, f_min=-3.632885051478297
2025-04-25 16:33:50,831 - INFO - cur_node_number 4,f_best -3.5823464393615723,f_min -3.632885051478297,k 105.61666666494985
2025-04-25 16:33:50,831 - INFO - f_best_current -3.5823464393615723,f_min -3.632885051478297
2025-04-25 16:33:50,831 - INFO - 回退,len(queue)=2
2025-04-25 16:33:56,045 - INFO - tree_node.f_best*ep:-3.5774736404418945,left_f_best-2.795649766921997,right_f_best-3.555056571960449,i:1
2025-04-25 16:34:01,416 - INFO - tree_node.f_best*ep:-3.5774736404418945,left_f_best-2.8308627605438232,right_f_best-3.576896905899048,i:2
2025-04-25 16:34:07,086 - INFO - tree_node.f_best*ep:-3.5774736404418945,left_f_best-2.826777935028076,right_f_best-3.580893039703369,i:3
2025-04-25 16:34:24,457 - INFO - 添加左子节点，右子节点，len(queue):4
2025-04-25 16:34:24,457 - INFO - Node 1: k=453.1381328257667, f_best=-3.532972574234009, f_min=-4.6535593828812125
2025-04-25 16:34:24,457 - INFO - Node 2: k=185.45122639469423, f_best=-2.794321060180664, f_min=-3.980435264207699
2025-04-25 16:34:24,457 - INFO - Node 3: k=189.17879604522759, f_best=-3.558737277984619, f_min=-5.263392940895756
2025-04-25 16:34:24,457 - INFO - Node 4: k=117.34011666475924, f_best=-2.8436007499694824, f_min=-3.280917347713057
2025-04-25 16:34:24,457 - INFO - Node 5: k=105.61666666494985, f_best=-3.5774736404418945, f_min=-4.022491784872727
2025-04-25 16:34:24,457 - INFO - Node 6: k=187.30573865864116, f_best=-2.826777935028076, f_min=-4.355652439697224
2025-04-25 16:34:24,457 - INFO - Node 7: k=128.33315749131194, f_best=-3.580893039703369, f_min=-4.392480552382949
2025-04-25 16:34:24,457 - INFO - cur_node_number 5,f_best -3.580893039703369,f_min -4.392480552382949,k 128.33315749131194
2025-04-25 16:34:24,457 - INFO - f_best_current -3.580893039703369,f_min -4.392480552382949
2025-04-25 16:34:24,457 - INFO - 回退,len(queue)=2
2025-04-25 16:34:29,615 - INFO - tree_node.f_best*ep:-3.5774736404418945,left_f_best-2.8107855319976807,right_f_best-3.561556816101074,i:1
2025-04-25 16:34:34,940 - INFO - tree_node.f_best*ep:-3.5774736404418945,left_f_best-2.83345365524292,right_f_best-3.5620133876800537,i:2
2025-04-25 16:34:40,520 - INFO - tree_node.f_best*ep:-3.5774736404418945,left_f_best-2.8259658813476562,right_f_best-3.5916507244110107,i:3
2025-04-25 16:34:57,681 - INFO - 添加左子节点，右子节点，len(queue):4
2025-04-25 16:34:57,681 - INFO - Node 1: k=453.1381328257667, f_best=-3.532972574234009, f_min=-4.6535593828812125
2025-04-25 16:34:57,681 - INFO - Node 2: k=185.45122639469423, f_best=-2.794321060180664, f_min=-3.980435264207699
2025-04-25 16:34:57,681 - INFO - Node 3: k=189.17879604522759, f_best=-3.558737277984619, f_min=-5.263392940895756
2025-04-25 16:34:57,681 - INFO - Node 4: k=117.34011666475924, f_best=-2.8436007499694824, f_min=-3.280917347713057
2025-04-25 16:34:57,681 - INFO - Node 5: k=128.33315749131194, f_best=-3.5774736404418945, f_min=-4.022491784872727
2025-04-25 16:34:57,681 - INFO - Node 6: k=141.7596451887838, f_best=-2.8259658813476562, f_min=-2.881023564465977
2025-04-25 16:34:57,681 - INFO - Node 7: k=200.81710406844587, f_best=-3.5916507244110107, f_min=-5.653801403815123
2025-04-25 16:34:57,681 - INFO - cur_node_number 6,f_best -3.5916507244110107,f_min -5.653801403815123,k 200.81710406844587
2025-04-25 16:34:57,681 - INFO - f_best_current -3.5916507244110107,f_min -5.653801403815123
2025-04-25 16:34:57,681 - INFO - 回退,len(queue)=2
2025-04-25 16:34:57,682 - INFO - 回退,len(queue)=1
2025-04-25 16:35:02,794 - INFO - tree_node.f_best*ep:-3.558737277984619,left_f_best-2.8179750442504883,right_f_best-3.5681569576263428,i:1
2025-04-25 16:35:19,565 - INFO - 添加左子节点，右子节点，len(queue):3
2025-04-25 16:35:19,565 - INFO - Node 1: k=453.1381328257667, f_best=-3.532972574234009, f_min=-4.6535593828812125
2025-04-25 16:35:19,565 - INFO - Node 2: k=185.45122639469423, f_best=-2.794321060180664, f_min=-3.980435264207699
2025-04-25 16:35:19,565 - INFO - Node 3: k=200.81710406844587, f_best=-3.558737277984619, f_min=-5.263392940895756
2025-04-25 16:35:19,565 - INFO - Node 4: k=150.4807199099421, f_best=-2.8179750442504883, f_min=-3.601674236850158
2025-04-25 16:35:19,565 - INFO - Node 5: k=151.11302969120783, f_best=-3.5681569576263428, f_min=-3.8650669530125015
2025-04-25 16:35:19,565 - INFO - cur_node_number 7,f_best -3.5681569576263428,f_min -3.8650669530125015,k 151.11302969120783
2025-04-25 16:35:19,566 - INFO - f_best_current -3.5681569576263428,f_min -3.8650669530125015
2025-04-25 16:35:24,769 - INFO - tree_node.f_best*ep:-3.5681569576263428,left_f_best-2.809370994567871,right_f_best-3.558764934539795,i:1
2025-04-25 16:35:30,084 - INFO - tree_node.f_best*ep:-3.5681569576263428,left_f_best-2.812194347381592,right_f_best-3.556556463241577,i:2
2025-04-25 16:35:35,683 - INFO - tree_node.f_best*ep:-3.5681569576263428,left_f_best-2.8178176879882812,right_f_best-3.5778114795684814,i:3
2025-04-25 16:35:52,983 - INFO - 添加左子节点，右子节点，len(queue):4
2025-04-25 16:35:52,983 - INFO - Node 1: k=453.1381328257667, f_best=-3.532972574234009, f_min=-4.6535593828812125
2025-04-25 16:35:52,983 - INFO - Node 2: k=185.45122639469423, f_best=-2.794321060180664, f_min=-3.980435264207699
2025-04-25 16:35:52,983 - INFO - Node 3: k=200.81710406844587, f_best=-3.558737277984619, f_min=-5.263392940895756
2025-04-25 16:35:52,983 - INFO - Node 4: k=150.4807199099421, f_best=-2.8179750442504883, f_min=-3.601674236850158
2025-04-25 16:35:52,983 - INFO - Node 5: k=151.11302969120783, f_best=-3.5681569576263428, f_min=-3.8650669530125015
2025-04-25 16:35:52,983 - INFO - Node 6: k=179.99713325978934, f_best=-2.8178176879882812, f_min=-3.8289557472717206
2025-04-25 16:35:52,983 - INFO - Node 7: k=138.16866100821971, f_best=-3.5778114795684814, f_min=-3.6077029628986566
2025-04-25 16:35:52,983 - INFO - cur_node_number 8,f_best -3.5778114795684814,f_min -3.6077029628986566,k 138.16866100821971
2025-04-25 16:35:52,983 - INFO - f_best_current -3.5778114795684814,f_min -3.6077029628986566
2025-04-25 16:35:52,983 - INFO - 结束,fmin= -3.6077029628986566, fbestmin=-3.5778114795684814
