2025-05-06 22:14:36,161 - INFO - Namespace(log_file='outputsconfidence/DNN3/img[3]/min/DNN3img3_label3.log', image_path='img[3].png', model_path='network/DNN3.pth', label=3, init_epsilon=0.05, epsilon=0.01, ep=1, min=1)
2025-05-06 22:14:36,172 - INFO - Model output: 16.03452491760254
2025-05-06 22:14:47,054 - INFO - cur_node_number 1,f_best 7.047699928283691,f_min -4.933663933003118,k 890.3966783338068
2025-05-06 22:14:47,054 - INFO - f_best_current 7.047699928283691,f_min -4.933663933003118
2025-05-06 22:15:05,683 - INFO - tree_node.f_best:7.047699928283691,left_f_best9.054780960083008,right_f_best7.215115547180176,i:1
2025-05-06 22:15:26,195 - INFO - tree_node.f_best:7.047699928283691,left_f_best9.16156005859375,right_f_best6.8528947830200195,i:2
2025-05-06 22:15:34,405 - INFO - 添加左子节点，右子节点，len(queue):2
2025-05-06 22:15:34,405 - INFO - Node 1: k=890.3966783338068, f_best=7.047699928283691, f_min=-4.933663933003118
2025-05-06 22:15:34,406 - INFO - Node 2: k=445.79156845259223, f_best=9.16156005859375, f_min=9.042117938848605
2025-05-06 22:15:34,406 - INFO - Node 3: k=334.9298034955614, f_best=6.8528947830200195, f_min=6.5413754058981795
2025-05-06 22:15:34,406 - INFO - cur_node_number 2,f_best 6.8528947830200195,f_min 6.5413754058981795,k 334.9298034955614
2025-05-06 22:15:34,406 - INFO - f_best_current 6.8528947830200195,f_min 6.5413754058981795
2025-05-06 22:15:54,040 - INFO - tree_node.f_best:6.8528947830200195,left_f_best9.04762077331543,right_f_best7.171352386474609,i:1
2025-05-06 22:16:14,686 - INFO - tree_node.f_best:6.8528947830200195,left_f_best9.018613815307617,right_f_best7.1078104972839355,i:2
2025-05-06 22:16:35,975 - INFO - tree_node.f_best:6.8528947830200195,left_f_best8.98562240600586,right_f_best7.03702974319458,i:3
2025-05-06 22:16:58,332 - INFO - tree_node.f_best:6.8528947830200195,left_f_best9.135336875915527,right_f_best6.922952651977539,i:4
2025-05-06 22:17:21,989 - INFO - tree_node.f_best:6.8528947830200195,left_f_best8.998632431030273,right_f_best7.129364013671875,i:5
2025-05-06 22:17:46,351 - INFO - tree_node.f_best:6.8528947830200195,left_f_best8.80900764465332,right_f_best6.84442138671875,i:6
2025-05-06 22:17:54,631 - INFO - 添加左子节点，右子节点，len(queue):3
2025-05-06 22:17:54,631 - INFO - Node 1: k=890.3966783338068, f_best=7.047699928283691, f_min=-4.933663933003118
2025-05-06 22:17:54,631 - INFO - Node 2: k=445.79156845259223, f_best=9.16156005859375, f_min=9.042117938848605
2025-05-06 22:17:54,632 - INFO - Node 3: k=334.9298034955614, f_best=6.8528947830200195, f_min=6.5413754058981795
2025-05-06 22:17:54,632 - INFO - Node 4: k=405.2650622296293, f_best=8.80900764465332, f_min=7.852531372621343
2025-05-06 22:17:54,632 - INFO - Node 5: k=445.79156845259223, f_best=6.84442138671875, f_min=6.836587752501146
2025-05-06 22:17:54,632 - INFO - cur_node_number 3,f_best 6.84442138671875,f_min 6.836587752501146,k 445.79156845259223
2025-05-06 22:17:54,632 - INFO - f_best_current 6.84442138671875,f_min 6.836587752501146
2025-05-06 22:17:54,632 - INFO - bestx
2025-05-06 22:17:54,632 - INFO - [4.94545583e-02 4.97360768e-02 4.98501514e-02 4.82009983e-02
 4.97094717e-02 3.98743218e-06 2.80061194e-02 4.99522563e-02
 1.40849461e-03 2.55902859e-02 1.77478379e-03 6.46001092e-03
 4.99928667e-02 4.74200374e-02 8.20605104e-03 4.99729642e-02
 4.36255433e-02 9.61405664e-05 1.42745556e-02 2.98599323e-03
 4.99681948e-02 4.90948242e-02 8.02253030e-05 2.97308544e-02
 4.98977130e-02 4.95783124e-02 1.56513011e-02 2.19580104e-04
 3.40442691e-04 2.18744616e-04 2.29000065e-04 1.81168708e-04
 1.59753166e-01 4.06568047e-01 7.09910328e-06 6.37393033e-06
 2.76423053e-04 4.98975178e-02 4.99856674e-02 4.98240934e-02
 4.99202674e-02 4.97903774e-02 3.60653651e-03 4.79372188e-04
 4.28440720e-08 3.08185600e-03 5.22735461e-01 8.63793222e-01
 3.81883904e-01 8.83640069e-06 4.61143876e-05 4.99403765e-02
 4.96149176e-02 4.99994526e-02 9.42966379e-05 4.44465730e-02
 2.86816176e-04 4.71890609e-02 4.80629552e-02 2.39782461e-02
 5.91856005e-04 2.69417586e-01 6.46056962e-01 8.42008174e-01
 2.36361086e-01 2.49072806e-06 1.37325030e-04 2.38464825e-04
 5.27708153e-04 3.76601845e-07 1.67853860e-05 4.99879039e-02
 4.60323054e-02 4.99979937e-02 4.96649136e-02 4.87463334e-02
 4.12501279e-02 2.10736607e-01 8.12774261e-01 2.09425307e-01
 4.98575712e-02 4.99837012e-02 1.30177874e-02 4.96543955e-02
 1.95649653e-04 4.99972463e-02 8.11869610e-05 4.99980287e-02
 4.99998904e-02 4.99319481e-02 8.49601295e-02 3.14892843e-01
 7.62020894e-01 2.49396279e-01 4.99529880e-02 4.99450738e-02
 7.28607225e-09 4.15439945e-03 4.99591964e-02 4.98510616e-02
 4.95496467e-02 4.99770038e-02 7.91634958e-06 2.87651299e-01
 7.98603934e-01 5.50070373e-01 2.84461408e-01 4.99929231e-02
 4.99320407e-02 4.97379412e-02 4.99839352e-02 4.98636634e-02
 2.78529078e-05 4.94459996e-02 4.49658314e-02 4.99607432e-02
 9.68936541e-02 8.97222444e-01 7.81372581e-01 7.73538467e-01
 5.63619287e-01 7.74418869e-02 4.99798931e-02 4.99006777e-02
 2.59696904e-04 6.52794144e-04 3.31152757e-03 4.21358772e-02
 3.61108230e-02 4.99221801e-02 4.99990732e-02 7.33618415e-02
 5.37484613e-02 9.99345203e-04 8.95105668e-01 9.94575186e-04
 1.18403756e-05 1.23635257e-04 6.14066304e-04 7.13935282e-05
 4.99922178e-02 3.00429325e-03 4.84841437e-02 4.97012395e-02
 8.47806002e-05 4.99185659e-02 4.97410460e-02 4.27274749e-01
 4.99171291e-01 4.98147887e-02 4.99998104e-02 4.99526401e-02
 4.99546894e-02 4.86336616e-02 3.81408316e-06 7.27595198e-06
 7.37360998e-06 4.98515533e-02 6.75480904e-04 1.69614734e-01
 4.05065360e-01 7.30546656e-01 8.31162381e-06 4.98807661e-02
 3.19296290e-04 4.68962348e-04 5.23056661e-05 4.77084587e-06
 4.47119690e-05 5.36837550e-05 4.26487026e-05 4.99663096e-02
 5.01509095e-05 8.73152634e-02 3.46206723e-01 8.51337083e-02
 4.99997660e-02 4.99908140e-02 4.98401384e-02 4.98700642e-02
 4.91253452e-02 4.92383341e-02 4.98935443e-02 1.35308365e-05
 8.98699500e-04 4.99471612e-02 4.82829081e-02 5.16251046e-05
 4.82289992e-02 4.99568656e-02 4.99744394e-02 4.99887876e-02
 4.99513168e-02 4.90679531e-02 3.39904601e-02 4.84649153e-02]
2025-05-06 22:17:54,634 - INFO - 结束,fmin= 6.836587752501146, fbestmin=6.84442138671875
