2025-04-30 23:16:12,988 - INFO - Namespace(log_file='outputs/DNN6/img[0]/min/DNN6img0_label0.log', image_path='img[0].png', model_path='network/DNN6.pth', label=0, init_epsilon=0.05, epsilon=0.01, ep=1, min=1)
2025-04-30 23:16:13,003 - INFO - Model output max(1): torch.return_types.max(
values=tensor([24.1332], grad_fn=<MaxBackward0>),
indices=tensor([0]))
2025-04-30 23:16:23,773 - INFO - cur_node_number 1,f_best 15.16796588897705,f_min 14.609625028613664,k 674.5429381316718
2025-04-30 23:16:23,773 - INFO - f_best_current 15.16796588897705,f_min 14.609625028613664
2025-04-30 23:16:40,358 - INFO - tree_node.f_best*ep:15.16796588897705,left_f_best17.045013427734375,right_f_best15.126367568969727,i:1
2025-04-30 23:18:03,882 - INFO - 添加左子节点，右子节点，len(queue):2
2025-04-30 23:18:03,882 - INFO - Node 1: k=674.5429381316718, f_best=15.16796588897705, f_min=14.609625028613664
2025-04-30 23:18:03,882 - INFO - Node 2: k=305.1512487142845, f_best=17.045013427734375, f_min=7.727239844540236
2025-04-30 23:18:03,882 - INFO - Node 3: k=275.09352035034385, f_best=15.126367568969727, f_min=14.962281363992588
2025-04-30 23:18:03,882 - INFO - cur_node_number 2,f_best 15.126367568969727,f_min 14.962281363992588,k 275.09352035034385
2025-04-30 23:18:03,882 - INFO - f_best_current 15.126367568969727,f_min 14.962281363992588
2025-04-30 23:18:20,150 - INFO - tree_node.f_best*ep:15.126367568969727,left_f_best16.977474212646484,right_f_best15.036457061767578,i:1
2025-04-30 23:19:38,978 - INFO - 添加左子节点，右子节点，len(queue):3
2025-04-30 23:19:38,978 - INFO - Node 1: k=674.5429381316718, f_best=15.16796588897705, f_min=14.609625028613664
2025-04-30 23:19:38,979 - INFO - Node 2: k=305.1512487142845, f_best=17.045013427734375, f_min=7.727239844540236
2025-04-30 23:19:38,979 - INFO - Node 3: k=275.09352035034385, f_best=15.126367568969727, f_min=14.962281363992588
2025-04-30 23:19:38,979 - INFO - Node 4: k=270.80623926018603, f_best=16.977474212646484, f_min=13.285166015914001
2025-04-30 23:19:38,979 - INFO - Node 5: k=236.95165928245865, f_best=15.036457061767578, f_min=14.885574063643617
2025-04-30 23:19:38,979 - INFO - cur_node_number 3,f_best 15.036457061767578,f_min 14.885574063643617,k 236.95165928245865
2025-04-30 23:19:38,979 - INFO - f_best_current 15.036457061767578,f_min 14.885574063643617
2025-04-30 23:19:56,203 - INFO - tree_node.f_best*ep:15.036457061767578,left_f_best17.220684051513672,right_f_best15.073812484741211,i:1
2025-04-30 23:20:13,779 - INFO - tree_node.f_best*ep:15.036457061767578,left_f_best17.03124237060547,right_f_best15.095704078674316,i:2
2025-04-30 23:20:31,977 - INFO - tree_node.f_best*ep:15.036457061767578,left_f_best17.023021697998047,right_f_best15.068243980407715,i:3
2025-04-30 23:20:50,415 - INFO - tree_node.f_best*ep:15.036457061767578,left_f_best16.922260284423828,right_f_best15.071779251098633,i:4
2025-04-30 23:21:09,656 - INFO - tree_node.f_best*ep:15.036457061767578,left_f_best16.93021583557129,right_f_best14.995001792907715,i:5
2025-04-30 23:22:33,624 - INFO - 添加左子节点，右子节点，len(queue):4
2025-04-30 23:22:33,624 - INFO - Node 1: k=674.5429381316718, f_best=15.16796588897705, f_min=14.609625028613664
2025-04-30 23:22:33,625 - INFO - Node 2: k=305.1512487142845, f_best=17.045013427734375, f_min=7.727239844540236
2025-04-30 23:22:33,625 - INFO - Node 3: k=275.09352035034385, f_best=15.126367568969727, f_min=14.962281363992588
2025-04-30 23:22:33,625 - INFO - Node 4: k=270.80623926018603, f_best=16.977474212646484, f_min=13.285166015914001
2025-04-30 23:22:33,625 - INFO - Node 5: k=236.95165928245865, f_best=15.036457061767578, f_min=14.885574063643617
2025-04-30 23:22:33,625 - INFO - Node 6: k=299.1385635862019, f_best=16.93021583557129, f_min=15.97508934211146
2025-04-30 23:22:33,625 - INFO - Node 7: k=281.802058507169, f_best=14.995001792907715, f_min=14.911142743165328
2025-04-30 23:22:33,625 - INFO - cur_node_number 4,f_best 14.995001792907715,f_min 14.911142743165328,k 281.802058507169
2025-04-30 23:22:33,625 - INFO - f_best_current 14.995001792907715,f_min 14.911142743165328
2025-04-30 23:22:33,625 - INFO - 结束,fmin= 14.911142743165328, fbestmin=14.995001792907715
