2025-04-30 23:16:22,496 - INFO - Namespace(log_file='outputs/DNN6/img[0]/min/DNN6img0_label5.log', image_path='img[0].png', model_path='network/DNN6.pth', label=5, init_epsilon=0.05, epsilon=0.01, ep=1, min=1)
2025-04-30 23:16:22,512 - INFO - Model output max(1): torch.return_types.max(
values=tensor([24.1332], grad_fn=<MaxBackward0>),
indices=tensor([0]))
2025-04-30 23:16:33,964 - INFO - cur_node_number 1,f_best -8.840164184570312,f_min -14.383381253694097,k 613.2208528469744
2025-04-30 23:16:33,964 - INFO - f_best_current -8.840164184570312,f_min -14.383381253694097
2025-04-30 23:16:50,880 - INFO - tree_node.f_best*ep:-8.840164184570312,left_f_best-7.640946865081787,right_f_best-8.803080558776855,i:1
2025-04-30 23:17:08,419 - INFO - tree_node.f_best*ep:-8.840164184570312,left_f_best-7.641109943389893,right_f_best-8.896625518798828,i:2
2025-04-30 23:18:26,351 - INFO - 添加左子节点，右子节点，len(queue):2
2025-04-30 23:18:26,351 - INFO - Node 1: k=613.2208528469744, f_best=-8.840164184570312, f_min=-14.383381253694097
2025-04-30 23:18:26,351 - INFO - Node 2: k=265.47028650150577, f_best=-7.641109943389893, f_min=-8.998648120110374
2025-04-30 23:18:26,351 - INFO - Node 3: k=200.91735518687534, f_best=-8.896625518798828, f_min=-9.661675226701846
2025-04-30 23:18:26,351 - INFO - cur_node_number 2,f_best -8.896625518798828,f_min -9.661675226701846,k 200.91735518687534
2025-04-30 23:18:26,351 - INFO - f_best_current -8.896625518798828,f_min -9.661675226701846
2025-04-30 23:18:42,751 - INFO - tree_node.f_best*ep:-8.896625518798828,left_f_best-7.6093316078186035,right_f_best-8.825227737426758,i:1
2025-04-30 23:19:00,217 - INFO - tree_node.f_best*ep:-8.896625518798828,left_f_best-7.627458572387695,right_f_best-8.787636756896973,i:2
2025-04-30 23:19:18,546 - INFO - tree_node.f_best*ep:-8.896625518798828,left_f_best-7.716078758239746,right_f_best-8.851576805114746,i:3
2025-04-30 23:19:37,971 - INFO - tree_node.f_best*ep:-8.896625518798828,left_f_best-7.7214508056640625,right_f_best-8.93055534362793,i:4
2025-04-30 23:21:02,021 - INFO - 添加左子节点，右子节点，len(queue):3
2025-04-30 23:21:02,022 - INFO - Node 1: k=613.2208528469744, f_best=-8.840164184570312, f_min=-14.383381253694097
2025-04-30 23:21:02,022 - INFO - Node 2: k=265.47028650150577, f_best=-7.641109943389893, f_min=-8.998648120110374
2025-04-30 23:21:02,022 - INFO - Node 3: k=200.91735518687534, f_best=-8.896625518798828, f_min=-9.661675226701846
2025-04-30 23:21:02,022 - INFO - Node 4: k=299.1385635862019, f_best=-7.7214508056640625, f_min=-7.999842130135221
2025-04-30 23:21:02,022 - INFO - Node 5: k=270.80623926018603, f_best=-8.93055534362793, f_min=-10.880754665302447
2025-04-30 23:21:02,022 - INFO - cur_node_number 3,f_best -8.93055534362793,f_min -10.880754665302447,k 270.80623926018603
2025-04-30 23:21:02,022 - INFO - f_best_current -8.93055534362793,f_min -10.880754665302447
2025-04-30 23:21:02,022 - INFO - 回退,len(queue)=1
2025-04-30 23:21:18,297 - INFO - tree_node.f_best*ep:-8.896625518798828,left_f_best-7.615690231323242,right_f_best-8.854494094848633,i:1
2025-04-30 23:21:35,248 - INFO - tree_node.f_best*ep:-8.896625518798828,left_f_best-7.742429733276367,right_f_best-8.880870819091797,i:2
2025-04-30 23:21:53,322 - INFO - tree_node.f_best*ep:-8.896625518798828,left_f_best-7.700252532958984,right_f_best-8.828210830688477,i:3
2025-04-30 23:22:12,111 - INFO - tree_node.f_best*ep:-8.896625518798828,left_f_best-7.73391580581665,right_f_best-8.962021827697754,i:4
2025-04-30 23:23:38,784 - INFO - 添加左子节点，右子节点，len(queue):3
2025-04-30 23:23:38,784 - INFO - Node 1: k=613.2208528469744, f_best=-8.840164184570312, f_min=-14.383381253694097
2025-04-30 23:23:38,784 - INFO - Node 2: k=265.47028650150577, f_best=-7.641109943389893, f_min=-8.998648120110374
2025-04-30 23:23:38,784 - INFO - Node 3: k=270.80623926018603, f_best=-8.896625518798828, f_min=-9.661675226701846
2025-04-30 23:23:38,784 - INFO - Node 4: k=233.25881196700962, f_best=-7.73391580581665, f_min=-9.263642112265188
2025-04-30 23:23:38,784 - INFO - Node 5: k=383.6248648864425, f_best=-8.962021827697754, f_min=-13.011670589567075
2025-04-30 23:23:38,784 - INFO - cur_node_number 4,f_best -8.962021827697754,f_min -13.011670589567075,k 383.6248648864425
2025-04-30 23:23:38,785 - INFO - f_best_current -8.962021827697754,f_min -13.011670589567075
2025-04-30 23:23:38,785 - INFO - 回退,len(queue)=1
2025-04-30 23:23:55,669 - INFO - tree_node.f_best*ep:-8.896625518798828,left_f_best-7.492093563079834,right_f_best-8.87350082397461,i:1
2025-04-30 23:24:13,000 - INFO - tree_node.f_best*ep:-8.896625518798828,left_f_best-7.620219707489014,right_f_best-8.834425926208496,i:2
2025-04-30 23:24:31,353 - INFO - tree_node.f_best*ep:-8.896625518798828,left_f_best-7.70769739151001,right_f_best-8.876019477844238,i:3
2025-04-30 23:24:50,323 - INFO - tree_node.f_best*ep:-8.896625518798828,left_f_best-7.726619720458984,right_f_best-8.799253463745117,i:4
2025-04-30 23:25:09,777 - INFO - tree_node.f_best*ep:-8.896625518798828,left_f_best-7.728832244873047,right_f_best-8.878324508666992,i:5
2025-04-30 23:25:30,208 - INFO - tree_node.f_best*ep:-8.896625518798828,left_f_best-7.767522811889648,right_f_best-8.958690643310547,i:6
2025-04-30 23:27:01,741 - INFO - 添加左子节点，右子节点，len(queue):3
2025-04-30 23:27:01,741 - INFO - Node 1: k=613.2208528469744, f_best=-8.840164184570312, f_min=-14.383381253694097
2025-04-30 23:27:01,741 - INFO - Node 2: k=265.47028650150577, f_best=-7.641109943389893, f_min=-8.998648120110374
2025-04-30 23:27:01,741 - INFO - Node 3: k=383.6248648864425, f_best=-8.896625518798828, f_min=-9.661675226701846
2025-04-30 23:27:01,741 - INFO - Node 4: k=330.435075901045, f_best=-7.767522811889648, f_min=-8.299315450489303
2025-04-30 23:27:01,741 - INFO - Node 5: k=379.8265988974678, f_best=-8.958690643310547, f_min=-9.42319008991035
2025-04-30 23:27:01,742 - INFO - cur_node_number 5,f_best -8.958690643310547,f_min -9.42319008991035,k 379.8265988974678
2025-04-30 23:27:01,742 - INFO - f_best_current -8.958690643310547,f_min -9.42319008991035
2025-04-30 23:27:18,808 - INFO - tree_node.f_best*ep:-8.958690643310547,left_f_best-7.574045181274414,right_f_best-8.839728355407715,i:1
2025-04-30 23:27:36,522 - INFO - tree_node.f_best*ep:-8.958690643310547,left_f_best-7.652898788452148,right_f_best-8.961857795715332,i:2
2025-04-30 23:29:06,464 - INFO - 添加左子节点，右子节点，len(queue):4
2025-04-30 23:29:06,464 - INFO - Node 1: k=613.2208528469744, f_best=-8.840164184570312, f_min=-14.383381253694097
2025-04-30 23:29:06,464 - INFO - Node 2: k=265.47028650150577, f_best=-7.641109943389893, f_min=-8.998648120110374
2025-04-30 23:29:06,464 - INFO - Node 3: k=383.6248648864425, f_best=-8.896625518798828, f_min=-9.661675226701846
2025-04-30 23:29:06,464 - INFO - Node 4: k=330.435075901045, f_best=-7.767522811889648, f_min=-8.299315450489303
2025-04-30 23:29:06,464 - INFO - Node 5: k=379.8265988974678, f_best=-8.958690643310547, f_min=-9.42319008991035
2025-04-30 23:29:06,465 - INFO - Node 6: k=399.20157273654024, f_best=-7.652898788452148, f_min=-13.996165960812505
2025-04-30 23:29:06,465 - INFO - Node 7: k=279.01193911600893, f_best=-8.961857795715332, f_min=-9.770301258915424
2025-04-30 23:29:06,465 - INFO - cur_node_number 6,f_best -8.961857795715332,f_min -9.770301258915424,k 279.01193911600893
2025-04-30 23:29:06,465 - INFO - f_best_current -8.961857795715332,f_min -9.770301258915424
2025-04-30 23:29:22,893 - INFO - tree_node.f_best*ep:-8.961857795715332,left_f_best-7.626148223876953,right_f_best-8.781715393066406,i:1
2025-04-30 23:29:39,862 - INFO - tree_node.f_best*ep:-8.961857795715332,left_f_best-7.661044597625732,right_f_best-8.886737823486328,i:2
2025-04-30 23:29:57,639 - INFO - tree_node.f_best*ep:-8.961857795715332,left_f_best-7.646822452545166,right_f_best-8.934887886047363,i:3
2025-04-30 23:30:16,094 - INFO - tree_node.f_best*ep:-8.961857795715332,left_f_best-7.6822943687438965,right_f_best-8.958168029785156,i:4
2025-04-30 23:30:35,139 - INFO - tree_node.f_best*ep:-8.961857795715332,left_f_best-7.654885292053223,right_f_best-8.9609375,i:5
2025-04-30 23:30:55,476 - INFO - tree_node.f_best*ep:-8.961857795715332,left_f_best-7.797720432281494,right_f_best-8.951518058776855,i:6
2025-04-30 23:31:17,368 - INFO - tree_node.f_best*ep:-8.961857795715332,left_f_best-7.701098442077637,right_f_best-8.99372673034668,i:7
2025-04-30 23:32:51,581 - INFO - 添加左子节点，右子节点，len(queue):5
2025-04-30 23:32:51,581 - INFO - Node 1: k=613.2208528469744, f_best=-8.840164184570312, f_min=-14.383381253694097
2025-04-30 23:32:51,581 - INFO - Node 2: k=265.47028650150577, f_best=-7.641109943389893, f_min=-8.998648120110374
2025-04-30 23:32:51,581 - INFO - Node 3: k=383.6248648864425, f_best=-8.896625518798828, f_min=-9.661675226701846
2025-04-30 23:32:51,581 - INFO - Node 4: k=330.435075901045, f_best=-7.767522811889648, f_min=-8.299315450489303
2025-04-30 23:32:51,582 - INFO - Node 5: k=379.8265988974678, f_best=-8.958690643310547, f_min=-9.42319008991035
2025-04-30 23:32:51,582 - INFO - Node 6: k=399.20157273654024, f_best=-7.652898788452148, f_min=-13.996165960812505
2025-04-30 23:32:51,582 - INFO - Node 7: k=279.01193911600893, f_best=-8.961857795715332, f_min=-9.770301258915424
2025-04-30 23:32:51,582 - INFO - Node 8: k=517.0683580319243, f_best=-7.701098442077637, f_min=-10.823152449862391
2025-04-30 23:32:51,582 - INFO - Node 9: k=268.1249893665208, f_best=-8.99372673034668, f_min=-9.693089019749095
2025-04-30 23:32:51,582 - INFO - cur_node_number 7,f_best -8.99372673034668,f_min -9.693089019749095,k 268.1249893665208
2025-04-30 23:32:51,582 - INFO - f_best_current -8.99372673034668,f_min -9.693089019749095
2025-04-30 23:33:07,734 - INFO - tree_node.f_best*ep:-8.99372673034668,left_f_best-7.630708694458008,right_f_best-8.825244903564453,i:1
2025-04-30 23:33:24,713 - INFO - tree_node.f_best*ep:-8.99372673034668,left_f_best-7.646506309509277,right_f_best-8.899862289428711,i:2
2025-04-30 23:33:42,725 - INFO - tree_node.f_best*ep:-8.99372673034668,left_f_best-7.7057366371154785,right_f_best-8.925210952758789,i:3
2025-04-30 23:34:01,588 - INFO - tree_node.f_best*ep:-8.99372673034668,left_f_best-7.778285026550293,right_f_best-8.926692962646484,i:4
2025-04-30 23:34:21,319 - INFO - tree_node.f_best*ep:-8.99372673034668,left_f_best-7.662264823913574,right_f_best-8.899065971374512,i:5
2025-04-30 23:34:42,040 - INFO - tree_node.f_best*ep:-8.99372673034668,left_f_best-7.79264497756958,right_f_best-8.961076736450195,i:6
2025-04-30 23:35:03,205 - INFO - tree_node.f_best*ep:-8.99372673034668,left_f_best-7.672867298126221,right_f_best-8.986868858337402,i:7
2025-04-30 23:35:25,550 - INFO - tree_node.f_best*ep:-8.99372673034668,left_f_best-7.715356826782227,right_f_best-8.977291107177734,i:8
2025-04-30 23:35:49,112 - INFO - tree_node.f_best*ep:-8.99372673034668,left_f_best-7.805797576904297,right_f_best-8.999238967895508,i:9
2025-04-30 23:37:17,797 - INFO - 添加左子节点，右子节点，len(queue):6
2025-04-30 23:37:17,797 - INFO - Node 1: k=613.2208528469744, f_best=-8.840164184570312, f_min=-14.383381253694097
2025-04-30 23:37:17,797 - INFO - Node 2: k=265.47028650150577, f_best=-7.641109943389893, f_min=-8.998648120110374
2025-04-30 23:37:17,797 - INFO - Node 3: k=383.6248648864425, f_best=-8.896625518798828, f_min=-9.661675226701846
2025-04-30 23:37:17,798 - INFO - Node 4: k=330.435075901045, f_best=-7.767522811889648, f_min=-8.299315450489303
2025-04-30 23:37:17,798 - INFO - Node 5: k=379.8265988974678, f_best=-8.958690643310547, f_min=-9.42319008991035
2025-04-30 23:37:17,798 - INFO - Node 6: k=399.20157273654024, f_best=-7.652898788452148, f_min=-13.996165960812505
2025-04-30 23:37:17,798 - INFO - Node 7: k=279.01193911600893, f_best=-8.961857795715332, f_min=-9.770301258915424
2025-04-30 23:37:17,798 - INFO - Node 8: k=517.0683580319243, f_best=-7.701098442077637, f_min=-10.823152449862391
2025-04-30 23:37:17,798 - INFO - Node 9: k=268.1249893665208, f_best=-8.99372673034668, f_min=-9.693089019749095
2025-04-30 23:37:17,798 - INFO - Node 10: k=365.0058958522251, f_best=-7.805797576904297, f_min=-9.137914733557409
2025-04-30 23:37:17,798 - INFO - Node 11: k=290.34094268199476, f_best=-8.999238967895508, f_min=-17.120787815902077
2025-04-30 23:37:17,799 - INFO - cur_node_number 8,f_best -8.999238967895508,f_min -17.120787815902077,k 290.34094268199476
2025-04-30 23:37:17,799 - INFO - f_best_current -8.999238967895508,f_min -17.120787815902077
2025-04-30 23:37:17,799 - INFO - 回退,len(queue)=4
2025-04-30 23:37:17,799 - INFO - 回退,len(queue)=3
2025-04-30 23:37:34,115 - INFO - tree_node.f_best*ep:-8.961857795715332,left_f_best-7.490024566650391,right_f_best-8.884261131286621,i:1
2025-04-30 23:37:51,137 - INFO - tree_node.f_best*ep:-8.961857795715332,left_f_best-7.627140045166016,right_f_best-8.862116813659668,i:2
2025-04-30 23:38:09,380 - INFO - tree_node.f_best*ep:-8.961857795715332,left_f_best-7.618813991546631,right_f_best-8.886971473693848,i:3
2025-04-30 23:38:28,626 - INFO - tree_node.f_best*ep:-8.961857795715332,left_f_best-7.736794471740723,right_f_best-8.903292655944824,i:4
2025-04-30 23:38:48,677 - INFO - tree_node.f_best*ep:-8.961857795715332,left_f_best-7.720602989196777,right_f_best-9.003299713134766,i:5
2025-04-30 23:40:04,119 - INFO - 添加左子节点，右子节点，len(queue):5
2025-04-30 23:40:04,119 - INFO - Node 1: k=613.2208528469744, f_best=-8.840164184570312, f_min=-14.383381253694097
2025-04-30 23:40:04,119 - INFO - Node 2: k=265.47028650150577, f_best=-7.641109943389893, f_min=-8.998648120110374
2025-04-30 23:40:04,119 - INFO - Node 3: k=383.6248648864425, f_best=-8.896625518798828, f_min=-9.661675226701846
2025-04-30 23:40:04,119 - INFO - Node 4: k=330.435075901045, f_best=-7.767522811889648, f_min=-8.299315450489303
2025-04-30 23:40:04,120 - INFO - Node 5: k=379.8265988974678, f_best=-8.958690643310547, f_min=-9.42319008991035
2025-04-30 23:40:04,120 - INFO - Node 6: k=399.20157273654024, f_best=-7.652898788452148, f_min=-13.996165960812505
2025-04-30 23:40:04,120 - INFO - Node 7: k=290.34094268199476, f_best=-8.961857795715332, f_min=-9.770301258915424
2025-04-30 23:40:04,120 - INFO - Node 8: k=155.11783487574135, f_best=-7.720602989196777, f_min=-7.729182309983116
2025-04-30 23:40:04,120 - INFO - Node 9: k=293.2443521088147, f_best=-9.003299713134766, f_min=-9.392502050883195
2025-04-30 23:40:04,120 - INFO - cur_node_number 9,f_best -9.003299713134766,f_min -9.392502050883195,k 293.2443521088147
2025-04-30 23:40:04,120 - INFO - f_best_current -9.003299713134766,f_min -9.392502050883195
2025-04-30 23:40:04,120 - INFO - 回退,len(queue)=3
2025-04-30 23:40:20,864 - INFO - tree_node.f_best*ep:-8.961857795715332,left_f_best-7.657949447631836,right_f_best-8.7094087600708,i:1
2025-04-30 23:40:38,158 - INFO - tree_node.f_best*ep:-8.961857795715332,left_f_best-7.623613357543945,right_f_best-8.84756088256836,i:2
2025-04-30 23:40:56,333 - INFO - tree_node.f_best*ep:-8.961857795715332,left_f_best-7.671909809112549,right_f_best-8.877559661865234,i:3
2025-04-30 23:41:15,230 - INFO - tree_node.f_best*ep:-8.961857795715332,left_f_best-7.681127071380615,right_f_best-8.968360900878906,i:4
2025-04-30 23:42:49,661 - INFO - 添加左子节点，右子节点，len(queue):5
2025-04-30 23:42:49,662 - INFO - Node 1: k=613.2208528469744, f_best=-8.840164184570312, f_min=-14.383381253694097
2025-04-30 23:42:49,662 - INFO - Node 2: k=265.47028650150577, f_best=-7.641109943389893, f_min=-8.998648120110374
2025-04-30 23:42:49,662 - INFO - Node 3: k=383.6248648864425, f_best=-8.896625518798828, f_min=-9.661675226701846
2025-04-30 23:42:49,662 - INFO - Node 4: k=330.435075901045, f_best=-7.767522811889648, f_min=-8.299315450489303
2025-04-30 23:42:49,662 - INFO - Node 5: k=379.8265988974678, f_best=-8.958690643310547, f_min=-9.42319008991035
2025-04-30 23:42:49,662 - INFO - Node 6: k=399.20157273654024, f_best=-7.652898788452148, f_min=-13.996165960812505
2025-04-30 23:42:49,662 - INFO - Node 7: k=293.2443521088147, f_best=-8.961857795715332, f_min=-9.770301258915424
2025-04-30 23:42:49,662 - INFO - Node 8: k=333.73942666005547, f_best=-7.681127071380615, f_min=-8.143282300663486
2025-04-30 23:42:49,662 - INFO - Node 9: k=454.32862746985757, f_best=-8.968360900878906, f_min=-10.449438553316213
2025-04-30 23:42:49,663 - INFO - cur_node_number 10,f_best -8.968360900878906,f_min -10.449438553316213,k 454.32862746985757
2025-04-30 23:42:49,663 - INFO - f_best_current -8.968360900878906,f_min -10.449438553316213
2025-04-30 23:42:49,663 - INFO - 回退,len(queue)=3
2025-04-30 23:42:49,663 - INFO - 回退,len(queue)=2
2025-04-30 23:42:49,663 - INFO - 回退,len(queue)=1
2025-04-30 23:43:06,832 - INFO - tree_node.f_best*ep:-8.896625518798828,left_f_best-7.477752208709717,right_f_best-8.853378295898438,i:1
2025-04-30 23:43:24,525 - INFO - tree_node.f_best*ep:-8.896625518798828,left_f_best-7.446967124938965,right_f_best-8.912975311279297,i:2
2025-04-30 23:44:51,150 - INFO - 添加左子节点，右子节点，len(queue):3
2025-04-30 23:44:51,150 - INFO - Node 1: k=613.2208528469744, f_best=-8.840164184570312, f_min=-14.383381253694097
2025-04-30 23:44:51,150 - INFO - Node 2: k=265.47028650150577, f_best=-7.641109943389893, f_min=-8.998648120110374
2025-04-30 23:44:51,150 - INFO - Node 3: k=454.32862746985757, f_best=-8.896625518798828, f_min=-9.661675226701846
2025-04-30 23:44:51,150 - INFO - Node 4: k=383.6248648864425, f_best=-7.446967124938965, f_min=-10.636111294470538
2025-04-30 23:44:51,151 - INFO - Node 5: k=224.15713347770935, f_best=-8.912975311279297, f_min=-9.683091585342481
2025-04-30 23:44:51,151 - INFO - cur_node_number 11,f_best -8.912975311279297,f_min -9.683091585342481,k 224.15713347770935
2025-04-30 23:44:51,151 - INFO - f_best_current -8.912975311279297,f_min -9.683091585342481
2025-04-30 23:45:07,677 - INFO - tree_node.f_best*ep:-8.912975311279297,left_f_best-7.650091171264648,right_f_best-8.864242553710938,i:1
2025-04-30 23:45:24,959 - INFO - tree_node.f_best*ep:-8.912975311279297,left_f_best-7.529472827911377,right_f_best-8.878198623657227,i:2
2025-04-30 23:45:43,192 - INFO - tree_node.f_best*ep:-8.912975311279297,left_f_best-7.524850845336914,right_f_best-8.899081230163574,i:3
2025-04-30 23:46:01,956 - INFO - tree_node.f_best*ep:-8.912975311279297,left_f_best-7.668479919433594,right_f_best-8.937002182006836,i:4
2025-04-30 23:47:34,801 - INFO - 添加左子节点，右子节点，len(queue):4
2025-04-30 23:47:34,801 - INFO - Node 1: k=613.2208528469744, f_best=-8.840164184570312, f_min=-14.383381253694097
2025-04-30 23:47:34,801 - INFO - Node 2: k=265.47028650150577, f_best=-7.641109943389893, f_min=-8.998648120110374
2025-04-30 23:47:34,802 - INFO - Node 3: k=454.32862746985757, f_best=-8.896625518798828, f_min=-9.661675226701846
2025-04-30 23:47:34,802 - INFO - Node 4: k=383.6248648864425, f_best=-7.446967124938965, f_min=-10.636111294470538
2025-04-30 23:47:34,802 - INFO - Node 5: k=224.15713347770935, f_best=-8.912975311279297, f_min=-9.683091585342481
2025-04-30 23:47:34,802 - INFO - Node 6: k=299.1385635862019, f_best=-7.668479919433594, f_min=-10.958142869087169
2025-04-30 23:47:34,802 - INFO - Node 7: k=427.9981187475628, f_best=-8.937002182006836, f_min=-12.283899919009855
2025-04-30 23:47:34,802 - INFO - cur_node_number 12,f_best -8.937002182006836,f_min -12.283899919009855,k 427.9981187475628
2025-04-30 23:47:34,802 - INFO - f_best_current -8.937002182006836,f_min -12.283899919009855
2025-04-30 23:47:34,803 - INFO - 回退,len(queue)=2
2025-04-30 23:47:51,691 - INFO - tree_node.f_best*ep:-8.912975311279297,left_f_best-7.579727649688721,right_f_best-8.721470832824707,i:1
2025-04-30 23:48:09,337 - INFO - tree_node.f_best*ep:-8.912975311279297,left_f_best-7.5693769454956055,right_f_best-8.86268138885498,i:2
2025-04-30 23:48:27,728 - INFO - tree_node.f_best*ep:-8.912975311279297,left_f_best-7.6849541664123535,right_f_best-8.885932922363281,i:3
2025-04-30 23:48:46,800 - INFO - tree_node.f_best*ep:-8.912975311279297,left_f_best-7.680622100830078,right_f_best-8.933197975158691,i:4
2025-04-30 23:50:05,153 - INFO - 添加左子节点，右子节点，len(queue):4
2025-04-30 23:50:05,153 - INFO - Node 1: k=613.2208528469744, f_best=-8.840164184570312, f_min=-14.383381253694097
2025-04-30 23:50:05,153 - INFO - Node 2: k=265.47028650150577, f_best=-7.641109943389893, f_min=-8.998648120110374
2025-04-30 23:50:05,153 - INFO - Node 3: k=454.32862746985757, f_best=-8.896625518798828, f_min=-9.661675226701846
2025-04-30 23:50:05,153 - INFO - Node 4: k=383.6248648864425, f_best=-7.446967124938965, f_min=-10.636111294470538
2025-04-30 23:50:05,153 - INFO - Node 5: k=427.9981187475628, f_best=-8.912975311279297, f_min=-9.683091585342481
2025-04-30 23:50:05,154 - INFO - Node 6: k=332.3429441442703, f_best=-7.680622100830078, f_min=-10.54910396059131
2025-04-30 23:50:05,154 - INFO - Node 7: k=293.2443521088147, f_best=-8.933197975158691, f_min=-9.152770119164416
2025-04-30 23:50:05,154 - INFO - cur_node_number 13,f_best -8.933197975158691,f_min -9.152770119164416,k 293.2443521088147
2025-04-30 23:50:05,154 - INFO - f_best_current -8.933197975158691,f_min -9.152770119164416
2025-04-30 23:50:20,063 - INFO - tree_node.f_best*ep:-8.933197975158691,left_f_best-7.61051607131958,right_f_best-8.76595401763916,i:1
2025-04-30 23:50:35,440 - INFO - tree_node.f_best*ep:-8.933197975158691,left_f_best-7.575052738189697,right_f_best-8.908191680908203,i:2
2025-04-30 23:50:51,587 - INFO - tree_node.f_best*ep:-8.933197975158691,left_f_best-7.7354254722595215,right_f_best-8.931751251220703,i:3
2025-04-30 23:51:08,648 - INFO - tree_node.f_best*ep:-8.933197975158691,left_f_best-7.615670204162598,right_f_best-8.8996000289917,i:4
2025-04-30 23:51:26,586 - INFO - tree_node.f_best*ep:-8.933197975158691,left_f_best-7.792344093322754,right_f_best-8.957571029663086,i:5
2025-04-30 23:52:37,475 - INFO - 添加左子节点，右子节点，len(queue):5
2025-04-30 23:52:37,475 - INFO - Node 1: k=613.2208528469744, f_best=-8.840164184570312, f_min=-14.383381253694097
2025-04-30 23:52:37,475 - INFO - Node 2: k=265.47028650150577, f_best=-7.641109943389893, f_min=-8.998648120110374
2025-04-30 23:52:37,476 - INFO - Node 3: k=454.32862746985757, f_best=-8.896625518798828, f_min=-9.661675226701846
2025-04-30 23:52:37,476 - INFO - Node 4: k=383.6248648864425, f_best=-7.446967124938965, f_min=-10.636111294470538
2025-04-30 23:52:37,476 - INFO - Node 5: k=427.9981187475628, f_best=-8.912975311279297, f_min=-9.683091585342481
2025-04-30 23:52:37,476 - INFO - Node 6: k=332.3429441442703, f_best=-7.680622100830078, f_min=-10.54910396059131
2025-04-30 23:52:37,476 - INFO - Node 7: k=293.2443521088147, f_best=-8.933197975158691, f_min=-9.152770119164416
2025-04-30 23:52:37,476 - INFO - Node 8: k=265.47028650150577, f_best=-7.792344093322754, f_min=-7.979433166743547
2025-04-30 23:52:37,476 - INFO - Node 9: k=213.2778211363265, f_best=-8.957571029663086, f_min=-12.66116700571638
2025-04-30 23:52:37,476 - INFO - cur_node_number 14,f_best -8.957571029663086,f_min -12.66116700571638,k 213.2778211363265
2025-04-30 23:52:37,476 - INFO - f_best_current -8.957571029663086,f_min -12.66116700571638
2025-04-30 23:52:52,239 - INFO - tree_node.f_best*ep:-8.957571029663086,left_f_best-7.584717273712158,right_f_best-8.796304702758789,i:1
2025-04-30 23:53:07,404 - INFO - tree_node.f_best*ep:-8.957571029663086,left_f_best-7.72962760925293,right_f_best-8.900606155395508,i:2
2025-04-30 23:53:23,461 - INFO - tree_node.f_best*ep:-8.957571029663086,left_f_best-7.6677141189575195,right_f_best-8.799233436584473,i:3
2025-04-30 23:53:40,299 - INFO - tree_node.f_best*ep:-8.957571029663086,left_f_best-7.671850204467773,right_f_best-8.929771423339844,i:4
2025-04-30 23:53:58,050 - INFO - tree_node.f_best*ep:-8.957571029663086,left_f_best-7.705969333648682,right_f_best-8.967523574829102,i:5
2025-04-30 23:55:23,389 - INFO - 添加左子节点，右子节点，len(queue):6
2025-04-30 23:55:23,389 - INFO - Node 1: k=613.2208528469744, f_best=-8.840164184570312, f_min=-14.383381253694097
2025-04-30 23:55:23,389 - INFO - Node 2: k=265.47028650150577, f_best=-7.641109943389893, f_min=-8.998648120110374
2025-04-30 23:55:23,389 - INFO - Node 3: k=454.32862746985757, f_best=-8.896625518798828, f_min=-9.661675226701846
2025-04-30 23:55:23,389 - INFO - Node 4: k=383.6248648864425, f_best=-7.446967124938965, f_min=-10.636111294470538
2025-04-30 23:55:23,389 - INFO - Node 5: k=427.9981187475628, f_best=-8.912975311279297, f_min=-9.683091585342481
2025-04-30 23:55:23,390 - INFO - Node 6: k=332.3429441442703, f_best=-7.680622100830078, f_min=-10.54910396059131
2025-04-30 23:55:23,390 - INFO - Node 7: k=293.2443521088147, f_best=-8.933197975158691, f_min=-9.152770119164416
2025-04-30 23:55:23,390 - INFO - Node 8: k=265.47028650150577, f_best=-7.792344093322754, f_min=-7.979433166743547
2025-04-30 23:55:23,390 - INFO - Node 9: k=213.2778211363265, f_best=-8.957571029663086, f_min=-12.66116700571638
2025-04-30 23:55:23,390 - INFO - Node 10: k=407.2255243485447, f_best=-7.705969333648682, f_min=-11.273968942427018
2025-04-30 23:55:23,390 - INFO - Node 11: k=357.81383771417023, f_best=-8.967523574829102, f_min=-10.245787850877605
2025-04-30 23:55:23,390 - INFO - cur_node_number 15,f_best -8.967523574829102,f_min -10.245787850877605,k 357.81383771417023
2025-04-30 23:55:23,391 - INFO - f_best_current -8.967523574829102,f_min -10.245787850877605
2025-04-30 23:55:23,391 - INFO - 回退,len(queue)=4
2025-04-30 23:55:23,391 - INFO - 回退,len(queue)=3
2025-04-30 23:55:38,341 - INFO - tree_node.f_best*ep:-8.933197975158691,left_f_best-7.5919623374938965,right_f_best-8.863561630249023,i:1
2025-04-30 23:55:54,016 - INFO - tree_node.f_best*ep:-8.933197975158691,left_f_best-7.631040573120117,right_f_best-8.755270004272461,i:2
2025-04-30 23:56:10,248 - INFO - tree_node.f_best*ep:-8.933197975158691,left_f_best-7.610997200012207,right_f_best-8.925609588623047,i:3
2025-04-30 23:56:27,243 - INFO - tree_node.f_best*ep:-8.933197975158691,left_f_best-7.6577606201171875,right_f_best-8.914458274841309,i:4
2025-04-30 23:56:45,043 - INFO - tree_node.f_best*ep:-8.933197975158691,left_f_best-7.703290939331055,right_f_best-8.943086624145508,i:5
2025-04-30 23:58:04,855 - INFO - 添加左子节点，右子节点，len(queue):5
2025-04-30 23:58:04,855 - INFO - Node 1: k=613.2208528469744, f_best=-8.840164184570312, f_min=-14.383381253694097
2025-04-30 23:58:04,855 - INFO - Node 2: k=265.47028650150577, f_best=-7.641109943389893, f_min=-8.998648120110374
2025-04-30 23:58:04,855 - INFO - Node 3: k=454.32862746985757, f_best=-8.896625518798828, f_min=-9.661675226701846
2025-04-30 23:58:04,855 - INFO - Node 4: k=383.6248648864425, f_best=-7.446967124938965, f_min=-10.636111294470538
2025-04-30 23:58:04,856 - INFO - Node 5: k=427.9981187475628, f_best=-8.912975311279297, f_min=-9.683091585342481
2025-04-30 23:58:04,856 - INFO - Node 6: k=332.3429441442703, f_best=-7.680622100830078, f_min=-10.54910396059131
2025-04-30 23:58:04,856 - INFO - Node 7: k=357.81383771417023, f_best=-8.933197975158691, f_min=-9.152770119164416
2025-04-30 23:58:04,856 - INFO - Node 8: k=240.32678722842198, f_best=-7.703290939331055, f_min=-11.51462552870089
2025-04-30 23:58:04,856 - INFO - Node 9: k=432.2780999350384, f_best=-8.943086624145508, f_min=-10.233830027360455
2025-04-30 23:58:04,856 - INFO - cur_node_number 16,f_best -8.943086624145508,f_min -10.233830027360455,k 432.2780999350384
2025-04-30 23:58:04,856 - INFO - f_best_current -8.943086624145508,f_min -10.233830027360455
2025-04-30 23:58:04,857 - INFO - 回退,len(queue)=3
2025-04-30 23:58:04,857 - INFO - 回退,len(queue)=2
2025-04-30 23:58:20,110 - INFO - tree_node.f_best*ep:-8.912975311279297,left_f_best-7.626101970672607,right_f_best-8.77781867980957,i:1
2025-04-30 23:58:35,897 - INFO - tree_node.f_best*ep:-8.912975311279297,left_f_best-7.620691299438477,right_f_best-8.828178405761719,i:2
2025-04-30 23:58:52,365 - INFO - tree_node.f_best*ep:-8.912975311279297,left_f_best-7.683163642883301,right_f_best-8.885677337646484,i:3
2025-04-30 23:59:09,208 - INFO - tree_node.f_best*ep:-8.912975311279297,left_f_best-7.6896796226501465,right_f_best-8.889108657836914,i:4
2025-04-30 23:59:26,811 - INFO - tree_node.f_best*ep:-8.912975311279297,left_f_best-7.754974842071533,right_f_best-8.997624397277832,i:5
2025-05-01 00:00:43,997 - INFO - 添加左子节点，右子节点，len(queue):4
2025-05-01 00:00:43,997 - INFO - Node 1: k=613.2208528469744, f_best=-8.840164184570312, f_min=-14.383381253694097
2025-05-01 00:00:43,997 - INFO - Node 2: k=265.47028650150577, f_best=-7.641109943389893, f_min=-8.998648120110374
2025-05-01 00:00:43,998 - INFO - Node 3: k=454.32862746985757, f_best=-8.896625518798828, f_min=-9.661675226701846
2025-05-01 00:00:43,998 - INFO - Node 4: k=383.6248648864425, f_best=-7.446967124938965, f_min=-10.636111294470538
2025-05-01 00:00:43,998 - INFO - Node 5: k=432.2780999350384, f_best=-8.912975311279297, f_min=-9.683091585342481
2025-05-01 00:00:43,998 - INFO - Node 6: k=330.435075901045, f_best=-7.754974842071533, f_min=-16.032464674803123
2025-05-01 00:00:43,998 - INFO - Node 7: k=273.5143016527879, f_best=-8.997624397277832, f_min=-13.0473122739877
2025-05-01 00:00:43,998 - INFO - cur_node_number 17,f_best -8.997624397277832,f_min -13.0473122739877,k 273.5143016527879
2025-05-01 00:00:43,998 - INFO - f_best_current -8.997624397277832,f_min -13.0473122739877
2025-05-01 00:00:58,994 - INFO - tree_node.f_best*ep:-8.997624397277832,left_f_best-7.6162109375,right_f_best-8.771501541137695,i:1
2025-05-01 00:01:14,940 - INFO - tree_node.f_best*ep:-8.997624397277832,left_f_best-7.705340385437012,right_f_best-8.842097282409668,i:2
2025-05-01 00:01:31,633 - INFO - tree_node.f_best*ep:-8.997624397277832,left_f_best-7.651456832885742,right_f_best-8.859630584716797,i:3
2025-05-01 00:01:49,111 - INFO - tree_node.f_best*ep:-8.997624397277832,left_f_best-7.6511688232421875,right_f_best-8.927617073059082,i:4
2025-05-01 00:02:07,130 - INFO - tree_node.f_best*ep:-8.997624397277832,left_f_best-7.712226867675781,right_f_best-9.020506858825684,i:5
2025-05-01 00:03:28,998 - INFO - 添加左子节点，右子节点，len(queue):5
2025-05-01 00:03:28,998 - INFO - Node 1: k=613.2208528469744, f_best=-8.840164184570312, f_min=-14.383381253694097
2025-05-01 00:03:28,998 - INFO - Node 2: k=265.47028650150577, f_best=-7.641109943389893, f_min=-8.998648120110374
2025-05-01 00:03:28,998 - INFO - Node 3: k=454.32862746985757, f_best=-8.896625518798828, f_min=-9.661675226701846
2025-05-01 00:03:28,998 - INFO - Node 4: k=383.6248648864425, f_best=-7.446967124938965, f_min=-10.636111294470538
2025-05-01 00:03:28,998 - INFO - Node 5: k=432.2780999350384, f_best=-8.912975311279297, f_min=-9.683091585342481
2025-05-01 00:03:28,998 - INFO - Node 6: k=330.435075901045, f_best=-7.754974842071533, f_min=-16.032464674803123
2025-05-01 00:03:28,999 - INFO - Node 7: k=273.5143016527879, f_best=-8.997624397277832, f_min=-13.0473122739877
2025-05-01 00:03:28,999 - INFO - Node 8: k=311.28478881344165, f_best=-7.712226867675781, f_min=-7.874366977579484
2025-05-01 00:03:28,999 - INFO - Node 9: k=379.8265988974678, f_best=-9.020506858825684, f_min=-12.123568600489307
2025-05-01 00:03:28,999 - INFO - cur_node_number 18,f_best -9.020506858825684,f_min -12.123568600489307,k 379.8265988974678
2025-05-01 00:03:28,999 - INFO - f_best_current -9.020506858825684,f_min -12.123568600489307
2025-05-01 00:03:28,999 - INFO - 回退,len(queue)=3
2025-05-01 00:03:43,981 - INFO - tree_node.f_best*ep:-8.997624397277832,left_f_best-7.583340644836426,right_f_best-8.786396026611328,i:1
2025-05-01 00:03:59,754 - INFO - tree_node.f_best*ep:-8.997624397277832,left_f_best-7.670281410217285,right_f_best-8.873517990112305,i:2
2025-05-01 00:04:16,275 - INFO - tree_node.f_best*ep:-8.997624397277832,left_f_best-7.764052391052246,right_f_best-8.928515434265137,i:3
2025-05-01 00:04:33,500 - INFO - tree_node.f_best*ep:-8.997624397277832,left_f_best-7.76039457321167,right_f_best-8.952882766723633,i:4
2025-05-01 00:04:51,313 - INFO - tree_node.f_best*ep:-8.997624397277832,left_f_best-7.742720127105713,right_f_best-8.914079666137695,i:5
2025-05-01 00:05:10,110 - INFO - tree_node.f_best*ep:-8.997624397277832,left_f_best-7.671086311340332,right_f_best-8.922840118408203,i:6
2025-05-01 00:05:29,534 - INFO - tree_node.f_best*ep:-8.997624397277832,left_f_best-7.726694107055664,right_f_best-9.005179405212402,i:7
2025-05-01 00:06:43,983 - INFO - 添加左子节点，右子节点，len(queue):5
2025-05-01 00:06:43,983 - INFO - Node 1: k=613.2208528469744, f_best=-8.840164184570312, f_min=-14.383381253694097
2025-05-01 00:06:43,983 - INFO - Node 2: k=265.47028650150577, f_best=-7.641109943389893, f_min=-8.998648120110374
2025-05-01 00:06:43,984 - INFO - Node 3: k=454.32862746985757, f_best=-8.896625518798828, f_min=-9.661675226701846
2025-05-01 00:06:43,984 - INFO - Node 4: k=383.6248648864425, f_best=-7.446967124938965, f_min=-10.636111294470538
2025-05-01 00:06:43,984 - INFO - Node 5: k=432.2780999350384, f_best=-8.912975311279297, f_min=-9.683091585342481
2025-05-01 00:06:43,984 - INFO - Node 6: k=330.435075901045, f_best=-7.754974842071533, f_min=-16.032464674803123
2025-05-01 00:06:43,984 - INFO - Node 7: k=379.8265988974678, f_best=-8.997624397277832, f_min=-13.0473122739877
2025-05-01 00:06:43,984 - INFO - Node 8: k=393.5952214855874, f_best=-7.726694107055664, f_min=-10.064432075258082
2025-05-01 00:06:43,984 - INFO - Node 9: k=193.07762920005982, f_best=-9.005179405212402, f_min=-9.083916631545435
2025-05-01 00:06:43,984 - INFO - cur_node_number 19,f_best -9.005179405212402,f_min -9.083916631545435,k 193.07762920005982
2025-05-01 00:06:43,985 - INFO - f_best_current -9.005179405212402,f_min -9.083916631545435
2025-05-01 00:06:43,985 - INFO - 结束,fmin= -9.083916631545435, fbestmin=-9.005179405212402
