2025-05-01 00:35:56,668 - INFO - Namespace(log_file='outputs/DNN6/img[0]/min/DNN6img0_label8.log', image_path='img[0].png', model_path='network/DNN6.pth', label=8, init_epsilon=0.05, epsilon=0.01, ep=1, min=1)
2025-05-01 00:35:56,683 - INFO - Model output max(1): torch.return_types.max(
values=tensor([24.1332], grad_fn=<MaxBackward0>),
indices=tensor([0]))
2025-05-01 00:36:06,774 - INFO - cur_node_number 1,f_best -12.233014106750488,f_min -13.91793619566306,k 425.8478144770656
2025-05-01 00:36:06,774 - INFO - f_best_current -12.233014106750488,f_min -13.91793619566306
2025-05-01 00:36:21,974 - INFO - tree_node.f_best*ep:-12.233014106750488,left_f_best-11.038795471191406,right_f_best-12.169431686401367,i:1
2025-05-01 00:36:37,818 - INFO - tree_node.f_best*ep:-12.233014106750488,left_f_best-11.098917961120605,right_f_best-12.10828685760498,i:2
2025-05-01 00:36:54,499 - INFO - tree_node.f_best*ep:-12.233014106750488,left_f_best-11.184222221374512,right_f_best-12.258355140686035,i:3
2025-05-01 00:38:14,109 - INFO - 添加左子节点，右子节点，len(queue):2
2025-05-01 00:38:14,109 - INFO - Node 1: k=425.8478144770656, f_best=-12.233014106750488, f_min=-13.91793619566306
2025-05-01 00:38:14,109 - INFO - Node 2: k=290.34094268199476, f_best=-11.184222221374512, f_min=-14.288368299181457
2025-05-01 00:38:14,110 - INFO - Node 3: k=297.4213104419851, f_best=-12.258355140686035, f_min=-12.57017555846869
2025-05-01 00:38:14,110 - INFO - cur_node_number 2,f_best -12.258355140686035,f_min -12.57017555846869,k 297.4213104419851
2025-05-01 00:38:14,110 - INFO - f_best_current -12.258355140686035,f_min -12.57017555846869
2025-05-01 00:38:29,022 - INFO - tree_node.f_best*ep:-12.258355140686035,left_f_best-11.006120681762695,right_f_best-12.095905303955078,i:1
2025-05-01 00:38:44,476 - INFO - tree_node.f_best*ep:-12.258355140686035,left_f_best-11.07850456237793,right_f_best-12.225419998168945,i:2
2025-05-01 00:39:00,563 - INFO - tree_node.f_best*ep:-12.258355140686035,left_f_best-11.091141700744629,right_f_best-12.162677764892578,i:3
2025-05-01 00:39:17,714 - INFO - tree_node.f_best*ep:-12.258355140686035,left_f_best-10.960400581359863,right_f_best-12.240606307983398,i:4
2025-05-01 00:39:35,716 - INFO - tree_node.f_best*ep:-12.258355140686035,left_f_best-11.153238296508789,right_f_best-12.238924026489258,i:5
2025-05-01 00:39:54,446 - INFO - tree_node.f_best*ep:-12.258355140686035,left_f_best-11.217735290527344,right_f_best-12.224563598632812,i:6
2025-05-01 00:40:14,556 - INFO - tree_node.f_best*ep:-12.258355140686035,left_f_best-11.218132019042969,right_f_best-12.323640823364258,i:7
2025-05-01 00:41:42,308 - INFO - 添加左子节点，右子节点，len(queue):3
2025-05-01 00:41:42,308 - INFO - Node 1: k=425.8478144770656, f_best=-12.233014106750488, f_min=-13.91793619566306
2025-05-01 00:41:42,308 - INFO - Node 2: k=290.34094268199476, f_best=-11.184222221374512, f_min=-14.288368299181457
2025-05-01 00:41:42,308 - INFO - Node 3: k=297.4213104419851, f_best=-12.258355140686035, f_min=-12.57017555846869
2025-05-01 00:41:42,308 - INFO - Node 4: k=201.76159628956754, f_best=-11.218132019042969, f_min=-12.371082230599313
2025-05-01 00:41:42,308 - INFO - Node 5: k=352.23737594118865, f_best=-12.323640823364258, f_min=-13.718441614453695
2025-05-01 00:41:42,308 - INFO - cur_node_number 3,f_best -12.323640823364258,f_min -13.718441614453695,k 352.23737594118865
2025-05-01 00:41:42,308 - INFO - f_best_current -12.323640823364258,f_min -13.718441614453695
2025-05-01 00:41:42,308 - INFO - 回退,len(queue)=1
2025-05-01 00:42:00,038 - INFO - tree_node.f_best*ep:-12.258355140686035,left_f_best-10.99220085144043,right_f_best-12.17449951171875,i:1
2025-05-01 00:42:18,423 - INFO - tree_node.f_best*ep:-12.258355140686035,left_f_best-11.026745796203613,right_f_best-11.940008163452148,i:2
2025-05-01 00:42:37,561 - INFO - tree_node.f_best*ep:-12.258355140686035,left_f_best-11.144035339355469,right_f_best-12.250263214111328,i:3
2025-05-01 00:42:57,886 - INFO - tree_node.f_best*ep:-12.258355140686035,left_f_best-11.142669677734375,right_f_best-12.21707534790039,i:4
2025-05-01 00:43:19,142 - INFO - tree_node.f_best*ep:-12.258355140686035,left_f_best-11.109793663024902,right_f_best-12.20704460144043,i:5
2025-05-01 00:43:40,976 - INFO - tree_node.f_best*ep:-12.258355140686035,left_f_best-11.111675262451172,right_f_best-12.187548637390137,i:6
2025-05-01 00:44:03,720 - INFO - tree_node.f_best*ep:-12.258355140686035,left_f_best-11.213247299194336,right_f_best-11.999092102050781,i:7
2025-05-01 00:44:27,305 - INFO - tree_node.f_best*ep:-12.258355140686035,left_f_best-11.179102897644043,right_f_best-12.341739654541016,i:8
2025-05-01 00:45:50,925 - INFO - 添加左子节点，右子节点，len(queue):3
2025-05-01 00:45:50,925 - INFO - Node 1: k=425.8478144770656, f_best=-12.233014106750488, f_min=-13.91793619566306
2025-05-01 00:45:50,925 - INFO - Node 2: k=290.34094268199476, f_best=-11.184222221374512, f_min=-14.288368299181457
2025-05-01 00:45:50,925 - INFO - Node 3: k=352.23737594118865, f_best=-12.258355140686035, f_min=-12.57017555846869
2025-05-01 00:45:50,925 - INFO - Node 4: k=163.71544610449592, f_best=-11.179102897644043, f_min=-13.621427044307893
2025-05-01 00:45:50,925 - INFO - Node 5: k=348.7498771694937, f_best=-12.341739654541016, f_min=-12.564887886972429
2025-05-01 00:45:50,925 - INFO - cur_node_number 4,f_best -12.341739654541016,f_min -12.564887886972429,k 348.7498771694937
2025-05-01 00:45:50,925 - INFO - f_best_current -12.341739654541016,f_min -12.564887886972429
2025-05-01 00:46:08,759 - INFO - tree_node.f_best*ep:-12.341739654541016,left_f_best-10.999075889587402,right_f_best-12.247529983520508,i:1
2025-05-01 00:46:27,316 - INFO - tree_node.f_best*ep:-12.341739654541016,left_f_best-11.103414535522461,right_f_best-12.157115936279297,i:2
2025-05-01 00:46:46,776 - INFO - tree_node.f_best*ep:-12.341739654541016,left_f_best-11.105561256408691,right_f_best-12.265386581420898,i:3
2025-05-01 00:47:07,430 - INFO - tree_node.f_best*ep:-12.341739654541016,left_f_best-11.114605903625488,right_f_best-11.980390548706055,i:4
2025-05-01 00:47:28,584 - INFO - tree_node.f_best*ep:-12.341739654541016,left_f_best-11.13991641998291,right_f_best-12.149384498596191,i:5
2025-05-01 00:47:50,712 - INFO - tree_node.f_best*ep:-12.341739654541016,left_f_best-11.217090606689453,right_f_best-12.308307647705078,i:6
2025-05-01 00:48:13,786 - INFO - tree_node.f_best*ep:-12.341739654541016,left_f_best-11.18021297454834,right_f_best-12.328749656677246,i:7
2025-05-01 00:48:37,924 - INFO - tree_node.f_best*ep:-12.341739654541016,left_f_best-11.190849304199219,right_f_best-12.315598487854004,i:8
2025-05-01 00:49:02,878 - INFO - tree_node.f_best*ep:-12.341739654541016,left_f_best-11.239482879638672,right_f_best-12.037267684936523,i:9
2025-05-01 00:49:28,116 - INFO - tree_node.f_best*ep:-12.341739654541016,left_f_best-11.245389938354492,right_f_best-12.325767517089844,i:10
2025-05-01 00:49:54,629 - INFO - tree_node.f_best*ep:-12.341739654541016,left_f_best-11.202323913574219,right_f_best-12.366369247436523,i:11
2025-05-01 00:51:29,179 - INFO - 添加左子节点，右子节点，len(queue):4
2025-05-01 00:51:29,179 - INFO - Node 1: k=425.8478144770656, f_best=-12.233014106750488, f_min=-13.91793619566306
2025-05-01 00:51:29,179 - INFO - Node 2: k=290.34094268199476, f_best=-11.184222221374512, f_min=-14.288368299181457
2025-05-01 00:51:29,179 - INFO - Node 3: k=352.23737594118865, f_best=-12.258355140686035, f_min=-12.57017555846869
2025-05-01 00:51:29,179 - INFO - Node 4: k=163.71544610449592, f_best=-11.179102897644043, f_min=-13.621427044307893
2025-05-01 00:51:29,179 - INFO - Node 5: k=348.7498771694937, f_best=-12.341739654541016, f_min=-12.564887886972429
2025-05-01 00:51:29,179 - INFO - Node 6: k=242.7300551007062, f_best=-11.202323913574219, f_min=-13.252136988945495
2025-05-01 00:51:29,179 - INFO - Node 7: k=434.0945031990545, f_best=-12.366369247436523, f_min=-13.87898061652777
2025-05-01 00:51:29,179 - INFO - cur_node_number 5,f_best -12.366369247436523,f_min -13.87898061652777,k 434.0945031990545
2025-05-01 00:51:29,179 - INFO - f_best_current -12.366369247436523,f_min -13.87898061652777
2025-05-01 00:51:29,179 - INFO - 回退,len(queue)=2
2025-05-01 00:51:29,179 - INFO - 回退,len(queue)=1
2025-05-01 00:51:29,179 - INFO - 回退,len(queue)=0
2025-05-01 00:51:47,310 - INFO - tree_node.f_best*ep:-12.233014106750488,left_f_best-11.003705978393555,right_f_best-12.13172435760498,i:1
2025-05-01 00:52:06,188 - INFO - tree_node.f_best*ep:-12.233014106750488,left_f_best-11.049358367919922,right_f_best-12.233346939086914,i:2
2025-05-01 00:53:45,344 - INFO - 添加左子节点，右子节点，len(queue):2
2025-05-01 00:53:45,344 - INFO - Node 1: k=434.0945031990545, f_best=-12.233014106750488, f_min=-13.91793619566306
2025-05-01 00:53:45,344 - INFO - Node 2: k=484.3054966805911, f_best=-11.049358367919922, f_min=-26.69867589698333
2025-05-01 00:53:45,344 - INFO - Node 3: k=263.9463115290864, f_best=-12.233346939086914, f_min=-14.089356583832341
2025-05-01 00:53:45,344 - INFO - cur_node_number 6,f_best -12.233346939086914,f_min -14.089356583832341,k 263.9463115290864
2025-05-01 00:53:45,344 - INFO - f_best_current -12.233346939086914,f_min -14.089356583832341
2025-05-01 00:54:03,120 - INFO - tree_node.f_best*ep:-12.233346939086914,left_f_best-11.03371524810791,right_f_best-12.19078540802002,i:1
2025-05-01 00:54:21,448 - INFO - tree_node.f_best*ep:-12.233346939086914,left_f_best-11.105476379394531,right_f_best-12.220952987670898,i:2
2025-05-01 00:54:41,033 - INFO - tree_node.f_best*ep:-12.233346939086914,left_f_best-11.057992935180664,right_f_best-12.091872215270996,i:3
2025-05-01 00:55:01,570 - INFO - tree_node.f_best*ep:-12.233346939086914,left_f_best-11.111414909362793,right_f_best-12.294849395751953,i:4
2025-05-01 00:56:20,784 - INFO - 添加左子节点，右子节点，len(queue):3
2025-05-01 00:56:20,784 - INFO - Node 1: k=434.0945031990545, f_best=-12.233014106750488, f_min=-13.91793619566306
2025-05-01 00:56:20,784 - INFO - Node 2: k=484.3054966805911, f_best=-11.049358367919922, f_min=-26.69867589698333
2025-05-01 00:56:20,784 - INFO - Node 3: k=263.9463115290864, f_best=-12.233346939086914, f_min=-14.089356583832341
2025-05-01 00:56:20,784 - INFO - Node 4: k=311.28478881344165, f_best=-11.111414909362793, f_min=-20.033825118269306
2025-05-01 00:56:20,784 - INFO - Node 5: k=138.23763701931315, f_best=-12.294849395751953, f_min=-12.94847108812337
2025-05-01 00:56:20,784 - INFO - cur_node_number 7,f_best -12.294849395751953,f_min -12.94847108812337,k 138.23763701931315
2025-05-01 00:56:20,784 - INFO - f_best_current -12.294849395751953,f_min -12.94847108812337
2025-05-01 00:56:38,399 - INFO - tree_node.f_best*ep:-12.294849395751953,left_f_best-11.01304817199707,right_f_best-11.936297416687012,i:1
2025-05-01 00:56:57,164 - INFO - tree_node.f_best*ep:-12.294849395751953,left_f_best-11.089006423950195,right_f_best-12.113142013549805,i:2
2025-05-01 00:57:16,412 - INFO - tree_node.f_best*ep:-12.294849395751953,left_f_best-11.080255508422852,right_f_best-12.201824188232422,i:3
2025-05-01 00:57:36,588 - INFO - tree_node.f_best*ep:-12.294849395751953,left_f_best-11.105707168579102,right_f_best-12.01930046081543,i:4
2025-05-01 00:57:57,735 - INFO - tree_node.f_best*ep:-12.294849395751953,left_f_best-11.13829231262207,right_f_best-12.216075897216797,i:5
2025-05-01 00:58:19,821 - INFO - tree_node.f_best*ep:-12.294849395751953,left_f_best-11.202235221862793,right_f_best-12.27804183959961,i:6
2025-05-01 00:58:43,389 - INFO - tree_node.f_best*ep:-12.294849395751953,left_f_best-11.177690505981445,right_f_best-12.372943878173828,i:7
2025-05-01 01:00:09,589 - INFO - 添加左子节点，右子节点，len(queue):4
2025-05-01 01:00:09,589 - INFO - Node 1: k=434.0945031990545, f_best=-12.233014106750488, f_min=-13.91793619566306
2025-05-01 01:00:09,589 - INFO - Node 2: k=484.3054966805911, f_best=-11.049358367919922, f_min=-26.69867589698333
2025-05-01 01:00:09,589 - INFO - Node 3: k=263.9463115290864, f_best=-12.233346939086914, f_min=-14.089356583832341
2025-05-01 01:00:09,589 - INFO - Node 4: k=311.28478881344165, f_best=-11.111414909362793, f_min=-20.033825118269306
2025-05-01 01:00:09,589 - INFO - Node 5: k=138.23763701931315, f_best=-12.294849395751953, f_min=-12.94847108812337
2025-05-01 01:00:09,589 - INFO - Node 6: k=258.74552644749184, f_best=-11.177690505981445, f_min=-11.77936123771724
2025-05-01 01:00:09,589 - INFO - Node 7: k=220.6636864551876, f_best=-12.372943878173828, f_min=-12.470772142014539
2025-05-01 01:00:09,589 - INFO - cur_node_number 8,f_best -12.372943878173828,f_min -12.470772142014539,k 220.6636864551876
2025-05-01 01:00:09,589 - INFO - f_best_current -12.372943878173828,f_min -12.470772142014539
2025-05-01 01:00:09,589 - INFO - 结束,fmin= -12.470772142014539, fbestmin=-12.372943878173828
