2025-05-01 00:22:56,222 - INFO - Namespace(log_file='outputs/DNN6/img[0]/min/DNN6img0_label4.log', image_path='img[0].png', model_path='network/DNN6.pth', label=4, init_epsilon=0.05, epsilon=0.01, ep=1, min=1)
2025-05-01 00:22:56,237 - INFO - Model output max(1): torch.return_types.max(
values=tensor([24.1332], grad_fn=<MaxBackward0>),
indices=tensor([0]))
2025-05-01 00:23:06,947 - INFO - cur_node_number 1,f_best -23.60892105102539,f_min -32.74138318817859,k 1551.4271723288255
2025-05-01 00:23:06,947 - INFO - f_best_current -23.60892105102539,f_min -32.74138318817859
2025-05-01 00:23:21,893 - INFO - tree_node.f_best*ep:-23.60892105102539,left_f_best-22.294313430786133,right_f_best-23.61046028137207,i:1
2025-05-01 00:24:32,990 - INFO - 添加左子节点，右子节点，len(queue):2
2025-05-01 00:24:32,990 - INFO - Node 1: k=1551.4271723288255, f_best=-23.60892105102539, f_min=-32.74138318817859
2025-05-01 00:24:32,990 - INFO - Node 2: k=381.01661255450915, f_best=-22.294313430786133, f_min=-24.320114112075316
2025-05-01 00:24:32,990 - INFO - Node 3: k=292.47440903718393, f_best=-23.61046028137207, f_min=-23.859423392294048
2025-05-01 00:24:32,991 - INFO - cur_node_number 2,f_best -23.61046028137207,f_min -23.859423392294048,k 292.47440903718393
2025-05-01 00:24:32,991 - INFO - f_best_current -23.61046028137207,f_min -23.859423392294048
2025-05-01 00:24:47,939 - INFO - tree_node.f_best*ep:-23.61046028137207,left_f_best-22.28968620300293,right_f_best-23.66635513305664,i:1
2025-05-01 00:26:10,608 - INFO - 添加左子节点，右子节点，len(queue):3
2025-05-01 00:26:10,609 - INFO - Node 1: k=1551.4271723288255, f_best=-23.60892105102539, f_min=-32.74138318817859
2025-05-01 00:26:10,609 - INFO - Node 2: k=381.01661255450915, f_best=-22.294313430786133, f_min=-24.320114112075316
2025-05-01 00:26:10,609 - INFO - Node 3: k=292.47440903718393, f_best=-23.61046028137207, f_min=-23.859423392294048
2025-05-01 00:26:10,609 - INFO - Node 4: k=408.50138005974884, f_best=-22.28968620300293, f_min=-30.797435931563086
2025-05-01 00:26:10,609 - INFO - Node 5: k=520.0538107632232, f_best=-23.66635513305664, f_min=-25.372519913045835
2025-05-01 00:26:10,609 - INFO - cur_node_number 3,f_best -23.66635513305664,f_min -25.372519913045835,k 520.0538107632232
2025-05-01 00:26:10,609 - INFO - f_best_current -23.66635513305664,f_min -25.372519913045835
2025-05-01 00:26:10,610 - INFO - 回退,len(queue)=1
2025-05-01 00:26:25,771 - INFO - tree_node.f_best*ep:-23.61046028137207,left_f_best-22.299827575683594,right_f_best-23.684280395507812,i:1
2025-05-01 00:27:49,313 - INFO - 添加左子节点，右子节点，len(queue):3
2025-05-01 00:27:49,314 - INFO - Node 1: k=1551.4271723288255, f_best=-23.60892105102539, f_min=-32.74138318817859
2025-05-01 00:27:49,314 - INFO - Node 2: k=381.01661255450915, f_best=-22.294313430786133, f_min=-24.320114112075316
2025-05-01 00:27:49,314 - INFO - Node 3: k=520.0538107632232, f_best=-23.61046028137207, f_min=-23.859423392294048
2025-05-01 00:27:49,314 - INFO - Node 4: k=412.58639386034633, f_best=-22.299827575683594, f_min=-23.582931011740584
2025-05-01 00:27:49,314 - INFO - Node 5: k=604.7114031623809, f_best=-23.684280395507812, f_min=-35.82811779256008
2025-05-01 00:27:49,314 - INFO - cur_node_number 4,f_best -23.684280395507812,f_min -35.82811779256008,k 604.7114031623809
2025-05-01 00:27:49,314 - INFO - f_best_current -23.684280395507812,f_min -35.82811779256008
2025-05-01 00:27:49,315 - INFO - 回退,len(queue)=1
2025-05-01 00:28:04,285 - INFO - tree_node.f_best*ep:-23.61046028137207,left_f_best-22.27222442626953,right_f_best-23.632041931152344,i:1
2025-05-01 00:29:26,663 - INFO - 添加左子节点，右子节点，len(queue):3
2025-05-01 00:29:26,663 - INFO - Node 1: k=1551.4271723288255, f_best=-23.60892105102539, f_min=-32.74138318817859
2025-05-01 00:29:26,663 - INFO - Node 2: k=381.01661255450915, f_best=-22.294313430786133, f_min=-24.320114112075316
2025-05-01 00:29:26,664 - INFO - Node 3: k=604.7114031623809, f_best=-23.61046028137207, f_min=-23.859423392294048
2025-05-01 00:29:26,664 - INFO - Node 4: k=437.9687709465584, f_best=-22.27222442626953, f_min=-23.089845036556653
2025-05-01 00:29:26,664 - INFO - Node 5: k=575.3621510135365, f_best=-23.632041931152344, f_min=-25.28476561075513
2025-05-01 00:29:26,664 - INFO - cur_node_number 5,f_best -23.632041931152344,f_min -25.28476561075513,k 575.3621510135365
2025-05-01 00:29:26,664 - INFO - f_best_current -23.632041931152344,f_min -25.28476561075513
2025-05-01 00:29:41,662 - INFO - tree_node.f_best*ep:-23.632041931152344,left_f_best-22.34973907470703,right_f_best-23.600242614746094,i:1
2025-05-01 00:29:57,185 - INFO - tree_node.f_best*ep:-23.632041931152344,left_f_best-22.28506088256836,right_f_best-23.679702758789062,i:2
2025-05-01 00:31:08,978 - INFO - 添加左子节点，右子节点，len(queue):4
2025-05-01 00:31:08,979 - INFO - Node 1: k=1551.4271723288255, f_best=-23.60892105102539, f_min=-32.74138318817859
2025-05-01 00:31:08,979 - INFO - Node 2: k=381.01661255450915, f_best=-22.294313430786133, f_min=-24.320114112075316
2025-05-01 00:31:08,979 - INFO - Node 3: k=604.7114031623809, f_best=-23.61046028137207, f_min=-23.859423392294048
2025-05-01 00:31:08,979 - INFO - Node 4: k=437.9687709465584, f_best=-22.27222442626953, f_min=-23.089845036556653
2025-05-01 00:31:08,979 - INFO - Node 5: k=575.3621510135365, f_best=-23.632041931152344, f_min=-25.28476561075513
2025-05-01 00:31:08,979 - INFO - Node 6: k=297.1047307263953, f_best=-22.28506088256836, f_min=-22.410440819097857
2025-05-01 00:31:08,979 - INFO - Node 7: k=382.61761852449047, f_best=-23.679702758789062, f_min=-28.73906260680269
2025-05-01 00:31:08,980 - INFO - cur_node_number 6,f_best -23.679702758789062,f_min -28.73906260680269,k 382.61761852449047
2025-05-01 00:31:08,980 - INFO - f_best_current -23.679702758789062,f_min -28.73906260680269
2025-05-01 00:31:23,894 - INFO - tree_node.f_best*ep:-23.679702758789062,left_f_best-22.293806076049805,right_f_best-23.7609920501709,i:1
2025-05-01 00:32:32,203 - INFO - 添加左子节点，右子节点，len(queue):5
2025-05-01 00:32:32,203 - INFO - Node 1: k=1551.4271723288255, f_best=-23.60892105102539, f_min=-32.74138318817859
2025-05-01 00:32:32,204 - INFO - Node 2: k=381.01661255450915, f_best=-22.294313430786133, f_min=-24.320114112075316
2025-05-01 00:32:32,204 - INFO - Node 3: k=604.7114031623809, f_best=-23.61046028137207, f_min=-23.859423392294048
2025-05-01 00:32:32,204 - INFO - Node 4: k=437.9687709465584, f_best=-22.27222442626953, f_min=-23.089845036556653
2025-05-01 00:32:32,204 - INFO - Node 5: k=575.3621510135365, f_best=-23.632041931152344, f_min=-25.28476561075513
2025-05-01 00:32:32,204 - INFO - Node 6: k=297.1047307263953, f_best=-22.28506088256836, f_min=-22.410440819097857
2025-05-01 00:32:32,204 - INFO - Node 7: k=382.61761852449047, f_best=-23.679702758789062, f_min=-28.73906260680269
2025-05-01 00:32:32,204 - INFO - Node 8: k=291.25059379119233, f_best=-22.293806076049805, f_min=-23.380906700505875
2025-05-01 00:32:32,204 - INFO - Node 9: k=286.71150773177527, f_best=-23.7609920501709, f_min=-24.320722511552958
2025-05-01 00:32:32,205 - INFO - cur_node_number 7,f_best -23.7609920501709,f_min -24.320722511552958,k 286.71150773177527
2025-05-01 00:32:32,205 - INFO - f_best_current -23.7609920501709,f_min -24.320722511552958
2025-05-01 00:32:47,395 - INFO - tree_node.f_best*ep:-23.7609920501709,left_f_best-22.279508590698242,right_f_best-23.691638946533203,i:1
2025-05-01 00:33:02,825 - INFO - tree_node.f_best*ep:-23.7609920501709,left_f_best-22.38006591796875,right_f_best-23.744876861572266,i:2
2025-05-01 00:33:19,113 - INFO - tree_node.f_best*ep:-23.7609920501709,left_f_best-22.368755340576172,right_f_best-23.738327026367188,i:3
2025-05-01 00:33:36,124 - INFO - tree_node.f_best*ep:-23.7609920501709,left_f_best-22.454545974731445,right_f_best-23.748830795288086,i:4
2025-05-01 00:33:53,860 - INFO - tree_node.f_best*ep:-23.7609920501709,left_f_best-22.423545837402344,right_f_best-23.77545928955078,i:5
2025-05-01 00:35:13,122 - INFO - 添加左子节点，右子节点，len(queue):6
2025-05-01 00:35:13,122 - INFO - Node 1: k=1551.4271723288255, f_best=-23.60892105102539, f_min=-32.74138318817859
2025-05-01 00:35:13,122 - INFO - Node 2: k=381.01661255450915, f_best=-22.294313430786133, f_min=-24.320114112075316
2025-05-01 00:35:13,122 - INFO - Node 3: k=604.7114031623809, f_best=-23.61046028137207, f_min=-23.859423392294048
2025-05-01 00:35:13,122 - INFO - Node 4: k=437.9687709465584, f_best=-22.27222442626953, f_min=-23.089845036556653
2025-05-01 00:35:13,122 - INFO - Node 5: k=575.3621510135365, f_best=-23.632041931152344, f_min=-25.28476561075513
2025-05-01 00:35:13,122 - INFO - Node 6: k=297.1047307263953, f_best=-22.28506088256836, f_min=-22.410440819097857
2025-05-01 00:35:13,122 - INFO - Node 7: k=382.61761852449047, f_best=-23.679702758789062, f_min=-28.73906260680269
2025-05-01 00:35:13,123 - INFO - Node 8: k=291.25059379119233, f_best=-22.293806076049805, f_min=-23.380906700505875
2025-05-01 00:35:13,123 - INFO - Node 9: k=286.71150773177527, f_best=-23.7609920501709, f_min=-24.320722511552958
2025-05-01 00:35:13,123 - INFO - Node 10: k=315.3826585049527, f_best=-22.423545837402344, f_min=-23.550670549944698
2025-05-01 00:35:13,123 - INFO - Node 11: k=604.7114031623809, f_best=-23.77545928955078, f_min=-30.00957461543294
2025-05-01 00:35:13,123 - INFO - cur_node_number 8,f_best -23.77545928955078,f_min -30.00957461543294,k 604.7114031623809
2025-05-01 00:35:13,123 - INFO - f_best_current -23.77545928955078,f_min -30.00957461543294
2025-05-01 00:35:13,123 - INFO - 回退,len(queue)=4
2025-05-01 00:35:13,123 - INFO - 回退,len(queue)=3
2025-05-01 00:35:13,123 - INFO - 回退,len(queue)=2
2025-05-01 00:35:28,360 - INFO - tree_node.f_best*ep:-23.632041931152344,left_f_best-22.264251708984375,right_f_best-23.728099822998047,i:1
2025-05-01 00:36:46,938 - INFO - 添加左子节点，右子节点，len(queue):4
2025-05-01 00:36:46,938 - INFO - Node 1: k=1551.4271723288255, f_best=-23.60892105102539, f_min=-32.74138318817859
2025-05-01 00:36:46,938 - INFO - Node 2: k=381.01661255450915, f_best=-22.294313430786133, f_min=-24.320114112075316
2025-05-01 00:36:46,938 - INFO - Node 3: k=604.7114031623809, f_best=-23.61046028137207, f_min=-23.859423392294048
2025-05-01 00:36:46,938 - INFO - Node 4: k=437.9687709465584, f_best=-22.27222442626953, f_min=-23.089845036556653
2025-05-01 00:36:46,938 - INFO - Node 5: k=604.7114031623809, f_best=-23.632041931152344, f_min=-25.28476561075513
2025-05-01 00:36:46,938 - INFO - Node 6: k=446.7719432425842, f_best=-22.264251708984375, f_min=-24.71317671263205
2025-05-01 00:36:46,938 - INFO - Node 7: k=455.75205930176014, f_best=-23.728099822998047, f_min=-25.82339936128301
2025-05-01 00:36:46,939 - INFO - cur_node_number 9,f_best -23.728099822998047,f_min -25.82339936128301,k 455.75205930176014
2025-05-01 00:36:46,939 - INFO - f_best_current -23.728099822998047,f_min -25.82339936128301
2025-05-01 00:37:02,286 - INFO - tree_node.f_best*ep:-23.728099822998047,left_f_best-22.261863708496094,right_f_best-23.677820205688477,i:1
2025-05-01 00:37:18,856 - INFO - tree_node.f_best*ep:-23.728099822998047,left_f_best-22.32516860961914,right_f_best-23.701059341430664,i:2
2025-05-01 00:37:35,691 - INFO - tree_node.f_best*ep:-23.728099822998047,left_f_best-22.345569610595703,right_f_best-23.743324279785156,i:3
2025-05-01 00:38:57,636 - INFO - 添加左子节点，右子节点，len(queue):5
2025-05-01 00:38:57,636 - INFO - Node 1: k=1551.4271723288255, f_best=-23.60892105102539, f_min=-32.74138318817859
2025-05-01 00:38:57,636 - INFO - Node 2: k=381.01661255450915, f_best=-22.294313430786133, f_min=-24.320114112075316
2025-05-01 00:38:57,636 - INFO - Node 3: k=604.7114031623809, f_best=-23.61046028137207, f_min=-23.859423392294048
2025-05-01 00:38:57,636 - INFO - Node 4: k=437.9687709465584, f_best=-22.27222442626953, f_min=-23.089845036556653
2025-05-01 00:38:57,636 - INFO - Node 5: k=604.7114031623809, f_best=-23.632041931152344, f_min=-25.28476561075513
2025-05-01 00:38:57,637 - INFO - Node 6: k=446.7719432425842, f_best=-22.264251708984375, f_min=-24.71317671263205
2025-05-01 00:38:57,637 - INFO - Node 7: k=455.75205930176014, f_best=-23.728099822998047, f_min=-25.82339936128301
2025-05-01 00:38:57,637 - INFO - Node 8: k=483.7899946267204, f_best=-22.345569610595703, f_min=-22.93901349049156
2025-05-01 00:38:57,637 - INFO - Node 9: k=505.5492031325302, f_best=-23.743324279785156, f_min=-24.462544203423022
2025-05-01 00:38:57,637 - INFO - cur_node_number 10,f_best -23.743324279785156,f_min -24.462544203423022,k 505.5492031325302
2025-05-01 00:38:57,637 - INFO - f_best_current -23.743324279785156,f_min -24.462544203423022
2025-05-01 00:38:57,637 - INFO - 回退,len(queue)=3
2025-05-01 00:39:12,719 - INFO - tree_node.f_best*ep:-23.728099822998047,left_f_best-22.28965187072754,right_f_best-23.67851448059082,i:1
2025-05-01 00:39:28,559 - INFO - tree_node.f_best*ep:-23.728099822998047,left_f_best-22.321035385131836,right_f_best-23.713237762451172,i:2
2025-05-01 00:39:45,127 - INFO - tree_node.f_best*ep:-23.728099822998047,left_f_best-22.333036422729492,right_f_best-23.60757064819336,i:3
2025-05-01 00:40:02,488 - INFO - tree_node.f_best*ep:-23.728099822998047,left_f_best-22.365428924560547,right_f_best-23.740205764770508,i:4
2025-05-01 00:41:17,365 - INFO - 添加左子节点，右子节点，len(queue):5
2025-05-01 00:41:17,365 - INFO - Node 1: k=1551.4271723288255, f_best=-23.60892105102539, f_min=-32.74138318817859
2025-05-01 00:41:17,365 - INFO - Node 2: k=381.01661255450915, f_best=-22.294313430786133, f_min=-24.320114112075316
2025-05-01 00:41:17,381 - INFO - Node 3: k=604.7114031623809, f_best=-23.61046028137207, f_min=-23.859423392294048
2025-05-01 00:41:17,381 - INFO - Node 4: k=437.9687709465584, f_best=-22.27222442626953, f_min=-23.089845036556653
2025-05-01 00:41:17,381 - INFO - Node 5: k=604.7114031623809, f_best=-23.632041931152344, f_min=-25.28476561075513
2025-05-01 00:41:17,381 - INFO - Node 6: k=446.7719432425842, f_best=-22.264251708984375, f_min=-24.71317671263205
2025-05-01 00:41:17,381 - INFO - Node 7: k=505.5492031325302, f_best=-23.728099822998047, f_min=-25.82339936128301
2025-05-01 00:41:17,381 - INFO - Node 8: k=425.08817418070873, f_best=-22.365428924560547, f_min=-22.715133544814307
2025-05-01 00:41:17,381 - INFO - Node 9: k=209.73044804653583, f_best=-23.740205764770508, f_min=-24.14796628890781
2025-05-01 00:41:17,381 - INFO - cur_node_number 11,f_best -23.740205764770508,f_min -24.14796628890781,k 209.73044804653583
2025-05-01 00:41:17,381 - INFO - f_best_current -23.740205764770508,f_min -24.14796628890781
2025-05-01 00:41:34,869 - INFO - tree_node.f_best*ep:-23.740205764770508,left_f_best-22.298892974853516,right_f_best-23.614898681640625,i:1
2025-05-01 00:41:53,018 - INFO - tree_node.f_best*ep:-23.740205764770508,left_f_best-22.370342254638672,right_f_best-23.687969207763672,i:2
2025-05-01 00:42:12,096 - INFO - tree_node.f_best*ep:-23.740205764770508,left_f_best-22.415790557861328,right_f_best-23.64555549621582,i:3
2025-05-01 00:42:32,212 - INFO - tree_node.f_best*ep:-23.740205764770508,left_f_best-22.398468017578125,right_f_best-23.744457244873047,i:4
2025-05-01 00:44:03,909 - INFO - 添加左子节点，右子节点，len(queue):6
2025-05-01 00:44:03,909 - INFO - Node 1: k=1551.4271723288255, f_best=-23.60892105102539, f_min=-32.74138318817859
2025-05-01 00:44:03,909 - INFO - Node 2: k=381.01661255450915, f_best=-22.294313430786133, f_min=-24.320114112075316
2025-05-01 00:44:03,909 - INFO - Node 3: k=604.7114031623809, f_best=-23.61046028137207, f_min=-23.859423392294048
2025-05-01 00:44:03,909 - INFO - Node 4: k=437.9687709465584, f_best=-22.27222442626953, f_min=-23.089845036556653
2025-05-01 00:44:03,909 - INFO - Node 5: k=604.7114031623809, f_best=-23.632041931152344, f_min=-25.28476561075513
2025-05-01 00:44:03,909 - INFO - Node 6: k=446.7719432425842, f_best=-22.264251708984375, f_min=-24.71317671263205
2025-05-01 00:44:03,909 - INFO - Node 7: k=505.5492031325302, f_best=-23.728099822998047, f_min=-25.82339936128301
2025-05-01 00:44:03,909 - INFO - Node 8: k=425.08817418070873, f_best=-22.365428924560547, f_min=-22.715133544814307
2025-05-01 00:44:03,909 - INFO - Node 9: k=209.73044804653583, f_best=-23.740205764770508, f_min=-24.14796628890781
2025-05-01 00:44:03,909 - INFO - Node 10: k=351.8624491811328, f_best=-22.398468017578125, f_min=-25.47668019777666
2025-05-01 00:44:03,909 - INFO - Node 11: k=569.6654960530064, f_best=-23.744457244873047, f_min=-24.020984795992263
2025-05-01 00:44:03,909 - INFO - cur_node_number 12,f_best -23.744457244873047,f_min -24.020984795992263,k 569.6654960530064
2025-05-01 00:44:03,909 - INFO - f_best_current -23.744457244873047,f_min -24.020984795992263
2025-05-01 00:44:03,909 - INFO - 回退,len(queue)=4
2025-05-01 00:44:03,909 - INFO - 回退,len(queue)=3
2025-05-01 00:44:21,519 - INFO - tree_node.f_best*ep:-23.728099822998047,left_f_best-22.286434173583984,right_f_best-23.67368507385254,i:1
2025-05-01 00:44:39,806 - INFO - tree_node.f_best*ep:-23.728099822998047,left_f_best-22.258256912231445,right_f_best-23.747446060180664,i:2
2025-05-01 00:46:09,842 - INFO - 添加左子节点，右子节点，len(queue):5
2025-05-01 00:46:09,842 - INFO - Node 1: k=1551.4271723288255, f_best=-23.60892105102539, f_min=-32.74138318817859
2025-05-01 00:46:09,842 - INFO - Node 2: k=381.01661255450915, f_best=-22.294313430786133, f_min=-24.320114112075316
2025-05-01 00:46:09,842 - INFO - Node 3: k=604.7114031623809, f_best=-23.61046028137207, f_min=-23.859423392294048
2025-05-01 00:46:09,842 - INFO - Node 4: k=437.9687709465584, f_best=-22.27222442626953, f_min=-23.089845036556653
2025-05-01 00:46:09,842 - INFO - Node 5: k=604.7114031623809, f_best=-23.632041931152344, f_min=-25.28476561075513
2025-05-01 00:46:09,842 - INFO - Node 6: k=446.7719432425842, f_best=-22.264251708984375, f_min=-24.71317671263205
2025-05-01 00:46:09,842 - INFO - Node 7: k=569.6654960530064, f_best=-23.728099822998047, f_min=-25.82339936128301
2025-05-01 00:46:09,842 - INFO - Node 8: k=498.4493152539047, f_best=-22.258256912231445, f_min=-25.513353636364627
2025-05-01 00:46:09,842 - INFO - Node 9: k=394.21131498340105, f_best=-23.747446060180664, f_min=-23.853048456405304
2025-05-01 00:46:09,842 - INFO - cur_node_number 13,f_best -23.747446060180664,f_min -23.853048456405304,k 394.21131498340105
2025-05-01 00:46:09,842 - INFO - f_best_current -23.747446060180664,f_min -23.853048456405304
2025-05-01 00:46:09,842 - INFO - 结束,fmin= -23.853048456405304, fbestmin=-23.747446060180664
