2025-04-30 23:37:34,319 - INFO - Namespace(log_file='outputs/DNN6/img[0]/min/DNN6img0_label2.log', image_path='img[0].png', model_path='network/DNN6.pth', label=2, init_epsilon=0.05, epsilon=0.01, ep=1, min=1)
2025-04-30 23:37:34,335 - INFO - Model output max(1): torch.return_types.max(
values=tensor([24.1332], grad_fn=<MaxBackward0>),
indices=tensor([0]))
2025-04-30 23:37:45,774 - INFO - cur_node_number 1,f_best -17.787904739379883,f_min -21.204252352094045,k 1303.629776748527
2025-04-30 23:37:45,774 - INFO - f_best_current -17.787904739379883,f_min -21.204252352094045
2025-04-30 23:38:02,538 - INFO - tree_node.f_best*ep:-17.787904739379883,left_f_best-15.696788787841797,right_f_best-17.871366500854492,i:1
2025-04-30 23:39:38,323 - INFO - 添加左子节点，右子节点，len(queue):2
2025-04-30 23:39:38,323 - INFO - Node 1: k=1303.629776748527, f_best=-17.787904739379883, f_min=-21.204252352094045
2025-04-30 23:39:38,323 - INFO - Node 2: k=758.2247752465518, f_best=-15.696788787841797, f_min=-21.7723790314667
2025-04-30 23:39:38,323 - INFO - Node 3: k=593.7241017822573, f_best=-17.871366500854492, f_min=-19.08519521981725
2025-04-30 23:39:38,323 - INFO - cur_node_number 2,f_best -17.871366500854492,f_min -19.08519521981725,k 593.7241017822573
2025-04-30 23:39:38,323 - INFO - f_best_current -17.871366500854492,f_min -19.08519521981725
2025-04-30 23:39:55,219 - INFO - tree_node.f_best*ep:-17.871366500854492,left_f_best-15.849425315856934,right_f_best-17.922712326049805,i:1
2025-04-30 23:41:21,198 - INFO - 添加左子节点，右子节点，len(queue):3
2025-04-30 23:41:21,198 - INFO - Node 1: k=1303.629776748527, f_best=-17.787904739379883, f_min=-21.204252352094045
2025-04-30 23:41:21,198 - INFO - Node 2: k=758.2247752465518, f_best=-15.696788787841797, f_min=-21.7723790314667
2025-04-30 23:41:21,199 - INFO - Node 3: k=593.7241017822573, f_best=-17.871366500854492, f_min=-19.08519521981725
2025-04-30 23:41:21,199 - INFO - Node 4: k=640.2279305563014, f_best=-15.849425315856934, f_min=-26.334818670344248
2025-04-30 23:41:21,199 - INFO - Node 5: k=406.79206737638816, f_best=-17.922712326049805, f_min=-19.31976431937983
2025-04-30 23:41:21,199 - INFO - cur_node_number 3,f_best -17.922712326049805,f_min -19.31976431937983,k 406.79206737638816
2025-04-30 23:41:21,199 - INFO - f_best_current -17.922712326049805,f_min -19.31976431937983
2025-04-30 23:41:37,920 - INFO - tree_node.f_best*ep:-17.922712326049805,left_f_best-15.755511283874512,right_f_best-17.866621017456055,i:1
2025-04-30 23:41:55,339 - INFO - tree_node.f_best*ep:-17.922712326049805,left_f_best-15.922112464904785,right_f_best-17.93912696838379,i:2
2025-04-30 23:43:27,637 - INFO - 添加左子节点，右子节点，len(queue):4
2025-04-30 23:43:27,637 - INFO - Node 1: k=1303.629776748527, f_best=-17.787904739379883, f_min=-21.204252352094045
2025-04-30 23:43:27,637 - INFO - Node 2: k=758.2247752465518, f_best=-15.696788787841797, f_min=-21.7723790314667
2025-04-30 23:43:27,637 - INFO - Node 3: k=593.7241017822573, f_best=-17.871366500854492, f_min=-19.08519521981725
2025-04-30 23:43:27,638 - INFO - Node 4: k=640.2279305563014, f_best=-15.849425315856934, f_min=-26.334818670344248
2025-04-30 23:43:27,638 - INFO - Node 5: k=406.79206737638816, f_best=-17.922712326049805, f_min=-19.31976431937983
2025-04-30 23:43:27,638 - INFO - Node 6: k=609.1549081717972, f_best=-15.922112464904785, f_min=-17.59500277389452
2025-04-30 23:43:27,638 - INFO - Node 7: k=518.6883562349674, f_best=-17.93912696838379, f_min=-24.743272891286324
2025-04-30 23:43:27,638 - INFO - cur_node_number 4,f_best -17.93912696838379,f_min -24.743272891286324,k 518.6883562349674
2025-04-30 23:43:27,638 - INFO - f_best_current -17.93912696838379,f_min -24.743272891286324
2025-04-30 23:43:27,638 - INFO - 回退,len(queue)=2
2025-04-30 23:43:44,849 - INFO - tree_node.f_best*ep:-17.922712326049805,left_f_best-15.772648811340332,right_f_best-17.744348526000977,i:1
2025-04-30 23:44:02,550 - INFO - tree_node.f_best*ep:-17.922712326049805,left_f_best-15.882625579833984,right_f_best-17.77796745300293,i:2
2025-04-30 23:44:20,907 - INFO - tree_node.f_best*ep:-17.922712326049805,left_f_best-15.952004432678223,right_f_best-18.049867630004883,i:3
2025-04-30 23:45:42,578 - INFO - 添加左子节点，右子节点，len(queue):4
2025-04-30 23:45:42,578 - INFO - Node 1: k=1303.629776748527, f_best=-17.787904739379883, f_min=-21.204252352094045
2025-04-30 23:45:42,578 - INFO - Node 2: k=758.2247752465518, f_best=-15.696788787841797, f_min=-21.7723790314667
2025-04-30 23:45:42,578 - INFO - Node 3: k=593.7241017822573, f_best=-17.871366500854492, f_min=-19.08519521981725
2025-04-30 23:45:42,578 - INFO - Node 4: k=640.2279305563014, f_best=-15.849425315856934, f_min=-26.334818670344248
2025-04-30 23:45:42,579 - INFO - Node 5: k=518.6883562349674, f_best=-17.922712326049805, f_min=-19.31976431937983
2025-04-30 23:45:42,579 - INFO - Node 6: k=413.23221418708795, f_best=-15.952004432678223, f_min=-16.048306443726688
2025-04-30 23:45:42,579 - INFO - Node 7: k=476.99569112991514, f_best=-18.049867630004883, f_min=-20.550463960138586
2025-04-30 23:45:42,579 - INFO - cur_node_number 5,f_best -18.049867630004883,f_min -20.550463960138586,k 476.99569112991514
2025-04-30 23:45:42,579 - INFO - f_best_current -18.049867630004883,f_min -20.550463960138586
2025-04-30 23:45:59,041 - INFO - tree_node.f_best*ep:-18.049867630004883,left_f_best-15.381622314453125,right_f_best-17.793376922607422,i:1
2025-04-30 23:46:16,993 - INFO - tree_node.f_best*ep:-18.049867630004883,left_f_best-15.871709823608398,right_f_best-17.99568748474121,i:2
2025-04-30 23:46:35,829 - INFO - tree_node.f_best*ep:-18.049867630004883,left_f_best-15.963906288146973,right_f_best-18.017452239990234,i:3
2025-04-30 23:46:55,439 - INFO - tree_node.f_best*ep:-18.049867630004883,left_f_best-15.742632865905762,right_f_best-17.83594512939453,i:4
2025-04-30 23:47:15,272 - INFO - tree_node.f_best*ep:-18.049867630004883,left_f_best-15.938675880432129,right_f_best-17.966726303100586,i:5
2025-04-30 23:47:35,849 - INFO - tree_node.f_best*ep:-18.049867630004883,left_f_best-16.011613845825195,right_f_best-18.128883361816406,i:6
2025-04-30 23:48:59,728 - INFO - 添加左子节点，右子节点，len(queue):5
2025-04-30 23:48:59,728 - INFO - Node 1: k=1303.629776748527, f_best=-17.787904739379883, f_min=-21.204252352094045
2025-04-30 23:48:59,728 - INFO - Node 2: k=758.2247752465518, f_best=-15.696788787841797, f_min=-21.7723790314667
2025-04-30 23:48:59,728 - INFO - Node 3: k=593.7241017822573, f_best=-17.871366500854492, f_min=-19.08519521981725
2025-04-30 23:48:59,728 - INFO - Node 4: k=640.2279305563014, f_best=-15.849425315856934, f_min=-26.334818670344248
2025-04-30 23:48:59,728 - INFO - Node 5: k=518.6883562349674, f_best=-17.922712326049805, f_min=-19.31976431937983
2025-04-30 23:48:59,728 - INFO - Node 6: k=413.23221418708795, f_best=-15.952004432678223, f_min=-16.048306443726688
2025-04-30 23:48:59,728 - INFO - Node 7: k=476.99569112991514, f_best=-18.049867630004883, f_min=-20.550463960138586
2025-04-30 23:48:59,728 - INFO - Node 8: k=679.6148492630916, f_best=-16.011613845825195, f_min=-18.28195579687963
2025-04-30 23:48:59,729 - INFO - Node 9: k=326.8152037990349, f_best=-18.128883361816406, f_min=-19.37433126808537
2025-04-30 23:48:59,729 - INFO - cur_node_number 6,f_best -18.128883361816406,f_min -19.37433126808537,k 326.8152037990349
2025-04-30 23:48:59,729 - INFO - f_best_current -18.128883361816406,f_min -19.37433126808537
2025-04-30 23:49:15,185 - INFO - tree_node.f_best*ep:-18.128883361816406,left_f_best-15.655363082885742,right_f_best-17.757171630859375,i:1
2025-04-30 23:49:30,772 - INFO - tree_node.f_best*ep:-18.128883361816406,left_f_best-15.962409019470215,right_f_best-17.982742309570312,i:2
2025-04-30 23:49:47,211 - INFO - tree_node.f_best*ep:-18.128883361816406,left_f_best-15.90601921081543,right_f_best-17.99272346496582,i:3
2025-04-30 23:50:04,438 - INFO - tree_node.f_best*ep:-18.128883361816406,left_f_best-15.925025939941406,right_f_best-18.013349533081055,i:4
2025-04-30 23:50:22,130 - INFO - tree_node.f_best*ep:-18.128883361816406,left_f_best-16.01249885559082,right_f_best-18.122961044311523,i:5
2025-04-30 23:50:40,471 - INFO - tree_node.f_best*ep:-18.128883361816406,left_f_best-16.03888702392578,right_f_best-17.997703552246094,i:6
2025-04-30 23:50:59,522 - INFO - tree_node.f_best*ep:-18.128883361816406,left_f_best-16.054548263549805,right_f_best-18.13297462463379,i:7
2025-04-30 23:52:20,567 - INFO - 添加左子节点，右子节点，len(queue):6
2025-04-30 23:52:20,567 - INFO - Node 1: k=1303.629776748527, f_best=-17.787904739379883, f_min=-21.204252352094045
2025-04-30 23:52:20,567 - INFO - Node 2: k=758.2247752465518, f_best=-15.696788787841797, f_min=-21.7723790314667
2025-04-30 23:52:20,568 - INFO - Node 3: k=593.7241017822573, f_best=-17.871366500854492, f_min=-19.08519521981725
2025-04-30 23:52:20,568 - INFO - Node 4: k=640.2279305563014, f_best=-15.849425315856934, f_min=-26.334818670344248
2025-04-30 23:52:20,568 - INFO - Node 5: k=518.6883562349674, f_best=-17.922712326049805, f_min=-19.31976431937983
2025-04-30 23:52:20,568 - INFO - Node 6: k=413.23221418708795, f_best=-15.952004432678223, f_min=-16.048306443726688
2025-04-30 23:52:20,568 - INFO - Node 7: k=476.99569112991514, f_best=-18.049867630004883, f_min=-20.550463960138586
2025-04-30 23:52:20,568 - INFO - Node 8: k=679.6148492630916, f_best=-16.011613845825195, f_min=-18.28195579687963
2025-04-30 23:52:20,568 - INFO - Node 9: k=326.8152037990349, f_best=-18.128883361816406, f_min=-19.37433126808537
2025-04-30 23:52:20,568 - INFO - Node 10: k=728.6391057118371, f_best=-16.054548263549805, f_min=-22.292622625209333
2025-04-30 23:52:20,568 - INFO - Node 11: k=453.84503324638104, f_best=-18.13297462463379, f_min=-19.597835731903615
2025-04-30 23:52:20,568 - INFO - cur_node_number 7,f_best -18.13297462463379,f_min -19.597835731903615,k 453.84503324638104
2025-04-30 23:52:20,569 - INFO - f_best_current -18.13297462463379,f_min -19.597835731903615
2025-04-30 23:52:20,569 - INFO - 回退,len(queue)=4
2025-04-30 23:52:35,520 - INFO - tree_node.f_best*ep:-18.128883361816406,left_f_best-15.659688949584961,right_f_best-17.751691818237305,i:1
2025-04-30 23:52:50,778 - INFO - tree_node.f_best*ep:-18.128883361816406,left_f_best-15.758885383605957,right_f_best-17.9298038482666,i:2
2025-04-30 23:53:06,716 - INFO - tree_node.f_best*ep:-18.128883361816406,left_f_best-15.863540649414062,right_f_best-18.01878547668457,i:3
2025-04-30 23:53:23,541 - INFO - tree_node.f_best*ep:-18.128883361816406,left_f_best-15.882926940917969,right_f_best-17.78862953186035,i:4
2025-04-30 23:53:41,115 - INFO - tree_node.f_best*ep:-18.128883361816406,left_f_best-15.989214897155762,right_f_best-18.0004825592041,i:5
2025-04-30 23:53:59,595 - INFO - tree_node.f_best*ep:-18.128883361816406,left_f_best-16.00285530090332,right_f_best-18.09282112121582,i:6
2025-04-30 23:54:19,326 - INFO - tree_node.f_best*ep:-18.128883361816406,left_f_best-15.88240909576416,right_f_best-18.006380081176758,i:7
2025-04-30 23:54:39,855 - INFO - tree_node.f_best*ep:-18.128883361816406,left_f_best-16.048643112182617,right_f_best-18.146909713745117,i:8
2025-04-30 23:55:56,150 - INFO - 添加左子节点，右子节点，len(queue):6
2025-04-30 23:55:56,151 - INFO - Node 1: k=1303.629776748527, f_best=-17.787904739379883, f_min=-21.204252352094045
2025-04-30 23:55:56,151 - INFO - Node 2: k=758.2247752465518, f_best=-15.696788787841797, f_min=-21.7723790314667
2025-04-30 23:55:56,151 - INFO - Node 3: k=593.7241017822573, f_best=-17.871366500854492, f_min=-19.08519521981725
2025-04-30 23:55:56,151 - INFO - Node 4: k=640.2279305563014, f_best=-15.849425315856934, f_min=-26.334818670344248
2025-04-30 23:55:56,151 - INFO - Node 5: k=518.6883562349674, f_best=-17.922712326049805, f_min=-19.31976431937983
2025-04-30 23:55:56,151 - INFO - Node 6: k=413.23221418708795, f_best=-15.952004432678223, f_min=-16.048306443726688
2025-04-30 23:55:56,151 - INFO - Node 7: k=476.99569112991514, f_best=-18.049867630004883, f_min=-20.550463960138586
2025-04-30 23:55:56,151 - INFO - Node 8: k=679.6148492630916, f_best=-16.011613845825195, f_min=-18.28195579687963
2025-04-30 23:55:56,151 - INFO - Node 9: k=453.84503324638104, f_best=-18.128883361816406, f_min=-19.37433126808537
2025-04-30 23:55:56,152 - INFO - Node 10: k=509.26405025609694, f_best=-16.048643112182617, f_min=-17.333751564445265
2025-04-30 23:55:56,152 - INFO - Node 11: k=412.58639386034633, f_best=-18.146909713745117, f_min=-18.347940368974378
2025-04-30 23:55:56,152 - INFO - cur_node_number 8,f_best -18.146909713745117,f_min -18.347940368974378,k 412.58639386034633
2025-04-30 23:55:56,152 - INFO - f_best_current -18.146909713745117,f_min -18.347940368974378
2025-04-30 23:56:11,067 - INFO - tree_node.f_best*ep:-18.146909713745117,left_f_best-15.80553150177002,right_f_best-17.860214233398438,i:1
2025-04-30 23:56:26,534 - INFO - tree_node.f_best*ep:-18.146909713745117,left_f_best-15.86071491241455,right_f_best-17.870922088623047,i:2
2025-04-30 23:56:42,768 - INFO - tree_node.f_best*ep:-18.146909713745117,left_f_best-15.933093070983887,right_f_best-17.87741470336914,i:3
2025-04-30 23:56:59,977 - INFO - tree_node.f_best*ep:-18.146909713745117,left_f_best-15.99754810333252,right_f_best-17.868011474609375,i:4
2025-04-30 23:57:18,043 - INFO - tree_node.f_best*ep:-18.146909713745117,left_f_best-15.989678382873535,right_f_best-18.004079818725586,i:5
2025-04-30 23:57:36,685 - INFO - tree_node.f_best*ep:-18.146909713745117,left_f_best-15.98932933807373,right_f_best-18.10870933532715,i:6
2025-04-30 23:57:56,377 - INFO - tree_node.f_best*ep:-18.146909713745117,left_f_best-16.00147819519043,right_f_best-18.1502685546875,i:7
2025-04-30 23:59:16,999 - INFO - 添加左子节点，右子节点，len(queue):7
2025-04-30 23:59:16,999 - INFO - Node 1: k=1303.629776748527, f_best=-17.787904739379883, f_min=-21.204252352094045
2025-04-30 23:59:16,999 - INFO - Node 2: k=758.2247752465518, f_best=-15.696788787841797, f_min=-21.7723790314667
2025-04-30 23:59:17,000 - INFO - Node 3: k=593.7241017822573, f_best=-17.871366500854492, f_min=-19.08519521981725
2025-04-30 23:59:17,000 - INFO - Node 4: k=640.2279305563014, f_best=-15.849425315856934, f_min=-26.334818670344248
2025-04-30 23:59:17,000 - INFO - Node 5: k=518.6883562349674, f_best=-17.922712326049805, f_min=-19.31976431937983
2025-04-30 23:59:17,000 - INFO - Node 6: k=413.23221418708795, f_best=-15.952004432678223, f_min=-16.048306443726688
2025-04-30 23:59:17,000 - INFO - Node 7: k=476.99569112991514, f_best=-18.049867630004883, f_min=-20.550463960138586
2025-04-30 23:59:17,000 - INFO - Node 8: k=679.6148492630916, f_best=-16.011613845825195, f_min=-18.28195579687963
2025-04-30 23:59:17,000 - INFO - Node 9: k=453.84503324638104, f_best=-18.128883361816406, f_min=-19.37433126808537
2025-04-30 23:59:17,000 - INFO - Node 10: k=509.26405025609694, f_best=-16.048643112182617, f_min=-17.333751564445265
2025-04-30 23:59:17,001 - INFO - Node 11: k=412.58639386034633, f_best=-18.146909713745117, f_min=-18.347940368974378
2025-04-30 23:59:17,001 - INFO - Node 12: k=611.7145357903615, f_best=-16.00147819519043, f_min=-20.4253771306212
2025-04-30 23:59:17,001 - INFO - Node 13: k=491.44913756684275, f_best=-18.1502685546875, f_min=-18.715984023805504
2025-04-30 23:59:17,001 - INFO - cur_node_number 9,f_best -18.1502685546875,f_min -18.715984023805504,k 491.44913756684275
2025-04-30 23:59:17,001 - INFO - f_best_current -18.1502685546875,f_min -18.715984023805504
2025-04-30 23:59:17,001 - INFO - 回退,len(queue)=5
2025-04-30 23:59:17,001 - INFO - 回退,len(queue)=4
2025-04-30 23:59:17,001 - INFO - 回退,len(queue)=3
2025-04-30 23:59:31,990 - INFO - tree_node.f_best*ep:-18.049867630004883,left_f_best-15.846149444580078,right_f_best-17.989797592163086,i:1
2025-04-30 23:59:47,610 - INFO - tree_node.f_best*ep:-18.049867630004883,left_f_best-15.838810920715332,right_f_best-18.04692268371582,i:2
2025-05-01 00:00:04,021 - INFO - tree_node.f_best*ep:-18.049867630004883,left_f_best-15.9858980178833,right_f_best-17.91500473022461,i:3
2025-05-01 00:00:21,204 - INFO - tree_node.f_best*ep:-18.049867630004883,left_f_best-15.98897647857666,right_f_best-17.848108291625977,i:4
2025-05-01 00:00:39,303 - INFO - tree_node.f_best*ep:-18.049867630004883,left_f_best-15.994170188903809,right_f_best-17.919370651245117,i:5
2025-05-01 00:00:57,845 - INFO - tree_node.f_best*ep:-18.049867630004883,left_f_best-16.007200241088867,right_f_best-18.13676643371582,i:6
2025-05-01 00:02:05,594 - INFO - 添加左子节点，右子节点，len(queue):5
2025-05-01 00:02:05,594 - INFO - Node 1: k=1303.629776748527, f_best=-17.787904739379883, f_min=-21.204252352094045
2025-05-01 00:02:05,594 - INFO - Node 2: k=758.2247752465518, f_best=-15.696788787841797, f_min=-21.7723790314667
2025-05-01 00:02:05,594 - INFO - Node 3: k=593.7241017822573, f_best=-17.871366500854492, f_min=-19.08519521981725
2025-05-01 00:02:05,594 - INFO - Node 4: k=640.2279305563014, f_best=-15.849425315856934, f_min=-26.334818670344248
2025-05-01 00:02:05,594 - INFO - Node 5: k=518.6883562349674, f_best=-17.922712326049805, f_min=-19.31976431937983
2025-05-01 00:02:05,594 - INFO - Node 6: k=413.23221418708795, f_best=-15.952004432678223, f_min=-16.048306443726688
2025-05-01 00:02:05,594 - INFO - Node 7: k=491.44913756684275, f_best=-18.049867630004883, f_min=-20.550463960138586
2025-05-01 00:02:05,595 - INFO - Node 8: k=205.9197515238232, f_best=-16.007200241088867, f_min=-17.55409350023183
2025-05-01 00:02:05,595 - INFO - Node 9: k=599.6613428000799, f_best=-18.13676643371582, f_min=-23.46203297250031
2025-05-01 00:02:05,595 - INFO - cur_node_number 10,f_best -18.13676643371582,f_min -23.46203297250031,k 599.6613428000799
2025-05-01 00:02:05,595 - INFO - f_best_current -18.13676643371582,f_min -23.46203297250031
2025-05-01 00:02:05,595 - INFO - 回退,len(queue)=3
2025-05-01 00:02:05,595 - INFO - 回退,len(queue)=2
2025-05-01 00:02:05,595 - INFO - 回退,len(queue)=1
2025-05-01 00:02:20,755 - INFO - tree_node.f_best*ep:-17.871366500854492,left_f_best-15.74783992767334,right_f_best-17.8873348236084,i:1
2025-05-01 00:03:33,564 - INFO - 添加左子节点，右子节点，len(queue):3
2025-05-01 00:03:33,564 - INFO - Node 1: k=1303.629776748527, f_best=-17.787904739379883, f_min=-21.204252352094045
2025-05-01 00:03:33,565 - INFO - Node 2: k=758.2247752465518, f_best=-15.696788787841797, f_min=-21.7723790314667
2025-05-01 00:03:33,565 - INFO - Node 3: k=599.6613428000799, f_best=-17.871366500854492, f_min=-19.08519521981725
2025-05-01 00:03:33,565 - INFO - Node 4: k=564.9081107509547, f_best=-15.74783992767334, f_min=-18.396969118777633
2025-05-01 00:03:33,565 - INFO - Node 5: k=290.0318994163268, f_best=-17.8873348236084, f_min=-18.03624137875886
2025-05-01 00:03:33,565 - INFO - cur_node_number 11,f_best -17.8873348236084,f_min -18.03624137875886,k 290.0318994163268
2025-05-01 00:03:33,565 - INFO - f_best_current -17.8873348236084,f_min -18.03624137875886
2025-05-01 00:03:33,565 - INFO - 结束,fmin= -18.03624137875886, fbestmin=-17.8873348236084
