2025-05-06 14:49:11,820 - INFO - Namespace(log_file='outputsconfidence/DNN2/img[0]/min/DNN2img0_label0.log', image_path='img[0].png', model_path='network/DNN2.pth', label=0, init_epsilon=0.05, epsilon=0.01, ep=1, min=1)
2025-05-06 14:49:11,820 - INFO - Model output: 22.2606201171875
2025-05-06 14:49:21,569 - INFO - cur_node_number 1,f_best 14.825455665588379,f_min 3.286200230533723,k 1513.2790537747267
2025-05-06 14:49:21,569 - INFO - f_best_current 14.825455665588379,f_min 3.286200230533723
2025-05-06 14:49:37,819 - INFO - tree_node.f_best:14.825455665588379,left_f_best15.792425155639648,right_f_best14.867069244384766,i:1
2025-05-06 14:49:54,662 - INFO - tree_node.f_best:14.825455665588379,left_f_best15.60108470916748,right_f_best14.828682899475098,i:2
2025-05-06 14:50:12,153 - INFO - tree_node.f_best:14.825455665588379,left_f_best15.755207061767578,right_f_best14.900713920593262,i:3
2025-05-06 14:50:30,672 - INFO - tree_node.f_best:14.825455665588379,left_f_best15.65331745147705,right_f_best14.798975944519043,i:4
2025-05-06 14:50:37,172 - INFO - 添加左子节点，右子节点，len(queue):2
2025-05-06 14:50:37,172 - INFO - Node 1: k=1513.2790537747267, f_best=14.825455665588379, f_min=3.286200230533723
2025-05-06 14:50:37,172 - INFO - Node 2: k=368.4227838451175, f_best=15.65331745147705, f_min=13.646498434578461
2025-05-06 14:50:37,172 - INFO - Node 3: k=1051.1531995000591, f_best=14.798975944519043, f_min=1.7770428457515663
2025-05-06 14:50:37,172 - INFO - cur_node_number 2,f_best 14.798975944519043,f_min 1.7770428457515663,k 1051.1531995000591
2025-05-06 14:50:37,172 - INFO - f_best_current 14.798975944519043,f_min 1.7770428457515663
2025-05-06 14:50:53,649 - INFO - tree_node.f_best:14.798975944519043,left_f_best15.73788833618164,right_f_best14.874518394470215,i:1
2025-05-06 14:51:10,440 - INFO - tree_node.f_best:14.798975944519043,left_f_best15.633218765258789,right_f_best14.851895332336426,i:2
2025-05-06 14:51:28,426 - INFO - tree_node.f_best:14.798975944519043,left_f_best15.572778701782227,right_f_best14.810802459716797,i:3
2025-05-06 14:51:46,880 - INFO - tree_node.f_best:14.798975944519043,left_f_best15.712056159973145,right_f_best14.80033016204834,i:4
2025-05-06 14:52:05,971 - INFO - tree_node.f_best:14.798975944519043,left_f_best15.672475814819336,right_f_best14.870258331298828,i:5
2025-05-06 14:52:25,559 - INFO - tree_node.f_best:14.798975944519043,left_f_best15.56053638458252,right_f_best14.846033096313477,i:6
2025-05-06 14:52:46,400 - INFO - tree_node.f_best:14.798975944519043,left_f_best15.64551067352295,right_f_best14.769427299499512,i:7
2025-05-06 14:52:52,939 - INFO - 添加左子节点，右子节点，len(queue):3
2025-05-06 14:52:52,939 - INFO - Node 1: k=1513.2790537747267, f_best=14.825455665588379, f_min=3.286200230533723
2025-05-06 14:52:52,939 - INFO - Node 2: k=368.4227838451175, f_best=15.65331745147705, f_min=13.646498434578461
2025-05-06 14:52:52,939 - INFO - Node 3: k=1051.1531995000591, f_best=14.798975944519043, f_min=1.7770428457515663
2025-05-06 14:52:52,939 - INFO - Node 4: k=652.6834353714405, f_best=15.64551067352295, f_min=14.238289077366062
2025-05-06 14:52:52,939 - INFO - Node 5: k=652.6834353714405, f_best=14.769427299499512, f_min=9.73787943842035
2025-05-06 14:52:52,939 - INFO - cur_node_number 3,f_best 14.769427299499512,f_min 9.73787943842035,k 652.6834353714405
2025-05-06 14:52:52,939 - INFO - f_best_current 14.769427299499512,f_min 9.73787943842035
2025-05-06 14:53:09,107 - INFO - tree_node.f_best:14.769427299499512,left_f_best15.685503005981445,right_f_best14.897714614868164,i:1
2025-05-06 14:53:26,098 - INFO - tree_node.f_best:14.769427299499512,left_f_best15.623926162719727,right_f_best14.883548736572266,i:2
2025-05-06 14:53:43,727 - INFO - tree_node.f_best:14.769427299499512,left_f_best15.697511672973633,right_f_best14.819835662841797,i:3
2025-05-06 14:54:02,327 - INFO - tree_node.f_best:14.769427299499512,left_f_best15.602675437927246,right_f_best14.803756713867188,i:4
2025-05-06 14:54:21,442 - INFO - tree_node.f_best:14.769427299499512,left_f_best15.615735054016113,right_f_best14.795195579528809,i:5
2025-05-06 14:54:41,499 - INFO - tree_node.f_best:14.769427299499512,left_f_best15.646178245544434,right_f_best14.761212348937988,i:6
2025-05-06 14:54:46,880 - INFO - 添加左子节点，右子节点，len(queue):4
2025-05-06 14:54:46,880 - INFO - Node 1: k=1513.2790537747267, f_best=14.825455665588379, f_min=3.286200230533723
2025-05-06 14:54:46,880 - INFO - Node 2: k=368.4227838451175, f_best=15.65331745147705, f_min=13.646498434578461
2025-05-06 14:54:46,880 - INFO - Node 3: k=1051.1531995000591, f_best=14.798975944519043, f_min=1.7770428457515663
2025-05-06 14:54:46,880 - INFO - Node 4: k=652.6834353714405, f_best=15.64551067352295, f_min=14.238289077366062
2025-05-06 14:54:46,880 - INFO - Node 5: k=652.6834353714405, f_best=14.769427299499512, f_min=9.73787943842035
2025-05-06 14:54:46,880 - INFO - Node 6: k=368.4227838451175, f_best=15.646178245544434, f_min=12.135128048654224
2025-05-06 14:54:46,880 - INFO - Node 7: k=251.6377186292722, f_best=14.761212348937988, f_min=8.26562132311301
2025-05-06 14:54:46,880 - INFO - cur_node_number 4,f_best 14.761212348937988,f_min 8.26562132311301,k 251.6377186292722
2025-05-06 14:54:46,880 - INFO - f_best_current 14.761212348937988,f_min 8.26562132311301
2025-05-06 14:55:03,190 - INFO - tree_node.f_best:14.761212348937988,left_f_best15.709015846252441,right_f_best14.855319023132324,i:1
2025-05-06 14:55:20,113 - INFO - tree_node.f_best:14.761212348937988,left_f_best15.677617073059082,right_f_best14.918534278869629,i:2
2025-05-06 14:55:37,668 - INFO - tree_node.f_best:14.761212348937988,left_f_best15.650924682617188,right_f_best14.883849143981934,i:3
2025-05-06 14:55:56,087 - INFO - tree_node.f_best:14.761212348937988,left_f_best15.64876937866211,right_f_best14.842013359069824,i:4
2025-05-06 14:56:15,525 - INFO - tree_node.f_best:14.761212348937988,left_f_best15.666539192199707,right_f_best14.902976989746094,i:5
2025-05-06 14:56:35,504 - INFO - tree_node.f_best:14.761212348937988,left_f_best15.598361015319824,right_f_best14.81895637512207,i:6
2025-05-06 14:56:56,161 - INFO - tree_node.f_best:14.761212348937988,left_f_best15.611872673034668,right_f_best14.818865776062012,i:7
2025-05-06 14:57:18,105 - INFO - tree_node.f_best:14.761212348937988,left_f_best15.622292518615723,right_f_best14.722049713134766,i:8
2025-05-06 14:57:24,083 - INFO - 添加左子节点，右子节点，len(queue):5
2025-05-06 14:57:24,083 - INFO - Node 1: k=1513.2790537747267, f_best=14.825455665588379, f_min=3.286200230533723
2025-05-06 14:57:24,083 - INFO - Node 2: k=368.4227838451175, f_best=15.65331745147705, f_min=13.646498434578461
2025-05-06 14:57:24,083 - INFO - Node 3: k=1051.1531995000591, f_best=14.798975944519043, f_min=1.7770428457515663
2025-05-06 14:57:24,083 - INFO - Node 4: k=652.6834353714405, f_best=15.64551067352295, f_min=14.238289077366062
2025-05-06 14:57:24,083 - INFO - Node 5: k=652.6834353714405, f_best=14.769427299499512, f_min=9.73787943842035
2025-05-06 14:57:24,083 - INFO - Node 6: k=368.4227838451175, f_best=15.646178245544434, f_min=12.135128048654224
2025-05-06 14:57:24,083 - INFO - Node 7: k=251.6377186292722, f_best=14.761212348937988, f_min=8.26562132311301
2025-05-06 14:57:24,083 - INFO - Node 8: k=539.4077978276367, f_best=15.622292518615723, f_min=13.981232443722547
2025-05-06 14:57:24,083 - INFO - Node 9: k=334.9298034955614, f_best=14.722049713134766, f_min=12.756055133573682
2025-05-06 14:57:24,083 - INFO - cur_node_number 5,f_best 14.722049713134766,f_min 12.756055133573682,k 334.9298034955614
2025-05-06 14:57:24,083 - INFO - f_best_current 14.722049713134766,f_min 12.756055133573682
2025-05-06 14:57:24,083 - INFO - 回退,len(queue)=3
2025-05-06 14:57:40,001 - INFO - tree_node.f_best:14.761212348937988,left_f_best15.721087455749512,right_f_best14.918143272399902,i:1
2025-05-06 14:57:56,768 - INFO - tree_node.f_best:14.761212348937988,left_f_best15.68074893951416,right_f_best14.819366455078125,i:2
2025-05-06 14:58:14,437 - INFO - tree_node.f_best:14.761212348937988,left_f_best15.694539070129395,right_f_best14.839366912841797,i:3
2025-05-06 14:58:32,888 - INFO - tree_node.f_best:14.761212348937988,left_f_best15.58630657196045,right_f_best14.788328170776367,i:4
2025-05-06 14:58:51,784 - INFO - tree_node.f_best:14.761212348937988,left_f_best15.573979377746582,right_f_best14.817749977111816,i:5
2025-05-06 14:59:12,009 - INFO - tree_node.f_best:14.761212348937988,left_f_best15.575115203857422,right_f_best14.832060813903809,i:6
2025-05-06 14:59:32,900 - INFO - tree_node.f_best:14.761212348937988,left_f_best15.617341041564941,right_f_best14.758700370788574,i:7
2025-05-06 14:59:39,321 - INFO - 添加左子节点，右子节点，len(queue):5
2025-05-06 14:59:39,321 - INFO - Node 1: k=1513.2790537747267, f_best=14.825455665588379, f_min=3.286200230533723
2025-05-06 14:59:39,321 - INFO - Node 2: k=368.4227838451175, f_best=15.65331745147705, f_min=13.646498434578461
2025-05-06 14:59:39,321 - INFO - Node 3: k=1051.1531995000591, f_best=14.798975944519043, f_min=1.7770428457515663
2025-05-06 14:59:39,321 - INFO - Node 4: k=652.6834353714405, f_best=15.64551067352295, f_min=14.238289077366062
2025-05-06 14:59:39,321 - INFO - Node 5: k=652.6834353714405, f_best=14.769427299499512, f_min=9.73787943842035
2025-05-06 14:59:39,321 - INFO - Node 6: k=368.4227838451175, f_best=15.646178245544434, f_min=12.135128048654224
2025-05-06 14:59:39,321 - INFO - Node 7: k=334.9298034955614, f_best=14.761212348937988, f_min=8.26562132311301
2025-05-06 14:59:39,321 - INFO - Node 8: k=539.4077978276367, f_best=15.617341041564941, f_min=13.327949969938345
2025-05-06 14:59:39,321 - INFO - Node 9: k=593.3485776104004, f_best=14.758700370788574, f_min=6.454821005216218
2025-05-06 14:59:39,321 - INFO - cur_node_number 6,f_best 14.758700370788574,f_min 6.454821005216218,k 593.3485776104004
2025-05-06 14:59:39,321 - INFO - f_best_current 14.758700370788574,f_min 6.454821005216218
2025-05-06 14:59:39,321 - INFO - 回退,len(queue)=3
2025-05-06 14:59:55,244 - INFO - tree_node.f_best:14.761212348937988,left_f_best15.735672950744629,right_f_best14.923312187194824,i:1
2025-05-06 15:00:12,165 - INFO - tree_node.f_best:14.761212348937988,left_f_best15.66759204864502,right_f_best14.809279441833496,i:2
2025-05-06 15:00:30,019 - INFO - tree_node.f_best:14.761212348937988,left_f_best15.694169044494629,right_f_best14.839399337768555,i:3
2025-05-06 15:00:48,710 - INFO - tree_node.f_best:14.761212348937988,left_f_best15.630986213684082,right_f_best14.895829200744629,i:4
2025-05-06 15:01:07,827 - INFO - tree_node.f_best:14.761212348937988,left_f_best15.660073280334473,right_f_best14.788541793823242,i:5
2025-05-06 15:01:27,876 - INFO - tree_node.f_best:14.761212348937988,left_f_best15.654070854187012,right_f_best14.84514045715332,i:6
2025-05-06 15:01:49,094 - INFO - tree_node.f_best:14.761212348937988,left_f_best15.556021690368652,right_f_best14.821650505065918,i:7
2025-05-06 15:02:10,851 - INFO - tree_node.f_best:14.761212348937988,left_f_best15.676816940307617,right_f_best14.802212715148926,i:8
2025-05-06 15:02:33,465 - INFO - tree_node.f_best:14.761212348937988,left_f_best15.614375114440918,right_f_best14.771663665771484,i:9
2025-05-06 15:02:56,815 - INFO - tree_node.f_best:14.761212348937988,left_f_best15.586557388305664,right_f_best14.807807922363281,i:10
2025-05-06 15:03:21,190 - INFO - tree_node.f_best:14.761212348937988,left_f_best15.575468063354492,right_f_best14.730180740356445,i:11
2025-05-06 15:03:27,161 - INFO - 添加左子节点，右子节点，len(queue):5
2025-05-06 15:03:27,161 - INFO - Node 1: k=1513.2790537747267, f_best=14.825455665588379, f_min=3.286200230533723
2025-05-06 15:03:27,161 - INFO - Node 2: k=368.4227838451175, f_best=15.65331745147705, f_min=13.646498434578461
2025-05-06 15:03:27,161 - INFO - Node 3: k=1051.1531995000591, f_best=14.798975944519043, f_min=1.7770428457515663
2025-05-06 15:03:27,161 - INFO - Node 4: k=652.6834353714405, f_best=15.64551067352295, f_min=14.238289077366062
2025-05-06 15:03:27,161 - INFO - Node 5: k=652.6834353714405, f_best=14.769427299499512, f_min=9.73787943842035
2025-05-06 15:03:27,161 - INFO - Node 6: k=368.4227838451175, f_best=15.646178245544434, f_min=12.135128048654224
2025-05-06 15:03:27,161 - INFO - Node 7: k=593.3485776104004, f_best=14.761212348937988, f_min=8.26562132311301
2025-05-06 15:03:27,161 - INFO - Node 8: k=228.76156239024743, f_best=15.575468063354492, f_min=14.001781892421604
2025-05-06 15:03:27,161 - INFO - Node 9: k=789.7469567994432, f_best=14.730180740356445, f_min=7.390498267595831
2025-05-06 15:03:27,161 - INFO - cur_node_number 7,f_best 14.730180740356445,f_min 7.390498267595831,k 789.7469567994432
2025-05-06 15:03:27,161 - INFO - f_best_current 14.730180740356445,f_min 7.390498267595831
2025-05-06 15:03:27,161 - INFO - 回退,len(queue)=3
2025-05-06 15:03:27,161 - INFO - 回退,len(queue)=2
2025-05-06 15:03:43,557 - INFO - tree_node.f_best:14.769427299499512,left_f_best15.73099422454834,right_f_best14.840080261230469,i:1
2025-05-06 15:04:00,210 - INFO - tree_node.f_best:14.769427299499512,left_f_best15.67892074584961,right_f_best14.941948890686035,i:2
2025-05-06 15:04:18,178 - INFO - tree_node.f_best:14.769427299499512,left_f_best15.656033515930176,right_f_best14.805331230163574,i:3
2025-05-06 15:04:36,671 - INFO - tree_node.f_best:14.769427299499512,left_f_best15.659623146057129,right_f_best14.832188606262207,i:4
2025-05-06 15:04:56,188 - INFO - tree_node.f_best:14.769427299499512,left_f_best15.642777442932129,right_f_best14.789017677307129,i:5
2025-05-06 15:05:16,541 - INFO - tree_node.f_best:14.769427299499512,left_f_best15.638712882995605,right_f_best14.825398445129395,i:6
2025-05-06 15:05:37,362 - INFO - tree_node.f_best:14.769427299499512,left_f_best15.621932029724121,right_f_best14.74554443359375,i:7
2025-05-06 15:05:42,427 - INFO - 添加左子节点，右子节点，len(queue):4
2025-05-06 15:05:42,427 - INFO - Node 1: k=1513.2790537747267, f_best=14.825455665588379, f_min=3.286200230533723
2025-05-06 15:05:42,427 - INFO - Node 2: k=368.4227838451175, f_best=15.65331745147705, f_min=13.646498434578461
2025-05-06 15:05:42,427 - INFO - Node 3: k=1051.1531995000591, f_best=14.798975944519043, f_min=1.7770428457515663
2025-05-06 15:05:42,427 - INFO - Node 4: k=652.6834353714405, f_best=15.64551067352295, f_min=14.238289077366062
2025-05-06 15:05:42,427 - INFO - Node 5: k=789.7469567994432, f_best=14.769427299499512, f_min=9.73787943842035
2025-05-06 15:05:42,427 - INFO - Node 6: k=276.80149049219943, f_best=15.621932029724121, f_min=11.693040882619243
2025-05-06 15:05:42,427 - INFO - Node 7: k=228.76156239024743, f_best=14.74554443359375, f_min=14.486777305649412
2025-05-06 15:05:42,427 - INFO - cur_node_number 8,f_best 14.74554443359375,f_min 14.486777305649412,k 228.76156239024743
2025-05-06 15:05:42,427 - INFO - f_best_current 14.74554443359375,f_min 14.486777305649412
2025-05-06 15:05:58,539 - INFO - tree_node.f_best:14.74554443359375,left_f_best15.766738891601562,right_f_best14.904305458068848,i:1
2025-05-06 15:06:15,439 - INFO - tree_node.f_best:14.74554443359375,left_f_best15.636797904968262,right_f_best14.812504768371582,i:2
2025-05-06 15:06:33,276 - INFO - tree_node.f_best:14.74554443359375,left_f_best15.698938369750977,right_f_best14.927139282226562,i:3
2025-05-06 15:06:51,710 - INFO - tree_node.f_best:14.74554443359375,left_f_best15.69201374053955,right_f_best14.891498565673828,i:4
2025-05-06 15:07:11,185 - INFO - tree_node.f_best:14.74554443359375,left_f_best15.570551872253418,right_f_best14.834410667419434,i:5
2025-05-06 15:07:31,361 - INFO - tree_node.f_best:14.74554443359375,left_f_best15.61864948272705,right_f_best14.757182121276855,i:6
2025-05-06 15:07:52,498 - INFO - tree_node.f_best:14.74554443359375,left_f_best15.670670509338379,right_f_best14.841203689575195,i:7
2025-05-06 15:08:14,196 - INFO - tree_node.f_best:14.74554443359375,left_f_best15.578587532043457,right_f_best14.753101348876953,i:8
2025-05-06 15:08:36,846 - INFO - tree_node.f_best:14.74554443359375,left_f_best15.564702033996582,right_f_best14.853620529174805,i:9
2025-05-06 15:09:00,351 - INFO - tree_node.f_best:14.74554443359375,left_f_best15.523985862731934,right_f_best14.7937593460083,i:10
2025-05-06 15:09:24,548 - INFO - tree_node.f_best:14.74554443359375,left_f_best15.576447486877441,right_f_best14.815707206726074,i:11
2025-05-06 15:09:49,885 - INFO - tree_node.f_best:14.74554443359375,left_f_best15.521693229675293,right_f_best14.74554443359375,i:12
2025-05-06 15:09:54,951 - INFO - 添加左子节点，右子节点，len(queue):5
2025-05-06 15:09:54,951 - INFO - Node 1: k=1513.2790537747267, f_best=14.825455665588379, f_min=3.286200230533723
2025-05-06 15:09:54,951 - INFO - Node 2: k=368.4227838451175, f_best=15.65331745147705, f_min=13.646498434578461
2025-05-06 15:09:54,951 - INFO - Node 3: k=1051.1531995000591, f_best=14.798975944519043, f_min=1.7770428457515663
2025-05-06 15:09:54,951 - INFO - Node 4: k=652.6834353714405, f_best=15.64551067352295, f_min=14.238289077366062
2025-05-06 15:09:54,951 - INFO - Node 5: k=789.7469567994432, f_best=14.769427299499512, f_min=9.73787943842035
2025-05-06 15:09:54,951 - INFO - Node 6: k=276.80149049219943, f_best=15.621932029724121, f_min=11.693040882619243
2025-05-06 15:09:54,951 - INFO - Node 7: k=228.76156239024743, f_best=14.74554443359375, f_min=14.486777305649412
2025-05-06 15:09:54,951 - INFO - Node 8: k=207.96505671840674, f_best=15.521693229675293, f_min=14.767971365517042
2025-05-06 15:09:54,951 - INFO - Node 9: k=304.4816395414194, f_best=14.74554443359375, f_min=13.673792319747008
2025-05-06 15:09:54,951 - INFO - cur_node_number 9,f_best 14.74554443359375,f_min 13.673792319747008,k 304.4816395414194
2025-05-06 15:09:54,951 - INFO - f_best_current 14.74554443359375,f_min 13.673792319747008
2025-05-06 15:09:54,951 - INFO - 回退,len(queue)=3
2025-05-06 15:10:11,316 - INFO - tree_node.f_best:14.74554443359375,left_f_best15.748337745666504,right_f_best14.896411895751953,i:1
2025-05-06 15:10:28,404 - INFO - tree_node.f_best:14.74554443359375,left_f_best15.714105606079102,right_f_best14.858283042907715,i:2
2025-05-06 15:10:46,194 - INFO - tree_node.f_best:14.74554443359375,left_f_best15.679957389831543,right_f_best14.885786056518555,i:3
2025-05-06 15:11:04,745 - INFO - tree_node.f_best:14.74554443359375,left_f_best15.642328262329102,right_f_best14.79814624786377,i:4
2025-05-06 15:11:24,047 - INFO - tree_node.f_best:14.74554443359375,left_f_best15.637606620788574,right_f_best14.75331974029541,i:5
2025-05-06 15:11:44,209 - INFO - tree_node.f_best:14.74554443359375,left_f_best15.660414695739746,right_f_best14.888556480407715,i:6
2025-05-06 15:12:05,370 - INFO - tree_node.f_best:14.74554443359375,left_f_best15.634798049926758,right_f_best14.762048721313477,i:7
2025-05-06 15:12:27,001 - INFO - tree_node.f_best:14.74554443359375,left_f_best15.615321159362793,right_f_best14.715097427368164,i:8
2025-05-06 15:12:33,118 - INFO - 添加左子节点，右子节点，len(queue):5
2025-05-06 15:12:33,118 - INFO - Node 1: k=1513.2790537747267, f_best=14.825455665588379, f_min=3.286200230533723
2025-05-06 15:12:33,118 - INFO - Node 2: k=368.4227838451175, f_best=15.65331745147705, f_min=13.646498434578461
2025-05-06 15:12:33,118 - INFO - Node 3: k=1051.1531995000591, f_best=14.798975944519043, f_min=1.7770428457515663
2025-05-06 15:12:33,118 - INFO - Node 4: k=652.6834353714405, f_best=15.64551067352295, f_min=14.238289077366062
2025-05-06 15:12:33,118 - INFO - Node 5: k=789.7469567994432, f_best=14.769427299499512, f_min=9.73787943842035
2025-05-06 15:12:33,118 - INFO - Node 6: k=276.80149049219943, f_best=15.621932029724121, f_min=11.693040882619243
2025-05-06 15:12:33,118 - INFO - Node 7: k=304.4816395414194, f_best=14.74554443359375, f_min=14.486777305649412
2025-05-06 15:12:33,118 - INFO - Node 8: k=539.4077978276367, f_best=15.615321159362793, f_min=14.402614888207609
2025-05-06 15:12:33,118 - INFO - Node 9: k=405.2650622296293, f_best=14.715097427368164, f_min=12.945795355008158
2025-05-06 15:12:33,118 - INFO - cur_node_number 10,f_best 14.715097427368164,f_min 12.945795355008158,k 405.2650622296293
2025-05-06 15:12:33,118 - INFO - f_best_current 14.715097427368164,f_min 12.945795355008158
2025-05-06 15:12:33,118 - INFO - 回退,len(queue)=3
2025-05-06 15:12:49,506 - INFO - tree_node.f_best:14.74554443359375,left_f_best15.758636474609375,right_f_best14.957938194274902,i:1
2025-05-06 15:13:06,326 - INFO - tree_node.f_best:14.74554443359375,left_f_best15.626496315002441,right_f_best14.800908088684082,i:2
2025-05-06 15:13:23,921 - INFO - tree_node.f_best:14.74554443359375,left_f_best15.676468849182129,right_f_best14.872185707092285,i:3
2025-05-06 15:13:42,434 - INFO - tree_node.f_best:14.74554443359375,left_f_best15.705178260803223,right_f_best14.781447410583496,i:4
2025-05-06 15:14:01,809 - INFO - tree_node.f_best:14.74554443359375,left_f_best15.68879508972168,right_f_best14.909465789794922,i:5
2025-05-06 15:14:21,774 - INFO - tree_node.f_best:14.74554443359375,left_f_best15.650762557983398,right_f_best14.765981674194336,i:6
2025-05-06 15:14:42,582 - INFO - tree_node.f_best:14.74554443359375,left_f_best15.625678062438965,right_f_best14.861048698425293,i:7
2025-05-06 15:15:04,597 - INFO - tree_node.f_best:14.74554443359375,left_f_best15.636428833007812,right_f_best14.78433609008789,i:8
2025-05-06 15:15:27,200 - INFO - tree_node.f_best:14.74554443359375,left_f_best15.6190185546875,right_f_best14.785563468933105,i:9
2025-05-06 15:15:50,473 - INFO - tree_node.f_best:14.74554443359375,left_f_best15.578858375549316,right_f_best14.732930183410645,i:10
2025-05-06 15:15:56,684 - INFO - 添加左子节点，右子节点，len(queue):5
2025-05-06 15:15:56,684 - INFO - Node 1: k=1513.2790537747267, f_best=14.825455665588379, f_min=3.286200230533723
2025-05-06 15:15:56,684 - INFO - Node 2: k=368.4227838451175, f_best=15.65331745147705, f_min=13.646498434578461
2025-05-06 15:15:56,684 - INFO - Node 3: k=1051.1531995000591, f_best=14.798975944519043, f_min=1.7770428457515663
2025-05-06 15:15:56,684 - INFO - Node 4: k=652.6834353714405, f_best=15.64551067352295, f_min=14.238289077366062
2025-05-06 15:15:56,684 - INFO - Node 5: k=789.7469567994432, f_best=14.769427299499512, f_min=9.73787943842035
2025-05-06 15:15:56,684 - INFO - Node 6: k=276.80149049219943, f_best=15.621932029724121, f_min=11.693040882619243
2025-05-06 15:15:56,684 - INFO - Node 7: k=405.2650622296293, f_best=14.74554443359375, f_min=14.486777305649412
2025-05-06 15:15:56,684 - INFO - Node 8: k=490.3707252978515, f_best=15.578858375549316, f_min=9.041021501649084
2025-05-06 15:15:56,684 - INFO - Node 9: k=490.3707252978515, f_best=14.732930183410645, f_min=12.082534153272718
2025-05-06 15:15:56,684 - INFO - cur_node_number 11,f_best 14.732930183410645,f_min 12.082534153272718,k 490.3707252978515
2025-05-06 15:15:56,684 - INFO - f_best_current 14.732930183410645,f_min 12.082534153272718
2025-05-06 15:15:56,684 - INFO - 回退,len(queue)=3
2025-05-06 15:16:13,020 - INFO - tree_node.f_best:14.74554443359375,left_f_best15.652897834777832,right_f_best14.815330505371094,i:1
2025-05-06 15:16:29,907 - INFO - tree_node.f_best:14.74554443359375,left_f_best15.605481147766113,right_f_best14.897747039794922,i:2
2025-05-06 15:16:47,764 - INFO - tree_node.f_best:14.74554443359375,left_f_best15.670742988586426,right_f_best14.89835262298584,i:3
2025-05-06 15:17:06,206 - INFO - tree_node.f_best:14.74554443359375,left_f_best15.650623321533203,right_f_best14.809794425964355,i:4
2025-05-06 15:17:25,759 - INFO - tree_node.f_best:14.74554443359375,left_f_best15.60962200164795,right_f_best14.758691787719727,i:5
2025-05-06 15:17:46,159 - INFO - tree_node.f_best:14.74554443359375,left_f_best15.531723976135254,right_f_best14.747220993041992,i:6
2025-05-06 15:18:07,232 - INFO - tree_node.f_best:14.74554443359375,left_f_best15.604401588439941,right_f_best14.791542053222656,i:7
2025-05-06 15:18:29,186 - INFO - tree_node.f_best:14.74554443359375,left_f_best15.605910301208496,right_f_best14.818414688110352,i:8
2025-05-06 15:18:52,107 - INFO - tree_node.f_best:14.74554443359375,left_f_best15.630661010742188,right_f_best14.785346984863281,i:9
2025-05-06 15:19:15,800 - INFO - tree_node.f_best:14.74554443359375,left_f_best15.548785209655762,right_f_best14.722800254821777,i:10
2025-05-06 15:19:22,316 - INFO - 添加左子节点，右子节点，len(queue):5
2025-05-06 15:19:22,316 - INFO - Node 1: k=1513.2790537747267, f_best=14.825455665588379, f_min=3.286200230533723
2025-05-06 15:19:22,316 - INFO - Node 2: k=368.4227838451175, f_best=15.65331745147705, f_min=13.646498434578461
2025-05-06 15:19:22,316 - INFO - Node 3: k=1051.1531995000591, f_best=14.798975944519043, f_min=1.7770428457515663
2025-05-06 15:19:22,316 - INFO - Node 4: k=652.6834353714405, f_best=15.64551067352295, f_min=14.238289077366062
2025-05-06 15:19:22,316 - INFO - Node 5: k=789.7469567994432, f_best=14.769427299499512, f_min=9.73787943842035
2025-05-06 15:19:22,325 - INFO - Node 6: k=276.80149049219943, f_best=15.621932029724121, f_min=11.693040882619243
2025-05-06 15:19:22,325 - INFO - Node 7: k=490.3707252978515, f_best=14.74554443359375, f_min=14.486777305649412
2025-05-06 15:19:22,325 - INFO - Node 8: k=717.9517789085846, f_best=15.548785209655762, f_min=8.871034993091598
2025-05-06 15:19:22,325 - INFO - Node 9: k=490.3707252978515, f_best=14.722800254821777, f_min=14.40207395546895
2025-05-06 15:19:22,325 - INFO - cur_node_number 12,f_best 14.722800254821777,f_min 14.40207395546895,k 490.3707252978515
2025-05-06 15:19:22,325 - INFO - f_best_current 14.722800254821777,f_min 14.40207395546895
2025-05-06 15:19:38,242 - INFO - tree_node.f_best:14.722800254821777,left_f_best15.655722618103027,right_f_best14.924731254577637,i:1
2025-05-06 15:19:55,230 - INFO - tree_node.f_best:14.722800254821777,left_f_best15.717291831970215,right_f_best14.889524459838867,i:2
2025-05-06 15:20:12,805 - INFO - tree_node.f_best:14.722800254821777,left_f_best15.67652702331543,right_f_best14.834639549255371,i:3
2025-05-06 15:20:31,456 - INFO - tree_node.f_best:14.722800254821777,left_f_best15.624964714050293,right_f_best14.815872192382812,i:4
2025-05-06 15:20:50,834 - INFO - tree_node.f_best:14.722800254821777,left_f_best15.646086692810059,right_f_best14.847228050231934,i:5
2025-05-06 15:21:11,289 - INFO - tree_node.f_best:14.722800254821777,left_f_best15.635586738586426,right_f_best14.760313034057617,i:6
2025-05-06 15:21:32,235 - INFO - tree_node.f_best:14.722800254821777,left_f_best15.628445625305176,right_f_best14.72216796875,i:7
2025-05-06 15:21:38,091 - INFO - 添加左子节点，右子节点，len(queue):6
2025-05-06 15:21:38,091 - INFO - Node 1: k=1513.2790537747267, f_best=14.825455665588379, f_min=3.286200230533723
2025-05-06 15:21:38,091 - INFO - Node 2: k=368.4227838451175, f_best=15.65331745147705, f_min=13.646498434578461
2025-05-06 15:21:38,091 - INFO - Node 3: k=1051.1531995000591, f_best=14.798975944519043, f_min=1.7770428457515663
2025-05-06 15:21:38,091 - INFO - Node 4: k=652.6834353714405, f_best=15.64551067352295, f_min=14.238289077366062
2025-05-06 15:21:38,091 - INFO - Node 5: k=789.7469567994432, f_best=14.769427299499512, f_min=9.73787943842035
2025-05-06 15:21:38,091 - INFO - Node 6: k=276.80149049219943, f_best=15.621932029724121, f_min=11.693040882619243
2025-05-06 15:21:38,091 - INFO - Node 7: k=490.3707252978515, f_best=14.74554443359375, f_min=14.486777305649412
2025-05-06 15:21:38,091 - INFO - Node 8: k=717.9517789085846, f_best=15.548785209655762, f_min=8.871034993091598
2025-05-06 15:21:38,091 - INFO - Node 9: k=490.3707252978515, f_best=14.722800254821777, f_min=14.40207395546895
2025-05-06 15:21:38,091 - INFO - Node 10: k=539.4077978276367, f_best=15.628445625305176, f_min=13.395002263692732
2025-05-06 15:21:38,091 - INFO - Node 11: k=304.4816395414194, f_best=14.72216796875, f_min=13.634087975005968
2025-05-06 15:21:38,091 - INFO - cur_node_number 13,f_best 14.72216796875,f_min 13.634087975005968,k 304.4816395414194
2025-05-06 15:21:38,091 - INFO - f_best_current 14.72216796875,f_min 13.634087975005968
2025-05-06 15:21:54,064 - INFO - tree_node.f_best:14.72216796875,left_f_best15.659934043884277,right_f_best14.8558988571167,i:1
2025-05-06 15:22:11,092 - INFO - tree_node.f_best:14.72216796875,left_f_best15.729008674621582,right_f_best14.875731468200684,i:2
2025-05-06 15:22:28,587 - INFO - tree_node.f_best:14.72216796875,left_f_best15.654864311218262,right_f_best14.788399696350098,i:3
2025-05-06 15:22:46,755 - INFO - tree_node.f_best:14.72216796875,left_f_best15.582865715026855,right_f_best14.78072738647461,i:4
2025-05-06 15:23:06,198 - INFO - tree_node.f_best:14.72216796875,left_f_best15.643485069274902,right_f_best14.83043098449707,i:5
2025-05-06 15:23:26,185 - INFO - tree_node.f_best:14.72216796875,left_f_best15.563658714294434,right_f_best14.760741233825684,i:6
2025-05-06 15:23:47,514 - INFO - tree_node.f_best:14.72216796875,left_f_best15.589160919189453,right_f_best14.730765342712402,i:7
2025-05-06 15:24:09,546 - INFO - tree_node.f_best:14.72216796875,left_f_best15.540409088134766,right_f_best14.729403495788574,i:8
2025-05-06 15:24:31,888 - INFO - tree_node.f_best:14.72216796875,left_f_best15.644770622253418,right_f_best14.832582473754883,i:9
2025-05-06 15:24:55,487 - INFO - tree_node.f_best:14.72216796875,left_f_best15.590556144714355,right_f_best14.80554485321045,i:10
2025-05-06 15:25:19,782 - INFO - tree_node.f_best:14.72216796875,left_f_best15.637343406677246,right_f_best14.757554054260254,i:11
2025-05-06 15:25:45,174 - INFO - tree_node.f_best:14.72216796875,left_f_best15.603405952453613,right_f_best14.72216796875,i:12
2025-05-06 15:25:50,708 - INFO - 添加左子节点，右子节点，len(queue):7
2025-05-06 15:25:50,708 - INFO - Node 1: k=1513.2790537747267, f_best=14.825455665588379, f_min=3.286200230533723
2025-05-06 15:25:50,708 - INFO - Node 2: k=368.4227838451175, f_best=15.65331745147705, f_min=13.646498434578461
2025-05-06 15:25:50,708 - INFO - Node 3: k=1051.1531995000591, f_best=14.798975944519043, f_min=1.7770428457515663
2025-05-06 15:25:50,708 - INFO - Node 4: k=652.6834353714405, f_best=15.64551067352295, f_min=14.238289077366062
2025-05-06 15:25:50,708 - INFO - Node 5: k=789.7469567994432, f_best=14.769427299499512, f_min=9.73787943842035
2025-05-06 15:25:50,723 - INFO - Node 6: k=276.80149049219943, f_best=15.621932029724121, f_min=11.693040882619243
2025-05-06 15:25:50,723 - INFO - Node 7: k=490.3707252978515, f_best=14.74554443359375, f_min=14.486777305649412
2025-05-06 15:25:50,723 - INFO - Node 8: k=717.9517789085846, f_best=15.548785209655762, f_min=8.871034993091598
2025-05-06 15:25:50,723 - INFO - Node 9: k=490.3707252978515, f_best=14.722800254821777, f_min=14.40207395546895
2025-05-06 15:25:50,723 - INFO - Node 10: k=539.4077978276367, f_best=15.628445625305176, f_min=13.395002263692732
2025-05-06 15:25:50,723 - INFO - Node 11: k=304.4816395414194, f_best=14.72216796875, f_min=13.634087975005968
2025-05-06 15:25:50,723 - INFO - Node 12: k=445.79156845259223, f_best=15.603405952453613, f_min=14.43911322907661
2025-05-06 15:25:50,723 - INFO - Node 13: k=251.6377186292722, f_best=14.72216796875, f_min=11.525922722963514
2025-05-06 15:25:50,723 - INFO - cur_node_number 14,f_best 14.72216796875,f_min 11.525922722963514,k 251.6377186292722
2025-05-06 15:25:50,723 - INFO - f_best_current 14.72216796875,f_min 11.525922722963514
2025-05-06 15:26:06,965 - INFO - tree_node.f_best:14.72216796875,left_f_best15.712591171264648,right_f_best14.969731330871582,i:1
2025-05-06 15:26:24,208 - INFO - tree_node.f_best:14.72216796875,left_f_best15.724808692932129,right_f_best14.858244895935059,i:2
2025-05-06 15:26:41,940 - INFO - tree_node.f_best:14.72216796875,left_f_best15.635767936706543,right_f_best14.763511657714844,i:3
2025-05-06 15:27:00,515 - INFO - tree_node.f_best:14.72216796875,left_f_best15.641966819763184,right_f_best14.840009689331055,i:4
2025-05-06 15:27:20,112 - INFO - tree_node.f_best:14.72216796875,left_f_best15.637236595153809,right_f_best14.747198104858398,i:5
2025-05-06 15:27:40,617 - INFO - tree_node.f_best:14.72216796875,left_f_best15.578434944152832,right_f_best14.825539588928223,i:6
2025-05-06 15:28:01,840 - INFO - tree_node.f_best:14.72216796875,left_f_best15.60192584991455,right_f_best14.797185897827148,i:7
2025-05-06 15:28:23,994 - INFO - tree_node.f_best:14.72216796875,left_f_best15.63671588897705,right_f_best14.816727638244629,i:8
2025-05-06 15:28:46,808 - INFO - tree_node.f_best:14.72216796875,left_f_best15.51815414428711,right_f_best14.733145713806152,i:9
2025-05-06 15:29:10,046 - INFO - tree_node.f_best:14.72216796875,left_f_best15.519862174987793,right_f_best14.695961952209473,i:10
2025-05-06 15:29:15,439 - INFO - 添加左子节点，右子节点，len(queue):8
2025-05-06 15:29:15,439 - INFO - Node 1: k=1513.2790537747267, f_best=14.825455665588379, f_min=3.286200230533723
2025-05-06 15:29:15,439 - INFO - Node 2: k=368.4227838451175, f_best=15.65331745147705, f_min=13.646498434578461
2025-05-06 15:29:15,439 - INFO - Node 3: k=1051.1531995000591, f_best=14.798975944519043, f_min=1.7770428457515663
2025-05-06 15:29:15,439 - INFO - Node 4: k=652.6834353714405, f_best=15.64551067352295, f_min=14.238289077366062
2025-05-06 15:29:15,439 - INFO - Node 5: k=789.7469567994432, f_best=14.769427299499512, f_min=9.73787943842035
2025-05-06 15:29:15,439 - INFO - Node 6: k=276.80149049219943, f_best=15.621932029724121, f_min=11.693040882619243
2025-05-06 15:29:15,439 - INFO - Node 7: k=490.3707252978515, f_best=14.74554443359375, f_min=14.486777305649412
2025-05-06 15:29:15,439 - INFO - Node 8: k=717.9517789085846, f_best=15.548785209655762, f_min=8.871034993091598
2025-05-06 15:29:15,439 - INFO - Node 9: k=490.3707252978515, f_best=14.722800254821777, f_min=14.40207395546895
2025-05-06 15:29:15,439 - INFO - Node 10: k=539.4077978276367, f_best=15.628445625305176, f_min=13.395002263692732
2025-05-06 15:29:15,439 - INFO - Node 11: k=304.4816395414194, f_best=14.72216796875, f_min=13.634087975005968
2025-05-06 15:29:15,439 - INFO - Node 12: k=445.79156845259223, f_best=15.603405952453613, f_min=14.43911322907661
2025-05-06 15:29:15,439 - INFO - Node 13: k=251.6377186292722, f_best=14.72216796875, f_min=11.525922722963514
2025-05-06 15:29:15,439 - INFO - Node 14: k=490.3707252978515, f_best=15.519862174987793, f_min=10.752204670927313
2025-05-06 15:29:15,455 - INFO - Node 15: k=171.87194770116258, f_best=14.695961952209473, f_min=10.056388102304481
2025-05-06 15:29:15,455 - INFO - cur_node_number 15,f_best 14.695961952209473,f_min 10.056388102304481,k 171.87194770116258
2025-05-06 15:29:15,455 - INFO - f_best_current 14.695961952209473,f_min 10.056388102304481
2025-05-06 15:29:31,651 - INFO - tree_node.f_best:14.695961952209473,left_f_best15.666277885437012,right_f_best14.926685333251953,i:1
2025-05-06 15:29:48,183 - INFO - tree_node.f_best:14.695961952209473,left_f_best15.707257270812988,right_f_best14.824373245239258,i:2
2025-05-06 15:30:05,395 - INFO - tree_node.f_best:14.695961952209473,left_f_best15.617918968200684,right_f_best14.812020301818848,i:3
2025-05-06 15:30:23,537 - INFO - tree_node.f_best:14.695961952209473,left_f_best15.61579418182373,right_f_best14.89604377746582,i:4
2025-05-06 15:30:42,410 - INFO - tree_node.f_best:14.695961952209473,left_f_best15.64495849609375,right_f_best14.88722038269043,i:5
2025-05-06 15:31:02,178 - INFO - tree_node.f_best:14.695961952209473,left_f_best15.622031211853027,right_f_best14.752273559570312,i:6
2025-05-06 15:31:22,571 - INFO - tree_node.f_best:14.695961952209473,left_f_best15.590386390686035,right_f_best14.741144180297852,i:7
2025-05-06 15:31:44,037 - INFO - tree_node.f_best:14.695961952209473,left_f_best15.664410591125488,right_f_best14.745737075805664,i:8
2025-05-06 15:32:06,259 - INFO - tree_node.f_best:14.695961952209473,left_f_best15.645027160644531,right_f_best14.820552825927734,i:9
2025-05-06 15:32:29,119 - INFO - tree_node.f_best:14.695961952209473,left_f_best15.519645690917969,right_f_best14.726691246032715,i:10
2025-05-06 15:32:52,765 - INFO - tree_node.f_best:14.695961952209473,left_f_best15.524256706237793,right_f_best14.811625480651855,i:11
2025-05-06 15:33:17,432 - INFO - tree_node.f_best:14.695961952209473,left_f_best15.5378999710083,right_f_best14.695961952209473,i:12
2025-05-06 15:33:24,479 - INFO - 添加左子节点，右子节点，len(queue):9
2025-05-06 15:33:24,479 - INFO - Node 1: k=1513.2790537747267, f_best=14.825455665588379, f_min=3.286200230533723
2025-05-06 15:33:24,479 - INFO - Node 2: k=368.4227838451175, f_best=15.65331745147705, f_min=13.646498434578461
2025-05-06 15:33:24,479 - INFO - Node 3: k=1051.1531995000591, f_best=14.798975944519043, f_min=1.7770428457515663
2025-05-06 15:33:24,479 - INFO - Node 4: k=652.6834353714405, f_best=15.64551067352295, f_min=14.238289077366062
2025-05-06 15:33:24,479 - INFO - Node 5: k=789.7469567994432, f_best=14.769427299499512, f_min=9.73787943842035
2025-05-06 15:33:24,479 - INFO - Node 6: k=276.80149049219943, f_best=15.621932029724121, f_min=11.693040882619243
2025-05-06 15:33:24,479 - INFO - Node 7: k=490.3707252978515, f_best=14.74554443359375, f_min=14.486777305649412
2025-05-06 15:33:24,479 - INFO - Node 8: k=717.9517789085846, f_best=15.548785209655762, f_min=8.871034993091598
2025-05-06 15:33:24,479 - INFO - Node 9: k=490.3707252978515, f_best=14.722800254821777, f_min=14.40207395546895
2025-05-06 15:33:24,479 - INFO - Node 10: k=539.4077978276367, f_best=15.628445625305176, f_min=13.395002263692732
2025-05-06 15:33:24,479 - INFO - Node 11: k=304.4816395414194, f_best=14.72216796875, f_min=13.634087975005968
2025-05-06 15:33:24,479 - INFO - Node 12: k=445.79156845259223, f_best=15.603405952453613, f_min=14.43911322907661
2025-05-06 15:33:24,479 - INFO - Node 13: k=251.6377186292722, f_best=14.72216796875, f_min=11.525922722963514
2025-05-06 15:33:24,479 - INFO - Node 14: k=490.3707252978515, f_best=15.519862174987793, f_min=10.752204670927313
2025-05-06 15:33:24,479 - INFO - Node 15: k=171.87194770116258, f_best=14.695961952209473, f_min=10.056388102304481
2025-05-06 15:33:24,479 - INFO - Node 16: k=789.7469567994432, f_best=15.5378999710083, f_min=14.776372834785434
2025-05-06 15:33:24,479 - INFO - Node 17: k=868.7216524793876, f_best=14.695961952209473, f_min=-0.5009055138216354
2025-05-06 15:33:24,479 - INFO - cur_node_number 16,f_best 14.695961952209473,f_min -0.5009055138216354,k 868.7216524793876
2025-05-06 15:33:24,479 - INFO - f_best_current 14.695961952209473,f_min -0.5009055138216354
2025-05-06 15:33:24,479 - INFO - 回退,len(queue)=7
2025-05-06 15:33:24,479 - INFO - 回退,len(queue)=6
2025-05-06 15:33:24,479 - INFO - 回退,len(queue)=5
2025-05-06 15:33:24,479 - INFO - 回退,len(queue)=4
2025-05-06 15:33:24,479 - INFO - 回退,len(queue)=3
2025-05-06 15:33:24,479 - INFO - 回退,len(queue)=2
2025-05-06 15:33:40,470 - INFO - tree_node.f_best:14.769427299499512,left_f_best15.6923246383667,right_f_best14.81385326385498,i:1
2025-05-06 15:33:56,915 - INFO - tree_node.f_best:14.769427299499512,left_f_best15.69321060180664,right_f_best14.801399230957031,i:2
2025-05-06 15:34:14,289 - INFO - tree_node.f_best:14.769427299499512,left_f_best15.607487678527832,right_f_best14.828737258911133,i:3
2025-05-06 15:34:32,227 - INFO - tree_node.f_best:14.769427299499512,left_f_best15.608712196350098,right_f_best14.856963157653809,i:4
2025-05-06 15:34:51,127 - INFO - tree_node.f_best:14.769427299499512,left_f_best15.573116302490234,right_f_best14.761397361755371,i:5
2025-05-06 15:34:56,962 - INFO - 添加左子节点，右子节点，len(queue):4
2025-05-06 15:34:56,962 - INFO - Node 1: k=1513.2790537747267, f_best=14.825455665588379, f_min=3.286200230533723
2025-05-06 15:34:56,962 - INFO - Node 2: k=368.4227838451175, f_best=15.65331745147705, f_min=13.646498434578461
2025-05-06 15:34:56,962 - INFO - Node 3: k=1051.1531995000591, f_best=14.798975944519043, f_min=1.7770428457515663
2025-05-06 15:34:56,962 - INFO - Node 4: k=652.6834353714405, f_best=15.64551067352295, f_min=14.238289077366062
2025-05-06 15:34:56,962 - INFO - Node 5: k=868.7216524793876, f_best=14.769427299499512, f_min=9.73787943842035
2025-05-06 15:34:56,962 - INFO - Node 6: k=276.80149049219943, f_best=15.573116302490234, f_min=13.290277795073052
2025-05-06 15:34:56,962 - INFO - Node 7: k=593.3485776104004, f_best=14.761397361755371, f_min=6.060591813038627
2025-05-06 15:34:56,962 - INFO - cur_node_number 17,f_best 14.761397361755371,f_min 6.060591813038627,k 593.3485776104004
2025-05-06 15:34:56,962 - INFO - f_best_current 14.761397361755371,f_min 6.060591813038627
2025-05-06 15:35:12,781 - INFO - tree_node.f_best:14.761397361755371,left_f_best15.771993637084961,right_f_best14.989036560058594,i:1
2025-05-06 15:35:29,389 - INFO - tree_node.f_best:14.761397361755371,left_f_best15.698430061340332,right_f_best14.832710266113281,i:2
2025-05-06 15:35:46,713 - INFO - tree_node.f_best:14.761397361755371,left_f_best15.700823783874512,right_f_best14.768792152404785,i:3
2025-05-06 15:36:04,856 - INFO - tree_node.f_best:14.761397361755371,left_f_best15.680612564086914,right_f_best14.850408554077148,i:4
2025-05-06 15:36:23,746 - INFO - tree_node.f_best:14.761397361755371,left_f_best15.619565963745117,right_f_best14.784340858459473,i:5
2025-05-06 15:36:43,401 - INFO - tree_node.f_best:14.761397361755371,left_f_best15.615713119506836,right_f_best14.900080680847168,i:6
2025-05-06 15:37:03,864 - INFO - tree_node.f_best:14.761397361755371,left_f_best15.647160530090332,right_f_best14.746234893798828,i:7
2025-05-06 15:37:10,900 - INFO - 添加左子节点，右子节点，len(queue):5
2025-05-06 15:37:10,900 - INFO - Node 1: k=1513.2790537747267, f_best=14.825455665588379, f_min=3.286200230533723
2025-05-06 15:37:10,900 - INFO - Node 2: k=368.4227838451175, f_best=15.65331745147705, f_min=13.646498434578461
2025-05-06 15:37:10,900 - INFO - Node 3: k=1051.1531995000591, f_best=14.798975944519043, f_min=1.7770428457515663
2025-05-06 15:37:10,900 - INFO - Node 4: k=652.6834353714405, f_best=15.64551067352295, f_min=14.238289077366062
2025-05-06 15:37:10,900 - INFO - Node 5: k=868.7216524793876, f_best=14.769427299499512, f_min=9.73787943842035
2025-05-06 15:37:10,900 - INFO - Node 6: k=276.80149049219943, f_best=15.573116302490234, f_min=13.290277795073052
2025-05-06 15:37:10,900 - INFO - Node 7: k=593.3485776104004, f_best=14.761397361755371, f_min=6.060591813038627
2025-05-06 15:37:10,900 - INFO - Node 8: k=652.6834353714405, f_best=15.647160530090332, f_min=5.483089817171276
2025-05-06 15:37:10,900 - INFO - Node 9: k=1051.1531995000591, f_best=14.746234893798828, f_min=1.7530280838982435
2025-05-06 15:37:10,900 - INFO - cur_node_number 18,f_best 14.746234893798828,f_min 1.7530280838982435,k 1051.1531995000591
2025-05-06 15:37:10,900 - INFO - f_best_current 14.746234893798828,f_min 1.7530280838982435
2025-05-06 15:37:10,900 - INFO - 回退,len(queue)=3
2025-05-06 15:37:10,900 - INFO - 回退,len(queue)=2
2025-05-06 15:37:26,706 - INFO - tree_node.f_best:14.769427299499512,left_f_best15.720734596252441,right_f_best14.912590026855469,i:1
2025-05-06 15:37:43,252 - INFO - tree_node.f_best:14.769427299499512,left_f_best15.737299919128418,right_f_best14.801572799682617,i:2
2025-05-06 15:38:00,518 - INFO - tree_node.f_best:14.769427299499512,left_f_best15.687095642089844,right_f_best14.841008186340332,i:3
2025-05-06 15:38:18,630 - INFO - tree_node.f_best:14.769427299499512,left_f_best15.572307586669922,right_f_best14.777220726013184,i:4
2025-05-06 15:38:37,611 - INFO - tree_node.f_best:14.769427299499512,left_f_best15.646027565002441,right_f_best14.876907348632812,i:5
2025-05-06 15:38:57,335 - INFO - tree_node.f_best:14.769427299499512,left_f_best15.63723087310791,right_f_best14.769407272338867,i:6
2025-05-06 15:39:02,603 - INFO - 添加左子节点，右子节点，len(queue):4
2025-05-06 15:39:02,603 - INFO - Node 1: k=1513.2790537747267, f_best=14.825455665588379, f_min=3.286200230533723
2025-05-06 15:39:02,603 - INFO - Node 2: k=368.4227838451175, f_best=15.65331745147705, f_min=13.646498434578461
2025-05-06 15:39:02,603 - INFO - Node 3: k=1051.1531995000591, f_best=14.798975944519043, f_min=1.7770428457515663
2025-05-06 15:39:02,603 - INFO - Node 4: k=652.6834353714405, f_best=15.64551067352295, f_min=14.238289077366062
2025-05-06 15:39:02,603 - INFO - Node 5: k=1051.1531995000591, f_best=14.769427299499512, f_min=9.73787943842035
2025-05-06 15:39:02,603 - INFO - Node 6: k=539.4077978276367, f_best=15.63723087310791, f_min=14.700423365695315
2025-05-06 15:39:02,603 - INFO - Node 7: k=207.96505671840674, f_best=14.769407272338867, f_min=14.67133208062478
2025-05-06 15:39:02,603 - INFO - cur_node_number 19,f_best 14.769407272338867,f_min 14.67133208062478,k 207.96505671840674
2025-05-06 15:39:02,603 - INFO - f_best_current 14.769407272338867,f_min 14.67133208062478
2025-05-06 15:39:02,603 - INFO - bestx
2025-05-06 15:39:02,603 - INFO - [4.26794487e-02 4.99931921e-02 1.01167631e-02 1.09468786e-03
 1.94935982e-05 9.18140676e-03 2.90169686e-02 9.91117573e-03
 5.88508433e-04 5.79575545e-03 1.02003903e-03 4.73856733e-04
 8.78836788e-04 2.82837584e-02 3.39662401e-02 3.25685235e-04
 4.99840645e-02 4.97111721e-02 4.96269706e-02 4.95516005e-02
 6.99836576e-04 4.98539367e-02 4.95492593e-02 2.23365764e-02
 4.94854167e-02 4.99992991e-02 1.40140342e-03 7.28826270e-04
 1.41354240e-02 4.99263165e-02 4.99778391e-02 4.97890810e-02
 4.30916049e-02 2.77348507e-01 9.99978126e-01 6.64743635e-01
 4.99991940e-02 4.99866565e-02 4.99818100e-02 4.93155083e-02
 4.98727107e-02 2.33885489e-04 9.71945095e-03 1.35769107e-04
 4.59586132e-02 4.02580505e-02 3.97983235e-01 6.36795254e-01
 8.12865326e-01 8.44159079e-01 6.36277622e-01 1.97137160e-01
 2.83751889e-02 7.60617494e-04 4.92659578e-02 3.00528739e-04
 7.39610205e-04 1.51586220e-02 5.96557166e-05 1.62461012e-01
 9.94791178e-01 1.34364055e-01 1.36274339e-01 9.01339788e-02
 5.31030645e-01 9.26711754e-01 7.95086186e-01 6.01686903e-02
 4.99603882e-02 4.98233949e-02 1.61144110e-03 4.99550923e-02
 3.73191143e-02 7.66728651e-01 6.46077107e-01 4.99642140e-02
 4.99778661e-02 4.99995139e-02 4.99766750e-02 2.17662610e-01
 8.77420530e-01 4.87347261e-01 1.56011336e-07 2.24426629e-04
 4.99940218e-02 4.97358340e-02 4.99958641e-02 9.52111195e-01
 1.67270208e-01 8.22977389e-05 4.97890674e-02 4.98616129e-02
 4.59934133e-06 1.57469430e-04 3.18955628e-01 8.99383329e-01
 4.94474041e-02 4.99477996e-02 2.76681871e-04 5.81606331e-05
 1.53409997e-01 8.84903694e-01 4.98995672e-02 4.99985959e-02
 4.62696598e-05 4.98508628e-02 4.99822498e-02 4.85280071e-02
 6.21158229e-01 6.40219023e-01 4.59150763e-05 2.63623006e-03
 4.96742375e-02 4.98198548e-02 1.81769228e-01 9.67630507e-01
 9.49370424e-03 4.93513179e-02 4.99991732e-02 2.29849007e-03
 2.81492056e-02 3.47660993e-01 8.99037195e-01 1.18747365e-01
 4.99735075e-02 2.50045917e-02 5.35774950e-05 3.76465867e-04
 1.99177904e-04 8.60723780e-01 4.48897597e-01 4.96928326e-02
 4.99421379e-02 6.56270089e-02 3.63395648e-01 8.76881539e-01
 1.81564048e-01 4.63034161e-02 4.99751325e-02 4.99933855e-02
 1.56326327e-04 4.83990322e-02 4.98696985e-02 4.73501834e-01
 8.91668206e-01 5.24334767e-01 3.54766558e-01 7.22620768e-01
 9.18670135e-01 4.77328559e-01 5.77997989e-02 4.99996543e-02
 7.52314818e-06 4.52265155e-04 4.99705593e-02 8.06782448e-05
 1.48956802e-04 4.49800358e-05 4.63801579e-01 8.87392848e-01
 8.91185242e-01 5.02979454e-01 2.01087105e-01 4.99359158e-02
 4.99219369e-02 1.67523841e-02 4.89498352e-02 4.91865516e-02
 4.99835096e-02 4.99994932e-02 4.99964625e-02 4.99998099e-02
 4.98203437e-02 4.99585446e-02 4.99984735e-02 4.99741777e-02
 4.98809450e-02 4.98668120e-02 4.95647939e-02 4.90723980e-02
 1.61545894e-04 3.65473614e-05 2.15886152e-04 4.97823302e-02
 4.99918960e-02 4.99465019e-02 3.99424543e-02 1.49208643e-03
 8.23337502e-05 4.99649140e-02 1.08705348e-06 5.84305539e-05
 1.39641890e-05 1.73169214e-04 4.83973896e-02 4.98045513e-02]
2025-05-06 15:39:02,603 - INFO - 结束,fmin= 14.67133208062478, fbestmin=14.769407272338867
