2025-05-06 15:13:46,917 - INFO - Namespace(log_file='outputsconfidence/DNN5/img[0]/max/DNN5img0_label0.log', image_path='img[0].png', model_path='network/DNN5.pth', label=0, init_epsilon=0.05, epsilon=0.01, ep=1, min=0)
2025-05-06 15:13:46,933 - INFO - Model output: -22.29551887512207
2025-05-06 15:14:00,089 - INFO - cur_node_number 1,f_best -26.760250091552734,f_min -33.95028994176391,k 460.7219029654201
2025-05-06 15:14:00,089 - INFO - f_best_current -26.760250091552734,f_min -33.95028994176391
2025-05-06 15:14:20,975 - INFO - tree_node.f_best:-26.760250091552734,left_f_best-25.354114532470703,right_f_best-26.861642837524414,i:1
2025-05-06 15:14:31,092 - INFO - 添加左子节点，右子节点，len(queue):2
2025-05-06 15:14:31,092 - INFO - Node 1: k=460.7219029654201, f_best=-26.760250091552734, f_min=-33.95028994176391
2025-05-06 15:14:31,092 - INFO - Node 2: k=405.26506222962973, f_best=-25.354114532470703, f_min=-27.304139828063853
2025-05-06 15:14:31,092 - INFO - Node 3: k=276.8014904921997, f_best=-26.861642837524414, f_min=-28.709745508393098
2025-05-06 15:14:31,092 - INFO - cur_node_number 2,f_best -26.861642837524414,f_min -28.709745508393098,k 276.8014904921997
2025-05-06 15:14:31,092 - INFO - f_best_current -26.861642837524414,f_min -28.709745508393098
2025-05-06 15:14:52,435 - INFO - tree_node.f_best:-26.861642837524414,left_f_best-25.285280227661133,right_f_best-26.79317283630371,i:1
2025-05-06 15:15:14,592 - INFO - tree_node.f_best:-26.861642837524414,left_f_best-25.34657859802246,right_f_best-26.791549682617188,i:2
2025-05-06 15:15:37,576 - INFO - tree_node.f_best:-26.861642837524414,left_f_best-25.282747268676758,right_f_best-26.861692428588867,i:3
2025-05-06 15:15:48,933 - INFO - 添加左子节点，右子节点，len(queue):3
2025-05-06 15:15:48,933 - INFO - Node 1: k=460.7219029654201, f_best=-26.760250091552734, f_min=-33.95028994176391
2025-05-06 15:15:48,933 - INFO - Node 2: k=405.26506222962973, f_best=-25.354114532470703, f_min=-27.304139828063853
2025-05-06 15:15:48,933 - INFO - Node 3: k=276.8014904921997, f_best=-26.861642837524414, f_min=-28.709745508393098
2025-05-06 15:15:48,933 - INFO - Node 4: k=539.4077978276373, f_best=-25.282747268676758, f_min=-26.596566897314915
2025-05-06 15:15:48,933 - INFO - Node 5: k=445.79156845259274, f_best=-26.861692428588867, f_min=-30.685124602270662
2025-05-06 15:15:48,933 - INFO - cur_node_number 3,f_best -26.861692428588867,f_min -30.685124602270662,k 445.79156845259274
2025-05-06 15:15:48,933 - INFO - f_best_current -26.861692428588867,f_min -30.685124602270662
2025-05-06 15:15:48,933 - INFO - 回退,len(queue)=1
2025-05-06 15:16:09,850 - INFO - tree_node.f_best:-26.861642837524414,left_f_best-25.353811264038086,right_f_best-26.816190719604492,i:1
2025-05-06 15:16:31,698 - INFO - tree_node.f_best:-26.861642837524414,left_f_best-25.35113525390625,right_f_best-26.846460342407227,i:2
2025-05-06 15:16:54,887 - INFO - tree_node.f_best:-26.861642837524414,left_f_best-25.390583038330078,right_f_best-26.867345809936523,i:3
2025-05-06 15:17:04,872 - INFO - 添加左子节点，右子节点，len(queue):3
2025-05-06 15:17:04,872 - INFO - Node 1: k=460.7219029654201, f_best=-26.760250091552734, f_min=-33.95028994176391
2025-05-06 15:17:04,872 - INFO - Node 2: k=405.26506222962973, f_best=-25.354114532470703, f_min=-27.304139828063853
2025-05-06 15:17:04,872 - INFO - Node 3: k=445.79156845259274, f_best=-26.861642837524414, f_min=-28.709745508393098
2025-05-06 15:17:04,872 - INFO - Node 4: k=445.79156845259274, f_best=-25.390583038330078, f_min=-27.96096138496796
2025-05-06 15:17:04,872 - INFO - Node 5: k=228.76156239024763, f_best=-26.867345809936523, f_min=-29.00228791844529
2025-05-06 15:17:04,872 - INFO - cur_node_number 4,f_best -26.867345809936523,f_min -29.00228791844529,k 228.76156239024763
2025-05-06 15:17:04,872 - INFO - f_best_current -26.867345809936523,f_min -29.00228791844529
2025-05-06 15:17:26,152 - INFO - tree_node.f_best:-26.867345809936523,left_f_best-25.29097557067871,right_f_best-26.837072372436523,i:1
2025-05-06 15:17:48,246 - INFO - tree_node.f_best:-26.867345809936523,left_f_best-25.367368698120117,right_f_best-26.82696533203125,i:2
2025-05-06 15:18:11,295 - INFO - tree_node.f_best:-26.867345809936523,left_f_best-25.370738983154297,right_f_best-26.86509895324707,i:3
2025-05-06 15:18:35,534 - INFO - tree_node.f_best:-26.867345809936523,left_f_best-25.407615661621094,right_f_best-26.854793548583984,i:4
2025-05-06 15:19:00,940 - INFO - tree_node.f_best:-26.867345809936523,left_f_best-25.445344924926758,right_f_best-26.806262969970703,i:5
2025-05-06 15:19:27,036 - INFO - tree_node.f_best:-26.867345809936523,left_f_best-25.453710556030273,right_f_best-26.896018981933594,i:6
2025-05-06 15:19:37,442 - INFO - 添加左子节点，右子节点，len(queue):4
2025-05-06 15:19:37,442 - INFO - Node 1: k=460.7219029654201, f_best=-26.760250091552734, f_min=-33.95028994176391
2025-05-06 15:19:37,442 - INFO - Node 2: k=405.26506222962973, f_best=-25.354114532470703, f_min=-27.304139828063853
2025-05-06 15:19:37,442 - INFO - Node 3: k=445.79156845259274, f_best=-26.861642837524414, f_min=-28.709745508393098
2025-05-06 15:19:37,442 - INFO - Node 4: k=445.79156845259274, f_best=-25.390583038330078, f_min=-27.96096138496796
2025-05-06 15:19:37,442 - INFO - Node 5: k=228.76156239024763, f_best=-26.867345809936523, f_min=-29.00228791844529
2025-05-06 15:19:37,442 - INFO - Node 6: k=251.63771862927243, f_best=-25.453710556030273, f_min=-27.149529231201086
2025-05-06 15:19:37,442 - INFO - Node 7: k=539.4077978276373, f_best=-26.896018981933594, f_min=-37.82545508192197
2025-05-06 15:19:37,442 - INFO - cur_node_number 5,f_best -26.896018981933594,f_min -37.82545508192197,k 539.4077978276373
2025-05-06 15:19:37,442 - INFO - f_best_current -26.896018981933594,f_min -37.82545508192197
2025-05-06 15:19:37,442 - INFO - 回退,len(queue)=2
2025-05-06 15:19:37,442 - INFO - 回退,len(queue)=1
2025-05-06 15:19:37,442 - INFO - 回退,len(queue)=0
2025-05-06 15:19:58,727 - INFO - tree_node.f_best:-26.760250091552734,left_f_best-25.350055694580078,right_f_best-26.847990036010742,i:1
2025-05-06 15:20:08,412 - INFO - 添加左子节点，右子节点，len(queue):2
2025-05-06 15:20:08,412 - INFO - Node 1: k=539.4077978276373, f_best=-26.760250091552734, f_min=-33.95028994176391
2025-05-06 15:20:08,412 - INFO - Node 2: k=189.059142471279, f_best=-25.350055694580078, f_min=-26.57257916356957
2025-05-06 15:20:08,412 - INFO - Node 3: k=445.79156845259274, f_best=-26.847990036010742, f_min=-27.277376252379327
2025-05-06 15:20:08,412 - INFO - cur_node_number 6,f_best -26.847990036010742,f_min -27.277376252379327,k 445.79156845259274
2025-05-06 15:20:08,412 - INFO - f_best_current -26.847990036010742,f_min -27.277376252379327
2025-05-06 15:20:29,685 - INFO - tree_node.f_best:-26.847990036010742,left_f_best-25.339738845825195,right_f_best-26.80738639831543,i:1
2025-05-06 15:20:51,602 - INFO - tree_node.f_best:-26.847990036010742,left_f_best-25.37078285217285,right_f_best-26.834238052368164,i:2
2025-05-06 15:21:14,879 - INFO - tree_node.f_best:-26.847990036010742,left_f_best-25.342866897583008,right_f_best-26.813573837280273,i:3
2025-05-06 15:21:38,498 - INFO - tree_node.f_best:-26.847990036010742,left_f_best-25.362173080444336,right_f_best-26.86092185974121,i:4
2025-05-06 15:21:49,465 - INFO - 添加左子节点，右子节点，len(queue):3
2025-05-06 15:21:49,465 - INFO - Node 1: k=539.4077978276373, f_best=-26.760250091552734, f_min=-33.95028994176391
2025-05-06 15:21:49,465 - INFO - Node 2: k=189.059142471279, f_best=-25.350055694580078, f_min=-26.57257916356957
2025-05-06 15:21:49,465 - INFO - Node 3: k=445.79156845259274, f_best=-26.847990036010742, f_min=-27.277376252379327
2025-05-06 15:21:49,465 - INFO - Node 4: k=251.63771862927243, f_best=-25.362173080444336, f_min=-28.263795087534163
2025-05-06 15:21:49,465 - INFO - Node 5: k=789.7469567994442, f_best=-26.86092185974121, f_min=-27.900267063374486
2025-05-06 15:21:49,465 - INFO - cur_node_number 7,f_best -26.86092185974121,f_min -27.900267063374486,k 789.7469567994442
2025-05-06 15:21:49,465 - INFO - f_best_current -26.86092185974121,f_min -27.900267063374486
2025-05-06 15:21:49,465 - INFO - 回退,len(queue)=1
2025-05-06 15:21:49,465 - INFO - 回退,len(queue)=0
2025-05-06 15:22:10,699 - INFO - tree_node.f_best:-26.760250091552734,left_f_best-25.346590042114258,right_f_best-26.823657989501953,i:1
2025-05-06 15:22:20,116 - INFO - 添加左子节点，右子节点，len(queue):2
2025-05-06 15:22:20,116 - INFO - Node 1: k=789.7469567994442, f_best=-26.760250091552734, f_min=-33.95028994176391
2025-05-06 15:22:20,116 - INFO - Node 2: k=189.059142471279, f_best=-25.346590042114258, f_min=-26.78979106585666
2025-05-06 15:22:20,116 - INFO - Node 3: k=368.4227838451179, f_best=-26.823657989501953, f_min=-27.667277408210794
2025-05-06 15:22:20,116 - INFO - cur_node_number 8,f_best -26.823657989501953,f_min -27.667277408210794,k 368.4227838451179
2025-05-06 15:22:20,116 - INFO - f_best_current -26.823657989501953,f_min -27.667277408210794
2025-05-06 15:22:40,903 - INFO - tree_node.f_best:-26.823657989501953,left_f_best-25.3446044921875,right_f_best-26.83582878112793,i:1
2025-05-06 15:22:51,842 - INFO - 添加左子节点，右子节点，len(queue):3
2025-05-06 15:22:51,842 - INFO - Node 1: k=789.7469567994442, f_best=-26.760250091552734, f_min=-33.95028994176391
2025-05-06 15:22:51,842 - INFO - Node 2: k=189.059142471279, f_best=-25.346590042114258, f_min=-26.78979106585666
2025-05-06 15:22:51,842 - INFO - Node 3: k=368.4227838451179, f_best=-26.823657989501953, f_min=-27.667277408210794
2025-05-06 15:22:51,842 - INFO - Node 4: k=445.79156845259274, f_best=-25.3446044921875, f_min=-26.732227961116223
2025-05-06 15:22:51,842 - INFO - Node 5: k=445.79156845259274, f_best=-26.83582878112793, f_min=-28.26766064536787
2025-05-06 15:22:51,842 - INFO - cur_node_number 9,f_best -26.83582878112793,f_min -28.26766064536787,k 445.79156845259274
2025-05-06 15:22:51,842 - INFO - f_best_current -26.83582878112793,f_min -28.26766064536787
2025-05-06 15:22:51,842 - INFO - 回退,len(queue)=1
2025-05-06 15:23:13,130 - INFO - tree_node.f_best:-26.823657989501953,left_f_best-25.35710334777832,right_f_best-26.82716941833496,i:1
2025-05-06 15:23:22,690 - INFO - 添加左子节点，右子节点，len(queue):3
2025-05-06 15:23:22,690 - INFO - Node 1: k=789.7469567994442, f_best=-26.760250091552734, f_min=-33.95028994176391
2025-05-06 15:23:22,690 - INFO - Node 2: k=189.059142471279, f_best=-25.346590042114258, f_min=-26.78979106585666
2025-05-06 15:23:22,690 - INFO - Node 3: k=445.79156845259274, f_best=-26.823657989501953, f_min=-27.667277408210794
2025-05-06 15:23:22,690 - INFO - Node 4: k=405.26506222962973, f_best=-25.35710334777832, f_min=-26.10841960961261
2025-05-06 15:23:22,690 - INFO - Node 5: k=189.059142471279, f_best=-26.82716941833496, f_min=-27.033342913652632
2025-05-06 15:23:22,690 - INFO - cur_node_number 10,f_best -26.82716941833496,f_min -27.033342913652632,k 189.059142471279
2025-05-06 15:23:22,690 - INFO - f_best_current -26.82716941833496,f_min -27.033342913652632
2025-05-06 15:23:22,690 - INFO - bestx
2025-05-06 15:23:22,690 - INFO - [4.98197444e-02 4.99968539e-02 4.98721270e-02 4.99164909e-02
 4.97243981e-02 4.91215309e-02 4.95374504e-02 4.82377369e-02
 2.87201174e-03 4.99797725e-02 4.99956736e-02 4.96534848e-02
 4.99037511e-02 4.96320163e-02 1.38540477e-05 6.25182225e-04
 8.07329250e-04 1.09999290e-04 1.01213829e-02 3.45004300e-05
 4.98121787e-02 3.80376328e-02 8.35699169e-06 6.23945504e-04
 5.87836339e-04 7.29881679e-05 1.32206891e-03 2.52765495e-03
 4.93542065e-02 4.99999104e-02 1.40936016e-07 2.40285245e-04
 4.91592829e-04 1.89228830e-01 9.42219898e-01 6.80938295e-01
 4.89753988e-02 8.86130665e-05 4.87176214e-05 2.48789915e-04
 3.48299462e-02 3.66248264e-02 4.99855621e-02 4.83405005e-02
 1.45521205e-04 1.65717664e-03 4.00601150e-01 7.23096735e-01
 8.15284088e-01 8.46347837e-01 7.34892637e-01 2.95993226e-01
 1.47783945e-03 2.62149873e-04 1.08190568e-04 3.98966707e-04
 4.99734373e-02 1.11378803e-02 8.61375080e-05 1.61807773e-01
 9.94570987e-01 2.33943901e-01 5.27184364e-02 3.36478681e-02
 6.24335967e-01 9.98548476e-01 7.57917007e-01 1.09397381e-02
 4.99751593e-02 2.64576793e-03 4.89871551e-02 1.99826459e-05
 7.84867468e-04 8.65499061e-01 6.44486537e-01 3.27823210e-04
 3.62658259e-03 4.96604288e-02 3.02164525e-05 1.19241497e-01
 8.77161274e-01 5.87125317e-01 1.76271993e-04 2.35173894e-04
 4.99961183e-02 6.32075652e-04 4.97975973e-02 9.83214289e-01
 7.10002323e-02 1.45486522e-04 4.99649957e-02 1.37402096e-02
 2.83018399e-05 7.55120572e-05 4.15100451e-01 9.98980919e-01
 1.12470546e-04 1.93381043e-03 2.28749389e-04 6.38223795e-04
 2.42493808e-01 8.84837724e-01 1.37946467e-04 1.07742709e-05
 8.75538254e-03 6.42334595e-04 4.57850626e-07 1.84517852e-03
 6.24780684e-01 7.40080752e-01 7.96277993e-05 4.28600960e-02
 4.99622779e-02 1.75797510e-04 2.15134802e-01 9.63496562e-01
 1.47461177e-02 4.96990272e-02 4.99809975e-02 5.02524793e-04
 4.79672779e-02 2.50629895e-01 9.97892280e-01 1.58540247e-01
 4.98908014e-02 6.23385772e-04 4.94296428e-02 4.98794227e-02
 7.76152619e-04 9.59132622e-01 5.44155101e-01 1.05490686e-04
 4.82783552e-02 2.71904298e-05 2.65795451e-01 9.59772626e-01
 2.80690110e-01 8.98370460e-04 2.14899837e-05 4.94732513e-02
 4.97896974e-02 4.84691723e-02 3.44860877e-04 3.74178195e-01
 9.86629863e-01 4.67682373e-01 3.78026118e-01 8.22403184e-01
 9.19114757e-01 4.75841115e-01 1.90773537e-03 1.60211393e-02
 4.95747451e-02 5.22833936e-03 4.99977739e-02 4.98431386e-02
 6.14580865e-03 7.25239907e-02 5.62859919e-01 9.85809823e-01
 9.22619286e-01 6.02596579e-01 2.01504292e-01 1.25112867e-05
 6.19845201e-05 1.53701427e-03 2.17152473e-04 5.55390789e-05
 4.92655295e-02 8.32160705e-05 1.71566867e-02 4.99577748e-02
 2.61393158e-05 4.99595939e-02 3.68137491e-05 4.71648402e-02
 1.49471198e-06 4.99853108e-02 4.98765376e-02 4.99349365e-02
 4.92674134e-02 4.93600701e-02 4.58886259e-02 6.03868459e-04
 4.88562541e-02 6.82861892e-04 1.79957186e-03 1.87889896e-02
 6.45293733e-04 7.50150829e-04 2.01476052e-03 4.93683371e-02
 4.34094693e-02 4.04364643e-02 6.31579784e-03 9.54647951e-06]
2025-05-06 15:23:22,690 - INFO - 结束,fmin= -27.033342913652632, fbestmin=-26.82716941833496
