2025-04-27 17:58:03,278 - INFO - Namespace(log_file='outputs/dnn1/img[8]/min/DNN1img8_label0.log', image_path='img[8].png', model_path='network/SimpleNN14.pth', label=0, init_epsilon=0.05, epsilon=0.01, ep=1, min=1)
2025-04-27 17:58:03,288 - INFO - Model output max(1): torch.return_types.max(
values=tensor([7.1213], grad_fn=<MaxBackward0>),
indices=tensor([8]))
2025-04-27 17:58:06,737 - INFO - cur_node_number 1,f_best -9.262091636657715,f_min -10.64318931069647,k 598.1423353300117
2025-04-27 17:58:06,737 - INFO - f_best_current -9.262091636657715,f_min -10.64318931069647
2025-04-27 17:58:12,295 - INFO - tree_node.f_best*ep:-9.262091636657715,left_f_best-8.249361038208008,right_f_best-9.275367736816406,i:1
2025-04-27 17:58:29,103 - INFO - 添加左子节点，右子节点，len(queue):2
2025-04-27 17:58:29,103 - INFO - Node 1: k=598.1423353300117, f_best=-9.262091636657715, f_min=-10.64318931069647
2025-04-27 17:58:29,103 - INFO - Node 2: k=85.3419485632778, f_best=-8.249361038208008, f_min=-9.10343707897664
2025-04-27 17:58:29,104 - INFO - Node 3: k=144.60901405707835, f_best=-9.275367736816406, f_min=-9.41953405973345
2025-04-27 17:58:29,104 - INFO - cur_node_number 2,f_best -9.275367736816406,f_min -9.41953405973345,k 144.60901405707835
2025-04-27 17:58:29,104 - INFO - f_best_current -9.275367736816406,f_min -9.41953405973345
2025-04-27 17:58:35,372 - INFO - tree_node.f_best*ep:-9.275367736816406,left_f_best-8.289356231689453,right_f_best-9.242143630981445,i:1
2025-04-27 17:58:42,564 - INFO - tree_node.f_best*ep:-9.275367736816406,left_f_best-8.287081718444824,right_f_best-9.26955795288086,i:2
2025-04-27 17:58:50,141 - INFO - tree_node.f_best*ep:-9.275367736816406,left_f_best-8.280658721923828,right_f_best-9.310604095458984,i:3
2025-04-27 17:59:10,922 - INFO - 添加左子节点，右子节点，len(queue):3
2025-04-27 17:59:10,922 - INFO - Node 1: k=598.1423353300117, f_best=-9.262091636657715, f_min=-10.64318931069647
2025-04-27 17:59:10,922 - INFO - Node 2: k=85.3419485632778, f_best=-8.249361038208008, f_min=-9.10343707897664
2025-04-27 17:59:10,922 - INFO - Node 3: k=144.60901405707835, f_best=-9.275367736816406, f_min=-9.41953405973345
2025-04-27 17:59:10,922 - INFO - Node 4: k=134.87943828443494, f_best=-8.280658721923828, f_min=-9.905581275727855
2025-04-27 17:59:10,922 - INFO - Node 5: k=144.60901405707835, f_best=-9.310604095458984, f_min=-11.36546027805798
2025-04-27 17:59:10,922 - INFO - cur_node_number 3,f_best -9.310604095458984,f_min -11.36546027805798,k 144.60901405707835
2025-04-27 17:59:10,922 - INFO - f_best_current -9.310604095458984,f_min -11.36546027805798
2025-04-27 17:59:17,935 - INFO - tree_node.f_best*ep:-9.310604095458984,left_f_best-8.284684181213379,right_f_best-9.275288581848145,i:1
2025-04-27 17:59:25,402 - INFO - tree_node.f_best*ep:-9.310604095458984,left_f_best-8.300015449523926,right_f_best-9.299715042114258,i:2
2025-04-27 17:59:33,193 - INFO - tree_node.f_best*ep:-9.310604095458984,left_f_best-8.28368091583252,right_f_best-9.308512687683105,i:3
2025-04-27 17:59:41,179 - INFO - tree_node.f_best*ep:-9.310604095458984,left_f_best-8.289917945861816,right_f_best-9.308969497680664,i:4
2025-04-27 17:59:49,575 - INFO - tree_node.f_best*ep:-9.310604095458984,left_f_best-8.319600105285645,right_f_best-9.319629669189453,i:5
2025-04-27 18:00:11,921 - INFO - 添加左子节点，右子节点，len(queue):4
2025-04-27 18:00:11,921 - INFO - Node 1: k=598.1423353300117, f_best=-9.262091636657715, f_min=-10.64318931069647
2025-04-27 18:00:11,921 - INFO - Node 2: k=85.3419485632778, f_best=-8.249361038208008, f_min=-9.10343707897664
2025-04-27 18:00:11,921 - INFO - Node 3: k=144.60901405707835, f_best=-9.275367736816406, f_min=-9.41953405973345
2025-04-27 18:00:11,921 - INFO - Node 4: k=134.87943828443494, f_best=-8.280658721923828, f_min=-9.905581275727855
2025-04-27 18:00:11,921 - INFO - Node 5: k=144.60901405707835, f_best=-9.310604095458984, f_min=-11.36546027805798
2025-04-27 18:00:11,921 - INFO - Node 6: k=176.45047863914257, f_best=-8.319600105285645, f_min=-9.48035288070605
2025-04-27 18:00:11,921 - INFO - Node 7: k=133.54399830142074, f_best=-9.319629669189453, f_min=-9.862717819207774
2025-04-27 18:00:11,921 - INFO - cur_node_number 4,f_best -9.319629669189453,f_min -9.862717819207774,k 133.54399830142074
2025-04-27 18:00:11,921 - INFO - f_best_current -9.319629669189453,f_min -9.862717819207774
2025-04-27 18:00:18,733 - INFO - tree_node.f_best*ep:-9.319629669189453,left_f_best-8.244291305541992,right_f_best-9.294466018676758,i:1
2025-04-27 18:00:26,041 - INFO - tree_node.f_best*ep:-9.319629669189453,left_f_best-8.284355163574219,right_f_best-9.289268493652344,i:2
2025-04-27 18:00:33,958 - INFO - tree_node.f_best*ep:-9.319629669189453,left_f_best-8.295182228088379,right_f_best-9.313348770141602,i:3
2025-04-27 18:00:42,184 - INFO - tree_node.f_best*ep:-9.319629669189453,left_f_best-8.30991268157959,right_f_best-9.305593490600586,i:4
2025-04-27 18:00:50,758 - INFO - tree_node.f_best*ep:-9.319629669189453,left_f_best-8.323129653930664,right_f_best-9.323328018188477,i:5
2025-04-27 18:01:11,539 - INFO - 添加左子节点，右子节点，len(queue):5
2025-04-27 18:01:11,539 - INFO - Node 1: k=598.1423353300117, f_best=-9.262091636657715, f_min=-10.64318931069647
2025-04-27 18:01:11,539 - INFO - Node 2: k=85.3419485632778, f_best=-8.249361038208008, f_min=-9.10343707897664
2025-04-27 18:01:11,539 - INFO - Node 3: k=144.60901405707835, f_best=-9.275367736816406, f_min=-9.41953405973345
2025-04-27 18:01:11,539 - INFO - Node 4: k=134.87943828443494, f_best=-8.280658721923828, f_min=-9.905581275727855
2025-04-27 18:01:11,539 - INFO - Node 5: k=144.60901405707835, f_best=-9.310604095458984, f_min=-11.36546027805798
2025-04-27 18:01:11,539 - INFO - Node 6: k=176.45047863914257, f_best=-8.319600105285645, f_min=-9.48035288070605
2025-04-27 18:01:11,539 - INFO - Node 7: k=133.54399830142074, f_best=-9.319629669189453, f_min=-9.862717819207774
2025-04-27 18:01:11,539 - INFO - Node 8: k=206.90206313882388, f_best=-8.323129653930664, f_min=-9.669910199746482
2025-04-27 18:01:11,539 - INFO - Node 9: k=87.92789494669368, f_best=-9.323328018188477, f_min=-9.60194352742792
2025-04-27 18:01:11,539 - INFO - cur_node_number 5,f_best -9.323328018188477,f_min -9.60194352742792,k 87.92789494669368
2025-04-27 18:01:11,539 - INFO - f_best_current -9.323328018188477,f_min -9.60194352742792
2025-04-27 18:01:18,440 - INFO - tree_node.f_best*ep:-9.323328018188477,left_f_best-8.26940631866455,right_f_best-9.24199104309082,i:1
2025-04-27 18:01:25,828 - INFO - tree_node.f_best*ep:-9.323328018188477,left_f_best-8.275586128234863,right_f_best-9.3194580078125,i:2
2025-04-27 18:01:33,610 - INFO - tree_node.f_best*ep:-9.323328018188477,left_f_best-8.297319412231445,right_f_best-9.297073364257812,i:3
2025-04-27 18:01:41,809 - INFO - tree_node.f_best*ep:-9.323328018188477,left_f_best-8.32037353515625,right_f_best-9.322940826416016,i:4
2025-04-27 18:01:50,202 - INFO - tree_node.f_best*ep:-9.323328018188477,left_f_best-8.322489738464355,right_f_best-9.335794448852539,i:5
2025-04-27 18:02:09,638 - INFO - 添加左子节点，右子节点，len(queue):6
2025-04-27 18:02:09,638 - INFO - Node 1: k=598.1423353300117, f_best=-9.262091636657715, f_min=-10.64318931069647
2025-04-27 18:02:09,638 - INFO - Node 2: k=85.3419485632778, f_best=-8.249361038208008, f_min=-9.10343707897664
2025-04-27 18:02:09,638 - INFO - Node 3: k=144.60901405707835, f_best=-9.275367736816406, f_min=-9.41953405973345
2025-04-27 18:02:09,638 - INFO - Node 4: k=134.87943828443494, f_best=-8.280658721923828, f_min=-9.905581275727855
2025-04-27 18:02:09,638 - INFO - Node 5: k=144.60901405707835, f_best=-9.310604095458984, f_min=-11.36546027805798
2025-04-27 18:02:09,638 - INFO - Node 6: k=176.45047863914257, f_best=-8.319600105285645, f_min=-9.48035288070605
2025-04-27 18:02:09,638 - INFO - Node 7: k=133.54399830142074, f_best=-9.319629669189453, f_min=-9.862717819207774
2025-04-27 18:02:09,638 - INFO - Node 8: k=206.90206313882388, f_best=-8.323129653930664, f_min=-9.669910199746482
2025-04-27 18:02:09,638 - INFO - Node 9: k=87.92789494669368, f_best=-9.323328018188477, f_min=-9.60194352742792
2025-04-27 18:02:09,638 - INFO - Node 10: k=140.3560843453305, f_best=-8.322489738464355, f_min=-9.054949216328168
2025-04-27 18:02:09,638 - INFO - Node 11: k=90.59219809147346, f_best=-9.335794448852539, f_min=-9.45343588524338
2025-04-27 18:02:09,638 - INFO - cur_node_number 6,f_best -9.335794448852539,f_min -9.45343588524338,k 90.59219809147346
2025-04-27 18:02:09,638 - INFO - f_best_current -9.335794448852539,f_min -9.45343588524338
2025-04-27 18:02:09,638 - INFO - 回退,len(queue)=4
2025-04-27 18:02:16,934 - INFO - tree_node.f_best*ep:-9.323328018188477,left_f_best-8.279788970947266,right_f_best-9.283710479736328,i:1
2025-04-27 18:02:24,429 - INFO - tree_node.f_best*ep:-9.323328018188477,left_f_best-8.264352798461914,right_f_best-9.2941312789917,i:2
2025-04-27 18:02:31,832 - INFO - tree_node.f_best*ep:-9.323328018188477,left_f_best-8.298454284667969,right_f_best-9.312118530273438,i:3
2025-04-27 18:02:39,908 - INFO - tree_node.f_best*ep:-9.323328018188477,left_f_best-8.316144943237305,right_f_best-9.31840705871582,i:4
2025-04-27 18:02:48,455 - INFO - tree_node.f_best*ep:-9.323328018188477,left_f_best-8.309646606445312,right_f_best-9.327960014343262,i:5
2025-04-27 18:03:10,350 - INFO - 添加左子节点，右子节点，len(queue):6
2025-04-27 18:03:10,350 - INFO - Node 1: k=598.1423353300117, f_best=-9.262091636657715, f_min=-10.64318931069647
2025-04-27 18:03:10,350 - INFO - Node 2: k=85.3419485632778, f_best=-8.249361038208008, f_min=-9.10343707897664
2025-04-27 18:03:10,350 - INFO - Node 3: k=144.60901405707835, f_best=-9.275367736816406, f_min=-9.41953405973345
2025-04-27 18:03:10,350 - INFO - Node 4: k=134.87943828443494, f_best=-8.280658721923828, f_min=-9.905581275727855
2025-04-27 18:03:10,350 - INFO - Node 5: k=144.60901405707835, f_best=-9.310604095458984, f_min=-11.36546027805798
2025-04-27 18:03:10,350 - INFO - Node 6: k=176.45047863914257, f_best=-8.319600105285645, f_min=-9.48035288070605
2025-04-27 18:03:10,350 - INFO - Node 7: k=133.54399830142074, f_best=-9.319629669189453, f_min=-9.862717819207774
2025-04-27 18:03:10,350 - INFO - Node 8: k=206.90206313882388, f_best=-8.323129653930664, f_min=-9.669910199746482
2025-04-27 18:03:10,350 - INFO - Node 9: k=90.59219809147346, f_best=-9.323328018188477, f_min=-9.60194352742792
2025-04-27 18:03:10,350 - INFO - Node 10: k=162.94905662222178, f_best=-8.309646606445312, f_min=-8.703749099241577
2025-04-27 18:03:10,350 - INFO - Node 11: k=140.3560843453305, f_best=-9.327960014343262, f_min=-9.65357675223595
2025-04-27 18:03:10,350 - INFO - cur_node_number 7,f_best -9.327960014343262,f_min -9.65357675223595,k 140.3560843453305
2025-04-27 18:03:10,350 - INFO - f_best_current -9.327960014343262,f_min -9.65357675223595
2025-04-27 18:03:10,350 - INFO - 回退,len(queue)=4
2025-04-27 18:03:10,350 - INFO - 回退,len(queue)=3
2025-04-27 18:03:17,586 - INFO - tree_node.f_best*ep:-9.319629669189453,left_f_best-8.271100044250488,right_f_best-9.265829086303711,i:1
2025-04-27 18:03:25,025 - INFO - tree_node.f_best*ep:-9.319629669189453,left_f_best-8.294520378112793,right_f_best-9.304367065429688,i:2
2025-04-27 18:03:32,820 - INFO - tree_node.f_best*ep:-9.319629669189453,left_f_best-8.291801452636719,right_f_best-9.306978225708008,i:3
2025-04-27 18:03:40,909 - INFO - tree_node.f_best*ep:-9.319629669189453,left_f_best-8.300189971923828,right_f_best-9.317237854003906,i:4
2025-04-27 18:03:49,364 - INFO - tree_node.f_best*ep:-9.319629669189453,left_f_best-8.315242767333984,right_f_best-9.332212448120117,i:5
2025-04-27 18:04:09,402 - INFO - 添加左子节点，右子节点，len(queue):5
2025-04-27 18:04:09,402 - INFO - Node 1: k=598.1423353300117, f_best=-9.262091636657715, f_min=-10.64318931069647
2025-04-27 18:04:09,402 - INFO - Node 2: k=85.3419485632778, f_best=-8.249361038208008, f_min=-9.10343707897664
2025-04-27 18:04:09,402 - INFO - Node 3: k=144.60901405707835, f_best=-9.275367736816406, f_min=-9.41953405973345
2025-04-27 18:04:09,402 - INFO - Node 4: k=134.87943828443494, f_best=-8.280658721923828, f_min=-9.905581275727855
2025-04-27 18:04:09,402 - INFO - Node 5: k=144.60901405707835, f_best=-9.310604095458984, f_min=-11.36546027805798
2025-04-27 18:04:09,402 - INFO - Node 6: k=176.45047863914257, f_best=-8.319600105285645, f_min=-9.48035288070605
2025-04-27 18:04:09,402 - INFO - Node 7: k=140.3560843453305, f_best=-9.319629669189453, f_min=-9.862717819207774
2025-04-27 18:04:09,402 - INFO - Node 8: k=176.45047863914257, f_best=-8.315242767333984, f_min=-9.245522545333188
2025-04-27 18:04:09,402 - INFO - Node 9: k=91.4981200723882, f_best=-9.332212448120117, f_min=-9.605657915313259
2025-04-27 18:04:09,402 - INFO - cur_node_number 8,f_best -9.332212448120117,f_min -9.605657915313259,k 91.4981200723882
2025-04-27 18:04:09,402 - INFO - f_best_current -9.332212448120117,f_min -9.605657915313259
2025-04-27 18:04:16,507 - INFO - tree_node.f_best*ep:-9.332212448120117,left_f_best-8.243732452392578,right_f_best-9.26524543762207,i:1
2025-04-27 18:04:24,075 - INFO - tree_node.f_best*ep:-9.332212448120117,left_f_best-8.27869987487793,right_f_best-9.29344367980957,i:2
2025-04-27 18:04:31,927 - INFO - tree_node.f_best*ep:-9.332212448120117,left_f_best-8.298383712768555,right_f_best-9.318824768066406,i:3
2025-04-27 18:04:40,066 - INFO - tree_node.f_best*ep:-9.332212448120117,left_f_best-8.322620391845703,right_f_best-9.317564010620117,i:4
2025-04-27 18:04:48,643 - INFO - tree_node.f_best*ep:-9.332212448120117,left_f_best-8.31618881225586,right_f_best-9.316656112670898,i:5
2025-04-27 18:04:57,671 - INFO - tree_node.f_best*ep:-9.332212448120117,left_f_best-8.323348045349121,right_f_best-9.344414710998535,i:6
2025-04-27 18:05:18,335 - INFO - 添加左子节点，右子节点，len(queue):6
2025-04-27 18:05:18,335 - INFO - Node 1: k=598.1423353300117, f_best=-9.262091636657715, f_min=-10.64318931069647
2025-04-27 18:05:18,335 - INFO - Node 2: k=85.3419485632778, f_best=-8.249361038208008, f_min=-9.10343707897664
2025-04-27 18:05:18,335 - INFO - Node 3: k=144.60901405707835, f_best=-9.275367736816406, f_min=-9.41953405973345
2025-04-27 18:05:18,335 - INFO - Node 4: k=134.87943828443494, f_best=-8.280658721923828, f_min=-9.905581275727855
2025-04-27 18:05:18,335 - INFO - Node 5: k=144.60901405707835, f_best=-9.310604095458984, f_min=-11.36546027805798
2025-04-27 18:05:18,335 - INFO - Node 6: k=176.45047863914257, f_best=-8.319600105285645, f_min=-9.48035288070605
2025-04-27 18:05:18,335 - INFO - Node 7: k=140.3560843453305, f_best=-9.319629669189453, f_min=-9.862717819207774
2025-04-27 18:05:18,335 - INFO - Node 8: k=176.45047863914257, f_best=-8.315242767333984, f_min=-9.245522545333188
2025-04-27 18:05:18,335 - INFO - Node 9: k=91.4981200723882, f_best=-9.332212448120117, f_min=-9.605657915313259
2025-04-27 18:05:18,335 - INFO - Node 10: k=118.51351783140683, f_best=-8.323348045349121, f_min=-9.423679985499803
2025-04-27 18:05:18,335 - INFO - Node 11: k=129.61648906622506, f_best=-9.344414710998535, f_min=-10.366092733487221
2025-04-27 18:05:18,335 - INFO - cur_node_number 9,f_best -9.344414710998535,f_min -10.366092733487221,k 129.61648906622506
2025-04-27 18:05:18,335 - INFO - f_best_current -9.344414710998535,f_min -10.366092733487221
2025-04-27 18:05:18,335 - INFO - 回退,len(queue)=4
2025-04-27 18:05:25,628 - INFO - tree_node.f_best*ep:-9.332212448120117,left_f_best-8.274223327636719,right_f_best-9.292787551879883,i:1
2025-04-27 18:05:33,189 - INFO - tree_node.f_best*ep:-9.332212448120117,left_f_best-8.283254623413086,right_f_best-9.289532661437988,i:2
2025-04-27 18:05:41,113 - INFO - tree_node.f_best*ep:-9.332212448120117,left_f_best-8.29035758972168,right_f_best-9.318841934204102,i:3
2025-04-27 18:05:49,316 - INFO - tree_node.f_best*ep:-9.332212448120117,left_f_best-8.299209594726562,right_f_best-9.330965995788574,i:4
2025-04-27 18:05:58,007 - INFO - tree_node.f_best*ep:-9.332212448120117,left_f_best-8.325679779052734,right_f_best-9.325408935546875,i:5
2025-04-27 18:06:07,011 - INFO - tree_node.f_best*ep:-9.332212448120117,left_f_best-8.31933879852295,right_f_best-9.334131240844727,i:6
2025-04-27 18:06:27,861 - INFO - 添加左子节点，右子节点，len(queue):6
2025-04-27 18:06:27,861 - INFO - Node 1: k=598.1423353300117, f_best=-9.262091636657715, f_min=-10.64318931069647
2025-04-27 18:06:27,861 - INFO - Node 2: k=85.3419485632778, f_best=-8.249361038208008, f_min=-9.10343707897664
2025-04-27 18:06:27,861 - INFO - Node 3: k=144.60901405707835, f_best=-9.275367736816406, f_min=-9.41953405973345
2025-04-27 18:06:27,861 - INFO - Node 4: k=134.87943828443494, f_best=-8.280658721923828, f_min=-9.905581275727855
2025-04-27 18:06:27,861 - INFO - Node 5: k=144.60901405707835, f_best=-9.310604095458984, f_min=-11.36546027805798
2025-04-27 18:06:27,861 - INFO - Node 6: k=176.45047863914257, f_best=-8.319600105285645, f_min=-9.48035288070605
2025-04-27 18:06:27,861 - INFO - Node 7: k=140.3560843453305, f_best=-9.319629669189453, f_min=-9.862717819207774
2025-04-27 18:06:27,861 - INFO - Node 8: k=176.45047863914257, f_best=-8.315242767333984, f_min=-9.245522545333188
2025-04-27 18:06:27,861 - INFO - Node 9: k=129.61648906622506, f_best=-9.332212448120117, f_min=-9.605657915313259
2025-04-27 18:06:27,861 - INFO - Node 10: k=125.80448729664927, f_best=-8.31933879852295, f_min=-8.756252558020606
2025-04-27 18:06:27,861 - INFO - Node 11: k=156.5908405659726, f_best=-9.334131240844727, f_min=-9.490939237286511
2025-04-27 18:06:27,861 - INFO - cur_node_number 10,f_best -9.334131240844727,f_min -9.490939237286511,k 156.5908405659726
2025-04-27 18:06:27,861 - INFO - f_best_current -9.334131240844727,f_min -9.490939237286511
2025-04-27 18:06:27,861 - INFO - 回退,len(queue)=4
2025-04-27 18:06:27,861 - INFO - 回退,len(queue)=3
2025-04-27 18:06:27,861 - INFO - 回退,len(queue)=2
2025-04-27 18:06:27,861 - INFO - 回退,len(queue)=1
2025-04-27 18:06:34,962 - INFO - tree_node.f_best*ep:-9.275367736816406,left_f_best-8.270177841186523,right_f_best-9.281949996948242,i:1
2025-04-27 18:06:54,486 - INFO - 添加左子节点，右子节点，len(queue):3
2025-04-27 18:06:54,486 - INFO - Node 1: k=598.1423353300117, f_best=-9.262091636657715, f_min=-10.64318931069647
2025-04-27 18:06:54,486 - INFO - Node 2: k=85.3419485632778, f_best=-8.249361038208008, f_min=-9.10343707897664
2025-04-27 18:06:54,486 - INFO - Node 3: k=156.5908405659726, f_best=-9.275367736816406, f_min=-9.41953405973345
2025-04-27 18:06:54,486 - INFO - Node 4: k=80.39597601134543, f_best=-8.270177841186523, f_min=-8.642365908648571
2025-04-27 18:06:54,502 - INFO - Node 5: k=130.9126539568873, f_best=-9.281949996948242, f_min=-9.403136291784904
2025-04-27 18:06:54,502 - INFO - cur_node_number 11,f_best -9.281949996948242,f_min -9.403136291784904,k 130.9126539568873
2025-04-27 18:06:54,502 - INFO - f_best_current -9.281949996948242,f_min -9.403136291784904
2025-04-27 18:07:01,783 - INFO - tree_node.f_best*ep:-9.281949996948242,left_f_best-8.272780418395996,right_f_best-9.295166015625,i:1
2025-04-27 18:07:21,999 - INFO - 添加左子节点，右子节点，len(queue):4
2025-04-27 18:07:21,999 - INFO - Node 1: k=598.1423353300117, f_best=-9.262091636657715, f_min=-10.64318931069647
2025-04-27 18:07:21,999 - INFO - Node 2: k=85.3419485632778, f_best=-8.249361038208008, f_min=-9.10343707897664
2025-04-27 18:07:21,999 - INFO - Node 3: k=156.5908405659726, f_best=-9.275367736816406, f_min=-9.41953405973345
2025-04-27 18:07:21,999 - INFO - Node 4: k=80.39597601134543, f_best=-8.270177841186523, f_min=-8.642365908648571
2025-04-27 18:07:21,999 - INFO - Node 5: k=130.9126539568873, f_best=-9.281949996948242, f_min=-9.403136291784904
2025-04-27 18:07:21,999 - INFO - Node 6: k=141.7596451887838, f_best=-8.272780418395996, f_min=-8.748088809865749
2025-04-27 18:07:21,999 - INFO - Node 7: k=133.54399830142074, f_best=-9.295166015625, f_min=-10.916626091590388
2025-04-27 18:07:21,999 - INFO - cur_node_number 12,f_best -9.295166015625,f_min -10.916626091590388,k 133.54399830142074
2025-04-27 18:07:21,999 - INFO - f_best_current -9.295166015625,f_min -10.916626091590388
2025-04-27 18:07:21,999 - INFO - 回退,len(queue)=2
2025-04-27 18:07:29,310 - INFO - tree_node.f_best*ep:-9.281949996948242,left_f_best-8.280440330505371,right_f_best-9.287065505981445,i:1
2025-04-27 18:07:51,219 - INFO - 添加左子节点，右子节点，len(queue):4
2025-04-27 18:07:51,219 - INFO - Node 1: k=598.1423353300117, f_best=-9.262091636657715, f_min=-10.64318931069647
2025-04-27 18:07:51,219 - INFO - Node 2: k=85.3419485632778, f_best=-8.249361038208008, f_min=-9.10343707897664
2025-04-27 18:07:51,219 - INFO - Node 3: k=156.5908405659726, f_best=-9.275367736816406, f_min=-9.41953405973345
2025-04-27 18:07:51,219 - INFO - Node 4: k=80.39597601134543, f_best=-8.270177841186523, f_min=-8.642365908648571
2025-04-27 18:07:51,219 - INFO - Node 5: k=133.54399830142074, f_best=-9.281949996948242, f_min=-9.403136291784904
2025-04-27 18:07:51,219 - INFO - Node 6: k=153.50538238013195, f_best=-8.280440330505371, f_min=-9.097258226892336
2025-04-27 18:07:51,219 - INFO - Node 7: k=153.50538238013195, f_best=-9.287065505981445, f_min=-10.327043526722264
2025-04-27 18:07:51,219 - INFO - cur_node_number 13,f_best -9.287065505981445,f_min -10.327043526722264,k 153.50538238013195
2025-04-27 18:07:51,219 - INFO - f_best_current -9.287065505981445,f_min -10.327043526722264
2025-04-27 18:07:51,219 - INFO - 回退,len(queue)=2
2025-04-27 18:07:58,591 - INFO - tree_node.f_best*ep:-9.281949996948242,left_f_best-8.241422653198242,right_f_best-9.28497314453125,i:1
2025-04-27 18:08:20,157 - INFO - 添加左子节点，右子节点，len(queue):4
2025-04-27 18:08:20,157 - INFO - Node 1: k=598.1423353300117, f_best=-9.262091636657715, f_min=-10.64318931069647
2025-04-27 18:08:20,157 - INFO - Node 2: k=85.3419485632778, f_best=-8.249361038208008, f_min=-9.10343707897664
2025-04-27 18:08:20,157 - INFO - Node 3: k=156.5908405659726, f_best=-9.275367736816406, f_min=-9.41953405973345
2025-04-27 18:08:20,157 - INFO - Node 4: k=80.39597601134543, f_best=-8.270177841186523, f_min=-8.642365908648571
2025-04-27 18:08:20,157 - INFO - Node 5: k=153.50538238013195, f_best=-9.281949996948242, f_min=-9.403136291784904
2025-04-27 18:08:20,157 - INFO - Node 6: k=103.10237190758744, f_best=-8.241422653198242, f_min=-8.250100247499176
2025-04-27 18:08:20,157 - INFO - Node 7: k=198.82881590935236, f_best=-9.28497314453125, f_min=-11.909338871736509
2025-04-27 18:08:20,157 - INFO - cur_node_number 14,f_best -9.28497314453125,f_min -11.909338871736509,k 198.82881590935236
2025-04-27 18:08:20,157 - INFO - f_best_current -9.28497314453125,f_min -11.909338871736509
2025-04-27 18:08:20,157 - INFO - 回退,len(queue)=2
2025-04-27 18:08:20,157 - INFO - 回退,len(queue)=1
2025-04-27 18:08:27,248 - INFO - tree_node.f_best*ep:-9.275367736816406,left_f_best-8.258536338806152,right_f_best-9.28647232055664,i:1
2025-04-27 18:08:49,206 - INFO - 添加左子节点，右子节点，len(queue):3
2025-04-27 18:08:49,206 - INFO - Node 1: k=598.1423353300117, f_best=-9.262091636657715, f_min=-10.64318931069647
2025-04-27 18:08:49,206 - INFO - Node 2: k=85.3419485632778, f_best=-8.249361038208008, f_min=-9.10343707897664
2025-04-27 18:08:49,206 - INFO - Node 3: k=198.82881590935236, f_best=-9.275367736816406, f_min=-9.41953405973345
2025-04-27 18:08:49,206 - INFO - Node 4: k=122.10459593521628, f_best=-8.258536338806152, f_min=-8.509226723274423
2025-04-27 18:08:49,206 - INFO - Node 5: k=151.98552710904153, f_best=-9.28647232055664, f_min=-9.359806492164353
2025-04-27 18:08:49,206 - INFO - cur_node_number 15,f_best -9.28647232055664,f_min -9.359806492164353,k 151.98552710904153
2025-04-27 18:08:49,206 - INFO - f_best_current -9.28647232055664,f_min -9.359806492164353
2025-04-27 18:08:49,206 - INFO - 结束,fmin= -9.359806492164353, fbestmin=-9.28647232055664
