2025-04-27 18:10:06,673 - INFO - Namespace(log_file='outputs/dnn1/img[8]/min/DNN1img8_label2.log', image_path='img[8].png', model_path='network/SimpleNN14.pth', label=2, init_epsilon=0.05, epsilon=0.01, ep=1, min=1)
2025-04-27 18:10:06,676 - INFO - Model output max(1): torch.return_types.max(
values=tensor([7.1213], grad_fn=<MaxBackward0>),
indices=tensor([8]))
2025-04-27 18:10:10,315 - INFO - cur_node_number 1,f_best -8.705035209655762,f_min -13.474350576181678,k 422.3284110516352
2025-04-27 18:10:10,315 - INFO - f_best_current -8.705035209655762,f_min -13.474350576181678
2025-04-27 18:10:17,483 - INFO - tree_node.f_best*ep:-8.705035209655762,left_f_best-7.543067455291748,right_f_best-8.720955848693848,i:1
2025-04-27 18:10:38,973 - INFO - 添加左子节点，右子节点，len(queue):2
2025-04-27 18:10:38,973 - INFO - Node 1: k=422.3284110516352, f_best=-8.705035209655762, f_min=-13.474350576181678
2025-04-27 18:10:38,973 - INFO - Node 2: k=189.77150164186014, f_best=-7.543067455291748, f_min=-7.562208304304477
2025-04-27 18:10:38,973 - INFO - Node 3: k=266.16914083371427, f_best=-8.720955848693848, f_min=-9.07842062052896
2025-04-27 18:10:38,973 - INFO - cur_node_number 2,f_best -8.720955848693848,f_min -9.07842062052896,k 266.16914083371427
2025-04-27 18:10:38,973 - INFO - f_best_current -8.720955848693848,f_min -9.07842062052896
2025-04-27 18:10:46,314 - INFO - tree_node.f_best*ep:-8.720955848693848,left_f_best-7.518644332885742,right_f_best-8.734684944152832,i:1
2025-04-27 18:11:07,189 - INFO - 添加左子节点，右子节点，len(queue):3
2025-04-27 18:11:07,189 - INFO - Node 1: k=422.3284110516352, f_best=-8.705035209655762, f_min=-13.474350576181678
2025-04-27 18:11:07,189 - INFO - Node 2: k=189.77150164186014, f_best=-7.543067455291748, f_min=-7.562208304304477
2025-04-27 18:11:07,189 - INFO - Node 3: k=266.16914083371427, f_best=-8.720955848693848, f_min=-9.07842062052896
2025-04-27 18:11:07,189 - INFO - Node 4: k=175.2507978715324, f_best=-7.518644332885742, f_min=-7.701335878910868
2025-04-27 18:11:07,189 - INFO - Node 5: k=243.36904544798693, f_best=-8.734684944152832, f_min=-11.024543057791561
2025-04-27 18:11:07,205 - INFO - cur_node_number 3,f_best -8.734684944152832,f_min -11.024543057791561,k 243.36904544798693
2025-04-27 18:11:07,205 - INFO - f_best_current -8.734684944152832,f_min -11.024543057791561
2025-04-27 18:11:14,310 - INFO - tree_node.f_best*ep:-8.734684944152832,left_f_best-7.55247163772583,right_f_best-8.721585273742676,i:1
2025-04-27 18:11:21,851 - INFO - tree_node.f_best*ep:-8.734684944152832,left_f_best-7.537901401519775,right_f_best-8.763333320617676,i:2
2025-04-27 18:11:43,934 - INFO - 添加左子节点，右子节点，len(queue):4
2025-04-27 18:11:43,934 - INFO - Node 1: k=422.3284110516352, f_best=-8.705035209655762, f_min=-13.474350576181678
2025-04-27 18:11:43,934 - INFO - Node 2: k=189.77150164186014, f_best=-7.543067455291748, f_min=-7.562208304304477
2025-04-27 18:11:43,934 - INFO - Node 3: k=266.16914083371427, f_best=-8.720955848693848, f_min=-9.07842062052896
2025-04-27 18:11:43,934 - INFO - Node 4: k=175.2507978715324, f_best=-7.518644332885742, f_min=-7.701335878910868
2025-04-27 18:11:43,934 - INFO - Node 5: k=243.36904544798693, f_best=-8.734684944152832, f_min=-11.024543057791561
2025-04-27 18:11:43,934 - INFO - Node 6: k=184.19034985102425, f_best=-7.537901401519775, f_min=-8.139285088463112
2025-04-27 18:11:43,934 - INFO - Node 7: k=266.16914083371427, f_best=-8.763333320617676, f_min=-9.134443918665056
2025-04-27 18:11:43,934 - INFO - cur_node_number 4,f_best -8.763333320617676,f_min -9.134443918665056,k 266.16914083371427
2025-04-27 18:11:43,934 - INFO - f_best_current -8.763333320617676,f_min -9.134443918665056
2025-04-27 18:11:43,934 - INFO - 回退,len(queue)=2
2025-04-27 18:11:50,745 - INFO - tree_node.f_best*ep:-8.734684944152832,left_f_best-7.508363246917725,right_f_best-8.740082740783691,i:1
2025-04-27 18:12:12,507 - INFO - 添加左子节点，右子节点，len(queue):4
2025-04-27 18:12:12,507 - INFO - Node 1: k=422.3284110516352, f_best=-8.705035209655762, f_min=-13.474350576181678
2025-04-27 18:12:12,507 - INFO - Node 2: k=189.77150164186014, f_best=-7.543067455291748, f_min=-7.562208304304477
2025-04-27 18:12:12,507 - INFO - Node 3: k=266.16914083371427, f_best=-8.720955848693848, f_min=-9.07842062052896
2025-04-27 18:12:12,507 - INFO - Node 4: k=175.2507978715324, f_best=-7.518644332885742, f_min=-7.701335878910868
2025-04-27 18:12:12,507 - INFO - Node 5: k=266.16914083371427, f_best=-8.734684944152832, f_min=-11.024543057791561
2025-04-27 18:12:12,507 - INFO - Node 6: k=255.78331264907794, f_best=-7.508363246917725, f_min=-8.767015378349242
2025-04-27 18:12:12,507 - INFO - Node 7: k=199.45175544816362, f_best=-8.740082740783691, f_min=-10.680210379431628
2025-04-27 18:12:12,507 - INFO - cur_node_number 5,f_best -8.740082740783691,f_min -10.680210379431628,k 199.45175544816362
2025-04-27 18:12:12,507 - INFO - f_best_current -8.740082740783691,f_min -10.680210379431628
2025-04-27 18:12:19,732 - INFO - tree_node.f_best*ep:-8.740082740783691,left_f_best-7.4941301345825195,right_f_best-8.7227144241333,i:1
2025-04-27 18:12:27,101 - INFO - tree_node.f_best*ep:-8.740082740783691,left_f_best-7.562875747680664,right_f_best-8.754762649536133,i:2
2025-04-27 18:12:47,040 - INFO - 添加左子节点，右子节点，len(queue):5
2025-04-27 18:12:47,040 - INFO - Node 1: k=422.3284110516352, f_best=-8.705035209655762, f_min=-13.474350576181678
2025-04-27 18:12:47,040 - INFO - Node 2: k=189.77150164186014, f_best=-7.543067455291748, f_min=-7.562208304304477
2025-04-27 18:12:47,040 - INFO - Node 3: k=266.16914083371427, f_best=-8.720955848693848, f_min=-9.07842062052896
2025-04-27 18:12:47,040 - INFO - Node 4: k=175.2507978715324, f_best=-7.518644332885742, f_min=-7.701335878910868
2025-04-27 18:12:47,040 - INFO - Node 5: k=266.16914083371427, f_best=-8.734684944152832, f_min=-11.024543057791561
2025-04-27 18:12:47,040 - INFO - Node 6: k=255.78331264907794, f_best=-7.508363246917725, f_min=-8.767015378349242
2025-04-27 18:12:47,040 - INFO - Node 7: k=199.45175544816362, f_best=-8.740082740783691, f_min=-10.680210379431628
2025-04-27 18:12:47,040 - INFO - Node 8: k=168.41257210947362, f_best=-7.562875747680664, f_min=-8.441103973585996
2025-04-27 18:12:47,040 - INFO - Node 9: k=178.77333890875022, f_best=-8.754762649536133, f_min=-8.925228846651407
2025-04-27 18:12:47,040 - INFO - cur_node_number 6,f_best -8.754762649536133,f_min -8.925228846651407,k 178.77333890875022
2025-04-27 18:12:47,040 - INFO - f_best_current -8.754762649536133,f_min -8.925228846651407
2025-04-27 18:12:54,071 - INFO - tree_node.f_best*ep:-8.754762649536133,left_f_best-7.517618179321289,right_f_best-8.710676193237305,i:1
2025-04-27 18:13:01,355 - INFO - tree_node.f_best*ep:-8.754762649536133,left_f_best-7.545831203460693,right_f_best-8.762112617492676,i:2
2025-04-27 18:13:22,703 - INFO - 添加左子节点，右子节点，len(queue):6
2025-04-27 18:13:22,703 - INFO - Node 1: k=422.3284110516352, f_best=-8.705035209655762, f_min=-13.474350576181678
2025-04-27 18:13:22,703 - INFO - Node 2: k=189.77150164186014, f_best=-7.543067455291748, f_min=-7.562208304304477
2025-04-27 18:13:22,703 - INFO - Node 3: k=266.16914083371427, f_best=-8.720955848693848, f_min=-9.07842062052896
2025-04-27 18:13:22,703 - INFO - Node 4: k=175.2507978715324, f_best=-7.518644332885742, f_min=-7.701335878910868
2025-04-27 18:13:22,703 - INFO - Node 5: k=266.16914083371427, f_best=-8.734684944152832, f_min=-11.024543057791561
2025-04-27 18:13:22,703 - INFO - Node 6: k=255.78331264907794, f_best=-7.508363246917725, f_min=-8.767015378349242
2025-04-27 18:13:22,703 - INFO - Node 7: k=199.45175544816362, f_best=-8.740082740783691, f_min=-10.680210379431628
2025-04-27 18:13:22,703 - INFO - Node 8: k=168.41257210947362, f_best=-7.562875747680664, f_min=-8.441103973585996
2025-04-27 18:13:22,703 - INFO - Node 9: k=178.77333890875022, f_best=-8.754762649536133, f_min=-8.925228846651407
2025-04-27 18:13:22,703 - INFO - Node 10: k=187.89257588302985, f_best=-7.545831203460693, f_min=-8.239270849815512
2025-04-27 18:13:22,703 - INFO - Node 11: k=253.25080460304747, f_best=-8.762112617492676, f_min=-11.304286352491545
2025-04-27 18:13:22,703 - INFO - cur_node_number 7,f_best -8.762112617492676,f_min -11.304286352491545,k 253.25080460304747
2025-04-27 18:13:22,703 - INFO - f_best_current -8.762112617492676,f_min -11.304286352491545
2025-04-27 18:13:22,703 - INFO - 回退,len(queue)=4
2025-04-27 18:13:22,703 - INFO - 回退,len(queue)=3
2025-04-27 18:13:29,836 - INFO - tree_node.f_best*ep:-8.740082740783691,left_f_best-7.552054405212402,right_f_best-8.683601379394531,i:1
2025-04-27 18:13:37,318 - INFO - tree_node.f_best*ep:-8.740082740783691,left_f_best-7.520854473114014,right_f_best-8.742295265197754,i:2
2025-04-27 18:13:59,108 - INFO - 添加左子节点，右子节点，len(queue):5
2025-04-27 18:13:59,108 - INFO - Node 1: k=422.3284110516352, f_best=-8.705035209655762, f_min=-13.474350576181678
2025-04-27 18:13:59,108 - INFO - Node 2: k=189.77150164186014, f_best=-7.543067455291748, f_min=-7.562208304304477
2025-04-27 18:13:59,108 - INFO - Node 3: k=266.16914083371427, f_best=-8.720955848693848, f_min=-9.07842062052896
2025-04-27 18:13:59,108 - INFO - Node 4: k=175.2507978715324, f_best=-7.518644332885742, f_min=-7.701335878910868
2025-04-27 18:13:59,108 - INFO - Node 5: k=266.16914083371427, f_best=-8.734684944152832, f_min=-11.024543057791561
2025-04-27 18:13:59,108 - INFO - Node 6: k=255.78331264907794, f_best=-7.508363246917725, f_min=-8.767015378349242
2025-04-27 18:13:59,108 - INFO - Node 7: k=253.25080460304747, f_best=-8.740082740783691, f_min=-10.680210379431628
2025-04-27 18:13:59,108 - INFO - Node 8: k=260.92455723332444, f_best=-7.520854473114014, f_min=-10.930366680297084
2025-04-27 18:13:59,108 - INFO - Node 9: k=166.74512090046892, f_best=-8.742295265197754, f_min=-10.652439774062259
2025-04-27 18:13:59,108 - INFO - cur_node_number 8,f_best -8.742295265197754,f_min -10.652439774062259,k 166.74512090046892
2025-04-27 18:13:59,108 - INFO - f_best_current -8.742295265197754,f_min -10.652439774062259
2025-04-27 18:14:06,180 - INFO - tree_node.f_best*ep:-8.742295265197754,left_f_best-7.5420074462890625,right_f_best-8.739677429199219,i:1
2025-04-27 18:14:13,362 - INFO - tree_node.f_best*ep:-8.742295265197754,left_f_best-7.54426908493042,right_f_best-8.749751091003418,i:2
2025-04-27 18:14:34,896 - INFO - 添加左子节点，右子节点，len(queue):6
2025-04-27 18:14:34,896 - INFO - Node 1: k=422.3284110516352, f_best=-8.705035209655762, f_min=-13.474350576181678
2025-04-27 18:14:34,896 - INFO - Node 2: k=189.77150164186014, f_best=-7.543067455291748, f_min=-7.562208304304477
2025-04-27 18:14:34,896 - INFO - Node 3: k=266.16914083371427, f_best=-8.720955848693848, f_min=-9.07842062052896
2025-04-27 18:14:34,896 - INFO - Node 4: k=175.2507978715324, f_best=-7.518644332885742, f_min=-7.701335878910868
2025-04-27 18:14:34,896 - INFO - Node 5: k=266.16914083371427, f_best=-8.734684944152832, f_min=-11.024543057791561
2025-04-27 18:14:34,896 - INFO - Node 6: k=255.78331264907794, f_best=-7.508363246917725, f_min=-8.767015378349242
2025-04-27 18:14:34,896 - INFO - Node 7: k=253.25080460304747, f_best=-8.740082740783691, f_min=-10.680210379431628
2025-04-27 18:14:34,896 - INFO - Node 8: k=260.92455723332444, f_best=-7.520854473114014, f_min=-10.930366680297084
2025-04-27 18:14:34,896 - INFO - Node 9: k=166.74512090046892, f_best=-8.742295265197754, f_min=-10.652439774062259
2025-04-27 18:14:34,896 - INFO - Node 10: k=145.06208054099162, f_best=-7.54426908493042, f_min=-8.142639578260969
2025-04-27 18:14:34,896 - INFO - Node 11: k=299.9260501401506, f_best=-8.749751091003418, f_min=-9.75556358671929
2025-04-27 18:14:34,896 - INFO - cur_node_number 9,f_best -8.749751091003418,f_min -9.75556358671929,k 299.9260501401506
2025-04-27 18:14:34,896 - INFO - f_best_current -8.749751091003418,f_min -9.75556358671929
2025-04-27 18:14:34,896 - INFO - 回退,len(queue)=4
2025-04-27 18:14:34,896 - INFO - 回退,len(queue)=3
2025-04-27 18:14:34,896 - INFO - 回退,len(queue)=2
2025-04-27 18:14:34,896 - INFO - 回退,len(queue)=1
2025-04-27 18:14:42,280 - INFO - tree_node.f_best*ep:-8.720955848693848,left_f_best-7.548849105834961,right_f_best-8.708731651306152,i:1
2025-04-27 18:14:49,671 - INFO - tree_node.f_best*ep:-8.720955848693848,left_f_best-7.594470024108887,right_f_best-8.73033618927002,i:2
2025-04-27 18:15:10,748 - INFO - 添加左子节点，右子节点，len(queue):3
2025-04-27 18:15:10,748 - INFO - Node 1: k=422.3284110516352, f_best=-8.705035209655762, f_min=-13.474350576181678
2025-04-27 18:15:10,748 - INFO - Node 2: k=189.77150164186014, f_best=-7.543067455291748, f_min=-7.562208304304477
2025-04-27 18:15:10,748 - INFO - Node 3: k=299.9260501401506, f_best=-8.720955848693848, f_min=-9.07842062052896
2025-04-27 18:15:10,748 - INFO - Node 4: k=193.58590882486152, f_best=-7.594470024108887, f_min=-8.367982120681518
2025-04-27 18:15:10,748 - INFO - Node 5: k=213.83927805577815, f_best=-8.73033618927002, f_min=-10.111373831968194
2025-04-27 18:15:10,748 - INFO - cur_node_number 10,f_best -8.73033618927002,f_min -10.111373831968194,k 213.83927805577815
2025-04-27 18:15:10,748 - INFO - f_best_current -8.73033618927002,f_min -10.111373831968194
2025-04-27 18:15:17,961 - INFO - tree_node.f_best*ep:-8.73033618927002,left_f_best-7.524294376373291,right_f_best-8.72415828704834,i:1
2025-04-27 18:15:25,582 - INFO - tree_node.f_best*ep:-8.73033618927002,left_f_best-7.56998872756958,right_f_best-8.770448684692383,i:2
2025-04-27 18:15:48,563 - INFO - 添加左子节点，右子节点，len(queue):4
2025-04-27 18:15:48,563 - INFO - Node 1: k=422.3284110516352, f_best=-8.705035209655762, f_min=-13.474350576181678
2025-04-27 18:15:48,563 - INFO - Node 2: k=189.77150164186014, f_best=-7.543067455291748, f_min=-7.562208304304477
2025-04-27 18:15:48,563 - INFO - Node 3: k=299.9260501401506, f_best=-8.720955848693848, f_min=-9.07842062052896
2025-04-27 18:15:48,563 - INFO - Node 4: k=193.58590882486152, f_best=-7.594470024108887, f_min=-8.367982120681518
2025-04-27 18:15:48,563 - INFO - Node 5: k=213.83927805577815, f_best=-8.73033618927002, f_min=-10.111373831968194
2025-04-27 18:15:48,563 - INFO - Node 6: k=248.26076326149146, f_best=-7.56998872756958, f_min=-8.571241415856093
2025-04-27 18:15:48,563 - INFO - Node 7: k=274.23433197011667, f_best=-8.770448684692383, f_min=-9.005961787049273
2025-04-27 18:15:48,563 - INFO - cur_node_number 11,f_best -8.770448684692383,f_min -9.005961787049273,k 274.23433197011667
2025-04-27 18:15:48,563 - INFO - f_best_current -8.770448684692383,f_min -9.005961787049273
2025-04-27 18:15:48,563 - INFO - 回退,len(queue)=2
2025-04-27 18:15:55,917 - INFO - tree_node.f_best*ep:-8.73033618927002,left_f_best-7.510930061340332,right_f_best-8.750532150268555,i:1
2025-04-27 18:16:16,972 - INFO - 添加左子节点，右子节点，len(queue):4
2025-04-27 18:16:16,972 - INFO - Node 1: k=422.3284110516352, f_best=-8.705035209655762, f_min=-13.474350576181678
2025-04-27 18:16:16,972 - INFO - Node 2: k=189.77150164186014, f_best=-7.543067455291748, f_min=-7.562208304304477
2025-04-27 18:16:16,972 - INFO - Node 3: k=299.9260501401506, f_best=-8.720955848693848, f_min=-9.07842062052896
2025-04-27 18:16:16,972 - INFO - Node 4: k=193.58590882486152, f_best=-7.594470024108887, f_min=-8.367982120681518
2025-04-27 18:16:16,972 - INFO - Node 5: k=274.23433197011667, f_best=-8.73033618927002, f_min=-10.111373831968194
2025-04-27 18:16:16,972 - INFO - Node 6: k=260.92455723332444, f_best=-7.510930061340332, f_min=-10.074905520178618
2025-04-27 18:16:16,972 - INFO - Node 7: k=136.65504178970315, f_best=-8.750532150268555, f_min=-8.913678102053382
2025-04-27 18:16:16,972 - INFO - cur_node_number 12,f_best -8.750532150268555,f_min -8.913678102053382,k 136.65504178970315
2025-04-27 18:16:16,972 - INFO - f_best_current -8.750532150268555,f_min -8.913678102053382
2025-04-27 18:16:24,218 - INFO - tree_node.f_best*ep:-8.750532150268555,left_f_best-7.546999931335449,right_f_best-8.703924179077148,i:1
2025-04-27 18:16:31,510 - INFO - tree_node.f_best*ep:-8.750532150268555,left_f_best-7.551563739776611,right_f_best-8.745074272155762,i:2
2025-04-27 18:16:39,055 - INFO - tree_node.f_best*ep:-8.750532150268555,left_f_best-7.55759859085083,right_f_best-8.759177207946777,i:3
2025-04-27 18:16:58,407 - INFO - 添加左子节点，右子节点，len(queue):5
2025-04-27 18:16:58,407 - INFO - Node 1: k=422.3284110516352, f_best=-8.705035209655762, f_min=-13.474350576181678
2025-04-27 18:16:58,407 - INFO - Node 2: k=189.77150164186014, f_best=-7.543067455291748, f_min=-7.562208304304477
2025-04-27 18:16:58,407 - INFO - Node 3: k=299.9260501401506, f_best=-8.720955848693848, f_min=-9.07842062052896
2025-04-27 18:16:58,407 - INFO - Node 4: k=193.58590882486152, f_best=-7.594470024108887, f_min=-8.367982120681518
2025-04-27 18:16:58,407 - INFO - Node 5: k=274.23433197011667, f_best=-8.73033618927002, f_min=-10.111373831968194
2025-04-27 18:16:58,407 - INFO - Node 6: k=260.92455723332444, f_best=-7.510930061340332, f_min=-10.074905520178618
2025-04-27 18:16:58,407 - INFO - Node 7: k=136.65504178970315, f_best=-8.750532150268555, f_min=-8.913678102053382
2025-04-27 18:16:58,407 - INFO - Node 8: k=136.65504178970315, f_best=-7.55759859085083, f_min=-11.500692488641562
2025-04-27 18:16:58,407 - INFO - Node 9: k=186.0322533495345, f_best=-8.759177207946777, f_min=-9.538882882611688
2025-04-27 18:16:58,407 - INFO - cur_node_number 13,f_best -8.759177207946777,f_min -9.538882882611688,k 186.0322533495345
2025-04-27 18:16:58,407 - INFO - f_best_current -8.759177207946777,f_min -9.538882882611688
2025-04-27 18:16:58,407 - INFO - 回退,len(queue)=3
2025-04-27 18:17:05,795 - INFO - tree_node.f_best*ep:-8.750532150268555,left_f_best-7.5165886878967285,right_f_best-8.729829788208008,i:1
2025-04-27 18:17:13,435 - INFO - tree_node.f_best*ep:-8.750532150268555,left_f_best-7.555739402770996,right_f_best-8.758042335510254,i:2
2025-04-27 18:17:34,842 - INFO - 添加左子节点，右子节点，len(queue):5
2025-04-27 18:17:34,842 - INFO - Node 1: k=422.3284110516352, f_best=-8.705035209655762, f_min=-13.474350576181678
2025-04-27 18:17:34,842 - INFO - Node 2: k=189.77150164186014, f_best=-7.543067455291748, f_min=-7.562208304304477
2025-04-27 18:17:34,842 - INFO - Node 3: k=299.9260501401506, f_best=-8.720955848693848, f_min=-9.07842062052896
2025-04-27 18:17:34,842 - INFO - Node 4: k=193.58590882486152, f_best=-7.594470024108887, f_min=-8.367982120681518
2025-04-27 18:17:34,842 - INFO - Node 5: k=274.23433197011667, f_best=-8.73033618927002, f_min=-10.111373831968194
2025-04-27 18:17:34,842 - INFO - Node 6: k=260.92455723332444, f_best=-7.510930061340332, f_min=-10.074905520178618
2025-04-27 18:17:34,842 - INFO - Node 7: k=186.0322533495345, f_best=-8.750532150268555, f_min=-8.913678102053382
2025-04-27 18:17:34,842 - INFO - Node 8: k=243.36904544798693, f_best=-7.555739402770996, f_min=-10.594775499364005
2025-04-27 18:17:34,842 - INFO - Node 9: k=191.66921665827874, f_best=-8.758042335510254, f_min=-9.449374795941367
2025-04-27 18:17:34,842 - INFO - cur_node_number 14,f_best -8.758042335510254,f_min -9.449374795941367,k 191.66921665827874
2025-04-27 18:17:34,842 - INFO - f_best_current -8.758042335510254,f_min -9.449374795941367
2025-04-27 18:17:34,842 - INFO - 回退,len(queue)=3
2025-04-27 18:17:42,118 - INFO - tree_node.f_best*ep:-8.750532150268555,left_f_best-7.535585880279541,right_f_best-8.717275619506836,i:1
2025-04-27 18:17:49,537 - INFO - tree_node.f_best*ep:-8.750532150268555,left_f_best-7.560283660888672,right_f_best-8.73483943939209,i:2
2025-04-27 18:17:57,130 - INFO - tree_node.f_best*ep:-8.750532150268555,left_f_best-7.567010879516602,right_f_best-8.795280456542969,i:3
2025-04-27 18:18:17,878 - INFO - 添加左子节点，右子节点，len(queue):5
2025-04-27 18:18:17,878 - INFO - Node 1: k=422.3284110516352, f_best=-8.705035209655762, f_min=-13.474350576181678
2025-04-27 18:18:17,878 - INFO - Node 2: k=189.77150164186014, f_best=-7.543067455291748, f_min=-7.562208304304477
2025-04-27 18:18:17,878 - INFO - Node 3: k=299.9260501401506, f_best=-8.720955848693848, f_min=-9.07842062052896
2025-04-27 18:18:17,878 - INFO - Node 4: k=193.58590882486152, f_best=-7.594470024108887, f_min=-8.367982120681518
2025-04-27 18:18:17,878 - INFO - Node 5: k=274.23433197011667, f_best=-8.73033618927002, f_min=-10.111373831968194
2025-04-27 18:18:17,878 - INFO - Node 6: k=260.92455723332444, f_best=-7.510930061340332, f_min=-10.074905520178618
2025-04-27 18:18:17,878 - INFO - Node 7: k=191.66921665827874, f_best=-8.750532150268555, f_min=-8.913678102053382
2025-04-27 18:18:17,878 - INFO - Node 8: k=178.77333890875022, f_best=-7.567010879516602, f_min=-7.8886326644642395
2025-04-27 18:18:17,878 - INFO - Node 9: k=213.83927805577815, f_best=-8.795280456542969, f_min=-8.889035508067536
2025-04-27 18:18:17,878 - INFO - cur_node_number 15,f_best -8.795280456542969,f_min -8.889035508067536,k 213.83927805577815
2025-04-27 18:18:17,878 - INFO - f_best_current -8.795280456542969,f_min -8.889035508067536
2025-04-27 18:18:17,878 - INFO - 回退,len(queue)=3
2025-04-27 18:18:25,203 - INFO - tree_node.f_best*ep:-8.750532150268555,left_f_best-7.562159061431885,right_f_best-8.72735595703125,i:1
2025-04-27 18:18:32,883 - INFO - tree_node.f_best*ep:-8.750532150268555,left_f_best-7.558642387390137,right_f_best-8.738715171813965,i:2
2025-04-27 18:18:41,018 - INFO - tree_node.f_best*ep:-8.750532150268555,left_f_best-7.581066131591797,right_f_best-8.756491661071777,i:3
2025-04-27 18:19:04,244 - INFO - 添加左子节点，右子节点，len(queue):5
2025-04-27 18:19:04,244 - INFO - Node 1: k=422.3284110516352, f_best=-8.705035209655762, f_min=-13.474350576181678
2025-04-27 18:19:04,244 - INFO - Node 2: k=189.77150164186014, f_best=-7.543067455291748, f_min=-7.562208304304477
2025-04-27 18:19:04,244 - INFO - Node 3: k=299.9260501401506, f_best=-8.720955848693848, f_min=-9.07842062052896
2025-04-27 18:19:04,244 - INFO - Node 4: k=193.58590882486152, f_best=-7.594470024108887, f_min=-8.367982120681518
2025-04-27 18:19:04,244 - INFO - Node 5: k=274.23433197011667, f_best=-8.73033618927002, f_min=-10.111373831968194
2025-04-27 18:19:04,244 - INFO - Node 6: k=260.92455723332444, f_best=-7.510930061340332, f_min=-10.074905520178618
2025-04-27 18:19:04,244 - INFO - Node 7: k=213.83927805577815, f_best=-8.750532150268555, f_min=-8.913678102053382
2025-04-27 18:19:04,244 - INFO - Node 8: k=224.74723034275124, f_best=-7.581066131591797, f_min=-9.335878599559692
2025-04-27 18:19:04,244 - INFO - Node 9: k=276.9766752898178, f_best=-8.756491661071777, f_min=-10.399788667113171
2025-04-27 18:19:04,244 - INFO - cur_node_number 16,f_best -8.756491661071777,f_min -10.399788667113171,k 276.9766752898178
2025-04-27 18:19:04,244 - INFO - f_best_current -8.756491661071777,f_min -10.399788667113171
2025-04-27 18:19:04,244 - INFO - 回退,len(queue)=3
2025-04-27 18:19:04,244 - INFO - 回退,len(queue)=2
2025-04-27 18:19:11,460 - INFO - tree_node.f_best*ep:-8.73033618927002,left_f_best-7.5153021812438965,right_f_best-8.726820945739746,i:1
2025-04-27 18:19:18,770 - INFO - tree_node.f_best*ep:-8.73033618927002,left_f_best-7.57155704498291,right_f_best-8.763917922973633,i:2
2025-04-27 18:19:41,626 - INFO - 添加左子节点，右子节点，len(queue):4
2025-04-27 18:19:41,626 - INFO - Node 1: k=422.3284110516352, f_best=-8.705035209655762, f_min=-13.474350576181678
2025-04-27 18:19:41,626 - INFO - Node 2: k=189.77150164186014, f_best=-7.543067455291748, f_min=-7.562208304304477
2025-04-27 18:19:41,626 - INFO - Node 3: k=299.9260501401506, f_best=-8.720955848693848, f_min=-9.07842062052896
2025-04-27 18:19:41,626 - INFO - Node 4: k=193.58590882486152, f_best=-7.594470024108887, f_min=-8.367982120681518
2025-04-27 18:19:41,626 - INFO - Node 5: k=276.9766752898178, f_best=-8.73033618927002, f_min=-10.111373831968194
2025-04-27 18:19:41,626 - INFO - Node 6: k=177.00330585024773, f_best=-7.57155704498291, f_min=-8.095728533225156
2025-04-27 18:19:41,626 - INFO - Node 7: k=437.7502390079725, f_best=-8.763917922973633, f_min=-12.158291980214926
2025-04-27 18:19:41,626 - INFO - cur_node_number 17,f_best -8.763917922973633,f_min -12.158291980214926,k 437.7502390079725
2025-04-27 18:19:41,626 - INFO - f_best_current -8.763917922973633,f_min -12.158291980214926
2025-04-27 18:19:41,626 - INFO - 回退,len(queue)=2
2025-04-27 18:19:41,626 - INFO - 回退,len(queue)=1
2025-04-27 18:19:41,626 - INFO - 回退,len(queue)=0
2025-04-27 18:19:48,997 - INFO - tree_node.f_best*ep:-8.705035209655762,left_f_best-7.552766799926758,right_f_best-8.676337242126465,i:1
2025-04-27 18:19:56,698 - INFO - tree_node.f_best*ep:-8.705035209655762,left_f_best-7.579151630401611,right_f_best-8.751934051513672,i:2
2025-04-27 18:20:19,090 - INFO - 添加左子节点，右子节点，len(queue):2
2025-04-27 18:20:19,090 - INFO - Node 1: k=437.7502390079725, f_best=-8.705035209655762, f_min=-13.474350576181678
2025-04-27 18:20:19,090 - INFO - Node 2: k=229.26464967264053, f_best=-7.579151630401611, f_min=-11.49423348963046
2025-04-27 18:20:19,090 - INFO - Node 3: k=231.55729616936694, f_best=-8.751934051513672, f_min=-9.749523352956203
2025-04-27 18:20:19,090 - INFO - cur_node_number 18,f_best -8.751934051513672,f_min -9.749523352956203,k 231.55729616936694
2025-04-27 18:20:19,090 - INFO - f_best_current -8.751934051513672,f_min -9.749523352956203
2025-04-27 18:20:26,285 - INFO - tree_node.f_best*ep:-8.751934051513672,left_f_best-7.517744064331055,right_f_best-8.736883163452148,i:1
2025-04-27 18:20:33,642 - INFO - tree_node.f_best*ep:-8.751934051513672,left_f_best-7.554131031036377,right_f_best-8.744866371154785,i:2
2025-04-27 18:20:41,588 - INFO - tree_node.f_best*ep:-8.751934051513672,left_f_best-7.545382499694824,right_f_best-8.765908241271973,i:3
2025-04-27 18:21:05,437 - INFO - 添加左子节点，右子节点，len(queue):3
2025-04-27 18:21:05,437 - INFO - Node 1: k=437.7502390079725, f_best=-8.705035209655762, f_min=-13.474350576181678
2025-04-27 18:21:05,437 - INFO - Node 2: k=229.26464967264053, f_best=-7.579151630401611, f_min=-11.49423348963046
2025-04-27 18:21:05,437 - INFO - Node 3: k=231.55729616936694, f_best=-8.751934051513672, f_min=-9.749523352956203
2025-04-27 18:21:05,437 - INFO - Node 4: k=224.74723034275124, f_best=-7.545382499694824, f_min=-8.520640353099225
2025-04-27 18:21:05,437 - INFO - Node 5: k=369.6264468929658, f_best=-8.765908241271973, f_min=-13.335071662659175
2025-04-27 18:21:05,437 - INFO - cur_node_number 19,f_best -8.765908241271973,f_min -13.335071662659175,k 369.6264468929658
2025-04-27 18:21:05,437 - INFO - f_best_current -8.765908241271973,f_min -13.335071662659175
2025-04-27 18:21:05,437 - INFO - 回退,len(queue)=1
2025-04-27 18:21:12,698 - INFO - tree_node.f_best*ep:-8.751934051513672,left_f_best-7.517481803894043,right_f_best-8.726079940795898,i:1
2025-04-27 18:21:20,244 - INFO - tree_node.f_best*ep:-8.751934051513672,left_f_best-7.584935665130615,right_f_best-8.742009162902832,i:2
2025-04-27 18:21:28,086 - INFO - tree_node.f_best*ep:-8.751934051513672,left_f_best-7.606794357299805,right_f_best-8.760334968566895,i:3
2025-04-27 18:21:49,121 - INFO - 添加左子节点，右子节点，len(queue):3
2025-04-27 18:21:49,121 - INFO - Node 1: k=437.7502390079725, f_best=-8.705035209655762, f_min=-13.474350576181678
2025-04-27 18:21:49,121 - INFO - Node 2: k=229.26464967264053, f_best=-7.579151630401611, f_min=-11.49423348963046
2025-04-27 18:21:49,121 - INFO - Node 3: k=369.6264468929658, f_best=-8.751934051513672, f_min=-9.749523352956203
2025-04-27 18:21:49,121 - INFO - Node 4: k=191.66921665827874, f_best=-7.606794357299805, f_min=-8.326670185599141
2025-04-27 18:21:49,121 - INFO - Node 5: k=233.8728691310606, f_best=-8.760334968566895, f_min=-10.762720963266474
2025-04-27 18:21:49,121 - INFO - cur_node_number 20,f_best -8.760334968566895,f_min -10.762720963266474,k 233.8728691310606
2025-04-27 18:21:49,121 - INFO - f_best_current -8.760334968566895,f_min -10.762720963266474
2025-04-27 18:21:56,507 - INFO - tree_node.f_best*ep:-8.760334968566895,left_f_best-7.511129379272461,right_f_best-8.716211318969727,i:1
2025-04-27 18:22:04,116 - INFO - tree_node.f_best*ep:-8.760334968566895,left_f_best-7.55281400680542,right_f_best-8.759429931640625,i:2
2025-04-27 18:22:12,191 - INFO - tree_node.f_best*ep:-8.760334968566895,left_f_best-7.5808329582214355,right_f_best-8.784014701843262,i:3
2025-04-27 18:22:33,927 - INFO - 添加左子节点，右子节点，len(queue):4
2025-04-27 18:22:33,927 - INFO - Node 1: k=437.7502390079725, f_best=-8.705035209655762, f_min=-13.474350576181678
2025-04-27 18:22:33,927 - INFO - Node 2: k=229.26464967264053, f_best=-7.579151630401611, f_min=-11.49423348963046
2025-04-27 18:22:33,927 - INFO - Node 3: k=369.6264468929658, f_best=-8.751934051513672, f_min=-9.749523352956203
2025-04-27 18:22:33,927 - INFO - Node 4: k=191.66921665827874, f_best=-7.606794357299805, f_min=-8.326670185599141
2025-04-27 18:22:33,927 - INFO - Node 5: k=233.8728691310606, f_best=-8.760334968566895, f_min=-10.762720963266474
2025-04-27 18:22:33,927 - INFO - Node 6: k=238.57371380059496, f_best=-7.5808329582214355, f_min=-9.47613572992941
2025-04-27 18:22:33,927 - INFO - Node 7: k=163.4595832766091, f_best=-8.784014701843262, f_min=-8.802064531761971
2025-04-27 18:22:33,927 - INFO - cur_node_number 21,f_best -8.784014701843262,f_min -8.802064531761971,k 163.4595832766091
2025-04-27 18:22:33,927 - INFO - f_best_current -8.784014701843262,f_min -8.802064531761971
2025-04-27 18:22:33,927 - INFO - 结束,fmin= -8.802064531761971, fbestmin=-8.784014701843262
