2025-04-27 18:55:15,221 - INFO - Namespace(log_file='outputs/dnn1/img[8]/min/DNN1img8_label6.log', image_path='img[8].png', model_path='network/SimpleNN14.pth', label=6, init_epsilon=0.05, epsilon=0.01, ep=1, min=1)
2025-04-27 18:55:15,221 - INFO - Model output max(1): torch.return_types.max(
values=tensor([7.1213], grad_fn=<MaxBackward0>),
indices=tensor([8]))
2025-04-27 18:55:18,794 - INFO - cur_node_number 1,f_best -11.530116081237793,f_min -13.592451526026707,k 1387.1724659601664
2025-04-27 18:55:18,794 - INFO - f_best_current -11.530116081237793,f_min -13.592451526026707
2025-04-27 18:55:24,425 - INFO - tree_node.f_best*ep:-11.530116081237793,left_f_best-10.270337104797363,right_f_best-11.532812118530273,i:1
2025-04-27 18:55:43,417 - INFO - 添加左子节点，右子节点，len(queue):2
2025-04-27 18:55:43,417 - INFO - Node 1: k=1387.1724659601664, f_best=-11.530116081237793, f_min=-13.592451526026707
2025-04-27 18:55:43,417 - INFO - Node 2: k=247.22195337702652, f_best=-10.270337104797363, f_min=-10.56530823430603
2025-04-27 18:55:43,417 - INFO - Node 3: k=329.91865515416566, f_best=-11.532812118530273, f_min=-12.207628612466578
2025-04-27 18:55:43,417 - INFO - cur_node_number 2,f_best -11.532812118530273,f_min -12.207628612466578,k 329.91865515416566
2025-04-27 18:55:43,417 - INFO - f_best_current -11.532812118530273,f_min -12.207628612466578
2025-04-27 18:55:48,721 - INFO - tree_node.f_best*ep:-11.532812118530273,left_f_best-10.294950485229492,right_f_best-11.549592971801758,i:1
2025-04-27 18:56:06,842 - INFO - 添加左子节点，右子节点，len(queue):3
2025-04-27 18:56:06,842 - INFO - Node 1: k=1387.1724659601664, f_best=-11.530116081237793, f_min=-13.592451526026707
2025-04-27 18:56:06,842 - INFO - Node 2: k=247.22195337702652, f_best=-10.270337104797363, f_min=-10.56530823430603
2025-04-27 18:56:06,842 - INFO - Node 3: k=329.91865515416566, f_best=-11.532812118530273, f_min=-12.207628612466578
2025-04-27 18:56:06,842 - INFO - Node 4: k=298.67105462091916, f_best=-10.294950485229492, f_min=-11.089251977527965
2025-04-27 18:56:06,842 - INFO - Node 5: k=205.4953430899984, f_best=-11.549592971801758, f_min=-18.573646873104735
2025-04-27 18:56:06,842 - INFO - cur_node_number 3,f_best -11.549592971801758,f_min -18.573646873104735,k 205.4953430899984
2025-04-27 18:56:06,842 - INFO - f_best_current -11.549592971801758,f_min -18.573646873104735
2025-04-27 18:56:12,453 - INFO - tree_node.f_best*ep:-11.549592971801758,left_f_best-10.272770881652832,right_f_best-11.53256893157959,i:1
2025-04-27 18:56:18,321 - INFO - tree_node.f_best*ep:-11.549592971801758,left_f_best-10.29821491241455,right_f_best-11.539417266845703,i:2
2025-04-27 18:56:24,477 - INFO - tree_node.f_best*ep:-11.549592971801758,left_f_best-10.293625831604004,right_f_best-11.570893287658691,i:3
2025-04-27 18:56:42,716 - INFO - 添加左子节点，右子节点，len(queue):4
2025-04-27 18:56:42,716 - INFO - Node 1: k=1387.1724659601664, f_best=-11.530116081237793, f_min=-13.592451526026707
2025-04-27 18:56:42,716 - INFO - Node 2: k=247.22195337702652, f_best=-10.270337104797363, f_min=-10.56530823430603
2025-04-27 18:56:42,716 - INFO - Node 3: k=329.91865515416566, f_best=-11.532812118530273, f_min=-12.207628612466578
2025-04-27 18:56:42,716 - INFO - Node 4: k=298.67105462091916, f_best=-10.294950485229492, f_min=-11.089251977527965
2025-04-27 18:56:42,716 - INFO - Node 5: k=205.4953430899984, f_best=-11.549592971801758, f_min=-18.573646873104735
2025-04-27 18:56:42,716 - INFO - Node 6: k=232.89426322906547, f_best=-10.293625831604004, f_min=-10.343641653837949
2025-04-27 18:56:42,716 - INFO - Node 7: k=230.5883794347183, f_best=-11.570893287658691, f_min=-11.857296972495533
2025-04-27 18:56:42,716 - INFO - cur_node_number 4,f_best -11.570893287658691,f_min -11.857296972495533,k 230.5883794347183
2025-04-27 18:56:42,716 - INFO - f_best_current -11.570893287658691,f_min -11.857296972495533
2025-04-27 18:56:42,716 - INFO - 回退,len(queue)=2
2025-04-27 18:56:48,298 - INFO - tree_node.f_best*ep:-11.549592971801758,left_f_best-10.255841255187988,right_f_best-11.536420822143555,i:1
2025-04-27 18:56:53,896 - INFO - tree_node.f_best*ep:-11.549592971801758,left_f_best-10.283533096313477,right_f_best-11.55892276763916,i:2
2025-04-27 18:57:13,249 - INFO - 添加左子节点，右子节点，len(queue):4
2025-04-27 18:57:13,249 - INFO - Node 1: k=1387.1724659601664, f_best=-11.530116081237793, f_min=-13.592451526026707
2025-04-27 18:57:13,249 - INFO - Node 2: k=247.22195337702652, f_best=-10.270337104797363, f_min=-10.56530823430603
2025-04-27 18:57:13,249 - INFO - Node 3: k=329.91865515416566, f_best=-11.532812118530273, f_min=-12.207628612466578
2025-04-27 18:57:13,249 - INFO - Node 4: k=298.67105462091916, f_best=-10.294950485229492, f_min=-11.089251977527965
2025-04-27 18:57:13,249 - INFO - Node 5: k=230.5883794347183, f_best=-11.549592971801758, f_min=-18.573646873104735
2025-04-27 18:57:13,249 - INFO - Node 6: k=304.67434281879963, f_best=-10.283533096313477, f_min=-15.388569650229329
2025-04-27 18:57:13,249 - INFO - Node 7: k=398.5776802100404, f_best=-11.55892276763916, f_min=-12.511157344746607
2025-04-27 18:57:13,249 - INFO - cur_node_number 5,f_best -11.55892276763916,f_min -12.511157344746607,k 398.5776802100404
2025-04-27 18:57:13,249 - INFO - f_best_current -11.55892276763916,f_min -12.511157344746607
2025-04-27 18:57:13,249 - INFO - 回退,len(queue)=2
2025-04-27 18:57:13,249 - INFO - 回退,len(queue)=1
2025-04-27 18:57:18,828 - INFO - tree_node.f_best*ep:-11.532812118530273,left_f_best-10.265612602233887,right_f_best-11.496788024902344,i:1
2025-04-27 18:57:24,650 - INFO - tree_node.f_best*ep:-11.532812118530273,left_f_best-10.27916431427002,right_f_best-11.542085647583008,i:2
2025-04-27 18:57:41,032 - INFO - 添加左子节点，右子节点，len(queue):3
2025-04-27 18:57:41,032 - INFO - Node 1: k=1387.1724659601664, f_best=-11.530116081237793, f_min=-13.592451526026707
2025-04-27 18:57:41,032 - INFO - Node 2: k=247.22195337702652, f_best=-10.270337104797363, f_min=-10.56530823430603
2025-04-27 18:57:41,032 - INFO - Node 3: k=398.5776802100404, f_best=-11.532812118530273, f_min=-12.207628612466578
2025-04-27 18:57:41,032 - INFO - Node 4: k=162.77561119585212, f_best=-10.27916431427002, f_min=-11.227978175576936
2025-04-27 18:57:41,032 - INFO - Node 5: k=200.6033513228978, f_best=-11.542085647583008, f_min=-11.812969687820441
2025-04-27 18:57:41,032 - INFO - cur_node_number 6,f_best -11.542085647583008,f_min -11.812969687820441,k 200.6033513228978
2025-04-27 18:57:41,032 - INFO - f_best_current -11.542085647583008,f_min -11.812969687820441
2025-04-27 18:57:46,438 - INFO - tree_node.f_best*ep:-11.542085647583008,left_f_best-10.270622253417969,right_f_best-11.532654762268066,i:1
2025-04-27 18:57:52,140 - INFO - tree_node.f_best*ep:-11.542085647583008,left_f_best-10.280510902404785,right_f_best-11.563454627990723,i:2
2025-04-27 18:58:11,688 - INFO - 添加左子节点，右子节点，len(queue):4
2025-04-27 18:58:11,688 - INFO - Node 1: k=1387.1724659601664, f_best=-11.530116081237793, f_min=-13.592451526026707
2025-04-27 18:58:11,688 - INFO - Node 2: k=247.22195337702652, f_best=-10.270337104797363, f_min=-10.56530823430603
2025-04-27 18:58:11,688 - INFO - Node 3: k=398.5776802100404, f_best=-11.532812118530273, f_min=-12.207628612466578
2025-04-27 18:58:11,688 - INFO - Node 4: k=162.77561119585212, f_best=-10.27916431427002, f_min=-11.227978175576936
2025-04-27 18:58:11,688 - INFO - Node 5: k=200.6033513228978, f_best=-11.542085647583008, f_min=-11.812969687820441
2025-04-27 18:58:11,688 - INFO - Node 6: k=262.4310851806546, f_best=-10.280510902404785, f_min=-13.126058725867551
2025-04-27 18:58:11,688 - INFO - Node 7: k=323.4179542732729, f_best=-11.563454627990723, f_min=-11.68191775806008
2025-04-27 18:58:11,688 - INFO - cur_node_number 7,f_best -11.563454627990723,f_min -11.68191775806008,k 323.4179542732729
2025-04-27 18:58:11,688 - INFO - f_best_current -11.563454627990723,f_min -11.68191775806008
2025-04-27 18:58:11,688 - INFO - 回退,len(queue)=2
2025-04-27 18:58:17,313 - INFO - tree_node.f_best*ep:-11.542085647583008,left_f_best-10.296296119689941,right_f_best-11.528450012207031,i:1
2025-04-27 18:58:23,060 - INFO - tree_node.f_best*ep:-11.542085647583008,left_f_best-10.293172836303711,right_f_best-11.552632331848145,i:2
2025-04-27 18:58:39,105 - INFO - 添加左子节点，右子节点，len(queue):4
2025-04-27 18:58:39,105 - INFO - Node 1: k=1387.1724659601664, f_best=-11.530116081237793, f_min=-13.592451526026707
2025-04-27 18:58:39,105 - INFO - Node 2: k=247.22195337702652, f_best=-10.270337104797363, f_min=-10.56530823430603
2025-04-27 18:58:39,105 - INFO - Node 3: k=398.5776802100404, f_best=-11.532812118530273, f_min=-12.207628612466578
2025-04-27 18:58:39,105 - INFO - Node 4: k=162.77561119585212, f_best=-10.27916431427002, f_min=-11.227978175576936
2025-04-27 18:58:39,105 - INFO - Node 5: k=323.4179542732729, f_best=-11.542085647583008, f_min=-11.812969687820441
2025-04-27 18:58:39,105 - INFO - Node 6: k=221.59090030290992, f_best=-10.293172836303711, f_min=-11.564667635407204
2025-04-27 18:58:39,105 - INFO - Node 7: k=187.10636761362522, f_best=-11.552632331848145, f_min=-12.104063555305402
2025-04-27 18:58:39,105 - INFO - cur_node_number 8,f_best -11.552632331848145,f_min -12.104063555305402,k 187.10636761362522
2025-04-27 18:58:39,105 - INFO - f_best_current -11.552632331848145,f_min -12.104063555305402
2025-04-27 18:58:44,428 - INFO - tree_node.f_best*ep:-11.552632331848145,left_f_best-10.29955005645752,right_f_best-11.5009183883667,i:1
2025-04-27 18:58:50,119 - INFO - tree_node.f_best*ep:-11.552632331848145,left_f_best-10.281064987182617,right_f_best-11.564959526062012,i:2
2025-04-27 18:59:09,339 - INFO - 添加左子节点，右子节点，len(queue):5
2025-04-27 18:59:09,339 - INFO - Node 1: k=1387.1724659601664, f_best=-11.530116081237793, f_min=-13.592451526026707
2025-04-27 18:59:09,339 - INFO - Node 2: k=247.22195337702652, f_best=-10.270337104797363, f_min=-10.56530823430603
2025-04-27 18:59:09,339 - INFO - Node 3: k=398.5776802100404, f_best=-11.532812118530273, f_min=-12.207628612466578
2025-04-27 18:59:09,339 - INFO - Node 4: k=162.77561119585212, f_best=-10.27916431427002, f_min=-11.227978175576936
2025-04-27 18:59:09,339 - INFO - Node 5: k=323.4179542732729, f_best=-11.542085647583008, f_min=-11.812969687820441
2025-04-27 18:59:09,339 - INFO - Node 6: k=221.59090030290992, f_best=-10.293172836303711, f_min=-11.564667635407204
2025-04-27 18:59:09,339 - INFO - Node 7: k=187.10636761362522, f_best=-11.552632331848145, f_min=-12.104063555305402
2025-04-27 18:59:09,339 - INFO - Node 8: k=326.65213381600563, f_best=-10.281064987182617, f_min=-12.933924117074639
2025-04-27 18:59:09,339 - INFO - Node 9: k=259.8327576046085, f_best=-11.564959526062012, f_min=-14.796257457909633
2025-04-27 18:59:09,339 - INFO - cur_node_number 9,f_best -11.564959526062012,f_min -14.796257457909633,k 259.8327576046085
2025-04-27 18:59:09,339 - INFO - f_best_current -11.564959526062012,f_min -14.796257457909633
2025-04-27 18:59:09,339 - INFO - 回退,len(queue)=3
2025-04-27 18:59:14,874 - INFO - tree_node.f_best*ep:-11.552632331848145,left_f_best-10.261006355285645,right_f_best-11.499728202819824,i:1
2025-04-27 18:59:20,596 - INFO - tree_node.f_best*ep:-11.552632331848145,left_f_best-10.273212432861328,right_f_best-11.589959144592285,i:2
2025-04-27 18:59:38,057 - INFO - 添加左子节点，右子节点，len(queue):5
2025-04-27 18:59:38,057 - INFO - Node 1: k=1387.1724659601664, f_best=-11.530116081237793, f_min=-13.592451526026707
2025-04-27 18:59:38,057 - INFO - Node 2: k=247.22195337702652, f_best=-10.270337104797363, f_min=-10.56530823430603
2025-04-27 18:59:38,057 - INFO - Node 3: k=398.5776802100404, f_best=-11.532812118530273, f_min=-12.207628612466578
2025-04-27 18:59:38,057 - INFO - Node 4: k=162.77561119585212, f_best=-10.27916431427002, f_min=-11.227978175576936
2025-04-27 18:59:38,057 - INFO - Node 5: k=323.4179542732729, f_best=-11.542085647583008, f_min=-11.812969687820441
2025-04-27 18:59:38,057 - INFO - Node 6: k=221.59090030290992, f_best=-10.293172836303711, f_min=-11.564667635407204
2025-04-27 18:59:38,057 - INFO - Node 7: k=259.8327576046085, f_best=-11.552632331848145, f_min=-12.104063555305402
2025-04-27 18:59:38,057 - INFO - Node 8: k=125.6705791084664, f_best=-10.273212432861328, f_min=-10.915819278186973
2025-04-27 18:59:38,057 - INFO - Node 9: k=333.2178417057073, f_best=-11.589959144592285, f_min=-12.76799402980214
2025-04-27 18:59:38,057 - INFO - cur_node_number 10,f_best -11.589959144592285,f_min -12.76799402980214,k 333.2178417057073
2025-04-27 18:59:38,057 - INFO - f_best_current -11.589959144592285,f_min -12.76799402980214
2025-04-27 18:59:38,057 - INFO - 回退,len(queue)=3
2025-04-27 18:59:38,057 - INFO - 回退,len(queue)=2
2025-04-27 18:59:43,716 - INFO - tree_node.f_best*ep:-11.542085647583008,left_f_best-10.28442668914795,right_f_best-11.541460990905762,i:1
2025-04-27 18:59:49,401 - INFO - tree_node.f_best*ep:-11.542085647583008,left_f_best-10.295615196228027,right_f_best-11.560373306274414,i:2
2025-04-27 19:00:05,451 - INFO - 添加左子节点，右子节点，len(queue):4
2025-04-27 19:00:05,451 - INFO - Node 1: k=1387.1724659601664, f_best=-11.530116081237793, f_min=-13.592451526026707
2025-04-27 19:00:05,451 - INFO - Node 2: k=247.22195337702652, f_best=-10.270337104797363, f_min=-10.56530823430603
2025-04-27 19:00:05,451 - INFO - Node 3: k=398.5776802100404, f_best=-11.532812118530273, f_min=-12.207628612466578
2025-04-27 19:00:05,451 - INFO - Node 4: k=162.77561119585212, f_best=-10.27916431427002, f_min=-11.227978175576936
2025-04-27 19:00:05,451 - INFO - Node 5: k=333.2178417057073, f_best=-11.542085647583008, f_min=-11.812969687820441
2025-04-27 19:00:05,451 - INFO - Node 6: k=154.87540883207024, f_best=-10.295615196228027, f_min=-10.778913468860992
2025-04-27 19:00:05,451 - INFO - Node 7: k=284.1752603531257, f_best=-11.560373306274414, f_min=-12.175562327760417
2025-04-27 19:00:05,451 - INFO - cur_node_number 11,f_best -11.560373306274414,f_min -12.175562327760417,k 284.1752603531257
2025-04-27 19:00:05,451 - INFO - f_best_current -11.560373306274414,f_min -12.175562327760417
2025-04-27 19:00:11,001 - INFO - tree_node.f_best*ep:-11.560373306274414,left_f_best-10.26637077331543,right_f_best-11.545347213745117,i:1
2025-04-27 19:00:16,862 - INFO - tree_node.f_best*ep:-11.560373306274414,left_f_best-10.275203704833984,right_f_best-11.573336601257324,i:2
2025-04-27 19:00:36,269 - INFO - 添加左子节点，右子节点，len(queue):5
2025-04-27 19:00:36,269 - INFO - Node 1: k=1387.1724659601664, f_best=-11.530116081237793, f_min=-13.592451526026707
2025-04-27 19:00:36,269 - INFO - Node 2: k=247.22195337702652, f_best=-10.270337104797363, f_min=-10.56530823430603
2025-04-27 19:00:36,269 - INFO - Node 3: k=398.5776802100404, f_best=-11.532812118530273, f_min=-12.207628612466578
2025-04-27 19:00:36,269 - INFO - Node 4: k=162.77561119585212, f_best=-10.27916431427002, f_min=-11.227978175576936
2025-04-27 19:00:36,269 - INFO - Node 5: k=333.2178417057073, f_best=-11.542085647583008, f_min=-11.812969687820441
2025-04-27 19:00:36,269 - INFO - Node 6: k=154.87540883207024, f_best=-10.295615196228027, f_min=-10.778913468860992
2025-04-27 19:00:36,269 - INFO - Node 7: k=284.1752603531257, f_best=-11.560373306274414, f_min=-12.175562327760417
2025-04-27 19:00:36,269 - INFO - Node 8: k=339.91552032399204, f_best=-10.275203704833984, f_min=-11.400455684333792
2025-04-27 19:00:36,269 - INFO - Node 9: k=257.2601560441668, f_best=-11.573336601257324, f_min=-11.99960194491905
2025-04-27 19:00:36,269 - INFO - cur_node_number 12,f_best -11.573336601257324,f_min -11.99960194491905,k 257.2601560441668
2025-04-27 19:00:36,269 - INFO - f_best_current -11.573336601257324,f_min -11.99960194491905
2025-04-27 19:00:41,736 - INFO - tree_node.f_best*ep:-11.573336601257324,left_f_best-10.290609359741211,right_f_best-11.533782005310059,i:1
2025-04-27 19:00:47,459 - INFO - tree_node.f_best*ep:-11.573336601257324,left_f_best-10.295380592346191,right_f_best-11.533227920532227,i:2
2025-04-27 19:00:53,654 - INFO - tree_node.f_best*ep:-11.573336601257324,left_f_best-10.323429107666016,right_f_best-11.592875480651855,i:3
2025-04-27 19:01:11,302 - INFO - 添加左子节点，右子节点，len(queue):6
2025-04-27 19:01:11,302 - INFO - Node 1: k=1387.1724659601664, f_best=-11.530116081237793, f_min=-13.592451526026707
2025-04-27 19:01:11,302 - INFO - Node 2: k=247.22195337702652, f_best=-10.270337104797363, f_min=-10.56530823430603
2025-04-27 19:01:11,302 - INFO - Node 3: k=398.5776802100404, f_best=-11.532812118530273, f_min=-12.207628612466578
2025-04-27 19:01:11,302 - INFO - Node 4: k=162.77561119585212, f_best=-10.27916431427002, f_min=-11.227978175576936
2025-04-27 19:01:11,302 - INFO - Node 5: k=333.2178417057073, f_best=-11.542085647583008, f_min=-11.812969687820441
2025-04-27 19:01:11,302 - INFO - Node 6: k=154.87540883207024, f_best=-10.295615196228027, f_min=-10.778913468860992
2025-04-27 19:01:11,302 - INFO - Node 7: k=284.1752603531257, f_best=-11.560373306274414, f_min=-12.175562327760417
2025-04-27 19:01:11,302 - INFO - Node 8: k=339.91552032399204, f_best=-10.275203704833984, f_min=-11.400455684333792
2025-04-27 19:01:11,302 - INFO - Node 9: k=257.2601560441668, f_best=-11.573336601257324, f_min=-11.99960194491905
2025-04-27 19:01:11,302 - INFO - Node 10: k=156.42416292039093, f_best=-10.323429107666016, f_min=-10.962492471645419
2025-04-27 19:01:11,302 - INFO - Node 11: k=410.6549824980849, f_best=-11.592875480651855, f_min=-16.363503690619837
2025-04-27 19:01:11,302 - INFO - cur_node_number 13,f_best -11.592875480651855,f_min -16.363503690619837,k 410.6549824980849
2025-04-27 19:01:11,302 - INFO - f_best_current -11.592875480651855,f_min -16.363503690619837
2025-04-27 19:01:11,302 - INFO - 回退,len(queue)=4
2025-04-27 19:01:11,302 - INFO - 回退,len(queue)=3
2025-04-27 19:01:11,302 - INFO - 回退,len(queue)=2
2025-04-27 19:01:11,302 - INFO - 回退,len(queue)=1
2025-04-27 19:01:16,794 - INFO - tree_node.f_best*ep:-11.532812118530273,left_f_best-10.257861137390137,right_f_best-11.542519569396973,i:1
2025-04-27 19:01:33,756 - INFO - 添加左子节点，右子节点，len(queue):3
2025-04-27 19:01:33,756 - INFO - Node 1: k=1387.1724659601664, f_best=-11.530116081237793, f_min=-13.592451526026707
2025-04-27 19:01:33,756 - INFO - Node 2: k=247.22195337702652, f_best=-10.270337104797363, f_min=-10.56530823430603
2025-04-27 19:01:33,756 - INFO - Node 3: k=410.6549824980849, f_best=-11.532812118530273, f_min=-12.207628612466578
2025-04-27 19:01:33,756 - INFO - Node 4: k=259.8327576046085, f_best=-10.257861137390137, f_min=-10.48261944486876
2025-04-27 19:01:33,756 - INFO - Node 5: k=157.98840454959483, f_best=-11.542519569396973, f_min=-12.003506495174406
2025-04-27 19:01:33,756 - INFO - cur_node_number 14,f_best -11.542519569396973,f_min -12.003506495174406,k 157.98840454959483
2025-04-27 19:01:33,756 - INFO - f_best_current -11.542519569396973,f_min -12.003506495174406
2025-04-27 19:01:39,264 - INFO - tree_node.f_best*ep:-11.542519569396973,left_f_best-10.274335861206055,right_f_best-11.529438018798828,i:1
2025-04-27 19:01:45,006 - INFO - tree_node.f_best*ep:-11.542519569396973,left_f_best-10.29865550994873,right_f_best-11.53885555267334,i:2
2025-04-27 19:01:51,068 - INFO - tree_node.f_best*ep:-11.542519569396973,left_f_best-10.311741828918457,right_f_best-11.605708122253418,i:3
2025-04-27 19:02:09,722 - INFO - 添加左子节点，右子节点，len(queue):4
2025-04-27 19:02:09,722 - INFO - Node 1: k=1387.1724659601664, f_best=-11.530116081237793, f_min=-13.592451526026707
2025-04-27 19:02:09,722 - INFO - Node 2: k=247.22195337702652, f_best=-10.270337104797363, f_min=-10.56530823430603
2025-04-27 19:02:09,722 - INFO - Node 3: k=410.6549824980849, f_best=-11.532812118530273, f_min=-12.207628612466578
2025-04-27 19:02:09,722 - INFO - Node 4: k=259.8327576046085, f_best=-10.257861137390137, f_min=-10.48261944486876
2025-04-27 19:02:09,722 - INFO - Node 5: k=157.98840454959483, f_best=-11.542519569396973, f_min=-12.003506495174406
2025-04-27 19:02:09,722 - INFO - Node 6: k=247.22195337702652, f_best=-10.311741828918457, f_min=-10.999605064745992
2025-04-27 19:02:09,722 - INFO - Node 7: k=257.2601560441668, f_best=-11.605708122253418, f_min=-16.97558589937944
2025-04-27 19:02:09,722 - INFO - cur_node_number 15,f_best -11.605708122253418,f_min -16.97558589937944,k 257.2601560441668
2025-04-27 19:02:09,722 - INFO - f_best_current -11.605708122253418,f_min -16.97558589937944
2025-04-27 19:02:09,722 - INFO - 回退,len(queue)=2
2025-04-27 19:02:15,246 - INFO - tree_node.f_best*ep:-11.542519569396973,left_f_best-10.249417304992676,right_f_best-11.523194313049316,i:1
2025-04-27 19:02:20,976 - INFO - tree_node.f_best*ep:-11.542519569396973,left_f_best-10.27923583984375,right_f_best-11.558747291564941,i:2
2025-04-27 19:02:40,287 - INFO - 添加左子节点，右子节点，len(queue):4
2025-04-27 19:02:40,287 - INFO - Node 1: k=1387.1724659601664, f_best=-11.530116081237793, f_min=-13.592451526026707
2025-04-27 19:02:40,287 - INFO - Node 2: k=247.22195337702652, f_best=-10.270337104797363, f_min=-10.56530823430603
2025-04-27 19:02:40,287 - INFO - Node 3: k=410.6549824980849, f_best=-11.532812118530273, f_min=-12.207628612466578
2025-04-27 19:02:40,287 - INFO - Node 4: k=259.8327576046085, f_best=-10.257861137390137, f_min=-10.48261944486876
2025-04-27 19:02:40,287 - INFO - Node 5: k=257.2601560441668, f_best=-11.542519569396973, f_min=-12.003506495174406
2025-04-27 19:02:40,287 - INFO - Node 6: k=323.4179542732729, f_best=-10.27923583984375, f_min=-14.631431596186303
2025-04-27 19:02:40,287 - INFO - Node 7: k=326.65213381600563, f_best=-11.558747291564941, f_min=-13.180549234382852
2025-04-27 19:02:40,287 - INFO - cur_node_number 16,f_best -11.558747291564941,f_min -13.180549234382852,k 326.65213381600563
2025-04-27 19:02:40,287 - INFO - f_best_current -11.558747291564941,f_min -13.180549234382852
2025-04-27 19:02:40,287 - INFO - 回退,len(queue)=2
2025-04-27 19:02:45,918 - INFO - tree_node.f_best*ep:-11.542519569396973,left_f_best-10.257874488830566,right_f_best-11.5354642868042,i:1
2025-04-27 19:02:51,862 - INFO - tree_node.f_best*ep:-11.542519569396973,left_f_best-10.284517288208008,right_f_best-11.575638771057129,i:2
2025-04-27 19:03:10,187 - INFO - 添加左子节点，右子节点，len(queue):4
2025-04-27 19:03:10,187 - INFO - Node 1: k=1387.1724659601664, f_best=-11.530116081237793, f_min=-13.592451526026707
2025-04-27 19:03:10,187 - INFO - Node 2: k=247.22195337702652, f_best=-10.270337104797363, f_min=-10.56530823430603
2025-04-27 19:03:10,187 - INFO - Node 3: k=410.6549824980849, f_best=-11.532812118530273, f_min=-12.207628612466578
2025-04-27 19:03:10,187 - INFO - Node 4: k=259.8327576046085, f_best=-10.257861137390137, f_min=-10.48261944486876
2025-04-27 19:03:10,187 - INFO - Node 5: k=326.65213381600563, f_best=-11.542519569396973, f_min=-12.003506495174406
2025-04-27 19:03:10,187 - INFO - Node 6: k=270.3830094927136, f_best=-10.284517288208008, f_min=-11.700503029178435
2025-04-27 19:03:10,187 - INFO - Node 7: k=249.6941729107968, f_best=-11.575638771057129, f_min=-12.348049277278733
2025-04-27 19:03:10,187 - INFO - cur_node_number 17,f_best -11.575638771057129,f_min -12.348049277278733,k 249.6941729107968
2025-04-27 19:03:10,187 - INFO - f_best_current -11.575638771057129,f_min -12.348049277278733
2025-04-27 19:03:15,769 - INFO - tree_node.f_best*ep:-11.575638771057129,left_f_best-10.289713859558105,right_f_best-11.51535701751709,i:1
2025-04-27 19:03:21,608 - INFO - tree_node.f_best*ep:-11.575638771057129,left_f_best-10.27282428741455,right_f_best-11.538020133972168,i:2
2025-04-27 19:03:27,675 - INFO - tree_node.f_best*ep:-11.575638771057129,left_f_best-10.304398536682129,right_f_best-11.595338821411133,i:3
2025-04-27 19:03:43,990 - INFO - 添加左子节点，右子节点，len(queue):5
2025-04-27 19:03:43,990 - INFO - Node 1: k=1387.1724659601664, f_best=-11.530116081237793, f_min=-13.592451526026707
2025-04-27 19:03:43,990 - INFO - Node 2: k=247.22195337702652, f_best=-10.270337104797363, f_min=-10.56530823430603
2025-04-27 19:03:43,990 - INFO - Node 3: k=410.6549824980849, f_best=-11.532812118530273, f_min=-12.207628612466578
2025-04-27 19:03:43,990 - INFO - Node 4: k=259.8327576046085, f_best=-10.257861137390137, f_min=-10.48261944486876
2025-04-27 19:03:43,990 - INFO - Node 5: k=326.65213381600563, f_best=-11.542519569396973, f_min=-12.003506495174406
2025-04-27 19:03:43,990 - INFO - Node 6: k=270.3830094927136, f_best=-10.284517288208008, f_min=-11.700503029178435
2025-04-27 19:03:43,990 - INFO - Node 7: k=249.6941729107968, f_best=-11.575638771057129, f_min=-12.348049277278733
2025-04-27 19:03:43,990 - INFO - Node 8: k=226.0448773989984, f_best=-10.304398536682129, f_min=-11.305115656115959
2025-04-27 19:03:43,990 - INFO - Node 9: k=162.77561119585212, f_best=-11.595338821411133, f_min=-12.671134337482727
2025-04-27 19:03:43,990 - INFO - cur_node_number 18,f_best -11.595338821411133,f_min -12.671134337482727,k 162.77561119585212
2025-04-27 19:03:43,990 - INFO - f_best_current -11.595338821411133,f_min -12.671134337482727
2025-04-27 19:03:49,518 - INFO - tree_node.f_best*ep:-11.595338821411133,left_f_best-10.2992582321167,right_f_best-11.502533912658691,i:1
2025-04-27 19:03:55,273 - INFO - tree_node.f_best*ep:-11.595338821411133,left_f_best-10.30288314819336,right_f_best-11.571890830993652,i:2
2025-04-27 19:04:01,550 - INFO - tree_node.f_best*ep:-11.595338821411133,left_f_best-10.334534645080566,right_f_best-11.609684944152832,i:3
2025-04-27 19:04:17,852 - INFO - 添加左子节点，右子节点，len(queue):6
2025-04-27 19:04:17,868 - INFO - Node 1: k=1387.1724659601664, f_best=-11.530116081237793, f_min=-13.592451526026707
2025-04-27 19:04:17,868 - INFO - Node 2: k=247.22195337702652, f_best=-10.270337104797363, f_min=-10.56530823430603
2025-04-27 19:04:17,868 - INFO - Node 3: k=410.6549824980849, f_best=-11.532812118530273, f_min=-12.207628612466578
2025-04-27 19:04:17,868 - INFO - Node 4: k=259.8327576046085, f_best=-10.257861137390137, f_min=-10.48261944486876
2025-04-27 19:04:17,868 - INFO - Node 5: k=326.65213381600563, f_best=-11.542519569396973, f_min=-12.003506495174406
2025-04-27 19:04:17,868 - INFO - Node 6: k=270.3830094927136, f_best=-10.284517288208008, f_min=-11.700503029178435
2025-04-27 19:04:17,868 - INFO - Node 7: k=249.6941729107968, f_best=-11.575638771057129, f_min=-12.348049277278733
2025-04-27 19:04:17,868 - INFO - Node 8: k=226.0448773989984, f_best=-10.304398536682129, f_min=-11.305115656115959
2025-04-27 19:04:17,868 - INFO - Node 9: k=162.77561119585212, f_best=-11.595338821411133, f_min=-12.671134337482727
2025-04-27 19:04:17,868 - INFO - Node 10: k=119.57124396337531, f_best=-10.334534645080566, f_min=-11.39245030277425
2025-04-27 19:04:17,868 - INFO - Node 11: k=257.2601560441668, f_best=-11.609684944152832, f_min=-12.719127983063117
2025-04-27 19:04:17,868 - INFO - cur_node_number 19,f_best -11.609684944152832,f_min -12.719127983063117,k 257.2601560441668
2025-04-27 19:04:17,868 - INFO - f_best_current -11.609684944152832,f_min -12.719127983063117
2025-04-27 19:04:17,868 - INFO - 回退,len(queue)=4
2025-04-27 19:04:17,868 - INFO - 回退,len(queue)=3
2025-04-27 19:04:23,365 - INFO - tree_node.f_best*ep:-11.575638771057129,left_f_best-10.2897310256958,right_f_best-11.561137199401855,i:1
2025-04-27 19:04:29,070 - INFO - tree_node.f_best*ep:-11.575638771057129,left_f_best-10.282610893249512,right_f_best-11.586949348449707,i:2
2025-04-27 19:04:43,913 - INFO - 添加左子节点，右子节点，len(queue):5
2025-04-27 19:04:43,913 - INFO - Node 1: k=1387.1724659601664, f_best=-11.530116081237793, f_min=-13.592451526026707
2025-04-27 19:04:43,913 - INFO - Node 2: k=247.22195337702652, f_best=-10.270337104797363, f_min=-10.56530823430603
2025-04-27 19:04:43,913 - INFO - Node 3: k=410.6549824980849, f_best=-11.532812118530273, f_min=-12.207628612466578
2025-04-27 19:04:43,913 - INFO - Node 4: k=259.8327576046085, f_best=-10.257861137390137, f_min=-10.48261944486876
2025-04-27 19:04:43,913 - INFO - Node 5: k=326.65213381600563, f_best=-11.542519569396973, f_min=-12.003506495174406
2025-04-27 19:04:43,913 - INFO - Node 6: k=270.3830094927136, f_best=-10.284517288208008, f_min=-11.700503029178435
2025-04-27 19:04:43,913 - INFO - Node 7: k=257.2601560441668, f_best=-11.575638771057129, f_min=-12.348049277278733
2025-04-27 19:04:43,913 - INFO - Node 8: k=145.89964094829904, f_best=-10.282610893249512, f_min=-11.957007592925493
2025-04-27 19:04:43,913 - INFO - Node 9: k=200.6033513228978, f_best=-11.586949348449707, f_min=-12.84852748425692
2025-04-27 19:04:43,913 - INFO - cur_node_number 20,f_best -11.586949348449707,f_min -12.84852748425692,k 200.6033513228978
2025-04-27 19:04:43,913 - INFO - f_best_current -11.586949348449707,f_min -12.84852748425692
2025-04-27 19:04:49,501 - INFO - tree_node.f_best*ep:-11.586949348449707,left_f_best-10.279829978942871,right_f_best-11.529067039489746,i:1
2025-04-27 19:04:55,432 - INFO - tree_node.f_best*ep:-11.586949348449707,left_f_best-10.302781105041504,right_f_best-11.572784423828125,i:2
2025-04-27 19:05:01,612 - INFO - tree_node.f_best*ep:-11.586949348449707,left_f_best-10.327595710754395,right_f_best-11.567221641540527,i:3
2025-04-27 19:05:08,062 - INFO - tree_node.f_best*ep:-11.586949348449707,left_f_best-10.314715385437012,right_f_best-11.583696365356445,i:4
2025-04-27 19:05:14,855 - INFO - tree_node.f_best*ep:-11.586949348449707,left_f_best-10.327767372131348,right_f_best-11.605198860168457,i:5
2025-04-27 19:05:32,522 - INFO - 添加左子节点，右子节点，len(queue):6
2025-04-27 19:05:32,537 - INFO - Node 1: k=1387.1724659601664, f_best=-11.530116081237793, f_min=-13.592451526026707
2025-04-27 19:05:32,537 - INFO - Node 2: k=247.22195337702652, f_best=-10.270337104797363, f_min=-10.56530823430603
2025-04-27 19:05:32,537 - INFO - Node 3: k=410.6549824980849, f_best=-11.532812118530273, f_min=-12.207628612466578
2025-04-27 19:05:32,537 - INFO - Node 4: k=259.8327576046085, f_best=-10.257861137390137, f_min=-10.48261944486876
2025-04-27 19:05:32,537 - INFO - Node 5: k=326.65213381600563, f_best=-11.542519569396973, f_min=-12.003506495174406
2025-04-27 19:05:32,537 - INFO - Node 6: k=270.3830094927136, f_best=-10.284517288208008, f_min=-11.700503029178435
2025-04-27 19:05:32,537 - INFO - Node 7: k=257.2601560441668, f_best=-11.575638771057129, f_min=-12.348049277278733
2025-04-27 19:05:32,537 - INFO - Node 8: k=145.89964094829904, f_best=-10.282610893249512, f_min=-11.957007592925493
2025-04-27 19:05:32,537 - INFO - Node 9: k=200.6033513228978, f_best=-11.586949348449707, f_min=-12.84852748425692
2025-04-27 19:05:32,537 - INFO - Node 10: k=259.8327576046085, f_best=-10.327767372131348, f_min=-11.02607721566983
2025-04-27 19:05:32,537 - INFO - Node 11: k=223.80680930593903, f_best=-11.605198860168457, f_min=-13.832818534493526
2025-04-27 19:05:32,537 - INFO - cur_node_number 21,f_best -11.605198860168457,f_min -13.832818534493526,k 223.80680930593903
2025-04-27 19:05:32,537 - INFO - f_best_current -11.605198860168457,f_min -13.832818534493526
2025-04-27 19:05:32,537 - INFO - 回退,len(queue)=4
2025-04-27 19:05:37,998 - INFO - tree_node.f_best*ep:-11.586949348449707,left_f_best-10.291583061218262,right_f_best-11.558089256286621,i:1
2025-04-27 19:05:43,804 - INFO - tree_node.f_best*ep:-11.586949348449707,left_f_best-10.30256175994873,right_f_best-11.575224876403809,i:2
2025-04-27 19:05:49,813 - INFO - tree_node.f_best*ep:-11.586949348449707,left_f_best-10.312304496765137,right_f_best-11.551969528198242,i:3
2025-04-27 19:05:56,380 - INFO - tree_node.f_best*ep:-11.586949348449707,left_f_best-10.342591285705566,right_f_best-11.564936637878418,i:4
2025-04-27 19:06:03,157 - INFO - tree_node.f_best*ep:-11.586949348449707,left_f_best-10.33699893951416,right_f_best-11.56114673614502,i:5
2025-04-27 19:06:10,204 - INFO - tree_node.f_best*ep:-11.586949348449707,left_f_best-10.350979804992676,right_f_best-11.62631893157959,i:6
2025-04-27 19:06:28,923 - INFO - 添加左子节点，右子节点，len(queue):6
2025-04-27 19:06:28,923 - INFO - Node 1: k=1387.1724659601664, f_best=-11.530116081237793, f_min=-13.592451526026707
2025-04-27 19:06:28,923 - INFO - Node 2: k=247.22195337702652, f_best=-10.270337104797363, f_min=-10.56530823430603
2025-04-27 19:06:28,923 - INFO - Node 3: k=410.6549824980849, f_best=-11.532812118530273, f_min=-12.207628612466578
2025-04-27 19:06:28,923 - INFO - Node 4: k=259.8327576046085, f_best=-10.257861137390137, f_min=-10.48261944486876
2025-04-27 19:06:28,923 - INFO - Node 5: k=326.65213381600563, f_best=-11.542519569396973, f_min=-12.003506495174406
2025-04-27 19:06:28,923 - INFO - Node 6: k=270.3830094927136, f_best=-10.284517288208008, f_min=-11.700503029178435
2025-04-27 19:06:28,923 - INFO - Node 7: k=257.2601560441668, f_best=-11.575638771057129, f_min=-12.348049277278733
2025-04-27 19:06:28,923 - INFO - Node 8: k=145.89964094829904, f_best=-10.282610893249512, f_min=-11.957007592925493
2025-04-27 19:06:28,923 - INFO - Node 9: k=223.80680930593903, f_best=-11.586949348449707, f_min=-12.84852748425692
2025-04-27 19:06:28,923 - INFO - Node 10: k=267.70594999278575, f_best=-10.350979804992676, f_min=-10.77070846742481
2025-04-27 19:06:28,923 - INFO - Node 11: k=262.4310851806546, f_best=-11.62631893157959, f_min=-15.876431866011444
2025-04-27 19:06:28,923 - INFO - cur_node_number 22,f_best -11.62631893157959,f_min -15.876431866011444,k 262.4310851806546
2025-04-27 19:06:28,923 - INFO - f_best_current -11.62631893157959,f_min -15.876431866011444
2025-04-27 19:06:28,923 - INFO - 回退,len(queue)=4
2025-04-27 19:06:28,923 - INFO - 回退,len(queue)=3
2025-04-27 19:06:34,290 - INFO - tree_node.f_best*ep:-11.575638771057129,left_f_best-10.25969123840332,right_f_best-11.516502380371094,i:1
2025-04-27 19:06:39,911 - INFO - tree_node.f_best*ep:-11.575638771057129,left_f_best-10.24423885345459,right_f_best-11.541812896728516,i:2
2025-04-27 19:06:45,846 - INFO - tree_node.f_best*ep:-11.575638771057129,left_f_best-10.310013771057129,right_f_best-11.575966835021973,i:3
2025-04-27 19:07:02,026 - INFO - 添加左子节点，右子节点，len(queue):5
2025-04-27 19:07:02,026 - INFO - Node 1: k=1387.1724659601664, f_best=-11.530116081237793, f_min=-13.592451526026707
2025-04-27 19:07:02,026 - INFO - Node 2: k=247.22195337702652, f_best=-10.270337104797363, f_min=-10.56530823430603
2025-04-27 19:07:02,026 - INFO - Node 3: k=410.6549824980849, f_best=-11.532812118530273, f_min=-12.207628612466578
2025-04-27 19:07:02,026 - INFO - Node 4: k=259.8327576046085, f_best=-10.257861137390137, f_min=-10.48261944486876
2025-04-27 19:07:02,026 - INFO - Node 5: k=326.65213381600563, f_best=-11.542519569396973, f_min=-12.003506495174406
2025-04-27 19:07:02,026 - INFO - Node 6: k=270.3830094927136, f_best=-10.284517288208008, f_min=-11.700503029178435
2025-04-27 19:07:02,026 - INFO - Node 7: k=262.4310851806546, f_best=-11.575638771057129, f_min=-12.348049277278733
2025-04-27 19:07:02,026 - INFO - Node 8: k=190.8672056026591, f_best=-10.310013771057129, f_min=-10.39681113876577
2025-04-27 19:07:02,026 - INFO - Node 9: k=156.42416292039093, f_best=-11.575966835021973, f_min=-12.551817337323882
2025-04-27 19:07:02,026 - INFO - cur_node_number 23,f_best -11.575966835021973,f_min -12.551817337323882,k 156.42416292039093
2025-04-27 19:07:02,026 - INFO - f_best_current -11.575966835021973,f_min -12.551817337323882
2025-04-27 19:07:07,682 - INFO - tree_node.f_best*ep:-11.575966835021973,left_f_best-10.254145622253418,right_f_best-11.542126655578613,i:1
2025-04-27 19:07:13,534 - INFO - tree_node.f_best*ep:-11.575966835021973,left_f_best-10.294978141784668,right_f_best-11.578466415405273,i:2
2025-04-27 19:07:30,070 - INFO - 添加左子节点，右子节点，len(queue):6
2025-04-27 19:07:30,070 - INFO - Node 1: k=1387.1724659601664, f_best=-11.530116081237793, f_min=-13.592451526026707
2025-04-27 19:07:30,070 - INFO - Node 2: k=247.22195337702652, f_best=-10.270337104797363, f_min=-10.56530823430603
2025-04-27 19:07:30,070 - INFO - Node 3: k=410.6549824980849, f_best=-11.532812118530273, f_min=-12.207628612466578
2025-04-27 19:07:30,070 - INFO - Node 4: k=259.8327576046085, f_best=-10.257861137390137, f_min=-10.48261944486876
2025-04-27 19:07:30,070 - INFO - Node 5: k=326.65213381600563, f_best=-11.542519569396973, f_min=-12.003506495174406
2025-04-27 19:07:30,070 - INFO - Node 6: k=270.3830094927136, f_best=-10.284517288208008, f_min=-11.700503029178435
2025-04-27 19:07:30,070 - INFO - Node 7: k=262.4310851806546, f_best=-11.575638771057129, f_min=-12.348049277278733
2025-04-27 19:07:30,070 - INFO - Node 8: k=190.8672056026591, f_best=-10.310013771057129, f_min=-10.39681113876577
2025-04-27 19:07:30,070 - INFO - Node 9: k=156.42416292039093, f_best=-11.575966835021973, f_min=-12.551817337323882
2025-04-27 19:07:30,070 - INFO - Node 10: k=221.59090030290992, f_best=-10.294978141784668, f_min=-10.6331694118835
2025-04-27 19:07:30,070 - INFO - Node 11: k=169.3849537406046, f_best=-11.578466415405273, f_min=-13.625625102825325
2025-04-27 19:07:30,070 - INFO - cur_node_number 24,f_best -11.578466415405273,f_min -13.625625102825325,k 169.3849537406046
2025-04-27 19:07:30,070 - INFO - f_best_current -11.578466415405273,f_min -13.625625102825325
2025-04-27 19:07:30,070 - INFO - 回退,len(queue)=4
2025-04-27 19:07:35,455 - INFO - tree_node.f_best*ep:-11.575966835021973,left_f_best-10.23342227935791,right_f_best-11.551549911499023,i:1
2025-04-27 19:07:41,126 - INFO - tree_node.f_best*ep:-11.575966835021973,left_f_best-10.31721305847168,right_f_best-11.550495147705078,i:2
2025-04-27 19:07:47,207 - INFO - tree_node.f_best*ep:-11.575966835021973,left_f_best-10.291720390319824,right_f_best-11.58471965789795,i:3
2025-04-27 19:08:04,549 - INFO - 添加左子节点，右子节点，len(queue):6
2025-04-27 19:08:04,549 - INFO - Node 1: k=1387.1724659601664, f_best=-11.530116081237793, f_min=-13.592451526026707
2025-04-27 19:08:04,549 - INFO - Node 2: k=247.22195337702652, f_best=-10.270337104797363, f_min=-10.56530823430603
2025-04-27 19:08:04,549 - INFO - Node 3: k=410.6549824980849, f_best=-11.532812118530273, f_min=-12.207628612466578
2025-04-27 19:08:04,549 - INFO - Node 4: k=259.8327576046085, f_best=-10.257861137390137, f_min=-10.48261944486876
2025-04-27 19:08:04,549 - INFO - Node 5: k=326.65213381600563, f_best=-11.542519569396973, f_min=-12.003506495174406
2025-04-27 19:08:04,565 - INFO - Node 6: k=270.3830094927136, f_best=-10.284517288208008, f_min=-11.700503029178435
2025-04-27 19:08:04,565 - INFO - Node 7: k=262.4310851806546, f_best=-11.575638771057129, f_min=-12.348049277278733
2025-04-27 19:08:04,565 - INFO - Node 8: k=190.8672056026591, f_best=-10.310013771057129, f_min=-10.39681113876577
2025-04-27 19:08:04,565 - INFO - Node 9: k=169.3849537406046, f_best=-11.575966835021973, f_min=-12.551817337323882
2025-04-27 19:08:04,565 - INFO - Node 10: k=200.6033513228978, f_best=-10.291720390319824, f_min=-10.36558511489875
2025-04-27 19:08:04,565 - INFO - Node 11: k=208.74865180604624, f_best=-11.58471965789795, f_min=-11.597464858124113
2025-04-27 19:08:04,565 - INFO - cur_node_number 25,f_best -11.58471965789795,f_min -11.597464858124113,k 208.74865180604624
2025-04-27 19:08:04,565 - INFO - f_best_current -11.58471965789795,f_min -11.597464858124113
2025-04-27 19:08:04,565 - INFO - 结束,fmin= -11.597464858124113, fbestmin=-11.58471965789795
