2025-04-27 19:36:30,483 - INFO - Namespace(log_file='outputs/dnn1/img[8]/min/DNN1img8_label4.log', image_path='img[8].png', model_path='network/SimpleNN14.pth', label=4, init_epsilon=0.05, epsilon=0.01, ep=1, min=1)
2025-04-27 19:36:30,492 - INFO - Model output max(1): torch.return_types.max(
values=tensor([7.1213], grad_fn=<MaxBackward0>),
indices=tensor([8]))
2025-04-27 19:36:34,207 - INFO - cur_node_number 1,f_best -12.693995475769043,f_min -20.354716353307595,k 955.3529379890948
2025-04-27 19:36:34,208 - INFO - f_best_current -12.693995475769043,f_min -20.354716353307595
2025-04-27 19:36:39,806 - INFO - tree_node.f_best*ep:-12.693995475769043,left_f_best-11.582655906677246,right_f_best-12.758210182189941,i:1
2025-04-27 19:36:59,862 - INFO - 添加左子节点，右子节点，len(queue):2
2025-04-27 19:36:59,862 - INFO - Node 1: k=955.3529379890948, f_best=-12.693995475769043, f_min=-20.354716353307595
2025-04-27 19:36:59,863 - INFO - Node 2: k=254.31494731156013, f_best=-11.582655906677246, f_min=-12.546844404139847
2025-04-27 19:36:59,863 - INFO - Node 3: k=216.8851943641774, f_best=-12.758210182189941, f_min=-17.060595731876674
2025-04-27 19:36:59,863 - INFO - cur_node_number 2,f_best -12.758210182189941,f_min -17.060595731876674,k 216.8851943641774
2025-04-27 19:36:59,863 - INFO - f_best_current -12.758210182189941,f_min -17.060595731876674
2025-04-27 19:37:05,430 - INFO - tree_node.f_best*ep:-12.758210182189941,left_f_best-11.570043563842773,right_f_best-12.758356094360352,i:1
2025-04-27 19:37:22,275 - INFO - 添加左子节点，右子节点，len(queue):3
2025-04-27 19:37:22,275 - INFO - Node 1: k=955.3529379890948, f_best=-12.693995475769043, f_min=-20.354716353307595
2025-04-27 19:37:22,275 - INFO - Node 2: k=254.31494731156013, f_best=-11.582655906677246, f_min=-12.546844404139847
2025-04-27 19:37:22,275 - INFO - Node 3: k=216.8851943641774, f_best=-12.758210182189941, f_min=-17.060595731876674
2025-04-27 19:37:22,275 - INFO - Node 4: k=157.74149223360257, f_best=-11.570043563842773, f_min=-11.802241689380025
2025-04-27 19:37:22,275 - INFO - Node 5: k=172.51954694714564, f_best=-12.758356094360352, f_min=-13.880255582408608
2025-04-27 19:37:22,275 - INFO - cur_node_number 3,f_best -12.758356094360352,f_min -13.880255582408608,k 172.51954694714564
2025-04-27 19:37:22,275 - INFO - f_best_current -12.758356094360352,f_min -13.880255582408608
2025-04-27 19:37:27,807 - INFO - tree_node.f_best*ep:-12.758356094360352,left_f_best-11.574312210083008,right_f_best-12.774382591247559,i:1
2025-04-27 19:37:46,285 - INFO - 添加左子节点，右子节点，len(queue):4
2025-04-27 19:37:46,285 - INFO - Node 1: k=955.3529379890948, f_best=-12.693995475769043, f_min=-20.354716353307595
2025-04-27 19:37:46,286 - INFO - Node 2: k=254.31494731156013, f_best=-11.582655906677246, f_min=-12.546844404139847
2025-04-27 19:37:46,286 - INFO - Node 3: k=216.8851943641774, f_best=-12.758210182189941, f_min=-17.060595731876674
2025-04-27 19:37:46,286 - INFO - Node 4: k=157.74149223360257, f_best=-11.570043563842773, f_min=-11.802241689380025
2025-04-27 19:37:46,286 - INFO - Node 5: k=172.51954694714564, f_best=-12.758356094360352, f_min=-13.880255582408608
2025-04-27 19:37:46,286 - INFO - Node 6: k=225.69160296499243, f_best=-11.574312210083008, f_min=-12.988336934351537
2025-04-27 19:37:46,286 - INFO - Node 7: k=260.92455723332444, f_best=-12.774382591247559, f_min=-15.522720637312887
2025-04-27 19:37:46,286 - INFO - cur_node_number 4,f_best -12.774382591247559,f_min -15.522720637312887,k 260.92455723332444
2025-04-27 19:37:46,286 - INFO - f_best_current -12.774382591247559,f_min -15.522720637312887
2025-04-27 19:37:46,286 - INFO - 回退,len(queue)=2
2025-04-27 19:37:46,286 - INFO - 回退,len(queue)=1
2025-04-27 19:37:51,442 - INFO - tree_node.f_best*ep:-12.758210182189941,left_f_best-11.580216407775879,right_f_best-12.770177841186523,i:1
2025-04-27 19:38:09,489 - INFO - 添加左子节点，右子节点，len(queue):3
2025-04-27 19:38:09,490 - INFO - Node 1: k=955.3529379890948, f_best=-12.693995475769043, f_min=-20.354716353307595
2025-04-27 19:38:09,490 - INFO - Node 2: k=254.31494731156013, f_best=-11.582655906677246, f_min=-12.546844404139847
2025-04-27 19:38:09,490 - INFO - Node 3: k=260.92455723332444, f_best=-12.758210182189941, f_min=-17.060595731876674
2025-04-27 19:38:09,490 - INFO - Node 4: k=231.55729616936694, f_best=-11.580216407775879, f_min=-13.474858949840382
2025-04-27 19:38:09,490 - INFO - Node 5: k=260.92455723332444, f_best=-12.770177841186523, f_min=-13.514099831831118
2025-04-27 19:38:09,490 - INFO - cur_node_number 5,f_best -12.770177841186523,f_min -13.514099831831118,k 260.92455723332444
2025-04-27 19:38:09,490 - INFO - f_best_current -12.770177841186523,f_min -13.514099831831118
2025-04-27 19:38:14,929 - INFO - tree_node.f_best*ep:-12.770177841186523,left_f_best-11.576703071594238,right_f_best-12.767131805419922,i:1
2025-04-27 19:38:20,562 - INFO - tree_node.f_best*ep:-12.770177841186523,left_f_best-11.591947555541992,right_f_best-12.791855812072754,i:2
2025-04-27 19:38:37,674 - INFO - 添加左子节点，右子节点，len(queue):4
2025-04-27 19:38:37,674 - INFO - Node 1: k=955.3529379890948, f_best=-12.693995475769043, f_min=-20.354716353307595
2025-04-27 19:38:37,674 - INFO - Node 2: k=254.31494731156013, f_best=-11.582655906677246, f_min=-12.546844404139847
2025-04-27 19:38:37,674 - INFO - Node 3: k=260.92455723332444, f_best=-12.758210182189941, f_min=-17.060595731876674
2025-04-27 19:38:37,674 - INFO - Node 4: k=231.55729616936694, f_best=-11.580216407775879, f_min=-13.474858949840382
2025-04-27 19:38:37,674 - INFO - Node 5: k=260.92455723332444, f_best=-12.770177841186523, f_min=-13.514099831831118
2025-04-27 19:38:37,674 - INFO - Node 6: k=197.47698559224122, f_best=-11.591947555541992, f_min=-12.841768737763232
2025-04-27 19:38:37,675 - INFO - Node 7: k=193.58590882486152, f_best=-12.791855812072754, f_min=-12.797701634111945
2025-04-27 19:38:37,675 - INFO - cur_node_number 6,f_best -12.791855812072754,f_min -12.797701634111945,k 193.58590882486152
2025-04-27 19:38:37,675 - INFO - f_best_current -12.791855812072754,f_min -12.797701634111945
2025-04-27 19:38:37,675 - INFO - 结束,fmin= -12.797701634111945, fbestmin=-12.791855812072754
