2025-05-06 15:23:26,044 - INFO - Namespace(log_file='outputsconfidence/DNN6/img[0]/max/DNN6img0_label0.log', image_path='img[0].png', model_path='network/DNN6.pth', label=0, init_epsilon=0.05, epsilon=0.01, ep=1, min=0)
2025-05-06 15:23:26,060 - INFO - Model output: -24.13321304321289
2025-05-06 15:23:41,743 - INFO - cur_node_number 1,f_best -30.976619720458984,f_min -35.7647959744063,k 1165.6101970915288
2025-05-06 15:23:41,743 - INFO - f_best_current -30.976619720458984,f_min -35.7647959744063
2025-05-06 15:24:05,734 - INFO - tree_node.f_best:-30.976619720458984,left_f_best-29.54205322265625,right_f_best-31.111547470092773,i:1
2025-05-06 15:24:18,269 - INFO - 添加左子节点，右子节点，len(queue):2
2025-05-06 15:24:18,269 - INFO - Node 1: k=1165.6101970915288, f_best=-30.976619720458984, f_min=-35.7647959744063
2025-05-06 15:24:18,269 - INFO - Node 2: k=868.7216524793876, f_best=-29.54205322265625, f_min=-34.99202468761723
2025-05-06 15:24:18,269 - INFO - Node 3: k=334.9298034955614, f_best=-31.111547470092773, f_min=-32.00232001203585
2025-05-06 15:24:18,269 - INFO - cur_node_number 2,f_best -31.111547470092773,f_min -32.00232001203585,k 334.9298034955614
2025-05-06 15:24:18,269 - INFO - f_best_current -31.111547470092773,f_min -32.00232001203585
2025-05-06 15:24:41,695 - INFO - tree_node.f_best:-31.111547470092773,left_f_best-29.503902435302734,right_f_best-31.063865661621094,i:1
2025-05-06 15:25:06,456 - INFO - tree_node.f_best:-31.111547470092773,left_f_best-29.57330322265625,right_f_best-31.12954330444336,i:2
2025-05-06 15:25:19,198 - INFO - 添加左子节点，右子节点，len(queue):3
2025-05-06 15:25:19,198 - INFO - Node 1: k=1165.6101970915288, f_best=-30.976619720458984, f_min=-35.7647959744063
2025-05-06 15:25:19,198 - INFO - Node 2: k=868.7216524793876, f_best=-29.54205322265625, f_min=-34.99202468761723
2025-05-06 15:25:19,198 - INFO - Node 3: k=334.9298034955614, f_best=-31.111547470092773, f_min=-32.00232001203585
2025-05-06 15:25:19,198 - INFO - Node 4: k=717.9517789085846, f_best=-29.57330322265625, f_min=-29.921488915439113
2025-05-06 15:25:19,198 - INFO - Node 5: k=405.2650622296293, f_best=-31.12954330444336, f_min=-31.485281111319637
2025-05-06 15:25:19,198 - INFO - cur_node_number 3,f_best -31.12954330444336,f_min -31.485281111319637,k 405.2650622296293
2025-05-06 15:25:19,198 - INFO - f_best_current -31.12954330444336,f_min -31.485281111319637
2025-05-06 15:25:19,198 - INFO - 回退,len(queue)=1
2025-05-06 15:25:43,173 - INFO - tree_node.f_best:-31.111547470092773,left_f_best-29.47349739074707,right_f_best-31.039508819580078,i:1
2025-05-06 15:26:07,436 - INFO - tree_node.f_best:-31.111547470092773,left_f_best-29.58887481689453,right_f_best-31.037450790405273,i:2
2025-05-06 15:26:33,525 - INFO - tree_node.f_best:-31.111547470092773,left_f_best-29.578800201416016,right_f_best-31.11257553100586,i:3
2025-05-06 15:26:45,611 - INFO - 添加左子节点，右子节点，len(queue):3
2025-05-06 15:26:45,611 - INFO - Node 1: k=1165.6101970915288, f_best=-30.976619720458984, f_min=-35.7647959744063
2025-05-06 15:26:45,611 - INFO - Node 2: k=868.7216524793876, f_best=-29.54205322265625, f_min=-34.99202468761723
2025-05-06 15:26:45,611 - INFO - Node 3: k=405.2650622296293, f_best=-31.111547470092773, f_min=-32.00232001203585
2025-05-06 15:26:45,611 - INFO - Node 4: k=717.9517789085846, f_best=-29.578800201416016, f_min=-30.862626186069974
2025-05-06 15:26:45,611 - INFO - Node 5: k=276.80149049219943, f_best=-31.11257553100586, f_min=-34.746743902838716
2025-05-06 15:26:45,611 - INFO - cur_node_number 4,f_best -31.11257553100586,f_min -34.746743902838716,k 276.80149049219943
2025-05-06 15:26:45,611 - INFO - f_best_current -31.11257553100586,f_min -34.746743902838716
2025-05-06 15:27:09,380 - INFO - tree_node.f_best:-31.11257553100586,left_f_best-29.44561004638672,right_f_best-31.03047752380371,i:1
2025-05-06 15:27:34,211 - INFO - tree_node.f_best:-31.11257553100586,left_f_best-29.50160026550293,right_f_best-31.042081832885742,i:2
2025-05-06 15:28:00,271 - INFO - tree_node.f_best:-31.11257553100586,left_f_best-29.526491165161133,right_f_best-31.092021942138672,i:3
2025-05-06 15:28:27,492 - INFO - tree_node.f_best:-31.11257553100586,left_f_best-29.56745147705078,right_f_best-31.082456588745117,i:4
2025-05-06 15:28:55,534 - INFO - tree_node.f_best:-31.11257553100586,left_f_best-29.604143142700195,right_f_best-31.113510131835938,i:5
2025-05-06 15:29:09,874 - INFO - 添加左子节点，右子节点，len(queue):4
2025-05-06 15:29:09,874 - INFO - Node 1: k=1165.6101970915288, f_best=-30.976619720458984, f_min=-35.7647959744063
2025-05-06 15:29:09,874 - INFO - Node 2: k=868.7216524793876, f_best=-29.54205322265625, f_min=-34.99202468761723
2025-05-06 15:29:09,874 - INFO - Node 3: k=405.2650622296293, f_best=-31.111547470092773, f_min=-32.00232001203585
2025-05-06 15:29:09,874 - INFO - Node 4: k=717.9517789085846, f_best=-29.578800201416016, f_min=-30.862626186069974
2025-05-06 15:29:09,874 - INFO - Node 5: k=276.80149049219943, f_best=-31.11257553100586, f_min=-34.746743902838716
2025-05-06 15:29:09,874 - INFO - Node 6: k=1399.0849085345792, f_best=-29.604143142700195, f_min=-34.762555843371956
2025-05-06 15:29:09,874 - INFO - Node 7: k=490.3707252978515, f_best=-31.113510131835938, f_min=-31.158190532933077
2025-05-06 15:29:09,874 - INFO - cur_node_number 5,f_best -31.113510131835938,f_min -31.158190532933077,k 490.3707252978515
2025-05-06 15:29:09,874 - INFO - f_best_current -31.113510131835938,f_min -31.158190532933077
2025-05-06 15:29:09,874 - INFO - bestx
2025-05-06 15:29:09,874 - INFO - [4.99852645e-02 4.91452743e-02 4.99988959e-02 4.99175901e-02
 1.23261293e-03 2.75477272e-03 2.10614014e-02 1.51978776e-03
 2.47518762e-04 3.67434123e-02 1.79174663e-02 4.98893701e-02
 4.99963190e-02 4.99165472e-02 4.94920657e-02 4.99468815e-02
 4.94643967e-02 4.99998290e-02 4.99912172e-02 4.98295094e-02
 4.92429220e-02 4.99809671e-02 6.48953889e-03 4.16051957e-02
 4.93024158e-03 4.99062080e-02 4.99671281e-02 4.72223827e-02
 1.26053017e-04 6.41801667e-04 6.68026880e-04 9.30823132e-07
 8.15921506e-04 1.89419738e-01 9.99990058e-01 6.15670073e-01
 4.76453770e-05 5.56596049e-03 1.20065297e-04 2.21042345e-06
 2.56373234e-05 3.42345112e-03 4.94330180e-02 1.49610305e-05
 3.26926800e-02 1.52440967e-05 3.89255707e-01 7.35384165e-01
 9.12622931e-01 9.43150580e-01 7.36178140e-01 2.97046728e-01
 8.13338457e-02 1.69418204e-03 4.99738412e-02 4.96111084e-02
 4.97850918e-02 4.99770722e-02 4.99507830e-02 2.07617662e-01
 8.95335480e-01 2.34310285e-01 1.30599247e-01 3.27153382e-02
 5.30397142e-01 9.99418450e-01 6.95109963e-01 3.64956971e-04
 4.04523609e-02 3.79115849e-04 4.85106172e-02 1.11648878e-03
 6.45886652e-03 7.67266550e-01 6.34969090e-01 1.48246230e-02
 6.70261594e-04 8.84408245e-04 3.43675281e-04 1.18640472e-01
 8.76875568e-01 5.85865777e-01 4.79704741e-02 2.05586999e-04
 7.80378617e-04 2.46045748e-05 7.79602419e-04 9.83305279e-01
 6.76599237e-02 4.19770363e-05 1.67489342e-02 3.80351818e-04
 4.37560790e-04 2.23355657e-04 4.18415390e-01 9.98894634e-01
 1.37652834e-07 5.85885083e-05 7.07911244e-05 6.71676713e-04
 2.49955220e-01 8.84889226e-01 4.92111382e-04 2.95657448e-03
 1.26315823e-04 4.99809074e-02 4.93329726e-02 4.10288052e-03
 7.20566590e-01 7.39956540e-01 4.90609618e-02 4.90063352e-02
 4.39464718e-04 4.99922838e-02 2.81336337e-01 9.67594038e-01
 1.08787960e-01 4.89388490e-02 4.99736753e-02 4.99998953e-02
 7.44011125e-03 2.48090465e-01 9.98980590e-01 1.59659776e-01
 4.01091315e-02 1.73747574e-06 4.16895347e-02 4.99365165e-02
 1.09245401e-02 9.56383336e-01 4.72542692e-01 1.03258459e-04
 4.95817745e-02 1.73837493e-03 2.63815954e-01 9.59803444e-01
 2.81367993e-01 4.90373477e-02 8.76622552e-05 6.26612368e-04
 1.93257790e-05 2.12505711e-02 2.71425628e-04 4.19237170e-01
 9.87122227e-01 4.26482700e-01 2.99297197e-01 7.23037547e-01
 9.98792978e-01 4.78455242e-01 9.17990636e-04 4.51105432e-05
 3.21094430e-05 6.02160428e-06 4.94202327e-02 4.98702129e-02
 4.94065937e-02 4.48662781e-03 5.63707140e-01 9.87232369e-01
 9.88692691e-01 6.02880427e-01 2.05095263e-01 1.81245365e-04
 9.55714022e-05 5.81213797e-03 1.38405151e-03 1.94726915e-04
 4.67268323e-02 1.84412996e-03 1.03924936e-03 4.01173781e-05
 2.50601613e-05 1.01301908e-03 9.75134189e-06 4.87635371e-04
 1.31673718e-04 4.51190699e-02 4.97861255e-02 4.99595791e-02
 4.92489968e-02 3.70934836e-02 4.85126358e-02 4.98848313e-02
 2.94345844e-02 9.48304051e-03 3.10079094e-03 3.81920562e-09
 4.88703257e-02 4.96159882e-02 4.93191801e-02 4.97425556e-02
 4.87837903e-02 4.75852330e-02 4.83898461e-02 4.99893122e-02]
2025-05-06 15:29:09,874 - INFO - 结束,fmin= -31.158190532933077, fbestmin=-31.113510131835938
