2025-05-06 14:34:43,474 - INFO - Namespace(log_file='outputsconfidence/DNN1/img[0]/max/DNN1img0_label0.log', image_path='img[0].png', model_path='network/DNN1.pth', label=0, init_epsilon=0.05, epsilon=0.01, ep=1, min=0)
2025-05-06 14:34:43,481 - INFO - Model output: -8.836251258850098
2025-05-06 14:34:50,846 - INFO - cur_node_number 1,f_best -10.786927223205566,f_min -13.014283473588875,k 636.4740918732185
2025-05-06 14:34:50,846 - INFO - f_best_current -10.786927223205566,f_min -13.014283473588875
2025-05-06 14:35:03,690 - INFO - tree_node.f_best:-10.786927223205566,left_f_best-10.332293510437012,right_f_best-10.792779922485352,i:1
2025-05-06 14:35:07,928 - INFO - 添加左子节点，右子节点，len(queue):2
2025-05-06 14:35:07,928 - INFO - Node 1: k=636.4740918732185, f_best=-10.786927223205566, f_min=-13.014283473588875
2025-05-06 14:35:07,928 - INFO - Node 2: k=207.96505671840674, f_best=-10.332293510437012, f_min=-11.99916907008992
2025-05-06 14:35:07,928 - INFO - Node 3: k=276.80149049219943, f_best=-10.792779922485352, f_min=-11.389675941985843
2025-05-06 14:35:07,928 - INFO - cur_node_number 2,f_best -10.792779922485352,f_min -11.389675941985843,k 276.80149049219943
2025-05-06 14:35:07,928 - INFO - f_best_current -10.792779922485352,f_min -11.389675941985843
2025-05-06 14:35:22,329 - INFO - tree_node.f_best:-10.792779922485352,left_f_best-10.334217071533203,right_f_best-10.787736892700195,i:1
2025-05-06 14:35:37,307 - INFO - tree_node.f_best:-10.792779922485352,left_f_best-10.33387279510498,right_f_best-10.807863235473633,i:2
2025-05-06 14:35:42,042 - INFO - 添加左子节点，右子节点，len(queue):3
2025-05-06 14:35:42,042 - INFO - Node 1: k=636.4740918732185, f_best=-10.786927223205566, f_min=-13.014283473588875
2025-05-06 14:35:42,042 - INFO - Node 2: k=207.96505671840674, f_best=-10.332293510437012, f_min=-11.99916907008992
2025-05-06 14:35:42,042 - INFO - Node 3: k=276.80149049219943, f_best=-10.792779922485352, f_min=-11.389675941985843
2025-05-06 14:35:42,042 - INFO - Node 4: k=276.80149049219943, f_best=-10.33387279510498, f_min=-12.655131682760839
2025-05-06 14:35:42,042 - INFO - Node 5: k=189.05914247127885, f_best=-10.807863235473633, f_min=-11.626563918624015
2025-05-06 14:35:42,042 - INFO - cur_node_number 3,f_best -10.807863235473633,f_min -11.626563918624015,k 189.05914247127885
2025-05-06 14:35:42,042 - INFO - f_best_current -10.807863235473633,f_min -11.626563918624015
2025-05-06 14:35:56,814 - INFO - tree_node.f_best:-10.807863235473633,left_f_best-10.327617645263672,right_f_best-10.793501853942871,i:1
2025-05-06 14:36:11,961 - INFO - tree_node.f_best:-10.807863235473633,left_f_best-10.341726303100586,right_f_best-10.806120872497559,i:2
2025-05-06 14:36:27,863 - INFO - tree_node.f_best:-10.807863235473633,left_f_best-10.346321105957031,right_f_best-10.80936336517334,i:3
2025-05-06 14:36:32,764 - INFO - 添加左子节点，右子节点，len(queue):4
2025-05-06 14:36:32,764 - INFO - Node 1: k=636.4740918732185, f_best=-10.786927223205566, f_min=-13.014283473588875
2025-05-06 14:36:32,764 - INFO - Node 2: k=207.96505671840674, f_best=-10.332293510437012, f_min=-11.99916907008992
2025-05-06 14:36:32,764 - INFO - Node 3: k=276.80149049219943, f_best=-10.792779922485352, f_min=-11.389675941985843
2025-05-06 14:36:32,764 - INFO - Node 4: k=276.80149049219943, f_best=-10.33387279510498, f_min=-12.655131682760839
2025-05-06 14:36:32,764 - INFO - Node 5: k=189.05914247127885, f_best=-10.807863235473633, f_min=-11.626563918624015
2025-05-06 14:36:32,764 - INFO - Node 6: k=207.96505671840674, f_best=-10.346321105957031, f_min=-14.416548030822014
2025-05-06 14:36:32,764 - INFO - Node 7: k=276.80149049219943, f_best=-10.80936336517334, f_min=-19.904971000551086
2025-05-06 14:36:32,764 - INFO - cur_node_number 4,f_best -10.80936336517334,f_min -19.904971000551086,k 276.80149049219943
2025-05-06 14:36:32,764 - INFO - f_best_current -10.80936336517334,f_min -19.904971000551086
2025-05-06 14:36:32,764 - INFO - 回退,len(queue)=2
2025-05-06 14:36:47,086 - INFO - tree_node.f_best:-10.807863235473633,left_f_best-10.32985782623291,right_f_best-10.80318832397461,i:1
2025-05-06 14:37:02,377 - INFO - tree_node.f_best:-10.807863235473633,left_f_best-10.339730262756348,right_f_best-10.801915168762207,i:2
2025-05-06 14:37:18,369 - INFO - tree_node.f_best:-10.807863235473633,left_f_best-10.344364166259766,right_f_best-10.80581283569336,i:3
2025-05-06 14:37:35,556 - INFO - tree_node.f_best:-10.807863235473633,left_f_best-10.348419189453125,right_f_best-10.809874534606934,i:4
2025-05-06 14:37:39,506 - INFO - 添加左子节点，右子节点，len(queue):4
2025-05-06 14:37:39,506 - INFO - Node 1: k=636.4740918732185, f_best=-10.786927223205566, f_min=-13.014283473588875
2025-05-06 14:37:39,506 - INFO - Node 2: k=207.96505671840674, f_best=-10.332293510437012, f_min=-11.99916907008992
2025-05-06 14:37:39,506 - INFO - Node 3: k=276.80149049219943, f_best=-10.792779922485352, f_min=-11.389675941985843
2025-05-06 14:37:39,506 - INFO - Node 4: k=276.80149049219943, f_best=-10.33387279510498, f_min=-12.655131682760839
2025-05-06 14:37:39,506 - INFO - Node 5: k=276.80149049219943, f_best=-10.807863235473633, f_min=-11.626563918624015
2025-05-06 14:37:39,506 - INFO - Node 6: k=142.04293198443187, f_best=-10.348419189453125, f_min=-10.653651023489147
2025-05-06 14:37:39,506 - INFO - Node 7: k=80.17953205361364, f_best=-10.809874534606934, f_min=-10.878224659114494
2025-05-06 14:37:39,506 - INFO - cur_node_number 5,f_best -10.809874534606934,f_min -10.878224659114494,k 80.17953205361364
2025-05-06 14:37:39,506 - INFO - f_best_current -10.809874534606934,f_min -10.878224659114494
2025-05-06 14:37:39,506 - INFO - bestx
2025-05-06 14:37:39,506 - INFO - [3.44142549e-05 1.42845247e-02 4.75186313e-02 4.97339004e-02
 4.97364905e-02 4.98356352e-02 4.99752180e-02 4.98081185e-02
 4.98978802e-02 4.99516161e-02 4.99952348e-02 4.42121995e-02
 3.62541235e-02 1.29728296e-03 6.34152180e-08 4.98342523e-02
 1.32636535e-04 3.14362725e-05 7.16940757e-04 2.25057255e-05
 4.95180877e-02 4.98066951e-02 1.20232182e-02 4.01108387e-05
 3.90977299e-05 4.72738250e-04 4.99654516e-02 4.67133419e-02
 1.95896340e-04 3.29229769e-07 3.41256427e-06 2.37302523e-06
 8.79282813e-03 2.88975892e-01 9.99969040e-01 6.80609779e-01
 4.99983274e-02 4.98584563e-02 4.99528579e-02 5.03079413e-04
 3.32910385e-08 4.98979698e-02 4.99184249e-02 4.99705678e-02
 4.66831544e-10 4.86855579e-02 3.89435505e-01 7.36211258e-01
 9.12470978e-01 9.43568730e-01 7.36228492e-01 2.97058775e-01
 8.39722416e-02 4.99976686e-02 7.59925785e-04 8.67155023e-04
 4.90636504e-02 4.94480333e-02 7.00273699e-07 1.61903617e-01
 9.94642120e-01 2.33338148e-01 1.36074749e-01 1.31923176e-01
 6.30243357e-01 9.99914967e-01 7.94881742e-01 9.30349398e-02
 4.96915911e-02 1.14035006e-08 4.99975314e-02 4.85190428e-02
 2.71371495e-04 8.08198369e-01 6.45397806e-01 4.98902830e-02
 4.95888409e-02 1.31346758e-03 4.39321184e-03 2.18621149e-01
 8.77101719e-01 5.86981764e-01 4.99853492e-02 1.75512544e-04
 4.99999415e-02 3.06428428e-04 9.60989219e-06 9.83271581e-01
 1.67439357e-01 4.98482966e-02 8.05268236e-07 4.63066256e-04
 3.17801091e-04 7.52787925e-05 3.32504630e-01 9.98911875e-01
 4.96912322e-02 4.51846699e-02 4.78220662e-02 7.95747555e-06
 2.49819554e-01 8.84681103e-01 4.95306387e-02 7.15256311e-08
 1.74766429e-04 2.13292680e-05 2.15164467e-04 4.30604315e-05
 6.52510572e-01 7.40178221e-01 4.95280024e-02 4.99880462e-02
 5.04292668e-04 2.30329678e-06 2.80026661e-01 8.67718222e-01
 1.08715630e-01 4.92240916e-02 8.07814409e-05 1.04839678e-04
 3.20002429e-04 2.48097876e-01 9.95827487e-01 1.59758250e-01
 2.67554962e-02 6.26553121e-03 4.99820078e-02 1.04518764e-04
 1.91275123e-04 8.59985638e-01 5.46933106e-01 2.08801192e-04
 2.02144037e-05 5.76429496e-04 2.63732528e-01 8.60532385e-01
 2.81371566e-01 4.99177342e-02 1.27805681e-03 1.65597877e-05
 4.99999034e-02 4.99084967e-02 4.99530959e-02 4.73529360e-01
 9.86962132e-01 5.24450448e-01 3.99003089e-01 8.22302684e-01
 9.20784992e-01 5.74726927e-01 1.19653432e-03 3.92521957e-03
 4.35604226e-02 4.99988385e-02 4.97479916e-02 4.98065387e-02
 4.99649750e-02 7.72480756e-02 5.63690332e-01 9.87235535e-01
 9.91126877e-01 6.02939370e-01 2.99895004e-01 1.15558506e-04
 4.37716633e-05 1.67518191e-05 3.10639775e-05 4.68507193e-04
 3.22302663e-02 4.92456346e-02 4.98166799e-02 4.28574792e-02
 4.99801219e-02 4.98367832e-02 4.99526746e-02 4.99927653e-02
 4.94264080e-02 3.10569112e-04 2.23060620e-06 1.48431611e-04
 7.83549475e-06 4.79171478e-02 4.62238408e-02 1.52122913e-02
 4.89237745e-06 9.96850224e-05 5.65861193e-04 5.82990762e-05
 4.95348101e-02 2.91623146e-05 4.90265237e-02 4.99994357e-02
 4.97352593e-02 4.97708350e-02 4.97413954e-02 3.49158864e-02]
2025-05-06 14:37:39,522 - INFO - 结束,fmin= -10.878224659114494, fbestmin=-10.809874534606934
