2025-04-26 22:09:33,766 - INFO - Namespace(log_file='outputs/dnn1/img[4]/max/DNN1img4_label6.log', image_path='img[4].png', model_path='network/SimpleNN14.pth', label=6, init_epsilon=0.05, epsilon=0.01, ep=1, min=0)
2025-04-26 22:09:33,775 - INFO - Model output max(1): torch.return_types.max(
values=tensor([11.6986], grad_fn=<MaxBackward0>),
indices=tensor([4]))
2025-04-26 22:09:37,209 - INFO - cur_node_number 1,f_best 0.2927456498146057,f_min -13.096058098664798,k 955.3529379890948
2025-04-26 22:09:37,209 - INFO - f_best_current 0.2927456498146057,f_min -13.096058098664798
2025-04-26 22:09:42,559 - INFO - tree_node.f_best*ep:0.2927456498146057,left_f_best1.770248293876648,right_f_best0.26139670610427856,i:1
2025-04-26 22:09:58,556 - INFO - 添加左子节点，右子节点，len(queue):2
2025-04-26 22:09:58,556 - INFO - Node 1: k=955.3529379890948, f_best=0.2927456498146057, f_min=-13.096058098664798
2025-04-26 22:09:58,557 - INFO - Node 2: k=109.7881421845537, f_best=1.770248293876648, f_min=1.5247092414201688
2025-04-26 22:09:58,557 - INFO - Node 3: k=296.9564852872778, f_best=0.26139670610427856, f_min=-0.5882821203667845
2025-04-26 22:09:58,557 - INFO - cur_node_number 2,f_best 0.26139670610427856,f_min -0.5882821203667845,k 296.9564852872778
2025-04-26 22:09:58,557 - INFO - f_best_current 0.26139670610427856,f_min -0.5882821203667845
2025-04-26 22:10:03,711 - INFO - tree_node.f_best*ep:0.26139670610427856,left_f_best1.755066156387329,right_f_best0.26050490140914917,i:1
2025-04-26 22:10:21,524 - INFO - 添加左子节点，右子节点，len(queue):3
2025-04-26 22:10:21,524 - INFO - Node 1: k=955.3529379890948, f_best=0.2927456498146057, f_min=-13.096058098664798
2025-04-26 22:10:21,524 - INFO - Node 2: k=109.7881421845537, f_best=1.770248293876648, f_min=1.5247092414201688
2025-04-26 22:10:21,524 - INFO - Node 3: k=296.9564852872778, f_best=0.26139670610427856, f_min=-0.5882821203667845
2025-04-26 22:10:21,524 - INFO - Node 4: k=196.34333712394192, f_best=1.755066156387329, f_min=1.1475534067485569
2025-04-26 22:10:21,525 - INFO - Node 5: k=244.39166567459233, f_best=0.26050490140914917, f_min=-0.9271694261424273
2025-04-26 22:10:21,525 - INFO - cur_node_number 3,f_best 0.26050490140914917,f_min -0.9271694261424273,k 244.39166567459233
2025-04-26 22:10:21,525 - INFO - f_best_current 0.26050490140914917,f_min -0.9271694261424273
2025-04-26 22:10:26,849 - INFO - tree_node.f_best*ep:0.26050490140914917,left_f_best1.7489852905273438,right_f_best0.26374977827072144,i:1
2025-04-26 22:10:32,228 - INFO - tree_node.f_best*ep:0.26050490140914917,left_f_best1.733161211013794,right_f_best0.23133940994739532,i:2
2025-04-26 22:10:51,291 - INFO - 添加左子节点，右子节点，len(queue):4
2025-04-26 22:10:51,292 - INFO - Node 1: k=955.3529379890948, f_best=0.2927456498146057, f_min=-13.096058098664798
2025-04-26 22:10:51,292 - INFO - Node 2: k=109.7881421845537, f_best=1.770248293876648, f_min=1.5247092414201688
2025-04-26 22:10:51,292 - INFO - Node 3: k=296.9564852872778, f_best=0.26139670610427856, f_min=-0.5882821203667845
2025-04-26 22:10:51,292 - INFO - Node 4: k=196.34333712394192, f_best=1.755066156387329, f_min=1.1475534067485569
2025-04-26 22:10:51,292 - INFO - Node 5: k=244.39166567459233, f_best=0.26050490140914917, f_min=-0.9271694261424273
2025-04-26 22:10:51,292 - INFO - Node 6: k=209.62579948610738, f_best=1.733161211013794, f_min=0.669155355752082
2025-04-26 22:10:51,292 - INFO - Node 7: k=380.82649786026957, f_best=0.23133940994739532, f_min=-0.7915835051207978
2025-04-26 22:10:51,292 - INFO - cur_node_number 4,f_best 0.23133940994739532,f_min -0.7915835051207978,k 380.82649786026957
2025-04-26 22:10:51,292 - INFO - f_best_current 0.23133940994739532,f_min -0.7915835051207978
2025-04-26 22:10:51,292 - INFO - 回退,len(queue)=2
2025-04-26 22:10:51,293 - INFO - 回退,len(queue)=1
2025-04-26 22:10:56,756 - INFO - tree_node.f_best*ep:0.26139670610427856,left_f_best1.744928002357483,right_f_best0.2488907128572464,i:1
2025-04-26 22:11:13,156 - INFO - 添加左子节点，右子节点，len(queue):3
2025-04-26 22:11:13,156 - INFO - Node 1: k=955.3529379890948, f_best=0.2927456498146057, f_min=-13.096058098664798
2025-04-26 22:11:13,156 - INFO - Node 2: k=109.7881421845537, f_best=1.770248293876648, f_min=1.5247092414201688
2025-04-26 22:11:13,157 - INFO - Node 3: k=380.82649786026957, f_best=0.26139670610427856, f_min=-0.5882821203667845
2025-04-26 22:11:13,157 - INFO - Node 4: k=142.80131513288492, f_best=1.744928002357483, f_min=1.7152624536438452
2025-04-26 22:11:13,157 - INFO - Node 5: k=230.22800418458877, f_best=0.2488907128572464, f_min=-3.840881408077621
2025-04-26 22:11:13,157 - INFO - cur_node_number 5,f_best 0.2488907128572464,f_min -3.840881408077621,k 230.22800418458877
2025-04-26 22:11:13,157 - INFO - f_best_current 0.2488907128572464,f_min -3.840881408077621
2025-04-26 22:11:18,613 - INFO - tree_node.f_best*ep:0.2488907128572464,left_f_best1.754105806350708,right_f_best0.30827587842941284,i:1
2025-04-26 22:11:24,574 - INFO - tree_node.f_best*ep:0.2488907128572464,left_f_best1.7221617698669434,right_f_best0.23776061832904816,i:2
2025-04-26 22:11:44,717 - INFO - 添加左子节点，右子节点，len(queue):4
2025-04-26 22:11:44,717 - INFO - Node 1: k=955.3529379890948, f_best=0.2927456498146057, f_min=-13.096058098664798
2025-04-26 22:11:44,717 - INFO - Node 2: k=109.7881421845537, f_best=1.770248293876648, f_min=1.5247092414201688
2025-04-26 22:11:44,717 - INFO - Node 3: k=380.82649786026957, f_best=0.26139670610427856, f_min=-0.5882821203667845
2025-04-26 22:11:44,717 - INFO - Node 4: k=142.80131513288492, f_best=1.744928002357483, f_min=1.7152624536438452
2025-04-26 22:11:44,717 - INFO - Node 5: k=230.22800418458877, f_best=0.2488907128572464, f_min=-3.840881408077621
2025-04-26 22:11:44,717 - INFO - Node 6: k=266.16914083371427, f_best=1.7221617698669434, f_min=-0.8411218673008989
2025-04-26 22:11:44,717 - INFO - Node 7: k=269.9604411702527, f_best=0.23776061832904816, f_min=-2.628964332960095
2025-04-26 22:11:44,717 - INFO - cur_node_number 6,f_best 0.23776061832904816,f_min -2.628964332960095,k 269.9604411702527
2025-04-26 22:11:44,718 - INFO - f_best_current 0.23776061832904816,f_min -2.628964332960095
2025-04-26 22:11:44,718 - INFO - 回退,len(queue)=2
2025-04-26 22:11:50,746 - INFO - tree_node.f_best*ep:0.2488907128572464,left_f_best1.7704687118530273,right_f_best0.24463219940662384,i:1
2025-04-26 22:12:11,203 - INFO - 添加左子节点，右子节点，len(queue):4
2025-04-26 22:12:11,203 - INFO - Node 1: k=955.3529379890948, f_best=0.2927456498146057, f_min=-13.096058098664798
2025-04-26 22:12:11,204 - INFO - Node 2: k=109.7881421845537, f_best=1.770248293876648, f_min=1.5247092414201688
2025-04-26 22:12:11,204 - INFO - Node 3: k=380.82649786026957, f_best=0.26139670610427856, f_min=-0.5882821203667845
2025-04-26 22:12:11,204 - INFO - Node 4: k=142.80131513288492, f_best=1.744928002357483, f_min=1.7152624536438452
2025-04-26 22:12:11,204 - INFO - Node 5: k=269.9604411702527, f_best=0.2488907128572464, f_min=-3.840881408077621
2025-04-26 22:12:11,204 - INFO - Node 6: k=243.36904544798693, f_best=1.7704687118530273, f_min=0.6943336256172188
2025-04-26 22:12:11,204 - INFO - Node 7: k=283.7311367993654, f_best=0.24463219940662384, f_min=-1.5896384693714936
2025-04-26 22:12:11,204 - INFO - cur_node_number 7,f_best 0.24463219940662384,f_min -1.5896384693714936,k 283.7311367993654
2025-04-26 22:12:11,204 - INFO - f_best_current 0.24463219940662384,f_min -1.5896384693714936
2025-04-26 22:12:11,204 - INFO - 回退,len(queue)=2
2025-04-26 22:12:17,176 - INFO - tree_node.f_best*ep:0.2488907128572464,left_f_best1.7627837657928467,right_f_best0.27577608823776245,i:1
2025-04-26 22:12:22,861 - INFO - tree_node.f_best*ep:0.2488907128572464,left_f_best1.7392659187316895,right_f_best0.22141475975513458,i:2
2025-04-26 22:12:39,875 - INFO - 添加左子节点，右子节点，len(queue):4
2025-04-26 22:12:39,875 - INFO - Node 1: k=955.3529379890948, f_best=0.2927456498146057, f_min=-13.096058098664798
2025-04-26 22:12:39,875 - INFO - Node 2: k=109.7881421845537, f_best=1.770248293876648, f_min=1.5247092414201688
2025-04-26 22:12:39,875 - INFO - Node 3: k=380.82649786026957, f_best=0.26139670610427856, f_min=-0.5882821203667845
2025-04-26 22:12:39,875 - INFO - Node 4: k=142.80131513288492, f_best=1.744928002357483, f_min=1.7152624536438452
2025-04-26 22:12:39,875 - INFO - Node 5: k=283.7311367993654, f_best=0.2488907128572464, f_min=-3.840881408077621
2025-04-26 22:12:39,875 - INFO - Node 6: k=211.72205748096846, f_best=1.7392659187316895, f_min=-0.09269217502514948
2025-04-26 22:12:39,875 - INFO - Node 7: k=157.74149223360257, f_best=0.22141475975513458, f_min=-0.2854533709041789
2025-04-26 22:12:39,875 - INFO - cur_node_number 8,f_best 0.22141475975513458,f_min -0.2854533709041789,k 157.74149223360257
2025-04-26 22:12:39,876 - INFO - f_best_current 0.22141475975513458,f_min -0.2854533709041789
2025-04-26 22:12:45,675 - INFO - tree_node.f_best*ep:0.22141475975513458,left_f_best1.775930643081665,right_f_best0.25320786237716675,i:1
2025-04-26 22:12:51,548 - INFO - tree_node.f_best*ep:0.22141475975513458,left_f_best1.7215912342071533,right_f_best0.23836393654346466,i:2
2025-04-26 22:12:57,500 - INFO - tree_node.f_best*ep:0.22141475975513458,left_f_best1.7184879779815674,right_f_best0.2299642115831375,i:3
2025-04-26 22:13:03,704 - INFO - tree_node.f_best*ep:0.22141475975513458,left_f_best1.6916143894195557,right_f_best0.22418256103992462,i:4
2025-04-26 22:13:10,440 - INFO - tree_node.f_best*ep:0.22141475975513458,left_f_best1.6875262260437012,right_f_best0.19610174000263214,i:5
2025-04-26 22:13:29,155 - INFO - 添加左子节点，右子节点，len(queue):5
2025-04-26 22:13:29,155 - INFO - Node 1: k=955.3529379890948, f_best=0.2927456498146057, f_min=-13.096058098664798
2025-04-26 22:13:29,155 - INFO - Node 2: k=109.7881421845537, f_best=1.770248293876648, f_min=1.5247092414201688
2025-04-26 22:13:29,155 - INFO - Node 3: k=380.82649786026957, f_best=0.26139670610427856, f_min=-0.5882821203667845
2025-04-26 22:13:29,156 - INFO - Node 4: k=142.80131513288492, f_best=1.744928002357483, f_min=1.7152624536438452
2025-04-26 22:13:29,156 - INFO - Node 5: k=283.7311367993654, f_best=0.2488907128572464, f_min=-3.840881408077621
2025-04-26 22:13:29,156 - INFO - Node 6: k=211.72205748096846, f_best=1.7392659187316895, f_min=-0.09269217502514948
2025-04-26 22:13:29,156 - INFO - Node 7: k=157.74149223360257, f_best=0.22141475975513458, f_min=-0.2854533709041789
2025-04-26 22:13:29,156 - INFO - Node 8: k=225.69160296499243, f_best=1.6875262260437012, f_min=0.483468398468176
2025-04-26 22:13:29,156 - INFO - Node 9: k=200.28983820013318, f_best=0.19610174000263214, f_min=0.1944834303594689
2025-04-26 22:13:29,156 - INFO - cur_node_number 9,f_best 0.19610174000263214,f_min 0.1944834303594689,k 200.28983820013318
2025-04-26 22:13:29,156 - INFO - f_best_current 0.19610174000263214,f_min 0.1944834303594689
2025-04-26 22:13:29,156 - INFO - 结束,fmin= 0.1944834303594689, fbestmin=0.19610174000263214
