2025-04-26 19:36:32,972 - INFO - Namespace(log_file='outputs/dnn1/img[4]/max/DNN1img4_label1.log', image_path='img[4].png', model_path='network/SimpleNN14.pth', label=1, init_epsilon=0.05, epsilon=0.01, ep=1, min=0)
2025-04-26 19:36:32,982 - INFO - Model output max(1): torch.return_types.max(
values=tensor([11.6986], grad_fn=<MaxBackward0>),
indices=tensor([4]))
2025-04-26 19:36:36,515 - INFO - cur_node_number 1,f_best 7.067117214202881,f_min 2.840688272182888,k 449.3931895792727
2025-04-26 19:36:36,515 - INFO - f_best_current 7.067117214202881,f_min 2.840688272182888
2025-04-26 19:36:42,150 - INFO - tree_node.f_best*ep:7.067117214202881,left_f_best7.568690776824951,right_f_best7.076759338378906,i:1
2025-04-26 19:36:48,377 - INFO - tree_node.f_best*ep:7.067117214202881,left_f_best7.565093040466309,right_f_best7.054046630859375,i:2
2025-04-26 19:37:06,973 - INFO - 添加左子节点，右子节点，len(queue):2
2025-04-26 19:37:06,973 - INFO - Node 1: k=449.3931895792727, f_best=7.067117214202881, f_min=2.840688272182888
2025-04-26 19:37:06,973 - INFO - Node 2: k=130.70805700134912, f_best=7.565093040466309, f_min=7.365623936070733
2025-04-26 19:37:06,973 - INFO - Node 3: k=83.0501110504951, f_best=7.054046630859375, f_min=6.886912470250536
2025-04-26 19:37:06,974 - INFO - cur_node_number 2,f_best 7.054046630859375,f_min 6.886912470250536,k 83.0501110504951
2025-04-26 19:37:06,974 - INFO - f_best_current 7.054046630859375,f_min 6.886912470250536
2025-04-26 19:37:13,214 - INFO - tree_node.f_best*ep:7.054046630859375,left_f_best7.571824550628662,right_f_best7.120513916015625,i:1
2025-04-26 19:37:19,783 - INFO - tree_node.f_best*ep:7.054046630859375,left_f_best7.57537317276001,right_f_best7.043471813201904,i:2
2025-04-26 19:37:40,222 - INFO - 添加左子节点，右子节点，len(queue):3
2025-04-26 19:37:40,223 - INFO - Node 1: k=449.3931895792727, f_best=7.067117214202881, f_min=2.840688272182888
2025-04-26 19:37:40,223 - INFO - Node 2: k=130.70805700134912, f_best=7.565093040466309, f_min=7.365623936070733
2025-04-26 19:37:40,223 - INFO - Node 3: k=83.0501110504951, f_best=7.054046630859375, f_min=6.886912470250536
2025-04-26 19:37:40,223 - INFO - Node 4: k=109.73336153091577, f_best=7.57537317276001, f_min=7.482445617397389
2025-04-26 19:37:40,223 - INFO - Node 5: k=132.0151375713626, f_best=7.043471813201904, f_min=6.229540507554702
2025-04-26 19:37:40,223 - INFO - cur_node_number 3,f_best 7.043471813201904,f_min 6.229540507554702,k 132.0151375713626
2025-04-26 19:37:40,223 - INFO - f_best_current 7.043471813201904,f_min 6.229540507554702
2025-04-26 19:37:40,223 - INFO - 回退,len(queue)=1
2025-04-26 19:37:46,873 - INFO - tree_node.f_best*ep:7.054046630859375,left_f_best7.587556838989258,right_f_best7.11298131942749,i:1
2025-04-26 19:37:53,989 - INFO - tree_node.f_best*ep:7.054046630859375,left_f_best7.569708824157715,right_f_best7.032260417938232,i:2
2025-04-26 19:38:13,643 - INFO - 添加左子节点，右子节点，len(queue):3
2025-04-26 19:38:13,644 - INFO - Node 1: k=449.3931895792727, f_best=7.067117214202881, f_min=2.840688272182888
2025-04-26 19:38:13,644 - INFO - Node 2: k=130.70805700134912, f_best=7.565093040466309, f_min=7.365623936070733
2025-04-26 19:38:13,644 - INFO - Node 3: k=132.0151375713626, f_best=7.054046630859375, f_min=6.886912470250536
2025-04-26 19:38:13,644 - INFO - Node 4: k=86.42227859009053, f_best=7.569708824157715, f_min=7.377896806086483
2025-04-26 19:38:13,644 - INFO - Node 5: k=121.21389904279629, f_best=7.032260417938232, f_min=5.260060985708151
2025-04-26 19:38:13,644 - INFO - cur_node_number 4,f_best 7.032260417938232,f_min 5.260060985708151,k 121.21389904279629
2025-04-26 19:38:13,644 - INFO - f_best_current 7.032260417938232,f_min 5.260060985708151
2025-04-26 19:38:20,358 - INFO - tree_node.f_best*ep:7.032260417938232,left_f_best7.576303958892822,right_f_best7.045718193054199,i:1
2025-04-26 19:38:27,322 - INFO - tree_node.f_best*ep:7.032260417938232,left_f_best7.5719685554504395,right_f_best7.054558277130127,i:2
2025-04-26 19:38:34,724 - INFO - tree_node.f_best*ep:7.032260417938232,left_f_best7.564260005950928,right_f_best7.031604766845703,i:3
2025-04-26 19:38:56,958 - INFO - 添加左子节点，右子节点，len(queue):4
2025-04-26 19:38:56,958 - INFO - Node 1: k=449.3931895792727, f_best=7.067117214202881, f_min=2.840688272182888
2025-04-26 19:38:56,958 - INFO - Node 2: k=130.70805700134912, f_best=7.565093040466309, f_min=7.365623936070733
2025-04-26 19:38:56,959 - INFO - Node 3: k=132.0151375713626, f_best=7.054046630859375, f_min=6.886912470250536
2025-04-26 19:38:56,959 - INFO - Node 4: k=86.42227859009053, f_best=7.569708824157715, f_min=7.377896806086483
2025-04-26 19:38:56,959 - INFO - Node 5: k=121.21389904279629, f_best=7.032260417938232, f_min=5.260060985708151
2025-04-26 19:38:56,959 - INFO - Node 6: k=111.93900209768718, f_best=7.564260005950928, f_min=5.678782765779943
2025-04-26 19:38:56,959 - INFO - Node 7: k=153.26547635925152, f_best=7.031604766845703, f_min=4.6459814809222735
2025-04-26 19:38:56,959 - INFO - cur_node_number 5,f_best 7.031604766845703,f_min 4.6459814809222735,k 153.26547635925152
2025-04-26 19:38:56,959 - INFO - f_best_current 7.031604766845703,f_min 4.6459814809222735
2025-04-26 19:38:56,959 - INFO - 回退,len(queue)=2
2025-04-26 19:38:56,959 - INFO - 回退,len(queue)=1
2025-04-26 19:39:03,492 - INFO - tree_node.f_best*ep:7.054046630859375,left_f_best7.584896564483643,right_f_best7.074723243713379,i:1
2025-04-26 19:39:10,305 - INFO - tree_node.f_best*ep:7.054046630859375,left_f_best7.567881107330322,right_f_best7.0651936531066895,i:2
2025-04-26 19:39:17,564 - INFO - tree_node.f_best*ep:7.054046630859375,left_f_best7.560556888580322,right_f_best7.033515930175781,i:3
2025-04-26 19:39:39,181 - INFO - 添加左子节点，右子节点，len(queue):3
2025-04-26 19:39:39,182 - INFO - Node 1: k=449.3931895792727, f_best=7.067117214202881, f_min=2.840688272182888
2025-04-26 19:39:39,182 - INFO - Node 2: k=130.70805700134912, f_best=7.565093040466309, f_min=7.365623936070733
2025-04-26 19:39:39,182 - INFO - Node 3: k=153.26547635925152, f_best=7.054046630859375, f_min=6.886912470250536
2025-04-26 19:39:39,182 - INFO - Node 4: k=142.13282948552006, f_best=7.560556888580322, f_min=7.126064948067324
2025-04-26 19:39:39,182 - INFO - Node 5: k=107.57118079689812, f_best=7.033515930175781, f_min=5.756358390821333
2025-04-26 19:39:39,182 - INFO - cur_node_number 6,f_best 7.033515930175781,f_min 5.756358390821333,k 107.57118079689812
2025-04-26 19:39:39,182 - INFO - f_best_current 7.033515930175781,f_min 5.756358390821333
2025-04-26 19:39:45,923 - INFO - tree_node.f_best*ep:7.033515930175781,left_f_best7.58672571182251,right_f_best7.048519611358643,i:1
2025-04-26 19:39:52,823 - INFO - tree_node.f_best*ep:7.033515930175781,left_f_best7.561910629272461,right_f_best7.039261341094971,i:2
2025-04-26 19:40:00,015 - INFO - tree_node.f_best*ep:7.033515930175781,left_f_best7.5650410652160645,right_f_best7.030953884124756,i:3
2025-04-26 19:40:20,668 - INFO - 添加左子节点，右子节点，len(queue):4
2025-04-26 19:40:20,668 - INFO - Node 1: k=449.3931895792727, f_best=7.067117214202881, f_min=2.840688272182888
2025-04-26 19:40:20,668 - INFO - Node 2: k=130.70805700134912, f_best=7.565093040466309, f_min=7.365623936070733
2025-04-26 19:40:20,668 - INFO - Node 3: k=153.26547635925152, f_best=7.054046630859375, f_min=6.886912470250536
2025-04-26 19:40:20,669 - INFO - Node 4: k=142.13282948552006, f_best=7.560556888580322, f_min=7.126064948067324
2025-04-26 19:40:20,669 - INFO - Node 5: k=107.57118079689812, f_best=7.033515930175781, f_min=5.756358390821333
2025-04-26 19:40:20,669 - INFO - Node 6: k=108.6468926048671, f_best=7.5650410652160645, f_min=6.752860166874598
2025-04-26 19:40:20,669 - INFO - Node 7: k=109.73336153091577, f_best=7.030953884124756, f_min=6.506009469001583
2025-04-26 19:40:20,669 - INFO - cur_node_number 7,f_best 7.030953884124756,f_min 6.506009469001583,k 109.73336153091577
2025-04-26 19:40:20,669 - INFO - f_best_current 7.030953884124756,f_min 6.506009469001583
2025-04-26 19:40:20,669 - INFO - 回退,len(queue)=2
2025-04-26 19:40:27,278 - INFO - tree_node.f_best*ep:7.033515930175781,left_f_best7.5802788734436035,right_f_best7.05335807800293,i:1
2025-04-26 19:40:34,207 - INFO - tree_node.f_best*ep:7.033515930175781,left_f_best7.561048984527588,right_f_best7.087691783905029,i:2
2025-04-26 19:40:41,604 - INFO - tree_node.f_best*ep:7.033515930175781,left_f_best7.570306301116943,right_f_best7.028924942016602,i:3
2025-04-26 19:41:01,711 - INFO - 添加左子节点，右子节点，len(queue):4
2025-04-26 19:41:01,712 - INFO - Node 1: k=449.3931895792727, f_best=7.067117214202881, f_min=2.840688272182888
2025-04-26 19:41:01,712 - INFO - Node 2: k=130.70805700134912, f_best=7.565093040466309, f_min=7.365623936070733
2025-04-26 19:41:01,712 - INFO - Node 3: k=153.26547635925152, f_best=7.054046630859375, f_min=6.886912470250536
2025-04-26 19:41:01,712 - INFO - Node 4: k=142.13282948552006, f_best=7.560556888580322, f_min=7.126064948067324
2025-04-26 19:41:01,712 - INFO - Node 5: k=109.73336153091577, f_best=7.033515930175781, f_min=5.756358390821333
2025-04-26 19:41:01,712 - INFO - Node 6: k=120.70669768400762, f_best=7.570306301116943, f_min=6.587759332889618
2025-04-26 19:41:01,712 - INFO - Node 7: k=78.23696140245164, f_best=7.028924942016602, f_min=6.775521273554659
2025-04-26 19:41:01,712 - INFO - cur_node_number 8,f_best 7.028924942016602,f_min 6.775521273554659,k 78.23696140245164
2025-04-26 19:41:01,712 - INFO - f_best_current 7.028924942016602,f_min 6.775521273554659
2025-04-26 19:41:08,424 - INFO - tree_node.f_best*ep:7.028924942016602,left_f_best7.5731520652771,right_f_best7.071003437042236,i:1
2025-04-26 19:41:15,478 - INFO - tree_node.f_best*ep:7.028924942016602,left_f_best7.573423862457275,right_f_best7.071863174438477,i:2
2025-04-26 19:41:22,891 - INFO - tree_node.f_best*ep:7.028924942016602,left_f_best7.563293933868408,right_f_best7.043941974639893,i:3
2025-04-26 19:41:31,490 - INFO - tree_node.f_best*ep:7.028924942016602,left_f_best7.5593485832214355,right_f_best7.03809118270874,i:4
2025-04-26 19:41:39,511 - INFO - tree_node.f_best*ep:7.028924942016602,left_f_best7.551143169403076,right_f_best7.0425944328308105,i:5
2025-04-26 19:41:47,269 - INFO - tree_node.f_best*ep:7.028924942016602,left_f_best7.544178485870361,right_f_best7.02787446975708,i:6
2025-04-26 19:42:07,646 - INFO - 添加左子节点，右子节点，len(queue):5
2025-04-26 19:42:07,646 - INFO - Node 1: k=449.3931895792727, f_best=7.067117214202881, f_min=2.840688272182888
2025-04-26 19:42:07,647 - INFO - Node 2: k=130.70805700134912, f_best=7.565093040466309, f_min=7.365623936070733
2025-04-26 19:42:07,647 - INFO - Node 3: k=153.26547635925152, f_best=7.054046630859375, f_min=6.886912470250536
2025-04-26 19:42:07,647 - INFO - Node 4: k=142.13282948552006, f_best=7.560556888580322, f_min=7.126064948067324
2025-04-26 19:42:07,647 - INFO - Node 5: k=109.73336153091577, f_best=7.033515930175781, f_min=5.756358390821333
2025-04-26 19:42:07,647 - INFO - Node 6: k=120.70669768400762, f_best=7.570306301116943, f_min=6.587759332889618
2025-04-26 19:42:07,647 - INFO - Node 7: k=78.23696140245164, f_best=7.028924942016602, f_min=6.775521273554659
2025-04-26 19:42:07,647 - INFO - Node 8: k=144.38301173319917, f_best=7.544178485870361, f_min=7.2925680180187555
2025-04-26 19:42:07,647 - INFO - Node 9: k=102.94123827563152, f_best=7.02787446975708, f_min=5.826604677567957
2025-04-26 19:42:07,648 - INFO - cur_node_number 9,f_best 7.02787446975708,f_min 5.826604677567957,k 102.94123827563152
2025-04-26 19:42:07,648 - INFO - f_best_current 7.02787446975708,f_min 5.826604677567957
2025-04-26 19:42:07,648 - INFO - 回退,len(queue)=3
2025-04-26 19:42:14,179 - INFO - tree_node.f_best*ep:7.028924942016602,left_f_best7.577010154724121,right_f_best7.066878795623779,i:1
2025-04-26 19:42:20,864 - INFO - tree_node.f_best*ep:7.028924942016602,left_f_best7.558999061584473,right_f_best7.042895793914795,i:2
2025-04-26 19:42:27,838 - INFO - tree_node.f_best*ep:7.028924942016602,left_f_best7.574883937835693,right_f_best7.049145221710205,i:3
2025-04-26 19:42:35,292 - INFO - tree_node.f_best*ep:7.028924942016602,left_f_best7.565155506134033,right_f_best7.039988040924072,i:4
2025-04-26 19:42:42,796 - INFO - tree_node.f_best*ep:7.028924942016602,left_f_best7.552883625030518,right_f_best7.014271259307861,i:5
2025-04-26 19:43:02,716 - INFO - 添加左子节点，右子节点，len(queue):5
2025-04-26 19:43:02,717 - INFO - Node 1: k=449.3931895792727, f_best=7.067117214202881, f_min=2.840688272182888
2025-04-26 19:43:02,717 - INFO - Node 2: k=130.70805700134912, f_best=7.565093040466309, f_min=7.365623936070733
2025-04-26 19:43:02,717 - INFO - Node 3: k=153.26547635925152, f_best=7.054046630859375, f_min=6.886912470250536
2025-04-26 19:43:02,717 - INFO - Node 4: k=142.13282948552006, f_best=7.560556888580322, f_min=7.126064948067324
2025-04-26 19:43:02,717 - INFO - Node 5: k=109.73336153091577, f_best=7.033515930175781, f_min=5.756358390821333
2025-04-26 19:43:02,717 - INFO - Node 6: k=120.70669768400762, f_best=7.570306301116943, f_min=6.587759332889618
2025-04-26 19:43:02,717 - INFO - Node 7: k=102.94123827563152, f_best=7.028924942016602, f_min=6.775521273554659
2025-04-26 19:43:02,717 - INFO - Node 8: k=128.13259190407717, f_best=7.552883625030518, f_min=6.467696349004655
2025-04-26 19:43:02,717 - INFO - Node 9: k=121.21389904279629, f_best=7.014271259307861, f_min=5.882405854972603
2025-04-26 19:43:02,717 - INFO - cur_node_number 10,f_best 7.014271259307861,f_min 5.882405854972603,k 121.21389904279629
2025-04-26 19:43:02,718 - INFO - f_best_current 7.014271259307861,f_min 5.882405854972603
2025-04-26 19:43:02,718 - INFO - 回退,len(queue)=3
2025-04-26 19:43:02,718 - INFO - 回退,len(queue)=2
2025-04-26 19:43:09,182 - INFO - tree_node.f_best*ep:7.033515930175781,left_f_best7.581173419952393,right_f_best7.038821697235107,i:1
2025-04-26 19:43:16,090 - INFO - tree_node.f_best*ep:7.033515930175781,left_f_best7.572912693023682,right_f_best7.043580055236816,i:2
2025-04-26 19:43:23,219 - INFO - tree_node.f_best*ep:7.033515930175781,left_f_best7.565480709075928,right_f_best7.084074974060059,i:3
2025-04-26 19:43:30,541 - INFO - tree_node.f_best*ep:7.033515930175781,left_f_best7.553949356079102,right_f_best7.017955303192139,i:4
2025-04-26 19:43:50,327 - INFO - 添加左子节点，右子节点，len(queue):4
2025-04-26 19:43:50,327 - INFO - Node 1: k=449.3931895792727, f_best=7.067117214202881, f_min=2.840688272182888
2025-04-26 19:43:50,328 - INFO - Node 2: k=130.70805700134912, f_best=7.565093040466309, f_min=7.365623936070733
2025-04-26 19:43:50,328 - INFO - Node 3: k=153.26547635925152, f_best=7.054046630859375, f_min=6.886912470250536
2025-04-26 19:43:50,328 - INFO - Node 4: k=142.13282948552006, f_best=7.560556888580322, f_min=7.126064948067324
2025-04-26 19:43:50,328 - INFO - Node 5: k=121.21389904279629, f_best=7.033515930175781, f_min=5.756358390821333
2025-04-26 19:43:50,328 - INFO - Node 6: k=111.47061015242558, f_best=7.553949356079102, f_min=4.959677897965776
2025-04-26 19:43:50,328 - INFO - Node 7: k=131.2572833938171, f_best=7.017955303192139, f_min=5.797360040101012
2025-04-26 19:43:50,328 - INFO - cur_node_number 11,f_best 7.017955303192139,f_min 5.797360040101012,k 131.2572833938171
2025-04-26 19:43:50,328 - INFO - f_best_current 7.017955303192139,f_min 5.797360040101012
2025-04-26 19:43:50,328 - INFO - 回退,len(queue)=2
2025-04-26 19:43:56,575 - INFO - tree_node.f_best*ep:7.033515930175781,left_f_best7.581603527069092,right_f_best7.1044392585754395,i:1
2025-04-26 19:44:03,277 - INFO - tree_node.f_best*ep:7.033515930175781,left_f_best7.583963871002197,right_f_best7.0476555824279785,i:2
2025-04-26 19:44:10,382 - INFO - tree_node.f_best*ep:7.033515930175781,left_f_best7.5724687576293945,right_f_best7.055404186248779,i:3
2025-04-26 19:44:17,711 - INFO - tree_node.f_best*ep:7.033515930175781,left_f_best7.552241325378418,right_f_best7.035481929779053,i:4
2025-04-26 19:44:25,164 - INFO - tree_node.f_best*ep:7.033515930175781,left_f_best7.558030128479004,right_f_best7.01853609085083,i:5
2025-04-26 19:44:45,214 - INFO - 添加左子节点，右子节点，len(queue):4
2025-04-26 19:44:45,214 - INFO - Node 1: k=449.3931895792727, f_best=7.067117214202881, f_min=2.840688272182888
2025-04-26 19:44:45,214 - INFO - Node 2: k=130.70805700134912, f_best=7.565093040466309, f_min=7.365623936070733
2025-04-26 19:44:45,214 - INFO - Node 3: k=153.26547635925152, f_best=7.054046630859375, f_min=6.886912470250536
2025-04-26 19:44:45,215 - INFO - Node 4: k=142.13282948552006, f_best=7.560556888580322, f_min=7.126064948067324
2025-04-26 19:44:45,215 - INFO - Node 5: k=131.2572833938171, f_best=7.033515930175781, f_min=5.756358390821333
2025-04-26 19:44:45,215 - INFO - Node 6: k=133.8955547900328, f_best=7.558030128479004, f_min=5.864751143198191
2025-04-26 19:44:45,215 - INFO - Node 7: k=90.83068335072721, f_best=7.01853609085083, f_min=5.273384043666738
2025-04-26 19:44:45,215 - INFO - cur_node_number 12,f_best 7.01853609085083,f_min 5.273384043666738,k 90.83068335072721
2025-04-26 19:44:45,215 - INFO - f_best_current 7.01853609085083,f_min 5.273384043666738
2025-04-26 19:44:51,877 - INFO - tree_node.f_best*ep:7.01853609085083,left_f_best7.571950912475586,right_f_best7.057790279388428,i:1
2025-04-26 19:44:58,663 - INFO - tree_node.f_best*ep:7.01853609085083,left_f_best7.567712306976318,right_f_best7.048853874206543,i:2
2025-04-26 19:45:05,661 - INFO - tree_node.f_best*ep:7.01853609085083,left_f_best7.5635786056518555,right_f_best7.04435920715332,i:3
2025-04-26 19:45:12,934 - INFO - tree_node.f_best*ep:7.01853609085083,left_f_best7.57406759262085,right_f_best7.039038181304932,i:4
2025-04-26 19:45:20,484 - INFO - tree_node.f_best*ep:7.01853609085083,left_f_best7.564303398132324,right_f_best7.020907878875732,i:5
2025-04-26 19:45:28,191 - INFO - tree_node.f_best*ep:7.01853609085083,left_f_best7.543249607086182,right_f_best7.054661273956299,i:6
2025-04-26 19:45:35,807 - INFO - tree_node.f_best*ep:7.01853609085083,left_f_best7.538858413696289,right_f_best7.019826412200928,i:7
2025-04-26 19:45:43,631 - INFO - tree_node.f_best*ep:7.01853609085083,left_f_best7.536352634429932,right_f_best7.006438732147217,i:8
2025-04-26 19:45:59,474 - INFO - 添加左子节点，右子节点，len(queue):5
2025-04-26 19:45:59,474 - INFO - Node 1: k=449.3931895792727, f_best=7.067117214202881, f_min=2.840688272182888
2025-04-26 19:45:59,474 - INFO - Node 2: k=130.70805700134912, f_best=7.565093040466309, f_min=7.365623936070733
2025-04-26 19:45:59,474 - INFO - Node 3: k=153.26547635925152, f_best=7.054046630859375, f_min=6.886912470250536
2025-04-26 19:45:59,475 - INFO - Node 4: k=142.13282948552006, f_best=7.560556888580322, f_min=7.126064948067324
2025-04-26 19:45:59,475 - INFO - Node 5: k=131.2572833938171, f_best=7.033515930175781, f_min=5.756358390821333
2025-04-26 19:45:59,475 - INFO - Node 6: k=133.8955547900328, f_best=7.558030128479004, f_min=5.864751143198191
2025-04-26 19:45:59,475 - INFO - Node 7: k=90.83068335072721, f_best=7.01853609085083, f_min=5.273384043666738
2025-04-26 19:45:59,475 - INFO - Node 8: k=42.639114213977074, f_best=7.536352634429932, f_min=7.073674936039652
2025-04-26 19:45:59,475 - INFO - Node 9: k=108.6468926048671, f_best=7.006438732147217, f_min=5.310525098587277
2025-04-26 19:45:59,475 - INFO - cur_node_number 13,f_best 7.006438732147217,f_min 5.310525098587277,k 108.6468926048671
2025-04-26 19:45:59,475 - INFO - f_best_current 7.006438732147217,f_min 5.310525098587277
2025-04-26 19:45:59,475 - INFO - 回退,len(queue)=3
2025-04-26 19:46:05,572 - INFO - tree_node.f_best*ep:7.01853609085083,left_f_best7.586776256561279,right_f_best7.064671516418457,i:1
2025-04-26 19:46:11,776 - INFO - tree_node.f_best*ep:7.01853609085083,left_f_best7.579491138458252,right_f_best7.038371562957764,i:2
2025-04-26 19:46:18,299 - INFO - tree_node.f_best*ep:7.01853609085083,left_f_best7.558082580566406,right_f_best7.037026405334473,i:3
2025-04-26 19:46:25,050 - INFO - tree_node.f_best*ep:7.01853609085083,left_f_best7.56335973739624,right_f_best7.0262131690979,i:4
2025-04-26 19:46:32,323 - INFO - tree_node.f_best*ep:7.01853609085083,left_f_best7.544923305511475,right_f_best7.012686729431152,i:5
2025-04-26 19:46:53,546 - INFO - 添加左子节点，右子节点，len(queue):5
2025-04-26 19:46:53,546 - INFO - Node 1: k=449.3931895792727, f_best=7.067117214202881, f_min=2.840688272182888
2025-04-26 19:46:53,546 - INFO - Node 2: k=130.70805700134912, f_best=7.565093040466309, f_min=7.365623936070733
2025-04-26 19:46:53,546 - INFO - Node 3: k=153.26547635925152, f_best=7.054046630859375, f_min=6.886912470250536
2025-04-26 19:46:53,546 - INFO - Node 4: k=142.13282948552006, f_best=7.560556888580322, f_min=7.126064948067324
2025-04-26 19:46:53,546 - INFO - Node 5: k=131.2572833938171, f_best=7.033515930175781, f_min=5.756358390821333
2025-04-26 19:46:53,547 - INFO - Node 6: k=133.8955547900328, f_best=7.558030128479004, f_min=5.864751143198191
2025-04-26 19:46:53,547 - INFO - Node 7: k=108.6468926048671, f_best=7.01853609085083, f_min=5.273384043666738
2025-04-26 19:46:53,547 - INFO - Node 8: k=179.71582458291638, f_best=7.544923305511475, f_min=6.236972962034997
2025-04-26 19:46:53,547 - INFO - Node 9: k=129.95770633051197, f_best=7.012686729431152, f_min=5.81191382049019
2025-04-26 19:46:53,547 - INFO - cur_node_number 14,f_best 7.012686729431152,f_min 5.81191382049019,k 129.95770633051197
2025-04-26 19:46:53,547 - INFO - f_best_current 7.012686729431152,f_min 5.81191382049019
2025-04-26 19:46:53,547 - INFO - 回退,len(queue)=3
2025-04-26 19:46:59,471 - INFO - tree_node.f_best*ep:7.01853609085083,left_f_best7.588982582092285,right_f_best7.089867115020752,i:1
2025-04-26 19:47:05,778 - INFO - tree_node.f_best*ep:7.01853609085083,left_f_best7.569444179534912,right_f_best7.042150020599365,i:2
2025-04-26 19:47:12,393 - INFO - tree_node.f_best*ep:7.01853609085083,left_f_best7.5621657371521,right_f_best7.052771091461182,i:3
2025-04-26 19:47:19,382 - INFO - tree_node.f_best*ep:7.01853609085083,left_f_best7.557855129241943,right_f_best7.0220818519592285,i:4
2025-04-26 19:47:26,659 - INFO - tree_node.f_best*ep:7.01853609085083,left_f_best7.547908782958984,right_f_best7.021251201629639,i:5
2025-04-26 19:47:34,401 - INFO - tree_node.f_best*ep:7.01853609085083,left_f_best7.548177719116211,right_f_best7.0532660484313965,i:6
2025-04-26 19:47:42,354 - INFO - tree_node.f_best*ep:7.01853609085083,left_f_best7.5388665199279785,right_f_best7.012313365936279,i:7
2025-04-26 19:47:59,179 - INFO - 添加左子节点，右子节点，len(queue):5
2025-04-26 19:47:59,180 - INFO - Node 1: k=449.3931895792727, f_best=7.067117214202881, f_min=2.840688272182888
2025-04-26 19:47:59,180 - INFO - Node 2: k=130.70805700134912, f_best=7.565093040466309, f_min=7.365623936070733
2025-04-26 19:47:59,180 - INFO - Node 3: k=153.26547635925152, f_best=7.054046630859375, f_min=6.886912470250536
2025-04-26 19:47:59,180 - INFO - Node 4: k=142.13282948552006, f_best=7.560556888580322, f_min=7.126064948067324
2025-04-26 19:47:59,180 - INFO - Node 5: k=131.2572833938171, f_best=7.033515930175781, f_min=5.756358390821333
2025-04-26 19:47:59,180 - INFO - Node 6: k=133.8955547900328, f_best=7.558030128479004, f_min=5.864751143198191
2025-04-26 19:47:59,180 - INFO - Node 7: k=129.95770633051197, f_best=7.01853609085083, f_min=5.273384043666738
2025-04-26 19:47:59,180 - INFO - Node 8: k=64.11866909337166, f_best=7.5388665199279785, f_min=6.843820828683874
2025-04-26 19:47:59,180 - INFO - Node 9: k=96.41860066965567, f_best=7.012313365936279, f_min=4.760551490499893
2025-04-26 19:47:59,180 - INFO - cur_node_number 15,f_best 7.012313365936279,f_min 4.760551490499893,k 96.41860066965567
2025-04-26 19:47:59,181 - INFO - f_best_current 7.012313365936279,f_min 4.760551490499893
2025-04-26 19:48:05,327 - INFO - tree_node.f_best*ep:7.012313365936279,left_f_best7.594542980194092,right_f_best7.093698024749756,i:1
2025-04-26 19:48:11,818 - INFO - tree_node.f_best*ep:7.012313365936279,left_f_best7.59144401550293,right_f_best7.064390659332275,i:2
2025-04-26 19:48:18,571 - INFO - tree_node.f_best*ep:7.012313365936279,left_f_best7.55397367477417,right_f_best7.024284362792969,i:3
2025-04-26 19:48:25,658 - INFO - tree_node.f_best*ep:7.012313365936279,left_f_best7.552239894866943,right_f_best7.019080638885498,i:4
2025-04-26 19:48:32,986 - INFO - tree_node.f_best*ep:7.012313365936279,left_f_best7.55771017074585,right_f_best7.027690410614014,i:5
2025-04-26 19:48:40,537 - INFO - tree_node.f_best*ep:7.012313365936279,left_f_best7.549916744232178,right_f_best7.013620853424072,i:6
2025-04-26 19:48:48,234 - INFO - tree_node.f_best*ep:7.012313365936279,left_f_best7.539099216461182,right_f_best7.0207695960998535,i:7
2025-04-26 19:48:56,238 - INFO - tree_node.f_best*ep:7.012313365936279,left_f_best7.5397629737854,right_f_best7.0268025398254395,i:8
2025-04-26 19:49:04,544 - INFO - tree_node.f_best*ep:7.012313365936279,left_f_best7.5377631187438965,right_f_best7.004560470581055,i:9
2025-04-26 19:49:24,936 - INFO - 添加左子节点，右子节点，len(queue):6
2025-04-26 19:49:24,936 - INFO - Node 1: k=449.3931895792727, f_best=7.067117214202881, f_min=2.840688272182888
2025-04-26 19:49:24,936 - INFO - Node 2: k=130.70805700134912, f_best=7.565093040466309, f_min=7.365623936070733
2025-04-26 19:49:24,936 - INFO - Node 3: k=153.26547635925152, f_best=7.054046630859375, f_min=6.886912470250536
2025-04-26 19:49:24,937 - INFO - Node 4: k=142.13282948552006, f_best=7.560556888580322, f_min=7.126064948067324
2025-04-26 19:49:24,937 - INFO - Node 5: k=131.2572833938171, f_best=7.033515930175781, f_min=5.756358390821333
2025-04-26 19:49:24,937 - INFO - Node 6: k=133.8955547900328, f_best=7.558030128479004, f_min=5.864751143198191
2025-04-26 19:49:24,937 - INFO - Node 7: k=129.95770633051197, f_best=7.01853609085083, f_min=5.273384043666738
2025-04-26 19:49:24,937 - INFO - Node 8: k=64.11866909337166, f_best=7.5388665199279785, f_min=6.843820828683874
2025-04-26 19:49:24,937 - INFO - Node 9: k=96.41860066965567, f_best=7.012313365936279, f_min=4.760551490499893
2025-04-26 19:49:24,937 - INFO - Node 10: k=120.70669768400762, f_best=7.5377631187438965, f_min=7.527065624396528
2025-04-26 19:49:24,937 - INFO - Node 11: k=139.33225123568283, f_best=7.004560470581055, f_min=6.728431976153843
2025-04-26 19:49:24,937 - INFO - cur_node_number 16,f_best 7.004560470581055,f_min 6.728431976153843,k 139.33225123568283
2025-04-26 19:49:24,937 - INFO - f_best_current 7.004560470581055,f_min 6.728431976153843
2025-04-26 19:49:24,937 - INFO - 回退,len(queue)=4
2025-04-26 19:49:24,938 - INFO - 回退,len(queue)=3
2025-04-26 19:49:24,938 - INFO - 回退,len(queue)=2
2025-04-26 19:49:31,113 - INFO - tree_node.f_best*ep:7.033515930175781,left_f_best7.576587200164795,right_f_best7.054968357086182,i:1
2025-04-26 19:49:37,498 - INFO - tree_node.f_best*ep:7.033515930175781,left_f_best7.5624871253967285,right_f_best7.049365520477295,i:2
2025-04-26 19:49:44,035 - INFO - tree_node.f_best*ep:7.033515930175781,left_f_best7.5680060386657715,right_f_best7.046045780181885,i:3
2025-04-26 19:49:50,874 - INFO - tree_node.f_best*ep:7.033515930175781,left_f_best7.550236701965332,right_f_best7.02825403213501,i:4
2025-04-26 19:50:09,047 - INFO - 添加左子节点，右子节点，len(queue):4
2025-04-26 19:50:09,048 - INFO - Node 1: k=449.3931895792727, f_best=7.067117214202881, f_min=2.840688272182888
2025-04-26 19:50:09,048 - INFO - Node 2: k=130.70805700134912, f_best=7.565093040466309, f_min=7.365623936070733
2025-04-26 19:50:09,048 - INFO - Node 3: k=153.26547635925152, f_best=7.054046630859375, f_min=6.886912470250536
2025-04-26 19:50:09,048 - INFO - Node 4: k=142.13282948552006, f_best=7.560556888580322, f_min=7.126064948067324
2025-04-26 19:50:09,048 - INFO - Node 5: k=139.33225123568283, f_best=7.033515930175781, f_min=5.756358390821333
2025-04-26 19:50:09,048 - INFO - Node 6: k=71.5351695377825, f_best=7.550236701965332, f_min=7.540442448255362
2025-04-26 19:50:09,048 - INFO - Node 7: k=123.65029841355648, f_best=7.02825403213501, f_min=6.685991493173788
2025-04-26 19:50:09,048 - INFO - cur_node_number 17,f_best 7.02825403213501,f_min 6.685991493173788,k 123.65029841355648
2025-04-26 19:50:09,049 - INFO - f_best_current 7.02825403213501,f_min 6.685991493173788
2025-04-26 19:50:15,150 - INFO - tree_node.f_best*ep:7.02825403213501,left_f_best7.565834045410156,right_f_best7.05219030380249,i:1
2025-04-26 19:50:21,611 - INFO - tree_node.f_best*ep:7.02825403213501,left_f_best7.567028522491455,right_f_best7.053483486175537,i:2
2025-04-26 19:50:28,342 - INFO - tree_node.f_best*ep:7.02825403213501,left_f_best7.5578413009643555,right_f_best7.035892009735107,i:3
2025-04-26 19:50:35,332 - INFO - tree_node.f_best*ep:7.02825403213501,left_f_best7.56027364730835,right_f_best7.033639430999756,i:4
2025-04-26 19:50:42,601 - INFO - tree_node.f_best*ep:7.02825403213501,left_f_best7.549595355987549,right_f_best7.014567852020264,i:5
2025-04-26 19:51:01,477 - INFO - 添加左子节点，右子节点，len(queue):5
2025-04-26 19:51:01,477 - INFO - Node 1: k=449.3931895792727, f_best=7.067117214202881, f_min=2.840688272182888
2025-04-26 19:51:01,478 - INFO - Node 2: k=130.70805700134912, f_best=7.565093040466309, f_min=7.365623936070733
2025-04-26 19:51:01,478 - INFO - Node 3: k=153.26547635925152, f_best=7.054046630859375, f_min=6.886912470250536
2025-04-26 19:51:01,478 - INFO - Node 4: k=142.13282948552006, f_best=7.560556888580322, f_min=7.126064948067324
2025-04-26 19:51:01,478 - INFO - Node 5: k=139.33225123568283, f_best=7.033515930175781, f_min=5.756358390821333
2025-04-26 19:51:01,478 - INFO - Node 6: k=71.5351695377825, f_best=7.550236701965332, f_min=7.540442448255362
2025-04-26 19:51:01,478 - INFO - Node 7: k=123.65029841355648, f_best=7.02825403213501, f_min=6.685991493173788
2025-04-26 19:51:01,478 - INFO - Node 8: k=115.3308658002492, f_best=7.549595355987549, f_min=6.1144889072020305
2025-04-26 19:51:01,478 - INFO - Node 9: k=91.73899018423448, f_best=7.014567852020264, f_min=7.00642266966679
2025-04-26 19:51:01,478 - INFO - cur_node_number 18,f_best 7.014567852020264,f_min 7.00642266966679,k 91.73899018423448
2025-04-26 19:51:01,479 - INFO - f_best_current 7.014567852020264,f_min 7.00642266966679
2025-04-26 19:51:01,479 - INFO - 结束,fmin= 7.00642266966679, fbestmin=7.014567852020264
