2025-04-26 22:17:15,160 - INFO - Namespace(log_file='outputs/dnn1/img[4]/max/DNN1img4_label0.log', image_path='img[4].png', model_path='network/SimpleNN14.pth', label=0, init_epsilon=0.05, epsilon=0.01, ep=1, min=0)
2025-04-26 22:17:15,171 - INFO - Model output max(1): torch.return_types.max(
values=tensor([11.6986], grad_fn=<MaxBackward0>),
indices=tensor([4]))
2025-04-26 22:17:18,758 - INFO - cur_node_number 1,f_best 6.838113784790039,f_min -2.3291493194483337,k 539.2718274951272
2025-04-26 22:17:18,758 - INFO - f_best_current 6.838113784790039,f_min -2.3291493194483337
2025-04-26 22:17:24,509 - INFO - tree_node.f_best*ep:6.838113784790039,left_f_best7.375995635986328,right_f_best6.829514026641846,i:1
2025-04-26 22:17:43,398 - INFO - 添加左子节点，右子节点，len(queue):2
2025-04-26 22:17:43,399 - INFO - Node 1: k=539.2718274951272, f_best=6.838113784790039, f_min=-2.3291493194483337
2025-04-26 22:17:43,399 - INFO - Node 2: k=127.39702610578566, f_best=7.375995635986328, f_min=7.323073009625659
2025-04-26 22:17:43,399 - INFO - Node 3: k=101.3369183203867, f_best=6.829514026641846, f_min=5.188765293994038
2025-04-26 22:17:43,399 - INFO - cur_node_number 2,f_best 6.829514026641846,f_min 5.188765293994038,k 101.3369183203867
2025-04-26 22:17:43,399 - INFO - f_best_current 6.829514026641846,f_min 5.188765293994038
2025-04-26 22:17:49,234 - INFO - tree_node.f_best*ep:6.829514026641846,left_f_best7.3712544441223145,right_f_best6.818090915679932,i:1
2025-04-26 22:18:07,697 - INFO - 添加左子节点，右子节点，len(queue):3
2025-04-26 22:18:07,697 - INFO - Node 1: k=539.2718274951272, f_best=6.838113784790039, f_min=-2.3291493194483337
2025-04-26 22:18:07,698 - INFO - Node 2: k=127.39702610578566, f_best=7.375995635986328, f_min=7.323073009625659
2025-04-26 22:18:07,698 - INFO - Node 3: k=101.3369183203867, f_best=6.829514026641846, f_min=5.188765293994038
2025-04-26 22:18:07,698 - INFO - Node 4: k=78.23696140245164, f_best=7.3712544441223145, f_min=7.335488841239567
2025-04-26 22:18:07,698 - INFO - Node 5: k=147.90399231527843, f_best=6.818090915679932, f_min=4.993831859292186
2025-04-26 22:18:07,698 - INFO - cur_node_number 3,f_best 6.818090915679932,f_min 4.993831859292186,k 147.90399231527843
2025-04-26 22:18:07,698 - INFO - f_best_current 6.818090915679932,f_min 4.993831859292186
2025-04-26 22:18:07,698 - INFO - 回退,len(queue)=1
2025-04-26 22:18:13,298 - INFO - tree_node.f_best*ep:6.829514026641846,left_f_best7.378868579864502,right_f_best6.809265613555908,i:1
2025-04-26 22:18:30,003 - INFO - 添加左子节点，右子节点，len(queue):3
2025-04-26 22:18:30,004 - INFO - Node 1: k=539.2718274951272, f_best=6.838113784790039, f_min=-2.3291493194483337
2025-04-26 22:18:30,004 - INFO - Node 2: k=127.39702610578566, f_best=7.375995635986328, f_min=7.323073009625659
2025-04-26 22:18:30,004 - INFO - Node 3: k=147.90399231527843, f_best=6.829514026641846, f_min=5.188765293994038
2025-04-26 22:18:30,004 - INFO - Node 4: k=109.2741987574018, f_best=7.378868579864502, f_min=6.824346631340632
2025-04-26 22:18:30,004 - INFO - Node 5: k=79.80952432664093, f_best=6.809265613555908, f_min=6.228982052905394
2025-04-26 22:18:30,004 - INFO - cur_node_number 4,f_best 6.809265613555908,f_min 6.228982052905394,k 79.80952432664093
2025-04-26 22:18:30,004 - INFO - f_best_current 6.809265613555908,f_min 6.228982052905394
2025-04-26 22:18:35,575 - INFO - tree_node.f_best*ep:6.809265613555908,left_f_best7.376474857330322,right_f_best6.827985763549805,i:1
2025-04-26 22:18:41,431 - INFO - tree_node.f_best*ep:6.809265613555908,left_f_best7.355183124542236,right_f_best6.819015026092529,i:2
2025-04-26 22:18:47,665 - INFO - tree_node.f_best*ep:6.809265613555908,left_f_best7.354159832000732,right_f_best6.8044657707214355,i:3
2025-04-26 22:19:06,851 - INFO - 添加左子节点，右子节点，len(queue):4
2025-04-26 22:19:06,852 - INFO - Node 1: k=539.2718274951272, f_best=6.838113784790039, f_min=-2.3291493194483337
2025-04-26 22:19:06,852 - INFO - Node 2: k=127.39702610578566, f_best=7.375995635986328, f_min=7.323073009625659
2025-04-26 22:19:06,852 - INFO - Node 3: k=147.90399231527843, f_best=6.829514026641846, f_min=5.188765293994038
2025-04-26 22:19:06,852 - INFO - Node 4: k=109.2741987574018, f_best=7.378868579864502, f_min=6.824346631340632
2025-04-26 22:19:06,852 - INFO - Node 5: k=79.80952432664093, f_best=6.809265613555908, f_min=6.228982052905394
2025-04-26 22:19:06,852 - INFO - Node 6: k=89.04096005364887, f_best=7.354159832000732, f_min=6.961448416754138
2025-04-26 22:19:06,852 - INFO - Node 7: k=146.43959635176083, f_best=6.8044657707214355, f_min=5.812453003283736
2025-04-26 22:19:06,852 - INFO - cur_node_number 5,f_best 6.8044657707214355,f_min 5.812453003283736,k 146.43959635176083
2025-04-26 22:19:06,852 - INFO - f_best_current 6.8044657707214355,f_min 5.812453003283736
2025-04-26 22:19:06,852 - INFO - 回退,len(queue)=2
2025-04-26 22:19:12,621 - INFO - tree_node.f_best*ep:6.809265613555908,left_f_best7.366034984588623,right_f_best6.81787633895874,i:1
2025-04-26 22:19:18,511 - INFO - tree_node.f_best*ep:6.809265613555908,left_f_best7.353272438049316,right_f_best6.800116062164307,i:2
2025-04-26 22:19:33,472 - INFO - 添加左子节点，右子节点，len(queue):4
2025-04-26 22:19:33,472 - INFO - Node 1: k=539.2718274951272, f_best=6.838113784790039, f_min=-2.3291493194483337
2025-04-26 22:19:33,472 - INFO - Node 2: k=127.39702610578566, f_best=7.375995635986328, f_min=7.323073009625659
2025-04-26 22:19:33,473 - INFO - Node 3: k=147.90399231527843, f_best=6.829514026641846, f_min=5.188765293994038
2025-04-26 22:19:33,473 - INFO - Node 4: k=109.2741987574018, f_best=7.378868579864502, f_min=6.824346631340632
2025-04-26 22:19:33,473 - INFO - Node 5: k=146.43959635176083, f_best=6.809265613555908, f_min=6.228982052905394
2025-04-26 22:19:33,473 - INFO - Node 6: k=99.9137516858001, f_best=7.353272438049316, f_min=6.215068097020776
2025-04-26 22:19:33,473 - INFO - Node 7: k=62.232948520259285, f_best=6.800116062164307, f_min=6.6103718921222026
2025-04-26 22:19:33,473 - INFO - cur_node_number 6,f_best 6.800116062164307,f_min 6.6103718921222026,k 62.232948520259285
2025-04-26 22:19:33,473 - INFO - f_best_current 6.800116062164307,f_min 6.6103718921222026
2025-04-26 22:19:39,144 - INFO - tree_node.f_best*ep:6.800116062164307,left_f_best7.375088214874268,right_f_best6.819924831390381,i:1
2025-04-26 22:19:45,036 - INFO - tree_node.f_best*ep:6.800116062164307,left_f_best7.365614891052246,right_f_best6.8061604499816895,i:2
2025-04-26 22:19:51,386 - INFO - tree_node.f_best*ep:6.800116062164307,left_f_best7.359306812286377,right_f_best6.806609630584717,i:3
2025-04-26 22:19:58,097 - INFO - tree_node.f_best*ep:6.800116062164307,left_f_best7.349501609802246,right_f_best6.794900894165039,i:4
2025-04-26 22:20:17,658 - INFO - 添加左子节点，右子节点，len(queue):5
2025-04-26 22:20:17,658 - INFO - Node 1: k=539.2718274951272, f_best=6.838113784790039, f_min=-2.3291493194483337
2025-04-26 22:20:17,658 - INFO - Node 2: k=127.39702610578566, f_best=7.375995635986328, f_min=7.323073009625659
2025-04-26 22:20:17,658 - INFO - Node 3: k=147.90399231527843, f_best=6.829514026641846, f_min=5.188765293994038
2025-04-26 22:20:17,658 - INFO - Node 4: k=109.2741987574018, f_best=7.378868579864502, f_min=6.824346631340632
2025-04-26 22:20:17,658 - INFO - Node 5: k=146.43959635176083, f_best=6.809265613555908, f_min=6.228982052905394
2025-04-26 22:20:17,659 - INFO - Node 6: k=99.9137516858001, f_best=7.353272438049316, f_min=6.215068097020776
2025-04-26 22:20:17,659 - INFO - Node 7: k=62.232948520259285, f_best=6.800116062164307, f_min=6.6103718921222026
2025-04-26 22:20:17,659 - INFO - Node 8: k=147.90399231527843, f_best=7.349501609802246, f_min=4.134444073974919
2025-04-26 22:20:17,659 - INFO - Node 9: k=116.48417445825169, f_best=6.794900894165039, f_min=6.374085597421072
2025-04-26 22:20:17,659 - INFO - cur_node_number 7,f_best 6.794900894165039,f_min 6.374085597421072,k 116.48417445825169
2025-04-26 22:20:17,659 - INFO - f_best_current 6.794900894165039,f_min 6.374085597421072
2025-04-26 22:20:17,659 - INFO - 回退,len(queue)=3
2025-04-26 22:20:23,366 - INFO - tree_node.f_best*ep:6.800116062164307,left_f_best7.3696112632751465,right_f_best6.820760250091553,i:1
2025-04-26 22:20:29,331 - INFO - tree_node.f_best*ep:6.800116062164307,left_f_best7.353962421417236,right_f_best6.804325580596924,i:2
2025-04-26 22:20:35,469 - INFO - tree_node.f_best*ep:6.800116062164307,left_f_best7.376002788543701,right_f_best6.808488368988037,i:3
2025-04-26 22:20:41,999 - INFO - tree_node.f_best*ep:6.800116062164307,left_f_best7.3553595542907715,right_f_best6.806295871734619,i:4
2025-04-26 22:20:48,695 - INFO - tree_node.f_best*ep:6.800116062164307,left_f_best7.337024688720703,right_f_best6.791943550109863,i:5
2025-04-26 22:21:07,058 - INFO - 添加左子节点，右子节点，len(queue):5
2025-04-26 22:21:07,058 - INFO - Node 1: k=539.2718274951272, f_best=6.838113784790039, f_min=-2.3291493194483337
2025-04-26 22:21:07,058 - INFO - Node 2: k=127.39702610578566, f_best=7.375995635986328, f_min=7.323073009625659
2025-04-26 22:21:07,058 - INFO - Node 3: k=147.90399231527843, f_best=6.829514026641846, f_min=5.188765293994038
2025-04-26 22:21:07,058 - INFO - Node 4: k=109.2741987574018, f_best=7.378868579864502, f_min=6.824346631340632
2025-04-26 22:21:07,058 - INFO - Node 5: k=146.43959635176083, f_best=6.809265613555908, f_min=6.228982052905394
2025-04-26 22:21:07,058 - INFO - Node 6: k=99.9137516858001, f_best=7.353272438049316, f_min=6.215068097020776
2025-04-26 22:21:07,058 - INFO - Node 7: k=116.48417445825169, f_best=6.800116062164307, f_min=6.6103718921222026
2025-04-26 22:21:07,059 - INFO - Node 8: k=103.37379037862647, f_best=7.337024688720703, f_min=7.289378325022881
2025-04-26 22:21:07,059 - INFO - Node 9: k=120.01376142851117, f_best=6.791943550109863, f_min=2.5133658936292704
2025-04-26 22:21:07,059 - INFO - cur_node_number 8,f_best 6.791943550109863,f_min 2.5133658936292704,k 120.01376142851117
2025-04-26 22:21:07,059 - INFO - f_best_current 6.791943550109863,f_min 2.5133658936292704
2025-04-26 22:21:07,059 - INFO - 回退,len(queue)=3
2025-04-26 22:21:12,770 - INFO - tree_node.f_best*ep:6.800116062164307,left_f_best7.382516860961914,right_f_best6.841798305511475,i:1
2025-04-26 22:21:18,722 - INFO - tree_node.f_best*ep:6.800116062164307,left_f_best7.357348918914795,right_f_best6.808022499084473,i:2
2025-04-26 22:21:24,948 - INFO - tree_node.f_best*ep:6.800116062164307,left_f_best7.35579252243042,right_f_best6.801911354064941,i:3
2025-04-26 22:21:31,575 - INFO - tree_node.f_best*ep:6.800116062164307,left_f_best7.345369815826416,right_f_best6.785815238952637,i:4
2025-04-26 22:21:49,742 - INFO - 添加左子节点，右子节点，len(queue):5
2025-04-26 22:21:49,742 - INFO - Node 1: k=539.2718274951272, f_best=6.838113784790039, f_min=-2.3291493194483337
2025-04-26 22:21:49,743 - INFO - Node 2: k=127.39702610578566, f_best=7.375995635986328, f_min=7.323073009625659
2025-04-26 22:21:49,743 - INFO - Node 3: k=147.90399231527843, f_best=6.829514026641846, f_min=5.188765293994038
2025-04-26 22:21:49,743 - INFO - Node 4: k=109.2741987574018, f_best=7.378868579864502, f_min=6.824346631340632
2025-04-26 22:21:49,743 - INFO - Node 5: k=146.43959635176083, f_best=6.809265613555908, f_min=6.228982052905394
2025-04-26 22:21:49,743 - INFO - Node 6: k=99.9137516858001, f_best=7.353272438049316, f_min=6.215068097020776
2025-04-26 22:21:49,743 - INFO - Node 7: k=120.01376142851117, f_best=6.800116062164307, f_min=6.6103718921222026
2025-04-26 22:21:49,743 - INFO - Node 8: k=106.50611960088922, f_best=7.345369815826416, f_min=7.216182406885309
2025-04-26 22:21:49,743 - INFO - Node 9: k=117.6490162028342, f_best=6.785815238952637, f_min=5.898137688657698
2025-04-26 22:21:49,743 - INFO - cur_node_number 9,f_best 6.785815238952637,f_min 5.898137688657698,k 117.6490162028342
2025-04-26 22:21:49,743 - INFO - f_best_current 6.785815238952637,f_min 5.898137688657698
2025-04-26 22:21:55,419 - INFO - tree_node.f_best*ep:6.785815238952637,left_f_best7.384413719177246,right_f_best6.818300247192383,i:1
2025-04-26 22:22:01,435 - INFO - tree_node.f_best*ep:6.785815238952637,left_f_best7.36621618270874,right_f_best6.833888530731201,i:2
2025-04-26 22:22:07,671 - INFO - tree_node.f_best*ep:6.785815238952637,left_f_best7.360405445098877,right_f_best6.796143054962158,i:3
2025-04-26 22:22:14,299 - INFO - tree_node.f_best*ep:6.785815238952637,left_f_best7.357241153717041,right_f_best6.791464328765869,i:4
2025-04-26 22:22:21,150 - INFO - tree_node.f_best*ep:6.785815238952637,left_f_best7.351931571960449,right_f_best6.780696392059326,i:5
2025-04-26 22:22:41,323 - INFO - 添加左子节点，右子节点，len(queue):6
2025-04-26 22:22:41,323 - INFO - Node 1: k=539.2718274951272, f_best=6.838113784790039, f_min=-2.3291493194483337
2025-04-26 22:22:41,323 - INFO - Node 2: k=127.39702610578566, f_best=7.375995635986328, f_min=7.323073009625659
2025-04-26 22:22:41,323 - INFO - Node 3: k=147.90399231527843, f_best=6.829514026641846, f_min=5.188765293994038
2025-04-26 22:22:41,323 - INFO - Node 4: k=109.2741987574018, f_best=7.378868579864502, f_min=6.824346631340632
2025-04-26 22:22:41,323 - INFO - Node 5: k=146.43959635176083, f_best=6.809265613555908, f_min=6.228982052905394
2025-04-26 22:22:41,323 - INFO - Node 6: k=99.9137516858001, f_best=7.353272438049316, f_min=6.215068097020776
2025-04-26 22:22:41,323 - INFO - Node 7: k=120.01376142851117, f_best=6.800116062164307, f_min=6.6103718921222026
2025-04-26 22:22:41,323 - INFO - Node 8: k=106.50611960088922, f_best=7.345369815826416, f_min=7.216182406885309
2025-04-26 22:22:41,323 - INFO - Node 9: k=117.6490162028342, f_best=6.785815238952637, f_min=5.898137688657698
2025-04-26 22:22:41,323 - INFO - Node 10: k=153.90948749828794, f_best=7.351931571960449, f_min=6.340332754212795
2025-04-26 22:22:41,323 - INFO - Node 11: k=126.13566941166897, f_best=6.780696392059326, f_min=6.013182033706471
2025-04-26 22:22:41,323 - INFO - cur_node_number 10,f_best 6.780696392059326,f_min 6.013182033706471,k 126.13566941166897
2025-04-26 22:22:41,323 - INFO - f_best_current 6.780696392059326,f_min 6.013182033706471
2025-04-26 22:22:41,323 - INFO - 回退,len(queue)=4
2025-04-26 22:22:41,323 - INFO - 回退,len(queue)=3
2025-04-26 22:22:47,019 - INFO - tree_node.f_best*ep:6.800116062164307,left_f_best7.372145175933838,right_f_best6.824888229370117,i:1
2025-04-26 22:22:52,892 - INFO - tree_node.f_best*ep:6.800116062164307,left_f_best7.363338947296143,right_f_best6.805458068847656,i:2
2025-04-26 22:22:59,104 - INFO - tree_node.f_best*ep:6.800116062164307,left_f_best7.356991291046143,right_f_best6.801529407501221,i:3
2025-04-26 22:23:05,921 - INFO - tree_node.f_best*ep:6.800116062164307,left_f_best7.343233108520508,right_f_best6.798337459564209,i:4
2025-04-26 22:23:25,050 - INFO - 添加左子节点，右子节点，len(queue):5
2025-04-26 22:23:25,050 - INFO - Node 1: k=539.2718274951272, f_best=6.838113784790039, f_min=-2.3291493194483337
2025-04-26 22:23:25,050 - INFO - Node 2: k=127.39702610578566, f_best=7.375995635986328, f_min=7.323073009625659
2025-04-26 22:23:25,050 - INFO - Node 3: k=147.90399231527843, f_best=6.829514026641846, f_min=5.188765293994038
2025-04-26 22:23:25,050 - INFO - Node 4: k=109.2741987574018, f_best=7.378868579864502, f_min=6.824346631340632
2025-04-26 22:23:25,050 - INFO - Node 5: k=146.43959635176083, f_best=6.809265613555908, f_min=6.228982052905394
2025-04-26 22:23:25,050 - INFO - Node 6: k=99.9137516858001, f_best=7.353272438049316, f_min=6.215068097020776
2025-04-26 22:23:25,050 - INFO - Node 7: k=126.13566941166897, f_best=6.800116062164307, f_min=6.6103718921222026
2025-04-26 22:23:25,050 - INFO - Node 8: k=124.88680139769205, f_best=7.343233108520508, f_min=6.1687574613915785
2025-04-26 22:23:25,050 - INFO - Node 9: k=121.21389904279629, f_best=6.798337459564209, f_min=6.139131447840555
2025-04-26 22:23:25,050 - INFO - cur_node_number 11,f_best 6.798337459564209,f_min 6.139131447840555,k 121.21389904279629
2025-04-26 22:23:25,050 - INFO - f_best_current 6.798337459564209,f_min 6.139131447840555
2025-04-26 22:23:30,746 - INFO - tree_node.f_best*ep:6.798337459564209,left_f_best7.389830112457275,right_f_best6.8214335441589355,i:1
2025-04-26 22:23:36,838 - INFO - tree_node.f_best*ep:6.798337459564209,left_f_best7.356759071350098,right_f_best6.810725688934326,i:2
2025-04-26 22:23:43,225 - INFO - tree_node.f_best*ep:6.798337459564209,left_f_best7.343465328216553,right_f_best6.803850173950195,i:3
2025-04-26 22:23:49,878 - INFO - tree_node.f_best*ep:6.798337459564209,left_f_best7.362834930419922,right_f_best6.795156002044678,i:4
2025-04-26 22:24:08,692 - INFO - 添加左子节点，右子节点，len(queue):6
2025-04-26 22:24:08,692 - INFO - Node 1: k=539.2718274951272, f_best=6.838113784790039, f_min=-2.3291493194483337
2025-04-26 22:24:08,692 - INFO - Node 2: k=127.39702610578566, f_best=7.375995635986328, f_min=7.323073009625659
2025-04-26 22:24:08,692 - INFO - Node 3: k=147.90399231527843, f_best=6.829514026641846, f_min=5.188765293994038
2025-04-26 22:24:08,692 - INFO - Node 4: k=109.2741987574018, f_best=7.378868579864502, f_min=6.824346631340632
2025-04-26 22:24:08,692 - INFO - Node 5: k=146.43959635176083, f_best=6.809265613555908, f_min=6.228982052905394
2025-04-26 22:24:08,692 - INFO - Node 6: k=99.9137516858001, f_best=7.353272438049316, f_min=6.215068097020776
2025-04-26 22:24:08,692 - INFO - Node 7: k=126.13566941166897, f_best=6.800116062164307, f_min=6.6103718921222026
2025-04-26 22:24:08,692 - INFO - Node 8: k=124.88680139769205, f_best=7.343233108520508, f_min=6.1687574613915785
2025-04-26 22:24:08,692 - INFO - Node 9: k=121.21389904279629, f_best=6.798337459564209, f_min=6.139131447840555
2025-04-26 22:24:08,692 - INFO - Node 10: k=132.56985622775525, f_best=7.362834930419922, f_min=7.064198079271591
2025-04-26 22:24:08,692 - INFO - Node 11: k=98.35661454311575, f_best=6.795156002044678, f_min=6.559141993553567
2025-04-26 22:24:08,692 - INFO - cur_node_number 12,f_best 6.795156002044678,f_min 6.559141993553567,k 98.35661454311575
2025-04-26 22:24:08,692 - INFO - f_best_current 6.795156002044678,f_min 6.559141993553567
2025-04-26 22:24:14,388 - INFO - tree_node.f_best*ep:6.795156002044678,left_f_best7.38287353515625,right_f_best6.81918478012085,i:1
2025-04-26 22:24:20,382 - INFO - tree_node.f_best*ep:6.795156002044678,left_f_best7.369664192199707,right_f_best6.812180042266846,i:2
2025-04-26 22:24:26,741 - INFO - tree_node.f_best*ep:6.795156002044678,left_f_best7.359228134155273,right_f_best6.798750400543213,i:3
2025-04-26 22:24:33,562 - INFO - tree_node.f_best*ep:6.795156002044678,left_f_best7.345650672912598,right_f_best6.802642822265625,i:4
2025-04-26 22:24:40,676 - INFO - tree_node.f_best*ep:6.795156002044678,left_f_best7.3508782386779785,right_f_best6.785693645477295,i:5
2025-04-26 22:24:59,943 - INFO - 添加左子节点，右子节点，len(queue):7
2025-04-26 22:24:59,943 - INFO - Node 1: k=539.2718274951272, f_best=6.838113784790039, f_min=-2.3291493194483337
2025-04-26 22:24:59,943 - INFO - Node 2: k=127.39702610578566, f_best=7.375995635986328, f_min=7.323073009625659
2025-04-26 22:24:59,943 - INFO - Node 3: k=147.90399231527843, f_best=6.829514026641846, f_min=5.188765293994038
2025-04-26 22:24:59,943 - INFO - Node 4: k=109.2741987574018, f_best=7.378868579864502, f_min=6.824346631340632
2025-04-26 22:24:59,943 - INFO - Node 5: k=146.43959635176083, f_best=6.809265613555908, f_min=6.228982052905394
2025-04-26 22:24:59,943 - INFO - Node 6: k=99.9137516858001, f_best=7.353272438049316, f_min=6.215068097020776
2025-04-26 22:24:59,943 - INFO - Node 7: k=126.13566941166897, f_best=6.800116062164307, f_min=6.6103718921222026
2025-04-26 22:24:59,943 - INFO - Node 8: k=124.88680139769205, f_best=7.343233108520508, f_min=6.1687574613915785
2025-04-26 22:24:59,943 - INFO - Node 9: k=121.21389904279629, f_best=6.798337459564209, f_min=6.139131447840555
2025-04-26 22:24:59,943 - INFO - Node 10: k=132.56985622775525, f_best=7.362834930419922, f_min=7.064198079271591
2025-04-26 22:24:59,943 - INFO - Node 11: k=98.35661454311575, f_best=6.795156002044678, f_min=6.559141993553567
2025-04-26 22:24:59,943 - INFO - Node 12: k=155.44858237327082, f_best=7.3508782386779785, f_min=6.517452423053328
2025-04-26 22:24:59,943 - INFO - Node 13: k=123.65029841355648, f_best=6.785693645477295, f_min=6.186741142068058
2025-04-26 22:24:59,943 - INFO - cur_node_number 13,f_best 6.785693645477295,f_min 6.186741142068058,k 123.65029841355648
2025-04-26 22:24:59,943 - INFO - f_best_current 6.785693645477295,f_min 6.186741142068058
2025-04-26 22:24:59,943 - INFO - 回退,len(queue)=5
2025-04-26 22:24:59,943 - INFO - 回退,len(queue)=4
2025-04-26 22:25:05,754 - INFO - tree_node.f_best*ep:6.798337459564209,left_f_best7.3807759284973145,right_f_best6.818575859069824,i:1
2025-04-26 22:25:11,830 - INFO - tree_node.f_best*ep:6.798337459564209,left_f_best7.369364261627197,right_f_best6.8149800300598145,i:2
2025-04-26 22:25:18,155 - INFO - tree_node.f_best*ep:6.798337459564209,left_f_best7.351912498474121,right_f_best6.7992706298828125,i:3
2025-04-26 22:25:24,972 - INFO - tree_node.f_best*ep:6.798337459564209,left_f_best7.350390434265137,right_f_best6.818095684051514,i:4
2025-04-26 22:25:31,969 - INFO - tree_node.f_best*ep:6.798337459564209,left_f_best7.330208778381348,right_f_best6.797536373138428,i:5
2025-04-26 22:25:49,072 - INFO - 添加左子节点，右子节点，len(queue):6
2025-04-26 22:25:49,072 - INFO - Node 1: k=539.2718274951272, f_best=6.838113784790039, f_min=-2.3291493194483337
2025-04-26 22:25:49,072 - INFO - Node 2: k=127.39702610578566, f_best=7.375995635986328, f_min=7.323073009625659
2025-04-26 22:25:49,072 - INFO - Node 3: k=147.90399231527843, f_best=6.829514026641846, f_min=5.188765293994038
2025-04-26 22:25:49,072 - INFO - Node 4: k=109.2741987574018, f_best=7.378868579864502, f_min=6.824346631340632
2025-04-26 22:25:49,072 - INFO - Node 5: k=146.43959635176083, f_best=6.809265613555908, f_min=6.228982052905394
2025-04-26 22:25:49,072 - INFO - Node 6: k=99.9137516858001, f_best=7.353272438049316, f_min=6.215068097020776
2025-04-26 22:25:49,072 - INFO - Node 7: k=126.13566941166897, f_best=6.800116062164307, f_min=6.6103718921222026
2025-04-26 22:25:49,072 - INFO - Node 8: k=124.88680139769205, f_best=7.343233108520508, f_min=6.1687574613915785
2025-04-26 22:25:49,072 - INFO - Node 9: k=123.65029841355648, f_best=6.798337459564209, f_min=6.139131447840555
2025-04-26 22:25:49,072 - INFO - Node 10: k=131.2572833938171, f_best=7.330208778381348, f_min=5.6898452875329895
2025-04-26 22:25:49,072 - INFO - Node 11: k=66.72214417442562, f_best=6.797536373138428, f_min=6.387521412460046
2025-04-26 22:25:49,072 - INFO - cur_node_number 14,f_best 6.797536373138428,f_min 6.387521412460046,k 66.72214417442562
2025-04-26 22:25:49,072 - INFO - f_best_current 6.797536373138428,f_min 6.387521412460046
2025-04-26 22:25:54,929 - INFO - tree_node.f_best*ep:6.797536373138428,left_f_best7.375071048736572,right_f_best6.823483943939209,i:1
2025-04-26 22:26:01,176 - INFO - tree_node.f_best*ep:6.797536373138428,left_f_best7.364927291870117,right_f_best6.802639961242676,i:2
2025-04-26 22:26:07,669 - INFO - tree_node.f_best*ep:6.797536373138428,left_f_best7.362502098083496,right_f_best6.796332836151123,i:3
2025-04-26 22:26:27,660 - INFO - 添加左子节点，右子节点，len(queue):7
2025-04-26 22:26:27,660 - INFO - Node 1: k=539.2718274951272, f_best=6.838113784790039, f_min=-2.3291493194483337
2025-04-26 22:26:27,660 - INFO - Node 2: k=127.39702610578566, f_best=7.375995635986328, f_min=7.323073009625659
2025-04-26 22:26:27,660 - INFO - Node 3: k=147.90399231527843, f_best=6.829514026641846, f_min=5.188765293994038
2025-04-26 22:26:27,660 - INFO - Node 4: k=109.2741987574018, f_best=7.378868579864502, f_min=6.824346631340632
2025-04-26 22:26:27,660 - INFO - Node 5: k=146.43959635176083, f_best=6.809265613555908, f_min=6.228982052905394
2025-04-26 22:26:27,660 - INFO - Node 6: k=99.9137516858001, f_best=7.353272438049316, f_min=6.215068097020776
2025-04-26 22:26:27,660 - INFO - Node 7: k=126.13566941166897, f_best=6.800116062164307, f_min=6.6103718921222026
2025-04-26 22:26:27,660 - INFO - Node 8: k=124.88680139769205, f_best=7.343233108520508, f_min=6.1687574613915785
2025-04-26 22:26:27,660 - INFO - Node 9: k=123.65029841355648, f_best=6.798337459564209, f_min=6.139131447840555
2025-04-26 22:26:27,660 - INFO - Node 10: k=131.2572833938171, f_best=7.330208778381348, f_min=5.6898452875329895
2025-04-26 22:26:27,660 - INFO - Node 11: k=66.72214417442562, f_best=6.797536373138428, f_min=6.387521412460046
2025-04-26 22:26:27,660 - INFO - Node 12: k=137.95272399572556, f_best=7.362502098083496, f_min=7.2225622649220895
2025-04-26 22:26:27,660 - INFO - Node 13: k=157.00306819700353, f_best=6.796332836151123, f_min=3.8060555311358257
2025-04-26 22:26:27,660 - INFO - cur_node_number 15,f_best 6.796332836151123,f_min 3.8060555311358257,k 157.00306819700353
2025-04-26 22:26:27,660 - INFO - f_best_current 6.796332836151123,f_min 3.8060555311358257
2025-04-26 22:26:27,660 - INFO - 回退,len(queue)=5
2025-04-26 22:26:27,660 - INFO - 回退,len(queue)=4
2025-04-26 22:26:27,660 - INFO - 回退,len(queue)=3
2025-04-26 22:26:27,660 - INFO - 回退,len(queue)=2
2025-04-26 22:26:27,660 - INFO - 回退,len(queue)=1
2025-04-26 22:26:33,923 - INFO - tree_node.f_best*ep:6.829514026641846,left_f_best7.364486217498779,right_f_best6.7993059158325195,i:1
2025-04-26 22:26:54,641 - INFO - 添加左子节点，右子节点，len(queue):3
2025-04-26 22:26:54,641 - INFO - Node 1: k=539.2718274951272, f_best=6.838113784790039, f_min=-2.3291493194483337
2025-04-26 22:26:54,641 - INFO - Node 2: k=127.39702610578566, f_best=7.375995635986328, f_min=7.323073009625659
2025-04-26 22:26:54,641 - INFO - Node 3: k=157.00306819700353, f_best=6.829514026641846, f_min=5.188765293994038
2025-04-26 22:26:54,642 - INFO - Node 4: k=155.44858237327082, f_best=7.364486217498779, f_min=7.204382051662833
2025-04-26 22:26:54,642 - INFO - Node 5: k=120.01376142851117, f_best=6.7993059158325195, f_min=6.779249273222376
2025-04-26 22:26:54,642 - INFO - cur_node_number 16,f_best 6.7993059158325195,f_min 6.779249273222376,k 120.01376142851117
2025-04-26 22:26:54,642 - INFO - f_best_current 6.7993059158325195,f_min 6.779249273222376
2025-04-26 22:26:54,642 - INFO - 结束,fmin= 6.779249273222376, fbestmin=6.7993059158325195
