2025-04-26 22:09:23,712 - INFO - Namespace(log_file='outputs/dnn1/img[4]/max/DNN1img4_label5.log', image_path='img[4].png', model_path='network/SimpleNN14.pth', label=5, init_epsilon=0.05, epsilon=0.01, ep=1, min=0)
2025-04-26 22:09:23,721 - INFO - Model output max(1): torch.return_types.max(
values=tensor([11.6986], grad_fn=<MaxBackward0>),
indices=tensor([4]))
2025-04-26 22:09:27,216 - INFO - cur_node_number 1,f_best 0.8242564797401428,f_min -1.8653094215023884,k 314.6792589067825
2025-04-26 22:09:27,216 - INFO - f_best_current 0.8242564797401428,f_min -1.8653094215023884
2025-04-26 22:09:32,594 - INFO - tree_node.f_best*ep:0.8242564797401428,left_f_best1.5106807947158813,right_f_best0.8021671175956726,i:1
2025-04-26 22:09:50,485 - INFO - 添加左子节点，右子节点，len(queue):2
2025-04-26 22:09:50,486 - INFO - Node 1: k=314.6792589067825, f_best=0.8242564797401428, f_min=-1.8653094215023884
2025-04-26 22:09:50,486 - INFO - Node 2: k=143.17724164067164, f_best=1.5106807947158813, f_min=0.46217770157272753
2025-04-26 22:09:50,486 - INFO - Node 3: k=163.63375750889958, f_best=0.8021671175956726, f_min=-0.029447758391142997
2025-04-26 22:09:50,486 - INFO - cur_node_number 2,f_best 0.8021671175956726,f_min -0.029447758391142997,k 163.63375750889958
2025-04-26 22:09:50,486 - INFO - f_best_current 0.8021671175956726,f_min -0.029447758391142997
2025-04-26 22:09:55,853 - INFO - tree_node.f_best*ep:0.8021671175956726,left_f_best1.504005789756775,right_f_best0.7891945242881775,i:1
2025-04-26 22:10:13,527 - INFO - 添加左子节点，右子节点，len(queue):3
2025-04-26 22:10:13,527 - INFO - Node 1: k=314.6792589067825, f_best=0.8242564797401428, f_min=-1.8653094215023884
2025-04-26 22:10:13,527 - INFO - Node 2: k=143.17724164067164, f_best=1.5106807947158813, f_min=0.46217770157272753
2025-04-26 22:10:13,527 - INFO - Node 3: k=163.63375750889958, f_best=0.8021671175956726, f_min=-0.029447758391142997
2025-04-26 22:10:13,527 - INFO - Node 4: k=211.06079460791423, f_best=1.504005789756775, f_min=-0.3446147949780425
2025-04-26 22:10:13,527 - INFO - Node 5: k=127.59644031393692, f_best=0.7891945242881775, f_min=-0.1797905972625813
2025-04-26 22:10:13,527 - INFO - cur_node_number 3,f_best 0.7891945242881775,f_min -0.1797905972625813,k 127.59644031393692
2025-04-26 22:10:13,527 - INFO - f_best_current 0.7891945242881775,f_min -0.1797905972625813
2025-04-26 22:10:19,006 - INFO - tree_node.f_best*ep:0.7891945242881775,left_f_best1.5443614721298218,right_f_best0.7954959273338318,i:1
2025-04-26 22:10:24,699 - INFO - tree_node.f_best*ep:0.7891945242881775,left_f_best1.5142196416854858,right_f_best0.7832121253013611,i:2
2025-04-26 22:10:43,381 - INFO - 添加左子节点，右子节点，len(queue):4
2025-04-26 22:10:43,381 - INFO - Node 1: k=314.6792589067825, f_best=0.8242564797401428, f_min=-1.8653094215023884
2025-04-26 22:10:43,381 - INFO - Node 2: k=143.17724164067164, f_best=1.5106807947158813, f_min=0.46217770157272753
2025-04-26 22:10:43,381 - INFO - Node 3: k=163.63375750889958, f_best=0.8021671175956726, f_min=-0.029447758391142997
2025-04-26 22:10:43,381 - INFO - Node 4: k=211.06079460791423, f_best=1.504005789756775, f_min=-0.3446147949780425
2025-04-26 22:10:43,381 - INFO - Node 5: k=127.59644031393692, f_best=0.7891945242881775, f_min=-0.1797905972625813
2025-04-26 22:10:43,381 - INFO - Node 6: k=202.82527510913033, f_best=1.5142196416854858, f_min=-4.72369958512536
2025-04-26 22:10:43,381 - INFO - Node 7: k=158.82131290651913, f_best=0.7832121253013611, f_min=0.2274548930945457
2025-04-26 22:10:43,381 - INFO - cur_node_number 4,f_best 0.7832121253013611,f_min 0.2274548930945457,k 158.82131290651913
2025-04-26 22:10:43,381 - INFO - f_best_current 0.7832121253013611,f_min 0.2274548930945457
2025-04-26 22:10:43,382 - INFO - 回退,len(queue)=2
2025-04-26 22:10:48,770 - INFO - tree_node.f_best*ep:0.7891945242881775,left_f_best1.5364824533462524,right_f_best0.7914041876792908,i:1
2025-04-26 22:10:54,465 - INFO - tree_node.f_best*ep:0.7891945242881775,left_f_best1.5115938186645508,right_f_best0.7832035422325134,i:2
2025-04-26 22:11:11,152 - INFO - 添加左子节点，右子节点，len(queue):4
2025-04-26 22:11:11,152 - INFO - Node 1: k=314.6792589067825, f_best=0.8242564797401428, f_min=-1.8653094215023884
2025-04-26 22:11:11,152 - INFO - Node 2: k=143.17724164067164, f_best=1.5106807947158813, f_min=0.46217770157272753
2025-04-26 22:11:11,152 - INFO - Node 3: k=163.63375750889958, f_best=0.8021671175956726, f_min=-0.029447758391142997
2025-04-26 22:11:11,153 - INFO - Node 4: k=211.06079460791423, f_best=1.504005789756775, f_min=-0.3446147949780425
2025-04-26 22:11:11,153 - INFO - Node 5: k=158.82131290651913, f_best=0.7891945242881775, f_min=-0.1797905972625813
2025-04-26 22:11:11,153 - INFO - Node 6: k=148.9908117920219, f_best=1.5115938186645508, f_min=1.440967956708846
2025-04-26 22:11:11,153 - INFO - Node 7: k=127.06253216961576, f_best=0.7832035422325134, f_min=-0.17498841023461864
2025-04-26 22:11:11,153 - INFO - cur_node_number 5,f_best 0.7832035422325134,f_min -0.17498841023461864,k 127.06253216961576
2025-04-26 22:11:11,153 - INFO - f_best_current 0.7832035422325134,f_min -0.17498841023461864
2025-04-26 22:11:16,537 - INFO - tree_node.f_best*ep:0.7832035422325134,left_f_best1.546054720878601,right_f_best0.8120092749595642,i:1
2025-04-26 22:11:22,309 - INFO - tree_node.f_best*ep:0.7832035422325134,left_f_best1.5086948871612549,right_f_best0.7677528262138367,i:2
2025-04-26 22:11:43,218 - INFO - 添加左子节点，右子节点，len(queue):5
2025-04-26 22:11:43,219 - INFO - Node 1: k=314.6792589067825, f_best=0.8242564797401428, f_min=-1.8653094215023884
2025-04-26 22:11:43,219 - INFO - Node 2: k=143.17724164067164, f_best=1.5106807947158813, f_min=0.46217770157272753
2025-04-26 22:11:43,219 - INFO - Node 3: k=163.63375750889958, f_best=0.8021671175956726, f_min=-0.029447758391142997
2025-04-26 22:11:43,219 - INFO - Node 4: k=211.06079460791423, f_best=1.504005789756775, f_min=-0.3446147949780425
2025-04-26 22:11:43,219 - INFO - Node 5: k=158.82131290651913, f_best=0.7891945242881775, f_min=-0.1797905972625813
2025-04-26 22:11:43,219 - INFO - Node 6: k=148.9908117920219, f_best=1.5115938186645508, f_min=1.440967956708846
2025-04-26 22:11:43,220 - INFO - Node 7: k=127.06253216961576, f_best=0.7832035422325134, f_min=-0.17498841023461864
2025-04-26 22:11:43,220 - INFO - Node 8: k=211.06079460791423, f_best=1.5086948871612549, f_min=-2.397644135287919
2025-04-26 22:11:43,220 - INFO - Node 9: k=178.96383070148747, f_best=0.7677528262138367, f_min=-0.05416515631804941
2025-04-26 22:11:43,220 - INFO - cur_node_number 6,f_best 0.7677528262138367,f_min -0.05416515631804941,k 178.96383070148747
2025-04-26 22:11:43,220 - INFO - f_best_current 0.7677528262138367,f_min -0.05416515631804941
2025-04-26 22:11:43,220 - INFO - 回退,len(queue)=3
2025-04-26 22:11:43,220 - INFO - 回退,len(queue)=2
2025-04-26 22:11:43,220 - INFO - 回退,len(queue)=1
2025-04-26 22:11:49,246 - INFO - tree_node.f_best*ep:0.8021671175956726,left_f_best1.5316771268844604,right_f_best0.7964074015617371,i:1
2025-04-26 22:12:09,293 - INFO - 添加左子节点，右子节点，len(queue):3
2025-04-26 22:12:09,293 - INFO - Node 1: k=314.6792589067825, f_best=0.8242564797401428, f_min=-1.8653094215023884
2025-04-26 22:12:09,293 - INFO - Node 2: k=143.17724164067164, f_best=1.5106807947158813, f_min=0.46217770157272753
2025-04-26 22:12:09,293 - INFO - Node 3: k=178.96383070148747, f_best=0.8021671175956726, f_min=-0.029447758391142997
2025-04-26 22:12:09,293 - INFO - Node 4: k=178.214983425534, f_best=1.5316771268844604, f_min=0.6289822493745305
2025-04-26 22:12:09,293 - INFO - Node 5: k=165.27009508398856, f_best=0.7964074015617371, f_min=0.7270615025781808
2025-04-26 22:12:09,293 - INFO - cur_node_number 7,f_best 0.7964074015617371,f_min 0.7270615025781808,k 165.27009508398856
2025-04-26 22:12:09,294 - INFO - f_best_current 0.7964074015617371,f_min 0.7270615025781808
2025-04-26 22:12:15,416 - INFO - tree_node.f_best*ep:0.7964074015617371,left_f_best1.512743592262268,right_f_best0.7890719771385193,i:1
2025-04-26 22:12:33,302 - INFO - 添加左子节点，右子节点，len(queue):4
2025-04-26 22:12:33,303 - INFO - Node 1: k=314.6792589067825, f_best=0.8242564797401428, f_min=-1.8653094215023884
2025-04-26 22:12:33,303 - INFO - Node 2: k=143.17724164067164, f_best=1.5106807947158813, f_min=0.46217770157272753
2025-04-26 22:12:33,303 - INFO - Node 3: k=178.96383070148747, f_best=0.8021671175956726, f_min=-0.029447758391142997
2025-04-26 22:12:33,303 - INFO - Node 4: k=178.214983425534, f_best=1.5316771268844604, f_min=0.6289822493745305
2025-04-26 22:12:33,303 - INFO - Node 5: k=165.27009508398856, f_best=0.7964074015617371, f_min=0.7270615025781808
2025-04-26 22:12:33,303 - INFO - Node 6: k=144.60901405707835, f_best=1.512743592262268, f_min=1.3949240554647986
2025-04-26 22:12:33,303 - INFO - Node 7: k=166.22433266032843, f_best=0.7890719771385193, f_min=0.5819343713274066
2025-04-26 22:12:33,303 - INFO - cur_node_number 8,f_best 0.7890719771385193,f_min 0.5819343713274066,k 166.22433266032843
2025-04-26 22:12:33,303 - INFO - f_best_current 0.7890719771385193,f_min 0.5819343713274066
2025-04-26 22:12:33,303 - INFO - 回退,len(queue)=2
2025-04-26 22:12:39,123 - INFO - tree_node.f_best*ep:0.7964074015617371,left_f_best1.5076544284820557,right_f_best0.8043953776359558,i:1
2025-04-26 22:12:45,231 - INFO - tree_node.f_best*ep:0.7964074015617371,left_f_best1.5037249326705933,right_f_best0.7757607102394104,i:2
2025-04-26 22:13:03,060 - INFO - 添加左子节点，右子节点，len(queue):4
2025-04-26 22:13:03,060 - INFO - Node 1: k=314.6792589067825, f_best=0.8242564797401428, f_min=-1.8653094215023884
2025-04-26 22:13:03,060 - INFO - Node 2: k=143.17724164067164, f_best=1.5106807947158813, f_min=0.46217770157272753
2025-04-26 22:13:03,060 - INFO - Node 3: k=178.96383070148747, f_best=0.8021671175956726, f_min=-0.029447758391142997
2025-04-26 22:13:03,061 - INFO - Node 4: k=178.214983425534, f_best=1.5316771268844604, f_min=0.6289822493745305
2025-04-26 22:13:03,061 - INFO - Node 5: k=166.22433266032843, f_best=0.7964074015617371, f_min=0.7270615025781808
2025-04-26 22:13:03,061 - INFO - Node 6: k=160.40952603558432, f_best=1.5037249326705933, f_min=0.012827723501686705
2025-04-26 22:13:03,061 - INFO - Node 7: k=118.51351783140683, f_best=0.7757607102394104, f_min=0.2589219493274868
2025-04-26 22:13:03,061 - INFO - cur_node_number 9,f_best 0.7757607102394104,f_min 0.2589219493274868,k 118.51351783140683
2025-04-26 22:13:03,061 - INFO - f_best_current 0.7757607102394104,f_min 0.2589219493274868
2025-04-26 22:13:08,731 - INFO - tree_node.f_best*ep:0.7757607102394104,left_f_best1.5130728483200073,right_f_best0.7832030653953552,i:1
2025-04-26 22:13:14,618 - INFO - tree_node.f_best*ep:0.7757607102394104,left_f_best1.507985234260559,right_f_best0.7817445397377014,i:2
2025-04-26 22:13:20,870 - INFO - tree_node.f_best*ep:0.7757607102394104,left_f_best1.4929981231689453,right_f_best0.7798263430595398,i:3
2025-04-26 22:13:27,216 - INFO - tree_node.f_best*ep:0.7757607102394104,left_f_best1.494162917137146,right_f_best0.7659334540367126,i:4
2025-04-26 22:13:44,970 - INFO - 添加左子节点，右子节点，len(queue):5
2025-04-26 22:13:44,970 - INFO - Node 1: k=314.6792589067825, f_best=0.8242564797401428, f_min=-1.8653094215023884
2025-04-26 22:13:44,970 - INFO - Node 2: k=143.17724164067164, f_best=1.5106807947158813, f_min=0.46217770157272753
2025-04-26 22:13:44,970 - INFO - Node 3: k=178.96383070148747, f_best=0.8021671175956726, f_min=-0.029447758391142997
2025-04-26 22:13:44,971 - INFO - Node 4: k=178.214983425534, f_best=1.5316771268844604, f_min=0.6289822493745305
2025-04-26 22:13:44,971 - INFO - Node 5: k=166.22433266032843, f_best=0.7964074015617371, f_min=0.7270615025781808
2025-04-26 22:13:44,971 - INFO - Node 6: k=160.40952603558432, f_best=1.5037249326705933, f_min=0.012827723501686705
2025-04-26 22:13:44,971 - INFO - Node 7: k=118.51351783140683, f_best=0.7757607102394104, f_min=0.2589219493274868
2025-04-26 22:13:44,971 - INFO - Node 8: k=213.17140255399337, f_best=1.494162917137146, f_min=-0.5799306556837109
2025-04-26 22:13:44,971 - INFO - Node 9: k=135.44619253820184, f_best=0.7659334540367126, f_min=-0.04467382677557907
2025-04-26 22:13:44,971 - INFO - cur_node_number 10,f_best 0.7659334540367126,f_min -0.04467382677557907,k 135.44619253820184
2025-04-26 22:13:44,971 - INFO - f_best_current 0.7659334540367126,f_min -0.04467382677557907
2025-04-26 22:13:44,971 - INFO - 回退,len(queue)=3
2025-04-26 22:13:50,259 - INFO - tree_node.f_best*ep:0.7757607102394104,left_f_best1.517961025238037,right_f_best0.7815505862236023,i:1
2025-04-26 22:13:55,758 - INFO - tree_node.f_best*ep:0.7757607102394104,left_f_best1.4983783960342407,right_f_best0.7594625353813171,i:2
2025-04-26 22:14:13,774 - INFO - 添加左子节点，右子节点，len(queue):5
2025-04-26 22:14:13,774 - INFO - Node 1: k=314.6792589067825, f_best=0.8242564797401428, f_min=-1.8653094215023884
2025-04-26 22:14:13,774 - INFO - Node 2: k=143.17724164067164, f_best=1.5106807947158813, f_min=0.46217770157272753
2025-04-26 22:14:13,774 - INFO - Node 3: k=178.96383070148747, f_best=0.8021671175956726, f_min=-0.029447758391142997
2025-04-26 22:14:13,774 - INFO - Node 4: k=178.214983425534, f_best=1.5316771268844604, f_min=0.6289822493745305
2025-04-26 22:14:13,774 - INFO - Node 5: k=166.22433266032843, f_best=0.7964074015617371, f_min=0.7270615025781808
2025-04-26 22:14:13,774 - INFO - Node 6: k=160.40952603558432, f_best=1.5037249326705933, f_min=0.012827723501686705
2025-04-26 22:14:13,774 - INFO - Node 7: k=135.44619253820184, f_best=0.7757607102394104, f_min=0.2589219493274868
2025-04-26 22:14:13,774 - INFO - Node 8: k=152.6241599881199, f_best=1.4983783960342407, f_min=0.6281393730214404
2025-04-26 22:14:13,774 - INFO - Node 9: k=150.4807199099421, f_best=0.7594625353813171, f_min=-1.6938597528460377
2025-04-26 22:14:13,775 - INFO - cur_node_number 11,f_best 0.7594625353813171,f_min -1.6938597528460377,k 150.4807199099421
2025-04-26 22:14:13,775 - INFO - f_best_current 0.7594625353813171,f_min -1.6938597528460377
2025-04-26 22:14:13,775 - INFO - 回退,len(queue)=3
2025-04-26 22:14:19,292 - INFO - tree_node.f_best*ep:0.7757607102394104,left_f_best1.5333019495010376,right_f_best0.7729458212852478,i:1
2025-04-26 22:14:37,669 - INFO - 添加左子节点，右子节点，len(queue):5
2025-04-26 22:14:37,670 - INFO - Node 1: k=314.6792589067825, f_best=0.8242564797401428, f_min=-1.8653094215023884
2025-04-26 22:14:37,670 - INFO - Node 2: k=143.17724164067164, f_best=1.5106807947158813, f_min=0.46217770157272753
2025-04-26 22:14:37,670 - INFO - Node 3: k=178.96383070148747, f_best=0.8021671175956726, f_min=-0.029447758391142997
2025-04-26 22:14:37,670 - INFO - Node 4: k=178.214983425534, f_best=1.5316771268844604, f_min=0.6289822493745305
2025-04-26 22:14:37,670 - INFO - Node 5: k=166.22433266032843, f_best=0.7964074015617371, f_min=0.7270615025781808
2025-04-26 22:14:37,670 - INFO - Node 6: k=160.40952603558432, f_best=1.5037249326705933, f_min=0.012827723501686705
2025-04-26 22:14:37,670 - INFO - Node 7: k=150.4807199099421, f_best=0.7757607102394104, f_min=0.2589219493274868
2025-04-26 22:14:37,670 - INFO - Node 8: k=202.82527510913033, f_best=1.5333019495010376, f_min=1.4114494700752402
2025-04-26 22:14:37,670 - INFO - Node 9: k=146.66881784178392, f_best=0.7729458212852478, f_min=0.582263230036915
2025-04-26 22:14:37,670 - INFO - cur_node_number 12,f_best 0.7729458212852478,f_min 0.582263230036915,k 146.66881784178392
2025-04-26 22:14:37,671 - INFO - f_best_current 0.7729458212852478,f_min 0.582263230036915
2025-04-26 22:14:43,158 - INFO - tree_node.f_best*ep:0.7729458212852478,left_f_best1.5380771160125732,right_f_best0.7813524603843689,i:1
2025-04-26 22:14:48,962 - INFO - tree_node.f_best*ep:0.7729458212852478,left_f_best1.5082941055297852,right_f_best0.779026448726654,i:2
2025-04-26 22:14:54,805 - INFO - tree_node.f_best*ep:0.7729458212852478,left_f_best1.4939212799072266,right_f_best0.7552313208580017,i:3
2025-04-26 22:15:14,153 - INFO - 添加左子节点，右子节点，len(queue):6
2025-04-26 22:15:14,153 - INFO - Node 1: k=314.6792589067825, f_best=0.8242564797401428, f_min=-1.8653094215023884
2025-04-26 22:15:14,153 - INFO - Node 2: k=143.17724164067164, f_best=1.5106807947158813, f_min=0.46217770157272753
2025-04-26 22:15:14,153 - INFO - Node 3: k=178.96383070148747, f_best=0.8021671175956726, f_min=-0.029447758391142997
2025-04-26 22:15:14,153 - INFO - Node 4: k=178.214983425534, f_best=1.5316771268844604, f_min=0.6289822493745305
2025-04-26 22:15:14,153 - INFO - Node 5: k=166.22433266032843, f_best=0.7964074015617371, f_min=0.7270615025781808
2025-04-26 22:15:14,153 - INFO - Node 6: k=160.40952603558432, f_best=1.5037249326705933, f_min=0.012827723501686705
2025-04-26 22:15:14,153 - INFO - Node 7: k=150.4807199099421, f_best=0.7757607102394104, f_min=0.2589219493274868
2025-04-26 22:15:14,154 - INFO - Node 8: k=202.82527510913033, f_best=1.5333019495010376, f_min=1.4114494700752402
2025-04-26 22:15:14,154 - INFO - Node 9: k=146.66881784178392, f_best=0.7729458212852478, f_min=0.582263230036915
2025-04-26 22:15:14,154 - INFO - Node 10: k=147.51565523962563, f_best=1.4939212799072266, f_min=0.799458543115179
2025-04-26 22:15:14,154 - INFO - Node 11: k=303.2480924715602, f_best=0.7552313208580017, f_min=0.5394388346212509
2025-04-26 22:15:14,154 - INFO - cur_node_number 13,f_best 0.7552313208580017,f_min 0.5394388346212509,k 303.2480924715602
2025-04-26 22:15:14,154 - INFO - f_best_current 0.7552313208580017,f_min 0.5394388346212509
2025-04-26 22:15:14,154 - INFO - 回退,len(queue)=4
2025-04-26 22:15:14,154 - INFO - 回退,len(queue)=3
2025-04-26 22:15:14,154 - INFO - 回退,len(queue)=2
2025-04-26 22:15:14,154 - INFO - 回退,len(queue)=1
2025-04-26 22:15:19,719 - INFO - tree_node.f_best*ep:0.8021671175956726,left_f_best1.5194560289382935,right_f_best0.7724689841270447,i:1
2025-04-26 22:15:34,698 - INFO - 添加左子节点，右子节点，len(queue):3
2025-04-26 22:15:34,698 - INFO - Node 1: k=314.6792589067825, f_best=0.8242564797401428, f_min=-1.8653094215023884
2025-04-26 22:15:34,698 - INFO - Node 2: k=143.17724164067164, f_best=1.5106807947158813, f_min=0.46217770157272753
2025-04-26 22:15:34,698 - INFO - Node 3: k=303.2480924715602, f_best=0.8021671175956726, f_min=-0.029447758391142997
2025-04-26 22:15:34,698 - INFO - Node 4: k=91.88258896862826, f_best=1.5194560289382935, f_min=0.03377495615313819
2025-04-26 22:15:34,699 - INFO - Node 5: k=90.07213897522621, f_best=0.7724689841270447, f_min=0.5902859738534971
2025-04-26 22:15:34,699 - INFO - cur_node_number 14,f_best 0.7724689841270447,f_min 0.5902859738534971,k 90.07213897522621
2025-04-26 22:15:34,699 - INFO - f_best_current 0.7724689841270447,f_min 0.5902859738534971
2025-04-26 22:15:39,973 - INFO - tree_node.f_best*ep:0.7724689841270447,left_f_best1.5180331468582153,right_f_best0.7854427695274353,i:1
2025-04-26 22:15:45,615 - INFO - tree_node.f_best*ep:0.7724689841270447,left_f_best1.5283994674682617,right_f_best0.7647575736045837,i:2
2025-04-26 22:16:03,479 - INFO - 添加左子节点，右子节点，len(queue):4
2025-04-26 22:16:03,479 - INFO - Node 1: k=314.6792589067825, f_best=0.8242564797401428, f_min=-1.8653094215023884
2025-04-26 22:16:03,479 - INFO - Node 2: k=143.17724164067164, f_best=1.5106807947158813, f_min=0.46217770157272753
2025-04-26 22:16:03,479 - INFO - Node 3: k=303.2480924715602, f_best=0.8021671175956726, f_min=-0.029447758391142997
2025-04-26 22:16:03,480 - INFO - Node 4: k=91.88258896862826, f_best=1.5194560289382935, f_min=0.03377495615313819
2025-04-26 22:16:03,480 - INFO - Node 5: k=90.07213897522621, f_best=0.7724689841270447, f_min=0.5902859738534971
2025-04-26 22:16:03,480 - INFO - Node 6: k=153.50538238013195, f_best=1.5283994674682617, f_min=1.235533885719633
2025-04-26 22:16:03,480 - INFO - Node 7: k=151.98552710904153, f_best=0.7647575736045837, f_min=-0.0593983800326896
2025-04-26 22:16:03,480 - INFO - cur_node_number 15,f_best 0.7647575736045837,f_min -0.0593983800326896,k 151.98552710904153
2025-04-26 22:16:03,480 - INFO - f_best_current 0.7647575736045837,f_min -0.0593983800326896
2025-04-26 22:16:03,480 - INFO - 回退,len(queue)=2
2025-04-26 22:16:08,910 - INFO - tree_node.f_best*ep:0.7724689841270447,left_f_best1.5033999681472778,right_f_best0.793954074382782,i:1
2025-04-26 22:16:14,797 - INFO - tree_node.f_best*ep:0.7724689841270447,left_f_best1.5154250860214233,right_f_best0.778452455997467,i:2
2025-04-26 22:16:20,874 - INFO - tree_node.f_best*ep:0.7724689841270447,left_f_best1.4903395175933838,right_f_best0.759128987789154,i:3
2025-04-26 22:16:38,282 - INFO - 添加左子节点，右子节点，len(queue):4
2025-04-26 22:16:38,282 - INFO - Node 1: k=314.6792589067825, f_best=0.8242564797401428, f_min=-1.8653094215023884
2025-04-26 22:16:38,282 - INFO - Node 2: k=143.17724164067164, f_best=1.5106807947158813, f_min=0.46217770157272753
2025-04-26 22:16:38,282 - INFO - Node 3: k=303.2480924715602, f_best=0.8021671175956726, f_min=-0.029447758391142997
2025-04-26 22:16:38,282 - INFO - Node 4: k=91.88258896862826, f_best=1.5194560289382935, f_min=0.03377495615313819
2025-04-26 22:16:38,282 - INFO - Node 5: k=151.98552710904153, f_best=0.7724689841270447, f_min=0.5902859738534971
2025-04-26 22:16:38,282 - INFO - Node 6: k=114.36771572422667, f_best=1.4903395175933838, f_min=-0.47027558365789446
2025-04-26 22:16:38,282 - INFO - Node 7: k=131.46274005188954, f_best=0.759128987789154, f_min=0.46999819819120603
2025-04-26 22:16:38,282 - INFO - cur_node_number 16,f_best 0.759128987789154,f_min 0.46999819819120603,k 131.46274005188954
2025-04-26 22:16:38,282 - INFO - f_best_current 0.759128987789154,f_min 0.46999819819120603
2025-04-26 22:16:43,963 - INFO - tree_node.f_best*ep:0.759128987789154,left_f_best1.5123155117034912,right_f_best0.7800847887992859,i:1
2025-04-26 22:16:49,841 - INFO - tree_node.f_best*ep:0.759128987789154,left_f_best1.5065747499465942,right_f_best0.7735142111778259,i:2
2025-04-26 22:16:55,838 - INFO - tree_node.f_best*ep:0.759128987789154,left_f_best1.4966905117034912,right_f_best0.7698983550071716,i:3
2025-04-26 22:17:02,051 - INFO - tree_node.f_best*ep:0.759128987789154,left_f_best1.4924066066741943,right_f_best0.7562599778175354,i:4
2025-04-26 22:17:19,798 - INFO - 添加左子节点，右子节点，len(queue):5
2025-04-26 22:17:19,798 - INFO - Node 1: k=314.6792589067825, f_best=0.8242564797401428, f_min=-1.8653094215023884
2025-04-26 22:17:19,798 - INFO - Node 2: k=143.17724164067164, f_best=1.5106807947158813, f_min=0.46217770157272753
2025-04-26 22:17:19,798 - INFO - Node 3: k=303.2480924715602, f_best=0.8021671175956726, f_min=-0.029447758391142997
2025-04-26 22:17:19,799 - INFO - Node 4: k=91.88258896862826, f_best=1.5194560289382935, f_min=0.03377495615313819
2025-04-26 22:17:19,799 - INFO - Node 5: k=151.98552710904153, f_best=0.7724689841270447, f_min=0.5902859738534971
2025-04-26 22:17:19,799 - INFO - Node 6: k=114.36771572422667, f_best=1.4903395175933838, f_min=-0.47027558365789446
2025-04-26 22:17:19,799 - INFO - Node 7: k=131.46274005188954, f_best=0.759128987789154, f_min=0.46999819819120603
2025-04-26 22:17:19,799 - INFO - Node 8: k=146.66881784178392, f_best=1.4924066066741943, f_min=-0.050187379945782595
2025-04-26 22:17:19,799 - INFO - Node 9: k=135.44619253820184, f_best=0.7562599778175354, f_min=-0.829716025149537
2025-04-26 22:17:19,799 - INFO - cur_node_number 17,f_best 0.7562599778175354,f_min -0.829716025149537,k 135.44619253820184
2025-04-26 22:17:19,799 - INFO - f_best_current 0.7562599778175354,f_min -0.829716025149537
2025-04-26 22:17:19,799 - INFO - 回退,len(queue)=3
2025-04-26 22:17:25,571 - INFO - tree_node.f_best*ep:0.759128987789154,left_f_best1.5193945169448853,right_f_best0.7740464806556702,i:1
2025-04-26 22:17:31,577 - INFO - tree_node.f_best*ep:0.759128987789154,left_f_best1.4994022846221924,right_f_best0.7722610831260681,i:2
2025-04-26 22:17:37,749 - INFO - tree_node.f_best*ep:0.759128987789154,left_f_best1.5058174133300781,right_f_best0.7723967432975769,i:3
2025-04-26 22:17:44,337 - INFO - tree_node.f_best*ep:0.759128987789154,left_f_best1.4887765645980835,right_f_best0.762349545955658,i:4
2025-04-26 22:17:51,291 - INFO - tree_node.f_best*ep:0.759128987789154,left_f_best1.4876174926757812,right_f_best0.7525472044944763,i:5
2025-04-26 22:18:12,311 - INFO - 添加左子节点，右子节点，len(queue):5
2025-04-26 22:18:12,311 - INFO - Node 1: k=314.6792589067825, f_best=0.8242564797401428, f_min=-1.8653094215023884
2025-04-26 22:18:12,311 - INFO - Node 2: k=143.17724164067164, f_best=1.5106807947158813, f_min=0.46217770157272753
2025-04-26 22:18:12,311 - INFO - Node 3: k=303.2480924715602, f_best=0.8021671175956726, f_min=-0.029447758391142997
2025-04-26 22:18:12,311 - INFO - Node 4: k=91.88258896862826, f_best=1.5194560289382935, f_min=0.03377495615313819
2025-04-26 22:18:12,312 - INFO - Node 5: k=151.98552710904153, f_best=0.7724689841270447, f_min=0.5902859738534971
2025-04-26 22:18:12,312 - INFO - Node 6: k=114.36771572422667, f_best=1.4903395175933838, f_min=-0.47027558365789446
2025-04-26 22:18:12,312 - INFO - Node 7: k=135.44619253820184, f_best=0.759128987789154, f_min=0.46999819819120603
2025-04-26 22:18:12,312 - INFO - Node 8: k=127.06253216961576, f_best=1.4876174926757812, f_min=-1.6391774544854343
2025-04-26 22:18:12,312 - INFO - Node 9: k=282.84497090372315, f_best=0.7525472044944763, f_min=0.5013542601718655
2025-04-26 22:18:12,312 - INFO - cur_node_number 18,f_best 0.7525472044944763,f_min 0.5013542601718655,k 282.84497090372315
2025-04-26 22:18:12,312 - INFO - f_best_current 0.7525472044944763,f_min 0.5013542601718655
2025-04-26 22:18:12,312 - INFO - 回退,len(queue)=3
2025-04-26 22:18:12,312 - INFO - 回退,len(queue)=2
2025-04-26 22:18:17,925 - INFO - tree_node.f_best*ep:0.7724689841270447,left_f_best1.4978276491165161,right_f_best0.7873693108558655,i:1
2025-04-26 22:18:23,696 - INFO - tree_node.f_best*ep:0.7724689841270447,left_f_best1.497376561164856,right_f_best0.7732080817222595,i:2
2025-04-26 22:18:29,680 - INFO - tree_node.f_best*ep:0.7724689841270447,left_f_best1.503063678741455,right_f_best0.7643837332725525,i:3
2025-04-26 22:18:47,064 - INFO - 添加左子节点，右子节点，len(queue):4
2025-04-26 22:18:47,065 - INFO - Node 1: k=314.6792589067825, f_best=0.8242564797401428, f_min=-1.8653094215023884
2025-04-26 22:18:47,065 - INFO - Node 2: k=143.17724164067164, f_best=1.5106807947158813, f_min=0.46217770157272753
2025-04-26 22:18:47,065 - INFO - Node 3: k=303.2480924715602, f_best=0.8021671175956726, f_min=-0.029447758391142997
2025-04-26 22:18:47,065 - INFO - Node 4: k=91.88258896862826, f_best=1.5194560289382935, f_min=0.03377495615313819
2025-04-26 22:18:47,065 - INFO - Node 5: k=282.84497090372315, f_best=0.7724689841270447, f_min=0.5902859738534971
2025-04-26 22:18:47,065 - INFO - Node 6: k=125.80448729664927, f_best=1.503063678741455, f_min=0.8486091370223221
2025-04-26 22:18:47,065 - INFO - Node 7: k=113.23536210319472, f_best=0.7643837332725525, f_min=0.11161453379463637
2025-04-26 22:18:47,065 - INFO - cur_node_number 19,f_best 0.7643837332725525,f_min 0.11161453379463637,k 113.23536210319472
2025-04-26 22:18:47,065 - INFO - f_best_current 0.7643837332725525,f_min 0.11161453379463637
2025-04-26 22:18:52,897 - INFO - tree_node.f_best*ep:0.7643837332725525,left_f_best1.528978943824768,right_f_best0.7919058203697205,i:1
2025-04-26 22:18:58,965 - INFO - tree_node.f_best*ep:0.7643837332725525,left_f_best1.516906499862671,right_f_best0.7853279709815979,i:2
2025-04-26 22:19:05,241 - INFO - tree_node.f_best*ep:0.7643837332725525,left_f_best1.4985779523849487,right_f_best0.7679477334022522,i:3
2025-04-26 22:19:11,846 - INFO - tree_node.f_best*ep:0.7643837332725525,left_f_best1.4814549684524536,right_f_best0.751332700252533,i:4
2025-04-26 22:19:30,414 - INFO - 添加左子节点，右子节点，len(queue):5
2025-04-26 22:19:30,414 - INFO - Node 1: k=314.6792589067825, f_best=0.8242564797401428, f_min=-1.8653094215023884
2025-04-26 22:19:30,414 - INFO - Node 2: k=143.17724164067164, f_best=1.5106807947158813, f_min=0.46217770157272753
2025-04-26 22:19:30,414 - INFO - Node 3: k=303.2480924715602, f_best=0.8021671175956726, f_min=-0.029447758391142997
2025-04-26 22:19:30,414 - INFO - Node 4: k=91.88258896862826, f_best=1.5194560289382935, f_min=0.03377495615313819
2025-04-26 22:19:30,414 - INFO - Node 5: k=282.84497090372315, f_best=0.7724689841270447, f_min=0.5902859738534971
2025-04-26 22:19:30,414 - INFO - Node 6: k=125.80448729664927, f_best=1.503063678741455, f_min=0.8486091370223221
2025-04-26 22:19:30,415 - INFO - Node 7: k=113.23536210319472, f_best=0.7643837332725525, f_min=0.11161453379463637
2025-04-26 22:19:30,415 - INFO - Node 8: k=153.50538238013195, f_best=1.4814549684524536, f_min=-0.9720105582919132
2025-04-26 22:19:30,415 - INFO - Node 9: k=157.24882465991993, f_best=0.751332700252533, f_min=0.4245807092611358
2025-04-26 22:19:30,415 - INFO - cur_node_number 20,f_best 0.751332700252533,f_min 0.4245807092611358,k 157.24882465991993
2025-04-26 22:19:30,415 - INFO - f_best_current 0.751332700252533,f_min 0.4245807092611358
2025-04-26 22:19:30,415 - INFO - 回退,len(queue)=3
2025-04-26 22:19:35,856 - INFO - tree_node.f_best*ep:0.7643837332725525,left_f_best1.5282011032104492,right_f_best0.7838719487190247,i:1
2025-04-26 22:19:41,798 - INFO - tree_node.f_best*ep:0.7643837332725525,left_f_best1.5320196151733398,right_f_best0.7751356959342957,i:2
2025-04-26 22:19:48,069 - INFO - tree_node.f_best*ep:0.7643837332725525,left_f_best1.5026636123657227,right_f_best0.7743405699729919,i:3
2025-04-26 22:19:54,747 - INFO - tree_node.f_best*ep:0.7643837332725525,left_f_best1.5139778852462769,right_f_best0.7650578618049622,i:4
2025-04-26 22:20:01,676 - INFO - tree_node.f_best*ep:0.7643837332725525,left_f_best1.4979360103607178,right_f_best0.7539442181587219,i:5
2025-04-26 22:20:19,935 - INFO - 添加左子节点，右子节点，len(queue):5
2025-04-26 22:20:19,936 - INFO - Node 1: k=314.6792589067825, f_best=0.8242564797401428, f_min=-1.8653094215023884
2025-04-26 22:20:19,936 - INFO - Node 2: k=143.17724164067164, f_best=1.5106807947158813, f_min=0.46217770157272753
2025-04-26 22:20:19,936 - INFO - Node 3: k=303.2480924715602, f_best=0.8021671175956726, f_min=-0.029447758391142997
2025-04-26 22:20:19,936 - INFO - Node 4: k=91.88258896862826, f_best=1.5194560289382935, f_min=0.03377495615313819
2025-04-26 22:20:19,936 - INFO - Node 5: k=282.84497090372315, f_best=0.7724689841270447, f_min=0.5902859738534971
2025-04-26 22:20:19,936 - INFO - Node 6: k=125.80448729664927, f_best=1.503063678741455, f_min=0.8486091370223221
2025-04-26 22:20:19,936 - INFO - Node 7: k=157.24882465991993, f_best=0.7643837332725525, f_min=0.11161453379463637
2025-04-26 22:20:19,936 - INFO - Node 8: k=111.64509478629127, f_best=1.4979360103607178, f_min=1.481640965729639
2025-04-26 22:20:19,936 - INFO - Node 9: k=165.27009508398856, f_best=0.7539442181587219, f_min=-1.69616081895947
2025-04-26 22:20:19,936 - INFO - cur_node_number 21,f_best 0.7539442181587219,f_min -1.69616081895947,k 165.27009508398856
2025-04-26 22:20:19,937 - INFO - f_best_current 0.7539442181587219,f_min -1.69616081895947
2025-04-26 22:20:19,937 - INFO - 回退,len(queue)=3
2025-04-26 22:20:25,744 - INFO - tree_node.f_best*ep:0.7643837332725525,left_f_best1.5148167610168457,right_f_best0.7908259034156799,i:1
2025-04-26 22:20:31,704 - INFO - tree_node.f_best*ep:0.7643837332725525,left_f_best1.511751651763916,right_f_best0.7794687151908875,i:2
2025-04-26 22:20:37,909 - INFO - tree_node.f_best*ep:0.7643837332725525,left_f_best1.5088754892349243,right_f_best0.7697352766990662,i:3
2025-04-26 22:20:44,427 - INFO - tree_node.f_best*ep:0.7643837332725525,left_f_best1.4960731267929077,right_f_best0.7609756588935852,i:4
2025-04-26 22:21:01,400 - INFO - 添加左子节点，右子节点，len(queue):5
2025-04-26 22:21:01,400 - INFO - Node 1: k=314.6792589067825, f_best=0.8242564797401428, f_min=-1.8653094215023884
2025-04-26 22:21:01,400 - INFO - Node 2: k=143.17724164067164, f_best=1.5106807947158813, f_min=0.46217770157272753
2025-04-26 22:21:01,400 - INFO - Node 3: k=303.2480924715602, f_best=0.8021671175956726, f_min=-0.029447758391142997
2025-04-26 22:21:01,400 - INFO - Node 4: k=91.88258896862826, f_best=1.5194560289382935, f_min=0.03377495615313819
2025-04-26 22:21:01,400 - INFO - Node 5: k=282.84497090372315, f_best=0.7724689841270447, f_min=0.5902859738534971
2025-04-26 22:21:01,400 - INFO - Node 6: k=125.80448729664927, f_best=1.503063678741455, f_min=0.8486091370223221
2025-04-26 22:21:01,401 - INFO - Node 7: k=165.27009508398856, f_best=0.7643837332725525, f_min=0.11161453379463637
2025-04-26 22:21:01,401 - INFO - Node 8: k=192.98128984573668, f_best=1.4960731267929077, f_min=1.2384766905452125
2025-04-26 22:21:01,401 - INFO - Node 9: k=70.2354115658318, f_best=0.7609756588935852, f_min=0.3020010759332763
2025-04-26 22:21:01,401 - INFO - cur_node_number 22,f_best 0.7609756588935852,f_min 0.3020010759332763,k 70.2354115658318
2025-04-26 22:21:01,401 - INFO - f_best_current 0.7609756588935852,f_min 0.3020010759332763
2025-04-26 22:21:07,037 - INFO - tree_node.f_best*ep:0.7609756588935852,left_f_best1.5368279218673706,right_f_best0.7820400595664978,i:1
2025-04-26 22:21:13,038 - INFO - tree_node.f_best*ep:0.7609756588935852,left_f_best1.5157643556594849,right_f_best0.801508367061615,i:2
2025-04-26 22:21:19,293 - INFO - tree_node.f_best*ep:0.7609756588935852,left_f_best1.490297555923462,right_f_best0.7625500559806824,i:3
2025-04-26 22:21:25,859 - INFO - tree_node.f_best*ep:0.7609756588935852,left_f_best1.491815447807312,right_f_best0.7663502097129822,i:4
2025-04-26 22:21:32,776 - INFO - tree_node.f_best*ep:0.7609756588935852,left_f_best1.4803798198699951,right_f_best0.7533411383628845,i:5
2025-04-26 22:21:52,038 - INFO - 添加左子节点，右子节点，len(queue):6
2025-04-26 22:21:52,038 - INFO - Node 1: k=314.6792589067825, f_best=0.8242564797401428, f_min=-1.8653094215023884
2025-04-26 22:21:52,039 - INFO - Node 2: k=143.17724164067164, f_best=1.5106807947158813, f_min=0.46217770157272753
2025-04-26 22:21:52,039 - INFO - Node 3: k=303.2480924715602, f_best=0.8021671175956726, f_min=-0.029447758391142997
2025-04-26 22:21:52,039 - INFO - Node 4: k=91.88258896862826, f_best=1.5194560289382935, f_min=0.03377495615313819
2025-04-26 22:21:52,039 - INFO - Node 5: k=282.84497090372315, f_best=0.7724689841270447, f_min=0.5902859738534971
2025-04-26 22:21:52,039 - INFO - Node 6: k=125.80448729664927, f_best=1.503063678741455, f_min=0.8486091370223221
2025-04-26 22:21:52,039 - INFO - Node 7: k=165.27009508398856, f_best=0.7643837332725525, f_min=0.11161453379463637
2025-04-26 22:21:52,039 - INFO - Node 8: k=192.98128984573668, f_best=1.4960731267929077, f_min=1.2384766905452125
2025-04-26 22:21:52,039 - INFO - Node 9: k=70.2354115658318, f_best=0.7609756588935852, f_min=0.3020010759332763
2025-04-26 22:21:52,039 - INFO - Node 10: k=156.5908405659726, f_best=1.4803798198699951, f_min=1.430777080741791
2025-04-26 22:21:52,039 - INFO - Node 11: k=175.43753622339716, f_best=0.7533411383628845, f_min=-1.9954334029498568
2025-04-26 22:21:52,040 - INFO - cur_node_number 23,f_best 0.7533411383628845,f_min -1.9954334029498568,k 175.43753622339716
2025-04-26 22:21:52,040 - INFO - f_best_current 0.7533411383628845,f_min -1.9954334029498568
2025-04-26 22:21:52,040 - INFO - 回退,len(queue)=4
2025-04-26 22:21:52,040 - INFO - 回退,len(queue)=3
2025-04-26 22:21:57,737 - INFO - tree_node.f_best*ep:0.7643837332725525,left_f_best1.508394718170166,right_f_best0.7752911448478699,i:1
2025-04-26 22:22:03,674 - INFO - tree_node.f_best*ep:0.7643837332725525,left_f_best1.4993733167648315,right_f_best0.7799596190452576,i:2
2025-04-26 22:22:09,920 - INFO - tree_node.f_best*ep:0.7643837332725525,left_f_best1.4890058040618896,right_f_best0.7730442881584167,i:3
2025-04-26 22:22:16,544 - INFO - tree_node.f_best*ep:0.7643837332725525,left_f_best1.5082095861434937,right_f_best0.7461760640144348,i:4
2025-04-26 22:22:33,648 - INFO - 添加左子节点，右子节点，len(queue):5
2025-04-26 22:22:33,648 - INFO - Node 1: k=314.6792589067825, f_best=0.8242564797401428, f_min=-1.8653094215023884
2025-04-26 22:22:33,648 - INFO - Node 2: k=143.17724164067164, f_best=1.5106807947158813, f_min=0.46217770157272753
2025-04-26 22:22:33,648 - INFO - Node 3: k=303.2480924715602, f_best=0.8021671175956726, f_min=-0.029447758391142997
2025-04-26 22:22:33,648 - INFO - Node 4: k=91.88258896862826, f_best=1.5194560289382935, f_min=0.03377495615313819
2025-04-26 22:22:33,648 - INFO - Node 5: k=282.84497090372315, f_best=0.7724689841270447, f_min=0.5902859738534971
2025-04-26 22:22:33,648 - INFO - Node 6: k=125.80448729664927, f_best=1.503063678741455, f_min=0.8486091370223221
2025-04-26 22:22:33,648 - INFO - Node 7: k=175.43753622339716, f_best=0.7643837332725525, f_min=0.11161453379463637
2025-04-26 22:22:33,648 - INFO - Node 8: k=125.08228635813833, f_best=1.5082095861434937, f_min=0.6297752232221683
2025-04-26 22:22:33,648 - INFO - Node 9: k=96.5695244352357, f_best=0.7461760640144348, f_min=-1.3064270743725501
2025-04-26 22:22:33,648 - INFO - cur_node_number 24,f_best 0.7461760640144348,f_min -1.3064270743725501,k 96.5695244352357
2025-04-26 22:22:33,648 - INFO - f_best_current 0.7461760640144348,f_min -1.3064270743725501
2025-04-26 22:22:39,516 - INFO - tree_node.f_best*ep:0.7461760640144348,left_f_best1.5215204954147339,right_f_best0.7840016484260559,i:1
2025-04-26 22:22:45,528 - INFO - tree_node.f_best*ep:0.7461760640144348,left_f_best1.5120625495910645,right_f_best0.7801499962806702,i:2
2025-04-26 22:22:51,699 - INFO - tree_node.f_best*ep:0.7461760640144348,left_f_best1.5045926570892334,right_f_best0.7555121779441833,i:3
2025-04-26 22:22:58,213 - INFO - tree_node.f_best*ep:0.7461760640144348,left_f_best1.4905019998550415,right_f_best0.7679781317710876,i:4
2025-04-26 22:23:05,388 - INFO - tree_node.f_best*ep:0.7461760640144348,left_f_best1.490090250968933,right_f_best0.758236825466156,i:5
2025-04-26 22:23:12,657 - INFO - tree_node.f_best*ep:0.7461760640144348,left_f_best1.4762403964996338,right_f_best0.7348513007164001,i:6
2025-04-26 22:23:29,945 - INFO - 添加左子节点，右子节点，len(queue):6
2025-04-26 22:23:29,945 - INFO - Node 1: k=314.6792589067825, f_best=0.8242564797401428, f_min=-1.8653094215023884
2025-04-26 22:23:29,945 - INFO - Node 2: k=143.17724164067164, f_best=1.5106807947158813, f_min=0.46217770157272753
2025-04-26 22:23:29,945 - INFO - Node 3: k=303.2480924715602, f_best=0.8021671175956726, f_min=-0.029447758391142997
2025-04-26 22:23:29,945 - INFO - Node 4: k=91.88258896862826, f_best=1.5194560289382935, f_min=0.03377495615313819
2025-04-26 22:23:29,945 - INFO - Node 5: k=282.84497090372315, f_best=0.7724689841270447, f_min=0.5902859738534971
2025-04-26 22:23:29,945 - INFO - Node 6: k=125.80448729664927, f_best=1.503063678741455, f_min=0.8486091370223221
2025-04-26 22:23:29,945 - INFO - Node 7: k=175.43753622339716, f_best=0.7643837332725525, f_min=0.11161453379463637
2025-04-26 22:23:29,945 - INFO - Node 8: k=125.08228635813833, f_best=1.5082095861434937, f_min=0.6297752232221683
2025-04-26 22:23:29,945 - INFO - Node 9: k=96.5695244352357, f_best=0.7461760640144348, f_min=-1.3064270743725501
2025-04-26 22:23:29,945 - INFO - Node 10: k=105.17472958292996, f_best=1.4762403964996338, f_min=1.4010217474760793
2025-04-26 22:23:29,945 - INFO - Node 11: k=148.13550602020177, f_best=0.7348513007164001, f_min=0.028215931833983632
2025-04-26 22:23:29,945 - INFO - cur_node_number 25,f_best 0.7348513007164001,f_min 0.028215931833983632,k 148.13550602020177
2025-04-26 22:23:29,945 - INFO - f_best_current 0.7348513007164001,f_min 0.028215931833983632
2025-04-26 22:23:29,945 - INFO - 回退,len(queue)=4
2025-04-26 22:23:35,786 - INFO - tree_node.f_best*ep:0.7461760640144348,left_f_best1.551239252090454,right_f_best0.8093344569206238,i:1
2025-04-26 22:23:41,913 - INFO - tree_node.f_best*ep:0.7461760640144348,left_f_best1.5031697750091553,right_f_best0.7607273459434509,i:2
2025-04-26 22:23:48,308 - INFO - tree_node.f_best*ep:0.7461760640144348,left_f_best1.481675148010254,right_f_best0.7688118815422058,i:3
2025-04-26 22:23:54,857 - INFO - tree_node.f_best*ep:0.7461760640144348,left_f_best1.488838791847229,right_f_best0.7679509520530701,i:4
2025-04-26 22:24:01,782 - INFO - tree_node.f_best*ep:0.7461760640144348,left_f_best1.4886195659637451,right_f_best0.7465947270393372,i:5
2025-04-26 22:24:08,834 - INFO - tree_node.f_best*ep:0.7461760640144348,left_f_best1.4834434986114502,right_f_best0.743635356426239,i:6
2025-04-26 22:24:27,244 - INFO - 添加左子节点，右子节点，len(queue):6
2025-04-26 22:24:27,244 - INFO - Node 1: k=314.6792589067825, f_best=0.8242564797401428, f_min=-1.8653094215023884
2025-04-26 22:24:27,244 - INFO - Node 2: k=143.17724164067164, f_best=1.5106807947158813, f_min=0.46217770157272753
2025-04-26 22:24:27,244 - INFO - Node 3: k=303.2480924715602, f_best=0.8021671175956726, f_min=-0.029447758391142997
2025-04-26 22:24:27,244 - INFO - Node 4: k=91.88258896862826, f_best=1.5194560289382935, f_min=0.03377495615313819
2025-04-26 22:24:27,244 - INFO - Node 5: k=282.84497090372315, f_best=0.7724689841270447, f_min=0.5902859738534971
2025-04-26 22:24:27,244 - INFO - Node 6: k=125.80448729664927, f_best=1.503063678741455, f_min=0.8486091370223221
2025-04-26 22:24:27,244 - INFO - Node 7: k=175.43753622339716, f_best=0.7643837332725525, f_min=0.11161453379463637
2025-04-26 22:24:27,244 - INFO - Node 8: k=125.08228635813833, f_best=1.5082095861434937, f_min=0.6297752232221683
2025-04-26 22:24:27,244 - INFO - Node 9: k=148.13550602020177, f_best=0.7461760640144348, f_min=-1.3064270743725501
2025-04-26 22:24:27,244 - INFO - Node 10: k=120.8956395398181, f_best=1.4834434986114502, f_min=0.433028615625517
2025-04-26 22:24:27,244 - INFO - Node 11: k=158.15674897163234, f_best=0.743635356426239, f_min=-0.09368009068748506
2025-04-26 22:24:27,244 - INFO - cur_node_number 26,f_best 0.743635356426239,f_min -0.09368009068748506,k 158.15674897163234
2025-04-26 22:24:27,244 - INFO - f_best_current 0.743635356426239,f_min -0.09368009068748506
2025-04-26 22:24:27,244 - INFO - 回退,len(queue)=4
2025-04-26 22:24:33,169 - INFO - tree_node.f_best*ep:0.7461760640144348,left_f_best1.521501064300537,right_f_best0.7890731692314148,i:1
2025-04-26 22:24:39,404 - INFO - tree_node.f_best*ep:0.7461760640144348,left_f_best1.5077353715896606,right_f_best0.7736062407493591,i:2
2025-04-26 22:24:45,671 - INFO - tree_node.f_best*ep:0.7461760640144348,left_f_best1.4827313423156738,right_f_best0.760560929775238,i:3
2025-04-26 22:24:51,903 - INFO - tree_node.f_best*ep:0.7461760640144348,left_f_best1.4921119213104248,right_f_best0.7621800303459167,i:4
2025-04-26 22:24:58,419 - INFO - tree_node.f_best*ep:0.7461760640144348,left_f_best1.4854012727737427,right_f_best0.7448524832725525,i:5
2025-04-26 22:25:18,171 - INFO - 添加左子节点，右子节点，len(queue):6
2025-04-26 22:25:18,171 - INFO - Node 1: k=314.6792589067825, f_best=0.8242564797401428, f_min=-1.8653094215023884
2025-04-26 22:25:18,171 - INFO - Node 2: k=143.17724164067164, f_best=1.5106807947158813, f_min=0.46217770157272753
2025-04-26 22:25:18,171 - INFO - Node 3: k=303.2480924715602, f_best=0.8021671175956726, f_min=-0.029447758391142997
2025-04-26 22:25:18,171 - INFO - Node 4: k=91.88258896862826, f_best=1.5194560289382935, f_min=0.03377495615313819
2025-04-26 22:25:18,171 - INFO - Node 5: k=282.84497090372315, f_best=0.7724689841270447, f_min=0.5902859738534971
2025-04-26 22:25:18,171 - INFO - Node 6: k=125.80448729664927, f_best=1.503063678741455, f_min=0.8486091370223221
2025-04-26 22:25:18,171 - INFO - Node 7: k=175.43753622339716, f_best=0.7643837332725525, f_min=0.11161453379463637
2025-04-26 22:25:18,171 - INFO - Node 8: k=125.08228635813833, f_best=1.5082095861434937, f_min=0.6297752232221683
2025-04-26 22:25:18,171 - INFO - Node 9: k=158.15674897163234, f_best=0.7461760640144348, f_min=-1.3064270743725501
2025-04-26 22:25:18,171 - INFO - Node 10: k=143.17724164067164, f_best=1.4854012727737427, f_min=1.0102337555981649
2025-04-26 22:25:18,171 - INFO - Node 11: k=168.59202399517673, f_best=0.7448524832725525, f_min=0.49355149092298234
2025-04-26 22:25:18,171 - INFO - cur_node_number 27,f_best 0.7448524832725525,f_min 0.49355149092298234,k 168.59202399517673
2025-04-26 22:25:18,171 - INFO - f_best_current 0.7448524832725525,f_min 0.49355149092298234
2025-04-26 22:25:18,171 - INFO - 回退,len(queue)=4
2025-04-26 22:25:24,140 - INFO - tree_node.f_best*ep:0.7461760640144348,left_f_best1.5221470594406128,right_f_best0.8025208115577698,i:1
2025-04-26 22:25:30,272 - INFO - tree_node.f_best*ep:0.7461760640144348,left_f_best1.509475827217102,right_f_best0.7710649371147156,i:2
2025-04-26 22:25:36,525 - INFO - tree_node.f_best*ep:0.7461760640144348,left_f_best1.5081695318222046,right_f_best0.7661295533180237,i:3
2025-04-26 22:25:42,885 - INFO - tree_node.f_best*ep:0.7461760640144348,left_f_best1.4870415925979614,right_f_best0.7628650069236755,i:4
2025-04-26 22:25:49,607 - INFO - tree_node.f_best*ep:0.7461760640144348,left_f_best1.4902774095535278,right_f_best0.7545786499977112,i:5
2025-04-26 22:25:57,002 - INFO - tree_node.f_best*ep:0.7461760640144348,left_f_best1.4845643043518066,right_f_best0.755558431148529,i:6
2025-04-26 22:26:04,766 - INFO - tree_node.f_best*ep:0.7461760640144348,left_f_best1.4720187187194824,right_f_best0.7329147458076477,i:7
2025-04-26 22:26:21,614 - INFO - 添加左子节点，右子节点，len(queue):6
2025-04-26 22:26:21,614 - INFO - Node 1: k=314.6792589067825, f_best=0.8242564797401428, f_min=-1.8653094215023884
2025-04-26 22:26:21,614 - INFO - Node 2: k=143.17724164067164, f_best=1.5106807947158813, f_min=0.46217770157272753
2025-04-26 22:26:21,614 - INFO - Node 3: k=303.2480924715602, f_best=0.8021671175956726, f_min=-0.029447758391142997
2025-04-26 22:26:21,614 - INFO - Node 4: k=91.88258896862826, f_best=1.5194560289382935, f_min=0.03377495615313819
2025-04-26 22:26:21,614 - INFO - Node 5: k=282.84497090372315, f_best=0.7724689841270447, f_min=0.5902859738534971
2025-04-26 22:26:21,614 - INFO - Node 6: k=125.80448729664927, f_best=1.503063678741455, f_min=0.8486091370223221
2025-04-26 22:26:21,614 - INFO - Node 7: k=175.43753622339716, f_best=0.7643837332725525, f_min=0.11161453379463637
2025-04-26 22:26:21,614 - INFO - Node 8: k=125.08228635813833, f_best=1.5082095861434937, f_min=0.6297752232221683
2025-04-26 22:26:21,614 - INFO - Node 9: k=168.59202399517673, f_best=0.7461760640144348, f_min=-1.3064270743725501
2025-04-26 22:26:21,614 - INFO - Node 10: k=113.88916119149573, f_best=1.4720187187194824, f_min=0.41567990547446243
2025-04-26 22:26:21,614 - INFO - Node 11: k=104.57095709400974, f_best=0.7329147458076477, f_min=-0.6665792099502141
2025-04-26 22:26:21,614 - INFO - cur_node_number 28,f_best 0.7329147458076477,f_min -0.6665792099502141,k 104.57095709400974
2025-04-26 22:26:21,614 - INFO - f_best_current 0.7329147458076477,f_min -0.6665792099502141
2025-04-26 22:26:27,189 - INFO - tree_node.f_best*ep:0.7329147458076477,left_f_best1.5335910320281982,right_f_best0.8033564686775208,i:1
2025-04-26 22:26:33,640 - INFO - tree_node.f_best*ep:0.7329147458076477,left_f_best1.5082480907440186,right_f_best0.7801576256752014,i:2
2025-04-26 22:26:39,942 - INFO - tree_node.f_best*ep:0.7329147458076477,left_f_best1.4970756769180298,right_f_best0.7689647078514099,i:3
2025-04-26 22:26:46,756 - INFO - tree_node.f_best*ep:0.7329147458076477,left_f_best1.484916090965271,right_f_best0.7628006339073181,i:4
2025-04-26 22:26:53,936 - INFO - tree_node.f_best*ep:0.7329147458076477,left_f_best1.485225796699524,right_f_best0.7511976361274719,i:5
2025-04-26 22:27:00,900 - INFO - tree_node.f_best*ep:0.7329147458076477,left_f_best1.4807329177856445,right_f_best0.7384857535362244,i:6
2025-04-26 22:27:08,118 - INFO - tree_node.f_best*ep:0.7329147458076477,left_f_best1.4841455221176147,right_f_best0.7477115988731384,i:7
2025-04-26 22:27:15,681 - INFO - tree_node.f_best*ep:0.7329147458076477,left_f_best1.4634348154067993,right_f_best0.7380749583244324,i:8
2025-04-26 22:27:23,375 - INFO - tree_node.f_best*ep:0.7329147458076477,left_f_best1.4697352647781372,right_f_best0.7374404072761536,i:9
2025-04-26 22:27:31,177 - INFO - tree_node.f_best*ep:0.7329147458076477,left_f_best1.4682613611221313,right_f_best0.7341604828834534,i:10
2025-04-26 22:27:39,414 - INFO - tree_node.f_best*ep:0.7329147458076477,left_f_best1.4576866626739502,right_f_best0.7379242777824402,i:11
2025-04-26 22:27:47,816 - INFO - tree_node.f_best*ep:0.7329147458076477,left_f_best1.4499611854553223,right_f_best0.7329147458076477,i:12
2025-04-26 22:28:07,454 - INFO - 添加左子节点，右子节点，len(queue):7
2025-04-26 22:28:07,455 - INFO - Node 1: k=314.6792589067825, f_best=0.8242564797401428, f_min=-1.8653094215023884
2025-04-26 22:28:07,455 - INFO - Node 2: k=143.17724164067164, f_best=1.5106807947158813, f_min=0.46217770157272753
2025-04-26 22:28:07,455 - INFO - Node 3: k=303.2480924715602, f_best=0.8021671175956726, f_min=-0.029447758391142997
2025-04-26 22:28:07,455 - INFO - Node 4: k=91.88258896862826, f_best=1.5194560289382935, f_min=0.03377495615313819
2025-04-26 22:28:07,455 - INFO - Node 5: k=282.84497090372315, f_best=0.7724689841270447, f_min=0.5902859738534971
2025-04-26 22:28:07,455 - INFO - Node 6: k=125.80448729664927, f_best=1.503063678741455, f_min=0.8486091370223221
2025-04-26 22:28:07,455 - INFO - Node 7: k=175.43753622339716, f_best=0.7643837332725525, f_min=0.11161453379463637
2025-04-26 22:28:07,455 - INFO - Node 8: k=125.08228635813833, f_best=1.5082095861434937, f_min=0.6297752232221683
2025-04-26 22:28:07,455 - INFO - Node 9: k=168.59202399517673, f_best=0.7461760640144348, f_min=-1.3064270743725501
2025-04-26 22:28:07,455 - INFO - Node 10: k=113.88916119149573, f_best=1.4720187187194824, f_min=0.41567990547446243
2025-04-26 22:28:07,455 - INFO - Node 11: k=104.57095709400974, f_best=0.7329147458076477, f_min=-0.6665792099502141
2025-04-26 22:28:07,455 - INFO - Node 12: k=173.7005309142546, f_best=1.4499611854553223, f_min=0.7216233682520397
2025-04-26 22:28:07,455 - INFO - Node 13: k=178.96383070148747, f_best=0.7329147458076477, f_min=0.4830215018537274
2025-04-26 22:28:07,456 - INFO - cur_node_number 29,f_best 0.7329147458076477,f_min 0.4830215018537274,k 178.96383070148747
2025-04-26 22:28:07,456 - INFO - f_best_current 0.7329147458076477,f_min 0.4830215018537274
2025-04-26 22:28:07,456 - INFO - 回退,len(queue)=5
2025-04-26 22:28:07,456 - INFO - 回退,len(queue)=4
2025-04-26 22:28:07,456 - INFO - 回退,len(queue)=3
2025-04-26 22:28:12,877 - INFO - tree_node.f_best*ep:0.7643837332725525,left_f_best1.5231187343597412,right_f_best0.7865719199180603,i:1
2025-04-26 22:28:18,604 - INFO - tree_node.f_best*ep:0.7643837332725525,left_f_best1.5062025785446167,right_f_best0.7735282778739929,i:2
2025-04-26 22:28:24,760 - INFO - tree_node.f_best*ep:0.7643837332725525,left_f_best1.5146204233169556,right_f_best0.758891761302948,i:3
2025-04-26 22:28:41,735 - INFO - 添加左子节点，右子节点，len(queue):5
2025-04-26 22:28:41,735 - INFO - Node 1: k=314.6792589067825, f_best=0.8242564797401428, f_min=-1.8653094215023884
2025-04-26 22:28:41,735 - INFO - Node 2: k=143.17724164067164, f_best=1.5106807947158813, f_min=0.46217770157272753
2025-04-26 22:28:41,735 - INFO - Node 3: k=303.2480924715602, f_best=0.8021671175956726, f_min=-0.029447758391142997
2025-04-26 22:28:41,735 - INFO - Node 4: k=91.88258896862826, f_best=1.5194560289382935, f_min=0.03377495615313819
2025-04-26 22:28:41,735 - INFO - Node 5: k=282.84497090372315, f_best=0.7724689841270447, f_min=0.5902859738534971
2025-04-26 22:28:41,735 - INFO - Node 6: k=125.80448729664927, f_best=1.503063678741455, f_min=0.8486091370223221
2025-04-26 22:28:41,735 - INFO - Node 7: k=178.96383070148747, f_best=0.7643837332725525, f_min=0.11161453379463637
2025-04-26 22:28:41,735 - INFO - Node 8: k=116.17833333144479, f_best=1.5146204233169556, f_min=-0.11706041215620644
2025-04-26 22:28:41,736 - INFO - Node 9: k=116.66650681028362, f_best=0.758891761302948, f_min=-0.30479786472915293
2025-04-26 22:28:41,736 - INFO - cur_node_number 30,f_best 0.758891761302948,f_min -0.30479786472915293,k 116.66650681028362
2025-04-26 22:28:41,736 - INFO - f_best_current 0.758891761302948,f_min -0.30479786472915293
2025-04-26 22:28:47,284 - INFO - tree_node.f_best*ep:0.758891761302948,left_f_best1.531216025352478,right_f_best0.7955633997917175,i:1
2025-04-26 22:28:52,946 - INFO - tree_node.f_best*ep:0.758891761302948,left_f_best1.5051213502883911,right_f_best0.7774445414543152,i:2
2025-04-26 22:28:58,892 - INFO - tree_node.f_best*ep:0.758891761302948,left_f_best1.4943106174468994,right_f_best0.7695233225822449,i:3
2025-04-26 22:29:05,093 - INFO - tree_node.f_best*ep:0.758891761302948,left_f_best1.484079122543335,right_f_best0.7545735239982605,i:4
2025-04-26 22:29:23,147 - INFO - 添加左子节点，右子节点，len(queue):6
2025-04-26 22:29:23,147 - INFO - Node 1: k=314.6792589067825, f_best=0.8242564797401428, f_min=-1.8653094215023884
2025-04-26 22:29:23,147 - INFO - Node 2: k=143.17724164067164, f_best=1.5106807947158813, f_min=0.46217770157272753
2025-04-26 22:29:23,147 - INFO - Node 3: k=303.2480924715602, f_best=0.8021671175956726, f_min=-0.029447758391142997
2025-04-26 22:29:23,147 - INFO - Node 4: k=91.88258896862826, f_best=1.5194560289382935, f_min=0.03377495615313819
2025-04-26 22:29:23,148 - INFO - Node 5: k=282.84497090372315, f_best=0.7724689841270447, f_min=0.5902859738534971
2025-04-26 22:29:23,148 - INFO - Node 6: k=125.80448729664927, f_best=1.503063678741455, f_min=0.8486091370223221
2025-04-26 22:29:23,148 - INFO - Node 7: k=178.96383070148747, f_best=0.7643837332725525, f_min=0.11161453379463637
2025-04-26 22:29:23,148 - INFO - Node 8: k=116.17833333144479, f_best=1.5146204233169556, f_min=-0.11706041215620644
2025-04-26 22:29:23,148 - INFO - Node 9: k=116.66650681028362, f_best=0.758891761302948, f_min=-0.30479786472915293
2025-04-26 22:29:23,148 - INFO - Node 10: k=160.40952603558432, f_best=1.484079122543335, f_min=-1.4338964327234862
2025-04-26 22:29:23,148 - INFO - Node 11: k=150.4807199099421, f_best=0.7545735239982605, f_min=0.3663657733277432
2025-04-26 22:29:23,148 - INFO - cur_node_number 31,f_best 0.7545735239982605,f_min 0.3663657733277432,k 150.4807199099421
2025-04-26 22:29:23,148 - INFO - f_best_current 0.7545735239982605,f_min 0.3663657733277432
2025-04-26 22:29:23,148 - INFO - 回退,len(queue)=4
2025-04-26 22:29:28,658 - INFO - tree_node.f_best*ep:0.758891761302948,left_f_best1.503109097480774,right_f_best0.7784165740013123,i:1
2025-04-26 22:29:34,441 - INFO - tree_node.f_best*ep:0.758891761302948,left_f_best1.499010682106018,right_f_best0.7847183346748352,i:2
2025-04-26 22:29:40,561 - INFO - tree_node.f_best*ep:0.758891761302948,left_f_best1.4851574897766113,right_f_best0.7758163809776306,i:3
2025-04-26 22:29:46,973 - INFO - tree_node.f_best*ep:0.758891761302948,left_f_best1.4772961139678955,right_f_best0.7478899359703064,i:4
2025-04-26 22:30:05,610 - INFO - 添加左子节点，右子节点，len(queue):6
2025-04-26 22:30:05,610 - INFO - Node 1: k=314.6792589067825, f_best=0.8242564797401428, f_min=-1.8653094215023884
2025-04-26 22:30:05,610 - INFO - Node 2: k=143.17724164067164, f_best=1.5106807947158813, f_min=0.46217770157272753
2025-04-26 22:30:05,610 - INFO - Node 3: k=303.2480924715602, f_best=0.8021671175956726, f_min=-0.029447758391142997
2025-04-26 22:30:05,610 - INFO - Node 4: k=91.88258896862826, f_best=1.5194560289382935, f_min=0.03377495615313819
2025-04-26 22:30:05,610 - INFO - Node 5: k=282.84497090372315, f_best=0.7724689841270447, f_min=0.5902859738534971
2025-04-26 22:30:05,610 - INFO - Node 6: k=125.80448729664927, f_best=1.503063678741455, f_min=0.8486091370223221
2025-04-26 22:30:05,610 - INFO - Node 7: k=178.96383070148747, f_best=0.7643837332725525, f_min=0.11161453379463637
2025-04-26 22:30:05,610 - INFO - Node 8: k=116.17833333144479, f_best=1.5146204233169556, f_min=-0.11706041215620644
2025-04-26 22:30:05,610 - INFO - Node 9: k=150.4807199099421, f_best=0.758891761302948, f_min=-0.30479786472915293
2025-04-26 22:30:05,610 - INFO - Node 10: k=150.4807199099421, f_best=1.4772961139678955, f_min=1.3433624958925066
2025-04-26 22:30:05,611 - INFO - Node 11: k=138.16866100821971, f_best=0.7478899359703064, f_min=0.5866128743791705
2025-04-26 22:30:05,611 - INFO - cur_node_number 32,f_best 0.7478899359703064,f_min 0.5866128743791705,k 138.16866100821971
2025-04-26 22:30:05,611 - INFO - f_best_current 0.7478899359703064,f_min 0.5866128743791705
2025-04-26 22:30:10,883 - INFO - tree_node.f_best*ep:0.7478899359703064,left_f_best1.5336748361587524,right_f_best0.7747959494590759,i:1
2025-04-26 22:30:16,573 - INFO - tree_node.f_best*ep:0.7478899359703064,left_f_best1.5196017026901245,right_f_best0.7629000544548035,i:2
2025-04-26 22:30:23,075 - INFO - tree_node.f_best*ep:0.7478899359703064,left_f_best1.5049817562103271,right_f_best0.7738279700279236,i:3
2025-04-26 22:30:30,203 - INFO - tree_node.f_best*ep:0.7478899359703064,left_f_best1.5032644271850586,right_f_best0.7525946497917175,i:4
2025-04-26 22:30:37,992 - INFO - tree_node.f_best*ep:0.7478899359703064,left_f_best1.4786826372146606,right_f_best0.7604170441627502,i:5
2025-04-26 22:30:46,335 - INFO - tree_node.f_best*ep:0.7478899359703064,left_f_best1.479936957359314,right_f_best0.7377042174339294,i:6
2025-04-26 22:31:10,292 - INFO - 添加左子节点，右子节点，len(queue):7
2025-04-26 22:31:10,292 - INFO - Node 1: k=314.6792589067825, f_best=0.8242564797401428, f_min=-1.8653094215023884
2025-04-26 22:31:10,292 - INFO - Node 2: k=143.17724164067164, f_best=1.5106807947158813, f_min=0.46217770157272753
2025-04-26 22:31:10,292 - INFO - Node 3: k=303.2480924715602, f_best=0.8021671175956726, f_min=-0.029447758391142997
2025-04-26 22:31:10,293 - INFO - Node 4: k=91.88258896862826, f_best=1.5194560289382935, f_min=0.03377495615313819
2025-04-26 22:31:10,293 - INFO - Node 5: k=282.84497090372315, f_best=0.7724689841270447, f_min=0.5902859738534971
2025-04-26 22:31:10,293 - INFO - Node 6: k=125.80448729664927, f_best=1.503063678741455, f_min=0.8486091370223221
2025-04-26 22:31:10,293 - INFO - Node 7: k=178.96383070148747, f_best=0.7643837332725525, f_min=0.11161453379463637
2025-04-26 22:31:10,293 - INFO - Node 8: k=116.17833333144479, f_best=1.5146204233169556, f_min=-0.11706041215620644
2025-04-26 22:31:10,293 - INFO - Node 9: k=150.4807199099421, f_best=0.758891761302948, f_min=-0.30479786472915293
2025-04-26 22:31:10,293 - INFO - Node 10: k=150.4807199099421, f_best=1.4772961139678955, f_min=1.3433624958925066
2025-04-26 22:31:10,293 - INFO - Node 11: k=138.16866100821971, f_best=0.7478899359703064, f_min=0.5866128743791705
2025-04-26 22:31:10,294 - INFO - Node 12: k=181.79710459238723, f_best=1.479936957359314, f_min=-0.8961693379897042
2025-04-26 22:31:10,294 - INFO - Node 13: k=185.45122639469423, f_best=0.7377042174339294, f_min=0.7196469440877991
2025-04-26 22:31:10,294 - INFO - cur_node_number 33,f_best 0.7377042174339294,f_min 0.7196469440877991,k 185.45122639469423
2025-04-26 22:31:10,294 - INFO - f_best_current 0.7377042174339294,f_min 0.7196469440877991
2025-04-26 22:31:10,294 - INFO - 回退,len(queue)=5
2025-04-26 22:31:10,294 - INFO - 回退,len(queue)=4
2025-04-26 22:31:10,294 - INFO - 回退,len(queue)=3
2025-04-26 22:31:17,359 - INFO - tree_node.f_best*ep:0.7643837332725525,left_f_best1.526636004447937,right_f_best0.7866454720497131,i:1
2025-04-26 22:31:24,715 - INFO - tree_node.f_best*ep:0.7643837332725525,left_f_best1.5196759700775146,right_f_best0.7731370329856873,i:2
2025-04-26 22:31:32,494 - INFO - tree_node.f_best*ep:0.7643837332725525,left_f_best1.493821144104004,right_f_best0.7668573260307312,i:3
2025-04-26 22:31:40,618 - INFO - tree_node.f_best*ep:0.7643837332725525,left_f_best1.4933208227157593,right_f_best0.7547536492347717,i:4
2025-04-26 22:32:04,903 - INFO - 添加左子节点，右子节点，len(queue):5
2025-04-26 22:32:04,904 - INFO - Node 1: k=314.6792589067825, f_best=0.8242564797401428, f_min=-1.8653094215023884
2025-04-26 22:32:04,904 - INFO - Node 2: k=143.17724164067164, f_best=1.5106807947158813, f_min=0.46217770157272753
2025-04-26 22:32:04,904 - INFO - Node 3: k=303.2480924715602, f_best=0.8021671175956726, f_min=-0.029447758391142997
2025-04-26 22:32:04,904 - INFO - Node 4: k=91.88258896862826, f_best=1.5194560289382935, f_min=0.03377495615313819
2025-04-26 22:32:04,904 - INFO - Node 5: k=282.84497090372315, f_best=0.7724689841270447, f_min=0.5902859738534971
2025-04-26 22:32:04,904 - INFO - Node 6: k=125.80448729664927, f_best=1.503063678741455, f_min=0.8486091370223221
2025-04-26 22:32:04,904 - INFO - Node 7: k=185.45122639469423, f_best=0.7643837332725525, f_min=0.11161453379463637
2025-04-26 22:32:04,905 - INFO - Node 8: k=171.9807236774798, f_best=1.4933208227157593, f_min=1.2626981117218747
2025-04-26 22:32:04,905 - INFO - Node 9: k=182.56100369858737, f_best=0.7547536492347717, f_min=0.5804017375830881
2025-04-26 22:32:04,905 - INFO - cur_node_number 34,f_best 0.7547536492347717,f_min 0.5804017375830881,k 182.56100369858737
2025-04-26 22:32:04,905 - INFO - f_best_current 0.7547536492347717,f_min 0.5804017375830881
2025-04-26 22:32:12,100 - INFO - tree_node.f_best*ep:0.7547536492347717,left_f_best1.5378144979476929,right_f_best0.8123267292976379,i:1
2025-04-26 22:32:19,481 - INFO - tree_node.f_best*ep:0.7547536492347717,left_f_best1.4909659624099731,right_f_best0.7791885733604431,i:2
2025-04-26 22:32:27,146 - INFO - tree_node.f_best*ep:0.7547536492347717,left_f_best1.4977672100067139,right_f_best0.7667918801307678,i:3
2025-04-26 22:32:35,298 - INFO - tree_node.f_best*ep:0.7547536492347717,left_f_best1.4791737794876099,right_f_best0.7618241906166077,i:4
2025-04-26 22:32:43,892 - INFO - tree_node.f_best*ep:0.7547536492347717,left_f_best1.4830036163330078,right_f_best0.7604789137840271,i:5
2025-04-26 22:32:52,856 - INFO - tree_node.f_best*ep:0.7547536492347717,left_f_best1.472496747970581,right_f_best0.745966374874115,i:6
2025-04-26 22:33:14,627 - INFO - 添加左子节点，右子节点，len(queue):6
2025-04-26 22:33:14,627 - INFO - Node 1: k=314.6792589067825, f_best=0.8242564797401428, f_min=-1.8653094215023884
2025-04-26 22:33:14,627 - INFO - Node 2: k=143.17724164067164, f_best=1.5106807947158813, f_min=0.46217770157272753
2025-04-26 22:33:14,627 - INFO - Node 3: k=303.2480924715602, f_best=0.8021671175956726, f_min=-0.029447758391142997
2025-04-26 22:33:14,627 - INFO - Node 4: k=91.88258896862826, f_best=1.5194560289382935, f_min=0.03377495615313819
2025-04-26 22:33:14,628 - INFO - Node 5: k=282.84497090372315, f_best=0.7724689841270447, f_min=0.5902859738534971
2025-04-26 22:33:14,628 - INFO - Node 6: k=125.80448729664927, f_best=1.503063678741455, f_min=0.8486091370223221
2025-04-26 22:33:14,628 - INFO - Node 7: k=185.45122639469423, f_best=0.7643837332725525, f_min=0.11161453379463637
2025-04-26 22:33:14,628 - INFO - Node 8: k=171.9807236774798, f_best=1.4933208227157593, f_min=1.2626981117218747
2025-04-26 22:33:14,628 - INFO - Node 9: k=182.56100369858737, f_best=0.7547536492347717, f_min=0.5804017375830881
2025-04-26 22:33:14,628 - INFO - Node 10: k=162.94905662222178, f_best=1.472496747970581, f_min=1.1199526891141431
2025-04-26 22:33:14,628 - INFO - Node 11: k=114.36771572422667, f_best=0.745966374874115, f_min=-1.0075575417358777
2025-04-26 22:33:14,628 - INFO - cur_node_number 35,f_best 0.745966374874115,f_min -1.0075575417358777,k 114.36771572422667
2025-04-26 22:33:14,628 - INFO - f_best_current 0.745966374874115,f_min -1.0075575417358777
2025-04-26 22:33:21,859 - INFO - tree_node.f_best*ep:0.745966374874115,left_f_best1.5045274496078491,right_f_best0.8032150864601135,i:1
2025-04-26 22:33:29,252 - INFO - tree_node.f_best*ep:0.745966374874115,left_f_best1.5063302516937256,right_f_best0.7776939272880554,i:2
2025-04-26 22:33:36,959 - INFO - tree_node.f_best*ep:0.745966374874115,left_f_best1.4727721214294434,right_f_best0.7630853056907654,i:3
2025-04-26 22:33:44,564 - INFO - tree_node.f_best*ep:0.745966374874115,left_f_best1.4852521419525146,right_f_best0.7686304450035095,i:4
2025-04-26 22:33:52,225 - INFO - tree_node.f_best*ep:0.745966374874115,left_f_best1.4888691902160645,right_f_best0.7485433220863342,i:5
2025-04-26 22:33:59,871 - INFO - tree_node.f_best*ep:0.745966374874115,left_f_best1.4747167825698853,right_f_best0.747352659702301,i:6
2025-04-26 22:34:07,302 - INFO - tree_node.f_best*ep:0.745966374874115,left_f_best1.4688762426376343,right_f_best0.7374724745750427,i:7
2025-04-26 22:34:26,820 - INFO - 添加左子节点，右子节点，len(queue):7
2025-04-26 22:34:26,820 - INFO - Node 1: k=314.6792589067825, f_best=0.8242564797401428, f_min=-1.8653094215023884
2025-04-26 22:34:26,820 - INFO - Node 2: k=143.17724164067164, f_best=1.5106807947158813, f_min=0.46217770157272753
2025-04-26 22:34:26,820 - INFO - Node 3: k=303.2480924715602, f_best=0.8021671175956726, f_min=-0.029447758391142997
2025-04-26 22:34:26,820 - INFO - Node 4: k=91.88258896862826, f_best=1.5194560289382935, f_min=0.03377495615313819
2025-04-26 22:34:26,820 - INFO - Node 5: k=282.84497090372315, f_best=0.7724689841270447, f_min=0.5902859738534971
2025-04-26 22:34:26,820 - INFO - Node 6: k=125.80448729664927, f_best=1.503063678741455, f_min=0.8486091370223221
2025-04-26 22:34:26,820 - INFO - Node 7: k=185.45122639469423, f_best=0.7643837332725525, f_min=0.11161453379463637
2025-04-26 22:34:26,821 - INFO - Node 8: k=171.9807236774798, f_best=1.4933208227157593, f_min=1.2626981117218747
2025-04-26 22:34:26,821 - INFO - Node 9: k=182.56100369858737, f_best=0.7547536492347717, f_min=0.5804017375830881
2025-04-26 22:34:26,821 - INFO - Node 10: k=162.94905662222178, f_best=1.472496747970581, f_min=1.1199526891141431
2025-04-26 22:34:26,821 - INFO - Node 11: k=114.36771572422667, f_best=0.745966374874115, f_min=-1.0075575417358777
2025-04-26 22:34:26,821 - INFO - Node 12: k=169.56544174680104, f_best=1.4688762426376343, f_min=-0.5208985232829946
2025-04-26 22:34:26,821 - INFO - Node 13: k=135.44619253820184, f_best=0.7374724745750427, f_min=-0.09329992899893114
2025-04-26 22:34:26,821 - INFO - cur_node_number 36,f_best 0.7374724745750427,f_min -0.09329992899893114,k 135.44619253820184
2025-04-26 22:34:26,821 - INFO - f_best_current 0.7374724745750427,f_min -0.09329992899893114
2025-04-26 22:34:26,821 - INFO - 回退,len(queue)=5
2025-04-26 22:34:32,886 - INFO - tree_node.f_best*ep:0.745966374874115,left_f_best1.5498454570770264,right_f_best0.7903124690055847,i:1
2025-04-26 22:34:39,178 - INFO - tree_node.f_best*ep:0.745966374874115,left_f_best1.5062421560287476,right_f_best0.7657560706138611,i:2
2025-04-26 22:34:45,698 - INFO - tree_node.f_best*ep:0.745966374874115,left_f_best1.494221568107605,right_f_best0.7554647326469421,i:3
2025-04-26 22:34:52,680 - INFO - tree_node.f_best*ep:0.745966374874115,left_f_best1.494331955909729,right_f_best0.7537104487419128,i:4
2025-04-26 22:34:59,870 - INFO - tree_node.f_best*ep:0.745966374874115,left_f_best1.4841187000274658,right_f_best0.7450236678123474,i:5
2025-04-26 22:35:17,585 - INFO - 添加左子节点，右子节点，len(queue):7
2025-04-26 22:35:17,585 - INFO - Node 1: k=314.6792589067825, f_best=0.8242564797401428, f_min=-1.8653094215023884
2025-04-26 22:35:17,585 - INFO - Node 2: k=143.17724164067164, f_best=1.5106807947158813, f_min=0.46217770157272753
2025-04-26 22:35:17,586 - INFO - Node 3: k=303.2480924715602, f_best=0.8021671175956726, f_min=-0.029447758391142997
2025-04-26 22:35:17,586 - INFO - Node 4: k=91.88258896862826, f_best=1.5194560289382935, f_min=0.03377495615313819
2025-04-26 22:35:17,586 - INFO - Node 5: k=282.84497090372315, f_best=0.7724689841270447, f_min=0.5902859738534971
2025-04-26 22:35:17,586 - INFO - Node 6: k=125.80448729664927, f_best=1.503063678741455, f_min=0.8486091370223221
2025-04-26 22:35:17,586 - INFO - Node 7: k=185.45122639469423, f_best=0.7643837332725525, f_min=0.11161453379463637
2025-04-26 22:35:17,586 - INFO - Node 8: k=171.9807236774798, f_best=1.4933208227157593, f_min=1.2626981117218747
2025-04-26 22:35:17,586 - INFO - Node 9: k=182.56100369858737, f_best=0.7547536492347717, f_min=0.5804017375830881
2025-04-26 22:35:17,586 - INFO - Node 10: k=162.94905662222178, f_best=1.472496747970581, f_min=1.1199526891141431
2025-04-26 22:35:17,586 - INFO - Node 11: k=135.44619253820184, f_best=0.745966374874115, f_min=-1.0075575417358777
2025-04-26 22:35:17,586 - INFO - Node 12: k=144.60901405707835, f_best=1.4841187000274658, f_min=0.5779777137586279
2025-04-26 22:35:17,587 - INFO - Node 13: k=106.67283333159935, f_best=0.7450236678123474, f_min=-0.8743936913660946
2025-04-26 22:35:17,587 - INFO - cur_node_number 37,f_best 0.7450236678123474,f_min -0.8743936913660946,k 106.67283333159935
2025-04-26 22:35:17,587 - INFO - f_best_current 0.7450236678123474,f_min -0.8743936913660946
2025-04-26 22:35:23,697 - INFO - tree_node.f_best*ep:0.7450236678123474,left_f_best1.5278352499008179,right_f_best0.8064700961112976,i:1
2025-04-26 22:35:30,013 - INFO - tree_node.f_best*ep:0.7450236678123474,left_f_best1.5100607872009277,right_f_best0.7770485281944275,i:2
2025-04-26 22:35:36,665 - INFO - tree_node.f_best*ep:0.7450236678123474,left_f_best1.4829970598220825,right_f_best0.7571765780448914,i:3
2025-04-26 22:35:43,655 - INFO - tree_node.f_best*ep:0.7450236678123474,left_f_best1.4946352243423462,right_f_best0.775225818157196,i:4
2025-04-26 22:35:50,894 - INFO - tree_node.f_best*ep:0.7450236678123474,left_f_best1.4801443815231323,right_f_best0.7721156477928162,i:5
2025-04-26 22:35:58,396 - INFO - tree_node.f_best*ep:0.7450236678123474,left_f_best1.4835623502731323,right_f_best0.7407035231590271,i:6
2025-04-26 22:36:15,228 - INFO - 添加左子节点，右子节点，len(queue):8
2025-04-26 22:36:15,228 - INFO - Node 1: k=314.6792589067825, f_best=0.8242564797401428, f_min=-1.8653094215023884
2025-04-26 22:36:15,228 - INFO - Node 2: k=143.17724164067164, f_best=1.5106807947158813, f_min=0.46217770157272753
2025-04-26 22:36:15,229 - INFO - Node 3: k=303.2480924715602, f_best=0.8021671175956726, f_min=-0.029447758391142997
2025-04-26 22:36:15,229 - INFO - Node 4: k=91.88258896862826, f_best=1.5194560289382935, f_min=0.03377495615313819
2025-04-26 22:36:15,229 - INFO - Node 5: k=282.84497090372315, f_best=0.7724689841270447, f_min=0.5902859738534971
2025-04-26 22:36:15,229 - INFO - Node 6: k=125.80448729664927, f_best=1.503063678741455, f_min=0.8486091370223221
2025-04-26 22:36:15,229 - INFO - Node 7: k=185.45122639469423, f_best=0.7643837332725525, f_min=0.11161453379463637
2025-04-26 22:36:15,229 - INFO - Node 8: k=171.9807236774798, f_best=1.4933208227157593, f_min=1.2626981117218747
2025-04-26 22:36:15,229 - INFO - Node 9: k=182.56100369858737, f_best=0.7547536492347717, f_min=0.5804017375830881
2025-04-26 22:36:15,229 - INFO - Node 10: k=162.94905662222178, f_best=1.472496747970581, f_min=1.1199526891141431
2025-04-26 22:36:15,229 - INFO - Node 11: k=135.44619253820184, f_best=0.745966374874115, f_min=-1.0075575417358777
2025-04-26 22:36:15,229 - INFO - Node 12: k=144.60901405707835, f_best=1.4841187000274658, f_min=0.5779777137586279
2025-04-26 22:36:15,229 - INFO - Node 13: k=106.67283333159935, f_best=0.7450236678123474, f_min=-0.8743936913660946
2025-04-26 22:36:15,229 - INFO - Node 14: k=156.5908405659726, f_best=1.4835623502731323, f_min=1.4146101626729433
2025-04-26 22:36:15,229 - INFO - Node 15: k=78.35942549900965, f_best=0.7407035231590271, f_min=0.7350357593272747
2025-04-26 22:36:15,229 - INFO - cur_node_number 38,f_best 0.7407035231590271,f_min 0.7350357593272747,k 78.35942549900965
2025-04-26 22:36:15,230 - INFO - f_best_current 0.7407035231590271,f_min 0.7350357593272747
2025-04-26 22:36:15,230 - INFO - 结束,fmin= 0.7350357593272747, fbestmin=0.7407035231590271
