2025-04-26 19:36:55,236 - INFO - Namespace(log_file='outputs/dnn1/img[4]/max/DNN1img4_label4.log', image_path='img[4].png', model_path='network/SimpleNN14.pth', label=4, init_epsilon=0.05, epsilon=0.01, ep=1, min=0)
2025-04-26 19:36:55,247 - INFO - Model output max(1): torch.return_types.max(
values=tensor([11.6986], grad_fn=<MaxBackward0>),
indices=tensor([4]))
2025-04-26 19:36:59,190 - INFO - cur_node_number 1,f_best -13.437259674072266,f_min -20.37446058077694,k 543.76575939092
2025-04-26 19:36:59,190 - INFO - f_best_current -13.437259674072266,f_min -20.37446058077694
2025-04-26 19:37:05,116 - INFO - tree_node.f_best*ep:-13.437259674072266,left_f_best-12.919806480407715,right_f_best-13.437417984008789,i:1
2025-04-26 19:37:25,717 - INFO - 添加左子节点，右子节点，len(queue):2
2025-04-26 19:37:25,717 - INFO - Node 1: k=543.76575939092, f_best=-13.437259674072266, f_min=-20.37446058077694
2025-04-26 19:37:25,717 - INFO - Node 2: k=163.63375750889958, f_best=-12.919806480407715, f_min=-12.988886126388934
2025-04-26 19:37:25,717 - INFO - Node 3: k=152.6241599881199, f_best=-13.437417984008789, f_min=-13.631635956880928
2025-04-26 19:37:25,718 - INFO - cur_node_number 2,f_best -13.437417984008789,f_min -13.631635956880928,k 152.6241599881199
2025-04-26 19:37:25,718 - INFO - f_best_current -13.437417984008789,f_min -13.631635956880928
2025-04-26 19:37:31,994 - INFO - tree_node.f_best*ep:-13.437417984008789,left_f_best-12.945467948913574,right_f_best-13.424297332763672,i:1
2025-04-26 19:37:38,855 - INFO - tree_node.f_best*ep:-13.437417984008789,left_f_best-12.944665908813477,right_f_best-13.438030242919922,i:2
2025-04-26 19:37:57,684 - INFO - 添加左子节点，右子节点，len(queue):3
2025-04-26 19:37:57,684 - INFO - Node 1: k=543.76575939092, f_best=-13.437259674072266, f_min=-20.37446058077694
2025-04-26 19:37:57,684 - INFO - Node 2: k=163.63375750889958, f_best=-12.919806480407715, f_min=-12.988886126388934
2025-04-26 19:37:57,684 - INFO - Node 3: k=152.6241599881199, f_best=-13.437417984008789, f_min=-13.631635956880928
2025-04-26 19:37:57,684 - INFO - Node 4: k=71.64714333830503, f_best=-12.944665908813477, f_min=-14.253858823415612
2025-04-26 19:37:57,684 - INFO - Node 5: k=142.3553096054298, f_best=-13.438030242919922, f_min=-13.952032135432091
2025-04-26 19:37:57,685 - INFO - cur_node_number 3,f_best -13.438030242919922,f_min -13.952032135432091,k 142.3553096054298
2025-04-26 19:37:57,685 - INFO - f_best_current -13.438030242919922,f_min -13.952032135432091
2025-04-26 19:38:04,158 - INFO - tree_node.f_best*ep:-13.438030242919922,left_f_best-12.923617362976074,right_f_best-13.441160202026367,i:1
2025-04-26 19:38:24,193 - INFO - 添加左子节点，右子节点，len(queue):4
2025-04-26 19:38:24,193 - INFO - Node 1: k=543.76575939092, f_best=-13.437259674072266, f_min=-20.37446058077694
2025-04-26 19:38:24,193 - INFO - Node 2: k=163.63375750889958, f_best=-12.919806480407715, f_min=-12.988886126388934
2025-04-26 19:38:24,193 - INFO - Node 3: k=152.6241599881199, f_best=-13.437417984008789, f_min=-13.631635956880928
2025-04-26 19:38:24,193 - INFO - Node 4: k=71.64714333830503, f_best=-12.944665908813477, f_min=-14.253858823415612
2025-04-26 19:38:24,193 - INFO - Node 5: k=142.3553096054298, f_best=-13.438030242919922, f_min=-13.952032135432091
2025-04-26 19:38:24,193 - INFO - Node 6: k=113.23536210319472, f_best=-12.923617362976074, f_min=-13.122479672089867
2025-04-26 19:38:24,194 - INFO - Node 7: k=128.8724047170763, f_best=-13.441160202026367, f_min=-14.710995211450609
2025-04-26 19:38:24,194 - INFO - cur_node_number 4,f_best -13.441160202026367,f_min -14.710995211450609,k 128.8724047170763
2025-04-26 19:38:24,194 - INFO - f_best_current -13.441160202026367,f_min -14.710995211450609
2025-04-26 19:38:30,783 - INFO - tree_node.f_best*ep:-13.441160202026367,left_f_best-12.922781944274902,right_f_best-13.436187744140625,i:1
2025-04-26 19:38:37,730 - INFO - tree_node.f_best*ep:-13.441160202026367,left_f_best-12.961772918701172,right_f_best-13.472392082214355,i:2
2025-04-26 19:39:00,071 - INFO - 添加左子节点，右子节点，len(queue):5
2025-04-26 19:39:00,071 - INFO - Node 1: k=543.76575939092, f_best=-13.437259674072266, f_min=-20.37446058077694
2025-04-26 19:39:00,071 - INFO - Node 2: k=163.63375750889958, f_best=-12.919806480407715, f_min=-12.988886126388934
2025-04-26 19:39:00,072 - INFO - Node 3: k=152.6241599881199, f_best=-13.437417984008789, f_min=-13.631635956880928
2025-04-26 19:39:00,072 - INFO - Node 4: k=71.64714333830503, f_best=-12.944665908813477, f_min=-14.253858823415612
2025-04-26 19:39:00,072 - INFO - Node 5: k=142.3553096054298, f_best=-13.438030242919922, f_min=-13.952032135432091
2025-04-26 19:39:00,072 - INFO - Node 6: k=113.23536210319472, f_best=-12.923617362976074, f_min=-13.122479672089867
2025-04-26 19:39:00,072 - INFO - Node 7: k=128.8724047170763, f_best=-13.441160202026367, f_min=-14.710995211450609
2025-04-26 19:39:00,072 - INFO - Node 8: k=177.19191158563115, f_best=-12.961772918701172, f_min=-13.440216991823036
2025-04-26 19:39:00,072 - INFO - Node 9: k=134.10514112693252, f_best=-13.472392082214355, f_min=-15.286329379161543
2025-04-26 19:39:00,073 - INFO - cur_node_number 5,f_best -13.472392082214355,f_min -15.286329379161543,k 134.10514112693252
2025-04-26 19:39:00,073 - INFO - f_best_current -13.472392082214355,f_min -15.286329379161543
2025-04-26 19:39:00,073 - INFO - 回退,len(queue)=3
2025-04-26 19:39:06,585 - INFO - tree_node.f_best*ep:-13.441160202026367,left_f_best-12.924057960510254,right_f_best-13.431914329528809,i:1
2025-04-26 19:39:13,519 - INFO - tree_node.f_best*ep:-13.441160202026367,left_f_best-12.933524131774902,right_f_best-13.465394020080566,i:2
2025-04-26 19:39:32,530 - INFO - 添加左子节点，右子节点，len(queue):5
2025-04-26 19:39:32,530 - INFO - Node 1: k=543.76575939092, f_best=-13.437259674072266, f_min=-20.37446058077694
2025-04-26 19:39:32,530 - INFO - Node 2: k=163.63375750889958, f_best=-12.919806480407715, f_min=-12.988886126388934
2025-04-26 19:39:32,530 - INFO - Node 3: k=152.6241599881199, f_best=-13.437417984008789, f_min=-13.631635956880928
2025-04-26 19:39:32,530 - INFO - Node 4: k=71.64714333830503, f_best=-12.944665908813477, f_min=-14.253858823415612
2025-04-26 19:39:32,530 - INFO - Node 5: k=142.3553096054298, f_best=-13.438030242919922, f_min=-13.952032135432091
2025-04-26 19:39:32,530 - INFO - Node 6: k=113.23536210319472, f_best=-12.923617362976074, f_min=-13.122479672089867
2025-04-26 19:39:32,531 - INFO - Node 7: k=134.10514112693252, f_best=-13.441160202026367, f_min=-14.710995211450609
2025-04-26 19:39:32,531 - INFO - Node 8: k=99.4956775951478, f_best=-12.933524131774902, f_min=-13.37687656782964
2025-04-26 19:39:32,531 - INFO - Node 9: k=121.40363481947345, f_best=-13.465394020080566, f_min=-15.232076478468116
2025-04-26 19:39:32,531 - INFO - cur_node_number 6,f_best -13.465394020080566,f_min -15.232076478468116,k 121.40363481947345
2025-04-26 19:39:32,531 - INFO - f_best_current -13.465394020080566,f_min -15.232076478468116
2025-04-26 19:39:39,249 - INFO - tree_node.f_best*ep:-13.465394020080566,left_f_best-12.924859046936035,right_f_best-13.436173439025879,i:1
2025-04-26 19:39:46,255 - INFO - tree_node.f_best*ep:-13.465394020080566,left_f_best-12.94953727722168,right_f_best-13.454174041748047,i:2
2025-04-26 19:39:53,448 - INFO - tree_node.f_best*ep:-13.465394020080566,left_f_best-12.934366226196289,right_f_best-13.46175479888916,i:3
2025-04-26 19:40:00,956 - INFO - tree_node.f_best*ep:-13.465394020080566,left_f_best-12.962428092956543,right_f_best-13.474699020385742,i:4
2025-04-26 19:40:20,442 - INFO - 添加左子节点，右子节点，len(queue):6
2025-04-26 19:40:20,442 - INFO - Node 1: k=543.76575939092, f_best=-13.437259674072266, f_min=-20.37446058077694
2025-04-26 19:40:20,442 - INFO - Node 2: k=163.63375750889958, f_best=-12.919806480407715, f_min=-12.988886126388934
2025-04-26 19:40:20,442 - INFO - Node 3: k=152.6241599881199, f_best=-13.437417984008789, f_min=-13.631635956880928
2025-04-26 19:40:20,442 - INFO - Node 4: k=71.64714333830503, f_best=-12.944665908813477, f_min=-14.253858823415612
2025-04-26 19:40:20,442 - INFO - Node 5: k=142.3553096054298, f_best=-13.438030242919922, f_min=-13.952032135432091
2025-04-26 19:40:20,442 - INFO - Node 6: k=113.23536210319472, f_best=-12.923617362976074, f_min=-13.122479672089867
2025-04-26 19:40:20,443 - INFO - Node 7: k=134.10514112693252, f_best=-13.441160202026367, f_min=-14.710995211450609
2025-04-26 19:40:20,443 - INFO - Node 8: k=99.4956775951478, f_best=-12.933524131774902, f_min=-13.37687656782964
2025-04-26 19:40:20,443 - INFO - Node 9: k=121.40363481947345, f_best=-13.465394020080566, f_min=-15.232076478468116
2025-04-26 19:40:20,443 - INFO - Node 10: k=143.7788627014841, f_best=-12.962428092956543, f_min=-13.223622695188169
2025-04-26 19:40:20,443 - INFO - Node 11: k=90.97286036497847, f_best=-13.474699020385742, f_min=-14.20486161889312
2025-04-26 19:40:20,443 - INFO - cur_node_number 7,f_best -13.474699020385742,f_min -14.20486161889312,k 90.97286036497847
2025-04-26 19:40:20,443 - INFO - f_best_current -13.474699020385742,f_min -14.20486161889312
2025-04-26 19:40:27,039 - INFO - tree_node.f_best*ep:-13.474699020385742,left_f_best-12.942893981933594,right_f_best-13.44897174835205,i:1
2025-04-26 19:40:33,955 - INFO - tree_node.f_best*ep:-13.474699020385742,left_f_best-12.947288513183594,right_f_best-13.45278263092041,i:2
2025-04-26 19:40:41,318 - INFO - tree_node.f_best*ep:-13.474699020385742,left_f_best-12.948379516601562,right_f_best-13.45691204071045,i:3
2025-04-26 19:40:48,917 - INFO - tree_node.f_best*ep:-13.474699020385742,left_f_best-12.955901145935059,right_f_best-13.472492218017578,i:4
2025-04-26 19:40:56,926 - INFO - tree_node.f_best*ep:-13.474699020385742,left_f_best-12.971267700195312,right_f_best-13.47058391571045,i:5
2025-04-26 19:41:05,366 - INFO - tree_node.f_best*ep:-13.474699020385742,left_f_best-12.950116157531738,right_f_best-13.474609375,i:6
2025-04-26 19:41:14,034 - INFO - tree_node.f_best*ep:-13.474699020385742,left_f_best-12.973220825195312,right_f_best-13.486027717590332,i:7
2025-04-26 19:41:38,157 - INFO - 添加左子节点，右子节点，len(queue):7
2025-04-26 19:41:38,157 - INFO - Node 1: k=543.76575939092, f_best=-13.437259674072266, f_min=-20.37446058077694
2025-04-26 19:41:38,157 - INFO - Node 2: k=163.63375750889958, f_best=-12.919806480407715, f_min=-12.988886126388934
2025-04-26 19:41:38,158 - INFO - Node 3: k=152.6241599881199, f_best=-13.437417984008789, f_min=-13.631635956880928
2025-04-26 19:41:38,158 - INFO - Node 4: k=71.64714333830503, f_best=-12.944665908813477, f_min=-14.253858823415612
2025-04-26 19:41:38,158 - INFO - Node 5: k=142.3553096054298, f_best=-13.438030242919922, f_min=-13.952032135432091
2025-04-26 19:41:38,158 - INFO - Node 6: k=113.23536210319472, f_best=-12.923617362976074, f_min=-13.122479672089867
2025-04-26 19:41:38,158 - INFO - Node 7: k=134.10514112693252, f_best=-13.441160202026367, f_min=-14.710995211450609
2025-04-26 19:41:38,158 - INFO - Node 8: k=99.4956775951478, f_best=-12.933524131774902, f_min=-13.37687656782964
2025-04-26 19:41:38,158 - INFO - Node 9: k=121.40363481947345, f_best=-13.465394020080566, f_min=-15.232076478468116
2025-04-26 19:41:38,158 - INFO - Node 10: k=143.7788627014841, f_best=-12.962428092956543, f_min=-13.223622695188169
2025-04-26 19:41:38,158 - INFO - Node 11: k=90.97286036497847, f_best=-13.474699020385742, f_min=-14.20486161889312
2025-04-26 19:41:38,159 - INFO - Node 12: k=132.77736745240844, f_best=-12.973220825195312, f_min=-13.309153226185117
2025-04-26 19:41:38,159 - INFO - Node 13: k=199.66428111162017, f_best=-13.486027717590332, f_min=-13.490776606671716
2025-04-26 19:41:38,159 - INFO - cur_node_number 8,f_best -13.486027717590332,f_min -13.490776606671716,k 199.66428111162017
2025-04-26 19:41:38,159 - INFO - f_best_current -13.486027717590332,f_min -13.490776606671716
2025-04-26 19:41:38,159 - INFO - 结束,fmin= -13.490776606671716, fbestmin=-13.486027717590332
